2018-08-08 05:59:22,733 [MainThread  ] [INFO ]  atlod in=raw/2017-12-26_0034.C3132,raw/2017-12-26_0322.C3132,raw/2017-12-26_0609.C3132,raw/2017-12-26_0856.C3132,raw/2017-12-26_1143.C3132 out=data9.uv ifsel=2 options=birdie,rfiflag,noauto,xycorr

atlod: Revision 1.53, 2016/08/25 23:02:21 UTC

Processing file raw/2017-12-26_0034.C3132
 00:34:59 CAOBS> track 1
CABB data detected
Scan 1 started at 17DEC26:00:35:16.0
Source: 1934-638
Flagging channels in  28 frequency ranges
 00:45:34 CAOBS> stop
 00:45:43 CAOBS> set file c3132_obs_b5
 00:45:55 CAOBS> start 7/99
Scan 2 started at 17DEC26:00:47:48.0
Source: 2312-319
Scan 3 started at 17DEC26:00:50:36.0
Source: b_1021
Source: b_1022
Source: b_1023
Source: b_1024
Source: b_1025
Source: b_1026
Source: b_1027
Source: b_1028
Source: b_1029
Source: b_1030
Source: b_1031
Source: b_1032
Source: b_1033
Source: b_1034
Source: b_1035
Source: b_1036
Source: b_1037
Source: b_1038
Source: b_1039
Source: b_1040
Scan 4 started at 17DEC26:01:03:56.0
Source: 2312-319
Scan 5 started at 17DEC26:01:06:44.0
Source: b_1041
Source: b_1042
Source: b_1043
Source: b_1044
Source: b_1045
Source: b_1046
Source: b_1047
Source: b_1048
Source: b_1049
Source: b_1050
Source: b_1051
Source: b_1052
Source: b_1053
Source: b_1054
Source: b_1055
Source: b_1056
Source: b_1057
Source: b_1058
Source: b_1059
Source: b_1060
Scan 6 started at 17DEC26:01:20:04.0
Source: 2312-319
Scan 7 started at 17DEC26:01:22:52.0
Source: b_1061
Source: b_1062
Source: b_1063
Source: b_1064
Source: b_1065
Source: b_1066
Source: b_1067
Source: b_1068
Source: b_1069
Source: b_1070
Source: b_1071
Source: b_1072
Source: b_1073
Source: b_1074
Source: b_1075
Source: b_1076
Source: b_1077
Source: b_1078
Source: b_1079
Source: b_1080
Scan 8 started at 17DEC26:01:36:12.0
Source: 2312-319
Scan 9 started at 17DEC26:01:39:00.0
Source: b_1081
Source: b_1082
Source: b_1083
Source: b_1084
Source: b_1085
Source: b_1086
Source: b_1087
Source: b_1088
Source: b_1089
Source: b_1090
Source: b_1091
Source: b_1092
Source: b_1093
Source: b_1094
Source: b_1095
Source: b_1096
Source: b_1097
Source: b_1098
Source: b_1099
Source: b_1100
Scan 10 started at 17DEC26:01:52:20.0
Source: 2312-319
Scan 11 started at 17DEC26:01:55:08.0
Source: b_1101
Source: b_1102
Source: b_1103
Source: b_1104
Source: b_1105
Source: b_1106
Source: b_1107
Source: b_1108
Source: b_1109
Source: b_1110
Source: b_1111
Source: b_1112
Source: b_1113
Source: b_1114
Source: b_1115
Source: b_1116
Source: b_1117
Source: b_1118
Source: b_1119
Source: b_1120
Scan 12 started at 17DEC26:02:08:28.0
Source: 2312-319
Scan 13 started at 17DEC26:02:11:16.0
Source: b_1121
Source: b_1122
Source: b_1123
Source: b_1124
Source: b_1125
Source: b_1126
Source: b_1127
Source: b_1128
Source: b_1129
Source: b_1130
Source: b_1131
Source: b_1132
Source: b_1133
Source: b_1134
Source: b_1135
Source: b_1136
Source: b_1137
Source: b_1138
Source: b_1139
Source: b_1140
Scan 14 started at 17DEC26:02:24:36.0
Source: 2312-319
Scan 15 started at 17DEC26:02:27:24.0
Source: b_1141
Source: b_1142
Source: b_1143
Source: b_1144
Source: b_1145
Source: b_1146
Source: b_1147
Source: b_1148
Source: b_1149
Source: b_1150
Source: b_1151
Source: b_1152
Source: b_1153
Source: b_1154
Source: b_1155
Source: b_1156
Source: b_1157
Source: b_1158
Source: b_1159
Source: b_1160
Scan 16 started at 17DEC26:02:40:44.0
Source: 2312-319
Scan 17 started at 17DEC26:02:43:32.0
Source: b_1161
Source: b_1162
Source: b_1163
Source: b_1164
Source: b_1165
Source: b_1166
Source: b_1167
Source: b_1168
Source: b_1169
Source: b_1170
Source: b_1171
Source: b_1172
Source: b_1173
Source: b_1174
Source: b_1175
Source: b_1176
Source: b_1177
Source: b_1178
Source: b_1179
Source: b_1180
Scan 18 started at 17DEC26:02:56:52.0
Source: 2312-319
Scan 19 started at 17DEC26:02:59:40.0
Source: b_1181
Source: b_1182
Source: b_1183
Source: b_1184
Source: b_1185
Source: b_1186
Source: b_1187
Source: b_1188
Source: b_1189
Source: b_1190
Source: b_1191
Source: b_1192
Source: b_1193
Source: b_1194
Source: b_1195
Source: b_1196
Source: b_1197
Source: b_1198
Source: b_1199
Source: b_1200
Scan 20 started at 17DEC26:03:13:00.0
Source: 2312-319
Scan 21 started at 17DEC26:03:15:48.0
Source: b_961
Source: b_962
Source: b_963
Source: b_964
Source: b_965
Source: b_966
Source: b_967
Source: b_968
Source: b_969
Source: b_970
Source: b_971
RPFITS file version is 2.12
---------------------------------------
Total number of spectra selected: 72660

Summary of spectra flagged
Flagging Reason            Fraction
---------------            --------
Antenna off-source/off-line  4.29%
---------------------------------------
Processing file raw/2017-12-26_0322.C3132
CABB data detected
Scan 1 started at 17DEC26:03:22:28.0
Source: b_971
Source: b_972
Source: b_973
Source: b_974
Source: b_975
Source: b_976
Source: b_977
Source: b_978
Source: b_979
Source: b_980
Scan 2 started at 17DEC26:03:29:08.0
Source: 2312-319
Scan 3 started at 17DEC26:03:31:56.0
Source: b_981
Source: b_982
Source: b_983
Source: b_984
Source: b_985
Source: b_986
Source: b_987
Source: b_988
Source: b_989
Source: b_990
Source: b_991
Source: b_992
Source: b_993
Source: b_994
Source: b_995
Source: b_996
Source: b_997
Source: b_998
Source: b_999
Source: b_1000
Scan 4 started at 17DEC26:03:45:16.0
Source: 2312-319
Scan 5 started at 17DEC26:03:48:04.0
Source: b_1001
Source: b_1002
Source: b_1003
Source: b_1004
Source: b_1005
Source: b_1006
Source: b_1007
Source: b_1008
Source: b_1009
Source: b_1010
Source: b_1011
Source: b_1012
Source: b_1013
Source: b_1014
Source: b_1015
Source: b_1016
Source: b_1017
Source: b_1018
Source: b_1019
Source: b_1020
Scan 6 started at 17DEC26:04:01:24.0
Source: 2312-319
Scan 7 started at 17DEC26:04:04:12.0
Source: b_1021
Source: b_1022
Source: b_1023
Source: b_1024
Source: b_1025
Source: b_1026
Source: b_1027
Source: b_1028
Source: b_1029
Source: b_1030
Source: b_1031
Source: b_1032
Source: b_1033
Source: b_1034
Source: b_1035
Source: b_1036
Source: b_1037
Source: b_1038
Source: b_1039
Source: b_1040
Scan 8 started at 17DEC26:04:17:32.0
Source: 2312-319
Scan 9 started at 17DEC26:04:20:20.0
Source: b_1041
Source: b_1042
Source: b_1043
Source: b_1044
Source: b_1045
Source: b_1046
Source: b_1047
Source: b_1048
Source: b_1049
Source: b_1050
Source: b_1051
Source: b_1052
Source: b_1053
Source: b_1054
Source: b_1055
Source: b_1056
Source: b_1057
Source: b_1058
Source: b_1059
Source: b_1060
Scan 10 started at 17DEC26:04:33:40.0
Source: 2312-319
Scan 11 started at 17DEC26:04:36:28.0
Source: b_1061
Source: b_1062
Source: b_1063
Source: b_1064
Source: b_1065
Source: b_1066
Source: b_1067
Source: b_1068
Source: b_1069
Source: b_1070
Source: b_1071
Source: b_1072
Source: b_1073
Source: b_1074
Source: b_1075
Source: b_1076
Source: b_1077
Source: b_1078
Source: b_1079
Source: b_1080
Scan 12 started at 17DEC26:04:49:48.0
Source: 2312-319
Scan 13 started at 17DEC26:04:52:36.0
Source: b_1081
Source: b_1082
Source: b_1083
Source: b_1084
Source: b_1085
Source: b_1086
Source: b_1087
Source: b_1088
Source: b_1089
Source: b_1090
Source: b_1091
Source: b_1092
Source: b_1093
Source: b_1094
Source: b_1095
Source: b_1096
Source: b_1097
Source: b_1098
Source: b_1099
Source: b_1100
Scan 14 started at 17DEC26:05:05:56.0
Source: 2312-319
Scan 15 started at 17DEC26:05:08:44.0
Source: b_1101
Source: b_1102
Source: b_1103
Source: b_1104
Source: b_1105
Source: b_1106
Source: b_1107
Source: b_1108
Source: b_1109
Source: b_1110
Source: b_1111
Source: b_1112
Source: b_1113
Source: b_1114
Source: b_1115
Source: b_1116
Source: b_1117
Source: b_1118
Source: b_1119
Source: b_1120
Scan 16 started at 17DEC26:05:22:04.0
Source: 2312-319
Scan 17 started at 17DEC26:05:24:52.0
Source: b_1121
Source: b_1122
Source: b_1123
Source: b_1124
Source: b_1125
Source: b_1126
Source: b_1127
Source: b_1128
Source: b_1129
Source: b_1130
Source: b_1131
Source: b_1132
Source: b_1133
Source: b_1134
Source: b_1135
Source: b_1136
Source: b_1137
Source: b_1138
Source: b_1139
Source: b_1140
Scan 18 started at 17DEC26:05:38:12.0
Source: 2312-319
Scan 19 started at 17DEC26:05:41:00.0
Source: b_1141
Source: b_1142
Source: b_1143
Source: b_1144
Source: b_1145
Source: b_1146
Source: b_1147
Source: b_1148
Source: b_1149
Source: b_1150
Source: b_1151
Source: b_1152
Source: b_1153
Source: b_1154
Source: b_1155
Source: b_1156
Source: b_1157
Source: b_1158
Source: b_1159
Source: b_1160
Scan 20 started at 17DEC26:05:54:28.0
Source: 2312-319
Scan 21 started at 17DEC26:05:57:24.0
Source: b_1161
Source: b_1162
Source: b_1163
Source: b_1164
Source: b_1165
Source: b_1166
Source: b_1167
Source: b_1168
Source: b_1169
Source: b_1170
Source: b_1171
Source: b_1172
Source: b_1173
Source: b_1174
Source: b_1175
Source: b_1176
Source: b_1177
Source: b_1178
Source: b_1179
RPFITS file version is 2.12
---------------------------------------
Total number of spectra selected: 72660

Summary of spectra flagged
Flagging Reason            Fraction
---------------            --------
Antenna off-source/off-line  3.50%
---------------------------------------
Processing file raw/2017-12-26_0609.C3132
CABB data detected
Scan 1 started at 17DEC26:06:09:16.0
Source: b_1179
Source: b_1180
Scan 2 started at 17DEC26:06:10:36.0
Source: 2312-319
Scan 3 started at 17DEC26:06:13:32.0
Source: b_1181
Source: b_1182
Source: b_1183
Source: b_1184
Source: b_1185
Source: b_1186
Source: b_1187
Source: b_1188
Source: b_1189
Source: b_1190
Source: b_1191
Source: b_1192
Source: b_1193
Source: b_1194
Source: b_1195
Source: b_1196
Source: b_1197
Source: b_1198
Source: b_1199
Source: b_1200
Scan 4 started at 17DEC26:06:26:52.0
Source: 2312-319
Scan 5 started at 17DEC26:06:30:12.0
Source: b_961
Source: b_962
Source: b_963
Source: b_964
Source: b_965
Source: b_966
Source: b_967
Source: b_968
Source: b_969
Source: b_970
Source: b_971
Source: b_972
Source: b_973
Source: b_974
Source: b_975
Source: b_976
Source: b_977
Source: b_978
Source: b_979
Source: b_980
Scan 6 started at 17DEC26:06:43:24.0
Source: 2312-319
Scan 7 started at 17DEC26:06:47:48.0
Source: b_982
Source: b_983
Source: b_984
Source: b_985
Source: b_986
Source: b_987
Source: b_988
Source: b_989
Source: b_990
Source: b_991
Source: b_992
Source: b_993
Source: b_994
Source: b_995
Source: b_996
Source: b_997
Source: b_999
Source: b_1000
Scan 8 started at 17DEC26:07:03:08.0
Source: 2312-319
Scan 9 started at 17DEC26:07:06:04.0
Source: b_1001
Source: b_1002
Source: b_1003
Source: b_1004
Source: b_1005
Source: b_1006
Source: b_1007
Source: b_1008
Source: b_1009
Source: b_1010
Source: b_1011
Source: b_1012
Source: b_1013
Source: b_1014
Source: b_1015
Source: b_1016
Source: b_1017
Source: b_1018
Source: b_1019
Source: b_1020
Scan 10 started at 17DEC26:07:19:48.0
Source: 2312-319
Scan 11 started at 17DEC26:07:22:52.0
Source: b_1021
Source: b_1022
Source: b_1023
Source: b_1024
Source: b_1025
Source: b_1026
Source: b_1027
Source: b_1028
Source: b_1029
Source: b_1030
Source: b_1031
Source: b_1032
Source: b_1033
Source: b_1034
Source: b_1035
Source: b_1036
Source: b_1037
Source: b_1038
Source: b_1039
Source: b_1040
Scan 12 started at 17DEC26:07:35:56.0
Source: 2312-319
Scan 13 started at 17DEC26:07:38:44.0
Source: b_1041
Source: b_1042
Source: b_1043
Source: b_1044
Source: b_1045
Source: b_1046
Source: b_1047
Source: b_1048
Source: b_1049
Source: b_1050
Source: b_1051
Source: b_1052
Source: b_1053
Source: b_1054
Source: b_1055
Source: b_1056
Source: b_1057
Source: b_1058
Source: b_1059
Source: b_1060
Scan 14 started at 17DEC26:07:52:04.0
Source: 2312-319
Scan 15 started at 17DEC26:07:54:52.0
Source: b_1061
Source: b_1062
Source: b_1063
Source: b_1064
Source: b_1065
Source: b_1066
Source: b_1067
Source: b_1068
Source: b_1069
Source: b_1070
Source: b_1071
Source: b_1072
Source: b_1073
Source: b_1074
Source: b_1075
Source: b_1076
Source: b_1077
Source: b_1078
Source: b_1079
Source: b_1080
Scan 16 started at 17DEC26:08:08:20.0
Source: 2312-319
Scan 17 started at 17DEC26:08:11:08.0
Source: b_1081
Source: b_1082
Source: b_1083
Source: b_1084
Source: b_1085
Source: b_1086
Source: b_1087
Source: b_1088
Source: b_1089
Source: b_1090
Source: b_1091
Source: b_1092
Source: b_1093
Source: b_1094
Source: b_1095
Source: b_1096
Source: b_1097
Source: b_1098
Source: b_1099
Source: b_1100
Scan 18 started at 17DEC26:08:24:28.0
Source: 2312-319
Scan 19 started at 17DEC26:08:27:16.0
Source: b_1101
Source: b_1102
Source: b_1103
Source: b_1104
Source: b_1105
Source: b_1106
Source: b_1107
Source: b_1108
Source: b_1109
Source: b_1110
Source: b_1111
Source: b_1112
Source: b_1113
Source: b_1114
Source: b_1115
Source: b_1116
Source: b_1117
Source: b_1118
Source: b_1119
Source: b_1120
Scan 20 started at 17DEC26:08:40:36.0
Source: 2312-319
Scan 21 started at 17DEC26:08:43:24.0
Source: b_1121
Source: b_1122
Source: b_1123
Source: b_1124
Source: b_1125
Source: b_1126
Source: b_1127
Source: b_1128
Source: b_1129
Source: b_1130
Source: b_1131
Source: b_1132
Source: b_1133
Source: b_1134
Source: b_1135
Source: b_1136
Source: b_1137
Source: b_1138
Source: b_1139
Source: b_1140
RPFITS file version is 2.12
---------------------------------------
Total number of spectra selected: 72660

Summary of spectra flagged
Flagging Reason            Fraction
---------------            --------
Antenna off-source/off-line  10.7%
---------------------------------------
Processing file raw/2017-12-26_0856.C3132
CABB data detected
Scan 1 started at 17DEC26:08:56:04.0
Source: b_1140
Scan 2 started at 17DEC26:08:56:44.0
Source: 2312-319
Scan 3 started at 17DEC26:08:59:32.0
Source: b_1141
Source: b_1142
Source: b_1143
Source: b_1144
Source: b_1145
Source: b_1146
Source: b_1147
Source: b_1148
Source: b_1149
Source: b_1150
Source: b_1151
Source: b_1152
Source: b_1153
Source: b_1154
Source: b_1155
Source: b_1156
Source: b_1157
Source: b_1158
Source: b_1159
Source: b_1160
Scan 4 started at 17DEC26:09:12:52.0
Source: 2312-319
Scan 5 started at 17DEC26:09:15:40.0
Source: b_1161
Source: b_1162
Source: b_1163
Source: b_1164
Source: b_1165
Source: b_1166
Source: b_1167
Source: b_1168
Source: b_1169
Source: b_1170
Source: b_1171
Source: b_1172
Source: b_1173
Source: b_1174
Source: b_1175
Source: b_1176
Source: b_1177
Source: b_1178
Source: b_1179
Source: b_1180
Scan 6 started at 17DEC26:09:29:00.0
Source: 2312-319
Scan 7 started at 17DEC26:09:31:48.0
Source: b_1181
Source: b_1182
Source: b_1183
Source: b_1184
Source: b_1185
Source: b_1186
Source: b_1187
Source: b_1188
Source: b_1189
Source: b_1190
Source: b_1191
Source: b_1192
Source: b_1193
Source: b_1194
Source: b_1195
Source: b_1196
Source: b_1197
Source: b_1198
Source: b_1199
Source: b_1200
Scan 8 started at 17DEC26:09:45:08.0
Source: 2312-319
Scan 9 started at 17DEC26:09:47:48.0
Source: b_961
Source: b_962
Source: b_963
Source: b_964
Source: b_965
Source: b_966
Source: b_967
Source: b_968
Source: b_969
Source: b_970
Source: b_971
Source: b_972
Source: b_973
Source: b_974
Source: b_975
Source: b_976
Source: b_977
Source: b_978
Source: b_979
Source: b_980
Scan 10 started at 17DEC26:10:01:16.0
Source: 2312-319
Scan 11 started at 17DEC26:10:04:04.0
Source: b_981
Source: b_982
Source: b_983
Source: b_984
Source: b_985
Source: b_986
Source: b_987
Source: b_988
Source: b_989
Source: b_990
Source: b_991
Source: b_992
Source: b_993
Source: b_994
Source: b_995
Source: b_996
Source: b_997
Source: b_998
Source: b_999
Source: b_1000
Scan 12 started at 17DEC26:10:17:24.0
Source: 2312-319
Scan 13 started at 17DEC26:10:20:04.0
Source: b_1001
Source: b_1002
Source: b_1003
Source: b_1004
Source: b_1005
Source: b_1006
Source: b_1007
Source: b_1008
Source: b_1009
Source: b_1010
Source: b_1011
Source: b_1012
Source: b_1013
Source: b_1014
Source: b_1015
Source: b_1016
Source: b_1017
Source: b_1018
Source: b_1019
Source: b_1020
Scan 14 started at 17DEC26:10:33:32.0
Source: 2312-319
Scan 15 started at 17DEC26:10:36:20.0
Source: b_1021
Source: b_1022
Source: b_1023
Source: b_1024
Source: b_1025
Source: b_1026
Source: b_1027
Source: b_1028
Source: b_1029
Source: b_1030
Source: b_1031
Source: b_1032
Source: b_1033
Source: b_1034
Source: b_1035
Source: b_1036
Source: b_1037
Source: b_1038
Source: b_1039
Source: b_1040
Scan 16 started at 17DEC26:10:49:40.0
Source: 2312-319
Scan 17 started at 17DEC26:10:52:20.0
Source: b_1041
Source: b_1042
Source: b_1043
Source: b_1044
Source: b_1045
Source: b_1046
Source: b_1047
Source: b_1048
Source: b_1049
Source: b_1050
Source: b_1051
Source: b_1052
Source: b_1053
Source: b_1054
Source: b_1055
Source: b_1056
Source: b_1057
Source: b_1058
Source: b_1059
Source: b_1060
Scan 18 started at 17DEC26:11:05:48.0
Source: 2312-319
Scan 19 started at 17DEC26:11:08:36.0
Source: b_1061
Source: b_1062
Source: b_1063
Source: b_1064
Source: b_1065
Source: b_1066
Source: b_1067
Source: b_1068
Source: b_1069
Source: b_1070
Source: b_1071
Source: b_1072
Source: b_1073
Source: b_1074
Source: b_1075
Source: b_1076
Source: b_1077
Source: b_1078
Source: b_1079
Source: b_1080
Scan 20 started at 17DEC26:11:21:56.0
Source: 2312-319
Scan 21 started at 17DEC26:11:24:44.0
Source: b_1081
Source: b_1082
Source: b_1083
Source: b_1084
Source: b_1085
Source: b_1086
Source: b_1087
Source: b_1088
Source: b_1089
Source: b_1090
Source: b_1091
Source: b_1092
Source: b_1093
Source: b_1094
Source: b_1095
Source: b_1096
Source: b_1097
Source: b_1098
Source: b_1099
Source: b_1100
Scan 22 started at 17DEC26:11:38:04.0
Source: 2312-319
Scan 23 started at 17DEC26:11:40:44.0
Source: b_1101
Source: b_1102
Source: b_1103
Source: b_1104
Source: b_1105
RPFITS file version is 2.12
---------------------------------------
Total number of spectra selected: 72660

Summary of spectra flagged
Flagging Reason            Fraction
---------------            --------
Antenna off-source/off-line  3.33%
---------------------------------------
Processing file raw/2017-12-26_1143.C3132
CABB data detected
Scan 1 started at 17DEC26:11:43:24.0
Source: b_1105
Source: b_1106
Source: b_1107
Source: b_1108
Source: b_1109
Source: b_1110
Source: b_1111
Source: b_1112
Source: b_1113
Source: b_1114
Source: b_1115
Source: b_1116
Source: b_1117
Source: b_1118
Source: b_1119
Source: b_1120
Scan 2 started at 17DEC26:11:54:12.0
Source: 2312-319
Scan 3 started at 17DEC26:11:57:00.0
Source: b_1121
Source: b_1122
Source: b_1123
Source: b_1124
Source: b_1125
Source: b_1126
Source: b_1127
Source: b_1128
Source: b_1129
Source: b_1130
Source: b_1131
Source: b_1132
Source: b_1133
Source: b_1134
Source: b_1135
Source: b_1136
Source: b_1137
Source: b_1138
Source: b_1139
Source: b_1140
Scan 4 started at 17DEC26:12:10:20.0
Source: 2312-319
Scan 5 started at 17DEC26:12:13:00.0
Source: b_1141
Source: b_1142
Source: b_1143
Source: b_1144
Source: b_1145
Source: b_1146
Source: b_1147
Source: b_1148
Source: b_1149
Source: b_1150
Source: b_1151
Source: b_1152
Source: b_1153
Source: b_1154
Source: b_1155
Source: b_1156
Source: b_1157
Source: b_1158
Source: b_1159
Source: b_1160
Scan 6 started at 17DEC26:12:26:28.0
Source: 2312-319
Scan 7 started at 17DEC26:12:29:08.0
Source: b_1161
Source: b_1162
Source: b_1163
 12:30:47 CAOBS> stop
 12:30:49 CAOBS> corr closef
RPFITS file version is 2.12
---------------------------------------
Total number of spectra selected: 20580

Summary of spectra flagged
Flagging Reason            Fraction
---------------            --------
Antenna off-source/off-line  3.15%
---------------------------------------

No CACAL data was detected

2018-08-08 06:00:23,125 [MainThread  ] [INFO ]  uvflag vis=data9.uv line=chan,50,850,1 flagval=flag

uvflag: Revision 1.8, 2014/09/30 14:23:39 UTC


Set flags to indicate bad data in visibility file data9.uv
Linetype channel; select   50 channels; start  850, width    1, step    1

Overview of flagging on visibility file data9.uv
Changed flags set to FALSE (data flagged as bad)
Total number of records selected: 294696; out of 294696 records
Antennas used: 1-6
Counts of correlations within selected channels
channel   Originally    Currently
Good:        14734800.           0.    Changed to bad:    14734800.
Bad:                0.    14734800.

2018-08-08 06:01:15,585 [MainThread  ] [INFO ]  uvsplit vis=data9.uv options=mosaic

uvsplit: Revision 1.18, 2016/05/09 03:06:18 UTC

Creating 1934-638.9500
Creating 2312-319.9500
Creating b.9500

2018-08-08 06:01:27,853 [MainThread  ] [INFO ]  pgflag vis=1934-638.9500 command='<b' stokes=i,q,u,v flagpar=8,5,5,3,6,3 options=nodisp

pgflag: Revision 1.30, 2016/10/05 23:06:50 UTC

Applying changes to dataset
Counts of correlations within selected channels:
 channel  Originally  Currently
 Good:       8237460    8144256    Changed to bad:      93204
 Bad:        1228920    1322124    Changed to good:         0
 14.0% of the data is now flagged

2018-08-08 06:01:36,475 [MainThread  ] [INFO ]  pgflag vis=1934-638.9500 command='<b' stokes=i,v,q,u flagpar=8,2,2,3,6,3  options=nodisp

pgflag: Revision 1.30, 2016/10/05 23:06:50 UTC

Applying changes to dataset
Counts of correlations within selected channels:
 channel  Originally  Currently
 Good:       8144256    8065556    Changed to bad:      78700
 Bad:        1322124    1400824    Changed to good:         0
 14.8% of the data is now flagged

2018-08-08 06:01:45,128 [MainThread  ] [INFO ]  pgflag vis=1934-638.9500 command='<b' stokes=i,v,u,q flagpar=8,2,2,3,6,3  options=nodisp

pgflag: Revision 1.30, 2016/10/05 23:06:50 UTC

Applying changes to dataset
Counts of correlations within selected channels:
 channel  Originally  Currently
 Good:       8065556    7947048    Changed to bad:     118508
 Bad:        1400824    1519332    Changed to good:         0
 16.0% of the data is now flagged

2018-08-08 06:02:41,193 [MainThread  ] [INFO ]  mfcal vis=1934-638.9500 refant=4 interval=0.1
MfCal: $Revision: 1.20 $, $Date: 2017/05/08 02:31:10 $
Selecting parallel-hand polarisations
Reading the data ...
Number correlations accepted: 3973524
Number of frequency bands/settings: 1
Number of polarisations selected: 2
Number of solution intervals: 77
Number of passband solution intervals: 1
Initialising ...
Using post-Aug94 ATCA flux scale for 1934-638.
Using known frequency variation of 1934-638
Generating initial solution estimate ...
Doing solution refinement ...
Iter= 1, Solution Error:  0.454
Iter= 2, Solution Error:  0.007
Iter= 3, Solution Error:  0.000
Saving solution ...

2018-08-08 06:02:42,502 [MainThread  ] [INFO ]  gpcal vis=1934-638.9500 refant=4 interval=0.1 nfbin=2 options=xyvary

gpcal: Revision 1.22, 2016/05/01 22:31:05 UTC

Applying bandpass corrections to 1934-638.9500
Number of antennae: 6
Reading the data ...
Number of solution intervals: 77
Total visibilities read: 1155
Number visibilities accepted: 1155
Using post-Aug94 ATCA flux scale for 1934-638.
Using IQUV =  2.5356,  0.0000,  0.0000,  0.0000 at   9.4680 GHz.
Using post-Aug94 ATCA flux scale for 1934-638.
Using IQUV =  2.6946,  0.0000,  0.0000,  0.0000 at   9.0161 GHz.
Using post-Aug94 ATCA flux scale for 1934-638.
Using IQUV =  2.3857,  0.0000,  0.0000,  0.0000 at   9.9453 GHz.
Iter= 1, Amplit/Phase Solution Error:   0.450
Iter= 1, Polarisation Solution Error:   0.034
Iter= 1, Overall Solution Error:        1.585
Iter= 2, Amplit/Phase Solution Error:   0.002
Iter= 2, Polarisation Solution Error:   0.000
Iter= 2, Overall Solution Error:        0.003
Iter= 3, Amplit/Phase Solution Error:   0.001
Iter= 3, Polarisation Solution Error:   0.000
Iter= 3, Overall Solution Error:        0.001
I flux density:   2.5356
Leakage terms:
 Ant 1:Dx,Dy = ( 0.00205,-0.00519),(-0.00099,-0.00576)
 Ant 2:Dx,Dy = ( 0.00289, 0.00093),(-0.00223, 0.00081)
 Ant 3:Dx,Dy = ( 0.00310, 0.00345),(-0.00944, 0.00368)
 Ant 4:Dx,Dy = ( 0.00314, 0.01608),(-0.00188, 0.01656)
 Ant 5:Dx,Dy = (-0.01697, 0.00241),( 0.01639, 0.00223)
 Ant 6:Dx,Dy = ( 0.00405,-0.01756),(-0.00359,-0.01764)
Solution for freq bin  1
Iter= 1, Amplit/Phase Solution Error:   0.440
Iter= 1, Polarisation Solution Error:   0.034
Iter= 1, Overall Solution Error:        1.564
Iter= 2, Amplit/Phase Solution Error:   0.002
Iter= 2, Polarisation Solution Error:   0.000
Iter= 2, Overall Solution Error:        0.003
Iter= 3, Amplit/Phase Solution Error:   0.001
Iter= 3, Polarisation Solution Error:   0.000
Iter= 3, Overall Solution Error:        0.001
I flux density:   2.6946
Leakage terms:
 Ant 1:Dx,Dy = ( 0.00232,-0.00459),(-0.00178,-0.00525)
 Ant 2:Dx,Dy = ( 0.00313, 0.00214),(-0.00198, 0.00150)
 Ant 3:Dx,Dy = ( 0.00390, 0.00327),(-0.00712, 0.00459)
 Ant 4:Dx,Dy = ( 0.00210, 0.01606),(-0.00077, 0.01650)
 Ant 5:Dx,Dy = (-0.01744, 0.00055),( 0.01636, 0.00046)
 Ant 6:Dx,Dy = ( 0.00525,-0.01750),(-0.00545,-0.01773)
Solution for freq bin  2
Iter= 1, Amplit/Phase Solution Error:   0.461
Iter= 1, Polarisation Solution Error:   0.034
Iter= 1, Overall Solution Error:        1.609
Iter= 2, Amplit/Phase Solution Error:   0.002
Iter= 2, Polarisation Solution Error:   0.000
Iter= 2, Overall Solution Error:        0.003
Iter= 3, Amplit/Phase Solution Error:   0.001
Iter= 3, Polarisation Solution Error:   0.000
Iter= 3, Overall Solution Error:        0.001
I flux density:   2.3857
Leakage terms:
 Ant 1:Dx,Dy = ( 0.00175,-0.00587),(-0.00009,-0.00633)
 Ant 2:Dx,Dy = ( 0.00263,-0.00045),(-0.00251, 0.00005)
 Ant 3:Dx,Dy = ( 0.00221, 0.00366),(-0.01209, 0.00265)
 Ant 4:Dx,Dy = ( 0.00434, 0.01610),(-0.00315, 0.01665)
 Ant 5:Dx,Dy = (-0.01642, 0.00450),( 0.01642, 0.00420)
 Ant 6:Dx,Dy = ( 0.00264,-0.01763),(-0.00144,-0.01753)

2018-08-08 06:02:57,105 [MainThread  ] [INFO ]  pgflag vis=1934-638.9500 command='<b' stokes=i,q,u,v flagpar=8,5,5,3,6,3 options=nodisp

pgflag: Revision 1.30, 2016/10/05 23:06:50 UTC

Applying bandpass corrections to 1934-638.9500
Applying freq. dependent gain corrections to 1934-638.9500
Applying freq. dependent leakage correction to 1934-638.9500
Applying changes to dataset
Counts of correlations within selected channels:
 channel  Originally  Currently
 Good:       7947048    7922232    Changed to bad:      24816
 Bad:        1519332    1544148    Changed to good:         0
 16.3% of the data is now flagged

2018-08-08 06:03:09,905 [MainThread  ] [INFO ]  pgflag vis=1934-638.9500 command='<b' stokes=i,v,q,u flagpar=8,2,2,3,6,3  options=nodisp

pgflag: Revision 1.30, 2016/10/05 23:06:50 UTC

Applying bandpass corrections to 1934-638.9500
Applying freq. dependent gain corrections to 1934-638.9500
Applying freq. dependent leakage correction to 1934-638.9500
Applying changes to dataset
Counts of correlations within selected channels:
 channel  Originally  Currently
 Good:       7922232    7895364    Changed to bad:      26868
 Bad:        1544148    1571016    Changed to good:         0
 16.6% of the data is now flagged

2018-08-08 06:03:22,256 [MainThread  ] [INFO ]  pgflag vis=1934-638.9500 command='<b' stokes=i,v,u,q flagpar=8,2,2,3,6,3  options=nodisp

pgflag: Revision 1.30, 2016/10/05 23:06:50 UTC

Applying bandpass corrections to 1934-638.9500
Applying freq. dependent gain corrections to 1934-638.9500
Applying freq. dependent leakage correction to 1934-638.9500
Applying changes to dataset
Counts of correlations within selected channels:
 channel  Originally  Currently
 Good:       7895364    7872320    Changed to bad:      23044
 Bad:        1571016    1594060    Changed to good:         0
 16.8% of the data is now flagged

2018-08-08 06:04:08,628 [MainThread  ] [INFO ]  mfcal vis=1934-638.9500 refant=4 interval=0.1
MfCal: $Revision: 1.20 $, $Date: 2017/05/08 02:31:10 $
Selecting parallel-hand polarisations
Reading the data ...
Number correlations accepted: 3936160
Number of frequency bands/settings: 1
Number of polarisations selected: 2
Number of solution intervals: 77
Number of passband solution intervals: 1
Initialising ...
Using post-Aug94 ATCA flux scale for 1934-638.
Using known frequency variation of 1934-638
Generating initial solution estimate ...
Doing solution refinement ...
Iter= 1, Solution Error:  0.457
Iter= 2, Solution Error:  0.007
Iter= 3, Solution Error:  0.000
Saving solution ...

2018-08-08 06:04:10,025 [MainThread  ] [INFO ]  gpcal vis=1934-638.9500 refant=4 interval=0.1 nfbin=2 options=xyvary

gpcal: Revision 1.22, 2016/05/01 22:31:05 UTC

Applying bandpass corrections to 1934-638.9500
Number of antennae: 6
Using leakage parameters from input as initial guess
Reading the data ...
Number of solution intervals: 77
Total visibilities read: 1155
Number visibilities accepted: 1155
Using post-Aug94 ATCA flux scale for 1934-638.
Using IQUV =  2.5358,  0.0000,  0.0000,  0.0000 at   9.4675 GHz.
Using post-Aug94 ATCA flux scale for 1934-638.
Using IQUV =  2.6941,  0.0000,  0.0000,  0.0000 at   9.0175 GHz.
Using post-Aug94 ATCA flux scale for 1934-638.
Using IQUV =  2.3866,  0.0000,  0.0000,  0.0000 at   9.9423 GHz.
Iter= 1, Amplit/Phase Solution Error:   0.450
Iter= 1, Polarisation Solution Error:   0.000
Iter= 1, Overall Solution Error:        1.585
Iter= 2, Amplit/Phase Solution Error:   0.002
Iter= 2, Polarisation Solution Error:   0.000
Iter= 2, Overall Solution Error:        0.003
Iter= 3, Amplit/Phase Solution Error:   0.001
Iter= 3, Polarisation Solution Error:   0.000
Iter= 3, Overall Solution Error:        0.001
I flux density:   2.5358
Leakage terms:
 Ant 1:Dx,Dy = ( 0.00208,-0.00520),(-0.00097,-0.00578)
 Ant 2:Dx,Dy = ( 0.00289, 0.00093),(-0.00223, 0.00080)
 Ant 3:Dx,Dy = ( 0.00311, 0.00344),(-0.00944, 0.00369)
 Ant 4:Dx,Dy = ( 0.00317, 0.01608),(-0.00189, 0.01656)
 Ant 5:Dx,Dy = (-0.01699, 0.00246),( 0.01641, 0.00229)
 Ant 6:Dx,Dy = ( 0.00402,-0.01759),(-0.00360,-0.01768)
Solution for freq bin  1
Iter= 1, Amplit/Phase Solution Error:   0.440
Iter= 1, Polarisation Solution Error:   0.003
Iter= 1, Overall Solution Error:        1.565
Iter= 2, Amplit/Phase Solution Error:   0.002
Iter= 2, Polarisation Solution Error:   0.000
Iter= 2, Overall Solution Error:        0.003
Iter= 3, Amplit/Phase Solution Error:   0.001
Iter= 3, Polarisation Solution Error:   0.000
Iter= 3, Overall Solution Error:        0.001
I flux density:   2.6941
Leakage terms:
 Ant 1:Dx,Dy = ( 0.00238,-0.00459),(-0.00174,-0.00528)
 Ant 2:Dx,Dy = ( 0.00313, 0.00214),(-0.00199, 0.00146)
 Ant 3:Dx,Dy = ( 0.00390, 0.00324),(-0.00714, 0.00458)
 Ant 4:Dx,Dy = ( 0.00216, 0.01606),(-0.00077, 0.01650)
 Ant 5:Dx,Dy = (-0.01750, 0.00063),( 0.01638, 0.00056)
 Ant 6:Dx,Dy = ( 0.00521,-0.01754),(-0.00546,-0.01777)
Solution for freq bin  2
Iter= 1, Amplit/Phase Solution Error:   0.461
Iter= 1, Polarisation Solution Error:   0.003
Iter= 1, Overall Solution Error:        1.609
Iter= 2, Amplit/Phase Solution Error:   0.002
Iter= 2, Polarisation Solution Error:   0.000
Iter= 2, Overall Solution Error:        0.003
Iter= 3, Amplit/Phase Solution Error:   0.001
Iter= 3, Polarisation Solution Error:   0.000
Iter= 3, Overall Solution Error:        0.001
I flux density:   2.3866
Leakage terms:
 Ant 1:Dx,Dy = ( 0.00175,-0.00587),(-0.00010,-0.00634)
 Ant 2:Dx,Dy = ( 0.00263,-0.00044),(-0.00251, 0.00006)
 Ant 3:Dx,Dy = ( 0.00221, 0.00366),(-0.01209, 0.00268)
 Ant 4:Dx,Dy = ( 0.00433, 0.01611),(-0.00316, 0.01664)
 Ant 5:Dx,Dy = (-0.01642, 0.00449),( 0.01645, 0.00420)
 Ant 6:Dx,Dy = ( 0.00262,-0.01764),(-0.00146,-0.01755)

2018-08-08 06:04:10,648 [MainThread  ] [INFO ]  gpcopy vis=1934-638.9500 out=2312-319.9500

gpcopy: Revision 1.13, 2015/10/29 01:31:39 UTC

Copying leakage table
Copying gain table
Interpolation tolerance set to (minutes): 720.00
Copying bandpass table

2018-08-08 06:06:47,150 [MainThread  ] [INFO ]  pgflag vis=2312-319.9500 command='<b' stokes=i,q,u,v flagpar=8,5,5,3,6,3 options=nodisp

pgflag: Revision 1.30, 2016/10/05 23:06:50 UTC

Applying bandpass corrections to 2312-319.9500
Applying freq. dependent gain corrections to 2312-319.9500
Applying freq. dependent leakage correction to 2312-319.9500
Applying changes to dataset
Counts of correlations within selected channels:
 channel  Originally  Currently
 Good:      70678120   70137132    Changed to bad:     540988
 Bad:       10544240   11085228    Changed to good:         0
 13.6% of the data is now flagged

2018-08-08 06:09:16,365 [MainThread  ] [INFO ]  pgflag vis=2312-319.9500 command='<b' stokes=i,v,q,u flagpar=8,2,2,3,6,3  options=nodisp

pgflag: Revision 1.30, 2016/10/05 23:06:50 UTC

Applying bandpass corrections to 2312-319.9500
Applying freq. dependent gain corrections to 2312-319.9500
Applying freq. dependent leakage correction to 2312-319.9500
Applying changes to dataset
Counts of correlations within selected channels:
 channel  Originally  Currently
 Good:      70137132   69675872    Changed to bad:     461260
 Bad:       11085228   11546488    Changed to good:         0
 14.2% of the data is now flagged

2018-08-08 06:11:29,964 [MainThread  ] [INFO ]  pgflag vis=2312-319.9500 command='<b' stokes=i,v,u,q flagpar=8,2,2,3,6,3  options=nodisp

pgflag: Revision 1.30, 2016/10/05 23:06:50 UTC

Applying bandpass corrections to 2312-319.9500
Applying freq. dependent gain corrections to 2312-319.9500
Applying freq. dependent leakage correction to 2312-319.9500
Applying changes to dataset
Counts of correlations within selected channels:
 channel  Originally  Currently
 Good:      69675872   69201960    Changed to bad:     473912
 Bad:       11546488   12020400    Changed to good:         0
 14.8% of the data is now flagged

2018-08-08 06:11:34,087 [MainThread  ] [INFO ]  gpcal vis=2312-319.9500 refant=4 interval=0.1 nfbin=2 options=xyvary,qusolve

gpcal: Revision 1.22, 2016/05/01 22:31:05 UTC

Applying bandpass corrections to 2312-319.9500
Number of antennae: 6
Using leakage parameters from input as initial guess
Reading the data ...
Number of solution intervals: 661
Total visibilities read: 9910
Number visibilities accepted: 9910
Iter= 1, Amplit/Phase Solution Error:   1.371
Iter= 1, Polarisation Solution Error:   0.004
Iter= 1, Overall Solution Error:        2.681
Iter= 2, Amplit/Phase Solution Error:   0.004
Iter= 2, Polarisation Solution Error:   0.000
Iter= 2, Overall Solution Error:        0.005
Iter= 3, Amplit/Phase Solution Error:   0.001
Iter= 3, Polarisation Solution Error:   0.000
Iter= 3, Overall Solution Error:        0.001
I flux density:   0.5470
Percent Q:   0.356
Percent U:  -0.203
Leakage terms:
 Ant 1:Dx,Dy = ( 0.00161,-0.00575),(-0.00050,-0.00562)
 Ant 2:Dx,Dy = ( 0.00282, 0.00031),(-0.00186, 0.00114)
 Ant 3:Dx,Dy = ( 0.00312, 0.00306),(-0.00942, 0.00410)
 Ant 4:Dx,Dy = ( 0.00272, 0.01577),(-0.00154, 0.01695)
 Ant 5:Dx,Dy = (-0.01561, 0.00226),( 0.01631, 0.00293)
 Ant 6:Dx,Dy = ( 0.00458,-0.01810),(-0.00375,-0.01707)
Solution for freq bin  1
Iter= 1, Amplit/Phase Solution Error:   1.390
Iter= 1, Polarisation Solution Error:   0.004
Iter= 1, Overall Solution Error:        2.609
Iter= 2, Amplit/Phase Solution Error:   0.004
Iter= 2, Polarisation Solution Error:   0.000
Iter= 2, Overall Solution Error:        0.004
Iter= 3, Amplit/Phase Solution Error:   0.001
Iter= 3, Polarisation Solution Error:   0.000
Iter= 3, Overall Solution Error:        0.001
I flux density:   0.5521
Percent Q:   0.323
Percent U:  -0.041
Leakage terms:
 Ant 1:Dx,Dy = ( 0.00191,-0.00489),(-0.00117,-0.00538)
 Ant 2:Dx,Dy = ( 0.00309, 0.00182),(-0.00163, 0.00176)
 Ant 3:Dx,Dy = ( 0.00405, 0.00334),(-0.00671, 0.00500)
 Ant 4:Dx,Dy = ( 0.00155, 0.01583),(-0.00039, 0.01679)
 Ant 5:Dx,Dy = (-0.01583,-0.00005),( 0.01606, 0.00109)
 Ant 6:Dx,Dy = ( 0.00580,-0.01797),(-0.00559,-0.01734)
Solution for freq bin  2
Iter= 1, Amplit/Phase Solution Error:   1.401
Iter= 1, Polarisation Solution Error:   0.004
Iter= 1, Overall Solution Error:        2.639
Iter= 2, Amplit/Phase Solution Error:   0.006
Iter= 2, Polarisation Solution Error:   0.000
Iter= 2, Overall Solution Error:        0.005
Iter= 3, Amplit/Phase Solution Error:   0.001
Iter= 3, Polarisation Solution Error:   0.000
Iter= 3, Overall Solution Error:        0.001
I flux density:   0.5468
Percent Q:   0.386
Percent U:  -0.350
Leakage terms:
 Ant 1:Dx,Dy = ( 0.00133,-0.00660),( 0.00011,-0.00587)
 Ant 2:Dx,Dy = ( 0.00259,-0.00114),(-0.00208, 0.00056)
 Ant 3:Dx,Dy = ( 0.00224, 0.00280),(-0.01200, 0.00322)
 Ant 4:Dx,Dy = ( 0.00383, 0.01573),(-0.00261, 0.01710)
 Ant 5:Dx,Dy = (-0.01548, 0.00447),( 0.01649, 0.00472)
 Ant 6:Dx,Dy = ( 0.00341,-0.01813),(-0.00197,-0.01687)

2018-08-08 06:13:53,149 [MainThread  ] [INFO ]  pgflag vis=2312-319.9500 command='<b' stokes=i,q,u,v flagpar=8,5,5,3,6,3 options=nodisp

pgflag: Revision 1.30, 2016/10/05 23:06:50 UTC

Applying bandpass corrections to 2312-319.9500
Applying freq. dependent gain corrections to 2312-319.9500
Applying freq. dependent leakage correction to 2312-319.9500
Applying changes to dataset
Counts of correlations within selected channels:
 channel  Originally  Currently
 Good:      69201960   68743604    Changed to bad:     458356
 Bad:       12020400   12478756    Changed to good:         0
 15.4% of the data is now flagged

2018-08-08 06:16:12,645 [MainThread  ] [INFO ]  pgflag vis=2312-319.9500 command='<b' stokes=i,v,q,u flagpar=8,2,2,3,6,3  options=nodisp

pgflag: Revision 1.30, 2016/10/05 23:06:50 UTC

Applying bandpass corrections to 2312-319.9500
Applying freq. dependent gain corrections to 2312-319.9500
Applying freq. dependent leakage correction to 2312-319.9500
Applying changes to dataset
Counts of correlations within selected channels:
 channel  Originally  Currently
 Good:      68743604   68310412    Changed to bad:     433192
 Bad:       12478756   12911948    Changed to good:         0
 15.9% of the data is now flagged

2018-08-08 06:18:42,404 [MainThread  ] [INFO ]  pgflag vis=2312-319.9500 command='<b' stokes=i,v,u,q flagpar=8,2,2,3,6,3  options=nodisp

pgflag: Revision 1.30, 2016/10/05 23:06:50 UTC

Applying bandpass corrections to 2312-319.9500
Applying freq. dependent gain corrections to 2312-319.9500
Applying freq. dependent leakage correction to 2312-319.9500
Applying changes to dataset
Counts of correlations within selected channels:
 channel  Originally  Currently
 Good:      68310412   67879284    Changed to bad:     431128
 Bad:       12911948   13343076    Changed to good:         0
 16.4% of the data is now flagged

2018-08-08 06:18:46,964 [MainThread  ] [INFO ]  gpcal vis=2312-319.9500 refant=4 interval=0.1 nfbin=2 options=xyvary,qusolve

gpcal: Revision 1.22, 2016/05/01 22:31:05 UTC

Applying bandpass corrections to 2312-319.9500
Number of antennae: 6
Using leakage parameters from input as initial guess
Reading the data ...
Number of solution intervals: 661
Total visibilities read: 9910
Number visibilities accepted: 9910
Iter= 1, Amplit/Phase Solution Error:   1.370
Iter= 1, Polarisation Solution Error:   0.004
Iter= 1, Overall Solution Error:        2.680
Iter= 2, Amplit/Phase Solution Error:   0.004
Iter= 2, Polarisation Solution Error:   0.000
Iter= 2, Overall Solution Error:        0.005
Iter= 3, Amplit/Phase Solution Error:   0.001
Iter= 3, Polarisation Solution Error:   0.000
Iter= 3, Overall Solution Error:        0.001
I flux density:   0.5512
Percent Q:   0.356
Percent U:  -0.203
Leakage terms:
 Ant 1:Dx,Dy = ( 0.00161,-0.00577),(-0.00047,-0.00564)
 Ant 2:Dx,Dy = ( 0.00283, 0.00033),(-0.00187, 0.00114)
 Ant 3:Dx,Dy = ( 0.00313, 0.00306),(-0.00942, 0.00413)
 Ant 4:Dx,Dy = ( 0.00271, 0.01578),(-0.00157, 0.01693)
 Ant 5:Dx,Dy = (-0.01561, 0.00229),( 0.01630, 0.00294)
 Ant 6:Dx,Dy = ( 0.00457,-0.01811),(-0.00376,-0.01707)
Solution for freq bin  1
Iter= 1, Amplit/Phase Solution Error:   1.390
Iter= 1, Polarisation Solution Error:   0.003
Iter= 1, Overall Solution Error:        2.605
Iter= 2, Amplit/Phase Solution Error:   0.004
Iter= 2, Polarisation Solution Error:   0.000
Iter= 2, Overall Solution Error:        0.004
Iter= 3, Amplit/Phase Solution Error:   0.001
Iter= 3, Polarisation Solution Error:   0.000
Iter= 3, Overall Solution Error:        0.001
I flux density:   0.5562
Percent Q:   0.327
Percent U:  -0.041
Leakage terms:
 Ant 1:Dx,Dy = ( 0.00188,-0.00491),(-0.00113,-0.00542)
 Ant 2:Dx,Dy = ( 0.00306, 0.00186),(-0.00166, 0.00174)
 Ant 3:Dx,Dy = ( 0.00405, 0.00329),(-0.00674, 0.00500)
 Ant 4:Dx,Dy = ( 0.00153, 0.01585),(-0.00045, 0.01680)
 Ant 5:Dx,Dy = (-0.01587,-0.00000),( 0.01601, 0.00112)
 Ant 6:Dx,Dy = ( 0.00575,-0.01797),(-0.00562,-0.01736)
Solution for freq bin  2
Iter= 1, Amplit/Phase Solution Error:   1.400
Iter= 1, Polarisation Solution Error:   0.004
Iter= 1, Overall Solution Error:        2.639
Iter= 2, Amplit/Phase Solution Error:   0.006
Iter= 2, Polarisation Solution Error:   0.000
Iter= 2, Overall Solution Error:        0.006
Iter= 3, Amplit/Phase Solution Error:   0.001
Iter= 3, Polarisation Solution Error:   0.000
Iter= 3, Overall Solution Error:        0.001
I flux density:   0.5509
Percent Q:   0.387
Percent U:  -0.348
Leakage terms:
 Ant 1:Dx,Dy = ( 0.00132,-0.00661),( 0.00011,-0.00587)
 Ant 2:Dx,Dy = ( 0.00260,-0.00114),(-0.00208, 0.00058)
 Ant 3:Dx,Dy = ( 0.00224, 0.00283),(-0.01198, 0.00328)
 Ant 4:Dx,Dy = ( 0.00379, 0.01573),(-0.00263, 0.01706)
 Ant 5:Dx,Dy = (-0.01548, 0.00446),( 0.01648, 0.00468)
 Ant 6:Dx,Dy = ( 0.00342,-0.01813),(-0.00201,-0.01687)

2018-08-08 06:18:46,989 [MainThread  ] [INFO ]  gpboot vis=2312-319.9500 cal=1934-638.9500

gpboot: Revision 1.9, 2015/10/29 01:31:30 UTC

Secondary flux density scaled by:   0.986
Frequency bin  1 scaled by      :   0.987
Frequency bin  2 scaled by      :   0.988

2018-08-08 06:20:06,326 [MainThread  ] [INFO ]  gpcopy vis=2312-319.9500 out=b.9500

gpcopy: Revision 1.13, 2015/10/29 01:31:39 UTC

Copying leakage table
Copying gain table
Interpolation tolerance set to (minutes): 720.00
Copying bandpass table

2018-08-08 06:37:10,378 [MainThread  ] [INFO ]  pgflag vis=b.9500 command='<b' stokes=i,v,q,u flagpar=8,2,2,3,6,3  options=nodisp

pgflag: Revision 1.30, 2016/10/05 23:06:50 UTC

Applying bandpass corrections to b.9500
Applying freq. dependent gain corrections to b.9500
Applying freq. dependent leakage correction to b.9500
Applying changes to dataset
Counts of correlations within selected channels:
 channel  Originally  Currently
 Good:     446527388  432564552    Changed to bad:   13962836
 Bad:       66615976   80578812    Changed to good:         0
 15.7% of the data is now flagged

2018-08-08 06:53:43,827 [MainThread  ] [INFO ]  pgflag vis=b.9500 command='<b' stokes=i,v,u,q flagpar=8,2,2,3,6,3  options=nodisp

pgflag: Revision 1.30, 2016/10/05 23:06:50 UTC

Applying bandpass corrections to b.9500
Applying freq. dependent gain corrections to b.9500
Applying freq. dependent leakage correction to b.9500
Applying changes to dataset
Counts of correlations within selected channels:
 channel  Originally  Currently
 Good:     432564552  422726048    Changed to bad:    9838504
 Bad:       80578812   90417316    Changed to good:         0
 17.6% of the data is now flagged

2018-08-08 06:55:43,155 [MainThread  ] [INFO ]  uvsplit vis=b.9500

uvsplit: Revision 1.18, 2016/05/09 03:06:18 UTC

Creating b_1021.9500
Creating b_1022.9500
Creating b_1023.9500
Creating b_1024.9500
Creating b_1025.9500
Creating b_1026.9500
Creating b_1027.9500
Creating b_1028.9500
Creating b_1029.9500
Creating b_1030.9500
Creating b_1031.9500
Creating b_1032.9500
Creating b_1033.9500
Creating b_1034.9500
Creating b_1035.9500
Creating b_1036.9500
Creating b_1037.9500
Creating b_1038.9500
Creating b_1039.9500
Creating b_1040.9500
Creating b_1041.9500
Creating b_1042.9500
Creating b_1043.9500
Creating b_1044.9500
Creating b_1045.9500
Creating b_1046.9500
Creating b_1047.9500
Creating b_1048.9500
Creating b_1049.9500
Creating b_1050.9500
Creating b_1051.9500
Creating b_1052.9500
Creating b_1053.9500
Creating b_1054.9500
Creating b_1055.9500
Creating b_1056.9500
Creating b_1057.9500
Creating b_1058.9500
Creating b_1059.9500
Creating b_1060.9500
Creating b_1061.9500
Creating b_1062.9500
Creating b_1063.9500
Creating b_1064.9500
Creating b_1065.9500
Creating b_1066.9500
Creating b_1067.9500
Creating b_1068.9500
Creating b_1069.9500
Creating b_1070.9500
Creating b_1071.9500
Creating b_1072.9500
Creating b_1073.9500
Creating b_1074.9500
Creating b_1075.9500
Creating b_1076.9500
Creating b_1077.9500
Creating b_1078.9500
Creating b_1079.9500
Creating b_1080.9500
Creating b_1081.9500
Creating b_1082.9500
Creating b_1083.9500
Creating b_1084.9500
Creating b_1085.9500
Creating b_1086.9500
Creating b_1087.9500
Creating b_1088.9500
Creating b_1089.9500
Creating b_1090.9500
Creating b_1091.9500
Creating b_1092.9500
Creating b_1093.9500
Creating b_1094.9500
Creating b_1095.9500
Creating b_1096.9500
Creating b_1097.9500
Creating b_1098.9500
Creating b_1099.9500
Creating b_1100.9500
Creating b_1101.9500
Creating b_1102.9500
Creating b_1103.9500
Creating b_1104.9500
Creating b_1105.9500
Creating b_1106.9500
Creating b_1107.9500
Creating b_1108.9500
Creating b_1109.9500
Creating b_1110.9500
Creating b_1111.9500
Creating b_1112.9500
Creating b_1113.9500
Creating b_1114.9500
Creating b_1115.9500
Creating b_1116.9500
Creating b_1117.9500
Creating b_1118.9500
Creating b_1119.9500
Creating b_1120.9500
Creating b_1121.9500
Creating b_1122.9500
Creating b_1123.9500
Creating b_1124.9500
Creating b_1125.9500
Creating b_1126.9500
Creating b_1127.9500
Creating b_1128.9500
Creating b_1129.9500
Creating b_1130.9500
Creating b_1131.9500
Creating b_1132.9500
Creating b_1133.9500
Creating b_1134.9500
Creating b_1135.9500
Creating b_1136.9500
Creating b_1137.9500
Creating b_1138.9500
Creating b_1139.9500
Creating b_1140.9500
Creating b_1141.9500
Creating b_1142.9500
Creating b_1143.9500
Creating b_1144.9500
Creating b_1145.9500
Creating b_1146.9500
Creating b_1147.9500
Creating b_1148.9500
Creating b_1149.9500
Creating b_1150.9500
Creating b_1151.9500
Creating b_1152.9500
Creating b_1153.9500
Creating b_1154.9500
Creating b_1155.9500
Creating b_1156.9500
Creating b_1157.9500
Creating b_1158.9500
Creating b_1159.9500
Creating b_1160.9500
Creating b_1161.9500
Creating b_1162.9500
Creating b_1163.9500
Creating b_1164.9500
Creating b_1165.9500
Creating b_1166.9500
Creating b_1167.9500
Creating b_1168.9500
Creating b_1169.9500
Creating b_1170.9500
Creating b_1171.9500
Creating b_1172.9500
Creating b_1173.9500
Creating b_1174.9500
Creating b_1175.9500
Creating b_1176.9500
Creating b_1177.9500
Creating b_1178.9500
Creating b_1179.9500
Creating b_1180.9500
Creating b_1181.9500
Creating b_1182.9500
Creating b_1183.9500
Creating b_1184.9500
Creating b_1185.9500
Creating b_1186.9500
Creating b_1187.9500
Creating b_1188.9500
Creating b_1189.9500
Creating b_1190.9500
Creating b_1191.9500
Creating b_1192.9500
Creating b_1193.9500
Creating b_1194.9500
Creating b_1195.9500
Creating b_1196.9500
Creating b_1197.9500
Creating b_1198.9500
Creating b_1199.9500
Creating b_1200.9500
Creating b_961.9500
Creating b_962.9500
Creating b_963.9500
Creating b_964.9500
Creating b_965.9500
Creating b_966.9500
Creating b_967.9500
Creating b_968.9500
Creating b_969.9500
Creating b_970.9500
Creating b_971.9500
Creating b_972.9500
Creating b_973.9500
Creating b_974.9500
Creating b_975.9500
Creating b_976.9500
Creating b_977.9500
Creating b_978.9500
Creating b_979.9500
Creating b_980.9500
Creating b_981.9500
Creating b_982.9500
Creating b_983.9500
Creating b_984.9500
Creating b_985.9500
Creating b_986.9500
Creating b_987.9500
Creating b_988.9500
Creating b_989.9500
Creating b_990.9500
Creating b_991.9500
Creating b_992.9500
Creating b_993.9500
Creating b_994.9500
Creating b_995.9500
Creating b_996.9500
Creating b_997.9500
Creating b_998.9500
Creating b_999.9500
Creating b_1000.9500
Creating b_1001.9500
Creating b_1002.9500
Creating b_1003.9500
Creating b_1004.9500
Creating b_1005.9500
Creating b_1006.9500
Creating b_1007.9500
Creating b_1008.9500
Creating b_1009.9500
Creating b_1010.9500
Creating b_1011.9500
Creating b_1012.9500
Creating b_1013.9500
Creating b_1014.9500
Creating b_1015.9500
Creating b_1016.9500
Creating b_1017.9500
Creating b_1018.9500
Creating b_1019.9500
Creating b_1020.9500

