2018-11-22 06:01:41,804 [MainThread  ] [INFO ]  atlod in=raw/2016-11-29_0314.C3132,raw/2016-11-29_0601.C3132,raw/2016-11-29_0848.C3132,raw/2016-11-29_1135.C3132,raw/2016-11-29_1422.C3132 out=data9.uv ifsel=2 options=birdie,rfiflag,noauto,xycorr

atlod: Revision 1.53, 2016/08/25 23:02:21 UTC

Processing file raw/2016-11-29_0314.C3132
 03:14:38 CAOBS> track 1
CABB data detected
Scan 1 started at 16NOV29:03:14:52.0
Source: 1934-638
Flagging channels in  28 frequency ranges
 03:34:33 CAOBS> stop
 03:34:59 CAOBS> set file c3132_obs_d2.sch
 03:35:09 CAOBS> start 5/99
Scan 2 started at 16NOV29:03:36:36.0
Source: 2245-328
Scan 3 started at 16NOV29:03:39:10.5
Source: d_221
Source: d_222
Source: d_223
Source: d_224
Source: d_225
Source: d_226
Source: d_227
Source: d_228
Source: d_229
Source: d_230
Source: d_231
Source: d_232
Source: d_233
Source: d_234
Source: d_235
Source: d_236
Source: d_237
Source: d_238
Source: d_239
Source: d_240
Scan 4 started at 16NOV29:03:52:44.0
Source: 2245-328
Scan 5 started at 16NOV29:03:55:24.0
Source: d_241
Source: d_242
Source: d_243
Source: d_244
Source: d_245
Source: d_246
Source: d_247
Source: d_248
Source: d_249
Source: d_250
Source: d_251
Source: d_252
Source: d_253
Source: d_254
Source: d_255
Source: d_256
Source: d_257
Source: d_258
Source: d_259
Source: d_260
Scan 6 started at 16NOV29:04:08:52.0
Source: 2245-328
Scan 7 started at 16NOV29:04:11:32.0
Source: d_261
Source: d_262
Source: d_263
Source: d_264
Source: d_265
Source: d_266
Source: d_267
Source: d_268
Source: d_269
Source: d_270
Source: d_271
Source: d_272
Source: d_273
Source: d_274
Source: d_275
Source: d_276
Source: d_277
Source: d_278
Source: d_279
Source: d_280
Scan 8 started at 16NOV29:04:25:00.0
Source: 2245-328
Scan 9 started at 16NOV29:04:27:34.5
Source: d_281
Source: d_282
Source: d_283
Source: d_284
Source: d_285
Source: d_286
Source: d_287
Source: d_288
Source: d_289
Source: d_290
Source: d_291
Source: d_292
Source: d_293
Source: d_294
Source: d_295
Source: d_296
Source: d_297
Source: d_298
Source: d_299
Source: d_300
Scan 10 started at 16NOV29:04:41:08.0
Source: 2245-328
Scan 11 started at 16NOV29:04:43:48.0
Source: d_301
Source: d_302
Source: d_303
Source: d_304
Source: d_305
Source: d_306
Source: d_307
Source: d_308
Source: d_309
Source: d_310
Source: d_311
Source: d_312
Source: d_313
Source: d_314
Source: d_315
Source: d_316
Source: d_317
Source: d_318
Source: d_319
Source: d_320
Scan 12 started at 16NOV29:04:57:16.0
Source: 2245-328
Scan 13 started at 16NOV29:05:00:04.0
Source: d_321
Source: d_322
Source: d_323
Source: d_324
Source: d_325
Source: d_326
Source: d_327
Source: d_328
Source: d_329
Source: d_330
Source: d_331
Source: d_332
Source: d_333
Source: d_334
Source: d_335
Source: d_336
Source: d_337
Source: d_338
Source: d_339
Source: d_340
Scan 14 started at 16NOV29:05:13:32.0
Source: 2245-328
Scan 15 started at 16NOV29:05:16:06.8
Source: d_341
Source: d_342
Source: d_343
Source: d_344
Source: d_345
Source: d_346
Source: d_347
Source: d_348
Source: d_349
Source: d_350
Source: d_351
Source: d_352
Source: d_353
Source: d_354
Source: d_355
Source: d_356
Source: d_357
Source: d_358
Source: d_359
Source: d_360
Scan 16 started at 16NOV29:05:29:40.0
Source: 2245-328
Scan 17 started at 16NOV29:05:32:28.0
Source: d_181
Source: d_182
Source: d_183
Source: d_184
Source: d_185
Source: d_186
Source: d_187
Source: d_188
Source: d_189
Source: d_190
Source: d_191
Source: d_192
Source: d_193
Source: d_194
Source: d_195
Source: d_196
Source: d_197
Source: d_198
Source: d_199
Source: d_200
Scan 18 started at 16NOV29:05:45:48.0
Source: 2245-328
Scan 19 started at 16NOV29:05:48:44.0
Source: d_201
Source: d_202
Source: d_203
Source: d_204
Source: d_205
Source: d_206
Source: d_207
Source: d_208
Source: d_209
Source: d_210
Source: d_211
Source: d_212
Source: d_213
Source: d_214
Source: d_215
Source: d_216
Source: d_217
Source: d_218
Source: d_219
Source: d_220
RPFITS file version is 2.12
---------------------------------------
Total number of spectra selected: 72660

Summary of spectra flagged
Flagging Reason            Fraction
---------------            --------
Antenna off-source/off-line  3.05%
---------------------------------------
Processing file raw/2016-11-29_0601.C3132
CABB data detected
Scan 1 started at 16NOV29:06:01:48.0
Source: d_220
Scan 2 started at 16NOV29:06:02:12.0
Source: 2245-328
Scan 3 started at 16NOV29:06:05:00.0
Source: d_221
Source: d_222
Source: d_223
Source: d_224
Source: d_225
Source: d_226
Source: d_227
Source: d_228
Source: d_229
Source: d_230
Source: d_231
Source: d_232
Source: d_233
Source: d_234
Source: d_235
Source: d_236
Source: d_237
Source: d_238
Source: d_239
Source: d_240
Scan 4 started at 16NOV29:06:18:28.0
Source: 2245-328
Scan 5 started at 16NOV29:06:21:24.0
Source: d_241
Source: d_242
Source: d_243
Source: d_244
Source: d_245
Source: d_246
Source: d_247
Source: d_248
Source: d_249
Source: d_250
Source: d_251
Source: d_252
Source: d_253
Source: d_254
Source: d_255
Source: d_256
Source: d_257
Source: d_258
Source: d_259
Source: d_260
Scan 6 started at 16NOV29:06:34:44.0
Source: 2245-328
Scan 7 started at 16NOV29:06:37:40.0
Source: d_261
Source: d_262
Source: d_263
Source: d_264
Source: d_265
Source: d_266
Source: d_267
Source: d_268
Source: d_269
Source: d_270
Source: d_271
Source: d_272
Source: d_273
Source: d_274
Source: d_275
Source: d_276
Source: d_277
Source: d_278
Source: d_279
Source: d_280
Scan 8 started at 16NOV29:06:51:08.0
Source: 2245-328
Scan 9 started at 16NOV29:06:53:50.5
Source: d_281
Source: d_282
Source: d_283
Source: d_284
Source: d_285
Source: d_286
Source: d_287
Source: d_288
Source: d_289
Source: d_290
Source: d_291
Source: d_292
Source: d_293
Source: d_294
Source: d_295
Source: d_296
Source: d_297
Source: d_298
Source: d_299
Source: d_300
Scan 10 started at 16NOV29:07:07:24.0
Source: 2245-328
Scan 11 started at 16NOV29:07:10:20.0
Source: d_301
Source: d_302
Source: d_303
Source: d_304
Source: d_305
Source: d_306
Source: d_307
Source: d_308
Source: d_309
Source: d_310
Source: d_311
Source: d_312
Source: d_313
Source: d_314
Source: d_315
Source: d_316
Source: d_317
Source: d_318
Source: d_319
Source: d_320
Scan 12 started at 16NOV29:07:23:40.0
Source: 2245-328
Scan 13 started at 16NOV29:07:26:52.0
Source: d_321
Source: d_322
Source: d_323
Source: d_324
Source: d_325
Source: d_326
Source: d_327
Source: d_328
Source: d_329
Source: d_330
Source: d_331
Source: d_332
Source: d_333
Source: d_334
Source: d_335
Source: d_336
Source: d_337
Source: d_338
Source: d_339
Source: d_340
Scan 14 started at 16NOV29:07:40:12.0
Source: 2245-328
Scan 15 started at 16NOV29:07:43:16.0
Source: d_341
Source: d_342
Source: d_343
Source: d_344
Source: d_345
Source: d_346
Source: d_347
Source: d_348
Source: d_349
Source: d_350
Source: d_351
Source: d_352
Source: d_353
Source: d_354
Source: d_355
Source: d_356
Source: d_357
Source: d_358
Source: d_359
Source: d_360
Scan 16 started at 16NOV29:07:56:44.0
Source: 2245-328
Scan 17 started at 16NOV29:08:00:12.0
Source: d_181
Source: d_182
Source: d_183
Source: d_184
Source: d_185
Source: d_186
Source: d_187
Source: d_188
Source: d_189
Source: d_190
Source: d_191
Source: d_192
Source: d_193
Source: d_194
Source: d_195
Source: d_196
Source: d_197
Source: d_198
Source: d_199
Source: d_200
Scan 18 started at 16NOV29:08:13:24.0
Source: 2245-328
Scan 19 started at 16NOV29:08:16:20.0
Source: d_201
Source: d_202
Source: d_203
Source: d_204
Source: d_205
Source: d_206
Source: d_207
Source: d_208
Source: d_209
Source: d_210
Source: d_211
Source: d_212
Source: d_213
Source: d_214
Source: d_215
Source: d_216
Source: d_217
Source: d_218
Source: d_219
Source: d_220
Scan 20 started at 16NOV29:08:30:20.0
Source: 2245-328
Scan 21 started at 16NOV29:08:33:26.8
Source: d_221
Source: d_222
Source: d_223
Source: d_224
Source: d_225
Source: d_226
Source: d_227
Source: d_228
Source: d_229
Source: d_230
Source: d_231
Source: d_232
Source: d_233
Source: d_234
Source: d_235
Source: d_236
Source: d_237
Source: d_238
Source: d_239
Source: d_240
Scan 22 started at 16NOV29:08:47:08.0
Source: 2245-328
RPFITS file version is 2.12
---------------------------------------
Total number of spectra selected: 72660

Summary of spectra flagged
Flagging Reason            Fraction
---------------            --------
Antenna off-source/off-line  7.02%
---------------------------------------
Processing file raw/2016-11-29_0848.C3132
CABB data detected
Scan 1 started at 16NOV29:08:48:52.0
Source: 2245-328
Scan 2 started at 16NOV29:08:50:28.0
Source: d_241
Source: d_242
Source: d_243
Source: d_244
Source: d_245
Source: d_246
Source: d_247
Source: d_248
Source: d_249
Source: d_250
Source: d_251
Source: d_252
Source: d_253
Source: d_254
Source: d_255
Source: d_256
Source: d_257
Source: d_258
Source: d_259
Source: d_260
Scan 3 started at 16NOV29:09:03:48.0
Source: 2245-328
Scan 4 started at 16NOV29:09:06:52.0
Source: d_261
Source: d_262
Source: d_263
Source: d_264
Source: d_265
Source: d_266
Source: d_267
Source: d_268
Source: d_269
Source: d_270
Source: d_271
Source: d_272
Source: d_273
Source: d_274
Source: d_275
Source: d_276
Source: d_277
Source: d_278
Source: d_279
Source: d_280
Scan 5 started at 16NOV29:09:20:28.0
Source: 2245-328
Scan 6 started at 16NOV29:09:23:18.8
Source: d_281
Source: d_282
Source: d_283
Source: d_284
Source: d_285
Source: d_286
Source: d_287
Source: d_288
Source: d_289
Source: d_290
Source: d_291
Source: d_292
Source: d_293
Source: d_294
Source: d_295
Source: d_296
Source: d_297
Source: d_298
Source: d_299
Source: d_300
Scan 7 started at 16NOV29:09:36:52.0
Source: 2245-328
Scan 8 started at 16NOV29:09:39:48.0
Source: d_301
Source: d_302
Source: d_303
Source: d_304
Source: d_305
Source: d_306
Source: d_307
Source: d_308
Source: d_309
Source: d_310
Source: d_311
Source: d_312
Source: d_313
Source: d_314
Source: d_315
Source: d_316
Source: d_317
Source: d_318
Source: d_319
Source: d_320
Scan 9 started at 16NOV29:09:53:08.0
Source: 2245-328
Scan 10 started at 16NOV29:09:56:04.0
Source: d_321
Source: d_322
Source: d_323
Source: d_324
Source: d_325
Source: d_326
Source: d_327
Source: d_328
Source: d_329
Source: d_330
Source: d_331
Source: d_332
Source: d_333
Source: d_334
Source: d_335
Source: d_336
Source: d_337
Source: d_338
Source: d_339
Source: d_340
Scan 11 started at 16NOV29:10:09:24.0
Source: 2245-328
Scan 12 started at 16NOV29:10:12:12.0
Source: d_341
Source: d_342
Source: d_343
Source: d_344
Source: d_345
Source: d_346
Source: d_347
Source: d_348
Source: d_349
Source: d_350
Source: d_351
Source: d_352
Source: d_353
Source: d_354
Source: d_355
Source: d_356
Source: d_357
Source: d_358
Source: d_359
Source: d_360
Scan 13 started at 16NOV29:10:25:40.0
Source: 2245-328
Scan 14 started at 16NOV29:10:28:36.0
Source: d_181
Source: d_182
Source: d_183
Source: d_184
Source: d_185
Source: d_186
Source: d_187
Source: d_188
Source: d_189
Source: d_190
Source: d_191
Source: d_192
Source: d_193
Source: d_194
Source: d_195
Source: d_196
Source: d_197
Source: d_198
Source: d_199
Source: d_200
Scan 15 started at 16NOV29:10:41:56.0
Source: 2245-328
Scan 16 started at 16NOV29:10:44:44.0
Source: d_201
Source: d_202
Source: d_203
Source: d_204
Source: d_205
Source: d_206
Source: d_207
Source: d_208
Source: d_209
Source: d_210
Source: d_211
Source: d_212
Source: d_213
Source: d_214
Source: d_215
Source: d_216
Source: d_217
Source: d_218
Source: d_219
Source: d_220
Scan 17 started at 16NOV29:10:58:12.0
Source: 2245-328
Scan 18 started at 16NOV29:11:01:00.0
Source: d_221
Source: d_222
Source: d_223
Source: d_224
Source: d_225
Source: d_226
Source: d_227
Source: d_228
Source: d_229
Source: d_230
Source: d_231
Source: d_232
Source: d_233
Source: d_234
Source: d_235
Source: d_236
Source: d_237
Source: d_238
Source: d_239
Source: d_240
Scan 19 started at 16NOV29:11:14:28.0
Source: 2245-328
Scan 20 started at 16NOV29:11:17:24.0
Source: d_241
Source: d_242
Source: d_243
Source: d_244
Source: d_245
Source: d_246
Source: d_247
Source: d_248
Source: d_249
Source: d_250
Source: d_251
Source: d_252
Source: d_253
Source: d_254
Source: d_255
Source: d_256
Source: d_257
Source: d_258
Source: d_259
Source: d_260
Scan 21 started at 16NOV29:11:30:44.0
Source: 2245-328
Scan 22 started at 16NOV29:11:33:24.0
Source: d_261
Source: d_262
Source: d_263
Source: d_264
RPFITS file version is 2.12
---------------------------------------
Total number of spectra selected: 72660

Summary of spectra flagged
Flagging Reason            Fraction
---------------            --------
Antenna off-source/off-line  4.67%
---------------------------------------
Processing file raw/2016-11-29_1135.C3132
CABB data detected
Scan 1 started at 16NOV29:11:35:57.5
Source: d_265
Source: d_266
Source: d_267
Source: d_268
Source: d_269
Source: d_270
Source: d_271
Source: d_272
Source: d_273
Source: d_274
Source: d_275
Source: d_276
Source: d_277
Source: d_278
Source: d_279
Source: d_280
Scan 2 started at 16NOV29:11:46:52.0
Source: 2245-328
Scan 3 started at 16NOV29:11:49:26.5
Source: d_281
Source: d_282
Source: d_283
Source: d_284
Source: d_285
Source: d_286
Source: d_287
Source: d_288
Source: d_289
Source: d_290
Source: d_291
Source: d_292
Source: d_293
Source: d_294
Source: d_295
Source: d_296
Source: d_297
Source: d_298
Source: d_299
Source: d_300
Scan 4 started at 16NOV29:12:03:00.0
Source: 2245-328
Scan 5 started at 16NOV29:12:05:40.0
Source: d_301
Source: d_302
Source: d_303
Source: d_304
Source: d_305
Source: d_306
Source: d_307
Source: d_308
Source: d_309
Source: d_310
Source: d_311
Source: d_312
Source: d_313
Source: d_314
Source: d_315
Source: d_316
Source: d_317
Source: d_318
Source: d_319
Source: d_320
Scan 6 started at 16NOV29:12:19:08.0
Source: 2245-328
Scan 7 started at 16NOV29:12:21:48.0
Source: d_321
Source: d_322
Source: d_323
Source: d_324
Source: d_325
Source: d_326
Source: d_327
Source: d_328
Source: d_329
Source: d_330
Source: d_331
Source: d_332
Source: d_333
Source: d_334
Source: d_335
Source: d_336
Source: d_337
Source: d_338
Source: d_339
Source: d_340
Scan 8 started at 16NOV29:12:35:16.0
Source: 2245-328
Scan 9 started at 16NOV29:12:37:56.0
Source: d_341
Source: d_342
Source: d_343
Source: d_344
Source: d_345
Source: d_346
Source: d_347
Source: d_348
Source: d_349
Source: d_350
Source: d_351
Source: d_352
Source: d_353
Source: d_354
Source: d_355
Source: d_356
Source: d_357
Source: d_358
Source: d_359
Source: d_360
Scan 10 started at 16NOV29:12:51:24.0
Source: 2245-328
Scan 11 started at 16NOV29:12:54:12.0
Source: d_181
Source: d_182
Source: d_183
Source: d_184
Source: d_185
Source: d_186
Source: d_187
Source: d_188
Source: d_189
Source: d_190
Source: d_191
Source: d_192
Source: d_193
Source: d_194
Source: d_195
Source: d_196
Source: d_197
Source: d_198
Source: d_199
Source: d_200
Scan 12 started at 16NOV29:13:07:40.0
Source: 2245-328
Scan 13 started at 16NOV29:13:10:14.8
Source: d_201
Source: d_202
Source: d_203
Source: d_204
Source: d_205
Source: d_206
Source: d_207
Source: d_208
Source: d_209
Source: d_210
Source: d_211
Source: d_212
Source: d_213
Source: d_214
Source: d_215
Source: d_216
Source: d_217
Source: d_218
Source: d_219
Source: d_220
Scan 14 started at 16NOV29:13:23:48.0
Source: 2245-328
Scan 15 started at 16NOV29:13:26:22.8
Source: d_221
Source: d_222
Source: d_223
Source: d_224
Source: d_225
Source: d_226
Source: d_227
Source: d_228
Source: d_229
Source: d_230
Source: d_231
Source: d_232
Source: d_233
Source: d_234
Source: d_235
Source: d_236
Source: d_237
Source: d_238
Source: d_239
Source: d_240
Scan 16 started at 16NOV29:13:39:56.0
Source: 2245-328
Scan 17 started at 16NOV29:13:42:36.0
Source: d_241
Source: d_242
Source: d_243
Source: d_244
Source: d_245
Source: d_246
Source: d_247
Source: d_248
Source: d_249
Source: d_250
Source: d_251
Source: d_252
Source: d_253
Source: d_254
Source: d_255
Source: d_256
Source: d_257
Source: d_258
Source: d_259
Source: d_260
Scan 18 started at 16NOV29:13:56:04.0
Source: 2245-328
Scan 19 started at 16NOV29:13:58:44.0
Source: d_261
Source: d_262
Source: d_263
Source: d_264
Source: d_265
Source: d_266
Source: d_267
Source: d_268
Source: d_269
Source: d_270
Source: d_271
Source: d_272
Source: d_273
Source: d_274
Source: d_275
Source: d_276
Source: d_277
Source: d_278
Source: d_279
Source: d_280
Scan 20 started at 16NOV29:14:12:12.0
Source: 2245-328
Scan 21 started at 16NOV29:14:14:46.5
Source: d_281
Source: d_282
Source: d_283
Source: d_284
Source: d_285
Source: d_286
Source: d_287
Source: d_288
Source: d_289
Source: d_290
Source: d_291
Source: d_292
RPFITS file version is 2.12
---------------------------------------
Total number of spectra selected: 72660

Summary of spectra flagged
Flagging Reason            Fraction
---------------            --------
Antenna off-source/off-line  2.45%
---------------------------------------
Processing file raw/2016-11-29_1422.C3132
CABB data detected
Scan 1 started at 16NOV29:14:22:45.5
Source: d_293
Source: d_294
Source: d_295
Source: d_296
Source: d_297
Source: d_298
Source: d_299
Source: d_300
Scan 2 started at 16NOV29:14:28:20.0
Source: 2245-328
 14:30:21 CAOBS> stop
 14:30:27 CAOBS> corr close file
RPFITS file version is 2.12
---------------------------------------
Total number of spectra selected: 3300

There was no flagged data
---------------------------------------

No CACAL data was detected

2018-11-22 06:02:46,680 [MainThread  ] [INFO ]  uvflag vis=data9.uv line=chan,65,850,1 flagval=flag

uvflag: Revision 1.8, 2014/09/30 14:23:39 UTC


Set flags to indicate bad data in visibility file data9.uv
Linetype channel; select   65 channels; start  850, width    1, step    1

Overview of flagging on visibility file data9.uv
Changed flags set to FALSE (data flagged as bad)
Total number of records selected: 281448; out of 281448 records
Antennas used: 1-6
Counts of correlations within selected channels
channel   Originally    Currently
Good:        18294120.           0.    Changed to bad:    18294120.
Bad:                0.    18294120.

2018-11-22 06:03:45,475 [MainThread  ] [INFO ]  uvsplit vis=data9.uv options=mosaic

uvsplit: Revision 1.18, 2016/05/09 03:06:18 UTC

Creating 1934-638.9500
Creating 2245-328.9500
Creating d.9500

2018-11-22 06:04:17,538 [MainThread  ] [INFO ]  pgflag vis=1934-638.9500 command='<b' stokes=i,q,u,v flagpar=8,5,5,3,6,3 options=nodisp

pgflag: Revision 1.30, 2016/10/05 23:06:50 UTC

Applying changes to dataset
Counts of correlations within selected channels:
 channel  Originally  Currently
 Good:      15593760   15405552    Changed to bad:     188208
 Bad:        2478420    2666628    Changed to good:         0
 14.8% of the data is now flagged

2018-11-22 06:04:44,900 [MainThread  ] [INFO ]  pgflag vis=1934-638.9500 command='<b' stokes=i,v,q,u flagpar=8,2,2,3,6,3  options=nodisp

pgflag: Revision 1.30, 2016/10/05 23:06:50 UTC

Applying changes to dataset
Counts of correlations within selected channels:
 channel  Originally  Currently
 Good:      15405552   15253820    Changed to bad:     151732
 Bad:        2666628    2818360    Changed to good:         0
 15.6% of the data is now flagged

2018-11-22 06:05:14,481 [MainThread  ] [INFO ]  pgflag vis=1934-638.9500 command='<b' stokes=i,v,u,q flagpar=8,2,2,3,6,3  options=nodisp

pgflag: Revision 1.30, 2016/10/05 23:06:50 UTC

Applying changes to dataset
Counts of correlations within selected channels:
 channel  Originally  Currently
 Good:      15253820   14846696    Changed to bad:     407124
 Bad:        2818360    3225484    Changed to good:         0
 17.8% of the data is now flagged

2018-11-22 06:07:25,755 [MainThread  ] [INFO ]  mfcal vis=1934-638.9500 refant=4 interval=0.1
MfCal: $Revision: 1.20 $, $Date: 2017/05/08 02:31:10 $
Selecting parallel-hand polarisations
Reading the data ...
Number correlations accepted: 7423348
Number of frequency bands/settings: 1
Number of polarisations selected: 2
Number of solution intervals: 147
Number of passband solution intervals: 1
Initialising ...
Using post-Aug94 ATCA flux scale for 1934-638.
Using known frequency variation of 1934-638
Generating initial solution estimate ...
Doing solution refinement ...
Iter= 1, Solution Error:  0.497
Iter= 2, Solution Error:  0.080
Iter= 3, Solution Error:  0.004
Iter= 4, Solution Error:  0.000
Saving solution ...

2018-11-22 06:07:27,705 [MainThread  ] [INFO ]  gpcal vis=1934-638.9500 refant=4 interval=0.1 nfbin=2 options=xyvary

gpcal: Revision 1.22, 2016/05/01 22:31:05 UTC

Applying bandpass corrections to 1934-638.9500
Number of antennae: 6
Reading the data ...
Number of solution intervals: 147
Total visibilities read: 2205
Number visibilities accepted: 2205
Using post-Aug94 ATCA flux scale for 1934-638.
Using IQUV =  2.5359,  0.0000,  0.0000,  0.0000 at   9.4670 GHz.
Using post-Aug94 ATCA flux scale for 1934-638.
Using IQUV =  2.6981,  0.0000,  0.0000,  0.0000 at   9.0069 GHz.
Using post-Aug94 ATCA flux scale for 1934-638.
Using IQUV =  2.3854,  0.0000,  0.0000,  0.0000 at   9.9463 GHz.
Iter= 1, Amplit/Phase Solution Error:   1.403
Iter= 1, Polarisation Solution Error:   0.031
Iter= 1, Overall Solution Error:        2.770
Iter= 2, Amplit/Phase Solution Error:   0.002
Iter= 2, Polarisation Solution Error:   0.000
Iter= 2, Overall Solution Error:        0.004
Iter= 3, Amplit/Phase Solution Error:   0.001
Iter= 3, Polarisation Solution Error:   0.000
Iter= 3, Overall Solution Error:        0.001
Iter= 4, Amplit/Phase Solution Error:   0.000
Iter= 4, Polarisation Solution Error:   0.000
Iter= 4, Overall Solution Error:        0.000
I flux density:   2.5359
Leakage terms:
 Ant 1:Dx,Dy = ( 0.00127,-0.00050),(-0.00017,-0.00022)
 Ant 2:Dx,Dy = ( 0.00375, 0.00139),(-0.00381, 0.00289)
 Ant 3:Dx,Dy = ( 0.00604,-0.00462),(-0.00836,-0.00454)
 Ant 4:Dx,Dy = ( 0.00256, 0.01484),(-0.00107, 0.01549)
 Ant 5:Dx,Dy = (-0.01666, 0.00272),( 0.01778, 0.00262)
 Ant 6:Dx,Dy = ( 0.00497,-0.01650),(-0.00244,-0.01357)
Solution for freq bin  1
Iter= 1, Amplit/Phase Solution Error:   1.400
Iter= 1, Polarisation Solution Error:   0.031
Iter= 1, Overall Solution Error:        2.642
Iter= 2, Amplit/Phase Solution Error:   0.002
Iter= 2, Polarisation Solution Error:   0.000
Iter= 2, Overall Solution Error:        0.004
Iter= 3, Amplit/Phase Solution Error:   0.001
Iter= 3, Polarisation Solution Error:   0.000
Iter= 3, Overall Solution Error:        0.001
I flux density:   2.6981
Leakage terms:
 Ant 1:Dx,Dy = ( 0.00097,-0.00052),(-0.00065,-0.00000)
 Ant 2:Dx,Dy = ( 0.00421, 0.00166),(-0.00446, 0.00398)
 Ant 3:Dx,Dy = ( 0.00551,-0.00498),(-0.00867,-0.00453)
 Ant 4:Dx,Dy = ( 0.00227, 0.01481),(-0.00117, 0.01588)
 Ant 5:Dx,Dy = (-0.01679, 0.00155),( 0.01758, 0.00208)
 Ant 6:Dx,Dy = ( 0.00498,-0.01605),(-0.00147,-0.01388)
Solution for freq bin  2
Iter= 1, Amplit/Phase Solution Error:   1.388
Iter= 1, Polarisation Solution Error:   0.032
Iter= 1, Overall Solution Error:        2.964
Iter= 2, Amplit/Phase Solution Error:   0.002
Iter= 2, Polarisation Solution Error:   0.000
Iter= 2, Overall Solution Error:        0.004
Iter= 3, Amplit/Phase Solution Error:   0.001
Iter= 3, Polarisation Solution Error:   0.000
Iter= 3, Overall Solution Error:        0.001
I flux density:   2.3854
Leakage terms:
 Ant 1:Dx,Dy = ( 0.00177,-0.00059),( 0.00039,-0.00057)
 Ant 2:Dx,Dy = ( 0.00331, 0.00091),(-0.00320, 0.00142)
 Ant 3:Dx,Dy = ( 0.00663,-0.00413),(-0.00805,-0.00442)
 Ant 4:Dx,Dy = ( 0.00274, 0.01489),(-0.00067, 0.01506)
 Ant 5:Dx,Dy = (-0.01659, 0.00427),( 0.01794, 0.00339)
 Ant 6:Dx,Dy = ( 0.00496,-0.01704),(-0.00359,-0.01319)

2018-11-22 06:08:06,383 [MainThread  ] [INFO ]  pgflag vis=1934-638.9500 command='<b' stokes=i,q,u,v flagpar=8,5,5,3,6,3 options=nodisp

pgflag: Revision 1.30, 2016/10/05 23:06:50 UTC

Applying bandpass corrections to 1934-638.9500
Applying freq. dependent gain corrections to 1934-638.9500
Applying freq. dependent leakage correction to 1934-638.9500
Applying changes to dataset
Counts of correlations within selected channels:
 channel  Originally  Currently
 Good:      14846696   14637792    Changed to bad:     208904
 Bad:        3225484    3434388    Changed to good:         0
 19.0% of the data is now flagged

2018-11-22 06:08:44,918 [MainThread  ] [INFO ]  pgflag vis=1934-638.9500 command='<b' stokes=i,v,q,u flagpar=8,2,2,3,6,3  options=nodisp

pgflag: Revision 1.30, 2016/10/05 23:06:50 UTC

Applying bandpass corrections to 1934-638.9500
Applying freq. dependent gain corrections to 1934-638.9500
Applying freq. dependent leakage correction to 1934-638.9500
Applying changes to dataset
Counts of correlations within selected channels:
 channel  Originally  Currently
 Good:      14637792   14521268    Changed to bad:     116524
 Bad:        3434388    3550912    Changed to good:         0
 19.6% of the data is now flagged

2018-11-22 06:09:21,002 [MainThread  ] [INFO ]  pgflag vis=1934-638.9500 command='<b' stokes=i,v,u,q flagpar=8,2,2,3,6,3  options=nodisp

pgflag: Revision 1.30, 2016/10/05 23:06:50 UTC

Applying bandpass corrections to 1934-638.9500
Applying freq. dependent gain corrections to 1934-638.9500
Applying freq. dependent leakage correction to 1934-638.9500
Applying changes to dataset
Counts of correlations within selected channels:
 channel  Originally  Currently
 Good:      14521268   14424716    Changed to bad:      96552
 Bad:        3550912    3647464    Changed to good:         0
 20.2% of the data is now flagged

2018-11-22 06:11:13,808 [MainThread  ] [INFO ]  mfcal vis=1934-638.9500 refant=4 interval=0.1
MfCal: $Revision: 1.20 $, $Date: 2017/05/08 02:31:10 $
Selecting parallel-hand polarisations
Reading the data ...
Number correlations accepted: 7212358
Number of frequency bands/settings: 1
Number of polarisations selected: 2
Number of solution intervals: 147
Number of passband solution intervals: 1
Initialising ...
Using post-Aug94 ATCA flux scale for 1934-638.
Using known frequency variation of 1934-638
Generating initial solution estimate ...
Doing solution refinement ...
Iter= 1, Solution Error:  0.500
Iter= 2, Solution Error:  0.081
Iter= 3, Solution Error:  0.004
Iter= 4, Solution Error:  0.000
Saving solution ...

2018-11-22 06:11:15,125 [MainThread  ] [INFO ]  gpcal vis=1934-638.9500 refant=4 interval=0.1 nfbin=2 options=xyvary

gpcal: Revision 1.22, 2016/05/01 22:31:05 UTC

Applying bandpass corrections to 1934-638.9500
Number of antennae: 6
Using leakage parameters from input as initial guess
Reading the data ...
Number of solution intervals: 147
Total visibilities read: 2205
Number visibilities accepted: 2205
Using post-Aug94 ATCA flux scale for 1934-638.
Using IQUV =  2.5365,  0.0000,  0.0000,  0.0000 at   9.4652 GHz.
Using post-Aug94 ATCA flux scale for 1934-638.
Using IQUV =  2.6980,  0.0000,  0.0000,  0.0000 at   9.0071 GHz.
Using post-Aug94 ATCA flux scale for 1934-638.
Using IQUV =  2.3868,  0.0000,  0.0000,  0.0000 at   9.9416 GHz.
Iter= 1, Amplit/Phase Solution Error:   1.402
Iter= 1, Polarisation Solution Error:   0.000
Iter= 1, Overall Solution Error:        2.484
Iter= 2, Amplit/Phase Solution Error:   0.002
Iter= 2, Polarisation Solution Error:   0.000
Iter= 2, Overall Solution Error:        0.004
Iter= 3, Amplit/Phase Solution Error:   0.001
Iter= 3, Polarisation Solution Error:   0.000
Iter= 3, Overall Solution Error:        0.001
Iter= 4, Amplit/Phase Solution Error:   0.000
Iter= 4, Polarisation Solution Error:   0.000
Iter= 4, Overall Solution Error:        0.000
I flux density:   2.5365
Leakage terms:
 Ant 1:Dx,Dy = ( 0.00128,-0.00048),(-0.00016,-0.00027)
 Ant 2:Dx,Dy = ( 0.00376, 0.00140),(-0.00380, 0.00287)
 Ant 3:Dx,Dy = ( 0.00602,-0.00465),(-0.00836,-0.00454)
 Ant 4:Dx,Dy = ( 0.00257, 0.01479),(-0.00111, 0.01551)
 Ant 5:Dx,Dy = (-0.01671, 0.00282),( 0.01777, 0.00271)
 Ant 6:Dx,Dy = ( 0.00497,-0.01657),(-0.00243,-0.01359)
Solution for freq bin  1
Iter= 1, Amplit/Phase Solution Error:   1.398
Iter= 1, Polarisation Solution Error:   0.001
Iter= 1, Overall Solution Error:        2.425
Iter= 2, Amplit/Phase Solution Error:   0.002
Iter= 2, Polarisation Solution Error:   0.000
Iter= 2, Overall Solution Error:        0.004
Iter= 3, Amplit/Phase Solution Error:   0.001
Iter= 3, Polarisation Solution Error:   0.000
Iter= 3, Overall Solution Error:        0.001
Iter= 4, Amplit/Phase Solution Error:   0.000
Iter= 4, Polarisation Solution Error:   0.000
Iter= 4, Overall Solution Error:        0.000
I flux density:   2.6980
Leakage terms:
 Ant 1:Dx,Dy = ( 0.00100,-0.00051),(-0.00066,-0.00008)
 Ant 2:Dx,Dy = ( 0.00423, 0.00165),(-0.00444, 0.00396)
 Ant 3:Dx,Dy = ( 0.00548,-0.00502),(-0.00866,-0.00455)
 Ant 4:Dx,Dy = ( 0.00228, 0.01475),(-0.00123, 0.01590)
 Ant 5:Dx,Dy = (-0.01689, 0.00169),( 0.01753, 0.00224)
 Ant 6:Dx,Dy = ( 0.00498,-0.01612),(-0.00146,-0.01391)
Solution for freq bin  2
Iter= 1, Amplit/Phase Solution Error:   1.388
Iter= 1, Polarisation Solution Error:   0.002
Iter= 1, Overall Solution Error:        2.805
Iter= 2, Amplit/Phase Solution Error:   0.002
Iter= 2, Polarisation Solution Error:   0.000
Iter= 2, Overall Solution Error:        0.004
Iter= 3, Amplit/Phase Solution Error:   0.001
Iter= 3, Polarisation Solution Error:   0.000
Iter= 3, Overall Solution Error:        0.001
I flux density:   2.3868
Leakage terms:
 Ant 1:Dx,Dy = ( 0.00174,-0.00055),( 0.00040,-0.00059)
 Ant 2:Dx,Dy = ( 0.00332, 0.00094),(-0.00320, 0.00143)
 Ant 3:Dx,Dy = ( 0.00661,-0.00415),(-0.00807,-0.00441)
 Ant 4:Dx,Dy = ( 0.00278, 0.01488),(-0.00071, 0.01508)
 Ant 5:Dx,Dy = (-0.01658, 0.00428),( 0.01797, 0.00339)
 Ant 6:Dx,Dy = ( 0.00495,-0.01710),(-0.00358,-0.01320)

2018-11-22 06:11:15,186 [MainThread  ] [INFO ]  gpcopy vis=1934-638.9500 out=2245-328.9500

gpcopy: Revision 1.13, 2015/10/29 01:31:39 UTC

Copying leakage table
Copying gain table
Interpolation tolerance set to (minutes): 720.00
Copying bandpass table

2018-11-22 06:14:14,256 [MainThread  ] [INFO ]  pgflag vis=2245-328.9500 command='<b' stokes=i,q,u,v flagpar=8,5,5,3,6,3 options=nodisp

pgflag: Revision 1.30, 2016/10/05 23:06:50 UTC

Applying bandpass corrections to 2245-328.9500
Applying freq. dependent gain corrections to 2245-328.9500
Applying freq. dependent leakage correction to 2245-328.9500
Applying changes to dataset
Counts of correlations within selected channels:
 channel  Originally  Currently
 Good:      65309920   64713188    Changed to bad:     596732
 Bad:       10380140   10976872    Changed to good:         0
 14.5% of the data is now flagged

2018-11-22 06:17:13,471 [MainThread  ] [INFO ]  pgflag vis=2245-328.9500 command='<b' stokes=i,v,q,u flagpar=8,2,2,3,6,3  options=nodisp

pgflag: Revision 1.30, 2016/10/05 23:06:50 UTC

Applying bandpass corrections to 2245-328.9500
Applying freq. dependent gain corrections to 2245-328.9500
Applying freq. dependent leakage correction to 2245-328.9500
Applying changes to dataset
Counts of correlations within selected channels:
 channel  Originally  Currently
 Good:      64713188   63994184    Changed to bad:     719004
 Bad:       10976872   11695876    Changed to good:         0
 15.5% of the data is now flagged

2018-11-22 06:20:27,022 [MainThread  ] [INFO ]  pgflag vis=2245-328.9500 command='<b' stokes=i,v,u,q flagpar=8,2,2,3,6,3  options=nodisp

pgflag: Revision 1.30, 2016/10/05 23:06:50 UTC

Applying bandpass corrections to 2245-328.9500
Applying freq. dependent gain corrections to 2245-328.9500
Applying freq. dependent leakage correction to 2245-328.9500
Applying changes to dataset
Counts of correlations within selected channels:
 channel  Originally  Currently
 Good:      63994184   63477872    Changed to bad:     516312
 Bad:       11695876   12212188    Changed to good:         0
 16.1% of the data is now flagged

2018-11-22 06:20:32,667 [MainThread  ] [INFO ]  gpcal vis=2245-328.9500 refant=4 interval=0.1 nfbin=2 options=xyvary,qusolve

gpcal: Revision 1.22, 2016/05/01 22:31:05 UTC

Applying bandpass corrections to 2245-328.9500
Number of antennae: 6
Using leakage parameters from input as initial guess
Reading the data ...
Number of solution intervals: 615
Total visibilities read: 9235
Number visibilities accepted: 9196
Iter= 1, Amplit/Phase Solution Error:   1.374
Iter= 1, Polarisation Solution Error:   0.006
Iter= 1, Overall Solution Error:        2.442
Iter= 2, Amplit/Phase Solution Error:   0.008
Iter= 2, Polarisation Solution Error:   0.000
Iter= 2, Overall Solution Error:        0.007
Iter= 3, Amplit/Phase Solution Error:   0.001
Iter= 3, Polarisation Solution Error:   0.000
Iter= 3, Overall Solution Error:        0.001
I flux density:   0.7755
Percent Q:  -0.435
Percent U:  -0.610
Leakage terms:
 Ant 1:Dx,Dy = ( 0.00094,-0.00114),( 0.00016, 0.00048)
 Ant 2:Dx,Dy = ( 0.00350, 0.00056),(-0.00394, 0.00354)
 Ant 3:Dx,Dy = ( 0.00624,-0.00509),(-0.00882,-0.00403)
 Ant 4:Dx,Dy = ( 0.00196, 0.01433),(-0.00078, 0.01591)
 Ant 5:Dx,Dy = (-0.01670, 0.00245),( 0.01720, 0.00349)
 Ant 6:Dx,Dy = ( 0.00498,-0.01740),(-0.00290,-0.01309)
Solution for freq bin  1
Iter= 1, Amplit/Phase Solution Error:   1.359
Iter= 1, Polarisation Solution Error:   0.006
Iter= 1, Overall Solution Error:        2.340
Iter= 2, Amplit/Phase Solution Error:   0.008
Iter= 2, Polarisation Solution Error:   0.000
Iter= 2, Overall Solution Error:        0.007
Iter= 3, Amplit/Phase Solution Error:   0.001
Iter= 3, Polarisation Solution Error:   0.000
Iter= 3, Overall Solution Error:        0.001
I flux density:   0.7877
Percent Q:  -0.445
Percent U:  -0.582
Leakage terms:
 Ant 1:Dx,Dy = ( 0.00049,-0.00113),(-0.00031, 0.00061)
 Ant 2:Dx,Dy = ( 0.00396, 0.00093),(-0.00461, 0.00491)
 Ant 3:Dx,Dy = ( 0.00544,-0.00574),(-0.00922,-0.00404)
 Ant 4:Dx,Dy = ( 0.00175, 0.01440),(-0.00103, 0.01601)
 Ant 5:Dx,Dy = (-0.01669, 0.00110),( 0.01696, 0.00282)
 Ant 6:Dx,Dy = ( 0.00487,-0.01662),(-0.00199,-0.01326)
Solution for freq bin  2
Iter= 1, Amplit/Phase Solution Error:   1.388
Iter= 1, Polarisation Solution Error:   0.006
Iter= 1, Overall Solution Error:        2.332
Iter= 2, Amplit/Phase Solution Error:   0.008
Iter= 2, Polarisation Solution Error:   0.000
Iter= 2, Overall Solution Error:        0.008
Iter= 3, Amplit/Phase Solution Error:   0.001
Iter= 3, Polarisation Solution Error:   0.000
Iter= 3, Overall Solution Error:        0.001
I flux density:   0.7702
Percent Q:  -0.430
Percent U:  -0.638
Leakage terms:
 Ant 1:Dx,Dy = ( 0.00138,-0.00116),( 0.00064, 0.00035)
 Ant 2:Dx,Dy = ( 0.00304, 0.00021),(-0.00331, 0.00223)
 Ant 3:Dx,Dy = ( 0.00702,-0.00452),(-0.00841,-0.00402)
 Ant 4:Dx,Dy = ( 0.00214, 0.01425),(-0.00048, 0.01584)
 Ant 5:Dx,Dy = (-0.01658, 0.00376),( 0.01753, 0.00410)
 Ant 6:Dx,Dy = ( 0.00523,-0.01800),(-0.00374,-0.01305)

2018-11-22 06:23:38,373 [MainThread  ] [INFO ]  pgflag vis=2245-328.9500 command='<b' stokes=i,q,u,v flagpar=8,5,5,3,6,3 options=nodisp

pgflag: Revision 1.30, 2016/10/05 23:06:50 UTC

Applying bandpass corrections to 2245-328.9500
Applying freq. dependent gain corrections to 2245-328.9500
Applying freq. dependent leakage correction to 2245-328.9500
Applying changes to dataset
Counts of correlations within selected channels:
 channel  Originally  Currently
 Good:      63477872   62970300    Changed to bad:     507572
 Bad:       12212188   12719760    Changed to good:         0
 16.8% of the data is now flagged

2018-11-22 06:26:46,957 [MainThread  ] [INFO ]  pgflag vis=2245-328.9500 command='<b' stokes=i,v,q,u flagpar=8,2,2,3,6,3  options=nodisp

pgflag: Revision 1.30, 2016/10/05 23:06:50 UTC

Applying bandpass corrections to 2245-328.9500
Applying freq. dependent gain corrections to 2245-328.9500
Applying freq. dependent leakage correction to 2245-328.9500
Applying changes to dataset
Counts of correlations within selected channels:
 channel  Originally  Currently
 Good:      62970300   62486432    Changed to bad:     483868
 Bad:       12719760   13203628    Changed to good:         0
 17.4% of the data is now flagged

2018-11-22 06:30:11,414 [MainThread  ] [INFO ]  pgflag vis=2245-328.9500 command='<b' stokes=i,v,u,q flagpar=8,2,2,3,6,3  options=nodisp

pgflag: Revision 1.30, 2016/10/05 23:06:50 UTC

Applying bandpass corrections to 2245-328.9500
Applying freq. dependent gain corrections to 2245-328.9500
Applying freq. dependent leakage correction to 2245-328.9500
Applying changes to dataset
Counts of correlations within selected channels:
 channel  Originally  Currently
 Good:      62486432   62022572    Changed to bad:     463860
 Bad:       13203628   13667488    Changed to good:         0
 18.1% of the data is now flagged

2018-11-22 06:30:17,010 [MainThread  ] [INFO ]  gpcal vis=2245-328.9500 refant=4 interval=0.1 nfbin=2 options=xyvary,qusolve

gpcal: Revision 1.22, 2016/05/01 22:31:05 UTC

Applying bandpass corrections to 2245-328.9500
Number of antennae: 6
Using leakage parameters from input as initial guess
Reading the data ...
Number of solution intervals: 615
Total visibilities read: 9235
Number visibilities accepted: 9191
Iter= 1, Amplit/Phase Solution Error:   1.375
Iter= 1, Polarisation Solution Error:   0.006
Iter= 1, Overall Solution Error:        2.439
Iter= 2, Amplit/Phase Solution Error:   0.008
Iter= 2, Polarisation Solution Error:   0.000
Iter= 2, Overall Solution Error:        0.007
Iter= 3, Amplit/Phase Solution Error:   0.001
Iter= 3, Polarisation Solution Error:   0.000
Iter= 3, Overall Solution Error:        0.001
I flux density:   0.7768
Percent Q:  -0.436
Percent U:  -0.604
Leakage terms:
 Ant 1:Dx,Dy = ( 0.00095,-0.00115),( 0.00016, 0.00046)
 Ant 2:Dx,Dy = ( 0.00352, 0.00057),(-0.00390, 0.00352)
 Ant 3:Dx,Dy = ( 0.00625,-0.00511),(-0.00881,-0.00405)
 Ant 4:Dx,Dy = ( 0.00197, 0.01436),(-0.00075, 0.01590)
 Ant 5:Dx,Dy = (-0.01668, 0.00249),( 0.01721, 0.00353)
 Ant 6:Dx,Dy = ( 0.00499,-0.01743),(-0.00291,-0.01309)
Solution for freq bin  1
Iter= 1, Amplit/Phase Solution Error:   1.360
Iter= 1, Polarisation Solution Error:   0.006
Iter= 1, Overall Solution Error:        2.339
Iter= 2, Amplit/Phase Solution Error:   0.008
Iter= 2, Polarisation Solution Error:   0.000
Iter= 2, Overall Solution Error:        0.007
Iter= 3, Amplit/Phase Solution Error:   0.001
Iter= 3, Polarisation Solution Error:   0.000
Iter= 3, Overall Solution Error:        0.001
I flux density:   0.7889
Percent Q:  -0.446
Percent U:  -0.573
Leakage terms:
 Ant 1:Dx,Dy = ( 0.00048,-0.00115),(-0.00030, 0.00060)
 Ant 2:Dx,Dy = ( 0.00401, 0.00093),(-0.00456, 0.00492)
 Ant 3:Dx,Dy = ( 0.00544,-0.00578),(-0.00918,-0.00408)
 Ant 4:Dx,Dy = ( 0.00178, 0.01446),(-0.00102, 0.01599)
 Ant 5:Dx,Dy = (-0.01669, 0.00113),( 0.01695, 0.00288)
 Ant 6:Dx,Dy = ( 0.00489,-0.01663),(-0.00198,-0.01327)
Solution for freq bin  2
Iter= 1, Amplit/Phase Solution Error:   1.389
Iter= 1, Polarisation Solution Error:   0.006
Iter= 1, Overall Solution Error:        2.332
Iter= 2, Amplit/Phase Solution Error:   0.008
Iter= 2, Polarisation Solution Error:   0.000
Iter= 2, Overall Solution Error:        0.008
Iter= 3, Amplit/Phase Solution Error:   0.001
Iter= 3, Polarisation Solution Error:   0.000
Iter= 3, Overall Solution Error:        0.001
I flux density:   0.7718
Percent Q:  -0.430
Percent U:  -0.636
Leakage terms:
 Ant 1:Dx,Dy = ( 0.00138,-0.00117),( 0.00062, 0.00034)
 Ant 2:Dx,Dy = ( 0.00305, 0.00023),(-0.00330, 0.00223)
 Ant 3:Dx,Dy = ( 0.00702,-0.00452),(-0.00842,-0.00401)
 Ant 4:Dx,Dy = ( 0.00213, 0.01426),(-0.00045, 0.01584)
 Ant 5:Dx,Dy = (-0.01656, 0.00376),( 0.01753, 0.00412)
 Ant 6:Dx,Dy = ( 0.00523,-0.01803),(-0.00374,-0.01305)

2018-11-22 06:30:17,034 [MainThread  ] [INFO ]  gpboot vis=2245-328.9500 cal=1934-638.9500

gpboot: Revision 1.9, 2015/10/29 01:31:30 UTC

Secondary flux density scaled by:   0.993
Frequency bin  1 scaled by      :   0.937
Frequency bin  2 scaled by      :   1.004

2018-11-22 06:32:14,301 [MainThread  ] [INFO ]  gpcopy vis=2245-328.9500 out=d.9500

gpcopy: Revision 1.13, 2015/10/29 01:31:39 UTC

Copying leakage table
Copying gain table
Interpolation tolerance set to (minutes): 720.00
Copying bandpass table

2018-11-22 06:53:47,878 [MainThread  ] [INFO ]  pgflag vis=d.9500 command='<b' stokes=i,v,q,u flagpar=8,2,2,3,6,3  options=nodisp

pgflag: Revision 1.30, 2016/10/05 23:06:50 UTC

Applying bandpass corrections to d.9500
Applying freq. dependent gain corrections to d.9500
Applying freq. dependent leakage correction to d.9500
Applying changes to dataset
Counts of correlations within selected channels:
 channel  Originally  Currently
 Good:     416696384  400327652    Changed to bad:   16368732
 Bad:       66228328   82597060    Changed to good:         0
 17.1% of the data is now flagged

2018-11-22 07:13:24,888 [MainThread  ] [INFO ]  pgflag vis=d.9500 command='<b' stokes=i,v,u,q flagpar=8,2,2,3,6,3  options=nodisp

pgflag: Revision 1.30, 2016/10/05 23:06:50 UTC

Applying bandpass corrections to d.9500
Applying freq. dependent gain corrections to d.9500
Applying freq. dependent leakage correction to d.9500
Applying changes to dataset
Counts of correlations within selected channels:
 channel  Originally  Currently
 Good:     400327652  389864720    Changed to bad:   10462932
 Bad:       82597060   93059992    Changed to good:         0
 19.3% of the data is now flagged

2018-11-22 07:15:27,315 [MainThread  ] [INFO ]  uvsplit vis=d.9500

uvsplit: Revision 1.18, 2016/05/09 03:06:18 UTC

Creating d_221.9500
Creating d_222.9500
Creating d_223.9500
Creating d_224.9500
Creating d_225.9500
Creating d_226.9500
Creating d_227.9500
Creating d_228.9500
Creating d_229.9500
Creating d_230.9500
Creating d_231.9500
Creating d_232.9500
Creating d_233.9500
Creating d_234.9500
Creating d_235.9500
Creating d_236.9500
Creating d_237.9500
Creating d_238.9500
Creating d_239.9500
Creating d_240.9500
Creating d_241.9500
Creating d_242.9500
Creating d_243.9500
Creating d_244.9500
Creating d_245.9500
Creating d_246.9500
Creating d_247.9500
Creating d_248.9500
Creating d_249.9500
Creating d_250.9500
Creating d_251.9500
Creating d_252.9500
Creating d_253.9500
Creating d_254.9500
Creating d_255.9500
Creating d_256.9500
Creating d_257.9500
Creating d_258.9500
Creating d_259.9500
Creating d_260.9500
Creating d_261.9500
Creating d_262.9500
Creating d_263.9500
Creating d_264.9500
Creating d_265.9500
Creating d_266.9500
Creating d_267.9500
Creating d_268.9500
Creating d_269.9500
Creating d_270.9500
Creating d_271.9500
Creating d_272.9500
Creating d_273.9500
Creating d_274.9500
Creating d_275.9500
Creating d_276.9500
Creating d_277.9500
Creating d_278.9500
Creating d_279.9500
Creating d_280.9500
Creating d_281.9500
Creating d_282.9500
Creating d_283.9500
Creating d_284.9500
Creating d_285.9500
Creating d_286.9500
Creating d_287.9500
Creating d_288.9500
Creating d_289.9500
Creating d_290.9500
Creating d_291.9500
Creating d_292.9500
Creating d_293.9500
Creating d_294.9500
Creating d_295.9500
Creating d_296.9500
Creating d_297.9500
Creating d_298.9500
Creating d_299.9500
Creating d_300.9500
Creating d_301.9500
Creating d_302.9500
Creating d_303.9500
Creating d_304.9500
Creating d_305.9500
Creating d_306.9500
Creating d_307.9500
Creating d_308.9500
Creating d_309.9500
Creating d_310.9500
Creating d_311.9500
Creating d_312.9500
Creating d_313.9500
Creating d_314.9500
Creating d_315.9500
Creating d_316.9500
Creating d_317.9500
Creating d_318.9500
Creating d_319.9500
Creating d_320.9500
Creating d_321.9500
Creating d_322.9500
Creating d_323.9500
Creating d_324.9500
Creating d_325.9500
Creating d_326.9500
Creating d_327.9500
Creating d_328.9500
Creating d_329.9500
Creating d_330.9500
Creating d_331.9500
Creating d_332.9500
Creating d_333.9500
Creating d_334.9500
Creating d_335.9500
Creating d_336.9500
Creating d_337.9500
Creating d_338.9500
Creating d_339.9500
Creating d_340.9500
Creating d_341.9500
Creating d_342.9500
Creating d_343.9500
Creating d_344.9500
Creating d_345.9500
Creating d_346.9500
Creating d_347.9500
Creating d_348.9500
Creating d_349.9500
Creating d_350.9500
Creating d_351.9500
Creating d_352.9500
Creating d_353.9500
Creating d_354.9500
Creating d_355.9500
Creating d_356.9500
Creating d_357.9500
Creating d_358.9500
Creating d_359.9500
Creating d_360.9500
Creating d_181.9500
Creating d_182.9500
Creating d_183.9500
Creating d_184.9500
Creating d_185.9500
Creating d_186.9500
Creating d_187.9500
Creating d_188.9500
Creating d_189.9500
Creating d_190.9500
Creating d_191.9500
Creating d_192.9500
Creating d_193.9500
Creating d_194.9500
Creating d_195.9500
Creating d_196.9500
Creating d_197.9500
Creating d_198.9500
Creating d_199.9500
Creating d_200.9500
Creating d_201.9500
Creating d_202.9500
Creating d_203.9500
Creating d_204.9500
Creating d_205.9500
Creating d_206.9500
Creating d_207.9500
Creating d_208.9500
Creating d_209.9500
Creating d_210.9500
Creating d_211.9500
Creating d_212.9500
Creating d_213.9500
Creating d_214.9500
Creating d_215.9500
Creating d_216.9500
Creating d_217.9500
Creating d_218.9500
Creating d_219.9500
Creating d_220.9500

