2018-11-05 01:53:10,108 [MainThread  ] [INFO ]  atlod in=raw/2018-10-19_0514.C3132,raw/2018-10-19_0802.C3132,raw/2018-10-19_1055.C3132,raw/2018-10-19_1342.C3132,raw/2018-10-19_1638.C3132 out=data5.uv ifsel=1 options=birdie,rfiflag,noauto,xycorr

atlod: Revision 1.53, 2016/08/25 23:02:21 UTC

Processing file raw/2018-10-19_0514.C3132
 05:14:54 CAOBS> track 1
CABB data detected
Scan 1 started at 18OCT19:05:15:08.0
Source: 1934-638
Flagging channels in  28 frequency ranges
 05:24:42 CAOBS> stop
 05:24:58 CAOBS> set file c3132_obs_c4.sch
 05:25:07 CAOBS> start 5/99
Scan 2 started at 18OCT19:05:26:52.0
Source: 2255-282
Scan 3 started at 18OCT19:05:29:48.0
Source: c_581
Source: c_582
Source: c_583
Source: c_584
Source: c_585
Source: c_586
Source: c_587
Source: c_588
Source: c_589
Source: c_590
Source: c_591
Source: c_592
Source: c_593
Source: c_594
Source: c_595
Source: c_596
Source: c_597
Source: c_598
Source: c_599
Source: c_600
Scan 4 started at 18OCT19:05:43:24.0
Source: 2255-282
Scan 5 started at 18OCT19:05:46:12.0
Source: c_601
Source: c_602
Source: c_603
Source: c_604
Source: c_605
Source: c_606
Source: c_607
Source: c_608
Source: c_609
Source: c_610
Source: c_611
Source: c_612
Source: c_613
Source: c_614
Source: c_615
Source: c_616
Source: c_617
Source: c_618
Source: c_619
Source: c_620
Scan 6 started at 18OCT19:05:59:48.0
Source: 2255-282
Scan 7 started at 18OCT19:06:02:36.0
Source: c_621
Source: c_622
Source: c_623
Source: c_624
Source: c_625
Source: c_626
Source: c_627
Source: c_628
Source: c_629
Source: c_630
Source: c_631
Source: c_632
Source: c_633
Source: c_634
Source: c_635
Source: c_636
Source: c_637
Source: c_638
Source: c_639
Source: c_640
Scan 8 started at 18OCT19:06:16:12.0
Source: 2255-282
Scan 9 started at 18OCT19:06:19:00.0
Source: c_641
Source: c_642
Source: c_643
Source: c_644
Source: c_645
Source: c_646
Source: c_647
Source: c_648
Source: c_649
Source: c_650
Source: c_651
Source: c_652
Source: c_653
Source: c_654
Source: c_655
Source: c_656
Source: c_657
Source: c_658
Source: c_659
Source: c_660
Scan 10 started at 18OCT19:06:32:36.0
Source: 2255-282
Scan 11 started at 18OCT19:06:35:24.0
Source: c_661
Source: c_662
Source: c_663
Source: c_664
Source: c_665
Source: c_666
Source: c_667
Source: c_668
Source: c_669
Source: c_670
Source: c_671
Source: c_672
Source: c_673
Source: c_674
Source: c_675
Source: c_676
Source: c_677
Source: c_678
Source: c_679
Source: c_680
Scan 12 started at 18OCT19:06:49:00.0
Source: 2255-282
Scan 13 started at 18OCT19:06:51:48.0
Source: c_681
Source: c_682
Source: c_683
Source: c_684
Source: c_685
Source: c_686
Source: c_687
Source: c_688
Source: c_689
Source: c_690
Source: c_691
Source: c_692
Source: c_693
Source: c_694
Source: c_695
Source: c_696
Source: c_697
Source: c_698
Source: c_699
Source: c_700
Scan 14 started at 18OCT19:07:05:32.0
Source: 2255-282
Scan 15 started at 18OCT19:07:08:20.0
Source: c_701
Source: c_702
Source: c_703
Source: c_704
Source: c_705
Source: c_706
Source: c_707
Source: c_708
Source: c_709
Source: c_710
Source: c_711
Source: c_712
Source: c_713
Source: c_714
Source: c_715
Source: c_716
Source: c_717
Source: c_718
Source: c_719
Source: c_720
Scan 16 started at 18OCT19:07:21:56.0
Source: 2255-282
Scan 17 started at 18OCT19:07:24:44.0
Source: c_541
Source: c_542
Source: c_543
Source: c_544
Source: c_545
Source: c_546
Source: c_547
Source: c_548
Source: c_549
Source: c_550
Source: c_551
Source: c_552
Source: c_553
Source: c_554
Source: c_555
Source: c_556
Source: c_557
Source: c_558
Source: c_559
Source: c_560
Scan 18 started at 18OCT19:07:38:28.0
Source: 2255-282
Scan 19 started at 18OCT19:07:41:16.0
Source: c_561
Source: c_562
Source: c_563
Source: c_564
Source: c_565
Source: c_566
Source: c_567
Source: c_568
Source: c_569
Source: c_570
Source: c_571
Source: c_572
Source: c_573
Source: c_574
Source: c_575
Source: c_576
Source: c_577
Source: c_578
Source: c_579
Source: c_580
Scan 20 started at 18OCT19:07:55:00.0
Source: 2255-282
Scan 21 started at 18OCT19:07:57:48.0
Source: c_581
Source: c_582
Source: c_583
Source: c_584
Source: c_585
Source: c_586
Source: c_587
RPFITS file version is 2.12
---------------------------------------
Total number of spectra selected: 72660

Summary of spectra flagged
Flagging Reason            Fraction
---------------            --------
Antenna off-source/off-line  4.67%
---------------------------------------
Processing file raw/2018-10-19_0802.C3132
CABB data detected
Scan 1 started at 18OCT19:08:02:20.0
Source: c_587
Source: c_588
Source: c_589
Source: c_590
Source: c_591
Source: c_592
Source: c_593
Source: c_594
Source: c_595
Source: c_596
Source: c_597
Source: c_598
Source: c_599
Source: c_600
Scan 2 started at 18OCT19:08:11:24.0
Source: 2255-282
Scan 3 started at 18OCT19:08:14:12.0
Source: c_601
Source: c_602
Source: c_603
Source: c_604
Source: c_605
Source: c_606
Source: c_607
Source: c_608
Source: c_609
Source: c_610
Source: c_611
Source: c_612
Source: c_613
Source: c_614
Source: c_615
Source: c_616
Source: c_617
Source: c_618
Source: c_619
Source: c_620
Scan 4 started at 18OCT19:08:27:56.0
Source: 2255-282
Scan 5 started at 18OCT19:08:30:44.0
Source: c_621
Source: c_622
Source: c_623
Source: c_624
Source: c_625
Source: c_626
Source: c_627
Source: c_628
Source: c_629
Source: c_630
Source: c_631
Source: c_632
Source: c_633
Source: c_634
Source: c_635
Source: c_636
Source: c_637
Source: c_638
Source: c_639
Source: c_640
Scan 6 started at 18OCT19:08:44:28.0
Source: 2255-282
Scan 7 started at 18OCT19:08:47:16.0
Source: c_641
Source: c_642
Source: c_643
Source: c_644
Source: c_645
Source: c_646
Source: c_647
Source: c_648
Source: c_649
Source: c_650
Source: c_651
Scan 8 started at 18OCT19:09:01:00.0
Source: 2255-282
Scan 9 started at 18OCT19:09:03:56.0
Source: c_661
Source: c_662
Source: c_663
Source: c_664
Source: c_665
Source: c_666
Source: c_667
Source: c_668
Source: c_669
Source: c_670
Source: c_671
Source: c_672
Source: c_673
Source: c_674
Source: c_675
Source: c_676
Source: c_677
Source: c_678
Source: c_679
Source: c_680
Scan 10 started at 18OCT19:09:17:32.0
Source: 2255-282
Scan 11 started at 18OCT19:09:20:28.0
Source: c_681
Source: c_682
Source: c_683
Source: c_684
Source: c_685
Source: c_686
Source: c_687
Source: c_688
Source: c_689
Source: c_690
Source: c_691
Source: c_692
Source: c_693
Source: c_694
Source: c_695
Source: c_696
Source: c_697
Source: c_698
Source: c_699
Source: c_700
Scan 12 started at 18OCT19:09:34:20.0
Source: 2255-282
Scan 13 started at 18OCT19:09:37:16.0
Source: c_701
Source: c_702
Source: c_703
Source: c_704
Source: c_705
Source: c_706
Source: c_707
Source: c_708
Source: c_709
Source: c_710
Source: c_711
Source: c_712
Source: c_713
Source: c_714
Source: c_715
Source: c_716
Source: c_717
Source: c_718
Source: c_719
Source: c_720
Scan 14 started at 18OCT19:09:51:08.0
Source: 2255-282
Scan 15 started at 18OCT19:09:54:20.0
Source: c_541
Source: c_542
Source: c_543
Source: c_544
Source: c_545
Source: c_546
Source: c_547
Source: c_548
Source: c_549
Source: c_550
Source: c_551
Source: c_552
Source: c_553
Source: c_554
Source: c_555
Source: c_556
Source: c_557
Source: c_558
Source: c_559
Source: c_560
Scan 16 started at 18OCT19:10:08:12.0
Source: 2255-282
Scan 17 started at 18OCT19:10:11:24.0
Source: c_561
Source: c_562
Source: c_563
Source: c_564
Source: c_565
Source: c_566
Source: c_567
Source: c_568
Source: c_569
Source: c_570
Source: c_571
Source: c_572
Source: c_573
Source: c_574
Source: c_575
Source: c_576
Source: c_577
Source: c_578
Source: c_579
Source: c_580
Scan 18 started at 18OCT19:10:25:24.0
Source: 2255-282
Scan 19 started at 18OCT19:10:29:00.0
Source: c_581
Source: c_582
Source: c_583
Source: c_584
Source: c_585
Source: c_586
Source: c_587
Source: c_588
Source: c_589
Source: c_590
Source: c_591
Source: c_592
Source: c_593
Source: c_594
Source: c_595
Source: c_596
Source: c_597
Source: c_598
Source: c_599
Source: c_600
Scan 20 started at 18OCT19:10:42:52.0
Source: 2255-282
Scan 21 started at 18OCT19:10:47:34.8
Source: c_602
Source: c_603
Source: c_604
Source: c_605
Source: c_606
Source: c_607
Source: c_608
Source: c_609
Source: c_610
Source: c_611
Source: c_612
Source: c_613
Source: c_614
RPFITS file version is 2.12
---------------------------------------
Total number of spectra selected: 72600

Summary of spectra flagged
Flagging Reason            Fraction
---------------            --------
Antenna off-source/off-line  8.00%
---------------------------------------
Processing file raw/2018-10-19_1055.C3132
CABB data detected
Scan 1 started at 18OCT19:10:55:56.0
Source: c_614
Source: c_615
Source: c_616
Source: c_617
Source: c_618
Source: c_619
Source: c_620
Scan 2 started at 18OCT19:11:02:44.0
Source: 2255-282
Scan 3 started at 18OCT19:11:10:52.0
Source: c_622
Source: c_624
Source: c_625
Source: c_626
Source: c_627
Source: c_628
Source: c_629
Source: c_630
Source: c_631
Source: c_632
Source: c_633
Source: c_634
Source: c_635
Source: c_636
Source: c_637
Source: c_638
Source: c_639
Source: c_640
Scan 4 started at 18OCT19:11:25:08.0
Source: 2255-282
Scan 5 started at 18OCT19:11:29:08.0
Source: c_641
Source: c_642
Source: c_643
Source: c_644
Source: c_645
Source: c_646
Source: c_647
Source: c_648
Source: c_649
Source: c_650
Source: c_651
Source: c_652
Source: c_653
Source: c_654
Source: c_655
Source: c_656
Source: c_657
Source: c_658
Source: c_659
Source: c_660
Scan 6 started at 18OCT19:11:43:08.0
Source: 2255-282
Scan 7 started at 18OCT19:11:46:44.0
Source: c_661
Source: c_662
Source: c_663
Source: c_664
Source: c_665
Source: c_666
Source: c_667
Source: c_668
Source: c_669
Source: c_670
Source: c_671
Source: c_672
Source: c_673
Source: c_674
Source: c_675
Source: c_676
Source: c_677
Source: c_678
Source: c_679
Source: c_680
Scan 8 started at 18OCT19:12:00:28.0
Source: 2255-282
Scan 9 started at 18OCT19:12:03:48.0
Source: c_681
Source: c_682
Source: c_683
Source: c_684
Source: c_685
Source: c_686
Source: c_687
Source: c_688
Source: c_689
Source: c_690
Source: c_691
Source: c_692
Source: c_693
Source: c_694
Source: c_695
Source: c_696
Source: c_697
Source: c_698
Source: c_699
Source: c_700
Scan 10 started at 18OCT19:12:17:40.0
Source: 2255-282
Scan 11 started at 18OCT19:12:20:44.0
Source: c_701
Source: c_702
Source: c_703
Source: c_704
Source: c_705
Source: c_706
Source: c_707
Source: c_708
Source: c_709
Source: c_710
Source: c_711
Source: c_712
Source: c_713
Source: c_714
Source: c_715
Source: c_716
Source: c_717
Source: c_718
Source: c_719
Source: c_720
Scan 12 started at 18OCT19:12:34:28.0
Source: 2255-282
Scan 13 started at 18OCT19:12:37:32.0
Source: c_541
Source: c_542
Source: c_543
Source: c_544
Source: c_545
Source: c_546
Source: c_547
Source: c_548
Source: c_549
Source: c_550
Source: c_551
Source: c_552
Source: c_553
Source: c_554
Source: c_555
Source: c_556
Source: c_557
Source: c_558
Source: c_559
Source: c_560
Scan 14 started at 18OCT19:12:51:16.0
Source: 2255-282
Scan 15 started at 18OCT19:12:54:12.0
Source: c_561
Source: c_562
Source: c_563
Source: c_564
Source: c_565
Source: c_566
Source: c_567
Source: c_568
Source: c_569
Source: c_570
Source: c_571
Source: c_572
Source: c_573
Source: c_574
Source: c_575
Source: c_576
Source: c_577
Source: c_578
Source: c_579
Source: c_580
Scan 16 started at 18OCT19:13:07:56.0
Source: 2255-282
Scan 17 started at 18OCT19:13:11:00.0
Source: c_581
Source: c_582
Source: c_583
Source: c_584
Source: c_585
Source: c_586
Source: c_587
Source: c_588
Source: c_589
Source: c_590
Source: c_591
Source: c_592
Source: c_593
Source: c_594
Source: c_595
Source: c_596
Source: c_597
Source: c_598
Source: c_599
Source: c_600
Scan 18 started at 18OCT19:13:24:36.0
Source: 2255-282
Scan 19 started at 18OCT19:13:27:32.0
Source: c_601
Source: c_602
Source: c_603
Source: c_604
Source: c_605
Source: c_606
Source: c_607
Source: c_608
Source: c_609
Source: c_610
Source: c_611
Source: c_612
Source: c_613
Source: c_614
Source: c_615
Source: c_616
Source: c_617
Source: c_618
Source: c_619
Source: c_620
Scan 20 started at 18OCT19:13:41:08.0
Source: 2255-282
RPFITS file version is 2.12
---------------------------------------
Total number of spectra selected: 72660

Summary of spectra flagged
Flagging Reason            Fraction
---------------            --------
Antenna off-source/off-line  14.1%
---------------------------------------
Processing file raw/2018-10-19_1342.C3132
CABB data detected
Scan 1 started at 18OCT19:13:42:28.0
Source: 2255-282
Scan 2 started at 18OCT19:13:43:56.0
Source: c_621
Source: c_622
Source: c_623
Source: c_624
Source: c_625
Source: c_626
Source: c_627
Source: c_628
Source: c_629
Source: c_630
Source: c_631
Source: c_632
Source: c_633
Source: c_634
Source: c_635
Source: c_636
Source: c_637
Source: c_638
Source: c_639
Source: c_640
Scan 3 started at 18OCT19:13:57:40.0
Source: 2255-282
Scan 4 started at 18OCT19:14:00:28.0
Source: c_641
Source: c_642
Source: c_643
Source: c_644
Source: c_645
Source: c_646
Source: c_647
Source: c_648
Source: c_649
Source: c_650
Source: c_651
Source: c_652
Source: c_653
Source: c_654
Source: c_655
Source: c_656
Source: c_657
Source: c_658
Source: c_659
Source: c_660
Scan 5 started at 18OCT19:14:14:04.0
Source: 2255-282
Scan 6 started at 18OCT19:14:17:00.0
Source: c_661
Source: c_662
Source: c_663
Source: c_664
Source: c_665
Source: c_666
Source: c_667
Source: c_668
Source: c_669
Source: c_670
Source: c_671
Source: c_672
Source: c_673
Source: c_674
Source: c_675
Source: c_676
Source: c_677
Source: c_678
Source: c_679
Source: c_680
Scan 7 started at 18OCT19:14:30:28.0
Source: 2255-282
Scan 8 started at 18OCT19:14:33:16.0
Source: c_681
Source: c_682
Source: c_683
Source: c_684
Source: c_685
Source: c_686
Source: c_687
Source: c_688
Source: c_689
Source: c_690
Source: c_691
Source: c_692
Source: c_693
Source: c_694
Source: c_695
Source: c_696
Source: c_697
Source: c_698
Source: c_699
Source: c_700
Scan 9 started at 18OCT19:14:47:00.0
Source: 2255-282
Scan 10 started at 18OCT19:14:49:48.0
Source: c_701
Source: c_702
Source: c_703
Source: c_704
Source: c_705
Source: c_706
Source: c_707
Scan 11 started at 18OCT19:15:03:24.0
Source: 2255-282
Scan 12 started at 18OCT19:15:06:12.0
Source: c_541
Source: c_542
Source: c_543
Source: c_544
Source: c_545
Source: c_546
Source: c_547
Source: c_548
Source: c_549
Source: c_550
Source: c_551
Source: c_552
Source: c_553
Source: c_554
Source: c_555
Source: c_556
Source: c_557
Source: c_558
Source: c_559
Source: c_560
Scan 13 started at 18OCT19:15:19:56.0
Source: 2255-282
Scan 14 started at 18OCT19:15:22:44.0
Source: c_561
Source: c_562
Source: c_563
Source: c_564
Source: c_565
Source: c_566
Source: c_567
Source: c_568
Source: c_569
Source: c_570
Source: c_571
Source: c_572
Source: c_573
Source: c_574
Source: c_575
Source: c_576
Source: c_577
Source: c_578
Source: c_579
Source: c_580
Scan 15 started at 18OCT19:15:36:20.0
Source: 2255-282
Scan 16 started at 18OCT19:15:39:08.0
Source: c_581
Source: c_582
Source: c_583
Source: c_584
Source: c_585
Source: c_586
Source: c_587
Source: c_588
Source: c_589
Source: c_590
Source: c_591
Source: c_592
Source: c_593
Source: c_594
Source: c_595
Source: c_596
Source: c_597
Source: c_598
Source: c_599
Source: c_600
Scan 17 started at 18OCT19:15:52:44.0
Source: 2255-282
Scan 18 started at 18OCT19:15:55:32.0
Source: c_601
Source: c_602
Source: c_603
Source: c_604
Source: c_605
Source: c_606
Source: c_607
Source: c_608
Source: c_609
Source: c_610
Source: c_611
Source: c_612
Source: c_613
Source: c_614
Source: c_615
Source: c_616
Source: c_617
Source: c_618
Source: c_619
Source: c_620
Scan 19 started at 18OCT19:16:09:08.0
Source: 2255-282
Scan 20 started at 18OCT19:16:11:56.0
Source: c_621
Source: c_622
Source: c_623
Source: c_624
Source: c_625
Source: c_626
Source: c_627
Source: c_628
Source: c_629
Source: c_630
Source: c_631
Source: c_632
Source: c_633
Source: c_634
Source: c_635
Source: c_636
Source: c_637
Source: c_638
Source: c_639
Source: c_640
Scan 21 started at 18OCT19:16:25:32.0
Source: 2255-282
Scan 22 started at 18OCT19:16:28:20.0
Source: c_641
Source: c_642
Source: c_643
Source: c_644
Source: c_645
Source: c_646
Source: c_647
Source: c_648
Source: c_649
Source: c_650
Source: c_651
Source: c_652
Source: c_653
Source: c_654
Source: c_655
Source: c_656
RPFITS file version is 2.12
---------------------------------------
Total number of spectra selected: 72600

Summary of spectra flagged
Flagging Reason            Fraction
---------------            --------
Antenna off-source/off-line  3.99%
---------------------------------------
Processing file raw/2018-10-19_1638.C3132
CABB data detected
Scan 1 started at 18OCT19:16:38:52.0
Source: c_656
Source: c_657
Source: c_658
Source: c_659
Source: c_660
Scan 2 started at 18OCT19:16:41:56.0
Source: 2255-282
Scan 3 started at 18OCT19:16:44:44.0
Source: c_661
Source: c_662
Source: c_663
Source: c_664
Source: c_665
Source: c_666
Source: c_667
Source: c_668
Source: c_669
Source: c_670
Source: c_671
Source: c_672
Source: c_673
Source: c_674
Source: c_675
Source: c_676
Source: c_677
Source: c_678
Source: c_679
 16:57:22 CAOBS> stop
 16:57:24 CAOBS> track 1
Scan 4 started at 18OCT19:16:57:40.0
Source: 2255-282
 16:59:57 CAOBS> stop
 16:59:59 CAOBS> corr close file
RPFITS file version is 2.12
---------------------------------------
Total number of spectra selected: 9120

Summary of spectra flagged
Flagging Reason            Fraction
---------------            --------
Antenna off-source/off-line  2.63%
---------------------------------------

No CACAL data was detected

2018-11-05 01:55:26,681 [MainThread  ] [INFO ]  uvflag vis=data5.uv line=chan,6,1146,1 flagval=flag

uvflag: Revision 1.8, 2014/09/30 14:23:39 UTC


Set flags to indicate bad data in visibility file data5.uv
Linetype channel; select    6 channels; start 1146, width    1, step    1

Overview of flagging on visibility file data5.uv
Changed flags set to FALSE (data flagged as bad)
Total number of records selected: 277036; out of 277036 records
Antennas used: 1-6
Counts of correlations within selected channels
channel   Originally    Currently
Good:          830748.           0.    Changed to bad:      830748.
Bad:           831468.     1662216.

2018-11-05 01:55:54,928 [MainThread  ] [INFO ]  uvflag vis=data5.uv line=chan,30,1454,1 flagval=flag

uvflag: Revision 1.8, 2014/09/30 14:23:39 UTC


Set flags to indicate bad data in visibility file data5.uv
Linetype channel; select   30 channels; start 1454, width    1, step    1

Overview of flagging on visibility file data5.uv
Changed flags set to FALSE (data flagged as bad)
Total number of records selected: 277036; out of 277036 records
Antennas used: 1-6
Counts of correlations within selected channels
channel   Originally    Currently
Good:         8307480.           0.    Changed to bad:     8307480.
Bad:             3600.     8311080.

2018-11-05 01:56:51,167 [MainThread  ] [INFO ]  uvflag vis=data5.uv line=chan,40,1964,1 flagval=flag

uvflag: Revision 1.8, 2014/09/30 14:23:39 UTC


Set flags to indicate bad data in visibility file data5.uv
Linetype channel; select   40 channels; start 1964, width    1, step    1

Overview of flagging on visibility file data5.uv
Changed flags set to FALSE (data flagged as bad)
Total number of records selected: 277036; out of 277036 records
Antennas used: 1-6
Counts of correlations within selected channels
channel   Originally    Currently
Good:               0.           0.    Changed to bad:           0.
Bad:         11081440.    11081440.

2018-11-05 01:57:33,051 [MainThread  ] [INFO ]  uvsplit vis=data5.uv options=mosaic

uvsplit: Revision 1.18, 2016/05/09 03:06:18 UTC

Creating 1934-638.5500
Creating 2255-282.5500
Creating c.5500

2018-11-05 01:57:44,452 [MainThread  ] [INFO ]  pgflag vis=1934-638.5500 command='<b' stokes=i,q,u,v flagpar=8,5,5,3,6,3 options=nodisp

pgflag: Revision 1.30, 2016/10/05 23:06:50 UTC

Applying changes to dataset
Counts of correlations within selected channels:
 channel  Originally  Currently
 Good:       7763040    7712036    Changed to bad:      51004
 Bad:        1088640    1139644    Changed to good:         0
 12.9% of the data is now flagged

2018-11-05 01:57:54,630 [MainThread  ] [INFO ]  pgflag vis=1934-638.5500 command='<b' stokes=i,v,q,u flagpar=8,2,2,3,6,3  options=nodisp

pgflag: Revision 1.30, 2016/10/05 23:06:50 UTC

Applying changes to dataset
Counts of correlations within selected channels:
 channel  Originally  Currently
 Good:       7712036    7648512    Changed to bad:      63524
 Bad:        1139644    1203168    Changed to good:         0
 13.6% of the data is now flagged

2018-11-05 01:58:07,455 [MainThread  ] [INFO ]  pgflag vis=1934-638.5500 command='<b' stokes=i,v,u,q flagpar=8,2,2,3,6,3  options=nodisp

pgflag: Revision 1.30, 2016/10/05 23:06:50 UTC

Applying changes to dataset
Counts of correlations within selected channels:
 channel  Originally  Currently
 Good:       7648512    7520408    Changed to bad:     128104
 Bad:        1203168    1331272    Changed to good:         0
 15.0% of the data is now flagged

2018-11-05 01:59:10,807 [MainThread  ] [INFO ]  mfcal vis=1934-638.5500 refant=4 interval=0.1
MfCal: $Revision: 1.20 $, $Date: 2017/05/08 02:31:10 $
Selecting parallel-hand polarisations
Reading the data ...
Number correlations accepted: 3760204
Number of frequency bands/settings: 1
Number of polarisations selected: 2
Number of solution intervals: 72
Number of passband solution intervals: 1
Initialising ...
Using post-Aug94 ATCA flux scale for 1934-638.
Using known frequency variation of 1934-638
Generating initial solution estimate ...
Doing solution refinement ...
Iter= 1, Solution Error:  0.423
Iter= 2, Solution Error:  0.011
Iter= 3, Solution Error:  0.000
Saving solution ...

2018-11-05 01:59:11,816 [MainThread  ] [INFO ]  gpcal vis=1934-638.5500 refant=4 interval=0.1 nfbin=2 options=xyvary

gpcal: Revision 1.22, 2016/05/01 22:31:05 UTC

Applying bandpass corrections to 1934-638.5500
Number of antennae: 6
Reading the data ...
Number of solution intervals: 72
Total visibilities read: 1080
Number visibilities accepted: 1080
Using post-Aug94 ATCA flux scale for 1934-638.
Using IQUV =  5.0213,  0.0000,  0.0000,  0.0000 at   5.4481 GHz.
Using post-Aug94 ATCA flux scale for 1934-638.
Using IQUV =  5.5170,  0.0000,  0.0000,  0.0000 at   5.0318 GHz.
Using post-Aug94 ATCA flux scale for 1934-638.
Using IQUV =  4.5149,  0.0000,  0.0000,  0.0000 at   5.9496 GHz.
Iter= 1, Amplit/Phase Solution Error:   0.340
Iter= 1, Polarisation Solution Error:   0.042
Iter= 1, Overall Solution Error:        1.377
Iter= 2, Amplit/Phase Solution Error:   0.002
Iter= 2, Polarisation Solution Error:   0.000
Iter= 2, Overall Solution Error:        0.003
Iter= 3, Amplit/Phase Solution Error:   0.001
Iter= 3, Polarisation Solution Error:   0.000
Iter= 3, Overall Solution Error:        0.001
I flux density:   5.0213
Leakage terms:
 Ant 1:Dx,Dy = ( 0.00276,-0.00366),(-0.00119,-0.00276)
 Ant 2:Dx,Dy = ( 0.00370, 0.00813),(-0.00297, 0.00836)
 Ant 3:Dx,Dy = ( 0.00405,-0.00131),(-0.00760,-0.00132)
 Ant 4:Dx,Dy = ( 0.00441, 0.01889),(-0.00290, 0.01988)
 Ant 5:Dx,Dy = (-0.01632,-0.00079),( 0.01630,-0.00054)
 Ant 6:Dx,Dy = ( 0.00194,-0.02268),(-0.00111,-0.02220)
Solution for freq bin  1
Iter= 1, Amplit/Phase Solution Error:   0.320
Iter= 1, Polarisation Solution Error:   0.044
Iter= 1, Overall Solution Error:        1.314
Iter= 2, Amplit/Phase Solution Error:   0.002
Iter= 2, Polarisation Solution Error:   0.000
Iter= 2, Overall Solution Error:        0.004
Iter= 3, Amplit/Phase Solution Error:   0.001
Iter= 3, Polarisation Solution Error:   0.000
Iter= 3, Overall Solution Error:        0.001
I flux density:   5.5170
Leakage terms:
 Ant 1:Dx,Dy = ( 0.00287,-0.00329),(-0.00127,-0.00206)
 Ant 2:Dx,Dy = ( 0.00379, 0.00908),(-0.00323, 0.00925)
 Ant 3:Dx,Dy = ( 0.00343,-0.00136),(-0.00827,-0.00068)
 Ant 4:Dx,Dy = ( 0.00444, 0.01947),(-0.00327, 0.02058)
 Ant 5:Dx,Dy = (-0.01664,-0.00166),( 0.01600,-0.00119)
 Ant 6:Dx,Dy = ( 0.00129,-0.02446),(-0.00078,-0.02368)
Solution for freq bin  2
Iter= 1, Amplit/Phase Solution Error:   0.366
Iter= 1, Polarisation Solution Error:   0.038
Iter= 1, Overall Solution Error:        1.457
Iter= 2, Amplit/Phase Solution Error:   0.002
Iter= 2, Polarisation Solution Error:   0.000
Iter= 2, Overall Solution Error:        0.003
Iter= 3, Amplit/Phase Solution Error:   0.001
Iter= 3, Polarisation Solution Error:   0.000
Iter= 3, Overall Solution Error:        0.001
I flux density:   4.5149
Leakage terms:
 Ant 1:Dx,Dy = ( 0.00262,-0.00416),(-0.00109,-0.00369)
 Ant 2:Dx,Dy = ( 0.00356, 0.00680),(-0.00260, 0.00710)
 Ant 3:Dx,Dy = ( 0.00488,-0.00122),(-0.00669,-0.00219)
 Ant 4:Dx,Dy = ( 0.00437, 0.01812),(-0.00242, 0.01895)
 Ant 5:Dx,Dy = (-0.01588, 0.00041),( 0.01671, 0.00037)
 Ant 6:Dx,Dy = ( 0.00280,-0.02028),(-0.00157,-0.02020)

2018-11-05 01:59:27,022 [MainThread  ] [INFO ]  pgflag vis=1934-638.5500 command='<b' stokes=i,q,u,v flagpar=8,5,5,3,6,3 options=nodisp

pgflag: Revision 1.30, 2016/10/05 23:06:50 UTC

Applying bandpass corrections to 1934-638.5500
Applying freq. dependent gain corrections to 1934-638.5500
Applying freq. dependent leakage correction to 1934-638.5500
Applying changes to dataset
Counts of correlations within selected channels:
 channel  Originally  Currently
 Good:       7520408    7501436    Changed to bad:      18972
 Bad:        1331272    1350244    Changed to good:         0
 15.3% of the data is now flagged

2018-11-05 01:59:42,050 [MainThread  ] [INFO ]  pgflag vis=1934-638.5500 command='<b' stokes=i,v,q,u flagpar=8,2,2,3,6,3  options=nodisp

pgflag: Revision 1.30, 2016/10/05 23:06:50 UTC

Applying bandpass corrections to 1934-638.5500
Applying freq. dependent gain corrections to 1934-638.5500
Applying freq. dependent leakage correction to 1934-638.5500
Applying changes to dataset
Counts of correlations within selected channels:
 channel  Originally  Currently
 Good:       7501436    7482932    Changed to bad:      18504
 Bad:        1350244    1368748    Changed to good:         0
 15.5% of the data is now flagged

2018-11-05 01:59:56,834 [MainThread  ] [INFO ]  pgflag vis=1934-638.5500 command='<b' stokes=i,v,u,q flagpar=8,2,2,3,6,3  options=nodisp

pgflag: Revision 1.30, 2016/10/05 23:06:50 UTC

Applying bandpass corrections to 1934-638.5500
Applying freq. dependent gain corrections to 1934-638.5500
Applying freq. dependent leakage correction to 1934-638.5500
Applying changes to dataset
Counts of correlations within selected channels:
 channel  Originally  Currently
 Good:       7482932    7465472    Changed to bad:      17460
 Bad:        1368748    1386208    Changed to good:         0
 15.7% of the data is now flagged

2018-11-05 02:00:55,124 [MainThread  ] [INFO ]  mfcal vis=1934-638.5500 refant=4 interval=0.1
MfCal: $Revision: 1.20 $, $Date: 2017/05/08 02:31:10 $
Selecting parallel-hand polarisations
Reading the data ...
Number correlations accepted: 3732736
Number of frequency bands/settings: 1
Number of polarisations selected: 2
Number of solution intervals: 72
Number of passband solution intervals: 1
Initialising ...
Using post-Aug94 ATCA flux scale for 1934-638.
Using known frequency variation of 1934-638
Generating initial solution estimate ...
Doing solution refinement ...
Iter= 1, Solution Error:  0.424
Iter= 2, Solution Error:  0.011
Iter= 3, Solution Error:  0.000
Saving solution ...

2018-11-05 02:00:56,062 [MainThread  ] [INFO ]  gpcal vis=1934-638.5500 refant=4 interval=0.1 nfbin=2 options=xyvary

gpcal: Revision 1.22, 2016/05/01 22:31:05 UTC

Applying bandpass corrections to 1934-638.5500
Number of antennae: 6
Using leakage parameters from input as initial guess
Reading the data ...
Number of solution intervals: 72
Total visibilities read: 1080
Number visibilities accepted: 1080
Using post-Aug94 ATCA flux scale for 1934-638.
Using IQUV =  5.0219,  0.0000,  0.0000,  0.0000 at   5.4475 GHz.
Using post-Aug94 ATCA flux scale for 1934-638.
Using IQUV =  5.5145,  0.0000,  0.0000,  0.0000 at   5.0339 GHz.
Using post-Aug94 ATCA flux scale for 1934-638.
Using IQUV =  4.5164,  0.0000,  0.0000,  0.0000 at   5.9480 GHz.
Iter= 1, Amplit/Phase Solution Error:   0.339
Iter= 1, Polarisation Solution Error:   0.000
Iter= 1, Overall Solution Error:        1.376
Iter= 2, Amplit/Phase Solution Error:   0.002
Iter= 2, Polarisation Solution Error:   0.000
Iter= 2, Overall Solution Error:        0.004
Iter= 3, Amplit/Phase Solution Error:   0.001
Iter= 3, Polarisation Solution Error:   0.000
Iter= 3, Overall Solution Error:        0.001
I flux density:   5.0219
Leakage terms:
 Ant 1:Dx,Dy = ( 0.00276,-0.00366),(-0.00119,-0.00275)
 Ant 2:Dx,Dy = ( 0.00370, 0.00814),(-0.00297, 0.00836)
 Ant 3:Dx,Dy = ( 0.00405,-0.00131),(-0.00761,-0.00132)
 Ant 4:Dx,Dy = ( 0.00441, 0.01888),(-0.00289, 0.01988)
 Ant 5:Dx,Dy = (-0.01632,-0.00079),( 0.01631,-0.00054)
 Ant 6:Dx,Dy = ( 0.00194,-0.02268),(-0.00112,-0.02220)
Solution for freq bin  1
Iter= 1, Amplit/Phase Solution Error:   0.320
Iter= 1, Polarisation Solution Error:   0.002
Iter= 1, Overall Solution Error:        1.314
Iter= 2, Amplit/Phase Solution Error:   0.002
Iter= 2, Polarisation Solution Error:   0.000
Iter= 2, Overall Solution Error:        0.004
Iter= 3, Amplit/Phase Solution Error:   0.001
Iter= 3, Polarisation Solution Error:   0.000
Iter= 3, Overall Solution Error:        0.001
I flux density:   5.5145
Leakage terms:
 Ant 1:Dx,Dy = ( 0.00288,-0.00329),(-0.00127,-0.00205)
 Ant 2:Dx,Dy = ( 0.00379, 0.00907),(-0.00322, 0.00924)
 Ant 3:Dx,Dy = ( 0.00343,-0.00136),(-0.00827,-0.00068)
 Ant 4:Dx,Dy = ( 0.00444, 0.01946),(-0.00325, 0.02058)
 Ant 5:Dx,Dy = (-0.01663,-0.00166),( 0.01600,-0.00119)
 Ant 6:Dx,Dy = ( 0.00130,-0.02445),(-0.00078,-0.02366)
Solution for freq bin  2
Iter= 1, Amplit/Phase Solution Error:   0.366
Iter= 1, Polarisation Solution Error:   0.003
Iter= 1, Overall Solution Error:        1.456
Iter= 2, Amplit/Phase Solution Error:   0.002
Iter= 2, Polarisation Solution Error:   0.000
Iter= 2, Overall Solution Error:        0.003
Iter= 3, Amplit/Phase Solution Error:   0.001
Iter= 3, Polarisation Solution Error:   0.000
Iter= 3, Overall Solution Error:        0.001
I flux density:   4.5164
Leakage terms:
 Ant 1:Dx,Dy = ( 0.00261,-0.00416),(-0.00109,-0.00369)
 Ant 2:Dx,Dy = ( 0.00356, 0.00682),(-0.00260, 0.00711)
 Ant 3:Dx,Dy = ( 0.00490,-0.00123),(-0.00670,-0.00219)
 Ant 4:Dx,Dy = ( 0.00436, 0.01812),(-0.00240, 0.01895)
 Ant 5:Dx,Dy = (-0.01589, 0.00042),( 0.01673, 0.00037)
 Ant 6:Dx,Dy = ( 0.00280,-0.02029),(-0.00159,-0.02022)

2018-11-05 02:00:56,161 [MainThread  ] [INFO ]  gpcopy vis=1934-638.5500 out=2255-282.5500

gpcopy: Revision 1.13, 2015/10/29 01:31:39 UTC

Copying leakage table
Copying gain table
Interpolation tolerance set to (minutes): 720.00
Copying bandpass table

2018-11-05 02:03:53,646 [MainThread  ] [INFO ]  pgflag vis=2255-282.5500 command='<b' stokes=i,q,u,v flagpar=8,5,5,3,6,3 options=nodisp

pgflag: Revision 1.30, 2016/10/05 23:06:50 UTC

Applying bandpass corrections to 2255-282.5500
Applying freq. dependent gain corrections to 2255-282.5500
Applying freq. dependent leakage correction to 2255-282.5500
Applying changes to dataset
Counts of correlations within selected channels:
 channel  Originally  Currently
 Good:      68213470   67709450    Changed to bad:     504020
 Bad:        9566570   10070590    Changed to good:         0
 12.9% of the data is now flagged

2018-11-05 02:06:39,138 [MainThread  ] [INFO ]  pgflag vis=2255-282.5500 command='<b' stokes=i,v,q,u flagpar=8,2,2,3,6,3  options=nodisp

pgflag: Revision 1.30, 2016/10/05 23:06:50 UTC

Applying bandpass corrections to 2255-282.5500
Applying freq. dependent gain corrections to 2255-282.5500
Applying freq. dependent leakage correction to 2255-282.5500
Applying changes to dataset
Counts of correlations within selected channels:
 channel  Originally  Currently
 Good:      67709450   67214056    Changed to bad:     495394
 Bad:       10070590   10565984    Changed to good:         0
 13.6% of the data is now flagged

2018-11-05 02:09:34,357 [MainThread  ] [INFO ]  pgflag vis=2255-282.5500 command='<b' stokes=i,v,u,q flagpar=8,2,2,3,6,3  options=nodisp

pgflag: Revision 1.30, 2016/10/05 23:06:50 UTC

Applying bandpass corrections to 2255-282.5500
Applying freq. dependent gain corrections to 2255-282.5500
Applying freq. dependent leakage correction to 2255-282.5500
Applying changes to dataset
Counts of correlations within selected channels:
 channel  Originally  Currently
 Good:      67214056   66644264    Changed to bad:     569792
 Bad:       10565984   11135776    Changed to good:         0
 14.3% of the data is now flagged

2018-11-05 02:09:39,171 [MainThread  ] [INFO ]  gpcal vis=2255-282.5500 refant=4 interval=0.1 nfbin=2 options=xyvary,qusolve

gpcal: Revision 1.22, 2016/05/01 22:31:05 UTC

Applying bandpass corrections to 2255-282.5500
Number of antennae: 6
Using leakage parameters from input as initial guess
Reading the data ...
Number of solution intervals: 633
Total visibilities read: 9490
Number visibilities accepted: 9490
Iter= 1, Amplit/Phase Solution Error:   1.294
Iter= 1, Polarisation Solution Error:   0.008
Iter= 1, Overall Solution Error:        1.592
Iter= 2, Amplit/Phase Solution Error:   0.011
Iter= 2, Polarisation Solution Error:   0.000
Iter= 2, Overall Solution Error:        0.009
Iter= 3, Amplit/Phase Solution Error:   0.001
Iter= 3, Polarisation Solution Error:   0.000
Iter= 3, Overall Solution Error:        0.001
I flux density:   3.2251
Percent Q:   0.819
Percent U:   0.740
Leakage terms:
 Ant 1:Dx,Dy = ( 0.00219,-0.00342),(-0.00143,-0.00341)
 Ant 2:Dx,Dy = ( 0.00343, 0.00849),(-0.00324, 0.00793)
 Ant 3:Dx,Dy = ( 0.00404,-0.00061),(-0.00749,-0.00178)
 Ant 4:Dx,Dy = ( 0.00438, 0.01917),(-0.00352, 0.01930)
 Ant 5:Dx,Dy = (-0.01683,-0.00046),( 0.01659,-0.00109)
 Ant 6:Dx,Dy = ( 0.00193,-0.02180),(-0.00177,-0.02232)
Solution for freq bin  1
Iter= 1, Amplit/Phase Solution Error:   1.084
Iter= 1, Polarisation Solution Error:   0.009
Iter= 1, Overall Solution Error:        1.607
Iter= 2, Amplit/Phase Solution Error:   0.009
Iter= 2, Polarisation Solution Error:   0.000
Iter= 2, Overall Solution Error:        0.008
Iter= 3, Amplit/Phase Solution Error:   0.001
Iter= 3, Polarisation Solution Error:   0.000
Iter= 3, Overall Solution Error:        0.001
I flux density:   3.0611
Percent Q:   0.180
Percent U:   0.917
Leakage terms:
 Ant 1:Dx,Dy = ( 0.00230,-0.00301),(-0.00161,-0.00268)
 Ant 2:Dx,Dy = ( 0.00351, 0.00965),(-0.00354, 0.00886)
 Ant 3:Dx,Dy = ( 0.00341,-0.00071),(-0.00811,-0.00110)
 Ant 4:Dx,Dy = ( 0.00444, 0.01995),(-0.00364, 0.02025)
 Ant 5:Dx,Dy = (-0.01726,-0.00132),( 0.01608,-0.00174)
 Ant 6:Dx,Dy = ( 0.00133,-0.02395),(-0.00144,-0.02420)
Solution for freq bin  2
Iter= 1, Amplit/Phase Solution Error:   1.402
Iter= 1, Polarisation Solution Error:   0.014
Iter= 1, Overall Solution Error:        1.565
Iter= 2, Amplit/Phase Solution Error:   0.015
Iter= 2, Polarisation Solution Error:   0.000
Iter= 2, Overall Solution Error:        0.011
Iter= 3, Amplit/Phase Solution Error:   0.001
Iter= 3, Polarisation Solution Error:   0.000
Iter= 3, Overall Solution Error:        0.001
I flux density:   3.4168
Percent Q:   1.406
Percent U:   0.565
Leakage terms:
 Ant 1:Dx,Dy = ( 0.00211,-0.00402),(-0.00128,-0.00435)
 Ant 2:Dx,Dy = ( 0.00334, 0.00706),(-0.00301, 0.00667)
 Ant 3:Dx,Dy = ( 0.00468,-0.00052),(-0.00686,-0.00244)
 Ant 4:Dx,Dy = ( 0.00441, 0.01868),(-0.00330, 0.01866)
 Ant 5:Dx,Dy = (-0.01652, 0.00078),( 0.01701,-0.00004)
 Ant 6:Dx,Dy = ( 0.00256,-0.01985),(-0.00198,-0.02062)

2018-11-05 02:12:50,611 [MainThread  ] [INFO ]  pgflag vis=2255-282.5500 command='<b' stokes=i,q,u,v flagpar=8,5,5,3,6,3 options=nodisp

pgflag: Revision 1.30, 2016/10/05 23:06:50 UTC

Applying bandpass corrections to 2255-282.5500
Applying freq. dependent gain corrections to 2255-282.5500
Applying freq. dependent leakage correction to 2255-282.5500
Applying changes to dataset
Counts of correlations within selected channels:
 channel  Originally  Currently
 Good:      66644264   66220236    Changed to bad:     424028
 Bad:       11135776   11559804    Changed to good:         0
 14.9% of the data is now flagged

2018-11-05 02:15:48,296 [MainThread  ] [INFO ]  pgflag vis=2255-282.5500 command='<b' stokes=i,v,q,u flagpar=8,2,2,3,6,3  options=nodisp

pgflag: Revision 1.30, 2016/10/05 23:06:50 UTC

Applying bandpass corrections to 2255-282.5500
Applying freq. dependent gain corrections to 2255-282.5500
Applying freq. dependent leakage correction to 2255-282.5500
Applying changes to dataset
Counts of correlations within selected channels:
 channel  Originally  Currently
 Good:      66220236   65791876    Changed to bad:     428360
 Bad:       11559804   11988164    Changed to good:         0
 15.4% of the data is now flagged

2018-11-05 02:19:24,058 [MainThread  ] [INFO ]  pgflag vis=2255-282.5500 command='<b' stokes=i,v,u,q flagpar=8,2,2,3,6,3  options=nodisp

pgflag: Revision 1.30, 2016/10/05 23:06:50 UTC

Applying bandpass corrections to 2255-282.5500
Applying freq. dependent gain corrections to 2255-282.5500
Applying freq. dependent leakage correction to 2255-282.5500
Applying changes to dataset
Counts of correlations within selected channels:
 channel  Originally  Currently
 Good:      65791876   65390824    Changed to bad:     401052
 Bad:       11988164   12389216    Changed to good:         0
 15.9% of the data is now flagged

2018-11-05 02:19:32,387 [MainThread  ] [INFO ]  gpcal vis=2255-282.5500 refant=4 interval=0.1 nfbin=2 options=xyvary,qusolve

gpcal: Revision 1.22, 2016/05/01 22:31:05 UTC

Applying bandpass corrections to 2255-282.5500
Number of antennae: 6
Using leakage parameters from input as initial guess
Reading the data ...
Number of solution intervals: 633
Total visibilities read: 9490
Number visibilities accepted: 9490
Iter= 1, Amplit/Phase Solution Error:   1.294
Iter= 1, Polarisation Solution Error:   0.008
Iter= 1, Overall Solution Error:        1.591
Iter= 2, Amplit/Phase Solution Error:   0.011
Iter= 2, Polarisation Solution Error:   0.000
Iter= 2, Overall Solution Error:        0.009
Iter= 3, Amplit/Phase Solution Error:   0.001
Iter= 3, Polarisation Solution Error:   0.000
Iter= 3, Overall Solution Error:        0.001
I flux density:   3.2306
Percent Q:   0.817
Percent U:   0.738
Leakage terms:
 Ant 1:Dx,Dy = ( 0.00220,-0.00342),(-0.00142,-0.00342)
 Ant 2:Dx,Dy = ( 0.00342, 0.00849),(-0.00323, 0.00794)
 Ant 3:Dx,Dy = ( 0.00405,-0.00060),(-0.00748,-0.00178)
 Ant 4:Dx,Dy = ( 0.00440, 0.01917),(-0.00350, 0.01929)
 Ant 5:Dx,Dy = (-0.01681,-0.00046),( 0.01662,-0.00110)
 Ant 6:Dx,Dy = ( 0.00196,-0.02179),(-0.00177,-0.02231)
Solution for freq bin  1
Iter= 1, Amplit/Phase Solution Error:   1.085
Iter= 1, Polarisation Solution Error:   0.009
Iter= 1, Overall Solution Error:        1.607
Iter= 2, Amplit/Phase Solution Error:   0.009
Iter= 2, Polarisation Solution Error:   0.000
Iter= 2, Overall Solution Error:        0.008
Iter= 3, Amplit/Phase Solution Error:   0.001
Iter= 3, Polarisation Solution Error:   0.000
Iter= 3, Overall Solution Error:        0.001
I flux density:   3.0666
Percent Q:   0.177
Percent U:   0.917
Leakage terms:
 Ant 1:Dx,Dy = ( 0.00232,-0.00302),(-0.00159,-0.00269)
 Ant 2:Dx,Dy = ( 0.00352, 0.00964),(-0.00350, 0.00886)
 Ant 3:Dx,Dy = ( 0.00343,-0.00070),(-0.00810,-0.00109)
 Ant 4:Dx,Dy = ( 0.00446, 0.01995),(-0.00360, 0.02023)
 Ant 5:Dx,Dy = (-0.01724,-0.00131),( 0.01611,-0.00175)
 Ant 6:Dx,Dy = ( 0.00138,-0.02394),(-0.00144,-0.02418)
Solution for freq bin  2
Iter= 1, Amplit/Phase Solution Error:   1.401
Iter= 1, Polarisation Solution Error:   0.014
Iter= 1, Overall Solution Error:        1.565
Iter= 2, Amplit/Phase Solution Error:   0.015
Iter= 2, Polarisation Solution Error:   0.000
Iter= 2, Overall Solution Error:        0.010
Iter= 3, Amplit/Phase Solution Error:   0.001
Iter= 3, Polarisation Solution Error:   0.000
Iter= 3, Overall Solution Error:        0.001
I flux density:   3.4209
Percent Q:   1.409
Percent U:   0.562
Leakage terms:
 Ant 1:Dx,Dy = ( 0.00208,-0.00403),(-0.00131,-0.00436)
 Ant 2:Dx,Dy = ( 0.00328, 0.00707),(-0.00305, 0.00667)
 Ant 3:Dx,Dy = ( 0.00466,-0.00051),(-0.00689,-0.00244)
 Ant 4:Dx,Dy = ( 0.00439, 0.01869),(-0.00332, 0.01866)
 Ant 5:Dx,Dy = (-0.01654, 0.00077),( 0.01700,-0.00005)
 Ant 6:Dx,Dy = ( 0.00255,-0.01984),(-0.00201,-0.02064)

2018-11-05 02:19:32,427 [MainThread  ] [INFO ]  gpboot vis=2255-282.5500 cal=1934-638.5500

gpboot: Revision 1.9, 2015/10/29 01:31:30 UTC

Secondary flux density scaled by:   0.998
Frequency bin  1 scaled by      :   1.000
Frequency bin  2 scaled by      :   1.002

2018-11-05 02:21:27,987 [MainThread  ] [INFO ]  gpcopy vis=2255-282.5500 out=c.5500

gpcopy: Revision 1.13, 2015/10/29 01:31:39 UTC

Copying leakage table
Copying gain table
Interpolation tolerance set to (minutes): 720.00
Copying bandpass table

2018-11-05 02:40:01,725 [MainThread  ] [INFO ]  pgflag vis=c.5500 command='<b' stokes=i,v,q,u flagpar=8,2,2,3,6,3  options=nodisp

pgflag: Revision 1.30, 2016/10/05 23:06:50 UTC

Applying bandpass corrections to c.5500
Applying freq. dependent gain corrections to c.5500
Applying freq. dependent leakage correction to c.5500
Applying changes to dataset
Counts of correlations within selected channels:
 channel  Originally  Currently
 Good:     421640892  409375780    Changed to bad:   12265112
 Bad:       59374152   71639264    Changed to good:         0
 14.9% of the data is now flagged

2018-11-05 03:00:11,322 [MainThread  ] [INFO ]  pgflag vis=c.5500 command='<b' stokes=i,v,u,q flagpar=8,2,2,3,6,3  options=nodisp

pgflag: Revision 1.30, 2016/10/05 23:06:50 UTC

Applying bandpass corrections to c.5500
Applying freq. dependent gain corrections to c.5500
Applying freq. dependent leakage correction to c.5500
Applying changes to dataset
Counts of correlations within selected channels:
 channel  Originally  Currently
 Good:     409375780  400618064    Changed to bad:    8757716
 Bad:       71639264   80396980    Changed to good:         0
 16.7% of the data is now flagged

2018-11-05 03:02:00,027 [MainThread  ] [INFO ]  uvsplit vis=c.5500

uvsplit: Revision 1.18, 2016/05/09 03:06:18 UTC

Creating c_581.5500
Creating c_582.5500
Creating c_583.5500
Creating c_584.5500
Creating c_585.5500
Creating c_586.5500
Creating c_587.5500
Creating c_588.5500
Creating c_589.5500
Creating c_590.5500
Creating c_591.5500
Creating c_592.5500
Creating c_593.5500
Creating c_594.5500
Creating c_595.5500
Creating c_596.5500
Creating c_597.5500
Creating c_598.5500
Creating c_599.5500
Creating c_600.5500
Creating c_601.5500
Creating c_602.5500
Creating c_603.5500
Creating c_604.5500
Creating c_605.5500
Creating c_606.5500
Creating c_607.5500
Creating c_608.5500
Creating c_609.5500
Creating c_610.5500
Creating c_611.5500
Creating c_612.5500
Creating c_613.5500
Creating c_614.5500
Creating c_615.5500
Creating c_616.5500
Creating c_617.5500
Creating c_618.5500
Creating c_619.5500
Creating c_620.5500
Creating c_621.5500
Creating c_622.5500
Creating c_623.5500
Creating c_624.5500
Creating c_625.5500
Creating c_626.5500
Creating c_627.5500
Creating c_628.5500
Creating c_629.5500
Creating c_630.5500
Creating c_631.5500
Creating c_632.5500
Creating c_633.5500
Creating c_634.5500
Creating c_635.5500
Creating c_636.5500
Creating c_637.5500
Creating c_638.5500
Creating c_639.5500
Creating c_640.5500
Creating c_641.5500
Creating c_642.5500
Creating c_643.5500
Creating c_644.5500
Creating c_645.5500
Creating c_646.5500
Creating c_647.5500
Creating c_648.5500
Creating c_649.5500
Creating c_650.5500
Creating c_651.5500
Creating c_652.5500
Creating c_653.5500
Creating c_654.5500
Creating c_655.5500
Creating c_656.5500
Creating c_657.5500
Creating c_658.5500
Creating c_659.5500
Creating c_660.5500
Creating c_661.5500
Creating c_662.5500
Creating c_663.5500
Creating c_664.5500
Creating c_665.5500
Creating c_666.5500
Creating c_667.5500
Creating c_668.5500
Creating c_669.5500
Creating c_670.5500
Creating c_671.5500
Creating c_672.5500
Creating c_673.5500
Creating c_674.5500
Creating c_675.5500
Creating c_676.5500
Creating c_677.5500
Creating c_678.5500
Creating c_679.5500
Creating c_680.5500
Creating c_681.5500
Creating c_682.5500
Creating c_683.5500
Creating c_684.5500
Creating c_685.5500
Creating c_686.5500
Creating c_687.5500
Creating c_688.5500
Creating c_689.5500
Creating c_690.5500
Creating c_691.5500
Creating c_692.5500
Creating c_693.5500
Creating c_694.5500
Creating c_695.5500
Creating c_696.5500
Creating c_697.5500
Creating c_698.5500
Creating c_699.5500
Creating c_700.5500
Creating c_701.5500
Creating c_702.5500
Creating c_703.5500
Creating c_704.5500
Creating c_705.5500
Creating c_706.5500
Creating c_707.5500
Creating c_708.5500
Creating c_709.5500
Creating c_710.5500
Creating c_711.5500
Creating c_712.5500
Creating c_713.5500
Creating c_714.5500
Creating c_715.5500
Creating c_716.5500
Creating c_717.5500
Creating c_718.5500
Creating c_719.5500
Creating c_720.5500
Creating c_541.5500
Creating c_542.5500
Creating c_543.5500
Creating c_544.5500
Creating c_545.5500
Creating c_546.5500
Creating c_547.5500
Creating c_548.5500
Creating c_549.5500
Creating c_550.5500
Creating c_551.5500
Creating c_552.5500
Creating c_553.5500
Creating c_554.5500
Creating c_555.5500
Creating c_556.5500
Creating c_557.5500
Creating c_558.5500
Creating c_559.5500
Creating c_560.5500
Creating c_561.5500
Creating c_562.5500
Creating c_563.5500
Creating c_564.5500
Creating c_565.5500
Creating c_566.5500
Creating c_567.5500
Creating c_568.5500
Creating c_569.5500
Creating c_570.5500
Creating c_571.5500
Creating c_572.5500
Creating c_573.5500
Creating c_574.5500
Creating c_575.5500
Creating c_576.5500
Creating c_577.5500
Creating c_578.5500
Creating c_579.5500
Creating c_580.5500

