2018-11-22 04:43:12,236 [MainThread  ] [INFO ]  atlod in=raw/2016-11-23_0234.C3132,raw/2016-11-23_0703.C3132,raw/2016-11-23_0950.C3132,raw/2016-11-23_1236.C3132 out=data9.uv ifsel=2 options=birdie,rfiflag,noauto,xycorr

atlod: Revision 1.53, 2016/08/25 23:02:21 UTC

Processing file raw/2016-11-23_0234.C3132
 02:34:21 CAOBS> track 1
CABB data detected
Scan 1 started at 16NOV23:02:34:36.0
Source: 1934-638
Flagging channels in  28 frequency ranges
 02:46:59 CAOBS> stop
 02:47:17 CAOBS> set file c3132_obs_d3.sch
 02:47:27 CAOBS> start 1/99
Scan 2 started at 16NOV23:02:49:08.0
Source: 2245-328
Scan 3 started at 16NOV23:02:51:48.0
Source: d_361
Source: d_362
Source: d_363
Source: d_364
Source: d_365
Source: d_366
Source: d_367
Source: d_368
Source: d_369
Source: d_370
Source: d_371
Source: d_372
Source: d_373
Source: d_374
Source: d_375
Source: d_376
Source: d_377
Source: d_378
Source: d_379
Source: d_380
Scan 4 started at 16NOV23:03:05:16.0
Source: 2245-328
Scan 5 started at 16NOV23:03:07:56.0
Source: d_381
Source: d_382
Source: d_383
Source: d_384
Source: d_385
Source: d_386
Source: d_387
Source: d_388
Source: d_389
Source: d_390
Source: d_391
Source: d_392
Source: d_393
Source: d_394
Source: d_395
Source: d_396
Source: d_397
Source: d_398
Source: d_399
Source: d_400
Scan 6 started at 16NOV23:03:21:24.0
Source: 2245-328
Scan 7 started at 16NOV23:03:24:04.0
Source: d_401
Source: d_402
Source: d_403
Source: d_404
Source: d_405
Source: d_406
Source: d_407
Source: d_408
Source: d_409
Source: d_410
Source: d_411
Source: d_412
Source: d_413
Source: d_414
Source: d_415
Source: d_416
Source: d_417
Source: d_418
Source: d_419
Source: d_420
Scan 8 started at 16NOV23:03:37:32.0
Source: 2245-328
Scan 9 started at 16NOV23:03:40:12.0
Source: d_421
Source: d_422
Source: d_423
Source: d_424
Source: d_425
Source: d_426
Source: d_427
Source: d_428
Source: d_429
Source: d_430
Source: d_431
Source: d_432
Source: d_433
Source: d_434
Source: d_435
Source: d_436
Source: d_437
Source: d_438
Source: d_439
Source: d_440
Scan 10 started at 16NOV23:03:53:40.0
Source: 2245-328
Scan 11 started at 16NOV23:03:56:20.0
Source: d_441
Source: d_442
Source: d_443
Source: d_444
Source: d_445
Source: d_446
Source: d_447
Source: d_448
Source: d_449
Source: d_450
Source: d_451
Source: d_452
Source: d_453
Source: d_454
Source: d_455
Source: d_456
Source: d_457
Source: d_458
Source: d_459
Source: d_460
Scan 12 started at 16NOV23:04:09:48.0
Source: 2245-328
Scan 13 started at 16NOV23:04:12:28.0
Source: d_461
Source: d_462
Source: d_463
Source: d_464
Source: d_465
Source: d_466
Source: d_467
Source: d_468
Source: d_469
Source: d_470
Source: d_471
Source: d_472
Source: d_473
Source: d_474
Source: d_475
Source: d_476
Source: d_477
Source: d_478
Source: d_479
Source: d_480
Scan 14 started at 16NOV23:04:25:56.0
Source: 2245-328
Scan 15 started at 16NOV23:04:28:36.0
Source: d_481
Source: d_482
Source: d_483
Source: d_484
Source: d_485
Source: d_486
Source: d_487
Source: d_488
Source: d_489
Source: d_490
Source: d_491
Source: d_492
Source: d_493
Source: d_494
Source: d_495
Source: d_496
Source: d_497
Source: d_498
Source: d_499
Source: d_500
Scan 16 started at 16NOV23:04:42:04.0
Source: 2245-328
Scan 17 started at 16NOV23:04:44:44.0
Source: d_501
Source: d_502
Source: d_503
Source: d_504
Source: d_505
Source: d_506
Source: d_507
Source: d_508
Source: d_509
Source: d_510
Source: d_511
Source: d_512
Source: d_513
Source: d_514
Source: d_515
Source: d_516
Source: d_517
Source: d_518
Source: d_519
Source: d_520
Scan 18 started at 16NOV23:04:58:12.0
Source: 2245-328
Scan 19 started at 16NOV23:05:00:52.0
Source: d_521
Source: d_522
Source: d_523
Source: d_524
Source: d_525
Source: d_526
Source: d_527
Source: d_528
Source: d_529
Source: d_530
Source: d_531
Source: d_532
Source: d_533
Source: d_534
Source: d_535
Source: d_536
Source: d_537
Source: d_538
Source: d_539
Source: d_540
Scan 20 started at 16NOV23:05:14:20.0
Source: 2245-328
Scan 21 started at 16NOV23:05:17:00.0
Source: d_361
Source: d_362
 05:38:36 CAOBS> stop
 06:58:11 CAOBS> start 1/99
Scan 22 started at 16NOV23:06:59:16.0
Source: 2245-328
Scan 23 started at 16NOV23:07:02:04.0
Source: d_361
Source: d_362
RPFITS file version is 2.12
---------------------------------------
Total number of spectra selected: 72660

Summary of spectra flagged
Flagging Reason            Fraction
---------------            --------
Antenna off-source/off-line  4.21%
---------------------------------------
Processing file raw/2016-11-23_0703.C3132
CABB data detected
Scan 1 started at 16NOV23:07:03:17.8
Source: d_363
Source: d_364
Source: d_365
Source: d_366
Source: d_367
Source: d_368
Source: d_369
Source: d_370
Source: d_371
Source: d_372
Source: d_373
Source: d_374
Source: d_375
Source: d_376
Source: d_377
Source: d_378
Source: d_379
Source: d_380
Scan 2 started at 16NOV23:07:15:32.0
Source: 2245-328
Scan 3 started at 16NOV23:07:18:28.0
Source: d_381
Source: d_382
Source: d_383
Source: d_384
Source: d_385
Source: d_386
Source: d_387
Source: d_388
Source: d_389
Source: d_390
Source: d_391
Source: d_392
Source: d_393
Source: d_394
Source: d_395
Source: d_396
Source: d_397
Source: d_398
Source: d_399
Source: d_400
Scan 4 started at 16NOV23:07:31:48.0
Source: 2245-328
Scan 5 started at 16NOV23:07:34:44.0
Source: d_401
Source: d_402
Source: d_403
Source: d_404
Source: d_405
Source: d_406
Source: d_407
Source: d_408
Source: d_409
Source: d_410
Source: d_411
Source: d_412
Source: d_413
Source: d_414
Source: d_415
Source: d_416
Source: d_417
Source: d_418
Source: d_419
Source: d_420
Scan 6 started at 16NOV23:07:48:12.0
Source: 2245-328
Scan 7 started at 16NOV23:07:51:08.0
Source: d_421
Source: d_422
Source: d_423
Source: d_424
Source: d_425
Source: d_426
Source: d_427
Source: d_428
Source: d_429
Source: d_430
Source: d_431
Source: d_432
Source: d_433
Source: d_434
Source: d_435
Source: d_436
Source: d_437
Source: d_438
Source: d_439
Source: d_440
Scan 8 started at 16NOV23:08:04:36.0
Source: 2245-328
Scan 9 started at 16NOV23:08:07:48.0
Source: d_441
Source: d_442
Source: d_443
Source: d_444
Source: d_445
Source: d_446
Source: d_447
Source: d_448
Source: d_449
Source: d_450
Source: d_451
Source: d_452
Source: d_453
Source: d_454
Source: d_455
Source: d_456
Source: d_457
Source: d_458
Source: d_459
Source: d_460
Scan 10 started at 16NOV23:08:21:08.0
Source: 2245-328
Scan 11 started at 16NOV23:08:24:46.3
Source: d_462
Source: d_463
Source: d_464
Source: d_465
Source: d_466
Source: d_467
Source: d_468
Source: d_469
Source: d_470
Source: d_471
Source: d_472
Source: d_473
Source: d_474
Source: d_475
Source: d_476
Source: d_477
Source: d_478
Source: d_479
Source: d_480
Scan 12 started at 16NOV23:08:38:04.0
Source: 2245-328
Scan 13 started at 16NOV23:08:41:16.0
Source: d_481
Source: d_482
Source: d_483
Source: d_484
Source: d_485
Source: d_486
Source: d_487
Source: d_488
Source: d_489
Source: d_490
Source: d_491
Source: d_492
Source: d_493
Source: d_494
Source: d_495
Source: d_496
Source: d_497
Source: d_498
Source: d_499
Source: d_500
Scan 14 started at 16NOV23:08:55:16.0
Source: 2245-328
Scan 15 started at 16NOV23:08:58:36.0
Source: d_501
Source: d_502
Source: d_503
Source: d_504
Source: d_505
Source: d_506
Source: d_507
Source: d_508
Source: d_509
Source: d_510
Source: d_511
Source: d_512
Source: d_513
Source: d_514
Source: d_515
Source: d_516
Source: d_517
Source: d_518
Source: d_519
Source: d_520
Scan 16 started at 16NOV23:09:12:04.0
Source: 2245-328
Scan 17 started at 16NOV23:09:15:24.0
Source: d_521
Source: d_522
Source: d_523
Source: d_524
Source: d_525
Source: d_526
Source: d_527
Source: d_528
Source: d_529
Source: d_530
Source: d_531
Source: d_532
Source: d_533
Source: d_534
Source: d_535
Source: d_536
Source: d_537
Source: d_538
Source: d_539
Source: d_540
Scan 18 started at 16NOV23:09:28:44.0
Source: 2245-328
Scan 19 started at 16NOV23:09:31:40.0
Source: d_361
Source: d_362
Source: d_363
Source: d_364
Source: d_365
Source: d_366
Source: d_367
Source: d_368
Source: d_369
Source: d_370
Source: d_371
Source: d_372
Source: d_373
Source: d_374
Source: d_375
Source: d_376
Source: d_377
Source: d_378
Source: d_379
Source: d_380
Scan 20 started at 16NOV23:09:45:08.0
Source: 2245-328
Scan 21 started at 16NOV23:09:48:12.0
Source: d_381
Source: d_382
Source: d_383
Source: d_384
RPFITS file version is 2.12
---------------------------------------
Total number of spectra selected: 72660

Summary of spectra flagged
Flagging Reason            Fraction
---------------            --------
Antenna off-source/off-line  8.39%
---------------------------------------
Processing file raw/2016-11-23_0950.C3132
CABB data detected
Scan 1 started at 16NOV23:09:50:04.0
Source: d_384
Source: d_385
Source: d_386
Source: d_387
Source: d_388
Source: d_389
Source: d_390
Source: d_391
Source: d_392
Source: d_393
Source: d_394
Source: d_395
Source: d_396
Source: d_397
Source: d_398
Source: d_399
Source: d_400
Scan 2 started at 16NOV23:10:01:32.0
Source: 2245-328
Scan 3 started at 16NOV23:10:04:28.0
Source: d_401
Source: d_402
Source: d_403
Source: d_404
Source: d_405
Source: d_406
Source: d_407
Source: d_408
Source: d_409
Source: d_410
Source: d_411
Source: d_412
Source: d_413
Source: d_414
Source: d_415
Source: d_416
Source: d_417
Source: d_418
Source: d_419
Source: d_420
Scan 4 started at 16NOV23:10:17:56.0
Source: 2245-328
Scan 5 started at 16NOV23:10:20:44.0
Source: d_421
Source: d_422
Source: d_423
Source: d_424
Source: d_425
Source: d_426
Source: d_427
Source: d_428
Source: d_429
Source: d_430
Source: d_431
Source: d_432
Source: d_433
Source: d_434
Source: d_435
Source: d_436
Source: d_437
Source: d_438
Source: d_439
Source: d_440
Scan 6 started at 16NOV23:10:34:12.0
Source: 2245-328
Scan 7 started at 16NOV23:10:37:08.0
Source: d_441
Source: d_442
Source: d_443
Source: d_444
Source: d_445
Source: d_446
Source: d_447
Source: d_448
Source: d_449
Source: d_450
Source: d_451
Source: d_452
Source: d_453
Source: d_454
Source: d_455
Source: d_456
Source: d_457
Source: d_458
Source: d_459
Source: d_460
Scan 8 started at 16NOV23:10:50:28.0
Source: 2245-328
Scan 9 started at 16NOV23:10:53:24.0
Source: d_461
Source: d_462
Source: d_463
Source: d_464
Source: d_465
Source: d_466
Source: d_467
Source: d_468
Source: d_469
Source: d_470
Source: d_471
Source: d_472
Source: d_473
Source: d_474
Source: d_475
Source: d_476
Source: d_477
Source: d_478
Source: d_479
Source: d_480
Scan 10 started at 16NOV23:11:06:44.0
Source: 2245-328
Scan 11 started at 16NOV23:11:09:32.0
Source: d_481
Source: d_482
Source: d_483
Source: d_484
Source: d_485
Source: d_486
Source: d_487
Source: d_488
Source: d_489
Source: d_490
Source: d_491
Source: d_492
Source: d_493
Source: d_494
Source: d_495
Source: d_496
Source: d_497
Source: d_498
Source: d_499
Source: d_500
Scan 12 started at 16NOV23:11:23:00.0
Source: 2245-328
Scan 13 started at 16NOV23:11:25:40.0
Source: d_501
Source: d_502
Source: d_503
Source: d_504
Source: d_505
Source: d_506
Source: d_507
Source: d_508
Source: d_509
Source: d_510
Source: d_511
Source: d_512
Source: d_513
Source: d_514
Source: d_515
Source: d_516
Source: d_517
Source: d_518
Source: d_519
Source: d_520
Scan 14 started at 16NOV23:11:39:08.0
Source: 2245-328
Scan 15 started at 16NOV23:11:41:56.0
Source: d_521
Source: d_522
Source: d_523
Source: d_524
Source: d_525
Source: d_526
Source: d_527
Source: d_528
Source: d_529
Source: d_530
Source: d_531
Source: d_532
Source: d_533
Source: d_534
Source: d_535
Source: d_536
Source: d_537
Source: d_538
Source: d_539
Source: d_540
Scan 16 started at 16NOV23:11:55:16.0
Source: 2245-328
Scan 17 started at 16NOV23:11:57:56.0
Source: d_361
Source: d_362
Source: d_363
Source: d_364
Source: d_365
Source: d_366
Source: d_367
Source: d_368
Source: d_369
Source: d_370
Source: d_371
Source: d_372
Source: d_373
Source: d_374
Source: d_375
Source: d_376
Source: d_377
Source: d_378
Source: d_379
Source: d_380
Scan 18 started at 16NOV23:12:11:24.0
Source: 2245-328
Scan 19 started at 16NOV23:12:14:12.0
Source: d_381
Source: d_382
Source: d_383
Source: d_384
Source: d_385
Source: d_386
Source: d_387
Source: d_388
Source: d_389
Source: d_390
Source: d_391
Source: d_392
Source: d_393
Source: d_394
Source: d_395
Source: d_396
Source: d_397
Source: d_398
Source: d_399
Source: d_400
Scan 20 started at 16NOV23:12:27:32.0
Source: 2245-328
Scan 21 started at 16NOV23:12:30:12.0
Source: d_401
Source: d_402
Source: d_403
Source: d_404
Source: d_405
Source: d_406
Source: d_407
Source: d_408
Source: d_409
Source: d_410
Source: d_411
RPFITS file version is 2.12
---------------------------------------
Total number of spectra selected: 72660

Summary of spectra flagged
Flagging Reason            Fraction
---------------            --------
Antenna off-source/off-line  3.39%
---------------------------------------
Processing file raw/2016-11-23_1236.C3132
CABB data detected
Scan 1 started at 16NOV23:12:36:52.0
Source: d_411
Source: d_412
Source: d_413
Source: d_414
Source: d_415
Source: d_416
Source: d_417
Source: d_418
Source: d_419
Source: d_420
Scan 2 started at 16NOV23:12:43:40.0
Source: 2245-328
Scan 3 started at 16NOV23:12:46:20.0
Source: d_421
Source: d_422
Source: d_423
Source: d_424
Source: d_425
Source: d_426
Source: d_427
Source: d_428
Source: d_429
Source: d_430
Source: d_431
Source: d_432
Source: d_433
Source: d_434
Source: d_435
Source: d_436
Source: d_437
Source: d_438
Source: d_439
Source: d_440
Scan 4 started at 16NOV23:12:59:48.0
Source: 2245-328
Scan 5 started at 16NOV23:13:02:28.0
Source: d_441
Source: d_442
Source: d_443
Source: d_444
Source: d_445
Source: d_446
Source: d_447
Source: d_448
Source: d_449
Source: d_450
Source: d_451
Source: d_452
Source: d_453
Source: d_454
Source: d_455
Source: d_456
Source: d_457
Source: d_458
Source: d_459
Source: d_460
Scan 6 started at 16NOV23:13:15:56.0
Source: 2245-328
Scan 7 started at 16NOV23:13:18:36.0
Source: d_461
Source: d_462
Source: d_463
Source: d_464
Source: d_465
Source: d_466
Source: d_467
Source: d_468
Source: d_469
Source: d_470
Source: d_471
Source: d_472
Source: d_473
Source: d_474
 13:27:30 CAOBS> stop
 13:27:33 CAOBS> start 1/99
Scan 8 started at 16NOV23:13:27:48.0
Source: 2245-328
 13:29:48 CAOBS> stop
 13:29:53 CAOBS> corr close file
RPFITS file version is 2.12
---------------------------------------
Total number of spectra selected: 22980

Summary of spectra flagged
Flagging Reason            Fraction
---------------            --------
Antenna off-source/off-line  2.35%
---------------------------------------

No CACAL data was detected

2018-11-22 04:43:50,335 [MainThread  ] [INFO ]  uvflag vis=data9.uv line=chan,65,850,1 flagval=flag

uvflag: Revision 1.8, 2014/09/30 14:23:39 UTC


Set flags to indicate bad data in visibility file data9.uv
Linetype channel; select   65 channels; start  850, width    1, step    1

Overview of flagging on visibility file data9.uv
Changed flags set to FALSE (data flagged as bad)
Total number of records selected: 228804; out of 228804 records
Antennas used: 1-6
Counts of correlations within selected channels
channel   Originally    Currently
Good:        14872260.           0.    Changed to bad:    14872260.
Bad:                0.    14872260.

2018-11-22 04:44:40,106 [MainThread  ] [INFO ]  uvsplit vis=data9.uv options=mosaic

uvsplit: Revision 1.18, 2016/05/09 03:06:18 UTC

Creating 1934-638.9500
Creating 2245-328.9500
Creating d.9500

2018-11-22 04:45:05,598 [MainThread  ] [INFO ]  pgflag vis=1934-638.9500 command='<b' stokes=i,q,u,v flagpar=8,5,5,3,6,3 options=nodisp

pgflag: Revision 1.30, 2016/10/05 23:06:50 UTC

Applying changes to dataset
Counts of correlations within selected channels:
 channel  Originally  Currently
 Good:       9865440    9760840    Changed to bad:     104600
 Bad:        1567980    1672580    Changed to good:         0
 14.6% of the data is now flagged

2018-11-22 04:45:28,241 [MainThread  ] [INFO ]  pgflag vis=1934-638.9500 command='<b' stokes=i,v,q,u flagpar=8,2,2,3,6,3  options=nodisp

pgflag: Revision 1.30, 2016/10/05 23:06:50 UTC

Applying changes to dataset
Counts of correlations within selected channels:
 channel  Originally  Currently
 Good:       9760840    9653960    Changed to bad:     106880
 Bad:        1672580    1779460    Changed to good:         0
 15.6% of the data is now flagged

2018-11-22 04:45:46,025 [MainThread  ] [INFO ]  pgflag vis=1934-638.9500 command='<b' stokes=i,v,u,q flagpar=8,2,2,3,6,3  options=nodisp

pgflag: Revision 1.30, 2016/10/05 23:06:50 UTC

Applying changes to dataset
Counts of correlations within selected channels:
 channel  Originally  Currently
 Good:       9653960    9499916    Changed to bad:     154044
 Bad:        1779460    1933504    Changed to good:         0
 16.9% of the data is now flagged

2018-11-22 04:46:56,730 [MainThread  ] [INFO ]  mfcal vis=1934-638.9500 refant=4 interval=0.1
MfCal: $Revision: 1.20 $, $Date: 2017/05/08 02:31:10 $
Selecting parallel-hand polarisations
Reading the data ...
Number correlations accepted: 4749958
Number of frequency bands/settings: 1
Number of polarisations selected: 2
Number of solution intervals: 93
Number of passband solution intervals: 1
Initialising ...
Using post-Aug94 ATCA flux scale for 1934-638.
Using known frequency variation of 1934-638
Generating initial solution estimate ...
Doing solution refinement ...
Iter= 1, Solution Error:  0.464
Iter= 2, Solution Error:  0.009
Iter= 3, Solution Error:  0.000
Saving solution ...

2018-11-22 04:46:57,993 [MainThread  ] [INFO ]  gpcal vis=1934-638.9500 refant=4 interval=0.1 nfbin=2 options=xyvary

gpcal: Revision 1.22, 2016/05/01 22:31:05 UTC

Applying bandpass corrections to 1934-638.9500
Number of antennae: 6
Reading the data ...
Number of solution intervals: 93
Total visibilities read: 1395
Number visibilities accepted: 1395
Using post-Aug94 ATCA flux scale for 1934-638.
Using IQUV =  2.5344,  0.0000,  0.0000,  0.0000 at   9.4716 GHz.
Using post-Aug94 ATCA flux scale for 1934-638.
Using IQUV =  2.6976,  0.0000,  0.0000,  0.0000 at   9.0081 GHz.
Using post-Aug94 ATCA flux scale for 1934-638.
Using IQUV =  2.3848,  0.0000,  0.0000,  0.0000 at   9.9482 GHz.
Iter= 1, Amplit/Phase Solution Error:   0.686
Iter= 1, Polarisation Solution Error:   0.031
Iter= 1, Overall Solution Error:        2.073
Iter= 2, Amplit/Phase Solution Error:   0.002
Iter= 2, Polarisation Solution Error:   0.000
Iter= 2, Overall Solution Error:        0.003
Iter= 3, Amplit/Phase Solution Error:   0.001
Iter= 3, Polarisation Solution Error:   0.000
Iter= 3, Overall Solution Error:        0.001
I flux density:   2.5344
Leakage terms:
 Ant 1:Dx,Dy = ( 0.00112, 0.00060),( 0.00009, 0.00086)
 Ant 2:Dx,Dy = ( 0.00357, 0.00086),(-0.00369, 0.00233)
 Ant 3:Dx,Dy = ( 0.00651,-0.00493),(-0.00864,-0.00489)
 Ant 4:Dx,Dy = ( 0.00281, 0.01464),(-0.00116, 0.01535)
 Ant 5:Dx,Dy = (-0.01657, 0.00282),( 0.01746, 0.00278)
 Ant 6:Dx,Dy = ( 0.00463,-0.01669),(-0.00199,-0.01374)
Solution for freq bin  1
Iter= 1, Amplit/Phase Solution Error:   0.664
Iter= 1, Polarisation Solution Error:   0.031
Iter= 1, Overall Solution Error:        2.044
Iter= 2, Amplit/Phase Solution Error:   0.002
Iter= 2, Polarisation Solution Error:   0.000
Iter= 2, Overall Solution Error:        0.004
Iter= 3, Amplit/Phase Solution Error:   0.001
Iter= 3, Polarisation Solution Error:   0.000
Iter= 3, Overall Solution Error:        0.001
I flux density:   2.6976
Leakage terms:
 Ant 1:Dx,Dy = ( 0.00059, 0.00060),(-0.00048, 0.00099)
 Ant 2:Dx,Dy = ( 0.00412, 0.00110),(-0.00420, 0.00344)
 Ant 3:Dx,Dy = ( 0.00594,-0.00536),(-0.00903,-0.00491)
 Ant 4:Dx,Dy = ( 0.00257, 0.01463),(-0.00138, 0.01584)
 Ant 5:Dx,Dy = (-0.01667, 0.00177),( 0.01731, 0.00236)
 Ant 6:Dx,Dy = ( 0.00459,-0.01630),(-0.00109,-0.01415)
Solution for freq bin  2
Iter= 1, Amplit/Phase Solution Error:   0.713
Iter= 1, Polarisation Solution Error:   0.032
Iter= 1, Overall Solution Error:        2.088
Iter= 2, Amplit/Phase Solution Error:   0.002
Iter= 2, Polarisation Solution Error:   0.000
Iter= 2, Overall Solution Error:        0.003
Iter= 3, Amplit/Phase Solution Error:   0.001
Iter= 3, Polarisation Solution Error:   0.000
Iter= 3, Overall Solution Error:        0.001
I flux density:   2.3848
Leakage terms:
 Ant 1:Dx,Dy = ( 0.00172, 0.00060),( 0.00071, 0.00073)
 Ant 2:Dx,Dy = ( 0.00296, 0.00059),(-0.00311, 0.00110)
 Ant 3:Dx,Dy = ( 0.00716,-0.00444),(-0.00820,-0.00486)
 Ant 4:Dx,Dy = ( 0.00308, 0.01465),(-0.00091, 0.01482)
 Ant 5:Dx,Dy = (-0.01646, 0.00398),( 0.01762, 0.00325)
 Ant 6:Dx,Dy = ( 0.00467,-0.01712),(-0.00298,-0.01328)

2018-11-22 04:47:22,248 [MainThread  ] [INFO ]  pgflag vis=1934-638.9500 command='<b' stokes=i,q,u,v flagpar=8,5,5,3,6,3 options=nodisp

pgflag: Revision 1.30, 2016/10/05 23:06:50 UTC

Applying bandpass corrections to 1934-638.9500
Applying freq. dependent gain corrections to 1934-638.9500
Applying freq. dependent leakage correction to 1934-638.9500
Applying changes to dataset
Counts of correlations within selected channels:
 channel  Originally  Currently
 Good:       9499916    9463092    Changed to bad:      36824
 Bad:        1933504    1970328    Changed to good:         0
 17.2% of the data is now flagged

2018-11-22 04:47:46,884 [MainThread  ] [INFO ]  pgflag vis=1934-638.9500 command='<b' stokes=i,v,q,u flagpar=8,2,2,3,6,3  options=nodisp

pgflag: Revision 1.30, 2016/10/05 23:06:50 UTC

Applying bandpass corrections to 1934-638.9500
Applying freq. dependent gain corrections to 1934-638.9500
Applying freq. dependent leakage correction to 1934-638.9500
Applying changes to dataset
Counts of correlations within selected channels:
 channel  Originally  Currently
 Good:       9463092    9419632    Changed to bad:      43460
 Bad:        1970328    2013788    Changed to good:         0
 17.6% of the data is now flagged

2018-11-22 04:48:15,138 [MainThread  ] [INFO ]  pgflag vis=1934-638.9500 command='<b' stokes=i,v,u,q flagpar=8,2,2,3,6,3  options=nodisp

pgflag: Revision 1.30, 2016/10/05 23:06:50 UTC

Applying bandpass corrections to 1934-638.9500
Applying freq. dependent gain corrections to 1934-638.9500
Applying freq. dependent leakage correction to 1934-638.9500
Applying changes to dataset
Counts of correlations within selected channels:
 channel  Originally  Currently
 Good:       9419632    9383036    Changed to bad:      36596
 Bad:        2013788    2050384    Changed to good:         0
 17.9% of the data is now flagged

2018-11-22 04:49:36,836 [MainThread  ] [INFO ]  mfcal vis=1934-638.9500 refant=4 interval=0.1
MfCal: $Revision: 1.20 $, $Date: 2017/05/08 02:31:10 $
Selecting parallel-hand polarisations
Reading the data ...
Number correlations accepted: 4691518
Number of frequency bands/settings: 1
Number of polarisations selected: 2
Number of solution intervals: 93
Number of passband solution intervals: 1
Initialising ...
Using post-Aug94 ATCA flux scale for 1934-638.
Using known frequency variation of 1934-638
Generating initial solution estimate ...
Doing solution refinement ...
Iter= 1, Solution Error:  0.468
Iter= 2, Solution Error:  0.009
Iter= 3, Solution Error:  0.000
Saving solution ...

2018-11-22 04:49:38,157 [MainThread  ] [INFO ]  gpcal vis=1934-638.9500 refant=4 interval=0.1 nfbin=2 options=xyvary

gpcal: Revision 1.22, 2016/05/01 22:31:05 UTC

Applying bandpass corrections to 1934-638.9500
Number of antennae: 6
Using leakage parameters from input as initial guess
Reading the data ...
Number of solution intervals: 93
Total visibilities read: 1395
Number visibilities accepted: 1395
Using post-Aug94 ATCA flux scale for 1934-638.
Using IQUV =  2.5343,  0.0000,  0.0000,  0.0000 at   9.4719 GHz.
Using post-Aug94 ATCA flux scale for 1934-638.
Using IQUV =  2.6977,  0.0000,  0.0000,  0.0000 at   9.0079 GHz.
Using post-Aug94 ATCA flux scale for 1934-638.
Using IQUV =  2.3856,  0.0000,  0.0000,  0.0000 at   9.9455 GHz.
Iter= 1, Amplit/Phase Solution Error:   0.686
Iter= 1, Polarisation Solution Error:   0.000
Iter= 1, Overall Solution Error:        2.072
Iter= 2, Amplit/Phase Solution Error:   0.002
Iter= 2, Polarisation Solution Error:   0.000
Iter= 2, Overall Solution Error:        0.003
Iter= 3, Amplit/Phase Solution Error:   0.001
Iter= 3, Polarisation Solution Error:   0.000
Iter= 3, Overall Solution Error:        0.001
I flux density:   2.5343
Leakage terms:
 Ant 1:Dx,Dy = ( 0.00115, 0.00058),( 0.00010, 0.00083)
 Ant 2:Dx,Dy = ( 0.00357, 0.00087),(-0.00369, 0.00232)
 Ant 3:Dx,Dy = ( 0.00652,-0.00494),(-0.00863,-0.00489)
 Ant 4:Dx,Dy = ( 0.00281, 0.01464),(-0.00119, 0.01535)
 Ant 5:Dx,Dy = (-0.01654, 0.00288),( 0.01752, 0.00284)
 Ant 6:Dx,Dy = ( 0.00463,-0.01674),(-0.00197,-0.01374)
Solution for freq bin  1
Iter= 1, Amplit/Phase Solution Error:   0.664
Iter= 1, Polarisation Solution Error:   0.001
Iter= 1, Overall Solution Error:        2.044
Iter= 2, Amplit/Phase Solution Error:   0.002
Iter= 2, Polarisation Solution Error:   0.000
Iter= 2, Overall Solution Error:        0.004
Iter= 3, Amplit/Phase Solution Error:   0.001
Iter= 3, Polarisation Solution Error:   0.000
Iter= 3, Overall Solution Error:        0.001
I flux density:   2.6977
Leakage terms:
 Ant 1:Dx,Dy = ( 0.00063, 0.00058),(-0.00046, 0.00095)
 Ant 2:Dx,Dy = ( 0.00412, 0.00111),(-0.00422, 0.00343)
 Ant 3:Dx,Dy = ( 0.00593,-0.00538),(-0.00902,-0.00492)
 Ant 4:Dx,Dy = ( 0.00256, 0.01462),(-0.00144, 0.01584)
 Ant 5:Dx,Dy = (-0.01662, 0.00185),( 0.01741, 0.00246)
 Ant 6:Dx,Dy = ( 0.00460,-0.01636),(-0.00106,-0.01417)
Solution for freq bin  2
Iter= 1, Amplit/Phase Solution Error:   0.712
Iter= 1, Polarisation Solution Error:   0.002
Iter= 1, Overall Solution Error:        2.088
Iter= 2, Amplit/Phase Solution Error:   0.002
Iter= 2, Polarisation Solution Error:   0.000
Iter= 2, Overall Solution Error:        0.003
Iter= 3, Amplit/Phase Solution Error:   0.001
Iter= 3, Polarisation Solution Error:   0.000
Iter= 3, Overall Solution Error:        0.001
I flux density:   2.3856
Leakage terms:
 Ant 1:Dx,Dy = ( 0.00172, 0.00058),( 0.00071, 0.00071)
 Ant 2:Dx,Dy = ( 0.00296, 0.00061),(-0.00311, 0.00111)
 Ant 3:Dx,Dy = ( 0.00717,-0.00444),(-0.00819,-0.00485)
 Ant 4:Dx,Dy = ( 0.00308, 0.01466),(-0.00091, 0.01482)
 Ant 5:Dx,Dy = (-0.01645, 0.00399),( 0.01763, 0.00325)
 Ant 6:Dx,Dy = ( 0.00467,-0.01715),(-0.00298,-0.01328)

2018-11-22 04:49:38,287 [MainThread  ] [INFO ]  gpcopy vis=1934-638.9500 out=2245-328.9500

gpcopy: Revision 1.13, 2015/10/29 01:31:39 UTC

Copying leakage table
Copying gain table
Interpolation tolerance set to (minutes): 720.00
Copying bandpass table

2018-11-22 04:52:18,018 [MainThread  ] [INFO ]  pgflag vis=2245-328.9500 command='<b' stokes=i,q,u,v flagpar=8,5,5,3,6,3 options=nodisp

pgflag: Revision 1.30, 2016/10/05 23:06:50 UTC

Applying bandpass corrections to 2245-328.9500
Applying freq. dependent gain corrections to 2245-328.9500
Applying freq. dependent leakage correction to 2245-328.9500
Applying changes to dataset
Counts of correlations within selected channels:
 channel  Originally  Currently
 Good:      55692000   55328944    Changed to bad:     363056
 Bad:        8851500    9214556    Changed to good:         0
 14.3% of the data is now flagged

2018-11-22 04:54:51,647 [MainThread  ] [INFO ]  pgflag vis=2245-328.9500 command='<b' stokes=i,v,q,u flagpar=8,2,2,3,6,3  options=nodisp

pgflag: Revision 1.30, 2016/10/05 23:06:50 UTC

Applying bandpass corrections to 2245-328.9500
Applying freq. dependent gain corrections to 2245-328.9500
Applying freq. dependent leakage correction to 2245-328.9500
Applying changes to dataset
Counts of correlations within selected channels:
 channel  Originally  Currently
 Good:      55328944   54995972    Changed to bad:     332972
 Bad:        9214556    9547528    Changed to good:         0
 14.8% of the data is now flagged

2018-11-22 04:57:32,476 [MainThread  ] [INFO ]  pgflag vis=2245-328.9500 command='<b' stokes=i,v,u,q flagpar=8,2,2,3,6,3  options=nodisp

pgflag: Revision 1.30, 2016/10/05 23:06:50 UTC

Applying bandpass corrections to 2245-328.9500
Applying freq. dependent gain corrections to 2245-328.9500
Applying freq. dependent leakage correction to 2245-328.9500
Applying changes to dataset
Counts of correlations within selected channels:
 channel  Originally  Currently
 Good:      54995972   54673256    Changed to bad:     322716
 Bad:        9547528    9870244    Changed to good:         0
 15.3% of the data is now flagged

2018-11-22 04:57:37,155 [MainThread  ] [INFO ]  gpcal vis=2245-328.9500 refant=4 interval=0.1 nfbin=2 options=xyvary,qusolve

gpcal: Revision 1.22, 2016/05/01 22:31:05 UTC

Applying bandpass corrections to 2245-328.9500
Number of antennae: 6
Using leakage parameters from input as initial guess
Reading the data ...
Number of solution intervals: 525
Total visibilities read: 7875
Number visibilities accepted: 7875
Iter= 1, Amplit/Phase Solution Error:   1.362
Iter= 1, Polarisation Solution Error:   0.006
Iter= 1, Overall Solution Error:        2.352
Iter= 2, Amplit/Phase Solution Error:   0.007
Iter= 2, Polarisation Solution Error:   0.000
Iter= 2, Overall Solution Error:        0.007
Iter= 3, Amplit/Phase Solution Error:   0.001
Iter= 3, Polarisation Solution Error:   0.000
Iter= 3, Overall Solution Error:        0.001
I flux density:   0.7199
Percent Q:  -0.436
Percent U:  -0.571
Leakage terms:
 Ant 1:Dx,Dy = ( 0.00048, 0.00023),( 0.00063, 0.00131)
 Ant 2:Dx,Dy = ( 0.00361, 0.00018),(-0.00368, 0.00327)
 Ant 3:Dx,Dy = ( 0.00684,-0.00531),(-0.00911,-0.00454)
 Ant 4:Dx,Dy = ( 0.00211, 0.01441),(-0.00081, 0.01575)
 Ant 5:Dx,Dy = (-0.01625, 0.00226),( 0.01687, 0.00321)
 Ant 6:Dx,Dy = ( 0.00438,-0.01736),(-0.00275,-0.01341)
Solution for freq bin  1
Iter= 1, Amplit/Phase Solution Error:   1.352
Iter= 1, Polarisation Solution Error:   0.006
Iter= 1, Overall Solution Error:        2.351
Iter= 2, Amplit/Phase Solution Error:   0.007
Iter= 2, Polarisation Solution Error:   0.000
Iter= 2, Overall Solution Error:        0.007
Iter= 3, Amplit/Phase Solution Error:   0.001
Iter= 3, Polarisation Solution Error:   0.000
Iter= 3, Overall Solution Error:        0.001
I flux density:   0.7088
Percent Q:  -0.404
Percent U:  -0.554
Leakage terms:
 Ant 1:Dx,Dy = ( 0.00009, 0.00006),( 0.00012, 0.00154)
 Ant 2:Dx,Dy = ( 0.00403, 0.00060),(-0.00442, 0.00466)
 Ant 3:Dx,Dy = ( 0.00605,-0.00601),(-0.00964,-0.00465)
 Ant 4:Dx,Dy = ( 0.00171, 0.01455),(-0.00122, 0.01585)
 Ant 5:Dx,Dy = (-0.01644, 0.00080),( 0.01659, 0.00257)
 Ant 6:Dx,Dy = ( 0.00417,-0.01651),(-0.00182,-0.01346)
Solution for freq bin  2
Iter= 1, Amplit/Phase Solution Error:   1.363
Iter= 1, Polarisation Solution Error:   0.006
Iter= 1, Overall Solution Error:        2.326
Iter= 2, Amplit/Phase Solution Error:   0.008
Iter= 2, Polarisation Solution Error:   0.000
Iter= 2, Overall Solution Error:        0.007
Iter= 3, Amplit/Phase Solution Error:   0.001
Iter= 3, Polarisation Solution Error:   0.000
Iter= 3, Overall Solution Error:        0.001
I flux density:   0.7345
Percent Q:  -0.464
Percent U:  -0.587
Leakage terms:
 Ant 1:Dx,Dy = ( 0.00084, 0.00037),( 0.00107, 0.00110)
 Ant 2:Dx,Dy = ( 0.00318,-0.00012),(-0.00315, 0.00200)
 Ant 3:Dx,Dy = ( 0.00758,-0.00470),(-0.00861,-0.00443)
 Ant 4:Dx,Dy = ( 0.00244, 0.01429),(-0.00042, 0.01569)
 Ant 5:Dx,Dy = (-0.01616, 0.00357),( 0.01711, 0.00379)
 Ant 6:Dx,Dy = ( 0.00462,-0.01807),(-0.00351,-0.01349)

2018-11-22 05:00:11,227 [MainThread  ] [INFO ]  pgflag vis=2245-328.9500 command='<b' stokes=i,q,u,v flagpar=8,5,5,3,6,3 options=nodisp

pgflag: Revision 1.30, 2016/10/05 23:06:50 UTC

Applying bandpass corrections to 2245-328.9500
Applying freq. dependent gain corrections to 2245-328.9500
Applying freq. dependent leakage correction to 2245-328.9500
Applying changes to dataset
Counts of correlations within selected channels:
 channel  Originally  Currently
 Good:      54673256   54422620    Changed to bad:     250636
 Bad:        9870244   10120880    Changed to good:         0
 15.7% of the data is now flagged

2018-11-22 05:02:44,394 [MainThread  ] [INFO ]  pgflag vis=2245-328.9500 command='<b' stokes=i,v,q,u flagpar=8,2,2,3,6,3  options=nodisp

pgflag: Revision 1.30, 2016/10/05 23:06:50 UTC

Applying bandpass corrections to 2245-328.9500
Applying freq. dependent gain corrections to 2245-328.9500
Applying freq. dependent leakage correction to 2245-328.9500
Applying changes to dataset
Counts of correlations within selected channels:
 channel  Originally  Currently
 Good:      54422620   54178788    Changed to bad:     243832
 Bad:       10120880   10364712    Changed to good:         0
 16.1% of the data is now flagged

2018-11-22 05:05:18,033 [MainThread  ] [INFO ]  pgflag vis=2245-328.9500 command='<b' stokes=i,v,u,q flagpar=8,2,2,3,6,3  options=nodisp

pgflag: Revision 1.30, 2016/10/05 23:06:50 UTC

Applying bandpass corrections to 2245-328.9500
Applying freq. dependent gain corrections to 2245-328.9500
Applying freq. dependent leakage correction to 2245-328.9500
Applying changes to dataset
Counts of correlations within selected channels:
 channel  Originally  Currently
 Good:      54178788   53960788    Changed to bad:     218000
 Bad:       10364712   10582712    Changed to good:         0
 16.4% of the data is now flagged

2018-11-22 05:05:22,613 [MainThread  ] [INFO ]  gpcal vis=2245-328.9500 refant=4 interval=0.1 nfbin=2 options=xyvary,qusolve

gpcal: Revision 1.22, 2016/05/01 22:31:05 UTC

Applying bandpass corrections to 2245-328.9500
Number of antennae: 6
Using leakage parameters from input as initial guess
Reading the data ...
Number of solution intervals: 525
Total visibilities read: 7875
Number visibilities accepted: 7875
Iter= 1, Amplit/Phase Solution Error:   1.363
Iter= 1, Polarisation Solution Error:   0.006
Iter= 1, Overall Solution Error:        2.352
Iter= 2, Amplit/Phase Solution Error:   0.007
Iter= 2, Polarisation Solution Error:   0.000
Iter= 2, Overall Solution Error:        0.007
Iter= 3, Amplit/Phase Solution Error:   0.001
Iter= 3, Polarisation Solution Error:   0.000
Iter= 3, Overall Solution Error:        0.001
I flux density:   0.7211
Percent Q:  -0.436
Percent U:  -0.572
Leakage terms:
 Ant 1:Dx,Dy = ( 0.00047, 0.00023),( 0.00063, 0.00130)
 Ant 2:Dx,Dy = ( 0.00361, 0.00018),(-0.00368, 0.00327)
 Ant 3:Dx,Dy = ( 0.00684,-0.00532),(-0.00911,-0.00452)
 Ant 4:Dx,Dy = ( 0.00211, 0.01441),(-0.00081, 0.01575)
 Ant 5:Dx,Dy = (-0.01625, 0.00230),( 0.01686, 0.00322)
 Ant 6:Dx,Dy = ( 0.00438,-0.01741),(-0.00274,-0.01342)
Solution for freq bin  1
Iter= 1, Amplit/Phase Solution Error:   1.344
Iter= 1, Polarisation Solution Error:   0.006
Iter= 1, Overall Solution Error:        2.351
Iter= 2, Amplit/Phase Solution Error:   0.007
Iter= 2, Polarisation Solution Error:   0.000
Iter= 2, Overall Solution Error:        0.007
Iter= 3, Amplit/Phase Solution Error:   0.001
Iter= 3, Polarisation Solution Error:   0.000
Iter= 3, Overall Solution Error:        0.001
I flux density:   0.7100
Percent Q:  -0.404
Percent U:  -0.556
Leakage terms:
 Ant 1:Dx,Dy = ( 0.00007, 0.00006),( 0.00012, 0.00152)
 Ant 2:Dx,Dy = ( 0.00403, 0.00059),(-0.00443, 0.00468)
 Ant 3:Dx,Dy = ( 0.00604,-0.00605),(-0.00965,-0.00464)
 Ant 4:Dx,Dy = ( 0.00173, 0.01457),(-0.00125, 0.01585)
 Ant 5:Dx,Dy = (-0.01646, 0.00085),( 0.01657, 0.00259)
 Ant 6:Dx,Dy = ( 0.00417,-0.01655),(-0.00179,-0.01347)
Solution for freq bin  2
Iter= 1, Amplit/Phase Solution Error:   1.363
Iter= 1, Polarisation Solution Error:   0.006
Iter= 1, Overall Solution Error:        2.327
Iter= 2, Amplit/Phase Solution Error:   0.008
Iter= 2, Polarisation Solution Error:   0.000
Iter= 2, Overall Solution Error:        0.007
Iter= 3, Amplit/Phase Solution Error:   0.001
Iter= 3, Polarisation Solution Error:   0.000
Iter= 3, Overall Solution Error:        0.001
I flux density:   0.7356
Percent Q:  -0.464
Percent U:  -0.586
Leakage terms:
 Ant 1:Dx,Dy = ( 0.00084, 0.00037),( 0.00107, 0.00109)
 Ant 2:Dx,Dy = ( 0.00319,-0.00010),(-0.00315, 0.00201)
 Ant 3:Dx,Dy = ( 0.00757,-0.00469),(-0.00861,-0.00442)
 Ant 4:Dx,Dy = ( 0.00243, 0.01427),(-0.00041, 0.01569)
 Ant 5:Dx,Dy = (-0.01613, 0.00359),( 0.01711, 0.00378)
 Ant 6:Dx,Dy = ( 0.00462,-0.01810),(-0.00351,-0.01349)

2018-11-22 05:05:22,651 [MainThread  ] [INFO ]  gpboot vis=2245-328.9500 cal=1934-638.9500

gpboot: Revision 1.9, 2015/10/29 01:31:30 UTC

Secondary flux density scaled by:   0.997
Frequency bin  1 scaled by      :   0.998
Frequency bin  2 scaled by      :   0.999

2018-11-22 05:06:53,827 [MainThread  ] [INFO ]  gpcopy vis=2245-328.9500 out=d.9500

gpcopy: Revision 1.13, 2015/10/29 01:31:39 UTC

Copying leakage table
Copying gain table
Interpolation tolerance set to (minutes): 720.00
Copying bandpass table

2018-11-22 05:22:51,752 [MainThread  ] [INFO ]  pgflag vis=d.9500 command='<b' stokes=i,v,q,u flagpar=8,2,2,3,6,3  options=nodisp

pgflag: Revision 1.30, 2016/10/05 23:06:50 UTC

Applying bandpass corrections to d.9500
Applying freq. dependent gain corrections to d.9500
Applying freq. dependent leakage correction to d.9500
Applying changes to dataset
Counts of correlations within selected channels:
 channel  Originally  Currently
 Good:     338968032  328623024    Changed to bad:   10345008
 Bad:       53874444   64219452    Changed to good:         0
 16.3% of the data is now flagged

2018-11-22 05:40:45,897 [MainThread  ] [INFO ]  pgflag vis=d.9500 command='<b' stokes=i,v,u,q flagpar=8,2,2,3,6,3  options=nodisp

pgflag: Revision 1.30, 2016/10/05 23:06:50 UTC

Applying bandpass corrections to d.9500
Applying freq. dependent gain corrections to d.9500
Applying freq. dependent leakage correction to d.9500
Applying changes to dataset
Counts of correlations within selected channels:
 channel  Originally  Currently
 Good:     328623024  321131888    Changed to bad:    7491136
 Bad:       64219452   71710588    Changed to good:         0
 18.3% of the data is now flagged

2018-11-22 05:44:22,642 [MainThread  ] [INFO ]  uvsplit vis=d.9500

uvsplit: Revision 1.18, 2016/05/09 03:06:18 UTC

Creating d_361.9500
Creating d_362.9500
Creating d_363.9500
Creating d_364.9500
Creating d_365.9500
Creating d_366.9500
Creating d_367.9500
Creating d_368.9500
Creating d_369.9500
Creating d_370.9500
Creating d_371.9500
Creating d_372.9500
Creating d_373.9500
Creating d_374.9500
Creating d_375.9500
Creating d_376.9500
Creating d_377.9500
Creating d_378.9500
Creating d_379.9500
Creating d_380.9500
Creating d_381.9500
Creating d_382.9500
Creating d_383.9500
Creating d_384.9500
Creating d_385.9500
Creating d_386.9500
Creating d_387.9500
Creating d_388.9500
Creating d_389.9500
Creating d_390.9500
Creating d_391.9500
Creating d_392.9500
Creating d_393.9500
Creating d_394.9500
Creating d_395.9500
Creating d_396.9500
Creating d_397.9500
Creating d_398.9500
Creating d_399.9500
Creating d_400.9500
Creating d_401.9500
Creating d_402.9500
Creating d_403.9500
Creating d_404.9500
Creating d_405.9500
Creating d_406.9500
Creating d_407.9500
Creating d_408.9500
Creating d_409.9500
Creating d_410.9500
Creating d_411.9500
Creating d_412.9500
Creating d_413.9500
Creating d_414.9500
Creating d_415.9500
Creating d_416.9500
Creating d_417.9500
Creating d_418.9500
Creating d_419.9500
Creating d_420.9500
Creating d_421.9500
Creating d_422.9500
Creating d_423.9500
Creating d_424.9500
Creating d_425.9500
Creating d_426.9500
Creating d_427.9500
Creating d_428.9500
Creating d_429.9500
Creating d_430.9500
Creating d_431.9500
Creating d_432.9500
Creating d_433.9500
Creating d_434.9500
Creating d_435.9500
Creating d_436.9500
Creating d_437.9500
Creating d_438.9500
Creating d_439.9500
Creating d_440.9500
Creating d_441.9500
Creating d_442.9500
Creating d_443.9500
Creating d_444.9500
Creating d_445.9500
Creating d_446.9500
Creating d_447.9500
Creating d_448.9500
Creating d_449.9500
Creating d_450.9500
Creating d_451.9500
Creating d_452.9500
Creating d_453.9500
Creating d_454.9500
Creating d_455.9500
Creating d_456.9500
Creating d_457.9500
Creating d_458.9500
Creating d_459.9500
Creating d_460.9500
Creating d_461.9500
Creating d_462.9500
Creating d_463.9500
Creating d_464.9500
Creating d_465.9500
Creating d_466.9500
Creating d_467.9500
Creating d_468.9500
Creating d_469.9500
Creating d_470.9500
Creating d_471.9500
Creating d_472.9500
Creating d_473.9500
Creating d_474.9500
Creating d_475.9500
Creating d_476.9500
Creating d_477.9500
Creating d_478.9500
Creating d_479.9500
Creating d_480.9500
Creating d_481.9500
Creating d_482.9500
Creating d_483.9500
Creating d_484.9500
Creating d_485.9500
Creating d_486.9500
Creating d_487.9500
Creating d_488.9500
Creating d_489.9500
Creating d_490.9500
Creating d_491.9500
Creating d_492.9500
Creating d_493.9500
Creating d_494.9500
Creating d_495.9500
Creating d_496.9500
Creating d_497.9500
Creating d_498.9500
Creating d_499.9500
Creating d_500.9500
Creating d_501.9500
Creating d_502.9500
Creating d_503.9500
Creating d_504.9500
Creating d_505.9500
Creating d_506.9500
Creating d_507.9500
Creating d_508.9500
Creating d_509.9500
Creating d_510.9500
Creating d_511.9500
Creating d_512.9500
Creating d_513.9500
Creating d_514.9500
Creating d_515.9500
Creating d_516.9500
Creating d_517.9500
Creating d_518.9500
Creating d_519.9500
Creating d_520.9500
Creating d_521.9500
Creating d_522.9500
Creating d_523.9500
Creating d_524.9500
Creating d_525.9500
Creating d_526.9500
Creating d_527.9500
Creating d_528.9500
Creating d_529.9500
Creating d_530.9500
Creating d_531.9500
Creating d_532.9500
Creating d_533.9500
Creating d_534.9500
Creating d_535.9500
Creating d_536.9500
Creating d_537.9500
Creating d_538.9500
Creating d_539.9500
Creating d_540.9500

