2018-08-05 08:37:17,736 [MainThread  ] [INFO ]  atlod in=raw/2016-12-02_0231.C3132,raw/2016-12-02_0518.C3132,raw/2016-12-02_0805.C3132,raw/2016-12-02_1052.C3132,raw/2016-12-02_1338.C3132 out=data5.uv ifsel=1 options=birdie,rfiflag,noauto,xycorr

atlod: Revision 1.53, 2016/08/25 23:02:21 UTC

Processing file raw/2016-12-02_0231.C3132
 02:30:52 CAOBS> cain cycle 8
 02:31:03 CAOBS> set file c3132_cal
 02:31:07 CAOBS> track 1
CABB data detected
Scan 1 started at 16DEC02:02:31:24.0
Source: 1934-638
Flagging channels in  28 frequency ranges
 02:31:21 CAOBS> focus default
 02:33:37 CAOBS> corr dcal
 02:34:39 CAOBS> reset delays
 02:34:49 CAOBS> corr dcal
 02:35:45 CAOBS> corr pcal
 02:36:57 CAOBS> corr acal
 02:37:46 CAOBS> corr acal
 02:38:27 CAOBS> corr pcal
 02:39:03 CAOBS> corr acal
 02:39:34 CAOBS> corr acal
 02:40:49 CAOBS> stop
 02:40:53 CAOBS> core close
 02:40:60 CAOBS> track 1
Scan 2 started at 16DEC02:02:41:16.0
 02:50:07 CAOBS> stop
 02:50:19 CAOBS> set file c3132_obs_d5
 02:50:30 CAOBS> start 5/99
Scan 3 started at 16DEC02:02:52:12.0
Source: 2312-319
Scan 4 started at 16DEC02:02:55:16.0
Source: d_761
Source: d_762
Source: d_763
Source: d_764
Source: d_765
Source: d_766
Source: d_767
Source: d_768
Source: d_769
Source: d_770
Source: d_771
Source: d_772
Source: d_773
Source: d_774
Source: d_775
Source: d_776
Source: d_777
Source: d_778
Source: d_779
Source: d_780
Scan 5 started at 16DEC02:03:08:52.0
Source: 2312-319
Scan 6 started at 16DEC02:03:11:48.0
Source: d_781
Source: d_782
Source: d_783
Source: d_784
Source: d_785
Source: d_786
Source: d_787
Source: d_788
Source: d_789
Source: d_790
Source: d_791
Source: d_792
Source: d_793
Source: d_794
Source: d_795
Source: d_796
Source: d_797
Source: d_798
Source: d_799
Source: d_800
Scan 7 started at 16DEC02:03:25:24.0
Source: 2312-319
Scan 8 started at 16DEC02:03:28:28.0
Source: d_801
Source: d_802
Source: d_803
Source: d_804
Source: d_805
Source: d_806
Source: d_807
Source: d_808
Source: d_809
Source: d_810
Source: d_811
Source: d_812
Source: d_813
Source: d_814
Source: d_815
Source: d_816
Source: d_817
Source: d_818
Source: d_819
Source: d_820
Scan 9 started at 16DEC02:03:41:56.0
Source: 2312-319
Scan 10 started at 16DEC02:03:45:00.0
Source: d_821
Source: d_822
Source: d_823
Source: d_824
Source: d_825
Source: d_826
Source: d_827
Source: d_828
Source: d_829
Source: d_830
Source: d_831
Source: d_832
Source: d_833
Source: d_834
Source: d_835
Source: d_836
Source: d_837
Source: d_838
Source: d_839
Source: d_840
Scan 11 started at 16DEC02:03:58:28.0
Source: 2312-319
Scan 12 started at 16DEC02:04:01:24.0
Source: d_841
Source: d_842
Source: d_843
Source: d_844
Source: d_845
Source: d_846
Source: d_847
Source: d_848
Source: d_849
Source: d_850
Source: d_851
Source: d_852
Source: d_853
Source: d_854
Source: d_855
Source: d_856
Source: d_857
Source: d_858
Source: d_859
Source: d_860
Scan 13 started at 16DEC02:04:15:00.0
Source: 2312-319
Scan 14 started at 16DEC02:04:18:04.0
Source: d_861
Source: d_862
Source: d_863
Source: d_864
Source: d_865
Source: d_866
Source: d_867
Source: d_868
Source: d_869
Source: d_870
Source: d_871
Source: d_872
Source: d_873
Source: d_874
Source: d_875
Source: d_876
Source: d_877
Source: d_878
Source: d_879
Source: d_880
Scan 15 started at 16DEC02:04:31:32.0
Source: 2312-319
Scan 16 started at 16DEC02:04:34:36.0
Source: d_881
Source: d_882
Source: d_883
Source: d_884
Source: d_885
Source: d_886
Source: d_887
Source: d_888
Source: d_889
Source: d_890
Source: d_891
Source: d_892
Source: d_893
Source: d_894
Source: d_895
Source: d_896
Source: d_897
Source: d_898
Source: d_899
Source: d_900
Scan 17 started at 16DEC02:04:48:04.0
Source: 2312-319
Scan 18 started at 16DEC02:04:50:52.0
Source: d_721
Source: d_722
Source: d_723
Source: d_724
Source: d_725
Source: d_726
Source: d_727
Source: d_728
Source: d_729
Source: d_730
Source: d_731
Source: d_732
Source: d_733
Source: d_734
Source: d_735
Source: d_736
Source: d_737
Source: d_738
Source: d_739
Source: d_740
Scan 19 started at 16DEC02:05:04:28.0
Source: 2312-319
Scan 20 started at 16DEC02:05:07:16.0
Source: d_741
Source: d_742
Source: d_743
Source: d_744
Source: d_745
Source: d_746
Source: d_747
Source: d_748
Source: d_749
Source: d_750
Source: d_751
Source: d_752
Source: d_753
Source: d_754
Source: d_755
Source: d_756
Source: d_757
RPFITS file version is 2.12
---------------------------------------
Total number of spectra selected: 72660

Summary of spectra flagged
Flagging Reason            Fraction
---------------            --------
Antenna off-source/off-line  5.53%
---------------------------------------
Processing file raw/2016-12-02_0518.C3132
CABB data detected
Scan 1 started at 16DEC02:05:18:29.5
Source: d_758
Source: d_759
Source: d_760
Scan 2 started at 16DEC02:05:20:52.0
Source: 2312-319
Scan 3 started at 16DEC02:05:23:48.0
Source: d_761
Source: d_762
Source: d_763
Source: d_764
Source: d_765
Source: d_766
Source: d_767
Source: d_768
Source: d_769
Source: d_770
Source: d_771
Source: d_772
Source: d_773
Source: d_774
Source: d_775
Source: d_776
Source: d_777
Source: d_778
Source: d_779
Source: d_780
Scan 4 started at 16DEC02:05:37:24.0
Source: 2312-319
Scan 5 started at 16DEC02:05:40:12.0
Source: d_781
Source: d_782
Source: d_783
Source: d_784
Source: d_785
Source: d_786
Source: d_787
Source: d_788
Source: d_789
Source: d_790
Source: d_791
Source: d_792
Source: d_793
Source: d_794
Source: d_795
Source: d_796
Source: d_797
Source: d_798
Source: d_799
Source: d_800
Scan 6 started at 16DEC02:05:53:48.0
Source: 2312-319
Scan 7 started at 16DEC02:05:56:44.0
Source: d_801
Source: d_802
Source: d_803
Source: d_804
Source: d_805
Source: d_806
Source: d_807
Source: d_808
Source: d_809
Source: d_810
Source: d_811
Source: d_812
Source: d_813
Source: d_814
Source: d_815
Source: d_816
Source: d_817
Source: d_818
Source: d_819
Source: d_820
Scan 8 started at 16DEC02:06:10:12.0
Source: 2312-319
Scan 9 started at 16DEC02:06:13:00.0
Source: d_821
Source: d_822
Source: d_823
Source: d_824
Source: d_825
Source: d_826
Source: d_827
Source: d_828
Source: d_829
Source: d_830
Source: d_831
Source: d_832
Source: d_833
Source: d_834
Source: d_835
Source: d_836
Source: d_837
Source: d_838
Source: d_839
Source: d_840
Scan 10 started at 16DEC02:06:26:36.0
Source: 2312-319
Scan 11 started at 16DEC02:06:29:24.0
Source: d_841
Source: d_842
Source: d_843
Source: d_844
Source: d_845
Source: d_846
Source: d_847
Source: d_848
Source: d_849
Source: d_850
Source: d_851
Source: d_852
Source: d_853
Source: d_854
Source: d_855
Source: d_856
Source: d_857
Source: d_858
Source: d_859
Source: d_860
Scan 12 started at 16DEC02:06:43:00.0
Source: 2312-319
Scan 13 started at 16DEC02:06:46:04.0
Source: d_861
Source: d_862
Source: d_863
Source: d_864
Source: d_865
Source: d_866
Source: d_867
Source: d_868
Source: d_869
Source: d_870
Source: d_871
Source: d_872
Source: d_873
Source: d_874
Source: d_875
Source: d_876
Source: d_877
Source: d_878
Source: d_879
Source: d_880
Scan 14 started at 16DEC02:06:59:24.0
Source: 2312-319
Scan 15 started at 16DEC02:07:02:36.0
Source: d_881
Source: d_882
Source: d_883
Source: d_884
Source: d_885
Source: d_886
Source: d_887
Source: d_888
Source: d_889
Source: d_890
Source: d_891
Source: d_892
Source: d_893
Source: d_894
Source: d_895
Source: d_896
Source: d_897
Source: d_898
Source: d_899
Source: d_900
Scan 16 started at 16DEC02:07:16:04.0
Source: 2312-319
Scan 17 started at 16DEC02:07:19:24.0
Source: d_721
Source: d_722
Source: d_723
Source: d_724
Source: d_725
Source: d_726
Source: d_727
Source: d_728
Source: d_729
Source: d_730
Source: d_731
Source: d_732
Source: d_733
Source: d_734
Source: d_735
Source: d_736
Source: d_737
Source: d_738
Source: d_739
Source: d_740
Scan 18 started at 16DEC02:07:32:44.0
Source: 2312-319
Scan 19 started at 16DEC02:07:36:28.0
Source: d_741
Source: d_742
Source: d_743
Source: d_744
Source: d_745
Source: d_746
Source: d_747
Source: d_748
Source: d_749
Source: d_750
Source: d_751
Source: d_752
Source: d_753
Source: d_754
Source: d_755
Source: d_756
Source: d_757
Source: d_758
Source: d_759
Source: d_760
Scan 20 started at 16DEC02:07:50:04.0
Source: 2312-319
Scan 21 started at 16DEC02:07:54:12.0
Source: d_761
Source: d_762
Source: d_763
Source: d_764
Source: d_765
Source: d_766
Source: d_767
Source: d_768
Source: d_769
Source: d_770
Source: d_771
Source: d_772
Source: d_773
Source: d_774
Source: d_775
Source: d_776
Source: d_777
Source: d_778
RPFITS file version is 2.12
---------------------------------------
Total number of spectra selected: 72660

Summary of spectra flagged
Flagging Reason            Fraction
---------------            --------
Antenna off-source/off-line  6.79%
---------------------------------------
Processing file raw/2016-12-02_0805.C3132
CABB data detected
Scan 1 started at 16DEC02:08:05:16.0
Source: d_778
Source: d_779
Source: d_780
Scan 2 started at 16DEC02:08:08:20.0
Source: 2312-319
Scan 3 started at 16DEC02:08:13:50.5
Source: d_782
Source: d_783
Source: d_784
Source: d_785
Source: d_786
Source: d_787
Source: d_788
Source: d_789
Source: d_790
Source: d_791
Source: d_792
Source: d_793
Source: d_794
Source: d_795
Source: d_796
Source: d_797
Source: d_798
Source: d_799
Source: d_800
Scan 4 started at 16DEC02:08:28:20.0
Source: 2312-319
Scan 5 started at 16DEC02:08:32:28.0
Source: d_801
Source: d_802
Source: d_803
Source: d_804
Source: d_805
Source: d_806
Source: d_807
Source: d_808
Source: d_809
Source: d_810
Source: d_811
Source: d_812
Source: d_813
Source: d_814
Source: d_815
Source: d_816
Source: d_817
Source: d_818
Source: d_819
Source: d_820
Scan 6 started at 16DEC02:08:45:56.0
Source: 2312-319
Scan 7 started at 16DEC02:08:49:00.0
Source: d_821
Source: d_822
Source: d_823
Source: d_824
Source: d_825
Source: d_826
Source: d_827
Source: d_828
Source: d_829
Source: d_830
Source: d_831
Source: d_832
Source: d_833
Source: d_834
Source: d_835
Source: d_836
Source: d_837
Source: d_838
Source: d_839
Source: d_840
Scan 8 started at 16DEC02:09:02:44.0
Source: 2312-319
Scan 9 started at 16DEC02:09:05:40.0
Source: d_841
Source: d_842
Source: d_843
Source: d_844
Source: d_845
Source: d_846
Source: d_847
Source: d_848
Source: d_849
Source: d_850
Source: d_851
Source: d_852
Source: d_853
Source: d_854
Source: d_855
Source: d_856
Source: d_857
Source: d_858
Source: d_859
Source: d_860
Scan 10 started at 16DEC02:09:19:16.0
Source: 2312-319
Scan 11 started at 16DEC02:09:22:20.0
Source: d_861
Source: d_862
Source: d_863
Source: d_864
Source: d_865
Source: d_866
Source: d_867
Source: d_868
Source: d_869
Source: d_870
Source: d_871
Source: d_872
Source: d_873
Source: d_874
Source: d_875
Source: d_876
Source: d_877
Source: d_878
Source: d_879
Source: d_880
Scan 12 started at 16DEC02:09:35:40.0
Source: 2312-319
Scan 13 started at 16DEC02:09:38:52.0
Source: d_881
Source: d_882
Source: d_883
Source: d_884
Source: d_885
Source: d_886
Source: d_887
Source: d_888
Source: d_889
Source: d_890
Source: d_891
Source: d_892
Source: d_893
Source: d_894
Source: d_895
Source: d_896
Source: d_897
Source: d_898
Source: d_899
Source: d_900
Scan 14 started at 16DEC02:09:52:20.0
Source: 2312-319
Scan 15 started at 16DEC02:09:55:16.0
Source: d_721
Source: d_722
Source: d_723
Source: d_724
Source: d_725
Source: d_726
Source: d_727
Source: d_728
Source: d_729
Source: d_730
Source: d_731
Source: d_732
Source: d_733
Source: d_734
Source: d_735
Source: d_736
Source: d_737
Source: d_738
Source: d_739
Source: d_740
Scan 16 started at 16DEC02:10:08:44.0
Source: 2312-319
Scan 17 started at 16DEC02:10:11:40.0
Source: d_741
Source: d_742
Source: d_743
Source: d_744
Source: d_745
Source: d_746
Source: d_747
Source: d_748
Source: d_749
Source: d_750
Source: d_751
Source: d_752
Source: d_753
Source: d_754
Source: d_755
Source: d_756
Source: d_757
Source: d_758
Source: d_759
Source: d_760
Scan 18 started at 16DEC02:10:25:08.0
Source: 2312-319
Scan 19 started at 16DEC02:10:27:56.0
Source: d_761
Source: d_762
Source: d_763
Source: d_764
Source: d_765
Source: d_766
Source: d_767
Source: d_768
Source: d_769
Source: d_770
Source: d_771
Source: d_772
Source: d_773
Source: d_774
Source: d_775
Source: d_776
Source: d_777
Source: d_778
Source: d_779
Source: d_780
Scan 20 started at 16DEC02:10:41:32.0
Source: 2312-319
Scan 21 started at 16DEC02:10:44:20.0
Source: d_781
Source: d_782
Source: d_783
Source: d_784
Source: d_785
Source: d_786
Source: d_787
Source: d_788
Source: d_789
Source: d_790
Source: d_791
Source: d_792
RPFITS file version is 2.12
---------------------------------------
Total number of spectra selected: 72660

Summary of spectra flagged
Flagging Reason            Fraction
---------------            --------
Antenna off-source/off-line  9.77%
---------------------------------------
Processing file raw/2016-12-02_1052.C3132
CABB data detected
Scan 1 started at 16DEC02:10:52:04.0
Source: d_792
Source: d_793
Source: d_794
Source: d_795
Source: d_796
Source: d_797
Source: d_798
Source: d_799
Source: d_800
Scan 2 started at 16DEC02:10:57:48.0
Source: 2312-319
Scan 3 started at 16DEC02:11:00:52.0
Source: d_801
Source: d_802
Source: d_803
Source: d_804
Source: d_805
Source: d_806
Source: d_807
Source: d_808
Source: d_809
Source: d_810
Source: d_811
Source: d_812
Source: d_813
Source: d_814
Source: d_815
Source: d_816
Source: d_817
Source: d_818
Source: d_819
Source: d_820
Scan 4 started at 16DEC02:11:14:12.0
Source: 2312-319
Scan 5 started at 16DEC02:11:17:00.0
Source: d_821
Source: d_822
Source: d_823
Source: d_824
Source: d_825
Source: d_826
Source: d_827
Source: d_828
Source: d_829
Source: d_830
Source: d_831
Source: d_832
Source: d_833
Source: d_834
Source: d_835
Source: d_836
Source: d_837
Source: d_838
Source: d_839
Source: d_840
Scan 6 started at 16DEC02:11:30:36.0
Source: 2312-319
Scan 7 started at 16DEC02:11:33:24.0
Source: d_841
Source: d_842
Source: d_843
Source: d_844
Source: d_845
Source: d_846
Source: d_847
Source: d_848
Source: d_849
Source: d_850
Source: d_851
Source: d_852
Source: d_853
Source: d_854
Source: d_855
Source: d_856
Source: d_857
Source: d_858
Source: d_859
Source: d_860
Scan 8 started at 16DEC02:11:46:52.0
Source: 2312-319
Scan 9 started at 16DEC02:11:49:40.0
Source: d_861
Source: d_862
Source: d_863
Source: d_864
Source: d_865
Source: d_866
Source: d_867
Source: d_868
Source: d_869
Source: d_870
Source: d_871
Source: d_872
Source: d_873
Source: d_874
Source: d_875
Source: d_876
Source: d_877
Source: d_878
Source: d_879
Source: d_880
Scan 10 started at 16DEC02:12:03:08.0
Source: 2312-319
Scan 11 started at 16DEC02:12:06:04.0
Source: d_881
Source: d_882
Source: d_883
Source: d_884
Source: d_885
Source: d_886
Source: d_887
Source: d_888
Source: d_889
Source: d_890
Source: d_891
Source: d_892
Source: d_893
Source: d_894
Source: d_895
Source: d_896
Source: d_897
Source: d_898
Source: d_899
Source: d_900
Scan 12 started at 16DEC02:12:19:24.0
Source: 2312-319
Scan 13 started at 16DEC02:12:22:12.0
Source: d_721
Source: d_722
Source: d_723
Source: d_724
Source: d_725
Source: d_726
Source: d_727
Source: d_728
Source: d_729
Source: d_730
Source: d_731
Source: d_732
Source: d_733
Source: d_734
Source: d_735
Source: d_736
Source: d_737
Source: d_738
Source: d_739
Source: d_740
Scan 14 started at 16DEC02:12:35:40.0
Source: 2312-319
Scan 15 started at 16DEC02:12:38:28.0
Source: d_741
Source: d_742
Source: d_743
Source: d_744
Source: d_745
Source: d_746
Source: d_747
Source: d_748
Source: d_749
Source: d_750
Source: d_751
Source: d_752
Source: d_753
Source: d_754
Source: d_755
Source: d_756
Source: d_757
Source: d_758
Source: d_759
Source: d_760
Scan 16 started at 16DEC02:12:51:56.0
Source: 2312-319
Scan 17 started at 16DEC02:12:54:52.0
Source: d_761
Source: d_762
Source: d_763
Source: d_764
Source: d_765
Source: d_766
Source: d_767
Source: d_768
Source: d_769
Source: d_770
Source: d_771
Source: d_772
Source: d_773
Source: d_774
Source: d_775
Source: d_776
Source: d_777
Source: d_778
Source: d_779
Source: d_780
Scan 18 started at 16DEC02:13:08:20.0
Source: 2312-319
Scan 19 started at 16DEC02:13:11:08.0
Source: d_781
Source: d_782
Source: d_783
Source: d_784
Source: d_785
Source: d_786
Source: d_787
Source: d_788
Source: d_789
Source: d_790
Source: d_791
Source: d_792
Source: d_793
Source: d_794
Source: d_795
Source: d_796
Source: d_797
Source: d_798
Source: d_799
Source: d_800
Scan 20 started at 16DEC02:13:24:36.0
Source: 2312-319
Scan 21 started at 16DEC02:13:27:24.0
Source: d_801
Source: d_802
Source: d_803
Source: d_804
Source: d_805
Source: d_806
Source: d_807
Source: d_808
Source: d_809
Source: d_810
Source: d_811
Source: d_812
Source: d_813
Source: d_814
Source: d_815
Source: d_816
Source: d_817
Source: d_818
RPFITS file version is 2.12
---------------------------------------
Total number of spectra selected: 72660

Summary of spectra flagged
Flagging Reason            Fraction
---------------            --------
Antenna off-source/off-line  3.74%
---------------------------------------
Processing file raw/2016-12-02_1338.C3132
CABB data detected
Scan 1 started at 16DEC02:13:38:52.0
Source: d_818
Source: d_819
Source: d_820
Scan 2 started at 16DEC02:13:40:52.0
Source: 2312-319
Scan 3 started at 16DEC02:13:43:40.0
Source: d_821
Source: d_822
Source: d_823
Source: d_824
Source: d_825
Source: d_826
Source: d_827
Source: d_828
Source: d_829
Source: d_830
Source: d_831
Source: d_832
Source: d_833
Source: d_834
Source: d_835
Source: d_836
Source: d_837
Source: d_838
Source: d_839
Source: d_840
Scan 4 started at 16DEC02:13:57:08.0
Source: 2312-319
 13:59:11 CAOBS> stop
 13:59:27 CAOBS> corr close
RPFITS file version is 2.12
---------------------------------------
Total number of spectra selected: 8760

Summary of spectra flagged
Flagging Reason            Fraction
---------------            --------
Antenna off-source/off-line  2.74%
---------------------------------------

No CACAL data was detected

2018-08-05 08:41:11,381 [MainThread  ] [INFO ]  uvsplit vis=data5.uv options=mosaic

uvsplit: Revision 1.18, 2016/05/09 03:06:18 UTC

Creating 1934-638.5500
Creating 2312-319.5500
Creating d.5500

2018-08-05 08:41:30,970 [MainThread  ] [INFO ]  pgflag vis=1934-638.5500 command='<b' stokes=i,q,u,v flagpar=8,5,5,3,6,3 options=nodisp

pgflag: Revision 1.30, 2016/10/05 23:06:50 UTC

Applying changes to dataset
Counts of correlations within selected channels:
 channel  Originally  Currently
 Good:      15042600   14926932    Changed to bad:     115668
 Bad:        1800180    1915848    Changed to good:         0
 11.4% of the data is now flagged

2018-08-05 08:41:50,089 [MainThread  ] [INFO ]  pgflag vis=1934-638.5500 command='<b' stokes=i,v,q,u flagpar=8,2,2,3,6,3  options=nodisp

pgflag: Revision 1.30, 2016/10/05 23:06:50 UTC

Applying changes to dataset
Counts of correlations within selected channels:
 channel  Originally  Currently
 Good:      14926932   14821908    Changed to bad:     105024
 Bad:        1915848    2020872    Changed to good:         0
 12.0% of the data is now flagged

2018-08-05 08:42:08,488 [MainThread  ] [INFO ]  pgflag vis=1934-638.5500 command='<b' stokes=i,v,u,q flagpar=8,2,2,3,6,3  options=nodisp

pgflag: Revision 1.30, 2016/10/05 23:06:50 UTC

Applying changes to dataset
Counts of correlations within selected channels:
 channel  Originally  Currently
 Good:      14821908   14559356    Changed to bad:     262552
 Bad:        2020872    2283424    Changed to good:         0
 13.6% of the data is now flagged

2018-08-05 08:44:01,096 [MainThread  ] [INFO ]  mfcal vis=1934-638.5500 refant=4 interval=0.1
MfCal: $Revision: 1.20 $, $Date: 2017/05/08 02:31:10 $
Selecting parallel-hand polarisations
Reading the data ...
Number correlations accepted: 7279678
Number of frequency bands/settings: 1
Number of polarisations selected: 2
Number of solution intervals: 137
Number of passband solution intervals: 1
Initialising ...
Using post-Aug94 ATCA flux scale for 1934-638.
Using known frequency variation of 1934-638
Generating initial solution estimate ...
Doing solution refinement ...
Iter= 1, Solution Error:  0.389
Iter= 2, Solution Error:  0.016
Iter= 3, Solution Error:  0.000
Saving solution ...

2018-08-05 08:44:02,449 [MainThread  ] [INFO ]  gpcal vis=1934-638.5500 refant=4 interval=0.1 nfbin=2 options=xyvary

gpcal: Revision 1.22, 2016/05/01 22:31:05 UTC

Applying bandpass corrections to 1934-638.5500
Number of antennae: 6
Reading the data ...
Number of solution intervals: 137
Total visibilities read: 2055
Number visibilities accepted: 2055
Using post-Aug94 ATCA flux scale for 1934-638.
Using IQUV =  5.0088,  0.0000,  0.0000,  0.0000 at   5.4595 GHz.
Using post-Aug94 ATCA flux scale for 1934-638.
Using IQUV =  5.5172,  0.0000,  0.0000,  0.0000 at   5.0317 GHz.
Using post-Aug94 ATCA flux scale for 1934-638.
Using IQUV =  4.5134,  0.0000,  0.0000,  0.0000 at   5.9512 GHz.
Iter= 1, Amplit/Phase Solution Error:   0.557
Iter= 1, Polarisation Solution Error:   0.039
Iter= 1, Overall Solution Error:        1.832
Iter= 2, Amplit/Phase Solution Error:   0.002
Iter= 2, Polarisation Solution Error:   0.000
Iter= 2, Overall Solution Error:        0.002
Iter= 3, Amplit/Phase Solution Error:   0.001
Iter= 3, Polarisation Solution Error:   0.000
Iter= 3, Overall Solution Error:        0.001
I flux density:   5.0088
Leakage terms:
 Ant 1:Dx,Dy = ( 0.00141, 0.00188),(-0.00012, 0.00272)
 Ant 2:Dx,Dy = ( 0.00373, 0.00671),(-0.00383, 0.00693)
 Ant 3:Dx,Dy = ( 0.00518,-0.00390),(-0.00873,-0.00415)
 Ant 4:Dx,Dy = ( 0.00413, 0.01738),(-0.00295, 0.01833)
 Ant 5:Dx,Dy = (-0.01765,-0.00181),( 0.01651,-0.00158)
 Ant 6:Dx,Dy = ( 0.00217,-0.02183),(-0.00189,-0.02069)
Solution for freq bin  1
Iter= 1, Amplit/Phase Solution Error:   0.553
Iter= 1, Polarisation Solution Error:   0.041
Iter= 1, Overall Solution Error:        1.824
Iter= 2, Amplit/Phase Solution Error:   0.001
Iter= 2, Polarisation Solution Error:   0.000
Iter= 2, Overall Solution Error:        0.002
Iter= 3, Amplit/Phase Solution Error:   0.001
Iter= 3, Polarisation Solution Error:   0.000
Iter= 3, Overall Solution Error:        0.001
I flux density:   5.5172
Leakage terms:
 Ant 1:Dx,Dy = ( 0.00133, 0.00217),(-0.00030, 0.00288)
 Ant 2:Dx,Dy = ( 0.00435, 0.00741),(-0.00420, 0.00772)
 Ant 3:Dx,Dy = ( 0.00469,-0.00391),(-0.00944,-0.00359)
 Ant 4:Dx,Dy = ( 0.00375, 0.01808),(-0.00329, 0.01903)
 Ant 5:Dx,Dy = (-0.01810,-0.00237),( 0.01600,-0.00207)
 Ant 6:Dx,Dy = ( 0.00136,-0.02329),(-0.00139,-0.02207)
Solution for freq bin  2
Iter= 1, Amplit/Phase Solution Error:   0.576
Iter= 1, Polarisation Solution Error:   0.036
Iter= 1, Overall Solution Error:        1.861
Iter= 2, Amplit/Phase Solution Error:   0.002
Iter= 2, Polarisation Solution Error:   0.000
Iter= 2, Overall Solution Error:        0.003
Iter= 3, Amplit/Phase Solution Error:   0.001
Iter= 3, Polarisation Solution Error:   0.000
Iter= 3, Overall Solution Error:        0.001
I flux density:   4.5134
Leakage terms:
 Ant 1:Dx,Dy = ( 0.00154, 0.00149),( 0.00008, 0.00251)
 Ant 2:Dx,Dy = ( 0.00294, 0.00577),(-0.00334, 0.00588)
 Ant 3:Dx,Dy = ( 0.00583,-0.00388),(-0.00781,-0.00487)
 Ant 4:Dx,Dy = ( 0.00461, 0.01649),(-0.00250, 0.01742)
 Ant 5:Dx,Dy = (-0.01709,-0.00106),( 0.01715,-0.00090)
 Ant 6:Dx,Dy = ( 0.00321,-0.01993),(-0.00255,-0.01890)

2018-08-05 08:44:31,427 [MainThread  ] [INFO ]  pgflag vis=1934-638.5500 command='<b' stokes=i,q,u,v flagpar=8,5,5,3,6,3 options=nodisp

pgflag: Revision 1.30, 2016/10/05 23:06:50 UTC

Applying bandpass corrections to 1934-638.5500
Applying freq. dependent gain corrections to 1934-638.5500
Applying freq. dependent leakage correction to 1934-638.5500
Applying changes to dataset
Counts of correlations within selected channels:
 channel  Originally  Currently
 Good:      14559356   14514464    Changed to bad:      44892
 Bad:        2283424    2328316    Changed to good:         0
 13.8% of the data is now flagged

2018-08-05 08:44:57,979 [MainThread  ] [INFO ]  pgflag vis=1934-638.5500 command='<b' stokes=i,v,q,u flagpar=8,2,2,3,6,3  options=nodisp

pgflag: Revision 1.30, 2016/10/05 23:06:50 UTC

Applying bandpass corrections to 1934-638.5500
Applying freq. dependent gain corrections to 1934-638.5500
Applying freq. dependent leakage correction to 1934-638.5500
Applying changes to dataset
Counts of correlations within selected channels:
 channel  Originally  Currently
 Good:      14514464   14473484    Changed to bad:      40980
 Bad:        2328316    2369296    Changed to good:         0
 14.1% of the data is now flagged

2018-08-05 08:45:23,830 [MainThread  ] [INFO ]  pgflag vis=1934-638.5500 command='<b' stokes=i,v,u,q flagpar=8,2,2,3,6,3  options=nodisp

pgflag: Revision 1.30, 2016/10/05 23:06:50 UTC

Applying bandpass corrections to 1934-638.5500
Applying freq. dependent gain corrections to 1934-638.5500
Applying freq. dependent leakage correction to 1934-638.5500
Applying changes to dataset
Counts of correlations within selected channels:
 channel  Originally  Currently
 Good:      14473484   14436916    Changed to bad:      36568
 Bad:        2369296    2405864    Changed to good:         0
 14.3% of the data is now flagged

2018-08-05 08:46:51,555 [MainThread  ] [INFO ]  mfcal vis=1934-638.5500 refant=4 interval=0.1
MfCal: $Revision: 1.20 $, $Date: 2017/05/08 02:31:10 $
Selecting parallel-hand polarisations
Reading the data ...
Number correlations accepted: 7218458
Number of frequency bands/settings: 1
Number of polarisations selected: 2
Number of solution intervals: 137
Number of passband solution intervals: 1
Initialising ...
Using post-Aug94 ATCA flux scale for 1934-638.
Using known frequency variation of 1934-638
Generating initial solution estimate ...
Doing solution refinement ...
Iter= 1, Solution Error:  0.390
Iter= 2, Solution Error:  0.016
Iter= 3, Solution Error:  0.000
Saving solution ...

2018-08-05 08:46:52,948 [MainThread  ] [INFO ]  gpcal vis=1934-638.5500 refant=4 interval=0.1 nfbin=2 options=xyvary

gpcal: Revision 1.22, 2016/05/01 22:31:05 UTC

Applying bandpass corrections to 1934-638.5500
Number of antennae: 6
Using leakage parameters from input as initial guess
Reading the data ...
Number of solution intervals: 137
Total visibilities read: 2055
Number visibilities accepted: 2055
Using post-Aug94 ATCA flux scale for 1934-638.
Using IQUV =  5.0091,  0.0000,  0.0000,  0.0000 at   5.4592 GHz.
Using post-Aug94 ATCA flux scale for 1934-638.
Using IQUV =  5.5142,  0.0000,  0.0000,  0.0000 at   5.0341 GHz.
Using post-Aug94 ATCA flux scale for 1934-638.
Using IQUV =  4.5154,  0.0000,  0.0000,  0.0000 at   5.9490 GHz.
Iter= 1, Amplit/Phase Solution Error:   0.557
Iter= 1, Polarisation Solution Error:   0.000
Iter= 1, Overall Solution Error:        1.831
Iter= 2, Amplit/Phase Solution Error:   0.002
Iter= 2, Polarisation Solution Error:   0.000
Iter= 2, Overall Solution Error:        0.002
Iter= 3, Amplit/Phase Solution Error:   0.001
Iter= 3, Polarisation Solution Error:   0.000
Iter= 3, Overall Solution Error:        0.001
I flux density:   5.0091
Leakage terms:
 Ant 1:Dx,Dy = ( 0.00141, 0.00188),(-0.00012, 0.00272)
 Ant 2:Dx,Dy = ( 0.00374, 0.00672),(-0.00382, 0.00694)
 Ant 3:Dx,Dy = ( 0.00518,-0.00391),(-0.00873,-0.00414)
 Ant 4:Dx,Dy = ( 0.00413, 0.01739),(-0.00294, 0.01835)
 Ant 5:Dx,Dy = (-0.01766,-0.00182),( 0.01650,-0.00159)
 Ant 6:Dx,Dy = ( 0.00217,-0.02184),(-0.00191,-0.02069)
Solution for freq bin  1
Iter= 1, Amplit/Phase Solution Error:   0.553
Iter= 1, Polarisation Solution Error:   0.002
Iter= 1, Overall Solution Error:        1.824
Iter= 2, Amplit/Phase Solution Error:   0.001
Iter= 2, Polarisation Solution Error:   0.000
Iter= 2, Overall Solution Error:        0.002
Iter= 3, Amplit/Phase Solution Error:   0.001
Iter= 3, Polarisation Solution Error:   0.000
Iter= 3, Overall Solution Error:        0.001
I flux density:   5.5142
Leakage terms:
 Ant 1:Dx,Dy = ( 0.00132, 0.00218),(-0.00030, 0.00288)
 Ant 2:Dx,Dy = ( 0.00436, 0.00741),(-0.00417, 0.00772)
 Ant 3:Dx,Dy = ( 0.00469,-0.00391),(-0.00944,-0.00358)
 Ant 4:Dx,Dy = ( 0.00375, 0.01808),(-0.00327, 0.01904)
 Ant 5:Dx,Dy = (-0.01810,-0.00240),( 0.01599,-0.00209)
 Ant 6:Dx,Dy = ( 0.00138,-0.02327),(-0.00140,-0.02204)
Solution for freq bin  2
Iter= 1, Amplit/Phase Solution Error:   0.575
Iter= 1, Polarisation Solution Error:   0.003
Iter= 1, Overall Solution Error:        1.860
Iter= 2, Amplit/Phase Solution Error:   0.002
Iter= 2, Polarisation Solution Error:   0.000
Iter= 2, Overall Solution Error:        0.003
Iter= 3, Amplit/Phase Solution Error:   0.001
Iter= 3, Polarisation Solution Error:   0.000
Iter= 3, Overall Solution Error:        0.001
I flux density:   4.5154
Leakage terms:
 Ant 1:Dx,Dy = ( 0.00154, 0.00149),( 0.00009, 0.00251)
 Ant 2:Dx,Dy = ( 0.00295, 0.00580),(-0.00333, 0.00589)
 Ant 3:Dx,Dy = ( 0.00583,-0.00390),(-0.00783,-0.00487)
 Ant 4:Dx,Dy = ( 0.00460, 0.01650),(-0.00250, 0.01744)
 Ant 5:Dx,Dy = (-0.01709,-0.00107),( 0.01714,-0.00091)
 Ant 6:Dx,Dy = ( 0.00319,-0.01996),(-0.00257,-0.01893)

2018-08-05 08:46:53,037 [MainThread  ] [INFO ]  gpcopy vis=1934-638.5500 out=2312-319.5500

gpcopy: Revision 1.13, 2015/10/29 01:31:39 UTC

Copying leakage table
Copying gain table
Interpolation tolerance set to (minutes): 720.00
Copying bandpass table

2018-08-05 08:49:14,429 [MainThread  ] [INFO ]  pgflag vis=2312-319.5500 command='<b' stokes=i,q,u,v flagpar=8,5,5,3,6,3 options=nodisp

pgflag: Revision 1.30, 2016/10/05 23:06:50 UTC

Applying bandpass corrections to 2312-319.5500
Applying freq. dependent gain corrections to 2312-319.5500
Applying freq. dependent leakage correction to 2312-319.5500
Applying changes to dataset
Counts of correlations within selected channels:
 channel  Originally  Currently
 Good:      67724640   67392536    Changed to bad:     332104
 Bad:        8104752    8436856    Changed to good:         0
 11.1% of the data is now flagged

2018-08-05 08:51:32,394 [MainThread  ] [INFO ]  pgflag vis=2312-319.5500 command='<b' stokes=i,v,q,u flagpar=8,2,2,3,6,3  options=nodisp

pgflag: Revision 1.30, 2016/10/05 23:06:50 UTC

Applying bandpass corrections to 2312-319.5500
Applying freq. dependent gain corrections to 2312-319.5500
Applying freq. dependent leakage correction to 2312-319.5500
Applying changes to dataset
Counts of correlations within selected channels:
 channel  Originally  Currently
 Good:      67392536   67140760    Changed to bad:     251776
 Bad:        8436856    8688632    Changed to good:         0
 11.5% of the data is now flagged

2018-08-05 08:53:57,439 [MainThread  ] [INFO ]  pgflag vis=2312-319.5500 command='<b' stokes=i,v,u,q flagpar=8,2,2,3,6,3  options=nodisp

pgflag: Revision 1.30, 2016/10/05 23:06:50 UTC

Applying bandpass corrections to 2312-319.5500
Applying freq. dependent gain corrections to 2312-319.5500
Applying freq. dependent leakage correction to 2312-319.5500
Applying changes to dataset
Counts of correlations within selected channels:
 channel  Originally  Currently
 Good:      67140760   66863744    Changed to bad:     277016
 Bad:        8688632    8965648    Changed to good:         0
 11.8% of the data is now flagged

2018-08-05 08:54:04,254 [MainThread  ] [INFO ]  gpcal vis=2312-319.5500 refant=4 interval=0.1 nfbin=2 options=xyvary,qusolve

gpcal: Revision 1.22, 2016/05/01 22:31:05 UTC

Applying bandpass corrections to 2312-319.5500
Number of antennae: 6
Using leakage parameters from input as initial guess
Reading the data ...
Number of solution intervals: 618
Total visibilities read: 9252
Number visibilities accepted: 9251
Iter= 1, Amplit/Phase Solution Error:   0.468
Iter= 1, Polarisation Solution Error:   0.012
Iter= 1, Overall Solution Error:        2.054
Iter= 2, Amplit/Phase Solution Error:   0.014
Iter= 2, Polarisation Solution Error:   0.000
Iter= 2, Overall Solution Error:        0.010
Iter= 3, Amplit/Phase Solution Error:   0.001
Iter= 3, Polarisation Solution Error:   0.000
Iter= 3, Overall Solution Error:        0.001
I flux density:   0.5836
Percent Q:  -1.194
Percent U:   0.723
Leakage terms:
 Ant 1:Dx,Dy = ( 0.00101, 0.00200),( 0.00021, 0.00308)
 Ant 2:Dx,Dy = ( 0.00326, 0.00614),(-0.00381, 0.00703)
 Ant 3:Dx,Dy = ( 0.00514,-0.00422),(-0.00891,-0.00422)
 Ant 4:Dx,Dy = ( 0.00386, 0.01696),(-0.00307, 0.01853)
 Ant 5:Dx,Dy = (-0.01765,-0.00232),( 0.01606,-0.00136)
 Ant 6:Dx,Dy = ( 0.00266,-0.02155),(-0.00219,-0.02007)
Solution for freq bin  1
Iter= 1, Amplit/Phase Solution Error:   0.431
Iter= 1, Polarisation Solution Error:   0.015
Iter= 1, Overall Solution Error:        1.991
Iter= 2, Amplit/Phase Solution Error:   0.016
Iter= 2, Polarisation Solution Error:   0.000
Iter= 2, Overall Solution Error:        0.011
Iter= 3, Amplit/Phase Solution Error:   0.001
Iter= 3, Polarisation Solution Error:   0.000
Iter= 3, Overall Solution Error:        0.001
I flux density:   0.5838
Percent Q:  -1.506
Percent U:   0.672
Leakage terms:
 Ant 1:Dx,Dy = ( 0.00089, 0.00240),(-0.00011, 0.00307)
 Ant 2:Dx,Dy = ( 0.00379, 0.00722),(-0.00439, 0.00774)
 Ant 3:Dx,Dy = ( 0.00445,-0.00410),(-0.00984,-0.00374)
 Ant 4:Dx,Dy = ( 0.00312, 0.01801),(-0.00332, 0.01919)
 Ant 5:Dx,Dy = (-0.01833,-0.00279),( 0.01514,-0.00217)
 Ant 6:Dx,Dy = ( 0.00177,-0.02322),(-0.00179,-0.02160)
Solution for freq bin  2
Iter= 1, Amplit/Phase Solution Error:   0.508
Iter= 1, Polarisation Solution Error:   0.009
Iter= 1, Overall Solution Error:        2.123
Iter= 2, Amplit/Phase Solution Error:   0.012
Iter= 2, Polarisation Solution Error:   0.000
Iter= 2, Overall Solution Error:        0.009
Iter= 3, Amplit/Phase Solution Error:   0.001
Iter= 3, Polarisation Solution Error:   0.000
Iter= 3, Overall Solution Error:        0.001
I flux density:   0.5842
Percent Q:  -0.883
Percent U:   0.770
Leakage terms:
 Ant 1:Dx,Dy = ( 0.00114, 0.00150),( 0.00055, 0.00296)
 Ant 2:Dx,Dy = ( 0.00273, 0.00504),(-0.00325, 0.00629)
 Ant 3:Dx,Dy = ( 0.00584,-0.00432),(-0.00798,-0.00466)
 Ant 4:Dx,Dy = ( 0.00461, 0.01598),(-0.00283, 0.01793)
 Ant 5:Dx,Dy = (-0.01700,-0.00180),( 0.01696,-0.00051)
 Ant 6:Dx,Dy = ( 0.00357,-0.01988),(-0.00256,-0.01853)

2018-08-05 08:56:32,534 [MainThread  ] [INFO ]  pgflag vis=2312-319.5500 command='<b' stokes=i,q,u,v flagpar=8,5,5,3,6,3 options=nodisp

pgflag: Revision 1.30, 2016/10/05 23:06:50 UTC

Applying bandpass corrections to 2312-319.5500
Applying freq. dependent gain corrections to 2312-319.5500
Applying freq. dependent leakage correction to 2312-319.5500
Applying changes to dataset
Counts of correlations within selected channels:
 channel  Originally  Currently
 Good:      66863744   66641740    Changed to bad:     222004
 Bad:        8965648    9187652    Changed to good:         0
 12.1% of the data is now flagged

2018-08-05 08:58:59,343 [MainThread  ] [INFO ]  pgflag vis=2312-319.5500 command='<b' stokes=i,v,q,u flagpar=8,2,2,3,6,3  options=nodisp

pgflag: Revision 1.30, 2016/10/05 23:06:50 UTC

Applying bandpass corrections to 2312-319.5500
Applying freq. dependent gain corrections to 2312-319.5500
Applying freq. dependent leakage correction to 2312-319.5500
Applying changes to dataset
Counts of correlations within selected channels:
 channel  Originally  Currently
 Good:      66641740   66457356    Changed to bad:     184384
 Bad:        9187652    9372036    Changed to good:         0
 12.4% of the data is now flagged

2018-08-05 09:01:30,202 [MainThread  ] [INFO ]  pgflag vis=2312-319.5500 command='<b' stokes=i,v,u,q flagpar=8,2,2,3,6,3  options=nodisp

pgflag: Revision 1.30, 2016/10/05 23:06:50 UTC

Applying bandpass corrections to 2312-319.5500
Applying freq. dependent gain corrections to 2312-319.5500
Applying freq. dependent leakage correction to 2312-319.5500
Applying changes to dataset
Counts of correlations within selected channels:
 channel  Originally  Currently
 Good:      66457356   66289096    Changed to bad:     168260
 Bad:        9372036    9540296    Changed to good:         0
 12.6% of the data is now flagged

2018-08-05 09:01:34,900 [MainThread  ] [INFO ]  gpcal vis=2312-319.5500 refant=4 interval=0.1 nfbin=2 options=xyvary,qusolve

gpcal: Revision 1.22, 2016/05/01 22:31:05 UTC

Applying bandpass corrections to 2312-319.5500
Number of antennae: 6
Using leakage parameters from input as initial guess
Reading the data ...
Number of solution intervals: 618
Total visibilities read: 9252
Number visibilities accepted: 9251
Iter= 1, Amplit/Phase Solution Error:   0.468
Iter= 1, Polarisation Solution Error:   0.012
Iter= 1, Overall Solution Error:        2.054
Iter= 2, Amplit/Phase Solution Error:   0.014
Iter= 2, Polarisation Solution Error:   0.000
Iter= 2, Overall Solution Error:        0.010
Iter= 3, Amplit/Phase Solution Error:   0.001
Iter= 3, Polarisation Solution Error:   0.000
Iter= 3, Overall Solution Error:        0.001
I flux density:   0.5840
Percent Q:  -1.198
Percent U:   0.718
Leakage terms:
 Ant 1:Dx,Dy = ( 0.00102, 0.00200),( 0.00022, 0.00309)
 Ant 2:Dx,Dy = ( 0.00329, 0.00614),(-0.00377, 0.00703)
 Ant 3:Dx,Dy = ( 0.00520,-0.00423),(-0.00887,-0.00420)
 Ant 4:Dx,Dy = ( 0.00388, 0.01695),(-0.00303, 0.01854)
 Ant 5:Dx,Dy = (-0.01762,-0.00234),( 0.01609,-0.00136)
 Ant 6:Dx,Dy = ( 0.00267,-0.02156),(-0.00220,-0.02006)
Solution for freq bin  1
Iter= 1, Amplit/Phase Solution Error:   0.431
Iter= 1, Polarisation Solution Error:   0.015
Iter= 1, Overall Solution Error:        1.990
Iter= 2, Amplit/Phase Solution Error:   0.016
Iter= 2, Polarisation Solution Error:   0.000
Iter= 2, Overall Solution Error:        0.011
Iter= 3, Amplit/Phase Solution Error:   0.001
Iter= 3, Polarisation Solution Error:   0.000
Iter= 3, Overall Solution Error:        0.001
I flux density:   0.5842
Percent Q:  -1.510
Percent U:   0.666
Leakage terms:
 Ant 1:Dx,Dy = ( 0.00090, 0.00239),(-0.00010, 0.00310)
 Ant 2:Dx,Dy = ( 0.00382, 0.00721),(-0.00432, 0.00772)
 Ant 3:Dx,Dy = ( 0.00452,-0.00409),(-0.00979,-0.00372)
 Ant 4:Dx,Dy = ( 0.00316, 0.01800),(-0.00326, 0.01921)
 Ant 5:Dx,Dy = (-0.01829,-0.00283),( 0.01516,-0.00219)
 Ant 6:Dx,Dy = ( 0.00179,-0.02323),(-0.00180,-0.02158)
Solution for freq bin  2
Iter= 1, Amplit/Phase Solution Error:   0.508
Iter= 1, Polarisation Solution Error:   0.009
Iter= 1, Overall Solution Error:        2.123
Iter= 2, Amplit/Phase Solution Error:   0.012
Iter= 2, Polarisation Solution Error:   0.000
Iter= 2, Overall Solution Error:        0.009
Iter= 3, Amplit/Phase Solution Error:   0.001
Iter= 3, Polarisation Solution Error:   0.000
Iter= 3, Overall Solution Error:        0.001
I flux density:   0.5846
Percent Q:  -0.885
Percent U:   0.767
Leakage terms:
 Ant 1:Dx,Dy = ( 0.00113, 0.00150),( 0.00055, 0.00296)
 Ant 2:Dx,Dy = ( 0.00274, 0.00505),(-0.00326, 0.00630)
 Ant 3:Dx,Dy = ( 0.00585,-0.00433),(-0.00796,-0.00466)
 Ant 4:Dx,Dy = ( 0.00460, 0.01599),(-0.00281, 0.01793)
 Ant 5:Dx,Dy = (-0.01698,-0.00182),( 0.01698,-0.00050)
 Ant 6:Dx,Dy = ( 0.00357,-0.01989),(-0.00257,-0.01853)

2018-08-05 09:01:34,933 [MainThread  ] [INFO ]  gpboot vis=2312-319.5500 cal=1934-638.5500

gpboot: Revision 1.9, 2015/10/29 01:31:30 UTC

Secondary flux density scaled by:   0.999
Frequency bin  1 scaled by      :   0.999
Frequency bin  2 scaled by      :   1.002

2018-08-05 09:03:24,624 [MainThread  ] [INFO ]  gpcopy vis=2312-319.5500 out=d.5500

gpcopy: Revision 1.13, 2015/10/29 01:31:39 UTC

Copying leakage table
Copying gain table
Interpolation tolerance set to (minutes): 720.00
Copying bandpass table

2018-08-05 09:20:20,181 [MainThread  ] [INFO ]  pgflag vis=d.5500 command='<b' stokes=i,v,q,u flagpar=8,2,2,3,6,3  options=nodisp

pgflag: Revision 1.30, 2016/10/05 23:06:50 UTC

Applying bandpass corrections to d.5500
Applying freq. dependent gain corrections to d.5500
Applying freq. dependent leakage correction to d.5500
Applying changes to dataset
Counts of correlations within selected channels:
 channel  Originally  Currently
 Good:     430350120  419236176    Changed to bad:   11113944
 Bad:       51500916   62614860    Changed to good:         0
 13.0% of the data is now flagged

2018-08-05 09:36:05,607 [MainThread  ] [INFO ]  pgflag vis=d.5500 command='<b' stokes=i,v,u,q flagpar=8,2,2,3,6,3  options=nodisp

pgflag: Revision 1.30, 2016/10/05 23:06:50 UTC

Applying bandpass corrections to d.5500
Applying freq. dependent gain corrections to d.5500
Applying freq. dependent leakage correction to d.5500
Applying changes to dataset
Counts of correlations within selected channels:
 channel  Originally  Currently
 Good:     419236176  411622960    Changed to bad:    7613216
 Bad:       62614860   70228076    Changed to good:         0
 14.6% of the data is now flagged

2018-08-05 09:38:00,483 [MainThread  ] [INFO ]  uvsplit vis=d.5500

uvsplit: Revision 1.18, 2016/05/09 03:06:18 UTC

Creating d_761.5500
Creating d_762.5500
Creating d_763.5500
Creating d_764.5500
Creating d_765.5500
Creating d_766.5500
Creating d_767.5500
Creating d_768.5500
Creating d_769.5500
Creating d_770.5500
Creating d_771.5500
Creating d_772.5500
Creating d_773.5500
Creating d_774.5500
Creating d_775.5500
Creating d_776.5500
Creating d_777.5500
Creating d_778.5500
Creating d_779.5500
Creating d_780.5500
Creating d_781.5500
Creating d_782.5500
Creating d_783.5500
Creating d_784.5500
Creating d_785.5500
Creating d_786.5500
Creating d_787.5500
Creating d_788.5500
Creating d_789.5500
Creating d_790.5500
Creating d_791.5500
Creating d_792.5500
Creating d_793.5500
Creating d_794.5500
Creating d_795.5500
Creating d_796.5500
Creating d_797.5500
Creating d_798.5500
Creating d_799.5500
Creating d_800.5500
Creating d_801.5500
Creating d_802.5500
Creating d_803.5500
Creating d_804.5500
Creating d_805.5500
Creating d_806.5500
Creating d_807.5500
Creating d_808.5500
Creating d_809.5500
Creating d_810.5500
Creating d_811.5500
Creating d_812.5500
Creating d_813.5500
Creating d_814.5500
Creating d_815.5500
Creating d_816.5500
Creating d_817.5500
Creating d_818.5500
Creating d_819.5500
Creating d_820.5500
Creating d_821.5500
Creating d_822.5500
Creating d_823.5500
Creating d_824.5500
Creating d_825.5500
Creating d_826.5500
Creating d_827.5500
Creating d_828.5500
Creating d_829.5500
Creating d_830.5500
Creating d_831.5500
Creating d_832.5500
Creating d_833.5500
Creating d_834.5500
Creating d_835.5500
Creating d_836.5500
Creating d_837.5500
Creating d_838.5500
Creating d_839.5500
Creating d_840.5500
Creating d_841.5500
Creating d_842.5500
Creating d_843.5500
Creating d_844.5500
Creating d_845.5500
Creating d_846.5500
Creating d_847.5500
Creating d_848.5500
Creating d_849.5500
Creating d_850.5500
Creating d_851.5500
Creating d_852.5500
Creating d_853.5500
Creating d_854.5500
Creating d_855.5500
Creating d_856.5500
Creating d_857.5500
Creating d_858.5500
Creating d_859.5500
Creating d_860.5500
Creating d_861.5500
Creating d_862.5500
Creating d_863.5500
Creating d_864.5500
Creating d_865.5500
Creating d_866.5500
Creating d_867.5500
Creating d_868.5500
Creating d_869.5500
Creating d_870.5500
Creating d_871.5500
Creating d_872.5500
Creating d_873.5500
Creating d_874.5500
Creating d_875.5500
Creating d_876.5500
Creating d_877.5500
Creating d_878.5500
Creating d_879.5500
Creating d_880.5500
Creating d_881.5500
Creating d_882.5500
Creating d_883.5500
Creating d_884.5500
Creating d_885.5500
Creating d_886.5500
Creating d_887.5500
Creating d_888.5500
Creating d_889.5500
Creating d_890.5500
Creating d_891.5500
Creating d_892.5500
Creating d_893.5500
Creating d_894.5500
Creating d_895.5500
Creating d_896.5500
Creating d_897.5500
Creating d_898.5500
Creating d_899.5500
Creating d_900.5500
Creating d_721.5500
Creating d_722.5500
Creating d_723.5500
Creating d_724.5500
Creating d_725.5500
Creating d_726.5500
Creating d_727.5500
Creating d_728.5500
Creating d_729.5500
Creating d_730.5500
Creating d_731.5500
Creating d_732.5500
Creating d_733.5500
Creating d_734.5500
Creating d_735.5500
Creating d_736.5500
Creating d_737.5500
Creating d_738.5500
Creating d_739.5500
Creating d_740.5500
Creating d_741.5500
Creating d_742.5500
Creating d_743.5500
Creating d_744.5500
Creating d_745.5500
Creating d_746.5500
Creating d_747.5500
Creating d_748.5500
Creating d_749.5500
Creating d_750.5500
Creating d_751.5500
Creating d_752.5500
Creating d_753.5500
Creating d_754.5500
Creating d_755.5500
Creating d_756.5500
Creating d_757.5500
Creating d_758.5500
Creating d_759.5500
Creating d_760.5500

