2018-08-07 14:00:51,756 [MainThread  ] [INFO ]  atlod in=raw/2017-08-26_0856.C3132,raw/2017-08-26_1143.C3132,raw/2017-08-26_1430.C3132,raw/2017-08-26_1717.C3132,raw/2017-08-26_2004.C3132 out=data5.uv ifsel=1 options=birdie,rfiflag,noauto,xycorr

atlod: Revision 1.53, 2016/08/25 23:02:21 UTC

Processing file raw/2017-08-26_0856.C3132
 08:56:11 CAOBS> track 1
CABB data detected
Scan 1 started at 17AUG26:08:56:28.0
Source: 1934-638
Flagging channels in  28 frequency ranges
 09:06:33 CAOBS> stop
 09:06:53 CAOBS> set file c3132_obs_a7
 09:07:11 CAOBS> start 7/99
Scan 2 started at 17AUG26:09:15:24.0
Source: 2312-319
Scan 3 started at 17AUG26:09:18:12.0
Source: a_1141
Source: a_1142
Source: a_1143
Source: a_1144
Source: a_1145
Source: a_1146
Source: a_1147
Source: a_1148
Source: a_1149
Source: a_1150
Source: a_1151
Source: a_1152
Source: a_1153
Source: a_1154
Source: a_1155
Source: a_1156
Source: a_1157
Source: a_1158
Source: a_1159
Source: a_1160
Scan 4 started at 17AUG26:09:31:32.0
Source: 2312-319
Scan 5 started at 17AUG26:09:34:20.0
Source: a_1161
Source: a_1162
Source: a_1163
Source: a_1164
Source: a_1165
Source: a_1166
Source: a_1167
Source: a_1168
Source: a_1169
Source: a_1170
Source: a_1171
Source: a_1172
Source: a_1173
Source: a_1174
Source: a_1175
Source: a_1176
Source: a_1177
Source: a_1178
Source: a_1179
Source: a_1180
Scan 6 started at 17AUG26:09:47:40.0
Source: 2312-319
Scan 7 started at 17AUG26:09:50:28.0
Source: a_1181
Source: a_1182
Source: a_1183
Source: a_1184
Source: a_1185
Source: a_1186
Source: a_1187
Source: a_1188
Source: a_1189
Source: a_1190
Source: a_1191
Source: a_1192
Source: a_1193
Source: a_1194
Source: a_1195
Source: a_1196
Source: a_1197
Source: a_1198
Source: a_1199
Source: a_1200
Scan 8 started at 17AUG26:10:03:48.0
Source: 2312-319
Scan 9 started at 17AUG26:10:06:36.0
Source: a_1201
Source: a_1202
Source: a_1203
Source: a_1204
Source: a_1205
Source: a_1206
Source: a_1207
Source: a_1208
Source: a_1209
Source: a_1210
Source: a_1211
Source: a_1212
Source: a_1213
Source: a_1214
Source: a_1215
Source: a_1216
Source: a_1217
Source: a_1218
Source: a_1219
Source: a_1220
Scan 10 started at 17AUG26:10:19:56.0
Source: 2312-319
Scan 11 started at 17AUG26:10:22:44.0
Source: a_1221
Source: a_1222
Source: a_1223
Source: a_1224
Source: a_1225
Source: a_1226
Source: a_1227
Source: a_1228
Source: a_1229
Source: a_1230
Source: a_1231
Source: a_1232
Source: a_1233
Source: a_1234
Source: a_1235
Source: a_1236
Source: a_1237
Source: a_1238
Source: a_1239
Source: a_1240
Scan 12 started at 17AUG26:10:36:04.0
Source: 2312-319
Scan 13 started at 17AUG26:10:38:52.0
Source: a_1241
Source: a_1242
Source: a_1243
Source: a_1244
Source: a_1245
Source: a_1246
Source: a_1247
Source: a_1248
Source: a_1249
Source: a_1250
Source: a_1251
Source: a_1252
Source: a_1253
Source: a_1254
Source: a_1255
Source: a_1256
Source: a_1257
Source: a_1258
Source: a_1259
Source: a_1260
Scan 14 started at 17AUG26:10:52:20.0
Source: 2312-319
Scan 15 started at 17AUG26:10:55:08.0
Source: a_1081
Source: a_1082
Source: a_1083
Source: a_1084
Source: a_1085
Source: a_1086
Source: a_1087
Source: a_1088
Source: a_1089
Source: a_1090
Source: a_1091
Source: a_1092
Source: a_1093
Source: a_1094
Source: a_1095
Source: a_1096
Source: a_1097
Source: a_1098
Source: a_1099
Source: a_1100
Scan 16 started at 17AUG26:11:08:28.0
Source: 2312-319
Scan 17 started at 17AUG26:11:11:16.0
Source: a_1101
Source: a_1102
Source: a_1103
Source: a_1104
Source: a_1105
Source: a_1106
Source: a_1107
Source: a_1108
Source: a_1109
Source: a_1110
Source: a_1111
Source: a_1112
Source: a_1113
Source: a_1114
Source: a_1115
Source: a_1116
Source: a_1117
Source: a_1118
Source: a_1119
Source: a_1120
Scan 18 started at 17AUG26:11:24:44.0
Source: 2312-319
Scan 19 started at 17AUG26:11:27:32.0
Source: a_1121
Source: a_1122
Source: a_1123
Source: a_1124
Source: a_1125
Source: a_1126
Source: a_1127
Source: a_1128
Source: a_1129
Source: a_1130
Source: a_1131
Source: a_1132
Source: a_1133
Source: a_1134
Source: a_1135
Source: a_1136
Source: a_1137
Source: a_1138
Source: a_1139
Source: a_1140
Scan 20 started at 17AUG26:11:40:52.0
Source: 2312-319
Scan 21 started at 17AUG26:11:43:48.0
Source: a_1141
RPFITS file version is 2.12
---------------------------------------
Total number of spectra selected: 72660

Summary of spectra flagged
Flagging Reason            Fraction
---------------            --------
Antenna off-source/off-line  8.42%
---------------------------------------
Processing file raw/2017-08-26_1143.C3132
CABB data detected
Scan 1 started at 17AUG26:11:43:56.0
Source: a_1141
Source: a_1142
Source: a_1143
Source: a_1144
Source: a_1145
Source: a_1146
Source: a_1147
Source: a_1148
Source: a_1149
Source: a_1150
Source: a_1151
Source: a_1152
Source: a_1153
Source: a_1154
Source: a_1155
Source: a_1156
Source: a_1157
Source: a_1158
Source: a_1159
Source: a_1160
Scan 2 started at 17AUG26:11:57:08.0
Source: 2312-319
Scan 3 started at 17AUG26:12:00:04.0
Source: a_1161
Source: a_1162
Source: a_1163
Source: a_1164
Source: a_1165
Source: a_1166
Source: a_1167
Source: a_1168
Source: a_1169
Source: a_1170
Source: a_1171
Source: a_1172
Source: a_1173
Source: a_1174
Source: a_1175
Source: a_1176
Source: a_1177
Source: a_1178
Source: a_1179
Source: a_1180
Scan 4 started at 17AUG26:12:13:32.0
Source: 2312-319
Scan 5 started at 17AUG26:12:16:28.0
Source: a_1181
Source: a_1182
Source: a_1183
Source: a_1184
Source: a_1185
Source: a_1186
Source: a_1187
Source: a_1188
Source: a_1189
Source: a_1190
Source: a_1191
Source: a_1192
Source: a_1193
Source: a_1194
Source: a_1195
Source: a_1196
Source: a_1197
Source: a_1198
Source: a_1199
Source: a_1200
Scan 6 started at 17AUG26:12:29:56.0
Source: 2312-319
Scan 7 started at 17AUG26:12:32:52.0
Source: a_1201
Source: a_1202
Source: a_1203
Source: a_1204
Source: a_1205
Source: a_1206
Source: a_1207
Source: a_1208
Source: a_1209
Source: a_1210
Source: a_1211
Source: a_1212
Source: a_1213
Source: a_1214
Source: a_1215
Source: a_1216
Source: a_1217
Source: a_1218
Source: a_1219
Source: a_1220
Scan 8 started at 17AUG26:12:46:12.0
Source: 2312-319
Scan 9 started at 17AUG26:12:49:08.0
Source: a_1221
Source: a_1222
Source: a_1223
Source: a_1224
Source: a_1225
Source: a_1226
Source: a_1227
Source: a_1228
Source: a_1229
Source: a_1230
Source: a_1231
Source: a_1232
Source: a_1233
Source: a_1234
Source: a_1235
Source: a_1236
Source: a_1237
Source: a_1238
Source: a_1239
Source: a_1240
Scan 10 started at 17AUG26:13:02:36.0
Source: 2312-319
Scan 11 started at 17AUG26:13:05:32.0
Source: a_1241
Source: a_1242
Source: a_1243
Source: a_1244
Source: a_1245
Source: a_1246
Source: a_1247
Source: a_1248
Source: a_1249
Source: a_1250
Source: a_1251
Source: a_1252
Source: a_1253
Source: a_1254
Source: a_1255
Source: a_1256
Source: a_1257
Source: a_1258
Source: a_1259
Source: a_1260
Scan 12 started at 17AUG26:13:19:00.0
Source: 2312-319
Scan 13 started at 17AUG26:13:22:04.0
Source: a_1081
Source: a_1082
Source: a_1083
Source: a_1084
Source: a_1085
Source: a_1086
Source: a_1087
Source: a_1088
Source: a_1089
Source: a_1090
Source: a_1091
Source: a_1092
Source: a_1093
Source: a_1094
Source: a_1095
Source: a_1096
Source: a_1097
Source: a_1098
Source: a_1099
Source: a_1100
Scan 14 started at 17AUG26:13:35:32.0
Source: 2312-319
Scan 15 started at 17AUG26:13:38:36.0
Source: a_1101
Source: a_1102
Source: a_1103
Source: a_1104
Source: a_1105
Source: a_1106
Source: a_1107
Source: a_1108
Source: a_1109
Source: a_1110
Source: a_1111
Source: a_1112
Source: a_1113
Source: a_1114
Source: a_1115
Source: a_1116
Source: a_1117
Source: a_1118
Source: a_1119
Source: a_1120
Scan 16 started at 17AUG26:13:52:12.0
Source: 2312-319
Scan 17 started at 17AUG26:13:55:24.0
Source: a_1121
Source: a_1122
Source: a_1123
Source: a_1124
Source: a_1125
Source: a_1126
Source: a_1127
Source: a_1128
Source: a_1129
Source: a_1130
Source: a_1131
Source: a_1132
Source: a_1133
Source: a_1134
Source: a_1135
Source: a_1136
Source: a_1137
Source: a_1138
Source: a_1139
Source: a_1140
Scan 18 started at 17AUG26:14:08:52.0
Source: 2312-319
Scan 19 started at 17AUG26:14:12:20.0
Source: a_1141
Source: a_1142
Source: a_1143
Source: a_1144
Source: a_1145
Source: a_1146
Source: a_1147
Source: a_1148
Source: a_1149
Source: a_1150
Source: a_1151
Source: a_1152
Source: a_1153
Source: a_1154
Source: a_1155
Source: a_1156
Source: a_1157
Source: a_1158
Source: a_1159
Source: a_1160
Scan 20 started at 17AUG26:14:25:40.0
Source: 2312-319
Scan 21 started at 17AUG26:14:29:42.3
Source: a_1162
Source: a_1163
RPFITS file version is 2.12
---------------------------------------
Total number of spectra selected: 72660

Summary of spectra flagged
Flagging Reason            Fraction
---------------            --------
Antenna off-source/off-line  6.19%
---------------------------------------
Processing file raw/2017-08-26_1430.C3132
CABB data detected
Scan 1 started at 17AUG26:14:30:44.0
Source: a_1163
Source: a_1164
Source: a_1165
Source: a_1166
Source: a_1167
Source: a_1168
Source: a_1169
Source: a_1170
Source: a_1171
Source: a_1172
Source: a_1173
Source: a_1174
Source: a_1175
Source: a_1176
Source: a_1177
Source: a_1178
Source: a_1179
Source: a_1180
Scan 2 started at 17AUG26:14:43:00.0
Source: 2312-319
Scan 3 started at 17AUG26:14:47:48.0
Source: a_1182
Source: a_1183
Source: a_1184
Source: a_1185
Source: a_1186
Source: a_1187
Source: a_1188
Source: a_1189
Source: a_1190
Source: a_1191
Source: a_1192
Source: a_1193
Source: a_1194
Source: a_1195
Source: a_1196
Source: a_1197
Source: a_1198
Source: a_1199
Source: a_1200
Scan 4 started at 17AUG26:15:02:44.0
Source: 2312-319
Scan 5 started at 17AUG26:15:06:44.0
Source: a_1202
Source: a_1203
Source: a_1204
Source: a_1205
Source: a_1206
Source: a_1207
Source: a_1208
Source: a_1209
Source: a_1210
Source: a_1211
Source: a_1212
Source: a_1213
Source: a_1214
Source: a_1215
Source: a_1216
Source: a_1217
Source: a_1218
Source: a_1219
Source: a_1220
Scan 6 started at 17AUG26:15:20:04.0
Source: 2312-319
Scan 7 started at 17AUG26:15:23:24.0
Source: a_1221
Source: a_1222
Source: a_1223
Source: a_1224
Source: a_1225
Source: a_1226
Source: a_1227
Source: a_1228
Source: a_1229
Source: a_1230
Source: a_1231
Source: a_1232
Source: a_1233
Source: a_1234
Source: a_1235
Source: a_1236
Source: a_1237
Source: a_1238
Source: a_1239
Source: a_1240
Scan 8 started at 17AUG26:15:37:08.0
Source: 2312-319
Scan 9 started at 17AUG26:15:40:20.0
Source: a_1241
Source: a_1242
Source: a_1243
Source: a_1244
Source: a_1245
Source: a_1246
Source: a_1247
Source: a_1248
Source: a_1249
Source: a_1250
Source: a_1251
Source: a_1252
Source: a_1253
Source: a_1254
Source: a_1255
Source: a_1256
Source: a_1257
Source: a_1258
Source: a_1259
Source: a_1260
Scan 10 started at 17AUG26:15:54:04.0
Source: 2312-319
Scan 11 started at 17AUG26:15:57:08.0
Source: a_1081
Source: a_1082
Source: a_1083
Source: a_1084
Source: a_1085
Source: a_1086
Source: a_1087
Source: a_1088
Source: a_1089
Source: a_1090
Source: a_1091
Source: a_1092
Source: a_1093
Source: a_1094
Source: a_1095
Source: a_1096
Source: a_1097
Source: a_1098
Source: a_1099
Source: a_1100
Scan 12 started at 17AUG26:16:10:36.0
Source: 2312-319
Scan 13 started at 17AUG26:16:13:40.0
Source: a_1101
Source: a_1102
Source: a_1103
Source: a_1104
Source: a_1105
Source: a_1106
Source: a_1107
Source: a_1108
Source: a_1109
Source: a_1110
Source: a_1111
Source: a_1112
Source: a_1113
Source: a_1114
Source: a_1115
Source: a_1116
Source: a_1117
Source: a_1118
Source: a_1119
Source: a_1120
Scan 14 started at 17AUG26:16:27:16.0
Source: 2312-319
Scan 15 started at 17AUG26:16:30:12.0
Source: a_1121
Source: a_1122
Source: a_1123
Source: a_1124
Source: a_1125
Source: a_1126
Source: a_1127
Source: a_1128
Source: a_1129
Source: a_1130
Source: a_1131
Source: a_1132
Source: a_1133
Source: a_1134
Source: a_1135
Source: a_1136
Source: a_1137
Source: a_1138
Source: a_1139
Source: a_1140
Scan 16 started at 17AUG26:16:43:40.0
Source: 2312-319
Scan 17 started at 17AUG26:16:46:36.0
Source: a_1141
Source: a_1142
Source: a_1143
Source: a_1144
Source: a_1145
Source: a_1146
Source: a_1147
Source: a_1148
Source: a_1149
Source: a_1150
Source: a_1151
Source: a_1152
Source: a_1153
Source: a_1154
Source: a_1155
Source: a_1156
Source: a_1157
Source: a_1158
Source: a_1159
Source: a_1160
Scan 18 started at 17AUG26:16:59:56.0
Source: 2312-319
Scan 19 started at 17AUG26:17:02:52.0
Source: a_1161
Source: a_1162
Source: a_1163
Source: a_1164
Source: a_1165
Source: a_1166
Source: a_1167
Source: a_1168
Source: a_1169
Source: a_1170
Source: a_1171
Source: a_1172
Source: a_1173
Source: a_1174
Source: a_1175
Source: a_1176
Source: a_1177
Source: a_1178
Source: a_1179
Source: a_1180
Scan 20 started at 17AUG26:17:16:20.0
Source: 2312-319
RPFITS file version is 2.12
---------------------------------------
Total number of spectra selected: 72660

Summary of spectra flagged
Flagging Reason            Fraction
---------------            --------
Antenna off-source/off-line  10.1%
---------------------------------------
Processing file raw/2017-08-26_1717.C3132
CABB data detected
Scan 1 started at 17AUG26:17:17:16.0
Source: 2312-319
Scan 2 started at 17AUG26:17:19:16.0
Source: a_1181
Source: a_1182
Source: a_1183
Source: a_1184
Source: a_1185
Source: a_1186
Source: a_1187
Source: a_1188
Source: a_1189
Source: a_1190
Source: a_1191
Source: a_1192
Source: a_1193
Source: a_1194
Source: a_1195
Source: a_1196
Source: a_1197
Source: a_1198
Source: a_1199
Source: a_1200
Scan 3 started at 17AUG26:17:32:44.0
Source: 2312-319
Scan 4 started at 17AUG26:17:35:40.0
Source: a_1201
Source: a_1202
Source: a_1203
Source: a_1204
Source: a_1205
Source: a_1206
Source: a_1207
Source: a_1208
Source: a_1209
Source: a_1210
Source: a_1211
Source: a_1212
Source: a_1213
Source: a_1214
Source: a_1215
Source: a_1216
Source: a_1217
Source: a_1218
Source: a_1219
Source: a_1220
Scan 5 started at 17AUG26:17:49:00.0
Source: 2312-319
Scan 6 started at 17AUG26:17:51:56.0
Source: a_1221
Source: a_1222
Source: a_1223
Source: a_1224
Source: a_1225
Source: a_1226
Source: a_1227
Source: a_1228
Source: a_1229
Source: a_1230
Source: a_1231
Source: a_1232
Source: a_1233
Source: a_1234
Source: a_1235
Source: a_1236
Source: a_1237
Source: a_1238
Source: a_1239
Source: a_1240
Scan 7 started at 17AUG26:18:05:16.0
Source: 2312-319
Scan 8 started at 17AUG26:18:08:12.0
Source: a_1241
Source: a_1242
Source: a_1243
Source: a_1244
Source: a_1245
Source: a_1246
Source: a_1247
Source: a_1248
Source: a_1249
Source: a_1250
Source: a_1251
Source: a_1252
Source: a_1253
Source: a_1254
Source: a_1255
Source: a_1256
Source: a_1257
Source: a_1258
Source: a_1259
Source: a_1260
Scan 9 started at 17AUG26:18:21:32.0
Source: 2312-319
Scan 10 started at 17AUG26:18:24:28.0
Source: a_1081
Source: a_1082
Source: a_1083
Source: a_1084
Source: a_1085
Source: a_1086
Source: a_1087
Source: a_1088
Source: a_1089
Source: a_1090
Source: a_1091
Source: a_1092
Source: a_1093
Source: a_1094
Source: a_1095
Source: a_1096
Source: a_1097
Source: a_1098
Source: a_1099
Source: a_1100
Scan 11 started at 17AUG26:18:37:48.0
Source: 2312-319
Scan 12 started at 17AUG26:18:40:44.0
Source: a_1101
Source: a_1102
Source: a_1103
Source: a_1104
Source: a_1105
Source: a_1106
Source: a_1107
Source: a_1108
Source: a_1109
Source: a_1110
Source: a_1111
Source: a_1112
Source: a_1113
Source: a_1114
Source: a_1115
Source: a_1116
Source: a_1117
Source: a_1118
Source: a_1119
Source: a_1120
Scan 13 started at 17AUG26:18:54:04.0
Source: 2312-319
Scan 14 started at 17AUG26:18:57:00.0
Source: a_1121
Source: a_1122
Source: a_1123
Source: a_1124
Source: a_1125
Source: a_1126
Source: a_1127
Source: a_1128
Source: a_1129
Source: a_1130
Source: a_1131
Source: a_1132
Source: a_1133
Source: a_1134
Source: a_1135
Source: a_1136
Source: a_1137
Source: a_1138
Source: a_1139
Source: a_1140
Scan 15 started at 17AUG26:19:10:20.0
Source: 2312-319
Scan 16 started at 17AUG26:19:13:16.0
Source: a_1141
Source: a_1142
Source: a_1143
Source: a_1144
Source: a_1145
Source: a_1146
Source: a_1147
Source: a_1148
Source: a_1149
Source: a_1150
Source: a_1151
Source: a_1152
Source: a_1153
Source: a_1154
Source: a_1155
Source: a_1156
Source: a_1157
Source: a_1158
Source: a_1159
Source: a_1160
Scan 17 started at 17AUG26:19:26:36.0
Source: 2312-319
Scan 18 started at 17AUG26:19:29:32.0
Source: a_1161
Source: a_1162
Source: a_1163
Source: a_1164
Source: a_1165
Source: a_1166
Source: a_1167
Source: a_1168
Source: a_1169
Source: a_1170
Source: a_1171
Source: a_1172
Source: a_1173
Source: a_1174
Source: a_1175
Source: a_1176
Source: a_1177
Source: a_1178
Source: a_1179
Source: a_1180
Scan 19 started at 17AUG26:19:42:52.0
Source: 2312-319
Scan 20 started at 17AUG26:19:45:40.0
Source: a_1181
Source: a_1182
Source: a_1183
Source: a_1184
Source: a_1185
Source: a_1186
Source: a_1187
Source: a_1188
Source: a_1189
Source: a_1190
Source: a_1191
Source: a_1192
Source: a_1193
Source: a_1194
Source: a_1195
Source: a_1196
Source: a_1197
Source: a_1198
Source: a_1199
Source: a_1200
Scan 21 started at 17AUG26:19:59:00.0
Source: 2312-319
Scan 22 started at 17AUG26:20:01:48.0
Source: a_1201
Source: a_1202
Source: a_1203
Source: a_1204
Source: a_1205
RPFITS file version is 2.12
---------------------------------------
Total number of spectra selected: 72660

Summary of spectra flagged
Flagging Reason            Fraction
---------------            --------
Antenna off-source/off-line  4.46%
---------------------------------------
Processing file raw/2017-08-26_2004.C3132
CABB data detected
Scan 1 started at 17AUG26:20:04:20.0
Source: a_1205
Source: a_1206
Source: a_1207
Source: a_1208
Source: a_1209
Source: a_1210
Source: a_1211
Source: a_1212
Source: a_1213
Source: a_1214
Source: a_1215
Source: a_1216
Source: a_1217
Source: a_1218
Source: a_1219
Source: a_1220
Scan 2 started at 17AUG26:20:15:08.0
Source: 2312-319
Scan 3 started at 17AUG26:20:17:56.0
Source: a_1221
Source: a_1222
Source: a_1223
Source: a_1224
Source: a_1225
Source: a_1226
Source: a_1227
Source: a_1228
Source: a_1229
Source: a_1230
Source: a_1231
Source: a_1232
Source: a_1233
Source: a_1234
Source: a_1235
Source: a_1236
Source: a_1237
Source: a_1238
Source: a_1239
Source: a_1240
Scan 4 started at 17AUG26:20:31:16.0
Source: 2312-319
 20:33:20 CAOBS> stop
 20:33:29 CAOBS> corr closef
RPFITS file version is 2.12
---------------------------------------
Total number of spectra selected: 12660

Summary of spectra flagged
Flagging Reason            Fraction
---------------            --------
Antenna off-source/off-line  1.90%
---------------------------------------

No CACAL data was detected

2018-08-07 14:01:13,083 [MainThread  ] [INFO ]  uvflag vis=data5.uv line=chan,6,1146,1 flagval=flag

uvflag: Revision 1.8, 2014/09/30 14:23:39 UTC


Set flags to indicate bad data in visibility file data5.uv
Linetype channel; select    6 channels; start 1146, width    1, step    1

Overview of flagging on visibility file data5.uv
Changed flags set to FALSE (data flagged as bad)
Total number of records selected: 281884; out of 281884 records
Antennas used: 1-6
Counts of correlations within selected channels
channel   Originally    Currently
Good:          845652.           0.    Changed to bad:      845652.
Bad:           845652.     1691304.

2018-08-07 14:01:37,297 [MainThread  ] [INFO ]  uvflag vis=data5.uv line=chan,30,1454,1 flagval=flag

uvflag: Revision 1.8, 2014/09/30 14:23:39 UTC


Set flags to indicate bad data in visibility file data5.uv
Linetype channel; select   30 channels; start 1454, width    1, step    1

Overview of flagging on visibility file data5.uv
Changed flags set to FALSE (data flagged as bad)
Total number of records selected: 281884; out of 281884 records
Antennas used: 1-6
Counts of correlations within selected channels
channel   Originally    Currently
Good:         8456520.           0.    Changed to bad:     8456520.
Bad:                0.     8456520.

2018-08-07 14:02:00,459 [MainThread  ] [INFO ]  uvflag vis=data5.uv line=chan,40,1964,1 flagval=flag

uvflag: Revision 1.8, 2014/09/30 14:23:39 UTC


Set flags to indicate bad data in visibility file data5.uv
Linetype channel; select   40 channels; start 1964, width    1, step    1

Overview of flagging on visibility file data5.uv
Changed flags set to FALSE (data flagged as bad)
Total number of records selected: 281884; out of 281884 records
Antennas used: 1-6
Counts of correlations within selected channels
channel   Originally    Currently
Good:               0.           0.    Changed to bad:           0.
Bad:         11275360.    11275360.

2018-08-07 14:02:40,736 [MainThread  ] [INFO ]  uvsplit vis=data5.uv options=mosaic

uvsplit: Revision 1.18, 2016/05/09 03:06:18 UTC

Creating 1934-638.5500
Creating 2312-319.5500
Creating a.5500

2018-08-07 14:02:52,369 [MainThread  ] [INFO ]  pgflag vis=1934-638.5500 command='<b' stokes=i,q,u,v flagpar=8,5,5,3,6,3 options=nodisp

pgflag: Revision 1.30, 2016/10/05 23:06:50 UTC

Applying changes to dataset
Counts of correlations within selected channels:
 channel  Originally  Currently
 Good:       8194320    8144676    Changed to bad:      49644
 Bad:        1149120    1198764    Changed to good:         0
 12.8% of the data is now flagged

2018-08-07 14:03:10,480 [MainThread  ] [INFO ]  pgflag vis=1934-638.5500 command='<b' stokes=i,v,q,u flagpar=8,2,2,3,6,3  options=nodisp

pgflag: Revision 1.30, 2016/10/05 23:06:50 UTC

Applying changes to dataset
Counts of correlations within selected channels:
 channel  Originally  Currently
 Good:       8144676    8071360    Changed to bad:      73316
 Bad:        1198764    1272080    Changed to good:         0
 13.6% of the data is now flagged

2018-08-07 14:03:19,847 [MainThread  ] [INFO ]  pgflag vis=1934-638.5500 command='<b' stokes=i,v,u,q flagpar=8,2,2,3,6,3  options=nodisp

pgflag: Revision 1.30, 2016/10/05 23:06:50 UTC

Applying changes to dataset
Counts of correlations within selected channels:
 channel  Originally  Currently
 Good:       8071360    7935532    Changed to bad:     135828
 Bad:        1272080    1407908    Changed to good:         0
 15.1% of the data is now flagged

2018-08-07 14:04:12,459 [MainThread  ] [INFO ]  mfcal vis=1934-638.5500 refant=4 interval=0.1
MfCal: $Revision: 1.20 $, $Date: 2017/05/08 02:31:10 $
Selecting parallel-hand polarisations
Reading the data ...
Number correlations accepted: 3967766
Number of frequency bands/settings: 1
Number of polarisations selected: 2
Number of solution intervals: 76
Number of passband solution intervals: 1
Initialising ...
Using post-Aug94 ATCA flux scale for 1934-638.
Using known frequency variation of 1934-638
Generating initial solution estimate ...
Doing solution refinement ...
Iter= 1, Solution Error:  0.417
Iter= 2, Solution Error:  0.005
Iter= 3, Solution Error:  0.000
Saving solution ...

2018-08-07 14:04:13,351 [MainThread  ] [INFO ]  gpcal vis=1934-638.5500 refant=4 interval=0.1 nfbin=2 options=xyvary

gpcal: Revision 1.22, 2016/05/01 22:31:05 UTC

Applying bandpass corrections to 1934-638.5500
Number of antennae: 6
Reading the data ...
Number of solution intervals: 76
Total visibilities read: 1140
Number visibilities accepted: 1140
Using post-Aug94 ATCA flux scale for 1934-638.
Using IQUV =  5.0142,  0.0000,  0.0000,  0.0000 at   5.4545 GHz.
Using post-Aug94 ATCA flux scale for 1934-638.
Using IQUV =  5.5174,  0.0000,  0.0000,  0.0000 at   5.0315 GHz.
Using post-Aug94 ATCA flux scale for 1934-638.
Using IQUV =  4.5095,  0.0000,  0.0000,  0.0000 at   5.9554 GHz.
Iter= 1, Amplit/Phase Solution Error:   0.049
Iter= 1, Polarisation Solution Error:   0.043
Iter= 1, Overall Solution Error:        0.208
Iter= 2, Amplit/Phase Solution Error:   0.002
Iter= 2, Polarisation Solution Error:   0.000
Iter= 2, Overall Solution Error:        0.003
Iter= 3, Amplit/Phase Solution Error:   0.001
Iter= 3, Polarisation Solution Error:   0.000
Iter= 3, Overall Solution Error:        0.001
I flux density:   5.0142
Leakage terms:
 Ant 1:Dx,Dy = ( 0.00115,-0.00257),(-0.00018,-0.00185)
 Ant 2:Dx,Dy = ( 0.00344, 0.00754),(-0.00332, 0.00832)
 Ant 3:Dx,Dy = ( 0.00547,-0.00081),(-0.00850,-0.00099)
 Ant 4:Dx,Dy = ( 0.00563, 0.01898),(-0.00398, 0.01987)
 Ant 5:Dx,Dy = (-0.01788,-0.00104),( 0.01713,-0.00071)
 Ant 6:Dx,Dy = ( 0.00197,-0.02351),(-0.00137,-0.02324)
Solution for freq bin  1
Iter= 1, Amplit/Phase Solution Error:   0.048
Iter= 1, Polarisation Solution Error:   0.045
Iter= 1, Overall Solution Error:        0.217
Iter= 2, Amplit/Phase Solution Error:   0.002
Iter= 2, Polarisation Solution Error:   0.000
Iter= 2, Overall Solution Error:        0.002
Iter= 3, Amplit/Phase Solution Error:   0.000
Iter= 3, Polarisation Solution Error:   0.000
Iter= 3, Overall Solution Error:        0.000
I flux density:   5.5174
Leakage terms:
 Ant 1:Dx,Dy = ( 0.00114,-0.00220),(-0.00053,-0.00157)
 Ant 2:Dx,Dy = ( 0.00389, 0.00892),(-0.00356, 0.00932)
 Ant 3:Dx,Dy = ( 0.00494,-0.00085),(-0.00915,-0.00045)
 Ant 4:Dx,Dy = ( 0.00535, 0.01929),(-0.00408, 0.02075)
 Ant 5:Dx,Dy = (-0.01844,-0.00178),( 0.01669,-0.00134)
 Ant 6:Dx,Dy = ( 0.00117,-0.02538),(-0.00133,-0.02473)
Solution for freq bin  2
Iter= 1, Amplit/Phase Solution Error:   0.051
Iter= 1, Polarisation Solution Error:   0.040
Iter= 1, Overall Solution Error:        0.225
Iter= 2, Amplit/Phase Solution Error:   0.001
Iter= 2, Polarisation Solution Error:   0.000
Iter= 2, Overall Solution Error:        0.002
Iter= 3, Amplit/Phase Solution Error:   0.000
Iter= 3, Polarisation Solution Error:   0.000
Iter= 3, Overall Solution Error:        0.000
I flux density:   4.5095
Leakage terms:
 Ant 1:Dx,Dy = ( 0.00116,-0.00308),( 0.00027,-0.00223)
 Ant 2:Dx,Dy = ( 0.00284, 0.00570),(-0.00299, 0.00701)
 Ant 3:Dx,Dy = ( 0.00620,-0.00074),(-0.00765,-0.00170)
 Ant 4:Dx,Dy = ( 0.00601, 0.01856),(-0.00384, 0.01870)
 Ant 5:Dx,Dy = (-0.01713,-0.00006),( 0.01772, 0.00013)
 Ant 6:Dx,Dy = ( 0.00303,-0.02103),(-0.00141,-0.02126)

2018-08-07 14:04:28,573 [MainThread  ] [INFO ]  pgflag vis=1934-638.5500 command='<b' stokes=i,q,u,v flagpar=8,5,5,3,6,3 options=nodisp

pgflag: Revision 1.30, 2016/10/05 23:06:50 UTC

Applying bandpass corrections to 1934-638.5500
Applying freq. dependent gain corrections to 1934-638.5500
Applying freq. dependent leakage correction to 1934-638.5500
Applying changes to dataset
Counts of correlations within selected channels:
 channel  Originally  Currently
 Good:       7935532    7912360    Changed to bad:      23172
 Bad:        1407908    1431080    Changed to good:         0
 15.3% of the data is now flagged

2018-08-07 14:04:41,950 [MainThread  ] [INFO ]  pgflag vis=1934-638.5500 command='<b' stokes=i,v,q,u flagpar=8,2,2,3,6,3  options=nodisp

pgflag: Revision 1.30, 2016/10/05 23:06:50 UTC

Applying bandpass corrections to 1934-638.5500
Applying freq. dependent gain corrections to 1934-638.5500
Applying freq. dependent leakage correction to 1934-638.5500
Applying changes to dataset
Counts of correlations within selected channels:
 channel  Originally  Currently
 Good:       7912360    7891340    Changed to bad:      21020
 Bad:        1431080    1452100    Changed to good:         0
 15.5% of the data is now flagged

2018-08-07 14:04:56,658 [MainThread  ] [INFO ]  pgflag vis=1934-638.5500 command='<b' stokes=i,v,u,q flagpar=8,2,2,3,6,3  options=nodisp

pgflag: Revision 1.30, 2016/10/05 23:06:50 UTC

Applying bandpass corrections to 1934-638.5500
Applying freq. dependent gain corrections to 1934-638.5500
Applying freq. dependent leakage correction to 1934-638.5500
Applying changes to dataset
Counts of correlations within selected channels:
 channel  Originally  Currently
 Good:       7891340    7873308    Changed to bad:      18032
 Bad:        1452100    1470132    Changed to good:         0
 15.7% of the data is now flagged

2018-08-07 14:05:51,825 [MainThread  ] [INFO ]  mfcal vis=1934-638.5500 refant=4 interval=0.1
MfCal: $Revision: 1.20 $, $Date: 2017/05/08 02:31:10 $
Selecting parallel-hand polarisations
Reading the data ...
Number correlations accepted: 3936654
Number of frequency bands/settings: 1
Number of polarisations selected: 2
Number of solution intervals: 76
Number of passband solution intervals: 1
Initialising ...
Using post-Aug94 ATCA flux scale for 1934-638.
Using known frequency variation of 1934-638
Generating initial solution estimate ...
Doing solution refinement ...
Iter= 1, Solution Error:  0.418
Iter= 2, Solution Error:  0.006
Iter= 3, Solution Error:  0.000
Saving solution ...

2018-08-07 14:05:55,276 [MainThread  ] [INFO ]  gpcal vis=1934-638.5500 refant=4 interval=0.1 nfbin=2 options=xyvary

gpcal: Revision 1.22, 2016/05/01 22:31:05 UTC

Applying bandpass corrections to 1934-638.5500
Number of antennae: 6
Using leakage parameters from input as initial guess
Reading the data ...
Number of solution intervals: 76
Total visibilities read: 1140
Number visibilities accepted: 1140
Using post-Aug94 ATCA flux scale for 1934-638.
Using IQUV =  5.0142,  0.0000,  0.0000,  0.0000 at   5.4546 GHz.
Using post-Aug94 ATCA flux scale for 1934-638.
Using IQUV =  5.5146,  0.0000,  0.0000,  0.0000 at   5.0338 GHz.
Using post-Aug94 ATCA flux scale for 1934-638.
Using IQUV =  4.5109,  0.0000,  0.0000,  0.0000 at   5.9539 GHz.
Iter= 1, Amplit/Phase Solution Error:   0.049
Iter= 1, Polarisation Solution Error:   0.000
Iter= 1, Overall Solution Error:        0.208
Iter= 2, Amplit/Phase Solution Error:   0.002
Iter= 2, Polarisation Solution Error:   0.000
Iter= 2, Overall Solution Error:        0.003
Iter= 3, Amplit/Phase Solution Error:   0.001
Iter= 3, Polarisation Solution Error:   0.000
Iter= 3, Overall Solution Error:        0.001
I flux density:   5.0142
Leakage terms:
 Ant 1:Dx,Dy = ( 0.00115,-0.00257),(-0.00017,-0.00185)
 Ant 2:Dx,Dy = ( 0.00344, 0.00754),(-0.00331, 0.00833)
 Ant 3:Dx,Dy = ( 0.00548,-0.00081),(-0.00852,-0.00098)
 Ant 4:Dx,Dy = ( 0.00565, 0.01897),(-0.00396, 0.01988)
 Ant 5:Dx,Dy = (-0.01789,-0.00105),( 0.01713,-0.00072)
 Ant 6:Dx,Dy = ( 0.00198,-0.02352),(-0.00137,-0.02323)
Solution for freq bin  1
Iter= 1, Amplit/Phase Solution Error:   0.048
Iter= 1, Polarisation Solution Error:   0.002
Iter= 1, Overall Solution Error:        0.217
Iter= 2, Amplit/Phase Solution Error:   0.002
Iter= 2, Polarisation Solution Error:   0.000
Iter= 2, Overall Solution Error:        0.003
Iter= 3, Amplit/Phase Solution Error:   0.000
Iter= 3, Polarisation Solution Error:   0.000
Iter= 3, Overall Solution Error:        0.000
I flux density:   5.5146
Leakage terms:
 Ant 1:Dx,Dy = ( 0.00114,-0.00219),(-0.00052,-0.00157)
 Ant 2:Dx,Dy = ( 0.00389, 0.00892),(-0.00355, 0.00931)
 Ant 3:Dx,Dy = ( 0.00495,-0.00084),(-0.00915,-0.00045)
 Ant 4:Dx,Dy = ( 0.00536, 0.01928),(-0.00406, 0.02075)
 Ant 5:Dx,Dy = (-0.01845,-0.00179),( 0.01667,-0.00135)
 Ant 6:Dx,Dy = ( 0.00118,-0.02537),(-0.00133,-0.02470)
Solution for freq bin  2
Iter= 1, Amplit/Phase Solution Error:   0.051
Iter= 1, Polarisation Solution Error:   0.003
Iter= 1, Overall Solution Error:        0.225
Iter= 2, Amplit/Phase Solution Error:   0.001
Iter= 2, Polarisation Solution Error:   0.000
Iter= 2, Overall Solution Error:        0.002
Iter= 3, Amplit/Phase Solution Error:   0.001
Iter= 3, Polarisation Solution Error:   0.000
Iter= 3, Overall Solution Error:        0.001
I flux density:   4.5109
Leakage terms:
 Ant 1:Dx,Dy = ( 0.00116,-0.00307),( 0.00028,-0.00223)
 Ant 2:Dx,Dy = ( 0.00283, 0.00570),(-0.00298, 0.00702)
 Ant 3:Dx,Dy = ( 0.00620,-0.00075),(-0.00767,-0.00170)
 Ant 4:Dx,Dy = ( 0.00602, 0.01856),(-0.00383, 0.01871)
 Ant 5:Dx,Dy = (-0.01714,-0.00006),( 0.01773, 0.00013)
 Ant 6:Dx,Dy = ( 0.00305,-0.02105),(-0.00142,-0.02127)

2018-08-07 14:05:55,425 [MainThread  ] [INFO ]  gpcopy vis=1934-638.5500 out=2312-319.5500

gpcopy: Revision 1.13, 2015/10/29 01:31:39 UTC

Copying leakage table
Copying gain table
Interpolation tolerance set to (minutes): 720.00
Copying bandpass table

2018-08-07 14:08:35,008 [MainThread  ] [INFO ]  pgflag vis=2312-319.5500 command='<b' stokes=i,q,u,v flagpar=8,5,5,3,6,3 options=nodisp

pgflag: Revision 1.30, 2016/10/05 23:06:50 UTC

Applying bandpass corrections to 2312-319.5500
Applying freq. dependent gain corrections to 2312-319.5500
Applying freq. dependent leakage correction to 2312-319.5500
Applying changes to dataset
Counts of correlations within selected channels:
 channel  Originally  Currently
 Good:      68041608   67646608    Changed to bad:     395000
 Bad:        9541728    9936728    Changed to good:         0
 12.8% of the data is now flagged

2018-08-07 14:11:20,234 [MainThread  ] [INFO ]  pgflag vis=2312-319.5500 command='<b' stokes=i,v,q,u flagpar=8,2,2,3,6,3  options=nodisp

pgflag: Revision 1.30, 2016/10/05 23:06:50 UTC

Applying bandpass corrections to 2312-319.5500
Applying freq. dependent gain corrections to 2312-319.5500
Applying freq. dependent leakage correction to 2312-319.5500
Applying changes to dataset
Counts of correlations within selected channels:
 channel  Originally  Currently
 Good:      67646608   67309948    Changed to bad:     336660
 Bad:        9936728   10273388    Changed to good:         0
 13.2% of the data is now flagged

2018-08-07 14:13:53,151 [MainThread  ] [INFO ]  pgflag vis=2312-319.5500 command='<b' stokes=i,v,u,q flagpar=8,2,2,3,6,3  options=nodisp

pgflag: Revision 1.30, 2016/10/05 23:06:50 UTC

Applying bandpass corrections to 2312-319.5500
Applying freq. dependent gain corrections to 2312-319.5500
Applying freq. dependent leakage correction to 2312-319.5500
Applying changes to dataset
Counts of correlations within selected channels:
 channel  Originally  Currently
 Good:      67309948   66945404    Changed to bad:     364544
 Bad:       10273388   10637932    Changed to good:         0
 13.7% of the data is now flagged

2018-08-07 14:13:57,811 [MainThread  ] [INFO ]  gpcal vis=2312-319.5500 refant=4 interval=0.1 nfbin=2 options=xyvary,qusolve

gpcal: Revision 1.22, 2016/05/01 22:31:05 UTC

Applying bandpass corrections to 2312-319.5500
Number of antennae: 6
Using leakage parameters from input as initial guess
Reading the data ...
Number of solution intervals: 632
Total visibilities read: 9466
Number visibilities accepted: 9466
Iter= 1, Amplit/Phase Solution Error:   0.165
Iter= 1, Polarisation Solution Error:   0.009
Iter= 1, Overall Solution Error:        0.861
Iter= 2, Amplit/Phase Solution Error:   0.012
Iter= 2, Polarisation Solution Error:   0.000
Iter= 2, Overall Solution Error:        0.009
Iter= 3, Amplit/Phase Solution Error:   0.001
Iter= 3, Polarisation Solution Error:   0.000
Iter= 3, Overall Solution Error:        0.001
I flux density:   0.5620
Percent Q:  -0.950
Percent U:   0.709
Leakage terms:
 Ant 1:Dx,Dy = ( 0.00072,-0.00282),(-0.00044,-0.00172)
 Ant 2:Dx,Dy = ( 0.00322, 0.00711),(-0.00392, 0.00828)
 Ant 3:Dx,Dy = ( 0.00530,-0.00111),(-0.00938,-0.00098)
 Ant 4:Dx,Dy = ( 0.00477, 0.01889),(-0.00376, 0.01991)
 Ant 5:Dx,Dy = (-0.01783,-0.00114),( 0.01663,-0.00042)
 Ant 6:Dx,Dy = ( 0.00128,-0.02319),(-0.00167,-0.02282)
Solution for freq bin  1
Iter= 1, Amplit/Phase Solution Error:   0.152
Iter= 1, Polarisation Solution Error:   0.013
Iter= 1, Overall Solution Error:        0.804
Iter= 2, Amplit/Phase Solution Error:   0.014
Iter= 2, Polarisation Solution Error:   0.000
Iter= 2, Overall Solution Error:        0.010
Iter= 3, Amplit/Phase Solution Error:   0.001
Iter= 3, Polarisation Solution Error:   0.000
Iter= 3, Overall Solution Error:        0.001
I flux density:   0.5622
Percent Q:  -1.319
Percent U:   0.630
Leakage terms:
 Ant 1:Dx,Dy = ( 0.00065,-0.00239),(-0.00085,-0.00144)
 Ant 2:Dx,Dy = ( 0.00365, 0.00881),(-0.00432, 0.00930)
 Ant 3:Dx,Dy = ( 0.00466,-0.00106),(-0.01027,-0.00033)
 Ant 4:Dx,Dy = ( 0.00429, 0.01934),(-0.00373, 0.02072)
 Ant 5:Dx,Dy = (-0.01864,-0.00192),( 0.01591,-0.00115)
 Ant 6:Dx,Dy = ( 0.00037,-0.02513),(-0.00176,-0.02474)
Solution for freq bin  2
Iter= 1, Amplit/Phase Solution Error:   0.178
Iter= 1, Polarisation Solution Error:   0.008
Iter= 1, Overall Solution Error:        0.920
Iter= 2, Amplit/Phase Solution Error:   0.010
Iter= 2, Polarisation Solution Error:   0.000
Iter= 2, Overall Solution Error:        0.008
Iter= 3, Amplit/Phase Solution Error:   0.001
Iter= 3, Polarisation Solution Error:   0.000
Iter= 3, Overall Solution Error:        0.001
I flux density:   0.5620
Percent Q:  -0.560
Percent U:   0.790
Leakage terms:
 Ant 1:Dx,Dy = ( 0.00076,-0.00325),(-0.00005,-0.00201)
 Ant 2:Dx,Dy = ( 0.00276, 0.00538),(-0.00354, 0.00721)
 Ant 3:Dx,Dy = ( 0.00593,-0.00110),(-0.00848,-0.00162)
 Ant 4:Dx,Dy = ( 0.00523, 0.01850),(-0.00381, 0.01911)
 Ant 5:Dx,Dy = (-0.01702,-0.00029),( 0.01732, 0.00040)
 Ant 6:Dx,Dy = ( 0.00228,-0.02135),(-0.00151,-0.02098)

2018-08-07 14:16:31,120 [MainThread  ] [INFO ]  pgflag vis=2312-319.5500 command='<b' stokes=i,q,u,v flagpar=8,5,5,3,6,3 options=nodisp

pgflag: Revision 1.30, 2016/10/05 23:06:50 UTC

Applying bandpass corrections to 2312-319.5500
Applying freq. dependent gain corrections to 2312-319.5500
Applying freq. dependent leakage correction to 2312-319.5500
Applying changes to dataset
Counts of correlations within selected channels:
 channel  Originally  Currently
 Good:      66945404   66661900    Changed to bad:     283504
 Bad:       10637932   10921436    Changed to good:         0
 14.1% of the data is now flagged

2018-08-07 14:19:03,541 [MainThread  ] [INFO ]  pgflag vis=2312-319.5500 command='<b' stokes=i,v,q,u flagpar=8,2,2,3,6,3  options=nodisp

pgflag: Revision 1.30, 2016/10/05 23:06:50 UTC

Applying bandpass corrections to 2312-319.5500
Applying freq. dependent gain corrections to 2312-319.5500
Applying freq. dependent leakage correction to 2312-319.5500
Applying changes to dataset
Counts of correlations within selected channels:
 channel  Originally  Currently
 Good:      66661900   66400712    Changed to bad:     261188
 Bad:       10921436   11182624    Changed to good:         0
 14.4% of the data is now flagged

2018-08-07 14:21:37,153 [MainThread  ] [INFO ]  pgflag vis=2312-319.5500 command='<b' stokes=i,v,u,q flagpar=8,2,2,3,6,3  options=nodisp

pgflag: Revision 1.30, 2016/10/05 23:06:50 UTC

Applying bandpass corrections to 2312-319.5500
Applying freq. dependent gain corrections to 2312-319.5500
Applying freq. dependent leakage correction to 2312-319.5500
Applying changes to dataset
Counts of correlations within selected channels:
 channel  Originally  Currently
 Good:      66400712   66157672    Changed to bad:     243040
 Bad:       11182624   11425664    Changed to good:         0
 14.7% of the data is now flagged

2018-08-07 14:21:41,072 [MainThread  ] [INFO ]  gpcal vis=2312-319.5500 refant=4 interval=0.1 nfbin=2 options=xyvary,qusolve

gpcal: Revision 1.22, 2016/05/01 22:31:05 UTC

Applying bandpass corrections to 2312-319.5500
Number of antennae: 6
Using leakage parameters from input as initial guess
Reading the data ...
Number of solution intervals: 632
Total visibilities read: 9466
Number visibilities accepted: 9466
Iter= 1, Amplit/Phase Solution Error:   0.165
Iter= 1, Polarisation Solution Error:   0.010
Iter= 1, Overall Solution Error:        0.861
Iter= 2, Amplit/Phase Solution Error:   0.012
Iter= 2, Polarisation Solution Error:   0.000
Iter= 2, Overall Solution Error:        0.009
Iter= 3, Amplit/Phase Solution Error:   0.001
Iter= 3, Polarisation Solution Error:   0.000
Iter= 3, Overall Solution Error:        0.001
I flux density:   0.5623
Percent Q:  -0.959
Percent U:   0.707
Leakage terms:
 Ant 1:Dx,Dy = ( 0.00073,-0.00281),(-0.00040,-0.00172)
 Ant 2:Dx,Dy = ( 0.00326, 0.00711),(-0.00385, 0.00826)
 Ant 3:Dx,Dy = ( 0.00537,-0.00110),(-0.00933,-0.00098)
 Ant 4:Dx,Dy = ( 0.00481, 0.01889),(-0.00367, 0.01990)
 Ant 5:Dx,Dy = (-0.01775,-0.00115),( 0.01667,-0.00041)
 Ant 6:Dx,Dy = ( 0.00135,-0.02319),(-0.00166,-0.02280)
Solution for freq bin  1
Iter= 1, Amplit/Phase Solution Error:   0.152
Iter= 1, Polarisation Solution Error:   0.013
Iter= 1, Overall Solution Error:        0.805
Iter= 2, Amplit/Phase Solution Error:   0.015
Iter= 2, Polarisation Solution Error:   0.000
Iter= 2, Overall Solution Error:        0.010
Iter= 3, Amplit/Phase Solution Error:   0.001
Iter= 3, Polarisation Solution Error:   0.000
Iter= 3, Overall Solution Error:        0.001
I flux density:   0.5625
Percent Q:  -1.325
Percent U:   0.628
Leakage terms:
 Ant 1:Dx,Dy = ( 0.00065,-0.00239),(-0.00084,-0.00145)
 Ant 2:Dx,Dy = ( 0.00369, 0.00881),(-0.00424, 0.00929)
 Ant 3:Dx,Dy = ( 0.00472,-0.00105),(-0.01024,-0.00032)
 Ant 4:Dx,Dy = ( 0.00430, 0.01933),(-0.00364, 0.02070)
 Ant 5:Dx,Dy = (-0.01857,-0.00194),( 0.01593,-0.00115)
 Ant 6:Dx,Dy = ( 0.00043,-0.02511),(-0.00175,-0.02471)
Solution for freq bin  2
Iter= 1, Amplit/Phase Solution Error:   0.178
Iter= 1, Polarisation Solution Error:   0.008
Iter= 1, Overall Solution Error:        0.918
Iter= 2, Amplit/Phase Solution Error:   0.010
Iter= 2, Polarisation Solution Error:   0.000
Iter= 2, Overall Solution Error:        0.008
Iter= 3, Amplit/Phase Solution Error:   0.001
Iter= 3, Polarisation Solution Error:   0.000
Iter= 3, Overall Solution Error:        0.001
I flux density:   0.5623
Percent Q:  -0.562
Percent U:   0.790
Leakage terms:
 Ant 1:Dx,Dy = ( 0.00074,-0.00322),(-0.00002,-0.00200)
 Ant 2:Dx,Dy = ( 0.00275, 0.00538),(-0.00353, 0.00720)
 Ant 3:Dx,Dy = ( 0.00595,-0.00110),(-0.00847,-0.00163)
 Ant 4:Dx,Dy = ( 0.00525, 0.01850),(-0.00378, 0.01911)
 Ant 5:Dx,Dy = (-0.01701,-0.00029),( 0.01734, 0.00041)
 Ant 6:Dx,Dy = ( 0.00229,-0.02138),(-0.00155,-0.02098)

2018-08-07 14:21:41,093 [MainThread  ] [INFO ]  gpboot vis=2312-319.5500 cal=1934-638.5500

gpboot: Revision 1.9, 2015/10/29 01:31:30 UTC

Secondary flux density scaled by:   0.999
Frequency bin  1 scaled by      :   1.003
Frequency bin  2 scaled by      :   1.003

2018-08-07 14:22:56,298 [MainThread  ] [INFO ]  gpcopy vis=2312-319.5500 out=a.5500

gpcopy: Revision 1.13, 2015/10/29 01:31:39 UTC

Copying leakage table
Copying gain table
Interpolation tolerance set to (minutes): 720.00
Copying bandpass table

2018-08-07 14:37:44,957 [MainThread  ] [INFO ]  pgflag vis=a.5500 command='<b' stokes=i,v,q,u flagpar=8,2,2,3,6,3  options=nodisp

pgflag: Revision 1.30, 2016/10/05 23:06:50 UTC

Applying bandpass corrections to a.5500
Applying freq. dependent gain corrections to a.5500
Applying freq. dependent leakage correction to a.5500
Applying changes to dataset
Counts of correlations within selected channels:
 channel  Originally  Currently
 Good:     430309620  419123224    Changed to bad:   11186396
 Bad:       60343920   71530316    Changed to good:         0
 14.6% of the data is now flagged

2018-08-07 14:51:39,624 [MainThread  ] [INFO ]  pgflag vis=a.5500 command='<b' stokes=i,v,u,q flagpar=8,2,2,3,6,3  options=nodisp

pgflag: Revision 1.30, 2016/10/05 23:06:50 UTC

Applying bandpass corrections to a.5500
Applying freq. dependent gain corrections to a.5500
Applying freq. dependent leakage correction to a.5500
Applying changes to dataset
Counts of correlations within selected channels:
 channel  Originally  Currently
 Good:     419123224  410350664    Changed to bad:    8772560
 Bad:       71530316   80302876    Changed to good:         0
 16.4% of the data is now flagged

2018-08-07 14:53:18,418 [MainThread  ] [INFO ]  uvsplit vis=a.5500

uvsplit: Revision 1.18, 2016/05/09 03:06:18 UTC

Creating a_1141.5500
Creating a_1142.5500
Creating a_1143.5500
Creating a_1144.5500
Creating a_1145.5500
Creating a_1146.5500
Creating a_1147.5500
Creating a_1148.5500
Creating a_1149.5500
Creating a_1150.5500
Creating a_1151.5500
Creating a_1152.5500
Creating a_1153.5500
Creating a_1154.5500
Creating a_1155.5500
Creating a_1156.5500
Creating a_1157.5500
Creating a_1158.5500
Creating a_1159.5500
Creating a_1160.5500
Creating a_1161.5500
Creating a_1162.5500
Creating a_1163.5500
Creating a_1164.5500
Creating a_1165.5500
Creating a_1166.5500
Creating a_1167.5500
Creating a_1168.5500
Creating a_1169.5500
Creating a_1170.5500
Creating a_1171.5500
Creating a_1172.5500
Creating a_1173.5500
Creating a_1174.5500
Creating a_1175.5500
Creating a_1176.5500
Creating a_1177.5500
Creating a_1178.5500
Creating a_1179.5500
Creating a_1180.5500
Creating a_1181.5500
Creating a_1182.5500
Creating a_1183.5500
Creating a_1184.5500
Creating a_1185.5500
Creating a_1186.5500
Creating a_1187.5500
Creating a_1188.5500
Creating a_1189.5500
Creating a_1190.5500
Creating a_1191.5500
Creating a_1192.5500
Creating a_1193.5500
Creating a_1194.5500
Creating a_1195.5500
Creating a_1196.5500
Creating a_1197.5500
Creating a_1198.5500
Creating a_1199.5500
Creating a_1200.5500
Creating a_1201.5500
Creating a_1202.5500
Creating a_1203.5500
Creating a_1204.5500
Creating a_1205.5500
Creating a_1206.5500
Creating a_1207.5500
Creating a_1208.5500
Creating a_1209.5500
Creating a_1210.5500
Creating a_1211.5500
Creating a_1212.5500
Creating a_1213.5500
Creating a_1214.5500
Creating a_1215.5500
Creating a_1216.5500
Creating a_1217.5500
Creating a_1218.5500
Creating a_1219.5500
Creating a_1220.5500
Creating a_1221.5500
Creating a_1222.5500
Creating a_1223.5500
Creating a_1224.5500
Creating a_1225.5500
Creating a_1226.5500
Creating a_1227.5500
Creating a_1228.5500
Creating a_1229.5500
Creating a_1230.5500
Creating a_1231.5500
Creating a_1232.5500
Creating a_1233.5500
Creating a_1234.5500
Creating a_1235.5500
Creating a_1236.5500
Creating a_1237.5500
Creating a_1238.5500
Creating a_1239.5500
Creating a_1240.5500
Creating a_1241.5500
Creating a_1242.5500
Creating a_1243.5500
Creating a_1244.5500
Creating a_1245.5500
Creating a_1246.5500
Creating a_1247.5500
Creating a_1248.5500
Creating a_1249.5500
Creating a_1250.5500
Creating a_1251.5500
Creating a_1252.5500
Creating a_1253.5500
Creating a_1254.5500
Creating a_1255.5500
Creating a_1256.5500
Creating a_1257.5500
Creating a_1258.5500
Creating a_1259.5500
Creating a_1260.5500
Creating a_1081.5500
Creating a_1082.5500
Creating a_1083.5500
Creating a_1084.5500
Creating a_1085.5500
Creating a_1086.5500
Creating a_1087.5500
Creating a_1088.5500
Creating a_1089.5500
Creating a_1090.5500
Creating a_1091.5500
Creating a_1092.5500
Creating a_1093.5500
Creating a_1094.5500
Creating a_1095.5500
Creating a_1096.5500
Creating a_1097.5500
Creating a_1098.5500
Creating a_1099.5500
Creating a_1100.5500
Creating a_1101.5500
Creating a_1102.5500
Creating a_1103.5500
Creating a_1104.5500
Creating a_1105.5500
Creating a_1106.5500
Creating a_1107.5500
Creating a_1108.5500
Creating a_1109.5500
Creating a_1110.5500
Creating a_1111.5500
Creating a_1112.5500
Creating a_1113.5500
Creating a_1114.5500
Creating a_1115.5500
Creating a_1116.5500
Creating a_1117.5500
Creating a_1118.5500
Creating a_1119.5500
Creating a_1120.5500
Creating a_1121.5500
Creating a_1122.5500
Creating a_1123.5500
Creating a_1124.5500
Creating a_1125.5500
Creating a_1126.5500
Creating a_1127.5500
Creating a_1128.5500
Creating a_1129.5500
Creating a_1130.5500
Creating a_1131.5500
Creating a_1132.5500
Creating a_1133.5500
Creating a_1134.5500
Creating a_1135.5500
Creating a_1136.5500
Creating a_1137.5500
Creating a_1138.5500
Creating a_1139.5500
Creating a_1140.5500

