2018-08-02 05:44:01,431 [MainThread  ] [INFO ]  atlod in=raw/2016-11-08_0333.C3132,raw/2016-11-08_0621.C3132,raw/2016-11-08_0907.C3132,raw/2016-11-08_1154.C3132 out=data5.uv ifsel=1 options=birdie,rfiflag,noauto,xycorr

atlod: Revision 1.53, 2016/08/25 23:02:21 UTC

Processing file raw/2016-11-08_0333.C3132
 03:33:29 CAOBS> track 1
CABB data detected
Scan 1 started at 16NOV08:03:33:48.0
Source: 1934-638
Flagging channels in  28 frequency ranges
 03:44:17 CAOBS> stop
 03:44:45 CAOBS> set file c3132_obs_d1.sch
 03:44:51 CAOBS> start 5/99
Scan 2 started at 16NOV08:03:46:36.0
Source: 2245-328
Scan 3 started at 16NOV08:03:49:16.0
Source: d_41
Source: d_42
Source: d_43
Source: d_44
Source: d_45
Source: d_46
Source: d_47
Source: d_48
Source: d_49
Source: d_50
Source: d_51
Source: d_52
Source: d_53
Source: d_54
Source: d_55
Source: d_56
Source: d_57
Source: d_58
Source: d_59
Source: d_60
Scan 4 started at 16NOV08:04:02:44.0
Source: 2245-328
Scan 5 started at 16NOV08:04:05:26.5
Source: d_61
Source: d_62
Source: d_63
Source: d_64
Source: d_65
Source: d_66
Source: d_67
Source: d_68
Source: d_69
Source: d_70
Source: d_71
Source: d_72
Source: d_73
Source: d_74
Source: d_75
Source: d_76
Source: d_77
Source: d_78
Source: d_79
Source: d_80
Scan 6 started at 16NOV08:04:19:00.0
Source: 2245-328
Scan 7 started at 16NOV08:04:21:34.5
Source: d_81
Source: d_82
Source: d_83
Source: d_84
Source: d_85
Source: d_86
Source: d_87
Source: d_88
Source: d_89
Source: d_90
Source: d_91
Source: d_92
Source: d_93
Source: d_94
Source: d_95
Source: d_96
Source: d_97
Source: d_98
Source: d_99
Source: d_100
Scan 8 started at 16NOV08:04:35:08.0
Source: 2245-328
Scan 9 started at 16NOV08:04:37:48.0
Source: d_101
Source: d_102
Source: d_103
Source: d_104
Source: d_105
Source: d_106
Source: d_107
Source: d_108
Source: d_109
Source: d_110
Source: d_111
Source: d_112
Source: d_113
Source: d_114
Source: d_115
Source: d_116
Source: d_117
Source: d_118
Source: d_119
Source: d_120
Scan 10 started at 16NOV08:04:51:16.0
Source: 2245-328
Scan 11 started at 16NOV08:04:53:56.0
Source: d_121
Source: d_122
Source: d_123
Source: d_124
Source: d_125
Source: d_126
Source: d_127
Source: d_128
Source: d_129
Source: d_130
Source: d_131
Source: d_132
Source: d_133
Source: d_134
Source: d_135
Source: d_136
Source: d_137
Source: d_138
Source: d_139
Source: d_140
Scan 12 started at 16NOV08:05:07:24.0
Source: 2245-328
Scan 13 started at 16NOV08:05:10:06.0
Source: d_141
Source: d_142
Source: d_143
Source: d_144
Source: d_145
Source: d_146
Source: d_147
Source: d_148
Source: d_149
Source: d_150
Source: d_151
Source: d_152
Source: d_153
Source: d_154
Source: d_155
Source: d_156
Source: d_157
Source: d_158
Source: d_159
Source: d_160
Scan 14 started at 16NOV08:05:23:40.0
Source: 2245-328
Scan 15 started at 16NOV08:05:26:20.0
Source: d_161
Source: d_162
Source: d_163
Source: d_164
Source: d_165
Source: d_166
Source: d_167
Source: d_168
Source: d_169
Source: d_170
Source: d_171
Source: d_172
Source: d_173
Source: d_174
Source: d_175
Source: d_176
Source: d_177
Source: d_178
Source: d_179
Source: d_180
Scan 16 started at 16NOV08:05:39:48.0
Source: 2245-328
Scan 17 started at 16NOV08:05:42:20.7
Source: d_1
Source: d_2
Source: d_3
Source: d_4
Source: d_5
Source: d_6
Source: d_7
Source: d_8
Source: d_9
Source: d_10
Source: d_11
Source: d_12
Source: d_13
Source: d_14
Source: d_15
Source: d_16
Source: d_17
Source: d_18
Source: d_19
Source: d_20
Scan 18 started at 16NOV08:05:55:56.0
Source: 2245-328
Scan 19 started at 16NOV08:05:58:36.0
Source: d_21
Source: d_22
Source: d_23
Source: d_24
Source: d_25
Source: d_26
Source: d_27
Source: d_28
Source: d_29
Source: d_30
Source: d_31
Source: d_32
Source: d_33
Source: d_34
Source: d_35
Source: d_36
Source: d_37
Source: d_38
Source: d_39
Source: d_40
Scan 20 started at 16NOV08:06:12:04.0
Source: 2245-328
Scan 21 started at 16NOV08:06:14:44.0
Source: d_41
Source: d_42
Source: d_43
Source: d_44
Source: d_45
Source: d_46
Source: d_47
Source: d_48
Source: d_49
Source: d_50
RPFITS file version is 2.12
---------------------------------------
Total number of spectra selected: 72660

Summary of spectra flagged
Flagging Reason            Fraction
---------------            --------
Antenna off-source/off-line  3.21%
---------------------------------------
Processing file raw/2016-11-08_0621.C3132
CABB data detected
Scan 1 started at 16NOV08:06:21:08.0
Source: d_50
Source: d_51
Source: d_52
Source: d_53
Source: d_54
Source: d_55
Source: d_56
Source: d_57
Source: d_58
Source: d_59
Source: d_60
Scan 2 started at 16NOV08:06:28:12.0
Source: 2245-328
Scan 3 started at 16NOV08:06:30:52.0
Source: d_61
Source: d_62
Source: d_63
Source: d_64
Source: d_65
Source: d_66
Source: d_67
Source: d_68
Source: d_69
Source: d_70
Source: d_71
Source: d_72
Source: d_73
Source: d_74
Source: d_75
Source: d_76
Source: d_77
Source: d_78
Source: d_79
Source: d_80
Scan 4 started at 16NOV08:06:44:20.0
Source: 2245-328
Scan 5 started at 16NOV08:06:47:00.0
Source: d_81
Source: d_82
Source: d_83
Source: d_84
Source: d_85
Source: d_86
Source: d_87
Source: d_88
Source: d_89
Source: d_90
Source: d_91
Source: d_92
Source: d_93
Source: d_94
Source: d_95
Source: d_96
Source: d_97
Source: d_98
Source: d_99
Source: d_100
Scan 6 started at 16NOV08:07:00:28.0
Source: 2245-328
Scan 7 started at 16NOV08:07:03:24.0
Source: d_101
Source: d_102
Source: d_103
Source: d_104
Source: d_105
Source: d_106
Source: d_107
Source: d_108
Source: d_109
Source: d_110
Source: d_111
Source: d_112
Source: d_113
Source: d_114
Source: d_115
Source: d_116
Source: d_117
Source: d_118
Source: d_119
Source: d_120
Scan 8 started at 16NOV08:07:16:44.0
Source: 2245-328
Scan 9 started at 16NOV08:07:19:32.0
Source: d_121
Source: d_122
Source: d_123
Source: d_124
Source: d_125
Source: d_126
Source: d_127
Source: d_128
Source: d_129
Source: d_130
Source: d_131
Source: d_132
Source: d_133
Source: d_134
Source: d_135
Source: d_136
Source: d_137
Source: d_138
Source: d_139
Source: d_140
Scan 10 started at 16NOV08:07:33:08.0
Source: 2245-328
Scan 11 started at 16NOV08:07:35:50.0
Source: d_141
Source: d_142
Source: d_143
Source: d_144
Source: d_145
Source: d_146
Source: d_147
Source: d_148
Source: d_149
Source: d_150
Source: d_151
Source: d_152
Source: d_153
Source: d_154
Source: d_155
Source: d_156
Source: d_157
Source: d_158
Source: d_159
Source: d_160
Scan 12 started at 16NOV08:07:49:24.0
Source: 2245-328
Scan 13 started at 16NOV08:07:52:20.0
Source: d_161
Source: d_162
Source: d_163
Source: d_164
Source: d_165
Source: d_166
Source: d_167
Source: d_168
Source: d_169
Source: d_170
Source: d_171
Source: d_172
Source: d_173
Source: d_174
Source: d_175
Source: d_176
Source: d_177
Source: d_178
Source: d_179
Source: d_180
Scan 14 started at 16NOV08:08:05:40.0
Source: 2245-328
Scan 15 started at 16NOV08:08:08:20.7
Source: d_1
Source: d_2
Source: d_3
Source: d_4
Source: d_5
Source: d_6
Source: d_7
Source: d_8
Source: d_9
Source: d_10
Source: d_11
Source: d_12
Source: d_13
Source: d_14
Source: d_15
Source: d_16
Source: d_17
Source: d_18
Source: d_19
Source: d_20
Scan 16 started at 16NOV08:08:21:56.0
Source: 2245-328
Scan 17 started at 16NOV08:08:24:52.0
Source: d_21
Source: d_22
Source: d_23
Source: d_24
Source: d_25
Source: d_26
Source: d_27
Source: d_28
Source: d_29
Source: d_30
Source: d_31
Source: d_32
Source: d_33
Source: d_34
Source: d_35
Source: d_36
Source: d_37
Source: d_38
Source: d_39
Source: d_40
Scan 18 started at 16NOV08:08:38:12.0
Source: 2245-328
Scan 19 started at 16NOV08:08:41:24.0
Source: d_41
Source: d_42
Source: d_43
Source: d_44
Source: d_45
Source: d_46
Source: d_47
Source: d_48
Source: d_49
Source: d_50
Source: d_51
Source: d_52
Source: d_53
Source: d_54
Source: d_55
Source: d_56
Source: d_57
Source: d_58
Source: d_59
Source: d_60
Scan 20 started at 16NOV08:08:54:44.0
Source: 2245-328
Scan 21 started at 16NOV08:08:57:48.0
Source: d_61
Source: d_62
Source: d_63
Source: d_64
Source: d_65
Source: d_66
Source: d_67
Source: d_68
Source: d_69
Source: d_70
Source: d_71
Source: d_72
Source: d_73
Source: d_74
Source: d_75
Source: d_76
RPFITS file version is 2.12
---------------------------------------
Total number of spectra selected: 72660

Summary of spectra flagged
Flagging Reason            Fraction
---------------            --------
Antenna off-source/off-line  3.80%
---------------------------------------
Processing file raw/2016-11-08_0907.C3132
CABB data detected
Scan 1 started at 16NOV08:09:07:56.0
Source: d_76
Source: d_77
Source: d_78
Source: d_79
Source: d_80
Scan 2 started at 16NOV08:09:11:24.0
Source: 2245-328
Scan 3 started at 16NOV08:09:14:36.0
Source: d_81
Source: d_82
Source: d_83
Source: d_84
Source: d_85
Source: d_86
Source: d_87
Source: d_88
Source: d_89
Source: d_90
Source: d_91
Source: d_92
Source: d_93
Source: d_94
Source: d_95
Source: d_96
Source: d_97
Source: d_98
Source: d_99
Source: d_100
Scan 4 started at 16NOV08:09:28:04.0
Source: 2245-328
Scan 5 started at 16NOV08:09:31:24.0
Source: d_101
Source: d_102
Source: d_103
Source: d_104
Source: d_105
Source: d_106
Source: d_107
Source: d_108
Source: d_109
Source: d_110
Source: d_111
Source: d_112
Source: d_113
Source: d_114
Source: d_115
Source: d_116
Source: d_117
Source: d_118
Source: d_119
Source: d_120
Scan 6 started at 16NOV08:09:45:08.0
Source: 2245-328
Scan 7 started at 16NOV08:09:48:20.0
Source: d_121
Source: d_122
Source: d_123
Source: d_124
Source: d_125
Source: d_126
Source: d_127
Source: d_128
Source: d_129
Source: d_130
Source: d_131
Source: d_132
Source: d_133
Source: d_134
Source: d_135
Source: d_136
Source: d_137
Source: d_138
Source: d_139
Source: d_140
Scan 8 started at 16NOV08:10:02:28.0
Source: 2245-328
Scan 9 started at 16NOV08:10:05:40.0
Source: d_141
Source: d_142
Source: d_143
Source: d_144
Source: d_145
Source: d_146
Source: d_147
Source: d_148
Source: d_149
Source: d_150
Source: d_151
Source: d_152
Source: d_153
Source: d_154
Source: d_155
Source: d_156
Source: d_157
Source: d_158
Source: d_159
Source: d_160
Scan 10 started at 16NOV08:10:19:16.0
Source: 2245-328
Scan 11 started at 16NOV08:10:22:28.0
Source: d_161
Source: d_162
Source: d_163
Source: d_164
Source: d_165
Source: d_166
Source: d_167
Source: d_168
Source: d_169
Source: d_170
Source: d_171
Source: d_172
Source: d_173
Source: d_174
Source: d_175
Source: d_176
Source: d_177
Source: d_178
Source: d_179
Source: d_180
Scan 12 started at 16NOV08:10:35:48.0
Source: 2245-328
Scan 13 started at 16NOV08:10:38:36.7
Source: d_1
Source: d_2
Source: d_3
Source: d_4
Source: d_5
Source: d_6
Source: d_7
Source: d_8
Source: d_9
Source: d_10
Source: d_11
Source: d_12
Source: d_13
Source: d_14
Source: d_15
Source: d_16
Source: d_17
Source: d_18
Source: d_19
Source: d_20
Scan 14 started at 16NOV08:10:52:12.0
Source: 2245-328
Scan 15 started at 16NOV08:10:55:08.0
Source: d_21
Source: d_22
Source: d_23
Source: d_24
Source: d_25
Source: d_26
Source: d_27
Source: d_28
Source: d_29
Source: d_30
Source: d_31
Source: d_32
Source: d_33
Source: d_34
Source: d_35
Source: d_36
Source: d_37
Source: d_38
Source: d_39
Source: d_40
Scan 16 started at 16NOV08:11:08:28.0
Source: 2245-328
Scan 17 started at 16NOV08:11:11:24.0
Source: d_41
Source: d_42
Source: d_43
Source: d_44
Source: d_45
Source: d_46
Source: d_47
Source: d_48
Source: d_49
Source: d_50
Source: d_51
Source: d_52
Source: d_53
Source: d_54
Source: d_55
Source: d_56
Source: d_57
Source: d_58
Source: d_59
Source: d_60
Scan 18 started at 16NOV08:11:24:52.0
Source: 2245-328
Scan 19 started at 16NOV08:11:27:40.0
Source: d_61
Source: d_62
Source: d_63
Source: d_64
Source: d_65
Source: d_66
Source: d_67
Source: d_68
Source: d_69
Source: d_70
Source: d_71
Source: d_72
Source: d_73
Source: d_74
Source: d_75
Source: d_76
Source: d_77
Source: d_78
Source: d_79
Source: d_80
Scan 20 started at 16NOV08:11:41:16.0
Source: 2245-328
Scan 21 started at 16NOV08:11:44:04.0
Source: d_81
Source: d_82
Source: d_83
Source: d_84
Source: d_85
Source: d_86
Source: d_87
Source: d_88
Source: d_89
Source: d_90
Source: d_91
Source: d_92
Source: d_93
Source: d_94
Source: d_95
Source: d_96
Source: d_97
RPFITS file version is 2.12
---------------------------------------
Total number of spectra selected: 72660

Summary of spectra flagged
Flagging Reason            Fraction
---------------            --------
Antenna off-source/off-line  6.96%
---------------------------------------
Processing file raw/2016-11-08_1154.C3132
CABB data detected
Scan 1 started at 16NOV08:11:54:44.0
Source: d_97
Source: d_98
Source: d_99
Source: d_100
Scan 2 started at 16NOV08:11:57:32.0
Source: 2245-328
Scan 3 started at 16NOV08:12:00:28.0
Source: d_101
Source: d_102
Source: d_103
Source: d_104
Source: d_105
Source: d_106
Source: d_107
Source: d_108
Source: d_109
Source: d_110
Source: d_111
Source: d_112
Source: d_113
Source: d_114
Source: d_115
Source: d_116
Source: d_117
Source: d_118
Source: d_119
Source: d_120
Scan 4 started at 16NOV08:12:13:48.0
Source: 2245-328
Scan 5 started at 16NOV08:12:16:36.0
Source: d_121
Source: d_122
Source: d_123
Source: d_124
Source: d_125
Source: d_126
Source: d_127
Source: d_128
Source: d_129
Source: d_130
Source: d_131
Source: d_132
Source: d_133
Source: d_134
Source: d_135
Source: d_136
Source: d_137
Source: d_138
Source: d_139
Source: d_140
Scan 6 started at 16NOV08:12:30:04.0
Source: 2245-328
Scan 7 started at 16NOV08:12:32:38.0
Source: d_141
Source: d_142
Source: d_143
Source: d_144
Source: d_145
Source: d_146
Source: d_147
Source: d_148
Source: d_149
Source: d_150
Source: d_151
Source: d_152
Source: d_153
Source: d_154
Source: d_155
Source: d_156
Source: d_157
Source: d_158
Source: d_159
Source: d_160
Scan 8 started at 16NOV08:12:46:12.0
Source: 2245-328
Scan 9 started at 16NOV08:12:48:52.0
Source: d_161
Source: d_162
Source: d_163
Source: d_164
Source: d_165
Source: d_166
Source: d_167
Source: d_168
Source: d_169
Source: d_170
Source: d_171
Source: d_172
Source: d_173
Source: d_174
Source: d_175
Source: d_176
Source: d_177
Source: d_178
Source: d_179
Source: d_180
Scan 10 started at 16NOV08:13:02:20.0
Source: 2245-328
Scan 11 started at 16NOV08:13:04:52.7
Source: d_1
Source: d_2
Source: d_3
Source: d_4
Source: d_5
Source: d_6
Source: d_7
Source: d_8
Source: d_9
Source: d_10
Source: d_11
Source: d_12
Source: d_13
Source: d_14
Source: d_15
Source: d_16
Source: d_17
Source: d_18
Source: d_19
Source: d_20
Scan 12 started at 16NOV08:13:18:28.0
Source: 2245-328
Scan 13 started at 16NOV08:13:21:08.0
Source: d_21
Source: d_22
Source: d_23
Source: d_24
Source: d_25
Source: d_26
Source: d_27
Source: d_28
Source: d_29
Source: d_30
Source: d_31
Source: d_32
Source: d_33
Source: d_34
Source: d_35
Source: d_36
Source: d_37
Source: d_38
Source: d_39
Source: d_40
Scan 14 started at 16NOV08:13:34:36.0
Source: 2245-328
Scan 15 started at 16NOV08:13:37:16.0
Source: d_41
Source: d_42
Source: d_43
Source: d_44
Source: d_45
Source: d_46
Source: d_47
Source: d_48
Source: d_49
Source: d_50
Source: d_51
Source: d_52
Source: d_53
Source: d_54
Source: d_55
Source: d_56
Source: d_57
Source: d_58
Source: d_59
Source: d_60
Scan 16 started at 16NOV08:13:50:44.0
Source: 2245-328
Scan 17 started at 16NOV08:13:53:18.8
Source: d_61
Source: d_62
Source: d_63
Source: d_64
Source: d_65
Source: d_66
Source: d_67
Source: d_68
Source: d_69
Source: d_70
Source: d_71
Source: d_72
Source: d_73
Source: d_74
Source: d_75
Source: d_76
Source: d_77
Source: d_78
Source: d_79
Source: d_80
Scan 18 started at 16NOV08:14:06:52.0
Source: 2245-328
Scan 19 started at 16NOV08:14:09:26.8
Source: d_81
Source: d_82
Source: d_83
Source: d_84
Source: d_85
Source: d_86
Source: d_87
Source: d_88
Source: d_89
Source: d_90
Source: d_91
Source: d_92
Source: d_93
Source: d_94
Source: d_95
Source: d_96
Source: d_97
Source: d_98
Source: d_99
Source: d_100
Scan 20 started at 16NOV08:14:23:00.0
Source: 2245-328
RPFITS file version is 2.12
---------------------------------------
Total number of spectra selected: 65400

Summary of spectra flagged
Flagging Reason            Fraction
---------------            --------
Antenna off-source/off-line  2.48%
---------------------------------------

No CACAL data was detected

2018-08-02 05:45:19,565 [MainThread  ] [INFO ]  uvsplit vis=data5.uv options=mosaic

uvsplit: Revision 1.18, 2016/05/09 03:06:18 UTC

Creating 1934-638.5500
Creating 2245-328.5500
Creating d.5500

2018-08-02 05:45:29,757 [MainThread  ] [INFO ]  pgflag vis=1934-638.5500 command='<b' stokes=i,q,u,v flagpar=8,5,5,3,6,3 options=nodisp

pgflag: Revision 1.30, 2016/10/05 23:06:50 UTC

Applying changes to dataset
Counts of correlations within selected channels:
 channel  Originally  Currently
 Good:       8674200    8622396    Changed to bad:      51804
 Bad:        1038060    1089864    Changed to good:         0
 11.2% of the data is now flagged

2018-08-02 05:45:38,812 [MainThread  ] [INFO ]  pgflag vis=1934-638.5500 command='<b' stokes=i,v,q,u flagpar=8,2,2,3,6,3  options=nodisp

pgflag: Revision 1.30, 2016/10/05 23:06:50 UTC

Applying changes to dataset
Counts of correlations within selected channels:
 channel  Originally  Currently
 Good:       8622396    8558588    Changed to bad:      63808
 Bad:        1089864    1153672    Changed to good:         0
 11.9% of the data is now flagged

2018-08-02 05:45:50,074 [MainThread  ] [INFO ]  pgflag vis=1934-638.5500 command='<b' stokes=i,v,u,q flagpar=8,2,2,3,6,3  options=nodisp

pgflag: Revision 1.30, 2016/10/05 23:06:50 UTC

Applying changes to dataset
Counts of correlations within selected channels:
 channel  Originally  Currently
 Good:       8558588    8462572    Changed to bad:      96016
 Bad:        1153672    1249688    Changed to good:         0
 12.9% of the data is now flagged

2018-08-02 05:46:39,507 [MainThread  ] [INFO ]  mfcal vis=1934-638.5500 refant=4 interval=0.1
MfCal: $Revision: 1.20 $, $Date: 2017/05/08 02:31:10 $
Selecting parallel-hand polarisations
Reading the data ...
Number correlations accepted: 4231286
Number of frequency bands/settings: 1
Number of polarisations selected: 2
Number of solution intervals: 79
Number of passband solution intervals: 1
Initialising ...
Using post-Aug94 ATCA flux scale for 1934-638.
Using known frequency variation of 1934-638
Generating initial solution estimate ...
Doing solution refinement ...
Iter= 1, Solution Error:  0.405
Iter= 2, Solution Error:  0.018
Iter= 3, Solution Error:  0.000
Saving solution ...

2018-08-02 05:46:40,167 [MainThread  ] [INFO ]  gpcal vis=1934-638.5500 refant=4 interval=0.1 nfbin=2

gpcal: Revision 1.22, 2016/05/01 22:31:05 UTC

Applying bandpass corrections to 1934-638.5500
Number of antennae: 6
Reading the data ...
Number of solution intervals: 79
Total visibilities read: 1185
Number visibilities accepted: 1185
Using post-Aug94 ATCA flux scale for 1934-638.
Using IQUV =  5.0072,  0.0000,  0.0000,  0.0000 at   5.4609 GHz.
Using post-Aug94 ATCA flux scale for 1934-638.
Using IQUV =  5.5173,  0.0000,  0.0000,  0.0000 at   5.0316 GHz.
Using post-Aug94 ATCA flux scale for 1934-638.
Using IQUV =  4.5134,  0.0000,  0.0000,  0.0000 at   5.9512 GHz.
Estimating the XY phases ...
Iter= 1, Amplit/Phase Solution Error:   1.001
Iter= 1, Polarisation Solution Error:   0.039
Iter= 1, Overall Solution Error:        2.001
Iter= 2, Amplit/Phase Solution Error:   0.002
Iter= 2, Polarisation Solution Error:   0.000
Iter= 2, Overall Solution Error:        0.003
Iter= 3, Amplit/Phase Solution Error:   0.001
Iter= 3, Polarisation Solution Error:   0.000
Iter= 3, Overall Solution Error:        0.001
I flux density:   5.0072
XY phases (degrees)
 Xyphase( 1- 6) =     0.0    0.0    0.0   -0.0    0.0   -0.0
Leakage terms:
 Ant 1:Dx,Dy = ( 0.00146, 0.00165),(-0.00017, 0.00246)
 Ant 2:Dx,Dy = ( 0.00348, 0.00628),(-0.00401, 0.00652)
 Ant 3:Dx,Dy = ( 0.00522,-0.00258),(-0.00926,-0.00274)
 Ant 4:Dx,Dy = ( 0.00453, 0.01725),(-0.00343, 0.01808)
 Ant 5:Dx,Dy = (-0.01821,-0.00220),( 0.01665,-0.00195)
 Ant 6:Dx,Dy = ( 0.00185,-0.02189),(-0.00143,-0.02088)
Solution for freq bin  1
Estimating the XY phases ...
Iter= 1, Amplit/Phase Solution Error:   0.952
Iter= 1, Polarisation Solution Error:   0.042
Iter= 1, Overall Solution Error:        2.000
Iter= 2, Amplit/Phase Solution Error:   0.002
Iter= 2, Polarisation Solution Error:   0.000
Iter= 2, Overall Solution Error:        0.003
Iter= 3, Amplit/Phase Solution Error:   0.001
Iter= 3, Polarisation Solution Error:   0.000
Iter= 3, Overall Solution Error:        0.001
I flux density:   5.5173
XY phases (degrees)
 Xyphase( 1- 6) =     0.0    0.0    0.0   -0.0    0.0   -0.0
Leakage terms:
 Ant 1:Dx,Dy = ( 0.00141, 0.00194),(-0.00043, 0.00273)
 Ant 2:Dx,Dy = ( 0.00398, 0.00704),(-0.00448, 0.00734)
 Ant 3:Dx,Dy = ( 0.00456,-0.00270),(-0.01010,-0.00226)
 Ant 4:Dx,Dy = ( 0.00407, 0.01799),(-0.00377, 0.01883)
 Ant 5:Dx,Dy = (-0.01884,-0.00276),( 0.01601,-0.00247)
 Ant 6:Dx,Dy = ( 0.00104,-0.02344),(-0.00101,-0.02225)
Solution for freq bin  2
Estimating the XY phases ...
Iter= 1, Amplit/Phase Solution Error:   1.080
Iter= 1, Polarisation Solution Error:   0.036
Iter= 1, Overall Solution Error:        2.013
Iter= 2, Amplit/Phase Solution Error:   0.002
Iter= 2, Polarisation Solution Error:   0.000
Iter= 2, Overall Solution Error:        0.003
Iter= 3, Amplit/Phase Solution Error:   0.001
Iter= 3, Polarisation Solution Error:   0.000
Iter= 3, Overall Solution Error:        0.001
I flux density:   4.5134
XY phases (degrees)
 Xyphase( 1- 6) =     0.0    0.0    0.0   -0.0    0.0   -0.0
Leakage terms:
 Ant 1:Dx,Dy = ( 0.00154, 0.00127),( 0.00014, 0.00210)
 Ant 2:Dx,Dy = ( 0.00285, 0.00528),(-0.00337, 0.00544)
 Ant 3:Dx,Dy = ( 0.00608,-0.00241),(-0.00818,-0.00335)
 Ant 4:Dx,Dy = ( 0.00512, 0.01631),(-0.00301, 0.01713)
 Ant 5:Dx,Dy = (-0.01740,-0.00147),( 0.01745,-0.00129)
 Ant 6:Dx,Dy = ( 0.00288,-0.01988),(-0.00195,-0.01912)

2018-08-02 05:46:53,903 [MainThread  ] [INFO ]  pgflag vis=1934-638.5500 command='<b' stokes=i,q,u,v flagpar=8,5,5,3,6,3 options=nodisp

pgflag: Revision 1.30, 2016/10/05 23:06:50 UTC

Applying bandpass corrections to 1934-638.5500
Applying freq. dependent gain corrections to 1934-638.5500
Applying freq. dependent leakage correction to 1934-638.5500
Applying changes to dataset
Counts of correlations within selected channels:
 channel  Originally  Currently
 Good:       8462572    8445020    Changed to bad:      17552
 Bad:        1249688    1267240    Changed to good:         0
 13.0% of the data is now flagged

2018-08-02 05:47:06,982 [MainThread  ] [INFO ]  pgflag vis=1934-638.5500 command='<b' stokes=i,v,q,u flagpar=8,2,2,3,6,3  options=nodisp

pgflag: Revision 1.30, 2016/10/05 23:06:50 UTC

Applying bandpass corrections to 1934-638.5500
Applying freq. dependent gain corrections to 1934-638.5500
Applying freq. dependent leakage correction to 1934-638.5500
Applying changes to dataset
Counts of correlations within selected channels:
 channel  Originally  Currently
 Good:       8445020    8423572    Changed to bad:      21448
 Bad:        1267240    1288688    Changed to good:         0
 13.3% of the data is now flagged

2018-08-02 05:47:19,682 [MainThread  ] [INFO ]  pgflag vis=1934-638.5500 command='<b' stokes=i,v,u,q flagpar=8,2,2,3,6,3  options=nodisp

pgflag: Revision 1.30, 2016/10/05 23:06:50 UTC

Applying bandpass corrections to 1934-638.5500
Applying freq. dependent gain corrections to 1934-638.5500
Applying freq. dependent leakage correction to 1934-638.5500
Applying changes to dataset
Counts of correlations within selected channels:
 channel  Originally  Currently
 Good:       8423572    8406156    Changed to bad:      17416
 Bad:        1288688    1306104    Changed to good:         0
 13.4% of the data is now flagged

2018-08-02 05:48:06,649 [MainThread  ] [INFO ]  mfcal vis=1934-638.5500 refant=4 interval=0.1
MfCal: $Revision: 1.20 $, $Date: 2017/05/08 02:31:10 $
Selecting parallel-hand polarisations
Reading the data ...
Number correlations accepted: 4203078
Number of frequency bands/settings: 1
Number of polarisations selected: 2
Number of solution intervals: 79
Number of passband solution intervals: 1
Initialising ...
Using post-Aug94 ATCA flux scale for 1934-638.
Using known frequency variation of 1934-638
Generating initial solution estimate ...
Doing solution refinement ...
Iter= 1, Solution Error:  0.407
Iter= 2, Solution Error:  0.018
Iter= 3, Solution Error:  0.000
Saving solution ...

2018-08-02 05:48:07,187 [MainThread  ] [INFO ]  gpcal vis=1934-638.5500 refant=4 interval=0.1 nfbin=2 options=xyvary

gpcal: Revision 1.22, 2016/05/01 22:31:05 UTC

Applying bandpass corrections to 1934-638.5500
Number of antennae: 6
Using leakage parameters from input as initial guess
Reading the data ...
Number of solution intervals: 79
Total visibilities read: 1185
Number visibilities accepted: 1185
Using post-Aug94 ATCA flux scale for 1934-638.
Using IQUV =  5.0074,  0.0000,  0.0000,  0.0000 at   5.4607 GHz.
Using post-Aug94 ATCA flux scale for 1934-638.
Using IQUV =  5.5145,  0.0000,  0.0000,  0.0000 at   5.0338 GHz.
Using post-Aug94 ATCA flux scale for 1934-638.
Using IQUV =  4.5154,  0.0000,  0.0000,  0.0000 at   5.9490 GHz.
Iter= 1, Amplit/Phase Solution Error:   1.001
Iter= 1, Polarisation Solution Error:   0.000
Iter= 1, Overall Solution Error:        2.001
Iter= 2, Amplit/Phase Solution Error:   0.002
Iter= 2, Polarisation Solution Error:   0.000
Iter= 2, Overall Solution Error:        0.003
Iter= 3, Amplit/Phase Solution Error:   0.001
Iter= 3, Polarisation Solution Error:   0.000
Iter= 3, Overall Solution Error:        0.001
I flux density:   5.0074
Leakage terms:
 Ant 1:Dx,Dy = ( 0.00145, 0.00166),(-0.00018, 0.00246)
 Ant 2:Dx,Dy = ( 0.00350, 0.00629),(-0.00399, 0.00652)
 Ant 3:Dx,Dy = ( 0.00521,-0.00257),(-0.00927,-0.00274)
 Ant 4:Dx,Dy = ( 0.00453, 0.01723),(-0.00341, 0.01809)
 Ant 5:Dx,Dy = (-0.01821,-0.00221),( 0.01663,-0.00197)
 Ant 6:Dx,Dy = ( 0.00184,-0.02191),(-0.00145,-0.02087)
Solution for freq bin  1
Iter= 1, Amplit/Phase Solution Error:   0.952
Iter= 1, Polarisation Solution Error:   0.002
Iter= 1, Overall Solution Error:        2.000
Iter= 2, Amplit/Phase Solution Error:   0.002
Iter= 2, Polarisation Solution Error:   0.000
Iter= 2, Overall Solution Error:        0.003
Iter= 3, Amplit/Phase Solution Error:   0.001
Iter= 3, Polarisation Solution Error:   0.000
Iter= 3, Overall Solution Error:        0.001
I flux density:   5.5145
Leakage terms:
 Ant 1:Dx,Dy = ( 0.00140, 0.00194),(-0.00043, 0.00274)
 Ant 2:Dx,Dy = ( 0.00400, 0.00705),(-0.00446, 0.00734)
 Ant 3:Dx,Dy = ( 0.00455,-0.00269),(-0.01010,-0.00226)
 Ant 4:Dx,Dy = ( 0.00407, 0.01796),(-0.00374, 0.01884)
 Ant 5:Dx,Dy = (-0.01884,-0.00277),( 0.01599,-0.00248)
 Ant 6:Dx,Dy = ( 0.00106,-0.02345),(-0.00102,-0.02221)
Solution for freq bin  2
Iter= 1, Amplit/Phase Solution Error:   1.079
Iter= 1, Polarisation Solution Error:   0.003
Iter= 1, Overall Solution Error:        2.013
Iter= 2, Amplit/Phase Solution Error:   0.002
Iter= 2, Polarisation Solution Error:   0.000
Iter= 2, Overall Solution Error:        0.002
Iter= 3, Amplit/Phase Solution Error:   0.001
Iter= 3, Polarisation Solution Error:   0.000
Iter= 3, Overall Solution Error:        0.001
I flux density:   4.5154
Leakage terms:
 Ant 1:Dx,Dy = ( 0.00152, 0.00128),( 0.00014, 0.00210)
 Ant 2:Dx,Dy = ( 0.00287, 0.00530),(-0.00336, 0.00546)
 Ant 3:Dx,Dy = ( 0.00608,-0.00242),(-0.00819,-0.00335)
 Ant 4:Dx,Dy = ( 0.00512, 0.01631),(-0.00299, 0.01715)
 Ant 5:Dx,Dy = (-0.01741,-0.00148),( 0.01743,-0.00130)
 Ant 6:Dx,Dy = ( 0.00285,-0.01992),(-0.00199,-0.01913)

2018-08-02 05:48:07,265 [MainThread  ] [INFO ]  gpcopy vis=1934-638.5500 out=2245-328.5500

gpcopy: Revision 1.13, 2015/10/29 01:31:39 UTC

Copying leakage table
Copying gain table
Interpolation tolerance set to (minutes): 720.00
Copying bandpass table

2018-08-02 05:50:22,919 [MainThread  ] [INFO ]  pgflag vis=2245-328.5500 command='<b' stokes=i,q,u,v flagpar=8,5,5,3,6,3 options=nodisp

pgflag: Revision 1.30, 2016/10/05 23:06:50 UTC

Applying bandpass corrections to 2245-328.5500
Applying freq. dependent gain corrections to 2245-328.5500
Applying freq. dependent leakage correction to 2245-328.5500
Applying changes to dataset
Counts of correlations within selected channels:
 channel  Originally  Currently
 Good:      65997120   65644920    Changed to bad:     352200
 Bad:        7898016    8250216    Changed to good:         0
 11.2% of the data is now flagged

2018-08-02 05:52:29,681 [MainThread  ] [INFO ]  pgflag vis=2245-328.5500 command='<b' stokes=i,v,q,u flagpar=8,2,2,3,6,3  options=nodisp

pgflag: Revision 1.30, 2016/10/05 23:06:50 UTC

Applying bandpass corrections to 2245-328.5500
Applying freq. dependent gain corrections to 2245-328.5500
Applying freq. dependent leakage correction to 2245-328.5500
Applying changes to dataset
Counts of correlations within selected channels:
 channel  Originally  Currently
 Good:      65644920   65358436    Changed to bad:     286484
 Bad:        8250216    8536700    Changed to good:         0
 11.6% of the data is now flagged

2018-08-02 05:54:45,662 [MainThread  ] [INFO ]  pgflag vis=2245-328.5500 command='<b' stokes=i,v,u,q flagpar=8,2,2,3,6,3  options=nodisp

pgflag: Revision 1.30, 2016/10/05 23:06:50 UTC

Applying bandpass corrections to 2245-328.5500
Applying freq. dependent gain corrections to 2245-328.5500
Applying freq. dependent leakage correction to 2245-328.5500
Applying changes to dataset
Counts of correlations within selected channels:
 channel  Originally  Currently
 Good:      65358436   65048564    Changed to bad:     309872
 Bad:        8536700    8846572    Changed to good:         0
 12.0% of the data is now flagged

2018-08-02 05:54:49,223 [MainThread  ] [INFO ]  gpcal vis=2245-328.5500 refant=4 interval=0.1 nfbin=2 options=xyvary,qusolve

gpcal: Revision 1.22, 2016/05/01 22:31:05 UTC

Applying bandpass corrections to 2245-328.5500
Number of antennae: 6
Using leakage parameters from input as initial guess
Reading the data ...
Number of solution intervals: 601
Total visibilities read: 9016
Number visibilities accepted: 9010
Iter= 1, Amplit/Phase Solution Error:   1.339
Iter= 1, Polarisation Solution Error:   0.006
Iter= 1, Overall Solution Error:        2.395
Iter= 2, Amplit/Phase Solution Error:   0.006
Iter= 2, Polarisation Solution Error:   0.000
Iter= 2, Overall Solution Error:        0.006
Iter= 3, Amplit/Phase Solution Error:   0.001
Iter= 3, Polarisation Solution Error:   0.000
Iter= 3, Overall Solution Error:        0.001
I flux density:   0.5787
Percent Q:  -0.569
Percent U:   0.032
Leakage terms:
 Ant 1:Dx,Dy = ( 0.00087, 0.00166),(-0.00003, 0.00253)
 Ant 2:Dx,Dy = ( 0.00321, 0.00594),(-0.00373, 0.00640)
 Ant 3:Dx,Dy = ( 0.00549,-0.00242),(-0.00917,-0.00262)
 Ant 4:Dx,Dy = ( 0.00481, 0.01701),(-0.00313, 0.01825)
 Ant 5:Dx,Dy = (-0.01786,-0.00213),( 0.01663,-0.00172)
 Ant 6:Dx,Dy = ( 0.00204,-0.02200),(-0.00200,-0.02090)
Solution for freq bin  1
Iter= 1, Amplit/Phase Solution Error:   1.059
Iter= 1, Polarisation Solution Error:   0.005
Iter= 1, Overall Solution Error:        2.382
Iter= 2, Amplit/Phase Solution Error:   0.006
Iter= 2, Polarisation Solution Error:   0.000
Iter= 2, Overall Solution Error:        0.006
Iter= 3, Amplit/Phase Solution Error:   0.001
Iter= 3, Polarisation Solution Error:   0.000
Iter= 3, Overall Solution Error:        0.001
I flux density:   0.5642
Percent Q:  -0.543
Percent U:   0.158
Leakage terms:
 Ant 1:Dx,Dy = ( 0.00083, 0.00211),(-0.00028, 0.00291)
 Ant 2:Dx,Dy = ( 0.00384, 0.00689),(-0.00423, 0.00725)
 Ant 3:Dx,Dy = ( 0.00484,-0.00265),(-0.01013,-0.00195)
 Ant 4:Dx,Dy = ( 0.00419, 0.01786),(-0.00343, 0.01909)
 Ant 5:Dx,Dy = (-0.01854,-0.00291),( 0.01602,-0.00241)
 Ant 6:Dx,Dy = ( 0.00125,-0.02372),(-0.00153,-0.02245)
Solution for freq bin  2
Iter= 1, Amplit/Phase Solution Error:   1.327
Iter= 1, Polarisation Solution Error:   0.006
Iter= 1, Overall Solution Error:        2.362
Iter= 2, Amplit/Phase Solution Error:   0.006
Iter= 2, Polarisation Solution Error:   0.000
Iter= 2, Overall Solution Error:        0.006
Iter= 3, Amplit/Phase Solution Error:   0.001
Iter= 3, Polarisation Solution Error:   0.000
Iter= 3, Overall Solution Error:        0.001
I flux density:   0.5987
Percent Q:  -0.595
Percent U:  -0.086
Leakage terms:
 Ant 1:Dx,Dy = ( 0.00100, 0.00128),( 0.00026, 0.00226)
 Ant 2:Dx,Dy = ( 0.00277, 0.00500),(-0.00314, 0.00571)
 Ant 3:Dx,Dy = ( 0.00610,-0.00219),(-0.00828,-0.00327)
 Ant 4:Dx,Dy = ( 0.00527, 0.01615),(-0.00293, 0.01739)
 Ant 5:Dx,Dy = (-0.01710,-0.00145),( 0.01731,-0.00113)
 Ant 6:Dx,Dy = ( 0.00282,-0.02037),(-0.00237,-0.01940)

2018-08-02 05:56:57,014 [MainThread  ] [INFO ]  pgflag vis=2245-328.5500 command='<b' stokes=i,q,u,v flagpar=8,5,5,3,6,3 options=nodisp

pgflag: Revision 1.30, 2016/10/05 23:06:50 UTC

Applying bandpass corrections to 2245-328.5500
Applying freq. dependent gain corrections to 2245-328.5500
Applying freq. dependent leakage correction to 2245-328.5500
Applying changes to dataset
Counts of correlations within selected channels:
 channel  Originally  Currently
 Good:      65048564   64783332    Changed to bad:     265232
 Bad:        8846572    9111804    Changed to good:         0
 12.3% of the data is now flagged

2018-08-02 05:59:14,305 [MainThread  ] [INFO ]  pgflag vis=2245-328.5500 command='<b' stokes=i,v,q,u flagpar=8,2,2,3,6,3  options=nodisp

pgflag: Revision 1.30, 2016/10/05 23:06:50 UTC

Applying bandpass corrections to 2245-328.5500
Applying freq. dependent gain corrections to 2245-328.5500
Applying freq. dependent leakage correction to 2245-328.5500
Applying changes to dataset
Counts of correlations within selected channels:
 channel  Originally  Currently
 Good:      64783332   64539996    Changed to bad:     243336
 Bad:        9111804    9355140    Changed to good:         0
 12.7% of the data is now flagged

2018-08-02 06:01:39,995 [MainThread  ] [INFO ]  pgflag vis=2245-328.5500 command='<b' stokes=i,v,u,q flagpar=8,2,2,3,6,3  options=nodisp

pgflag: Revision 1.30, 2016/10/05 23:06:50 UTC

Applying bandpass corrections to 2245-328.5500
Applying freq. dependent gain corrections to 2245-328.5500
Applying freq. dependent leakage correction to 2245-328.5500
Applying changes to dataset
Counts of correlations within selected channels:
 channel  Originally  Currently
 Good:      64539996   64305904    Changed to bad:     234092
 Bad:        9355140    9589232    Changed to good:         0
 13.0% of the data is now flagged

2018-08-02 06:01:44,102 [MainThread  ] [INFO ]  gpcal vis=2245-328.5500 refant=4 interval=0.1 nfbin=2 options=xyvary,qusolve

gpcal: Revision 1.22, 2016/05/01 22:31:05 UTC

Applying bandpass corrections to 2245-328.5500
Number of antennae: 6
Using leakage parameters from input as initial guess
Reading the data ...
Number of solution intervals: 601
Total visibilities read: 9016
Number visibilities accepted: 9010
Iter= 1, Amplit/Phase Solution Error:   1.310
Iter= 1, Polarisation Solution Error:   0.006
Iter= 1, Overall Solution Error:        2.394
Iter= 2, Amplit/Phase Solution Error:   0.006
Iter= 2, Polarisation Solution Error:   0.000
Iter= 2, Overall Solution Error:        0.006
Iter= 3, Amplit/Phase Solution Error:   0.001
Iter= 3, Polarisation Solution Error:   0.000
Iter= 3, Overall Solution Error:        0.001
I flux density:   0.5793
Percent Q:  -0.570
Percent U:   0.029
Leakage terms:
 Ant 1:Dx,Dy = ( 0.00087, 0.00166),(-0.00001, 0.00254)
 Ant 2:Dx,Dy = ( 0.00321, 0.00595),(-0.00370, 0.00638)
 Ant 3:Dx,Dy = ( 0.00552,-0.00242),(-0.00918,-0.00259)
 Ant 4:Dx,Dy = ( 0.00481, 0.01700),(-0.00310, 0.01825)
 Ant 5:Dx,Dy = (-0.01783,-0.00216),( 0.01664,-0.00173)
 Ant 6:Dx,Dy = ( 0.00204,-0.02200),(-0.00202,-0.02089)
Solution for freq bin  1
Iter= 1, Amplit/Phase Solution Error:   1.073
Iter= 1, Polarisation Solution Error:   0.005
Iter= 1, Overall Solution Error:        2.381
Iter= 2, Amplit/Phase Solution Error:   0.006
Iter= 2, Polarisation Solution Error:   0.000
Iter= 2, Overall Solution Error:        0.005
Iter= 3, Amplit/Phase Solution Error:   0.001
Iter= 3, Polarisation Solution Error:   0.000
Iter= 3, Overall Solution Error:        0.001
I flux density:   0.5648
Percent Q:  -0.543
Percent U:   0.159
Leakage terms:
 Ant 1:Dx,Dy = ( 0.00082, 0.00209),(-0.00025, 0.00294)
 Ant 2:Dx,Dy = ( 0.00381, 0.00692),(-0.00420, 0.00722)
 Ant 3:Dx,Dy = ( 0.00491,-0.00264),(-0.01014,-0.00192)
 Ant 4:Dx,Dy = ( 0.00417, 0.01784),(-0.00340, 0.01910)
 Ant 5:Dx,Dy = (-0.01854,-0.00296),( 0.01598,-0.00244)
 Ant 6:Dx,Dy = ( 0.00128,-0.02372),(-0.00154,-0.02243)
Solution for freq bin  2
Iter= 1, Amplit/Phase Solution Error:   1.335
Iter= 1, Polarisation Solution Error:   0.006
Iter= 1, Overall Solution Error:        2.367
Iter= 2, Amplit/Phase Solution Error:   0.006
Iter= 2, Polarisation Solution Error:   0.000
Iter= 2, Overall Solution Error:        0.006
Iter= 3, Amplit/Phase Solution Error:   0.001
Iter= 3, Polarisation Solution Error:   0.000
Iter= 3, Overall Solution Error:        0.001
I flux density:   0.5992
Percent Q:  -0.596
Percent U:  -0.088
Leakage terms:
 Ant 1:Dx,Dy = ( 0.00099, 0.00130),( 0.00026, 0.00227)
 Ant 2:Dx,Dy = ( 0.00278, 0.00501),(-0.00312, 0.00570)
 Ant 3:Dx,Dy = ( 0.00609,-0.00219),(-0.00830,-0.00324)
 Ant 4:Dx,Dy = ( 0.00527, 0.01615),(-0.00292, 0.01741)
 Ant 5:Dx,Dy = (-0.01706,-0.00148),( 0.01733,-0.00114)
 Ant 6:Dx,Dy = ( 0.00280,-0.02039),(-0.00240,-0.01940)

2018-08-02 06:01:44,134 [MainThread  ] [INFO ]  gpboot vis=2245-328.5500 cal=1934-638.5500

gpboot: Revision 1.9, 2015/10/29 01:31:30 UTC

Secondary flux density scaled by:   0.998
Frequency bin  1 scaled by      :   0.998
Frequency bin  2 scaled by      :   1.002

2018-08-02 06:02:57,894 [MainThread  ] [INFO ]  gpcopy vis=2245-328.5500 out=d.5500

gpcopy: Revision 1.13, 2015/10/29 01:31:39 UTC

Copying leakage table
Copying gain table
Interpolation tolerance set to (minutes): 720.00
Copying bandpass table

2018-08-02 06:16:01,088 [MainThread  ] [INFO ]  pgflag vis=d.5500 command='<b' stokes=i,v,q,u flagpar=8,2,2,3,6,3  options=nodisp

pgflag: Revision 1.30, 2016/10/05 23:06:50 UTC

Applying bandpass corrections to d.5500
Applying freq. dependent gain corrections to d.5500
Applying freq. dependent leakage correction to d.5500
Applying changes to dataset
Counts of correlations within selected channels:
 channel  Originally  Currently
 Good:     422371320  411130988    Changed to bad:   11240332
 Bad:       50546076   61786408    Changed to good:         0
 13.1% of the data is now flagged

2018-08-02 06:31:12,607 [MainThread  ] [INFO ]  pgflag vis=d.5500 command='<b' stokes=i,v,u,q flagpar=8,2,2,3,6,3  options=nodisp

pgflag: Revision 1.30, 2016/10/05 23:06:50 UTC

Applying bandpass corrections to d.5500
Applying freq. dependent gain corrections to d.5500
Applying freq. dependent leakage correction to d.5500
Applying changes to dataset
Counts of correlations within selected channels:
 channel  Originally  Currently
 Good:     411130988  403344524    Changed to bad:    7786464
 Bad:       61786408   69572872    Changed to good:         0
 14.7% of the data is now flagged

2018-08-02 06:33:07,970 [MainThread  ] [INFO ]  uvsplit vis=d.5500

uvsplit: Revision 1.18, 2016/05/09 03:06:18 UTC

Creating d_41.5500
Creating d_42.5500
Creating d_43.5500
Creating d_44.5500
Creating d_45.5500
Creating d_46.5500
Creating d_47.5500
Creating d_48.5500
Creating d_49.5500
Creating d_50.5500
Creating d_51.5500
Creating d_52.5500
Creating d_53.5500
Creating d_54.5500
Creating d_55.5500
Creating d_56.5500
Creating d_57.5500
Creating d_58.5500
Creating d_59.5500
Creating d_60.5500
Creating d_61.5500
Creating d_62.5500
Creating d_63.5500
Creating d_64.5500
Creating d_65.5500
Creating d_66.5500
Creating d_67.5500
Creating d_68.5500
Creating d_69.5500
Creating d_70.5500
Creating d_71.5500
Creating d_72.5500
Creating d_73.5500
Creating d_74.5500
Creating d_75.5500
Creating d_76.5500
Creating d_77.5500
Creating d_78.5500
Creating d_79.5500
Creating d_80.5500
Creating d_81.5500
Creating d_82.5500
Creating d_83.5500
Creating d_84.5500
Creating d_85.5500
Creating d_86.5500
Creating d_87.5500
Creating d_88.5500
Creating d_89.5500
Creating d_90.5500
Creating d_91.5500
Creating d_92.5500
Creating d_93.5500
Creating d_94.5500
Creating d_95.5500
Creating d_96.5500
Creating d_97.5500
Creating d_98.5500
Creating d_99.5500
Creating d_100.5500
Creating d_101.5500
Creating d_102.5500
Creating d_103.5500
Creating d_104.5500
Creating d_105.5500
Creating d_106.5500
Creating d_107.5500
Creating d_108.5500
Creating d_109.5500
Creating d_110.5500
Creating d_111.5500
Creating d_112.5500
Creating d_113.5500
Creating d_114.5500
Creating d_115.5500
Creating d_116.5500
Creating d_117.5500
Creating d_118.5500
Creating d_119.5500
Creating d_120.5500
Creating d_121.5500
Creating d_122.5500
Creating d_123.5500
Creating d_124.5500
Creating d_125.5500
Creating d_126.5500
Creating d_127.5500
Creating d_128.5500
Creating d_129.5500
Creating d_130.5500
Creating d_131.5500
Creating d_132.5500
Creating d_133.5500
Creating d_134.5500
Creating d_135.5500
Creating d_136.5500
Creating d_137.5500
Creating d_138.5500
Creating d_139.5500
Creating d_140.5500
Creating d_141.5500
Creating d_142.5500
Creating d_143.5500
Creating d_144.5500
Creating d_145.5500
Creating d_146.5500
Creating d_147.5500
Creating d_148.5500
Creating d_149.5500
Creating d_150.5500
Creating d_151.5500
Creating d_152.5500
Creating d_153.5500
Creating d_154.5500
Creating d_155.5500
Creating d_156.5500
Creating d_157.5500
Creating d_158.5500
Creating d_159.5500
Creating d_160.5500
Creating d_161.5500
Creating d_162.5500
Creating d_163.5500
Creating d_164.5500
Creating d_165.5500
Creating d_166.5500
Creating d_167.5500
Creating d_168.5500
Creating d_169.5500
Creating d_170.5500
Creating d_171.5500
Creating d_172.5500
Creating d_173.5500
Creating d_174.5500
Creating d_175.5500
Creating d_176.5500
Creating d_177.5500
Creating d_178.5500
Creating d_179.5500
Creating d_180.5500
Creating d_1.5500
Creating d_2.5500
Creating d_3.5500
Creating d_4.5500
Creating d_5.5500
Creating d_6.5500
Creating d_7.5500
Creating d_8.5500
Creating d_9.5500
Creating d_10.5500
Creating d_11.5500
Creating d_12.5500
Creating d_13.5500
Creating d_14.5500
Creating d_15.5500
Creating d_16.5500
Creating d_17.5500
Creating d_18.5500
Creating d_19.5500
Creating d_20.5500
Creating d_21.5500
Creating d_22.5500
Creating d_23.5500
Creating d_24.5500
Creating d_25.5500
Creating d_26.5500
Creating d_27.5500
Creating d_28.5500
Creating d_29.5500
Creating d_30.5500
Creating d_31.5500
Creating d_32.5500
Creating d_33.5500
Creating d_34.5500
Creating d_35.5500
Creating d_36.5500
Creating d_37.5500
Creating d_38.5500
Creating d_39.5500
Creating d_40.5500

