2018-11-13 02:59:42,504 [MainThread  ] [INFO ]  atlod in=raw/2018-05-13_1529.C3132,raw/2018-05-13_1817.C3132,raw/2018-05-13_2104.C3132,raw/2018-05-13_2350.C3132,raw/2018-05-14_0237.C3132 out=data5.uv ifsel=1 options=birdie,rfiflag,noauto,xycorr

atlod: Revision 1.53, 2016/08/25 23:02:21 UTC

Processing file raw/2018-05-13_1529.C3132
 15:27:44 CAOBS> cain cycle 8
 15:27:53 CAOBS> set file c3132_cal
 15:27:57 CAOBS> -track 1
 15:28:12 CAOBS> focus default
 15:29:09 CAOBS> stop
 15:29:23 CAOBS> track 1
CABB data detected
Scan 1 started at 18MAY13:15:31:16.0
Source: 1934-638
Flagging channels in  28 frequency ranges
 15:29:30 CAOBS> focus default
 15:31:03 CAOBS> focus default
 15:35:15 CAOBS> corr dcal
 15:36:07 CAOBS> corr pcal
 15:37:59 CAOBS> corr acal
 15:49:08 CAOBS> stop
 15:50:26 CAOBS> set file c3132_obs_c2
 15:50:33 CAOBS> start 1/99
Scan 2 started at 18MAY13:15:52:28.0
Source: 2312-319
Scan 3 started at 18MAY13:15:55:16.0
Source: c_181
Source: c_182
Source: c_183
Source: c_184
Source: c_185
Source: c_186
Source: c_187
Source: c_188
Source: c_189
Source: c_190
Source: c_191
Source: c_192
Source: c_193
Source: c_194
Source: c_195
Source: c_196
Source: c_197
Source: c_198
Source: c_199
Source: c_200
Scan 4 started at 18MAY13:16:08:52.0
Source: 2312-319
Scan 5 started at 18MAY13:16:11:34.5
Source: c_201
Source: c_202
Source: c_203
Source: c_204
Source: c_205
Source: c_206
Source: c_207
Source: c_208
Source: c_209
Source: c_210
Source: c_211
Source: c_212
Source: c_213
Source: c_214
Source: c_215
Source: c_216
Source: c_217
Source: c_218
Source: c_219
Source: c_220
Scan 6 started at 18MAY13:16:25:16.0
Source: 2312-319
Scan 7 started at 18MAY13:16:27:58.8
Source: c_221
Source: c_222
Source: c_223
Source: c_224
Source: c_225
Source: c_226
Source: c_227
Source: c_228
Source: c_229
Source: c_230
Source: c_231
Source: c_232
Source: c_233
Source: c_234
Source: c_235
Source: c_236
Source: c_237
Source: c_238
Source: c_239
Source: c_240
Scan 8 started at 18MAY13:16:41:40.0
Source: 2312-319
Scan 9 started at 18MAY13:16:44:28.0
Source: c_241
Source: c_242
Source: c_243
Source: c_244
Source: c_245
Source: c_246
Source: c_247
Source: c_248
Source: c_249
Source: c_250
Source: c_251
Source: c_252
Source: c_253
Source: c_254
Source: c_255
Source: c_256
Source: c_257
Source: c_258
Source: c_259
Source: c_260
Scan 10 started at 18MAY13:16:58:04.0
Source: 2312-319
Scan 11 started at 18MAY13:17:00:52.0
Source: c_261
Source: c_262
Source: c_263
Source: c_264
Source: c_265
Source: c_266
Source: c_267
Source: c_268
Source: c_269
Source: c_270
Source: c_271
Source: c_272
Source: c_273
Source: c_274
Source: c_275
Source: c_276
Source: c_277
Source: c_278
Source: c_279
Source: c_280
Scan 12 started at 18MAY13:17:14:28.0
Source: 2312-319
Scan 13 started at 18MAY13:17:17:10.5
Source: c_281
Source: c_282
Source: c_283
Source: c_284
Source: c_285
Source: c_286
Source: c_287
Source: c_288
Source: c_289
Source: c_290
Source: c_291
Source: c_292
Source: c_293
Source: c_294
Source: c_295
Source: c_296
Source: c_297
Source: c_298
Source: c_299
Source: c_300
Scan 14 started at 18MAY13:17:30:52.0
Source: 2312-319
Scan 15 started at 18MAY13:17:33:40.0
Source: c_301
Source: c_302
Source: c_303
Source: c_304
Source: c_305
Source: c_306
Source: c_307
Source: c_308
Source: c_309
Source: c_310
Source: c_311
Source: c_312
Source: c_313
Source: c_314
Source: c_315
Source: c_316
Source: c_317
Source: c_318
Source: c_319
Source: c_320
Scan 16 started at 18MAY13:17:47:16.0
Source: 2312-319
Scan 17 started at 18MAY13:17:50:04.0
Source: c_321
Source: c_322
Source: c_323
Source: c_324
Source: c_325
Source: c_326
Source: c_327
Source: c_328
Source: c_329
Source: c_330
Source: c_331
Source: c_332
Source: c_333
Source: c_334
Source: c_335
Source: c_336
Source: c_337
Source: c_338
Source: c_339
Source: c_340
Scan 18 started at 18MAY13:18:03:40.0
Source: 2312-319
Scan 19 started at 18MAY13:18:06:22.8
Source: c_341
Source: c_342
Source: c_343
Source: c_344
Source: c_345
Source: c_346
Source: c_347
Source: c_348
Source: c_349
Source: c_350
Source: c_351
Source: c_352
Source: c_353
Source: c_354
Source: c_355
Source: c_356
Source: c_357
RPFITS file version is 2.12
---------------------------------------
Total number of spectra selected: 72660

Summary of spectra flagged
Flagging Reason            Fraction
---------------            --------
Antenna off-source/off-line  5.37%
---------------------------------------
Processing file raw/2018-05-13_1817.C3132
CABB data detected
Scan 1 started at 18MAY13:18:17:24.0
Source: c_357
Source: c_358
Source: c_359
Source: c_360
Scan 2 started at 18MAY13:18:20:04.0
Source: 2312-319
Scan 3 started at 18MAY13:18:22:52.0
Source: c_181
Source: c_182
Source: c_183
Source: c_184
Source: c_185
Source: c_186
Source: c_187
Source: c_188
Source: c_189
Source: c_190
Source: c_191
Source: c_192
Source: c_193
Source: c_194
Source: c_195
Source: c_196
Source: c_197
Source: c_198
Source: c_199
Source: c_200
Scan 4 started at 18MAY13:18:36:28.0
Source: 2312-319
Scan 5 started at 18MAY13:18:39:16.0
Source: c_201
Source: c_202
Source: c_203
Source: c_204
Source: c_205
Source: c_206
Source: c_207
Source: c_208
Source: c_209
Source: c_210
Source: c_211
Source: c_212
Source: c_213
Source: c_214
Source: c_215
Source: c_216
Source: c_217
Source: c_218
Source: c_219
Source: c_220
Scan 6 started at 18MAY13:18:52:52.0
Source: 2312-319
Scan 7 started at 18MAY13:18:55:40.0
Source: c_221
Source: c_222
Source: c_223
Source: c_224
Source: c_225
Source: c_226
Source: c_227
Source: c_228
Source: c_229
Source: c_230
Source: c_231
Source: c_232
Source: c_233
Source: c_234
Source: c_235
Source: c_236
Source: c_237
Source: c_238
Source: c_239
Source: c_240
Scan 8 started at 18MAY13:19:09:16.0
Source: 2312-319
Scan 9 started at 18MAY13:19:12:12.0
Source: c_241
Source: c_242
Source: c_243
Source: c_244
Source: c_245
Source: c_246
Source: c_247
Source: c_248
Source: c_249
Source: c_250
Source: c_251
Source: c_252
Source: c_253
Source: c_254
Source: c_255
Source: c_256
Source: c_257
Source: c_258
Source: c_259
Source: c_260
Scan 10 started at 18MAY13:19:25:40.0
Source: 2312-319
Scan 11 started at 18MAY13:19:28:28.0
Source: c_261
Source: c_262
Source: c_263
Source: c_264
Source: c_265
Source: c_266
Source: c_267
Source: c_268
Source: c_269
Source: c_270
Source: c_271
Source: c_272
Source: c_273
Source: c_274
Source: c_275
Source: c_276
Source: c_277
Source: c_278
Source: c_279
Source: c_280
Scan 12 started at 18MAY13:19:42:04.0
Source: 2312-319
Scan 13 started at 18MAY13:19:44:46.5
Source: c_281
Source: c_282
Source: c_283
Source: c_284
Source: c_285
Source: c_286
Source: c_287
Source: c_288
Source: c_289
Source: c_290
Source: c_291
Source: c_292
Source: c_293
Source: c_294
Source: c_295
Source: c_296
Source: c_297
Source: c_298
Source: c_299
Source: c_300
Scan 14 started at 18MAY13:19:58:28.0
Source: 2312-319
Scan 15 started at 18MAY13:20:01:24.0
Source: c_301
Source: c_302
Source: c_303
Source: c_304
Source: c_305
Source: c_306
Source: c_307
Source: c_308
Source: c_309
Source: c_310
Source: c_311
Source: c_312
Source: c_313
Source: c_314
Source: c_315
Source: c_316
Source: c_317
Source: c_318
Source: c_319
Source: c_320
Scan 16 started at 18MAY13:20:14:52.0
Source: 2312-319
Scan 17 started at 18MAY13:20:17:48.0
Source: c_321
Source: c_322
Source: c_323
Source: c_324
Source: c_325
Source: c_326
Source: c_327
Source: c_328
Source: c_329
Source: c_330
Source: c_331
Source: c_332
Source: c_333
Source: c_334
Source: c_335
Source: c_336
Source: c_337
Source: c_338
Source: c_339
Source: c_340
Scan 18 started at 18MAY13:20:31:16.0
Source: 2312-319
Scan 19 started at 18MAY13:20:34:12.0
Source: c_341
Source: c_342
Source: c_343
Source: c_344
Source: c_345
Source: c_346
Source: c_347
Source: c_348
Source: c_349
Source: c_350
Source: c_351
Source: c_352
Source: c_353
Source: c_354
Source: c_355
Source: c_356
Source: c_357
Source: c_358
Source: c_359
Source: c_360
Scan 20 started at 18MAY13:20:47:40.0
Source: 2312-319
Scan 21 started at 18MAY13:20:50:52.0
Source: c_181
Source: c_182
Source: c_183
Source: c_184
Source: c_185
Source: c_186
Source: c_187
Source: c_188
Source: c_189
Source: c_190
Source: c_191
Source: c_192
Source: c_193
Source: c_194
Source: c_195
Source: c_196
Source: c_197
Source: c_198
Source: c_199
Source: c_200
Scan 22 started at 18MAY13:21:04:04.0
Source: 2312-319
RPFITS file version is 2.12
---------------------------------------
Total number of spectra selected: 72660

Summary of spectra flagged
Flagging Reason            Fraction
---------------            --------
Antenna off-source/off-line  4.76%
---------------------------------------
Processing file raw/2018-05-13_2104.C3132
CABB data detected
Scan 1 started at 18MAY13:21:04:28.0
Source: 2312-319
Scan 2 started at 18MAY13:21:07:08.0
Source: c_201
Source: c_202
Source: c_203
Source: c_204
Source: c_205
Source: c_206
Source: c_207
Source: c_208
Source: c_209
Source: c_210
Source: c_211
Source: c_212
Source: c_213
Source: c_214
Source: c_215
Source: c_216
Source: c_217
Source: c_218
Source: c_219
Source: c_220
Scan 3 started at 18MAY13:21:20:52.0
Source: 2312-319
Scan 4 started at 18MAY13:21:25:34.0
Source: c_222
Source: c_223
Source: c_224
Source: c_225
Source: c_226
Source: c_228
Source: c_236
Source: c_237
Source: c_238
Source: c_239
Source: c_240
Scan 5 started at 18MAY13:21:42:04.0
Source: 2312-319
Scan 6 started at 18MAY13:21:48:20.0
Source: c_242
Source: c_243
Source: c_244
Source: c_245
Source: c_246
Source: c_247
Source: c_248
Source: c_249
Source: c_250
Source: c_251
Source: c_252
Source: c_253
Source: c_254
Source: c_255
Source: c_256
Source: c_257
Source: c_258
Source: c_259
Source: c_260
Scan 7 started at 18MAY13:22:01:40.0
Source: 2312-319
Scan 8 started at 18MAY13:22:04:44.0
Source: c_261
Source: c_262
Source: c_263
Source: c_264
Source: c_265
Source: c_266
Source: c_267
Source: c_268
Source: c_269
Source: c_270
Source: c_271
Source: c_272
Source: c_273
Source: c_274
Source: c_275
Source: c_276
Source: c_277
Source: c_278
Source: c_279
Source: c_280
Scan 9 started at 18MAY13:22:18:04.0
Source: 2312-319
Scan 10 started at 18MAY13:22:20:54.5
Source: c_281
Source: c_282
Source: c_283
Source: c_284
Source: c_285
Source: c_286
Source: c_287
Source: c_288
Source: c_289
Source: c_290
Source: c_291
Source: c_292
Source: c_293
Source: c_294
Source: c_295
Source: c_296
Source: c_297
Source: c_298
Source: c_299
Source: c_300
Scan 11 started at 18MAY13:22:34:36.0
Source: 2312-319
Scan 12 started at 18MAY13:22:37:32.0
Source: c_301
Source: c_302
Source: c_303
Source: c_304
Source: c_305
Source: c_306
Source: c_307
Source: c_308
Source: c_309
Source: c_310
Source: c_311
Source: c_312
Source: c_313
Source: c_314
Source: c_315
Source: c_316
Source: c_317
Source: c_318
Source: c_319
Source: c_320
Scan 13 started at 18MAY13:22:51:00.0
Source: 2312-319
Scan 14 started at 18MAY13:22:53:56.0
Source: c_321
Source: c_322
Source: c_323
Source: c_324
Source: c_325
Source: c_326
Source: c_327
Source: c_328
Source: c_329
Source: c_330
Source: c_331
Source: c_332
Source: c_333
Source: c_334
Source: c_335
Source: c_336
Source: c_337
Source: c_338
Source: c_339
Source: c_340
Scan 15 started at 18MAY13:23:07:24.0
Source: 2312-319
Scan 16 started at 18MAY13:23:10:20.0
Source: c_341
Source: c_342
Source: c_343
Source: c_344
Source: c_345
Source: c_346
Source: c_347
Source: c_348
Source: c_349
Source: c_350
Source: c_351
Source: c_352
Source: c_353
Source: c_354
Source: c_355
Source: c_356
Source: c_357
Source: c_358
Source: c_359
Source: c_360
Scan 17 started at 18MAY13:23:23:56.0
Source: 2312-319
Scan 18 started at 18MAY13:23:26:52.0
Source: c_181
Source: c_182
Source: c_183
Source: c_184
Source: c_185
Source: c_186
Source: c_187
Source: c_188
Source: c_189
Source: c_190
Source: c_191
Source: c_192
Source: c_193
Source: c_194
Source: c_195
Source: c_196
Source: c_197
Source: c_198
Source: c_199
Source: c_200
Scan 19 started at 18MAY13:23:40:20.0
Source: 2312-319
Scan 20 started at 18MAY13:23:43:08.0
Source: c_201
Source: c_202
Source: c_203
Source: c_204
Source: c_205
Source: c_206
Source: c_207
Source: c_208
Source: c_209
Source: c_210
Source: c_211
Source: c_212
RPFITS file version is 2.12
---------------------------------------
Total number of spectra selected: 72660

Summary of spectra flagged
Flagging Reason            Fraction
---------------            --------
Antenna off-source/off-line  16.2%
---------------------------------------
Processing file raw/2018-05-13_2350.C3132
CABB data detected
Scan 1 started at 18MAY13:23:51:01.8
Source: c_213
Source: c_214
Source: c_215
Source: c_216
Source: c_217
Source: c_218
Source: c_219
Source: c_220
Scan 2 started at 18MAY13:23:56:44.0
Source: 2312-319
Scan 3 started at 18MAY13:23:59:32.0
Source: c_221
Source: c_222
Source: c_223
Source: c_224
Source: c_225
Source: c_226
Source: c_227
Source: c_228
Source: c_229
Source: c_230
Source: c_231
Source: c_232
Source: c_233
Source: c_234
Source: c_235
Source: c_236
Source: c_237
Source: c_238
Source: c_239
Source: c_240
Scan 4 started at 18MAY14:00:13:08.0
Source: 2312-319
Scan 5 started at 18MAY14:00:16:12.0
Source: c_241
Source: c_242
Source: c_243
Source: c_244
Source: c_245
Source: c_246
Source: c_247
Source: c_248
Source: c_249
Source: c_250
Source: c_251
Source: c_252
Source: c_253
Source: c_254
Source: c_255
Source: c_256
Source: c_257
Source: c_258
Source: c_259
Source: c_260
Scan 6 started at 18MAY14:00:29:40.0
Source: 2312-319
Scan 7 started at 18MAY14:00:32:28.0
Source: c_261
Source: c_262
Source: c_263
Source: c_264
Source: c_265
Source: c_266
Source: c_267
Source: c_268
Source: c_269
Source: c_270
Source: c_271
Source: c_272
Source: c_273
Source: c_274
Source: c_275
Source: c_276
Source: c_277
Source: c_278
Source: c_279
Source: c_280
Scan 8 started at 18MAY14:00:46:04.0
Source: 2312-319
Scan 9 started at 18MAY14:00:48:46.5
Source: c_281
Source: c_282
Source: c_283
Source: c_284
Source: c_285
Source: c_286
Source: c_287
Source: c_288
Source: c_289
Source: c_290
Source: c_291
Source: c_292
Source: c_293
Source: c_294
Source: c_295
Source: c_296
Source: c_297
Source: c_298
Source: c_299
Source: c_300
Scan 10 started at 18MAY14:01:02:28.0
Source: 2312-319
Scan 11 started at 18MAY14:01:05:16.0
Source: c_301
Source: c_302
Source: c_303
Source: c_304
Source: c_305
Source: c_306
Source: c_307
Source: c_308
Source: c_309
Source: c_310
Source: c_311
Source: c_312
Source: c_313
Source: c_314
Source: c_315
Source: c_316
Source: c_317
Source: c_318
Source: c_319
Source: c_320
Scan 12 started at 18MAY14:01:18:52.0
Source: 2312-319
Scan 13 started at 18MAY14:01:21:40.0
Source: c_321
Source: c_322
Source: c_323
Source: c_324
Source: c_325
Source: c_326
Source: c_327
Source: c_328
Source: c_329
Source: c_330
Source: c_331
Source: c_332
Source: c_333
Source: c_334
Source: c_335
Source: c_336
Source: c_337
Source: c_338
Source: c_339
Source: c_340
Scan 14 started at 18MAY14:01:35:16.0
Source: 2312-319
Scan 15 started at 18MAY14:01:38:04.0
Source: c_341
Source: c_342
Source: c_343
Source: c_344
Source: c_345
Source: c_346
Source: c_347
Source: c_348
Source: c_349
Source: c_350
Source: c_351
Source: c_352
Source: c_353
Source: c_354
Source: c_355
Source: c_356
Source: c_357
Source: c_358
Source: c_359
Source: c_360
Scan 16 started at 18MAY14:01:51:40.0
Source: 2312-319
Scan 17 started at 18MAY14:01:54:28.0
Source: c_181
Source: c_182
Source: c_183
Source: c_184
Source: c_185
Source: c_186
Source: c_187
Source: c_188
Source: c_189
Source: c_190
Source: c_191
Source: c_192
Source: c_193
Source: c_194
Source: c_195
Source: c_196
Source: c_197
Source: c_198
Source: c_199
Source: c_200
Scan 18 started at 18MAY14:02:08:04.0
Source: 2312-319
Scan 19 started at 18MAY14:02:10:46.8
Source: c_201
Source: c_202
Source: c_203
Source: c_204
Source: c_205
Source: c_206
Source: c_207
Source: c_208
Source: c_209
Source: c_210
Source: c_211
Source: c_212
Source: c_213
Source: c_214
Source: c_215
Source: c_216
Source: c_217
Source: c_218
Source: c_219
Source: c_220
Scan 20 started at 18MAY14:02:24:28.0
Source: 2312-319
Scan 21 started at 18MAY14:02:27:10.8
Source: c_221
Source: c_222
Source: c_223
Source: c_224
Source: c_225
Source: c_226
Source: c_227
Source: c_228
Source: c_229
Source: c_230
Source: c_231
Source: c_232
Source: c_233
Source: c_234
Source: c_235
Source: c_236
RPFITS file version is 2.12
---------------------------------------
Total number of spectra selected: 72660

Summary of spectra flagged
Flagging Reason            Fraction
---------------            --------
Antenna off-source/off-line  4.05%
---------------------------------------
Processing file raw/2018-05-14_0237.C3132
CABB data detected
Scan 1 started at 18MAY14:02:37:49.5
Source: c_237
Source: c_238
Source: c_239
Source: c_240
Scan 2 started at 18MAY14:02:40:52.0
Source: 2312-319
Scan 3 started at 18MAY14:02:43:40.0
Source: c_241
Source: c_242
Source: c_243
Source: c_244
Source: c_245
Source: c_246
Source: c_247
Source: c_248
Source: c_249
Source: c_250
Source: c_251
Source: c_252
Source: c_253
Source: c_254
Source: c_255
Source: c_256
Source: c_257
Source: c_258
Source: c_259
Source: c_260
Scan 4 started at 18MAY14:02:57:16.0
Source: 2312-319
Scan 5 started at 18MAY14:03:00:04.0
Source: c_261
Source: c_262
Source: c_263
Source: c_264
Source: c_265
Source: c_266
Source: c_267
Source: c_268
Source: c_269
Source: c_270
Source: c_271
Source: c_272
Source: c_273
Source: c_274
Source: c_275
Source: c_276
Source: c_277
Source: c_278
Source: c_279
Source: c_280
Scan 6 started at 18MAY14:03:13:40.0
Source: 2312-319
Scan 7 started at 18MAY14:03:16:22.5
Source: c_281
Source: c_282
Source: c_283
Source: c_284
Source: c_285
Source: c_286
Source: c_287
Source: c_288
Source: c_289
Source: c_290
Source: c_291
Source: c_292
Source: c_293
Source: c_294
Source: c_295
Source: c_296
Source: c_297
Source: c_298
Source: c_299
Source: c_300
Scan 8 started at 18MAY14:03:30:04.0
Source: 2312-319
 03:32:08 CAOBS> stop
 03:32:11 CAOBS> corr closef
RPFITS file version is 2.12
---------------------------------------
Total number of spectra selected: 23580

Summary of spectra flagged
Flagging Reason            Fraction
---------------            --------
Antenna off-source/off-line  3.82%
---------------------------------------

No CACAL data was detected

2018-11-13 03:00:02,262 [MainThread  ] [INFO ]  uvflag vis=data5.uv line=chan,6,1146,1 flagval=flag

uvflag: Revision 1.8, 2014/09/30 14:23:39 UTC


Set flags to indicate bad data in visibility file data5.uv
Linetype channel; select    6 channels; start 1146, width    1, step    1

Overview of flagging on visibility file data5.uv
Changed flags set to FALSE (data flagged as bad)
Total number of records selected: 291236; out of 291236 records
Antennas used: 1-6
Counts of correlations within selected channels
channel   Originally    Currently
Good:          873708.           0.    Changed to bad:      873708.
Bad:           873708.     1747416.

2018-11-13 03:00:17,419 [MainThread  ] [INFO ]  uvflag vis=data5.uv line=chan,30,1454,1 flagval=flag

uvflag: Revision 1.8, 2014/09/30 14:23:39 UTC


Set flags to indicate bad data in visibility file data5.uv
Linetype channel; select   30 channels; start 1454, width    1, step    1

Overview of flagging on visibility file data5.uv
Changed flags set to FALSE (data flagged as bad)
Total number of records selected: 291236; out of 291236 records
Antennas used: 1-6
Counts of correlations within selected channels
channel   Originally    Currently
Good:         8737080.           0.    Changed to bad:     8737080.
Bad:                0.     8737080.

2018-11-13 03:00:32,634 [MainThread  ] [INFO ]  uvflag vis=data5.uv line=chan,40,1964,1 flagval=flag

uvflag: Revision 1.8, 2014/09/30 14:23:39 UTC


Set flags to indicate bad data in visibility file data5.uv
Linetype channel; select   40 channels; start 1964, width    1, step    1

Overview of flagging on visibility file data5.uv
Changed flags set to FALSE (data flagged as bad)
Total number of records selected: 291236; out of 291236 records
Antennas used: 1-6
Counts of correlations within selected channels
channel   Originally    Currently
Good:               0.           0.    Changed to bad:           0.
Bad:         11649440.    11649440.

2018-11-13 03:00:45,969 [MainThread  ] [INFO ]  uvflag vis=data5.uv select=time(13:00:00,15:40:00) flagval=flag

uvflag: Revision 1.8, 2014/09/30 14:23:39 UTC


Set flags to indicate bad data in visibility file data5.uv
All line channels and all wideband channels selected

Overview of flagging on visibility file data5.uv
Changed flags set to FALSE (data flagged as bad)
Total number of records selected: 3960; out of 291236 records
Antennas used: 1-6
Counts of correlations within selected channels
channel   Originally    Currently
Good:         7116120.           0.    Changed to bad:     7116120.
Bad:           997920.     8114040.
wide      Originally    Currently
Good:               0.           0.    Changed to bad:           0.
Bad:                0.           0.

2018-11-13 03:01:38,149 [MainThread  ] [INFO ]  uvsplit vis=data5.uv options=mosaic

uvsplit: Revision 1.18, 2016/05/09 03:06:18 UTC

Creating 1934-638.5500
Creating 2312-319.5500
Creating c.5500

2018-11-13 03:01:57,344 [MainThread  ] [INFO ]  pgflag vis=1934-638.5500 command='<b' stokes=i,q,u,v flagpar=8,5,5,3,6,3 options=nodisp

pgflag: Revision 1.30, 2016/10/05 23:06:50 UTC

Applying changes to dataset
Counts of correlations within selected channels:
 channel  Originally  Currently
 Good:       7331760    6974488    Changed to bad:     357272
 Bad:        9142200    9499472    Changed to good:         0
 57.7% of the data is now flagged

2018-11-13 03:02:18,523 [MainThread  ] [INFO ]  pgflag vis=1934-638.5500 command='<b' stokes=i,v,q,u flagpar=8,2,2,3,6,3  options=nodisp

pgflag: Revision 1.30, 2016/10/05 23:06:50 UTC

Applying changes to dataset
Counts of correlations within selected channels:
 channel  Originally  Currently
 Good:       6974488    6580772    Changed to bad:     393716
 Bad:        9499472    9893188    Changed to good:         0
 60.1% of the data is now flagged

2018-11-13 03:02:37,166 [MainThread  ] [INFO ]  pgflag vis=1934-638.5500 command='<b' stokes=i,v,u,q flagpar=8,2,2,3,6,3  options=nodisp

pgflag: Revision 1.30, 2016/10/05 23:06:50 UTC

Applying changes to dataset
Counts of correlations within selected channels:
 channel  Originally  Currently
 Good:       6580772    6111748    Changed to bad:     469024
 Bad:        9893188   10362212    Changed to good:         0
 62.9% of the data is now flagged

2018-11-13 03:03:44,622 [MainThread  ] [INFO ]  mfcal vis=1934-638.5500 refant=4 interval=0.1
MfCal: $Revision: 1.20 $, $Date: 2017/05/08 02:31:10 $
Selecting parallel-hand polarisations
Reading the data ...
Number correlations accepted: 3055874
Number of frequency bands/settings: 1
Number of polarisations selected: 2
Number of solution intervals: 68
Number of passband solution intervals: 1
Initialising ...
Using post-Aug94 ATCA flux scale for 1934-638.
Using known frequency variation of 1934-638
Generating initial solution estimate ...
Doing solution refinement ...
Iter= 1, Solution Error:  0.416
Iter= 2, Solution Error:  0.055
Iter= 3, Solution Error:  0.002
Iter= 4, Solution Error:  0.000
Saving solution ...

2018-11-13 03:03:45,571 [MainThread  ] [INFO ]  gpcal vis=1934-638.5500 refant=4 interval=0.1 nfbin=2 options=xyvary

gpcal: Revision 1.22, 2016/05/01 22:31:05 UTC

Applying bandpass corrections to 1934-638.5500
Number of antennae: 6
Reading the data ...
Number of solution intervals: 68
Total visibilities read: 2010
Number visibilities accepted: 1020
Using post-Aug94 ATCA flux scale for 1934-638.
Using IQUV =  5.0651,  0.0000,  0.0000,  0.0000 at   5.4086 GHz.
Using post-Aug94 ATCA flux scale for 1934-638.
Using IQUV =  5.5297,  0.0000,  0.0000,  0.0000 at   5.0220 GHz.
Using post-Aug94 ATCA flux scale for 1934-638.
Using IQUV =  4.5187,  0.0000,  0.0000,  0.0000 at   5.9454 GHz.
Iter= 1, Amplit/Phase Solution Error:   0.096
Iter= 1, Polarisation Solution Error:   0.042
Iter= 1, Overall Solution Error:        0.387
Iter= 2, Amplit/Phase Solution Error:   0.002
Iter= 2, Polarisation Solution Error:   0.000
Iter= 2, Overall Solution Error:        0.003
Iter= 3, Amplit/Phase Solution Error:   0.001
Iter= 3, Polarisation Solution Error:   0.000
Iter= 3, Overall Solution Error:        0.001
I flux density:   5.0651
Leakage terms:
 Ant 1:Dx,Dy = ( 0.00119,-0.00422),(-0.00067,-0.00350)
 Ant 2:Dx,Dy = ( 0.00349, 0.00867),(-0.00323, 0.00895)
 Ant 3:Dx,Dy = ( 0.00433,-0.00165),(-0.00789,-0.00155)
 Ant 4:Dx,Dy = ( 0.00549, 0.01908),(-0.00414, 0.02003)
 Ant 5:Dx,Dy = (-0.01718,-0.00034),( 0.01680,-0.00001)
 Ant 6:Dx,Dy = ( 0.00208,-0.02301),(-0.00147,-0.02245)
Solution for freq bin  1
Iter= 1, Amplit/Phase Solution Error:   0.094
Iter= 1, Polarisation Solution Error:   0.044
Iter= 1, Overall Solution Error:        0.385
Iter= 2, Amplit/Phase Solution Error:   0.002
Iter= 2, Polarisation Solution Error:   0.000
Iter= 2, Overall Solution Error:        0.004
Iter= 3, Amplit/Phase Solution Error:   0.001
Iter= 3, Polarisation Solution Error:   0.000
Iter= 3, Overall Solution Error:        0.001
I flux density:   5.5297
Leakage terms:
 Ant 1:Dx,Dy = ( 0.00080,-0.00376),(-0.00110,-0.00301)
 Ant 2:Dx,Dy = ( 0.00337, 0.00967),(-0.00331, 0.00985)
 Ant 3:Dx,Dy = ( 0.00383,-0.00159),(-0.00852,-0.00078)
 Ant 4:Dx,Dy = ( 0.00528, 0.01973),(-0.00429, 0.02079)
 Ant 5:Dx,Dy = (-0.01758,-0.00144),( 0.01649,-0.00091)
 Ant 6:Dx,Dy = ( 0.00188,-0.02468),(-0.00170,-0.02387)
Solution for freq bin  2
Iter= 1, Amplit/Phase Solution Error:   0.129
Iter= 1, Polarisation Solution Error:   0.039
Iter= 1, Overall Solution Error:        0.416
Iter= 2, Amplit/Phase Solution Error:   0.002
Iter= 2, Polarisation Solution Error:   0.000
Iter= 2, Overall Solution Error:        0.010
Iter= 3, Amplit/Phase Solution Error:   0.001
Iter= 3, Polarisation Solution Error:   0.000
Iter= 3, Overall Solution Error:        0.002
Iter= 4, Amplit/Phase Solution Error:   0.000
Iter= 4, Polarisation Solution Error:   0.000
Iter= 4, Overall Solution Error:        0.000
I flux density:   4.5187
Leakage terms:
 Ant 1:Dx,Dy = ( 0.00180,-0.00494),(-0.00004,-0.00424)
 Ant 2:Dx,Dy = ( 0.00369, 0.00711),(-0.00309, 0.00754)
 Ant 3:Dx,Dy = ( 0.00512,-0.00171),(-0.00688,-0.00273)
 Ant 4:Dx,Dy = ( 0.00580, 0.01806),(-0.00388, 0.01884)
 Ant 5:Dx,Dy = (-0.01654, 0.00137),( 0.01726, 0.00139)
 Ant 6:Dx,Dy = ( 0.00239,-0.02043),(-0.00111,-0.02027)

2018-11-13 03:04:11,549 [MainThread  ] [INFO ]  pgflag vis=1934-638.5500 command='<b' stokes=i,q,u,v flagpar=8,5,5,3,6,3 options=nodisp

pgflag: Revision 1.30, 2016/10/05 23:06:50 UTC

Applying bandpass corrections to 1934-638.5500
Applying freq. dependent gain corrections to 1934-638.5500
Applying freq. dependent leakage correction to 1934-638.5500
Applying changes to dataset
Counts of correlations within selected channels:
 channel  Originally  Currently
 Good:       6111748    5778900    Changed to bad:     332848
 Bad:       10362212   10695060    Changed to good:         0
 64.9% of the data is now flagged

2018-11-13 03:04:36,885 [MainThread  ] [INFO ]  pgflag vis=1934-638.5500 command='<b' stokes=i,v,q,u flagpar=8,2,2,3,6,3  options=nodisp

pgflag: Revision 1.30, 2016/10/05 23:06:50 UTC

Applying bandpass corrections to 1934-638.5500
Applying freq. dependent gain corrections to 1934-638.5500
Applying freq. dependent leakage correction to 1934-638.5500
Applying changes to dataset
Counts of correlations within selected channels:
 channel  Originally  Currently
 Good:       5778900    5464740    Changed to bad:     314160
 Bad:       10695060   11009220    Changed to good:         0
 66.8% of the data is now flagged

2018-11-13 03:05:02,163 [MainThread  ] [INFO ]  pgflag vis=1934-638.5500 command='<b' stokes=i,v,u,q flagpar=8,2,2,3,6,3  options=nodisp

pgflag: Revision 1.30, 2016/10/05 23:06:50 UTC

Applying bandpass corrections to 1934-638.5500
Applying freq. dependent gain corrections to 1934-638.5500
Applying freq. dependent leakage correction to 1934-638.5500
Applying changes to dataset
Counts of correlations within selected channels:
 channel  Originally  Currently
 Good:       5464740    5155040    Changed to bad:     309700
 Bad:       11009220   11318920    Changed to good:         0
 68.7% of the data is now flagged

2018-11-13 03:06:00,629 [MainThread  ] [INFO ]  mfcal vis=1934-638.5500 refant=4 interval=0.1
MfCal: $Revision: 1.20 $, $Date: 2017/05/08 02:31:10 $
Selecting parallel-hand polarisations
Reading the data ...
Number correlations accepted: 2577520
Number of frequency bands/settings: 1
Number of polarisations selected: 2
Number of solution intervals: 68
Number of passband solution intervals: 1
Initialising ...
Using post-Aug94 ATCA flux scale for 1934-638.
Using known frequency variation of 1934-638
Generating initial solution estimate ...
Doing solution refinement ...
Iter= 1, Solution Error:  0.418
Iter= 2, Solution Error:  0.082
Iter= 3, Solution Error:  0.005
Iter= 4, Solution Error:  0.000
Saving solution ...

2018-11-13 03:06:01,607 [MainThread  ] [INFO ]  gpcal vis=1934-638.5500 refant=4 interval=0.1 nfbin=2 options=xyvary

gpcal: Revision 1.22, 2016/05/01 22:31:05 UTC

Applying bandpass corrections to 1934-638.5500
Number of antennae: 6
Using leakage parameters from input as initial guess
Reading the data ...
Number of solution intervals: 68
Total visibilities read: 2010
Number visibilities accepted: 996
Using post-Aug94 ATCA flux scale for 1934-638.
Using IQUV =  5.0677,  0.0000,  0.0000,  0.0000 at   5.4063 GHz.
Using post-Aug94 ATCA flux scale for 1934-638.
Using IQUV =  5.5268,  0.0000,  0.0000,  0.0000 at   5.0243 GHz.
Using post-Aug94 ATCA flux scale for 1934-638.
Using IQUV =  4.5203,  0.0000,  0.0000,  0.0000 at   5.9437 GHz.
Iter= 1, Amplit/Phase Solution Error:   0.095
Iter= 1, Polarisation Solution Error:   0.000
Iter= 1, Overall Solution Error:        0.373
Iter= 2, Amplit/Phase Solution Error:   0.002
Iter= 2, Polarisation Solution Error:   0.000
Iter= 2, Overall Solution Error:        0.012
Iter= 3, Amplit/Phase Solution Error:   0.001
Iter= 3, Polarisation Solution Error:   0.000
Iter= 3, Overall Solution Error:        0.003
Iter= 4, Amplit/Phase Solution Error:   0.000
Iter= 4, Polarisation Solution Error:   0.000
Iter= 4, Overall Solution Error:        0.000
I flux density:   5.0677
Leakage terms:
 Ant 1:Dx,Dy = ( 0.00118,-0.00425),(-0.00068,-0.00352)
 Ant 2:Dx,Dy = ( 0.00349, 0.00869),(-0.00323, 0.00897)
 Ant 3:Dx,Dy = ( 0.00436,-0.00164),(-0.00792,-0.00155)
 Ant 4:Dx,Dy = ( 0.00549, 0.01911),(-0.00414, 0.02009)
 Ant 5:Dx,Dy = (-0.01721,-0.00031),( 0.01684,-0.00001)
 Ant 6:Dx,Dy = ( 0.00208,-0.02306),(-0.00148,-0.02251)
Solution for freq bin  1
Iter= 1, Amplit/Phase Solution Error:   0.095
Iter= 1, Polarisation Solution Error:   0.002
Iter= 1, Overall Solution Error:        0.377
Iter= 2, Amplit/Phase Solution Error:   0.002
Iter= 2, Polarisation Solution Error:   0.000
Iter= 2, Overall Solution Error:        0.012
Iter= 3, Amplit/Phase Solution Error:   0.001
Iter= 3, Polarisation Solution Error:   0.000
Iter= 3, Overall Solution Error:        0.003
Iter= 4, Amplit/Phase Solution Error:   0.000
Iter= 4, Polarisation Solution Error:   0.000
Iter= 4, Overall Solution Error:        0.000
I flux density:   5.5268
Leakage terms:
 Ant 1:Dx,Dy = ( 0.00080,-0.00379),(-0.00111,-0.00302)
 Ant 2:Dx,Dy = ( 0.00335, 0.00969),(-0.00330, 0.00986)
 Ant 3:Dx,Dy = ( 0.00385,-0.00158),(-0.00855,-0.00080)
 Ant 4:Dx,Dy = ( 0.00531, 0.01975),(-0.00430, 0.02082)
 Ant 5:Dx,Dy = (-0.01762,-0.00141),( 0.01652,-0.00091)
 Ant 6:Dx,Dy = ( 0.00188,-0.02471),(-0.00169,-0.02390)
Solution for freq bin  2
Iter= 1, Amplit/Phase Solution Error:   0.203
Iter= 1, Polarisation Solution Error:   0.004
Iter= 1, Overall Solution Error:        0.415
Iter= 2, Amplit/Phase Solution Error:   0.002
Iter= 2, Polarisation Solution Error:   0.000
Iter= 2, Overall Solution Error:        0.011
Iter= 3, Amplit/Phase Solution Error:   0.001
Iter= 3, Polarisation Solution Error:   0.000
Iter= 3, Overall Solution Error:        0.002
Iter= 4, Amplit/Phase Solution Error:   0.000
Iter= 4, Polarisation Solution Error:   0.000
Iter= 4, Overall Solution Error:        0.000
I flux density:   4.5203
Leakage terms:
 Ant 1:Dx,Dy = ( 0.00178,-0.00496),(-0.00006,-0.00427)
 Ant 2:Dx,Dy = ( 0.00372, 0.00711),(-0.00310, 0.00755)
 Ant 3:Dx,Dy = ( 0.00517,-0.00172),(-0.00690,-0.00272)
 Ant 4:Dx,Dy = ( 0.00577, 0.01810),(-0.00388, 0.01893)
 Ant 5:Dx,Dy = (-0.01657, 0.00141),( 0.01733, 0.00140)
 Ant 6:Dx,Dy = ( 0.00238,-0.02049),(-0.00116,-0.02034)

2018-11-13 03:06:01,748 [MainThread  ] [INFO ]  gpcopy vis=1934-638.5500 out=2312-319.5500

gpcopy: Revision 1.13, 2015/10/29 01:31:39 UTC

Copying leakage table
Copying gain table
Interpolation tolerance set to (minutes): 720.00
Copying bandpass table

2018-11-13 03:08:54,786 [MainThread  ] [INFO ]  pgflag vis=2312-319.5500 command='<b' stokes=i,q,u,v flagpar=8,5,5,3,6,3 options=nodisp

pgflag: Revision 1.30, 2016/10/05 23:06:50 UTC

Applying bandpass corrections to 2312-319.5500
Applying freq. dependent gain corrections to 2312-319.5500
Applying freq. dependent leakage correction to 2312-319.5500
Applying changes to dataset
Counts of correlations within selected channels:
 channel  Originally  Currently
 Good:      69637344   69059304    Changed to bad:     578040
 Bad:        9765504   10343544    Changed to good:         0
 13.0% of the data is now flagged

2018-11-13 03:11:42,494 [MainThread  ] [INFO ]  pgflag vis=2312-319.5500 command='<b' stokes=i,v,q,u flagpar=8,2,2,3,6,3  options=nodisp

pgflag: Revision 1.30, 2016/10/05 23:06:50 UTC

Applying bandpass corrections to 2312-319.5500
Applying freq. dependent gain corrections to 2312-319.5500
Applying freq. dependent leakage correction to 2312-319.5500
Applying changes to dataset
Counts of correlations within selected channels:
 channel  Originally  Currently
 Good:      69059304   68603408    Changed to bad:     455896
 Bad:       10343544   10799440    Changed to good:         0
 13.6% of the data is now flagged

2018-11-13 03:14:32,510 [MainThread  ] [INFO ]  pgflag vis=2312-319.5500 command='<b' stokes=i,v,u,q flagpar=8,2,2,3,6,3  options=nodisp

pgflag: Revision 1.30, 2016/10/05 23:06:50 UTC

Applying bandpass corrections to 2312-319.5500
Applying freq. dependent gain corrections to 2312-319.5500
Applying freq. dependent leakage correction to 2312-319.5500
Applying changes to dataset
Counts of correlations within selected channels:
 channel  Originally  Currently
 Good:      68603408   68118744    Changed to bad:     484664
 Bad:       10799440   11284104    Changed to good:         0
 14.2% of the data is now flagged

2018-11-13 03:14:37,144 [MainThread  ] [INFO ]  gpcal vis=2312-319.5500 refant=4 interval=0.1 nfbin=2 options=xyvary,qusolve

gpcal: Revision 1.22, 2016/05/01 22:31:05 UTC

Applying bandpass corrections to 2312-319.5500
Number of antennae: 6
Using leakage parameters from input as initial guess
Reading the data ...
Number of solution intervals: 646
Total visibilities read: 9688
Number visibilities accepted: 9678
Iter= 1, Amplit/Phase Solution Error:   0.318
Iter= 1, Polarisation Solution Error:   0.007
Iter= 1, Overall Solution Error:        1.469
Iter= 2, Amplit/Phase Solution Error:   0.008
Iter= 2, Polarisation Solution Error:   0.000
Iter= 2, Overall Solution Error:        0.007
Iter= 3, Amplit/Phase Solution Error:   0.001
Iter= 3, Polarisation Solution Error:   0.000
Iter= 3, Overall Solution Error:        0.001
I flux density:   0.5326
Percent Q:  -0.731
Percent U:  -0.004
Leakage terms:
 Ant 1:Dx,Dy = ( 0.00045,-0.00480),(-0.00096,-0.00280)
 Ant 2:Dx,Dy = ( 0.00304, 0.00758),(-0.00379, 0.00927)
 Ant 3:Dx,Dy = ( 0.00412,-0.00208),(-0.00848,-0.00120)
 Ant 4:Dx,Dy = ( 0.00470, 0.01848),(-0.00416, 0.02036)
 Ant 5:Dx,Dy = (-0.01735,-0.00057),( 0.01639, 0.00077)
 Ant 6:Dx,Dy = ( 0.00201,-0.02317),(-0.00202,-0.02184)
Solution for freq bin  1
Iter= 1, Amplit/Phase Solution Error:   0.290
Iter= 1, Polarisation Solution Error:   0.008
Iter= 1, Overall Solution Error:        1.319
Iter= 2, Amplit/Phase Solution Error:   0.008
Iter= 2, Polarisation Solution Error:   0.000
Iter= 2, Overall Solution Error:        0.008
Iter= 3, Amplit/Phase Solution Error:   0.001
Iter= 3, Polarisation Solution Error:   0.000
Iter= 3, Overall Solution Error:        0.001
Iter= 4, Amplit/Phase Solution Error:   0.000
Iter= 4, Polarisation Solution Error:   0.000
Iter= 4, Overall Solution Error:        0.000
I flux density:   0.5349
Percent Q:  -0.789
Percent U:   0.118
Leakage terms:
 Ant 1:Dx,Dy = ( 0.00038,-0.00425),(-0.00120,-0.00208)
 Ant 2:Dx,Dy = ( 0.00299, 0.00877),(-0.00369, 0.01043)
 Ant 3:Dx,Dy = ( 0.00366,-0.00204),(-0.00910,-0.00010)
 Ant 4:Dx,Dy = ( 0.00448, 0.01929),(-0.00377, 0.02122)
 Ant 5:Dx,Dy = (-0.01747,-0.00203),( 0.01616,-0.00050)
 Ant 6:Dx,Dy = ( 0.00205,-0.02515),(-0.00230,-0.02357)
Solution for freq bin  2
Iter= 1, Amplit/Phase Solution Error:   0.348
Iter= 1, Polarisation Solution Error:   0.007
Iter= 1, Overall Solution Error:        1.596
Iter= 2, Amplit/Phase Solution Error:   0.007
Iter= 2, Polarisation Solution Error:   0.000
Iter= 2, Overall Solution Error:        0.008
Iter= 3, Amplit/Phase Solution Error:   0.001
Iter= 3, Polarisation Solution Error:   0.000
Iter= 3, Overall Solution Error:        0.001
Iter= 4, Amplit/Phase Solution Error:   0.000
Iter= 4, Polarisation Solution Error:   0.000
Iter= 4, Overall Solution Error:        0.000
I flux density:   0.5307
Percent Q:  -0.665
Percent U:  -0.135
Leakage terms:
 Ant 1:Dx,Dy = ( 0.00048,-0.00539),(-0.00077,-0.00358)
 Ant 2:Dx,Dy = ( 0.00306, 0.00631),(-0.00394, 0.00806)
 Ant 3:Dx,Dy = ( 0.00458,-0.00213),(-0.00785,-0.00236)
 Ant 4:Dx,Dy = ( 0.00493, 0.01766),(-0.00455, 0.01948)
 Ant 5:Dx,Dy = (-0.01728, 0.00097),( 0.01656, 0.00211)
 Ant 6:Dx,Dy = ( 0.00191,-0.02110),(-0.00177,-0.02003)

2018-11-13 03:17:29,607 [MainThread  ] [INFO ]  pgflag vis=2312-319.5500 command='<b' stokes=i,q,u,v flagpar=8,5,5,3,6,3 options=nodisp

pgflag: Revision 1.30, 2016/10/05 23:06:50 UTC

Applying bandpass corrections to 2312-319.5500
Applying freq. dependent gain corrections to 2312-319.5500
Applying freq. dependent leakage correction to 2312-319.5500
Applying changes to dataset
Counts of correlations within selected channels:
 channel  Originally  Currently
 Good:      68118744   67681596    Changed to bad:     437148
 Bad:       11284104   11721252    Changed to good:         0
 14.8% of the data is now flagged

2018-11-13 03:20:19,204 [MainThread  ] [INFO ]  pgflag vis=2312-319.5500 command='<b' stokes=i,v,q,u flagpar=8,2,2,3,6,3  options=nodisp

pgflag: Revision 1.30, 2016/10/05 23:06:50 UTC

Applying bandpass corrections to 2312-319.5500
Applying freq. dependent gain corrections to 2312-319.5500
Applying freq. dependent leakage correction to 2312-319.5500
Applying changes to dataset
Counts of correlations within selected channels:
 channel  Originally  Currently
 Good:      67681596   67279860    Changed to bad:     401736
 Bad:       11721252   12122988    Changed to good:         0
 15.3% of the data is now flagged

2018-11-13 03:23:09,993 [MainThread  ] [INFO ]  pgflag vis=2312-319.5500 command='<b' stokes=i,v,u,q flagpar=8,2,2,3,6,3  options=nodisp

pgflag: Revision 1.30, 2016/10/05 23:06:50 UTC

Applying bandpass corrections to 2312-319.5500
Applying freq. dependent gain corrections to 2312-319.5500
Applying freq. dependent leakage correction to 2312-319.5500
Applying changes to dataset
Counts of correlations within selected channels:
 channel  Originally  Currently
 Good:      67279860   66890768    Changed to bad:     389092
 Bad:       12122988   12512080    Changed to good:         0
 15.8% of the data is now flagged

2018-11-13 03:23:14,979 [MainThread  ] [INFO ]  gpcal vis=2312-319.5500 refant=4 interval=0.1 nfbin=2 options=xyvary,qusolve

gpcal: Revision 1.22, 2016/05/01 22:31:05 UTC

Applying bandpass corrections to 2312-319.5500
Number of antennae: 6
Using leakage parameters from input as initial guess
Reading the data ...
Number of solution intervals: 646
Total visibilities read: 9688
Number visibilities accepted: 9678
Iter= 1, Amplit/Phase Solution Error:   0.319
Iter= 1, Polarisation Solution Error:   0.008
Iter= 1, Overall Solution Error:        1.472
Iter= 2, Amplit/Phase Solution Error:   0.008
Iter= 2, Polarisation Solution Error:   0.000
Iter= 2, Overall Solution Error:        0.008
Iter= 3, Amplit/Phase Solution Error:   0.001
Iter= 3, Polarisation Solution Error:   0.000
Iter= 3, Overall Solution Error:        0.001
I flux density:   0.5337
Percent Q:  -0.754
Percent U:  -0.009
Leakage terms:
 Ant 1:Dx,Dy = ( 0.00054,-0.00481),(-0.00085,-0.00282)
 Ant 2:Dx,Dy = ( 0.00317, 0.00757),(-0.00364, 0.00928)
 Ant 3:Dx,Dy = ( 0.00423,-0.00212),(-0.00837,-0.00118)
 Ant 4:Dx,Dy = ( 0.00478, 0.01845),(-0.00407, 0.02039)
 Ant 5:Dx,Dy = (-0.01722,-0.00055),( 0.01651, 0.00076)
 Ant 6:Dx,Dy = ( 0.00215,-0.02315),(-0.00192,-0.02182)
Solution for freq bin  1
Iter= 1, Amplit/Phase Solution Error:   0.290
Iter= 1, Polarisation Solution Error:   0.008
Iter= 1, Overall Solution Error:        1.325
Iter= 2, Amplit/Phase Solution Error:   0.008
Iter= 2, Polarisation Solution Error:   0.000
Iter= 2, Overall Solution Error:        0.009
Iter= 3, Amplit/Phase Solution Error:   0.001
Iter= 3, Polarisation Solution Error:   0.000
Iter= 3, Overall Solution Error:        0.001
Iter= 4, Amplit/Phase Solution Error:   0.000
Iter= 4, Polarisation Solution Error:   0.000
Iter= 4, Overall Solution Error:        0.000
I flux density:   0.5360
Percent Q:  -0.820
Percent U:   0.112
Leakage terms:
 Ant 1:Dx,Dy = ( 0.00051,-0.00427),(-0.00108,-0.00209)
 Ant 2:Dx,Dy = ( 0.00317, 0.00878),(-0.00345, 0.01047)
 Ant 3:Dx,Dy = ( 0.00382,-0.00208),(-0.00893,-0.00006)
 Ant 4:Dx,Dy = ( 0.00459, 0.01922),(-0.00361, 0.02126)
 Ant 5:Dx,Dy = (-0.01729,-0.00201),( 0.01630,-0.00052)
 Ant 6:Dx,Dy = ( 0.00226,-0.02513),(-0.00217,-0.02356)
Solution for freq bin  2
Iter= 1, Amplit/Phase Solution Error:   0.347
Iter= 1, Polarisation Solution Error:   0.007
Iter= 1, Overall Solution Error:        1.594
Iter= 2, Amplit/Phase Solution Error:   0.007
Iter= 2, Polarisation Solution Error:   0.000
Iter= 2, Overall Solution Error:        0.008
Iter= 3, Amplit/Phase Solution Error:   0.001
Iter= 3, Polarisation Solution Error:   0.000
Iter= 3, Overall Solution Error:        0.001
Iter= 4, Amplit/Phase Solution Error:   0.000
Iter= 4, Polarisation Solution Error:   0.000
Iter= 4, Overall Solution Error:        0.000
I flux density:   0.5318
Percent Q:  -0.672
Percent U:  -0.134
Leakage terms:
 Ant 1:Dx,Dy = ( 0.00049,-0.00537),(-0.00072,-0.00360)
 Ant 2:Dx,Dy = ( 0.00310, 0.00629),(-0.00390, 0.00804)
 Ant 3:Dx,Dy = ( 0.00462,-0.00216),(-0.00783,-0.00233)
 Ant 4:Dx,Dy = ( 0.00495, 0.01768),(-0.00456, 0.01949)
 Ant 5:Dx,Dy = (-0.01723, 0.00096),( 0.01662, 0.00210)
 Ant 6:Dx,Dy = ( 0.00194,-0.02110),(-0.00175,-0.02002)

2018-11-13 03:23:15,003 [MainThread  ] [INFO ]  gpboot vis=2312-319.5500 cal=1934-638.5500

gpboot: Revision 1.9, 2015/10/29 01:31:30 UTC

Secondary flux density scaled by:   0.996
Frequency bin  1 scaled by      :   1.015
Frequency bin  2 scaled by      :   1.017

2018-11-13 03:24:44,855 [MainThread  ] [INFO ]  gpcopy vis=2312-319.5500 out=c.5500

gpcopy: Revision 1.13, 2015/10/29 01:31:39 UTC

Copying leakage table
Copying gain table
Interpolation tolerance set to (minutes): 720.00
Copying bandpass table

2018-11-13 03:42:28,342 [MainThread  ] [INFO ]  pgflag vis=c.5500 command='<b' stokes=i,v,q,u flagpar=8,2,2,3,6,3  options=nodisp

pgflag: Revision 1.30, 2016/10/05 23:06:50 UTC

Applying bandpass corrections to c.5500
Applying freq. dependent gain corrections to c.5500
Applying freq. dependent leakage correction to c.5500
Applying changes to dataset
Counts of correlations within selected channels:
 channel  Originally  Currently
 Good:     439265868  426011916    Changed to bad:   13253952
 Bad:       61599888   74853840    Changed to good:         0
 14.9% of the data is now flagged

2018-11-13 04:00:04,174 [MainThread  ] [INFO ]  pgflag vis=c.5500 command='<b' stokes=i,v,u,q flagpar=8,2,2,3,6,3  options=nodisp

pgflag: Revision 1.30, 2016/10/05 23:06:50 UTC

Applying bandpass corrections to c.5500
Applying freq. dependent gain corrections to c.5500
Applying freq. dependent leakage correction to c.5500
Applying changes to dataset
Counts of correlations within selected channels:
 channel  Originally  Currently
 Good:     426011916  416110664    Changed to bad:    9901252
 Bad:       74853840   84755092    Changed to good:         0
 16.9% of the data is now flagged

2018-11-13 04:01:48,456 [MainThread  ] [INFO ]  uvsplit vis=c.5500

uvsplit: Revision 1.18, 2016/05/09 03:06:18 UTC

Creating c_181.5500
Creating c_182.5500
Creating c_183.5500
Creating c_184.5500
Creating c_185.5500
Creating c_186.5500
Creating c_187.5500
Creating c_188.5500
Creating c_189.5500
Creating c_190.5500
Creating c_191.5500
Creating c_192.5500
Creating c_193.5500
Creating c_194.5500
Creating c_195.5500
Creating c_196.5500
Creating c_197.5500
Creating c_198.5500
Creating c_199.5500
Creating c_200.5500
Creating c_201.5500
Creating c_202.5500
Creating c_203.5500
Creating c_204.5500
Creating c_205.5500
Creating c_206.5500
Creating c_207.5500
Creating c_208.5500
Creating c_209.5500
Creating c_210.5500
Creating c_211.5500
Creating c_212.5500
Creating c_213.5500
Creating c_214.5500
Creating c_215.5500
Creating c_216.5500
Creating c_217.5500
Creating c_218.5500
Creating c_219.5500
Creating c_220.5500
Creating c_221.5500
Creating c_222.5500
Creating c_223.5500
Creating c_224.5500
Creating c_225.5500
Creating c_226.5500
Creating c_227.5500
Creating c_228.5500
Creating c_229.5500
Creating c_230.5500
Creating c_231.5500
Creating c_232.5500
Creating c_233.5500
Creating c_234.5500
Creating c_235.5500
Creating c_236.5500
Creating c_237.5500
Creating c_238.5500
Creating c_239.5500
Creating c_240.5500
Creating c_241.5500
Creating c_242.5500
Creating c_243.5500
Creating c_244.5500
Creating c_245.5500
Creating c_246.5500
Creating c_247.5500
Creating c_248.5500
Creating c_249.5500
Creating c_250.5500
Creating c_251.5500
Creating c_252.5500
Creating c_253.5500
Creating c_254.5500
Creating c_255.5500
Creating c_256.5500
Creating c_257.5500
Creating c_258.5500
Creating c_259.5500
Creating c_260.5500
Creating c_261.5500
Creating c_262.5500
Creating c_263.5500
Creating c_264.5500
Creating c_265.5500
Creating c_266.5500
Creating c_267.5500
Creating c_268.5500
Creating c_269.5500
Creating c_270.5500
Creating c_271.5500
Creating c_272.5500
Creating c_273.5500
Creating c_274.5500
Creating c_275.5500
Creating c_276.5500
Creating c_277.5500
Creating c_278.5500
Creating c_279.5500
Creating c_280.5500
Creating c_281.5500
Creating c_282.5500
Creating c_283.5500
Creating c_284.5500
Creating c_285.5500
Creating c_286.5500
Creating c_287.5500
Creating c_288.5500
Creating c_289.5500
Creating c_290.5500
Creating c_291.5500
Creating c_292.5500
Creating c_293.5500
Creating c_294.5500
Creating c_295.5500
Creating c_296.5500
Creating c_297.5500
Creating c_298.5500
Creating c_299.5500
Creating c_300.5500
Creating c_301.5500
Creating c_302.5500
Creating c_303.5500
Creating c_304.5500
Creating c_305.5500
Creating c_306.5500
Creating c_307.5500
Creating c_308.5500
Creating c_309.5500
Creating c_310.5500
Creating c_311.5500
Creating c_312.5500
Creating c_313.5500
Creating c_314.5500
Creating c_315.5500
Creating c_316.5500
Creating c_317.5500
Creating c_318.5500
Creating c_319.5500
Creating c_320.5500
Creating c_321.5500
Creating c_322.5500
Creating c_323.5500
Creating c_324.5500
Creating c_325.5500
Creating c_326.5500
Creating c_327.5500
Creating c_328.5500
Creating c_329.5500
Creating c_330.5500
Creating c_331.5500
Creating c_332.5500
Creating c_333.5500
Creating c_334.5500
Creating c_335.5500
Creating c_336.5500
Creating c_337.5500
Creating c_338.5500
Creating c_339.5500
Creating c_340.5500
Creating c_341.5500
Creating c_342.5500
Creating c_343.5500
Creating c_344.5500
Creating c_345.5500
Creating c_346.5500
Creating c_347.5500
Creating c_348.5500
Creating c_349.5500
Creating c_350.5500
Creating c_351.5500
Creating c_352.5500
Creating c_353.5500
Creating c_354.5500
Creating c_355.5500
Creating c_356.5500
Creating c_357.5500
Creating c_358.5500
Creating c_359.5500
Creating c_360.5500

