2018-08-07 10:03:11,388 [MainThread  ] [INFO ]  atlod in=raw/2017-11-17_0343.C3132,raw/2017-11-17_0631.C3132,raw/2017-11-17_0905.C3132,raw/2017-11-17_1216.C3132,raw/2017-11-17_1503.C3132 out=data5.uv ifsel=1 options=birdie,rfiflag,noauto,xycorr

atlod: Revision 1.53, 2016/08/25 23:02:21 UTC

Processing file raw/2017-11-17_0343.C3132
 03:43:25 CAOBS> track 1
CABB data detected
Scan 1 started at 17NOV17:03:43:40.0
Source: 1934-638
Flagging channels in  28 frequency ranges
 03:54:30 CAOBS> stop
 03:55:08 CAOBS> set file c3132_obs_b4.sch
 03:55:16 CAOBS> start 1/99
Scan 2 started at 17NOV17:03:57:00.0
Source: 2312-319
Scan 3 started at 17NOV17:03:59:40.0
Source: b_721
Source: b_722
Source: b_723
Source: b_724
Source: b_725
Source: b_726
Source: b_727
Source: b_728
Source: b_729
Source: b_730
Source: b_731
Source: b_732
Source: b_733
Source: b_734
Source: b_735
Source: b_736
Source: b_737
Source: b_738
Source: b_739
Source: b_740
Scan 4 started at 17NOV17:04:13:08.0
Source: 2312-319
Scan 5 started at 17NOV17:04:15:56.0
Source: b_741
Source: b_742
Source: b_743
Source: b_744
Source: b_745
Source: b_746
Source: b_747
Source: b_748
Source: b_749
Source: b_750
Source: b_751
Source: b_752
Source: b_753
Source: b_754
Source: b_755
Source: b_756
Source: b_757
Source: b_758
Source: b_759
Source: b_760
Scan 6 started at 17NOV17:04:29:16.0
Source: 2312-319
Scan 7 started at 17NOV17:04:31:56.0
Source: b_761
Source: b_762
Source: b_763
Source: b_764
Source: b_765
Source: b_766
Source: b_767
Source: b_768
Source: b_769
Source: b_770
Source: b_771
Source: b_772
Source: b_773
Source: b_774
Source: b_775
Source: b_776
Source: b_777
Source: b_778
Source: b_779
Source: b_780
Scan 8 started at 17NOV17:04:45:24.0
Source: 2312-319
Scan 9 started at 17NOV17:04:48:04.0
Source: b_781
Source: b_782
Source: b_783
Source: b_784
Source: b_785
Source: b_786
Source: b_787
Source: b_788
Source: b_789
Source: b_790
Source: b_791
Source: b_792
Source: b_793
Source: b_794
Source: b_795
Source: b_796
Source: b_797
Source: b_798
Source: b_799
Source: b_800
Scan 10 started at 17NOV17:05:01:32.0
Source: 2312-319
Scan 11 started at 17NOV17:05:04:20.0
Source: b_801
Source: b_802
Source: b_803
Source: b_804
Source: b_805
Source: b_806
Source: b_807
Source: b_808
Source: b_809
Source: b_810
Source: b_811
Source: b_812
Source: b_813
Source: b_814
Source: b_815
Source: b_816
Source: b_817
Source: b_818
Source: b_819
Source: b_820
Scan 12 started at 17NOV17:05:17:40.0
Source: 2312-319
Scan 13 started at 17NOV17:05:20:28.0
Source: b_821
Source: b_822
Source: b_823
Source: b_824
Source: b_825
Source: b_826
Source: b_827
Source: b_828
Source: b_829
Source: b_830
Source: b_831
Source: b_832
Source: b_833
Source: b_834
Source: b_835
Source: b_836
Source: b_837
Source: b_838
Source: b_839
Source: b_840
Scan 14 started at 17NOV17:05:33:48.0
Source: 2312-319
Scan 15 started at 17NOV17:05:36:28.0
Source: b_841
Source: b_842
Source: b_843
Source: b_844
Source: b_845
Source: b_846
Source: b_847
Source: b_848
Source: b_849
Source: b_850
Source: b_851
Source: b_852
Source: b_853
Source: b_854
Source: b_855
Source: b_856
Source: b_857
Source: b_858
Source: b_859
Source: b_860
Scan 16 started at 17NOV17:05:49:56.0
Source: 2312-319
Scan 17 started at 17NOV17:05:52:44.0
Source: b_861
Source: b_862
Source: b_863
Source: b_864
Source: b_865
Source: b_866
Source: b_867
Source: b_868
Source: b_869
Source: b_870
Source: b_871
Source: b_872
Source: b_873
Source: b_874
Source: b_875
Source: b_876
Source: b_877
Source: b_878
Source: b_879
Source: b_880
Scan 18 started at 17NOV17:06:06:04.0
Source: 2312-319
Scan 19 started at 17NOV17:06:08:52.0
Source: b_881
Source: b_882
Source: b_883
Source: b_884
Source: b_885
Source: b_886
Source: b_887
Source: b_888
Source: b_889
Source: b_890
Source: b_891
Source: b_892
Source: b_893
Source: b_894
Source: b_895
Source: b_896
Source: b_897
Source: b_898
Source: b_899
Source: b_900
Scan 20 started at 17NOV17:06:22:12.0
Source: 2312-319
Scan 21 started at 17NOV17:06:24:52.0
Source: b_901
Source: b_902
Source: b_903
Source: b_904
Source: b_905
Source: b_906
Source: b_907
Source: b_908
Source: b_909
Source: b_910
RPFITS file version is 2.12
---------------------------------------
Total number of spectra selected: 72660

Summary of spectra flagged
Flagging Reason            Fraction
---------------            --------
Antenna off-source/off-line  3.88%
---------------------------------------
Processing file raw/2017-11-17_0631.C3132
CABB data detected
Scan 1 started at 17NOV17:06:31:16.0
Source: b_910
Source: b_911
Source: b_912
Source: b_913
Source: b_914
Source: b_915
Source: b_916
Source: b_917
Source: b_918
Source: b_919
Source: b_920
Scan 2 started at 17NOV17:06:38:20.0
Source: 2312-319
Scan 3 started at 17NOV17:06:41:08.0
Source: b_921
Source: b_922
Source: b_923
Source: b_924
Source: b_925
Source: b_926
Source: b_927
Source: b_928
Source: b_929
Source: b_930
Source: b_931
Source: b_932
Source: b_933
Source: b_934
Source: b_935
Source: b_936
Source: b_937
Source: b_938
Source: b_939
Source: b_940
Scan 4 started at 17NOV17:06:54:28.0
Source: 2312-319
Scan 5 started at 17NOV17:06:57:16.0
Source: b_941
Source: b_942
Source: b_943
Source: b_944
Source: b_945
Source: b_946
Source: b_947
Source: b_948
Source: b_949
Source: b_950
Source: b_951
Source: b_952
Source: b_953
Source: b_954
Source: b_955
Source: b_956
Source: b_957
Source: b_958
Source: b_959
Source: b_960
Scan 6 started at 17NOV17:07:10:36.0
Source: 2312-319
Scan 7 started at 17NOV17:07:13:16.0
Source: b_721
Source: b_722
Source: b_723
Source: b_724
Source: b_725
Source: b_726
Source: b_727
Source: b_728
Source: b_729
Source: b_730
Source: b_731
Source: b_732
Source: b_733
Source: b_734
Source: b_735
Source: b_736
Source: b_737
Source: b_738
Source: b_739
Source: b_740
Scan 8 started at 17NOV17:07:26:44.0
Source: 2312-319
Scan 9 started at 17NOV17:07:29:32.0
Source: b_741
Source: b_742
Source: b_743
Source: b_744
Source: b_745
Source: b_746
Source: b_747
Source: b_748
Source: b_749
Source: b_750
Source: b_751
Source: b_752
Source: b_753
Source: b_754
Source: b_755
Source: b_756
Source: b_757
Source: b_758
Source: b_759
Source: b_760
Scan 10 started at 17NOV17:07:42:52.0
Source: 2312-319
Scan 11 started at 17NOV17:07:45:32.0
Source: b_761
Source: b_762
Source: b_763
Source: b_764
Source: b_765
Source: b_766
Source: b_767
Source: b_768
Source: b_769
Source: b_770
Source: b_771
Source: b_772
Source: b_773
Source: b_774
Source: b_775
Source: b_776
Source: b_777
Source: b_778
Source: b_779
Source: b_780
Scan 12 started at 17NOV17:07:59:00.0
Source: 2312-319
Scan 13 started at 17NOV17:08:01:40.0
Source: b_781
Source: b_782
Source: b_783
Source: b_784
Source: b_785
Source: b_786
Source: b_787
Source: b_788
Source: b_789
Source: b_790
Source: b_791
Source: b_792
Source: b_793
Source: b_794
Source: b_795
Source: b_796
Source: b_797
Source: b_798
Source: b_799
Source: b_800
Scan 14 started at 17NOV17:08:15:08.0
Source: 2312-319
Scan 15 started at 17NOV17:08:17:56.0
Source: b_801
Source: b_802
Source: b_803
Source: b_804
Source: b_805
Source: b_806
Source: b_807
Source: b_808
Source: b_809
Source: b_810
Source: b_811
Source: b_812
Source: b_813
Source: b_814
Source: b_815
Source: b_816
Source: b_817
Source: b_818
Source: b_819
Source: b_820
Scan 16 started at 17NOV17:08:31:16.0
Source: 2312-319
Scan 17 started at 17NOV17:08:34:12.0
Source: b_821
Source: b_822
Source: b_823
Source: b_824
Source: b_825
Source: b_826
RPFITS file version is 2.12
---------------------------------------
Total number of spectra selected: 55080

Summary of spectra flagged
Flagging Reason            Fraction
---------------            --------
Antenna off-source/off-line  3.59%
---------------------------------------
Processing file raw/2017-11-17_0905.C3132
 09:05:06 CAOBS> start 11/99
CABB data detected
Scan 1 started at 17NOV17:09:05:40.0
Source: 2312-319
Scan 2 started at 17NOV17:09:09:18.8
Source: b_822
Source: b_823
Source: b_824
Source: b_825
Source: b_826
Source: b_827
Source: b_828
Source: b_829
Source: b_830
Source: b_831
 09:39:38 CAOBS> stop
 09:39:44 CAOBS> start 11/99
Scan 3 started at 17NOV17:09:43:48.0
Source: 2312-319
Scan 4 started at 17NOV17:09:46:44.0
Source: b_821
Source: b_822
Source: b_823
Source: b_824
Source: b_825
Source: b_826
Source: b_827
Source: b_828
Source: b_829
Source: b_830
Source: b_831
Source: b_832
Source: b_833
Source: b_834
Source: b_835
Source: b_836
Source: b_837
Source: b_838
Source: b_839
Source: b_840
Scan 5 started at 17NOV17:10:00:04.0
Source: 2312-319
Scan 6 started at 17NOV17:10:02:52.0
Source: b_841
Source: b_842
Source: b_843
Source: b_844
Source: b_845
Source: b_846
Source: b_847
Source: b_848
Source: b_849
Source: b_850
Source: b_851
Source: b_852
Source: b_853
Source: b_854
Source: b_855
Source: b_856
Source: b_857
Source: b_858
Source: b_859
Source: b_860
Scan 7 started at 17NOV17:10:16:12.0
Source: 2312-319
Scan 8 started at 17NOV17:10:19:00.0
Source: b_861
Source: b_862
Source: b_863
Source: b_864
Source: b_865
Source: b_866
Source: b_867
Source: b_868
Source: b_869
Source: b_870
Source: b_871
Source: b_872
Source: b_873
Source: b_874
Source: b_875
Source: b_876
Source: b_877
Source: b_878
Source: b_879
Source: b_880
Scan 9 started at 17NOV17:10:32:28.0
Source: 2312-319
Scan 10 started at 17NOV17:10:35:16.0
Source: b_881
Source: b_882
Source: b_883
Source: b_884
Source: b_885
Source: b_886
Source: b_887
Source: b_888
Source: b_889
Source: b_890
Source: b_891
Source: b_892
Source: b_893
Source: b_894
Source: b_895
Source: b_896
Source: b_897
Source: b_898
Source: b_899
Source: b_900
Scan 11 started at 17NOV17:10:48:36.0
Source: 2312-319
Scan 12 started at 17NOV17:10:51:16.0
Source: b_901
Source: b_902
Source: b_903
Source: b_904
Source: b_905
Source: b_906
Source: b_907
Source: b_908
Source: b_909
Source: b_910
Source: b_911
Source: b_912
Source: b_913
Source: b_914
Source: b_915
Source: b_916
Source: b_917
Source: b_918
Source: b_919
Source: b_920
Scan 13 started at 17NOV17:11:04:44.0
Source: 2312-319
Scan 14 started at 17NOV17:11:07:24.0
Source: b_921
Source: b_922
Source: b_923
Source: b_924
Source: b_925
Source: b_926
Source: b_927
Source: b_928
Source: b_929
Source: b_930
Source: b_931
Source: b_932
Source: b_933
Source: b_934
Source: b_935
Source: b_936
Source: b_937
Source: b_938
Source: b_939
Source: b_940
Scan 15 started at 17NOV17:11:20:52.0
Source: 2312-319
Scan 16 started at 17NOV17:11:23:40.0
Source: b_941
Source: b_942
Source: b_943
Source: b_944
Source: b_945
Source: b_946
Source: b_947
Source: b_948
Source: b_949
Source: b_950
Source: b_951
Source: b_952
Source: b_953
Source: b_954
Source: b_955
Source: b_956
Source: b_957
Source: b_958
Source: b_959
Source: b_960
Scan 17 started at 17NOV17:11:37:00.0
Source: 2312-319
Scan 18 started at 17NOV17:11:39:48.0
Source: b_721
Source: b_722
Source: b_723
Source: b_724
Source: b_725
Source: b_726
Source: b_727
Source: b_728
Source: b_729
Source: b_730
Source: b_731
Source: b_732
Source: b_733
Source: b_734
Source: b_735
Source: b_736
Source: b_737
Source: b_738
Source: b_739
Source: b_740
Scan 19 started at 17NOV17:11:53:08.0
Source: 2312-319
Scan 20 started at 17NOV17:11:55:56.0
Source: b_741
Source: b_742
Source: b_743
Source: b_744
Source: b_745
Source: b_746
Source: b_747
Source: b_748
Source: b_749
Source: b_750
Source: b_751
Source: b_752
Source: b_753
Source: b_754
Source: b_755
Source: b_756
Source: b_757
Source: b_758
Source: b_759
Source: b_760
Scan 21 started at 17NOV17:12:09:16.0
Source: 2312-319
Scan 22 started at 17NOV17:12:11:56.0
Source: b_761
Source: b_762
Source: b_763
Source: b_764
Source: b_765
Source: b_766
Source: b_767
RPFITS file version is 2.12
---------------------------------------
Total number of spectra selected: 72660

Summary of spectra flagged
Flagging Reason            Fraction
---------------            --------
Antenna off-source/off-line  7.71%
---------------------------------------
Processing file raw/2017-11-17_1216.C3132
CABB data detected
Scan 1 started at 17NOV17:12:16:29.5
Source: b_768
Source: b_769
Source: b_770
Source: b_771
Source: b_772
Source: b_773
Source: b_774
Source: b_775
Source: b_776
Source: b_777
Source: b_778
Source: b_779
Source: b_780
Scan 2 started at 17NOV17:12:25:24.0
Source: 2312-319
Scan 3 started at 17NOV17:12:28:04.0
Source: b_781
Source: b_782
Source: b_783
Source: b_784
Source: b_785
Source: b_786
Source: b_787
Source: b_788
Source: b_789
Source: b_790
Source: b_791
Source: b_792
Source: b_793
Source: b_794
Source: b_795
Source: b_796
Source: b_797
Source: b_798
Source: b_799
Source: b_800
Scan 4 started at 17NOV17:12:41:32.0
Source: 2312-319
Scan 5 started at 17NOV17:12:44:20.0
Source: b_801
Source: b_802
Source: b_803
Source: b_804
Source: b_805
Source: b_806
Source: b_807
Source: b_808
Source: b_809
Source: b_810
Source: b_811
Source: b_812
Source: b_813
Source: b_814
Source: b_815
Source: b_816
Source: b_817
Source: b_818
Source: b_819
Source: b_820
Scan 6 started at 17NOV17:12:57:40.0
Source: 2312-319
Scan 7 started at 17NOV17:13:00:20.0
Source: b_821
Source: b_822
Source: b_823
Source: b_824
Source: b_825
Source: b_826
Source: b_827
Source: b_828
Source: b_829
Source: b_830
Source: b_831
Source: b_832
Source: b_833
Source: b_834
Source: b_835
Source: b_836
Source: b_837
Source: b_838
Source: b_839
Source: b_840
Scan 8 started at 17NOV17:13:13:48.0
Source: 2312-319
Scan 9 started at 17NOV17:13:16:28.0
Source: b_841
Source: b_842
Source: b_843
Source: b_844
Source: b_845
Source: b_846
Source: b_847
Source: b_848
Source: b_849
Source: b_850
Source: b_851
Source: b_852
Source: b_853
Source: b_854
Source: b_855
Source: b_856
Source: b_857
Source: b_858
Source: b_859
Source: b_860
Scan 10 started at 17NOV17:13:29:56.0
Source: 2312-319
Scan 11 started at 17NOV17:13:32:36.0
Source: b_861
Source: b_862
Source: b_863
Source: b_864
Source: b_865
Source: b_866
Source: b_867
Source: b_868
Source: b_869
Source: b_870
Source: b_871
Source: b_872
Source: b_873
Source: b_874
Source: b_875
Source: b_876
Source: b_877
Source: b_878
Source: b_879
Source: b_880
Scan 12 started at 17NOV17:13:46:04.0
Source: 2312-319
Scan 13 started at 17NOV17:13:48:44.0
Source: b_881
Source: b_882
Source: b_883
Source: b_884
Source: b_885
Source: b_886
Source: b_887
Source: b_888
Source: b_889
Source: b_890
Source: b_891
Source: b_892
Source: b_893
Source: b_894
Source: b_895
Source: b_896
Source: b_897
Source: b_898
Source: b_899
Source: b_900
Scan 14 started at 17NOV17:14:02:12.0
Source: 2312-319
Scan 15 started at 17NOV17:14:04:52.0
Source: b_901
Source: b_902
Source: b_903
Source: b_904
Source: b_905
Source: b_906
Source: b_907
Source: b_908
Source: b_909
Source: b_910
Source: b_911
Source: b_912
Source: b_913
Source: b_914
Source: b_915
Source: b_916
Source: b_917
Source: b_918
Source: b_919
Source: b_920
Scan 16 started at 17NOV17:14:18:20.0
Source: 2312-319
Scan 17 started at 17NOV17:14:21:00.0
Source: b_921
Source: b_922
Source: b_923
Source: b_924
Source: b_925
Source: b_926
Source: b_927
Source: b_928
Source: b_929
Source: b_930
Source: b_931
Source: b_932
Source: b_933
Source: b_934
Source: b_935
Source: b_936
Source: b_937
Source: b_938
Source: b_939
Source: b_940
Scan 18 started at 17NOV17:14:34:28.0
Source: 2312-319
Scan 19 started at 17NOV17:14:37:08.0
Source: b_941
Source: b_942
Source: b_943
Source: b_944
Source: b_945
Source: b_946
Source: b_947
Source: b_948
Source: b_949
Source: b_950
Source: b_951
Source: b_952
Source: b_953
Source: b_954
Source: b_955
Source: b_956
Source: b_957
Source: b_958
Source: b_959
Source: b_960
Scan 20 started at 17NOV17:14:50:36.0
Source: 2312-319
Scan 21 started at 17NOV17:14:53:16.0
Source: b_721
Source: b_722
Source: b_723
Source: b_724
Source: b_725
Source: b_726
Source: b_727
Source: b_728
Source: b_729
Source: b_730
Source: b_731
Source: b_732
Source: b_733
Source: b_734
Source: b_735
Source: b_736
RPFITS file version is 2.12
---------------------------------------
Total number of spectra selected: 72660

Summary of spectra flagged
Flagging Reason            Fraction
---------------            --------
Antenna off-source/off-line  2.61%
---------------------------------------
Processing file raw/2017-11-17_1503.C3132
CABB data detected
Scan 1 started at 17NOV17:15:03:16.0
Source: b_736
Source: b_737
Source: b_738
Source: b_739
Source: b_740
Scan 2 started at 17NOV17:15:06:44.0
Source: 2312-319
Scan 3 started at 17NOV17:15:09:24.0
Source: b_741
Source: b_742
Source: b_743
Source: b_744
Source: b_745
Source: b_746
Source: b_747
Source: b_748
Source: b_749
Source: b_750
Source: b_751
Source: b_752
Source: b_753
Source: b_754
Source: b_755
Source: b_756
Source: b_757
Source: b_758
Source: b_759
Source: b_760
Scan 4 started at 17NOV17:15:22:52.0
Source: 2312-319
Scan 5 started at 17NOV17:15:25:32.0
Source: b_761
Source: b_762
Source: b_763
Source: b_764
Source: b_765
Source: b_766
Source: b_767
Source: b_768
Source: b_769
Source: b_770
Source: b_771
Source: b_772
Source: b_773
Source: b_774
Source: b_775
Source: b_776
Source: b_777
Source: b_778
Source: b_779
Source: b_780
Scan 6 started at 17NOV17:15:39:00.0
Source: 2312-319
 15:41:01 CAOBS> stop
 15:41:10 CAOBS> corr close file
RPFITS file version is 2.12
---------------------------------------
Total number of spectra selected: 16380

Summary of spectra flagged
Flagging Reason            Fraction
---------------            --------
Antenna off-source/off-line  2.20%
---------------------------------------

No CACAL data was detected

2018-08-07 10:03:33,178 [MainThread  ] [INFO ]  uvflag vis=data5.uv line=chan,6,1146,1 flagval=flag

uvflag: Revision 1.8, 2014/09/30 14:23:39 UTC


Set flags to indicate bad data in visibility file data5.uv
Linetype channel; select    6 channels; start 1146, width    1, step    1

Overview of flagging on visibility file data5.uv
Changed flags set to FALSE (data flagged as bad)
Total number of records selected: 276780; out of 276780 records
Antennas used: 1-6
Counts of correlations within selected channels
channel   Originally    Currently
Good:          830340.           0.    Changed to bad:      830340.
Bad:           830340.     1660680.

2018-08-07 10:03:47,040 [MainThread  ] [INFO ]  uvflag vis=data5.uv line=chan,30,1454,1 flagval=flag

uvflag: Revision 1.8, 2014/09/30 14:23:39 UTC


Set flags to indicate bad data in visibility file data5.uv
Linetype channel; select   30 channels; start 1454, width    1, step    1

Overview of flagging on visibility file data5.uv
Changed flags set to FALSE (data flagged as bad)
Total number of records selected: 276780; out of 276780 records
Antennas used: 1-6
Counts of correlations within selected channels
channel   Originally    Currently
Good:         8303400.           0.    Changed to bad:     8303400.
Bad:                0.     8303400.

2018-08-07 10:04:00,592 [MainThread  ] [INFO ]  uvflag vis=data5.uv line=chan,40,1964,1 flagval=flag

uvflag: Revision 1.8, 2014/09/30 14:23:39 UTC


Set flags to indicate bad data in visibility file data5.uv
Linetype channel; select   40 channels; start 1964, width    1, step    1

Overview of flagging on visibility file data5.uv
Changed flags set to FALSE (data flagged as bad)
Total number of records selected: 276780; out of 276780 records
Antennas used: 1-6
Counts of correlations within selected channels
channel   Originally    Currently
Good:               0.           0.    Changed to bad:           0.
Bad:         11071200.    11071200.

2018-08-07 10:04:41,360 [MainThread  ] [INFO ]  uvsplit vis=data5.uv options=mosaic

uvsplit: Revision 1.18, 2016/05/09 03:06:18 UTC

Creating 1934-638.5500
Creating 2312-319.5500
Creating b.5500

2018-08-07 10:04:52,142 [MainThread  ] [INFO ]  pgflag vis=1934-638.5500 command='<b' stokes=i,q,u,v flagpar=8,5,5,3,6,3 options=nodisp

pgflag: Revision 1.30, 2016/10/05 23:06:50 UTC

Applying changes to dataset
Counts of correlations within selected channels:
 channel  Originally  Currently
 Good:       8733420    8663424    Changed to bad:      69996
 Bad:        1224720    1294716    Changed to good:         0
 13.0% of the data is now flagged

2018-08-07 10:05:02,248 [MainThread  ] [INFO ]  pgflag vis=1934-638.5500 command='<b' stokes=i,v,q,u flagpar=8,2,2,3,6,3  options=nodisp

pgflag: Revision 1.30, 2016/10/05 23:06:50 UTC

Applying changes to dataset
Counts of correlations within selected channels:
 channel  Originally  Currently
 Good:       8663424    8621448    Changed to bad:      41976
 Bad:        1294716    1336692    Changed to good:         0
 13.4% of the data is now flagged

2018-08-07 10:05:11,521 [MainThread  ] [INFO ]  pgflag vis=1934-638.5500 command='<b' stokes=i,v,u,q flagpar=8,2,2,3,6,3  options=nodisp

pgflag: Revision 1.30, 2016/10/05 23:06:50 UTC

Applying changes to dataset
Counts of correlations within selected channels:
 channel  Originally  Currently
 Good:       8621448    8443536    Changed to bad:     177912
 Bad:        1336692    1514604    Changed to good:         0
 15.2% of the data is now flagged

2018-08-07 10:06:04,187 [MainThread  ] [INFO ]  mfcal vis=1934-638.5500 refant=4 interval=0.1
MfCal: $Revision: 1.20 $, $Date: 2017/05/08 02:31:10 $
Selecting parallel-hand polarisations
Reading the data ...
Number correlations accepted: 4221768
Number of frequency bands/settings: 1
Number of polarisations selected: 2
Number of solution intervals: 81
Number of passband solution intervals: 1
Initialising ...
Using post-Aug94 ATCA flux scale for 1934-638.
Using known frequency variation of 1934-638
Generating initial solution estimate ...
Doing solution refinement ...
Iter= 1, Solution Error:  0.420
Iter= 2, Solution Error:  0.011
Iter= 3, Solution Error:  0.000
Saving solution ...

2018-08-07 10:06:04,846 [MainThread  ] [INFO ]  gpcal vis=1934-638.5500 refant=4 interval=0.1 nfbin=2 options=xyvary

gpcal: Revision 1.22, 2016/05/01 22:31:05 UTC

Applying bandpass corrections to 1934-638.5500
Number of antennae: 6
Reading the data ...
Number of solution intervals: 81
Total visibilities read: 1215
Number visibilities accepted: 1215
Using post-Aug94 ATCA flux scale for 1934-638.
Using IQUV =  5.0168,  0.0000,  0.0000,  0.0000 at   5.4522 GHz.
Using post-Aug94 ATCA flux scale for 1934-638.
Using IQUV =  5.5181,  0.0000,  0.0000,  0.0000 at   5.0310 GHz.
Using post-Aug94 ATCA flux scale for 1934-638.
Using IQUV =  4.5103,  0.0000,  0.0000,  0.0000 at   5.9545 GHz.
Iter= 1, Amplit/Phase Solution Error:   0.528
Iter= 1, Polarisation Solution Error:   0.042
Iter= 1, Overall Solution Error:        1.968
Iter= 2, Amplit/Phase Solution Error:   0.002
Iter= 2, Polarisation Solution Error:   0.000
Iter= 2, Overall Solution Error:        0.004
Iter= 3, Amplit/Phase Solution Error:   0.001
Iter= 3, Polarisation Solution Error:   0.000
Iter= 3, Overall Solution Error:        0.001
I flux density:   5.0168
Leakage terms:
 Ant 1:Dx,Dy = ( 0.00126,-0.00210),(-0.00007,-0.00135)
 Ant 2:Dx,Dy = ( 0.00351, 0.00630),(-0.00358, 0.00698)
 Ant 3:Dx,Dy = ( 0.00394, 0.00033),(-0.00788, 0.00010)
 Ant 4:Dx,Dy = ( 0.00619, 0.01859),(-0.00481, 0.01963)
 Ant 5:Dx,Dy = (-0.01707,-0.00103),( 0.01593,-0.00065)
 Ant 6:Dx,Dy = ( 0.00112,-0.02352),(-0.00065,-0.02329)
Solution for freq bin  1
Iter= 1, Amplit/Phase Solution Error:   0.516
Iter= 1, Polarisation Solution Error:   0.045
Iter= 1, Overall Solution Error:        1.953
Iter= 2, Amplit/Phase Solution Error:   0.002
Iter= 2, Polarisation Solution Error:   0.000
Iter= 2, Overall Solution Error:        0.004
Iter= 3, Amplit/Phase Solution Error:   0.001
Iter= 3, Polarisation Solution Error:   0.000
Iter= 3, Overall Solution Error:        0.001
I flux density:   5.5181
Leakage terms:
 Ant 1:Dx,Dy = ( 0.00132,-0.00156),(-0.00042,-0.00109)
 Ant 2:Dx,Dy = ( 0.00389, 0.00772),(-0.00387, 0.00800)
 Ant 3:Dx,Dy = ( 0.00345, 0.00023),(-0.00856, 0.00074)
 Ant 4:Dx,Dy = ( 0.00580, 0.01889),(-0.00487, 0.02045)
 Ant 5:Dx,Dy = (-0.01771,-0.00186),( 0.01557,-0.00131)
 Ant 6:Dx,Dy = ( 0.00043,-0.02540),(-0.00067,-0.02482)
Solution for freq bin  2
Iter= 1, Amplit/Phase Solution Error:   0.546
Iter= 1, Polarisation Solution Error:   0.040
Iter= 1, Overall Solution Error:        1.986
Iter= 2, Amplit/Phase Solution Error:   0.002
Iter= 2, Polarisation Solution Error:   0.000
Iter= 2, Overall Solution Error:        0.004
Iter= 3, Amplit/Phase Solution Error:   0.001
Iter= 3, Polarisation Solution Error:   0.000
Iter= 3, Overall Solution Error:        0.001
I flux density:   4.5103
Leakage terms:
 Ant 1:Dx,Dy = ( 0.00119,-0.00283),( 0.00040,-0.00170)
 Ant 2:Dx,Dy = ( 0.00299, 0.00440),(-0.00319, 0.00560)
 Ant 3:Dx,Dy = ( 0.00460, 0.00047),(-0.00694,-0.00077)
 Ant 4:Dx,Dy = ( 0.00671, 0.01819),(-0.00473, 0.01853)
 Ant 5:Dx,Dy = (-0.01621, 0.00008),( 0.01641, 0.00024)
 Ant 6:Dx,Dy = ( 0.00204,-0.02099),(-0.00062,-0.02124)

2018-08-07 10:06:20,763 [MainThread  ] [INFO ]  pgflag vis=1934-638.5500 command='<b' stokes=i,q,u,v flagpar=8,5,5,3,6,3 options=nodisp

pgflag: Revision 1.30, 2016/10/05 23:06:50 UTC

Applying bandpass corrections to 1934-638.5500
Applying freq. dependent gain corrections to 1934-638.5500
Applying freq. dependent leakage correction to 1934-638.5500
Applying changes to dataset
Counts of correlations within selected channels:
 channel  Originally  Currently
 Good:       8443536    8415264    Changed to bad:      28272
 Bad:        1514604    1542876    Changed to good:         0
 15.5% of the data is now flagged

2018-08-07 10:06:35,216 [MainThread  ] [INFO ]  pgflag vis=1934-638.5500 command='<b' stokes=i,v,q,u flagpar=8,2,2,3,6,3  options=nodisp

pgflag: Revision 1.30, 2016/10/05 23:06:50 UTC

Applying bandpass corrections to 1934-638.5500
Applying freq. dependent gain corrections to 1934-638.5500
Applying freq. dependent leakage correction to 1934-638.5500
Applying changes to dataset
Counts of correlations within selected channels:
 channel  Originally  Currently
 Good:       8415264    8388928    Changed to bad:      26336
 Bad:        1542876    1569212    Changed to good:         0
 15.8% of the data is now flagged

2018-08-07 10:06:49,470 [MainThread  ] [INFO ]  pgflag vis=1934-638.5500 command='<b' stokes=i,v,u,q flagpar=8,2,2,3,6,3  options=nodisp

pgflag: Revision 1.30, 2016/10/05 23:06:50 UTC

Applying bandpass corrections to 1934-638.5500
Applying freq. dependent gain corrections to 1934-638.5500
Applying freq. dependent leakage correction to 1934-638.5500
Applying changes to dataset
Counts of correlations within selected channels:
 channel  Originally  Currently
 Good:       8388928    8367468    Changed to bad:      21460
 Bad:        1569212    1590672    Changed to good:         0
 16.0% of the data is now flagged

2018-08-07 10:07:44,788 [MainThread  ] [INFO ]  mfcal vis=1934-638.5500 refant=4 interval=0.1
MfCal: $Revision: 1.20 $, $Date: 2017/05/08 02:31:10 $
Selecting parallel-hand polarisations
Reading the data ...
Number correlations accepted: 4183734
Number of frequency bands/settings: 1
Number of polarisations selected: 2
Number of solution intervals: 81
Number of passband solution intervals: 1
Initialising ...
Using post-Aug94 ATCA flux scale for 1934-638.
Using known frequency variation of 1934-638
Generating initial solution estimate ...
Doing solution refinement ...
Iter= 1, Solution Error:  0.421
Iter= 2, Solution Error:  0.012
Iter= 3, Solution Error:  0.000
Saving solution ...

2018-08-07 10:07:46,635 [MainThread  ] [INFO ]  gpcal vis=1934-638.5500 refant=4 interval=0.1 nfbin=2 options=xyvary

gpcal: Revision 1.22, 2016/05/01 22:31:05 UTC

Applying bandpass corrections to 1934-638.5500
Number of antennae: 6
Using leakage parameters from input as initial guess
Reading the data ...
Number of solution intervals: 81
Total visibilities read: 1215
Number visibilities accepted: 1215
Using post-Aug94 ATCA flux scale for 1934-638.
Using IQUV =  5.0168,  0.0000,  0.0000,  0.0000 at   5.4521 GHz.
Using post-Aug94 ATCA flux scale for 1934-638.
Using IQUV =  5.5154,  0.0000,  0.0000,  0.0000 at   5.0331 GHz.
Using post-Aug94 ATCA flux scale for 1934-638.
Using IQUV =  4.5117,  0.0000,  0.0000,  0.0000 at   5.9530 GHz.
Iter= 1, Amplit/Phase Solution Error:   0.528
Iter= 1, Polarisation Solution Error:   0.000
Iter= 1, Overall Solution Error:        1.968
Iter= 2, Amplit/Phase Solution Error:   0.002
Iter= 2, Polarisation Solution Error:   0.000
Iter= 2, Overall Solution Error:        0.004
Iter= 3, Amplit/Phase Solution Error:   0.001
Iter= 3, Polarisation Solution Error:   0.000
Iter= 3, Overall Solution Error:        0.001
I flux density:   5.0168
Leakage terms:
 Ant 1:Dx,Dy = ( 0.00127,-0.00210),(-0.00006,-0.00136)
 Ant 2:Dx,Dy = ( 0.00351, 0.00631),(-0.00357, 0.00698)
 Ant 3:Dx,Dy = ( 0.00394, 0.00033),(-0.00789, 0.00010)
 Ant 4:Dx,Dy = ( 0.00620, 0.01858),(-0.00478, 0.01963)
 Ant 5:Dx,Dy = (-0.01708,-0.00103),( 0.01592,-0.00064)
 Ant 6:Dx,Dy = ( 0.00113,-0.02353),(-0.00066,-0.02328)
Solution for freq bin  1
Iter= 1, Amplit/Phase Solution Error:   0.516
Iter= 1, Polarisation Solution Error:   0.002
Iter= 1, Overall Solution Error:        1.953
Iter= 2, Amplit/Phase Solution Error:   0.002
Iter= 2, Polarisation Solution Error:   0.000
Iter= 2, Overall Solution Error:        0.004
Iter= 3, Amplit/Phase Solution Error:   0.001
Iter= 3, Polarisation Solution Error:   0.000
Iter= 3, Overall Solution Error:        0.001
I flux density:   5.5154
Leakage terms:
 Ant 1:Dx,Dy = ( 0.00134,-0.00156),(-0.00041,-0.00109)
 Ant 2:Dx,Dy = ( 0.00390, 0.00773),(-0.00386, 0.00799)
 Ant 3:Dx,Dy = ( 0.00345, 0.00024),(-0.00856, 0.00074)
 Ant 4:Dx,Dy = ( 0.00581, 0.01887),(-0.00484, 0.02044)
 Ant 5:Dx,Dy = (-0.01772,-0.00187),( 0.01556,-0.00132)
 Ant 6:Dx,Dy = ( 0.00044,-0.02539),(-0.00068,-0.02479)
Solution for freq bin  2
Iter= 1, Amplit/Phase Solution Error:   0.545
Iter= 1, Polarisation Solution Error:   0.003
Iter= 1, Overall Solution Error:        1.985
Iter= 2, Amplit/Phase Solution Error:   0.002
Iter= 2, Polarisation Solution Error:   0.000
Iter= 2, Overall Solution Error:        0.004
Iter= 3, Amplit/Phase Solution Error:   0.001
Iter= 3, Polarisation Solution Error:   0.000
Iter= 3, Overall Solution Error:        0.001
I flux density:   4.5117
Leakage terms:
 Ant 1:Dx,Dy = ( 0.00119,-0.00283),( 0.00042,-0.00171)
 Ant 2:Dx,Dy = ( 0.00298, 0.00442),(-0.00320, 0.00561)
 Ant 3:Dx,Dy = ( 0.00461, 0.00047),(-0.00695,-0.00077)
 Ant 4:Dx,Dy = ( 0.00673, 0.01820),(-0.00472, 0.01855)
 Ant 5:Dx,Dy = (-0.01622, 0.00008),( 0.01641, 0.00026)
 Ant 6:Dx,Dy = ( 0.00206,-0.02102),(-0.00063,-0.02125)

2018-08-07 10:07:46,794 [MainThread  ] [INFO ]  gpcopy vis=1934-638.5500 out=2312-319.5500

gpcopy: Revision 1.13, 2015/10/29 01:31:39 UTC

Copying leakage table
Copying gain table
Interpolation tolerance set to (minutes): 720.00
Copying bandpass table

2018-08-07 10:10:15,213 [MainThread  ] [INFO ]  pgflag vis=2312-319.5500 command='<b' stokes=i,q,u,v flagpar=8,5,5,3,6,3 options=nodisp

pgflag: Revision 1.30, 2016/10/05 23:06:50 UTC

Applying bandpass corrections to 2312-319.5500
Applying freq. dependent gain corrections to 2312-319.5500
Applying freq. dependent leakage correction to 2312-319.5500
Applying changes to dataset
Counts of correlations within selected channels:
 channel  Originally  Currently
 Good:      67926600   66800768    Changed to bad:    1125832
 Bad:        9525600   10651432    Changed to good:         0
 13.8% of the data is now flagged

2018-08-07 10:12:40,320 [MainThread  ] [INFO ]  pgflag vis=2312-319.5500 command='<b' stokes=i,v,q,u flagpar=8,2,2,3,6,3  options=nodisp

pgflag: Revision 1.30, 2016/10/05 23:06:50 UTC

Applying bandpass corrections to 2312-319.5500
Applying freq. dependent gain corrections to 2312-319.5500
Applying freq. dependent leakage correction to 2312-319.5500
Applying changes to dataset
Counts of correlations within selected channels:
 channel  Originally  Currently
 Good:      66800768   65743404    Changed to bad:    1057364
 Bad:       10651432   11708796    Changed to good:         0
 15.1% of the data is now flagged

2018-08-07 10:15:19,397 [MainThread  ] [INFO ]  pgflag vis=2312-319.5500 command='<b' stokes=i,v,u,q flagpar=8,2,2,3,6,3  options=nodisp

pgflag: Revision 1.30, 2016/10/05 23:06:50 UTC

Applying bandpass corrections to 2312-319.5500
Applying freq. dependent gain corrections to 2312-319.5500
Applying freq. dependent leakage correction to 2312-319.5500
Applying changes to dataset
Counts of correlations within selected channels:
 channel  Originally  Currently
 Good:      65743404   64476732    Changed to bad:    1266672
 Bad:       11708796   12975468    Changed to good:         0
 16.8% of the data is now flagged

2018-08-07 10:15:24,127 [MainThread  ] [INFO ]  gpcal vis=2312-319.5500 refant=4 interval=0.1 nfbin=2 options=xyvary,qusolve

gpcal: Revision 1.22, 2016/05/01 22:31:05 UTC

Applying bandpass corrections to 2312-319.5500
Number of antennae: 6
Using leakage parameters from input as initial guess
Reading the data ...
Number of solution intervals: 630
Total visibilities read: 9450
Number visibilities accepted: 9450
Iter= 1, Amplit/Phase Solution Error:   0.878
Iter= 1, Polarisation Solution Error:   0.009
Iter= 1, Overall Solution Error:        2.414
Iter= 2, Amplit/Phase Solution Error:   0.010
Iter= 2, Polarisation Solution Error:   0.000
Iter= 2, Overall Solution Error:        0.008
Iter= 3, Amplit/Phase Solution Error:   0.001
Iter= 3, Polarisation Solution Error:   0.000
Iter= 3, Overall Solution Error:        0.001
I flux density:   0.5164
Percent Q:  -0.367
Percent U:   0.893
Leakage terms:
 Ant 1:Dx,Dy = (-0.00226,-0.00052),(-0.00392, 0.00062)
 Ant 2:Dx,Dy = ( 0.00357, 0.00203),(-0.00302, 0.00311)
 Ant 3:Dx,Dy = ( 0.00240, 0.00081),(-0.00965, 0.00062)
 Ant 4:Dx,Dy = ( 0.00425, 0.01875),(-0.00631, 0.01983)
 Ant 5:Dx,Dy = (-0.01946,-0.00050),( 0.01361, 0.00026)
 Ant 6:Dx,Dy = (-0.00129,-0.02272),(-0.00350,-0.02228)
Solution for freq bin  1
Iter= 1, Amplit/Phase Solution Error:   0.876
Iter= 1, Polarisation Solution Error:   0.009
Iter= 1, Overall Solution Error:        2.384
Iter= 2, Amplit/Phase Solution Error:   0.011
Iter= 2, Polarisation Solution Error:   0.000
Iter= 2, Overall Solution Error:        0.008
Iter= 3, Amplit/Phase Solution Error:   0.001
Iter= 3, Polarisation Solution Error:   0.000
Iter= 3, Overall Solution Error:        0.001
Iter= 4, Amplit/Phase Solution Error:   0.000
Iter= 4, Polarisation Solution Error:   0.000
Iter= 4, Overall Solution Error:        0.000
I flux density:   0.5238
Percent Q:  -0.623
Percent U:   0.895
Leakage terms:
 Ant 1:Dx,Dy = (-0.00208, 0.00003),(-0.00407, 0.00091)
 Ant 2:Dx,Dy = ( 0.00375, 0.00396),(-0.00356, 0.00435)
 Ant 3:Dx,Dy = ( 0.00194, 0.00075),(-0.01034, 0.00116)
 Ant 4:Dx,Dy = ( 0.00362, 0.01936),(-0.00610, 0.02069)
 Ant 5:Dx,Dy = (-0.02025,-0.00125),( 0.01313,-0.00048)
 Ant 6:Dx,Dy = (-0.00158,-0.02495),(-0.00366,-0.02452)
Solution for freq bin  2
Iter= 1, Amplit/Phase Solution Error:   0.915
Iter= 1, Polarisation Solution Error:   0.009
Iter= 1, Overall Solution Error:        2.408
Iter= 2, Amplit/Phase Solution Error:   0.009
Iter= 2, Polarisation Solution Error:   0.000
Iter= 2, Overall Solution Error:        0.008
Iter= 3, Amplit/Phase Solution Error:   0.001
Iter= 3, Polarisation Solution Error:   0.000
Iter= 3, Overall Solution Error:        0.001
I flux density:   0.5121
Percent Q:  -0.069
Percent U:   0.903
Leakage terms:
 Ant 1:Dx,Dy = (-0.00253,-0.00094),(-0.00384, 0.00044)
 Ant 2:Dx,Dy = ( 0.00341, 0.00000),(-0.00242, 0.00191)
 Ant 3:Dx,Dy = ( 0.00282, 0.00096),(-0.00896, 0.00019)
 Ant 4:Dx,Dy = ( 0.00481, 0.01809),(-0.00669, 0.01892)
 Ant 5:Dx,Dy = (-0.01879, 0.00056),( 0.01397, 0.00121)
 Ant 6:Dx,Dy = (-0.00045,-0.02086),(-0.00280,-0.02049)

2018-08-07 10:18:40,343 [MainThread  ] [INFO ]  pgflag vis=2312-319.5500 command='<b' stokes=i,q,u,v flagpar=8,5,5,3,6,3 options=nodisp

pgflag: Revision 1.30, 2016/10/05 23:06:50 UTC

Applying bandpass corrections to 2312-319.5500
Applying freq. dependent gain corrections to 2312-319.5500
Applying freq. dependent leakage correction to 2312-319.5500
Applying changes to dataset
Counts of correlations within selected channels:
 channel  Originally  Currently
 Good:      64476732   62398740    Changed to bad:    2077992
 Bad:       12975468   15053460    Changed to good:         0
 19.4% of the data is now flagged

2018-08-07 10:21:13,919 [MainThread  ] [INFO ]  pgflag vis=2312-319.5500 command='<b' stokes=i,v,q,u flagpar=8,2,2,3,6,3  options=nodisp

pgflag: Revision 1.30, 2016/10/05 23:06:50 UTC

Applying bandpass corrections to 2312-319.5500
Applying freq. dependent gain corrections to 2312-319.5500
Applying freq. dependent leakage correction to 2312-319.5500
Applying changes to dataset
Counts of correlations within selected channels:
 channel  Originally  Currently
 Good:      62398740   60061112    Changed to bad:    2337628
 Bad:       15053460   17391088    Changed to good:         0
 22.5% of the data is now flagged

2018-08-07 10:24:06,119 [MainThread  ] [INFO ]  pgflag vis=2312-319.5500 command='<b' stokes=i,v,u,q flagpar=8,2,2,3,6,3  options=nodisp

pgflag: Revision 1.30, 2016/10/05 23:06:50 UTC

Applying bandpass corrections to 2312-319.5500
Applying freq. dependent gain corrections to 2312-319.5500
Applying freq. dependent leakage correction to 2312-319.5500
Applying changes to dataset
Counts of correlations within selected channels:
 channel  Originally  Currently
 Good:      60061112   57534404    Changed to bad:    2526708
 Bad:       17391088   19917796    Changed to good:         0
 25.7% of the data is now flagged

2018-08-07 10:24:14,573 [MainThread  ] [INFO ]  gpcal vis=2312-319.5500 refant=4 interval=0.1 nfbin=2 options=xyvary,qusolve

gpcal: Revision 1.22, 2016/05/01 22:31:05 UTC

Applying bandpass corrections to 2312-319.5500
Number of antennae: 6
Using leakage parameters from input as initial guess
Reading the data ...
Number of solution intervals: 630
Total visibilities read: 9450
Number visibilities accepted: 9449
Iter= 1, Amplit/Phase Solution Error:   0.878
Iter= 1, Polarisation Solution Error:   0.009
Iter= 1, Overall Solution Error:        2.414
Iter= 2, Amplit/Phase Solution Error:   0.010
Iter= 2, Polarisation Solution Error:   0.000
Iter= 2, Overall Solution Error:        0.014
Iter= 3, Amplit/Phase Solution Error:   0.001
Iter= 3, Polarisation Solution Error:   0.000
Iter= 3, Overall Solution Error:        0.002
Iter= 4, Amplit/Phase Solution Error:   0.000
Iter= 4, Polarisation Solution Error:   0.000
Iter= 4, Overall Solution Error:        0.000
I flux density:   0.5241
Percent Q:  -0.309
Percent U:   0.906
Leakage terms:
 Ant 1:Dx,Dy = (-0.00258,-0.00075),(-0.00399, 0.00018)
 Ant 2:Dx,Dy = ( 0.00274, 0.00288),(-0.00389, 0.00386)
 Ant 3:Dx,Dy = ( 0.00219, 0.00065),(-0.01026, 0.00054)
 Ant 4:Dx,Dy = ( 0.00404, 0.01861),(-0.00653, 0.01975)
 Ant 5:Dx,Dy = (-0.01979,-0.00073),( 0.01355,-0.00004)
 Ant 6:Dx,Dy = (-0.00169,-0.02264),(-0.00395,-0.02232)
Solution for freq bin  1
Iter= 1, Amplit/Phase Solution Error:   0.876
Iter= 1, Polarisation Solution Error:   0.009
Iter= 1, Overall Solution Error:        2.384
Iter= 2, Amplit/Phase Solution Error:   0.011
Iter= 2, Polarisation Solution Error:   0.000
Iter= 2, Overall Solution Error:        0.014
Iter= 3, Amplit/Phase Solution Error:   0.001
Iter= 3, Polarisation Solution Error:   0.000
Iter= 3, Overall Solution Error:        0.002
Iter= 4, Amplit/Phase Solution Error:   0.000
Iter= 4, Polarisation Solution Error:   0.000
Iter= 4, Overall Solution Error:        0.000
I flux density:   0.5301
Percent Q:  -0.519
Percent U:   0.922
Leakage terms:
 Ant 1:Dx,Dy = (-0.00264,-0.00008),(-0.00438, 0.00066)
 Ant 2:Dx,Dy = ( 0.00296, 0.00451),(-0.00434, 0.00485)
 Ant 3:Dx,Dy = ( 0.00151, 0.00083),(-0.01117, 0.00105)
 Ant 4:Dx,Dy = ( 0.00331, 0.01915),(-0.00652, 0.02047)
 Ant 5:Dx,Dy = (-0.02077,-0.00152),( 0.01284,-0.00066)
 Ant 6:Dx,Dy = (-0.00210,-0.02479),(-0.00414,-0.02446)
Solution for freq bin  2
Iter= 1, Amplit/Phase Solution Error:   0.915
Iter= 1, Polarisation Solution Error:   0.009
Iter= 1, Overall Solution Error:        3.854
Iter= 2, Amplit/Phase Solution Error:   0.013
Iter= 2, Polarisation Solution Error:   0.000
Iter= 2, Overall Solution Error:        0.119
Iter= 3, Amplit/Phase Solution Error:   0.002
Iter= 3, Polarisation Solution Error:   0.000
Iter= 3, Overall Solution Error:        0.122
Iter= 4, Amplit/Phase Solution Error:   0.003
Iter= 4, Polarisation Solution Error:   0.000
Iter= 4, Overall Solution Error:        0.126
Iter= 5, Amplit/Phase Solution Error:   0.003
Iter= 5, Polarisation Solution Error:   0.000
Iter= 5, Overall Solution Error:        0.134
Iter= 6, Amplit/Phase Solution Error:   0.003
Iter= 6, Polarisation Solution Error:   0.000
Iter= 6, Overall Solution Error:        0.147
Iter= 7, Amplit/Phase Solution Error:   0.003
Iter= 7, Polarisation Solution Error:   0.000
Iter= 7, Overall Solution Error:        0.163
Iter= 8, Amplit/Phase Solution Error:   0.004
Iter= 8, Polarisation Solution Error:   0.000
Iter= 8, Overall Solution Error:        0.181
Iter= 9, Amplit/Phase Solution Error:   0.004
Iter= 9, Polarisation Solution Error:   0.000
Iter= 9, Overall Solution Error:        0.189
Iter=10, Amplit/Phase Solution Error:   0.004
Iter=10, Polarisation Solution Error:   0.000
Iter=10, Overall Solution Error:        0.169
Iter=11, Amplit/Phase Solution Error:   0.006
Iter=11, Polarisation Solution Error:   0.000
Iter=11, Overall Solution Error:        0.128
Iter=12, Amplit/Phase Solution Error:   0.008
Iter=12, Polarisation Solution Error:   0.000
Iter=12, Overall Solution Error:        0.120
Iter=13, Amplit/Phase Solution Error:   0.010
Iter=13, Polarisation Solution Error:   0.000
Iter=13, Overall Solution Error:        0.094
Iter=14, Amplit/Phase Solution Error:   0.013
Iter=14, Polarisation Solution Error:   0.000
Iter=14, Overall Solution Error:        0.063
Iter=15, Amplit/Phase Solution Error:   0.016
Iter=15, Polarisation Solution Error:   0.000
Iter=15, Overall Solution Error:        0.067
Iter=16, Amplit/Phase Solution Error:   0.017
Iter=16, Polarisation Solution Error:   0.000
Iter=16, Overall Solution Error:        0.071
Iter=17, Amplit/Phase Solution Error:   0.018
Iter=17, Polarisation Solution Error:   0.000
Iter=17, Overall Solution Error:        0.073
Iter=18, Amplit/Phase Solution Error:   0.018
Iter=18, Polarisation Solution Error:   0.000
Iter=18, Overall Solution Error:        0.072
Iter=19, Amplit/Phase Solution Error:   0.018
Iter=19, Polarisation Solution Error:   0.000
Iter=19, Overall Solution Error:        0.067
Iter=20, Amplit/Phase Solution Error:   0.018
Iter=20, Polarisation Solution Error:   0.000
Iter=20, Overall Solution Error:        0.057
Iter=21, Amplit/Phase Solution Error:   0.018
Iter=21, Polarisation Solution Error:   0.000
Iter=21, Overall Solution Error:        0.046
Iter=22, Amplit/Phase Solution Error:   0.018
Iter=22, Polarisation Solution Error:   0.000
Iter=22, Overall Solution Error:        0.033
Iter=23, Amplit/Phase Solution Error:   0.018
Iter=23, Polarisation Solution Error:   0.000
Iter=23, Overall Solution Error:        0.022
Iter=24, Amplit/Phase Solution Error:   0.018
Iter=24, Polarisation Solution Error:   0.000
Iter=24, Overall Solution Error:        0.014
Iter=25, Amplit/Phase Solution Error:   0.018
Iter=25, Polarisation Solution Error:   0.000
Iter=25, Overall Solution Error:        0.013
Iter=26, Amplit/Phase Solution Error:   0.018
Iter=26, Polarisation Solution Error:   0.000
Iter=26, Overall Solution Error:        0.012
Iter=27, Amplit/Phase Solution Error:   0.018
Iter=27, Polarisation Solution Error:   0.000
Iter=27, Overall Solution Error:        0.011
Iter=28, Amplit/Phase Solution Error:   0.018
Iter=28, Polarisation Solution Error:   0.000
Iter=28, Overall Solution Error:        0.010
Iter=29, Amplit/Phase Solution Error:   0.018
Iter=29, Polarisation Solution Error:   0.000
Iter=29, Overall Solution Error:        0.009
Iter=30, Amplit/Phase Solution Error:   0.018
Iter=30, Polarisation Solution Error:   0.000
Iter=30, Overall Solution Error:        0.008
I flux density:   0.5295
Percent Q:   0.015
Percent U:   0.915
Leakage terms:
 Ant 1:Dx,Dy = (-0.00285,-0.00138),(-0.00388,-0.00022)
 Ant 2:Dx,Dy = ( 0.00221, 0.00109),(-0.00368, 0.00288)
 Ant 3:Dx,Dy = ( 0.00262, 0.00054),(-0.00956, 0.00013)
 Ant 4:Dx,Dy = ( 0.00446, 0.01800),(-0.00699, 0.01897)
 Ant 5:Dx,Dy = (-0.01915, 0.00043),( 0.01391, 0.00079)
 Ant 6:Dx,Dy = (-0.00100,-0.02074),(-0.00351,-0.02048)

2018-08-07 10:24:16,616 [MainThread  ] [INFO ]  gpboot vis=2312-319.5500 cal=1934-638.5500

gpboot: Revision 1.9, 2015/10/29 01:31:30 UTC

Secondary flux density scaled by:   0.981
Frequency bin  1 scaled by      :   0.984
Frequency bin  2 scaled by      :   0.950

2018-08-07 10:25:54,491 [MainThread  ] [INFO ]  gpcopy vis=2312-319.5500 out=b.5500

gpcopy: Revision 1.13, 2015/10/29 01:31:39 UTC

Copying leakage table
Copying gain table
Interpolation tolerance set to (minutes): 720.00
Copying bandpass table

2018-08-07 10:42:14,244 [MainThread  ] [INFO ]  pgflag vis=b.5500 command='<b' stokes=i,v,q,u flagpar=8,2,2,3,6,3  options=nodisp

pgflag: Revision 1.30, 2016/10/05 23:06:50 UTC

Applying bandpass corrections to b.5500
Applying freq. dependent gain corrections to b.5500
Applying freq. dependent leakage correction to b.5500
Applying changes to dataset
Counts of correlations within selected channels:
 channel  Originally  Currently
 Good:     420713640  393834992    Changed to bad:   26878648
 Bad:       58998240   85876888    Changed to good:         0
 17.9% of the data is now flagged

2018-08-07 11:00:55,644 [MainThread  ] [INFO ]  pgflag vis=b.5500 command='<b' stokes=i,v,u,q flagpar=8,2,2,3,6,3  options=nodisp

pgflag: Revision 1.30, 2016/10/05 23:06:50 UTC

Applying bandpass corrections to b.5500
Applying freq. dependent gain corrections to b.5500
Applying freq. dependent leakage correction to b.5500
Applying changes to dataset
Counts of correlations within selected channels:
 channel  Originally  Currently
 Good:     393834992  370340568    Changed to bad:   23494424
 Bad:       85876888  109371312    Changed to good:         0
 22.8% of the data is now flagged

2018-08-07 11:10:02,144 [MainThread  ] [INFO ]  uvsplit vis=b.5500

uvsplit: Revision 1.18, 2016/05/09 03:06:18 UTC

Creating b_721.5500
Creating b_722.5500
Creating b_723.5500
Creating b_724.5500
Creating b_725.5500
Creating b_726.5500
Creating b_727.5500
Creating b_728.5500
Creating b_729.5500
Creating b_730.5500
Creating b_731.5500
Creating b_732.5500
Creating b_733.5500
Creating b_734.5500
Creating b_735.5500
Creating b_736.5500
Creating b_737.5500
Creating b_738.5500
Creating b_739.5500
Creating b_740.5500
Creating b_741.5500
Creating b_742.5500
Creating b_743.5500
Creating b_744.5500
Creating b_745.5500
Creating b_746.5500
Creating b_747.5500
Creating b_748.5500
Creating b_749.5500
Creating b_750.5500
Creating b_751.5500
Creating b_752.5500
Creating b_753.5500
Creating b_754.5500
Creating b_755.5500
Creating b_756.5500
Creating b_757.5500
Creating b_758.5500
Creating b_759.5500
Creating b_760.5500
Creating b_761.5500
Creating b_762.5500
Creating b_763.5500
Creating b_764.5500
Creating b_765.5500
Creating b_766.5500
Creating b_767.5500
Creating b_768.5500
Creating b_769.5500
Creating b_770.5500
Creating b_771.5500
Creating b_772.5500
Creating b_773.5500
Creating b_774.5500
Creating b_775.5500
Creating b_776.5500
Creating b_777.5500
Creating b_778.5500
Creating b_779.5500
Creating b_780.5500
Creating b_781.5500
Creating b_782.5500
Creating b_783.5500
Creating b_784.5500
Creating b_785.5500
Creating b_786.5500
Creating b_787.5500
Creating b_788.5500
Creating b_789.5500
Creating b_790.5500
Creating b_791.5500
Creating b_792.5500
Creating b_793.5500
Creating b_794.5500
Creating b_795.5500
Creating b_796.5500
Creating b_797.5500
Creating b_798.5500
Creating b_799.5500
Creating b_800.5500
Creating b_801.5500
Creating b_802.5500
Creating b_803.5500
Creating b_804.5500
Creating b_805.5500
Creating b_806.5500
Creating b_807.5500
Creating b_808.5500
Creating b_809.5500
Creating b_810.5500
Creating b_811.5500
Creating b_812.5500
Creating b_813.5500
Creating b_814.5500
Creating b_815.5500
Creating b_816.5500
Creating b_817.5500
Creating b_818.5500
Creating b_819.5500
Creating b_820.5500
Creating b_821.5500
Creating b_822.5500
Creating b_823.5500
Creating b_824.5500
Creating b_825.5500
Creating b_826.5500
Creating b_827.5500
Creating b_828.5500
Creating b_829.5500
Creating b_830.5500
Creating b_831.5500
Creating b_832.5500
Creating b_833.5500
Creating b_834.5500
Creating b_835.5500
Creating b_836.5500
Creating b_837.5500
Creating b_838.5500
Creating b_839.5500
Creating b_840.5500
Creating b_841.5500
Creating b_842.5500
Creating b_843.5500
Creating b_844.5500
Creating b_845.5500
Creating b_846.5500
Creating b_847.5500
Creating b_848.5500
Creating b_849.5500
Creating b_850.5500
Creating b_851.5500
Creating b_852.5500
Creating b_853.5500
Creating b_854.5500
Creating b_855.5500
Creating b_856.5500
Creating b_857.5500
Creating b_858.5500
Creating b_859.5500
Creating b_860.5500
Creating b_861.5500
Creating b_862.5500
Creating b_863.5500
Creating b_864.5500
Creating b_865.5500
Creating b_866.5500
Creating b_867.5500
Creating b_868.5500
Creating b_869.5500
Creating b_870.5500
Creating b_871.5500
Creating b_872.5500
Creating b_873.5500
Creating b_874.5500
Creating b_875.5500
Creating b_876.5500
Creating b_877.5500
Creating b_878.5500
Creating b_879.5500
Creating b_880.5500
Creating b_881.5500
Creating b_882.5500
Creating b_883.5500
Creating b_884.5500
Creating b_885.5500
Creating b_886.5500
Creating b_887.5500
Creating b_888.5500
Creating b_889.5500
Creating b_890.5500
Creating b_891.5500
Creating b_892.5500
Creating b_893.5500
Creating b_894.5500
Creating b_895.5500
Creating b_896.5500
Creating b_897.5500
Creating b_898.5500
Creating b_899.5500
Creating b_900.5500
Creating b_901.5500
Creating b_902.5500
Creating b_903.5500
Creating b_904.5500
Creating b_905.5500
Creating b_906.5500
Creating b_907.5500
Creating b_908.5500
Creating b_909.5500
Creating b_910.5500
Creating b_911.5500
Creating b_912.5500
Creating b_913.5500
Creating b_914.5500
Creating b_915.5500
Creating b_916.5500
Creating b_917.5500
Creating b_918.5500
Creating b_919.5500
Creating b_920.5500
Creating b_921.5500
Creating b_922.5500
Creating b_923.5500
Creating b_924.5500
Creating b_925.5500
Creating b_926.5500
Creating b_927.5500
Creating b_928.5500
Creating b_929.5500
Creating b_930.5500
Creating b_931.5500
Creating b_932.5500
Creating b_933.5500
Creating b_934.5500
Creating b_935.5500
Creating b_936.5500
Creating b_937.5500
Creating b_938.5500
Creating b_939.5500
Creating b_940.5500
Creating b_941.5500
Creating b_942.5500
Creating b_943.5500
Creating b_944.5500
Creating b_945.5500
Creating b_946.5500
Creating b_947.5500
Creating b_948.5500
Creating b_949.5500
Creating b_950.5500
Creating b_951.5500
Creating b_952.5500
Creating b_953.5500
Creating b_954.5500
Creating b_955.5500
Creating b_956.5500
Creating b_957.5500
Creating b_958.5500
Creating b_959.5500
Creating b_960.5500

