2018-11-02 13:58:07,808 [MainThread  ] [INFO ]  atlod in=raw/2018-06-22_1317.C3132,raw/2018-06-22_1605.C3132,raw/2018-06-22_1851.C3132,raw/2018-06-22_2138.C3132,raw/2018-06-23_0025.C3132 out=data5.uv ifsel=1 options=birdie,rfiflag,noauto,xycorr

atlod: Revision 1.53, 2016/08/25 23:02:21 UTC

Processing file raw/2018-06-22_1317.C3132
 13:17:43 CAOBS> track 1
CABB data detected
Scan 1 started at 18JUN22:13:18:04.0
Source: 1934-638
Flagging channels in  28 frequency ranges
 13:27:54 CAOBS> stop
 13:28:07 CAOBS> set file c3132_obs_c1.sch
 13:28:13 CAOBS> start 9/99
Scan 2 started at 18JUN22:13:30:04.0
Source: 2312-319
Scan 3 started at 18JUN22:13:32:46.5
Source: c_81
Source: c_82
Source: c_83
Source: c_84
Source: c_85
Source: c_86
Source: c_87
Source: c_88
Source: c_89
Source: c_90
Source: c_91
Source: c_92
Source: c_93
Source: c_94
Source: c_95
Source: c_96
Source: c_97
Source: c_98
Source: c_99
Source: c_100
Scan 4 started at 18JUN22:13:46:28.0
Source: 2312-319
Scan 5 started at 18JUN22:13:49:16.0
Source: c_101
Source: c_102
Source: c_103
Source: c_104
Source: c_105
Source: c_106
Source: c_107
Source: c_108
Source: c_109
Source: c_110
Source: c_111
Source: c_112
Source: c_113
Source: c_114
Source: c_115
Source: c_116
Source: c_117
Source: c_118
Source: c_119
Source: c_120
Scan 6 started at 18JUN22:14:02:52.0
Source: 2312-319
Scan 7 started at 18JUN22:14:05:40.0
Source: c_121
Source: c_122
Source: c_123
Source: c_124
Source: c_125
Source: c_126
Source: c_127
Source: c_128
Source: c_129
Source: c_130
Source: c_131
Source: c_132
Source: c_133
Source: c_134
Source: c_135
Source: c_136
Source: c_137
Source: c_138
Source: c_139
Source: c_140
Scan 8 started at 18JUN22:14:19:16.0
Source: 2312-319
Scan 9 started at 18JUN22:14:21:58.0
Source: c_141
Source: c_142
Source: c_143
Source: c_144
Source: c_145
Source: c_146
Source: c_147
Source: c_148
Source: c_149
Source: c_150
Source: c_151
Source: c_152
Source: c_153
Source: c_154
Source: c_155
Source: c_156
Source: c_157
Source: c_158
Source: c_159
Source: c_160
Scan 10 started at 18JUN22:14:35:40.0
Source: 2312-319
Scan 11 started at 18JUN22:14:38:28.0
Source: c_161
Source: c_162
Source: c_163
Source: c_164
Source: c_165
Source: c_166
Source: c_167
Source: c_168
Source: c_169
Source: c_170
Source: c_171
Source: c_172
Source: c_173
Source: c_174
Source: c_175
Source: c_176
Source: c_177
Source: c_178
Source: c_179
Source: c_180
Scan 12 started at 18JUN22:14:52:04.0
Source: 2312-319
Scan 13 started at 18JUN22:14:54:44.7
Source: c_1
Source: c_2
Source: c_3
Source: c_4
Source: c_5
Source: c_6
Source: c_7
Source: c_8
Source: c_9
Source: c_10
Source: c_11
Source: c_12
Source: c_13
Source: c_14
Source: c_15
Source: c_16
Source: c_17
Source: c_18
Source: c_19
Source: c_20
Scan 14 started at 18JUN22:15:08:28.0
Source: 2312-319
Scan 15 started at 18JUN22:15:11:16.0
Source: c_21
Source: c_22
Source: c_23
Source: c_24
Source: c_25
Source: c_26
Source: c_27
Source: c_28
Source: c_29
Source: c_30
Source: c_31
Source: c_32
Source: c_33
Source: c_34
Source: c_35
Source: c_36
Source: c_37
Source: c_38
Source: c_39
Source: c_40
Scan 16 started at 18JUN22:15:24:52.0
Source: 2312-319
Scan 17 started at 18JUN22:15:27:40.0
Source: c_41
Source: c_42
Source: c_43
Source: c_44
Source: c_45
Source: c_46
Source: c_47
Source: c_48
Source: c_49
Source: c_50
Source: c_51
Source: c_52
Source: c_53
Source: c_54
Source: c_55
Source: c_56
Source: c_57
Source: c_58
Source: c_59
Source: c_60
Scan 18 started at 18JUN22:15:41:16.0
Source: 2312-319
Scan 19 started at 18JUN22:15:44:04.0
Source: c_61
Source: c_62
Source: c_63
Source: c_64
Source: c_65
Source: c_66
Source: c_67
Source: c_68
Source: c_69
Source: c_70
Source: c_71
Source: c_72
Source: c_73
Source: c_74
Source: c_75
Source: c_76
Source: c_77
Source: c_78
Source: c_79
Source: c_80
Scan 20 started at 18JUN22:15:57:40.0
Source: 2312-319
Scan 21 started at 18JUN22:16:00:28.0
Source: c_81
Source: c_82
Source: c_83
Source: c_84
Source: c_85
Source: c_86
Source: c_87
Source: c_88
RPFITS file version is 2.12
---------------------------------------
Total number of spectra selected: 72660

Summary of spectra flagged
Flagging Reason            Fraction
---------------            --------
Antenna off-source/off-line  4.82%
---------------------------------------
Processing file raw/2018-06-22_1605.C3132
CABB data detected
Scan 1 started at 18JUN22:16:05:08.0
Source: c_88
Source: c_89
Source: c_90
Source: c_91
Source: c_92
Source: c_93
Source: c_94
Source: c_95
Source: c_96
Source: c_97
Source: c_98
Source: c_99
Source: c_100
Scan 2 started at 18JUN22:16:14:04.0
Source: 2312-319
Scan 3 started at 18JUN22:16:17:00.0
Source: c_101
Source: c_102
Source: c_103
Source: c_104
Source: c_105
Source: c_106
Source: c_107
Source: c_108
Source: c_109
Source: c_110
Source: c_111
Source: c_112
Source: c_113
Source: c_114
Source: c_115
Source: c_116
Source: c_117
Source: c_118
Source: c_119
Source: c_120
Scan 4 started at 18JUN22:16:30:28.0
Source: 2312-319
Scan 5 started at 18JUN22:16:33:16.0
Source: c_121
Source: c_122
Source: c_123
Source: c_124
Source: c_125
Source: c_126
Source: c_127
Source: c_128
Source: c_129
Source: c_130
Source: c_131
Source: c_132
Source: c_133
Source: c_134
Source: c_135
Source: c_136
Source: c_137
Source: c_138
Source: c_139
Source: c_140
Scan 6 started at 18JUN22:16:46:52.0
Source: 2312-319
Scan 7 started at 18JUN22:16:49:34.0
Source: c_141
Source: c_142
Source: c_143
Source: c_144
Source: c_145
Source: c_146
Source: c_147
Source: c_148
Source: c_149
Source: c_150
Source: c_151
Source: c_152
Source: c_153
Source: c_154
Source: c_155
Source: c_156
Source: c_157
Source: c_158
Source: c_159
Source: c_160
Scan 8 started at 18JUN22:17:03:16.0
Source: 2312-319
Scan 9 started at 18JUN22:17:06:12.0
Source: c_161
Source: c_162
Source: c_163
Source: c_164
Source: c_165
Source: c_166
Source: c_167
Source: c_168
Source: c_169
Source: c_170
Source: c_171
Source: c_172
Source: c_173
Source: c_174
Source: c_175
Source: c_176
Source: c_177
Source: c_178
Source: c_179
Source: c_180
Scan 10 started at 18JUN22:17:19:40.0
Source: 2312-319
Scan 11 started at 18JUN22:17:22:20.7
Source: c_1
Source: c_2
Source: c_3
Source: c_4
Source: c_5
Source: c_6
Source: c_7
Source: c_8
Source: c_9
Source: c_10
Source: c_11
Source: c_12
Source: c_13
Source: c_14
Source: c_15
Source: c_16
Source: c_17
Source: c_18
Source: c_19
Source: c_20
Scan 12 started at 18JUN22:17:36:04.0
Source: 2312-319
Scan 13 started at 18JUN22:17:39:08.0
Source: c_21
Source: c_22
Source: c_23
Source: c_24
Source: c_25
Source: c_26
Source: c_27
Source: c_28
Source: c_29
Source: c_30
Source: c_31
Source: c_32
Source: c_33
Source: c_34
Source: c_35
Source: c_36
Source: c_37
Source: c_38
Source: c_39
Source: c_40
Scan 14 started at 18JUN22:17:52:36.0
Source: 2312-319
Scan 15 started at 18JUN22:17:55:40.0
Source: c_41
Source: c_42
Source: c_43
Source: c_44
Source: c_45
Source: c_46
Source: c_47
Source: c_48
Source: c_49
Source: c_50
Source: c_51
Source: c_52
Source: c_53
Source: c_54
Source: c_55
Source: c_56
Source: c_57
Source: c_58
Source: c_59
Source: c_60
Scan 16 started at 18JUN22:18:09:00.0
Source: 2312-319
Scan 17 started at 18JUN22:18:11:56.0
Source: c_61
Source: c_62
Source: c_63
Source: c_64
Source: c_65
Source: c_66
Source: c_67
Source: c_68
Source: c_69
Source: c_70
Source: c_71
Source: c_72
Source: c_73
Source: c_74
Source: c_75
Source: c_76
Source: c_77
Source: c_78
Source: c_79
Source: c_80
Scan 18 started at 18JUN22:18:25:24.0
Source: 2312-319
Scan 19 started at 18JUN22:18:28:28.0
Source: c_81
Source: c_82
Source: c_83
Source: c_84
Source: c_85
Source: c_86
Source: c_87
Source: c_88
Source: c_89
Source: c_90
Source: c_91
Source: c_92
Source: c_93
Source: c_94
Source: c_95
Source: c_96
Source: c_97
Source: c_98
Source: c_99
Source: c_100
Scan 20 started at 18JUN22:18:42:04.0
Source: 2312-319
Scan 21 started at 18JUN22:18:47:32.0
Source: c_103
Source: c_104
Source: c_106
RPFITS file version is 2.12
---------------------------------------
Total number of spectra selected: 72660

Summary of spectra flagged
Flagging Reason            Fraction
---------------            --------
Antenna off-source/off-line  9.55%
---------------------------------------
Processing file raw/2018-06-22_1851.C3132
CABB data detected
Scan 1 started at 18JUN22:18:56:28.0
Source: c_117
Source: c_118
Source: c_119
Source: c_120
Scan 2 started at 18JUN22:19:05:08.0
Source: 2312-319
Scan 3 started at 18JUN22:19:11:00.0
Source: c_121
Source: c_122
Source: c_123
Source: c_124
Source: c_125
Source: c_126
Source: c_127
Source: c_128
Source: c_129
Source: c_130
Source: c_131
Source: c_132
Source: c_133
Source: c_134
Source: c_135
Source: c_136
Source: c_137
Source: c_138
Source: c_139
Source: c_140
Scan 4 started at 18JUN22:19:24:20.0
Source: 2312-319
Scan 5 started at 18JUN22:19:27:10.5
Source: c_141
Source: c_142
Source: c_143
Source: c_144
Source: c_145
Source: c_146
Source: c_147
Source: c_148
Source: c_149
Source: c_150
Source: c_151
Source: c_152
Source: c_153
Source: c_154
Source: c_155
Source: c_156
Source: c_157
Source: c_158
Source: c_159
Source: c_160
Scan 6 started at 18JUN22:19:40:52.0
Source: 2312-319
Scan 7 started at 18JUN22:19:43:56.0
Source: c_161
Source: c_162
Source: c_163
Source: c_164
Source: c_165
Source: c_166
Source: c_167
Source: c_168
Source: c_169
Source: c_170
Source: c_171
Source: c_172
Source: c_173
Source: c_174
Source: c_175
Source: c_176
Source: c_177
Source: c_178
Source: c_179
Source: c_180
Scan 8 started at 18JUN22:19:57:24.0
Source: 2312-319
Scan 9 started at 18JUN22:20:00:12.7
Source: c_1
Source: c_2
Source: c_3
Source: c_4
Source: c_5
Source: c_6
Source: c_7
Source: c_8
Source: c_9
Source: c_10
Source: c_11
Source: c_12
Source: c_13
Source: c_14
Source: c_15
Source: c_16
Source: c_17
Source: c_18
Source: c_19
Source: c_20
Scan 10 started at 18JUN22:20:13:56.0
Source: 2312-319
Scan 11 started at 18JUN22:20:16:52.0
Source: c_21
Source: c_22
Source: c_23
Source: c_24
Source: c_25
Source: c_26
Source: c_27
Source: c_28
Source: c_29
Source: c_30
Source: c_31
Source: c_32
Source: c_33
Source: c_34
Source: c_35
Source: c_36
Source: c_37
Source: c_38
Source: c_39
Source: c_40
Scan 12 started at 18JUN22:20:30:20.0
Source: 2312-319
Scan 13 started at 18JUN22:20:33:24.0
Source: c_41
Source: c_42
Source: c_43
Source: c_44
Source: c_45
Source: c_46
Source: c_47
Source: c_48
Source: c_49
Source: c_50
Source: c_51
Source: c_52
Source: c_53
Source: c_54
Source: c_55
Source: c_56
Source: c_57
Source: c_58
Source: c_59
Source: c_60
Scan 14 started at 18JUN22:20:46:52.0
Source: 2312-319
Scan 15 started at 18JUN22:20:49:40.0
Source: c_61
Source: c_62
Source: c_63
Source: c_64
Source: c_65
Source: c_66
Source: c_67
Source: c_68
Source: c_69
Source: c_70
Source: c_71
Source: c_72
Source: c_73
Source: c_74
Source: c_75
Source: c_76
Source: c_77
Source: c_78
Source: c_79
Source: c_80
Scan 16 started at 18JUN22:21:03:16.0
Source: 2312-319
Scan 17 started at 18JUN22:21:06:04.0
Source: c_81
Source: c_82
Source: c_83
Source: c_84
Source: c_85
Source: c_86
Source: c_87
Source: c_88
Source: c_89
Source: c_90
Source: c_91
Source: c_92
Source: c_93
Source: c_94
Source: c_95
Source: c_96
Source: c_97
Source: c_98
Source: c_99
Source: c_100
Scan 18 started at 18JUN22:21:19:40.0
Source: 2312-319
Scan 19 started at 18JUN22:21:22:36.0
Source: c_101
Source: c_102
Source: c_103
Source: c_104
Source: c_105
Source: c_106
Source: c_107
Source: c_108
Source: c_109
Source: c_110
Source: c_111
Source: c_112
Source: c_113
Source: c_114
Source: c_115
Source: c_116
Source: c_117
Source: c_118
Source: c_119
Source: c_120
Scan 20 started at 18JUN22:21:36:04.0
Source: 2312-319
RPFITS file version is 2.12
---------------------------------------
Total number of spectra selected: 72660

Summary of spectra flagged
Flagging Reason            Fraction
---------------            --------
Antenna off-source/off-line  13.5%
---------------------------------------
Processing file raw/2018-06-22_2138.C3132
CABB data detected
Scan 1 started at 18JUN22:21:38:52.0
Source: c_121
Source: c_122
Source: c_123
Source: c_124
Source: c_125
Source: c_126
Source: c_127
Source: c_128
Source: c_129
Source: c_130
Source: c_131
Source: c_132
Source: c_133
Source: c_134
Source: c_135
Source: c_136
Source: c_137
Source: c_138
Source: c_139
Source: c_140
Scan 2 started at 18JUN22:21:52:28.0
Source: 2312-319
Scan 3 started at 18JUN22:21:55:10.0
Source: c_141
Source: c_142
Source: c_143
Source: c_144
Source: c_145
Source: c_146
Source: c_147
Source: c_148
Source: c_149
Source: c_150
Source: c_151
Source: c_152
Source: c_153
Source: c_154
Source: c_155
Source: c_156
Source: c_157
Source: c_158
Source: c_159
Source: c_160
Scan 4 started at 18JUN22:22:08:52.0
Source: 2312-319
Scan 5 started at 18JUN22:22:11:40.0
Source: c_161
Source: c_162
Source: c_163
Source: c_164
Source: c_165
Source: c_166
Source: c_167
Source: c_168
Source: c_169
Source: c_170
Source: c_171
Source: c_172
Source: c_173
Source: c_174
Source: c_175
Source: c_176
Source: c_177
Source: c_178
Source: c_179
Source: c_180
Scan 6 started at 18JUN22:22:25:16.0
Source: 2312-319
Scan 7 started at 18JUN22:22:27:56.7
Source: c_1
Source: c_2
Source: c_3
Source: c_4
Source: c_5
Source: c_6
Source: c_7
Source: c_8
Source: c_9
Source: c_10
Source: c_11
Source: c_12
Source: c_13
Source: c_14
Source: c_15
Source: c_16
Source: c_17
Source: c_18
Source: c_19
Source: c_20
Scan 8 started at 18JUN22:22:41:40.0
Source: 2312-319
Scan 9 started at 18JUN22:22:44:28.0
Source: c_21
Source: c_22
Source: c_23
Source: c_24
Source: c_25
Source: c_26
Source: c_27
Source: c_28
Source: c_29
Source: c_30
Source: c_31
Source: c_32
Source: c_33
Source: c_34
Source: c_35
Source: c_36
Source: c_37
Source: c_38
Source: c_39
Source: c_40
Scan 10 started at 18JUN22:22:58:04.0
Source: 2312-319
Scan 11 started at 18JUN22:23:00:52.0
Source: c_41
Source: c_42
Source: c_43
Source: c_44
Source: c_45
Source: c_46
Source: c_47
Source: c_48
Source: c_49
Source: c_50
Source: c_51
Source: c_52
Source: c_53
Source: c_54
Source: c_55
Source: c_56
Source: c_57
Source: c_58
Source: c_59
Source: c_60
Scan 12 started at 18JUN22:23:14:28.0
Source: 2312-319
Scan 13 started at 18JUN22:23:17:10.8
Source: c_61
Source: c_62
Source: c_63
Source: c_64
Source: c_65
Source: c_66
Source: c_67
Source: c_68
Source: c_69
Source: c_70
Source: c_71
Source: c_72
Source: c_73
Source: c_74
Source: c_75
Source: c_76
Source: c_77
Source: c_78
Source: c_79
Source: c_80
Scan 14 started at 18JUN22:23:30:52.0
Source: 2312-319
Scan 15 started at 18JUN22:23:33:34.8
Source: c_81
Source: c_82
Source: c_83
Source: c_84
Source: c_85
Source: c_86
Source: c_87
Source: c_88
Source: c_89
Source: c_90
Source: c_91
Source: c_92
Source: c_93
Source: c_94
Source: c_95
Source: c_96
Source: c_97
Source: c_98
Source: c_99
Source: c_100
Scan 16 started at 18JUN22:23:47:16.0
Source: 2312-319
Scan 17 started at 18JUN22:23:50:04.0
Source: c_101
Source: c_102
Source: c_103
Source: c_104
Source: c_105
Source: c_106
Source: c_107
Source: c_108
Source: c_109
Source: c_110
Source: c_111
Source: c_112
Source: c_113
Source: c_114
Source: c_115
Source: c_116
Source: c_117
Source: c_118
Source: c_119
Source: c_120
Scan 18 started at 18JUN23:00:03:40.0
Source: 2312-319
Scan 19 started at 18JUN23:00:06:28.0
Source: c_121
Source: c_122
Source: c_123
Source: c_124
Source: c_125
Source: c_126
Source: c_127
Source: c_128
Source: c_129
Source: c_130
Source: c_131
Source: c_132
Source: c_133
Source: c_134
Source: c_135
Source: c_136
Source: c_137
Source: c_138
Source: c_139
Source: c_140
Scan 20 started at 18JUN23:00:20:04.0
Source: 2312-319
Scan 21 started at 18JUN23:00:22:46.0
Source: c_141
Source: c_142
Source: c_143
Source: c_144
Source: c_145
RPFITS file version is 2.12
---------------------------------------
Total number of spectra selected: 72660

Summary of spectra flagged
Flagging Reason            Fraction
---------------            --------
Antenna off-source/off-line  3.80%
---------------------------------------
Processing file raw/2018-06-23_0025.C3132
CABB data detected
Scan 1 started at 18JUN23:00:25:32.0
Source: c_145
Source: c_146
Source: c_147
Source: c_148
Source: c_149
Source: c_150
Source: c_151
Source: c_152
Source: c_153
Source: c_154
Source: c_155
Source: c_156
Source: c_157
Source: c_158
Source: c_159
Source: c_160
Scan 2 started at 18JUN23:00:36:28.0
Source: 2312-319
Scan 3 started at 18JUN23:00:39:16.0
Source: c_161
Source: c_162
Source: c_163
Source: c_164
Source: c_165
Source: c_166
Source: c_167
Source: c_168
Source: c_169
Source: c_170
Source: c_171
Source: c_172
Source: c_173
Source: c_174
Source: c_175
Source: c_176
Source: c_177
Source: c_178
Source: c_179
Source: c_180
Scan 4 started at 18JUN23:00:52:52.0
Source: 2312-319
Scan 5 started at 18JUN23:00:55:32.7
Source: c_1
Source: c_2
Source: c_3
Source: c_4
 00:58:07 CAOBS> stop
 00:58:12 CAOBS> corr closef
RPFITS file version is 2.12
---------------------------------------
Total number of spectra selected: 14160

Summary of spectra flagged
Flagging Reason            Fraction
---------------            --------
Antenna off-source/off-line  3.81%
---------------------------------------

No CACAL data was detected

2018-11-02 13:58:38,385 [MainThread  ] [INFO ]  uvflag vis=data5.uv line=chan,6,1146,1 flagval=flag

uvflag: Revision 1.8, 2014/09/30 14:23:39 UTC


Set flags to indicate bad data in visibility file data5.uv
Linetype channel; select    6 channels; start 1146, width    1, step    1

Overview of flagging on visibility file data5.uv
Changed flags set to FALSE (data flagged as bad)
Total number of records selected: 281288; out of 281288 records
Antennas used: 1-6
Counts of correlations within selected channels
channel   Originally    Currently
Good:          843864.           0.    Changed to bad:      843864.
Bad:           843864.     1687728.

2018-11-02 13:59:03,430 [MainThread  ] [INFO ]  uvflag vis=data5.uv line=chan,30,1454,1 flagval=flag

uvflag: Revision 1.8, 2014/09/30 14:23:39 UTC


Set flags to indicate bad data in visibility file data5.uv
Linetype channel; select   30 channels; start 1454, width    1, step    1

Overview of flagging on visibility file data5.uv
Changed flags set to FALSE (data flagged as bad)
Total number of records selected: 281288; out of 281288 records
Antennas used: 1-6
Counts of correlations within selected channels
channel   Originally    Currently
Good:         8438640.           0.    Changed to bad:     8438640.
Bad:                0.     8438640.

2018-11-02 13:59:26,479 [MainThread  ] [INFO ]  uvflag vis=data5.uv line=chan,40,1964,1 flagval=flag

uvflag: Revision 1.8, 2014/09/30 14:23:39 UTC


Set flags to indicate bad data in visibility file data5.uv
Linetype channel; select   40 channels; start 1964, width    1, step    1

Overview of flagging on visibility file data5.uv
Changed flags set to FALSE (data flagged as bad)
Total number of records selected: 281288; out of 281288 records
Antennas used: 1-6
Counts of correlations within selected channels
channel   Originally    Currently
Good:               0.           0.    Changed to bad:           0.
Bad:         11251520.    11251520.

2018-11-02 14:00:18,581 [MainThread  ] [INFO ]  uvsplit vis=data5.uv options=mosaic

uvsplit: Revision 1.18, 2016/05/09 03:06:18 UTC

Creating 1934-638.5500
Creating 2312-319.5500
Creating c.5500

2018-11-02 14:00:31,206 [MainThread  ] [INFO ]  pgflag vis=1934-638.5500 command='<b' stokes=i,q,u,v flagpar=8,5,5,3,6,3 options=nodisp

pgflag: Revision 1.30, 2016/10/05 23:06:50 UTC

Applying changes to dataset
Counts of correlations within selected channels:
 channel  Originally  Currently
 Good:       7978680    7927108    Changed to bad:      51572
 Bad:        1118880    1170452    Changed to good:         0
 12.9% of the data is now flagged

2018-11-02 14:00:42,918 [MainThread  ] [INFO ]  pgflag vis=1934-638.5500 command='<b' stokes=i,v,q,u flagpar=8,2,2,3,6,3  options=nodisp

pgflag: Revision 1.30, 2016/10/05 23:06:50 UTC

Applying changes to dataset
Counts of correlations within selected channels:
 channel  Originally  Currently
 Good:       7927108    7882716    Changed to bad:      44392
 Bad:        1170452    1214844    Changed to good:         0
 13.4% of the data is now flagged

2018-11-02 14:00:54,585 [MainThread  ] [INFO ]  pgflag vis=1934-638.5500 command='<b' stokes=i,v,u,q flagpar=8,2,2,3,6,3  options=nodisp

pgflag: Revision 1.30, 2016/10/05 23:06:50 UTC

Applying changes to dataset
Counts of correlations within selected channels:
 channel  Originally  Currently
 Good:       7882716    7783876    Changed to bad:      98840
 Bad:        1214844    1313684    Changed to good:         0
 14.4% of the data is now flagged

2018-11-02 14:02:04,126 [MainThread  ] [INFO ]  mfcal vis=1934-638.5500 refant=4 interval=0.1
MfCal: $Revision: 1.20 $, $Date: 2017/05/08 02:31:10 $
Selecting parallel-hand polarisations
Reading the data ...
Number correlations accepted: 3891938
Number of frequency bands/settings: 1
Number of polarisations selected: 2
Number of solution intervals: 74
Number of passband solution intervals: 1
Initialising ...
Using post-Aug94 ATCA flux scale for 1934-638.
Using known frequency variation of 1934-638
Generating initial solution estimate ...
Doing solution refinement ...
Iter= 1, Solution Error:  0.421
Iter= 2, Solution Error:  0.003
Iter= 3, Solution Error:  0.000
Saving solution ...

2018-11-02 14:02:04,872 [MainThread  ] [INFO ]  gpcal vis=1934-638.5500 refant=4 interval=0.1 nfbin=2 options=xyvary

gpcal: Revision 1.22, 2016/05/01 22:31:05 UTC

Applying bandpass corrections to 1934-638.5500
Number of antennae: 6
Reading the data ...
Number of solution intervals: 74
Total visibilities read: 1110
Number visibilities accepted: 1110
Using post-Aug94 ATCA flux scale for 1934-638.
Using IQUV =  5.0166,  0.0000,  0.0000,  0.0000 at   5.4523 GHz.
Using post-Aug94 ATCA flux scale for 1934-638.
Using IQUV =  5.5171,  0.0000,  0.0000,  0.0000 at   5.0318 GHz.
Using post-Aug94 ATCA flux scale for 1934-638.
Using IQUV =  4.5128,  0.0000,  0.0000,  0.0000 at   5.9519 GHz.
Iter= 1, Amplit/Phase Solution Error:   0.042
Iter= 1, Polarisation Solution Error:   0.042
Iter= 1, Overall Solution Error:        0.212
Iter= 2, Amplit/Phase Solution Error:   0.002
Iter= 2, Polarisation Solution Error:   0.000
Iter= 2, Overall Solution Error:        0.004
Iter= 3, Amplit/Phase Solution Error:   0.000
Iter= 3, Polarisation Solution Error:   0.000
Iter= 3, Overall Solution Error:        0.000
I flux density:   5.0166
Leakage terms:
 Ant 1:Dx,Dy = ( 0.00122,-0.00445),(-0.00017,-0.00356)
 Ant 2:Dx,Dy = ( 0.00337, 0.00847),(-0.00302, 0.00888)
 Ant 3:Dx,Dy = ( 0.00483,-0.00152),(-0.00777,-0.00151)
 Ant 4:Dx,Dy = ( 0.00534, 0.01932),(-0.00387, 0.02035)
 Ant 5:Dx,Dy = (-0.01687,-0.00060),( 0.01635,-0.00017)
 Ant 6:Dx,Dy = ( 0.00213,-0.02288),(-0.00148,-0.02235)
Solution for freq bin  1
Iter= 1, Amplit/Phase Solution Error:   0.042
Iter= 1, Polarisation Solution Error:   0.045
Iter= 1, Overall Solution Error:        0.209
Iter= 2, Amplit/Phase Solution Error:   0.002
Iter= 2, Polarisation Solution Error:   0.000
Iter= 2, Overall Solution Error:        0.004
Iter= 3, Amplit/Phase Solution Error:   0.000
Iter= 3, Polarisation Solution Error:   0.000
Iter= 3, Overall Solution Error:        0.000
I flux density:   5.5171
Leakage terms:
 Ant 1:Dx,Dy = ( 0.00116,-0.00396),(-0.00064,-0.00298)
 Ant 2:Dx,Dy = ( 0.00307, 0.00961),(-0.00311, 0.00981)
 Ant 3:Dx,Dy = ( 0.00424,-0.00150),(-0.00839,-0.00074)
 Ant 4:Dx,Dy = ( 0.00488, 0.02025),(-0.00384, 0.02141)
 Ant 5:Dx,Dy = (-0.01727,-0.00197),( 0.01588,-0.00130)
 Ant 6:Dx,Dy = ( 0.00207,-0.02473),(-0.00176,-0.02389)
Solution for freq bin  2
Iter= 1, Amplit/Phase Solution Error:   0.043
Iter= 1, Polarisation Solution Error:   0.039
Iter= 1, Overall Solution Error:        0.216
Iter= 2, Amplit/Phase Solution Error:   0.002
Iter= 2, Polarisation Solution Error:   0.000
Iter= 2, Overall Solution Error:        0.004
Iter= 3, Amplit/Phase Solution Error:   0.000
Iter= 3, Polarisation Solution Error:   0.000
Iter= 3, Overall Solution Error:        0.000
I flux density:   4.5128
Leakage terms:
 Ant 1:Dx,Dy = ( 0.00131,-0.00510),( 0.00044,-0.00431)
 Ant 2:Dx,Dy = ( 0.00379, 0.00694),(-0.00291, 0.00765)
 Ant 3:Dx,Dy = ( 0.00562,-0.00154),(-0.00694,-0.00253)
 Ant 4:Dx,Dy = ( 0.00595, 0.01809),(-0.00391, 0.01894)
 Ant 5:Dx,Dy = (-0.01633, 0.00122),( 0.01698, 0.00133)
 Ant 6:Dx,Dy = ( 0.00221,-0.02041),(-0.00112,-0.02030)

2018-11-02 14:02:21,708 [MainThread  ] [INFO ]  pgflag vis=1934-638.5500 command='<b' stokes=i,q,u,v flagpar=8,5,5,3,6,3 options=nodisp

pgflag: Revision 1.30, 2016/10/05 23:06:50 UTC

Applying bandpass corrections to 1934-638.5500
Applying freq. dependent gain corrections to 1934-638.5500
Applying freq. dependent leakage correction to 1934-638.5500
Applying changes to dataset
Counts of correlations within selected channels:
 channel  Originally  Currently
 Good:       7783876    7765476    Changed to bad:      18400
 Bad:        1313684    1332084    Changed to good:         0
 14.6% of the data is now flagged

2018-11-02 14:02:38,169 [MainThread  ] [INFO ]  pgflag vis=1934-638.5500 command='<b' stokes=i,v,q,u flagpar=8,2,2,3,6,3  options=nodisp

pgflag: Revision 1.30, 2016/10/05 23:06:50 UTC

Applying bandpass corrections to 1934-638.5500
Applying freq. dependent gain corrections to 1934-638.5500
Applying freq. dependent leakage correction to 1934-638.5500
Applying changes to dataset
Counts of correlations within selected channels:
 channel  Originally  Currently
 Good:       7765476    7748560    Changed to bad:      16916
 Bad:        1332084    1349000    Changed to good:         0
 14.8% of the data is now flagged

2018-11-02 14:02:56,804 [MainThread  ] [INFO ]  pgflag vis=1934-638.5500 command='<b' stokes=i,v,u,q flagpar=8,2,2,3,6,3  options=nodisp

pgflag: Revision 1.30, 2016/10/05 23:06:50 UTC

Applying bandpass corrections to 1934-638.5500
Applying freq. dependent gain corrections to 1934-638.5500
Applying freq. dependent leakage correction to 1934-638.5500
Applying changes to dataset
Counts of correlations within selected channels:
 channel  Originally  Currently
 Good:       7748560    7732580    Changed to bad:      15980
 Bad:        1349000    1364980    Changed to good:         0
 15.0% of the data is now flagged

2018-11-02 14:04:09,795 [MainThread  ] [INFO ]  mfcal vis=1934-638.5500 refant=4 interval=0.1
MfCal: $Revision: 1.20 $, $Date: 2017/05/08 02:31:10 $
Selecting parallel-hand polarisations
Reading the data ...
Number correlations accepted: 3866290
Number of frequency bands/settings: 1
Number of polarisations selected: 2
Number of solution intervals: 74
Number of passband solution intervals: 1
Initialising ...
Using post-Aug94 ATCA flux scale for 1934-638.
Using known frequency variation of 1934-638
Generating initial solution estimate ...
Doing solution refinement ...
Iter= 1, Solution Error:  0.422
Iter= 2, Solution Error:  0.003
Iter= 3, Solution Error:  0.000
Saving solution ...

2018-11-02 14:04:10,744 [MainThread  ] [INFO ]  gpcal vis=1934-638.5500 refant=4 interval=0.1 nfbin=2 options=xyvary

gpcal: Revision 1.22, 2016/05/01 22:31:05 UTC

Applying bandpass corrections to 1934-638.5500
Number of antennae: 6
Using leakage parameters from input as initial guess
Reading the data ...
Number of solution intervals: 74
Total visibilities read: 1110
Number visibilities accepted: 1110
Using post-Aug94 ATCA flux scale for 1934-638.
Using IQUV =  5.0168,  0.0000,  0.0000,  0.0000 at   5.4522 GHz.
Using post-Aug94 ATCA flux scale for 1934-638.
Using IQUV =  5.5145,  0.0000,  0.0000,  0.0000 at   5.0338 GHz.
Using post-Aug94 ATCA flux scale for 1934-638.
Using IQUV =  4.5142,  0.0000,  0.0000,  0.0000 at   5.9503 GHz.
Iter= 1, Amplit/Phase Solution Error:   0.042
Iter= 1, Polarisation Solution Error:   0.000
Iter= 1, Overall Solution Error:        0.211
Iter= 2, Amplit/Phase Solution Error:   0.002
Iter= 2, Polarisation Solution Error:   0.000
Iter= 2, Overall Solution Error:        0.003
Iter= 3, Amplit/Phase Solution Error:   0.001
Iter= 3, Polarisation Solution Error:   0.000
Iter= 3, Overall Solution Error:        0.001
I flux density:   5.0168
Leakage terms:
 Ant 1:Dx,Dy = ( 0.00123,-0.00445),(-0.00017,-0.00355)
 Ant 2:Dx,Dy = ( 0.00338, 0.00847),(-0.00302, 0.00888)
 Ant 3:Dx,Dy = ( 0.00483,-0.00152),(-0.00777,-0.00151)
 Ant 4:Dx,Dy = ( 0.00534, 0.01932),(-0.00386, 0.02036)
 Ant 5:Dx,Dy = (-0.01687,-0.00061),( 0.01636,-0.00018)
 Ant 6:Dx,Dy = ( 0.00214,-0.02288),(-0.00149,-0.02235)
Solution for freq bin  1
Iter= 1, Amplit/Phase Solution Error:   0.042
Iter= 1, Polarisation Solution Error:   0.003
Iter= 1, Overall Solution Error:        0.209
Iter= 2, Amplit/Phase Solution Error:   0.002
Iter= 2, Polarisation Solution Error:   0.000
Iter= 2, Overall Solution Error:        0.003
Iter= 3, Amplit/Phase Solution Error:   0.001
Iter= 3, Polarisation Solution Error:   0.000
Iter= 3, Overall Solution Error:        0.001
I flux density:   5.5145
Leakage terms:
 Ant 1:Dx,Dy = ( 0.00117,-0.00396),(-0.00063,-0.00297)
 Ant 2:Dx,Dy = ( 0.00307, 0.00960),(-0.00310, 0.00980)
 Ant 3:Dx,Dy = ( 0.00425,-0.00150),(-0.00838,-0.00074)
 Ant 4:Dx,Dy = ( 0.00488, 0.02024),(-0.00383, 0.02141)
 Ant 5:Dx,Dy = (-0.01727,-0.00197),( 0.01589,-0.00130)
 Ant 6:Dx,Dy = ( 0.00209,-0.02472),(-0.00176,-0.02388)
Solution for freq bin  2
Iter= 1, Amplit/Phase Solution Error:   0.043
Iter= 1, Polarisation Solution Error:   0.004
Iter= 1, Overall Solution Error:        0.216
Iter= 2, Amplit/Phase Solution Error:   0.002
Iter= 2, Polarisation Solution Error:   0.000
Iter= 2, Overall Solution Error:        0.004
Iter= 3, Amplit/Phase Solution Error:   0.000
Iter= 3, Polarisation Solution Error:   0.000
Iter= 3, Overall Solution Error:        0.000
I flux density:   4.5142
Leakage terms:
 Ant 1:Dx,Dy = ( 0.00130,-0.00510),( 0.00044,-0.00431)
 Ant 2:Dx,Dy = ( 0.00379, 0.00696),(-0.00291, 0.00766)
 Ant 3:Dx,Dy = ( 0.00562,-0.00155),(-0.00696,-0.00254)
 Ant 4:Dx,Dy = ( 0.00595, 0.01810),(-0.00390, 0.01895)
 Ant 5:Dx,Dy = (-0.01634, 0.00121),( 0.01700, 0.00132)
 Ant 6:Dx,Dy = ( 0.00222,-0.02042),(-0.00113,-0.02031)

2018-11-02 14:04:10,809 [MainThread  ] [INFO ]  gpcopy vis=1934-638.5500 out=2312-319.5500

gpcopy: Revision 1.13, 2015/10/29 01:31:39 UTC

Copying leakage table
Copying gain table
Interpolation tolerance set to (minutes): 720.00
Copying bandpass table

2018-11-02 14:07:28,356 [MainThread  ] [INFO ]  pgflag vis=2312-319.5500 command='<b' stokes=i,q,u,v flagpar=8,5,5,3,6,3 options=nodisp

pgflag: Revision 1.30, 2016/10/05 23:06:50 UTC

Applying bandpass corrections to 2312-319.5500
Applying freq. dependent gain corrections to 2312-319.5500
Applying freq. dependent leakage correction to 2312-319.5500
Applying changes to dataset
Counts of correlations within selected channels:
 channel  Originally  Currently
 Good:      68070360   67668324    Changed to bad:     402036
 Bad:        9545760    9947796    Changed to good:         0
 12.8% of the data is now flagged

2018-11-02 14:10:59,801 [MainThread  ] [INFO ]  pgflag vis=2312-319.5500 command='<b' stokes=i,v,q,u flagpar=8,2,2,3,6,3  options=nodisp

pgflag: Revision 1.30, 2016/10/05 23:06:50 UTC

Applying bandpass corrections to 2312-319.5500
Applying freq. dependent gain corrections to 2312-319.5500
Applying freq. dependent leakage correction to 2312-319.5500
Applying changes to dataset
Counts of correlations within selected channels:
 channel  Originally  Currently
 Good:      67668324   67325036    Changed to bad:     343288
 Bad:        9947796   10291084    Changed to good:         0
 13.3% of the data is now flagged

2018-11-02 14:14:29,991 [MainThread  ] [INFO ]  pgflag vis=2312-319.5500 command='<b' stokes=i,v,u,q flagpar=8,2,2,3,6,3  options=nodisp

pgflag: Revision 1.30, 2016/10/05 23:06:50 UTC

Applying bandpass corrections to 2312-319.5500
Applying freq. dependent gain corrections to 2312-319.5500
Applying freq. dependent leakage correction to 2312-319.5500
Applying changes to dataset
Counts of correlations within selected channels:
 channel  Originally  Currently
 Good:      67325036   66949172    Changed to bad:     375864
 Bad:       10291084   10666948    Changed to good:         0
 13.7% of the data is now flagged

2018-11-02 14:14:35,477 [MainThread  ] [INFO ]  gpcal vis=2312-319.5500 refant=4 interval=0.1 nfbin=2 options=xyvary,qusolve

gpcal: Revision 1.22, 2016/05/01 22:31:05 UTC

Applying bandpass corrections to 2312-319.5500
Number of antennae: 6
Using leakage parameters from input as initial guess
Reading the data ...
Number of solution intervals: 631
Total visibilities read: 9470
Number visibilities accepted: 9460
Iter= 1, Amplit/Phase Solution Error:   0.171
Iter= 1, Polarisation Solution Error:   0.008
Iter= 1, Overall Solution Error:        0.987
Iter= 2, Amplit/Phase Solution Error:   0.008
Iter= 2, Polarisation Solution Error:   0.000
Iter= 2, Overall Solution Error:        0.007
Iter= 3, Amplit/Phase Solution Error:   0.001
Iter= 3, Polarisation Solution Error:   0.000
Iter= 3, Overall Solution Error:        0.001
I flux density:   0.5404
Percent Q:  -0.786
Percent U:  -0.119
Leakage terms:
 Ant 1:Dx,Dy = (-0.00019,-0.00485),(-0.00142,-0.00326)
 Ant 2:Dx,Dy = ( 0.00226, 0.00777),(-0.00439, 0.00919)
 Ant 3:Dx,Dy = ( 0.00373,-0.00212),(-0.00915,-0.00126)
 Ant 4:Dx,Dy = ( 0.00358, 0.01886),(-0.00461, 0.02062)
 Ant 5:Dx,Dy = (-0.01791,-0.00074),( 0.01518, 0.00043)
 Ant 6:Dx,Dy = ( 0.00124,-0.02303),(-0.00291,-0.02160)
Solution for freq bin  1
Iter= 1, Amplit/Phase Solution Error:   0.160
Iter= 1, Polarisation Solution Error:   0.006
Iter= 1, Overall Solution Error:        0.927
Iter= 2, Amplit/Phase Solution Error:   0.006
Iter= 2, Polarisation Solution Error:   0.000
Iter= 2, Overall Solution Error:        0.006
Iter= 3, Amplit/Phase Solution Error:   0.001
Iter= 3, Polarisation Solution Error:   0.000
Iter= 3, Overall Solution Error:        0.001
I flux density:   0.5433
Percent Q:  -0.622
Percent U:  -0.012
Leakage terms:
 Ant 1:Dx,Dy = (-0.00021,-0.00442),(-0.00204,-0.00236)
 Ant 2:Dx,Dy = ( 0.00177, 0.00900),(-0.00452, 0.01036)
 Ant 3:Dx,Dy = ( 0.00285,-0.00222),(-0.01011,-0.00027)
 Ant 4:Dx,Dy = ( 0.00259, 0.01972),(-0.00459, 0.02166)
 Ant 5:Dx,Dy = (-0.01870,-0.00245),( 0.01431,-0.00078)
 Ant 6:Dx,Dy = ( 0.00126,-0.02505),(-0.00350,-0.02320)
Solution for freq bin  2
Iter= 1, Amplit/Phase Solution Error:   0.184
Iter= 1, Polarisation Solution Error:   0.010
Iter= 1, Overall Solution Error:        1.047
Iter= 2, Amplit/Phase Solution Error:   0.010
Iter= 2, Polarisation Solution Error:   0.000
Iter= 2, Overall Solution Error:        0.008
Iter= 3, Amplit/Phase Solution Error:   0.001
Iter= 3, Polarisation Solution Error:   0.000
Iter= 3, Overall Solution Error:        0.001
I flux density:   0.5379
Percent Q:  -0.953
Percent U:  -0.228
Leakage terms:
 Ant 1:Dx,Dy = (-0.00020,-0.00529),(-0.00081,-0.00420)
 Ant 2:Dx,Dy = ( 0.00279, 0.00646),(-0.00421, 0.00793)
 Ant 3:Dx,Dy = ( 0.00462,-0.00203),(-0.00814,-0.00229)
 Ant 4:Dx,Dy = ( 0.00461, 0.01795),(-0.00462, 0.01950)
 Ant 5:Dx,Dy = (-0.01708, 0.00104),( 0.01607, 0.00169)
 Ant 6:Dx,Dy = ( 0.00138,-0.02084),(-0.00218,-0.01991)

2018-11-02 14:17:54,522 [MainThread  ] [INFO ]  pgflag vis=2312-319.5500 command='<b' stokes=i,q,u,v flagpar=8,5,5,3,6,3 options=nodisp

pgflag: Revision 1.30, 2016/10/05 23:06:50 UTC

Applying bandpass corrections to 2312-319.5500
Applying freq. dependent gain corrections to 2312-319.5500
Applying freq. dependent leakage correction to 2312-319.5500
Applying changes to dataset
Counts of correlations within selected channels:
 channel  Originally  Currently
 Good:      66949172   66638064    Changed to bad:     311108
 Bad:       10666948   10978056    Changed to good:         0
 14.1% of the data is now flagged

2018-11-02 14:21:32,203 [MainThread  ] [INFO ]  pgflag vis=2312-319.5500 command='<b' stokes=i,v,q,u flagpar=8,2,2,3,6,3  options=nodisp

pgflag: Revision 1.30, 2016/10/05 23:06:50 UTC

Applying bandpass corrections to 2312-319.5500
Applying freq. dependent gain corrections to 2312-319.5500
Applying freq. dependent leakage correction to 2312-319.5500
Applying changes to dataset
Counts of correlations within selected channels:
 channel  Originally  Currently
 Good:      66638064   66355624    Changed to bad:     282440
 Bad:       10978056   11260496    Changed to good:         0
 14.5% of the data is now flagged

2018-11-02 14:24:49,945 [MainThread  ] [INFO ]  pgflag vis=2312-319.5500 command='<b' stokes=i,v,u,q flagpar=8,2,2,3,6,3  options=nodisp

pgflag: Revision 1.30, 2016/10/05 23:06:50 UTC

Applying bandpass corrections to 2312-319.5500
Applying freq. dependent gain corrections to 2312-319.5500
Applying freq. dependent leakage correction to 2312-319.5500
Applying changes to dataset
Counts of correlations within selected channels:
 channel  Originally  Currently
 Good:      66355624   66093688    Changed to bad:     261936
 Bad:       11260496   11522432    Changed to good:         0
 14.8% of the data is now flagged

2018-11-02 14:24:55,523 [MainThread  ] [INFO ]  gpcal vis=2312-319.5500 refant=4 interval=0.1 nfbin=2 options=xyvary,qusolve

gpcal: Revision 1.22, 2016/05/01 22:31:05 UTC

Applying bandpass corrections to 2312-319.5500
Number of antennae: 6
Using leakage parameters from input as initial guess
Reading the data ...
Number of solution intervals: 631
Total visibilities read: 9470
Number visibilities accepted: 9460
Iter= 1, Amplit/Phase Solution Error:   0.171
Iter= 1, Polarisation Solution Error:   0.008
Iter= 1, Overall Solution Error:        0.987
Iter= 2, Amplit/Phase Solution Error:   0.008
Iter= 2, Polarisation Solution Error:   0.000
Iter= 2, Overall Solution Error:        0.007
Iter= 3, Amplit/Phase Solution Error:   0.001
Iter= 3, Polarisation Solution Error:   0.000
Iter= 3, Overall Solution Error:        0.001
I flux density:   0.5412
Percent Q:  -0.791
Percent U:  -0.118
Leakage terms:
 Ant 1:Dx,Dy = (-0.00019,-0.00489),(-0.00141,-0.00324)
 Ant 2:Dx,Dy = ( 0.00229, 0.00777),(-0.00436, 0.00920)
 Ant 3:Dx,Dy = ( 0.00374,-0.00213),(-0.00912,-0.00126)
 Ant 4:Dx,Dy = ( 0.00361, 0.01885),(-0.00457, 0.02062)
 Ant 5:Dx,Dy = (-0.01787,-0.00074),( 0.01519, 0.00043)
 Ant 6:Dx,Dy = ( 0.00127,-0.02301),(-0.00289,-0.02159)
Solution for freq bin  1
Iter= 1, Amplit/Phase Solution Error:   0.160
Iter= 1, Polarisation Solution Error:   0.006
Iter= 1, Overall Solution Error:        0.927
Iter= 2, Amplit/Phase Solution Error:   0.006
Iter= 2, Polarisation Solution Error:   0.000
Iter= 2, Overall Solution Error:        0.006
Iter= 3, Amplit/Phase Solution Error:   0.001
Iter= 3, Polarisation Solution Error:   0.000
Iter= 3, Overall Solution Error:        0.001
I flux density:   0.5440
Percent Q:  -0.626
Percent U:  -0.010
Leakage terms:
 Ant 1:Dx,Dy = (-0.00023,-0.00448),(-0.00203,-0.00231)
 Ant 2:Dx,Dy = ( 0.00178, 0.00899),(-0.00448, 0.01038)
 Ant 3:Dx,Dy = ( 0.00285,-0.00223),(-0.01008,-0.00027)
 Ant 4:Dx,Dy = ( 0.00261, 0.01971),(-0.00455, 0.02165)
 Ant 5:Dx,Dy = (-0.01865,-0.00244),( 0.01430,-0.00077)
 Ant 6:Dx,Dy = ( 0.00131,-0.02502),(-0.00349,-0.02320)
Solution for freq bin  2
Iter= 1, Amplit/Phase Solution Error:   0.184
Iter= 1, Polarisation Solution Error:   0.010
Iter= 1, Overall Solution Error:        1.047
Iter= 2, Amplit/Phase Solution Error:   0.010
Iter= 2, Polarisation Solution Error:   0.000
Iter= 2, Overall Solution Error:        0.008
Iter= 3, Amplit/Phase Solution Error:   0.001
Iter= 3, Polarisation Solution Error:   0.000
Iter= 3, Overall Solution Error:        0.001
I flux density:   0.5387
Percent Q:  -0.957
Percent U:  -0.228
Leakage terms:
 Ant 1:Dx,Dy = (-0.00019,-0.00530),(-0.00079,-0.00420)
 Ant 2:Dx,Dy = ( 0.00283, 0.00648),(-0.00419, 0.00794)
 Ant 3:Dx,Dy = ( 0.00463,-0.00204),(-0.00812,-0.00228)
 Ant 4:Dx,Dy = ( 0.00464, 0.01795),(-0.00458, 0.01952)
 Ant 5:Dx,Dy = (-0.01706, 0.00103),( 0.01609, 0.00167)
 Ant 6:Dx,Dy = ( 0.00140,-0.02086),(-0.00215,-0.01991)

2018-11-02 14:24:55,663 [MainThread  ] [INFO ]  gpboot vis=2312-319.5500 cal=1934-638.5500

gpboot: Revision 1.9, 2015/10/29 01:31:30 UTC

Secondary flux density scaled by:   0.997
Frequency bin  1 scaled by      :   1.001
Frequency bin  2 scaled by      :   1.001

2018-11-02 14:26:58,522 [MainThread  ] [INFO ]  gpcopy vis=2312-319.5500 out=c.5500

gpcopy: Revision 1.13, 2015/10/29 01:31:39 UTC

Copying leakage table
Copying gain table
Interpolation tolerance set to (minutes): 720.00
Copying bandpass table

2018-11-02 14:48:52,808 [MainThread  ] [INFO ]  pgflag vis=c.5500 command='<b' stokes=i,v,q,u flagpar=8,2,2,3,6,3  options=nodisp

pgflag: Revision 1.30, 2016/10/05 23:06:50 UTC

Applying bandpass corrections to c.5500
Applying freq. dependent gain corrections to c.5500
Applying freq. dependent leakage correction to c.5500
Applying changes to dataset
Counts of correlations within selected channels:
 channel  Originally  Currently
 Good:     429425496  417369688    Changed to bad:   12055808
 Bad:       60219936   72275744    Changed to good:         0
 14.8% of the data is now flagged

2018-11-02 15:06:24,057 [MainThread  ] [INFO ]  pgflag vis=c.5500 command='<b' stokes=i,v,u,q flagpar=8,2,2,3,6,3  options=nodisp

pgflag: Revision 1.30, 2016/10/05 23:06:50 UTC

Applying bandpass corrections to c.5500
Applying freq. dependent gain corrections to c.5500
Applying freq. dependent leakage correction to c.5500
Applying changes to dataset
Counts of correlations within selected channels:
 channel  Originally  Currently
 Good:     417369688  408233696    Changed to bad:    9135992
 Bad:       72275744   81411736    Changed to good:         0
 16.6% of the data is now flagged

2018-11-02 15:08:18,572 [MainThread  ] [INFO ]  uvsplit vis=c.5500

uvsplit: Revision 1.18, 2016/05/09 03:06:18 UTC

Creating c_81.5500
Creating c_82.5500
Creating c_83.5500
Creating c_84.5500
Creating c_85.5500
Creating c_86.5500
Creating c_87.5500
Creating c_88.5500
Creating c_89.5500
Creating c_90.5500
Creating c_91.5500
Creating c_92.5500
Creating c_93.5500
Creating c_94.5500
Creating c_95.5500
Creating c_96.5500
Creating c_97.5500
Creating c_98.5500
Creating c_99.5500
Creating c_100.5500
Creating c_101.5500
Creating c_102.5500
Creating c_103.5500
Creating c_104.5500
Creating c_105.5500
Creating c_106.5500
Creating c_107.5500
Creating c_108.5500
Creating c_109.5500
Creating c_110.5500
Creating c_111.5500
Creating c_112.5500
Creating c_113.5500
Creating c_114.5500
Creating c_115.5500
Creating c_116.5500
Creating c_117.5500
Creating c_118.5500
Creating c_119.5500
Creating c_120.5500
Creating c_121.5500
Creating c_122.5500
Creating c_123.5500
Creating c_124.5500
Creating c_125.5500
Creating c_126.5500
Creating c_127.5500
Creating c_128.5500
Creating c_129.5500
Creating c_130.5500
Creating c_131.5500
Creating c_132.5500
Creating c_133.5500
Creating c_134.5500
Creating c_135.5500
Creating c_136.5500
Creating c_137.5500
Creating c_138.5500
Creating c_139.5500
Creating c_140.5500
Creating c_141.5500
Creating c_142.5500
Creating c_143.5500
Creating c_144.5500
Creating c_145.5500
Creating c_146.5500
Creating c_147.5500
Creating c_148.5500
Creating c_149.5500
Creating c_150.5500
Creating c_151.5500
Creating c_152.5500
Creating c_153.5500
Creating c_154.5500
Creating c_155.5500
Creating c_156.5500
Creating c_157.5500
Creating c_158.5500
Creating c_159.5500
Creating c_160.5500
Creating c_161.5500
Creating c_162.5500
Creating c_163.5500
Creating c_164.5500
Creating c_165.5500
Creating c_166.5500
Creating c_167.5500
Creating c_168.5500
Creating c_169.5500
Creating c_170.5500
Creating c_171.5500
Creating c_172.5500
Creating c_173.5500
Creating c_174.5500
Creating c_175.5500
Creating c_176.5500
Creating c_177.5500
Creating c_178.5500
Creating c_179.5500
Creating c_180.5500
Creating c_1.5500
Creating c_2.5500
Creating c_3.5500
Creating c_4.5500
Creating c_5.5500
Creating c_6.5500
Creating c_7.5500
Creating c_8.5500
Creating c_9.5500
Creating c_10.5500
Creating c_11.5500
Creating c_12.5500
Creating c_13.5500
Creating c_14.5500
Creating c_15.5500
Creating c_16.5500
Creating c_17.5500
Creating c_18.5500
Creating c_19.5500
Creating c_20.5500
Creating c_21.5500
Creating c_22.5500
Creating c_23.5500
Creating c_24.5500
Creating c_25.5500
Creating c_26.5500
Creating c_27.5500
Creating c_28.5500
Creating c_29.5500
Creating c_30.5500
Creating c_31.5500
Creating c_32.5500
Creating c_33.5500
Creating c_34.5500
Creating c_35.5500
Creating c_36.5500
Creating c_37.5500
Creating c_38.5500
Creating c_39.5500
Creating c_40.5500
Creating c_41.5500
Creating c_42.5500
Creating c_43.5500
Creating c_44.5500
Creating c_45.5500
Creating c_46.5500
Creating c_47.5500
Creating c_48.5500
Creating c_49.5500
Creating c_50.5500
Creating c_51.5500
Creating c_52.5500
Creating c_53.5500
Creating c_54.5500
Creating c_55.5500
Creating c_56.5500
Creating c_57.5500
Creating c_58.5500
Creating c_59.5500
Creating c_60.5500
Creating c_61.5500
Creating c_62.5500
Creating c_63.5500
Creating c_64.5500
Creating c_65.5500
Creating c_66.5500
Creating c_67.5500
Creating c_68.5500
Creating c_69.5500
Creating c_70.5500
Creating c_71.5500
Creating c_72.5500
Creating c_73.5500
Creating c_74.5500
Creating c_75.5500
Creating c_76.5500
Creating c_77.5500
Creating c_78.5500
Creating c_79.5500
Creating c_80.5500

