2018-08-07 11:57:33,959 [MainThread  ] [INFO ]  atlod in=raw/2017-11-19_0317.C3132,raw/2017-11-19_0605.C3132,raw/2017-11-19_0852.C3132,raw/2017-11-19_1139.C3132,raw/2017-11-19_1426.C3132 out=data5.uv ifsel=1 options=birdie,rfiflag,noauto,xycorr

atlod: Revision 1.53, 2016/08/25 23:02:21 UTC

Processing file raw/2017-11-19_0317.C3132
 03:17:33 CAOBS> track 1
CABB data detected
Scan 1 started at 17NOV19:03:17:48.0
Source: 1934-638
Flagging channels in  28 frequency ranges
 03:29:43 CAOBS> stop
 03:30:17 CAOBS> set file c3132_obs_b6
 03:30:30 CAOBS> start 1/99
Scan 2 started at 17NOV19:03:32:20.0
Source: 2312-319
Scan 3 started at 17NOV19:03:35:08.0
Source: b_1201
Source: b_1202
Source: b_1203
Source: b_1204
Source: b_1205
Source: b_1206
Source: b_1207
Source: b_1208
Source: b_1209
Source: b_1210
Source: b_1211
Source: b_1212
Source: b_1213
Source: b_1214
Source: b_1215
Source: b_1216
Source: b_1217
Source: b_1218
Source: b_1219
Source: b_1220
Scan 4 started at 17NOV19:03:48:28.0
Source: 2312-319
Scan 5 started at 17NOV19:03:51:16.0
Source: b_1221
Source: b_1222
Source: b_1223
Source: b_1224
Source: b_1225
Source: b_1226
Source: b_1227
Source: b_1228
Source: b_1229
Source: b_1230
Source: b_1231
Source: b_1232
Source: b_1233
Source: b_1234
Source: b_1235
Source: b_1236
Source: b_1237
Source: b_1238
Source: b_1239
Source: b_1240
Scan 6 started at 17NOV19:04:04:36.0
Source: 2312-319
Scan 7 started at 17NOV19:04:07:24.0
Source: b_1241
Source: b_1242
Source: b_1243
Source: b_1244
Source: b_1245
Source: b_1246
Source: b_1247
Source: b_1248
Source: b_1249
Source: b_1250
Source: b_1251
Source: b_1252
Source: b_1253
Source: b_1254
Source: b_1255
Source: b_1256
Source: b_1257
Source: b_1258
Source: b_1259
Source: b_1260
Scan 8 started at 17NOV19:04:20:44.0
Source: 2312-319
Scan 9 started at 17NOV19:04:23:32.0
Source: b_1261
Source: b_1262
Source: b_1263
Source: b_1264
Source: b_1265
Source: b_1266
Source: b_1267
Source: b_1268
Source: b_1269
Source: b_1270
Source: b_1271
Source: b_1272
Source: b_1273
Source: b_1274
Source: b_1275
Source: b_1276
Source: b_1277
Source: b_1278
Source: b_1279
Source: b_1280
Scan 10 started at 17NOV19:04:36:52.0
Source: 2312-319
Scan 11 started at 17NOV19:04:39:40.0
Source: b_1281
Source: b_1282
Source: b_1283
Source: b_1284
Source: b_1285
Source: b_1286
Source: b_1287
Source: b_1288
Source: b_1289
Source: b_1290
Source: b_1291
Source: b_1292
Source: b_1293
Source: b_1294
Source: b_1295
Source: b_1296
Source: b_1297
Source: b_1298
Source: b_1299
Source: b_1300
Scan 12 started at 17NOV19:04:53:00.0
Source: 2312-319
Scan 13 started at 17NOV19:04:55:48.0
Source: b_1301
Source: b_1302
Source: b_1303
Source: b_1304
Source: b_1305
Source: b_1306
Source: b_1307
Source: b_1308
Source: b_1309
Source: b_1310
Source: b_1311
Source: b_1312
Source: b_1313
Source: b_1314
Source: b_1315
Source: b_1316
Source: b_1317
Source: b_1318
Source: b_1319
Source: b_1320
Scan 14 started at 17NOV19:05:09:08.0
Source: 2312-319
Scan 15 started at 17NOV19:05:11:56.0
Source: b_1321
Source: b_1322
Source: b_1323
Source: b_1324
Source: b_1325
Source: b_1326
Source: b_1327
Source: b_1328
Source: b_1329
Source: b_1330
Source: b_1331
Source: b_1332
Source: b_1333
Source: b_1334
Source: b_1335
Source: b_1336
Source: b_1337
Source: b_1338
Source: b_1339
Source: b_1340
Scan 16 started at 17NOV19:05:25:16.0
Source: 2312-319
Scan 17 started at 17NOV19:05:28:04.0
Source: b_1341
Source: b_1342
Source: b_1343
Source: b_1344
Source: b_1345
Source: b_1346
Source: b_1347
Source: b_1348
Source: b_1349
Source: b_1350
Source: b_1351
Source: b_1352
Source: b_1353
Source: b_1354
Source: b_1355
Source: b_1356
Source: b_1357
Source: b_1358
Source: b_1359
Scan 18 started at 17NOV19:05:40:44.0
Source: 2312-319
Scan 19 started at 17NOV19:05:43:32.0
Source: b_1360
Source: b_1361
Source: b_1362
Source: b_1363
Source: b_1364
Source: b_1365
Source: b_1366
Source: b_1367
Source: b_1368
Source: b_1369
Source: b_1370
Source: b_1371
Source: b_1372
Source: b_1373
Source: b_1374
Source: b_1375
Source: b_1376
Source: b_1377
Source: b_1378
Scan 20 started at 17NOV19:05:56:12.0
Source: 2312-319
Scan 21 started at 17NOV19:05:59:00.0
Source: b_1379
Source: b_1380
Source: b_1381
Source: b_1382
Source: b_1383
Source: b_1384
Source: b_1385
Source: b_1386
Source: b_1387
Source: b_1388
RPFITS file version is 2.12
---------------------------------------
Total number of spectra selected: 72660

Summary of spectra flagged
Flagging Reason            Fraction
---------------            --------
Antenna off-source/off-line  4.29%
---------------------------------------
Processing file raw/2017-11-19_0605.C3132
CABB data detected
Scan 1 started at 17NOV19:06:05:25.5
Source: b_1389
Source: b_1390
Source: b_1391
Source: b_1392
Source: b_1393
Source: b_1394
Source: b_1395
Source: b_1396
Source: b_1397
Scan 2 started at 17NOV19:06:11:40.0
Source: 2312-319
Scan 3 started at 17NOV19:06:14:28.0
Source: b_1398
Source: b_1399
Source: b_1400
Source: b_1401
Source: b_1402
Source: b_1403
Source: b_1404
Source: b_1405
Source: b_1406
Source: b_1407
Source: b_1408
Source: b_1409
Source: b_1410
Source: b_1411
Source: b_1412
Source: b_1413
Source: b_1414
Source: b_1415
Source: b_1416
Scan 4 started at 17NOV19:06:27:08.0
Source: 2312-319
Scan 5 started at 17NOV19:06:29:56.0
Source: b_1417
Source: b_1418
Source: b_1419
Source: b_1420
Source: b_1421
Source: b_1422
Source: b_1423
Source: b_1424
Source: b_1425
Source: b_1426
Source: b_1427
Source: b_1428
Source: b_1429
Source: b_1430
Source: b_1431
Source: b_1432
Source: b_1433
Source: b_1434
Source: b_1435
Scan 6 started at 17NOV19:06:42:36.0
Source: 2312-319
Scan 7 started at 17NOV19:06:45:24.0
Source: b_1201
Source: b_1202
Source: b_1203
Source: b_1204
Source: b_1205
Source: b_1206
Source: b_1207
Source: b_1208
Source: b_1209
Source: b_1210
Source: b_1211
Source: b_1212
Source: b_1213
Source: b_1214
Source: b_1215
Source: b_1216
Source: b_1217
Source: b_1218
Source: b_1219
Source: b_1220
Scan 8 started at 17NOV19:06:58:44.0
Source: 2312-319
Scan 9 started at 17NOV19:07:01:32.0
Source: b_1221
Source: b_1222
Source: b_1223
Source: b_1224
Source: b_1225
Source: b_1226
Source: b_1227
Source: b_1228
Source: b_1229
Source: b_1230
Source: b_1231
Source: b_1232
Source: b_1233
Source: b_1234
Source: b_1235
Source: b_1236
Source: b_1237
Source: b_1238
Source: b_1239
Source: b_1240
Scan 10 started at 17NOV19:07:14:52.0
Source: 2312-319
Scan 11 started at 17NOV19:07:17:40.0
Source: b_1241
Source: b_1242
Source: b_1243
Source: b_1244
Source: b_1245
Source: b_1246
Source: b_1247
Source: b_1248
Source: b_1249
Source: b_1250
Source: b_1251
Source: b_1252
Source: b_1253
Source: b_1254
Source: b_1255
Source: b_1256
Source: b_1257
Source: b_1258
Source: b_1259
Source: b_1260
Scan 12 started at 17NOV19:07:31:00.0
Source: 2312-319
Scan 13 started at 17NOV19:07:33:48.0
Source: b_1261
Source: b_1262
Source: b_1263
Source: b_1264
Source: b_1265
Source: b_1266
Source: b_1267
Source: b_1268
Source: b_1269
Source: b_1270
Source: b_1271
Source: b_1272
Source: b_1273
Source: b_1274
Source: b_1275
Source: b_1276
Source: b_1277
Source: b_1278
Source: b_1279
Source: b_1280
Scan 14 started at 17NOV19:07:47:08.0
Source: 2312-319
Scan 15 started at 17NOV19:07:49:56.0
Source: b_1281
Source: b_1282
Source: b_1283
Source: b_1284
Source: b_1285
Source: b_1286
Source: b_1287
Source: b_1288
Source: b_1289
Source: b_1290
Source: b_1291
Source: b_1292
Source: b_1293
Source: b_1294
Source: b_1295
Source: b_1296
Source: b_1297
Source: b_1298
Source: b_1299
Source: b_1300
Scan 16 started at 17NOV19:08:03:16.0
Source: 2312-319
Scan 17 started at 17NOV19:08:06:04.0
Source: b_1301
Source: b_1302
Source: b_1303
Source: b_1304
Source: b_1305
Source: b_1306
Source: b_1307
Source: b_1308
Source: b_1309
Source: b_1310
Source: b_1311
Source: b_1312
Source: b_1313
Source: b_1314
Source: b_1315
Source: b_1316
Source: b_1317
Source: b_1318
Source: b_1319
Source: b_1320
Scan 18 started at 17NOV19:08:19:24.0
Source: 2312-319
Scan 19 started at 17NOV19:08:22:12.0
Source: b_1321
Source: b_1322
Source: b_1323
Source: b_1324
Source: b_1325
Source: b_1326
Source: b_1327
Source: b_1328
Source: b_1329
Source: b_1330
Source: b_1331
Source: b_1332
Source: b_1333
Source: b_1334
Source: b_1335
Source: b_1336
Source: b_1337
Source: b_1338
Source: b_1339
Source: b_1340
Scan 20 started at 17NOV19:08:35:32.0
Source: 2312-319
Scan 21 started at 17NOV19:08:38:28.0
Source: b_1341
Source: b_1342
Source: b_1343
Source: b_1344
Source: b_1345
Source: b_1346
Source: b_1347
Source: b_1348
Source: b_1349
Source: b_1350
Source: b_1351
Source: b_1352
Source: b_1353
Source: b_1354
Source: b_1355
Source: b_1356
Source: b_1357
Source: b_1358
Source: b_1359
Scan 22 started at 17NOV19:08:51:16.0
Source: 2312-319
RPFITS file version is 2.12
---------------------------------------
Total number of spectra selected: 72660

Summary of spectra flagged
Flagging Reason            Fraction
---------------            --------
Antenna off-source/off-line  3.50%
---------------------------------------
Processing file raw/2017-11-19_0852.C3132
CABB data detected
Scan 1 started at 17NOV19:08:52:28.0
Source: 2312-319
Scan 2 started at 17NOV19:08:54:46.3
Source: b_1361
Source: b_1362
Source: b_1363
Source: b_1364
Source: b_1365
Source: b_1366
Source: b_1367
Source: b_1368
Source: b_1369
Source: b_1370
Source: b_1371
Source: b_1372
Source: b_1373
Source: b_1374
Source: b_1375
Source: b_1376
Source: b_1377
Source: b_1378
Scan 3 started at 17NOV19:09:07:16.0
Source: 2312-319
Scan 4 started at 17NOV19:09:12:04.0
Source: b_1381
Source: b_1382
Source: b_1383
Source: b_1384
Source: b_1385
Source: b_1386
Source: b_1387
Source: b_1388
Source: b_1389
Source: b_1390
Source: b_1391
Source: b_1392
Source: b_1393
Source: b_1394
Source: b_1395
Source: b_1396
Source: b_1397
Scan 5 started at 17NOV19:09:28:28.0
Source: 2312-319
Scan 6 started at 17NOV19:09:32:44.0
Source: b_1400
Source: b_1401
Source: b_1403
Source: b_1405
Source: b_1406
Source: b_1407
Source: b_1408
Source: b_1409
Source: b_1410
Source: b_1411
Source: b_1412
Source: b_1413
Source: b_1414
Source: b_1415
Source: b_1416
Scan 7 started at 17NOV19:09:44:12.0
Source: 2312-319
Scan 8 started at 17NOV19:09:47:08.0
Source: b_1417
Source: b_1418
Source: b_1419
Source: b_1420
Source: b_1421
Source: b_1422
Source: b_1423
Source: b_1424
Source: b_1425
Source: b_1426
Source: b_1427
Source: b_1428
Source: b_1429
Source: b_1430
Source: b_1431
Source: b_1432
Source: b_1433
Source: b_1434
Source: b_1435
Scan 9 started at 17NOV19:10:00:04.0
Source: 2312-319
Scan 10 started at 17NOV19:10:02:52.0
Source: b_1201
Source: b_1202
Source: b_1203
Source: b_1204
Source: b_1205
Source: b_1206
Source: b_1207
Source: b_1208
Source: b_1209
Source: b_1210
Source: b_1211
Source: b_1212
Source: b_1213
Source: b_1214
Source: b_1215
Source: b_1216
Source: b_1217
Source: b_1218
Source: b_1219
Source: b_1220
Scan 11 started at 17NOV19:10:16:20.0
Source: 2312-319
Scan 12 started at 17NOV19:10:19:16.0
Source: b_1221
Source: b_1222
Source: b_1223
Source: b_1224
Source: b_1225
Source: b_1226
Source: b_1227
Source: b_1228
Source: b_1229
Source: b_1230
Source: b_1231
Source: b_1232
Source: b_1233
Source: b_1234
Source: b_1235
Source: b_1236
Source: b_1237
Source: b_1238
Source: b_1239
Source: b_1240
Scan 13 started at 17NOV19:10:32:28.0
Source: 2312-319
Scan 14 started at 17NOV19:10:35:16.0
Source: b_1241
Source: b_1242
Source: b_1243
Source: b_1244
Source: b_1245
Source: b_1246
Source: b_1247
Source: b_1248
Source: b_1249
Source: b_1250
Source: b_1251
Source: b_1252
Source: b_1253
Source: b_1254
Source: b_1255
Source: b_1256
Source: b_1257
Source: b_1258
Source: b_1259
Source: b_1260
Scan 15 started at 17NOV19:10:48:36.0
Source: 2312-319
Scan 16 started at 17NOV19:10:51:24.0
Source: b_1261
Source: b_1262
Source: b_1263
Source: b_1264
Source: b_1265
Source: b_1266
Source: b_1267
Source: b_1268
Source: b_1269
Source: b_1270
Source: b_1271
Source: b_1272
Source: b_1273
Source: b_1274
Source: b_1275
Source: b_1276
Source: b_1277
Source: b_1278
Source: b_1279
Source: b_1280
Scan 17 started at 17NOV19:11:04:44.0
Source: 2312-319
Scan 18 started at 17NOV19:11:07:32.0
Source: b_1281
Source: b_1282
Source: b_1283
Source: b_1284
Source: b_1285
Source: b_1286
Source: b_1287
Source: b_1288
Source: b_1289
Source: b_1290
Source: b_1291
Source: b_1292
Source: b_1293
Source: b_1294
Source: b_1295
Source: b_1296
Source: b_1297
Source: b_1298
Source: b_1299
Source: b_1300
Scan 19 started at 17NOV19:11:20:52.0
Source: 2312-319
Scan 20 started at 17NOV19:11:23:40.0
Source: b_1301
Source: b_1302
Source: b_1303
Source: b_1304
Source: b_1305
Source: b_1306
Source: b_1307
Source: b_1308
Source: b_1309
Source: b_1310
Source: b_1311
Source: b_1312
Source: b_1313
Source: b_1314
Source: b_1315
Source: b_1316
Source: b_1317
Source: b_1318
Source: b_1319
Source: b_1320
Scan 21 started at 17NOV19:11:37:00.0
Source: 2312-319
RPFITS file version is 2.12
---------------------------------------
Total number of spectra selected: 72660

Summary of spectra flagged
Flagging Reason            Fraction
---------------            --------
Antenna off-source/off-line  12.8%
---------------------------------------
Processing file raw/2017-11-19_1139.C3132
CABB data detected
Scan 1 started at 17NOV19:11:39:48.0
Source: b_1321
Source: b_1322
Source: b_1323
Source: b_1324
Source: b_1325
Source: b_1326
Source: b_1327
Source: b_1328
Source: b_1329
Source: b_1330
Source: b_1331
Source: b_1332
Source: b_1333
Source: b_1334
Source: b_1335
Source: b_1336
Source: b_1337
Source: b_1338
Source: b_1339
Source: b_1340
Scan 2 started at 17NOV19:11:53:08.0
Source: 2312-319
Scan 3 started at 17NOV19:11:55:56.0
Source: b_1341
Source: b_1342
Source: b_1343
Source: b_1344
Source: b_1345
Source: b_1346
Source: b_1347
Source: b_1348
Source: b_1349
Source: b_1350
Source: b_1351
Source: b_1352
Source: b_1353
Source: b_1354
Source: b_1355
Source: b_1356
Source: b_1357
Source: b_1358
Source: b_1359
Scan 4 started at 17NOV19:12:08:36.0
Source: 2312-319
Scan 5 started at 17NOV19:12:11:24.0
Source: b_1360
Source: b_1361
Source: b_1362
Source: b_1363
Source: b_1364
Source: b_1365
Source: b_1366
Source: b_1367
Source: b_1368
Source: b_1369
Source: b_1370
Source: b_1371
Source: b_1372
Source: b_1373
Source: b_1374
Source: b_1375
Source: b_1376
Source: b_1377
Source: b_1378
Scan 6 started at 17NOV19:12:24:04.0
Source: 2312-319
Scan 7 started at 17NOV19:12:26:52.0
Source: b_1379
Source: b_1380
Source: b_1381
Source: b_1382
Source: b_1383
Source: b_1384
Source: b_1385
Source: b_1386
Source: b_1387
Source: b_1388
Source: b_1389
Source: b_1390
Source: b_1391
Source: b_1392
Source: b_1393
Source: b_1394
Source: b_1395
Source: b_1396
Source: b_1397
Scan 8 started at 17NOV19:12:39:32.0
Source: 2312-319
Scan 9 started at 17NOV19:12:42:20.0
Source: b_1398
Source: b_1399
Source: b_1400
Source: b_1401
Source: b_1402
Source: b_1403
Source: b_1404
Source: b_1405
Source: b_1406
Source: b_1407
Source: b_1408
Source: b_1409
Source: b_1410
Source: b_1411
Source: b_1412
Source: b_1413
Source: b_1414
Source: b_1415
Source: b_1416
Scan 10 started at 17NOV19:12:55:00.0
Source: 2312-319
Scan 11 started at 17NOV19:12:57:48.0
Source: b_1417
Source: b_1418
Source: b_1419
Source: b_1420
Source: b_1421
Source: b_1422
Source: b_1423
Source: b_1424
Source: b_1425
Source: b_1426
Source: b_1427
Source: b_1428
Source: b_1429
Source: b_1430
Source: b_1431
Source: b_1432
Source: b_1433
Source: b_1434
Source: b_1435
Scan 12 started at 17NOV19:13:10:28.0
Source: 2312-319
Scan 13 started at 17NOV19:13:13:16.0
Source: b_1201
Source: b_1202
Source: b_1203
Source: b_1204
Source: b_1205
Source: b_1206
Source: b_1207
Source: b_1208
Source: b_1209
Source: b_1210
Source: b_1211
Source: b_1212
Source: b_1213
Source: b_1214
Source: b_1215
Source: b_1216
Source: b_1217
Source: b_1218
Source: b_1219
Source: b_1220
Scan 14 started at 17NOV19:13:26:36.0
Source: 2312-319
Scan 15 started at 17NOV19:13:29:24.0
Source: b_1221
Source: b_1222
Source: b_1223
Source: b_1224
Source: b_1225
Source: b_1226
Source: b_1227
Source: b_1228
Source: b_1229
Source: b_1230
Source: b_1231
Source: b_1232
Source: b_1233
Source: b_1234
Source: b_1235
Source: b_1236
Source: b_1237
Source: b_1238
Source: b_1239
Source: b_1240
Scan 16 started at 17NOV19:13:42:44.0
Source: 2312-319
Scan 17 started at 17NOV19:13:45:32.0
Source: b_1241
Source: b_1242
Source: b_1243
Source: b_1244
Source: b_1245
Source: b_1246
Source: b_1247
Source: b_1248
Source: b_1249
Source: b_1250
Source: b_1251
Source: b_1252
Source: b_1253
Source: b_1254
Source: b_1255
Source: b_1256
Source: b_1257
Source: b_1258
Source: b_1259
Source: b_1260
Scan 18 started at 17NOV19:13:58:52.0
Source: 2312-319
Scan 19 started at 17NOV19:14:01:40.0
Source: b_1261
Source: b_1262
Source: b_1263
Source: b_1264
Source: b_1265
Source: b_1266
Source: b_1267
Source: b_1268
Source: b_1269
Source: b_1270
Source: b_1271
Source: b_1272
Source: b_1273
Source: b_1274
Source: b_1275
Source: b_1276
Source: b_1277
Source: b_1278
Source: b_1279
Source: b_1280
Scan 20 started at 17NOV19:14:15:00.0
Source: 2312-319
Scan 21 started at 17NOV19:14:17:48.0
Source: b_1281
Source: b_1282
Source: b_1283
Source: b_1284
Source: b_1285
Source: b_1286
Source: b_1287
Source: b_1288
Source: b_1289
Source: b_1290
Source: b_1291
Source: b_1292
Source: b_1293
Source: b_1294
RPFITS file version is 2.12
---------------------------------------
Total number of spectra selected: 72660

Summary of spectra flagged
Flagging Reason            Fraction
---------------            --------
Antenna off-source/off-line  3.47%
---------------------------------------
Processing file raw/2017-11-19_1426.C3132
CABB data detected
Scan 1 started at 17NOV19:14:26:20.0
Source: b_1294
Source: b_1295
Source: b_1296
Source: b_1297
Source: b_1298
Source: b_1299
Source: b_1300
Scan 2 started at 17NOV19:14:31:08.0
Source: 2312-319
Scan 3 started at 17NOV19:14:33:56.0
Source: b_1301
Source: b_1302
Source: b_1303
Source: b_1304
Source: b_1305
Source: b_1306
Source: b_1307
Source: b_1308
Source: b_1309
Source: b_1310
Source: b_1311
Source: b_1312
Source: b_1313
Source: b_1314
Source: b_1315
Source: b_1316
Source: b_1317
Source: b_1318
Source: b_1319
Source: b_1320
Scan 4 started at 17NOV19:14:47:16.0
Source: 2312-319
Scan 5 started at 17NOV19:14:50:04.0
Source: b_1321
Source: b_1322
Source: b_1323
Source: b_1324
Source: b_1325
Source: b_1326
Source: b_1327
Source: b_1328
Source: b_1329
Source: b_1330
Source: b_1331
Source: b_1332
Source: b_1333
Source: b_1334
Source: b_1335
Source: b_1336
Source: b_1337
Source: b_1338
Source: b_1339
Source: b_1340
Scan 6 started at 17NOV19:15:03:24.0
Source: 2312-319
Scan 7 started at 17NOV19:15:06:12.0
Source: b_1341
Source: b_1342
Source: b_1343
Source: b_1344
Source: b_1345
Source: b_1346
Source: b_1347
Source: b_1348
Source: b_1349
Source: b_1350
Source: b_1351
Source: b_1352
Source: b_1353
Source: b_1354
Source: b_1355
Source: b_1356
Source: b_1357
Source: b_1358
Source: b_1359
Scan 8 started at 17NOV19:15:18:52.0
Source: 2312-319
Scan 9 started at 17NOV19:15:21:40.0
Source: b_1360
Source: b_1361
 15:22:11 CAOBS> stop
 15:22:20 CAOBS> corr close file
RPFITS file version is 2.12
---------------------------------------
Total number of spectra selected: 24180

Summary of spectra flagged
Flagging Reason            Fraction
---------------            --------
Antenna off-source/off-line  3.97%
---------------------------------------

No CACAL data was detected

2018-08-07 11:58:09,210 [MainThread  ] [INFO ]  uvflag vis=data5.uv line=chan,6,1146,1 flagval=flag

uvflag: Revision 1.8, 2014/09/30 14:23:39 UTC


Set flags to indicate bad data in visibility file data5.uv
Linetype channel; select    6 channels; start 1146, width    1, step    1

Overview of flagging on visibility file data5.uv
Changed flags set to FALSE (data flagged as bad)
Total number of records selected: 296388; out of 296388 records
Antennas used: 1-6
Counts of correlations within selected channels
channel   Originally    Currently
Good:          889164.           0.    Changed to bad:      889164.
Bad:           889164.     1778328.

2018-08-07 11:58:28,799 [MainThread  ] [INFO ]  uvflag vis=data5.uv line=chan,30,1454,1 flagval=flag

uvflag: Revision 1.8, 2014/09/30 14:23:39 UTC


Set flags to indicate bad data in visibility file data5.uv
Linetype channel; select   30 channels; start 1454, width    1, step    1

Overview of flagging on visibility file data5.uv
Changed flags set to FALSE (data flagged as bad)
Total number of records selected: 296388; out of 296388 records
Antennas used: 1-6
Counts of correlations within selected channels
channel   Originally    Currently
Good:         8891640.           0.    Changed to bad:     8891640.
Bad:                0.     8891640.

2018-08-07 11:58:44,145 [MainThread  ] [INFO ]  uvflag vis=data5.uv line=chan,40,1964,1 flagval=flag

uvflag: Revision 1.8, 2014/09/30 14:23:39 UTC


Set flags to indicate bad data in visibility file data5.uv
Linetype channel; select   40 channels; start 1964, width    1, step    1

Overview of flagging on visibility file data5.uv
Changed flags set to FALSE (data flagged as bad)
Total number of records selected: 296388; out of 296388 records
Antennas used: 1-6
Counts of correlations within selected channels
channel   Originally    Currently
Good:               0.           0.    Changed to bad:           0.
Bad:         11855520.    11855520.

2018-08-07 11:59:25,412 [MainThread  ] [INFO ]  uvsplit vis=data5.uv options=mosaic

uvsplit: Revision 1.18, 2016/05/09 03:06:18 UTC

Creating 1934-638.5500
Creating 2312-319.5500
Creating b.5500

2018-08-07 11:59:38,324 [MainThread  ] [INFO ]  pgflag vis=1934-638.5500 command='<b' stokes=i,q,u,v flagpar=8,5,5,3,6,3 options=nodisp

pgflag: Revision 1.30, 2016/10/05 23:06:50 UTC

Applying changes to dataset
Counts of correlations within selected channels:
 channel  Originally  Currently
 Good:       9595980    9513968    Changed to bad:      82012
 Bad:        1345680    1427692    Changed to good:         0
 13.0% of the data is now flagged

2018-08-07 11:59:49,339 [MainThread  ] [INFO ]  pgflag vis=1934-638.5500 command='<b' stokes=i,v,q,u flagpar=8,2,2,3,6,3  options=nodisp

pgflag: Revision 1.30, 2016/10/05 23:06:50 UTC

Applying changes to dataset
Counts of correlations within selected channels:
 channel  Originally  Currently
 Good:       9513968    9451676    Changed to bad:      62292
 Bad:        1427692    1489984    Changed to good:         0
 13.6% of the data is now flagged

2018-08-07 12:00:01,710 [MainThread  ] [INFO ]  pgflag vis=1934-638.5500 command='<b' stokes=i,v,u,q flagpar=8,2,2,3,6,3  options=nodisp

pgflag: Revision 1.30, 2016/10/05 23:06:50 UTC

Applying changes to dataset
Counts of correlations within selected channels:
 channel  Originally  Currently
 Good:       9451676    9274300    Changed to bad:     177376
 Bad:        1489984    1667360    Changed to good:         0
 15.2% of the data is now flagged

2018-08-07 12:01:08,014 [MainThread  ] [INFO ]  mfcal vis=1934-638.5500 refant=4 interval=0.1
MfCal: $Revision: 1.20 $, $Date: 2017/05/08 02:31:10 $
Selecting parallel-hand polarisations
Reading the data ...
Number correlations accepted: 4637150
Number of frequency bands/settings: 1
Number of polarisations selected: 2
Number of solution intervals: 89
Number of passband solution intervals: 1
Initialising ...
Using post-Aug94 ATCA flux scale for 1934-638.
Using known frequency variation of 1934-638
Generating initial solution estimate ...
Doing solution refinement ...
Iter= 1, Solution Error:  0.419
Iter= 2, Solution Error:  0.008
Iter= 3, Solution Error:  0.000
Saving solution ...

2018-08-07 12:01:08,713 [MainThread  ] [INFO ]  gpcal vis=1934-638.5500 refant=4 interval=0.1 nfbin=2 options=xyvary

gpcal: Revision 1.22, 2016/05/01 22:31:05 UTC

Applying bandpass corrections to 1934-638.5500
Number of antennae: 6
Reading the data ...
Number of solution intervals: 89
Total visibilities read: 1335
Number visibilities accepted: 1335
Using post-Aug94 ATCA flux scale for 1934-638.
Using IQUV =  5.0179,  0.0000,  0.0000,  0.0000 at   5.4512 GHz.
Using post-Aug94 ATCA flux scale for 1934-638.
Using IQUV =  5.5185,  0.0000,  0.0000,  0.0000 at   5.0307 GHz.
Using post-Aug94 ATCA flux scale for 1934-638.
Using IQUV =  4.5107,  0.0000,  0.0000,  0.0000 at   5.9542 GHz.
Iter= 1, Amplit/Phase Solution Error:   0.372
Iter= 1, Polarisation Solution Error:   0.043
Iter= 1, Overall Solution Error:        1.007
Iter= 2, Amplit/Phase Solution Error:   0.002
Iter= 2, Polarisation Solution Error:   0.000
Iter= 2, Overall Solution Error:        0.003
Iter= 3, Amplit/Phase Solution Error:   0.001
Iter= 3, Polarisation Solution Error:   0.000
Iter= 3, Overall Solution Error:        0.001
I flux density:   5.0179
Leakage terms:
 Ant 1:Dx,Dy = ( 0.00166,-0.00213),(-0.00053,-0.00136)
 Ant 2:Dx,Dy = ( 0.00365, 0.00628),(-0.00407, 0.00705)
 Ant 3:Dx,Dy = ( 0.00360, 0.00052),(-0.00761, 0.00020)
 Ant 4:Dx,Dy = ( 0.00583, 0.01862),(-0.00490, 0.01960)
 Ant 5:Dx,Dy = (-0.01713,-0.00090),( 0.01573,-0.00057)
 Ant 6:Dx,Dy = ( 0.00026,-0.02374),(-0.00076,-0.02357)
Solution for freq bin  1
Iter= 1, Amplit/Phase Solution Error:   0.355
Iter= 1, Polarisation Solution Error:   0.045
Iter= 1, Overall Solution Error:        0.973
Iter= 2, Amplit/Phase Solution Error:   0.002
Iter= 2, Polarisation Solution Error:   0.000
Iter= 2, Overall Solution Error:        0.003
Iter= 3, Amplit/Phase Solution Error:   0.001
Iter= 3, Polarisation Solution Error:   0.000
Iter= 3, Overall Solution Error:        0.001
I flux density:   5.5185
Leakage terms:
 Ant 1:Dx,Dy = ( 0.00166,-0.00171),(-0.00078,-0.00111)
 Ant 2:Dx,Dy = ( 0.00406, 0.00763),(-0.00455, 0.00795)
 Ant 3:Dx,Dy = ( 0.00308, 0.00033),(-0.00838, 0.00060)
 Ant 4:Dx,Dy = ( 0.00576, 0.01883),(-0.00542, 0.02032)
 Ant 5:Dx,Dy = (-0.01783,-0.00138),( 0.01521,-0.00092)
 Ant 6:Dx,Dy = (-0.00105,-0.02553),(-0.00041,-0.02501)
Solution for freq bin  2
Iter= 1, Amplit/Phase Solution Error:   0.397
Iter= 1, Polarisation Solution Error:   0.040
Iter= 1, Overall Solution Error:        1.085
Iter= 2, Amplit/Phase Solution Error:   0.002
Iter= 2, Polarisation Solution Error:   0.000
Iter= 2, Overall Solution Error:        0.003
Iter= 3, Amplit/Phase Solution Error:   0.001
Iter= 3, Polarisation Solution Error:   0.000
Iter= 3, Overall Solution Error:        0.001
I flux density:   4.5107
Leakage terms:
 Ant 1:Dx,Dy = ( 0.00168,-0.00268),(-0.00021,-0.00170)
 Ant 2:Dx,Dy = ( 0.00309, 0.00446),(-0.00343, 0.00583)
 Ant 3:Dx,Dy = ( 0.00432, 0.00078),(-0.00655,-0.00035)
 Ant 4:Dx,Dy = ( 0.00592, 0.01835),(-0.00421, 0.01863)
 Ant 5:Dx,Dy = (-0.01621,-0.00027),( 0.01643,-0.00011)
 Ant 6:Dx,Dy = ( 0.00201,-0.02132),(-0.00122,-0.02162)

2018-08-07 12:01:25,950 [MainThread  ] [INFO ]  pgflag vis=1934-638.5500 command='<b' stokes=i,q,u,v flagpar=8,5,5,3,6,3 options=nodisp

pgflag: Revision 1.30, 2016/10/05 23:06:50 UTC

Applying bandpass corrections to 1934-638.5500
Applying freq. dependent gain corrections to 1934-638.5500
Applying freq. dependent leakage correction to 1934-638.5500
Applying changes to dataset
Counts of correlations within selected channels:
 channel  Originally  Currently
 Good:       9274300    9241932    Changed to bad:      32368
 Bad:        1667360    1699728    Changed to good:         0
 15.5% of the data is now flagged

2018-08-07 12:01:41,668 [MainThread  ] [INFO ]  pgflag vis=1934-638.5500 command='<b' stokes=i,v,q,u flagpar=8,2,2,3,6,3  options=nodisp

pgflag: Revision 1.30, 2016/10/05 23:06:50 UTC

Applying bandpass corrections to 1934-638.5500
Applying freq. dependent gain corrections to 1934-638.5500
Applying freq. dependent leakage correction to 1934-638.5500
Applying changes to dataset
Counts of correlations within selected channels:
 channel  Originally  Currently
 Good:       9241932    9214304    Changed to bad:      27628
 Bad:        1699728    1727356    Changed to good:         0
 15.8% of the data is now flagged

2018-08-07 12:01:56,473 [MainThread  ] [INFO ]  pgflag vis=1934-638.5500 command='<b' stokes=i,v,u,q flagpar=8,2,2,3,6,3  options=nodisp

pgflag: Revision 1.30, 2016/10/05 23:06:50 UTC

Applying bandpass corrections to 1934-638.5500
Applying freq. dependent gain corrections to 1934-638.5500
Applying freq. dependent leakage correction to 1934-638.5500
Applying changes to dataset
Counts of correlations within selected channels:
 channel  Originally  Currently
 Good:       9214304    9186476    Changed to bad:      27828
 Bad:        1727356    1755184    Changed to good:         0
 16.0% of the data is now flagged

2018-08-07 12:03:08,844 [MainThread  ] [INFO ]  mfcal vis=1934-638.5500 refant=4 interval=0.1
MfCal: $Revision: 1.20 $, $Date: 2017/05/08 02:31:10 $
Selecting parallel-hand polarisations
Reading the data ...
Number correlations accepted: 4593238
Number of frequency bands/settings: 1
Number of polarisations selected: 2
Number of solution intervals: 89
Number of passband solution intervals: 1
Initialising ...
Using post-Aug94 ATCA flux scale for 1934-638.
Using known frequency variation of 1934-638
Generating initial solution estimate ...
Doing solution refinement ...
Iter= 1, Solution Error:  0.421
Iter= 2, Solution Error:  0.008
Iter= 3, Solution Error:  0.000
Saving solution ...

2018-08-07 12:03:10,527 [MainThread  ] [INFO ]  gpcal vis=1934-638.5500 refant=4 interval=0.1 nfbin=2 options=xyvary

gpcal: Revision 1.22, 2016/05/01 22:31:05 UTC

Applying bandpass corrections to 1934-638.5500
Number of antennae: 6
Using leakage parameters from input as initial guess
Reading the data ...
Number of solution intervals: 89
Total visibilities read: 1335
Number visibilities accepted: 1335
Using post-Aug94 ATCA flux scale for 1934-638.
Using IQUV =  5.0178,  0.0000,  0.0000,  0.0000 at   5.4513 GHz.
Using post-Aug94 ATCA flux scale for 1934-638.
Using IQUV =  5.5157,  0.0000,  0.0000,  0.0000 at   5.0329 GHz.
Using post-Aug94 ATCA flux scale for 1934-638.
Using IQUV =  4.5120,  0.0000,  0.0000,  0.0000 at   5.9527 GHz.
Iter= 1, Amplit/Phase Solution Error:   0.372
Iter= 1, Polarisation Solution Error:   0.000
Iter= 1, Overall Solution Error:        1.006
Iter= 2, Amplit/Phase Solution Error:   0.002
Iter= 2, Polarisation Solution Error:   0.000
Iter= 2, Overall Solution Error:        0.003
Iter= 3, Amplit/Phase Solution Error:   0.001
Iter= 3, Polarisation Solution Error:   0.000
Iter= 3, Overall Solution Error:        0.001
I flux density:   5.0178
Leakage terms:
 Ant 1:Dx,Dy = ( 0.00167,-0.00213),(-0.00052,-0.00137)
 Ant 2:Dx,Dy = ( 0.00365, 0.00629),(-0.00406, 0.00704)
 Ant 3:Dx,Dy = ( 0.00360, 0.00051),(-0.00762, 0.00020)
 Ant 4:Dx,Dy = ( 0.00583, 0.01862),(-0.00488, 0.01961)
 Ant 5:Dx,Dy = (-0.01714,-0.00091),( 0.01572,-0.00057)
 Ant 6:Dx,Dy = ( 0.00027,-0.02375),(-0.00076,-0.02356)
Solution for freq bin  1
Iter= 1, Amplit/Phase Solution Error:   0.355
Iter= 1, Polarisation Solution Error:   0.002
Iter= 1, Overall Solution Error:        0.974
Iter= 2, Amplit/Phase Solution Error:   0.002
Iter= 2, Polarisation Solution Error:   0.000
Iter= 2, Overall Solution Error:        0.003
Iter= 3, Amplit/Phase Solution Error:   0.001
Iter= 3, Polarisation Solution Error:   0.000
Iter= 3, Overall Solution Error:        0.001
I flux density:   5.5157
Leakage terms:
 Ant 1:Dx,Dy = ( 0.00167,-0.00170),(-0.00077,-0.00111)
 Ant 2:Dx,Dy = ( 0.00407, 0.00764),(-0.00453, 0.00794)
 Ant 3:Dx,Dy = ( 0.00308, 0.00032),(-0.00838, 0.00060)
 Ant 4:Dx,Dy = ( 0.00576, 0.01883),(-0.00540, 0.02033)
 Ant 5:Dx,Dy = (-0.01785,-0.00140),( 0.01518,-0.00093)
 Ant 6:Dx,Dy = (-0.00104,-0.02553),(-0.00042,-0.02499)
Solution for freq bin  2
Iter= 1, Amplit/Phase Solution Error:   0.397
Iter= 1, Polarisation Solution Error:   0.003
Iter= 1, Overall Solution Error:        1.085
Iter= 2, Amplit/Phase Solution Error:   0.002
Iter= 2, Polarisation Solution Error:   0.000
Iter= 2, Overall Solution Error:        0.004
Iter= 3, Amplit/Phase Solution Error:   0.001
Iter= 3, Polarisation Solution Error:   0.000
Iter= 3, Overall Solution Error:        0.001
I flux density:   4.5120
Leakage terms:
 Ant 1:Dx,Dy = ( 0.00168,-0.00269),(-0.00019,-0.00171)
 Ant 2:Dx,Dy = ( 0.00308, 0.00449),(-0.00343, 0.00584)
 Ant 3:Dx,Dy = ( 0.00433, 0.00078),(-0.00656,-0.00035)
 Ant 4:Dx,Dy = ( 0.00592, 0.01835),(-0.00420, 0.01864)
 Ant 5:Dx,Dy = (-0.01622,-0.00028),( 0.01642,-0.00010)
 Ant 6:Dx,Dy = ( 0.00203,-0.02134),(-0.00123,-0.02164)

2018-08-07 12:03:11,103 [MainThread  ] [INFO ]  gpcopy vis=1934-638.5500 out=2312-319.5500

gpcopy: Revision 1.13, 2015/10/29 01:31:39 UTC

Copying leakage table
Copying gain table
Interpolation tolerance set to (minutes): 720.00
Copying bandpass table

2018-08-07 12:06:20,232 [MainThread  ] [INFO ]  pgflag vis=2312-319.5500 command='<b' stokes=i,q,u,v flagpar=8,5,5,3,6,3 options=nodisp

pgflag: Revision 1.30, 2016/10/05 23:06:50 UTC

Applying bandpass corrections to 2312-319.5500
Applying freq. dependent gain corrections to 2312-319.5500
Applying freq. dependent leakage correction to 2312-319.5500
Applying changes to dataset
Counts of correlations within selected channels:
 channel  Originally  Currently
 Good:      72893508   72290280    Changed to bad:     603228
 Bad:       10222128   10825356    Changed to good:         0
 13.0% of the data is now flagged

2018-08-07 12:09:19,271 [MainThread  ] [INFO ]  pgflag vis=2312-319.5500 command='<b' stokes=i,v,q,u flagpar=8,2,2,3,6,3  options=nodisp

pgflag: Revision 1.30, 2016/10/05 23:06:50 UTC

Applying bandpass corrections to 2312-319.5500
Applying freq. dependent gain corrections to 2312-319.5500
Applying freq. dependent leakage correction to 2312-319.5500
Applying changes to dataset
Counts of correlations within selected channels:
 channel  Originally  Currently
 Good:      72290280   71815224    Changed to bad:     475056
 Bad:       10825356   11300412    Changed to good:         0
 13.6% of the data is now flagged

2018-08-07 12:12:59,212 [MainThread  ] [INFO ]  pgflag vis=2312-319.5500 command='<b' stokes=i,v,u,q flagpar=8,2,2,3,6,3  options=nodisp

pgflag: Revision 1.30, 2016/10/05 23:06:50 UTC

Applying bandpass corrections to 2312-319.5500
Applying freq. dependent gain corrections to 2312-319.5500
Applying freq. dependent leakage correction to 2312-319.5500
Applying changes to dataset
Counts of correlations within selected channels:
 channel  Originally  Currently
 Good:      71815224   71320140    Changed to bad:     495084
 Bad:       11300412   11795496    Changed to good:         0
 14.2% of the data is now flagged

2018-08-07 12:13:15,371 [MainThread  ] [INFO ]  gpcal vis=2312-319.5500 refant=4 interval=0.1 nfbin=2 options=xyvary,qusolve

gpcal: Revision 1.22, 2016/05/01 22:31:05 UTC

Applying bandpass corrections to 2312-319.5500
Number of antennae: 6
Using leakage parameters from input as initial guess
Reading the data ...
Number of solution intervals: 678
Total visibilities read: 10141
Number visibilities accepted: 10141
Iter= 1, Amplit/Phase Solution Error:   0.858
Iter= 1, Polarisation Solution Error:   0.008
Iter= 1, Overall Solution Error:        2.317
Iter= 2, Amplit/Phase Solution Error:   0.012
Iter= 2, Polarisation Solution Error:   0.000
Iter= 2, Overall Solution Error:        0.009
Iter= 3, Amplit/Phase Solution Error:   0.001
Iter= 3, Polarisation Solution Error:   0.000
Iter= 3, Overall Solution Error:        0.001
I flux density:   0.5608
Percent Q:  -0.794
Percent U:   0.820
Leakage terms:
 Ant 1:Dx,Dy = ( 0.00067,-0.00277),(-0.00135,-0.00165)
 Ant 2:Dx,Dy = ( 0.00295, 0.00579),(-0.00429, 0.00672)
 Ant 3:Dx,Dy = ( 0.00323, 0.00030),(-0.00793, 0.00020)
 Ant 4:Dx,Dy = ( 0.00518, 0.01867),(-0.00509, 0.01983)
 Ant 5:Dx,Dy = (-0.01741,-0.00065),( 0.01508,-0.00023)
 Ant 6:Dx,Dy = ( 0.00004,-0.02331),(-0.00176,-0.02290)
Solution for freq bin  1
Iter= 1, Amplit/Phase Solution Error:   0.790
Iter= 1, Polarisation Solution Error:   0.010
Iter= 1, Overall Solution Error:        2.217
Iter= 2, Amplit/Phase Solution Error:   0.013
Iter= 2, Polarisation Solution Error:   0.000
Iter= 2, Overall Solution Error:        0.010
Iter= 3, Amplit/Phase Solution Error:   0.001
Iter= 3, Polarisation Solution Error:   0.000
Iter= 3, Overall Solution Error:        0.001
I flux density:   0.5621
Percent Q:  -1.049
Percent U:   0.820
Leakage terms:
 Ant 1:Dx,Dy = ( 0.00069,-0.00213),(-0.00174,-0.00151)
 Ant 2:Dx,Dy = ( 0.00343, 0.00773),(-0.00479, 0.00767)
 Ant 3:Dx,Dy = ( 0.00253, 0.00023),(-0.00902, 0.00077)
 Ant 4:Dx,Dy = ( 0.00496, 0.01894),(-0.00556, 0.02049)
 Ant 5:Dx,Dy = (-0.01832,-0.00110),( 0.01451,-0.00094)
 Ant 6:Dx,Dy = (-0.00140,-0.02532),(-0.00152,-0.02482)
Solution for freq bin  2
Iter= 1, Amplit/Phase Solution Error:   0.921
Iter= 1, Polarisation Solution Error:   0.008
Iter= 1, Overall Solution Error:        2.324
Iter= 2, Amplit/Phase Solution Error:   0.010
Iter= 2, Polarisation Solution Error:   0.000
Iter= 2, Overall Solution Error:        0.008
Iter= 3, Amplit/Phase Solution Error:   0.001
Iter= 3, Polarisation Solution Error:   0.000
Iter= 3, Overall Solution Error:        0.001
I flux density:   0.5621
Percent Q:  -0.546
Percent U:   0.840
Leakage terms:
 Ant 1:Dx,Dy = ( 0.00075,-0.00336),(-0.00085,-0.00171)
 Ant 2:Dx,Dy = ( 0.00274, 0.00395),(-0.00360, 0.00598)
 Ant 3:Dx,Dy = ( 0.00399, 0.00046),(-0.00672,-0.00028)
 Ant 4:Dx,Dy = ( 0.00543, 0.01832),(-0.00463, 0.01906)
 Ant 5:Dx,Dy = (-0.01644,-0.00022),( 0.01575, 0.00045)
 Ant 6:Dx,Dy = ( 0.00182,-0.02158),(-0.00167,-0.02107)

2018-08-07 12:16:31,183 [MainThread  ] [INFO ]  pgflag vis=2312-319.5500 command='<b' stokes=i,q,u,v flagpar=8,5,5,3,6,3 options=nodisp

pgflag: Revision 1.30, 2016/10/05 23:06:50 UTC

Applying bandpass corrections to 2312-319.5500
Applying freq. dependent gain corrections to 2312-319.5500
Applying freq. dependent leakage correction to 2312-319.5500
Applying changes to dataset
Counts of correlations within selected channels:
 channel  Originally  Currently
 Good:      71320140   70889000    Changed to bad:     431140
 Bad:       11795496   12226636    Changed to good:         0
 14.7% of the data is now flagged

2018-08-07 12:19:25,983 [MainThread  ] [INFO ]  pgflag vis=2312-319.5500 command='<b' stokes=i,v,q,u flagpar=8,2,2,3,6,3  options=nodisp

pgflag: Revision 1.30, 2016/10/05 23:06:50 UTC

Applying bandpass corrections to 2312-319.5500
Applying freq. dependent gain corrections to 2312-319.5500
Applying freq. dependent leakage correction to 2312-319.5500
Applying changes to dataset
Counts of correlations within selected channels:
 channel  Originally  Currently
 Good:      70889000   70499788    Changed to bad:     389212
 Bad:       12226636   12615848    Changed to good:         0
 15.2% of the data is now flagged

2018-08-07 12:22:47,820 [MainThread  ] [INFO ]  pgflag vis=2312-319.5500 command='<b' stokes=i,v,u,q flagpar=8,2,2,3,6,3  options=nodisp

pgflag: Revision 1.30, 2016/10/05 23:06:50 UTC

Applying bandpass corrections to 2312-319.5500
Applying freq. dependent gain corrections to 2312-319.5500
Applying freq. dependent leakage correction to 2312-319.5500
Applying changes to dataset
Counts of correlations within selected channels:
 channel  Originally  Currently
 Good:      70499788   70124168    Changed to bad:     375620
 Bad:       12615848   12991468    Changed to good:         0
 15.6% of the data is now flagged

2018-08-07 12:22:52,500 [MainThread  ] [INFO ]  gpcal vis=2312-319.5500 refant=4 interval=0.1 nfbin=2 options=xyvary,qusolve

gpcal: Revision 1.22, 2016/05/01 22:31:05 UTC

Applying bandpass corrections to 2312-319.5500
Number of antennae: 6
Using leakage parameters from input as initial guess
Reading the data ...
Number of solution intervals: 678
Total visibilities read: 10141
Number visibilities accepted: 10141
Iter= 1, Amplit/Phase Solution Error:   0.856
Iter= 1, Polarisation Solution Error:   0.008
Iter= 1, Overall Solution Error:        2.319
Iter= 2, Amplit/Phase Solution Error:   0.012
Iter= 2, Polarisation Solution Error:   0.000
Iter= 2, Overall Solution Error:        0.009
Iter= 3, Amplit/Phase Solution Error:   0.001
Iter= 3, Polarisation Solution Error:   0.000
Iter= 3, Overall Solution Error:        0.001
I flux density:   0.5630
Percent Q:  -0.818
Percent U:   0.823
Leakage terms:
 Ant 1:Dx,Dy = ( 0.00080,-0.00278),(-0.00127,-0.00167)
 Ant 2:Dx,Dy = ( 0.00303, 0.00577),(-0.00415, 0.00672)
 Ant 3:Dx,Dy = ( 0.00337, 0.00031),(-0.00780, 0.00021)
 Ant 4:Dx,Dy = ( 0.00531, 0.01868),(-0.00491, 0.01981)
 Ant 5:Dx,Dy = (-0.01729,-0.00065),( 0.01519,-0.00024)
 Ant 6:Dx,Dy = ( 0.00020,-0.02330),(-0.00163,-0.02286)
Solution for freq bin  1
Iter= 1, Amplit/Phase Solution Error:   0.789
Iter= 1, Polarisation Solution Error:   0.011
Iter= 1, Overall Solution Error:        2.218
Iter= 2, Amplit/Phase Solution Error:   0.014
Iter= 2, Polarisation Solution Error:   0.000
Iter= 2, Overall Solution Error:        0.010
Iter= 3, Amplit/Phase Solution Error:   0.001
Iter= 3, Polarisation Solution Error:   0.000
Iter= 3, Overall Solution Error:        0.001
I flux density:   0.5643
Percent Q:  -1.070
Percent U:   0.823
Leakage terms:
 Ant 1:Dx,Dy = ( 0.00081,-0.00214),(-0.00168,-0.00154)
 Ant 2:Dx,Dy = ( 0.00350, 0.00768),(-0.00465, 0.00766)
 Ant 3:Dx,Dy = ( 0.00264, 0.00025),(-0.00890, 0.00075)
 Ant 4:Dx,Dy = ( 0.00508, 0.01894),(-0.00538, 0.02047)
 Ant 5:Dx,Dy = (-0.01823,-0.00110),( 0.01458,-0.00096)
 Ant 6:Dx,Dy = (-0.00125,-0.02528),(-0.00142,-0.02476)
Solution for freq bin  2
Iter= 1, Amplit/Phase Solution Error:   0.917
Iter= 1, Polarisation Solution Error:   0.008
Iter= 1, Overall Solution Error:        2.325
Iter= 2, Amplit/Phase Solution Error:   0.010
Iter= 2, Polarisation Solution Error:   0.000
Iter= 2, Overall Solution Error:        0.008
Iter= 3, Amplit/Phase Solution Error:   0.001
Iter= 3, Polarisation Solution Error:   0.000
Iter= 3, Overall Solution Error:        0.001
I flux density:   0.5643
Percent Q:  -0.555
Percent U:   0.840
Leakage terms:
 Ant 1:Dx,Dy = ( 0.00080,-0.00337),(-0.00084,-0.00172)
 Ant 2:Dx,Dy = ( 0.00276, 0.00397),(-0.00355, 0.00598)
 Ant 3:Dx,Dy = ( 0.00407, 0.00045),(-0.00669,-0.00024)
 Ant 4:Dx,Dy = ( 0.00545, 0.01834),(-0.00455, 0.01905)
 Ant 5:Dx,Dy = (-0.01640,-0.00022),( 0.01579, 0.00045)
 Ant 6:Dx,Dy = ( 0.00188,-0.02160),(-0.00160,-0.02109)

2018-08-07 12:22:52,823 [MainThread  ] [INFO ]  gpboot vis=2312-319.5500 cal=1934-638.5500

gpboot: Revision 1.9, 2015/10/29 01:31:30 UTC

Secondary flux density scaled by:   0.993
Frequency bin  1 scaled by      :   0.996
Frequency bin  2 scaled by      :   0.997

2018-08-07 12:24:14,864 [MainThread  ] [INFO ]  gpcopy vis=2312-319.5500 out=b.5500

gpcopy: Revision 1.13, 2015/10/29 01:31:39 UTC

Copying leakage table
Copying gain table
Interpolation tolerance set to (minutes): 720.00
Copying bandpass table

2018-08-07 12:41:01,714 [MainThread  ] [INFO ]  pgflag vis=b.5500 command='<b' stokes=i,v,q,u flagpar=8,2,2,3,6,3  options=nodisp

pgflag: Revision 1.30, 2016/10/05 23:06:50 UTC

Applying bandpass corrections to b.5500
Applying freq. dependent gain corrections to b.5500
Applying freq. dependent leakage correction to b.5500
Applying changes to dataset
Counts of correlations within selected channels:
 channel  Originally  Currently
 Good:     450119748  436816392    Changed to bad:   13303356
 Bad:       63121968   76425324    Changed to good:         0
 14.9% of the data is now flagged

2018-08-07 12:57:41,520 [MainThread  ] [INFO ]  pgflag vis=b.5500 command='<b' stokes=i,v,u,q flagpar=8,2,2,3,6,3  options=nodisp

pgflag: Revision 1.30, 2016/10/05 23:06:50 UTC

Applying bandpass corrections to b.5500
Applying freq. dependent gain corrections to b.5500
Applying freq. dependent leakage correction to b.5500
Applying changes to dataset
Counts of correlations within selected channels:
 channel  Originally  Currently
 Good:     436816392  426858588    Changed to bad:    9957804
 Bad:       76425324   86383128    Changed to good:         0
 16.8% of the data is now flagged

2018-08-07 13:02:46,570 [MainThread  ] [INFO ]  uvsplit vis=b.5500

uvsplit: Revision 1.18, 2016/05/09 03:06:18 UTC

Creating b_1201.5500
Creating b_1202.5500
Creating b_1203.5500
Creating b_1204.5500
Creating b_1205.5500
Creating b_1206.5500
Creating b_1207.5500
Creating b_1208.5500
Creating b_1209.5500
Creating b_1210.5500
Creating b_1211.5500
Creating b_1212.5500
Creating b_1213.5500
Creating b_1214.5500
Creating b_1215.5500
Creating b_1216.5500
Creating b_1217.5500
Creating b_1218.5500
Creating b_1219.5500
Creating b_1220.5500
Creating b_1221.5500
Creating b_1222.5500
Creating b_1223.5500
Creating b_1224.5500
Creating b_1225.5500
Creating b_1226.5500
Creating b_1227.5500
Creating b_1228.5500
Creating b_1229.5500
Creating b_1230.5500
Creating b_1231.5500
Creating b_1232.5500
Creating b_1233.5500
Creating b_1234.5500
Creating b_1235.5500
Creating b_1236.5500
Creating b_1237.5500
Creating b_1238.5500
Creating b_1239.5500
Creating b_1240.5500
Creating b_1241.5500
Creating b_1242.5500
Creating b_1243.5500
Creating b_1244.5500
Creating b_1245.5500
Creating b_1246.5500
Creating b_1247.5500
Creating b_1248.5500
Creating b_1249.5500
Creating b_1250.5500
Creating b_1251.5500
Creating b_1252.5500
Creating b_1253.5500
Creating b_1254.5500
Creating b_1255.5500
Creating b_1256.5500
Creating b_1257.5500
Creating b_1258.5500
Creating b_1259.5500
Creating b_1260.5500
Creating b_1261.5500
Creating b_1262.5500
Creating b_1263.5500
Creating b_1264.5500
Creating b_1265.5500
Creating b_1266.5500
Creating b_1267.5500
Creating b_1268.5500
Creating b_1269.5500
Creating b_1270.5500
Creating b_1271.5500
Creating b_1272.5500
Creating b_1273.5500
Creating b_1274.5500
Creating b_1275.5500
Creating b_1276.5500
Creating b_1277.5500
Creating b_1278.5500
Creating b_1279.5500
Creating b_1280.5500
Creating b_1281.5500
Creating b_1282.5500
Creating b_1283.5500
Creating b_1284.5500
Creating b_1285.5500
Creating b_1286.5500
Creating b_1287.5500
Creating b_1288.5500
Creating b_1289.5500
Creating b_1290.5500
Creating b_1291.5500
Creating b_1292.5500
Creating b_1293.5500
Creating b_1294.5500
Creating b_1295.5500
Creating b_1296.5500
Creating b_1297.5500
Creating b_1298.5500
Creating b_1299.5500
Creating b_1300.5500
Creating b_1301.5500
Creating b_1302.5500
Creating b_1303.5500
Creating b_1304.5500
Creating b_1305.5500
Creating b_1306.5500
Creating b_1307.5500
Creating b_1308.5500
Creating b_1309.5500
Creating b_1310.5500
Creating b_1311.5500
Creating b_1312.5500
Creating b_1313.5500
Creating b_1314.5500
Creating b_1315.5500
Creating b_1316.5500
Creating b_1317.5500
Creating b_1318.5500
Creating b_1319.5500
Creating b_1320.5500
Creating b_1321.5500
Creating b_1322.5500
Creating b_1323.5500
Creating b_1324.5500
Creating b_1325.5500
Creating b_1326.5500
Creating b_1327.5500
Creating b_1328.5500
Creating b_1329.5500
Creating b_1330.5500
Creating b_1331.5500
Creating b_1332.5500
Creating b_1333.5500
Creating b_1334.5500
Creating b_1335.5500
Creating b_1336.5500
Creating b_1337.5500
Creating b_1338.5500
Creating b_1339.5500
Creating b_1340.5500
Creating b_1341.5500
Creating b_1342.5500
Creating b_1343.5500
Creating b_1344.5500
Creating b_1345.5500
Creating b_1346.5500
Creating b_1347.5500
Creating b_1348.5500
Creating b_1349.5500
Creating b_1350.5500
Creating b_1351.5500
Creating b_1352.5500
Creating b_1353.5500
Creating b_1354.5500
Creating b_1355.5500
Creating b_1356.5500
Creating b_1357.5500
Creating b_1358.5500
Creating b_1359.5500
Creating b_1360.5500
Creating b_1361.5500
Creating b_1362.5500
Creating b_1363.5500
Creating b_1364.5500
Creating b_1365.5500
Creating b_1366.5500
Creating b_1367.5500
Creating b_1368.5500
Creating b_1369.5500
Creating b_1370.5500
Creating b_1371.5500
Creating b_1372.5500
Creating b_1373.5500
Creating b_1374.5500
Creating b_1375.5500
Creating b_1376.5500
Creating b_1377.5500
Creating b_1378.5500
Creating b_1379.5500
Creating b_1380.5500
Creating b_1381.5500
Creating b_1382.5500
Creating b_1383.5500
Creating b_1384.5500
Creating b_1385.5500
Creating b_1386.5500
Creating b_1387.5500
Creating b_1388.5500
Creating b_1389.5500
Creating b_1390.5500
Creating b_1391.5500
Creating b_1392.5500
Creating b_1393.5500
Creating b_1394.5500
Creating b_1395.5500
Creating b_1396.5500
Creating b_1397.5500
Creating b_1398.5500
Creating b_1399.5500
Creating b_1400.5500
Creating b_1401.5500
Creating b_1402.5500
Creating b_1403.5500
Creating b_1404.5500
Creating b_1405.5500
Creating b_1406.5500
Creating b_1407.5500
Creating b_1408.5500
Creating b_1409.5500
Creating b_1410.5500
Creating b_1411.5500
Creating b_1412.5500
Creating b_1413.5500
Creating b_1414.5500
Creating b_1415.5500
Creating b_1416.5500
Creating b_1417.5500
Creating b_1418.5500
Creating b_1419.5500
Creating b_1420.5500
Creating b_1421.5500
Creating b_1422.5500
Creating b_1423.5500
Creating b_1424.5500
Creating b_1425.5500
Creating b_1426.5500
Creating b_1427.5500
Creating b_1428.5500
Creating b_1429.5500
Creating b_1430.5500
Creating b_1431.5500
Creating b_1432.5500
Creating b_1433.5500
Creating b_1434.5500
Creating b_1435.5500

