2018-08-06 13:24:41,957 [MainThread  ] [INFO ]  atlod in=raw/2017-01-02_0021.C3132,raw/2017-01-02_0309.C3132,raw/2017-01-02_0557.C3132,raw/2017-01-02_0844.C3132,raw/2017-01-02_1130.C3132 out=data5.uv ifsel=1 options=birdie,rfiflag,noauto,xycorr

atlod: Revision 1.53, 2016/08/25 23:02:21 UTC

Processing file raw/2017-01-02_0021.C3132
 00:21:55 CAOBS> track 1
CABB data detected
Scan 1 started at 17JAN02:00:22:12.0
Source: 1934-638
Flagging channels in  28 frequency ranges
 00:32:18 CAOBS> stop
 00:32:40 CAOBS> set file c3132_obs_d6
 00:32:59 CAOBS> start 15/999
Scan 2 started at 17JAN02:00:34:52.0
Source: 2312-319
Scan 3 started at 17JAN02:00:37:56.0
Source: d_1041
Source: d_1042
Source: d_1043
Source: d_1044
Source: d_1045
Source: d_1046
Source: d_1047
Source: d_1048
Source: d_1049
Source: d_1050
Source: d_1051
Source: d_1052
Source: d_1053
Source: d_1054
Source: d_1055
Source: d_1056
Source: d_1057
Source: d_1058
Source: d_1059
Source: d_1060
Scan 4 started at 17JAN02:00:51:24.0
Source: 2312-319
Scan 5 started at 17JAN02:00:54:20.0
Source: d_1061
Source: d_1062
Source: d_1063
Source: d_1064
Source: d_1065
Source: d_1066
Source: d_1067
Source: d_1068
Source: d_1069
Source: d_1070
Source: d_1071
Source: d_1072
Source: d_1073
Source: d_1074
Source: d_1075
Source: d_1076
Source: d_1077
Source: d_1078
Source: d_1079
Source: d_1080
Scan 6 started at 17JAN02:01:07:40.0
Source: 2312-319
Scan 7 started at 17JAN02:01:10:36.0
Source: d_901
Source: d_902
Source: d_903
Source: d_904
Source: d_905
Source: d_906
Source: d_907
Source: d_908
Source: d_909
Source: d_910
Source: d_911
Source: d_912
Source: d_913
Source: d_914
Source: d_915
Source: d_916
Source: d_917
Source: d_918
Source: d_919
Source: d_920
Scan 8 started at 17JAN02:01:24:12.0
Source: 2312-319
Scan 9 started at 17JAN02:01:27:08.0
Source: d_921
Source: d_922
Source: d_923
Source: d_924
Source: d_925
Source: d_926
Source: d_927
Source: d_928
Source: d_929
Source: d_930
Source: d_931
Source: d_932
Source: d_933
Source: d_934
Source: d_935
Source: d_936
Source: d_937
Source: d_938
Source: d_939
Source: d_940
Scan 10 started at 17JAN02:01:40:28.0
Source: 2312-319
Scan 11 started at 17JAN02:01:43:24.0
Source: d_941
Source: d_942
Source: d_943
Source: d_944
Source: d_945
Source: d_946
Source: d_947
Source: d_948
Source: d_949
Source: d_950
Source: d_951
Source: d_952
Source: d_953
Source: d_954
Source: d_955
Source: d_956
Source: d_957
Source: d_958
Source: d_959
Source: d_960
Scan 12 started at 17JAN02:01:56:44.0
Source: 2312-319
Scan 13 started at 17JAN02:01:59:40.0
Source: d_961
Source: d_962
Source: d_963
Source: d_964
Source: d_965
Source: d_966
Source: d_967
Source: d_968
Source: d_969
Source: d_970
Source: d_971
Source: d_972
Source: d_973
Source: d_974
Source: d_975
Source: d_976
Source: d_977
Source: d_978
Source: d_979
Source: d_980
Scan 14 started at 17JAN02:02:13:08.0
Source: 2312-319
Scan 15 started at 17JAN02:02:16:04.0
Source: d_981
Source: d_982
Source: d_983
Source: d_984
Source: d_985
Source: d_986
Source: d_987
Source: d_988
Source: d_989
Source: d_990
Source: d_991
Source: d_992
Source: d_993
Source: d_994
Source: d_995
Source: d_996
Source: d_997
Source: d_998
Source: d_999
Source: d_1000
Scan 16 started at 17JAN02:02:29:24.0
Source: 2312-319
Scan 17 started at 17JAN02:02:32:20.0
Source: d_1001
Source: d_1002
Source: d_1003
Source: d_1004
Source: d_1005
Source: d_1006
Source: d_1007
Source: d_1008
Source: d_1009
Source: d_1010
Source: d_1011
Source: d_1012
Source: d_1013
Source: d_1014
Source: d_1015
Source: d_1016
Source: d_1017
Source: d_1018
Source: d_1019
Source: d_1020
Scan 18 started at 17JAN02:02:45:40.0
Source: 2312-319
Scan 19 started at 17JAN02:02:48:36.0
Source: d_1021
Source: d_1022
Source: d_1023
Source: d_1024
Source: d_1025
Source: d_1026
Source: d_1027
Source: d_1028
Source: d_1029
Source: d_1030
Source: d_1031
Source: d_1032
Source: d_1033
Source: d_1034
Source: d_1035
Source: d_1036
Source: d_1037
Source: d_1038
Source: d_1039
Source: d_1040
Scan 20 started at 17JAN02:03:01:56.0
Source: 2312-319
Scan 21 started at 17JAN02:03:04:52.0
Source: d_1041
Source: d_1042
Source: d_1043
Source: d_1044
Source: d_1045
Source: d_1046
Source: d_1047
Source: d_1048
RPFITS file version is 2.12
---------------------------------------
Total number of spectra selected: 72660

Summary of spectra flagged
Flagging Reason            Fraction
---------------            --------
Antenna off-source/off-line  5.58%
---------------------------------------
Processing file raw/2017-01-02_0309.C3132
CABB data detected
Scan 1 started at 17JAN02:03:09:40.0
Source: d_1048
Source: d_1049
Source: d_1050
Source: d_1051
Source: d_1052
Source: d_1053
Source: d_1054
Source: d_1055
Source: d_1056
Source: d_1057
Source: d_1058
Source: d_1059
Source: d_1060
Scan 2 started at 17JAN02:03:18:12.0
Source: 2312-319
Scan 3 started at 17JAN02:03:21:08.0
Source: d_1061
Source: d_1062
Source: d_1063
Source: d_1064
Source: d_1065
Source: d_1066
Source: d_1067
Source: d_1068
Source: d_1069
Source: d_1070
Source: d_1071
Source: d_1072
Source: d_1073
Source: d_1074
Source: d_1075
Source: d_1076
Source: d_1077
Source: d_1078
Source: d_1079
Source: d_1080
Scan 4 started at 17JAN02:03:34:28.0
Source: 2312-319
Scan 5 started at 17JAN02:03:37:16.0
Source: d_901
Source: d_902
Source: d_903
Source: d_904
Source: d_905
Source: d_906
Source: d_907
Source: d_908
Source: d_909
Source: d_911
Source: d_912
Source: d_913
Source: d_914
Source: d_915
Source: d_916
Source: d_917
Source: d_918
Source: d_919
Source: d_920
Scan 6 started at 17JAN02:03:50:44.0
Source: 2312-319
Scan 7 started at 17JAN02:03:53:32.0
Source: d_921
Source: d_922
Source: d_923
Source: d_924
Source: d_925
Source: d_926
Source: d_927
Source: d_928
Source: d_929
Source: d_930
Source: d_931
Source: d_932
Source: d_933
Source: d_934
Source: d_935
Source: d_936
Source: d_937
Source: d_938
Source: d_939
Source: d_940
Scan 8 started at 17JAN02:04:07:00.0
Source: 2312-319
Scan 9 started at 17JAN02:04:09:56.0
Source: d_941
Source: d_942
Source: d_943
Source: d_944
Source: d_945
Source: d_946
Source: d_947
Source: d_948
Source: d_949
Source: d_950
Source: d_951
Source: d_952
Source: d_953
Source: d_954
Source: d_955
Source: d_956
Source: d_957
Source: d_958
Source: d_959
Source: d_960
Scan 10 started at 17JAN02:04:23:16.0
Source: 2312-319
Scan 11 started at 17JAN02:04:26:20.0
Source: d_961
Source: d_962
Source: d_963
Source: d_964
Source: d_965
Source: d_966
Source: d_967
Source: d_968
Source: d_969
Source: d_970
Source: d_971
Source: d_972
Source: d_973
Source: d_974
Source: d_975
Source: d_976
Source: d_977
Source: d_978
Source: d_979
Source: d_980
Scan 12 started at 17JAN02:04:39:40.0
Source: 2312-319
Scan 13 started at 17JAN02:04:42:36.0
Source: d_981
Source: d_982
Source: d_983
Source: d_984
Source: d_985
Source: d_986
Source: d_987
Source: d_988
Source: d_989
Source: d_990
Source: d_991
Source: d_992
Source: d_993
Source: d_994
Source: d_995
Source: d_996
Source: d_997
Source: d_998
Source: d_999
Source: d_1000
Scan 14 started at 17JAN02:04:56:04.0
Source: 2312-319
Scan 15 started at 17JAN02:04:59:08.0
Source: d_1001
Source: d_1002
Source: d_1003
Source: d_1004
Source: d_1005
Source: d_1006
Source: d_1007
Source: d_1008
Source: d_1009
Source: d_1010
Source: d_1011
Source: d_1012
Source: d_1013
Source: d_1014
Source: d_1015
Source: d_1016
Source: d_1017
Source: d_1018
Source: d_1019
Source: d_1020
Scan 16 started at 17JAN02:05:12:28.0
Source: 2312-319
Scan 17 started at 17JAN02:05:15:48.0
Source: d_1021
Source: d_1022
Source: d_1023
Source: d_1024
Source: d_1025
Source: d_1026
Source: d_1027
Source: d_1028
Source: d_1029
Source: d_1030
Source: d_1031
Source: d_1032
Source: d_1033
Source: d_1034
Source: d_1035
Source: d_1036
Source: d_1037
Source: d_1038
Source: d_1039
Source: d_1040
Scan 18 started at 17JAN02:05:29:16.0
Source: 2312-319
Scan 19 started at 17JAN02:05:32:44.0
Source: d_1041
Source: d_1042
Source: d_1043
Source: d_1044
Source: d_1045
Source: d_1046
Source: d_1047
Source: d_1048
Source: d_1049
Source: d_1050
Source: d_1051
Source: d_1052
Source: d_1053
Source: d_1054
Source: d_1055
Source: d_1056
Source: d_1057
Source: d_1058
Source: d_1059
Source: d_1060
Scan 20 started at 17JAN02:05:46:28.0
Source: 2312-319
Scan 21 started at 17JAN02:05:50:36.0
Source: d_1061
Source: d_1062
Source: d_1063
Source: d_1064
Source: d_1065
Source: d_1066
Source: d_1067
Source: d_1068
Source: d_1069
Source: d_1070
Source: d_1071
RPFITS file version is 2.12
---------------------------------------
Total number of spectra selected: 72660

Summary of spectra flagged
Flagging Reason            Fraction
---------------            --------
Antenna off-source/off-line  6.33%
---------------------------------------
Processing file raw/2017-01-02_0557.C3132
CABB data detected
Scan 1 started at 17JAN02:05:57:16.0
Source: d_1071
Source: d_1072
Source: d_1073
Source: d_1074
Source: d_1075
Source: d_1076
Source: d_1077
Source: d_1078
Source: d_1079
Source: d_1080
Scan 2 started at 17JAN02:06:04:12.0
Source: 2312-319
Scan 3 started at 17JAN02:06:09:17.5
Source: d_902
Source: d_903
Source: d_904
Source: d_905
Source: d_906
Source: d_907
Source: d_908
Source: d_909
Source: d_910
Source: d_911
Source: d_912
Source: d_913
Source: d_914
Source: d_915
Source: d_916
Source: d_917
Source: d_918
Source: d_919
Source: d_920
Scan 4 started at 17JAN02:06:23:40.0
Source: 2312-319
Scan 5 started at 17JAN02:06:28:20.0
Source: d_921
Source: d_922
Source: d_923
Source: d_924
Source: d_925
Source: d_926
Source: d_927
Source: d_928
Source: d_929
Source: d_930
Source: d_931
Source: d_932
Source: d_933
Source: d_934
Source: d_935
Source: d_936
Source: d_937
Source: d_938
Source: d_939
Source: d_940
Scan 6 started at 17JAN02:06:41:32.0
Source: 2312-319
Scan 7 started at 17JAN02:06:44:36.0
Source: d_941
Source: d_942
Source: d_943
Source: d_944
Source: d_945
Source: d_946
Source: d_947
Source: d_948
Source: d_949
Source: d_950
Source: d_951
Source: d_952
Source: d_953
Source: d_954
Source: d_955
Source: d_956
Source: d_957
Source: d_958
Source: d_959
Source: d_960
Scan 8 started at 17JAN02:06:58:04.0
Source: 2312-319
Scan 9 started at 17JAN02:07:01:08.0
Source: d_961
Source: d_962
Source: d_963
Source: d_964
Source: d_965
Source: d_966
Source: d_967
Source: d_968
Source: d_969
Source: d_970
Source: d_971
Source: d_972
Source: d_973
Source: d_974
Source: d_975
Source: d_976
Source: d_977
Source: d_978
Source: d_979
Source: d_980
Scan 10 started at 17JAN02:07:14:44.0
Source: 2312-319
Scan 11 started at 17JAN02:07:17:48.0
Source: d_981
Source: d_982
Source: d_983
Source: d_984
Source: d_985
Source: d_986
Source: d_987
Source: d_988
Source: d_989
Source: d_990
Source: d_991
Source: d_992
Source: d_993
Source: d_994
Source: d_995
Source: d_996
Source: d_997
Source: d_998
Source: d_999
Source: d_1000
Scan 12 started at 17JAN02:07:31:16.0
Source: 2312-319
Scan 13 started at 17JAN02:07:34:20.0
Source: d_1001
Source: d_1002
Source: d_1003
Source: d_1004
Source: d_1005
Source: d_1006
Source: d_1007
Source: d_1008
Source: d_1009
Source: d_1010
Source: d_1011
Source: d_1012
Source: d_1013
Source: d_1014
Source: d_1015
Source: d_1016
Source: d_1017
Source: d_1018
Source: d_1019
Source: d_1020
Scan 14 started at 17JAN02:07:47:40.0
Source: 2312-319
Scan 15 started at 17JAN02:07:50:36.0
Source: d_1021
Source: d_1022
Source: d_1023
Source: d_1024
Source: d_1025
Source: d_1026
Source: d_1027
Source: d_1028
Source: d_1029
Source: d_1030
Source: d_1031
Source: d_1032
Source: d_1033
Source: d_1034
Source: d_1035
Source: d_1036
Source: d_1037
Source: d_1038
Source: d_1039
Source: d_1040
Scan 16 started at 17JAN02:08:04:04.0
Source: 2312-319
Scan 17 started at 17JAN02:08:07:00.0
Source: d_1041
Source: d_1042
Source: d_1043
Source: d_1044
Source: d_1045
Source: d_1046
Source: d_1047
Source: d_1048
Source: d_1049
Source: d_1050
Source: d_1051
Source: d_1052
Source: d_1053
Source: d_1054
Source: d_1055
Source: d_1056
Source: d_1057
Source: d_1058
Source: d_1059
Source: d_1060
Scan 18 started at 17JAN02:08:20:28.0
Source: 2312-319
Scan 19 started at 17JAN02:08:23:24.0
Source: d_1061
Source: d_1062
Source: d_1063
Source: d_1064
Source: d_1065
Source: d_1066
Source: d_1067
Source: d_1068
Source: d_1069
Source: d_1070
Source: d_1071
Source: d_1072
Source: d_1073
Source: d_1074
Source: d_1075
Source: d_1076
Source: d_1077
Source: d_1078
Source: d_1079
Source: d_1080
Scan 20 started at 17JAN02:08:36:44.0
Source: 2312-319
Scan 21 started at 17JAN02:08:39:32.0
Source: d_901
Source: d_902
Source: d_903
Source: d_904
Source: d_905
Source: d_906
Source: d_907
RPFITS file version is 2.12
---------------------------------------
Total number of spectra selected: 72660

Summary of spectra flagged
Flagging Reason            Fraction
---------------            --------
Antenna off-source/off-line  9.61%
---------------------------------------
Processing file raw/2017-01-02_0844.C3132
CABB data detected
Scan 1 started at 17JAN02:08:44:05.5
Source: d_908
Source: d_909
Source: d_910
Source: d_911
Source: d_912
Source: d_913
Source: d_914
Source: d_915
Source: d_916
Source: d_917
Source: d_918
Source: d_919
Source: d_920
Scan 2 started at 17JAN02:08:53:08.0
Source: 2312-319
Scan 3 started at 17JAN02:08:55:56.0
Source: d_921
Source: d_922
Source: d_923
Source: d_924
Source: d_925
Source: d_926
Source: d_927
Source: d_928
Source: d_929
Source: d_930
Source: d_931
Source: d_932
Source: d_933
Source: d_934
Source: d_935
Source: d_936
Source: d_937
Source: d_938
Source: d_939
Source: d_940
Scan 4 started at 17JAN02:09:09:24.0
Source: 2312-319
Scan 5 started at 17JAN02:09:12:20.0
Source: d_941
Source: d_942
Source: d_943
Source: d_944
Source: d_945
Source: d_946
Source: d_947
Source: d_948
Source: d_949
Source: d_950
Source: d_951
Source: d_952
Source: d_953
Source: d_954
Source: d_955
Source: d_956
Source: d_957
Source: d_958
Source: d_959
Source: d_960
Scan 6 started at 17JAN02:09:25:40.0
Source: 2312-319
Scan 7 started at 17JAN02:09:28:28.0
Source: d_961
Source: d_962
Source: d_963
Source: d_964
Source: d_965
Source: d_966
Source: d_967
Source: d_968
Source: d_969
Source: d_970
Source: d_971
Source: d_972
Source: d_973
Source: d_974
Source: d_975
Source: d_976
Source: d_977
Source: d_978
Source: d_979
Source: d_980
Scan 8 started at 17JAN02:09:42:04.0
Source: 2312-319
Scan 9 started at 17JAN02:09:45:00.0
Source: d_981
Source: d_982
Source: d_983
Source: d_984
Source: d_985
Source: d_986
Source: d_987
Source: d_988
Source: d_989
Source: d_990
Source: d_991
Source: d_992
Source: d_993
Source: d_994
Source: d_995
Source: d_996
Source: d_997
Source: d_998
Source: d_999
Source: d_1000
Scan 10 started at 17JAN02:09:58:20.0
Source: 2312-319
Scan 11 started at 17JAN02:10:01:08.0
Source: d_1001
Source: d_1002
Source: d_1003
Source: d_1004
Source: d_1005
Source: d_1006
Source: d_1007
Source: d_1008
Source: d_1009
Source: d_1010
Source: d_1011
Source: d_1012
Source: d_1013
Source: d_1014
Source: d_1015
Source: d_1016
Source: d_1017
Source: d_1018
Source: d_1019
Source: d_1020
Scan 12 started at 17JAN02:10:14:36.0
Source: 2312-319
Scan 13 started at 17JAN02:10:17:32.0
Source: d_1021
Source: d_1022
Source: d_1023
Source: d_1024
Source: d_1025
Source: d_1026
Source: d_1027
Source: d_1028
Source: d_1029
Source: d_1030
Source: d_1031
Source: d_1032
Source: d_1033
Source: d_1034
Source: d_1035
Source: d_1036
Source: d_1037
Source: d_1038
Source: d_1039
Source: d_1040
Scan 14 started at 17JAN02:10:30:52.0
Source: 2312-319
Scan 15 started at 17JAN02:10:33:40.0
Source: d_1041
Source: d_1042
Source: d_1043
Source: d_1044
Source: d_1045
Source: d_1046
Source: d_1047
Source: d_1048
Source: d_1049
Source: d_1050
Source: d_1051
Source: d_1052
Source: d_1053
Source: d_1054
Source: d_1055
Source: d_1056
Source: d_1057
Source: d_1058
Source: d_1059
Source: d_1060
Scan 16 started at 17JAN02:10:47:08.0
Source: 2312-319
Scan 17 started at 17JAN02:10:50:04.0
Source: d_1061
Source: d_1062
Source: d_1063
Source: d_1064
Source: d_1065
Source: d_1066
Source: d_1067
Source: d_1068
Source: d_1069
Source: d_1070
Source: d_1071
Source: d_1072
Source: d_1073
Source: d_1074
Source: d_1075
Source: d_1076
Source: d_1077
Source: d_1078
Source: d_1079
Source: d_1080
Scan 18 started at 17JAN02:11:03:24.0
Source: 2312-319
Scan 19 started at 17JAN02:11:06:12.0
Source: d_901
Source: d_902
Source: d_903
Source: d_904
Source: d_905
Source: d_906
Source: d_907
Source: d_908
Source: d_909
Source: d_910
Source: d_911
Source: d_912
Source: d_913
Source: d_914
Source: d_915
Source: d_916
Source: d_917
Source: d_918
Source: d_919
Source: d_920
Scan 20 started at 17JAN02:11:19:40.0
Source: 2312-319
Scan 21 started at 17JAN02:11:22:28.0
Source: d_921
Source: d_922
Source: d_923
Source: d_924
Source: d_925
Source: d_926
Source: d_927
Source: d_928
Source: d_929
Source: d_930
Source: d_931
Source: d_932
Source: d_933
RPFITS file version is 2.12
---------------------------------------
Total number of spectra selected: 72660

Summary of spectra flagged
Flagging Reason            Fraction
---------------            --------
Antenna off-source/off-line  3.94%
---------------------------------------
Processing file raw/2017-01-02_1130.C3132
CABB data detected
Scan 1 started at 17JAN02:11:30:52.0
Source: d_933
Source: d_934
Source: d_935
Source: d_936
Source: d_937
Source: d_938
Source: d_939
Source: d_940
Scan 2 started at 17JAN02:11:35:56.0
Source: 2312-319
Scan 3 started at 17JAN02:11:38:44.0
Source: d_941
Source: d_942
Source: d_943
Source: d_944
Source: d_945
Source: d_946
Source: d_947
Source: d_948
Source: d_949
Source: d_950
Source: d_951
Source: d_952
Source: d_953
Source: d_954
Source: d_955
Source: d_956
Source: d_957
Source: d_958
Source: d_959
Source: d_960
Scan 4 started at 17JAN02:11:52:12.0
Source: 2312-319
Scan 5 started at 17JAN02:11:55:00.0
Source: d_961
Source: d_962
Source: d_963
Source: d_964
Source: d_965
Source: d_966
Source: d_967
Source: d_968
Source: d_969
Source: d_970
Source: d_971
Source: d_972
Source: d_973
Source: d_974
Source: d_975
Source: d_976
Source: d_977
Source: d_978
Source: d_979
Source: d_980
Scan 6 started at 17JAN02:12:08:28.0
Source: 2312-319
Scan 7 started at 17JAN02:12:11:16.0
Source: d_981
Source: d_982
Source: d_983
Source: d_984
Source: d_985
Source: d_986
Source: d_987
Source: d_988
Source: d_989
Source: d_990
Source: d_991
Source: d_992
Source: d_993
Source: d_994
Source: d_995
Source: d_996
Source: d_997
Source: d_998
Source: d_999
Source: d_1000
Scan 8 started at 17JAN02:12:24:44.0
Source: 2312-319
 12:27:21 CAOBS> stop
 12:27:25 CAOBS> corr closef
RPFITS file version is 2.12
---------------------------------------
Total number of spectra selected: 24420

Summary of spectra flagged
Flagging Reason            Fraction
---------------            --------
Antenna off-source/off-line  3.69%
---------------------------------------

No CACAL data was detected

2018-08-06 13:25:08,955 [MainThread  ] [INFO ]  uvflag vis=data5.uv line=chan,6,1146,1 flagval=flag

uvflag: Revision 1.8, 2014/09/30 14:23:39 UTC


Set flags to indicate bad data in visibility file data5.uv
Linetype channel; select    6 channels; start 1146, width    1, step    1

Overview of flagging on visibility file data5.uv
Changed flags set to FALSE (data flagged as bad)
Total number of records selected: 295668; out of 295668 records
Antennas used: 1-6
Counts of correlations within selected channels
channel   Originally    Currently
Good:          887004.           0.    Changed to bad:      887004.
Bad:           887004.     1774008.

2018-08-06 13:25:26,158 [MainThread  ] [INFO ]  uvflag vis=data5.uv line=chan,30,1454,1 flagval=flag

uvflag: Revision 1.8, 2014/09/30 14:23:39 UTC


Set flags to indicate bad data in visibility file data5.uv
Linetype channel; select   30 channels; start 1454, width    1, step    1

Overview of flagging on visibility file data5.uv
Changed flags set to FALSE (data flagged as bad)
Total number of records selected: 295668; out of 295668 records
Antennas used: 1-6
Counts of correlations within selected channels
channel   Originally    Currently
Good:         8870040.           0.    Changed to bad:     8870040.
Bad:                0.     8870040.

2018-08-06 13:25:42,555 [MainThread  ] [INFO ]  uvflag vis=data5.uv line=chan,40,1964,1 flagval=flag

uvflag: Revision 1.8, 2014/09/30 14:23:39 UTC


Set flags to indicate bad data in visibility file data5.uv
Linetype channel; select   40 channels; start 1964, width    1, step    1

Overview of flagging on visibility file data5.uv
Changed flags set to FALSE (data flagged as bad)
Total number of records selected: 295668; out of 295668 records
Antennas used: 1-6
Counts of correlations within selected channels
channel   Originally    Currently
Good:               0.           0.    Changed to bad:           0.
Bad:         11826720.    11826720.

2018-08-06 13:26:22,981 [MainThread  ] [INFO ]  uvsplit vis=data5.uv options=mosaic

uvsplit: Revision 1.18, 2016/05/09 03:06:18 UTC

Creating 1934-638.5500
Creating 2312-319.5500
Creating d.5500

2018-08-06 13:26:33,337 [MainThread  ] [INFO ]  pgflag vis=1934-638.5500 command='<b' stokes=i,q,u,v flagpar=8,5,5,3,6,3 options=nodisp

pgflag: Revision 1.30, 2016/10/05 23:06:50 UTC

Applying changes to dataset
Counts of correlations within selected channels:
 channel  Originally  Currently
 Good:       8194320    8129736    Changed to bad:      64584
 Bad:        1149120    1213704    Changed to good:         0
 13.0% of the data is now flagged

2018-08-06 13:26:42,837 [MainThread  ] [INFO ]  pgflag vis=1934-638.5500 command='<b' stokes=i,v,q,u flagpar=8,2,2,3,6,3  options=nodisp

pgflag: Revision 1.30, 2016/10/05 23:06:50 UTC

Applying changes to dataset
Counts of correlations within selected channels:
 channel  Originally  Currently
 Good:       8129736    8074936    Changed to bad:      54800
 Bad:        1213704    1268504    Changed to good:         0
 13.6% of the data is now flagged

2018-08-06 13:26:51,605 [MainThread  ] [INFO ]  pgflag vis=1934-638.5500 command='<b' stokes=i,v,u,q flagpar=8,2,2,3,6,3  options=nodisp

pgflag: Revision 1.30, 2016/10/05 23:06:50 UTC

Applying changes to dataset
Counts of correlations within selected channels:
 channel  Originally  Currently
 Good:       8074936    7990252    Changed to bad:      84684
 Bad:        1268504    1353188    Changed to good:         0
 14.5% of the data is now flagged

2018-08-06 13:27:44,130 [MainThread  ] [INFO ]  mfcal vis=1934-638.5500 refant=4 interval=0.1
MfCal: $Revision: 1.20 $, $Date: 2017/05/08 02:31:10 $
Selecting parallel-hand polarisations
Reading the data ...
Number correlations accepted: 3995126
Number of frequency bands/settings: 1
Number of polarisations selected: 2
Number of solution intervals: 76
Number of passband solution intervals: 1
Initialising ...
Using post-Aug94 ATCA flux scale for 1934-638.
Using known frequency variation of 1934-638
Generating initial solution estimate ...
Doing solution refinement ...
Iter= 1, Solution Error:  0.417
Iter= 2, Solution Error:  0.008
Iter= 3, Solution Error:  0.000
Saving solution ...

2018-08-06 13:27:44,829 [MainThread  ] [INFO ]  gpcal vis=1934-638.5500 refant=4 interval=0.1 nfbin=2 options=xyvary

gpcal: Revision 1.22, 2016/05/01 22:31:05 UTC

Applying bandpass corrections to 1934-638.5500
Number of antennae: 6
Reading the data ...
Number of solution intervals: 76
Total visibilities read: 1140
Number visibilities accepted: 1140
Using post-Aug94 ATCA flux scale for 1934-638.
Using IQUV =  5.0157,  0.0000,  0.0000,  0.0000 at   5.4532 GHz.
Using post-Aug94 ATCA flux scale for 1934-638.
Using IQUV =  5.5171,  0.0000,  0.0000,  0.0000 at   5.0318 GHz.
Using post-Aug94 ATCA flux scale for 1934-638.
Using IQUV =  4.5113,  0.0000,  0.0000,  0.0000 at   5.9535 GHz.
Iter= 1, Amplit/Phase Solution Error:   0.291
Iter= 1, Polarisation Solution Error:   0.039
Iter= 1, Overall Solution Error:        1.313
Iter= 2, Amplit/Phase Solution Error:   0.002
Iter= 2, Polarisation Solution Error:   0.000
Iter= 2, Overall Solution Error:        0.003
Iter= 3, Amplit/Phase Solution Error:   0.001
Iter= 3, Polarisation Solution Error:   0.000
Iter= 3, Overall Solution Error:        0.001
I flux density:   5.0157
Leakage terms:
 Ant 1:Dx,Dy = ( 0.00112, 0.00160),( 0.00010, 0.00238)
 Ant 2:Dx,Dy = ( 0.00482, 0.00654),(-0.00452, 0.00680)
 Ant 3:Dx,Dy = ( 0.00551,-0.00375),(-0.00847,-0.00394)
 Ant 4:Dx,Dy = ( 0.00568, 0.01747),(-0.00377, 0.01835)
 Ant 5:Dx,Dy = (-0.01733,-0.00170),( 0.01703,-0.00135)
 Ant 6:Dx,Dy = ( 0.00047,-0.02130),(-0.00010,-0.02110)
Solution for freq bin  1
Iter= 1, Amplit/Phase Solution Error:   0.277
Iter= 1, Polarisation Solution Error:   0.042
Iter= 1, Overall Solution Error:        1.244
Iter= 2, Amplit/Phase Solution Error:   0.002
Iter= 2, Polarisation Solution Error:   0.000
Iter= 2, Overall Solution Error:        0.003
Iter= 3, Amplit/Phase Solution Error:   0.001
Iter= 3, Polarisation Solution Error:   0.000
Iter= 3, Overall Solution Error:        0.001
I flux density:   5.5171
Leakage terms:
 Ant 1:Dx,Dy = ( 0.00113, 0.00197),(-0.00010, 0.00274)
 Ant 2:Dx,Dy = ( 0.00537, 0.00717),(-0.00496, 0.00757)
 Ant 3:Dx,Dy = ( 0.00504,-0.00377),(-0.00914,-0.00337)
 Ant 4:Dx,Dy = ( 0.00536, 0.01823),(-0.00403, 0.01907)
 Ant 5:Dx,Dy = (-0.01797,-0.00227),( 0.01652,-0.00185)
 Ant 6:Dx,Dy = (-0.00051,-0.02304),( 0.00014,-0.02246)
Solution for freq bin  2
Iter= 1, Amplit/Phase Solution Error:   0.309
Iter= 1, Polarisation Solution Error:   0.036
Iter= 1, Overall Solution Error:        1.402
Iter= 2, Amplit/Phase Solution Error:   0.002
Iter= 2, Polarisation Solution Error:   0.000
Iter= 2, Overall Solution Error:        0.003
Iter= 3, Amplit/Phase Solution Error:   0.001
Iter= 3, Polarisation Solution Error:   0.000
Iter= 3, Overall Solution Error:        0.001
I flux density:   4.5113
Leakage terms:
 Ant 1:Dx,Dy = ( 0.00111, 0.00113),( 0.00035, 0.00191)
 Ant 2:Dx,Dy = ( 0.00407, 0.00569),(-0.00391, 0.00576)
 Ant 3:Dx,Dy = ( 0.00615,-0.00373),(-0.00757,-0.00471)
 Ant 4:Dx,Dy = ( 0.00610, 0.01645),(-0.00343, 0.01738)
 Ant 5:Dx,Dy = (-0.01649,-0.00094),( 0.01770,-0.00069)
 Ant 6:Dx,Dy = ( 0.00179,-0.01898),(-0.00041,-0.01928)

2018-08-06 13:27:59,303 [MainThread  ] [INFO ]  pgflag vis=1934-638.5500 command='<b' stokes=i,q,u,v flagpar=8,5,5,3,6,3 options=nodisp

pgflag: Revision 1.30, 2016/10/05 23:06:50 UTC

Applying bandpass corrections to 1934-638.5500
Applying freq. dependent gain corrections to 1934-638.5500
Applying freq. dependent leakage correction to 1934-638.5500
Applying changes to dataset
Counts of correlations within selected channels:
 channel  Originally  Currently
 Good:       7990252    7967684    Changed to bad:      22568
 Bad:        1353188    1375756    Changed to good:         0
 14.7% of the data is now flagged

2018-08-06 13:28:12,725 [MainThread  ] [INFO ]  pgflag vis=1934-638.5500 command='<b' stokes=i,v,q,u flagpar=8,2,2,3,6,3  options=nodisp

pgflag: Revision 1.30, 2016/10/05 23:06:50 UTC

Applying bandpass corrections to 1934-638.5500
Applying freq. dependent gain corrections to 1934-638.5500
Applying freq. dependent leakage correction to 1934-638.5500
Applying changes to dataset
Counts of correlations within selected channels:
 channel  Originally  Currently
 Good:       7967684    7942732    Changed to bad:      24952
 Bad:        1375756    1400708    Changed to good:         0
 15.0% of the data is now flagged

2018-08-06 13:28:26,551 [MainThread  ] [INFO ]  pgflag vis=1934-638.5500 command='<b' stokes=i,v,u,q flagpar=8,2,2,3,6,3  options=nodisp

pgflag: Revision 1.30, 2016/10/05 23:06:50 UTC

Applying bandpass corrections to 1934-638.5500
Applying freq. dependent gain corrections to 1934-638.5500
Applying freq. dependent leakage correction to 1934-638.5500
Applying changes to dataset
Counts of correlations within selected channels:
 channel  Originally  Currently
 Good:       7942732    7921680    Changed to bad:      21052
 Bad:        1400708    1421760    Changed to good:         0
 15.2% of the data is now flagged

2018-08-06 13:29:15,427 [MainThread  ] [INFO ]  mfcal vis=1934-638.5500 refant=4 interval=0.1
MfCal: $Revision: 1.20 $, $Date: 2017/05/08 02:31:10 $
Selecting parallel-hand polarisations
Reading the data ...
Number correlations accepted: 3960840
Number of frequency bands/settings: 1
Number of polarisations selected: 2
Number of solution intervals: 76
Number of passband solution intervals: 1
Initialising ...
Using post-Aug94 ATCA flux scale for 1934-638.
Using known frequency variation of 1934-638
Generating initial solution estimate ...
Doing solution refinement ...
Iter= 1, Solution Error:  0.419
Iter= 2, Solution Error:  0.008
Iter= 3, Solution Error:  0.000
Saving solution ...

2018-08-06 13:29:16,435 [MainThread  ] [INFO ]  gpcal vis=1934-638.5500 refant=4 interval=0.1 nfbin=2 options=xyvary

gpcal: Revision 1.22, 2016/05/01 22:31:05 UTC

Applying bandpass corrections to 1934-638.5500
Number of antennae: 6
Using leakage parameters from input as initial guess
Reading the data ...
Number of solution intervals: 76
Total visibilities read: 1140
Number visibilities accepted: 1140
Using post-Aug94 ATCA flux scale for 1934-638.
Using IQUV =  5.0160,  0.0000,  0.0000,  0.0000 at   5.4529 GHz.
Using post-Aug94 ATCA flux scale for 1934-638.
Using IQUV =  5.5140,  0.0000,  0.0000,  0.0000 at   5.0342 GHz.
Using post-Aug94 ATCA flux scale for 1934-638.
Using IQUV =  4.5133,  0.0000,  0.0000,  0.0000 at   5.9513 GHz.
Iter= 1, Amplit/Phase Solution Error:   0.290
Iter= 1, Polarisation Solution Error:   0.000
Iter= 1, Overall Solution Error:        1.313
Iter= 2, Amplit/Phase Solution Error:   0.002
Iter= 2, Polarisation Solution Error:   0.000
Iter= 2, Overall Solution Error:        0.003
Iter= 3, Amplit/Phase Solution Error:   0.001
Iter= 3, Polarisation Solution Error:   0.000
Iter= 3, Overall Solution Error:        0.001
I flux density:   5.0160
Leakage terms:
 Ant 1:Dx,Dy = ( 0.00111, 0.00160),( 0.00009, 0.00238)
 Ant 2:Dx,Dy = ( 0.00483, 0.00656),(-0.00451, 0.00681)
 Ant 3:Dx,Dy = ( 0.00552,-0.00375),(-0.00848,-0.00393)
 Ant 4:Dx,Dy = ( 0.00568, 0.01747),(-0.00374, 0.01837)
 Ant 5:Dx,Dy = (-0.01733,-0.00171),( 0.01703,-0.00136)
 Ant 6:Dx,Dy = ( 0.00046,-0.02133),(-0.00012,-0.02111)
Solution for freq bin  1
Iter= 1, Amplit/Phase Solution Error:   0.277
Iter= 1, Polarisation Solution Error:   0.003
Iter= 1, Overall Solution Error:        1.244
Iter= 2, Amplit/Phase Solution Error:   0.002
Iter= 2, Polarisation Solution Error:   0.000
Iter= 2, Overall Solution Error:        0.003
Iter= 3, Amplit/Phase Solution Error:   0.001
Iter= 3, Polarisation Solution Error:   0.000
Iter= 3, Overall Solution Error:        0.001
I flux density:   5.5140
Leakage terms:
 Ant 1:Dx,Dy = ( 0.00112, 0.00197),(-0.00011, 0.00273)
 Ant 2:Dx,Dy = ( 0.00538, 0.00717),(-0.00494, 0.00756)
 Ant 3:Dx,Dy = ( 0.00505,-0.00377),(-0.00914,-0.00336)
 Ant 4:Dx,Dy = ( 0.00536, 0.01822),(-0.00399, 0.01909)
 Ant 5:Dx,Dy = (-0.01797,-0.00229),( 0.01651,-0.00187)
 Ant 6:Dx,Dy = (-0.00049,-0.02303),( 0.00013,-0.02244)
Solution for freq bin  2
Iter= 1, Amplit/Phase Solution Error:   0.309
Iter= 1, Polarisation Solution Error:   0.003
Iter= 1, Overall Solution Error:        1.402
Iter= 2, Amplit/Phase Solution Error:   0.002
Iter= 2, Polarisation Solution Error:   0.000
Iter= 2, Overall Solution Error:        0.003
Iter= 3, Amplit/Phase Solution Error:   0.001
Iter= 3, Polarisation Solution Error:   0.000
Iter= 3, Overall Solution Error:        0.001
I flux density:   4.5133
Leakage terms:
 Ant 1:Dx,Dy = ( 0.00110, 0.00112),( 0.00036, 0.00191)
 Ant 2:Dx,Dy = ( 0.00407, 0.00573),(-0.00392, 0.00577)
 Ant 3:Dx,Dy = ( 0.00614,-0.00373),(-0.00760,-0.00471)
 Ant 4:Dx,Dy = ( 0.00611, 0.01646),(-0.00342, 0.01742)
 Ant 5:Dx,Dy = (-0.01650,-0.00094),( 0.01771,-0.00068)
 Ant 6:Dx,Dy = ( 0.00176,-0.01903),(-0.00045,-0.01932)

2018-08-06 13:29:16,515 [MainThread  ] [INFO ]  gpcopy vis=1934-638.5500 out=2312-319.5500

gpcopy: Revision 1.13, 2015/10/29 01:31:39 UTC

Copying leakage table
Copying gain table
Interpolation tolerance set to (minutes): 720.00
Copying bandpass table

2018-08-06 13:32:00,955 [MainThread  ] [INFO ]  pgflag vis=2312-319.5500 command='<b' stokes=i,q,u,v flagpar=8,5,5,3,6,3 options=nodisp

pgflag: Revision 1.30, 2016/10/05 23:06:50 UTC

Applying bandpass corrections to 2312-319.5500
Applying freq. dependent gain corrections to 2312-319.5500
Applying freq. dependent leakage correction to 2312-319.5500
Applying changes to dataset
Counts of correlations within selected channels:
 channel  Originally  Currently
 Good:      71161200   70579872    Changed to bad:     581328
 Bad:        9979200   10560528    Changed to good:         0
 13.0% of the data is now flagged

2018-08-06 13:34:41,117 [MainThread  ] [INFO ]  pgflag vis=2312-319.5500 command='<b' stokes=i,v,q,u flagpar=8,2,2,3,6,3  options=nodisp

pgflag: Revision 1.30, 2016/10/05 23:06:50 UTC

Applying bandpass corrections to 2312-319.5500
Applying freq. dependent gain corrections to 2312-319.5500
Applying freq. dependent leakage correction to 2312-319.5500
Applying changes to dataset
Counts of correlations within selected channels:
 channel  Originally  Currently
 Good:      70579872   70138568    Changed to bad:     441304
 Bad:       10560528   11001832    Changed to good:         0
 13.6% of the data is now flagged

2018-08-06 13:37:19,225 [MainThread  ] [INFO ]  pgflag vis=2312-319.5500 command='<b' stokes=i,v,u,q flagpar=8,2,2,3,6,3  options=nodisp

pgflag: Revision 1.30, 2016/10/05 23:06:50 UTC

Applying bandpass corrections to 2312-319.5500
Applying freq. dependent gain corrections to 2312-319.5500
Applying freq. dependent leakage correction to 2312-319.5500
Applying changes to dataset
Counts of correlations within selected channels:
 channel  Originally  Currently
 Good:      70138568   69666152    Changed to bad:     472416
 Bad:       11001832   11474248    Changed to good:         0
 14.1% of the data is now flagged

2018-08-06 13:37:26,006 [MainThread  ] [INFO ]  gpcal vis=2312-319.5500 refant=4 interval=0.1 nfbin=2 options=xyvary,qusolve

gpcal: Revision 1.22, 2016/05/01 22:31:05 UTC

Applying bandpass corrections to 2312-319.5500
Number of antennae: 6
Using leakage parameters from input as initial guess
Reading the data ...
Number of solution intervals: 660
Total visibilities read: 9900
Number visibilities accepted: 9900
Iter= 1, Amplit/Phase Solution Error:   0.862
Iter= 1, Polarisation Solution Error:   0.012
Iter= 1, Overall Solution Error:        2.386
Iter= 2, Amplit/Phase Solution Error:   0.013
Iter= 2, Polarisation Solution Error:   0.000
Iter= 2, Overall Solution Error:        0.010
Iter= 3, Amplit/Phase Solution Error:   0.001
Iter= 3, Polarisation Solution Error:   0.000
Iter= 3, Overall Solution Error:        0.001
I flux density:   0.5825
Percent Q:  -1.154
Percent U:   0.646
Leakage terms:
 Ant 1:Dx,Dy = ( 0.00061, 0.00161),(-0.00034, 0.00284)
 Ant 2:Dx,Dy = ( 0.00381, 0.00597),(-0.00512, 0.00668)
 Ant 3:Dx,Dy = ( 0.00465,-0.00392),(-0.00916,-0.00395)
 Ant 4:Dx,Dy = ( 0.00463, 0.01689),(-0.00445, 0.01837)
 Ant 5:Dx,Dy = (-0.01815,-0.00199),( 0.01582,-0.00113)
 Ant 6:Dx,Dy = ( 0.00015,-0.02088),(-0.00105,-0.02048)
Solution for freq bin  1
Iter= 1, Amplit/Phase Solution Error:   0.812
Iter= 1, Polarisation Solution Error:   0.014
Iter= 1, Overall Solution Error:        2.339
Iter= 2, Amplit/Phase Solution Error:   0.015
Iter= 2, Polarisation Solution Error:   0.000
Iter= 2, Overall Solution Error:        0.011
Iter= 3, Amplit/Phase Solution Error:   0.001
Iter= 3, Polarisation Solution Error:   0.000
Iter= 3, Overall Solution Error:        0.001
I flux density:   0.5847
Percent Q:  -1.417
Percent U:   0.597
Leakage terms:
 Ant 1:Dx,Dy = ( 0.00053, 0.00219),(-0.00073, 0.00293)
 Ant 2:Dx,Dy = ( 0.00430, 0.00693),(-0.00567, 0.00767)
 Ant 3:Dx,Dy = ( 0.00392,-0.00385),(-0.01007,-0.00340)
 Ant 4:Dx,Dy = ( 0.00409, 0.01789),(-0.00486, 0.01904)
 Ant 5:Dx,Dy = (-0.01893,-0.00243),( 0.01509,-0.00192)
 Ant 6:Dx,Dy = (-0.00100,-0.02283),(-0.00084,-0.02222)
Solution for freq bin  2
Iter= 1, Amplit/Phase Solution Error:   0.969
Iter= 1, Polarisation Solution Error:   0.009
Iter= 1, Overall Solution Error:        2.363
Iter= 2, Amplit/Phase Solution Error:   0.011
Iter= 2, Polarisation Solution Error:   0.000
Iter= 2, Overall Solution Error:        0.009
Iter= 3, Amplit/Phase Solution Error:   0.001
Iter= 3, Polarisation Solution Error:   0.000
Iter= 3, Overall Solution Error:        0.001
I flux density:   0.5838
Percent Q:  -0.868
Percent U:   0.711
Leakage terms:
 Ant 1:Dx,Dy = ( 0.00063, 0.00093),( 0.00002, 0.00267)
 Ant 2:Dx,Dy = ( 0.00333, 0.00513),(-0.00454, 0.00586)
 Ant 3:Dx,Dy = ( 0.00535,-0.00403),(-0.00828,-0.00458)
 Ant 4:Dx,Dy = ( 0.00514, 0.01584),(-0.00406, 0.01767)
 Ant 5:Dx,Dy = (-0.01741,-0.00153),( 0.01649,-0.00026)
 Ant 6:Dx,Dy = ( 0.00139,-0.01898),(-0.00120,-0.01873)

2018-08-06 13:40:09,183 [MainThread  ] [INFO ]  pgflag vis=2312-319.5500 command='<b' stokes=i,q,u,v flagpar=8,5,5,3,6,3 options=nodisp

pgflag: Revision 1.30, 2016/10/05 23:06:50 UTC

Applying bandpass corrections to 2312-319.5500
Applying freq. dependent gain corrections to 2312-319.5500
Applying freq. dependent leakage correction to 2312-319.5500
Applying changes to dataset
Counts of correlations within selected channels:
 channel  Originally  Currently
 Good:      69666152   69258376    Changed to bad:     407776
 Bad:       11474248   11882024    Changed to good:         0
 14.6% of the data is now flagged

2018-08-06 13:42:48,571 [MainThread  ] [INFO ]  pgflag vis=2312-319.5500 command='<b' stokes=i,v,q,u flagpar=8,2,2,3,6,3  options=nodisp

pgflag: Revision 1.30, 2016/10/05 23:06:50 UTC

Applying bandpass corrections to 2312-319.5500
Applying freq. dependent gain corrections to 2312-319.5500
Applying freq. dependent leakage correction to 2312-319.5500
Applying changes to dataset
Counts of correlations within selected channels:
 channel  Originally  Currently
 Good:      69258376   68896864    Changed to bad:     361512
 Bad:       11882024   12243536    Changed to good:         0
 15.1% of the data is now flagged

2018-08-06 13:45:40,463 [MainThread  ] [INFO ]  pgflag vis=2312-319.5500 command='<b' stokes=i,v,u,q flagpar=8,2,2,3,6,3  options=nodisp

pgflag: Revision 1.30, 2016/10/05 23:06:50 UTC

Applying bandpass corrections to 2312-319.5500
Applying freq. dependent gain corrections to 2312-319.5500
Applying freq. dependent leakage correction to 2312-319.5500
Applying changes to dataset
Counts of correlations within selected channels:
 channel  Originally  Currently
 Good:      68896864   68545944    Changed to bad:     350920
 Bad:       12243536   12594456    Changed to good:         0
 15.5% of the data is now flagged

2018-08-06 13:45:45,496 [MainThread  ] [INFO ]  gpcal vis=2312-319.5500 refant=4 interval=0.1 nfbin=2 options=xyvary,qusolve

gpcal: Revision 1.22, 2016/05/01 22:31:05 UTC

Applying bandpass corrections to 2312-319.5500
Number of antennae: 6
Using leakage parameters from input as initial guess
Reading the data ...
Number of solution intervals: 660
Total visibilities read: 9900
Number visibilities accepted: 9900
Iter= 1, Amplit/Phase Solution Error:   0.862
Iter= 1, Polarisation Solution Error:   0.012
Iter= 1, Overall Solution Error:        2.386
Iter= 2, Amplit/Phase Solution Error:   0.013
Iter= 2, Polarisation Solution Error:   0.000
Iter= 2, Overall Solution Error:        0.010
Iter= 3, Amplit/Phase Solution Error:   0.001
Iter= 3, Polarisation Solution Error:   0.000
Iter= 3, Overall Solution Error:        0.001
I flux density:   0.5829
Percent Q:  -1.163
Percent U:   0.649
Leakage terms:
 Ant 1:Dx,Dy = ( 0.00063, 0.00161),(-0.00031, 0.00286)
 Ant 2:Dx,Dy = ( 0.00388, 0.00598),(-0.00503, 0.00669)
 Ant 3:Dx,Dy = ( 0.00474,-0.00392),(-0.00912,-0.00395)
 Ant 4:Dx,Dy = ( 0.00469, 0.01687),(-0.00438, 0.01839)
 Ant 5:Dx,Dy = (-0.01812,-0.00204),( 0.01589,-0.00113)
 Ant 6:Dx,Dy = ( 0.00020,-0.02088),(-0.00104,-0.02047)
Solution for freq bin  1
Iter= 1, Amplit/Phase Solution Error:   0.811
Iter= 1, Polarisation Solution Error:   0.014
Iter= 1, Overall Solution Error:        2.339
Iter= 2, Amplit/Phase Solution Error:   0.015
Iter= 2, Polarisation Solution Error:   0.000
Iter= 2, Overall Solution Error:        0.010
Iter= 3, Amplit/Phase Solution Error:   0.001
Iter= 3, Polarisation Solution Error:   0.000
Iter= 3, Overall Solution Error:        0.001
I flux density:   0.5851
Percent Q:  -1.427
Percent U:   0.599
Leakage terms:
 Ant 1:Dx,Dy = ( 0.00057, 0.00218),(-0.00068, 0.00295)
 Ant 2:Dx,Dy = ( 0.00439, 0.00695),(-0.00556, 0.00771)
 Ant 3:Dx,Dy = ( 0.00401,-0.00384),(-0.01003,-0.00343)
 Ant 4:Dx,Dy = ( 0.00416, 0.01790),(-0.00476, 0.01906)
 Ant 5:Dx,Dy = (-0.01892,-0.00250),( 0.01515,-0.00196)
 Ant 6:Dx,Dy = (-0.00093,-0.02282),(-0.00083,-0.02220)
Solution for freq bin  2
Iter= 1, Amplit/Phase Solution Error:   0.971
Iter= 1, Polarisation Solution Error:   0.009
Iter= 1, Overall Solution Error:        2.363
Iter= 2, Amplit/Phase Solution Error:   0.011
Iter= 2, Polarisation Solution Error:   0.000
Iter= 2, Overall Solution Error:        0.009
Iter= 3, Amplit/Phase Solution Error:   0.001
Iter= 3, Polarisation Solution Error:   0.000
Iter= 3, Overall Solution Error:        0.001
I flux density:   0.5841
Percent Q:  -0.871
Percent U:   0.712
Leakage terms:
 Ant 1:Dx,Dy = ( 0.00063, 0.00094),( 0.00003, 0.00267)
 Ant 2:Dx,Dy = ( 0.00335, 0.00512),(-0.00451, 0.00584)
 Ant 3:Dx,Dy = ( 0.00538,-0.00403),(-0.00828,-0.00455)
 Ant 4:Dx,Dy = ( 0.00515, 0.01581),(-0.00405, 0.01768)
 Ant 5:Dx,Dy = (-0.01739,-0.00155),( 0.01653,-0.00024)
 Ant 6:Dx,Dy = ( 0.00141,-0.01898),(-0.00120,-0.01872)

2018-08-06 13:45:45,539 [MainThread  ] [INFO ]  gpboot vis=2312-319.5500 cal=1934-638.5500

gpboot: Revision 1.9, 2015/10/29 01:31:30 UTC

Secondary flux density scaled by:   0.999
Frequency bin  1 scaled by      :   1.002
Frequency bin  2 scaled by      :   1.003

2018-08-06 13:47:13,113 [MainThread  ] [INFO ]  gpcopy vis=2312-319.5500 out=d.5500

gpcopy: Revision 1.13, 2015/10/29 01:31:39 UTC

Copying leakage table
Copying gain table
Interpolation tolerance set to (minutes): 720.00
Copying bandpass table

2018-08-06 14:04:08,789 [MainThread  ] [INFO ]  pgflag vis=d.5500 command='<b' stokes=i,v,q,u flagpar=8,2,2,3,6,3  options=nodisp

pgflag: Revision 1.30, 2016/10/05 23:06:50 UTC

Applying bandpass corrections to d.5500
Applying freq. dependent gain corrections to d.5500
Applying freq. dependent leakage correction to d.5500
Applying changes to dataset
Counts of correlations within selected channels:
 channel  Originally  Currently
 Good:     451959876  439287436    Changed to bad:   12672440
 Bad:       63380016   76052456    Changed to good:         0
 14.8% of the data is now flagged

2018-08-06 14:21:16,183 [MainThread  ] [INFO ]  pgflag vis=d.5500 command='<b' stokes=i,v,u,q flagpar=8,2,2,3,6,3  options=nodisp

pgflag: Revision 1.30, 2016/10/05 23:06:50 UTC

Applying bandpass corrections to d.5500
Applying freq. dependent gain corrections to d.5500
Applying freq. dependent leakage correction to d.5500
Applying changes to dataset
Counts of correlations within selected channels:
 channel  Originally  Currently
 Good:     439287436  430036944    Changed to bad:    9250492
 Bad:       76052456   85302948    Changed to good:         0
 16.6% of the data is now flagged

2018-08-06 14:23:41,970 [MainThread  ] [INFO ]  uvsplit vis=d.5500

uvsplit: Revision 1.18, 2016/05/09 03:06:18 UTC

Creating d_1041.5500
Creating d_1042.5500
Creating d_1043.5500
Creating d_1044.5500
Creating d_1045.5500
Creating d_1046.5500
Creating d_1047.5500
Creating d_1048.5500
Creating d_1049.5500
Creating d_1050.5500
Creating d_1051.5500
Creating d_1052.5500
Creating d_1053.5500
Creating d_1054.5500
Creating d_1055.5500
Creating d_1056.5500
Creating d_1057.5500
Creating d_1058.5500
Creating d_1059.5500
Creating d_1060.5500
Creating d_1061.5500
Creating d_1062.5500
Creating d_1063.5500
Creating d_1064.5500
Creating d_1065.5500
Creating d_1066.5500
Creating d_1067.5500
Creating d_1068.5500
Creating d_1069.5500
Creating d_1070.5500
Creating d_1071.5500
Creating d_1072.5500
Creating d_1073.5500
Creating d_1074.5500
Creating d_1075.5500
Creating d_1076.5500
Creating d_1077.5500
Creating d_1078.5500
Creating d_1079.5500
Creating d_1080.5500
Creating d_901.5500
Creating d_902.5500
Creating d_903.5500
Creating d_904.5500
Creating d_905.5500
Creating d_906.5500
Creating d_907.5500
Creating d_908.5500
Creating d_909.5500
Creating d_910.5500
Creating d_911.5500
Creating d_912.5500
Creating d_913.5500
Creating d_914.5500
Creating d_915.5500
Creating d_916.5500
Creating d_917.5500
Creating d_918.5500
Creating d_919.5500
Creating d_920.5500
Creating d_921.5500
Creating d_922.5500
Creating d_923.5500
Creating d_924.5500
Creating d_925.5500
Creating d_926.5500
Creating d_927.5500
Creating d_928.5500
Creating d_929.5500
Creating d_930.5500
Creating d_931.5500
Creating d_932.5500
Creating d_933.5500
Creating d_934.5500
Creating d_935.5500
Creating d_936.5500
Creating d_937.5500
Creating d_938.5500
Creating d_939.5500
Creating d_940.5500
Creating d_941.5500
Creating d_942.5500
Creating d_943.5500
Creating d_944.5500
Creating d_945.5500
Creating d_946.5500
Creating d_947.5500
Creating d_948.5500
Creating d_949.5500
Creating d_950.5500
Creating d_951.5500
Creating d_952.5500
Creating d_953.5500
Creating d_954.5500
Creating d_955.5500
Creating d_956.5500
Creating d_957.5500
Creating d_958.5500
Creating d_959.5500
Creating d_960.5500
Creating d_961.5500
Creating d_962.5500
Creating d_963.5500
Creating d_964.5500
Creating d_965.5500
Creating d_966.5500
Creating d_967.5500
Creating d_968.5500
Creating d_969.5500
Creating d_970.5500
Creating d_971.5500
Creating d_972.5500
Creating d_973.5500
Creating d_974.5500
Creating d_975.5500
Creating d_976.5500
Creating d_977.5500
Creating d_978.5500
Creating d_979.5500
Creating d_980.5500
Creating d_981.5500
Creating d_982.5500
Creating d_983.5500
Creating d_984.5500
Creating d_985.5500
Creating d_986.5500
Creating d_987.5500
Creating d_988.5500
Creating d_989.5500
Creating d_990.5500
Creating d_991.5500
Creating d_992.5500
Creating d_993.5500
Creating d_994.5500
Creating d_995.5500
Creating d_996.5500
Creating d_997.5500
Creating d_998.5500
Creating d_999.5500
Creating d_1000.5500
Creating d_1001.5500
Creating d_1002.5500
Creating d_1003.5500
Creating d_1004.5500
Creating d_1005.5500
Creating d_1006.5500
Creating d_1007.5500
Creating d_1008.5500
Creating d_1009.5500
Creating d_1010.5500
Creating d_1011.5500
Creating d_1012.5500
Creating d_1013.5500
Creating d_1014.5500
Creating d_1015.5500
Creating d_1016.5500
Creating d_1017.5500
Creating d_1018.5500
Creating d_1019.5500
Creating d_1020.5500
Creating d_1021.5500
Creating d_1022.5500
Creating d_1023.5500
Creating d_1024.5500
Creating d_1025.5500
Creating d_1026.5500
Creating d_1027.5500
Creating d_1028.5500
Creating d_1029.5500
Creating d_1030.5500
Creating d_1031.5500
Creating d_1032.5500
Creating d_1033.5500
Creating d_1034.5500
Creating d_1035.5500
Creating d_1036.5500
Creating d_1037.5500
Creating d_1038.5500
Creating d_1039.5500
Creating d_1040.5500

