2018-08-06 14:27:32,141 [MainThread  ] [INFO ]  atlod in=raw/2017-01-02_0021.C3132,raw/2017-01-02_0309.C3132,raw/2017-01-02_0557.C3132,raw/2017-01-02_0844.C3132,raw/2017-01-02_1130.C3132 out=data9.uv ifsel=2 options=birdie,rfiflag,noauto,xycorr

atlod: Revision 1.53, 2016/08/25 23:02:21 UTC

Processing file raw/2017-01-02_0021.C3132
 00:21:55 CAOBS> track 1
CABB data detected
Scan 1 started at 17JAN02:00:22:12.0
Source: 1934-638
Flagging channels in  28 frequency ranges
 00:32:18 CAOBS> stop
 00:32:40 CAOBS> set file c3132_obs_d6
 00:32:59 CAOBS> start 15/999
Scan 2 started at 17JAN02:00:34:52.0
Source: 2312-319
Scan 3 started at 17JAN02:00:37:56.0
Source: d_1041
Source: d_1042
Source: d_1043
Source: d_1044
Source: d_1045
Source: d_1046
Source: d_1047
Source: d_1048
Source: d_1049
Source: d_1050
Source: d_1051
Source: d_1052
Source: d_1053
Source: d_1054
Source: d_1055
Source: d_1056
Source: d_1057
Source: d_1058
Source: d_1059
Source: d_1060
Scan 4 started at 17JAN02:00:51:24.0
Source: 2312-319
Scan 5 started at 17JAN02:00:54:20.0
Source: d_1061
Source: d_1062
Source: d_1063
Source: d_1064
Source: d_1065
Source: d_1066
Source: d_1067
Source: d_1068
Source: d_1069
Source: d_1070
Source: d_1071
Source: d_1072
Source: d_1073
Source: d_1074
Source: d_1075
Source: d_1076
Source: d_1077
Source: d_1078
Source: d_1079
Source: d_1080
Scan 6 started at 17JAN02:01:07:40.0
Source: 2312-319
Scan 7 started at 17JAN02:01:10:36.0
Source: d_901
Source: d_902
Source: d_903
Source: d_904
Source: d_905
Source: d_906
Source: d_907
Source: d_908
Source: d_909
Source: d_910
Source: d_911
Source: d_912
Source: d_913
Source: d_914
Source: d_915
Source: d_916
Source: d_917
Source: d_918
Source: d_919
Source: d_920
Scan 8 started at 17JAN02:01:24:12.0
Source: 2312-319
Scan 9 started at 17JAN02:01:27:08.0
Source: d_921
Source: d_922
Source: d_923
Source: d_924
Source: d_925
Source: d_926
Source: d_927
Source: d_928
Source: d_929
Source: d_930
Source: d_931
Source: d_932
Source: d_933
Source: d_934
Source: d_935
Source: d_936
Source: d_937
Source: d_938
Source: d_939
Source: d_940
Scan 10 started at 17JAN02:01:40:28.0
Source: 2312-319
Scan 11 started at 17JAN02:01:43:24.0
Source: d_941
Source: d_942
Source: d_943
Source: d_944
Source: d_945
Source: d_946
Source: d_947
Source: d_948
Source: d_949
Source: d_950
Source: d_951
Source: d_952
Source: d_953
Source: d_954
Source: d_955
Source: d_956
Source: d_957
Source: d_958
Source: d_959
Source: d_960
Scan 12 started at 17JAN02:01:56:44.0
Source: 2312-319
Scan 13 started at 17JAN02:01:59:40.0
Source: d_961
Source: d_962
Source: d_963
Source: d_964
Source: d_965
Source: d_966
Source: d_967
Source: d_968
Source: d_969
Source: d_970
Source: d_971
Source: d_972
Source: d_973
Source: d_974
Source: d_975
Source: d_976
Source: d_977
Source: d_978
Source: d_979
Source: d_980
Scan 14 started at 17JAN02:02:13:08.0
Source: 2312-319
Scan 15 started at 17JAN02:02:16:04.0
Source: d_981
Source: d_982
Source: d_983
Source: d_984
Source: d_985
Source: d_986
Source: d_987
Source: d_988
Source: d_989
Source: d_990
Source: d_991
Source: d_992
Source: d_993
Source: d_994
Source: d_995
Source: d_996
Source: d_997
Source: d_998
Source: d_999
Source: d_1000
Scan 16 started at 17JAN02:02:29:24.0
Source: 2312-319
Scan 17 started at 17JAN02:02:32:20.0
Source: d_1001
Source: d_1002
Source: d_1003
Source: d_1004
Source: d_1005
Source: d_1006
Source: d_1007
Source: d_1008
Source: d_1009
Source: d_1010
Source: d_1011
Source: d_1012
Source: d_1013
Source: d_1014
Source: d_1015
Source: d_1016
Source: d_1017
Source: d_1018
Source: d_1019
Source: d_1020
Scan 18 started at 17JAN02:02:45:40.0
Source: 2312-319
Scan 19 started at 17JAN02:02:48:36.0
Source: d_1021
Source: d_1022
Source: d_1023
Source: d_1024
Source: d_1025
Source: d_1026
Source: d_1027
Source: d_1028
Source: d_1029
Source: d_1030
Source: d_1031
Source: d_1032
Source: d_1033
Source: d_1034
Source: d_1035
Source: d_1036
Source: d_1037
Source: d_1038
Source: d_1039
Source: d_1040
Scan 20 started at 17JAN02:03:01:56.0
Source: 2312-319
Scan 21 started at 17JAN02:03:04:52.0
Source: d_1041
Source: d_1042
Source: d_1043
Source: d_1044
Source: d_1045
Source: d_1046
Source: d_1047
Source: d_1048
RPFITS file version is 2.12
---------------------------------------
Total number of spectra selected: 72660

Summary of spectra flagged
Flagging Reason            Fraction
---------------            --------
Antenna off-source/off-line  5.58%
---------------------------------------
Processing file raw/2017-01-02_0309.C3132
CABB data detected
Scan 1 started at 17JAN02:03:09:40.0
Source: d_1048
Source: d_1049
Source: d_1050
Source: d_1051
Source: d_1052
Source: d_1053
Source: d_1054
Source: d_1055
Source: d_1056
Source: d_1057
Source: d_1058
Source: d_1059
Source: d_1060
Scan 2 started at 17JAN02:03:18:12.0
Source: 2312-319
Scan 3 started at 17JAN02:03:21:08.0
Source: d_1061
Source: d_1062
Source: d_1063
Source: d_1064
Source: d_1065
Source: d_1066
Source: d_1067
Source: d_1068
Source: d_1069
Source: d_1070
Source: d_1071
Source: d_1072
Source: d_1073
Source: d_1074
Source: d_1075
Source: d_1076
Source: d_1077
Source: d_1078
Source: d_1079
Source: d_1080
Scan 4 started at 17JAN02:03:34:28.0
Source: 2312-319
Scan 5 started at 17JAN02:03:37:16.0
Source: d_901
Source: d_902
Source: d_903
Source: d_904
Source: d_905
Source: d_906
Source: d_907
Source: d_908
Source: d_909
Source: d_911
Source: d_912
Source: d_913
Source: d_914
Source: d_915
Source: d_916
Source: d_917
Source: d_918
Source: d_919
Source: d_920
Scan 6 started at 17JAN02:03:50:44.0
Source: 2312-319
Scan 7 started at 17JAN02:03:53:32.0
Source: d_921
Source: d_922
Source: d_923
Source: d_924
Source: d_925
Source: d_926
Source: d_927
Source: d_928
Source: d_929
Source: d_930
Source: d_931
Source: d_932
Source: d_933
Source: d_934
Source: d_935
Source: d_936
Source: d_937
Source: d_938
Source: d_939
Source: d_940
Scan 8 started at 17JAN02:04:07:00.0
Source: 2312-319
Scan 9 started at 17JAN02:04:09:56.0
Source: d_941
Source: d_942
Source: d_943
Source: d_944
Source: d_945
Source: d_946
Source: d_947
Source: d_948
Source: d_949
Source: d_950
Source: d_951
Source: d_952
Source: d_953
Source: d_954
Source: d_955
Source: d_956
Source: d_957
Source: d_958
Source: d_959
Source: d_960
Scan 10 started at 17JAN02:04:23:16.0
Source: 2312-319
Scan 11 started at 17JAN02:04:26:20.0
Source: d_961
Source: d_962
Source: d_963
Source: d_964
Source: d_965
Source: d_966
Source: d_967
Source: d_968
Source: d_969
Source: d_970
Source: d_971
Source: d_972
Source: d_973
Source: d_974
Source: d_975
Source: d_976
Source: d_977
Source: d_978
Source: d_979
Source: d_980
Scan 12 started at 17JAN02:04:39:40.0
Source: 2312-319
Scan 13 started at 17JAN02:04:42:36.0
Source: d_981
Source: d_982
Source: d_983
Source: d_984
Source: d_985
Source: d_986
Source: d_987
Source: d_988
Source: d_989
Source: d_990
Source: d_991
Source: d_992
Source: d_993
Source: d_994
Source: d_995
Source: d_996
Source: d_997
Source: d_998
Source: d_999
Source: d_1000
Scan 14 started at 17JAN02:04:56:04.0
Source: 2312-319
Scan 15 started at 17JAN02:04:59:08.0
Source: d_1001
Source: d_1002
Source: d_1003
Source: d_1004
Source: d_1005
Source: d_1006
Source: d_1007
Source: d_1008
Source: d_1009
Source: d_1010
Source: d_1011
Source: d_1012
Source: d_1013
Source: d_1014
Source: d_1015
Source: d_1016
Source: d_1017
Source: d_1018
Source: d_1019
Source: d_1020
Scan 16 started at 17JAN02:05:12:28.0
Source: 2312-319
Scan 17 started at 17JAN02:05:15:48.0
Source: d_1021
Source: d_1022
Source: d_1023
Source: d_1024
Source: d_1025
Source: d_1026
Source: d_1027
Source: d_1028
Source: d_1029
Source: d_1030
Source: d_1031
Source: d_1032
Source: d_1033
Source: d_1034
Source: d_1035
Source: d_1036
Source: d_1037
Source: d_1038
Source: d_1039
Source: d_1040
Scan 18 started at 17JAN02:05:29:16.0
Source: 2312-319
Scan 19 started at 17JAN02:05:32:44.0
Source: d_1041
Source: d_1042
Source: d_1043
Source: d_1044
Source: d_1045
Source: d_1046
Source: d_1047
Source: d_1048
Source: d_1049
Source: d_1050
Source: d_1051
Source: d_1052
Source: d_1053
Source: d_1054
Source: d_1055
Source: d_1056
Source: d_1057
Source: d_1058
Source: d_1059
Source: d_1060
Scan 20 started at 17JAN02:05:46:28.0
Source: 2312-319
Scan 21 started at 17JAN02:05:50:36.0
Source: d_1061
Source: d_1062
Source: d_1063
Source: d_1064
Source: d_1065
Source: d_1066
Source: d_1067
Source: d_1068
Source: d_1069
Source: d_1070
Source: d_1071
RPFITS file version is 2.12
---------------------------------------
Total number of spectra selected: 72660

Summary of spectra flagged
Flagging Reason            Fraction
---------------            --------
Antenna off-source/off-line  6.33%
---------------------------------------
Processing file raw/2017-01-02_0557.C3132
CABB data detected
Scan 1 started at 17JAN02:05:57:16.0
Source: d_1071
Source: d_1072
Source: d_1073
Source: d_1074
Source: d_1075
Source: d_1076
Source: d_1077
Source: d_1078
Source: d_1079
Source: d_1080
Scan 2 started at 17JAN02:06:04:12.0
Source: 2312-319
Scan 3 started at 17JAN02:06:09:17.5
Source: d_902
Source: d_903
Source: d_904
Source: d_905
Source: d_906
Source: d_907
Source: d_908
Source: d_909
Source: d_910
Source: d_911
Source: d_912
Source: d_913
Source: d_914
Source: d_915
Source: d_916
Source: d_917
Source: d_918
Source: d_919
Source: d_920
Scan 4 started at 17JAN02:06:23:40.0
Source: 2312-319
Scan 5 started at 17JAN02:06:28:20.0
Source: d_921
Source: d_922
Source: d_923
Source: d_924
Source: d_925
Source: d_926
Source: d_927
Source: d_928
Source: d_929
Source: d_930
Source: d_931
Source: d_932
Source: d_933
Source: d_934
Source: d_935
Source: d_936
Source: d_937
Source: d_938
Source: d_939
Source: d_940
Scan 6 started at 17JAN02:06:41:32.0
Source: 2312-319
Scan 7 started at 17JAN02:06:44:36.0
Source: d_941
Source: d_942
Source: d_943
Source: d_944
Source: d_945
Source: d_946
Source: d_947
Source: d_948
Source: d_949
Source: d_950
Source: d_951
Source: d_952
Source: d_953
Source: d_954
Source: d_955
Source: d_956
Source: d_957
Source: d_958
Source: d_959
Source: d_960
Scan 8 started at 17JAN02:06:58:04.0
Source: 2312-319
Scan 9 started at 17JAN02:07:01:08.0
Source: d_961
Source: d_962
Source: d_963
Source: d_964
Source: d_965
Source: d_966
Source: d_967
Source: d_968
Source: d_969
Source: d_970
Source: d_971
Source: d_972
Source: d_973
Source: d_974
Source: d_975
Source: d_976
Source: d_977
Source: d_978
Source: d_979
Source: d_980
Scan 10 started at 17JAN02:07:14:44.0
Source: 2312-319
Scan 11 started at 17JAN02:07:17:48.0
Source: d_981
Source: d_982
Source: d_983
Source: d_984
Source: d_985
Source: d_986
Source: d_987
Source: d_988
Source: d_989
Source: d_990
Source: d_991
Source: d_992
Source: d_993
Source: d_994
Source: d_995
Source: d_996
Source: d_997
Source: d_998
Source: d_999
Source: d_1000
Scan 12 started at 17JAN02:07:31:16.0
Source: 2312-319
Scan 13 started at 17JAN02:07:34:20.0
Source: d_1001
Source: d_1002
Source: d_1003
Source: d_1004
Source: d_1005
Source: d_1006
Source: d_1007
Source: d_1008
Source: d_1009
Source: d_1010
Source: d_1011
Source: d_1012
Source: d_1013
Source: d_1014
Source: d_1015
Source: d_1016
Source: d_1017
Source: d_1018
Source: d_1019
Source: d_1020
Scan 14 started at 17JAN02:07:47:40.0
Source: 2312-319
Scan 15 started at 17JAN02:07:50:36.0
Source: d_1021
Source: d_1022
Source: d_1023
Source: d_1024
Source: d_1025
Source: d_1026
Source: d_1027
Source: d_1028
Source: d_1029
Source: d_1030
Source: d_1031
Source: d_1032
Source: d_1033
Source: d_1034
Source: d_1035
Source: d_1036
Source: d_1037
Source: d_1038
Source: d_1039
Source: d_1040
Scan 16 started at 17JAN02:08:04:04.0
Source: 2312-319
Scan 17 started at 17JAN02:08:07:00.0
Source: d_1041
Source: d_1042
Source: d_1043
Source: d_1044
Source: d_1045
Source: d_1046
Source: d_1047
Source: d_1048
Source: d_1049
Source: d_1050
Source: d_1051
Source: d_1052
Source: d_1053
Source: d_1054
Source: d_1055
Source: d_1056
Source: d_1057
Source: d_1058
Source: d_1059
Source: d_1060
Scan 18 started at 17JAN02:08:20:28.0
Source: 2312-319
Scan 19 started at 17JAN02:08:23:24.0
Source: d_1061
Source: d_1062
Source: d_1063
Source: d_1064
Source: d_1065
Source: d_1066
Source: d_1067
Source: d_1068
Source: d_1069
Source: d_1070
Source: d_1071
Source: d_1072
Source: d_1073
Source: d_1074
Source: d_1075
Source: d_1076
Source: d_1077
Source: d_1078
Source: d_1079
Source: d_1080
Scan 20 started at 17JAN02:08:36:44.0
Source: 2312-319
Scan 21 started at 17JAN02:08:39:32.0
Source: d_901
Source: d_902
Source: d_903
Source: d_904
Source: d_905
Source: d_906
Source: d_907
RPFITS file version is 2.12
---------------------------------------
Total number of spectra selected: 72660

Summary of spectra flagged
Flagging Reason            Fraction
---------------            --------
Antenna off-source/off-line  9.61%
---------------------------------------
Processing file raw/2017-01-02_0844.C3132
CABB data detected
Scan 1 started at 17JAN02:08:44:05.5
Source: d_908
Source: d_909
Source: d_910
Source: d_911
Source: d_912
Source: d_913
Source: d_914
Source: d_915
Source: d_916
Source: d_917
Source: d_918
Source: d_919
Source: d_920
Scan 2 started at 17JAN02:08:53:08.0
Source: 2312-319
Scan 3 started at 17JAN02:08:55:56.0
Source: d_921
Source: d_922
Source: d_923
Source: d_924
Source: d_925
Source: d_926
Source: d_927
Source: d_928
Source: d_929
Source: d_930
Source: d_931
Source: d_932
Source: d_933
Source: d_934
Source: d_935
Source: d_936
Source: d_937
Source: d_938
Source: d_939
Source: d_940
Scan 4 started at 17JAN02:09:09:24.0
Source: 2312-319
Scan 5 started at 17JAN02:09:12:20.0
Source: d_941
Source: d_942
Source: d_943
Source: d_944
Source: d_945
Source: d_946
Source: d_947
Source: d_948
Source: d_949
Source: d_950
Source: d_951
Source: d_952
Source: d_953
Source: d_954
Source: d_955
Source: d_956
Source: d_957
Source: d_958
Source: d_959
Source: d_960
Scan 6 started at 17JAN02:09:25:40.0
Source: 2312-319
Scan 7 started at 17JAN02:09:28:28.0
Source: d_961
Source: d_962
Source: d_963
Source: d_964
Source: d_965
Source: d_966
Source: d_967
Source: d_968
Source: d_969
Source: d_970
Source: d_971
Source: d_972
Source: d_973
Source: d_974
Source: d_975
Source: d_976
Source: d_977
Source: d_978
Source: d_979
Source: d_980
Scan 8 started at 17JAN02:09:42:04.0
Source: 2312-319
Scan 9 started at 17JAN02:09:45:00.0
Source: d_981
Source: d_982
Source: d_983
Source: d_984
Source: d_985
Source: d_986
Source: d_987
Source: d_988
Source: d_989
Source: d_990
Source: d_991
Source: d_992
Source: d_993
Source: d_994
Source: d_995
Source: d_996
Source: d_997
Source: d_998
Source: d_999
Source: d_1000
Scan 10 started at 17JAN02:09:58:20.0
Source: 2312-319
Scan 11 started at 17JAN02:10:01:08.0
Source: d_1001
Source: d_1002
Source: d_1003
Source: d_1004
Source: d_1005
Source: d_1006
Source: d_1007
Source: d_1008
Source: d_1009
Source: d_1010
Source: d_1011
Source: d_1012
Source: d_1013
Source: d_1014
Source: d_1015
Source: d_1016
Source: d_1017
Source: d_1018
Source: d_1019
Source: d_1020
Scan 12 started at 17JAN02:10:14:36.0
Source: 2312-319
Scan 13 started at 17JAN02:10:17:32.0
Source: d_1021
Source: d_1022
Source: d_1023
Source: d_1024
Source: d_1025
Source: d_1026
Source: d_1027
Source: d_1028
Source: d_1029
Source: d_1030
Source: d_1031
Source: d_1032
Source: d_1033
Source: d_1034
Source: d_1035
Source: d_1036
Source: d_1037
Source: d_1038
Source: d_1039
Source: d_1040
Scan 14 started at 17JAN02:10:30:52.0
Source: 2312-319
Scan 15 started at 17JAN02:10:33:40.0
Source: d_1041
Source: d_1042
Source: d_1043
Source: d_1044
Source: d_1045
Source: d_1046
Source: d_1047
Source: d_1048
Source: d_1049
Source: d_1050
Source: d_1051
Source: d_1052
Source: d_1053
Source: d_1054
Source: d_1055
Source: d_1056
Source: d_1057
Source: d_1058
Source: d_1059
Source: d_1060
Scan 16 started at 17JAN02:10:47:08.0
Source: 2312-319
Scan 17 started at 17JAN02:10:50:04.0
Source: d_1061
Source: d_1062
Source: d_1063
Source: d_1064
Source: d_1065
Source: d_1066
Source: d_1067
Source: d_1068
Source: d_1069
Source: d_1070
Source: d_1071
Source: d_1072
Source: d_1073
Source: d_1074
Source: d_1075
Source: d_1076
Source: d_1077
Source: d_1078
Source: d_1079
Source: d_1080
Scan 18 started at 17JAN02:11:03:24.0
Source: 2312-319
Scan 19 started at 17JAN02:11:06:12.0
Source: d_901
Source: d_902
Source: d_903
Source: d_904
Source: d_905
Source: d_906
Source: d_907
Source: d_908
Source: d_909
Source: d_910
Source: d_911
Source: d_912
Source: d_913
Source: d_914
Source: d_915
Source: d_916
Source: d_917
Source: d_918
Source: d_919
Source: d_920
Scan 20 started at 17JAN02:11:19:40.0
Source: 2312-319
Scan 21 started at 17JAN02:11:22:28.0
Source: d_921
Source: d_922
Source: d_923
Source: d_924
Source: d_925
Source: d_926
Source: d_927
Source: d_928
Source: d_929
Source: d_930
Source: d_931
Source: d_932
Source: d_933
RPFITS file version is 2.12
---------------------------------------
Total number of spectra selected: 72660

Summary of spectra flagged
Flagging Reason            Fraction
---------------            --------
Antenna off-source/off-line  3.94%
---------------------------------------
Processing file raw/2017-01-02_1130.C3132
CABB data detected
Scan 1 started at 17JAN02:11:30:52.0
Source: d_933
Source: d_934
Source: d_935
Source: d_936
Source: d_937
Source: d_938
Source: d_939
Source: d_940
Scan 2 started at 17JAN02:11:35:56.0
Source: 2312-319
Scan 3 started at 17JAN02:11:38:44.0
Source: d_941
Source: d_942
Source: d_943
Source: d_944
Source: d_945
Source: d_946
Source: d_947
Source: d_948
Source: d_949
Source: d_950
Source: d_951
Source: d_952
Source: d_953
Source: d_954
Source: d_955
Source: d_956
Source: d_957
Source: d_958
Source: d_959
Source: d_960
Scan 4 started at 17JAN02:11:52:12.0
Source: 2312-319
Scan 5 started at 17JAN02:11:55:00.0
Source: d_961
Source: d_962
Source: d_963
Source: d_964
Source: d_965
Source: d_966
Source: d_967
Source: d_968
Source: d_969
Source: d_970
Source: d_971
Source: d_972
Source: d_973
Source: d_974
Source: d_975
Source: d_976
Source: d_977
Source: d_978
Source: d_979
Source: d_980
Scan 6 started at 17JAN02:12:08:28.0
Source: 2312-319
Scan 7 started at 17JAN02:12:11:16.0
Source: d_981
Source: d_982
Source: d_983
Source: d_984
Source: d_985
Source: d_986
Source: d_987
Source: d_988
Source: d_989
Source: d_990
Source: d_991
Source: d_992
Source: d_993
Source: d_994
Source: d_995
Source: d_996
Source: d_997
Source: d_998
Source: d_999
Source: d_1000
Scan 8 started at 17JAN02:12:24:44.0
Source: 2312-319
 12:27:21 CAOBS> stop
 12:27:25 CAOBS> corr closef
RPFITS file version is 2.12
---------------------------------------
Total number of spectra selected: 24420

Summary of spectra flagged
Flagging Reason            Fraction
---------------            --------
Antenna off-source/off-line  3.69%
---------------------------------------

No CACAL data was detected

2018-08-06 14:28:17,245 [MainThread  ] [INFO ]  uvflag vis=data9.uv line=chan,50,850,1 flagval=flag

uvflag: Revision 1.8, 2014/09/30 14:23:39 UTC


Set flags to indicate bad data in visibility file data9.uv
Linetype channel; select   50 channels; start  850, width    1, step    1

Overview of flagging on visibility file data9.uv
Changed flags set to FALSE (data flagged as bad)
Total number of records selected: 295668; out of 295668 records
Antennas used: 1-6
Counts of correlations within selected channels
channel   Originally    Currently
Good:        14783400.           0.    Changed to bad:    14783400.
Bad:                0.    14783400.

2018-08-06 14:28:54,018 [MainThread  ] [INFO ]  uvsplit vis=data9.uv options=mosaic

uvsplit: Revision 1.18, 2016/05/09 03:06:18 UTC

Creating 1934-638.9500
Creating 2312-319.9500
Creating d.9500

2018-08-06 14:29:05,051 [MainThread  ] [INFO ]  pgflag vis=1934-638.9500 command='<b' stokes=i,q,u,v flagpar=8,5,5,3,6,3 options=nodisp

pgflag: Revision 1.30, 2016/10/05 23:06:50 UTC

Applying changes to dataset
Counts of correlations within selected channels:
 channel  Originally  Currently
 Good:       8130480    8048248    Changed to bad:      82232
 Bad:        1212960    1295192    Changed to good:         0
 13.9% of the data is now flagged

2018-08-06 14:29:14,598 [MainThread  ] [INFO ]  pgflag vis=1934-638.9500 command='<b' stokes=i,v,q,u flagpar=8,2,2,3,6,3  options=nodisp

pgflag: Revision 1.30, 2016/10/05 23:06:50 UTC

Applying changes to dataset
Counts of correlations within selected channels:
 channel  Originally  Currently
 Good:       8048248    7976472    Changed to bad:      71776
 Bad:        1295192    1366968    Changed to good:         0
 14.6% of the data is now flagged

2018-08-06 14:29:24,768 [MainThread  ] [INFO ]  pgflag vis=1934-638.9500 command='<b' stokes=i,v,u,q flagpar=8,2,2,3,6,3  options=nodisp

pgflag: Revision 1.30, 2016/10/05 23:06:50 UTC

Applying changes to dataset
Counts of correlations within selected channels:
 channel  Originally  Currently
 Good:       7976472    7879848    Changed to bad:      96624
 Bad:        1366968    1463592    Changed to good:         0
 15.7% of the data is now flagged

2018-08-06 14:30:13,244 [MainThread  ] [INFO ]  mfcal vis=1934-638.9500 refant=4 interval=0.1
MfCal: $Revision: 1.20 $, $Date: 2017/05/08 02:31:10 $
Selecting parallel-hand polarisations
Reading the data ...
Number correlations accepted: 3939924
Number of frequency bands/settings: 1
Number of polarisations selected: 2
Number of solution intervals: 76
Number of passband solution intervals: 1
Initialising ...
Using post-Aug94 ATCA flux scale for 1934-638.
Using known frequency variation of 1934-638
Generating initial solution estimate ...
Doing solution refinement ...
Iter= 1, Solution Error:  0.448
Iter= 2, Solution Error:  0.010
Iter= 3, Solution Error:  0.000
Saving solution ...

2018-08-06 14:30:13,816 [MainThread  ] [INFO ]  gpcal vis=1934-638.9500 refant=4 interval=0.1 nfbin=2 options=xyvary

gpcal: Revision 1.22, 2016/05/01 22:31:05 UTC

Applying bandpass corrections to 1934-638.9500
Number of antennae: 6
Reading the data ...
Number of solution intervals: 76
Total visibilities read: 1140
Number visibilities accepted: 1140
Using post-Aug94 ATCA flux scale for 1934-638.
Using IQUV =  2.5346,  0.0000,  0.0000,  0.0000 at   9.4710 GHz.
Using post-Aug94 ATCA flux scale for 1934-638.
Using IQUV =  2.6945,  0.0000,  0.0000,  0.0000 at   9.0165 GHz.
Using post-Aug94 ATCA flux scale for 1934-638.
Using IQUV =  2.3852,  0.0000,  0.0000,  0.0000 at   9.9471 GHz.
Iter= 1, Amplit/Phase Solution Error:   0.467
Iter= 1, Polarisation Solution Error:   0.032
Iter= 1, Overall Solution Error:        1.946
Iter= 2, Amplit/Phase Solution Error:   0.001
Iter= 2, Polarisation Solution Error:   0.000
Iter= 2, Overall Solution Error:        0.002
Iter= 3, Amplit/Phase Solution Error:   0.001
Iter= 3, Polarisation Solution Error:   0.000
Iter= 3, Overall Solution Error:        0.001
I flux density:   2.5346
Leakage terms:
 Ant 1:Dx,Dy = ( 0.00089,-0.00060),( 0.00010,-0.00104)
 Ant 2:Dx,Dy = ( 0.00463, 0.00122),(-0.00445, 0.00275)
 Ant 3:Dx,Dy = ( 0.00632,-0.00412),(-0.00845,-0.00443)
 Ant 4:Dx,Dy = ( 0.00329, 0.01533),(-0.00161, 0.01556)
 Ant 5:Dx,Dy = (-0.01645, 0.00309),( 0.01699, 0.00305)
 Ant 6:Dx,Dy = ( 0.00291,-0.01696),(-0.00098,-0.01385)
Solution for freq bin  1
Iter= 1, Amplit/Phase Solution Error:   0.454
Iter= 1, Polarisation Solution Error:   0.032
Iter= 1, Overall Solution Error:        1.905
Iter= 2, Amplit/Phase Solution Error:   0.001
Iter= 2, Polarisation Solution Error:   0.000
Iter= 2, Overall Solution Error:        0.002
Iter= 3, Amplit/Phase Solution Error:   0.001
Iter= 3, Polarisation Solution Error:   0.000
Iter= 3, Overall Solution Error:        0.001
I flux density:   2.6945
Leakage terms:
 Ant 1:Dx,Dy = ( 0.00086,-0.00055),(-0.00036,-0.00071)
 Ant 2:Dx,Dy = ( 0.00508, 0.00148),(-0.00506, 0.00400)
 Ant 3:Dx,Dy = ( 0.00584,-0.00465),(-0.00881,-0.00462)
 Ant 4:Dx,Dy = ( 0.00306, 0.01550),(-0.00179, 0.01592)
 Ant 5:Dx,Dy = (-0.01676, 0.00178),( 0.01685, 0.00256)
 Ant 6:Dx,Dy = ( 0.00273,-0.01657),(-0.00003,-0.01414)
Solution for freq bin  2
Iter= 1, Amplit/Phase Solution Error:   0.482
Iter= 1, Polarisation Solution Error:   0.033
Iter= 1, Overall Solution Error:        1.985
Iter= 2, Amplit/Phase Solution Error:   0.001
Iter= 2, Polarisation Solution Error:   0.000
Iter= 2, Overall Solution Error:        0.002
Iter= 3, Amplit/Phase Solution Error:   0.001
Iter= 3, Polarisation Solution Error:   0.000
Iter= 3, Overall Solution Error:        0.001
I flux density:   2.3852
Leakage terms:
 Ant 1:Dx,Dy = ( 0.00093,-0.00065),( 0.00061,-0.00142)
 Ant 2:Dx,Dy = ( 0.00413, 0.00093),(-0.00376, 0.00133)
 Ant 3:Dx,Dy = ( 0.00686,-0.00352),(-0.00805,-0.00421)
 Ant 4:Dx,Dy = ( 0.00355, 0.01514),(-0.00141, 0.01515)
 Ant 5:Dx,Dy = (-0.01610, 0.00454),( 0.01715, 0.00359)
 Ant 6:Dx,Dy = ( 0.00312,-0.01740),(-0.00205,-0.01351)

2018-08-06 14:30:27,615 [MainThread  ] [INFO ]  pgflag vis=1934-638.9500 command='<b' stokes=i,q,u,v flagpar=8,5,5,3,6,3 options=nodisp

pgflag: Revision 1.30, 2016/10/05 23:06:50 UTC

Applying bandpass corrections to 1934-638.9500
Applying freq. dependent gain corrections to 1934-638.9500
Applying freq. dependent leakage correction to 1934-638.9500
Applying changes to dataset
Counts of correlations within selected channels:
 channel  Originally  Currently
 Good:       7879848    7854248    Changed to bad:      25600
 Bad:        1463592    1489192    Changed to good:         0
 15.9% of the data is now flagged

2018-08-06 14:30:39,975 [MainThread  ] [INFO ]  pgflag vis=1934-638.9500 command='<b' stokes=i,v,q,u flagpar=8,2,2,3,6,3  options=nodisp

pgflag: Revision 1.30, 2016/10/05 23:06:50 UTC

Applying bandpass corrections to 1934-638.9500
Applying freq. dependent gain corrections to 1934-638.9500
Applying freq. dependent leakage correction to 1934-638.9500
Applying changes to dataset
Counts of correlations within selected channels:
 channel  Originally  Currently
 Good:       7854248    7823840    Changed to bad:      30408
 Bad:        1489192    1519600    Changed to good:         0
 16.3% of the data is now flagged

2018-08-06 14:30:53,334 [MainThread  ] [INFO ]  pgflag vis=1934-638.9500 command='<b' stokes=i,v,u,q flagpar=8,2,2,3,6,3  options=nodisp

pgflag: Revision 1.30, 2016/10/05 23:06:50 UTC

Applying bandpass corrections to 1934-638.9500
Applying freq. dependent gain corrections to 1934-638.9500
Applying freq. dependent leakage correction to 1934-638.9500
Applying changes to dataset
Counts of correlations within selected channels:
 channel  Originally  Currently
 Good:       7823840    7801172    Changed to bad:      22668
 Bad:        1519600    1542268    Changed to good:         0
 16.5% of the data is now flagged

2018-08-06 14:32:02,841 [MainThread  ] [INFO ]  mfcal vis=1934-638.9500 refant=4 interval=0.1
MfCal: $Revision: 1.20 $, $Date: 2017/05/08 02:31:10 $
Selecting parallel-hand polarisations
Reading the data ...
Number correlations accepted: 3900586
Number of frequency bands/settings: 1
Number of polarisations selected: 2
Number of solution intervals: 76
Number of passband solution intervals: 1
Initialising ...
Using post-Aug94 ATCA flux scale for 1934-638.
Using known frequency variation of 1934-638
Generating initial solution estimate ...
Doing solution refinement ...
Iter= 1, Solution Error:  0.452
Iter= 2, Solution Error:  0.010
Iter= 3, Solution Error:  0.000
Saving solution ...

2018-08-06 14:32:03,965 [MainThread  ] [INFO ]  gpcal vis=1934-638.9500 refant=4 interval=0.1 nfbin=2 options=xyvary

gpcal: Revision 1.22, 2016/05/01 22:31:05 UTC

Applying bandpass corrections to 1934-638.9500
Number of antennae: 6
Using leakage parameters from input as initial guess
Reading the data ...
Number of solution intervals: 76
Total visibilities read: 1140
Number visibilities accepted: 1140
Using post-Aug94 ATCA flux scale for 1934-638.
Using IQUV =  2.5345,  0.0000,  0.0000,  0.0000 at   9.4713 GHz.
Using post-Aug94 ATCA flux scale for 1934-638.
Using IQUV =  2.6938,  0.0000,  0.0000,  0.0000 at   9.0184 GHz.
Using post-Aug94 ATCA flux scale for 1934-638.
Using IQUV =  2.3861,  0.0000,  0.0000,  0.0000 at   9.9441 GHz.
Iter= 1, Amplit/Phase Solution Error:   0.467
Iter= 1, Polarisation Solution Error:   0.000
Iter= 1, Overall Solution Error:        1.946
Iter= 2, Amplit/Phase Solution Error:   0.001
Iter= 2, Polarisation Solution Error:   0.000
Iter= 2, Overall Solution Error:        0.002
Iter= 3, Amplit/Phase Solution Error:   0.001
Iter= 3, Polarisation Solution Error:   0.000
Iter= 3, Overall Solution Error:        0.001
I flux density:   2.5345
Leakage terms:
 Ant 1:Dx,Dy = ( 0.00091,-0.00062),( 0.00011,-0.00107)
 Ant 2:Dx,Dy = ( 0.00462, 0.00123),(-0.00447, 0.00276)
 Ant 3:Dx,Dy = ( 0.00632,-0.00414),(-0.00845,-0.00445)
 Ant 4:Dx,Dy = ( 0.00331, 0.01530),(-0.00161, 0.01554)
 Ant 5:Dx,Dy = (-0.01635, 0.00317),( 0.01711, 0.00313)
 Ant 6:Dx,Dy = ( 0.00291,-0.01699),(-0.00096,-0.01386)
Solution for freq bin  1
Iter= 1, Amplit/Phase Solution Error:   0.454
Iter= 1, Polarisation Solution Error:   0.001
Iter= 1, Overall Solution Error:        1.906
Iter= 2, Amplit/Phase Solution Error:   0.001
Iter= 2, Polarisation Solution Error:   0.000
Iter= 2, Overall Solution Error:        0.002
Iter= 3, Amplit/Phase Solution Error:   0.001
Iter= 3, Polarisation Solution Error:   0.000
Iter= 3, Overall Solution Error:        0.001
I flux density:   2.6938
Leakage terms:
 Ant 1:Dx,Dy = ( 0.00091,-0.00058),(-0.00033,-0.00075)
 Ant 2:Dx,Dy = ( 0.00506, 0.00148),(-0.00510, 0.00401)
 Ant 3:Dx,Dy = ( 0.00583,-0.00469),(-0.00881,-0.00466)
 Ant 4:Dx,Dy = ( 0.00309, 0.01544),(-0.00180, 0.01589)
 Ant 5:Dx,Dy = (-0.01658, 0.00192),( 0.01707, 0.00270)
 Ant 6:Dx,Dy = ( 0.00272,-0.01660),(-0.00000,-0.01416)
Solution for freq bin  2
Iter= 1, Amplit/Phase Solution Error:   0.481
Iter= 1, Polarisation Solution Error:   0.002
Iter= 1, Overall Solution Error:        1.985
Iter= 2, Amplit/Phase Solution Error:   0.001
Iter= 2, Polarisation Solution Error:   0.000
Iter= 2, Overall Solution Error:        0.002
Iter= 3, Amplit/Phase Solution Error:   0.001
Iter= 3, Polarisation Solution Error:   0.000
Iter= 3, Overall Solution Error:        0.001
I flux density:   2.3861
Leakage terms:
 Ant 1:Dx,Dy = ( 0.00093,-0.00065),( 0.00062,-0.00143)
 Ant 2:Dx,Dy = ( 0.00413, 0.00095),(-0.00376, 0.00133)
 Ant 3:Dx,Dy = ( 0.00687,-0.00351),(-0.00805,-0.00421)
 Ant 4:Dx,Dy = ( 0.00356, 0.01515),(-0.00139, 0.01516)
 Ant 5:Dx,Dy = (-0.01609, 0.00454),( 0.01716, 0.00360)
 Ant 6:Dx,Dy = ( 0.00313,-0.01742),(-0.00203,-0.01351)

2018-08-06 14:32:04,022 [MainThread  ] [INFO ]  gpcopy vis=1934-638.9500 out=2312-319.9500

gpcopy: Revision 1.13, 2015/10/29 01:31:39 UTC

Copying leakage table
Copying gain table
Interpolation tolerance set to (minutes): 720.00
Copying bandpass table

2018-08-06 14:34:50,282 [MainThread  ] [INFO ]  pgflag vis=2312-319.9500 command='<b' stokes=i,q,u,v flagpar=8,5,5,3,6,3 options=nodisp

pgflag: Revision 1.30, 2016/10/05 23:06:50 UTC

Applying bandpass corrections to 2312-319.9500
Applying freq. dependent gain corrections to 2312-319.9500
Applying freq. dependent leakage correction to 2312-319.9500
Applying changes to dataset
Counts of correlations within selected channels:
 channel  Originally  Currently
 Good:      70606800   70079844    Changed to bad:     526956
 Bad:       10533600   11060556    Changed to good:         0
 13.6% of the data is now flagged

2018-08-06 14:37:27,815 [MainThread  ] [INFO ]  pgflag vis=2312-319.9500 command='<b' stokes=i,v,q,u flagpar=8,2,2,3,6,3  options=nodisp

pgflag: Revision 1.30, 2016/10/05 23:06:50 UTC

Applying bandpass corrections to 2312-319.9500
Applying freq. dependent gain corrections to 2312-319.9500
Applying freq. dependent leakage correction to 2312-319.9500
Applying changes to dataset
Counts of correlations within selected channels:
 channel  Originally  Currently
 Good:      70079844   69625436    Changed to bad:     454408
 Bad:       11060556   11514964    Changed to good:         0
 14.2% of the data is now flagged

2018-08-06 14:40:07,169 [MainThread  ] [INFO ]  pgflag vis=2312-319.9500 command='<b' stokes=i,v,u,q flagpar=8,2,2,3,6,3  options=nodisp

pgflag: Revision 1.30, 2016/10/05 23:06:50 UTC

Applying bandpass corrections to 2312-319.9500
Applying freq. dependent gain corrections to 2312-319.9500
Applying freq. dependent leakage correction to 2312-319.9500
Applying changes to dataset
Counts of correlations within selected channels:
 channel  Originally  Currently
 Good:      69625436   69178060    Changed to bad:     447376
 Bad:       11514964   11962340    Changed to good:         0
 14.7% of the data is now flagged

2018-08-06 14:40:12,248 [MainThread  ] [INFO ]  gpcal vis=2312-319.9500 refant=4 interval=0.1 nfbin=2 options=xyvary,qusolve

gpcal: Revision 1.22, 2016/05/01 22:31:05 UTC

Applying bandpass corrections to 2312-319.9500
Number of antennae: 6
Using leakage parameters from input as initial guess
Reading the data ...
Number of solution intervals: 660
Total visibilities read: 9900
Number visibilities accepted: 9900
Iter= 1, Amplit/Phase Solution Error:   1.397
Iter= 1, Polarisation Solution Error:   0.006
Iter= 1, Overall Solution Error:        2.509
Iter= 2, Amplit/Phase Solution Error:   0.007
Iter= 2, Polarisation Solution Error:   0.000
Iter= 2, Overall Solution Error:        0.007
Iter= 3, Amplit/Phase Solution Error:   0.001
Iter= 3, Polarisation Solution Error:   0.000
Iter= 3, Overall Solution Error:        0.001
Iter= 4, Amplit/Phase Solution Error:   0.000
Iter= 4, Polarisation Solution Error:   0.000
Iter= 4, Overall Solution Error:        0.000
I flux density:   0.5719
Percent Q:  -0.552
Percent U:  -0.453
Leakage terms:
 Ant 1:Dx,Dy = ( 0.00076,-0.00034),(-0.00010,-0.00070)
 Ant 2:Dx,Dy = ( 0.00405, 0.00101),(-0.00441, 0.00285)
 Ant 3:Dx,Dy = ( 0.00628,-0.00480),(-0.00900,-0.00409)
 Ant 4:Dx,Dy = ( 0.00299, 0.01474),(-0.00204, 0.01595)
 Ant 5:Dx,Dy = (-0.01711, 0.00266),( 0.01678, 0.00323)
 Ant 6:Dx,Dy = ( 0.00300,-0.01715),(-0.00125,-0.01337)
Solution for freq bin  1
Iter= 1, Amplit/Phase Solution Error:   1.340
Iter= 1, Polarisation Solution Error:   0.006
Iter= 1, Overall Solution Error:        2.480
Iter= 2, Amplit/Phase Solution Error:   0.007
Iter= 2, Polarisation Solution Error:   0.000
Iter= 2, Overall Solution Error:        0.006
Iter= 3, Amplit/Phase Solution Error:   0.001
Iter= 3, Polarisation Solution Error:   0.000
Iter= 3, Overall Solution Error:        0.001
I flux density:   0.5765
Percent Q:  -0.640
Percent U:  -0.256
Leakage terms:
 Ant 1:Dx,Dy = ( 0.00090,-0.00024),(-0.00105,-0.00020)
 Ant 2:Dx,Dy = ( 0.00453, 0.00124),(-0.00491, 0.00417)
 Ant 3:Dx,Dy = ( 0.00583,-0.00566),(-0.00908,-0.00420)
 Ant 4:Dx,Dy = ( 0.00258, 0.01477),(-0.00214, 0.01641)
 Ant 5:Dx,Dy = (-0.01738, 0.00125),( 0.01650, 0.00273)
 Ant 6:Dx,Dy = ( 0.00263,-0.01674),(-0.00024,-0.01354)
Solution for freq bin  2
Iter= 1, Amplit/Phase Solution Error:   1.363
Iter= 1, Polarisation Solution Error:   0.006
Iter= 1, Overall Solution Error:        2.495
Iter= 2, Amplit/Phase Solution Error:   0.008
Iter= 2, Polarisation Solution Error:   0.000
Iter= 2, Overall Solution Error:        0.008
Iter= 3, Amplit/Phase Solution Error:   0.001
Iter= 3, Polarisation Solution Error:   0.000
Iter= 3, Overall Solution Error:        0.001
I flux density:   0.5709
Percent Q:  -0.460
Percent U:  -0.635
Leakage terms:
 Ant 1:Dx,Dy = ( 0.00059,-0.00049),( 0.00077,-0.00126)
 Ant 2:Dx,Dy = ( 0.00357, 0.00076),(-0.00390, 0.00164)
 Ant 3:Dx,Dy = ( 0.00670,-0.00400),(-0.00897,-0.00399)
 Ant 4:Dx,Dy = ( 0.00337, 0.01470),(-0.00196, 0.01551)
 Ant 5:Dx,Dy = (-0.01691, 0.00402),( 0.01699, 0.00373)
 Ant 6:Dx,Dy = ( 0.00336,-0.01751),(-0.00225,-0.01311)

2018-08-06 14:42:55,719 [MainThread  ] [INFO ]  pgflag vis=2312-319.9500 command='<b' stokes=i,q,u,v flagpar=8,5,5,3,6,3 options=nodisp

pgflag: Revision 1.30, 2016/10/05 23:06:50 UTC

Applying bandpass corrections to 2312-319.9500
Applying freq. dependent gain corrections to 2312-319.9500
Applying freq. dependent leakage correction to 2312-319.9500
Applying changes to dataset
Counts of correlations within selected channels:
 channel  Originally  Currently
 Good:      69178060   68774844    Changed to bad:     403216
 Bad:       11962340   12365556    Changed to good:         0
 15.2% of the data is now flagged

2018-08-06 14:45:37,349 [MainThread  ] [INFO ]  pgflag vis=2312-319.9500 command='<b' stokes=i,v,q,u flagpar=8,2,2,3,6,3  options=nodisp

pgflag: Revision 1.30, 2016/10/05 23:06:50 UTC

Applying bandpass corrections to 2312-319.9500
Applying freq. dependent gain corrections to 2312-319.9500
Applying freq. dependent leakage correction to 2312-319.9500
Applying changes to dataset
Counts of correlations within selected channels:
 channel  Originally  Currently
 Good:      68774844   68409948    Changed to bad:     364896
 Bad:       12365556   12730452    Changed to good:         0
 15.7% of the data is now flagged

2018-08-06 14:48:14,147 [MainThread  ] [INFO ]  pgflag vis=2312-319.9500 command='<b' stokes=i,v,u,q flagpar=8,2,2,3,6,3  options=nodisp

pgflag: Revision 1.30, 2016/10/05 23:06:50 UTC

Applying bandpass corrections to 2312-319.9500
Applying freq. dependent gain corrections to 2312-319.9500
Applying freq. dependent leakage correction to 2312-319.9500
Applying changes to dataset
Counts of correlations within selected channels:
 channel  Originally  Currently
 Good:      68409948   68063664    Changed to bad:     346284
 Bad:       12730452   13076736    Changed to good:         0
 16.1% of the data is now flagged

2018-08-06 14:48:20,496 [MainThread  ] [INFO ]  gpcal vis=2312-319.9500 refant=4 interval=0.1 nfbin=2 options=xyvary,qusolve

gpcal: Revision 1.22, 2016/05/01 22:31:05 UTC

Applying bandpass corrections to 2312-319.9500
Number of antennae: 6
Using leakage parameters from input as initial guess
Reading the data ...
Number of solution intervals: 660
Total visibilities read: 9900
Number visibilities accepted: 9900
Iter= 1, Amplit/Phase Solution Error:   1.396
Iter= 1, Polarisation Solution Error:   0.006
Iter= 1, Overall Solution Error:        2.507
Iter= 2, Amplit/Phase Solution Error:   0.007
Iter= 2, Polarisation Solution Error:   0.000
Iter= 2, Overall Solution Error:        0.007
Iter= 3, Amplit/Phase Solution Error:   0.001
Iter= 3, Polarisation Solution Error:   0.000
Iter= 3, Overall Solution Error:        0.001
I flux density:   0.5729
Percent Q:  -0.554
Percent U:  -0.453
Leakage terms:
 Ant 1:Dx,Dy = ( 0.00077,-0.00036),(-0.00007,-0.00073)
 Ant 2:Dx,Dy = ( 0.00406, 0.00102),(-0.00438, 0.00284)
 Ant 3:Dx,Dy = ( 0.00629,-0.00479),(-0.00899,-0.00411)
 Ant 4:Dx,Dy = ( 0.00302, 0.01475),(-0.00206, 0.01593)
 Ant 5:Dx,Dy = (-0.01707, 0.00271),( 0.01684, 0.00327)
 Ant 6:Dx,Dy = ( 0.00300,-0.01717),(-0.00125,-0.01335)
Solution for freq bin  1
Iter= 1, Amplit/Phase Solution Error:   1.341
Iter= 1, Polarisation Solution Error:   0.006
Iter= 1, Overall Solution Error:        2.479
Iter= 2, Amplit/Phase Solution Error:   0.007
Iter= 2, Polarisation Solution Error:   0.000
Iter= 2, Overall Solution Error:        0.006
Iter= 3, Amplit/Phase Solution Error:   0.001
Iter= 3, Polarisation Solution Error:   0.000
Iter= 3, Overall Solution Error:        0.001
I flux density:   0.5774
Percent Q:  -0.641
Percent U:  -0.257
Leakage terms:
 Ant 1:Dx,Dy = ( 0.00089,-0.00026),(-0.00102,-0.00023)
 Ant 2:Dx,Dy = ( 0.00455, 0.00125),(-0.00488, 0.00416)
 Ant 3:Dx,Dy = ( 0.00582,-0.00568),(-0.00909,-0.00423)
 Ant 4:Dx,Dy = ( 0.00260, 0.01479),(-0.00220, 0.01637)
 Ant 5:Dx,Dy = (-0.01734, 0.00132),( 0.01659, 0.00278)
 Ant 6:Dx,Dy = ( 0.00263,-0.01675),(-0.00025,-0.01351)
Solution for freq bin  2
Iter= 1, Amplit/Phase Solution Error:   1.363
Iter= 1, Polarisation Solution Error:   0.006
Iter= 1, Overall Solution Error:        2.495
Iter= 2, Amplit/Phase Solution Error:   0.008
Iter= 2, Polarisation Solution Error:   0.000
Iter= 2, Overall Solution Error:        0.007
Iter= 3, Amplit/Phase Solution Error:   0.001
Iter= 3, Polarisation Solution Error:   0.000
Iter= 3, Overall Solution Error:        0.001
I flux density:   0.5719
Percent Q:  -0.459
Percent U:  -0.631
Leakage terms:
 Ant 1:Dx,Dy = ( 0.00060,-0.00051),( 0.00077,-0.00128)
 Ant 2:Dx,Dy = ( 0.00356, 0.00077),(-0.00389, 0.00165)
 Ant 3:Dx,Dy = ( 0.00668,-0.00399),(-0.00896,-0.00400)
 Ant 4:Dx,Dy = ( 0.00337, 0.01470),(-0.00197, 0.01551)
 Ant 5:Dx,Dy = (-0.01689, 0.00403),( 0.01699, 0.00374)
 Ant 6:Dx,Dy = ( 0.00335,-0.01752),(-0.00225,-0.01310)

2018-08-06 14:48:20,520 [MainThread  ] [INFO ]  gpboot vis=2312-319.9500 cal=1934-638.9500

gpboot: Revision 1.9, 2015/10/29 01:31:30 UTC

Secondary flux density scaled by:   0.997
Frequency bin  1 scaled by      :   0.997
Frequency bin  2 scaled by      :   0.999

2018-08-06 14:49:52,627 [MainThread  ] [INFO ]  gpcopy vis=2312-319.9500 out=d.9500

gpcopy: Revision 1.13, 2015/10/29 01:31:39 UTC

Copying leakage table
Copying gain table
Interpolation tolerance set to (minutes): 720.00
Copying bandpass table

2018-08-06 15:05:44,139 [MainThread  ] [INFO ]  pgflag vis=d.9500 command='<b' stokes=i,v,q,u flagpar=8,2,2,3,6,3  options=nodisp

pgflag: Revision 1.30, 2016/10/05 23:06:50 UTC

Applying bandpass corrections to d.9500
Applying freq. dependent gain corrections to d.9500
Applying freq. dependent leakage correction to d.9500
Applying changes to dataset
Counts of correlations within selected channels:
 channel  Originally  Currently
 Good:     448438764  435902740    Changed to bad:   12536024
 Bad:       66901128   79437152    Changed to good:         0
 15.4% of the data is now flagged

2018-08-06 15:21:12,031 [MainThread  ] [INFO ]  pgflag vis=d.9500 command='<b' stokes=i,v,u,q flagpar=8,2,2,3,6,3  options=nodisp

pgflag: Revision 1.30, 2016/10/05 23:06:50 UTC

Applying bandpass corrections to d.9500
Applying freq. dependent gain corrections to d.9500
Applying freq. dependent leakage correction to d.9500
Applying changes to dataset
Counts of correlations within selected channels:
 channel  Originally  Currently
 Good:     435902740  426651804    Changed to bad:    9250936
 Bad:       79437152   88688088    Changed to good:         0
 17.2% of the data is now flagged

2018-08-06 15:22:50,618 [MainThread  ] [INFO ]  uvsplit vis=d.9500

uvsplit: Revision 1.18, 2016/05/09 03:06:18 UTC

Creating d_1041.9500
Creating d_1042.9500
Creating d_1043.9500
Creating d_1044.9500
Creating d_1045.9500
Creating d_1046.9500
Creating d_1047.9500
Creating d_1048.9500
Creating d_1049.9500
Creating d_1050.9500
Creating d_1051.9500
Creating d_1052.9500
Creating d_1053.9500
Creating d_1054.9500
Creating d_1055.9500
Creating d_1056.9500
Creating d_1057.9500
Creating d_1058.9500
Creating d_1059.9500
Creating d_1060.9500
Creating d_1061.9500
Creating d_1062.9500
Creating d_1063.9500
Creating d_1064.9500
Creating d_1065.9500
Creating d_1066.9500
Creating d_1067.9500
Creating d_1068.9500
Creating d_1069.9500
Creating d_1070.9500
Creating d_1071.9500
Creating d_1072.9500
Creating d_1073.9500
Creating d_1074.9500
Creating d_1075.9500
Creating d_1076.9500
Creating d_1077.9500
Creating d_1078.9500
Creating d_1079.9500
Creating d_1080.9500
Creating d_901.9500
Creating d_902.9500
Creating d_903.9500
Creating d_904.9500
Creating d_905.9500
Creating d_906.9500
Creating d_907.9500
Creating d_908.9500
Creating d_909.9500
Creating d_910.9500
Creating d_911.9500
Creating d_912.9500
Creating d_913.9500
Creating d_914.9500
Creating d_915.9500
Creating d_916.9500
Creating d_917.9500
Creating d_918.9500
Creating d_919.9500
Creating d_920.9500
Creating d_921.9500
Creating d_922.9500
Creating d_923.9500
Creating d_924.9500
Creating d_925.9500
Creating d_926.9500
Creating d_927.9500
Creating d_928.9500
Creating d_929.9500
Creating d_930.9500
Creating d_931.9500
Creating d_932.9500
Creating d_933.9500
Creating d_934.9500
Creating d_935.9500
Creating d_936.9500
Creating d_937.9500
Creating d_938.9500
Creating d_939.9500
Creating d_940.9500
Creating d_941.9500
Creating d_942.9500
Creating d_943.9500
Creating d_944.9500
Creating d_945.9500
Creating d_946.9500
Creating d_947.9500
Creating d_948.9500
Creating d_949.9500
Creating d_950.9500
Creating d_951.9500
Creating d_952.9500
Creating d_953.9500
Creating d_954.9500
Creating d_955.9500
Creating d_956.9500
Creating d_957.9500
Creating d_958.9500
Creating d_959.9500
Creating d_960.9500
Creating d_961.9500
Creating d_962.9500
Creating d_963.9500
Creating d_964.9500
Creating d_965.9500
Creating d_966.9500
Creating d_967.9500
Creating d_968.9500
Creating d_969.9500
Creating d_970.9500
Creating d_971.9500
Creating d_972.9500
Creating d_973.9500
Creating d_974.9500
Creating d_975.9500
Creating d_976.9500
Creating d_977.9500
Creating d_978.9500
Creating d_979.9500
Creating d_980.9500
Creating d_981.9500
Creating d_982.9500
Creating d_983.9500
Creating d_984.9500
Creating d_985.9500
Creating d_986.9500
Creating d_987.9500
Creating d_988.9500
Creating d_989.9500
Creating d_990.9500
Creating d_991.9500
Creating d_992.9500
Creating d_993.9500
Creating d_994.9500
Creating d_995.9500
Creating d_996.9500
Creating d_997.9500
Creating d_998.9500
Creating d_999.9500
Creating d_1000.9500
Creating d_1001.9500
Creating d_1002.9500
Creating d_1003.9500
Creating d_1004.9500
Creating d_1005.9500
Creating d_1006.9500
Creating d_1007.9500
Creating d_1008.9500
Creating d_1009.9500
Creating d_1010.9500
Creating d_1011.9500
Creating d_1012.9500
Creating d_1013.9500
Creating d_1014.9500
Creating d_1015.9500
Creating d_1016.9500
Creating d_1017.9500
Creating d_1018.9500
Creating d_1019.9500
Creating d_1020.9500
Creating d_1021.9500
Creating d_1022.9500
Creating d_1023.9500
Creating d_1024.9500
Creating d_1025.9500
Creating d_1026.9500
Creating d_1027.9500
Creating d_1028.9500
Creating d_1029.9500
Creating d_1030.9500
Creating d_1031.9500
Creating d_1032.9500
Creating d_1033.9500
Creating d_1034.9500
Creating d_1035.9500
Creating d_1036.9500
Creating d_1037.9500
Creating d_1038.9500
Creating d_1039.9500
Creating d_1040.9500

