2018-11-14 06:40:48,995 [MainThread  ] [INFO ]  atlod in=raw/2018-05-27_2342.C3132 out=data9.uv ifsel=2 options=birdie,rfiflag,noauto,xycorr

atlod: Revision 1.53, 2016/08/25 23:02:21 UTC

Processing file raw/2018-05-27_2342.C3132
 23:42:03 CAOBS> track 1
CABB data detected
Scan 1 started at 18MAY27:23:42:20.0
Source: 1934-638
Flagging channels in  28 frequency ranges
 23:53:49 CAOBS> stop
 23:54:11 CAOBS> set file c3132_obs_c6.sch
 23:54:28 CAOBS> start 13/99
Scan 2 started at 18MAY27:23:56:04.0
Source: 2312-319
Scan 3 started at 18MAY27:23:59:00.0
Source: c_1021
Source: c_1022
Source: c_1023
Source: c_1024
Source: c_1025
Source: c_1026
Source: c_1027
Source: c_1028
Source: c_1029
Source: c_1030
Source: c_1031
Source: c_1032
Source: c_1033
Source: c_1034
Source: c_1035
Source: c_1036
Source: c_1037
Source: c_1038
Source: c_1039
Source: c_1040
Scan 4 started at 18MAY28:00:12:20.0
Source: 2312-319
Scan 5 started at 18MAY28:00:15:16.0
Source: c_1041
Source: c_1042
Source: c_1043
Source: c_1044
Source: c_1045
Source: c_1046
Source: c_1047
Source: c_1048
Source: c_1049
Source: c_1050
Source: c_1051
Source: c_1052
Source: c_1053
Source: c_1054
Source: c_1055
Source: c_1056
Source: c_1057
Source: c_1058
Source: c_1059
Source: c_1060
Scan 6 started at 18MAY28:00:28:36.0
Source: 2312-319
Scan 7 started at 18MAY28:00:31:32.0
Source: c_1061
Source: c_1062
Source: c_1063
Source: c_1064
Source: c_1065
Source: c_1066
Source: c_1067
Source: c_1068
Source: c_1069
Source: c_1070
Source: c_1071
Source: c_1072
Source: c_1073
Source: c_1074
Source: c_1075
Source: c_1076
Source: c_1077
Source: c_1078
Source: c_1079
Source: c_1080
Scan 8 started at 18MAY28:00:44:52.0
Source: 2312-319
Scan 9 started at 18MAY28:00:47:48.0
Source: c_901
Source: c_902
Source: c_903
Source: c_904
Source: c_905
Source: c_906
Source: c_907
Source: c_908
Source: c_909
Source: c_910
Source: c_911
Source: c_912
Source: c_913
Source: c_914
Source: c_915
Source: c_916
Source: c_917
Source: c_918
Source: c_919
Source: c_920
Scan 10 started at 18MAY28:01:01:16.0
Source: 2312-319
Scan 11 started at 18MAY28:01:04:04.0
Source: c_921
Source: c_922
Source: c_923
Source: c_924
Source: c_925
Source: c_926
Source: c_927
Source: c_928
Source: c_929
Source: c_930
Source: c_931
Source: c_932
Source: c_933
Source: c_934
Source: c_935
Source: c_936
Source: c_937
Source: c_938
Source: c_939
Source: c_940
Scan 12 started at 18MAY28:01:17:40.0
Source: 2312-319
Scan 13 started at 18MAY28:01:20:28.0
Source: c_941
Source: c_942
Source: c_943
Source: c_944
Source: c_945
Source: c_946
Source: c_947
Source: c_948
Source: c_949
Source: c_950
Source: c_951
Source: c_952
Source: c_953
Source: c_954
Source: c_955
Source: c_956
Source: c_957
Source: c_958
Source: c_959
Source: c_960
Scan 14 started at 18MAY28:01:33:56.0
Source: 2312-319
Scan 15 started at 18MAY28:01:36:52.0
Source: c_961
Source: c_962
Source: c_963
Source: c_964
Source: c_965
Source: c_966
Source: c_967
Source: c_968
Source: c_969
Source: c_970
Source: c_971
Source: c_972
Source: c_973
Source: c_974
Source: c_975
Source: c_976
Source: c_977
Source: c_978
Source: c_979
Source: c_980
Scan 16 started at 18MAY28:01:50:20.0
Source: 2312-319
Scan 17 started at 18MAY28:01:53:08.0
Source: c_981
Source: c_982
Source: c_983
Source: c_984
Source: c_985
Source: c_986
Source: c_987
Source: c_988
Source: c_989
Source: c_990
Source: c_991
Source: c_992
Source: c_993
Source: c_994
Source: c_995
Source: c_996
Source: c_997
Source: c_998
Source: c_999
Source: c_1000
Scan 18 started at 18MAY28:02:06:36.0
Source: 2312-319
Scan 19 started at 18MAY28:02:09:24.0
Source: c_1001
Source: c_1002
Source: c_1003
Source: c_1004
Source: c_1005
Source: c_1006
Source: c_1007
Source: c_1008
Source: c_1009
Source: c_1010
Source: c_1011
Source: c_1012
Source: c_1013
Source: c_1014
Source: c_1015
Source: c_1016
Source: c_1017
Source: c_1018
Source: c_1019
Source: c_1020
Scan 20 started at 18MAY28:02:23:00.0
Source: 2312-319
 02:25:36 CAOBS> stop
 02:25:43 CAOBS> corr closef
RPFITS file version is 2.12
---------------------------------------
Total number of spectra selected: 70740

Summary of spectra flagged
Flagging Reason            Fraction
---------------            --------
Antenna off-source/off-line  4.74%
---------------------------------------

No CACAL data was detected

2018-11-14 06:40:53,261 [MainThread  ] [INFO ]  uvflag vis=data9.uv line=chan,65,850,1 flagval=flag

uvflag: Revision 1.8, 2014/09/30 14:23:39 UTC


Set flags to indicate bad data in visibility file data9.uv
Linetype channel; select   65 channels; start  850, width    1, step    1

Overview of flagging on visibility file data9.uv
Changed flags set to FALSE (data flagged as bad)
Total number of records selected: 67384; out of 67384 records
Antennas used: 1-6
Counts of correlations within selected channels
channel   Originally    Currently
Good:         4379960.           0.    Changed to bad:     4379960.
Bad:                0.     4379960.

2018-11-14 06:41:02,635 [MainThread  ] [INFO ]  uvsplit vis=data9.uv options=mosaic

uvsplit: Revision 1.18, 2016/05/09 03:06:18 UTC

Creating 1934-638.9500
Creating 2312-319.9500
Creating c.9500

2018-11-14 06:41:15,805 [MainThread  ] [INFO ]  pgflag vis=1934-638.9500 command='<b' stokes=i,q,u,v flagpar=8,5,5,3,6,3 options=nodisp

pgflag: Revision 1.30, 2016/10/05 23:06:50 UTC

Applying changes to dataset
Counts of correlations within selected channels:
 channel  Originally  Currently
 Good:       9122880    8944632    Changed to bad:     178248
 Bad:        1449960    1628208    Changed to good:         0
 15.4% of the data is now flagged

2018-11-14 06:41:27,507 [MainThread  ] [INFO ]  pgflag vis=1934-638.9500 command='<b' stokes=i,v,q,u flagpar=8,2,2,3,6,3  options=nodisp

pgflag: Revision 1.30, 2016/10/05 23:06:50 UTC

Applying changes to dataset
Counts of correlations within selected channels:
 channel  Originally  Currently
 Good:       8944632    8671736    Changed to bad:     272896
 Bad:        1628208    1901104    Changed to good:         0
 18.0% of the data is now flagged

2018-11-14 06:41:39,249 [MainThread  ] [INFO ]  pgflag vis=1934-638.9500 command='<b' stokes=i,v,u,q flagpar=8,2,2,3,6,3  options=nodisp

pgflag: Revision 1.30, 2016/10/05 23:06:50 UTC

Applying changes to dataset
Counts of correlations within selected channels:
 channel  Originally  Currently
 Good:       8671736    8416592    Changed to bad:     255144
 Bad:        1901104    2156248    Changed to good:         0
 20.4% of the data is now flagged

2018-11-14 06:42:31,384 [MainThread  ] [INFO ]  mfcal vis=1934-638.9500 refant=4 interval=0.1
MfCal: $Revision: 1.20 $, $Date: 2017/05/08 02:31:10 $
Selecting parallel-hand polarisations
Reading the data ...
Number correlations accepted: 4208296
Number of frequency bands/settings: 1
Number of polarisations selected: 2
Number of solution intervals: 86
Number of passband solution intervals: 1
Initialising ...
Using post-Aug94 ATCA flux scale for 1934-638.
Using known frequency variation of 1934-638
Generating initial solution estimate ...
Doing solution refinement ...
Iter= 1, Solution Error:  0.476
Iter= 2, Solution Error:  0.014
Iter= 3, Solution Error:  0.000
Saving solution ...

2018-11-14 06:42:32,189 [MainThread  ] [INFO ]  gpcal vis=1934-638.9500 refant=4 interval=0.1 nfbin=2 options=xyvary

gpcal: Revision 1.22, 2016/05/01 22:31:05 UTC

Applying bandpass corrections to 1934-638.9500
Number of antennae: 6
Reading the data ...
Number of solution intervals: 86
Total visibilities read: 1290
Number visibilities accepted: 1290
Using post-Aug94 ATCA flux scale for 1934-638.
Using IQUV =  2.5431,  0.0000,  0.0000,  0.0000 at   9.4453 GHz.
Using post-Aug94 ATCA flux scale for 1934-638.
Using IQUV =  2.6977,  0.0000,  0.0000,  0.0000 at   9.0079 GHz.
Using post-Aug94 ATCA flux scale for 1934-638.
Using IQUV =  2.3888,  0.0000,  0.0000,  0.0000 at   9.9349 GHz.
Iter= 1, Amplit/Phase Solution Error:   0.408
Iter= 1, Polarisation Solution Error:   0.034
Iter= 1, Overall Solution Error:        1.126
Iter= 2, Amplit/Phase Solution Error:   0.002
Iter= 2, Polarisation Solution Error:   0.000
Iter= 2, Overall Solution Error:        0.003
Iter= 3, Amplit/Phase Solution Error:   0.001
Iter= 3, Polarisation Solution Error:   0.000
Iter= 3, Overall Solution Error:        0.001
I flux density:   2.5431
Leakage terms:
 Ant 1:Dx,Dy = ( 0.00194,-0.00754),(-0.00130,-0.00768)
 Ant 2:Dx,Dy = ( 0.00279, 0.00372),(-0.00367, 0.00358)
 Ant 3:Dx,Dy = ( 0.00527,-0.00244),(-0.00805,-0.00253)
 Ant 4:Dx,Dy = ( 0.00320, 0.01686),(-0.00230, 0.01790)
 Ant 5:Dx,Dy = (-0.01683, 0.00592),( 0.01590, 0.00589)
 Ant 6:Dx,Dy = ( 0.00231,-0.01696),(-0.00191,-0.01671)
Solution for freq bin  1
Iter= 1, Amplit/Phase Solution Error:   0.395
Iter= 1, Polarisation Solution Error:   0.034
Iter= 1, Overall Solution Error:        1.105
Iter= 2, Amplit/Phase Solution Error:   0.002
Iter= 2, Polarisation Solution Error:   0.000
Iter= 2, Overall Solution Error:        0.002
Iter= 3, Amplit/Phase Solution Error:   0.001
Iter= 3, Polarisation Solution Error:   0.000
Iter= 3, Overall Solution Error:        0.001
I flux density:   2.6977
Leakage terms:
 Ant 1:Dx,Dy = ( 0.00179,-0.00698),(-0.00174,-0.00720)
 Ant 2:Dx,Dy = ( 0.00297, 0.00417),(-0.00372, 0.00396)
 Ant 3:Dx,Dy = ( 0.00438,-0.00322),(-0.00816,-0.00254)
 Ant 4:Dx,Dy = ( 0.00298, 0.01698),(-0.00270, 0.01822)
 Ant 5:Dx,Dy = (-0.01636, 0.00572),( 0.01593, 0.00527)
 Ant 6:Dx,Dy = ( 0.00147,-0.01713),(-0.00237,-0.01726)
Solution for freq bin  2
Iter= 1, Amplit/Phase Solution Error:   0.424
Iter= 1, Polarisation Solution Error:   0.033
Iter= 1, Overall Solution Error:        1.150
Iter= 2, Amplit/Phase Solution Error:   0.002
Iter= 2, Polarisation Solution Error:   0.000
Iter= 2, Overall Solution Error:        0.004
Iter= 3, Amplit/Phase Solution Error:   0.001
Iter= 3, Polarisation Solution Error:   0.000
Iter= 3, Overall Solution Error:        0.001
I flux density:   2.3888
Leakage terms:
 Ant 1:Dx,Dy = ( 0.00211,-0.00821),(-0.00076,-0.00826)
 Ant 2:Dx,Dy = ( 0.00256, 0.00317),(-0.00361, 0.00312)
 Ant 3:Dx,Dy = ( 0.00636,-0.00149),(-0.00791,-0.00251)
 Ant 4:Dx,Dy = ( 0.00346, 0.01670),(-0.00181, 0.01749)
 Ant 5:Dx,Dy = (-0.01741, 0.00616),( 0.01585, 0.00663)
 Ant 6:Dx,Dy = ( 0.00335,-0.01677),(-0.00134,-0.01604)

2018-11-14 06:42:51,021 [MainThread  ] [INFO ]  pgflag vis=1934-638.9500 command='<b' stokes=i,q,u,v flagpar=8,5,5,3,6,3 options=nodisp

pgflag: Revision 1.30, 2016/10/05 23:06:50 UTC

Applying bandpass corrections to 1934-638.9500
Applying freq. dependent gain corrections to 1934-638.9500
Applying freq. dependent leakage correction to 1934-638.9500
Applying changes to dataset
Counts of correlations within selected channels:
 channel  Originally  Currently
 Good:       8416592    8364684    Changed to bad:      51908
 Bad:        2156248    2208156    Changed to good:         0
 20.9% of the data is now flagged

2018-11-14 06:43:08,480 [MainThread  ] [INFO ]  pgflag vis=1934-638.9500 command='<b' stokes=i,v,q,u flagpar=8,2,2,3,6,3  options=nodisp

pgflag: Revision 1.30, 2016/10/05 23:06:50 UTC

Applying bandpass corrections to 1934-638.9500
Applying freq. dependent gain corrections to 1934-638.9500
Applying freq. dependent leakage correction to 1934-638.9500
Applying changes to dataset
Counts of correlations within selected channels:
 channel  Originally  Currently
 Good:       8364684    8309012    Changed to bad:      55672
 Bad:        2208156    2263828    Changed to good:         0
 21.4% of the data is now flagged

2018-11-14 06:43:25,756 [MainThread  ] [INFO ]  pgflag vis=1934-638.9500 command='<b' stokes=i,v,u,q flagpar=8,2,2,3,6,3  options=nodisp

pgflag: Revision 1.30, 2016/10/05 23:06:50 UTC

Applying bandpass corrections to 1934-638.9500
Applying freq. dependent gain corrections to 1934-638.9500
Applying freq. dependent leakage correction to 1934-638.9500
Applying changes to dataset
Counts of correlations within selected channels:
 channel  Originally  Currently
 Good:       8309012    8264132    Changed to bad:      44880
 Bad:        2263828    2308708    Changed to good:         0
 21.8% of the data is now flagged

2018-11-14 06:44:17,221 [MainThread  ] [INFO ]  mfcal vis=1934-638.9500 refant=4 interval=0.1
MfCal: $Revision: 1.20 $, $Date: 2017/05/08 02:31:10 $
Selecting parallel-hand polarisations
Reading the data ...
Number correlations accepted: 4132066
Number of frequency bands/settings: 1
Number of polarisations selected: 2
Number of solution intervals: 86
Number of passband solution intervals: 1
Initialising ...
Using post-Aug94 ATCA flux scale for 1934-638.
Using known frequency variation of 1934-638
Generating initial solution estimate ...
Doing solution refinement ...
Iter= 1, Solution Error:  0.481
Iter= 2, Solution Error:  0.015
Iter= 3, Solution Error:  0.000
Saving solution ...

2018-11-14 06:44:17,980 [MainThread  ] [INFO ]  gpcal vis=1934-638.9500 refant=4 interval=0.1 nfbin=2 options=xyvary

gpcal: Revision 1.22, 2016/05/01 22:31:05 UTC

Applying bandpass corrections to 1934-638.9500
Number of antennae: 6
Using leakage parameters from input as initial guess
Reading the data ...
Number of solution intervals: 86
Total visibilities read: 1290
Number visibilities accepted: 1290
Using post-Aug94 ATCA flux scale for 1934-638.
Using IQUV =  2.5437,  0.0000,  0.0000,  0.0000 at   9.4436 GHz.
Using post-Aug94 ATCA flux scale for 1934-638.
Using IQUV =  2.6976,  0.0000,  0.0000,  0.0000 at   9.0081 GHz.
Using post-Aug94 ATCA flux scale for 1934-638.
Using IQUV =  2.3902,  0.0000,  0.0000,  0.0000 at   9.9301 GHz.
Iter= 1, Amplit/Phase Solution Error:   0.409
Iter= 1, Polarisation Solution Error:   0.000
Iter= 1, Overall Solution Error:        1.126
Iter= 2, Amplit/Phase Solution Error:   0.002
Iter= 2, Polarisation Solution Error:   0.000
Iter= 2, Overall Solution Error:        0.003
Iter= 3, Amplit/Phase Solution Error:   0.001
Iter= 3, Polarisation Solution Error:   0.000
Iter= 3, Overall Solution Error:        0.001
I flux density:   2.5437
Leakage terms:
 Ant 1:Dx,Dy = ( 0.00194,-0.00755),(-0.00131,-0.00770)
 Ant 2:Dx,Dy = ( 0.00278, 0.00370),(-0.00368, 0.00356)
 Ant 3:Dx,Dy = ( 0.00527,-0.00247),(-0.00805,-0.00256)
 Ant 4:Dx,Dy = ( 0.00321, 0.01686),(-0.00230, 0.01792)
 Ant 5:Dx,Dy = (-0.01678, 0.00601),( 0.01598, 0.00598)
 Ant 6:Dx,Dy = ( 0.00229,-0.01700),(-0.00193,-0.01675)
Solution for freq bin  1
Iter= 1, Amplit/Phase Solution Error:   0.396
Iter= 1, Polarisation Solution Error:   0.001
Iter= 1, Overall Solution Error:        1.106
Iter= 2, Amplit/Phase Solution Error:   0.002
Iter= 2, Polarisation Solution Error:   0.000
Iter= 2, Overall Solution Error:        0.004
Iter= 3, Amplit/Phase Solution Error:   0.001
Iter= 3, Polarisation Solution Error:   0.000
Iter= 3, Overall Solution Error:        0.001
I flux density:   2.6976
Leakage terms:
 Ant 1:Dx,Dy = ( 0.00182,-0.00700),(-0.00174,-0.00723)
 Ant 2:Dx,Dy = ( 0.00296, 0.00414),(-0.00374, 0.00391)
 Ant 3:Dx,Dy = ( 0.00435,-0.00327),(-0.00819,-0.00258)
 Ant 4:Dx,Dy = ( 0.00300, 0.01697),(-0.00269, 0.01823)
 Ant 5:Dx,Dy = (-0.01628, 0.00589),( 0.01604, 0.00543)
 Ant 6:Dx,Dy = ( 0.00147,-0.01717),(-0.00237,-0.01731)
Solution for freq bin  2
Iter= 1, Amplit/Phase Solution Error:   0.425
Iter= 1, Polarisation Solution Error:   0.001
Iter= 1, Overall Solution Error:        1.149
Iter= 2, Amplit/Phase Solution Error:   0.002
Iter= 2, Polarisation Solution Error:   0.000
Iter= 2, Overall Solution Error:        0.004
Iter= 3, Amplit/Phase Solution Error:   0.001
Iter= 3, Polarisation Solution Error:   0.000
Iter= 3, Overall Solution Error:        0.001
I flux density:   2.3902
Leakage terms:
 Ant 1:Dx,Dy = ( 0.00209,-0.00822),(-0.00079,-0.00828)
 Ant 2:Dx,Dy = ( 0.00256, 0.00319),(-0.00362, 0.00313)
 Ant 3:Dx,Dy = ( 0.00641,-0.00149),(-0.00788,-0.00252)
 Ant 4:Dx,Dy = ( 0.00345, 0.01673),(-0.00182, 0.01754)
 Ant 5:Dx,Dy = (-0.01738, 0.00616),( 0.01591, 0.00661)
 Ant 6:Dx,Dy = ( 0.00330,-0.01679),(-0.00138,-0.01606)

2018-11-14 06:44:18,026 [MainThread  ] [INFO ]  gpcopy vis=1934-638.9500 out=2312-319.9500

gpcopy: Revision 1.13, 2015/10/29 01:31:39 UTC

Copying leakage table
Copying gain table
Interpolation tolerance set to (minutes): 720.00
Copying bandpass table

2018-11-14 06:44:52,000 [MainThread  ] [INFO ]  pgflag vis=2312-319.9500 command='<b' stokes=i,q,u,v flagpar=8,5,5,3,6,3 options=nodisp

pgflag: Revision 1.30, 2016/10/05 23:06:50 UTC

Applying bandpass corrections to 2312-319.9500
Applying freq. dependent gain corrections to 2312-319.9500
Applying freq. dependent leakage correction to 2312-319.9500
Applying changes to dataset
Counts of correlations within selected channels:
 channel  Originally  Currently
 Good:      15996864   15786208    Changed to bad:     210656
 Bad:        2542488    2753144    Changed to good:         0
 14.9% of the data is now flagged

2018-11-14 06:45:26,530 [MainThread  ] [INFO ]  pgflag vis=2312-319.9500 command='<b' stokes=i,v,q,u flagpar=8,2,2,3,6,3  options=nodisp

pgflag: Revision 1.30, 2016/10/05 23:06:50 UTC

Applying bandpass corrections to 2312-319.9500
Applying freq. dependent gain corrections to 2312-319.9500
Applying freq. dependent leakage correction to 2312-319.9500
Applying changes to dataset
Counts of correlations within selected channels:
 channel  Originally  Currently
 Good:      15786208   15665984    Changed to bad:     120224
 Bad:        2753144    2873368    Changed to good:         0
 15.5% of the data is now flagged

2018-11-14 06:46:01,862 [MainThread  ] [INFO ]  pgflag vis=2312-319.9500 command='<b' stokes=i,v,u,q flagpar=8,2,2,3,6,3  options=nodisp

pgflag: Revision 1.30, 2016/10/05 23:06:50 UTC

Applying bandpass corrections to 2312-319.9500
Applying freq. dependent gain corrections to 2312-319.9500
Applying freq. dependent leakage correction to 2312-319.9500
Applying changes to dataset
Counts of correlations within selected channels:
 channel  Originally  Currently
 Good:      15665984   15564420    Changed to bad:     101564
 Bad:        2873368    2974932    Changed to good:         0
 16.0% of the data is now flagged

2018-11-14 06:46:03,025 [MainThread  ] [INFO ]  gpcal vis=2312-319.9500 refant=4 interval=0.1 nfbin=2 options=xyvary,qusolve

gpcal: Revision 1.22, 2016/05/01 22:31:05 UTC

Applying bandpass corrections to 2312-319.9500
Number of antennae: 6
Using leakage parameters from input as initial guess
Reading the data ...
Number of solution intervals: 151
Total visibilities read: 2262
Number visibilities accepted: 2256
Iter= 1, Amplit/Phase Solution Error:   0.617
Iter= 1, Polarisation Solution Error:   0.012
Iter= 1, Overall Solution Error:        2.262
Iter= 2, Amplit/Phase Solution Error:   0.005
Iter= 2, Polarisation Solution Error:   0.002
Iter= 2, Overall Solution Error:        0.006
Iter= 3, Amplit/Phase Solution Error:   0.001
Iter= 3, Polarisation Solution Error:   0.001
Iter= 3, Overall Solution Error:        0.001
I flux density:   0.5347
Percent Q:  -1.473
Percent U:  -1.090
Leakage terms:
 Ant 1:Dx,Dy = ( 0.00480,-0.00853),( 0.00156,-0.00730)
 Ant 2:Dx,Dy = ( 0.00596, 0.00259),(-0.00134, 0.00435)
 Ant 3:Dx,Dy = ( 0.00821,-0.00312),(-0.00564,-0.00205)
 Ant 4:Dx,Dy = ( 0.00489, 0.01645),( 0.00136, 0.01867)
 Ant 5:Dx,Dy = (-0.01393, 0.00506),( 0.01865, 0.00702)
 Ant 6:Dx,Dy = ( 0.00537,-0.01742),( 0.00072,-0.01571)
Solution for freq bin  1
Iter= 1, Amplit/Phase Solution Error:   0.586
Iter= 1, Polarisation Solution Error:   0.019
Iter= 1, Overall Solution Error:        2.198
Iter= 2, Amplit/Phase Solution Error:   0.006
Iter= 2, Polarisation Solution Error:   0.002
Iter= 2, Overall Solution Error:        0.007
Iter= 3, Amplit/Phase Solution Error:   0.001
Iter= 3, Polarisation Solution Error:   0.001
Iter= 3, Overall Solution Error:        0.001
I flux density:   0.5382
Percent Q:  -2.080
Percent U:  -1.446
Leakage terms:
 Ant 1:Dx,Dy = ( 0.00810,-0.00757),( 0.00445,-0.00674)
 Ant 2:Dx,Dy = ( 0.00983, 0.00328),( 0.00215, 0.00452)
 Ant 3:Dx,Dy = ( 0.01056,-0.00406),(-0.00174,-0.00208)
 Ant 4:Dx,Dy = ( 0.00832, 0.01641),( 0.00442, 0.01869)
 Ant 5:Dx,Dy = (-0.00946, 0.00481),( 0.02239, 0.00654)
 Ant 6:Dx,Dy = ( 0.00837,-0.01754),( 0.00406,-0.01626)
Solution for freq bin  2
Iter= 1, Amplit/Phase Solution Error:   0.649
Iter= 1, Polarisation Solution Error:   0.007
Iter= 1, Overall Solution Error:        2.297
Iter= 2, Amplit/Phase Solution Error:   0.004
Iter= 2, Polarisation Solution Error:   0.003
Iter= 2, Overall Solution Error:        0.005
Iter= 3, Amplit/Phase Solution Error:   0.001
Iter= 3, Polarisation Solution Error:   0.000
Iter= 3, Overall Solution Error:        0.001
Iter= 4, Amplit/Phase Solution Error:   0.000
Iter= 4, Polarisation Solution Error:   0.000
Iter= 4, Overall Solution Error:        0.000
I flux density:   0.5320
Percent Q:  -0.801
Percent U:  -0.696
Leakage terms:
 Ant 1:Dx,Dy = ( 0.00113,-0.00948),(-0.00174,-0.00782)
 Ant 2:Dx,Dy = ( 0.00175, 0.00192),(-0.00519, 0.00416)
 Ant 3:Dx,Dy = ( 0.00540,-0.00221),(-0.00991,-0.00203)
 Ant 4:Dx,Dy = ( 0.00108, 0.01648),(-0.00209, 0.01866)
 Ant 5:Dx,Dy = (-0.01872, 0.00532),( 0.01456, 0.00747)
 Ant 6:Dx,Dy = ( 0.00197,-0.01729),(-0.00300,-0.01518)

2018-11-14 06:46:39,544 [MainThread  ] [INFO ]  pgflag vis=2312-319.9500 command='<b' stokes=i,q,u,v flagpar=8,5,5,3,6,3 options=nodisp

pgflag: Revision 1.30, 2016/10/05 23:06:50 UTC

Applying bandpass corrections to 2312-319.9500
Applying freq. dependent gain corrections to 2312-319.9500
Applying freq. dependent leakage correction to 2312-319.9500
Applying changes to dataset
Counts of correlations within selected channels:
 channel  Originally  Currently
 Good:      15564420   15489436    Changed to bad:      74984
 Bad:        2974932    3049916    Changed to good:         0
 16.5% of the data is now flagged

2018-11-14 06:47:13,060 [MainThread  ] [INFO ]  pgflag vis=2312-319.9500 command='<b' stokes=i,v,q,u flagpar=8,2,2,3,6,3  options=nodisp

pgflag: Revision 1.30, 2016/10/05 23:06:50 UTC

Applying bandpass corrections to 2312-319.9500
Applying freq. dependent gain corrections to 2312-319.9500
Applying freq. dependent leakage correction to 2312-319.9500
Applying changes to dataset
Counts of correlations within selected channels:
 channel  Originally  Currently
 Good:      15489436   15417120    Changed to bad:      72316
 Bad:        3049916    3122232    Changed to good:         0
 16.8% of the data is now flagged

2018-11-14 06:47:46,081 [MainThread  ] [INFO ]  pgflag vis=2312-319.9500 command='<b' stokes=i,v,u,q flagpar=8,2,2,3,6,3  options=nodisp

pgflag: Revision 1.30, 2016/10/05 23:06:50 UTC

Applying bandpass corrections to 2312-319.9500
Applying freq. dependent gain corrections to 2312-319.9500
Applying freq. dependent leakage correction to 2312-319.9500
Applying changes to dataset
Counts of correlations within selected channels:
 channel  Originally  Currently
 Good:      15417120   15359156    Changed to bad:      57964
 Bad:        3122232    3180196    Changed to good:         0
 17.2% of the data is now flagged

2018-11-14 06:47:47,316 [MainThread  ] [INFO ]  gpcal vis=2312-319.9500 refant=4 interval=0.1 nfbin=2 options=xyvary,qusolve

gpcal: Revision 1.22, 2016/05/01 22:31:05 UTC

Applying bandpass corrections to 2312-319.9500
Number of antennae: 6
Using leakage parameters from input as initial guess
Reading the data ...
Number of solution intervals: 151
Total visibilities read: 2262
Number visibilities accepted: 2256
Iter= 1, Amplit/Phase Solution Error:   0.618
Iter= 1, Polarisation Solution Error:   0.013
Iter= 1, Overall Solution Error:        2.263
Iter= 2, Amplit/Phase Solution Error:   0.005
Iter= 2, Polarisation Solution Error:   0.002
Iter= 2, Overall Solution Error:        0.006
Iter= 3, Amplit/Phase Solution Error:   0.001
Iter= 3, Polarisation Solution Error:   0.001
Iter= 3, Overall Solution Error:        0.001
I flux density:   0.5394
Percent Q:  -1.503
Percent U:  -1.108
Leakage terms:
 Ant 1:Dx,Dy = ( 0.00496,-0.00855),( 0.00175,-0.00730)
 Ant 2:Dx,Dy = ( 0.00618, 0.00257),(-0.00113, 0.00435)
 Ant 3:Dx,Dy = ( 0.00839,-0.00313),(-0.00547,-0.00208)
 Ant 4:Dx,Dy = ( 0.00509, 0.01644),( 0.00157, 0.01869)
 Ant 5:Dx,Dy = (-0.01376, 0.00510),( 0.01882, 0.00707)
 Ant 6:Dx,Dy = ( 0.00558,-0.01743),( 0.00089,-0.01572)
Solution for freq bin  1
Iter= 1, Amplit/Phase Solution Error:   0.587
Iter= 1, Polarisation Solution Error:   0.020
Iter= 1, Overall Solution Error:        2.199
Iter= 2, Amplit/Phase Solution Error:   0.007
Iter= 2, Polarisation Solution Error:   0.002
Iter= 2, Overall Solution Error:        0.007
Iter= 3, Amplit/Phase Solution Error:   0.001
Iter= 3, Polarisation Solution Error:   0.001
Iter= 3, Overall Solution Error:        0.001
I flux density:   0.5430
Percent Q:  -2.155
Percent U:  -1.488
Leakage terms:
 Ant 1:Dx,Dy = ( 0.00853,-0.00757),( 0.00489,-0.00677)
 Ant 2:Dx,Dy = ( 0.01034, 0.00326),( 0.00267, 0.00454)
 Ant 3:Dx,Dy = ( 0.01096,-0.00406),(-0.00135,-0.00214)
 Ant 4:Dx,Dy = ( 0.00880, 0.01639),( 0.00493, 0.01871)
 Ant 5:Dx,Dy = (-0.00902, 0.00487),( 0.02281, 0.00662)
 Ant 6:Dx,Dy = ( 0.00884,-0.01756),( 0.00451,-0.01628)
Solution for freq bin  2
Iter= 1, Amplit/Phase Solution Error:   0.649
Iter= 1, Polarisation Solution Error:   0.011
Iter= 1, Overall Solution Error:        2.297
Iter= 2, Amplit/Phase Solution Error:   0.004
Iter= 2, Polarisation Solution Error:   0.003
Iter= 2, Overall Solution Error:        0.005
Iter= 3, Amplit/Phase Solution Error:   0.001
Iter= 3, Polarisation Solution Error:   0.000
Iter= 3, Overall Solution Error:        0.001
Iter= 4, Amplit/Phase Solution Error:   0.000
Iter= 4, Polarisation Solution Error:   0.000
Iter= 4, Overall Solution Error:        0.000
I flux density:   0.5367
Percent Q:  -0.800
Percent U:  -0.700
Leakage terms:
 Ant 1:Dx,Dy = ( 0.00112,-0.00950),(-0.00171,-0.00779)
 Ant 2:Dx,Dy = ( 0.00176, 0.00192),(-0.00520, 0.00415)
 Ant 3:Dx,Dy = ( 0.00543,-0.00223),(-0.00987,-0.00204)
 Ant 4:Dx,Dy = ( 0.00109, 0.01648),(-0.00209, 0.01867)
 Ant 5:Dx,Dy = (-0.01872, 0.00533),( 0.01457, 0.00749)
 Ant 6:Dx,Dy = ( 0.00200,-0.01731),(-0.00302,-0.01518)

2018-11-14 06:47:47,337 [MainThread  ] [INFO ]  gpboot vis=2312-319.9500 cal=1934-638.9500

gpboot: Revision 1.9, 2015/10/29 01:31:30 UTC

Secondary flux density scaled by:   0.983
Frequency bin  1 scaled by      :   0.984
Frequency bin  2 scaled by      :   0.985

2018-11-14 06:48:22,820 [MainThread  ] [INFO ]  gpcopy vis=2312-319.9500 out=c.9500

gpcopy: Revision 1.13, 2015/10/29 01:31:39 UTC

Copying leakage table
Copying gain table
Interpolation tolerance set to (minutes): 720.00
Copying bandpass table

2018-11-14 06:52:01,263 [MainThread  ] [INFO ]  pgflag vis=c.9500 command='<b' stokes=i,v,q,u flagpar=8,2,2,3,6,3  options=nodisp

pgflag: Revision 1.30, 2016/10/05 23:06:50 UTC

Applying bandpass corrections to c.9500
Applying freq. dependent gain corrections to c.9500
Applying freq. dependent leakage correction to c.9500
Applying changes to dataset
Counts of correlations within selected channels:
 channel  Originally  Currently
 Good:      94015168   92221172    Changed to bad:    1793996
 Bad:       14942456   16736452    Changed to good:         0
 15.4% of the data is now flagged

2018-11-14 06:55:44,881 [MainThread  ] [INFO ]  pgflag vis=c.9500 command='<b' stokes=i,v,u,q flagpar=8,2,2,3,6,3  options=nodisp

pgflag: Revision 1.30, 2016/10/05 23:06:50 UTC

Applying bandpass corrections to c.9500
Applying freq. dependent gain corrections to c.9500
Applying freq. dependent leakage correction to c.9500
Applying changes to dataset
Counts of correlations within selected channels:
 channel  Originally  Currently
 Good:      92221172   90701940    Changed to bad:    1519232
 Bad:       16736452   18255684    Changed to good:         0
 16.8% of the data is now flagged

2018-11-14 06:56:16,783 [MainThread  ] [INFO ]  uvsplit vis=c.9500

uvsplit: Revision 1.18, 2016/05/09 03:06:18 UTC

Creating c_1021.9500
Creating c_1022.9500
Creating c_1023.9500
Creating c_1024.9500
Creating c_1025.9500
Creating c_1026.9500
Creating c_1027.9500
Creating c_1028.9500
Creating c_1029.9500
Creating c_1030.9500
Creating c_1031.9500
Creating c_1032.9500
Creating c_1033.9500
Creating c_1034.9500
Creating c_1035.9500
Creating c_1036.9500
Creating c_1037.9500
Creating c_1038.9500
Creating c_1039.9500
Creating c_1040.9500
Creating c_1041.9500
Creating c_1042.9500
Creating c_1043.9500
Creating c_1044.9500
Creating c_1045.9500
Creating c_1046.9500
Creating c_1047.9500
Creating c_1048.9500
Creating c_1049.9500
Creating c_1050.9500
Creating c_1051.9500
Creating c_1052.9500
Creating c_1053.9500
Creating c_1054.9500
Creating c_1055.9500
Creating c_1056.9500
Creating c_1057.9500
Creating c_1058.9500
Creating c_1059.9500
Creating c_1060.9500
Creating c_1061.9500
Creating c_1062.9500
Creating c_1063.9500
Creating c_1064.9500
Creating c_1065.9500
Creating c_1066.9500
Creating c_1067.9500
Creating c_1068.9500
Creating c_1069.9500
Creating c_1070.9500
Creating c_1071.9500
Creating c_1072.9500
Creating c_1073.9500
Creating c_1074.9500
Creating c_1075.9500
Creating c_1076.9500
Creating c_1077.9500
Creating c_1078.9500
Creating c_1079.9500
Creating c_1080.9500
Creating c_901.9500
Creating c_902.9500
Creating c_903.9500
Creating c_904.9500
Creating c_905.9500
Creating c_906.9500
Creating c_907.9500
Creating c_908.9500
Creating c_909.9500
Creating c_910.9500
Creating c_911.9500
Creating c_912.9500
Creating c_913.9500
Creating c_914.9500
Creating c_915.9500
Creating c_916.9500
Creating c_917.9500
Creating c_918.9500
Creating c_919.9500
Creating c_920.9500
Creating c_921.9500
Creating c_922.9500
Creating c_923.9500
Creating c_924.9500
Creating c_925.9500
Creating c_926.9500
Creating c_927.9500
Creating c_928.9500
Creating c_929.9500
Creating c_930.9500
Creating c_931.9500
Creating c_932.9500
Creating c_933.9500
Creating c_934.9500
Creating c_935.9500
Creating c_936.9500
Creating c_937.9500
Creating c_938.9500
Creating c_939.9500
Creating c_940.9500
Creating c_941.9500
Creating c_942.9500
Creating c_943.9500
Creating c_944.9500
Creating c_945.9500
Creating c_946.9500
Creating c_947.9500
Creating c_948.9500
Creating c_949.9500
Creating c_950.9500
Creating c_951.9500
Creating c_952.9500
Creating c_953.9500
Creating c_954.9500
Creating c_955.9500
Creating c_956.9500
Creating c_957.9500
Creating c_958.9500
Creating c_959.9500
Creating c_960.9500
Creating c_961.9500
Creating c_962.9500
Creating c_963.9500
Creating c_964.9500
Creating c_965.9500
Creating c_966.9500
Creating c_967.9500
Creating c_968.9500
Creating c_969.9500
Creating c_970.9500
Creating c_971.9500
Creating c_972.9500
Creating c_973.9500
Creating c_974.9500
Creating c_975.9500
Creating c_976.9500
Creating c_977.9500
Creating c_978.9500
Creating c_979.9500
Creating c_980.9500
Creating c_981.9500
Creating c_982.9500
Creating c_983.9500
Creating c_984.9500
Creating c_985.9500
Creating c_986.9500
Creating c_987.9500
Creating c_988.9500
Creating c_989.9500
Creating c_990.9500
Creating c_991.9500
Creating c_992.9500
Creating c_993.9500
Creating c_994.9500
Creating c_995.9500
Creating c_996.9500
Creating c_997.9500
Creating c_998.9500
Creating c_999.9500
Creating c_1000.9500
Creating c_1001.9500
Creating c_1002.9500
Creating c_1003.9500
Creating c_1004.9500
Creating c_1005.9500
Creating c_1006.9500
Creating c_1007.9500
Creating c_1008.9500
Creating c_1009.9500
Creating c_1010.9500
Creating c_1011.9500
Creating c_1012.9500
Creating c_1013.9500
Creating c_1014.9500
Creating c_1015.9500
Creating c_1016.9500
Creating c_1017.9500
Creating c_1018.9500
Creating c_1019.9500
Creating c_1020.9500

