2018-08-08 03:47:11,887 [MainThread  ] [INFO ]  atlod in=raw/2017-12-08_0205.C3132,raw/2017-12-08_0454.C3132,raw/2017-12-08_0742.C3132,raw/2017-12-08_1029.C3132,raw/2017-12-08_1316.C3132 out=data9.uv ifsel=2 options=birdie,rfiflag,noauto,xycorr

atlod: Revision 1.53, 2016/08/25 23:02:21 UTC

Processing file raw/2017-12-08_0205.C3132
 02:05:45 CAOBS> track 1
CABB data detected
Scan 1 started at 17DEC08:02:06:04.0
Source: 1934-638
Flagging channels in  28 frequency ranges
 02:16:25 CAOBS> stop
 02:17:04 CAOBS> set file c3132_obs_b6.sch
 02:17:34 CAOBS> start 5/99
 02:18:29 CAOBS> stop
 02:18:36 CAOBS> start 3/99
Scan 3 started at 17DEC08:02:19:32.0
Source: 2312-319
Scan 4 started at 17DEC08:02:22:20.0
Source: b_1221
Source: b_1222
Source: b_1223
Source: b_1224
Source: b_1225
Source: b_1226
Source: b_1227
Source: b_1228
Source: b_1229
Source: b_1230
Source: b_1231
Source: b_1232
Source: b_1233
Source: b_1234
Source: b_1235
Source: b_1236
Source: b_1237
Source: b_1238
Source: b_1239
Source: b_1240
Scan 5 started at 17DEC08:02:35:40.0
Source: 2312-319
Scan 6 started at 17DEC08:02:38:28.0
Source: b_1241
Source: b_1242
Source: b_1243
Source: b_1244
Source: b_1245
Source: b_1246
Source: b_1247
Source: b_1248
Source: b_1249
Source: b_1250
Source: b_1251
Source: b_1252
Source: b_1253
Source: b_1254
Source: b_1255
Source: b_1256
Source: b_1257
Source: b_1258
Source: b_1259
Source: b_1260
Scan 7 started at 17DEC08:02:51:48.0
Source: 2312-319
Scan 8 started at 17DEC08:02:54:36.0
Source: b_1261
Source: b_1262
Source: b_1263
Source: b_1264
Source: b_1265
Source: b_1266
Source: b_1267
Source: b_1268
Source: b_1269
Source: b_1270
Source: b_1271
Source: b_1272
Source: b_1273
Source: b_1274
Source: b_1275
Source: b_1276
Source: b_1277
Source: b_1278
Source: b_1279
Source: b_1280
Scan 9 started at 17DEC08:03:07:56.0
Source: 2312-319
Scan 10 started at 17DEC08:03:10:44.0
Source: b_1281
Source: b_1282
Source: b_1283
Source: b_1284
Source: b_1285
Source: b_1286
Source: b_1287
Source: b_1288
Source: b_1289
Source: b_1290
Source: b_1291
Source: b_1292
Source: b_1293
Source: b_1294
Source: b_1295
Source: b_1296
Source: b_1297
Source: b_1298
Source: b_1299
Source: b_1300
Scan 11 started at 17DEC08:03:24:04.0
Source: 2312-319
Scan 12 started at 17DEC08:03:26:52.0
Source: b_1301
Source: b_1302
Source: b_1303
Source: b_1304
Source: b_1305
Source: b_1306
Source: b_1307
Source: b_1308
Source: b_1309
Source: b_1310
Source: b_1311
Source: b_1312
Source: b_1313
Source: b_1314
Source: b_1315
Source: b_1316
Source: b_1317
Source: b_1318
Source: b_1319
Source: b_1320
Scan 13 started at 17DEC08:03:40:12.0
Source: 2312-319
Scan 14 started at 17DEC08:03:43:00.0
Source: b_1321
Source: b_1322
Source: b_1323
Source: b_1324
Source: b_1325
Source: b_1326
Source: b_1327
Source: b_1328
Source: b_1329
Source: b_1330
Source: b_1331
Source: b_1332
Source: b_1333
Source: b_1334
Source: b_1335
Source: b_1336
Source: b_1337
Source: b_1338
Source: b_1339
Source: b_1340
Scan 15 started at 17DEC08:03:56:20.0
Source: 2312-319
Scan 16 started at 17DEC08:03:59:08.0
Source: b_1341
Source: b_1342
Source: b_1343
Source: b_1344
Source: b_1345
Source: b_1346
Source: b_1347
Source: b_1348
Source: b_1349
Source: b_1350
Source: b_1351
Source: b_1352
Source: b_1353
Source: b_1354
Source: b_1355
Source: b_1356
Source: b_1357
Source: b_1358
Source: b_1359
Scan 17 started at 17DEC08:04:11:48.0
Source: 2312-319
Scan 18 started at 17DEC08:04:14:36.0
Source: b_1360
Source: b_1361
Source: b_1362
Source: b_1363
Source: b_1364
Source: b_1365
Source: b_1366
Source: b_1367
Source: b_1368
Source: b_1369
Source: b_1370
Source: b_1371
Source: b_1372
Source: b_1373
Source: b_1374
Source: b_1375
Source: b_1376
Source: b_1377
Source: b_1378
Scan 19 started at 17DEC08:04:27:16.0
Source: 2312-319
Scan 20 started at 17DEC08:04:30:04.0
Source: b_1379
Source: b_1380
Source: b_1381
Source: b_1382
Source: b_1383
Source: b_1384
Source: b_1385
Source: b_1386
Source: b_1387
Source: b_1388
Source: b_1389
Source: b_1390
Source: b_1391
Source: b_1392
Source: b_1393
Source: b_1394
Source: b_1395
Source: b_1396
Source: b_1397
Scan 21 started at 17DEC08:04:42:44.0
Source: 2312-319
Scan 22 started at 17DEC08:04:45:32.0
Source: b_1398
Source: b_1399
Source: b_1400
Source: b_1401
Source: b_1402
Source: b_1403
Source: b_1404
Source: b_1405
Source: b_1406
Source: b_1407
Source: b_1408
Source: b_1409
Source: b_1410
Source: b_1411
RPFITS file version is 2.12
---------------------------------------
Total number of spectra selected: 72660

Summary of spectra flagged
Flagging Reason            Fraction
---------------            --------
Antenna off-source/off-line  4.13%
---------------------------------------
Processing file raw/2017-12-08_0454.C3132
CABB data detected
Scan 1 started at 17DEC08:04:54:28.0
Source: b_1411
Source: b_1412
Source: b_1413
Source: b_1414
Source: b_1415
Source: b_1416
Scan 2 started at 17DEC08:04:58:12.0
Source: 2312-319
Scan 3 started at 17DEC08:05:01:00.0
Source: b_1417
Source: b_1418
Source: b_1419
Source: b_1420
Source: b_1421
Source: b_1422
Source: b_1423
Source: b_1424
Source: b_1425
Source: b_1426
Source: b_1427
Source: b_1428
Source: b_1429
Source: b_1430
Source: b_1431
Source: b_1432
Source: b_1433
Source: b_1434
Source: b_1435
Scan 4 started at 17DEC08:05:13:40.0
Source: 2312-319
Scan 5 started at 17DEC08:05:16:28.0
Source: b_1201
Source: b_1202
Source: b_1203
Source: b_1204
Source: b_1205
Source: b_1206
Source: b_1207
Source: b_1208
Source: b_1209
Source: b_1210
Source: b_1211
Source: b_1212
Source: b_1213
Source: b_1214
Source: b_1215
Source: b_1216
Source: b_1217
Source: b_1218
Source: b_1219
Source: b_1220
Scan 6 started at 17DEC08:05:29:48.0
Source: 2312-319
Scan 7 started at 17DEC08:05:32:36.0
Source: b_1221
Source: b_1222
Source: b_1223
Source: b_1224
Source: b_1225
Source: b_1226
Source: b_1227
Source: b_1228
Source: b_1229
Source: b_1230
Source: b_1231
Source: b_1232
Source: b_1233
Source: b_1234
Source: b_1235
Source: b_1236
Source: b_1237
Source: b_1238
Source: b_1239
Source: b_1240
Scan 8 started at 17DEC08:05:45:56.0
Source: 2312-319
Scan 9 started at 17DEC08:05:48:44.0
Source: b_1241
Source: b_1242
Source: b_1243
Source: b_1244
Source: b_1245
Source: b_1246
Source: b_1247
Source: b_1248
Source: b_1249
Source: b_1250
Source: b_1251
Source: b_1252
Source: b_1253
Source: b_1254
Source: b_1255
Source: b_1256
Source: b_1257
Source: b_1258
Source: b_1259
Source: b_1260
Scan 10 started at 17DEC08:06:02:04.0
Source: 2312-319
Scan 11 started at 17DEC08:06:04:52.0
Source: b_1261
Source: b_1262
Source: b_1263
Source: b_1264
Source: b_1265
Source: b_1266
Source: b_1267
Source: b_1268
Source: b_1269
Source: b_1270
Source: b_1271
Source: b_1272
Source: b_1273
Source: b_1274
Source: b_1275
Source: b_1276
Source: b_1277
Source: b_1278
Source: b_1279
Source: b_1280
Scan 12 started at 17DEC08:06:18:12.0
Source: 2312-319
Scan 13 started at 17DEC08:06:21:00.0
Source: b_1281
Source: b_1282
Source: b_1283
Source: b_1284
Source: b_1285
Source: b_1286
Source: b_1287
Source: b_1288
Source: b_1289
Source: b_1290
Source: b_1291
Source: b_1292
Source: b_1293
Source: b_1294
Source: b_1295
Source: b_1296
Source: b_1297
Source: b_1298
Source: b_1299
Source: b_1300
Scan 14 started at 17DEC08:06:34:20.0
Source: 2312-319
Scan 15 started at 17DEC08:06:37:08.0
Source: b_1301
Source: b_1302
Source: b_1303
Source: b_1304
Source: b_1305
Source: b_1306
Source: b_1307
Source: b_1308
Source: b_1309
Source: b_1310
Source: b_1311
Source: b_1312
Source: b_1313
Source: b_1314
Source: b_1315
Source: b_1316
Source: b_1317
Source: b_1318
Source: b_1319
Source: b_1320
Scan 16 started at 17DEC08:06:50:28.0
Source: 2312-319
Scan 17 started at 17DEC08:06:53:16.0
Source: b_1321
Source: b_1322
Source: b_1323
Source: b_1324
Source: b_1325
Source: b_1326
Source: b_1327
Source: b_1328
Source: b_1329
Source: b_1330
Source: b_1331
Source: b_1332
Source: b_1333
Source: b_1334
Source: b_1335
Source: b_1336
Source: b_1337
Source: b_1338
Source: b_1339
Source: b_1340
Scan 18 started at 17DEC08:07:06:36.0
Source: 2312-319
Scan 19 started at 17DEC08:07:09:24.0
Source: b_1341
Source: b_1342
Source: b_1343
Source: b_1344
Source: b_1345
Source: b_1346
Source: b_1347
Source: b_1348
Source: b_1349
Source: b_1350
Source: b_1351
Source: b_1352
Source: b_1353
Source: b_1354
Source: b_1355
Source: b_1356
Source: b_1357
Source: b_1358
Source: b_1359
Scan 20 started at 17DEC08:07:22:12.0
Source: 2312-319
Scan 21 started at 17DEC08:07:25:16.0
Source: b_1360
Source: b_1361
Source: b_1362
Source: b_1363
Source: b_1364
Source: b_1365
Source: b_1366
Source: b_1367
Source: b_1368
Source: b_1369
Source: b_1370
Source: b_1371
Source: b_1372
Source: b_1373
Source: b_1374
Source: b_1375
Source: b_1376
Source: b_1377
Source: b_1378
Scan 22 started at 17DEC08:07:37:56.0
Source: 2312-319
Scan 23 started at 17DEC08:07:41:26.3
Source: b_1380
Source: b_1381
RPFITS file version is 2.12
---------------------------------------
Total number of spectra selected: 72660

Summary of spectra flagged
Flagging Reason            Fraction
---------------            --------
Antenna off-source/off-line  4.44%
---------------------------------------
Processing file raw/2017-12-08_0742.C3132
CABB data detected
Scan 1 started at 17DEC08:07:42:28.0
Source: b_1381
Source: b_1382
Source: b_1383
Source: b_1384
Source: b_1385
Source: b_1386
Source: b_1387
Source: b_1388
Source: b_1389
Source: b_1390
Source: b_1391
Source: b_1392
Source: b_1393
Source: b_1394
Source: b_1395
Source: b_1396
Source: b_1397
Scan 2 started at 17DEC08:07:53:40.0
Source: 2312-319
Scan 3 started at 17DEC08:07:58:12.0
Source: b_1399
Source: b_1400
Source: b_1401
Source: b_1402
Source: b_1403
Source: b_1404
Source: b_1405
Source: b_1406
Source: b_1407
Source: b_1408
Source: b_1409
Source: b_1410
Source: b_1411
Source: b_1412
Source: b_1413
Source: b_1414
Source: b_1415
Source: b_1416
Scan 4 started at 17DEC08:08:13:48.0
Source: 2312-319
Scan 5 started at 17DEC08:08:21:32.0
Source: b_1424
Source: b_1425
Source: b_1426
Source: b_1427
Source: b_1428
Source: b_1429
Source: b_1430
Source: b_1431
Source: b_1432
Source: b_1433
Source: b_1434
Source: b_1435
Scan 6 started at 17DEC08:08:30:04.0
Source: 2312-319
Scan 7 started at 17DEC08:08:32:52.0
Source: b_1201
Source: b_1202
Source: b_1203
Source: b_1204
Source: b_1205
Source: b_1206
Source: b_1207
Source: b_1208
Source: b_1209
Source: b_1210
Source: b_1211
Source: b_1212
Source: b_1213
Source: b_1214
Source: b_1215
Source: b_1216
Source: b_1217
Source: b_1218
Source: b_1219
Source: b_1220
Scan 8 started at 17DEC08:08:46:20.0
Source: 2312-319
Scan 9 started at 17DEC08:08:49:16.0
Source: b_1221
Source: b_1222
Source: b_1223
Source: b_1224
Source: b_1225
Source: b_1226
Source: b_1227
Source: b_1228
Source: b_1229
Source: b_1230
Source: b_1231
Source: b_1232
Source: b_1233
Source: b_1234
Source: b_1235
Source: b_1236
Source: b_1237
Source: b_1238
Source: b_1239
Source: b_1240
Scan 10 started at 17DEC08:09:02:28.0
Source: 2312-319
Scan 11 started at 17DEC08:09:05:16.0
Source: b_1241
Source: b_1242
Source: b_1243
Source: b_1244
Source: b_1245
Source: b_1246
Source: b_1247
Source: b_1248
Source: b_1249
Source: b_1250
Source: b_1251
Source: b_1252
Source: b_1253
Source: b_1254
Source: b_1255
Source: b_1256
Source: b_1257
Source: b_1258
Source: b_1259
Source: b_1260
Scan 12 started at 17DEC08:09:18:36.0
Source: 2312-319
Scan 13 started at 17DEC08:09:21:24.0
Source: b_1261
Source: b_1262
Source: b_1263
Source: b_1264
Source: b_1265
Source: b_1266
Source: b_1267
Source: b_1268
Source: b_1269
Source: b_1270
Source: b_1271
Source: b_1272
Source: b_1273
Source: b_1274
Source: b_1275
Source: b_1276
Source: b_1277
Source: b_1278
Source: b_1279
Source: b_1280
Scan 14 started at 17DEC08:09:34:44.0
Source: 2312-319
Scan 15 started at 17DEC08:09:37:32.0
Source: b_1281
Source: b_1282
Source: b_1283
Source: b_1284
Source: b_1285
Source: b_1286
Source: b_1287
Source: b_1288
Source: b_1289
Source: b_1290
Source: b_1291
Source: b_1292
Source: b_1293
Source: b_1294
Source: b_1295
Source: b_1296
Source: b_1297
Source: b_1298
Source: b_1299
Source: b_1300
Scan 16 started at 17DEC08:09:50:52.0
Source: 2312-319
Scan 17 started at 17DEC08:09:53:40.0
Source: b_1301
Source: b_1302
Source: b_1303
Source: b_1304
Source: b_1305
Source: b_1306
Source: b_1307
Source: b_1308
Source: b_1309
Source: b_1310
Source: b_1311
Source: b_1312
Source: b_1313
Source: b_1314
Source: b_1315
Source: b_1316
Source: b_1317
Source: b_1318
Source: b_1319
Source: b_1320
Scan 18 started at 17DEC08:10:07:00.0
Source: 2312-319
Scan 19 started at 17DEC08:10:09:48.0
Source: b_1321
Source: b_1322
Source: b_1323
Source: b_1324
Source: b_1325
Source: b_1326
Source: b_1327
Source: b_1328
Source: b_1329
Source: b_1330
Source: b_1331
Source: b_1332
Source: b_1333
Source: b_1334
Source: b_1335
Source: b_1336
Source: b_1337
Source: b_1338
Source: b_1339
Source: b_1340
Scan 20 started at 17DEC08:10:23:08.0
Source: 2312-319
Scan 21 started at 17DEC08:10:25:56.0
Source: b_1341
Source: b_1342
Source: b_1343
Source: b_1344
Source: b_1345
Source: b_1346
RPFITS file version is 2.12
---------------------------------------
Total number of spectra selected: 72660

Summary of spectra flagged
Flagging Reason            Fraction
---------------            --------
Antenna off-source/off-line  12.1%
---------------------------------------
Processing file raw/2017-12-08_1029.C3132
CABB data detected
Scan 1 started at 17DEC08:10:29:16.0
Source: b_1346
Source: b_1347
Source: b_1348
Source: b_1349
Source: b_1350
Source: b_1351
Source: b_1352
Source: b_1353
Source: b_1354
Source: b_1355
Source: b_1356
Source: b_1357
Source: b_1358
Source: b_1359
Scan 2 started at 17DEC08:10:38:36.0
Source: 2312-319
Scan 3 started at 17DEC08:10:41:24.0
Source: b_1360
Source: b_1361
Source: b_1362
Source: b_1363
Source: b_1364
Source: b_1365
Source: b_1366
Source: b_1367
Source: b_1368
Source: b_1369
Source: b_1370
Source: b_1371
Source: b_1372
Source: b_1373
Source: b_1374
Source: b_1375
Source: b_1376
Source: b_1377
Source: b_1378
Scan 4 started at 17DEC08:10:54:04.0
Source: 2312-319
Scan 5 started at 17DEC08:10:56:52.0
Source: b_1379
Source: b_1380
Source: b_1381
Source: b_1382
Source: b_1383
Source: b_1384
Source: b_1385
Source: b_1386
Source: b_1387
Source: b_1388
Source: b_1389
Source: b_1390
Source: b_1391
Source: b_1392
Source: b_1393
Source: b_1394
Source: b_1395
Source: b_1396
Source: b_1397
Scan 6 started at 17DEC08:11:09:32.0
Source: 2312-319
Scan 7 started at 17DEC08:11:12:20.0
Source: b_1398
Source: b_1399
Source: b_1400
Source: b_1401
Source: b_1402
Source: b_1403
Source: b_1404
Source: b_1405
Source: b_1406
Source: b_1407
Source: b_1408
Source: b_1409
Source: b_1410
Source: b_1411
Source: b_1412
Source: b_1413
Source: b_1414
Source: b_1415
Source: b_1416
Scan 8 started at 17DEC08:11:25:00.0
Source: 2312-319
Scan 9 started at 17DEC08:11:27:48.0
Source: b_1417
Source: b_1418
Source: b_1419
Source: b_1420
Source: b_1421
Source: b_1422
Source: b_1423
Source: b_1424
Source: b_1425
Source: b_1426
Source: b_1427
Source: b_1428
Source: b_1429
Source: b_1430
Source: b_1431
Source: b_1432
Source: b_1433
Source: b_1434
Source: b_1435
Scan 10 started at 17DEC08:11:40:28.0
Source: 2312-319
Scan 11 started at 17DEC08:11:43:16.0
Source: b_1201
Source: b_1202
Source: b_1203
Source: b_1204
Source: b_1205
Source: b_1206
Source: b_1207
Source: b_1208
Source: b_1209
Source: b_1210
Source: b_1211
Source: b_1212
Source: b_1213
Source: b_1214
Source: b_1215
Source: b_1216
Source: b_1217
Source: b_1218
Source: b_1219
Source: b_1220
Scan 12 started at 17DEC08:11:56:36.0
Source: 2312-319
Scan 13 started at 17DEC08:11:59:24.0
Source: b_1221
Source: b_1222
Source: b_1223
Source: b_1224
Source: b_1225
Source: b_1226
Source: b_1227
Source: b_1228
Source: b_1229
Source: b_1230
Source: b_1231
Source: b_1232
Source: b_1233
Source: b_1234
Source: b_1235
Source: b_1236
Source: b_1237
Source: b_1238
Source: b_1239
Source: b_1240
Scan 14 started at 17DEC08:12:12:44.0
Source: 2312-319
Scan 15 started at 17DEC08:12:15:32.0
Source: b_1241
Source: b_1242
Source: b_1243
Source: b_1244
Source: b_1245
Source: b_1246
Source: b_1247
Source: b_1248
Source: b_1249
Source: b_1250
Source: b_1251
Source: b_1252
Source: b_1253
Source: b_1254
Source: b_1255
Source: b_1256
Source: b_1257
Source: b_1258
Source: b_1259
Source: b_1260
Scan 16 started at 17DEC08:12:28:52.0
Source: 2312-319
Scan 17 started at 17DEC08:12:31:40.0
Source: b_1261
Source: b_1262
Source: b_1263
Source: b_1264
Source: b_1265
Source: b_1266
Source: b_1267
Source: b_1268
Source: b_1269
Source: b_1270
Source: b_1271
Source: b_1272
Source: b_1273
Source: b_1274
Source: b_1275
Source: b_1276
Source: b_1277
Source: b_1278
Source: b_1279
Source: b_1280
Scan 18 started at 17DEC08:12:45:00.0
Source: 2312-319
 12:45:03 CAOBS> scal a 0 0.5
Scan 19 started at 17DEC08:12:47:48.0
Source: b_1281
Source: b_1282
Source: b_1283
Source: b_1284
Source: b_1285
Source: b_1286
Source: b_1287
Source: b_1288
Source: b_1289
Source: b_1290
Source: b_1291
Source: b_1292
Source: b_1293
Source: b_1294
Source: b_1295
Source: b_1296
Source: b_1297
Source: b_1298
Source: b_1299
Source: b_1300
Scan 20 started at 17DEC08:13:01:08.0
Source: 2312-319
Scan 21 started at 17DEC08:13:03:56.0
Source: b_1301
Source: b_1302
Source: b_1303
Source: b_1304
Source: b_1305
Source: b_1306
Source: b_1307
Source: b_1308
Source: b_1309
Source: b_1310
Source: b_1311
Source: b_1312
Source: b_1313
Source: b_1314
Source: b_1315
Source: b_1316
Source: b_1317
Source: b_1318
Source: b_1319
RPFITS file version is 2.12
---------------------------------------
Total number of spectra selected: 72660

Summary of spectra flagged
Flagging Reason            Fraction
---------------            --------
Antenna off-source/off-line  3.30%
---------------------------------------
Processing file raw/2017-12-08_1316.C3132
CABB data detected
Scan 1 started at 17DEC08:13:16:04.0
Source: b_1319
Source: b_1320
Scan 2 started at 17DEC08:13:17:16.0
Source: 2312-319
Scan 3 started at 17DEC08:13:20:04.0
Source: b_1321
Source: b_1322
Source: b_1323
Source: b_1324
Source: b_1325
Source: b_1326
Source: b_1327
Source: b_1328
Source: b_1329
Source: b_1330
Source: b_1331
Source: b_1332
Source: b_1333
Source: b_1334
Source: b_1335
Source: b_1336
Source: b_1337
Source: b_1338
Source: b_1339
Source: b_1340
Scan 4 started at 17DEC08:13:33:24.0
Source: 2312-319
Scan 5 started at 17DEC08:13:36:12.0
Source: b_1341
Source: b_1342
Source: b_1343
Source: b_1344
Source: b_1345
Source: b_1346
Source: b_1347
Source: b_1348
Source: b_1349
Source: b_1350
Source: b_1351
Source: b_1352
Source: b_1353
Source: b_1354
Source: b_1355
Source: b_1356
Source: b_1357
Source: b_1358
Source: b_1359
Scan 6 started at 17DEC08:13:48:52.0
Source: 2312-319
Scan 7 started at 17DEC08:13:51:40.0
Source: b_1360
Source: b_1361
Source: b_1362
Source: b_1363
Source: b_1364
Source: b_1365
Source: b_1366
Source: b_1367
Source: b_1368
Source: b_1369
Source: b_1370
Source: b_1371
Source: b_1372
Source: b_1373
Source: b_1374
Source: b_1375
Source: b_1376
Source: b_1377
Source: b_1378
Scan 8 started at 17DEC08:14:04:20.0
Source: 2312-319
 14:06:40 CAOBS> stop
 14:06:52 CAOBS> corr closef
RPFITS file version is 2.12
---------------------------------------
Total number of spectra selected: 21780

Summary of spectra flagged
Flagging Reason            Fraction
---------------            --------
Antenna off-source/off-line  3.31%
---------------------------------------

No CACAL data was detected

2018-08-08 03:48:57,959 [MainThread  ] [INFO ]  uvflag vis=data9.uv line=chan,50,850,1 flagval=flag

uvflag: Revision 1.8, 2014/09/30 14:23:39 UTC


Set flags to indicate bad data in visibility file data9.uv
Linetype channel; select   50 channels; start  850, width    1, step    1

Overview of flagging on visibility file data9.uv
Changed flags set to FALSE (data flagged as bad)
Total number of records selected: 294316; out of 294316 records
Antennas used: 1-6
Counts of correlations within selected channels
channel   Originally    Currently
Good:        14715800.           0.    Changed to bad:    14715800.
Bad:                0.    14715800.

2018-08-08 03:50:10,421 [MainThread  ] [INFO ]  uvsplit vis=data9.uv options=mosaic

uvsplit: Revision 1.18, 2016/05/09 03:06:18 UTC

Creating 1934-638.9500
Creating 2312-319.9500
Creating b.9500

2018-08-08 03:50:23,506 [MainThread  ] [INFO ]  pgflag vis=1934-638.9500 command='<b' stokes=i,q,u,v flagpar=8,5,5,3,6,3 options=nodisp

pgflag: Revision 1.30, 2016/10/05 23:06:50 UTC

Applying changes to dataset
Counts of correlations within selected channels:
 channel  Originally  Currently
 Good:       8237460    8149140    Changed to bad:      88320
 Bad:        1228920    1317240    Changed to good:         0
 13.9% of the data is now flagged

2018-08-08 03:50:34,712 [MainThread  ] [INFO ]  pgflag vis=1934-638.9500 command='<b' stokes=i,v,q,u flagpar=8,2,2,3,6,3  options=nodisp

pgflag: Revision 1.30, 2016/10/05 23:06:50 UTC

Applying changes to dataset
Counts of correlations within selected channels:
 channel  Originally  Currently
 Good:       8149140    8069340    Changed to bad:      79800
 Bad:        1317240    1397040    Changed to good:         0
 14.8% of the data is now flagged

2018-08-08 03:50:44,594 [MainThread  ] [INFO ]  pgflag vis=1934-638.9500 command='<b' stokes=i,v,u,q flagpar=8,2,2,3,6,3  options=nodisp

pgflag: Revision 1.30, 2016/10/05 23:06:50 UTC

Applying changes to dataset
Counts of correlations within selected channels:
 channel  Originally  Currently
 Good:       8069340    7947256    Changed to bad:     122084
 Bad:        1397040    1519124    Changed to good:         0
 16.0% of the data is now flagged

2018-08-08 03:51:36,855 [MainThread  ] [INFO ]  mfcal vis=1934-638.9500 refant=4 interval=0.1
MfCal: $Revision: 1.20 $, $Date: 2017/05/08 02:31:10 $
Selecting parallel-hand polarisations
Reading the data ...
Number correlations accepted: 3973628
Number of frequency bands/settings: 1
Number of polarisations selected: 2
Number of solution intervals: 77
Number of passband solution intervals: 1
Initialising ...
Using post-Aug94 ATCA flux scale for 1934-638.
Using known frequency variation of 1934-638
Generating initial solution estimate ...
Doing solution refinement ...
Iter= 1, Solution Error:  0.456
Iter= 2, Solution Error:  0.024
Iter= 3, Solution Error:  0.000
Saving solution ...

2018-08-08 03:51:38,367 [MainThread  ] [INFO ]  gpcal vis=1934-638.9500 refant=4 interval=0.1 nfbin=2 options=xyvary

gpcal: Revision 1.22, 2016/05/01 22:31:05 UTC

Applying bandpass corrections to 1934-638.9500
Number of antennae: 6
Reading the data ...
Number of solution intervals: 77
Total visibilities read: 1155
Number visibilities accepted: 1155
Using post-Aug94 ATCA flux scale for 1934-638.
Using IQUV =  2.5356,  0.0000,  0.0000,  0.0000 at   9.4679 GHz.
Using post-Aug94 ATCA flux scale for 1934-638.
Using IQUV =  2.6946,  0.0000,  0.0000,  0.0000 at   9.0163 GHz.
Using post-Aug94 ATCA flux scale for 1934-638.
Using IQUV =  2.3858,  0.0000,  0.0000,  0.0000 at   9.9450 GHz.
Iter= 1, Amplit/Phase Solution Error:   0.954
Iter= 1, Polarisation Solution Error:   0.034
Iter= 1, Overall Solution Error:        2.119
Iter= 2, Amplit/Phase Solution Error:   0.002
Iter= 2, Polarisation Solution Error:   0.000
Iter= 2, Overall Solution Error:        0.003
Iter= 3, Amplit/Phase Solution Error:   0.001
Iter= 3, Polarisation Solution Error:   0.000
Iter= 3, Overall Solution Error:        0.001
I flux density:   2.5356
Leakage terms:
 Ant 1:Dx,Dy = ( 0.00217,-0.00514),(-0.00044,-0.00565)
 Ant 2:Dx,Dy = ( 0.00338, 0.00087),(-0.00181, 0.00096)
 Ant 3:Dx,Dy = ( 0.00362, 0.00310),(-0.00844, 0.00284)
 Ant 4:Dx,Dy = ( 0.00376, 0.01642),(-0.00228, 0.01622)
 Ant 5:Dx,Dy = (-0.01598, 0.00294),( 0.01641, 0.00295)
 Ant 6:Dx,Dy = ( 0.00362,-0.01777),(-0.00288,-0.01775)
Solution for freq bin  1
Iter= 1, Amplit/Phase Solution Error:   0.980
Iter= 1, Polarisation Solution Error:   0.034
Iter= 1, Overall Solution Error:        2.120
Iter= 2, Amplit/Phase Solution Error:   0.002
Iter= 2, Polarisation Solution Error:   0.000
Iter= 2, Overall Solution Error:        0.003
Iter= 3, Amplit/Phase Solution Error:   0.001
Iter= 3, Polarisation Solution Error:   0.000
Iter= 3, Overall Solution Error:        0.001
I flux density:   2.6946
Leakage terms:
 Ant 1:Dx,Dy = ( 0.00224,-0.00461),(-0.00048,-0.00521)
 Ant 2:Dx,Dy = ( 0.00386, 0.00183),(-0.00154, 0.00178)
 Ant 3:Dx,Dy = ( 0.00467, 0.00279),(-0.00661, 0.00289)
 Ant 4:Dx,Dy = ( 0.00385, 0.01636),(-0.00235, 0.01598)
 Ant 5:Dx,Dy = (-0.01621, 0.00174),( 0.01625, 0.00232)
 Ant 6:Dx,Dy = ( 0.00352,-0.01788),(-0.00335,-0.01797)
Solution for freq bin  2
Iter= 1, Amplit/Phase Solution Error:   0.926
Iter= 1, Polarisation Solution Error:   0.034
Iter= 1, Overall Solution Error:        2.109
Iter= 2, Amplit/Phase Solution Error:   0.002
Iter= 2, Polarisation Solution Error:   0.000
Iter= 2, Overall Solution Error:        0.003
Iter= 3, Amplit/Phase Solution Error:   0.001
Iter= 3, Polarisation Solution Error:   0.000
Iter= 3, Overall Solution Error:        0.001
I flux density:   2.3858
Leakage terms:
 Ant 1:Dx,Dy = ( 0.00209,-0.00576),(-0.00040,-0.00617)
 Ant 2:Dx,Dy = ( 0.00286,-0.00023),(-0.00213, 0.00003)
 Ant 3:Dx,Dy = ( 0.00242, 0.00348),(-0.01053, 0.00279)
 Ant 4:Dx,Dy = ( 0.00365, 0.01650),(-0.00218, 0.01652)
 Ant 5:Dx,Dy = (-0.01572, 0.00431),( 0.01660, 0.00366)
 Ant 6:Dx,Dy = ( 0.00370,-0.01765),(-0.00236,-0.01749)

2018-08-08 03:51:53,209 [MainThread  ] [INFO ]  pgflag vis=1934-638.9500 command='<b' stokes=i,q,u,v flagpar=8,5,5,3,6,3 options=nodisp

pgflag: Revision 1.30, 2016/10/05 23:06:50 UTC

Applying bandpass corrections to 1934-638.9500
Applying freq. dependent gain corrections to 1934-638.9500
Applying freq. dependent leakage correction to 1934-638.9500
Applying changes to dataset
Counts of correlations within selected channels:
 channel  Originally  Currently
 Good:       7947256    7923060    Changed to bad:      24196
 Bad:        1519124    1543320    Changed to good:         0
 16.3% of the data is now flagged

2018-08-08 03:52:07,092 [MainThread  ] [INFO ]  pgflag vis=1934-638.9500 command='<b' stokes=i,v,q,u flagpar=8,2,2,3,6,3  options=nodisp

pgflag: Revision 1.30, 2016/10/05 23:06:50 UTC

Applying bandpass corrections to 1934-638.9500
Applying freq. dependent gain corrections to 1934-638.9500
Applying freq. dependent leakage correction to 1934-638.9500
Applying changes to dataset
Counts of correlations within selected channels:
 channel  Originally  Currently
 Good:       7923060    7897308    Changed to bad:      25752
 Bad:        1543320    1569072    Changed to good:         0
 16.6% of the data is now flagged

2018-08-08 03:52:20,933 [MainThread  ] [INFO ]  pgflag vis=1934-638.9500 command='<b' stokes=i,v,u,q flagpar=8,2,2,3,6,3  options=nodisp

pgflag: Revision 1.30, 2016/10/05 23:06:50 UTC

Applying bandpass corrections to 1934-638.9500
Applying freq. dependent gain corrections to 1934-638.9500
Applying freq. dependent leakage correction to 1934-638.9500
Applying changes to dataset
Counts of correlations within selected channels:
 channel  Originally  Currently
 Good:       7897308    7874944    Changed to bad:      22364
 Bad:        1569072    1591436    Changed to good:         0
 16.8% of the data is now flagged

2018-08-08 03:53:10,906 [MainThread  ] [INFO ]  mfcal vis=1934-638.9500 refant=4 interval=0.1
MfCal: $Revision: 1.20 $, $Date: 2017/05/08 02:31:10 $
Selecting parallel-hand polarisations
Reading the data ...
Number correlations accepted: 3937472
Number of frequency bands/settings: 1
Number of polarisations selected: 2
Number of solution intervals: 77
Number of passband solution intervals: 1
Initialising ...
Using post-Aug94 ATCA flux scale for 1934-638.
Using known frequency variation of 1934-638
Generating initial solution estimate ...
Doing solution refinement ...
Iter= 1, Solution Error:  0.460
Iter= 2, Solution Error:  0.024
Iter= 3, Solution Error:  0.000
Saving solution ...

2018-08-08 03:53:11,550 [MainThread  ] [INFO ]  gpcal vis=1934-638.9500 refant=4 interval=0.1 nfbin=2 options=xyvary

gpcal: Revision 1.22, 2016/05/01 22:31:05 UTC

Applying bandpass corrections to 1934-638.9500
Number of antennae: 6
Using leakage parameters from input as initial guess
Reading the data ...
Number of solution intervals: 77
Total visibilities read: 1155
Number visibilities accepted: 1155
Using post-Aug94 ATCA flux scale for 1934-638.
Using IQUV =  2.5357,  0.0000,  0.0000,  0.0000 at   9.4676 GHz.
Using post-Aug94 ATCA flux scale for 1934-638.
Using IQUV =  2.6940,  0.0000,  0.0000,  0.0000 at   9.0177 GHz.
Using post-Aug94 ATCA flux scale for 1934-638.
Using IQUV =  2.3866,  0.0000,  0.0000,  0.0000 at   9.9421 GHz.
Iter= 1, Amplit/Phase Solution Error:   0.955
Iter= 1, Polarisation Solution Error:   0.000
Iter= 1, Overall Solution Error:        2.120
Iter= 2, Amplit/Phase Solution Error:   0.002
Iter= 2, Polarisation Solution Error:   0.000
Iter= 2, Overall Solution Error:        0.003
Iter= 3, Amplit/Phase Solution Error:   0.001
Iter= 3, Polarisation Solution Error:   0.000
Iter= 3, Overall Solution Error:        0.001
I flux density:   2.5357
Leakage terms:
 Ant 1:Dx,Dy = ( 0.00217,-0.00515),(-0.00042,-0.00566)
 Ant 2:Dx,Dy = ( 0.00339, 0.00087),(-0.00181, 0.00095)
 Ant 3:Dx,Dy = ( 0.00362, 0.00309),(-0.00845, 0.00285)
 Ant 4:Dx,Dy = ( 0.00378, 0.01642),(-0.00230, 0.01623)
 Ant 5:Dx,Dy = (-0.01597, 0.00297),( 0.01645, 0.00298)
 Ant 6:Dx,Dy = ( 0.00361,-0.01778),(-0.00287,-0.01777)
Solution for freq bin  1
Iter= 1, Amplit/Phase Solution Error:   0.981
Iter= 1, Polarisation Solution Error:   0.002
Iter= 1, Overall Solution Error:        2.121
Iter= 2, Amplit/Phase Solution Error:   0.002
Iter= 2, Polarisation Solution Error:   0.000
Iter= 2, Overall Solution Error:        0.003
Iter= 3, Amplit/Phase Solution Error:   0.001
Iter= 3, Polarisation Solution Error:   0.000
Iter= 3, Overall Solution Error:        0.001
I flux density:   2.6940
Leakage terms:
 Ant 1:Dx,Dy = ( 0.00226,-0.00462),(-0.00045,-0.00522)
 Ant 2:Dx,Dy = ( 0.00388, 0.00184),(-0.00153, 0.00175)
 Ant 3:Dx,Dy = ( 0.00466, 0.00276),(-0.00662, 0.00289)
 Ant 4:Dx,Dy = ( 0.00388, 0.01636),(-0.00237, 0.01599)
 Ant 5:Dx,Dy = (-0.01620, 0.00178),( 0.01630, 0.00237)
 Ant 6:Dx,Dy = ( 0.00352,-0.01790),(-0.00333,-0.01800)
Solution for freq bin  2
Iter= 1, Amplit/Phase Solution Error:   0.928
Iter= 1, Polarisation Solution Error:   0.002
Iter= 1, Overall Solution Error:        2.110
Iter= 2, Amplit/Phase Solution Error:   0.002
Iter= 2, Polarisation Solution Error:   0.000
Iter= 2, Overall Solution Error:        0.003
Iter= 3, Amplit/Phase Solution Error:   0.001
Iter= 3, Polarisation Solution Error:   0.000
Iter= 3, Overall Solution Error:        0.001
I flux density:   2.3866
Leakage terms:
 Ant 1:Dx,Dy = ( 0.00208,-0.00576),(-0.00040,-0.00618)
 Ant 2:Dx,Dy = ( 0.00286,-0.00024),(-0.00213, 0.00003)
 Ant 3:Dx,Dy = ( 0.00243, 0.00349),(-0.01053, 0.00282)
 Ant 4:Dx,Dy = ( 0.00366, 0.01651),(-0.00219, 0.01653)
 Ant 5:Dx,Dy = (-0.01572, 0.00432),( 0.01661, 0.00366)
 Ant 6:Dx,Dy = ( 0.00370,-0.01766),(-0.00236,-0.01751)

2018-08-08 03:53:11,594 [MainThread  ] [INFO ]  gpcopy vis=1934-638.9500 out=2312-319.9500

gpcopy: Revision 1.13, 2015/10/29 01:31:39 UTC

Copying leakage table
Copying gain table
Interpolation tolerance set to (minutes): 720.00
Copying bandpass table

2018-08-08 03:56:05,741 [MainThread  ] [INFO ]  pgflag vis=2312-319.9500 command='<b' stokes=i,q,u,v flagpar=8,5,5,3,6,3 options=nodisp

pgflag: Revision 1.30, 2016/10/05 23:06:50 UTC

Applying bandpass corrections to 2312-319.9500
Applying freq. dependent gain corrections to 2312-319.9500
Applying freq. dependent leakage correction to 2312-319.9500
Applying changes to dataset
Counts of correlations within selected channels:
 channel  Originally  Currently
 Good:      71755052   71233708    Changed to bad:     521344
 Bad:       10704904   11226248    Changed to good:         0
 13.6% of the data is now flagged

2018-08-08 03:58:52,135 [MainThread  ] [INFO ]  pgflag vis=2312-319.9500 command='<b' stokes=i,v,q,u flagpar=8,2,2,3,6,3  options=nodisp

pgflag: Revision 1.30, 2016/10/05 23:06:50 UTC

Applying bandpass corrections to 2312-319.9500
Applying freq. dependent gain corrections to 2312-319.9500
Applying freq. dependent leakage correction to 2312-319.9500
Applying changes to dataset
Counts of correlations within selected channels:
 channel  Originally  Currently
 Good:      71233708   70778040    Changed to bad:     455668
 Bad:       11226248   11681916    Changed to good:         0
 14.2% of the data is now flagged

2018-08-08 04:01:37,113 [MainThread  ] [INFO ]  pgflag vis=2312-319.9500 command='<b' stokes=i,v,u,q flagpar=8,2,2,3,6,3  options=nodisp

pgflag: Revision 1.30, 2016/10/05 23:06:50 UTC

Applying bandpass corrections to 2312-319.9500
Applying freq. dependent gain corrections to 2312-319.9500
Applying freq. dependent leakage correction to 2312-319.9500
Applying changes to dataset
Counts of correlations within selected channels:
 channel  Originally  Currently
 Good:      70778040   70337292    Changed to bad:     440748
 Bad:       11681916   12122664    Changed to good:         0
 14.7% of the data is now flagged

2018-08-08 04:01:41,695 [MainThread  ] [INFO ]  gpcal vis=2312-319.9500 refant=4 interval=0.1 nfbin=2 options=xyvary,qusolve

gpcal: Revision 1.22, 2016/05/01 22:31:05 UTC

Applying bandpass corrections to 2312-319.9500
Number of antennae: 6
Using leakage parameters from input as initial guess
Reading the data ...
Number of solution intervals: 672
Total visibilities read: 10061
Number visibilities accepted: 10061
Iter= 1, Amplit/Phase Solution Error:   1.345
Iter= 1, Polarisation Solution Error:   0.005
Iter= 1, Overall Solution Error:        2.547
Iter= 2, Amplit/Phase Solution Error:   0.006
Iter= 2, Polarisation Solution Error:   0.000
Iter= 2, Overall Solution Error:        0.006
Iter= 3, Amplit/Phase Solution Error:   0.001
Iter= 3, Polarisation Solution Error:   0.000
Iter= 3, Overall Solution Error:        0.001
I flux density:   0.5470
Percent Q:   0.492
Percent U:  -0.243
Leakage terms:
 Ant 1:Dx,Dy = ( 0.00148,-0.00579),(-0.00023,-0.00543)
 Ant 2:Dx,Dy = ( 0.00280, 0.00009),(-0.00205, 0.00139)
 Ant 3:Dx,Dy = ( 0.00348, 0.00261),(-0.00908, 0.00321)
 Ant 4:Dx,Dy = ( 0.00325, 0.01608),(-0.00202, 0.01667)
 Ant 5:Dx,Dy = (-0.01562, 0.00285),( 0.01611, 0.00368)
 Ant 6:Dx,Dy = ( 0.00383,-0.01820),(-0.00352,-0.01716)
Solution for freq bin  1
Iter= 1, Amplit/Phase Solution Error:   1.376
Iter= 1, Polarisation Solution Error:   0.005
Iter= 1, Overall Solution Error:        2.523
Iter= 2, Amplit/Phase Solution Error:   0.005
Iter= 2, Polarisation Solution Error:   0.000
Iter= 2, Overall Solution Error:        0.006
Iter= 3, Amplit/Phase Solution Error:   0.001
Iter= 3, Polarisation Solution Error:   0.000
Iter= 3, Overall Solution Error:        0.001
I flux density:   0.5539
Percent Q:   0.466
Percent U:  -0.091
Leakage terms:
 Ant 1:Dx,Dy = ( 0.00139,-0.00520),(-0.00033,-0.00508)
 Ant 2:Dx,Dy = ( 0.00315, 0.00123),(-0.00199, 0.00225)
 Ant 3:Dx,Dy = ( 0.00439, 0.00252),(-0.00718, 0.00334)
 Ant 4:Dx,Dy = ( 0.00329, 0.01601),(-0.00230, 0.01633)
 Ant 5:Dx,Dy = (-0.01581, 0.00139),( 0.01574, 0.00305)
 Ant 6:Dx,Dy = ( 0.00361,-0.01846),(-0.00393,-0.01738)
Solution for freq bin  2
Iter= 1, Amplit/Phase Solution Error:   1.370
Iter= 1, Polarisation Solution Error:   0.005
Iter= 1, Overall Solution Error:        2.541
Iter= 2, Amplit/Phase Solution Error:   0.007
Iter= 2, Polarisation Solution Error:   0.000
Iter= 2, Overall Solution Error:        0.007
Iter= 3, Amplit/Phase Solution Error:   0.001
Iter= 3, Polarisation Solution Error:   0.000
Iter= 3, Overall Solution Error:        0.001
I flux density:   0.5469
Percent Q:   0.537
Percent U:  -0.388
Leakage terms:
 Ant 1:Dx,Dy = ( 0.00157,-0.00628),(-0.00015,-0.00572)
 Ant 2:Dx,Dy = ( 0.00263,-0.00102),(-0.00200, 0.00064)
 Ant 3:Dx,Dy = ( 0.00247, 0.00270),(-0.01101, 0.00308)
 Ant 4:Dx,Dy = ( 0.00310, 0.01614),(-0.00181, 0.01697)
 Ant 5:Dx,Dy = (-0.01540, 0.00421),( 0.01647, 0.00421)
 Ant 6:Dx,Dy = ( 0.00397,-0.01795),(-0.00315,-0.01699)

2018-08-08 04:04:44,438 [MainThread  ] [INFO ]  pgflag vis=2312-319.9500 command='<b' stokes=i,q,u,v flagpar=8,5,5,3,6,3 options=nodisp

pgflag: Revision 1.30, 2016/10/05 23:06:50 UTC

Applying bandpass corrections to 2312-319.9500
Applying freq. dependent gain corrections to 2312-319.9500
Applying freq. dependent leakage correction to 2312-319.9500
Applying changes to dataset
Counts of correlations within selected channels:
 channel  Originally  Currently
 Good:      70337292   69936296    Changed to bad:     400996
 Bad:       12122664   12523660    Changed to good:         0
 15.2% of the data is now flagged

2018-08-08 04:07:28,674 [MainThread  ] [INFO ]  pgflag vis=2312-319.9500 command='<b' stokes=i,v,q,u flagpar=8,2,2,3,6,3  options=nodisp

pgflag: Revision 1.30, 2016/10/05 23:06:50 UTC

Applying bandpass corrections to 2312-319.9500
Applying freq. dependent gain corrections to 2312-319.9500
Applying freq. dependent leakage correction to 2312-319.9500
Applying changes to dataset
Counts of correlations within selected channels:
 channel  Originally  Currently
 Good:      69936296   69583468    Changed to bad:     352828
 Bad:       12523660   12876488    Changed to good:         0
 15.6% of the data is now flagged

2018-08-08 04:10:09,564 [MainThread  ] [INFO ]  pgflag vis=2312-319.9500 command='<b' stokes=i,v,u,q flagpar=8,2,2,3,6,3  options=nodisp

pgflag: Revision 1.30, 2016/10/05 23:06:50 UTC

Applying bandpass corrections to 2312-319.9500
Applying freq. dependent gain corrections to 2312-319.9500
Applying freq. dependent leakage correction to 2312-319.9500
Applying changes to dataset
Counts of correlations within selected channels:
 channel  Originally  Currently
 Good:      69583468   69255088    Changed to bad:     328380
 Bad:       12876488   13204868    Changed to good:         0
 16.0% of the data is now flagged

2018-08-08 04:10:14,391 [MainThread  ] [INFO ]  gpcal vis=2312-319.9500 refant=4 interval=0.1 nfbin=2 options=xyvary,qusolve

gpcal: Revision 1.22, 2016/05/01 22:31:05 UTC

Applying bandpass corrections to 2312-319.9500
Number of antennae: 6
Using leakage parameters from input as initial guess
Reading the data ...
Number of solution intervals: 672
Total visibilities read: 10061
Number visibilities accepted: 10061
Iter= 1, Amplit/Phase Solution Error:   1.348
Iter= 1, Polarisation Solution Error:   0.005
Iter= 1, Overall Solution Error:        2.547
Iter= 2, Amplit/Phase Solution Error:   0.006
Iter= 2, Polarisation Solution Error:   0.000
Iter= 2, Overall Solution Error:        0.007
Iter= 3, Amplit/Phase Solution Error:   0.001
Iter= 3, Polarisation Solution Error:   0.000
Iter= 3, Overall Solution Error:        0.001
I flux density:   0.5480
Percent Q:   0.500
Percent U:  -0.245
Leakage terms:
 Ant 1:Dx,Dy = ( 0.00144,-0.00578),(-0.00025,-0.00544)
 Ant 2:Dx,Dy = ( 0.00277, 0.00009),(-0.00208, 0.00141)
 Ant 3:Dx,Dy = ( 0.00344, 0.00260),(-0.00914, 0.00320)
 Ant 4:Dx,Dy = ( 0.00322, 0.01608),(-0.00208, 0.01667)
 Ant 5:Dx,Dy = (-0.01566, 0.00287),( 0.01607, 0.00370)
 Ant 6:Dx,Dy = ( 0.00378,-0.01821),(-0.00353,-0.01718)
Solution for freq bin  1
Iter= 1, Amplit/Phase Solution Error:   1.381
Iter= 1, Polarisation Solution Error:   0.005
Iter= 1, Overall Solution Error:        2.525
Iter= 2, Amplit/Phase Solution Error:   0.005
Iter= 2, Polarisation Solution Error:   0.000
Iter= 2, Overall Solution Error:        0.006
Iter= 3, Amplit/Phase Solution Error:   0.001
Iter= 3, Polarisation Solution Error:   0.000
Iter= 3, Overall Solution Error:        0.001
I flux density:   0.5549
Percent Q:   0.477
Percent U:  -0.090
Leakage terms:
 Ant 1:Dx,Dy = ( 0.00134,-0.00518),(-0.00036,-0.00509)
 Ant 2:Dx,Dy = ( 0.00310, 0.00125),(-0.00202, 0.00227)
 Ant 3:Dx,Dy = ( 0.00433, 0.00250),(-0.00726, 0.00332)
 Ant 4:Dx,Dy = ( 0.00325, 0.01601),(-0.00239, 0.01633)
 Ant 5:Dx,Dy = (-0.01589, 0.00143),( 0.01565, 0.00308)
 Ant 6:Dx,Dy = ( 0.00355,-0.01848),(-0.00393,-0.01741)
Solution for freq bin  2
Iter= 1, Amplit/Phase Solution Error:   1.374
Iter= 1, Polarisation Solution Error:   0.005
Iter= 1, Overall Solution Error:        2.542
Iter= 2, Amplit/Phase Solution Error:   0.007
Iter= 2, Polarisation Solution Error:   0.000
Iter= 2, Overall Solution Error:        0.006
Iter= 3, Amplit/Phase Solution Error:   0.001
Iter= 3, Polarisation Solution Error:   0.000
Iter= 3, Overall Solution Error:        0.001
I flux density:   0.5479
Percent Q:   0.541
Percent U:  -0.388
Leakage terms:
 Ant 1:Dx,Dy = ( 0.00154,-0.00627),(-0.00016,-0.00572)
 Ant 2:Dx,Dy = ( 0.00262,-0.00104),(-0.00203, 0.00066)
 Ant 3:Dx,Dy = ( 0.00247, 0.00270),(-0.01103, 0.00309)
 Ant 4:Dx,Dy = ( 0.00309, 0.01614),(-0.00183, 0.01695)
 Ant 5:Dx,Dy = (-0.01540, 0.00419),( 0.01646, 0.00423)
 Ant 6:Dx,Dy = ( 0.00393,-0.01794),(-0.00316,-0.01699)

2018-08-08 04:10:14,418 [MainThread  ] [INFO ]  gpboot vis=2312-319.9500 cal=1934-638.9500

gpboot: Revision 1.9, 2015/10/29 01:31:30 UTC

Secondary flux density scaled by:   0.997
Frequency bin  1 scaled by      :   0.992
Frequency bin  2 scaled by      :   1.000

2018-08-08 04:12:21,948 [MainThread  ] [INFO ]  gpcopy vis=2312-319.9500 out=b.9500

gpcopy: Revision 1.13, 2015/10/29 01:31:39 UTC

Copying leakage table
Copying gain table
Interpolation tolerance set to (minutes): 720.00
Copying bandpass table

2018-08-08 04:29:19,376 [MainThread  ] [INFO ]  pgflag vis=b.9500 command='<b' stokes=i,v,q,u flagpar=8,2,2,3,6,3  options=nodisp

pgflag: Revision 1.30, 2016/10/05 23:06:50 UTC

Applying bandpass corrections to b.9500
Applying freq. dependent gain corrections to b.9500
Applying freq. dependent leakage correction to b.9500
Applying changes to dataset
Counts of correlations within selected channels:
 channel  Originally  Currently
 Good:     444772916  431260060    Changed to bad:   13512856
 Bad:       66354232   79867088    Changed to good:         0
 15.6% of the data is now flagged

2018-08-08 04:46:54,875 [MainThread  ] [INFO ]  pgflag vis=b.9500 command='<b' stokes=i,v,u,q flagpar=8,2,2,3,6,3  options=nodisp

pgflag: Revision 1.30, 2016/10/05 23:06:50 UTC

Applying bandpass corrections to b.9500
Applying freq. dependent gain corrections to b.9500
Applying freq. dependent leakage correction to b.9500
Applying changes to dataset
Counts of correlations within selected channels:
 channel  Originally  Currently
 Good:     431260060  421699620    Changed to bad:    9560440
 Bad:       79867088   89427528    Changed to good:         0
 17.5% of the data is now flagged

2018-08-08 04:50:43,833 [MainThread  ] [INFO ]  uvsplit vis=b.9500

uvsplit: Revision 1.18, 2016/05/09 03:06:18 UTC

Creating b_1221.9500
Creating b_1222.9500
Creating b_1223.9500
Creating b_1224.9500
Creating b_1225.9500
Creating b_1226.9500
Creating b_1227.9500
Creating b_1228.9500
Creating b_1229.9500
Creating b_1230.9500
Creating b_1231.9500
Creating b_1232.9500
Creating b_1233.9500
Creating b_1234.9500
Creating b_1235.9500
Creating b_1236.9500
Creating b_1237.9500
Creating b_1238.9500
Creating b_1239.9500
Creating b_1240.9500
Creating b_1241.9500
Creating b_1242.9500
Creating b_1243.9500
Creating b_1244.9500
Creating b_1245.9500
Creating b_1246.9500
Creating b_1247.9500
Creating b_1248.9500
Creating b_1249.9500
Creating b_1250.9500
Creating b_1251.9500
Creating b_1252.9500
Creating b_1253.9500
Creating b_1254.9500
Creating b_1255.9500
Creating b_1256.9500
Creating b_1257.9500
Creating b_1258.9500
Creating b_1259.9500
Creating b_1260.9500
Creating b_1261.9500
Creating b_1262.9500
Creating b_1263.9500
Creating b_1264.9500
Creating b_1265.9500
Creating b_1266.9500
Creating b_1267.9500
Creating b_1268.9500
Creating b_1269.9500
Creating b_1270.9500
Creating b_1271.9500
Creating b_1272.9500
Creating b_1273.9500
Creating b_1274.9500
Creating b_1275.9500
Creating b_1276.9500
Creating b_1277.9500
Creating b_1278.9500
Creating b_1279.9500
Creating b_1280.9500
Creating b_1281.9500
Creating b_1282.9500
Creating b_1283.9500
Creating b_1284.9500
Creating b_1285.9500
Creating b_1286.9500
Creating b_1287.9500
Creating b_1288.9500
Creating b_1289.9500
Creating b_1290.9500
Creating b_1291.9500
Creating b_1292.9500
Creating b_1293.9500
Creating b_1294.9500
Creating b_1295.9500
Creating b_1296.9500
Creating b_1297.9500
Creating b_1298.9500
Creating b_1299.9500
Creating b_1300.9500
Creating b_1301.9500
Creating b_1302.9500
Creating b_1303.9500
Creating b_1304.9500
Creating b_1305.9500
Creating b_1306.9500
Creating b_1307.9500
Creating b_1308.9500
Creating b_1309.9500
Creating b_1310.9500
Creating b_1311.9500
Creating b_1312.9500
Creating b_1313.9500
Creating b_1314.9500
Creating b_1315.9500
Creating b_1316.9500
Creating b_1317.9500
Creating b_1318.9500
Creating b_1319.9500
Creating b_1320.9500
Creating b_1321.9500
Creating b_1322.9500
Creating b_1323.9500
Creating b_1324.9500
Creating b_1325.9500
Creating b_1326.9500
Creating b_1327.9500
Creating b_1328.9500
Creating b_1329.9500
Creating b_1330.9500
Creating b_1331.9500
Creating b_1332.9500
Creating b_1333.9500
Creating b_1334.9500
Creating b_1335.9500
Creating b_1336.9500
Creating b_1337.9500
Creating b_1338.9500
Creating b_1339.9500
Creating b_1340.9500
Creating b_1341.9500
Creating b_1342.9500
Creating b_1343.9500
Creating b_1344.9500
Creating b_1345.9500
Creating b_1346.9500
Creating b_1347.9500
Creating b_1348.9500
Creating b_1349.9500
Creating b_1350.9500
Creating b_1351.9500
Creating b_1352.9500
Creating b_1353.9500
Creating b_1354.9500
Creating b_1355.9500
Creating b_1356.9500
Creating b_1357.9500
Creating b_1358.9500
Creating b_1359.9500
Creating b_1360.9500
Creating b_1361.9500
Creating b_1362.9500
Creating b_1363.9500
Creating b_1364.9500
Creating b_1365.9500
Creating b_1366.9500
Creating b_1367.9500
Creating b_1368.9500
Creating b_1369.9500
Creating b_1370.9500
Creating b_1371.9500
Creating b_1372.9500
Creating b_1373.9500
Creating b_1374.9500
Creating b_1375.9500
Creating b_1376.9500
Creating b_1377.9500
Creating b_1378.9500
Creating b_1379.9500
Creating b_1380.9500
Creating b_1381.9500
Creating b_1382.9500
Creating b_1383.9500
Creating b_1384.9500
Creating b_1385.9500
Creating b_1386.9500
Creating b_1387.9500
Creating b_1388.9500
Creating b_1389.9500
Creating b_1390.9500
Creating b_1391.9500
Creating b_1392.9500
Creating b_1393.9500
Creating b_1394.9500
Creating b_1395.9500
Creating b_1396.9500
Creating b_1397.9500
Creating b_1398.9500
Creating b_1399.9500
Creating b_1400.9500
Creating b_1401.9500
Creating b_1402.9500
Creating b_1403.9500
Creating b_1404.9500
Creating b_1405.9500
Creating b_1406.9500
Creating b_1407.9500
Creating b_1408.9500
Creating b_1409.9500
Creating b_1410.9500
Creating b_1411.9500
Creating b_1412.9500
Creating b_1413.9500
Creating b_1414.9500
Creating b_1415.9500
Creating b_1416.9500
Creating b_1417.9500
Creating b_1418.9500
Creating b_1419.9500
Creating b_1420.9500
Creating b_1421.9500
Creating b_1422.9500
Creating b_1423.9500
Creating b_1424.9500
Creating b_1425.9500
Creating b_1426.9500
Creating b_1427.9500
Creating b_1428.9500
Creating b_1429.9500
Creating b_1430.9500
Creating b_1431.9500
Creating b_1432.9500
Creating b_1433.9500
Creating b_1434.9500
Creating b_1435.9500
Creating b_1201.9500
Creating b_1202.9500
Creating b_1203.9500
Creating b_1204.9500
Creating b_1205.9500
Creating b_1206.9500
Creating b_1207.9500
Creating b_1208.9500
Creating b_1209.9500
Creating b_1210.9500
Creating b_1211.9500
Creating b_1212.9500
Creating b_1213.9500
Creating b_1214.9500
Creating b_1215.9500
Creating b_1216.9500
Creating b_1217.9500
Creating b_1218.9500
Creating b_1219.9500
Creating b_1220.9500

