2018-08-03 09:16:03,735 [MainThread  ] [INFO ]  atlod in=raw/2016-12-07_0148.C3132,raw/2016-12-07_0435.C3132,raw/2016-12-07_0722.C3132,raw/2016-12-07_1009.C3132,raw/2016-12-07_1256.C3132 out=data9.uv ifsel=2 options=birdie,rfiflag,noauto,xycorr

atlod: Revision 1.53, 2016/08/25 23:02:21 UTC

Processing file raw/2016-12-07_0148.C3132
 01:48:21 CAOBS> track 1
CABB data detected
Scan 1 started at 16DEC07:01:48:36.0
Source: 1934-638
Flagging channels in  28 frequency ranges
 01:58:05 CAOBS> stop
 01:58:21 CAOBS> set file c3132_obs_d3
 01:58:31 CAOBS> start 3/99
Scan 2 started at 16DEC07:02:00:12.0
Source: 2245-328
Scan 3 started at 16DEC07:02:02:52.0
Source: d_381
Source: d_382
Source: d_383
Source: d_384
Source: d_385
Source: d_386
Source: d_387
Source: d_388
Source: d_389
Source: d_390
Source: d_391
Source: d_392
Source: d_393
Source: d_394
Source: d_395
Source: d_396
Source: d_397
Source: d_398
Source: d_399
Source: d_400
Scan 4 started at 16DEC07:02:16:20.0
Source: 2245-328
Scan 5 started at 16DEC07:02:19:00.0
Source: d_401
Source: d_402
Source: d_403
Source: d_404
Source: d_405
Source: d_406
Source: d_407
Source: d_408
Source: d_409
Source: d_410
Source: d_411
Source: d_412
Source: d_413
Source: d_414
Source: d_415
Source: d_416
Source: d_417
Source: d_418
Source: d_419
Source: d_420
Scan 6 started at 16DEC07:02:32:28.0
Source: 2245-328
Scan 7 started at 16DEC07:02:35:08.0
Source: d_421
Source: d_422
Source: d_423
Source: d_424
Source: d_425
Source: d_426
Source: d_427
Source: d_428
Source: d_429
Source: d_430
Source: d_431
Source: d_432
Source: d_433
Source: d_434
Source: d_435
Source: d_436
Source: d_437
Source: d_438
Source: d_439
Source: d_440
Scan 8 started at 16DEC07:02:48:36.0
Source: 2245-328
Scan 9 started at 16DEC07:02:51:16.0
Source: d_441
Source: d_442
Source: d_443
Source: d_444
Source: d_445
Source: d_446
Source: d_447
Source: d_448
Source: d_449
Source: d_450
Source: d_451
Source: d_452
Source: d_453
Source: d_454
Source: d_455
Source: d_456
Source: d_457
Source: d_458
Source: d_459
Source: d_460
Scan 10 started at 16DEC07:03:04:44.0
Source: 2245-328
Scan 11 started at 16DEC07:03:07:24.0
Source: d_461
Source: d_462
Source: d_463
Source: d_464
Source: d_465
Source: d_466
Source: d_467
Source: d_468
Source: d_469
Source: d_470
Source: d_471
Source: d_472
Source: d_473
Source: d_474
Source: d_475
Source: d_476
Source: d_477
Source: d_478
Source: d_479
Source: d_480
Scan 12 started at 16DEC07:03:20:52.0
Source: 2245-328
Scan 13 started at 16DEC07:03:23:40.0
Source: d_481
Source: d_482
Source: d_483
Source: d_484
Source: d_485
Source: d_486
Source: d_487
Source: d_488
Source: d_489
Source: d_490
Source: d_491
Source: d_492
Source: d_493
Source: d_494
Source: d_495
Source: d_496
Source: d_497
Source: d_498
Source: d_499
Source: d_500
Scan 14 started at 16DEC07:03:37:08.0
Source: 2245-328
Scan 15 started at 16DEC07:03:39:48.0
Source: d_501
Source: d_502
Source: d_503
Source: d_504
Source: d_505
Source: d_506
Source: d_507
Source: d_508
Source: d_509
Source: d_510
Source: d_511
Source: d_512
Source: d_513
Source: d_514
Source: d_515
Source: d_516
Source: d_517
Source: d_518
Source: d_519
Source: d_520
Scan 16 started at 16DEC07:03:53:16.0
Source: 2245-328
Scan 17 started at 16DEC07:03:55:56.0
Source: d_521
Source: d_522
Source: d_523
Source: d_524
Source: d_525
Source: d_526
Source: d_527
Source: d_528
Source: d_529
Source: d_530
Source: d_531
Source: d_532
Source: d_533
Source: d_534
Source: d_535
Source: d_536
Source: d_537
Source: d_538
Source: d_539
Source: d_540
Scan 18 started at 16DEC07:04:09:24.0
Source: 2245-328
Scan 19 started at 16DEC07:04:12:04.0
Source: d_361
Source: d_362
Source: d_363
Source: d_364
Source: d_365
Source: d_366
Source: d_367
Source: d_368
Source: d_369
Source: d_370
Source: d_371
Source: d_372
Source: d_373
Source: d_374
Source: d_375
Source: d_376
Source: d_377
Source: d_378
Source: d_379
Source: d_380
Scan 20 started at 16DEC07:04:25:32.0
Source: 2245-328
Scan 21 started at 16DEC07:04:28:12.0
Source: d_381
Source: d_382
Source: d_383
Source: d_384
Source: d_385
Source: d_386
Source: d_387
Source: d_388
Source: d_389
Source: d_390
Source: d_391
Source: d_392
RPFITS file version is 2.12
---------------------------------------
Total number of spectra selected: 72660

Summary of spectra flagged
Flagging Reason            Fraction
---------------            --------
Antenna off-source/off-line  3.36%
---------------------------------------
Processing file raw/2016-12-07_0435.C3132
CABB data detected
Scan 1 started at 16DEC07:04:35:56.0
Source: d_392
Source: d_393
Source: d_394
Source: d_395
Source: d_396
Source: d_397
Source: d_398
Source: d_399
Source: d_400
Scan 2 started at 16DEC07:04:41:40.0
Source: 2245-328
Scan 3 started at 16DEC07:04:44:20.0
Source: d_401
Source: d_402
Source: d_403
Source: d_404
Source: d_405
Source: d_406
Source: d_407
Source: d_408
Source: d_409
Source: d_410
Source: d_411
Source: d_412
Source: d_413
Source: d_414
Source: d_415
Source: d_416
Source: d_417
Source: d_418
Source: d_419
Source: d_420
Scan 4 started at 16DEC07:04:57:56.0
Source: 2245-328
Scan 5 started at 16DEC07:05:00:44.0
Source: d_421
Source: d_422
Source: d_423
Source: d_424
Source: d_425
Source: d_426
Source: d_427
Source: d_428
Source: d_429
Source: d_430
Source: d_431
Source: d_432
Source: d_433
Source: d_434
Source: d_435
Source: d_436
Source: d_437
Source: d_438
Source: d_439
Source: d_440
Scan 6 started at 16DEC07:05:14:12.0
Source: 2245-328
Scan 7 started at 16DEC07:05:17:00.0
Source: d_441
Source: d_442
Source: d_443
Source: d_444
Source: d_445
Source: d_446
Source: d_447
Source: d_448
Source: d_449
Source: d_450
Source: d_451
Source: d_452
Source: d_453
Source: d_454
Source: d_455
Source: d_456
Source: d_457
Source: d_458
Source: d_459
Source: d_460
Scan 8 started at 16DEC07:05:30:28.0
Source: 2245-328
Scan 9 started at 16DEC07:05:33:24.0
Source: d_461
Source: d_462
Source: d_463
Source: d_464
Source: d_465
Source: d_466
Source: d_467
Source: d_468
Source: d_469
Source: d_470
Source: d_471
Source: d_472
Source: d_473
Source: d_474
Source: d_475
Source: d_476
Source: d_477
Source: d_478
Source: d_479
Source: d_480
Scan 10 started at 16DEC07:05:46:44.0
Source: 2245-328
Scan 11 started at 16DEC07:05:49:40.0
Source: d_481
Source: d_482
Source: d_483
Source: d_484
Source: d_485
Source: d_486
Source: d_487
Source: d_488
Source: d_489
Source: d_490
Source: d_491
Source: d_492
Source: d_493
Source: d_494
Source: d_495
Source: d_496
Source: d_497
Source: d_498
Source: d_499
Source: d_500
Scan 12 started at 16DEC07:06:03:16.0
Source: 2245-328
Scan 13 started at 16DEC07:06:06:04.0
Source: d_501
Source: d_502
Source: d_503
Source: d_504
Source: d_505
Source: d_506
Source: d_507
Source: d_508
Source: d_509
Source: d_510
Source: d_511
Source: d_512
Source: d_513
Source: d_514
Source: d_515
Source: d_516
Source: d_517
Source: d_518
Source: d_519
Source: d_520
Scan 14 started at 16DEC07:06:19:32.0
Source: 2245-328
Scan 15 started at 16DEC07:06:22:28.0
Source: d_521
Source: d_522
Source: d_523
Source: d_524
Source: d_525
Source: d_526
Source: d_527
Source: d_528
Source: d_529
Source: d_530
Source: d_531
Source: d_532
Source: d_533
Source: d_534
Source: d_535
Source: d_536
Source: d_537
Source: d_538
Source: d_539
Source: d_540
Scan 16 started at 16DEC07:06:35:48.0
Source: 2245-328
Scan 17 started at 16DEC07:06:38:36.0
Source: d_361
Source: d_362
Source: d_363
Source: d_364
Source: d_365
Source: d_366
Source: d_367
Source: d_368
Source: d_369
Source: d_370
Source: d_371
Source: d_372
Source: d_373
Source: d_374
Source: d_375
Source: d_376
Source: d_377
Source: d_378
Source: d_379
Source: d_380
Scan 18 started at 16DEC07:06:52:04.0
Source: 2245-328
Scan 19 started at 16DEC07:06:55:16.0
Source: d_381
Source: d_382
Source: d_383
Source: d_384
Source: d_385
Source: d_386
Source: d_387
Source: d_388
Source: d_389
Source: d_390
Source: d_391
Source: d_392
Source: d_393
Source: d_394
Source: d_395
Source: d_396
Source: d_397
Source: d_398
Source: d_399
Source: d_400
Scan 20 started at 16DEC07:07:08:28.0
Source: 2245-328
Scan 21 started at 16DEC07:07:11:40.0
Source: d_401
Source: d_402
Source: d_403
Source: d_404
Source: d_405
Source: d_406
Source: d_407
Source: d_408
Source: d_409
Source: d_410
Source: d_411
Source: d_412
Source: d_413
Source: d_414
Source: d_415
Source: d_416
Source: d_417
Source: d_418
RPFITS file version is 2.12
---------------------------------------
Total number of spectra selected: 72660

Summary of spectra flagged
Flagging Reason            Fraction
---------------            --------
Antenna off-source/off-line  4.12%
---------------------------------------
Processing file raw/2016-12-07_0722.C3132
CABB data detected
Scan 1 started at 16DEC07:07:22:44.0
Source: d_418
Source: d_419
Source: d_420
Scan 2 started at 16DEC07:07:25:08.0
Source: 2245-328
Scan 3 started at 16DEC07:07:28:20.0
Source: d_421
Source: d_422
Source: d_423
Source: d_424
Source: d_425
Source: d_426
Source: d_427
Source: d_428
Source: d_429
Source: d_430
Source: d_431
Source: d_432
Source: d_433
Source: d_434
Source: d_435
Source: d_436
Source: d_437
Source: d_438
Source: d_439
Source: d_440
Scan 4 started at 16DEC07:07:42:04.0
Source: 2245-328
Scan 5 started at 16DEC07:07:45:16.0
Source: d_441
Source: d_442
Source: d_443
Source: d_444
Source: d_445
Source: d_446
Source: d_447
Source: d_448
Source: d_449
Source: d_450
Source: d_451
Source: d_452
Source: d_453
Source: d_454
Source: d_455
Source: d_456
Source: d_457
Source: d_458
Source: d_459
Source: d_460
Scan 6 started at 16DEC07:07:59:08.0
Source: 2245-328
Scan 7 started at 16DEC07:08:02:28.0
Source: d_461
Source: d_462
Source: d_463
Source: d_464
Source: d_465
Source: d_466
Source: d_467
Source: d_468
Source: d_469
Source: d_470
Source: d_471
Source: d_472
Source: d_473
Source: d_474
Source: d_475
Source: d_476
Source: d_477
Source: d_478
Source: d_479
Source: d_480
Scan 8 started at 16DEC07:08:16:20.0
Source: 2245-328
Scan 9 started at 16DEC07:08:19:24.0
Source: d_481
Source: d_482
Source: d_483
Source: d_484
Source: d_485
Source: d_486
Source: d_487
Source: d_488
Source: d_489
Source: d_490
Source: d_491
Source: d_492
Source: d_493
Source: d_494
Source: d_495
Source: d_496
Source: d_497
Source: d_498
Source: d_499
Source: d_500
Scan 10 started at 16DEC07:08:33:08.0
Source: 2245-328
Scan 11 started at 16DEC07:08:36:04.0
Source: d_501
Source: d_502
Source: d_503
Source: d_504
Source: d_505
Source: d_506
Source: d_507
Source: d_508
Source: d_509
Source: d_510
Source: d_511
Source: d_512
Source: d_513
Source: d_514
Source: d_515
Source: d_516
Source: d_517
Source: d_518
Source: d_519
Source: d_520
Scan 12 started at 16DEC07:08:49:32.0
Source: 2245-328
Scan 13 started at 16DEC07:08:52:36.0
Source: d_521
Source: d_522
Source: d_523
Source: d_524
Source: d_525
Source: d_526
Source: d_527
Source: d_528
Source: d_529
Source: d_530
Source: d_531
Source: d_532
Source: d_533
Source: d_534
Source: d_535
Source: d_536
Source: d_537
Source: d_538
Source: d_539
Source: d_540
Scan 14 started at 16DEC07:09:05:56.0
Source: 2245-328
Scan 15 started at 16DEC07:09:08:44.0
Source: d_361
Source: d_362
Source: d_363
Source: d_364
Source: d_365
Source: d_366
Source: d_367
Source: d_368
Source: d_369
Source: d_370
Source: d_371
Source: d_372
Source: d_373
Source: d_374
Source: d_375
Source: d_376
Source: d_377
Source: d_378
Source: d_379
Source: d_380
Scan 16 started at 16DEC07:09:22:12.0
Source: 2245-328
Scan 17 started at 16DEC07:09:25:08.0
Source: d_381
Source: d_382
Source: d_383
Source: d_384
Source: d_385
Source: d_386
Source: d_387
Source: d_388
Source: d_389
Source: d_390
Source: d_391
Source: d_392
Source: d_393
Source: d_394
Source: d_395
Source: d_396
Source: d_397
Source: d_398
Source: d_399
Source: d_400
Scan 18 started at 16DEC07:09:38:28.0
Source: 2245-328
Scan 19 started at 16DEC07:09:41:24.0
Source: d_401
Source: d_402
Source: d_403
Source: d_404
Source: d_405
Source: d_406
Source: d_407
Source: d_408
Source: d_409
Source: d_410
Source: d_411
Source: d_412
Source: d_413
Source: d_414
Source: d_415
Source: d_416
Source: d_417
Source: d_418
Source: d_419
Source: d_420
Scan 20 started at 16DEC07:09:54:52.0
Source: 2245-328
Scan 21 started at 16DEC07:09:57:40.0
Source: d_421
Source: d_422
Source: d_423
Source: d_424
Source: d_425
Source: d_426
Source: d_427
Source: d_428
Source: d_429
Source: d_430
Source: d_431
Source: d_432
Source: d_433
Source: d_434
Source: d_435
Source: d_436
Source: d_437
Source: d_438
RPFITS file version is 2.12
---------------------------------------
Total number of spectra selected: 72660

Summary of spectra flagged
Flagging Reason            Fraction
---------------            --------
Antenna off-source/off-line  7.27%
---------------------------------------
Processing file raw/2016-12-07_1009.C3132
CABB data detected
Scan 1 started at 16DEC07:10:09:33.8
Source: d_439
Source: d_440
Scan 2 started at 16DEC07:10:11:08.0
Source: 2245-328
Scan 3 started at 16DEC07:10:13:56.0
Source: d_441
Source: d_442
Source: d_443
Source: d_444
Source: d_445
Source: d_446
Source: d_447
Source: d_448
Source: d_449
Source: d_450
Source: d_451
Source: d_452
Source: d_453
Source: d_454
Source: d_455
Source: d_456
Source: d_457
Source: d_458
Source: d_459
Source: d_460
Scan 4 started at 16DEC07:10:27:24.0
Source: 2245-328
Scan 5 started at 16DEC07:10:30:20.0
Source: d_461
Source: d_462
Source: d_463
Source: d_464
Source: d_465
Source: d_466
Source: d_467
Source: d_468
Source: d_469
Source: d_470
Source: d_471
Source: d_472
Source: d_473
Source: d_474
Source: d_475
Source: d_476
Source: d_477
Source: d_478
Source: d_479
Source: d_480
Scan 6 started at 16DEC07:10:43:40.0
Source: 2245-328
Scan 7 started at 16DEC07:10:46:20.0
Source: d_481
Source: d_482
Source: d_483
Source: d_484
Source: d_485
Source: d_486
Source: d_487
Source: d_488
Source: d_489
Source: d_490
Source: d_491
Source: d_492
Source: d_493
Source: d_494
Source: d_495
Source: d_496
Source: d_497
Source: d_498
Source: d_499
Source: d_500
Scan 8 started at 16DEC07:10:59:48.0
Source: 2245-328
Scan 9 started at 16DEC07:11:02:28.0
Source: d_501
Source: d_502
Source: d_503
Source: d_504
Source: d_505
Source: d_506
Source: d_507
Source: d_508
Source: d_509
Source: d_510
Source: d_511
Source: d_512
Source: d_513
Source: d_514
Source: d_515
Source: d_516
Source: d_517
Source: d_518
Source: d_519
Source: d_520
Scan 10 started at 16DEC07:11:15:56.0
Source: 2245-328
Scan 11 started at 16DEC07:11:18:44.0
Source: d_521
Source: d_522
Source: d_523
Source: d_524
Source: d_525
Source: d_526
Source: d_527
Source: d_528
Source: d_529
Source: d_530
Source: d_531
Source: d_532
Source: d_533
Source: d_534
Source: d_535
Source: d_536
Source: d_537
Source: d_538
Source: d_539
Source: d_540
Scan 12 started at 16DEC07:11:32:04.0
Source: 2245-328
Scan 13 started at 16DEC07:11:34:52.0
Source: d_361
Source: d_362
Source: d_363
Source: d_364
Source: d_365
Source: d_366
Source: d_367
Source: d_368
Source: d_369
Source: d_370
Source: d_371
Source: d_372
Source: d_373
Source: d_374
Source: d_375
Source: d_376
Source: d_377
Source: d_378
Source: d_379
Source: d_380
Scan 14 started at 16DEC07:11:48:20.0
Source: 2245-328
Scan 15 started at 16DEC07:11:51:00.0
Source: d_381
Source: d_382
Source: d_383
Source: d_384
Source: d_385
Source: d_386
Source: d_387
Source: d_388
Source: d_389
Source: d_390
Source: d_391
Source: d_392
Source: d_393
Source: d_394
Source: d_395
Source: d_396
Source: d_397
Source: d_398
Source: d_399
Source: d_400
Scan 16 started at 16DEC07:12:04:28.0
Source: 2245-328
Scan 17 started at 16DEC07:12:07:08.0
Source: d_401
Source: d_402
Source: d_403
Source: d_404
Source: d_405
Source: d_406
Source: d_407
Source: d_408
Source: d_409
Source: d_410
Source: d_411
Source: d_412
Source: d_413
Source: d_414
Source: d_415
Source: d_416
Source: d_417
Source: d_418
Source: d_419
Source: d_420
Scan 18 started at 16DEC07:12:20:36.0
Source: 2245-328
Scan 19 started at 16DEC07:12:23:16.0
Source: d_421
Source: d_422
Source: d_423
Source: d_424
Source: d_425
Source: d_426
Source: d_427
Source: d_428
Source: d_429
Source: d_430
Source: d_431
Source: d_432
Source: d_433
Source: d_434
Source: d_435
Source: d_436
Source: d_437
Source: d_438
Source: d_439
Source: d_440
Scan 20 started at 16DEC07:12:36:44.0
Source: 2245-328
Scan 21 started at 16DEC07:12:39:24.0
Source: d_441
Source: d_442
Source: d_443
Source: d_444
Source: d_445
Source: d_446
Source: d_447
Source: d_448
Source: d_449
Source: d_450
Source: d_451
Source: d_452
Source: d_453
Source: d_454
Source: d_455
Source: d_456
Source: d_457
Source: d_458
Source: d_459
Source: d_460
Scan 22 started at 16DEC07:12:52:52.0
Source: 2245-328
Scan 23 started at 16DEC07:12:55:32.0
Source: d_461
Source: d_462
Source: d_463
RPFITS file version is 2.12
---------------------------------------
Total number of spectra selected: 72660

Summary of spectra flagged
Flagging Reason            Fraction
---------------            --------
Antenna off-source/off-line  3.17%
---------------------------------------
Processing file raw/2016-12-07_1256.C3132
CABB data detected
Scan 1 started at 16DEC07:12:56:52.0
Source: d_463
 12:57:08 CAOBS> stop
 12:57:21 CAOBS> set file c3132_cal.sch
 12:57:33 CAOBS> track 1
 12:58:44 CAOBS> stop
 12:59:44 CAOBS> corr close file
RPFITS file version is 2.12
---------------------------------------
Total number of spectra selected: 540

Summary of spectra flagged
Flagging Reason            Fraction
---------------            --------
Antenna off-source/off-line  77.8%
---------------------------------------

No CACAL data was detected

2018-08-03 09:17:22,869 [MainThread  ] [INFO ]  uvsplit vis=data9.uv options=mosaic

uvsplit: Revision 1.18, 2016/05/09 03:06:18 UTC

Creating 1934-638.9500
Creating 2245-328.9500
Creating d.9500

2018-08-03 09:17:32,443 [MainThread  ] [INFO ]  pgflag vis=1934-638.9500 command='<b' stokes=i,q,u,v flagpar=8,5,5,3,6,3 options=nodisp

pgflag: Revision 1.30, 2016/10/05 23:06:50 UTC

Applying changes to dataset
Counts of correlations within selected channels:
 channel  Originally  Currently
 Good:       7808580    7672096    Changed to bad:     136484
 Bad:         920160    1056644    Changed to good:         0
 12.1% of the data is now flagged

2018-08-03 09:17:46,689 [MainThread  ] [INFO ]  pgflag vis=1934-638.9500 command='<b' stokes=i,v,q,u flagpar=8,2,2,3,6,3  options=nodisp

pgflag: Revision 1.30, 2016/10/05 23:06:50 UTC

Applying changes to dataset
Counts of correlations within selected channels:
 channel  Originally  Currently
 Good:       7672096    7593652    Changed to bad:      78444
 Bad:        1056644    1135088    Changed to good:         0
 13.0% of the data is now flagged

2018-08-03 09:18:01,189 [MainThread  ] [INFO ]  pgflag vis=1934-638.9500 command='<b' stokes=i,v,u,q flagpar=8,2,2,3,6,3  options=nodisp

pgflag: Revision 1.30, 2016/10/05 23:06:50 UTC

Applying changes to dataset
Counts of correlations within selected channels:
 channel  Originally  Currently
 Good:       7593652    7505460    Changed to bad:      88192
 Bad:        1135088    1223280    Changed to good:         0
 14.0% of the data is now flagged

2018-08-03 09:18:44,177 [MainThread  ] [INFO ]  mfcal vis=1934-638.9500 refant=4 interval=0.1
MfCal: $Revision: 1.20 $, $Date: 2017/05/08 02:31:10 $
Selecting parallel-hand polarisations
Reading the data ...
Number correlations accepted: 3752730
Number of frequency bands/settings: 1
Number of polarisations selected: 2
Number of solution intervals: 71
Number of passband solution intervals: 1
Initialising ...
Using post-Aug94 ATCA flux scale for 1934-638.
Using known frequency variation of 1934-638
Generating initial solution estimate ...
Doing solution refinement ...
Iter= 1, Solution Error:  0.428
Iter= 2, Solution Error:  0.012
Iter= 3, Solution Error:  0.000
Saving solution ...

2018-08-03 09:18:44,728 [MainThread  ] [INFO ]  gpcal vis=1934-638.9500 refant=4 interval=0.1 nfbin=2 options=xyvary

gpcal: Revision 1.22, 2016/05/01 22:31:05 UTC

Applying bandpass corrections to 1934-638.9500
Number of antennae: 6
Reading the data ...
Number of solution intervals: 71
Total visibilities read: 1065
Number visibilities accepted: 1065
Using post-Aug94 ATCA flux scale for 1934-638.
Using IQUV =  2.5351,  0.0000,  0.0000,  0.0000 at   9.4694 GHz.
Using post-Aug94 ATCA flux scale for 1934-638.
Using IQUV =  2.6903,  0.0000,  0.0000,  0.0000 at   9.0278 GHz.
Using post-Aug94 ATCA flux scale for 1934-638.
Using IQUV =  2.3850,  0.0000,  0.0000,  0.0000 at   9.9475 GHz.
Iter= 1, Amplit/Phase Solution Error:   0.830
Iter= 1, Polarisation Solution Error:   0.031
Iter= 1, Overall Solution Error:        2.105
Iter= 2, Amplit/Phase Solution Error:   0.002
Iter= 2, Polarisation Solution Error:   0.000
Iter= 2, Overall Solution Error:        0.003
Iter= 3, Amplit/Phase Solution Error:   0.001
Iter= 3, Polarisation Solution Error:   0.000
Iter= 3, Overall Solution Error:        0.001
I flux density:   2.5351
Leakage terms:
 Ant 1:Dx,Dy = ( 0.00119,-0.00072),(-0.00008,-0.00079)
 Ant 2:Dx,Dy = ( 0.00387, 0.00117),(-0.00403, 0.00269)
 Ant 3:Dx,Dy = ( 0.00702,-0.00479),(-0.00943,-0.00488)
 Ant 4:Dx,Dy = ( 0.00309, 0.01512),(-0.00185, 0.01566)
 Ant 5:Dx,Dy = (-0.01694, 0.00299),( 0.01753, 0.00286)
 Ant 6:Dx,Dy = ( 0.00325,-0.01628),(-0.00065,-0.01303)
Solution for freq bin  1
Iter= 1, Amplit/Phase Solution Error:   0.811
Iter= 1, Polarisation Solution Error:   0.031
Iter= 1, Overall Solution Error:        2.104
Iter= 2, Amplit/Phase Solution Error:   0.002
Iter= 2, Polarisation Solution Error:   0.000
Iter= 2, Overall Solution Error:        0.003
Iter= 3, Amplit/Phase Solution Error:   0.001
Iter= 3, Polarisation Solution Error:   0.000
Iter= 3, Overall Solution Error:        0.001
I flux density:   2.6903
Leakage terms:
 Ant 1:Dx,Dy = ( 0.00088,-0.00065),(-0.00049,-0.00051)
 Ant 2:Dx,Dy = ( 0.00436, 0.00161),(-0.00465, 0.00388)
 Ant 3:Dx,Dy = ( 0.00634,-0.00540),(-0.00998,-0.00510)
 Ant 4:Dx,Dy = ( 0.00285, 0.01518),(-0.00221, 0.01599)
 Ant 5:Dx,Dy = (-0.01701, 0.00186),( 0.01730, 0.00234)
 Ant 6:Dx,Dy = ( 0.00305,-0.01588),( 0.00049,-0.01332)
Solution for freq bin  2
Iter= 1, Amplit/Phase Solution Error:   0.855
Iter= 1, Polarisation Solution Error:   0.032
Iter= 1, Overall Solution Error:        2.107
Iter= 2, Amplit/Phase Solution Error:   0.002
Iter= 2, Polarisation Solution Error:   0.000
Iter= 2, Overall Solution Error:        0.003
Iter= 3, Amplit/Phase Solution Error:   0.001
Iter= 3, Polarisation Solution Error:   0.000
Iter= 3, Overall Solution Error:        0.001
I flux density:   2.3850
Leakage terms:
 Ant 1:Dx,Dy = ( 0.00155,-0.00079),( 0.00041,-0.00110)
 Ant 2:Dx,Dy = ( 0.00329, 0.00066),(-0.00329, 0.00131)
 Ant 3:Dx,Dy = ( 0.00781,-0.00407),(-0.00880,-0.00463)
 Ant 4:Dx,Dy = ( 0.00336, 0.01505),(-0.00145, 0.01527)
 Ant 5:Dx,Dy = (-0.01686, 0.00427),( 0.01778, 0.00345)
 Ant 6:Dx,Dy = ( 0.00350,-0.01673),(-0.00200,-0.01269)

2018-08-03 09:18:58,317 [MainThread  ] [INFO ]  pgflag vis=1934-638.9500 command='<b' stokes=i,q,u,v flagpar=8,5,5,3,6,3 options=nodisp

pgflag: Revision 1.30, 2016/10/05 23:06:50 UTC

Applying bandpass corrections to 1934-638.9500
Applying freq. dependent gain corrections to 1934-638.9500
Applying freq. dependent leakage correction to 1934-638.9500
Applying changes to dataset
Counts of correlations within selected channels:
 channel  Originally  Currently
 Good:       7505460    7480864    Changed to bad:      24596
 Bad:        1223280    1247876    Changed to good:         0
 14.3% of the data is now flagged

2018-08-03 09:19:09,900 [MainThread  ] [INFO ]  pgflag vis=1934-638.9500 command='<b' stokes=i,v,q,u flagpar=8,2,2,3,6,3  options=nodisp

pgflag: Revision 1.30, 2016/10/05 23:06:50 UTC

Applying bandpass corrections to 1934-638.9500
Applying freq. dependent gain corrections to 1934-638.9500
Applying freq. dependent leakage correction to 1934-638.9500
Applying changes to dataset
Counts of correlations within selected channels:
 channel  Originally  Currently
 Good:       7480864    7453136    Changed to bad:      27728
 Bad:        1247876    1275604    Changed to good:         0
 14.6% of the data is now flagged

2018-08-03 09:19:22,239 [MainThread  ] [INFO ]  pgflag vis=1934-638.9500 command='<b' stokes=i,v,u,q flagpar=8,2,2,3,6,3  options=nodisp

pgflag: Revision 1.30, 2016/10/05 23:06:50 UTC

Applying bandpass corrections to 1934-638.9500
Applying freq. dependent gain corrections to 1934-638.9500
Applying freq. dependent leakage correction to 1934-638.9500
Applying changes to dataset
Counts of correlations within selected channels:
 channel  Originally  Currently
 Good:       7453136    7431648    Changed to bad:      21488
 Bad:        1275604    1297092    Changed to good:         0
 14.9% of the data is now flagged

2018-08-03 09:20:06,900 [MainThread  ] [INFO ]  mfcal vis=1934-638.9500 refant=4 interval=0.1
MfCal: $Revision: 1.20 $, $Date: 2017/05/08 02:31:10 $
Selecting parallel-hand polarisations
Reading the data ...
Number correlations accepted: 3715824
Number of frequency bands/settings: 1
Number of polarisations selected: 2
Number of solution intervals: 71
Number of passband solution intervals: 1
Initialising ...
Using post-Aug94 ATCA flux scale for 1934-638.
Using known frequency variation of 1934-638
Generating initial solution estimate ...
Doing solution refinement ...
Iter= 1, Solution Error:  0.432
Iter= 2, Solution Error:  0.012
Iter= 3, Solution Error:  0.000
Saving solution ...

2018-08-03 09:20:07,485 [MainThread  ] [INFO ]  gpcal vis=1934-638.9500 refant=4 interval=0.1 nfbin=2 options=xyvary

gpcal: Revision 1.22, 2016/05/01 22:31:05 UTC

Applying bandpass corrections to 1934-638.9500
Number of antennae: 6
Using leakage parameters from input as initial guess
Reading the data ...
Number of solution intervals: 71
Total visibilities read: 1065
Number visibilities accepted: 1065
Using post-Aug94 ATCA flux scale for 1934-638.
Using IQUV =  2.5353,  0.0000,  0.0000,  0.0000 at   9.4689 GHz.
Using post-Aug94 ATCA flux scale for 1934-638.
Using IQUV =  2.6900,  0.0000,  0.0000,  0.0000 at   9.0285 GHz.
Using post-Aug94 ATCA flux scale for 1934-638.
Using IQUV =  2.3860,  0.0000,  0.0000,  0.0000 at   9.9445 GHz.
Iter= 1, Amplit/Phase Solution Error:   0.830
Iter= 1, Polarisation Solution Error:   0.000
Iter= 1, Overall Solution Error:        2.106
Iter= 2, Amplit/Phase Solution Error:   0.002
Iter= 2, Polarisation Solution Error:   0.000
Iter= 2, Overall Solution Error:        0.003
Iter= 3, Amplit/Phase Solution Error:   0.001
Iter= 3, Polarisation Solution Error:   0.000
Iter= 3, Overall Solution Error:        0.001
I flux density:   2.5353
Leakage terms:
 Ant 1:Dx,Dy = ( 0.00120,-0.00074),(-0.00007,-0.00081)
 Ant 2:Dx,Dy = ( 0.00387, 0.00117),(-0.00403, 0.00269)
 Ant 3:Dx,Dy = ( 0.00703,-0.00479),(-0.00943,-0.00489)
 Ant 4:Dx,Dy = ( 0.00309, 0.01510),(-0.00187, 0.01565)
 Ant 5:Dx,Dy = (-0.01689, 0.00306),( 0.01760, 0.00293)
 Ant 6:Dx,Dy = ( 0.00325,-0.01632),(-0.00063,-0.01304)
Solution for freq bin  1
Iter= 1, Amplit/Phase Solution Error:   0.811
Iter= 1, Polarisation Solution Error:   0.001
Iter= 1, Overall Solution Error:        2.105
Iter= 2, Amplit/Phase Solution Error:   0.002
Iter= 2, Polarisation Solution Error:   0.000
Iter= 2, Overall Solution Error:        0.003
Iter= 3, Amplit/Phase Solution Error:   0.001
Iter= 3, Polarisation Solution Error:   0.000
Iter= 3, Overall Solution Error:        0.001
I flux density:   2.6900
Leakage terms:
 Ant 1:Dx,Dy = ( 0.00089,-0.00067),(-0.00047,-0.00055)
 Ant 2:Dx,Dy = ( 0.00437, 0.00159),(-0.00465, 0.00387)
 Ant 3:Dx,Dy = ( 0.00633,-0.00541),(-0.00999,-0.00512)
 Ant 4:Dx,Dy = ( 0.00286, 0.01514),(-0.00225, 0.01596)
 Ant 5:Dx,Dy = (-0.01693, 0.00199),( 0.01742, 0.00247)
 Ant 6:Dx,Dy = ( 0.00306,-0.01594),( 0.00053,-0.01333)
Solution for freq bin  2
Iter= 1, Amplit/Phase Solution Error:   0.855
Iter= 1, Polarisation Solution Error:   0.002
Iter= 1, Overall Solution Error:        2.108
Iter= 2, Amplit/Phase Solution Error:   0.002
Iter= 2, Polarisation Solution Error:   0.000
Iter= 2, Overall Solution Error:        0.003
Iter= 3, Amplit/Phase Solution Error:   0.001
Iter= 3, Polarisation Solution Error:   0.000
Iter= 3, Overall Solution Error:        0.001
I flux density:   2.3860
Leakage terms:
 Ant 1:Dx,Dy = ( 0.00156,-0.00080),( 0.00040,-0.00111)
 Ant 2:Dx,Dy = ( 0.00330, 0.00068),(-0.00329, 0.00133)
 Ant 3:Dx,Dy = ( 0.00783,-0.00408),(-0.00878,-0.00463)
 Ant 4:Dx,Dy = ( 0.00336, 0.01505),(-0.00144, 0.01529)
 Ant 5:Dx,Dy = (-0.01685, 0.00428),( 0.01780, 0.00345)
 Ant 6:Dx,Dy = ( 0.00350,-0.01676),(-0.00199,-0.01271)

2018-08-03 09:20:07,544 [MainThread  ] [INFO ]  gpcopy vis=1934-638.9500 out=2245-328.9500

gpcopy: Revision 1.13, 2015/10/29 01:31:39 UTC

Copying leakage table
Copying gain table
Interpolation tolerance set to (minutes): 720.00
Copying bandpass table

2018-08-03 09:22:30,057 [MainThread  ] [INFO ]  pgflag vis=2245-328.9500 command='<b' stokes=i,q,u,v flagpar=8,5,5,3,6,3 options=nodisp

pgflag: Revision 1.30, 2016/10/05 23:06:50 UTC

Applying bandpass corrections to 2245-328.9500
Applying freq. dependent gain corrections to 2245-328.9500
Applying freq. dependent leakage correction to 2245-328.9500
Applying changes to dataset
Counts of correlations within selected channels:
 channel  Originally  Currently
 Good:      67784340   66559372    Changed to bad:    1224968
 Bad:        7987680    9212648    Changed to good:         0
 12.2% of the data is now flagged

2018-08-03 09:24:45,866 [MainThread  ] [INFO ]  pgflag vis=2245-328.9500 command='<b' stokes=i,v,q,u flagpar=8,2,2,3,6,3  options=nodisp

pgflag: Revision 1.30, 2016/10/05 23:06:50 UTC

Applying bandpass corrections to 2245-328.9500
Applying freq. dependent gain corrections to 2245-328.9500
Applying freq. dependent leakage correction to 2245-328.9500
Applying changes to dataset
Counts of correlations within selected channels:
 channel  Originally  Currently
 Good:      66559372   65286504    Changed to bad:    1272868
 Bad:        9212648   10485516    Changed to good:         0
 13.8% of the data is now flagged

2018-08-03 09:27:08,225 [MainThread  ] [INFO ]  pgflag vis=2245-328.9500 command='<b' stokes=i,v,u,q flagpar=8,2,2,3,6,3  options=nodisp

pgflag: Revision 1.30, 2016/10/05 23:06:50 UTC

Applying bandpass corrections to 2245-328.9500
Applying freq. dependent gain corrections to 2245-328.9500
Applying freq. dependent leakage correction to 2245-328.9500
Applying changes to dataset
Counts of correlations within selected channels:
 channel  Originally  Currently
 Good:      65286504   64703044    Changed to bad:     583460
 Bad:       10485516   11068976    Changed to good:         0
 14.6% of the data is now flagged

2018-08-03 09:27:12,291 [MainThread  ] [INFO ]  gpcal vis=2245-328.9500 refant=4 interval=0.1 nfbin=2 options=xyvary,qusolve

gpcal: Revision 1.22, 2016/05/01 22:31:05 UTC

Applying bandpass corrections to 2245-328.9500
Number of antennae: 6
Using leakage parameters from input as initial guess
Reading the data ...
Number of solution intervals: 609
Total visibilities read: 9245
Number visibilities accepted: 9052
Iter= 1, Amplit/Phase Solution Error:   1.378
Iter= 1, Polarisation Solution Error:   0.007
Iter= 1, Overall Solution Error:        3.149
Iter= 2, Amplit/Phase Solution Error:   0.009
Iter= 2, Polarisation Solution Error:   0.000
Iter= 2, Overall Solution Error:        0.008
Iter= 3, Amplit/Phase Solution Error:   0.001
Iter= 3, Polarisation Solution Error:   0.000
Iter= 3, Overall Solution Error:        0.002
Iter= 4, Amplit/Phase Solution Error:   0.000
Iter= 4, Polarisation Solution Error:   0.000
Iter= 4, Overall Solution Error:        0.000
I flux density:   0.7414
Percent Q:  -0.318
Percent U:  -0.694
Leakage terms:
 Ant 1:Dx,Dy = ( 0.00079,-0.00119),( 0.00032, 0.00050)
 Ant 2:Dx,Dy = ( 0.00377, 0.00035),(-0.00399, 0.00359)
 Ant 3:Dx,Dy = ( 0.00726,-0.00542),(-0.00967,-0.00403)
 Ant 4:Dx,Dy = ( 0.00250, 0.01463),(-0.00169, 0.01638)
 Ant 5:Dx,Dy = (-0.01689, 0.00220),( 0.01716, 0.00352)
 Ant 6:Dx,Dy = ( 0.00335,-0.01747),(-0.00135,-0.01308)
Solution for freq bin  1
Iter= 1, Amplit/Phase Solution Error:   1.348
Iter= 1, Polarisation Solution Error:   0.007
Iter= 1, Overall Solution Error:        3.148
Iter= 2, Amplit/Phase Solution Error:   0.008
Iter= 2, Polarisation Solution Error:   0.000
Iter= 2, Overall Solution Error:        0.009
Iter= 3, Amplit/Phase Solution Error:   0.001
Iter= 3, Polarisation Solution Error:   0.000
Iter= 3, Overall Solution Error:        0.001
Iter= 4, Amplit/Phase Solution Error:   0.000
Iter= 4, Polarisation Solution Error:   0.000
Iter= 4, Overall Solution Error:        0.000
I flux density:   0.7334
Percent Q:  -0.304
Percent U:  -0.661
Leakage terms:
 Ant 1:Dx,Dy = ( 0.00057,-0.00109),(-0.00021, 0.00063)
 Ant 2:Dx,Dy = ( 0.00418, 0.00081),(-0.00475, 0.00482)
 Ant 3:Dx,Dy = ( 0.00653,-0.00618),(-0.01007,-0.00434)
 Ant 4:Dx,Dy = ( 0.00210, 0.01471),(-0.00213, 0.01663)
 Ant 5:Dx,Dy = (-0.01711, 0.00099),( 0.01677, 0.00294)
 Ant 6:Dx,Dy = ( 0.00305,-0.01661),(-0.00029,-0.01331)
Solution for freq bin  2
Iter= 1, Amplit/Phase Solution Error:   1.405
Iter= 1, Polarisation Solution Error:   0.007
Iter= 1, Overall Solution Error:        3.067
Iter= 2, Amplit/Phase Solution Error:   0.009
Iter= 2, Polarisation Solution Error:   0.000
Iter= 2, Overall Solution Error:        0.009
Iter= 3, Amplit/Phase Solution Error:   0.001
Iter= 3, Polarisation Solution Error:   0.000
Iter= 3, Overall Solution Error:        0.001
Iter= 4, Amplit/Phase Solution Error:   0.000
Iter= 4, Polarisation Solution Error:   0.000
Iter= 4, Overall Solution Error:        0.000
I flux density:   0.7558
Percent Q:  -0.334
Percent U:  -0.726
Leakage terms:
 Ant 1:Dx,Dy = ( 0.00101,-0.00131),( 0.00079, 0.00027)
 Ant 2:Dx,Dy = ( 0.00329,-0.00002),(-0.00341, 0.00233)
 Ant 3:Dx,Dy = ( 0.00795,-0.00469),(-0.00926,-0.00371)
 Ant 4:Dx,Dy = ( 0.00288, 0.01460),(-0.00119, 0.01620)
 Ant 5:Dx,Dy = (-0.01680, 0.00337),( 0.01747, 0.00414)
 Ant 6:Dx,Dy = ( 0.00373,-0.01821),(-0.00234,-0.01295)

2018-08-03 09:29:35,611 [MainThread  ] [INFO ]  pgflag vis=2245-328.9500 command='<b' stokes=i,q,u,v flagpar=8,5,5,3,6,3 options=nodisp

pgflag: Revision 1.30, 2016/10/05 23:06:50 UTC

Applying bandpass corrections to 2245-328.9500
Applying freq. dependent gain corrections to 2245-328.9500
Applying freq. dependent leakage correction to 2245-328.9500
Applying changes to dataset
Counts of correlations within selected channels:
 channel  Originally  Currently
 Good:      64703044   64079444    Changed to bad:     623600
 Bad:       11068976   11692576    Changed to good:         0
 15.4% of the data is now flagged

2018-08-03 09:31:49,390 [MainThread  ] [INFO ]  pgflag vis=2245-328.9500 command='<b' stokes=i,v,q,u flagpar=8,2,2,3,6,3  options=nodisp

pgflag: Revision 1.30, 2016/10/05 23:06:50 UTC

Applying bandpass corrections to 2245-328.9500
Applying freq. dependent gain corrections to 2245-328.9500
Applying freq. dependent leakage correction to 2245-328.9500
Applying changes to dataset
Counts of correlations within selected channels:
 channel  Originally  Currently
 Good:      64079444   63655580    Changed to bad:     423864
 Bad:       11692576   12116440    Changed to good:         0
 16.0% of the data is now flagged

2018-08-03 09:34:00,879 [MainThread  ] [INFO ]  pgflag vis=2245-328.9500 command='<b' stokes=i,v,u,q flagpar=8,2,2,3,6,3  options=nodisp

pgflag: Revision 1.30, 2016/10/05 23:06:50 UTC

Applying bandpass corrections to 2245-328.9500
Applying freq. dependent gain corrections to 2245-328.9500
Applying freq. dependent leakage correction to 2245-328.9500
Applying changes to dataset
Counts of correlations within selected channels:
 channel  Originally  Currently
 Good:      63655580   63318032    Changed to bad:     337548
 Bad:       12116440   12453988    Changed to good:         0
 16.4% of the data is now flagged

2018-08-03 09:34:04,823 [MainThread  ] [INFO ]  gpcal vis=2245-328.9500 refant=4 interval=0.1 nfbin=2 options=xyvary,qusolve

gpcal: Revision 1.22, 2016/05/01 22:31:05 UTC

Applying bandpass corrections to 2245-328.9500
Number of antennae: 6
Using leakage parameters from input as initial guess
Reading the data ...
Number of solution intervals: 608
Total visibilities read: 9245
Number visibilities accepted: 8985
Iter= 1, Amplit/Phase Solution Error:   1.379
Iter= 1, Polarisation Solution Error:   0.007
Iter= 1, Overall Solution Error:        3.145
Iter= 2, Amplit/Phase Solution Error:   0.009
Iter= 2, Polarisation Solution Error:   0.000
Iter= 2, Overall Solution Error:        0.011
Iter= 3, Amplit/Phase Solution Error:   0.001
Iter= 3, Polarisation Solution Error:   0.000
Iter= 3, Overall Solution Error:        0.002
Iter= 4, Amplit/Phase Solution Error:   0.000
Iter= 4, Polarisation Solution Error:   0.000
Iter= 4, Overall Solution Error:        0.000
I flux density:   0.7463
Percent Q:  -0.318
Percent U:  -0.693
Leakage terms:
 Ant 1:Dx,Dy = ( 0.00079,-0.00120),( 0.00034, 0.00049)
 Ant 2:Dx,Dy = ( 0.00376, 0.00034),(-0.00398, 0.00360)
 Ant 3:Dx,Dy = ( 0.00729,-0.00541),(-0.00966,-0.00403)
 Ant 4:Dx,Dy = ( 0.00250, 0.01465),(-0.00170, 0.01637)
 Ant 5:Dx,Dy = (-0.01686, 0.00223),( 0.01717, 0.00353)
 Ant 6:Dx,Dy = ( 0.00333,-0.01749),(-0.00136,-0.01307)
Solution for freq bin  1
Iter= 1, Amplit/Phase Solution Error:   1.353
Iter= 1, Polarisation Solution Error:   0.007
Iter= 1, Overall Solution Error:        3.118
Iter= 2, Amplit/Phase Solution Error:   0.008
Iter= 2, Polarisation Solution Error:   0.000
Iter= 2, Overall Solution Error:        0.009
Iter= 3, Amplit/Phase Solution Error:   0.001
Iter= 3, Polarisation Solution Error:   0.000
Iter= 3, Overall Solution Error:        0.001
Iter= 4, Amplit/Phase Solution Error:   0.000
Iter= 4, Polarisation Solution Error:   0.000
Iter= 4, Overall Solution Error:        0.000
I flux density:   0.7381
Percent Q:  -0.302
Percent U:  -0.660
Leakage terms:
 Ant 1:Dx,Dy = ( 0.00056,-0.00110),(-0.00019, 0.00062)
 Ant 2:Dx,Dy = ( 0.00417, 0.00078),(-0.00476, 0.00482)
 Ant 3:Dx,Dy = ( 0.00654,-0.00618),(-0.01008,-0.00435)
 Ant 4:Dx,Dy = ( 0.00208, 0.01473),(-0.00216, 0.01659)
 Ant 5:Dx,Dy = (-0.01709, 0.00103),( 0.01678, 0.00297)
 Ant 6:Dx,Dy = ( 0.00303,-0.01663),(-0.00030,-0.01328)
Solution for freq bin  2
Iter= 1, Amplit/Phase Solution Error:   1.407
Iter= 1, Polarisation Solution Error:   0.007
Iter= 1, Overall Solution Error:        3.130
Iter= 2, Amplit/Phase Solution Error:   0.009
Iter= 2, Polarisation Solution Error:   0.000
Iter= 2, Overall Solution Error:        0.012
Iter= 3, Amplit/Phase Solution Error:   0.001
Iter= 3, Polarisation Solution Error:   0.000
Iter= 3, Overall Solution Error:        0.002
Iter= 4, Amplit/Phase Solution Error:   0.000
Iter= 4, Polarisation Solution Error:   0.000
Iter= 4, Overall Solution Error:        0.000
I flux density:   0.7606
Percent Q:  -0.334
Percent U:  -0.725
Leakage terms:
 Ant 1:Dx,Dy = ( 0.00101,-0.00132),( 0.00080, 0.00026)
 Ant 2:Dx,Dy = ( 0.00329,-0.00001),(-0.00340, 0.00234)
 Ant 3:Dx,Dy = ( 0.00797,-0.00469),(-0.00925,-0.00370)
 Ant 4:Dx,Dy = ( 0.00288, 0.01460),(-0.00121, 0.01620)
 Ant 5:Dx,Dy = (-0.01678, 0.00336),( 0.01747, 0.00414)
 Ant 6:Dx,Dy = ( 0.00371,-0.01823),(-0.00234,-0.01296)

2018-08-03 09:34:04,848 [MainThread  ] [INFO ]  gpboot vis=2245-328.9500 cal=1934-638.9500

gpboot: Revision 1.9, 2015/10/29 01:31:30 UTC

Secondary flux density scaled by:   0.991
Frequency bin  1 scaled by      :   0.991
Frequency bin  2 scaled by      :   0.993

2018-08-03 09:35:24,936 [MainThread  ] [INFO ]  gpcopy vis=2245-328.9500 out=d.9500

gpcopy: Revision 1.13, 2015/10/29 01:31:39 UTC

Copying leakage table
Copying gain table
Interpolation tolerance set to (minutes): 720.00
Copying bandpass table

2018-08-03 09:49:50,381 [MainThread  ] [INFO ]  pgflag vis=d.9500 command='<b' stokes=i,v,q,u flagpar=8,2,2,3,6,3  options=nodisp

pgflag: Revision 1.30, 2016/10/05 23:06:50 UTC

Applying bandpass corrections to d.9500
Applying freq. dependent gain corrections to d.9500
Applying freq. dependent leakage correction to d.9500
Applying changes to dataset
Counts of correlations within selected channels:
 channel  Originally  Currently
 Good:     433511832  418378884    Changed to bad:   15132948
 Bad:       51084864   66217812    Changed to good:         0
 13.7% of the data is now flagged

2018-08-03 10:04:46,915 [MainThread  ] [INFO ]  pgflag vis=d.9500 command='<b' stokes=i,v,u,q flagpar=8,2,2,3,6,3  options=nodisp

pgflag: Revision 1.30, 2016/10/05 23:06:50 UTC

Applying bandpass corrections to d.9500
Applying freq. dependent gain corrections to d.9500
Applying freq. dependent leakage correction to d.9500
Applying changes to dataset
Counts of correlations within selected channels:
 channel  Originally  Currently
 Good:     418378884  409108620    Changed to bad:    9270264
 Bad:       66217812   75488076    Changed to good:         0
 15.6% of the data is now flagged

2018-08-03 10:06:13,951 [MainThread  ] [INFO ]  uvsplit vis=d.9500

uvsplit: Revision 1.18, 2016/05/09 03:06:18 UTC

Creating d_381.9500
Creating d_382.9500
Creating d_383.9500
Creating d_384.9500
Creating d_385.9500
Creating d_386.9500
Creating d_387.9500
Creating d_388.9500
Creating d_389.9500
Creating d_390.9500
Creating d_391.9500
Creating d_392.9500
Creating d_393.9500
Creating d_394.9500
Creating d_395.9500
Creating d_396.9500
Creating d_397.9500
Creating d_398.9500
Creating d_399.9500
Creating d_400.9500
Creating d_401.9500
Creating d_402.9500
Creating d_403.9500
Creating d_404.9500
Creating d_405.9500
Creating d_406.9500
Creating d_407.9500
Creating d_408.9500
Creating d_409.9500
Creating d_410.9500
Creating d_411.9500
Creating d_412.9500
Creating d_413.9500
Creating d_414.9500
Creating d_415.9500
Creating d_416.9500
Creating d_417.9500
Creating d_418.9500
Creating d_419.9500
Creating d_420.9500
Creating d_421.9500
Creating d_422.9500
Creating d_423.9500
Creating d_424.9500
Creating d_425.9500
Creating d_426.9500
Creating d_427.9500
Creating d_428.9500
Creating d_429.9500
Creating d_430.9500
Creating d_431.9500
Creating d_432.9500
Creating d_433.9500
Creating d_434.9500
Creating d_435.9500
Creating d_436.9500
Creating d_437.9500
Creating d_438.9500
Creating d_439.9500
Creating d_440.9500
Creating d_441.9500
Creating d_442.9500
Creating d_443.9500
Creating d_444.9500
Creating d_445.9500
Creating d_446.9500
Creating d_447.9500
Creating d_448.9500
Creating d_449.9500
Creating d_450.9500
Creating d_451.9500
Creating d_452.9500
Creating d_453.9500
Creating d_454.9500
Creating d_455.9500
Creating d_456.9500
Creating d_457.9500
Creating d_458.9500
Creating d_459.9500
Creating d_460.9500
Creating d_461.9500
Creating d_462.9500
Creating d_463.9500
Creating d_464.9500
Creating d_465.9500
Creating d_466.9500
Creating d_467.9500
Creating d_468.9500
Creating d_469.9500
Creating d_470.9500
Creating d_471.9500
Creating d_472.9500
Creating d_473.9500
Creating d_474.9500
Creating d_475.9500
Creating d_476.9500
Creating d_477.9500
Creating d_478.9500
Creating d_479.9500
Creating d_480.9500
Creating d_481.9500
Creating d_482.9500
Creating d_483.9500
Creating d_484.9500
Creating d_485.9500
Creating d_486.9500
Creating d_487.9500
Creating d_488.9500
Creating d_489.9500
Creating d_490.9500
Creating d_491.9500
Creating d_492.9500
Creating d_493.9500
Creating d_494.9500
Creating d_495.9500
Creating d_496.9500
Creating d_497.9500
Creating d_498.9500
Creating d_499.9500
Creating d_500.9500
Creating d_501.9500
Creating d_502.9500
Creating d_503.9500
Creating d_504.9500
Creating d_505.9500
Creating d_506.9500
Creating d_507.9500
Creating d_508.9500
Creating d_509.9500
Creating d_510.9500
Creating d_511.9500
Creating d_512.9500
Creating d_513.9500
Creating d_514.9500
Creating d_515.9500
Creating d_516.9500
Creating d_517.9500
Creating d_518.9500
Creating d_519.9500
Creating d_520.9500
Creating d_521.9500
Creating d_522.9500
Creating d_523.9500
Creating d_524.9500
Creating d_525.9500
Creating d_526.9500
Creating d_527.9500
Creating d_528.9500
Creating d_529.9500
Creating d_530.9500
Creating d_531.9500
Creating d_532.9500
Creating d_533.9500
Creating d_534.9500
Creating d_535.9500
Creating d_536.9500
Creating d_537.9500
Creating d_538.9500
Creating d_539.9500
Creating d_540.9500
Creating d_361.9500
Creating d_362.9500
Creating d_363.9500
Creating d_364.9500
Creating d_365.9500
Creating d_366.9500
Creating d_367.9500
Creating d_368.9500
Creating d_369.9500
Creating d_370.9500
Creating d_371.9500
Creating d_372.9500
Creating d_373.9500
Creating d_374.9500
Creating d_375.9500
Creating d_376.9500
Creating d_377.9500
Creating d_378.9500
Creating d_379.9500
Creating d_380.9500

