2018-08-03 09:16:03,756 [MainThread  ] [INFO ]  atlod in=raw/2016-12-07_0148.C3132,raw/2016-12-07_0435.C3132,raw/2016-12-07_0722.C3132,raw/2016-12-07_1009.C3132,raw/2016-12-07_1256.C3132 out=data5.uv ifsel=1 options=birdie,rfiflag,noauto,xycorr

atlod: Revision 1.53, 2016/08/25 23:02:21 UTC

Processing file raw/2016-12-07_0148.C3132
 01:48:21 CAOBS> track 1
CABB data detected
Scan 1 started at 16DEC07:01:48:36.0
Source: 1934-638
Flagging channels in  28 frequency ranges
 01:58:05 CAOBS> stop
 01:58:21 CAOBS> set file c3132_obs_d3
 01:58:31 CAOBS> start 3/99
Scan 2 started at 16DEC07:02:00:12.0
Source: 2245-328
Scan 3 started at 16DEC07:02:02:52.0
Source: d_381
Source: d_382
Source: d_383
Source: d_384
Source: d_385
Source: d_386
Source: d_387
Source: d_388
Source: d_389
Source: d_390
Source: d_391
Source: d_392
Source: d_393
Source: d_394
Source: d_395
Source: d_396
Source: d_397
Source: d_398
Source: d_399
Source: d_400
Scan 4 started at 16DEC07:02:16:20.0
Source: 2245-328
Scan 5 started at 16DEC07:02:19:00.0
Source: d_401
Source: d_402
Source: d_403
Source: d_404
Source: d_405
Source: d_406
Source: d_407
Source: d_408
Source: d_409
Source: d_410
Source: d_411
Source: d_412
Source: d_413
Source: d_414
Source: d_415
Source: d_416
Source: d_417
Source: d_418
Source: d_419
Source: d_420
Scan 6 started at 16DEC07:02:32:28.0
Source: 2245-328
Scan 7 started at 16DEC07:02:35:08.0
Source: d_421
Source: d_422
Source: d_423
Source: d_424
Source: d_425
Source: d_426
Source: d_427
Source: d_428
Source: d_429
Source: d_430
Source: d_431
Source: d_432
Source: d_433
Source: d_434
Source: d_435
Source: d_436
Source: d_437
Source: d_438
Source: d_439
Source: d_440
Scan 8 started at 16DEC07:02:48:36.0
Source: 2245-328
Scan 9 started at 16DEC07:02:51:16.0
Source: d_441
Source: d_442
Source: d_443
Source: d_444
Source: d_445
Source: d_446
Source: d_447
Source: d_448
Source: d_449
Source: d_450
Source: d_451
Source: d_452
Source: d_453
Source: d_454
Source: d_455
Source: d_456
Source: d_457
Source: d_458
Source: d_459
Source: d_460
Scan 10 started at 16DEC07:03:04:44.0
Source: 2245-328
Scan 11 started at 16DEC07:03:07:24.0
Source: d_461
Source: d_462
Source: d_463
Source: d_464
Source: d_465
Source: d_466
Source: d_467
Source: d_468
Source: d_469
Source: d_470
Source: d_471
Source: d_472
Source: d_473
Source: d_474
Source: d_475
Source: d_476
Source: d_477
Source: d_478
Source: d_479
Source: d_480
Scan 12 started at 16DEC07:03:20:52.0
Source: 2245-328
Scan 13 started at 16DEC07:03:23:40.0
Source: d_481
Source: d_482
Source: d_483
Source: d_484
Source: d_485
Source: d_486
Source: d_487
Source: d_488
Source: d_489
Source: d_490
Source: d_491
Source: d_492
Source: d_493
Source: d_494
Source: d_495
Source: d_496
Source: d_497
Source: d_498
Source: d_499
Source: d_500
Scan 14 started at 16DEC07:03:37:08.0
Source: 2245-328
Scan 15 started at 16DEC07:03:39:48.0
Source: d_501
Source: d_502
Source: d_503
Source: d_504
Source: d_505
Source: d_506
Source: d_507
Source: d_508
Source: d_509
Source: d_510
Source: d_511
Source: d_512
Source: d_513
Source: d_514
Source: d_515
Source: d_516
Source: d_517
Source: d_518
Source: d_519
Source: d_520
Scan 16 started at 16DEC07:03:53:16.0
Source: 2245-328
Scan 17 started at 16DEC07:03:55:56.0
Source: d_521
Source: d_522
Source: d_523
Source: d_524
Source: d_525
Source: d_526
Source: d_527
Source: d_528
Source: d_529
Source: d_530
Source: d_531
Source: d_532
Source: d_533
Source: d_534
Source: d_535
Source: d_536
Source: d_537
Source: d_538
Source: d_539
Source: d_540
Scan 18 started at 16DEC07:04:09:24.0
Source: 2245-328
Scan 19 started at 16DEC07:04:12:04.0
Source: d_361
Source: d_362
Source: d_363
Source: d_364
Source: d_365
Source: d_366
Source: d_367
Source: d_368
Source: d_369
Source: d_370
Source: d_371
Source: d_372
Source: d_373
Source: d_374
Source: d_375
Source: d_376
Source: d_377
Source: d_378
Source: d_379
Source: d_380
Scan 20 started at 16DEC07:04:25:32.0
Source: 2245-328
Scan 21 started at 16DEC07:04:28:12.0
Source: d_381
Source: d_382
Source: d_383
Source: d_384
Source: d_385
Source: d_386
Source: d_387
Source: d_388
Source: d_389
Source: d_390
Source: d_391
Source: d_392
RPFITS file version is 2.12
---------------------------------------
Total number of spectra selected: 72660

Summary of spectra flagged
Flagging Reason            Fraction
---------------            --------
Antenna off-source/off-line  3.36%
---------------------------------------
Processing file raw/2016-12-07_0435.C3132
CABB data detected
Scan 1 started at 16DEC07:04:35:56.0
Source: d_392
Source: d_393
Source: d_394
Source: d_395
Source: d_396
Source: d_397
Source: d_398
Source: d_399
Source: d_400
Scan 2 started at 16DEC07:04:41:40.0
Source: 2245-328
Scan 3 started at 16DEC07:04:44:20.0
Source: d_401
Source: d_402
Source: d_403
Source: d_404
Source: d_405
Source: d_406
Source: d_407
Source: d_408
Source: d_409
Source: d_410
Source: d_411
Source: d_412
Source: d_413
Source: d_414
Source: d_415
Source: d_416
Source: d_417
Source: d_418
Source: d_419
Source: d_420
Scan 4 started at 16DEC07:04:57:56.0
Source: 2245-328
Scan 5 started at 16DEC07:05:00:44.0
Source: d_421
Source: d_422
Source: d_423
Source: d_424
Source: d_425
Source: d_426
Source: d_427
Source: d_428
Source: d_429
Source: d_430
Source: d_431
Source: d_432
Source: d_433
Source: d_434
Source: d_435
Source: d_436
Source: d_437
Source: d_438
Source: d_439
Source: d_440
Scan 6 started at 16DEC07:05:14:12.0
Source: 2245-328
Scan 7 started at 16DEC07:05:17:00.0
Source: d_441
Source: d_442
Source: d_443
Source: d_444
Source: d_445
Source: d_446
Source: d_447
Source: d_448
Source: d_449
Source: d_450
Source: d_451
Source: d_452
Source: d_453
Source: d_454
Source: d_455
Source: d_456
Source: d_457
Source: d_458
Source: d_459
Source: d_460
Scan 8 started at 16DEC07:05:30:28.0
Source: 2245-328
Scan 9 started at 16DEC07:05:33:24.0
Source: d_461
Source: d_462
Source: d_463
Source: d_464
Source: d_465
Source: d_466
Source: d_467
Source: d_468
Source: d_469
Source: d_470
Source: d_471
Source: d_472
Source: d_473
Source: d_474
Source: d_475
Source: d_476
Source: d_477
Source: d_478
Source: d_479
Source: d_480
Scan 10 started at 16DEC07:05:46:44.0
Source: 2245-328
Scan 11 started at 16DEC07:05:49:40.0
Source: d_481
Source: d_482
Source: d_483
Source: d_484
Source: d_485
Source: d_486
Source: d_487
Source: d_488
Source: d_489
Source: d_490
Source: d_491
Source: d_492
Source: d_493
Source: d_494
Source: d_495
Source: d_496
Source: d_497
Source: d_498
Source: d_499
Source: d_500
Scan 12 started at 16DEC07:06:03:16.0
Source: 2245-328
Scan 13 started at 16DEC07:06:06:04.0
Source: d_501
Source: d_502
Source: d_503
Source: d_504
Source: d_505
Source: d_506
Source: d_507
Source: d_508
Source: d_509
Source: d_510
Source: d_511
Source: d_512
Source: d_513
Source: d_514
Source: d_515
Source: d_516
Source: d_517
Source: d_518
Source: d_519
Source: d_520
Scan 14 started at 16DEC07:06:19:32.0
Source: 2245-328
Scan 15 started at 16DEC07:06:22:28.0
Source: d_521
Source: d_522
Source: d_523
Source: d_524
Source: d_525
Source: d_526
Source: d_527
Source: d_528
Source: d_529
Source: d_530
Source: d_531
Source: d_532
Source: d_533
Source: d_534
Source: d_535
Source: d_536
Source: d_537
Source: d_538
Source: d_539
Source: d_540
Scan 16 started at 16DEC07:06:35:48.0
Source: 2245-328
Scan 17 started at 16DEC07:06:38:36.0
Source: d_361
Source: d_362
Source: d_363
Source: d_364
Source: d_365
Source: d_366
Source: d_367
Source: d_368
Source: d_369
Source: d_370
Source: d_371
Source: d_372
Source: d_373
Source: d_374
Source: d_375
Source: d_376
Source: d_377
Source: d_378
Source: d_379
Source: d_380
Scan 18 started at 16DEC07:06:52:04.0
Source: 2245-328
Scan 19 started at 16DEC07:06:55:16.0
Source: d_381
Source: d_382
Source: d_383
Source: d_384
Source: d_385
Source: d_386
Source: d_387
Source: d_388
Source: d_389
Source: d_390
Source: d_391
Source: d_392
Source: d_393
Source: d_394
Source: d_395
Source: d_396
Source: d_397
Source: d_398
Source: d_399
Source: d_400
Scan 20 started at 16DEC07:07:08:28.0
Source: 2245-328
Scan 21 started at 16DEC07:07:11:40.0
Source: d_401
Source: d_402
Source: d_403
Source: d_404
Source: d_405
Source: d_406
Source: d_407
Source: d_408
Source: d_409
Source: d_410
Source: d_411
Source: d_412
Source: d_413
Source: d_414
Source: d_415
Source: d_416
Source: d_417
Source: d_418
RPFITS file version is 2.12
---------------------------------------
Total number of spectra selected: 72660

Summary of spectra flagged
Flagging Reason            Fraction
---------------            --------
Antenna off-source/off-line  4.12%
---------------------------------------
Processing file raw/2016-12-07_0722.C3132
CABB data detected
Scan 1 started at 16DEC07:07:22:44.0
Source: d_418
Source: d_419
Source: d_420
Scan 2 started at 16DEC07:07:25:08.0
Source: 2245-328
Scan 3 started at 16DEC07:07:28:20.0
Source: d_421
Source: d_422
Source: d_423
Source: d_424
Source: d_425
Source: d_426
Source: d_427
Source: d_428
Source: d_429
Source: d_430
Source: d_431
Source: d_432
Source: d_433
Source: d_434
Source: d_435
Source: d_436
Source: d_437
Source: d_438
Source: d_439
Source: d_440
Scan 4 started at 16DEC07:07:42:04.0
Source: 2245-328
Scan 5 started at 16DEC07:07:45:16.0
Source: d_441
Source: d_442
Source: d_443
Source: d_444
Source: d_445
Source: d_446
Source: d_447
Source: d_448
Source: d_449
Source: d_450
Source: d_451
Source: d_452
Source: d_453
Source: d_454
Source: d_455
Source: d_456
Source: d_457
Source: d_458
Source: d_459
Source: d_460
Scan 6 started at 16DEC07:07:59:08.0
Source: 2245-328
Scan 7 started at 16DEC07:08:02:28.0
Source: d_461
Source: d_462
Source: d_463
Source: d_464
Source: d_465
Source: d_466
Source: d_467
Source: d_468
Source: d_469
Source: d_470
Source: d_471
Source: d_472
Source: d_473
Source: d_474
Source: d_475
Source: d_476
Source: d_477
Source: d_478
Source: d_479
Source: d_480
Scan 8 started at 16DEC07:08:16:20.0
Source: 2245-328
Scan 9 started at 16DEC07:08:19:24.0
Source: d_481
Source: d_482
Source: d_483
Source: d_484
Source: d_485
Source: d_486
Source: d_487
Source: d_488
Source: d_489
Source: d_490
Source: d_491
Source: d_492
Source: d_493
Source: d_494
Source: d_495
Source: d_496
Source: d_497
Source: d_498
Source: d_499
Source: d_500
Scan 10 started at 16DEC07:08:33:08.0
Source: 2245-328
Scan 11 started at 16DEC07:08:36:04.0
Source: d_501
Source: d_502
Source: d_503
Source: d_504
Source: d_505
Source: d_506
Source: d_507
Source: d_508
Source: d_509
Source: d_510
Source: d_511
Source: d_512
Source: d_513
Source: d_514
Source: d_515
Source: d_516
Source: d_517
Source: d_518
Source: d_519
Source: d_520
Scan 12 started at 16DEC07:08:49:32.0
Source: 2245-328
Scan 13 started at 16DEC07:08:52:36.0
Source: d_521
Source: d_522
Source: d_523
Source: d_524
Source: d_525
Source: d_526
Source: d_527
Source: d_528
Source: d_529
Source: d_530
Source: d_531
Source: d_532
Source: d_533
Source: d_534
Source: d_535
Source: d_536
Source: d_537
Source: d_538
Source: d_539
Source: d_540
Scan 14 started at 16DEC07:09:05:56.0
Source: 2245-328
Scan 15 started at 16DEC07:09:08:44.0
Source: d_361
Source: d_362
Source: d_363
Source: d_364
Source: d_365
Source: d_366
Source: d_367
Source: d_368
Source: d_369
Source: d_370
Source: d_371
Source: d_372
Source: d_373
Source: d_374
Source: d_375
Source: d_376
Source: d_377
Source: d_378
Source: d_379
Source: d_380
Scan 16 started at 16DEC07:09:22:12.0
Source: 2245-328
Scan 17 started at 16DEC07:09:25:08.0
Source: d_381
Source: d_382
Source: d_383
Source: d_384
Source: d_385
Source: d_386
Source: d_387
Source: d_388
Source: d_389
Source: d_390
Source: d_391
Source: d_392
Source: d_393
Source: d_394
Source: d_395
Source: d_396
Source: d_397
Source: d_398
Source: d_399
Source: d_400
Scan 18 started at 16DEC07:09:38:28.0
Source: 2245-328
Scan 19 started at 16DEC07:09:41:24.0
Source: d_401
Source: d_402
Source: d_403
Source: d_404
Source: d_405
Source: d_406
Source: d_407
Source: d_408
Source: d_409
Source: d_410
Source: d_411
Source: d_412
Source: d_413
Source: d_414
Source: d_415
Source: d_416
Source: d_417
Source: d_418
Source: d_419
Source: d_420
Scan 20 started at 16DEC07:09:54:52.0
Source: 2245-328
Scan 21 started at 16DEC07:09:57:40.0
Source: d_421
Source: d_422
Source: d_423
Source: d_424
Source: d_425
Source: d_426
Source: d_427
Source: d_428
Source: d_429
Source: d_430
Source: d_431
Source: d_432
Source: d_433
Source: d_434
Source: d_435
Source: d_436
Source: d_437
Source: d_438
RPFITS file version is 2.12
---------------------------------------
Total number of spectra selected: 72660

Summary of spectra flagged
Flagging Reason            Fraction
---------------            --------
Antenna off-source/off-line  7.27%
---------------------------------------
Processing file raw/2016-12-07_1009.C3132
CABB data detected
Scan 1 started at 16DEC07:10:09:33.8
Source: d_439
Source: d_440
Scan 2 started at 16DEC07:10:11:08.0
Source: 2245-328
Scan 3 started at 16DEC07:10:13:56.0
Source: d_441
Source: d_442
Source: d_443
Source: d_444
Source: d_445
Source: d_446
Source: d_447
Source: d_448
Source: d_449
Source: d_450
Source: d_451
Source: d_452
Source: d_453
Source: d_454
Source: d_455
Source: d_456
Source: d_457
Source: d_458
Source: d_459
Source: d_460
Scan 4 started at 16DEC07:10:27:24.0
Source: 2245-328
Scan 5 started at 16DEC07:10:30:20.0
Source: d_461
Source: d_462
Source: d_463
Source: d_464
Source: d_465
Source: d_466
Source: d_467
Source: d_468
Source: d_469
Source: d_470
Source: d_471
Source: d_472
Source: d_473
Source: d_474
Source: d_475
Source: d_476
Source: d_477
Source: d_478
Source: d_479
Source: d_480
Scan 6 started at 16DEC07:10:43:40.0
Source: 2245-328
Scan 7 started at 16DEC07:10:46:20.0
Source: d_481
Source: d_482
Source: d_483
Source: d_484
Source: d_485
Source: d_486
Source: d_487
Source: d_488
Source: d_489
Source: d_490
Source: d_491
Source: d_492
Source: d_493
Source: d_494
Source: d_495
Source: d_496
Source: d_497
Source: d_498
Source: d_499
Source: d_500
Scan 8 started at 16DEC07:10:59:48.0
Source: 2245-328
Scan 9 started at 16DEC07:11:02:28.0
Source: d_501
Source: d_502
Source: d_503
Source: d_504
Source: d_505
Source: d_506
Source: d_507
Source: d_508
Source: d_509
Source: d_510
Source: d_511
Source: d_512
Source: d_513
Source: d_514
Source: d_515
Source: d_516
Source: d_517
Source: d_518
Source: d_519
Source: d_520
Scan 10 started at 16DEC07:11:15:56.0
Source: 2245-328
Scan 11 started at 16DEC07:11:18:44.0
Source: d_521
Source: d_522
Source: d_523
Source: d_524
Source: d_525
Source: d_526
Source: d_527
Source: d_528
Source: d_529
Source: d_530
Source: d_531
Source: d_532
Source: d_533
Source: d_534
Source: d_535
Source: d_536
Source: d_537
Source: d_538
Source: d_539
Source: d_540
Scan 12 started at 16DEC07:11:32:04.0
Source: 2245-328
Scan 13 started at 16DEC07:11:34:52.0
Source: d_361
Source: d_362
Source: d_363
Source: d_364
Source: d_365
Source: d_366
Source: d_367
Source: d_368
Source: d_369
Source: d_370
Source: d_371
Source: d_372
Source: d_373
Source: d_374
Source: d_375
Source: d_376
Source: d_377
Source: d_378
Source: d_379
Source: d_380
Scan 14 started at 16DEC07:11:48:20.0
Source: 2245-328
Scan 15 started at 16DEC07:11:51:00.0
Source: d_381
Source: d_382
Source: d_383
Source: d_384
Source: d_385
Source: d_386
Source: d_387
Source: d_388
Source: d_389
Source: d_390
Source: d_391
Source: d_392
Source: d_393
Source: d_394
Source: d_395
Source: d_396
Source: d_397
Source: d_398
Source: d_399
Source: d_400
Scan 16 started at 16DEC07:12:04:28.0
Source: 2245-328
Scan 17 started at 16DEC07:12:07:08.0
Source: d_401
Source: d_402
Source: d_403
Source: d_404
Source: d_405
Source: d_406
Source: d_407
Source: d_408
Source: d_409
Source: d_410
Source: d_411
Source: d_412
Source: d_413
Source: d_414
Source: d_415
Source: d_416
Source: d_417
Source: d_418
Source: d_419
Source: d_420
Scan 18 started at 16DEC07:12:20:36.0
Source: 2245-328
Scan 19 started at 16DEC07:12:23:16.0
Source: d_421
Source: d_422
Source: d_423
Source: d_424
Source: d_425
Source: d_426
Source: d_427
Source: d_428
Source: d_429
Source: d_430
Source: d_431
Source: d_432
Source: d_433
Source: d_434
Source: d_435
Source: d_436
Source: d_437
Source: d_438
Source: d_439
Source: d_440
Scan 20 started at 16DEC07:12:36:44.0
Source: 2245-328
Scan 21 started at 16DEC07:12:39:24.0
Source: d_441
Source: d_442
Source: d_443
Source: d_444
Source: d_445
Source: d_446
Source: d_447
Source: d_448
Source: d_449
Source: d_450
Source: d_451
Source: d_452
Source: d_453
Source: d_454
Source: d_455
Source: d_456
Source: d_457
Source: d_458
Source: d_459
Source: d_460
Scan 22 started at 16DEC07:12:52:52.0
Source: 2245-328
Scan 23 started at 16DEC07:12:55:32.0
Source: d_461
Source: d_462
Source: d_463
RPFITS file version is 2.12
---------------------------------------
Total number of spectra selected: 72660

Summary of spectra flagged
Flagging Reason            Fraction
---------------            --------
Antenna off-source/off-line  3.17%
---------------------------------------
Processing file raw/2016-12-07_1256.C3132
CABB data detected
Scan 1 started at 16DEC07:12:56:52.0
Source: d_463
 12:57:08 CAOBS> stop
 12:57:21 CAOBS> set file c3132_cal.sch
 12:57:33 CAOBS> track 1
 12:58:44 CAOBS> stop
 12:59:44 CAOBS> corr close file
RPFITS file version is 2.12
---------------------------------------
Total number of spectra selected: 540

Summary of spectra flagged
Flagging Reason            Fraction
---------------            --------
Antenna off-source/off-line  77.8%
---------------------------------------

No CACAL data was detected

2018-08-03 09:17:27,873 [MainThread  ] [INFO ]  uvsplit vis=data5.uv options=mosaic

uvsplit: Revision 1.18, 2016/05/09 03:06:18 UTC

Creating 1934-638.5500
Creating 2245-328.5500
Creating d.5500

2018-08-03 09:17:46,479 [MainThread  ] [INFO ]  pgflag vis=1934-638.5500 command='<b' stokes=i,q,u,v flagpar=8,5,5,3,6,3 options=nodisp

pgflag: Revision 1.30, 2016/10/05 23:06:50 UTC

Applying changes to dataset
Counts of correlations within selected channels:
 channel  Originally  Currently
 Good:       7795800    7752336    Changed to bad:      43464
 Bad:         932940     976404    Changed to good:         0
 11.2% of the data is now flagged

2018-08-03 09:18:01,279 [MainThread  ] [INFO ]  pgflag vis=1934-638.5500 command='<b' stokes=i,v,q,u flagpar=8,2,2,3,6,3  options=nodisp

pgflag: Revision 1.30, 2016/10/05 23:06:50 UTC

Applying changes to dataset
Counts of correlations within selected channels:
 channel  Originally  Currently
 Good:       7752336    7708092    Changed to bad:      44244
 Bad:         976404    1020648    Changed to good:         0
 11.7% of the data is now flagged

2018-08-03 09:18:11,095 [MainThread  ] [INFO ]  pgflag vis=1934-638.5500 command='<b' stokes=i,v,u,q flagpar=8,2,2,3,6,3  options=nodisp

pgflag: Revision 1.30, 2016/10/05 23:06:50 UTC

Applying changes to dataset
Counts of correlations within selected channels:
 channel  Originally  Currently
 Good:       7708092    7633744    Changed to bad:      74348
 Bad:        1020648    1094996    Changed to good:         0
 12.5% of the data is now flagged

2018-08-03 09:18:56,008 [MainThread  ] [INFO ]  mfcal vis=1934-638.5500 refant=4 interval=0.1
MfCal: $Revision: 1.20 $, $Date: 2017/05/08 02:31:10 $
Selecting parallel-hand polarisations
Reading the data ...
Number correlations accepted: 3816872
Number of frequency bands/settings: 1
Number of polarisations selected: 2
Number of solution intervals: 71
Number of passband solution intervals: 1
Initialising ...
Using post-Aug94 ATCA flux scale for 1934-638.
Using known frequency variation of 1934-638
Generating initial solution estimate ...
Doing solution refinement ...
Iter= 1, Solution Error:  0.400
Iter= 2, Solution Error:  0.011
Iter= 3, Solution Error:  0.000
Saving solution ...

2018-08-03 09:18:56,897 [MainThread  ] [INFO ]  gpcal vis=1934-638.5500 refant=4 interval=0.1 nfbin=2 options=xyvary

gpcal: Revision 1.22, 2016/05/01 22:31:05 UTC

Applying bandpass corrections to 1934-638.5500
Number of antennae: 6
Reading the data ...
Number of solution intervals: 71
Total visibilities read: 1065
Number visibilities accepted: 1065
Using post-Aug94 ATCA flux scale for 1934-638.
Using IQUV =  5.0054,  0.0000,  0.0000,  0.0000 at   5.4626 GHz.
Using post-Aug94 ATCA flux scale for 1934-638.
Using IQUV =  5.5169,  0.0000,  0.0000,  0.0000 at   5.0319 GHz.
Using post-Aug94 ATCA flux scale for 1934-638.
Using IQUV =  4.5129,  0.0000,  0.0000,  0.0000 at   5.9518 GHz.
Iter= 1, Amplit/Phase Solution Error:   0.468
Iter= 1, Polarisation Solution Error:   0.039
Iter= 1, Overall Solution Error:        1.918
Iter= 2, Amplit/Phase Solution Error:   0.002
Iter= 2, Polarisation Solution Error:   0.000
Iter= 2, Overall Solution Error:        0.003
Iter= 3, Amplit/Phase Solution Error:   0.001
Iter= 3, Polarisation Solution Error:   0.000
Iter= 3, Overall Solution Error:        0.001
I flux density:   5.0054
Leakage terms:
 Ant 1:Dx,Dy = ( 0.00141, 0.00183),(-0.00004, 0.00262)
 Ant 2:Dx,Dy = ( 0.00415, 0.00655),(-0.00404, 0.00686)
 Ant 3:Dx,Dy = ( 0.00571,-0.00403),(-0.00933,-0.00420)
 Ant 4:Dx,Dy = ( 0.00483, 0.01738),(-0.00356, 0.01830)
 Ant 5:Dx,Dy = (-0.01792,-0.00176),( 0.01699,-0.00151)
 Ant 6:Dx,Dy = ( 0.00116,-0.02156),(-0.00068,-0.02047)
Solution for freq bin  1
Iter= 1, Amplit/Phase Solution Error:   0.449
Iter= 1, Polarisation Solution Error:   0.041
Iter= 1, Overall Solution Error:        1.887
Iter= 2, Amplit/Phase Solution Error:   0.002
Iter= 2, Polarisation Solution Error:   0.000
Iter= 2, Overall Solution Error:        0.003
Iter= 3, Amplit/Phase Solution Error:   0.001
Iter= 3, Polarisation Solution Error:   0.000
Iter= 3, Overall Solution Error:        0.001
I flux density:   5.5169
Leakage terms:
 Ant 1:Dx,Dy = ( 0.00133, 0.00212),(-0.00028, 0.00291)
 Ant 2:Dx,Dy = ( 0.00469, 0.00724),(-0.00450, 0.00760)
 Ant 3:Dx,Dy = ( 0.00517,-0.00411),(-0.01012,-0.00363)
 Ant 4:Dx,Dy = ( 0.00440, 0.01807),(-0.00397, 0.01900)
 Ant 5:Dx,Dy = (-0.01849,-0.00232),( 0.01643,-0.00200)
 Ant 6:Dx,Dy = ( 0.00032,-0.02302),(-0.00015,-0.02186)
Solution for freq bin  2
Iter= 1, Amplit/Phase Solution Error:   0.493
Iter= 1, Polarisation Solution Error:   0.036
Iter= 1, Overall Solution Error:        1.947
Iter= 2, Amplit/Phase Solution Error:   0.002
Iter= 2, Polarisation Solution Error:   0.000
Iter= 2, Overall Solution Error:        0.003
Iter= 3, Amplit/Phase Solution Error:   0.001
Iter= 3, Polarisation Solution Error:   0.000
Iter= 3, Overall Solution Error:        0.001
I flux density:   4.5129
Leakage terms:
 Ant 1:Dx,Dy = ( 0.00154, 0.00146),( 0.00026, 0.00225)
 Ant 2:Dx,Dy = ( 0.00344, 0.00564),(-0.00344, 0.00590)
 Ant 3:Dx,Dy = ( 0.00642,-0.00393),(-0.00831,-0.00494)
 Ant 4:Dx,Dy = ( 0.00538, 0.01650),(-0.00303, 0.01741)
 Ant 5:Dx,Dy = (-0.01719,-0.00105),( 0.01768,-0.00088)
 Ant 6:Dx,Dy = ( 0.00222,-0.01967),(-0.00135,-0.01870)

2018-08-03 09:19:09,595 [MainThread  ] [INFO ]  pgflag vis=1934-638.5500 command='<b' stokes=i,q,u,v flagpar=8,5,5,3,6,3 options=nodisp

pgflag: Revision 1.30, 2016/10/05 23:06:50 UTC

Applying bandpass corrections to 1934-638.5500
Applying freq. dependent gain corrections to 1934-638.5500
Applying freq. dependent leakage correction to 1934-638.5500
Applying changes to dataset
Counts of correlations within selected channels:
 channel  Originally  Currently
 Good:       7633744    7620184    Changed to bad:      13560
 Bad:        1094996    1108556    Changed to good:         0
 12.7% of the data is now flagged

2018-08-03 09:19:21,066 [MainThread  ] [INFO ]  pgflag vis=1934-638.5500 command='<b' stokes=i,v,q,u flagpar=8,2,2,3,6,3  options=nodisp

pgflag: Revision 1.30, 2016/10/05 23:06:50 UTC

Applying bandpass corrections to 1934-638.5500
Applying freq. dependent gain corrections to 1934-638.5500
Applying freq. dependent leakage correction to 1934-638.5500
Applying changes to dataset
Counts of correlations within selected channels:
 channel  Originally  Currently
 Good:       7620184    7603200    Changed to bad:      16984
 Bad:        1108556    1125540    Changed to good:         0
 12.9% of the data is now flagged

2018-08-03 09:19:33,547 [MainThread  ] [INFO ]  pgflag vis=1934-638.5500 command='<b' stokes=i,v,u,q flagpar=8,2,2,3,6,3  options=nodisp

pgflag: Revision 1.30, 2016/10/05 23:06:50 UTC

Applying bandpass corrections to 1934-638.5500
Applying freq. dependent gain corrections to 1934-638.5500
Applying freq. dependent leakage correction to 1934-638.5500
Applying changes to dataset
Counts of correlations within selected channels:
 channel  Originally  Currently
 Good:       7603200    7588412    Changed to bad:      14788
 Bad:        1125540    1140328    Changed to good:         0
 13.1% of the data is now flagged

2018-08-03 09:20:15,698 [MainThread  ] [INFO ]  mfcal vis=1934-638.5500 refant=4 interval=0.1
MfCal: $Revision: 1.20 $, $Date: 2017/05/08 02:31:10 $
Selecting parallel-hand polarisations
Reading the data ...
Number correlations accepted: 3794206
Number of frequency bands/settings: 1
Number of polarisations selected: 2
Number of solution intervals: 71
Number of passband solution intervals: 1
Initialising ...
Using post-Aug94 ATCA flux scale for 1934-638.
Using known frequency variation of 1934-638
Generating initial solution estimate ...
Doing solution refinement ...
Iter= 1, Solution Error:  0.401
Iter= 2, Solution Error:  0.011
Iter= 3, Solution Error:  0.000
Saving solution ...

2018-08-03 09:20:16,247 [MainThread  ] [INFO ]  gpcal vis=1934-638.5500 refant=4 interval=0.1 nfbin=2 options=xyvary

gpcal: Revision 1.22, 2016/05/01 22:31:05 UTC

Applying bandpass corrections to 1934-638.5500
Number of antennae: 6
Using leakage parameters from input as initial guess
Reading the data ...
Number of solution intervals: 71
Total visibilities read: 1065
Number visibilities accepted: 1065
Using post-Aug94 ATCA flux scale for 1934-638.
Using IQUV =  5.0061,  0.0000,  0.0000,  0.0000 at   5.4619 GHz.
Using post-Aug94 ATCA flux scale for 1934-638.
Using IQUV =  5.5145,  0.0000,  0.0000,  0.0000 at   5.0338 GHz.
Using post-Aug94 ATCA flux scale for 1934-638.
Using IQUV =  4.5150,  0.0000,  0.0000,  0.0000 at   5.9494 GHz.
Iter= 1, Amplit/Phase Solution Error:   0.468
Iter= 1, Polarisation Solution Error:   0.000
Iter= 1, Overall Solution Error:        1.917
Iter= 2, Amplit/Phase Solution Error:   0.002
Iter= 2, Polarisation Solution Error:   0.000
Iter= 2, Overall Solution Error:        0.003
Iter= 3, Amplit/Phase Solution Error:   0.001
Iter= 3, Polarisation Solution Error:   0.000
Iter= 3, Overall Solution Error:        0.001
I flux density:   5.0061
Leakage terms:
 Ant 1:Dx,Dy = ( 0.00140, 0.00183),(-0.00005, 0.00262)
 Ant 2:Dx,Dy = ( 0.00415, 0.00656),(-0.00403, 0.00687)
 Ant 3:Dx,Dy = ( 0.00572,-0.00403),(-0.00933,-0.00420)
 Ant 4:Dx,Dy = ( 0.00483, 0.01738),(-0.00354, 0.01832)
 Ant 5:Dx,Dy = (-0.01792,-0.00177),( 0.01698,-0.00153)
 Ant 6:Dx,Dy = ( 0.00115,-0.02156),(-0.00069,-0.02048)
Solution for freq bin  1
Iter= 1, Amplit/Phase Solution Error:   0.450
Iter= 1, Polarisation Solution Error:   0.002
Iter= 1, Overall Solution Error:        1.887
Iter= 2, Amplit/Phase Solution Error:   0.002
Iter= 2, Polarisation Solution Error:   0.000
Iter= 2, Overall Solution Error:        0.003
Iter= 3, Amplit/Phase Solution Error:   0.001
Iter= 3, Polarisation Solution Error:   0.000
Iter= 3, Overall Solution Error:        0.001
I flux density:   5.5145
Leakage terms:
 Ant 1:Dx,Dy = ( 0.00132, 0.00212),(-0.00028, 0.00291)
 Ant 2:Dx,Dy = ( 0.00471, 0.00724),(-0.00448, 0.00761)
 Ant 3:Dx,Dy = ( 0.00517,-0.00410),(-0.01012,-0.00363)
 Ant 4:Dx,Dy = ( 0.00441, 0.01805),(-0.00394, 0.01900)
 Ant 5:Dx,Dy = (-0.01850,-0.00233),( 0.01641,-0.00203)
 Ant 6:Dx,Dy = ( 0.00033,-0.02301),(-0.00016,-0.02184)
Solution for freq bin  2
Iter= 1, Amplit/Phase Solution Error:   0.493
Iter= 1, Polarisation Solution Error:   0.003
Iter= 1, Overall Solution Error:        1.946
Iter= 2, Amplit/Phase Solution Error:   0.002
Iter= 2, Polarisation Solution Error:   0.000
Iter= 2, Overall Solution Error:        0.003
Iter= 3, Amplit/Phase Solution Error:   0.001
Iter= 3, Polarisation Solution Error:   0.000
Iter= 3, Overall Solution Error:        0.001
I flux density:   4.5150
Leakage terms:
 Ant 1:Dx,Dy = ( 0.00151, 0.00146),( 0.00024, 0.00224)
 Ant 2:Dx,Dy = ( 0.00345, 0.00567),(-0.00344, 0.00591)
 Ant 3:Dx,Dy = ( 0.00643,-0.00393),(-0.00832,-0.00493)
 Ant 4:Dx,Dy = ( 0.00538, 0.01651),(-0.00302, 0.01743)
 Ant 5:Dx,Dy = (-0.01720,-0.00105),( 0.01768,-0.00089)
 Ant 6:Dx,Dy = ( 0.00219,-0.01969),(-0.00137,-0.01873)

2018-08-03 09:20:16,314 [MainThread  ] [INFO ]  gpcopy vis=1934-638.5500 out=2245-328.5500

gpcopy: Revision 1.13, 2015/10/29 01:31:39 UTC

Copying leakage table
Copying gain table
Interpolation tolerance set to (minutes): 720.00
Copying bandpass table

2018-08-03 09:22:33,610 [MainThread  ] [INFO ]  pgflag vis=2245-328.5500 command='<b' stokes=i,q,u,v flagpar=8,5,5,3,6,3 options=nodisp

pgflag: Revision 1.30, 2016/10/05 23:06:50 UTC

Applying bandpass corrections to 2245-328.5500
Applying freq. dependent gain corrections to 2245-328.5500
Applying freq. dependent leakage correction to 2245-328.5500
Applying changes to dataset
Counts of correlations within selected channels:
 channel  Originally  Currently
 Good:      67673400   67308172    Changed to bad:     365228
 Bad:        8098620    8463848    Changed to good:         0
 11.2% of the data is now flagged

2018-08-03 09:24:49,013 [MainThread  ] [INFO ]  pgflag vis=2245-328.5500 command='<b' stokes=i,v,q,u flagpar=8,2,2,3,6,3  options=nodisp

pgflag: Revision 1.30, 2016/10/05 23:06:50 UTC

Applying bandpass corrections to 2245-328.5500
Applying freq. dependent gain corrections to 2245-328.5500
Applying freq. dependent leakage correction to 2245-328.5500
Applying changes to dataset
Counts of correlations within selected channels:
 channel  Originally  Currently
 Good:      67308172   67036012    Changed to bad:     272160
 Bad:        8463848    8736008    Changed to good:         0
 11.5% of the data is now flagged

2018-08-03 09:27:03,593 [MainThread  ] [INFO ]  pgflag vis=2245-328.5500 command='<b' stokes=i,v,u,q flagpar=8,2,2,3,6,3  options=nodisp

pgflag: Revision 1.30, 2016/10/05 23:06:50 UTC

Applying bandpass corrections to 2245-328.5500
Applying freq. dependent gain corrections to 2245-328.5500
Applying freq. dependent leakage correction to 2245-328.5500
Applying changes to dataset
Counts of correlations within selected channels:
 channel  Originally  Currently
 Good:      67036012   66745152    Changed to bad:     290860
 Bad:        8736008    9026868    Changed to good:         0
 11.9% of the data is now flagged

2018-08-03 09:27:07,628 [MainThread  ] [INFO ]  gpcal vis=2245-328.5500 refant=4 interval=0.1 nfbin=2 options=xyvary,qusolve

gpcal: Revision 1.22, 2016/05/01 22:31:05 UTC

Applying bandpass corrections to 2245-328.5500
Number of antennae: 6
Using leakage parameters from input as initial guess
Reading the data ...
Number of solution intervals: 615
Total visibilities read: 9245
Number visibilities accepted: 9225
Iter= 1, Amplit/Phase Solution Error:   0.837
Iter= 1, Polarisation Solution Error:   0.006
Iter= 1, Overall Solution Error:        2.258
Iter= 2, Amplit/Phase Solution Error:   0.006
Iter= 2, Polarisation Solution Error:   0.000
Iter= 2, Overall Solution Error:        0.005
Iter= 3, Amplit/Phase Solution Error:   0.001
Iter= 3, Polarisation Solution Error:   0.000
Iter= 3, Overall Solution Error:        0.001
I flux density:   0.6013
Percent Q:  -0.562
Percent U:  -0.019
Leakage terms:
 Ant 1:Dx,Dy = ( 0.00115, 0.00183),( 0.00040, 0.00308)
 Ant 2:Dx,Dy = ( 0.00394, 0.00608),(-0.00380, 0.00702)
 Ant 3:Dx,Dy = ( 0.00588,-0.00399),(-0.00934,-0.00408)
 Ant 4:Dx,Dy = ( 0.00479, 0.01725),(-0.00341, 0.01848)
 Ant 5:Dx,Dy = (-0.01768,-0.00204),( 0.01695,-0.00144)
 Ant 6:Dx,Dy = ( 0.00167,-0.02177),(-0.00104,-0.02043)
Solution for freq bin  1
Iter= 1, Amplit/Phase Solution Error:   0.760
Iter= 1, Polarisation Solution Error:   0.005
Iter= 1, Overall Solution Error:        2.166
Iter= 2, Amplit/Phase Solution Error:   0.006
Iter= 2, Polarisation Solution Error:   0.000
Iter= 2, Overall Solution Error:        0.006
Iter= 3, Amplit/Phase Solution Error:   0.001
Iter= 3, Polarisation Solution Error:   0.000
Iter= 3, Overall Solution Error:        0.001
I flux density:   0.5854
Percent Q:  -0.547
Percent U:   0.159
Leakage terms:
 Ant 1:Dx,Dy = ( 0.00110, 0.00211),( 0.00016, 0.00322)
 Ant 2:Dx,Dy = ( 0.00451, 0.00705),(-0.00439, 0.00782)
 Ant 3:Dx,Dy = ( 0.00532,-0.00398),(-0.01041,-0.00340)
 Ant 4:Dx,Dy = ( 0.00422, 0.01811),(-0.00360, 0.01911)
 Ant 5:Dx,Dy = (-0.01834,-0.00265),( 0.01631,-0.00212)
 Ant 6:Dx,Dy = ( 0.00071,-0.02332),(-0.00056,-0.02194)
Solution for freq bin  2
Iter= 1, Amplit/Phase Solution Error:   0.905
Iter= 1, Polarisation Solution Error:   0.006
Iter= 1, Overall Solution Error:        2.257
Iter= 2, Amplit/Phase Solution Error:   0.006
Iter= 2, Polarisation Solution Error:   0.000
Iter= 2, Overall Solution Error:        0.006
Iter= 3, Amplit/Phase Solution Error:   0.001
Iter= 3, Polarisation Solution Error:   0.000
Iter= 3, Overall Solution Error:        0.001
I flux density:   0.6225
Percent Q:  -0.577
Percent U:  -0.187
Leakage terms:
 Ant 1:Dx,Dy = ( 0.00118, 0.00153),( 0.00056, 0.00289)
 Ant 2:Dx,Dy = ( 0.00330, 0.00524),(-0.00340, 0.00619)
 Ant 3:Dx,Dy = ( 0.00641,-0.00403),(-0.00833,-0.00471)
 Ant 4:Dx,Dy = ( 0.00542, 0.01648),(-0.00312, 0.01787)
 Ant 5:Dx,Dy = (-0.01713,-0.00144),( 0.01748,-0.00075)
 Ant 6:Dx,Dy = ( 0.00238,-0.02019),(-0.00162,-0.01907)

2018-08-03 09:29:28,151 [MainThread  ] [INFO ]  pgflag vis=2245-328.5500 command='<b' stokes=i,q,u,v flagpar=8,5,5,3,6,3 options=nodisp

pgflag: Revision 1.30, 2016/10/05 23:06:50 UTC

Applying bandpass corrections to 2245-328.5500
Applying freq. dependent gain corrections to 2245-328.5500
Applying freq. dependent leakage correction to 2245-328.5500
Applying changes to dataset
Counts of correlations within selected channels:
 channel  Originally  Currently
 Good:      66745152   66504720    Changed to bad:     240432
 Bad:        9026868    9267300    Changed to good:         0
 12.2% of the data is now flagged

2018-08-03 09:31:51,504 [MainThread  ] [INFO ]  pgflag vis=2245-328.5500 command='<b' stokes=i,v,q,u flagpar=8,2,2,3,6,3  options=nodisp

pgflag: Revision 1.30, 2016/10/05 23:06:50 UTC

Applying bandpass corrections to 2245-328.5500
Applying freq. dependent gain corrections to 2245-328.5500
Applying freq. dependent leakage correction to 2245-328.5500
Applying changes to dataset
Counts of correlations within selected channels:
 channel  Originally  Currently
 Good:      66504720   66298388    Changed to bad:     206332
 Bad:        9267300    9473632    Changed to good:         0
 12.5% of the data is now flagged

2018-08-03 09:34:05,121 [MainThread  ] [INFO ]  pgflag vis=2245-328.5500 command='<b' stokes=i,v,u,q flagpar=8,2,2,3,6,3  options=nodisp

pgflag: Revision 1.30, 2016/10/05 23:06:50 UTC

Applying bandpass corrections to 2245-328.5500
Applying freq. dependent gain corrections to 2245-328.5500
Applying freq. dependent leakage correction to 2245-328.5500
Applying changes to dataset
Counts of correlations within selected channels:
 channel  Originally  Currently
 Good:      66298388   66113752    Changed to bad:     184636
 Bad:        9473632    9658268    Changed to good:         0
 12.7% of the data is now flagged

2018-08-03 09:34:09,538 [MainThread  ] [INFO ]  gpcal vis=2245-328.5500 refant=4 interval=0.1 nfbin=2 options=xyvary,qusolve

gpcal: Revision 1.22, 2016/05/01 22:31:05 UTC

Applying bandpass corrections to 2245-328.5500
Number of antennae: 6
Using leakage parameters from input as initial guess
Reading the data ...
Number of solution intervals: 615
Total visibilities read: 9245
Number visibilities accepted: 9225
Iter= 1, Amplit/Phase Solution Error:   0.851
Iter= 1, Polarisation Solution Error:   0.006
Iter= 1, Overall Solution Error:        2.258
Iter= 2, Amplit/Phase Solution Error:   0.006
Iter= 2, Polarisation Solution Error:   0.000
Iter= 2, Overall Solution Error:        0.005
Iter= 3, Amplit/Phase Solution Error:   0.001
Iter= 3, Polarisation Solution Error:   0.000
Iter= 3, Overall Solution Error:        0.001
I flux density:   0.6019
Percent Q:  -0.562
Percent U:  -0.022
Leakage terms:
 Ant 1:Dx,Dy = ( 0.00114, 0.00183),( 0.00039, 0.00308)
 Ant 2:Dx,Dy = ( 0.00395, 0.00609),(-0.00378, 0.00700)
 Ant 3:Dx,Dy = ( 0.00590,-0.00398),(-0.00932,-0.00406)
 Ant 4:Dx,Dy = ( 0.00478, 0.01724),(-0.00339, 0.01848)
 Ant 5:Dx,Dy = (-0.01767,-0.00205),( 0.01696,-0.00143)
 Ant 6:Dx,Dy = ( 0.00166,-0.02178),(-0.00107,-0.02043)
Solution for freq bin  1
Iter= 1, Amplit/Phase Solution Error:   0.774
Iter= 1, Polarisation Solution Error:   0.005
Iter= 1, Overall Solution Error:        2.167
Iter= 2, Amplit/Phase Solution Error:   0.006
Iter= 2, Polarisation Solution Error:   0.000
Iter= 2, Overall Solution Error:        0.005
Iter= 3, Amplit/Phase Solution Error:   0.001
Iter= 3, Polarisation Solution Error:   0.000
Iter= 3, Overall Solution Error:        0.001
I flux density:   0.5860
Percent Q:  -0.548
Percent U:   0.154
Leakage terms:
 Ant 1:Dx,Dy = ( 0.00111, 0.00209),( 0.00016, 0.00322)
 Ant 2:Dx,Dy = ( 0.00452, 0.00706),(-0.00435, 0.00780)
 Ant 3:Dx,Dy = ( 0.00536,-0.00397),(-0.01039,-0.00338)
 Ant 4:Dx,Dy = ( 0.00421, 0.01810),(-0.00359, 0.01912)
 Ant 5:Dx,Dy = (-0.01834,-0.00268),( 0.01633,-0.00214)
 Ant 6:Dx,Dy = ( 0.00073,-0.02330),(-0.00057,-0.02192)
Solution for freq bin  2
Iter= 1, Amplit/Phase Solution Error:   0.911
Iter= 1, Polarisation Solution Error:   0.006
Iter= 1, Overall Solution Error:        2.258
Iter= 2, Amplit/Phase Solution Error:   0.006
Iter= 2, Polarisation Solution Error:   0.000
Iter= 2, Overall Solution Error:        0.006
Iter= 3, Amplit/Phase Solution Error:   0.001
Iter= 3, Polarisation Solution Error:   0.000
Iter= 3, Overall Solution Error:        0.001
I flux density:   0.6229
Percent Q:  -0.576
Percent U:  -0.187
Leakage terms:
 Ant 1:Dx,Dy = ( 0.00115, 0.00153),( 0.00055, 0.00289)
 Ant 2:Dx,Dy = ( 0.00330, 0.00525),(-0.00341, 0.00617)
 Ant 3:Dx,Dy = ( 0.00641,-0.00402),(-0.00833,-0.00470)
 Ant 4:Dx,Dy = ( 0.00542, 0.01647),(-0.00309, 0.01787)
 Ant 5:Dx,Dy = (-0.01711,-0.00144),( 0.01747,-0.00073)
 Ant 6:Dx,Dy = ( 0.00235,-0.02022),(-0.00167,-0.01908)

2018-08-03 09:34:09,616 [MainThread  ] [INFO ]  gpboot vis=2245-328.5500 cal=1934-638.5500

gpboot: Revision 1.9, 2015/10/29 01:31:30 UTC

Secondary flux density scaled by:   0.999
Frequency bin  1 scaled by      :   1.001
Frequency bin  2 scaled by      :   1.003

2018-08-03 09:35:26,239 [MainThread  ] [INFO ]  gpcopy vis=2245-328.5500 out=d.5500

gpcopy: Revision 1.13, 2015/10/29 01:31:39 UTC

Copying leakage table
Copying gain table
Interpolation tolerance set to (minutes): 720.00
Copying bandpass table

2018-08-03 09:48:17,524 [MainThread  ] [INFO ]  pgflag vis=d.5500 command='<b' stokes=i,v,q,u flagpar=8,2,2,3,6,3  options=nodisp

pgflag: Revision 1.30, 2016/10/05 23:06:50 UTC

Applying bandpass corrections to d.5500
Applying freq. dependent gain corrections to d.5500
Applying freq. dependent leakage correction to d.5500
Applying changes to dataset
Counts of correlations within selected channels:
 channel  Originally  Currently
 Good:     432802320  421295616    Changed to bad:   11506704
 Bad:       51794376   63301080    Changed to good:         0
 13.1% of the data is now flagged

2018-08-03 10:02:33,601 [MainThread  ] [INFO ]  pgflag vis=d.5500 command='<b' stokes=i,v,u,q flagpar=8,2,2,3,6,3  options=nodisp

pgflag: Revision 1.30, 2016/10/05 23:06:50 UTC

Applying bandpass corrections to d.5500
Applying freq. dependent gain corrections to d.5500
Applying freq. dependent leakage correction to d.5500
Applying changes to dataset
Counts of correlations within selected channels:
 channel  Originally  Currently
 Good:     421295616  413720112    Changed to bad:    7575504
 Bad:       63301080   70876584    Changed to good:         0
 14.6% of the data is now flagged

2018-08-03 10:04:01,338 [MainThread  ] [INFO ]  uvsplit vis=d.5500

uvsplit: Revision 1.18, 2016/05/09 03:06:18 UTC

Creating d_381.5500
Creating d_382.5500
Creating d_383.5500
Creating d_384.5500
Creating d_385.5500
Creating d_386.5500
Creating d_387.5500
Creating d_388.5500
Creating d_389.5500
Creating d_390.5500
Creating d_391.5500
Creating d_392.5500
Creating d_393.5500
Creating d_394.5500
Creating d_395.5500
Creating d_396.5500
Creating d_397.5500
Creating d_398.5500
Creating d_399.5500
Creating d_400.5500
Creating d_401.5500
Creating d_402.5500
Creating d_403.5500
Creating d_404.5500
Creating d_405.5500
Creating d_406.5500
Creating d_407.5500
Creating d_408.5500
Creating d_409.5500
Creating d_410.5500
Creating d_411.5500
Creating d_412.5500
Creating d_413.5500
Creating d_414.5500
Creating d_415.5500
Creating d_416.5500
Creating d_417.5500
Creating d_418.5500
Creating d_419.5500
Creating d_420.5500
Creating d_421.5500
Creating d_422.5500
Creating d_423.5500
Creating d_424.5500
Creating d_425.5500
Creating d_426.5500
Creating d_427.5500
Creating d_428.5500
Creating d_429.5500
Creating d_430.5500
Creating d_431.5500
Creating d_432.5500
Creating d_433.5500
Creating d_434.5500
Creating d_435.5500
Creating d_436.5500
Creating d_437.5500
Creating d_438.5500
Creating d_439.5500
Creating d_440.5500
Creating d_441.5500
Creating d_442.5500
Creating d_443.5500
Creating d_444.5500
Creating d_445.5500
Creating d_446.5500
Creating d_447.5500
Creating d_448.5500
Creating d_449.5500
Creating d_450.5500
Creating d_451.5500
Creating d_452.5500
Creating d_453.5500
Creating d_454.5500
Creating d_455.5500
Creating d_456.5500
Creating d_457.5500
Creating d_458.5500
Creating d_459.5500
Creating d_460.5500
Creating d_461.5500
Creating d_462.5500
Creating d_463.5500
Creating d_464.5500
Creating d_465.5500
Creating d_466.5500
Creating d_467.5500
Creating d_468.5500
Creating d_469.5500
Creating d_470.5500
Creating d_471.5500
Creating d_472.5500
Creating d_473.5500
Creating d_474.5500
Creating d_475.5500
Creating d_476.5500
Creating d_477.5500
Creating d_478.5500
Creating d_479.5500
Creating d_480.5500
Creating d_481.5500
Creating d_482.5500
Creating d_483.5500
Creating d_484.5500
Creating d_485.5500
Creating d_486.5500
Creating d_487.5500
Creating d_488.5500
Creating d_489.5500
Creating d_490.5500
Creating d_491.5500
Creating d_492.5500
Creating d_493.5500
Creating d_494.5500
Creating d_495.5500
Creating d_496.5500
Creating d_497.5500
Creating d_498.5500
Creating d_499.5500
Creating d_500.5500
Creating d_501.5500
Creating d_502.5500
Creating d_503.5500
Creating d_504.5500
Creating d_505.5500
Creating d_506.5500
Creating d_507.5500
Creating d_508.5500
Creating d_509.5500
Creating d_510.5500
Creating d_511.5500
Creating d_512.5500
Creating d_513.5500
Creating d_514.5500
Creating d_515.5500
Creating d_516.5500
Creating d_517.5500
Creating d_518.5500
Creating d_519.5500
Creating d_520.5500
Creating d_521.5500
Creating d_522.5500
Creating d_523.5500
Creating d_524.5500
Creating d_525.5500
Creating d_526.5500
Creating d_527.5500
Creating d_528.5500
Creating d_529.5500
Creating d_530.5500
Creating d_531.5500
Creating d_532.5500
Creating d_533.5500
Creating d_534.5500
Creating d_535.5500
Creating d_536.5500
Creating d_537.5500
Creating d_538.5500
Creating d_539.5500
Creating d_540.5500
Creating d_361.5500
Creating d_362.5500
Creating d_363.5500
Creating d_364.5500
Creating d_365.5500
Creating d_366.5500
Creating d_367.5500
Creating d_368.5500
Creating d_369.5500
Creating d_370.5500
Creating d_371.5500
Creating d_372.5500
Creating d_373.5500
Creating d_374.5500
Creating d_375.5500
Creating d_376.5500
Creating d_377.5500
Creating d_378.5500
Creating d_379.5500
Creating d_380.5500

