2018-11-22 20:34:14,170 [MainThread  ] [INFO ]  atlod in=raw/2018-11-16_0311.C3132,raw/2018-11-16_0558.C3132,raw/2018-11-16_0845.C3132,raw/2018-11-16_1131.C3132,raw/2018-11-16_1418.C3132 out=data5.uv ifsel=1 options=birdie,rfiflag,noauto,xycorr

atlod: Revision 1.53, 2016/08/25 23:02:21 UTC

Processing file raw/2018-11-16_0311.C3132
 03:11:13 CAOBS> track 1
CABB data detected
Scan 1 started at 18NOV16:03:11:32.0
Source: 1934-638
Flagging channels in  28 frequency ranges
 03:20:04 CAOBS> stop
 03:20:13 CAOBS> set file c3132_obs_e1
 03:20:17 CAOBS> start 1/99
Scan 2 started at 18NOV16:03:22:12.0
Source: 2255-282
Scan 3 started at 18NOV16:03:25:00.7
Source: e_1
Source: e_2
Source: e_3
Source: e_4
Source: e_5
Source: e_6
Source: e_7
Source: e_8
Source: e_9
Source: e_10
Source: e_11
Source: e_12
Source: e_13
Source: e_14
Source: e_15
Source: e_16
Source: e_17
Source: e_18
Source: e_19
Source: e_20
Scan 4 started at 18NOV16:03:38:52.0
Source: 2255-282
Scan 5 started at 18NOV16:03:41:48.0
Source: e_21
Source: e_22
Source: e_23
Source: e_24
Source: e_25
Source: e_26
Source: e_27
Source: e_28
Source: e_29
Source: e_30
Source: e_31
Source: e_32
Source: e_33
Source: e_34
Source: e_35
Source: e_36
Source: e_37
Source: e_38
Source: e_39
Source: e_40
Scan 6 started at 18NOV16:03:55:32.0
Source: 2255-282
Scan 7 started at 18NOV16:03:58:28.0
Source: e_41
Source: e_42
Source: e_43
Source: e_44
Source: e_45
Source: e_46
Source: e_47
Source: e_48
Source: e_49
Source: e_50
Source: e_51
Source: e_52
Source: e_53
Source: e_54
Source: e_55
Source: e_56
Source: e_57
Source: e_58
Source: e_59
Source: e_60
Scan 8 started at 18NOV16:04:12:20.0
Source: 2255-282
Scan 9 started at 18NOV16:04:15:10.5
Source: e_61
Source: e_62
Source: e_63
Source: e_64
Source: e_65
Source: e_66
Source: e_67
Source: e_68
Source: e_69
Source: e_70
Source: e_71
Source: e_72
Source: e_73
Source: e_74
Source: e_75
Source: e_76
Source: e_77
Source: e_78
Source: e_79
Source: e_80
Scan 10 started at 18NOV16:04:29:00.0
Source: 2255-282
Scan 11 started at 18NOV16:04:31:58.8
Source: e_81
Source: e_82
Source: e_83
Source: e_84
Source: e_85
Source: e_86
Source: e_87
Source: e_88
Source: e_89
Source: e_90
Source: e_91
Source: e_92
Source: e_93
Source: e_94
Source: e_95
Source: e_96
Source: e_97
Source: e_98
Source: e_99
Source: e_100
Scan 12 started at 18NOV16:04:45:48.0
Source: 2255-282
Scan 13 started at 18NOV16:04:48:44.0
Source: e_101
Source: e_102
Source: e_103
Source: e_104
Source: e_105
Source: e_106
Source: e_107
Source: e_108
Source: e_109
Source: e_110
Source: e_111
Source: e_112
Source: e_113
Source: e_114
Source: e_115
Source: e_116
Source: e_117
Source: e_118
Source: e_119
Source: e_120
Scan 14 started at 18NOV16:05:02:28.0
Source: 2255-282
Scan 15 started at 18NOV16:05:05:24.0
Source: e_121
Source: e_122
Source: e_123
Source: e_124
Source: e_125
Source: e_126
Source: e_127
Source: e_128
Source: e_129
Source: e_130
Source: e_131
Source: e_132
Source: e_133
Source: e_134
Source: e_135
Source: e_136
Source: e_137
Source: e_138
Source: e_139
Source: e_140
Scan 16 started at 18NOV16:05:19:08.0
Source: 2255-282
Scan 17 started at 18NOV16:05:22:06.0
Source: e_141
Source: e_142
Source: e_143
Source: e_144
Source: e_145
Source: e_146
Source: e_147
Source: e_148
Source: e_149
Source: e_150
Source: e_151
Source: e_152
Source: e_153
Source: e_154
Source: e_155
Source: e_156
Source: e_157
Source: e_158
Source: e_159
Source: e_160
Scan 18 started at 18NOV16:05:35:56.0
Source: 2255-282
Scan 19 started at 18NOV16:05:38:52.0
Source: e_161
Source: e_162
Source: e_163
Source: e_164
Source: e_165
Source: e_166
Source: e_167
Source: e_168
Source: e_169
Source: e_170
Source: e_171
Source: e_172
Source: e_173
Source: e_174
Source: e_175
Source: e_176
Source: e_177
Source: e_178
Source: e_179
Source: e_180
Scan 20 started at 18NOV16:05:52:36.0
Source: 2255-282
Scan 21 started at 18NOV16:05:55:24.7
Source: e_1
Source: e_2
Source: e_3
Source: e_4
Source: e_5
RPFITS file version is 2.12
---------------------------------------
Total number of spectra selected: 72660

Summary of spectra flagged
Flagging Reason            Fraction
---------------            --------
Antenna off-source/off-line  5.75%
---------------------------------------
Processing file raw/2018-11-16_0558.C3132
CABB data detected
Scan 1 started at 18NOV16:05:58:36.0
Source: e_5
Source: e_6
Source: e_7
Source: e_8
Source: e_9
Source: e_10
Source: e_11
Source: e_12
Source: e_13
Source: e_14
Source: e_15
Source: e_16
Source: e_17
Source: e_18
Source: e_19
Source: e_20
Scan 2 started at 18NOV16:06:09:08.0
Source: 2255-282
Scan 3 started at 18NOV16:06:12:04.0
Source: e_21
Source: e_22
Source: e_23
Source: e_24
Source: e_25
Source: e_26
Source: e_27
Source: e_28
Source: e_29
Source: e_30
Source: e_31
Source: e_32
Source: e_33
Source: e_34
Source: e_35
Source: e_36
Source: e_37
Source: e_38
Source: e_39
Source: e_40
Scan 4 started at 18NOV16:06:25:48.0
Source: 2255-282
Scan 5 started at 18NOV16:06:28:52.0
Source: e_41
Source: e_42
Source: e_43
Source: e_44
Source: e_45
Source: e_46
Source: e_47
Source: e_48
Source: e_49
Source: e_50
Source: e_51
Source: e_52
Source: e_53
Source: e_54
Source: e_55
Source: e_56
Source: e_57
Source: e_58
Source: e_59
Source: e_60
Scan 6 started at 18NOV16:06:42:28.0
Source: 2255-282
Scan 7 started at 18NOV16:06:45:24.0
Source: e_61
Source: e_62
Source: e_63
Source: e_64
Source: e_65
Source: e_66
Source: e_67
Source: e_68
Source: e_69
Source: e_70
Source: e_71
Source: e_72
Source: e_73
Source: e_74
Source: e_75
Source: e_76
Source: e_77
Source: e_78
Source: e_79
Source: e_80
Scan 8 started at 18NOV16:06:59:08.0
Source: 2255-282
Scan 9 started at 18NOV16:07:01:56.0
Source: e_81
Source: e_82
Source: e_83
Source: e_84
Source: e_85
Source: e_86
Source: e_87
Source: e_88
Source: e_89
Source: e_90
Source: e_91
Source: e_92
Source: e_93
Source: e_94
Source: e_95
Source: e_96
Source: e_97
Source: e_98
Source: e_99
Source: e_100
Scan 10 started at 18NOV16:07:15:40.0
Source: 2255-282
Scan 11 started at 18NOV16:07:18:36.0
Source: e_101
Source: e_102
Source: e_103
Source: e_104
Source: e_105
Source: e_106
Source: e_107
Source: e_108
Source: e_109
Source: e_110
Source: e_111
Source: e_112
Source: e_113
Source: e_114
Source: e_115
Source: e_116
Source: e_117
Source: e_118
Source: e_119
Source: e_120
Scan 12 started at 18NOV16:07:32:12.0
Source: 2255-282
Scan 13 started at 18NOV16:07:35:16.0
Source: e_121
Source: e_122
Source: e_123
Source: e_124
Source: e_125
Source: e_126
Source: e_127
Source: e_128
Source: e_129
Source: e_130
Source: e_131
Source: e_132
Source: e_133
Source: e_134
Source: e_135
Source: e_136
Source: e_137
Source: e_138
Source: e_139
Source: e_140
Scan 14 started at 18NOV16:07:49:00.0
Source: 2255-282
Scan 15 started at 18NOV16:07:51:50.0
Source: e_141
Source: e_142
Source: e_143
Source: e_144
Source: e_145
Source: e_146
Source: e_147
Source: e_148
Source: e_149
Source: e_150
Source: e_151
Source: e_152
Source: e_153
Source: e_154
Source: e_155
Source: e_156
Source: e_157
Source: e_158
Source: e_159
Source: e_160
Scan 16 started at 18NOV16:08:05:48.0
Source: 2255-282
Scan 17 started at 18NOV16:08:09:00.0
Source: e_161
Source: e_162
Source: e_163
Source: e_164
Source: e_165
Source: e_166
Source: e_167
Source: e_168
Source: e_169
Source: e_170
Source: e_171
Source: e_172
Source: e_173
Source: e_174
Source: e_175
Source: e_176
Source: e_177
Source: e_178
Source: e_179
Source: e_180
Scan 18 started at 18NOV16:08:22:36.0
Source: 2255-282
Scan 19 started at 18NOV16:08:25:48.7
Source: e_1
Source: e_2
Source: e_3
Source: e_4
Source: e_5
Source: e_6
Source: e_7
Source: e_8
Source: e_9
Source: e_10
Source: e_11
Source: e_12
Source: e_13
Source: e_14
Source: e_15
Source: e_16
Source: e_17
Source: e_18
Source: e_19
Source: e_20
Scan 20 started at 18NOV16:08:39:56.0
Source: 2255-282
Scan 21 started at 18NOV16:08:44:20.0
Source: e_21
Source: e_22
Source: e_23
RPFITS file version is 2.12
---------------------------------------
Total number of spectra selected: 72660

Summary of spectra flagged
Flagging Reason            Fraction
---------------            --------
Antenna off-source/off-line  6.85%
---------------------------------------
Processing file raw/2018-11-16_0845.C3132
CABB data detected
Scan 1 started at 18NOV16:08:45:24.0
Source: e_23
Source: e_24
Source: e_25
Source: e_26
Source: e_27
Source: e_28
Source: e_29
Source: e_30
Source: e_31
Source: e_32
Source: e_33
Source: e_34
Source: e_35
Source: e_36
Source: e_37
Scan 2 started at 18NOV16:08:57:32.0
Source: 2255-282
Scan 3 started at 18NOV16:09:05:24.0
Source: e_43
Source: e_44
Source: e_45
Source: e_46
Source: e_47
Source: e_48
Source: e_49
Source: e_50
Source: e_51
Source: e_52
Source: e_53
Source: e_54
Source: e_55
Source: e_56
Source: e_57
Source: e_58
Source: e_59
Source: e_60
Scan 4 started at 18NOV16:09:24:20.0
Source: 2255-282
Scan 5 started at 18NOV16:09:29:00.0
Source: e_61
Source: e_62
Source: e_63
Source: e_64
Source: e_65
Source: e_66
Source: e_67
Source: e_68
Source: e_69
Source: e_70
Source: e_71
Source: e_72
Source: e_73
Source: e_74
Source: e_75
Source: e_76
Source: e_77
Source: e_78
Source: e_79
Source: e_80
Scan 6 started at 18NOV16:09:43:16.0
Source: 2255-282
Scan 7 started at 18NOV16:09:46:52.0
Source: e_81
Source: e_82
Source: e_83
Source: e_84
Source: e_85
Source: e_86
Source: e_87
Source: e_88
Source: e_89
Source: e_90
Source: e_91
Source: e_92
Source: e_93
Source: e_94
Source: e_95
Source: e_96
Source: e_97
Source: e_98
Source: e_99
Source: e_100
Scan 8 started at 18NOV16:10:00:44.0
Source: 2255-282
Scan 9 started at 18NOV16:10:04:12.0
Source: e_101
Source: e_102
Source: e_103
Source: e_104
Source: e_105
Source: e_106
Source: e_107
Source: e_108
Source: e_109
Source: e_110
Source: e_111
Source: e_112
Source: e_113
Source: e_114
Source: e_115
Source: e_116
Source: e_117
Source: e_118
Source: e_119
Source: e_120
Scan 10 started at 18NOV16:10:17:48.0
Source: 2255-282
Scan 11 started at 18NOV16:10:21:00.0
Source: e_121
Source: e_122
Source: e_123
Source: e_124
Source: e_125
Source: e_126
Source: e_127
Source: e_128
Source: e_129
Source: e_130
Source: e_131
Source: e_132
Source: e_133
Source: e_134
Source: e_135
Source: e_136
Source: e_137
Source: e_138
Source: e_139
Source: e_140
Scan 12 started at 18NOV16:10:34:52.0
Source: 2255-282
Scan 13 started at 18NOV16:10:37:50.0
Source: e_141
Source: e_142
Source: e_143
Source: e_144
Source: e_145
Source: e_146
Source: e_147
Source: e_148
Source: e_149
Source: e_150
Source: e_151
Source: e_152
Source: e_153
Source: e_154
Source: e_155
Source: e_156
Source: e_157
Source: e_158
Source: e_159
Source: e_160
Scan 14 started at 18NOV16:10:51:40.0
Source: 2255-282
Scan 15 started at 18NOV16:10:54:52.0
Source: e_161
Source: e_162
Source: e_163
Source: e_164
Source: e_165
Source: e_166
Source: e_167
Source: e_168
Source: e_169
Source: e_170
Source: e_171
Source: e_172
Source: e_173
Source: e_174
Source: e_175
Source: e_176
Source: e_177
Source: e_178
Source: e_179
Source: e_180
Scan 16 started at 18NOV16:11:08:28.0
Source: 2255-282
Scan 17 started at 18NOV16:11:11:16.7
Source: e_1
Source: e_2
Source: e_3
Source: e_4
Source: e_5
Source: e_6
Source: e_7
Source: e_8
Source: e_9
Source: e_10
Source: e_11
Source: e_12
Source: e_13
Source: e_14
Source: e_15
Source: e_16
Source: e_17
Source: e_18
Source: e_19
Source: e_20
Scan 18 started at 18NOV16:11:25:00.0
Source: 2255-282
Scan 19 started at 18NOV16:11:27:56.0
Source: e_21
Source: e_22
Source: e_23
Source: e_24
Source: e_25
Source: e_26
RPFITS file version is 2.12
---------------------------------------
Total number of spectra selected: 72660

Summary of spectra flagged
Flagging Reason            Fraction
---------------            --------
Antenna off-source/off-line  18.3%
---------------------------------------
Processing file raw/2018-11-16_1131.C3132
CABB data detected
Scan 1 started at 18NOV16:11:31:40.0
Source: e_26
Source: e_27
Source: e_28
Source: e_29
Source: e_30
Source: e_31
Source: e_32
Source: e_33
Source: e_34
Source: e_35
Source: e_36
Source: e_37
Source: e_38
Source: e_39
Source: e_40
Scan 2 started at 18NOV16:11:41:40.0
Source: 2255-282
Scan 3 started at 18NOV16:11:44:36.0
Source: e_41
Source: e_42
Source: e_43
Source: e_44
Source: e_45
Source: e_46
Source: e_47
Source: e_48
Source: e_49
Source: e_50
Source: e_51
Source: e_52
Source: e_53
Source: e_54
Source: e_55
Source: e_56
Source: e_57
Source: e_58
Source: e_59
Source: e_60
Scan 4 started at 18NOV16:11:58:12.0
Source: 2255-282
Scan 5 started at 18NOV16:12:01:00.0
Source: e_61
Source: e_62
Source: e_63
Source: e_64
Source: e_65
Source: e_66
Source: e_67
Source: e_68
Source: e_69
Source: e_70
Source: e_71
Source: e_72
Source: e_73
Source: e_74
Source: e_75
Source: e_76
Source: e_77
Source: e_78
Source: e_79
Source: e_80
Scan 6 started at 18NOV16:12:14:44.0
Source: 2255-282
Scan 7 started at 18NOV16:12:17:32.0
Source: e_81
Source: e_82
Source: e_83
Source: e_84
Source: e_85
Source: e_86
Source: e_87
Source: e_88
Source: e_89
Source: e_90
Source: e_91
Source: e_92
Source: e_93
Source: e_94
Source: e_95
Source: e_96
Source: e_97
Source: e_98
Source: e_99
Source: e_100
Scan 8 started at 18NOV16:12:31:16.0
Source: 2255-282
Scan 9 started at 18NOV16:12:34:04.0
Source: e_101
Source: e_102
Source: e_103
Source: e_104
Source: e_105
Source: e_106
Source: e_107
Source: e_108
Source: e_109
Source: e_110
Source: e_111
Source: e_112
Source: e_113
Source: e_114
Source: e_115
Source: e_116
Source: e_117
Source: e_118
Source: e_119
Source: e_120
Scan 10 started at 18NOV16:12:47:48.0
Source: 2255-282
Scan 11 started at 18NOV16:12:50:36.0
Source: e_121
Source: e_122
Source: e_123
Source: e_124
Source: e_125
Source: e_126
Source: e_127
Source: e_128
Source: e_129
Source: e_130
Source: e_131
Source: e_132
Source: e_133
Source: e_134
Source: e_135
Source: e_136
Source: e_137
Source: e_138
Source: e_139
Source: e_140
Scan 12 started at 18NOV16:13:04:20.0
Source: 2255-282
Scan 13 started at 18NOV16:13:07:02.0
Source: e_141
Source: e_142
Source: e_143
Source: e_144
Source: e_145
Source: e_146
Source: e_147
Source: e_148
Source: e_149
Source: e_150
Source: e_151
Source: e_152
Source: e_153
Source: e_154
Source: e_155
Source: e_156
Source: e_157
Source: e_158
Source: e_159
Source: e_160
Scan 14 started at 18NOV16:13:20:52.0
Source: 2255-282
Scan 15 started at 18NOV16:13:23:40.0
Source: e_161
Source: e_162
Source: e_163
Source: e_164
Source: e_165
Source: e_166
Source: e_167
Source: e_168
Source: e_169
Source: e_170
Source: e_171
Source: e_172
Source: e_173
Source: e_174
Source: e_175
Source: e_176
Source: e_177
Source: e_178
Source: e_179
Source: e_180
Scan 16 started at 18NOV16:13:37:24.0
Source: 2255-282
Scan 17 started at 18NOV16:13:40:04.7
Source: e_1
Source: e_2
Source: e_3
Source: e_4
Source: e_5
Source: e_6
Source: e_7
Source: e_8
Source: e_9
Source: e_10
Source: e_11
Source: e_12
Source: e_13
Source: e_14
Source: e_15
Source: e_16
Source: e_17
Source: e_18
Source: e_19
Source: e_20
Scan 18 started at 18NOV16:13:53:48.0
Source: 2255-282
Scan 19 started at 18NOV16:13:56:36.0
Source: e_21
Source: e_22
Source: e_23
Source: e_24
Source: e_25
Source: e_26
Source: e_27
Source: e_28
Source: e_29
Source: e_30
Source: e_31
Source: e_32
Source: e_33
Source: e_34
Source: e_35
Source: e_36
Source: e_37
Source: e_38
Source: e_39
Source: e_40
Scan 20 started at 18NOV16:14:10:20.0
Source: 2255-282
Scan 21 started at 18NOV16:14:13:08.0
Source: e_41
Source: e_42
Source: e_43
Source: e_44
Source: e_45
Source: e_46
Source: e_47
Source: e_48
RPFITS file version is 2.12
---------------------------------------
Total number of spectra selected: 72660

Summary of spectra flagged
Flagging Reason            Fraction
---------------            --------
Antenna off-source/off-line  4.05%
---------------------------------------
Processing file raw/2018-11-16_1418.C3132
CABB data detected
Scan 1 started at 18NOV16:14:18:29.5
Source: e_49
Source: e_50
Source: e_51
Source: e_52
Source: e_53
Source: e_54
Source: e_55
Source: e_56
Source: e_57
Source: e_58
Source: e_59
Source: e_60
Scan 2 started at 18NOV16:14:26:52.0
Source: 2255-282
Scan 3 started at 18NOV16:14:29:34.5
Source: e_61
Source: e_62
Source: e_63
Source: e_64
Source: e_65
Source: e_66
Source: e_67
Source: e_68
Source: e_69
Source: e_70
Source: e_71
Source: e_72
Source: e_73
Source: e_74
Source: e_75
Source: e_76
Source: e_77
Source: e_78
Source: e_79
Source: e_80
Scan 4 started at 18NOV16:14:43:24.0
Source: 2255-282
Scan 5 started at 18NOV16:14:46:06.8
Source: e_81
Source: e_82
Source: e_83
Source: e_84
Source: e_85
Source: e_86
Source: e_87
Source: e_88
Source: e_89
Source: e_90
Source: e_91
Source: e_92
Source: e_93
Source: e_94
Source: e_95
Source: e_96
Source: e_97
Source: e_98
 14:57:55 CAOBS> stop
 14:58:01 CAOBS> track 11
Scan 6 started at 18NOV16:14:58:20.0
Source: 2255-282
 15:00:01 CAOBS> stop
 15:00:06 CAOBS> cor closef
RPFITS file version is 2.12
---------------------------------------
Total number of spectra selected: 18060

Summary of spectra flagged
Flagging Reason            Fraction
---------------            --------
Antenna off-source/off-line  2.66%
---------------------------------------

No CACAL data was detected

2018-11-22 20:34:49,945 [MainThread  ] [INFO ]  uvflag vis=data5.uv line=chan,6,1146,1 flagval=flag

uvflag: Revision 1.8, 2014/09/30 14:23:39 UTC


Set flags to indicate bad data in visibility file data5.uv
Linetype channel; select    6 channels; start 1146, width    1, step    1

Overview of flagging on visibility file data5.uv
Changed flags set to FALSE (data flagged as bad)
Total number of records selected: 282820; out of 282820 records
Antennas used: 1-6
Counts of correlations within selected channels
channel   Originally    Currently
Good:          848460.           0.    Changed to bad:      848460.
Bad:           848460.     1696920.

2018-11-22 20:35:12,210 [MainThread  ] [INFO ]  uvflag vis=data5.uv line=chan,30,1454,1 flagval=flag

uvflag: Revision 1.8, 2014/09/30 14:23:39 UTC


Set flags to indicate bad data in visibility file data5.uv
Linetype channel; select   30 channels; start 1454, width    1, step    1

Overview of flagging on visibility file data5.uv
Changed flags set to FALSE (data flagged as bad)
Total number of records selected: 282820; out of 282820 records
Antennas used: 1-6
Counts of correlations within selected channels
channel   Originally    Currently
Good:         8484600.           0.    Changed to bad:     8484600.
Bad:                0.     8484600.

2018-11-22 20:35:39,039 [MainThread  ] [INFO ]  uvflag vis=data5.uv line=chan,40,1964,1 flagval=flag

uvflag: Revision 1.8, 2014/09/30 14:23:39 UTC


Set flags to indicate bad data in visibility file data5.uv
Linetype channel; select   40 channels; start 1964, width    1, step    1

Overview of flagging on visibility file data5.uv
Changed flags set to FALSE (data flagged as bad)
Total number of records selected: 282820; out of 282820 records
Antennas used: 1-6
Counts of correlations within selected channels
channel   Originally    Currently
Good:               0.           0.    Changed to bad:           0.
Bad:         11312800.    11312800.

2018-11-22 20:36:31,165 [MainThread  ] [INFO ]  uvsplit vis=data5.uv options=mosaic

uvsplit: Revision 1.18, 2016/05/09 03:06:18 UTC

Creating 1934-638.5500
Creating 2255-282.5500
Creating e.5500

2018-11-22 20:36:41,385 [MainThread  ] [INFO ]  pgflag vis=1934-638.5500 command='<b' stokes=i,q,u,v flagpar=8,5,5,3,6,3 options=nodisp

pgflag: Revision 1.30, 2016/10/05 23:06:50 UTC

Applying changes to dataset
Counts of correlations within selected channels:
 channel  Originally  Currently
 Good:       6900480    6850332    Changed to bad:      50148
 Bad:         967680    1017828    Changed to good:         0
 12.9% of the data is now flagged

2018-11-22 20:36:51,261 [MainThread  ] [INFO ]  pgflag vis=1934-638.5500 command='<b' stokes=i,v,q,u flagpar=8,2,2,3,6,3  options=nodisp

pgflag: Revision 1.30, 2016/10/05 23:06:50 UTC

Applying changes to dataset
Counts of correlations within selected channels:
 channel  Originally  Currently
 Good:       6850332    6785516    Changed to bad:      64816
 Bad:        1017828    1082644    Changed to good:         0
 13.8% of the data is now flagged

2018-11-22 20:37:01,016 [MainThread  ] [INFO ]  pgflag vis=1934-638.5500 command='<b' stokes=i,v,u,q flagpar=8,2,2,3,6,3  options=nodisp

pgflag: Revision 1.30, 2016/10/05 23:06:50 UTC

Applying changes to dataset
Counts of correlations within selected channels:
 channel  Originally  Currently
 Good:       6785516    6685584    Changed to bad:      99932
 Bad:        1082644    1182576    Changed to good:         0
 15.0% of the data is now flagged

2018-11-22 20:37:51,072 [MainThread  ] [INFO ]  mfcal vis=1934-638.5500 refant=4 interval=0.1
MfCal: $Revision: 1.20 $, $Date: 2017/05/08 02:31:10 $
Selecting parallel-hand polarisations
Reading the data ...
Number correlations accepted: 3342792
Number of frequency bands/settings: 1
Number of polarisations selected: 2
Number of solution intervals: 64
Number of passband solution intervals: 1
Initialising ...
Using post-Aug94 ATCA flux scale for 1934-638.
Using known frequency variation of 1934-638
Generating initial solution estimate ...
Doing solution refinement ...
Iter= 1, Solution Error:  0.425
Iter= 2, Solution Error:  0.015
Iter= 3, Solution Error:  0.000
Saving solution ...

2018-11-22 20:37:51,849 [MainThread  ] [INFO ]  gpcal vis=1934-638.5500 refant=4 interval=0.1 nfbin=2 options=xyvary

gpcal: Revision 1.22, 2016/05/01 22:31:05 UTC

Applying bandpass corrections to 1934-638.5500
Number of antennae: 6
Reading the data ...
Number of solution intervals: 64
Total visibilities read: 960
Number visibilities accepted: 960
Using post-Aug94 ATCA flux scale for 1934-638.
Using IQUV =  5.0206,  0.0000,  0.0000,  0.0000 at   5.4487 GHz.
Using post-Aug94 ATCA flux scale for 1934-638.
Using IQUV =  5.5172,  0.0000,  0.0000,  0.0000 at   5.0317 GHz.
Using post-Aug94 ATCA flux scale for 1934-638.
Using IQUV =  4.5140,  0.0000,  0.0000,  0.0000 at   5.9505 GHz.
Iter= 1, Amplit/Phase Solution Error:   0.529
Iter= 1, Polarisation Solution Error:   0.042
Iter= 1, Overall Solution Error:        1.827
Iter= 2, Amplit/Phase Solution Error:   0.002
Iter= 2, Polarisation Solution Error:   0.000
Iter= 2, Overall Solution Error:        0.003
Iter= 3, Amplit/Phase Solution Error:   0.001
Iter= 3, Polarisation Solution Error:   0.000
Iter= 3, Overall Solution Error:        0.001
I flux density:   5.0206
Leakage terms:
 Ant 1:Dx,Dy = ( 0.00138,-0.00180),(-0.00193,-0.00085)
 Ant 2:Dx,Dy = ( 0.00314, 0.00779),(-0.00440, 0.00808)
 Ant 3:Dx,Dy = ( 0.00332,-0.00177),(-0.00880,-0.00163)
 Ant 4:Dx,Dy = ( 0.00297, 0.01872),(-0.00363, 0.01968)
 Ant 5:Dx,Dy = (-0.01748,-0.00144),( 0.01525,-0.00107)
 Ant 6:Dx,Dy = ( 0.00116,-0.02305),(-0.00200,-0.02267)
Solution for freq bin  1
Iter= 1, Amplit/Phase Solution Error:   0.507
Iter= 1, Polarisation Solution Error:   0.044
Iter= 1, Overall Solution Error:        1.807
Iter= 2, Amplit/Phase Solution Error:   0.002
Iter= 2, Polarisation Solution Error:   0.000
Iter= 2, Overall Solution Error:        0.003
Iter= 3, Amplit/Phase Solution Error:   0.001
Iter= 3, Polarisation Solution Error:   0.000
Iter= 3, Overall Solution Error:        0.001
I flux density:   5.5172
Leakage terms:
 Ant 1:Dx,Dy = ( 0.00120,-0.00142),(-0.00234,-0.00031)
 Ant 2:Dx,Dy = ( 0.00299, 0.00890),(-0.00459, 0.00912)
 Ant 3:Dx,Dy = ( 0.00250,-0.00169),(-0.00958,-0.00092)
 Ant 4:Dx,Dy = ( 0.00237, 0.01949),(-0.00372, 0.02057)
 Ant 5:Dx,Dy = (-0.01802,-0.00267),( 0.01465,-0.00205)
 Ant 6:Dx,Dy = ( 0.00091,-0.02485),(-0.00247,-0.02416)
Solution for freq bin  2
Iter= 1, Amplit/Phase Solution Error:   0.561
Iter= 1, Polarisation Solution Error:   0.038
Iter= 1, Overall Solution Error:        1.864
Iter= 2, Amplit/Phase Solution Error:   0.002
Iter= 2, Polarisation Solution Error:   0.000
Iter= 2, Overall Solution Error:        0.003
Iter= 3, Amplit/Phase Solution Error:   0.001
Iter= 3, Polarisation Solution Error:   0.000
Iter= 3, Overall Solution Error:        0.001
I flux density:   4.5140
Leakage terms:
 Ant 1:Dx,Dy = ( 0.00163,-0.00226),(-0.00139,-0.00153)
 Ant 2:Dx,Dy = ( 0.00339, 0.00624),(-0.00410, 0.00661)
 Ant 3:Dx,Dy = ( 0.00442,-0.00188),(-0.00775,-0.00259)
 Ant 4:Dx,Dy = ( 0.00377, 0.01768),(-0.00350, 0.01849)
 Ant 5:Dx,Dy = (-0.01675, 0.00024),( 0.01606, 0.00027)
 Ant 6:Dx,Dy = ( 0.00148,-0.02062),(-0.00137,-0.02066)

2018-11-22 20:38:05,874 [MainThread  ] [INFO ]  pgflag vis=1934-638.5500 command='<b' stokes=i,q,u,v flagpar=8,5,5,3,6,3 options=nodisp

pgflag: Revision 1.30, 2016/10/05 23:06:50 UTC

Applying bandpass corrections to 1934-638.5500
Applying freq. dependent gain corrections to 1934-638.5500
Applying freq. dependent leakage correction to 1934-638.5500
Applying changes to dataset
Counts of correlations within selected channels:
 channel  Originally  Currently
 Good:       6685584    6669264    Changed to bad:      16320
 Bad:        1182576    1198896    Changed to good:         0
 15.2% of the data is now flagged

2018-11-22 20:38:20,423 [MainThread  ] [INFO ]  pgflag vis=1934-638.5500 command='<b' stokes=i,v,q,u flagpar=8,2,2,3,6,3  options=nodisp

pgflag: Revision 1.30, 2016/10/05 23:06:50 UTC

Applying bandpass corrections to 1934-638.5500
Applying freq. dependent gain corrections to 1934-638.5500
Applying freq. dependent leakage correction to 1934-638.5500
Applying changes to dataset
Counts of correlations within selected channels:
 channel  Originally  Currently
 Good:       6669264    6653128    Changed to bad:      16136
 Bad:        1198896    1215032    Changed to good:         0
 15.4% of the data is now flagged

2018-11-22 20:38:35,729 [MainThread  ] [INFO ]  pgflag vis=1934-638.5500 command='<b' stokes=i,v,u,q flagpar=8,2,2,3,6,3  options=nodisp

pgflag: Revision 1.30, 2016/10/05 23:06:50 UTC

Applying bandpass corrections to 1934-638.5500
Applying freq. dependent gain corrections to 1934-638.5500
Applying freq. dependent leakage correction to 1934-638.5500
Applying changes to dataset
Counts of correlations within selected channels:
 channel  Originally  Currently
 Good:       6653128    6638516    Changed to bad:      14612
 Bad:        1215032    1229644    Changed to good:         0
 15.6% of the data is now flagged

2018-11-22 20:39:23,753 [MainThread  ] [INFO ]  mfcal vis=1934-638.5500 refant=4 interval=0.1
MfCal: $Revision: 1.20 $, $Date: 2017/05/08 02:31:10 $
Selecting parallel-hand polarisations
Reading the data ...
Number correlations accepted: 3319258
Number of frequency bands/settings: 1
Number of polarisations selected: 2
Number of solution intervals: 64
Number of passband solution intervals: 1
Initialising ...
Using post-Aug94 ATCA flux scale for 1934-638.
Using known frequency variation of 1934-638
Generating initial solution estimate ...
Doing solution refinement ...
Iter= 1, Solution Error:  0.427
Iter= 2, Solution Error:  0.015
Iter= 3, Solution Error:  0.000
Saving solution ...

2018-11-22 20:39:24,369 [MainThread  ] [INFO ]  gpcal vis=1934-638.5500 refant=4 interval=0.1 nfbin=2 options=xyvary

gpcal: Revision 1.22, 2016/05/01 22:31:05 UTC

Applying bandpass corrections to 1934-638.5500
Number of antennae: 6
Using leakage parameters from input as initial guess
Reading the data ...
Number of solution intervals: 64
Total visibilities read: 960
Number visibilities accepted: 960
Using post-Aug94 ATCA flux scale for 1934-638.
Using IQUV =  5.0209,  0.0000,  0.0000,  0.0000 at   5.4485 GHz.
Using post-Aug94 ATCA flux scale for 1934-638.
Using IQUV =  5.5147,  0.0000,  0.0000,  0.0000 at   5.0337 GHz.
Using post-Aug94 ATCA flux scale for 1934-638.
Using IQUV =  4.5156,  0.0000,  0.0000,  0.0000 at   5.9488 GHz.
Iter= 1, Amplit/Phase Solution Error:   0.529
Iter= 1, Polarisation Solution Error:   0.000
Iter= 1, Overall Solution Error:        1.828
Iter= 2, Amplit/Phase Solution Error:   0.002
Iter= 2, Polarisation Solution Error:   0.000
Iter= 2, Overall Solution Error:        0.003
Iter= 3, Amplit/Phase Solution Error:   0.001
Iter= 3, Polarisation Solution Error:   0.000
Iter= 3, Overall Solution Error:        0.001
I flux density:   5.0209
Leakage terms:
 Ant 1:Dx,Dy = ( 0.00139,-0.00180),(-0.00193,-0.00085)
 Ant 2:Dx,Dy = ( 0.00315, 0.00779),(-0.00439, 0.00809)
 Ant 3:Dx,Dy = ( 0.00332,-0.00177),(-0.00881,-0.00163)
 Ant 4:Dx,Dy = ( 0.00297, 0.01872),(-0.00362, 0.01968)
 Ant 5:Dx,Dy = (-0.01749,-0.00144),( 0.01525,-0.00108)
 Ant 6:Dx,Dy = ( 0.00116,-0.02305),(-0.00201,-0.02267)
Solution for freq bin  1
Iter= 1, Amplit/Phase Solution Error:   0.508
Iter= 1, Polarisation Solution Error:   0.003
Iter= 1, Overall Solution Error:        1.807
Iter= 2, Amplit/Phase Solution Error:   0.002
Iter= 2, Polarisation Solution Error:   0.000
Iter= 2, Overall Solution Error:        0.003
Iter= 3, Amplit/Phase Solution Error:   0.001
Iter= 3, Polarisation Solution Error:   0.000
Iter= 3, Overall Solution Error:        0.001
I flux density:   5.5147
Leakage terms:
 Ant 1:Dx,Dy = ( 0.00121,-0.00143),(-0.00233,-0.00031)
 Ant 2:Dx,Dy = ( 0.00300, 0.00889),(-0.00458, 0.00911)
 Ant 3:Dx,Dy = ( 0.00251,-0.00169),(-0.00958,-0.00092)
 Ant 4:Dx,Dy = ( 0.00237, 0.01947),(-0.00371, 0.02056)
 Ant 5:Dx,Dy = (-0.01803,-0.00266),( 0.01465,-0.00205)
 Ant 6:Dx,Dy = ( 0.00091,-0.02483),(-0.00247,-0.02414)
Solution for freq bin  2
Iter= 1, Amplit/Phase Solution Error:   0.561
Iter= 1, Polarisation Solution Error:   0.004
Iter= 1, Overall Solution Error:        1.864
Iter= 2, Amplit/Phase Solution Error:   0.002
Iter= 2, Polarisation Solution Error:   0.000
Iter= 2, Overall Solution Error:        0.003
Iter= 3, Amplit/Phase Solution Error:   0.001
Iter= 3, Polarisation Solution Error:   0.000
Iter= 3, Overall Solution Error:        0.001
I flux density:   4.5156
Leakage terms:
 Ant 1:Dx,Dy = ( 0.00163,-0.00227),(-0.00139,-0.00153)
 Ant 2:Dx,Dy = ( 0.00338, 0.00625),(-0.00410, 0.00662)
 Ant 3:Dx,Dy = ( 0.00443,-0.00188),(-0.00776,-0.00259)
 Ant 4:Dx,Dy = ( 0.00376, 0.01769),(-0.00350, 0.01850)
 Ant 5:Dx,Dy = (-0.01675, 0.00023),( 0.01608, 0.00025)
 Ant 6:Dx,Dy = ( 0.00149,-0.02062),(-0.00139,-0.02067)

2018-11-22 20:39:24,438 [MainThread  ] [INFO ]  gpcopy vis=1934-638.5500 out=2255-282.5500

gpcopy: Revision 1.13, 2015/10/29 01:31:39 UTC

Copying leakage table
Copying gain table
Interpolation tolerance set to (minutes): 720.00
Copying bandpass table

2018-11-22 20:42:29,288 [MainThread  ] [INFO ]  pgflag vis=2255-282.5500 command='<b' stokes=i,q,u,v flagpar=8,5,5,3,6,3 options=nodisp

pgflag: Revision 1.30, 2016/10/05 23:06:50 UTC

Applying bandpass corrections to 2255-282.5500
Applying freq. dependent gain corrections to 2255-282.5500
Applying freq. dependent leakage correction to 2255-282.5500
Applying changes to dataset
Counts of correlations within selected channels:
 channel  Originally  Currently
 Good:      67789656   67285576    Changed to bad:     504080
 Bad:        9515016   10019096    Changed to good:         0
 13.0% of the data is now flagged

2018-11-22 20:45:30,342 [MainThread  ] [INFO ]  pgflag vis=2255-282.5500 command='<b' stokes=i,v,q,u flagpar=8,2,2,3,6,3  options=nodisp

pgflag: Revision 1.30, 2016/10/05 23:06:50 UTC

Applying bandpass corrections to 2255-282.5500
Applying freq. dependent gain corrections to 2255-282.5500
Applying freq. dependent leakage correction to 2255-282.5500
Applying changes to dataset
Counts of correlations within selected channels:
 channel  Originally  Currently
 Good:      67285576   66865100    Changed to bad:     420476
 Bad:       10019096   10439572    Changed to good:         0
 13.5% of the data is now flagged

2018-11-22 20:48:25,779 [MainThread  ] [INFO ]  pgflag vis=2255-282.5500 command='<b' stokes=i,v,u,q flagpar=8,2,2,3,6,3  options=nodisp

pgflag: Revision 1.30, 2016/10/05 23:06:50 UTC

Applying bandpass corrections to 2255-282.5500
Applying freq. dependent gain corrections to 2255-282.5500
Applying freq. dependent leakage correction to 2255-282.5500
Applying changes to dataset
Counts of correlations within selected channels:
 channel  Originally  Currently
 Good:      66865100   66331272    Changed to bad:     533828
 Bad:       10439572   10973400    Changed to good:         0
 14.2% of the data is now flagged

2018-11-22 20:48:30,765 [MainThread  ] [INFO ]  gpcal vis=2255-282.5500 refant=4 interval=0.1 nfbin=2 options=xyvary,qusolve

gpcal: Revision 1.22, 2016/05/01 22:31:05 UTC

Applying bandpass corrections to 2255-282.5500
Number of antennae: 6
Using leakage parameters from input as initial guess
Reading the data ...
Number of solution intervals: 629
Total visibilities read: 9432
Number visibilities accepted: 9426
Iter= 1, Amplit/Phase Solution Error:   1.252
Iter= 1, Polarisation Solution Error:   0.012
Iter= 1, Overall Solution Error:        1.594
Iter= 2, Amplit/Phase Solution Error:   0.014
Iter= 2, Polarisation Solution Error:   0.000
Iter= 2, Overall Solution Error:        0.010
Iter= 3, Amplit/Phase Solution Error:   0.001
Iter= 3, Polarisation Solution Error:   0.000
Iter= 3, Overall Solution Error:        0.001
I flux density:   3.2864
Percent Q:   0.574
Percent U:   1.247
Leakage terms:
 Ant 1:Dx,Dy = ( 0.00142,-0.00125),(-0.00161,-0.00125)
 Ant 2:Dx,Dy = ( 0.00376, 0.00810),(-0.00430, 0.00759)
 Ant 3:Dx,Dy = ( 0.00355,-0.00095),(-0.00760,-0.00200)
 Ant 4:Dx,Dy = ( 0.00383, 0.01928),(-0.00355, 0.01919)
 Ant 5:Dx,Dy = (-0.01728,-0.00070),( 0.01595,-0.00123)
 Ant 6:Dx,Dy = ( 0.00187,-0.02296),(-0.00172,-0.02383)
Solution for freq bin  1
Iter= 1, Amplit/Phase Solution Error:   1.083
Iter= 1, Polarisation Solution Error:   0.012
Iter= 1, Overall Solution Error:        1.597
Iter= 2, Amplit/Phase Solution Error:   0.012
Iter= 2, Polarisation Solution Error:   0.000
Iter= 2, Overall Solution Error:        0.009
Iter= 3, Amplit/Phase Solution Error:   0.001
Iter= 3, Polarisation Solution Error:   0.000
Iter= 3, Overall Solution Error:        0.001
I flux density:   3.1346
Percent Q:  -0.118
Percent U:   1.247
Leakage terms:
 Ant 1:Dx,Dy = ( 0.00140,-0.00075),(-0.00202,-0.00078)
 Ant 2:Dx,Dy = ( 0.00340, 0.00946),(-0.00452, 0.00854)
 Ant 3:Dx,Dy = ( 0.00286,-0.00105),(-0.00839,-0.00140)
 Ant 4:Dx,Dy = ( 0.00319, 0.02012),(-0.00322, 0.02003)
 Ant 5:Dx,Dy = (-0.01772,-0.00220),( 0.01533,-0.00269)
 Ant 6:Dx,Dy = ( 0.00153,-0.02439),(-0.00252,-0.02488)
Solution for freq bin  2
Iter= 1, Amplit/Phase Solution Error:   1.370
Iter= 1, Polarisation Solution Error:   0.012
Iter= 1, Overall Solution Error:        1.578
Iter= 2, Amplit/Phase Solution Error:   0.018
Iter= 2, Polarisation Solution Error:   0.000
Iter= 2, Overall Solution Error:        0.012
Iter= 3, Amplit/Phase Solution Error:   0.001
Iter= 3, Polarisation Solution Error:   0.000
Iter= 3, Overall Solution Error:        0.001
I flux density:   3.4779
Percent Q:   1.230
Percent U:   1.238
Leakage terms:
 Ant 1:Dx,Dy = ( 0.00143,-0.00191),(-0.00127,-0.00196)
 Ant 2:Dx,Dy = ( 0.00393, 0.00634),(-0.00427, 0.00622)
 Ant 3:Dx,Dy = ( 0.00419,-0.00115),(-0.00692,-0.00288)
 Ant 4:Dx,Dy = ( 0.00440, 0.01829),(-0.00392, 0.01824)
 Ant 5:Dx,Dy = (-0.01685, 0.00067),( 0.01654, 0.00009)
 Ant 6:Dx,Dy = ( 0.00153,-0.02046),(-0.00153,-0.02149)

2018-11-22 20:51:29,359 [MainThread  ] [INFO ]  pgflag vis=2255-282.5500 command='<b' stokes=i,q,u,v flagpar=8,5,5,3,6,3 options=nodisp

pgflag: Revision 1.30, 2016/10/05 23:06:50 UTC

Applying bandpass corrections to 2255-282.5500
Applying freq. dependent gain corrections to 2255-282.5500
Applying freq. dependent leakage correction to 2255-282.5500
Applying changes to dataset
Counts of correlations within selected channels:
 channel  Originally  Currently
 Good:      66331272   65871792    Changed to bad:     459480
 Bad:       10973400   11432880    Changed to good:         0
 14.8% of the data is now flagged

2018-11-22 20:54:33,012 [MainThread  ] [INFO ]  pgflag vis=2255-282.5500 command='<b' stokes=i,v,q,u flagpar=8,2,2,3,6,3  options=nodisp

pgflag: Revision 1.30, 2016/10/05 23:06:50 UTC

Applying bandpass corrections to 2255-282.5500
Applying freq. dependent gain corrections to 2255-282.5500
Applying freq. dependent leakage correction to 2255-282.5500
Applying changes to dataset
Counts of correlations within selected channels:
 channel  Originally  Currently
 Good:      65871792   65441344    Changed to bad:     430448
 Bad:       11432880   11863328    Changed to good:         0
 15.3% of the data is now flagged

2018-11-22 20:57:34,283 [MainThread  ] [INFO ]  pgflag vis=2255-282.5500 command='<b' stokes=i,v,u,q flagpar=8,2,2,3,6,3  options=nodisp

pgflag: Revision 1.30, 2016/10/05 23:06:50 UTC

Applying bandpass corrections to 2255-282.5500
Applying freq. dependent gain corrections to 2255-282.5500
Applying freq. dependent leakage correction to 2255-282.5500
Applying changes to dataset
Counts of correlations within selected channels:
 channel  Originally  Currently
 Good:      65441344   64978572    Changed to bad:     462772
 Bad:       11863328   12326100    Changed to good:         0
 15.9% of the data is now flagged

2018-11-22 20:57:39,321 [MainThread  ] [INFO ]  gpcal vis=2255-282.5500 refant=4 interval=0.1 nfbin=2 options=xyvary,qusolve

gpcal: Revision 1.22, 2016/05/01 22:31:05 UTC

Applying bandpass corrections to 2255-282.5500
Number of antennae: 6
Using leakage parameters from input as initial guess
Reading the data ...
Number of solution intervals: 629
Total visibilities read: 9432
Number visibilities accepted: 9426
Iter= 1, Amplit/Phase Solution Error:   1.252
Iter= 1, Polarisation Solution Error:   0.012
Iter= 1, Overall Solution Error:        1.593
Iter= 2, Amplit/Phase Solution Error:   0.014
Iter= 2, Polarisation Solution Error:   0.000
Iter= 2, Overall Solution Error:        0.010
Iter= 3, Amplit/Phase Solution Error:   0.001
Iter= 3, Polarisation Solution Error:   0.000
Iter= 3, Overall Solution Error:        0.001
I flux density:   3.2926
Percent Q:   0.562
Percent U:   1.242
Leakage terms:
 Ant 1:Dx,Dy = ( 0.00147,-0.00125),(-0.00155,-0.00126)
 Ant 2:Dx,Dy = ( 0.00381, 0.00811),(-0.00425, 0.00759)
 Ant 3:Dx,Dy = ( 0.00361,-0.00095),(-0.00753,-0.00201)
 Ant 4:Dx,Dy = ( 0.00389, 0.01928),(-0.00350, 0.01918)
 Ant 5:Dx,Dy = (-0.01721,-0.00069),( 0.01603,-0.00124)
 Ant 6:Dx,Dy = ( 0.00196,-0.02295),(-0.00167,-0.02381)
Solution for freq bin  1
Iter= 1, Amplit/Phase Solution Error:   1.087
Iter= 1, Polarisation Solution Error:   0.012
Iter= 1, Overall Solution Error:        1.597
Iter= 2, Amplit/Phase Solution Error:   0.012
Iter= 2, Polarisation Solution Error:   0.000
Iter= 2, Overall Solution Error:        0.009
Iter= 3, Amplit/Phase Solution Error:   0.001
Iter= 3, Polarisation Solution Error:   0.000
Iter= 3, Overall Solution Error:        0.001
I flux density:   3.1404
Percent Q:  -0.123
Percent U:   1.247
Leakage terms:
 Ant 1:Dx,Dy = ( 0.00141,-0.00075),(-0.00200,-0.00078)
 Ant 2:Dx,Dy = ( 0.00344, 0.00947),(-0.00447, 0.00853)
 Ant 3:Dx,Dy = ( 0.00289,-0.00104),(-0.00834,-0.00140)
 Ant 4:Dx,Dy = ( 0.00323, 0.02011),(-0.00317, 0.02002)
 Ant 5:Dx,Dy = (-0.01768,-0.00218),( 0.01537,-0.00271)
 Ant 6:Dx,Dy = ( 0.00160,-0.02439),(-0.00250,-0.02486)
Solution for freq bin  2
Iter= 1, Amplit/Phase Solution Error:   1.370
Iter= 1, Polarisation Solution Error:   0.012
Iter= 1, Overall Solution Error:        1.578
Iter= 2, Amplit/Phase Solution Error:   0.018
Iter= 2, Polarisation Solution Error:   0.000
Iter= 2, Overall Solution Error:        0.012
Iter= 3, Amplit/Phase Solution Error:   0.001
Iter= 3, Polarisation Solution Error:   0.000
Iter= 3, Overall Solution Error:        0.001
I flux density:   3.4822
Percent Q:   1.227
Percent U:   1.236
Leakage terms:
 Ant 1:Dx,Dy = ( 0.00143,-0.00191),(-0.00126,-0.00196)
 Ant 2:Dx,Dy = ( 0.00392, 0.00636),(-0.00428, 0.00622)
 Ant 3:Dx,Dy = ( 0.00420,-0.00114),(-0.00692,-0.00289)
 Ant 4:Dx,Dy = ( 0.00440, 0.01831),(-0.00393, 0.01824)
 Ant 5:Dx,Dy = (-0.01685, 0.00067),( 0.01656, 0.00007)
 Ant 6:Dx,Dy = ( 0.00155,-0.02046),(-0.00154,-0.02149)

2018-11-22 20:57:39,345 [MainThread  ] [INFO ]  gpboot vis=2255-282.5500 cal=1934-638.5500

gpboot: Revision 1.9, 2015/10/29 01:31:30 UTC

Secondary flux density scaled by:   0.998
Frequency bin  1 scaled by      :   0.999
Frequency bin  2 scaled by      :   1.002

2018-11-22 20:59:12,962 [MainThread  ] [INFO ]  gpcopy vis=2255-282.5500 out=e.5500

gpcopy: Revision 1.13, 2015/10/29 01:31:39 UTC

Copying leakage table
Copying gain table
Interpolation tolerance set to (minutes): 720.00
Copying bandpass table

2018-11-22 21:20:21,204 [MainThread  ] [INFO ]  pgflag vis=e.5500 command='<b' stokes=i,v,q,u flagpar=8,2,2,3,6,3  options=nodisp

pgflag: Revision 1.30, 2016/10/05 23:06:50 UTC

Applying bandpass corrections to e.5500
Applying freq. dependent gain corrections to e.5500
Applying freq. dependent leakage correction to e.5500
Applying changes to dataset
Counts of correlations within selected channels:
 channel  Originally  Currently
 Good:     433529844  421884160    Changed to bad:   11645684
 Bad:       60795504   72441188    Changed to good:         0
 14.7% of the data is now flagged

2018-11-22 21:42:03,990 [MainThread  ] [INFO ]  pgflag vis=e.5500 command='<b' stokes=i,v,u,q flagpar=8,2,2,3,6,3  options=nodisp

pgflag: Revision 1.30, 2016/10/05 23:06:50 UTC

Applying bandpass corrections to e.5500
Applying freq. dependent gain corrections to e.5500
Applying freq. dependent leakage correction to e.5500
Applying changes to dataset
Counts of correlations within selected channels:
 channel  Originally  Currently
 Good:     421884160  412715892    Changed to bad:    9168268
 Bad:       72441188   81609456    Changed to good:         0
 16.5% of the data is now flagged

2018-11-22 21:46:18,117 [MainThread  ] [INFO ]  uvsplit vis=e.5500

uvsplit: Revision 1.18, 2016/05/09 03:06:18 UTC

Creating e_1.5500
Creating e_2.5500
Creating e_3.5500
Creating e_4.5500
Creating e_5.5500
Creating e_6.5500
Creating e_7.5500
Creating e_8.5500
Creating e_9.5500
Creating e_10.5500
Creating e_11.5500
Creating e_12.5500
Creating e_13.5500
Creating e_14.5500
Creating e_15.5500
Creating e_16.5500
Creating e_17.5500
Creating e_18.5500
Creating e_19.5500
Creating e_20.5500
Creating e_21.5500
Creating e_22.5500
Creating e_23.5500
Creating e_24.5500
Creating e_25.5500
Creating e_26.5500
Creating e_27.5500
Creating e_28.5500
Creating e_29.5500
Creating e_30.5500
Creating e_31.5500
Creating e_32.5500
Creating e_33.5500
Creating e_34.5500
Creating e_35.5500
Creating e_36.5500
Creating e_37.5500
Creating e_38.5500
Creating e_39.5500
Creating e_40.5500
Creating e_41.5500
Creating e_42.5500
Creating e_43.5500
Creating e_44.5500
Creating e_45.5500
Creating e_46.5500
Creating e_47.5500
Creating e_48.5500
Creating e_49.5500
Creating e_50.5500
Creating e_51.5500
Creating e_52.5500
Creating e_53.5500
Creating e_54.5500
Creating e_55.5500
Creating e_56.5500
Creating e_57.5500
Creating e_58.5500
Creating e_59.5500
Creating e_60.5500
Creating e_61.5500
Creating e_62.5500
Creating e_63.5500
Creating e_64.5500
Creating e_65.5500
Creating e_66.5500
Creating e_67.5500
Creating e_68.5500
Creating e_69.5500
Creating e_70.5500
Creating e_71.5500
Creating e_72.5500
Creating e_73.5500
Creating e_74.5500
Creating e_75.5500
Creating e_76.5500
Creating e_77.5500
Creating e_78.5500
Creating e_79.5500
Creating e_80.5500
Creating e_81.5500
Creating e_82.5500
Creating e_83.5500
Creating e_84.5500
Creating e_85.5500
Creating e_86.5500
Creating e_87.5500
Creating e_88.5500
Creating e_89.5500
Creating e_90.5500
Creating e_91.5500
Creating e_92.5500
Creating e_93.5500
Creating e_94.5500
Creating e_95.5500
Creating e_96.5500
Creating e_97.5500
Creating e_98.5500
Creating e_99.5500
Creating e_100.5500
Creating e_101.5500
Creating e_102.5500
Creating e_103.5500
Creating e_104.5500
Creating e_105.5500
Creating e_106.5500
Creating e_107.5500
Creating e_108.5500
Creating e_109.5500
Creating e_110.5500
Creating e_111.5500
Creating e_112.5500
Creating e_113.5500
Creating e_114.5500
Creating e_115.5500
Creating e_116.5500
Creating e_117.5500
Creating e_118.5500
Creating e_119.5500
Creating e_120.5500
Creating e_121.5500
Creating e_122.5500
Creating e_123.5500
Creating e_124.5500
Creating e_125.5500
Creating e_126.5500
Creating e_127.5500
Creating e_128.5500
Creating e_129.5500
Creating e_130.5500
Creating e_131.5500
Creating e_132.5500
Creating e_133.5500
Creating e_134.5500
Creating e_135.5500
Creating e_136.5500
Creating e_137.5500
Creating e_138.5500
Creating e_139.5500
Creating e_140.5500
Creating e_141.5500
Creating e_142.5500
Creating e_143.5500
Creating e_144.5500
Creating e_145.5500
Creating e_146.5500
Creating e_147.5500
Creating e_148.5500
Creating e_149.5500
Creating e_150.5500
Creating e_151.5500
Creating e_152.5500
Creating e_153.5500
Creating e_154.5500
Creating e_155.5500
Creating e_156.5500
Creating e_157.5500
Creating e_158.5500
Creating e_159.5500
Creating e_160.5500
Creating e_161.5500
Creating e_162.5500
Creating e_163.5500
Creating e_164.5500
Creating e_165.5500
Creating e_166.5500
Creating e_167.5500
Creating e_168.5500
Creating e_169.5500
Creating e_170.5500
Creating e_171.5500
Creating e_172.5500
Creating e_173.5500
Creating e_174.5500
Creating e_175.5500
Creating e_176.5500
Creating e_177.5500
Creating e_178.5500
Creating e_179.5500
Creating e_180.5500

