2018-11-22 21:49:11,844 [MainThread  ] [INFO ]  atlod in=raw/2018-11-16_0311.C3132,raw/2018-11-16_0558.C3132,raw/2018-11-16_0845.C3132,raw/2018-11-16_1131.C3132,raw/2018-11-16_1418.C3132 out=data9.uv ifsel=2 options=birdie,rfiflag,noauto,xycorr

atlod: Revision 1.53, 2016/08/25 23:02:21 UTC

Processing file raw/2018-11-16_0311.C3132
 03:11:13 CAOBS> track 1
CABB data detected
Scan 1 started at 18NOV16:03:11:32.0
Source: 1934-638
Flagging channels in  28 frequency ranges
 03:20:04 CAOBS> stop
 03:20:13 CAOBS> set file c3132_obs_e1
 03:20:17 CAOBS> start 1/99
Scan 2 started at 18NOV16:03:22:12.0
Source: 2255-282
Scan 3 started at 18NOV16:03:25:00.7
Source: e_1
Source: e_2
Source: e_3
Source: e_4
Source: e_5
Source: e_6
Source: e_7
Source: e_8
Source: e_9
Source: e_10
Source: e_11
Source: e_12
Source: e_13
Source: e_14
Source: e_15
Source: e_16
Source: e_17
Source: e_18
Source: e_19
Source: e_20
Scan 4 started at 18NOV16:03:38:52.0
Source: 2255-282
Scan 5 started at 18NOV16:03:41:48.0
Source: e_21
Source: e_22
Source: e_23
Source: e_24
Source: e_25
Source: e_26
Source: e_27
Source: e_28
Source: e_29
Source: e_30
Source: e_31
Source: e_32
Source: e_33
Source: e_34
Source: e_35
Source: e_36
Source: e_37
Source: e_38
Source: e_39
Source: e_40
Scan 6 started at 18NOV16:03:55:32.0
Source: 2255-282
Scan 7 started at 18NOV16:03:58:28.0
Source: e_41
Source: e_42
Source: e_43
Source: e_44
Source: e_45
Source: e_46
Source: e_47
Source: e_48
Source: e_49
Source: e_50
Source: e_51
Source: e_52
Source: e_53
Source: e_54
Source: e_55
Source: e_56
Source: e_57
Source: e_58
Source: e_59
Source: e_60
Scan 8 started at 18NOV16:04:12:20.0
Source: 2255-282
Scan 9 started at 18NOV16:04:15:10.5
Source: e_61
Source: e_62
Source: e_63
Source: e_64
Source: e_65
Source: e_66
Source: e_67
Source: e_68
Source: e_69
Source: e_70
Source: e_71
Source: e_72
Source: e_73
Source: e_74
Source: e_75
Source: e_76
Source: e_77
Source: e_78
Source: e_79
Source: e_80
Scan 10 started at 18NOV16:04:29:00.0
Source: 2255-282
Scan 11 started at 18NOV16:04:31:58.8
Source: e_81
Source: e_82
Source: e_83
Source: e_84
Source: e_85
Source: e_86
Source: e_87
Source: e_88
Source: e_89
Source: e_90
Source: e_91
Source: e_92
Source: e_93
Source: e_94
Source: e_95
Source: e_96
Source: e_97
Source: e_98
Source: e_99
Source: e_100
Scan 12 started at 18NOV16:04:45:48.0
Source: 2255-282
Scan 13 started at 18NOV16:04:48:44.0
Source: e_101
Source: e_102
Source: e_103
Source: e_104
Source: e_105
Source: e_106
Source: e_107
Source: e_108
Source: e_109
Source: e_110
Source: e_111
Source: e_112
Source: e_113
Source: e_114
Source: e_115
Source: e_116
Source: e_117
Source: e_118
Source: e_119
Source: e_120
Scan 14 started at 18NOV16:05:02:28.0
Source: 2255-282
Scan 15 started at 18NOV16:05:05:24.0
Source: e_121
Source: e_122
Source: e_123
Source: e_124
Source: e_125
Source: e_126
Source: e_127
Source: e_128
Source: e_129
Source: e_130
Source: e_131
Source: e_132
Source: e_133
Source: e_134
Source: e_135
Source: e_136
Source: e_137
Source: e_138
Source: e_139
Source: e_140
Scan 16 started at 18NOV16:05:19:08.0
Source: 2255-282
Scan 17 started at 18NOV16:05:22:06.0
Source: e_141
Source: e_142
Source: e_143
Source: e_144
Source: e_145
Source: e_146
Source: e_147
Source: e_148
Source: e_149
Source: e_150
Source: e_151
Source: e_152
Source: e_153
Source: e_154
Source: e_155
Source: e_156
Source: e_157
Source: e_158
Source: e_159
Source: e_160
Scan 18 started at 18NOV16:05:35:56.0
Source: 2255-282
Scan 19 started at 18NOV16:05:38:52.0
Source: e_161
Source: e_162
Source: e_163
Source: e_164
Source: e_165
Source: e_166
Source: e_167
Source: e_168
Source: e_169
Source: e_170
Source: e_171
Source: e_172
Source: e_173
Source: e_174
Source: e_175
Source: e_176
Source: e_177
Source: e_178
Source: e_179
Source: e_180
Scan 20 started at 18NOV16:05:52:36.0
Source: 2255-282
Scan 21 started at 18NOV16:05:55:24.7
Source: e_1
Source: e_2
Source: e_3
Source: e_4
Source: e_5
RPFITS file version is 2.12
---------------------------------------
Total number of spectra selected: 72660

Summary of spectra flagged
Flagging Reason            Fraction
---------------            --------
Antenna off-source/off-line  5.75%
---------------------------------------
Processing file raw/2018-11-16_0558.C3132
CABB data detected
Scan 1 started at 18NOV16:05:58:36.0
Source: e_5
Source: e_6
Source: e_7
Source: e_8
Source: e_9
Source: e_10
Source: e_11
Source: e_12
Source: e_13
Source: e_14
Source: e_15
Source: e_16
Source: e_17
Source: e_18
Source: e_19
Source: e_20
Scan 2 started at 18NOV16:06:09:08.0
Source: 2255-282
Scan 3 started at 18NOV16:06:12:04.0
Source: e_21
Source: e_22
Source: e_23
Source: e_24
Source: e_25
Source: e_26
Source: e_27
Source: e_28
Source: e_29
Source: e_30
Source: e_31
Source: e_32
Source: e_33
Source: e_34
Source: e_35
Source: e_36
Source: e_37
Source: e_38
Source: e_39
Source: e_40
Scan 4 started at 18NOV16:06:25:48.0
Source: 2255-282
Scan 5 started at 18NOV16:06:28:52.0
Source: e_41
Source: e_42
Source: e_43
Source: e_44
Source: e_45
Source: e_46
Source: e_47
Source: e_48
Source: e_49
Source: e_50
Source: e_51
Source: e_52
Source: e_53
Source: e_54
Source: e_55
Source: e_56
Source: e_57
Source: e_58
Source: e_59
Source: e_60
Scan 6 started at 18NOV16:06:42:28.0
Source: 2255-282
Scan 7 started at 18NOV16:06:45:24.0
Source: e_61
Source: e_62
Source: e_63
Source: e_64
Source: e_65
Source: e_66
Source: e_67
Source: e_68
Source: e_69
Source: e_70
Source: e_71
Source: e_72
Source: e_73
Source: e_74
Source: e_75
Source: e_76
Source: e_77
Source: e_78
Source: e_79
Source: e_80
Scan 8 started at 18NOV16:06:59:08.0
Source: 2255-282
Scan 9 started at 18NOV16:07:01:56.0
Source: e_81
Source: e_82
Source: e_83
Source: e_84
Source: e_85
Source: e_86
Source: e_87
Source: e_88
Source: e_89
Source: e_90
Source: e_91
Source: e_92
Source: e_93
Source: e_94
Source: e_95
Source: e_96
Source: e_97
Source: e_98
Source: e_99
Source: e_100
Scan 10 started at 18NOV16:07:15:40.0
Source: 2255-282
Scan 11 started at 18NOV16:07:18:36.0
Source: e_101
Source: e_102
Source: e_103
Source: e_104
Source: e_105
Source: e_106
Source: e_107
Source: e_108
Source: e_109
Source: e_110
Source: e_111
Source: e_112
Source: e_113
Source: e_114
Source: e_115
Source: e_116
Source: e_117
Source: e_118
Source: e_119
Source: e_120
Scan 12 started at 18NOV16:07:32:12.0
Source: 2255-282
Scan 13 started at 18NOV16:07:35:16.0
Source: e_121
Source: e_122
Source: e_123
Source: e_124
Source: e_125
Source: e_126
Source: e_127
Source: e_128
Source: e_129
Source: e_130
Source: e_131
Source: e_132
Source: e_133
Source: e_134
Source: e_135
Source: e_136
Source: e_137
Source: e_138
Source: e_139
Source: e_140
Scan 14 started at 18NOV16:07:49:00.0
Source: 2255-282
Scan 15 started at 18NOV16:07:51:50.0
Source: e_141
Source: e_142
Source: e_143
Source: e_144
Source: e_145
Source: e_146
Source: e_147
Source: e_148
Source: e_149
Source: e_150
Source: e_151
Source: e_152
Source: e_153
Source: e_154
Source: e_155
Source: e_156
Source: e_157
Source: e_158
Source: e_159
Source: e_160
Scan 16 started at 18NOV16:08:05:48.0
Source: 2255-282
Scan 17 started at 18NOV16:08:09:00.0
Source: e_161
Source: e_162
Source: e_163
Source: e_164
Source: e_165
Source: e_166
Source: e_167
Source: e_168
Source: e_169
Source: e_170
Source: e_171
Source: e_172
Source: e_173
Source: e_174
Source: e_175
Source: e_176
Source: e_177
Source: e_178
Source: e_179
Source: e_180
Scan 18 started at 18NOV16:08:22:36.0
Source: 2255-282
Scan 19 started at 18NOV16:08:25:48.7
Source: e_1
Source: e_2
Source: e_3
Source: e_4
Source: e_5
Source: e_6
Source: e_7
Source: e_8
Source: e_9
Source: e_10
Source: e_11
Source: e_12
Source: e_13
Source: e_14
Source: e_15
Source: e_16
Source: e_17
Source: e_18
Source: e_19
Source: e_20
Scan 20 started at 18NOV16:08:39:56.0
Source: 2255-282
Scan 21 started at 18NOV16:08:44:20.0
Source: e_21
Source: e_22
Source: e_23
RPFITS file version is 2.12
---------------------------------------
Total number of spectra selected: 72604

Summary of spectra flagged
Flagging Reason            Fraction
---------------            --------
Antenna off-source/off-line  6.86%
---------------------------------------
Processing file raw/2018-11-16_0845.C3132
CABB data detected
Scan 1 started at 18NOV16:08:45:24.0
Source: e_23
Source: e_24
Source: e_25
Source: e_26
Source: e_27
Source: e_28
Source: e_29
Source: e_30
Source: e_31
Source: e_32
Source: e_33
Source: e_34
Source: e_35
Source: e_36
Source: e_37
Scan 2 started at 18NOV16:08:57:32.0
Source: 2255-282
Scan 3 started at 18NOV16:09:05:24.0
Source: e_43
Source: e_44
Source: e_45
Source: e_46
Source: e_47
Source: e_48
Source: e_49
Source: e_50
Source: e_51
Source: e_52
Source: e_53
Source: e_54
Source: e_55
Source: e_56
Source: e_57
Source: e_58
Source: e_59
Source: e_60
Scan 4 started at 18NOV16:09:24:20.0
Source: 2255-282
Scan 5 started at 18NOV16:09:29:00.0
Source: e_61
Source: e_62
Source: e_63
Source: e_64
Source: e_65
Source: e_66
Source: e_67
Source: e_68
Source: e_69
Source: e_70
Source: e_71
Source: e_72
Source: e_73
Source: e_74
Source: e_75
Source: e_76
Source: e_77
Source: e_78
Source: e_79
Source: e_80
Scan 6 started at 18NOV16:09:43:16.0
Source: 2255-282
Scan 7 started at 18NOV16:09:46:52.0
Source: e_81
Source: e_82
Source: e_83
Source: e_84
Source: e_85
Source: e_86
Source: e_87
Source: e_88
Source: e_89
Source: e_90
Source: e_91
Source: e_92
Source: e_93
Source: e_94
Source: e_95
Source: e_96
Source: e_97
Source: e_98
Source: e_99
Source: e_100
Scan 8 started at 18NOV16:10:00:44.0
Source: 2255-282
Scan 9 started at 18NOV16:10:04:12.0
Source: e_101
Source: e_102
Source: e_103
Source: e_104
Source: e_105
Source: e_106
Source: e_107
Source: e_108
Source: e_109
Source: e_110
Source: e_111
Source: e_112
Source: e_113
Source: e_114
Source: e_115
Source: e_116
Source: e_117
Source: e_118
Source: e_119
Source: e_120
Scan 10 started at 18NOV16:10:17:48.0
Source: 2255-282
Scan 11 started at 18NOV16:10:21:00.0
Source: e_121
Source: e_122
Source: e_123
Source: e_124
Source: e_125
Source: e_126
Source: e_127
Source: e_128
Source: e_129
Source: e_130
Source: e_131
Source: e_132
Source: e_133
Source: e_134
Source: e_135
Source: e_136
Source: e_137
Source: e_138
Source: e_139
Source: e_140
Scan 12 started at 18NOV16:10:34:52.0
Source: 2255-282
Scan 13 started at 18NOV16:10:37:50.0
Source: e_141
Source: e_142
Source: e_143
Source: e_144
Source: e_145
Source: e_146
Source: e_147
Source: e_148
Source: e_149
Source: e_150
Source: e_151
Source: e_152
Source: e_153
Source: e_154
Source: e_155
Source: e_156
Source: e_157
Source: e_158
Source: e_159
Source: e_160
Scan 14 started at 18NOV16:10:51:40.0
Source: 2255-282
Scan 15 started at 18NOV16:10:54:52.0
Source: e_161
Source: e_162
Source: e_163
Source: e_164
Source: e_165
Source: e_166
Source: e_167
Source: e_168
Source: e_169
Source: e_170
Source: e_171
Source: e_172
Source: e_173
Source: e_174
Source: e_175
Source: e_176
Source: e_177
Source: e_178
Source: e_179
Source: e_180
Scan 16 started at 18NOV16:11:08:28.0
Source: 2255-282
Scan 17 started at 18NOV16:11:11:16.7
Source: e_1
Source: e_2
Source: e_3
Source: e_4
Source: e_5
Source: e_6
Source: e_7
Source: e_8
Source: e_9
Source: e_10
Source: e_11
Source: e_12
Source: e_13
Source: e_14
Source: e_15
Source: e_16
Source: e_17
Source: e_18
Source: e_19
Source: e_20
Scan 18 started at 18NOV16:11:25:00.0
Source: 2255-282
Scan 19 started at 18NOV16:11:27:56.0
Source: e_21
Source: e_22
Source: e_23
Source: e_24
Source: e_25
Source: e_26
RPFITS file version is 2.12
---------------------------------------
Total number of spectra selected: 72652

Summary of spectra flagged
Flagging Reason            Fraction
---------------            --------
Antenna off-source/off-line  18.3%
---------------------------------------
Processing file raw/2018-11-16_1131.C3132
CABB data detected
Scan 1 started at 18NOV16:11:31:40.0
Source: e_26
Source: e_27
Source: e_28
Source: e_29
Source: e_30
Source: e_31
Source: e_32
Source: e_33
Source: e_34
Source: e_35
Source: e_36
Source: e_37
Source: e_38
Source: e_39
Source: e_40
Scan 2 started at 18NOV16:11:41:40.0
Source: 2255-282
Scan 3 started at 18NOV16:11:44:36.0
Source: e_41
Source: e_42
Source: e_43
Source: e_44
Source: e_45
Source: e_46
Source: e_47
Source: e_48
Source: e_49
Source: e_50
Source: e_51
Source: e_52
Source: e_53
Source: e_54
Source: e_55
Source: e_56
Source: e_57
Source: e_58
Source: e_59
Source: e_60
Scan 4 started at 18NOV16:11:58:12.0
Source: 2255-282
Scan 5 started at 18NOV16:12:01:00.0
Source: e_61
Source: e_62
Source: e_63
Source: e_64
Source: e_65
Source: e_66
Source: e_67
Source: e_68
Source: e_69
Source: e_70
Source: e_71
Source: e_72
Source: e_73
Source: e_74
Source: e_75
Source: e_76
Source: e_77
Source: e_78
Source: e_79
Source: e_80
Scan 6 started at 18NOV16:12:14:44.0
Source: 2255-282
Scan 7 started at 18NOV16:12:17:32.0
Source: e_81
Source: e_82
Source: e_83
Source: e_84
Source: e_85
Source: e_86
Source: e_87
Source: e_88
Source: e_89
Source: e_90
Source: e_91
Source: e_92
Source: e_93
Source: e_94
Source: e_95
Source: e_96
Source: e_97
Source: e_98
Source: e_99
Source: e_100
Scan 8 started at 18NOV16:12:31:16.0
Source: 2255-282
Scan 9 started at 18NOV16:12:34:04.0
Source: e_101
Source: e_102
Source: e_103
Source: e_104
Source: e_105
Source: e_106
Source: e_107
Source: e_108
Source: e_109
Source: e_110
Source: e_111
Source: e_112
Source: e_113
Source: e_114
Source: e_115
Source: e_116
Source: e_117
Source: e_118
Source: e_119
Source: e_120
Scan 10 started at 18NOV16:12:47:48.0
Source: 2255-282
Scan 11 started at 18NOV16:12:50:36.0
Source: e_121
Source: e_122
Source: e_123
Source: e_124
Source: e_125
Source: e_126
Source: e_127
Source: e_128
Source: e_129
Source: e_130
Source: e_131
Source: e_132
Source: e_133
Source: e_134
Source: e_135
Source: e_136
Source: e_137
Source: e_138
Source: e_139
Source: e_140
Scan 12 started at 18NOV16:13:04:20.0
Source: 2255-282
Scan 13 started at 18NOV16:13:07:02.0
Source: e_141
Source: e_142
Source: e_143
Source: e_144
Source: e_145
Source: e_146
Source: e_147
Source: e_148
Source: e_149
Source: e_150
Source: e_151
Source: e_152
Source: e_153
Source: e_154
Source: e_155
Source: e_156
Source: e_157
Source: e_158
Source: e_159
Source: e_160
Scan 14 started at 18NOV16:13:20:52.0
Source: 2255-282
Scan 15 started at 18NOV16:13:23:40.0
Source: e_161
Source: e_162
Source: e_163
Source: e_164
Source: e_165
Source: e_166
Source: e_167
Source: e_168
Source: e_169
Source: e_170
Source: e_171
Source: e_172
Source: e_173
Source: e_174
Source: e_175
Source: e_176
Source: e_177
Source: e_178
Source: e_179
Source: e_180
Scan 16 started at 18NOV16:13:37:24.0
Source: 2255-282
Scan 17 started at 18NOV16:13:40:04.7
Source: e_1
Source: e_2
Source: e_3
Source: e_4
Source: e_5
Source: e_6
Source: e_7
Source: e_8
Source: e_9
Source: e_10
Source: e_11
Source: e_12
Source: e_13
Source: e_14
Source: e_15
Source: e_16
Source: e_17
Source: e_18
Source: e_19
Source: e_20
Scan 18 started at 18NOV16:13:53:48.0
Source: 2255-282
Scan 19 started at 18NOV16:13:56:36.0
Source: e_21
Source: e_22
Source: e_23
Source: e_24
Source: e_25
Source: e_26
Source: e_27
Source: e_28
Source: e_29
Source: e_30
Source: e_31
Source: e_32
Source: e_33
Source: e_34
Source: e_35
Source: e_36
Source: e_37
Source: e_38
Source: e_39
Source: e_40
Scan 20 started at 18NOV16:14:10:20.0
Source: 2255-282
Scan 21 started at 18NOV16:14:13:08.0
Source: e_41
Source: e_42
Source: e_43
Source: e_44
Source: e_45
Source: e_46
Source: e_47
Source: e_48
RPFITS file version is 2.12
---------------------------------------
Total number of spectra selected: 72604

Summary of spectra flagged
Flagging Reason            Fraction
---------------            --------
Antenna off-source/off-line  4.05%
---------------------------------------
Processing file raw/2018-11-16_1418.C3132
CABB data detected
Scan 1 started at 18NOV16:14:18:29.5
Source: e_49
Source: e_50
Source: e_51
Source: e_52
Source: e_53
Source: e_54
Source: e_55
Source: e_56
Source: e_57
Source: e_58
Source: e_59
Source: e_60
Scan 2 started at 18NOV16:14:26:52.0
Source: 2255-282
Scan 3 started at 18NOV16:14:29:34.5
Source: e_61
Source: e_62
Source: e_63
Source: e_64
Source: e_65
Source: e_66
Source: e_67
Source: e_68
Source: e_69
Source: e_70
Source: e_71
Source: e_72
Source: e_73
Source: e_74
Source: e_75
Source: e_76
Source: e_77
Source: e_78
Source: e_79
Source: e_80
Scan 4 started at 18NOV16:14:43:24.0
Source: 2255-282
Scan 5 started at 18NOV16:14:46:06.8
Source: e_81
Source: e_82
Source: e_83
Source: e_84
Source: e_85
Source: e_86
Source: e_87
Source: e_88
Source: e_89
Source: e_90
Source: e_91
Source: e_92
Source: e_93
Source: e_94
Source: e_95
Source: e_96
Source: e_97
Source: e_98
 14:57:55 CAOBS> stop
 14:58:01 CAOBS> track 11
Scan 6 started at 18NOV16:14:58:20.0
Source: 2255-282
 15:00:01 CAOBS> stop
 15:00:06 CAOBS> cor closef
RPFITS file version is 2.12
---------------------------------------
Total number of spectra selected: 18060

Summary of spectra flagged
Flagging Reason            Fraction
---------------            --------
Antenna off-source/off-line  2.66%
---------------------------------------

No CACAL data was detected

2018-11-22 21:49:33,035 [MainThread  ] [INFO ]  uvflag vis=data9.uv line=chan,65,850,1 flagval=flag

uvflag: Revision 1.8, 2014/09/30 14:23:39 UTC


Set flags to indicate bad data in visibility file data9.uv
Linetype channel; select   65 channels; start  850, width    1, step    1

Overview of flagging on visibility file data9.uv
Changed flags set to FALSE (data flagged as bad)
Total number of records selected: 282700; out of 282700 records
Antennas used: 1-6
Counts of correlations within selected channels
channel   Originally    Currently
Good:        18375500.           0.    Changed to bad:    18375500.
Bad:                0.    18375500.

2018-11-22 21:50:16,341 [MainThread  ] [INFO ]  uvsplit vis=data9.uv options=mosaic

uvsplit: Revision 1.18, 2016/05/09 03:06:18 UTC

Creating 1934-638.9500
Creating 2255-282.9500
Creating e.9500

2018-11-22 21:50:25,506 [MainThread  ] [INFO ]  pgflag vis=1934-638.9500 command='<b' stokes=i,q,u,v flagpar=8,5,5,3,6,3 options=nodisp

pgflag: Revision 1.30, 2016/10/05 23:06:50 UTC

Applying changes to dataset
Counts of correlations within selected channels:
 channel  Originally  Currently
 Good:       6789120    6699036    Changed to bad:      90084
 Bad:        1079040    1169124    Changed to good:         0
 14.9% of the data is now flagged

2018-11-22 21:50:34,976 [MainThread  ] [INFO ]  pgflag vis=1934-638.9500 command='<b' stokes=i,v,q,u flagpar=8,2,2,3,6,3  options=nodisp

pgflag: Revision 1.30, 2016/10/05 23:06:50 UTC

Applying changes to dataset
Counts of correlations within selected channels:
 channel  Originally  Currently
 Good:       6699036    6602380    Changed to bad:      96656
 Bad:        1169124    1265780    Changed to good:         0
 16.1% of the data is now flagged

2018-11-22 21:50:45,899 [MainThread  ] [INFO ]  pgflag vis=1934-638.9500 command='<b' stokes=i,v,u,q flagpar=8,2,2,3,6,3  options=nodisp

pgflag: Revision 1.30, 2016/10/05 23:06:50 UTC

Applying changes to dataset
Counts of correlations within selected channels:
 channel  Originally  Currently
 Good:       6602380    6430060    Changed to bad:     172320
 Bad:        1265780    1438100    Changed to good:         0
 18.3% of the data is now flagged

2018-11-22 21:51:31,241 [MainThread  ] [INFO ]  mfcal vis=1934-638.9500 refant=4 interval=0.1
MfCal: $Revision: 1.20 $, $Date: 2017/05/08 02:31:10 $
Selecting parallel-hand polarisations
Reading the data ...
Number correlations accepted: 3215030
Number of frequency bands/settings: 1
Number of polarisations selected: 2
Number of solution intervals: 64
Number of passband solution intervals: 1
Initialising ...
Using post-Aug94 ATCA flux scale for 1934-638.
Using known frequency variation of 1934-638
Generating initial solution estimate ...
Doing solution refinement ...
Iter= 1, Solution Error:  0.477
Iter= 2, Solution Error:  0.020
Iter= 3, Solution Error:  0.000
Saving solution ...

2018-11-22 21:51:31,911 [MainThread  ] [INFO ]  gpcal vis=1934-638.9500 refant=4 interval=0.1 nfbin=2 options=xyvary

gpcal: Revision 1.22, 2016/05/01 22:31:05 UTC

Applying bandpass corrections to 1934-638.9500
Number of antennae: 6
Reading the data ...
Number of solution intervals: 64
Total visibilities read: 960
Number visibilities accepted: 960
Using post-Aug94 ATCA flux scale for 1934-638.
Using IQUV =  2.5386,  0.0000,  0.0000,  0.0000 at   9.4589 GHz.
Using post-Aug94 ATCA flux scale for 1934-638.
Using IQUV =  2.6975,  0.0000,  0.0000,  0.0000 at   9.0083 GHz.
Using post-Aug94 ATCA flux scale for 1934-638.
Using IQUV =  2.3871,  0.0000,  0.0000,  0.0000 at   9.9407 GHz.
Iter= 1, Amplit/Phase Solution Error:   0.986
Iter= 1, Polarisation Solution Error:   0.033
Iter= 1, Overall Solution Error:        1.976
Iter= 2, Amplit/Phase Solution Error:   0.002
Iter= 2, Polarisation Solution Error:   0.000
Iter= 2, Overall Solution Error:        0.003
Iter= 3, Amplit/Phase Solution Error:   0.001
Iter= 3, Polarisation Solution Error:   0.000
Iter= 3, Overall Solution Error:        0.001
I flux density:   2.5386
Leakage terms:
 Ant 1:Dx,Dy = ( 0.00185,-0.00448),(-0.00095,-0.00423)
 Ant 2:Dx,Dy = ( 0.00319, 0.00202),(-0.00370, 0.00209)
 Ant 3:Dx,Dy = ( 0.00441,-0.00148),(-0.00826,-0.00179)
 Ant 4:Dx,Dy = ( 0.00312, 0.01632),(-0.00244, 0.01682)
 Ant 5:Dx,Dy = (-0.01605, 0.00433),( 0.01589, 0.00419)
 Ant 6:Dx,Dy = ( 0.00207,-0.01701),(-0.00196,-0.01677)
Solution for freq bin  1
Iter= 1, Amplit/Phase Solution Error:   0.950
Iter= 1, Polarisation Solution Error:   0.033
Iter= 1, Overall Solution Error:        1.972
Iter= 2, Amplit/Phase Solution Error:   0.002
Iter= 2, Polarisation Solution Error:   0.000
Iter= 2, Overall Solution Error:        0.003
Iter= 3, Amplit/Phase Solution Error:   0.001
Iter= 3, Polarisation Solution Error:   0.000
Iter= 3, Overall Solution Error:        0.001
I flux density:   2.6975
Leakage terms:
 Ant 1:Dx,Dy = ( 0.00195,-0.00404),(-0.00119,-0.00397)
 Ant 2:Dx,Dy = ( 0.00305, 0.00261),(-0.00390, 0.00273)
 Ant 3:Dx,Dy = ( 0.00410,-0.00168),(-0.00791,-0.00165)
 Ant 4:Dx,Dy = ( 0.00233, 0.01638),(-0.00250, 0.01695)
 Ant 5:Dx,Dy = (-0.01603, 0.00356),( 0.01556, 0.00305)
 Ant 6:Dx,Dy = ( 0.00201,-0.01703),(-0.00265,-0.01691)
Solution for freq bin  2
Iter= 1, Amplit/Phase Solution Error:   1.033
Iter= 1, Polarisation Solution Error:   0.033
Iter= 1, Overall Solution Error:        1.978
Iter= 2, Amplit/Phase Solution Error:   0.002
Iter= 2, Polarisation Solution Error:   0.000
Iter= 2, Overall Solution Error:        0.003
Iter= 3, Amplit/Phase Solution Error:   0.001
Iter= 3, Polarisation Solution Error:   0.000
Iter= 3, Overall Solution Error:        0.001
I flux density:   2.3871
Leakage terms:
 Ant 1:Dx,Dy = ( 0.00172,-0.00496),(-0.00068,-0.00452)
 Ant 2:Dx,Dy = ( 0.00334, 0.00134),(-0.00347, 0.00136)
 Ant 3:Dx,Dy = ( 0.00479,-0.00126),(-0.00866,-0.00197)
 Ant 4:Dx,Dy = ( 0.00403, 0.01626),(-0.00237, 0.01667)
 Ant 5:Dx,Dy = (-0.01608, 0.00520),( 0.01626, 0.00548)
 Ant 6:Dx,Dy = ( 0.00213,-0.01699),(-0.00116,-0.01661)

2018-11-22 21:51:45,654 [MainThread  ] [INFO ]  pgflag vis=1934-638.9500 command='<b' stokes=i,q,u,v flagpar=8,5,5,3,6,3 options=nodisp

pgflag: Revision 1.30, 2016/10/05 23:06:50 UTC

Applying bandpass corrections to 1934-638.9500
Applying freq. dependent gain corrections to 1934-638.9500
Applying freq. dependent leakage correction to 1934-638.9500
Applying changes to dataset
Counts of correlations within selected channels:
 channel  Originally  Currently
 Good:       6430060    6402148    Changed to bad:      27912
 Bad:        1438100    1466012    Changed to good:         0
 18.6% of the data is now flagged

2018-11-22 21:51:58,564 [MainThread  ] [INFO ]  pgflag vis=1934-638.9500 command='<b' stokes=i,v,q,u flagpar=8,2,2,3,6,3  options=nodisp

pgflag: Revision 1.30, 2016/10/05 23:06:50 UTC

Applying bandpass corrections to 1934-638.9500
Applying freq. dependent gain corrections to 1934-638.9500
Applying freq. dependent leakage correction to 1934-638.9500
Applying changes to dataset
Counts of correlations within selected channels:
 channel  Originally  Currently
 Good:       6402148    6374092    Changed to bad:      28056
 Bad:        1466012    1494068    Changed to good:         0
 19.0% of the data is now flagged

2018-11-22 21:52:11,193 [MainThread  ] [INFO ]  pgflag vis=1934-638.9500 command='<b' stokes=i,v,u,q flagpar=8,2,2,3,6,3  options=nodisp

pgflag: Revision 1.30, 2016/10/05 23:06:50 UTC

Applying bandpass corrections to 1934-638.9500
Applying freq. dependent gain corrections to 1934-638.9500
Applying freq. dependent leakage correction to 1934-638.9500
Applying changes to dataset
Counts of correlations within selected channels:
 channel  Originally  Currently
 Good:       6374092    6346940    Changed to bad:      27152
 Bad:        1494068    1521220    Changed to good:         0
 19.3% of the data is now flagged

2018-11-22 21:52:56,015 [MainThread  ] [INFO ]  mfcal vis=1934-638.9500 refant=4 interval=0.1
MfCal: $Revision: 1.20 $, $Date: 2017/05/08 02:31:10 $
Selecting parallel-hand polarisations
Reading the data ...
Number correlations accepted: 3173470
Number of frequency bands/settings: 1
Number of polarisations selected: 2
Number of solution intervals: 64
Number of passband solution intervals: 1
Initialising ...
Using post-Aug94 ATCA flux scale for 1934-638.
Using known frequency variation of 1934-638
Generating initial solution estimate ...
Doing solution refinement ...
Iter= 1, Solution Error:  0.481
Iter= 2, Solution Error:  0.020
Iter= 3, Solution Error:  0.000
Saving solution ...

2018-11-22 21:52:57,903 [MainThread  ] [INFO ]  gpcal vis=1934-638.9500 refant=4 interval=0.1 nfbin=2 options=xyvary

gpcal: Revision 1.22, 2016/05/01 22:31:05 UTC

Applying bandpass corrections to 1934-638.9500
Number of antennae: 6
Using leakage parameters from input as initial guess
Reading the data ...
Number of solution intervals: 64
Total visibilities read: 960
Number visibilities accepted: 960
Using post-Aug94 ATCA flux scale for 1934-638.
Using IQUV =  2.5388,  0.0000,  0.0000,  0.0000 at   9.4584 GHz.
Using post-Aug94 ATCA flux scale for 1934-638.
Using IQUV =  2.6975,  0.0000,  0.0000,  0.0000 at   9.0084 GHz.
Using post-Aug94 ATCA flux scale for 1934-638.
Using IQUV =  2.3881,  0.0000,  0.0000,  0.0000 at   9.9374 GHz.
Iter= 1, Amplit/Phase Solution Error:   0.985
Iter= 1, Polarisation Solution Error:   0.000
Iter= 1, Overall Solution Error:        1.976
Iter= 2, Amplit/Phase Solution Error:   0.002
Iter= 2, Polarisation Solution Error:   0.000
Iter= 2, Overall Solution Error:        0.003
Iter= 3, Amplit/Phase Solution Error:   0.001
Iter= 3, Polarisation Solution Error:   0.000
Iter= 3, Overall Solution Error:        0.001
I flux density:   2.5388
Leakage terms:
 Ant 1:Dx,Dy = ( 0.00185,-0.00448),(-0.00094,-0.00423)
 Ant 2:Dx,Dy = ( 0.00319, 0.00201),(-0.00371, 0.00210)
 Ant 3:Dx,Dy = ( 0.00441,-0.00150),(-0.00827,-0.00180)
 Ant 4:Dx,Dy = ( 0.00313, 0.01632),(-0.00246, 0.01682)
 Ant 5:Dx,Dy = (-0.01607, 0.00435),( 0.01589, 0.00421)
 Ant 6:Dx,Dy = ( 0.00205,-0.01702),(-0.00196,-0.01678)
Solution for freq bin  1
Iter= 1, Amplit/Phase Solution Error:   0.949
Iter= 1, Polarisation Solution Error:   0.002
Iter= 1, Overall Solution Error:        1.973
Iter= 2, Amplit/Phase Solution Error:   0.002
Iter= 2, Polarisation Solution Error:   0.000
Iter= 2, Overall Solution Error:        0.003
Iter= 3, Amplit/Phase Solution Error:   0.001
Iter= 3, Polarisation Solution Error:   0.000
Iter= 3, Overall Solution Error:        0.001
I flux density:   2.6975
Leakage terms:
 Ant 1:Dx,Dy = ( 0.00196,-0.00403),(-0.00117,-0.00396)
 Ant 2:Dx,Dy = ( 0.00306, 0.00259),(-0.00391, 0.00275)
 Ant 3:Dx,Dy = ( 0.00408,-0.00170),(-0.00794,-0.00166)
 Ant 4:Dx,Dy = ( 0.00234, 0.01637),(-0.00254, 0.01695)
 Ant 5:Dx,Dy = (-0.01606, 0.00360),( 0.01554, 0.00308)
 Ant 6:Dx,Dy = ( 0.00197,-0.01704),(-0.00263,-0.01693)
Solution for freq bin  2
Iter= 1, Amplit/Phase Solution Error:   1.032
Iter= 1, Polarisation Solution Error:   0.002
Iter= 1, Overall Solution Error:        1.980
Iter= 2, Amplit/Phase Solution Error:   0.002
Iter= 2, Polarisation Solution Error:   0.000
Iter= 2, Overall Solution Error:        0.003
Iter= 3, Amplit/Phase Solution Error:   0.001
Iter= 3, Polarisation Solution Error:   0.000
Iter= 3, Overall Solution Error:        0.001
I flux density:   2.3881
Leakage terms:
 Ant 1:Dx,Dy = ( 0.00172,-0.00496),(-0.00069,-0.00452)
 Ant 2:Dx,Dy = ( 0.00334, 0.00136),(-0.00348, 0.00136)
 Ant 3:Dx,Dy = ( 0.00480,-0.00126),(-0.00865,-0.00197)
 Ant 4:Dx,Dy = ( 0.00403, 0.01626),(-0.00235, 0.01668)
 Ant 5:Dx,Dy = (-0.01608, 0.00519),( 0.01628, 0.00547)
 Ant 6:Dx,Dy = ( 0.00214,-0.01699),(-0.00117,-0.01661)

2018-11-22 21:52:58,727 [MainThread  ] [INFO ]  gpcopy vis=1934-638.9500 out=2255-282.9500

gpcopy: Revision 1.13, 2015/10/29 01:31:39 UTC

Copying leakage table
Copying gain table
Interpolation tolerance set to (minutes): 720.00
Copying bandpass table

2018-11-22 21:55:53,744 [MainThread  ] [INFO ]  pgflag vis=2255-282.9500 command='<b' stokes=i,q,u,v flagpar=8,5,5,3,6,3 options=nodisp

pgflag: Revision 1.30, 2016/10/05 23:06:50 UTC

Applying bandpass corrections to 2255-282.9500
Applying freq. dependent gain corrections to 2255-282.9500
Applying freq. dependent leakage correction to 2255-282.9500
Applying changes to dataset
Counts of correlations within selected channels:
 channel  Originally  Currently
 Good:      66490944   65897708    Changed to bad:     593236
 Bad:       10567848   11161084    Changed to good:         0
 14.5% of the data is now flagged

2018-11-22 21:58:43,835 [MainThread  ] [INFO ]  pgflag vis=2255-282.9500 command='<b' stokes=i,v,q,u flagpar=8,2,2,3,6,3  options=nodisp

pgflag: Revision 1.30, 2016/10/05 23:06:50 UTC

Applying bandpass corrections to 2255-282.9500
Applying freq. dependent gain corrections to 2255-282.9500
Applying freq. dependent leakage correction to 2255-282.9500
Applying changes to dataset
Counts of correlations within selected channels:
 channel  Originally  Currently
 Good:      65897708   64517608    Changed to bad:    1380100
 Bad:       11161084   12541184    Changed to good:         0
 16.3% of the data is now flagged

2018-11-22 22:01:35,350 [MainThread  ] [INFO ]  pgflag vis=2255-282.9500 command='<b' stokes=i,v,u,q flagpar=8,2,2,3,6,3  options=nodisp

pgflag: Revision 1.30, 2016/10/05 23:06:50 UTC

Applying bandpass corrections to 2255-282.9500
Applying freq. dependent gain corrections to 2255-282.9500
Applying freq. dependent leakage correction to 2255-282.9500
Applying changes to dataset
Counts of correlations within selected channels:
 channel  Originally  Currently
 Good:      64517608   63374480    Changed to bad:    1143128
 Bad:       12541184   13684312    Changed to good:         0
 17.8% of the data is now flagged

2018-11-22 22:01:40,470 [MainThread  ] [INFO ]  gpcal vis=2255-282.9500 refant=4 interval=0.1 nfbin=2 options=xyvary,qusolve

gpcal: Revision 1.22, 2016/05/01 22:31:05 UTC

Applying bandpass corrections to 2255-282.9500
Number of antennae: 6
Using leakage parameters from input as initial guess
Reading the data ...
Number of solution intervals: 627
Total visibilities read: 9402
Number visibilities accepted: 9393
Iter= 1, Amplit/Phase Solution Error:   1.402
Iter= 1, Polarisation Solution Error:   0.013
Iter= 1, Overall Solution Error:        1.539
Iter= 2, Amplit/Phase Solution Error:   0.013
Iter= 2, Polarisation Solution Error:   0.000
Iter= 2, Overall Solution Error:        0.010
Iter= 3, Amplit/Phase Solution Error:   0.001
Iter= 3, Polarisation Solution Error:   0.000
Iter= 3, Overall Solution Error:        0.001
Iter= 4, Amplit/Phase Solution Error:   0.000
Iter= 4, Polarisation Solution Error:   0.000
Iter= 4, Overall Solution Error:        0.000
I flux density:   4.3415
Percent Q:   1.274
Percent U:   0.304
Leakage terms:
 Ant 1:Dx,Dy = ( 0.00146,-0.00420),(-0.00108,-0.00454)
 Ant 2:Dx,Dy = ( 0.00357, 0.00207),(-0.00424, 0.00189)
 Ant 3:Dx,Dy = ( 0.00436,-0.00108),(-0.00791,-0.00241)
 Ant 4:Dx,Dy = ( 0.00279, 0.01702),(-0.00231, 0.01636)
 Ant 5:Dx,Dy = (-0.01636, 0.00493),( 0.01592, 0.00409)
 Ant 6:Dx,Dy = ( 0.00229,-0.01688),(-0.00229,-0.01724)
Solution for freq bin  1
Iter= 1, Amplit/Phase Solution Error:   1.331
Iter= 1, Polarisation Solution Error:   0.012
Iter= 1, Overall Solution Error:        1.514
Iter= 2, Amplit/Phase Solution Error:   0.012
Iter= 2, Polarisation Solution Error:   0.000
Iter= 2, Overall Solution Error:        0.010
Iter= 3, Amplit/Phase Solution Error:   0.001
Iter= 3, Polarisation Solution Error:   0.000
Iter= 3, Overall Solution Error:        0.001
Iter= 4, Amplit/Phase Solution Error:   0.000
Iter= 4, Polarisation Solution Error:   0.000
Iter= 4, Overall Solution Error:        0.000
I flux density:   4.2811
Percent Q:   1.208
Percent U:   0.297
Leakage terms:
 Ant 1:Dx,Dy = ( 0.00152,-0.00355),(-0.00131,-0.00429)
 Ant 2:Dx,Dy = ( 0.00331, 0.00277),(-0.00468, 0.00251)
 Ant 3:Dx,Dy = ( 0.00372,-0.00128),(-0.00754,-0.00236)
 Ant 4:Dx,Dy = ( 0.00199, 0.01747),(-0.00235, 0.01604)
 Ant 5:Dx,Dy = (-0.01622, 0.00401),( 0.01543, 0.00275)
 Ant 6:Dx,Dy = ( 0.00228,-0.01676),(-0.00296,-0.01730)
Solution for freq bin  2
Iter= 1, Amplit/Phase Solution Error:   1.392
Iter= 1, Polarisation Solution Error:   0.013
Iter= 1, Overall Solution Error:        1.513
Iter= 2, Amplit/Phase Solution Error:   0.014
Iter= 2, Polarisation Solution Error:   0.000
Iter= 2, Overall Solution Error:        0.011
Iter= 3, Amplit/Phase Solution Error:   0.001
Iter= 3, Polarisation Solution Error:   0.000
Iter= 3, Overall Solution Error:        0.001
Iter= 4, Amplit/Phase Solution Error:   0.000
Iter= 4, Polarisation Solution Error:   0.000
Iter= 4, Overall Solution Error:        0.000
I flux density:   4.4420
Percent Q:   1.335
Percent U:   0.308
Leakage terms:
 Ant 1:Dx,Dy = ( 0.00135,-0.00480),(-0.00091,-0.00483)
 Ant 2:Dx,Dy = ( 0.00369, 0.00139),(-0.00393, 0.00125)
 Ant 3:Dx,Dy = ( 0.00494,-0.00099),(-0.00823,-0.00248)
 Ant 4:Dx,Dy = ( 0.00347, 0.01657),(-0.00226, 0.01663)
 Ant 5:Dx,Dy = (-0.01649, 0.00572),( 0.01637, 0.00526)
 Ant 6:Dx,Dy = ( 0.00230,-0.01684),(-0.00178,-0.01688)

2018-11-22 22:04:43,765 [MainThread  ] [INFO ]  pgflag vis=2255-282.9500 command='<b' stokes=i,q,u,v flagpar=8,5,5,3,6,3 options=nodisp

pgflag: Revision 1.30, 2016/10/05 23:06:50 UTC

Applying bandpass corrections to 2255-282.9500
Applying freq. dependent gain corrections to 2255-282.9500
Applying freq. dependent leakage correction to 2255-282.9500
Applying changes to dataset
Counts of correlations within selected channels:
 channel  Originally  Currently
 Good:      63374480   62813664    Changed to bad:     560816
 Bad:       13684312   14245128    Changed to good:         0
 18.5% of the data is now flagged

2018-11-22 22:07:30,123 [MainThread  ] [INFO ]  pgflag vis=2255-282.9500 command='<b' stokes=i,v,q,u flagpar=8,2,2,3,6,3  options=nodisp

pgflag: Revision 1.30, 2016/10/05 23:06:50 UTC

Applying bandpass corrections to 2255-282.9500
Applying freq. dependent gain corrections to 2255-282.9500
Applying freq. dependent leakage correction to 2255-282.9500
Applying changes to dataset
Counts of correlations within selected channels:
 channel  Originally  Currently
 Good:      62813664   62196744    Changed to bad:     616920
 Bad:       14245128   14862048    Changed to good:         0
 19.3% of the data is now flagged

2018-11-22 22:10:14,468 [MainThread  ] [INFO ]  pgflag vis=2255-282.9500 command='<b' stokes=i,v,u,q flagpar=8,2,2,3,6,3  options=nodisp

pgflag: Revision 1.30, 2016/10/05 23:06:50 UTC

Applying bandpass corrections to 2255-282.9500
Applying freq. dependent gain corrections to 2255-282.9500
Applying freq. dependent leakage correction to 2255-282.9500
Applying changes to dataset
Counts of correlations within selected channels:
 channel  Originally  Currently
 Good:      62196744   61700148    Changed to bad:     496596
 Bad:       14862048   15358644    Changed to good:         0
 19.9% of the data is now flagged

2018-11-22 22:10:18,838 [MainThread  ] [INFO ]  gpcal vis=2255-282.9500 refant=4 interval=0.1 nfbin=2 options=xyvary,qusolve

gpcal: Revision 1.22, 2016/05/01 22:31:05 UTC

Applying bandpass corrections to 2255-282.9500
Number of antennae: 6
Using leakage parameters from input as initial guess
Reading the data ...
Number of solution intervals: 627
Total visibilities read: 9402
Number visibilities accepted: 9368
Iter= 1, Amplit/Phase Solution Error:   1.403
Iter= 1, Polarisation Solution Error:   0.013
Iter= 1, Overall Solution Error:        1.538
Iter= 2, Amplit/Phase Solution Error:   0.013
Iter= 2, Polarisation Solution Error:   0.000
Iter= 2, Overall Solution Error:        0.009
Iter= 3, Amplit/Phase Solution Error:   0.001
Iter= 3, Polarisation Solution Error:   0.000
Iter= 3, Overall Solution Error:        0.001
Iter= 4, Amplit/Phase Solution Error:   0.000
Iter= 4, Polarisation Solution Error:   0.000
Iter= 4, Overall Solution Error:        0.000
I flux density:   4.3688
Percent Q:   1.274
Percent U:   0.302
Leakage terms:
 Ant 1:Dx,Dy = ( 0.00145,-0.00420),(-0.00107,-0.00455)
 Ant 2:Dx,Dy = ( 0.00358, 0.00206),(-0.00425, 0.00189)
 Ant 3:Dx,Dy = ( 0.00434,-0.00108),(-0.00791,-0.00242)
 Ant 4:Dx,Dy = ( 0.00280, 0.01702),(-0.00231, 0.01636)
 Ant 5:Dx,Dy = (-0.01637, 0.00496),( 0.01591, 0.00410)
 Ant 6:Dx,Dy = ( 0.00227,-0.01689),(-0.00230,-0.01725)
Solution for freq bin  1
Iter= 1, Amplit/Phase Solution Error:   1.331
Iter= 1, Polarisation Solution Error:   0.012
Iter= 1, Overall Solution Error:        1.514
Iter= 2, Amplit/Phase Solution Error:   0.012
Iter= 2, Polarisation Solution Error:   0.000
Iter= 2, Overall Solution Error:        0.009
Iter= 3, Amplit/Phase Solution Error:   0.001
Iter= 3, Polarisation Solution Error:   0.000
Iter= 3, Overall Solution Error:        0.001
Iter= 4, Amplit/Phase Solution Error:   0.000
Iter= 4, Polarisation Solution Error:   0.000
Iter= 4, Overall Solution Error:        0.000
I flux density:   4.3072
Percent Q:   1.209
Percent U:   0.294
Leakage terms:
 Ant 1:Dx,Dy = ( 0.00151,-0.00354),(-0.00131,-0.00430)
 Ant 2:Dx,Dy = ( 0.00331, 0.00275),(-0.00471, 0.00251)
 Ant 3:Dx,Dy = ( 0.00368,-0.00129),(-0.00753,-0.00237)
 Ant 4:Dx,Dy = ( 0.00199, 0.01749),(-0.00239, 0.01603)
 Ant 5:Dx,Dy = (-0.01624, 0.00405),( 0.01539, 0.00276)
 Ant 6:Dx,Dy = ( 0.00224,-0.01678),(-0.00296,-0.01731)
Solution for freq bin  2
Iter= 1, Amplit/Phase Solution Error:   1.396
Iter= 1, Polarisation Solution Error:   0.013
Iter= 1, Overall Solution Error:        1.513
Iter= 2, Amplit/Phase Solution Error:   0.014
Iter= 2, Polarisation Solution Error:   0.000
Iter= 2, Overall Solution Error:        0.010
Iter= 3, Amplit/Phase Solution Error:   0.001
Iter= 3, Polarisation Solution Error:   0.000
Iter= 3, Overall Solution Error:        0.001
Iter= 4, Amplit/Phase Solution Error:   0.000
Iter= 4, Polarisation Solution Error:   0.000
Iter= 4, Overall Solution Error:        0.000
I flux density:   4.4686
Percent Q:   1.337
Percent U:   0.307
Leakage terms:
 Ant 1:Dx,Dy = ( 0.00135,-0.00480),(-0.00092,-0.00482)
 Ant 2:Dx,Dy = ( 0.00370, 0.00140),(-0.00394, 0.00125)
 Ant 3:Dx,Dy = ( 0.00491,-0.00098),(-0.00825,-0.00248)
 Ant 4:Dx,Dy = ( 0.00345, 0.01657),(-0.00226, 0.01663)
 Ant 5:Dx,Dy = (-0.01650, 0.00573),( 0.01635, 0.00524)
 Ant 6:Dx,Dy = ( 0.00229,-0.01684),(-0.00180,-0.01689)

2018-11-22 22:10:18,861 [MainThread  ] [INFO ]  gpboot vis=2255-282.9500 cal=1934-638.9500

gpboot: Revision 1.9, 2015/10/29 01:31:30 UTC

Secondary flux density scaled by:   0.988
Frequency bin  1 scaled by      :   0.987
Frequency bin  2 scaled by      :   0.991

2018-11-22 22:11:45,195 [MainThread  ] [INFO ]  gpcopy vis=2255-282.9500 out=e.9500

gpcopy: Revision 1.13, 2015/10/29 01:31:39 UTC

Copying leakage table
Copying gain table
Interpolation tolerance set to (minutes): 720.00
Copying bandpass table

2018-11-22 22:29:21,815 [MainThread  ] [INFO ]  pgflag vis=e.9500 command='<b' stokes=i,v,q,u flagpar=8,2,2,3,6,3  options=nodisp

pgflag: Revision 1.30, 2016/10/05 23:06:50 UTC

Applying bandpass corrections to e.9500
Applying freq. dependent gain corrections to e.9500
Applying freq. dependent leakage correction to e.9500
Applying changes to dataset
Counts of correlations within selected channels:
 channel  Originally  Currently
 Good:     426533536  414710452    Changed to bad:   11823084
 Bad:       67791812   79614896    Changed to good:         0
 16.1% of the data is now flagged

2018-11-22 22:47:07,514 [MainThread  ] [INFO ]  pgflag vis=e.9500 command='<b' stokes=i,v,u,q flagpar=8,2,2,3,6,3  options=nodisp

pgflag: Revision 1.30, 2016/10/05 23:06:50 UTC

Applying bandpass corrections to e.9500
Applying freq. dependent gain corrections to e.9500
Applying freq. dependent leakage correction to e.9500
Applying changes to dataset
Counts of correlations within selected channels:
 channel  Originally  Currently
 Good:     414710452  405488848    Changed to bad:    9221604
 Bad:       79614896   88836500    Changed to good:         0
 18.0% of the data is now flagged

2018-11-22 22:49:09,143 [MainThread  ] [INFO ]  uvsplit vis=e.9500

uvsplit: Revision 1.18, 2016/05/09 03:06:18 UTC

Creating e_1.9500
Creating e_2.9500
Creating e_3.9500
Creating e_4.9500
Creating e_5.9500
Creating e_6.9500
Creating e_7.9500
Creating e_8.9500
Creating e_9.9500
Creating e_10.9500
Creating e_11.9500
Creating e_12.9500
Creating e_13.9500
Creating e_14.9500
Creating e_15.9500
Creating e_16.9500
Creating e_17.9500
Creating e_18.9500
Creating e_19.9500
Creating e_20.9500
Creating e_21.9500
Creating e_22.9500
Creating e_23.9500
Creating e_24.9500
Creating e_25.9500
Creating e_26.9500
Creating e_27.9500
Creating e_28.9500
Creating e_29.9500
Creating e_30.9500
Creating e_31.9500
Creating e_32.9500
Creating e_33.9500
Creating e_34.9500
Creating e_35.9500
Creating e_36.9500
Creating e_37.9500
Creating e_38.9500
Creating e_39.9500
Creating e_40.9500
Creating e_41.9500
Creating e_42.9500
Creating e_43.9500
Creating e_44.9500
Creating e_45.9500
Creating e_46.9500
Creating e_47.9500
Creating e_48.9500
Creating e_49.9500
Creating e_50.9500
Creating e_51.9500
Creating e_52.9500
Creating e_53.9500
Creating e_54.9500
Creating e_55.9500
Creating e_56.9500
Creating e_57.9500
Creating e_58.9500
Creating e_59.9500
Creating e_60.9500
Creating e_61.9500
Creating e_62.9500
Creating e_63.9500
Creating e_64.9500
Creating e_65.9500
Creating e_66.9500
Creating e_67.9500
Creating e_68.9500
Creating e_69.9500
Creating e_70.9500
Creating e_71.9500
Creating e_72.9500
Creating e_73.9500
Creating e_74.9500
Creating e_75.9500
Creating e_76.9500
Creating e_77.9500
Creating e_78.9500
Creating e_79.9500
Creating e_80.9500
Creating e_81.9500
Creating e_82.9500
Creating e_83.9500
Creating e_84.9500
Creating e_85.9500
Creating e_86.9500
Creating e_87.9500
Creating e_88.9500
Creating e_89.9500
Creating e_90.9500
Creating e_91.9500
Creating e_92.9500
Creating e_93.9500
Creating e_94.9500
Creating e_95.9500
Creating e_96.9500
Creating e_97.9500
Creating e_98.9500
Creating e_99.9500
Creating e_100.9500
Creating e_101.9500
Creating e_102.9500
Creating e_103.9500
Creating e_104.9500
Creating e_105.9500
Creating e_106.9500
Creating e_107.9500
Creating e_108.9500
Creating e_109.9500
Creating e_110.9500
Creating e_111.9500
Creating e_112.9500
Creating e_113.9500
Creating e_114.9500
Creating e_115.9500
Creating e_116.9500
Creating e_117.9500
Creating e_118.9500
Creating e_119.9500
Creating e_120.9500
Creating e_121.9500
Creating e_122.9500
Creating e_123.9500
Creating e_124.9500
Creating e_125.9500
Creating e_126.9500
Creating e_127.9500
Creating e_128.9500
Creating e_129.9500
Creating e_130.9500
Creating e_131.9500
Creating e_132.9500
Creating e_133.9500
Creating e_134.9500
Creating e_135.9500
Creating e_136.9500
Creating e_137.9500
Creating e_138.9500
Creating e_139.9500
Creating e_140.9500
Creating e_141.9500
Creating e_142.9500
Creating e_143.9500
Creating e_144.9500
Creating e_145.9500
Creating e_146.9500
Creating e_147.9500
Creating e_148.9500
Creating e_149.9500
Creating e_150.9500
Creating e_151.9500
Creating e_152.9500
Creating e_153.9500
Creating e_154.9500
Creating e_155.9500
Creating e_156.9500
Creating e_157.9500
Creating e_158.9500
Creating e_159.9500
Creating e_160.9500
Creating e_161.9500
Creating e_162.9500
Creating e_163.9500
Creating e_164.9500
Creating e_165.9500
Creating e_166.9500
Creating e_167.9500
Creating e_168.9500
Creating e_169.9500
Creating e_170.9500
Creating e_171.9500
Creating e_172.9500
Creating e_173.9500
Creating e_174.9500
Creating e_175.9500
Creating e_176.9500
Creating e_177.9500
Creating e_178.9500
Creating e_179.9500
Creating e_180.9500

