2018-08-05 08:36:35,851 [MainThread  ] [INFO ]  atlod in=raw/2016-12-05_0255.C3132,raw/2016-12-05_0543.C3132,raw/2016-12-05_0923.C3132,raw/2016-12-05_1210.C3132 out=data5.uv ifsel=1 options=birdie,rfiflag,noauto,xycorr

atlod: Revision 1.53, 2016/08/25 23:02:21 UTC

Processing file raw/2016-12-05_0255.C3132
 02:55:10 CAOBS> track 1
CABB data detected
Scan 1 started at 16DEC05:02:55:24.0
Source: 1934-638
Flagging channels in  28 frequency ranges
 03:06:01 CAOBS> stop
 03:06:39 CAOBS> set file c3132_obs_d8.sch
 03:06:50 CAOBS> start 3/99
Scan 2 started at 16DEC05:03:08:28.0
Source: 2312-319
Scan 3 started at 16DEC05:03:11:32.0
Source: d_1281
Source: d_1282
Source: d_1283
Source: d_1284
Source: d_1285
Source: d_1286
Source: d_1287
Source: d_1288
Source: d_1289
Source: d_1290
Source: d_1291
Source: d_1292
Source: d_1293
Source: d_1294
Source: d_1295
Source: d_1296
Source: d_1297
Source: d_1298
Source: d_1299
Source: d_1300
Scan 4 started at 16DEC05:03:24:52.0
Source: 2312-319
Scan 5 started at 16DEC05:03:27:56.0
Source: d_1301
Source: d_1302
Source: d_1303
Source: d_1304
Source: d_1305
Source: d_1306
Source: d_1307
Source: d_1308
Source: d_1309
Source: d_1310
Source: d_1311
Source: d_1312
Source: d_1313
Source: d_1314
Source: d_1315
Source: d_1316
Source: d_1317
Source: d_1318
Source: d_1319
Source: d_1320
Scan 6 started at 16DEC05:03:41:16.0
Source: 2312-319
Scan 7 started at 16DEC05:03:44:20.0
Source: g23d_1321
Source: g23d_1322
Source: g23d_1323
Source: g23d_1324
Source: g23d_1325
Source: g23d_1326
Source: g23d_1327
Source: g23d_1328
Source: g23d_1329
Source: g23d_1330
Source: g23d_1331
Source: g23d_1332
Source: g23d_1333
Source: g23d_1334
Source: g23d_1335
Source: g23d_1336
Source: g23d_1337
Source: g23d_1338
Source: g23d_1339
Source: g23d_1340
Scan 8 started at 16DEC05:03:57:40.0
Source: 2312-319
Scan 9 started at 16DEC05:04:00:44.0
Source: d_1341
Source: d_1342
Source: d_1343
Source: d_1344
Source: d_1345
Source: d_1346
Source: d_1347
Source: d_1348
Source: d_1349
Source: d_1350
Source: d_1351
Source: d_1352
Source: d_1353
Source: d_1354
Source: d_1355
Source: d_1356
Source: d_1357
Source: d_1358
Source: d_1359
Source: d_1360
Scan 10 started at 16DEC05:04:14:04.0
Source: 2312-319
Scan 11 started at 16DEC05:04:17:08.0
Source: d_1361
Source: d_1362
Source: d_1363
Source: d_1364
Source: d_1365
Source: d_1366
Source: d_1367
Source: d_1368
Source: d_1369
Source: d_1370
Source: d_1371
Source: d_1372
Source: d_1373
Source: d_1374
Source: d_1375
Source: d_1376
Source: d_1377
Source: d_1378
Source: d_1379
Scan 12 started at 16DEC05:04:29:48.0
Source: 2312-319
Scan 13 started at 16DEC05:04:32:52.0
Source: d_1380
Source: d_1381
Source: d_1382
Source: d_1383
Source: d_1384
Source: d_1385
Source: d_1386
Source: d_1387
Source: d_1388
Source: d_1389
Source: d_1390
Source: d_1391
Source: d_1392
Source: d_1393
Source: d_1394
Source: d_1395
Source: d_1396
Source: d_1397
Source: d_1398
Scan 14 started at 16DEC05:04:45:32.0
Source: 2312-319
Scan 15 started at 16DEC05:04:48:44.0
Source: d_1399
Source: d_1400
Source: d_1401
Source: d_1402
Source: d_1403
Source: d_1404
Source: d_1405
Source: d_1406
Source: d_1407
Source: d_1408
Source: d_1409
Source: d_1410
Source: d_1411
Source: d_1412
Source: d_1413
Source: d_1414
Source: d_1415
Source: d_1416
Source: d_1417
Scan 16 started at 16DEC05:05:01:24.0
Source: 2312-319
Scan 17 started at 16DEC05:05:04:36.0
Source: d_1418
Source: d_1419
Source: d_1420
Source: d_1421
Source: d_1422
Source: d_1423
Source: d_1424
Source: d_1425
Source: d_1426
Source: d_1427
Source: d_1428
Source: d_1429
Source: d_1430
Source: d_1431
Source: d_1432
Source: d_1433
Source: d_1434
Source: d_1435
Scan 18 started at 16DEC05:05:16:36.0
Source: 2312-319
Scan 19 started at 16DEC05:05:19:32.0
Source: d_1261
Source: d_1262
Source: d_1263
Source: d_1264
Source: d_1265
Source: d_1266
Source: d_1267
Source: d_1268
Source: d_1269
Source: d_1270
Source: d_1271
Source: d_1272
Source: d_1273
Source: d_1274
Source: d_1275
Source: d_1276
Source: d_1277
Source: d_1278
Source: d_1279
Source: d_1280
Scan 20 started at 16DEC05:05:32:52.0
Source: 2312-319
Scan 21 started at 16DEC05:05:35:48.0
Source: d_1281
Source: d_1282
Source: d_1283
Source: d_1284
Source: d_1285
Source: d_1286
Source: d_1287
Source: d_1288
Source: d_1289
Source: d_1290
Source: d_1291
Source: d_1292
RPFITS file version is 2.12
---------------------------------------
Total number of spectra selected: 72660

Summary of spectra flagged
Flagging Reason            Fraction
---------------            --------
Antenna off-source/off-line  5.67%
---------------------------------------
Processing file raw/2016-12-05_0543.C3132
CABB data detected
Scan 1 started at 16DEC05:05:43:08.0
Source: d_1292
Source: d_1293
Source: d_1294
Source: d_1295
Source: d_1296
Source: d_1297
Source: d_1298
Source: d_1299
Source: d_1300
Scan 2 started at 16DEC05:05:49:08.0
Source: 2312-319
Scan 3 started at 16DEC05:05:52:04.0
Source: d_1301
Source: d_1302
Source: d_1303
Source: d_1304
Source: d_1305
Source: d_1306
Source: d_1307
Source: d_1308
Source: d_1309
Source: d_1310
Source: d_1311
Source: d_1312
Source: d_1313
Source: d_1314
Source: d_1315
Source: d_1316
Source: d_1317
Source: d_1318
Source: d_1319
Source: d_1320
Scan 4 started at 16DEC05:06:05:32.0
Source: 2312-319
Scan 5 started at 16DEC05:06:08:28.0
Source: g23d_1321
Source: g23d_1322
Source: g23d_1323
Source: g23d_1324
Source: g23d_1325
Source: g23d_1326
Source: g23d_1327
Source: g23d_1328
Source: g23d_1329
Source: g23d_1330
Source: g23d_1331
Source: g23d_1332
Source: g23d_1333
Source: g23d_1334
Source: g23d_1335
Source: g23d_1336
Source: g23d_1337
Source: g23d_1338
Source: g23d_1339
Source: g23d_1340
Scan 6 started at 16DEC05:06:21:56.0
Source: 2312-319
Scan 7 started at 16DEC05:06:24:52.0
Source: d_1341
Source: d_1342
Source: d_1343
Source: d_1344
Source: d_1345
Source: d_1346
Source: d_1347
Source: d_1348
Source: d_1349
Source: d_1350
Source: d_1351
Source: d_1352
Source: d_1353
Source: d_1354
Source: d_1355
Source: d_1356
Source: d_1357
Source: d_1358
Source: d_1359
Source: d_1360
Scan 8 started at 16DEC05:06:38:12.0
Source: 2312-319
Scan 9 started at 16DEC05:06:41:16.0
Source: d_1361
Source: d_1362
Source: d_1363
Source: d_1364
Source: d_1365
Source: d_1366
Source: d_1367
Source: d_1368
Source: d_1369
Source: d_1370
Source: d_1371
Source: d_1372
Source: d_1373
Source: d_1374
Source: d_1375
Source: d_1376
Source: d_1377
Source: d_1378
Source: d_1379
Scan 10 started at 16DEC05:06:54:04.0
Source: 2312-319
Scan 11 started at 16DEC05:06:57:08.0
Source: d_1380
Source: d_1381
Source: d_1382
Source: d_1383
Source: d_1384
Source: d_1385
Source: d_1386
Source: d_1387
Source: d_1388
Source: d_1389
Source: d_1390
Source: d_1391
Source: d_1392
Source: d_1393
Source: d_1394
Source: d_1395
Source: d_1396
Source: d_1397
Source: d_1398
Scan 12 started at 16DEC05:07:10:04.0
Source: 2312-319
Scan 13 started at 16DEC05:07:13:16.0
Source: d_1399
Source: d_1400
Source: d_1401
Source: d_1402
Source: d_1403
Source: d_1404
Source: d_1405
Source: d_1406
Source: d_1407
Source: d_1408
Source: d_1409
Source: d_1410
Source: d_1411
Source: d_1412
Source: d_1413
Source: d_1414
Source: d_1415
Source: d_1416
Source: d_1417
Scan 14 started at 16DEC05:07:26:12.0
Source: 2312-319
 07:31:44 CAOBS> genset_on all
 07:34:07 CAOBS> set genset_on all
 07:57:28 CAOBS> start 5/99
 07:57:42 CAOBS> stop
 08:00:45 CAOBS> stow
 08:20:06 CAOBS> start 19/99
 08:21:57 CAOBS> start 1/99
Scan 17 started at 16DEC05:08:25:32.0
 08:23:27 CAOBS> focus default
Scan 18 started at 16DEC05:08:29:00.0
Source: d_1261
Source: d_1262
Source: d_1263
Source: d_1264
Source: d_1265
Source: d_1266
Source: d_1267
Source: d_1268
Source: d_1269
Source: d_1270
Source: d_1271
Source: d_1272
Source: d_1273
Source: d_1274
Source: d_1275
Source: d_1276
Source: d_1277
Source: d_1278
Source: d_1279
Source: d_1280
Scan 19 started at 16DEC05:08:42:20.0
Source: 2312-319
Scan 20 started at 16DEC05:08:45:24.0
Source: d_1281
Source: d_1282
Source: d_1283
Source: d_1284
Source: d_1285
Source: d_1286
Source: d_1287
Source: d_1288
Source: d_1289
Source: d_1290
Source: d_1291
Source: d_1292
Source: d_1293
Source: d_1294
Source: d_1295
Source: d_1296
Source: d_1297
Source: d_1298
Source: d_1299
Source: d_1300
Scan 21 started at 16DEC05:08:58:52.0
Source: 2312-319
 08:59:47 CAOBS> set genset_off all
Scan 22 started at 16DEC05:09:01:56.0
Source: d_1301
Source: d_1302
Source: d_1303
Source: d_1304
Source: d_1305
Source: d_1306
Source: d_1307
Source: d_1308
Source: d_1309
Source: d_1310
Source: d_1311
Source: d_1312
Source: d_1313
Source: d_1314
Source: d_1315
Source: d_1316
Source: d_1317
Source: d_1318
Source: d_1319
Source: d_1320
 09:14:23 CAOBS> show status
Scan 23 started at 16DEC05:09:15:32.0
Source: 2312-319
Scan 24 started at 16DEC05:09:18:36.0
Source: g23d_1321
Source: g23d_1322
Source: g23d_1323
Source: g23d_1324
Source: g23d_1325
Source: g23d_1326
Source: g23d_1327
Source: g23d_1328
RPFITS file version is 2.12
---------------------------------------
Total number of spectra selected: 72600

Summary of spectra flagged
Flagging Reason            Fraction
---------------            --------
Antenna off-source/off-line  8.89%
---------------------------------------
Processing file raw/2016-12-05_0923.C3132
CABB data detected
Scan 1 started at 16DEC05:09:23:32.0
Source: g23d_1328
Source: g23d_1329
Source: g23d_1330
Source: g23d_1331
Source: g23d_1332
Source: g23d_1333
Source: g23d_1334
Source: g23d_1335
Source: g23d_1336
Source: g23d_1337
Source: g23d_1338
Source: g23d_1339
Source: g23d_1340
Scan 2 started at 16DEC05:09:32:04.0
Source: 2312-319
Scan 3 started at 16DEC05:09:35:16.0
Source: d_1341
Source: d_1342
Source: d_1343
Source: d_1344
Source: d_1345
Source: d_1346
Source: d_1347
Source: d_1348
Source: d_1349
Source: d_1350
Source: d_1351
Source: d_1352
Source: d_1353
Source: d_1354
Source: d_1355
Source: d_1356
Source: d_1357
Source: d_1358
Source: d_1359
Source: d_1360
Scan 4 started at 16DEC05:09:48:36.0
Source: 2312-319
Scan 5 started at 16DEC05:09:51:32.0
Source: d_1361
Source: d_1362
Source: d_1363
Source: d_1364
Source: d_1365
Source: d_1366
Source: d_1367
Source: d_1368
Source: d_1369
Source: d_1370
Source: d_1371
Source: d_1372
Source: d_1373
Source: d_1374
Source: d_1375
Source: d_1376
Source: d_1377
Source: d_1378
Source: d_1379
Scan 6 started at 16DEC05:10:04:20.0
Source: 2312-319
Scan 7 started at 16DEC05:10:07:16.0
Source: d_1380
Source: d_1381
Source: d_1382
Source: d_1383
Source: d_1384
Source: d_1385
Source: d_1386
Source: d_1387
Source: d_1388
Source: d_1389
Source: d_1390
Source: d_1391
Source: d_1392
Source: d_1393
Source: d_1394
Source: d_1395
Source: d_1396
Source: d_1397
Source: d_1398
Scan 8 started at 16DEC05:10:20:04.0
Source: 2312-319
Scan 9 started at 16DEC05:10:23:00.0
Source: d_1399
Source: d_1400
Source: d_1401
Source: d_1402
Source: d_1403
Source: d_1404
Source: d_1405
Source: d_1406
Source: d_1407
Source: d_1408
Source: d_1409
Source: d_1410
Source: d_1411
Source: d_1412
Source: d_1413
Source: d_1414
Source: d_1415
Source: d_1416
Source: d_1417
Scan 10 started at 16DEC05:10:35:48.0
Source: 2312-319
Scan 11 started at 16DEC05:10:38:44.0
Source: d_1418
Source: d_1419
Source: d_1420
Source: d_1421
Source: d_1422
Source: d_1423
Source: d_1424
Source: d_1425
Source: d_1426
Source: d_1427
Source: d_1428
Source: d_1429
Source: d_1430
Source: d_1431
Source: d_1432
Source: d_1433
Source: d_1434
Source: d_1435
Scan 12 started at 16DEC05:10:50:44.0
Source: 2312-319
Scan 13 started at 16DEC05:10:53:40.0
Source: d_1261
Source: d_1262
Source: d_1263
Source: d_1264
Source: d_1265
Source: d_1266
Source: d_1267
Source: d_1268
Source: d_1269
Source: d_1270
Source: d_1271
Source: d_1272
Source: d_1273
Source: d_1274
Source: d_1275
Source: d_1276
Source: d_1277
Source: d_1278
Source: d_1279
Source: d_1280
Scan 14 started at 16DEC05:11:07:00.0
Source: 2312-319
Scan 15 started at 16DEC05:11:09:56.0
Source: d_1281
Source: d_1282
Source: d_1283
Source: d_1284
Source: d_1285
Source: d_1286
Source: d_1287
Source: d_1288
Source: d_1289
Source: d_1290
Source: d_1291
Source: d_1292
Source: d_1293
Source: d_1294
Source: d_1295
Source: d_1296
Source: d_1297
Source: d_1298
Source: d_1299
Source: d_1300
Scan 16 started at 16DEC05:11:23:16.0
Source: 2312-319
Scan 17 started at 16DEC05:11:26:12.0
Source: d_1301
Source: d_1302
Source: d_1303
Source: d_1304
Source: d_1305
Source: d_1306
Source: d_1307
Source: d_1308
Source: d_1309
Source: d_1310
Source: d_1311
Source: d_1312
Source: d_1313
Source: d_1314
Source: d_1315
Source: d_1316
Source: d_1317
Source: d_1318
Source: d_1319
Source: d_1320
Scan 18 started at 16DEC05:11:39:32.0
Source: 2312-319
Scan 19 started at 16DEC05:11:42:44.0
Source: g23d_1321
Source: g23d_1322
Source: g23d_1323
Source: g23d_1324
Source: g23d_1325
Source: g23d_1326
Source: g23d_1327
Source: g23d_1328
Source: g23d_1329
Source: g23d_1330
Source: g23d_1331
Source: g23d_1332
Source: g23d_1333
Source: g23d_1334
Source: g23d_1335
Source: g23d_1336
Source: g23d_1337
Source: g23d_1338
Source: g23d_1339
Source: g23d_1340
Scan 20 started at 16DEC05:11:56:04.0
Source: 2312-319
Scan 21 started at 16DEC05:11:59:00.0
Source: d_1341
Source: d_1342
Source: d_1343
Source: d_1344
Source: d_1345
Source: d_1346
Source: d_1347
Source: d_1348
Source: d_1349
Source: d_1350
Source: d_1351
Source: d_1352
Source: d_1353
Source: d_1354
Source: d_1355
Source: d_1356
Source: d_1357
Source: d_1358
RPFITS file version is 2.12
---------------------------------------
Total number of spectra selected: 72660

Summary of spectra flagged
Flagging Reason            Fraction
---------------            --------
Antenna off-source/off-line  4.73%
---------------------------------------
Processing file raw/2016-12-05_1210.C3132
CABB data detected
Scan 1 started at 16DEC05:12:10:20.0
Source: d_1358
Source: d_1359
Source: d_1360
Scan 2 started at 16DEC05:12:12:20.0
Source: 2312-319
Scan 3 started at 16DEC05:12:15:24.0
Source: d_1361
Source: d_1362
Source: d_1363
Source: d_1364
Source: d_1365
Source: d_1366
Source: d_1367
Source: d_1368
Source: d_1369
Source: d_1370
Source: d_1371
Source: d_1372
Source: d_1373
Source: d_1374
Source: d_1375
Source: d_1376
Source: d_1377
Source: d_1378
Source: d_1379
Scan 4 started at 16DEC05:12:28:04.0
Source: 2312-319
Scan 5 started at 16DEC05:12:31:00.0
Source: d_1380
Source: d_1381
Source: d_1382
Source: d_1383
Source: d_1384
Source: d_1385
Source: d_1386
Source: d_1387
Source: d_1388
Source: d_1389
Source: d_1390
Source: d_1391
Source: d_1392
Source: d_1393
Source: d_1394
Source: d_1395
Source: d_1396
Source: d_1397
Source: d_1398
Scan 6 started at 16DEC05:12:43:40.0
Source: 2312-319
Scan 7 started at 16DEC05:12:46:44.0
Source: d_1399
Source: d_1400
Source: d_1401
Source: d_1402
Source: d_1403
Source: d_1404
Source: d_1405
Source: d_1406
Source: d_1407
Source: d_1408
Source: d_1409
Source: d_1410
Source: d_1411
Source: d_1412
Source: d_1413
Source: d_1414
Source: d_1415
Source: d_1416
Source: d_1417
Scan 8 started at 16DEC05:12:59:24.0
Source: 2312-319
Scan 9 started at 16DEC05:13:02:20.0
Source: d_1418
Source: d_1419
Source: d_1420
Source: d_1421
Source: d_1422
Source: d_1423
Source: d_1424
Source: d_1425
Source: d_1426
Source: d_1427
Source: d_1428
Source: d_1429
Source: d_1430
Source: d_1431
Source: d_1432
Source: d_1433
Source: d_1434
Source: d_1435
Scan 10 started at 16DEC05:13:14:20.0
Source: 2312-319
Scan 11 started at 16DEC05:13:17:16.0
Source: d_1261
Source: d_1262
Source: d_1263
Source: d_1264
Source: d_1265
Source: d_1266
Source: d_1267
Source: d_1268
Source: d_1269
Source: d_1270
Source: d_1271
Source: d_1272
Source: d_1273
Source: d_1274
Source: d_1275
Source: d_1276
Source: d_1277
Source: d_1278
Source: d_1279
Source: d_1280
Scan 12 started at 16DEC05:13:30:36.0
Source: 2312-319
Scan 13 started at 16DEC05:13:33:32.0
Source: d_1281
Source: d_1282
Source: d_1283
Source: d_1284
Source: d_1285
Source: d_1286
Source: d_1287
Source: d_1288
Source: d_1289
Source: d_1290
Source: d_1291
Source: d_1292
Source: d_1293
Source: d_1294
Source: d_1295
Source: d_1296
Source: d_1297
Source: d_1298
Source: d_1299
Source: d_1300
Scan 14 started at 16DEC05:13:46:52.0
Source: 2312-319
Scan 15 started at 16DEC05:13:50:12.0
Source: d_1301
Source: d_1302
Source: d_1303
Source: d_1304
Source: d_1305
Source: d_1306
Source: d_1307
Source: d_1308
Source: d_1309
 13:55:58 CAOBS> stop
 13:56:07 CAOBS> start 1/99
Scan 16 started at 16DEC05:13:56:28.0
Source: 2312-319
 13:58:55 CAOBS> stop
 13:59:01 CAOBS> corr closefile
RPFITS file version is 2.12
---------------------------------------
Total number of spectra selected: 46800

Summary of spectra flagged
Flagging Reason            Fraction
---------------            --------
Antenna off-source/off-line  5.21%
---------------------------------------

No CACAL data was detected

2018-08-05 08:41:01,170 [MainThread  ] [INFO ]  uvsplit vis=data5.uv options=mosaic

uvsplit: Revision 1.18, 2016/05/09 03:06:18 UTC

Creating 1934-638.5500
Creating 2312-319.5500
Creating d.5500
Creating g23d.5500

2018-08-05 08:41:14,856 [MainThread  ] [INFO ]  pgflag vis=1934-638.5500 command='<b' stokes=i,q,u,v flagpar=8,5,5,3,6,3 options=nodisp

pgflag: Revision 1.30, 2016/10/05 23:06:50 UTC

Applying changes to dataset
Counts of correlations within selected channels:
 channel  Originally  Currently
 Good:       8674200    8618292    Changed to bad:      55908
 Bad:        1038060    1093968    Changed to good:         0
 11.3% of the data is now flagged

2018-08-05 08:41:24,536 [MainThread  ] [INFO ]  pgflag vis=1934-638.5500 command='<b' stokes=i,v,q,u flagpar=8,2,2,3,6,3  options=nodisp

pgflag: Revision 1.30, 2016/10/05 23:06:50 UTC

Applying changes to dataset
Counts of correlations within selected channels:
 channel  Originally  Currently
 Good:       8618292    8563256    Changed to bad:      55036
 Bad:        1093968    1149004    Changed to good:         0
 11.8% of the data is now flagged

2018-08-05 08:41:34,379 [MainThread  ] [INFO ]  pgflag vis=1934-638.5500 command='<b' stokes=i,v,u,q flagpar=8,2,2,3,6,3  options=nodisp

pgflag: Revision 1.30, 2016/10/05 23:06:50 UTC

Applying changes to dataset
Counts of correlations within selected channels:
 channel  Originally  Currently
 Good:       8563256    8452104    Changed to bad:     111152
 Bad:        1149004    1260156    Changed to good:         0
 13.0% of the data is now flagged

2018-08-05 08:42:27,927 [MainThread  ] [INFO ]  mfcal vis=1934-638.5500 refant=4 interval=0.1
MfCal: $Revision: 1.20 $, $Date: 2017/05/08 02:31:10 $
Selecting parallel-hand polarisations
Reading the data ...
Number correlations accepted: 4226052
Number of frequency bands/settings: 1
Number of polarisations selected: 2
Number of solution intervals: 79
Number of passband solution intervals: 1
Initialising ...
Using post-Aug94 ATCA flux scale for 1934-638.
Using known frequency variation of 1934-638
Generating initial solution estimate ...
Doing solution refinement ...
Iter= 1, Solution Error:  0.406
Iter= 2, Solution Error:  0.011
Iter= 3, Solution Error:  0.000
Saving solution ...

2018-08-05 08:42:28,980 [MainThread  ] [INFO ]  gpcal vis=1934-638.5500 refant=4 interval=0.1 nfbin=2 options=xyvary

gpcal: Revision 1.22, 2016/05/01 22:31:05 UTC

Applying bandpass corrections to 1934-638.5500
Number of antennae: 6
Reading the data ...
Number of solution intervals: 79
Total visibilities read: 1185
Number visibilities accepted: 1185
Using post-Aug94 ATCA flux scale for 1934-638.
Using IQUV =  5.0082,  0.0000,  0.0000,  0.0000 at   5.4600 GHz.
Using post-Aug94 ATCA flux scale for 1934-638.
Using IQUV =  5.5174,  0.0000,  0.0000,  0.0000 at   5.0316 GHz.
Using post-Aug94 ATCA flux scale for 1934-638.
Using IQUV =  4.5141,  0.0000,  0.0000,  0.0000 at   5.9504 GHz.
Iter= 1, Amplit/Phase Solution Error:   0.505
Iter= 1, Polarisation Solution Error:   0.039
Iter= 1, Overall Solution Error:        1.688
Iter= 2, Amplit/Phase Solution Error:   0.002
Iter= 2, Polarisation Solution Error:   0.000
Iter= 2, Overall Solution Error:        0.003
Iter= 3, Amplit/Phase Solution Error:   0.001
Iter= 3, Polarisation Solution Error:   0.000
Iter= 3, Overall Solution Error:        0.001
I flux density:   5.0082
Leakage terms:
 Ant 1:Dx,Dy = ( 0.00142, 0.00192),(-0.00001, 0.00273)
 Ant 2:Dx,Dy = ( 0.00410, 0.00672),(-0.00400, 0.00703)
 Ant 3:Dx,Dy = ( 0.00575,-0.00399),(-0.00935,-0.00415)
 Ant 4:Dx,Dy = ( 0.00464, 0.01737),(-0.00374, 0.01828)
 Ant 5:Dx,Dy = (-0.01819,-0.00195),( 0.01666,-0.00164)
 Ant 6:Dx,Dy = ( 0.00113,-0.02174),(-0.00070,-0.02059)
Solution for freq bin  1
Iter= 1, Amplit/Phase Solution Error:   0.490
Iter= 1, Polarisation Solution Error:   0.041
Iter= 1, Overall Solution Error:        1.629
Iter= 2, Amplit/Phase Solution Error:   0.001
Iter= 2, Polarisation Solution Error:   0.000
Iter= 2, Overall Solution Error:        0.002
Iter= 3, Amplit/Phase Solution Error:   0.001
Iter= 3, Polarisation Solution Error:   0.000
Iter= 3, Overall Solution Error:        0.001
I flux density:   5.5174
Leakage terms:
 Ant 1:Dx,Dy = ( 0.00133, 0.00224),(-0.00026, 0.00297)
 Ant 2:Dx,Dy = ( 0.00462, 0.00744),(-0.00448, 0.00774)
 Ant 3:Dx,Dy = ( 0.00520,-0.00403),(-0.01013,-0.00367)
 Ant 4:Dx,Dy = ( 0.00422, 0.01805),(-0.00413, 0.01896)
 Ant 5:Dx,Dy = (-0.01877,-0.00246),( 0.01603,-0.00210)
 Ant 6:Dx,Dy = ( 0.00029,-0.02319),(-0.00015,-0.02196)
Solution for freq bin  2
Iter= 1, Amplit/Phase Solution Error:   0.524
Iter= 1, Polarisation Solution Error:   0.036
Iter= 1, Overall Solution Error:        1.754
Iter= 2, Amplit/Phase Solution Error:   0.002
Iter= 2, Polarisation Solution Error:   0.000
Iter= 2, Overall Solution Error:        0.003
Iter= 3, Amplit/Phase Solution Error:   0.001
Iter= 3, Polarisation Solution Error:   0.000
Iter= 3, Overall Solution Error:        0.001
I flux density:   4.5141
Leakage terms:
 Ant 1:Dx,Dy = ( 0.00153, 0.00150),( 0.00031, 0.00242)
 Ant 2:Dx,Dy = ( 0.00342, 0.00578),(-0.00337, 0.00609)
 Ant 3:Dx,Dy = ( 0.00646,-0.00394),(-0.00834,-0.00477)
 Ant 4:Dx,Dy = ( 0.00519, 0.01651),(-0.00325, 0.01741)
 Ant 5:Dx,Dy = (-0.01744,-0.00130),( 0.01745,-0.00103)
 Ant 6:Dx,Dy = ( 0.00223,-0.01986),(-0.00141,-0.01882)

2018-08-05 08:42:45,668 [MainThread  ] [INFO ]  pgflag vis=1934-638.5500 command='<b' stokes=i,q,u,v flagpar=8,5,5,3,6,3 options=nodisp

pgflag: Revision 1.30, 2016/10/05 23:06:50 UTC

Applying bandpass corrections to 1934-638.5500
Applying freq. dependent gain corrections to 1934-638.5500
Applying freq. dependent leakage correction to 1934-638.5500
Applying changes to dataset
Counts of correlations within selected channels:
 channel  Originally  Currently
 Good:       8452104    8432224    Changed to bad:      19880
 Bad:        1260156    1280036    Changed to good:         0
 13.2% of the data is now flagged

2018-08-05 08:43:01,111 [MainThread  ] [INFO ]  pgflag vis=1934-638.5500 command='<b' stokes=i,v,q,u flagpar=8,2,2,3,6,3  options=nodisp

pgflag: Revision 1.30, 2016/10/05 23:06:50 UTC

Applying bandpass corrections to 1934-638.5500
Applying freq. dependent gain corrections to 1934-638.5500
Applying freq. dependent leakage correction to 1934-638.5500
Applying changes to dataset
Counts of correlations within selected channels:
 channel  Originally  Currently
 Good:       8432224    8412692    Changed to bad:      19532
 Bad:        1280036    1299568    Changed to good:         0
 13.4% of the data is now flagged

2018-08-05 08:43:16,480 [MainThread  ] [INFO ]  pgflag vis=1934-638.5500 command='<b' stokes=i,v,u,q flagpar=8,2,2,3,6,3  options=nodisp

pgflag: Revision 1.30, 2016/10/05 23:06:50 UTC

Applying bandpass corrections to 1934-638.5500
Applying freq. dependent gain corrections to 1934-638.5500
Applying freq. dependent leakage correction to 1934-638.5500
Applying changes to dataset
Counts of correlations within selected channels:
 channel  Originally  Currently
 Good:       8412692    8397052    Changed to bad:      15640
 Bad:        1299568    1315208    Changed to good:         0
 13.5% of the data is now flagged

2018-08-05 08:44:24,130 [MainThread  ] [INFO ]  mfcal vis=1934-638.5500 refant=4 interval=0.1
MfCal: $Revision: 1.20 $, $Date: 2017/05/08 02:31:10 $
Selecting parallel-hand polarisations
Reading the data ...
Number correlations accepted: 4198526
Number of frequency bands/settings: 1
Number of polarisations selected: 2
Number of solution intervals: 79
Number of passband solution intervals: 1
Initialising ...
Using post-Aug94 ATCA flux scale for 1934-638.
Using known frequency variation of 1934-638
Generating initial solution estimate ...
Doing solution refinement ...
Iter= 1, Solution Error:  0.407
Iter= 2, Solution Error:  0.011
Iter= 3, Solution Error:  0.000
Saving solution ...

2018-08-05 08:44:25,857 [MainThread  ] [INFO ]  gpcal vis=1934-638.5500 refant=4 interval=0.1 nfbin=2 options=xyvary

gpcal: Revision 1.22, 2016/05/01 22:31:05 UTC

Applying bandpass corrections to 1934-638.5500
Number of antennae: 6
Using leakage parameters from input as initial guess
Reading the data ...
Number of solution intervals: 79
Total visibilities read: 1185
Number visibilities accepted: 1185
Using post-Aug94 ATCA flux scale for 1934-638.
Using IQUV =  5.0087,  0.0000,  0.0000,  0.0000 at   5.4595 GHz.
Using post-Aug94 ATCA flux scale for 1934-638.
Using IQUV =  5.5152,  0.0000,  0.0000,  0.0000 at   5.0333 GHz.
Using post-Aug94 ATCA flux scale for 1934-638.
Using IQUV =  4.5160,  0.0000,  0.0000,  0.0000 at   5.9484 GHz.
Iter= 1, Amplit/Phase Solution Error:   0.505
Iter= 1, Polarisation Solution Error:   0.000
Iter= 1, Overall Solution Error:        1.688
Iter= 2, Amplit/Phase Solution Error:   0.002
Iter= 2, Polarisation Solution Error:   0.000
Iter= 2, Overall Solution Error:        0.003
Iter= 3, Amplit/Phase Solution Error:   0.001
Iter= 3, Polarisation Solution Error:   0.000
Iter= 3, Overall Solution Error:        0.001
I flux density:   5.0087
Leakage terms:
 Ant 1:Dx,Dy = ( 0.00142, 0.00192),(-0.00001, 0.00274)
 Ant 2:Dx,Dy = ( 0.00412, 0.00673),(-0.00399, 0.00703)
 Ant 3:Dx,Dy = ( 0.00576,-0.00398),(-0.00936,-0.00414)
 Ant 4:Dx,Dy = ( 0.00464, 0.01737),(-0.00373, 0.01829)
 Ant 5:Dx,Dy = (-0.01821,-0.00197),( 0.01665,-0.00165)
 Ant 6:Dx,Dy = ( 0.00113,-0.02175),(-0.00071,-0.02060)
Solution for freq bin  1
Iter= 1, Amplit/Phase Solution Error:   0.491
Iter= 1, Polarisation Solution Error:   0.002
Iter= 1, Overall Solution Error:        1.630
Iter= 2, Amplit/Phase Solution Error:   0.001
Iter= 2, Polarisation Solution Error:   0.000
Iter= 2, Overall Solution Error:        0.002
Iter= 3, Amplit/Phase Solution Error:   0.001
Iter= 3, Polarisation Solution Error:   0.000
Iter= 3, Overall Solution Error:        0.001
I flux density:   5.5152
Leakage terms:
 Ant 1:Dx,Dy = ( 0.00133, 0.00224),(-0.00027, 0.00298)
 Ant 2:Dx,Dy = ( 0.00463, 0.00744),(-0.00446, 0.00774)
 Ant 3:Dx,Dy = ( 0.00521,-0.00402),(-0.01013,-0.00367)
 Ant 4:Dx,Dy = ( 0.00422, 0.01803),(-0.00410, 0.01897)
 Ant 5:Dx,Dy = (-0.01879,-0.00247),( 0.01602,-0.00212)
 Ant 6:Dx,Dy = ( 0.00029,-0.02318),(-0.00016,-0.02194)
Solution for freq bin  2
Iter= 1, Amplit/Phase Solution Error:   0.524
Iter= 1, Polarisation Solution Error:   0.003
Iter= 1, Overall Solution Error:        1.753
Iter= 2, Amplit/Phase Solution Error:   0.002
Iter= 2, Polarisation Solution Error:   0.000
Iter= 2, Overall Solution Error:        0.003
Iter= 3, Amplit/Phase Solution Error:   0.001
Iter= 3, Polarisation Solution Error:   0.000
Iter= 3, Overall Solution Error:        0.001
I flux density:   4.5160
Leakage terms:
 Ant 1:Dx,Dy = ( 0.00153, 0.00151),( 0.00032, 0.00243)
 Ant 2:Dx,Dy = ( 0.00344, 0.00579),(-0.00337, 0.00610)
 Ant 3:Dx,Dy = ( 0.00646,-0.00394),(-0.00835,-0.00476)
 Ant 4:Dx,Dy = ( 0.00517, 0.01652),(-0.00325, 0.01743)
 Ant 5:Dx,Dy = (-0.01746,-0.00131),( 0.01743,-0.00102)
 Ant 6:Dx,Dy = ( 0.00221,-0.01989),(-0.00142,-0.01885)

2018-08-05 08:44:25,935 [MainThread  ] [INFO ]  gpcopy vis=1934-638.5500 out=2312-319.5500

gpcopy: Revision 1.13, 2015/10/29 01:31:39 UTC

Copying leakage table
Copying gain table
Interpolation tolerance set to (minutes): 720.00
Copying bandpass table

2018-08-05 08:46:53,716 [MainThread  ] [INFO ]  pgflag vis=2312-319.5500 command='<b' stokes=i,q,u,v flagpar=8,5,5,3,6,3 options=nodisp

pgflag: Revision 1.30, 2016/10/05 23:06:50 UTC

Applying bandpass corrections to 2312-319.5500
Applying freq. dependent gain corrections to 2312-319.5500
Applying freq. dependent leakage correction to 2312-319.5500
Applying changes to dataset
Counts of correlations within selected channels:
 channel  Originally  Currently
 Good:      64577040   64254012    Changed to bad:     323028
 Bad:        7728072    8051100    Changed to good:         0
 11.1% of the data is now flagged

2018-08-05 08:49:13,817 [MainThread  ] [INFO ]  pgflag vis=2312-319.5500 command='<b' stokes=i,v,q,u flagpar=8,2,2,3,6,3  options=nodisp

pgflag: Revision 1.30, 2016/10/05 23:06:50 UTC

Applying bandpass corrections to 2312-319.5500
Applying freq. dependent gain corrections to 2312-319.5500
Applying freq. dependent leakage correction to 2312-319.5500
Applying changes to dataset
Counts of correlations within selected channels:
 channel  Originally  Currently
 Good:      64254012   64007812    Changed to bad:     246200
 Bad:        8051100    8297300    Changed to good:         0
 11.5% of the data is now flagged

2018-08-05 08:51:32,311 [MainThread  ] [INFO ]  pgflag vis=2312-319.5500 command='<b' stokes=i,v,u,q flagpar=8,2,2,3,6,3  options=nodisp

pgflag: Revision 1.30, 2016/10/05 23:06:50 UTC

Applying bandpass corrections to 2312-319.5500
Applying freq. dependent gain corrections to 2312-319.5500
Applying freq. dependent leakage correction to 2312-319.5500
Applying changes to dataset
Counts of correlations within selected channels:
 channel  Originally  Currently
 Good:      64007812   63741844    Changed to bad:     265968
 Bad:        8297300    8563268    Changed to good:         0
 11.8% of the data is now flagged

2018-08-05 08:51:36,406 [MainThread  ] [INFO ]  gpcal vis=2312-319.5500 refant=4 interval=0.1 nfbin=2 options=xyvary,qusolve

gpcal: Revision 1.22, 2016/05/01 22:31:05 UTC

Applying bandpass corrections to 2312-319.5500
Number of antennae: 6
Using leakage parameters from input as initial guess
Reading the data ...
Number of solution intervals: 590
Total visibilities read: 8822
Number visibilities accepted: 8821
Iter= 1, Amplit/Phase Solution Error:   0.738
Iter= 1, Polarisation Solution Error:   0.008
Iter= 1, Overall Solution Error:        2.388
Iter= 2, Amplit/Phase Solution Error:   0.011
Iter= 2, Polarisation Solution Error:   0.000
Iter= 2, Overall Solution Error:        0.009
Iter= 3, Amplit/Phase Solution Error:   0.001
Iter= 3, Polarisation Solution Error:   0.000
Iter= 3, Overall Solution Error:        0.001
I flux density:   0.5775
Percent Q:  -0.793
Percent U:   0.751
Leakage terms:
 Ant 1:Dx,Dy = (-0.00041, 0.00205),(-0.00108, 0.00305)
 Ant 2:Dx,Dy = ( 0.00269, 0.00607),(-0.00545, 0.00718)
 Ant 3:Dx,Dy = ( 0.00454,-0.00398),(-0.01081,-0.00398)
 Ant 4:Dx,Dy = ( 0.00353, 0.01704),(-0.00492, 0.01863)
 Ant 5:Dx,Dy = (-0.01947,-0.00207),( 0.01537,-0.00139)
 Ant 6:Dx,Dy = ( 0.00019,-0.02214),(-0.00205,-0.02048)
Solution for freq bin  1
Iter= 1, Amplit/Phase Solution Error:   0.677
Iter= 1, Polarisation Solution Error:   0.010
Iter= 1, Overall Solution Error:        2.290
Iter= 2, Amplit/Phase Solution Error:   0.013
Iter= 2, Polarisation Solution Error:   0.000
Iter= 2, Overall Solution Error:        0.010
Iter= 3, Amplit/Phase Solution Error:   0.001
Iter= 3, Polarisation Solution Error:   0.000
Iter= 3, Overall Solution Error:        0.001
I flux density:   0.5797
Percent Q:  -1.039
Percent U:   0.736
Leakage terms:
 Ant 1:Dx,Dy = (-0.00095, 0.00238),(-0.00188, 0.00298)
 Ant 2:Dx,Dy = ( 0.00273, 0.00694),(-0.00645, 0.00757)
 Ant 3:Dx,Dy = ( 0.00350,-0.00399),(-0.01209,-0.00358)
 Ant 4:Dx,Dy = ( 0.00264, 0.01795),(-0.00559, 0.01928)
 Ant 5:Dx,Dy = (-0.02058,-0.00247),( 0.01415,-0.00209)
 Ant 6:Dx,Dy = (-0.00123,-0.02325),(-0.00203,-0.02173)
Solution for freq bin  2
Iter= 1, Amplit/Phase Solution Error:   0.816
Iter= 1, Polarisation Solution Error:   0.008
Iter= 1, Overall Solution Error:        2.379
Iter= 2, Amplit/Phase Solution Error:   0.010
Iter= 2, Polarisation Solution Error:   0.000
Iter= 2, Overall Solution Error:        0.008
Iter= 3, Amplit/Phase Solution Error:   0.001
Iter= 3, Polarisation Solution Error:   0.000
Iter= 3, Overall Solution Error:        0.001
I flux density:   0.5792
Percent Q:  -0.538
Percent U:   0.766
Leakage terms:
 Ant 1:Dx,Dy = ( 0.00008, 0.00136),(-0.00033, 0.00275)
 Ant 2:Dx,Dy = ( 0.00253, 0.00500),(-0.00453, 0.00649)
 Ant 3:Dx,Dy = ( 0.00556,-0.00408),(-0.00956,-0.00449)
 Ant 4:Dx,Dy = ( 0.00439, 0.01613),(-0.00427, 0.01798)
 Ant 5:Dx,Dy = (-0.01839,-0.00157),( 0.01654,-0.00054)
 Ant 6:Dx,Dy = ( 0.00125,-0.02023),(-0.00243,-0.01880)

2018-08-05 08:53:56,043 [MainThread  ] [INFO ]  pgflag vis=2312-319.5500 command='<b' stokes=i,q,u,v flagpar=8,5,5,3,6,3 options=nodisp

pgflag: Revision 1.30, 2016/10/05 23:06:50 UTC

Applying bandpass corrections to 2312-319.5500
Applying freq. dependent gain corrections to 2312-319.5500
Applying freq. dependent leakage correction to 2312-319.5500
Applying changes to dataset
Counts of correlations within selected channels:
 channel  Originally  Currently
 Good:      63741844   63541908    Changed to bad:     199936
 Bad:        8563268    8763204    Changed to good:         0
 12.1% of the data is now flagged

2018-08-05 08:56:13,757 [MainThread  ] [INFO ]  pgflag vis=2312-319.5500 command='<b' stokes=i,v,q,u flagpar=8,2,2,3,6,3  options=nodisp

pgflag: Revision 1.30, 2016/10/05 23:06:50 UTC

Applying bandpass corrections to 2312-319.5500
Applying freq. dependent gain corrections to 2312-319.5500
Applying freq. dependent leakage correction to 2312-319.5500
Applying changes to dataset
Counts of correlations within selected channels:
 channel  Originally  Currently
 Good:      63541908   63373924    Changed to bad:     167984
 Bad:        8763204    8931188    Changed to good:         0
 12.4% of the data is now flagged

2018-08-05 08:58:35,503 [MainThread  ] [INFO ]  pgflag vis=2312-319.5500 command='<b' stokes=i,v,u,q flagpar=8,2,2,3,6,3  options=nodisp

pgflag: Revision 1.30, 2016/10/05 23:06:50 UTC

Applying bandpass corrections to 2312-319.5500
Applying freq. dependent gain corrections to 2312-319.5500
Applying freq. dependent leakage correction to 2312-319.5500
Applying changes to dataset
Counts of correlations within selected channels:
 channel  Originally  Currently
 Good:      63373924   63217432    Changed to bad:     156492
 Bad:        8931188    9087680    Changed to good:         0
 12.6% of the data is now flagged

2018-08-05 08:58:39,630 [MainThread  ] [INFO ]  gpcal vis=2312-319.5500 refant=4 interval=0.1 nfbin=2 options=xyvary,qusolve

gpcal: Revision 1.22, 2016/05/01 22:31:05 UTC

Applying bandpass corrections to 2312-319.5500
Number of antennae: 6
Using leakage parameters from input as initial guess
Reading the data ...
Number of solution intervals: 590
Total visibilities read: 8822
Number visibilities accepted: 8821
Iter= 1, Amplit/Phase Solution Error:   0.739
Iter= 1, Polarisation Solution Error:   0.008
Iter= 1, Overall Solution Error:        2.387
Iter= 2, Amplit/Phase Solution Error:   0.011
Iter= 2, Polarisation Solution Error:   0.000
Iter= 2, Overall Solution Error:        0.009
Iter= 3, Amplit/Phase Solution Error:   0.001
Iter= 3, Polarisation Solution Error:   0.000
Iter= 3, Overall Solution Error:        0.001
I flux density:   0.5780
Percent Q:  -0.797
Percent U:   0.753
Leakage terms:
 Ant 1:Dx,Dy = (-0.00041, 0.00205),(-0.00108, 0.00306)
 Ant 2:Dx,Dy = ( 0.00272, 0.00609),(-0.00541, 0.00718)
 Ant 3:Dx,Dy = ( 0.00456,-0.00398),(-0.01079,-0.00398)
 Ant 4:Dx,Dy = ( 0.00355, 0.01703),(-0.00486, 0.01865)
 Ant 5:Dx,Dy = (-0.01943,-0.00208),( 0.01539,-0.00139)
 Ant 6:Dx,Dy = ( 0.00020,-0.02214),(-0.00206,-0.02047)
Solution for freq bin  1
Iter= 1, Amplit/Phase Solution Error:   0.677
Iter= 1, Polarisation Solution Error:   0.010
Iter= 1, Overall Solution Error:        2.292
Iter= 2, Amplit/Phase Solution Error:   0.013
Iter= 2, Polarisation Solution Error:   0.000
Iter= 2, Overall Solution Error:        0.010
Iter= 3, Amplit/Phase Solution Error:   0.001
Iter= 3, Polarisation Solution Error:   0.000
Iter= 3, Overall Solution Error:        0.001
I flux density:   0.5802
Percent Q:  -1.038
Percent U:   0.736
Leakage terms:
 Ant 1:Dx,Dy = (-0.00097, 0.00237),(-0.00191, 0.00299)
 Ant 2:Dx,Dy = ( 0.00274, 0.00699),(-0.00643, 0.00757)
 Ant 3:Dx,Dy = ( 0.00349,-0.00398),(-0.01210,-0.00358)
 Ant 4:Dx,Dy = ( 0.00262, 0.01793),(-0.00555, 0.01929)
 Ant 5:Dx,Dy = (-0.02056,-0.00250),( 0.01413,-0.00211)
 Ant 6:Dx,Dy = (-0.00122,-0.02325),(-0.00204,-0.02171)
Solution for freq bin  2
Iter= 1, Amplit/Phase Solution Error:   0.817
Iter= 1, Polarisation Solution Error:   0.008
Iter= 1, Overall Solution Error:        2.379
Iter= 2, Amplit/Phase Solution Error:   0.010
Iter= 2, Polarisation Solution Error:   0.000
Iter= 2, Overall Solution Error:        0.008
Iter= 3, Amplit/Phase Solution Error:   0.001
Iter= 3, Polarisation Solution Error:   0.000
Iter= 3, Overall Solution Error:        0.001
I flux density:   0.5797
Percent Q:  -0.541
Percent U:   0.766
Leakage terms:
 Ant 1:Dx,Dy = ( 0.00008, 0.00136),(-0.00032, 0.00274)
 Ant 2:Dx,Dy = ( 0.00255, 0.00501),(-0.00451, 0.00649)
 Ant 3:Dx,Dy = ( 0.00556,-0.00409),(-0.00956,-0.00448)
 Ant 4:Dx,Dy = ( 0.00442, 0.01612),(-0.00424, 0.01801)
 Ant 5:Dx,Dy = (-0.01837,-0.00158),( 0.01655,-0.00053)
 Ant 6:Dx,Dy = ( 0.00123,-0.02023),(-0.00244,-0.01883)

2018-08-05 08:58:39,697 [MainThread  ] [INFO ]  gpboot vis=2312-319.5500 cal=1934-638.5500

gpboot: Revision 1.9, 2015/10/29 01:31:30 UTC

Secondary flux density scaled by:   0.998
Frequency bin  1 scaled by      :   1.001
Frequency bin  2 scaled by      :   1.002

2018-08-05 09:00:01,333 [MainThread  ] [INFO ]  gpcopy vis=2312-319.5500 out=d.5500

gpcopy: Revision 1.13, 2015/10/29 01:31:39 UTC

Copying leakage table
Copying gain table
Interpolation tolerance set to (minutes): 720.00
Copying bandpass table

2018-08-05 09:12:16,768 [MainThread  ] [INFO ]  pgflag vis=d.5500 command='<b' stokes=i,v,q,u flagpar=8,2,2,3,6,3  options=nodisp

pgflag: Revision 1.30, 2016/10/05 23:06:50 UTC

Applying bandpass corrections to d.5500
Applying freq. dependent gain corrections to d.5500
Applying freq. dependent leakage correction to d.5500
Applying changes to dataset
Counts of correlations within selected channels:
 channel  Originally  Currently
 Good:     338271840  330699872    Changed to bad:    7571968
 Bad:       40481712   48053680    Changed to good:         0
 12.7% of the data is now flagged

2018-08-05 09:24:46,722 [MainThread  ] [INFO ]  pgflag vis=d.5500 command='<b' stokes=i,v,u,q flagpar=8,2,2,3,6,3  options=nodisp

pgflag: Revision 1.30, 2016/10/05 23:06:50 UTC

Applying bandpass corrections to d.5500
Applying freq. dependent gain corrections to d.5500
Applying freq. dependent leakage correction to d.5500
Applying changes to dataset
Counts of correlations within selected channels:
 channel  Originally  Currently
 Good:     330699872  324981104    Changed to bad:    5718768
 Bad:       48053680   53772448    Changed to good:         0
 14.2% of the data is now flagged

2018-08-05 09:26:41,035 [MainThread  ] [INFO ]  uvsplit vis=d.5500

uvsplit: Revision 1.18, 2016/05/09 03:06:18 UTC

Creating d_1281.5500
Creating d_1282.5500
Creating d_1283.5500
Creating d_1284.5500
Creating d_1285.5500
Creating d_1286.5500
Creating d_1287.5500
Creating d_1288.5500
Creating d_1289.5500
Creating d_1290.5500
Creating d_1291.5500
Creating d_1292.5500
Creating d_1293.5500
Creating d_1294.5500
Creating d_1295.5500
Creating d_1296.5500
Creating d_1297.5500
Creating d_1298.5500
Creating d_1299.5500
Creating d_1300.5500
Creating d_1301.5500
Creating d_1302.5500
Creating d_1303.5500
Creating d_1304.5500
Creating d_1305.5500
Creating d_1306.5500
Creating d_1307.5500
Creating d_1308.5500
Creating d_1309.5500
Creating d_1310.5500
Creating d_1311.5500
Creating d_1312.5500
Creating d_1313.5500
Creating d_1314.5500
Creating d_1315.5500
Creating d_1316.5500
Creating d_1317.5500
Creating d_1318.5500
Creating d_1319.5500
Creating d_1320.5500
Creating d_1341.5500
Creating d_1342.5500
Creating d_1343.5500
Creating d_1344.5500
Creating d_1345.5500
Creating d_1346.5500
Creating d_1347.5500
Creating d_1348.5500
Creating d_1349.5500
Creating d_1350.5500
Creating d_1351.5500
Creating d_1352.5500
Creating d_1353.5500
Creating d_1354.5500
Creating d_1355.5500
Creating d_1356.5500
Creating d_1357.5500
Creating d_1358.5500
Creating d_1359.5500
Creating d_1360.5500
Creating d_1361.5500
Creating d_1362.5500
Creating d_1363.5500
Creating d_1364.5500
Creating d_1365.5500
Creating d_1366.5500
Creating d_1367.5500
Creating d_1368.5500
Creating d_1369.5500
Creating d_1370.5500
Creating d_1371.5500
Creating d_1372.5500
Creating d_1373.5500
Creating d_1374.5500
Creating d_1375.5500
Creating d_1376.5500
Creating d_1377.5500
Creating d_1378.5500
Creating d_1379.5500
Creating d_1380.5500
Creating d_1381.5500
Creating d_1382.5500
Creating d_1383.5500
Creating d_1384.5500
Creating d_1385.5500
Creating d_1386.5500
Creating d_1387.5500
Creating d_1388.5500
Creating d_1389.5500
Creating d_1390.5500
Creating d_1391.5500
Creating d_1392.5500
Creating d_1393.5500
Creating d_1394.5500
Creating d_1395.5500
Creating d_1396.5500
Creating d_1397.5500
Creating d_1398.5500
Creating d_1399.5500
Creating d_1400.5500
Creating d_1401.5500
Creating d_1402.5500
Creating d_1403.5500
Creating d_1404.5500
Creating d_1405.5500
Creating d_1406.5500
Creating d_1407.5500
Creating d_1408.5500
Creating d_1409.5500
Creating d_1410.5500
Creating d_1411.5500
Creating d_1412.5500
Creating d_1413.5500
Creating d_1414.5500
Creating d_1415.5500
Creating d_1416.5500
Creating d_1417.5500
Creating d_1418.5500
Creating d_1419.5500
Creating d_1420.5500
Creating d_1421.5500
Creating d_1422.5500
Creating d_1423.5500
Creating d_1424.5500
Creating d_1425.5500
Creating d_1426.5500
Creating d_1427.5500
Creating d_1428.5500
Creating d_1429.5500
Creating d_1430.5500
Creating d_1431.5500
Creating d_1432.5500
Creating d_1433.5500
Creating d_1434.5500
Creating d_1435.5500
Creating d_1261.5500
Creating d_1262.5500
Creating d_1263.5500
Creating d_1264.5500
Creating d_1265.5500
Creating d_1266.5500
Creating d_1267.5500
Creating d_1268.5500
Creating d_1269.5500
Creating d_1270.5500
Creating d_1271.5500
Creating d_1272.5500
Creating d_1273.5500
Creating d_1274.5500
Creating d_1275.5500
Creating d_1276.5500
Creating d_1277.5500
Creating d_1278.5500
Creating d_1279.5500
Creating d_1280.5500

