2018-08-07 09:52:05,536 [MainThread  ] [INFO ]  atlod in=raw/2017-11-08_0407.C3132,raw/2017-11-08_0654.C3132,raw/2017-11-08_0942.C3132,raw/2017-11-08_1228.C3132,raw/2017-11-08_1515.C3132 out=data5.uv ifsel=1 options=birdie,rfiflag,noauto,xycorr

atlod: Revision 1.53, 2016/08/25 23:02:21 UTC

Processing file raw/2017-11-08_0407.C3132
 04:07:31 CAOBS> track 1
CABB data detected
Scan 1 started at 17NOV08:04:07:48.0
Source: 1934-638
Flagging channels in  28 frequency ranges
 04:17:15 CAOBS> stop
 04:17:27 CAOBS> set file c3132_obs_a8
 04:17:33 CAOBS> start 1/99
Scan 2 started at 17NOV08:04:19:24.0
Source: 2312-319
Scan 3 started at 17NOV08:04:22:12.0
Source: a_1261
Source: a_1262
Source: a_1263
Source: a_1264
Source: a_1265
Source: a_1266
Source: a_1267
Source: a_1268
Source: a_1269
Source: a_1270
Source: a_1271
Source: a_1272
Source: a_1273
Source: a_1274
Source: a_1275
Source: a_1276
Source: a_1277
Source: a_1278
Source: a_1279
Source: a_1280
Scan 4 started at 17NOV08:04:35:32.0
Source: 2312-319
Scan 5 started at 17NOV08:04:38:20.0
Source: a_1281
Source: a_1282
Source: a_1283
Source: a_1284
Source: a_1285
Source: a_1286
Source: a_1287
Source: a_1288
Source: a_1289
Source: a_1290
Source: a_1291
Source: a_1292
Source: a_1293
Source: a_1294
Source: a_1295
Source: a_1296
Source: a_1297
Source: a_1298
Source: a_1299
Source: a_1300
Scan 6 started at 17NOV08:04:51:40.0
Source: 2312-319
Scan 7 started at 17NOV08:04:54:28.0
Source: a_1301
Source: a_1302
Source: a_1303
Source: a_1304
Source: a_1305
Source: a_1306
Source: a_1307
Source: a_1308
Source: a_1309
Source: a_1310
Source: a_1311
Source: a_1312
Source: a_1313
Source: a_1314
Source: a_1315
Source: a_1316
Source: a_1317
Source: a_1318
Source: a_1319
Source: a_1320
Scan 8 started at 17NOV08:05:07:48.0
Source: 2312-319
Scan 9 started at 17NOV08:05:10:36.0
Source: a_1321
Source: a_1322
Source: a_1323
Source: a_1324
Source: a_1325
Source: a_1326
Source: a_1327
Source: a_1328
Source: a_1329
Source: a_1330
Source: a_1331
Source: a_1332
Source: a_1333
Source: a_1334
Source: a_1335
Source: a_1336
Source: a_1337
Source: a_1338
Source: a_1339
Source: a_1340
Scan 10 started at 17NOV08:05:23:56.0
Source: 2312-319
Scan 11 started at 17NOV08:05:26:44.0
Source: a_1341
Source: a_1342
Source: a_1343
Source: a_1344
Source: a_1345
Source: a_1346
Source: a_1347
Source: a_1348
Source: a_1349
Source: a_1350
Source: a_1351
Source: a_1352
Source: a_1353
Source: a_1354
Source: a_1355
Source: a_1356
Source: a_1357
Source: a_1358
Source: a_1359
Source: a_1360
Scan 12 started at 17NOV08:05:40:04.0
Source: 2312-319
Scan 13 started at 17NOV08:05:42:52.0
Source: a_1361
Source: a_1362
Source: a_1363
Source: a_1364
Source: a_1365
Source: a_1366
Source: a_1367
Source: a_1368
Source: a_1369
Source: a_1370
Source: a_1371
Source: a_1372
Source: a_1373
Source: a_1374
Source: a_1375
Source: a_1376
Source: a_1377
Source: a_1378
Source: a_1379
Scan 14 started at 17NOV08:05:55:32.0
Source: 2312-319
Scan 15 started at 17NOV08:05:58:20.0
Source: a_1380
Source: a_1381
Source: a_1382
Source: a_1383
Source: a_1384
Source: a_1385
Source: a_1386
Source: a_1387
Source: a_1388
Source: a_1389
Source: a_1390
Source: a_1391
Source: a_1392
Source: a_1393
Source: a_1394
Source: a_1395
Source: a_1396
Source: a_1397
Source: a_1398
Scan 16 started at 17NOV08:06:11:08.0
Source: 2312-319
Scan 17 started at 17NOV08:06:13:56.0
Source: a_1399
Source: a_1400
Source: a_1401
Source: a_1402
Source: a_1403
Source: a_1404
Source: a_1405
Source: a_1406
Source: a_1407
Source: a_1408
Source: a_1409
Source: a_1410
Source: a_1411
Source: a_1412
Source: a_1413
Source: a_1414
Source: a_1415
Source: a_1416
Source: a_1417
Scan 18 started at 17NOV08:06:26:36.0
Source: 2312-319
Scan 19 started at 17NOV08:06:29:24.0
Source: a_1418
Source: a_1419
Source: a_1420
Source: a_1421
Source: a_1422
Source: a_1423
Source: a_1424
Source: a_1425
Source: a_1426
Source: a_1427
Source: a_1428
Source: a_1429
Source: a_1430
Source: a_1431
Source: a_1432
Source: a_1433
Source: a_1434
Source: a_1435
Scan 20 started at 17NOV08:06:41:24.0
Source: 2312-319
Scan 21 started at 17NOV08:06:44:20.0
Source: a_1261
Source: a_1262
Source: a_1263
Source: a_1264
Source: a_1265
Source: a_1266
Source: a_1267
Source: a_1268
Source: a_1269
Source: a_1270
Source: a_1271
Source: a_1272
Source: a_1273
Source: a_1274
Source: a_1275
Source: a_1276
Source: a_1277
RPFITS file version is 2.12
---------------------------------------
Total number of spectra selected: 72660

Summary of spectra flagged
Flagging Reason            Fraction
---------------            --------
Antenna off-source/off-line  4.46%
---------------------------------------
Processing file raw/2017-11-08_0654.C3132
CABB data detected
Scan 1 started at 17NOV08:06:54:52.0
Source: a_1277
Source: a_1278
Source: a_1279
Source: a_1280
Scan 2 started at 17NOV08:06:57:40.0
Source: 2312-319
Scan 3 started at 17NOV08:07:00:36.0
Source: a_1281
Source: a_1282
Source: a_1283
Source: a_1284
Source: a_1285
Source: a_1286
Source: a_1287
Source: a_1288
Source: a_1289
Source: a_1290
Source: a_1291
Source: a_1292
Source: a_1293
Source: a_1294
Source: a_1295
Source: a_1296
Source: a_1297
Source: a_1298
Source: a_1299
Source: a_1300
Scan 4 started at 17NOV08:07:13:56.0
Source: 2312-319
Scan 5 started at 17NOV08:07:16:52.0
Source: a_1301
Source: a_1302
Source: a_1303
Source: a_1304
Source: a_1305
Source: a_1306
Source: a_1307
Source: a_1308
Source: a_1309
Source: a_1310
Source: a_1311
Source: a_1312
Source: a_1313
Source: a_1314
Source: a_1315
Source: a_1316
Source: a_1317
Source: a_1318
Source: a_1319
Source: a_1320
Scan 6 started at 17NOV08:07:30:20.0
Source: 2312-319
Scan 7 started at 17NOV08:07:33:16.0
Source: a_1321
Source: a_1322
Source: a_1323
Source: a_1324
Source: a_1325
Source: a_1326
Source: a_1327
Source: a_1328
Source: a_1329
Source: a_1330
Source: a_1331
Source: a_1332
Source: a_1333
Source: a_1334
Source: a_1335
Source: a_1336
Source: a_1337
Source: a_1338
Source: a_1339
Source: a_1340
Scan 8 started at 17NOV08:07:46:44.0
Source: 2312-319
Scan 9 started at 17NOV08:07:49:40.0
Source: a_1341
Source: a_1342
Source: a_1343
Source: a_1344
Source: a_1345
Source: a_1346
Source: a_1347
Source: a_1348
Source: a_1349
Source: a_1350
Source: a_1351
Source: a_1352
Source: a_1353
Source: a_1354
Source: a_1355
Source: a_1356
Source: a_1357
Source: a_1358
Source: a_1359
Source: a_1360
Scan 10 started at 17NOV08:08:03:00.0
Source: 2312-319
Scan 11 started at 17NOV08:08:05:56.0
Source: a_1361
Source: a_1362
Source: a_1363
Source: a_1364
Source: a_1365
Source: a_1366
Source: a_1367
Source: a_1368
Source: a_1369
Source: a_1370
Source: a_1371
Source: a_1372
Source: a_1373
Source: a_1374
Source: a_1375
Source: a_1376
Source: a_1377
Source: a_1378
Source: a_1379
Scan 12 started at 17NOV08:08:18:44.0
Source: 2312-319
Scan 13 started at 17NOV08:08:21:40.0
Source: a_1380
Source: a_1381
Source: a_1382
Source: a_1383
Source: a_1384
Source: a_1385
Source: a_1386
Source: a_1387
Source: a_1388
Source: a_1389
Source: a_1390
Source: a_1391
Source: a_1392
Source: a_1393
Source: a_1394
Source: a_1395
Source: a_1396
Source: a_1397
Source: a_1398
Scan 14 started at 17NOV08:08:34:28.0
Source: 2312-319
Scan 15 started at 17NOV08:08:37:32.0
Source: a_1399
Source: a_1400
Source: a_1401
Source: a_1402
Source: a_1403
Source: a_1404
Source: a_1405
Source: a_1406
Source: a_1407
Source: a_1408
Source: a_1409
Source: a_1410
Source: a_1411
Source: a_1412
Source: a_1413
Source: a_1414
Source: a_1415
Source: a_1416
Source: a_1417
Scan 16 started at 17NOV08:08:50:20.0
Source: 2312-319
Scan 17 started at 17NOV08:08:53:24.0
Source: a_1418
Source: a_1419
Source: a_1420
Source: a_1421
Source: a_1422
Source: a_1423
Source: a_1424
Source: a_1425
Source: a_1426
Source: a_1427
Source: a_1428
Source: a_1429
Source: a_1430
Source: a_1431
Source: a_1432
Source: a_1433
Source: a_1434
Source: a_1435
Scan 18 started at 17NOV08:09:05:24.0
Source: 2312-319
Scan 19 started at 17NOV08:09:08:36.0
Source: a_1261
Source: a_1262
Source: a_1263
Source: a_1264
Source: a_1265
Source: a_1266
Source: a_1267
Source: a_1268
Source: a_1269
Source: a_1270
Source: a_1271
Source: a_1272
Source: a_1273
Source: a_1274
Source: a_1275
Source: a_1276
Source: a_1277
Source: a_1278
Source: a_1279
Source: a_1280
Scan 20 started at 17NOV08:09:22:04.0
Source: 2312-319
Scan 21 started at 17NOV08:09:25:40.0
Source: a_1281
Source: a_1282
Source: a_1283
Source: a_1284
Source: a_1285
Source: a_1286
Source: a_1287
Source: a_1288
Source: a_1289
Source: a_1290
Source: a_1291
Source: a_1292
Source: a_1293
Source: a_1294
Source: a_1295
Source: a_1296
Source: a_1297
Source: a_1298
Source: a_1299
Source: a_1300
Scan 22 started at 17NOV08:09:38:52.0
Source: 2312-319
RPFITS file version is 2.12
---------------------------------------
Total number of spectra selected: 72660

Summary of spectra flagged
Flagging Reason            Fraction
---------------            --------
Antenna off-source/off-line  6.11%
---------------------------------------
Processing file raw/2017-11-08_0942.C3132
CABB data detected
Scan 1 started at 17NOV08:09:43:08.0
Source: a_1302
Source: a_1303
Source: a_1304
Source: a_1305
Source: a_1306
Source: a_1307
Source: a_1308
Source: a_1309
Source: a_1310
Source: a_1311
Source: a_1312
Source: a_1313
Source: a_1314
Source: a_1315
Source: a_1316
Source: a_1317
Source: a_1318
Source: a_1319
Source: a_1320
Scan 2 started at 17NOV08:09:56:20.0
Source: 2312-319
Scan 3 started at 17NOV08:10:01:16.0
Source: a_1322
Source: a_1323
Source: a_1324
Source: a_1325
Source: a_1326
Source: a_1327
Source: a_1328
Source: a_1329
Source: a_1330
Source: a_1331
Source: a_1332
Source: a_1333
Source: a_1334
Source: a_1335
Source: a_1336
Source: a_1337
Source: a_1338
Source: a_1339
Source: a_1340
Scan 4 started at 17NOV08:10:15:16.0
Source: 2312-319
Scan 5 started at 17NOV08:10:19:08.0
Source: a_1342
Source: a_1343
Source: a_1344
Source: a_1345
Source: a_1346
Source: a_1347
Source: a_1348
Source: a_1349
Source: a_1350
Source: a_1351
Source: a_1352
Source: a_1353
Source: a_1354
Source: a_1355
Source: a_1356
Source: a_1357
Source: a_1358
Source: a_1359
Source: a_1360
Scan 6 started at 17NOV08:10:32:28.0
Source: 2312-319
Scan 7 started at 17NOV08:10:35:40.0
Source: a_1361
Source: a_1362
Source: a_1363
Source: a_1364
Source: a_1365
Source: a_1366
Source: a_1367
Source: a_1368
Source: a_1369
Source: a_1370
Source: a_1371
Source: a_1372
Source: a_1373
Source: a_1374
Source: a_1375
Source: a_1376
Source: a_1377
Source: a_1378
Source: a_1379
Scan 8 started at 17NOV08:10:48:36.0
Source: 2312-319
Scan 9 started at 17NOV08:10:51:48.0
Source: a_1380
Source: a_1381
Source: a_1382
Source: a_1383
Source: a_1384
Source: a_1385
Source: a_1386
Source: a_1387
Source: a_1388
Source: a_1389
Source: a_1390
Source: a_1391
Source: a_1392
Source: a_1393
Source: a_1394
Source: a_1395
Source: a_1396
Source: a_1397
Source: a_1398
Scan 10 started at 17NOV08:11:04:52.0
Source: 2312-319
Scan 11 started at 17NOV08:11:07:56.0
Source: a_1399
Source: a_1400
Source: a_1401
Source: a_1402
Source: a_1403
Source: a_1404
Source: a_1405
Source: a_1406
Source: a_1407
Source: a_1408
Source: a_1409
Source: a_1410
Source: a_1411
Source: a_1412
Source: a_1413
Source: a_1414
Source: a_1415
Source: a_1416
Source: a_1417
Scan 12 started at 17NOV08:11:20:44.0
Source: 2312-319
Scan 13 started at 17NOV08:11:23:48.0
Source: a_1418
Source: a_1419
Source: a_1420
Source: a_1421
Source: a_1422
Source: a_1423
Source: a_1424
Source: a_1425
Source: a_1426
Source: a_1427
Source: a_1428
Source: a_1429
Source: a_1430
Source: a_1431
Source: a_1432
Source: a_1433
Source: a_1434
Source: a_1435
Scan 14 started at 17NOV08:11:35:48.0
Source: 2312-319
Scan 15 started at 17NOV08:11:38:44.0
Source: a_1261
Source: a_1262
Source: a_1263
Source: a_1264
Source: a_1265
Source: a_1266
Source: a_1267
Source: a_1268
Source: a_1269
Source: a_1270
Source: a_1271
Source: a_1272
Source: a_1273
Source: a_1274
Source: a_1275
Source: a_1276
Source: a_1277
Source: a_1278
Source: a_1279
Source: a_1280
Scan 16 started at 17NOV08:11:52:12.0
Source: 2312-319
Scan 17 started at 17NOV08:11:55:08.0
Source: a_1281
Source: a_1282
Source: a_1283
Source: a_1284
Source: a_1285
Source: a_1286
Source: a_1287
Source: a_1288
Source: a_1289
Source: a_1290
Source: a_1291
Source: a_1292
Source: a_1293
Source: a_1294
Source: a_1295
Source: a_1296
Source: a_1297
Source: a_1298
Source: a_1299
Source: a_1300
Scan 18 started at 17NOV08:12:08:28.0
Source: 2312-319
Scan 19 started at 17NOV08:12:11:24.0
Source: a_1301
Source: a_1302
Source: a_1303
Source: a_1304
Source: a_1305
Source: a_1306
Source: a_1307
Source: a_1308
Source: a_1309
Source: a_1310
Source: a_1311
Source: a_1312
Source: a_1313
Source: a_1314
Source: a_1315
Source: a_1316
Source: a_1317
Source: a_1318
Source: a_1319
Source: a_1320
Scan 20 started at 17NOV08:12:24:52.0
Source: 2312-319
Scan 21 started at 17NOV08:12:27:48.0
Source: a_1321
Source: a_1322
Source: a_1323
RPFITS file version is 2.12
---------------------------------------
Total number of spectra selected: 72616

Summary of spectra flagged
Flagging Reason            Fraction
---------------            --------
Antenna off-source/off-line  10.2%
---------------------------------------
Processing file raw/2017-11-08_1228.C3132
CABB data detected
Scan 1 started at 17NOV08:12:29:00.0
Source: a_1323
Source: a_1324
Source: a_1325
Source: a_1326
Source: a_1327
Source: a_1328
Source: a_1329
Source: a_1330
Source: a_1331
Source: a_1332
Source: a_1333
Source: a_1334
Source: a_1335
Source: a_1336
Source: a_1337
Source: a_1338
Source: a_1339
Source: a_1340
Scan 2 started at 17NOV08:12:41:16.0
Source: 2312-319
Scan 3 started at 17NOV08:12:44:12.0
Source: a_1341
Source: a_1342
Source: a_1343
Source: a_1344
Source: a_1345
Source: a_1346
Source: a_1347
Source: a_1348
Source: a_1349
Source: a_1350
Source: a_1351
Source: a_1352
Source: a_1353
Source: a_1354
Source: a_1355
Source: a_1356
Source: a_1357
Source: a_1358
Source: a_1359
Source: a_1360
Scan 4 started at 17NOV08:12:57:32.0
Source: 2312-319
Scan 5 started at 17NOV08:13:00:28.0
Source: a_1361
Source: a_1362
Source: a_1363
Source: a_1364
Source: a_1365
Source: a_1366
Source: a_1367
Source: a_1368
Source: a_1369
Source: a_1370
Source: a_1371
Source: a_1372
Source: a_1373
Source: a_1374
Source: a_1375
Source: a_1376
Source: a_1377
Source: a_1378
Source: a_1379
Scan 6 started at 17NOV08:13:13:08.0
Source: 2312-319
Scan 7 started at 17NOV08:13:16:04.0
Source: a_1380
Source: a_1381
Source: a_1382
Source: a_1383
Source: a_1384
Source: a_1385
Source: a_1386
Source: a_1387
Source: a_1388
Source: a_1389
Source: a_1390
Source: a_1391
Source: a_1392
Source: a_1393
Source: a_1394
Source: a_1395
Source: a_1396
Source: a_1397
Source: a_1398
Scan 8 started at 17NOV08:13:28:44.0
Source: 2312-319
Scan 9 started at 17NOV08:13:31:40.0
Source: a_1399
Source: a_1400
Source: a_1401
Source: a_1402
Source: a_1403
Source: a_1404
Source: a_1405
Source: a_1406
Source: a_1407
Source: a_1408
Source: a_1409
Source: a_1410
Source: a_1411
Source: a_1412
Source: a_1413
Source: a_1414
Source: a_1415
Source: a_1416
Source: a_1417
Scan 10 started at 17NOV08:13:44:20.0
Source: 2312-319
Scan 11 started at 17NOV08:13:47:16.0
Source: a_1418
Source: a_1419
Source: a_1420
Source: a_1421
Source: a_1422
Source: a_1423
Source: a_1424
Source: a_1425
Source: a_1426
Source: a_1427
Source: a_1428
Source: a_1429
Source: a_1430
Source: a_1431
Source: a_1432
Source: a_1433
Source: a_1434
Source: a_1435
Scan 12 started at 17NOV08:13:59:16.0
Source: 2312-319
Scan 13 started at 17NOV08:14:02:12.0
Source: a_1261
Source: a_1262
Source: a_1263
Source: a_1264
Source: a_1265
Source: a_1266
Source: a_1267
Source: a_1268
Source: a_1269
Source: a_1270
Source: a_1271
Source: a_1272
Source: a_1273
Source: a_1274
Source: a_1275
Source: a_1276
Source: a_1277
Source: a_1278
Source: a_1279
Source: a_1280
Scan 14 started at 17NOV08:14:15:32.0
Source: 2312-319
Scan 15 started at 17NOV08:14:18:28.0
Source: a_1281
Source: a_1282
Source: a_1283
Source: a_1284
Source: a_1285
Source: a_1286
Source: a_1287
Source: a_1288
Source: a_1289
Source: a_1290
Source: a_1291
Source: a_1292
Source: a_1293
Source: a_1294
Source: a_1295
Source: a_1296
Source: a_1297
Source: a_1298
Source: a_1299
Source: a_1300
Scan 16 started at 17NOV08:14:31:48.0
Source: 2312-319
Scan 17 started at 17NOV08:14:34:36.0
Source: a_1301
Source: a_1302
Source: a_1303
Source: a_1304
Source: a_1305
Source: a_1306
Source: a_1307
Source: a_1308
Source: a_1309
Source: a_1310
Source: a_1311
Source: a_1312
Source: a_1313
Source: a_1314
Source: a_1315
Source: a_1316
Source: a_1317
Source: a_1318
Source: a_1319
Source: a_1320
Scan 18 started at 17NOV08:14:47:56.0
Source: 2312-319
Scan 19 started at 17NOV08:14:50:44.0
Source: a_1321
Source: a_1322
Source: a_1323
Source: a_1324
Source: a_1325
Source: a_1326
Source: a_1327
Source: a_1328
Source: a_1329
Source: a_1330
Source: a_1331
Source: a_1332
Source: a_1333
Source: a_1334
Source: a_1335
Source: a_1336
Source: a_1337
Source: a_1338
Source: a_1339
Source: a_1340
Scan 20 started at 17NOV08:15:04:04.0
Source: 2312-319
Scan 21 started at 17NOV08:15:06:52.0
Source: a_1341
Source: a_1342
Source: a_1343
Source: a_1344
Source: a_1345
Source: a_1346
Source: a_1347
Source: a_1348
Source: a_1349
Source: a_1350
Source: a_1351
Source: a_1352
Source: a_1353
Source: a_1354
RPFITS file version is 2.12
---------------------------------------
Total number of spectra selected: 72660

Summary of spectra flagged
Flagging Reason            Fraction
---------------            --------
Antenna off-source/off-line  3.96%
---------------------------------------
Processing file raw/2017-11-08_1515.C3132
CABB data detected
Scan 1 started at 17NOV08:15:15:48.0
Source: a_1354
Source: a_1355
Source: a_1356
Source: a_1357
Source: a_1358
Source: a_1359
Source: a_1360
Scan 2 started at 17NOV08:15:20:12.0
Source: 2312-319
Scan 3 started at 17NOV08:15:23:00.0
Source: a_1361
Source: a_1362
Source: a_1363
Source: a_1364
Source: a_1365
Source: a_1366
Source: a_1367
Source: a_1368
Source: a_1369
Source: a_1370
Source: a_1371
Source: a_1372
Source: a_1373
Source: a_1374
Source: a_1375
Source: a_1376
Source: a_1377
Source: a_1378
Source: a_1379
Scan 4 started at 17NOV08:15:35:40.0
Source: 2312-319
Scan 5 started at 17NOV08:15:38:28.0
Source: a_1380
Source: a_1381
Source: a_1382
Source: a_1383
Source: a_1384
Source: a_1385
Source: a_1386
Source: a_1387
Source: a_1388
Source: a_1389
Source: a_1390
Source: a_1391
Source: a_1392
Source: a_1393
Source: a_1394
Source: a_1395
Source: a_1396
Source: a_1397
Source: a_1398
Scan 6 started at 17NOV08:15:51:16.0
Source: 2312-319
Scan 7 started at 17NOV08:15:54:04.0
Source: a_1399
Source: a_1400
Source: a_1401
Source: a_1402
Source: a_1403
Source: a_1404
Source: a_1405
 15:58:23 CAOBS> stop
 15:58:26 CAOBS> track 1
Scan 8 started at 17NOV08:15:58:44.0
Source: 2312-319
 16:02:04 CAOBS> stop
 16:02:08 CAOBS> corr closef
RPFITS file version is 2.12
---------------------------------------
Total number of spectra selected: 19920

Summary of spectra flagged
Flagging Reason            Fraction
---------------            --------
Antenna off-source/off-line  3.92%
---------------------------------------

No CACAL data was detected

2018-08-07 09:54:12,861 [MainThread  ] [INFO ]  uvflag vis=data5.uv line=chan,6,1146,1 flagval=flag

uvflag: Revision 1.8, 2014/09/30 14:23:39 UTC


Set flags to indicate bad data in visibility file data5.uv
Linetype channel; select    6 channels; start 1146, width    1, step    1

Overview of flagging on visibility file data5.uv
Changed flags set to FALSE (data flagged as bad)
Total number of records selected: 291736; out of 291736 records
Antennas used: 1-6
Counts of correlations within selected channels
channel   Originally    Currently
Good:          875148.           0.    Changed to bad:      875148.
Bad:           875268.     1750416.

2018-08-07 09:54:29,756 [MainThread  ] [INFO ]  uvflag vis=data5.uv line=chan,30,1454,1 flagval=flag

uvflag: Revision 1.8, 2014/09/30 14:23:39 UTC


Set flags to indicate bad data in visibility file data5.uv
Linetype channel; select   30 channels; start 1454, width    1, step    1

Overview of flagging on visibility file data5.uv
Changed flags set to FALSE (data flagged as bad)
Total number of records selected: 291736; out of 291736 records
Antennas used: 1-6
Counts of correlations within selected channels
channel   Originally    Currently
Good:         8752080.           0.    Changed to bad:     8752080.
Bad:                0.     8752080.

2018-08-07 09:55:01,511 [MainThread  ] [INFO ]  uvflag vis=data5.uv line=chan,40,1964,1 flagval=flag

uvflag: Revision 1.8, 2014/09/30 14:23:39 UTC


Set flags to indicate bad data in visibility file data5.uv
Linetype channel; select   40 channels; start 1964, width    1, step    1

Overview of flagging on visibility file data5.uv
Changed flags set to FALSE (data flagged as bad)
Total number of records selected: 291736; out of 291736 records
Antennas used: 1-6
Counts of correlations within selected channels
channel   Originally    Currently
Good:               0.           0.    Changed to bad:           0.
Bad:         11669440.    11669440.

2018-08-07 09:56:37,796 [MainThread  ] [INFO ]  uvsplit vis=data5.uv options=mosaic

uvsplit: Revision 1.18, 2016/05/09 03:06:18 UTC

Creating 1934-638.5500
Creating 2312-319.5500
Creating a.5500

2018-08-07 09:56:47,443 [MainThread  ] [INFO ]  pgflag vis=1934-638.5500 command='<b' stokes=i,q,u,v flagpar=8,5,5,3,6,3 options=nodisp

pgflag: Revision 1.30, 2016/10/05 23:06:50 UTC

Applying changes to dataset
Counts of correlations within selected channels:
 channel  Originally  Currently
 Good:       7655220    7606912    Changed to bad:      48308
 Bad:        1073520    1121828    Changed to good:         0
 12.9% of the data is now flagged

2018-08-07 09:56:56,730 [MainThread  ] [INFO ]  pgflag vis=1934-638.5500 command='<b' stokes=i,v,q,u flagpar=8,2,2,3,6,3  options=nodisp

pgflag: Revision 1.30, 2016/10/05 23:06:50 UTC

Applying changes to dataset
Counts of correlations within selected channels:
 channel  Originally  Currently
 Good:       7606912    7564320    Changed to bad:      42592
 Bad:        1121828    1164420    Changed to good:         0
 13.3% of the data is now flagged

2018-08-07 09:57:05,647 [MainThread  ] [INFO ]  pgflag vis=1934-638.5500 command='<b' stokes=i,v,u,q flagpar=8,2,2,3,6,3  options=nodisp

pgflag: Revision 1.30, 2016/10/05 23:06:50 UTC

Applying changes to dataset
Counts of correlations within selected channels:
 channel  Originally  Currently
 Good:       7564320    7447648    Changed to bad:     116672
 Bad:        1164420    1281092    Changed to good:         0
 14.7% of the data is now flagged

2018-08-07 09:58:29,393 [MainThread  ] [INFO ]  mfcal vis=1934-638.5500 refant=4 interval=0.1
MfCal: $Revision: 1.20 $, $Date: 2017/05/08 02:31:10 $
Selecting parallel-hand polarisations
Reading the data ...
Number correlations accepted: 3723824
Number of frequency bands/settings: 1
Number of polarisations selected: 2
Number of solution intervals: 71
Number of passband solution intervals: 1
Initialising ...
Using post-Aug94 ATCA flux scale for 1934-638.
Using known frequency variation of 1934-638
Generating initial solution estimate ...
Doing solution refinement ...
Iter= 1, Solution Error:  0.430
Iter= 2, Solution Error:  0.011
Iter= 3, Solution Error:  0.000
Saving solution ...

2018-08-07 09:58:30,684 [MainThread  ] [INFO ]  gpcal vis=1934-638.5500 refant=4 interval=0.1 nfbin=2 options=xyvary

gpcal: Revision 1.22, 2016/05/01 22:31:05 UTC

Applying bandpass corrections to 1934-638.5500
Number of antennae: 6
Reading the data ...
Number of solution intervals: 71
Total visibilities read: 1065
Number visibilities accepted: 1065
Using post-Aug94 ATCA flux scale for 1934-638.
Using IQUV =  5.0167,  0.0000,  0.0000,  0.0000 at   5.4522 GHz.
Using post-Aug94 ATCA flux scale for 1934-638.
Using IQUV =  5.5172,  0.0000,  0.0000,  0.0000 at   5.0317 GHz.
Using post-Aug94 ATCA flux scale for 1934-638.
Using IQUV =  4.5109,  0.0000,  0.0000,  0.0000 at   5.9540 GHz.
Iter= 1, Amplit/Phase Solution Error:   0.549
Iter= 1, Polarisation Solution Error:   0.043
Iter= 1, Overall Solution Error:        1.710
Iter= 2, Amplit/Phase Solution Error:   0.002
Iter= 2, Polarisation Solution Error:   0.000
Iter= 2, Overall Solution Error:        0.004
Iter= 3, Amplit/Phase Solution Error:   0.001
Iter= 3, Polarisation Solution Error:   0.000
Iter= 3, Overall Solution Error:        0.001
I flux density:   5.0167
Leakage terms:
 Ant 1:Dx,Dy = ( 0.00185,-0.00276),(-0.00108,-0.00215)
 Ant 2:Dx,Dy = ( 0.00391, 0.00687),(-0.00366, 0.00758)
 Ant 3:Dx,Dy = ( 0.00421, 0.00057),(-0.00766, 0.00048)
 Ant 4:Dx,Dy = ( 0.00518, 0.01860),(-0.00381, 0.01966)
 Ant 5:Dx,Dy = (-0.01694,-0.00090),( 0.01575,-0.00060)
 Ant 6:Dx,Dy = ( 0.00041,-0.02384),(-0.00092,-0.02352)
Solution for freq bin  1
Iter= 1, Amplit/Phase Solution Error:   0.538
Iter= 1, Polarisation Solution Error:   0.045
Iter= 1, Overall Solution Error:        1.685
Iter= 2, Amplit/Phase Solution Error:   0.002
Iter= 2, Polarisation Solution Error:   0.000
Iter= 2, Overall Solution Error:        0.004
Iter= 3, Amplit/Phase Solution Error:   0.001
Iter= 3, Polarisation Solution Error:   0.000
Iter= 3, Overall Solution Error:        0.001
I flux density:   5.5172
Leakage terms:
 Ant 1:Dx,Dy = ( 0.00187,-0.00239),(-0.00137,-0.00178)
 Ant 2:Dx,Dy = ( 0.00438, 0.00822),(-0.00389, 0.00866)
 Ant 3:Dx,Dy = ( 0.00360, 0.00052),(-0.00842, 0.00098)
 Ant 4:Dx,Dy = ( 0.00471, 0.01885),(-0.00388, 0.02049)
 Ant 5:Dx,Dy = (-0.01757,-0.00174),( 0.01530,-0.00127)
 Ant 6:Dx,Dy = (-0.00040,-0.02564),(-0.00114,-0.02490)
Solution for freq bin  2
Iter= 1, Amplit/Phase Solution Error:   0.567
Iter= 1, Polarisation Solution Error:   0.040
Iter= 1, Overall Solution Error:        1.743
Iter= 2, Amplit/Phase Solution Error:   0.002
Iter= 2, Polarisation Solution Error:   0.000
Iter= 2, Overall Solution Error:        0.004
Iter= 3, Amplit/Phase Solution Error:   0.001
Iter= 3, Polarisation Solution Error:   0.000
Iter= 3, Overall Solution Error:        0.001
I flux density:   4.5109
Leakage terms:
 Ant 1:Dx,Dy = ( 0.00183,-0.00325),(-0.00068,-0.00265)
 Ant 2:Dx,Dy = ( 0.00327, 0.00505),(-0.00338, 0.00612)
 Ant 3:Dx,Dy = ( 0.00504, 0.00065),(-0.00661,-0.00019)
 Ant 4:Dx,Dy = ( 0.00582, 0.01827),(-0.00372, 0.01855)
 Ant 5:Dx,Dy = (-0.01611, 0.00023),( 0.01637, 0.00030)
 Ant 6:Dx,Dy = ( 0.00149,-0.02142),(-0.00064,-0.02166)

2018-08-07 09:58:46,037 [MainThread  ] [INFO ]  pgflag vis=1934-638.5500 command='<b' stokes=i,q,u,v flagpar=8,5,5,3,6,3 options=nodisp

pgflag: Revision 1.30, 2016/10/05 23:06:50 UTC

Applying bandpass corrections to 1934-638.5500
Applying freq. dependent gain corrections to 1934-638.5500
Applying freq. dependent leakage correction to 1934-638.5500
Applying changes to dataset
Counts of correlations within selected channels:
 channel  Originally  Currently
 Good:       7447648    7428912    Changed to bad:      18736
 Bad:        1281092    1299828    Changed to good:         0
 14.9% of the data is now flagged

2018-08-07 09:58:59,175 [MainThread  ] [INFO ]  pgflag vis=1934-638.5500 command='<b' stokes=i,v,q,u flagpar=8,2,2,3,6,3  options=nodisp

pgflag: Revision 1.30, 2016/10/05 23:06:50 UTC

Applying bandpass corrections to 1934-638.5500
Applying freq. dependent gain corrections to 1934-638.5500
Applying freq. dependent leakage correction to 1934-638.5500
Applying changes to dataset
Counts of correlations within selected channels:
 channel  Originally  Currently
 Good:       7428912    7409296    Changed to bad:      19616
 Bad:        1299828    1319444    Changed to good:         0
 15.1% of the data is now flagged

2018-08-07 09:59:12,671 [MainThread  ] [INFO ]  pgflag vis=1934-638.5500 command='<b' stokes=i,v,u,q flagpar=8,2,2,3,6,3  options=nodisp

pgflag: Revision 1.30, 2016/10/05 23:06:50 UTC

Applying bandpass corrections to 1934-638.5500
Applying freq. dependent gain corrections to 1934-638.5500
Applying freq. dependent leakage correction to 1934-638.5500
Applying changes to dataset
Counts of correlations within selected channels:
 channel  Originally  Currently
 Good:       7409296    7392892    Changed to bad:      16404
 Bad:        1319444    1335848    Changed to good:         0
 15.3% of the data is now flagged

2018-08-07 10:00:18,316 [MainThread  ] [INFO ]  mfcal vis=1934-638.5500 refant=4 interval=0.1
MfCal: $Revision: 1.20 $, $Date: 2017/05/08 02:31:10 $
Selecting parallel-hand polarisations
Reading the data ...
Number correlations accepted: 3696446
Number of frequency bands/settings: 1
Number of polarisations selected: 2
Number of solution intervals: 71
Number of passband solution intervals: 1
Initialising ...
Using post-Aug94 ATCA flux scale for 1934-638.
Using known frequency variation of 1934-638
Generating initial solution estimate ...
Doing solution refinement ...
Iter= 1, Solution Error:  0.431
Iter= 2, Solution Error:  0.011
Iter= 3, Solution Error:  0.000
Saving solution ...

2018-08-07 10:00:18,873 [MainThread  ] [INFO ]  gpcal vis=1934-638.5500 refant=4 interval=0.1 nfbin=2 options=xyvary

gpcal: Revision 1.22, 2016/05/01 22:31:05 UTC

Applying bandpass corrections to 1934-638.5500
Number of antennae: 6
Using leakage parameters from input as initial guess
Reading the data ...
Number of solution intervals: 71
Total visibilities read: 1065
Number visibilities accepted: 1065
Using post-Aug94 ATCA flux scale for 1934-638.
Using IQUV =  5.0170,  0.0000,  0.0000,  0.0000 at   5.4520 GHz.
Using post-Aug94 ATCA flux scale for 1934-638.
Using IQUV =  5.5147,  0.0000,  0.0000,  0.0000 at   5.0336 GHz.
Using post-Aug94 ATCA flux scale for 1934-638.
Using IQUV =  4.5123,  0.0000,  0.0000,  0.0000 at   5.9524 GHz.
Iter= 1, Amplit/Phase Solution Error:   0.549
Iter= 1, Polarisation Solution Error:   0.000
Iter= 1, Overall Solution Error:        1.710
Iter= 2, Amplit/Phase Solution Error:   0.002
Iter= 2, Polarisation Solution Error:   0.000
Iter= 2, Overall Solution Error:        0.004
Iter= 3, Amplit/Phase Solution Error:   0.001
Iter= 3, Polarisation Solution Error:   0.000
Iter= 3, Overall Solution Error:        0.001
I flux density:   5.0170
Leakage terms:
 Ant 1:Dx,Dy = ( 0.00186,-0.00277),(-0.00107,-0.00215)
 Ant 2:Dx,Dy = ( 0.00390, 0.00688),(-0.00366, 0.00757)
 Ant 3:Dx,Dy = ( 0.00421, 0.00057),(-0.00767, 0.00049)
 Ant 4:Dx,Dy = ( 0.00520, 0.01861),(-0.00380, 0.01967)
 Ant 5:Dx,Dy = (-0.01695,-0.00091),( 0.01575,-0.00061)
 Ant 6:Dx,Dy = ( 0.00042,-0.02384),(-0.00092,-0.02351)
Solution for freq bin  1
Iter= 1, Amplit/Phase Solution Error:   0.538
Iter= 1, Polarisation Solution Error:   0.002
Iter= 1, Overall Solution Error:        1.685
Iter= 2, Amplit/Phase Solution Error:   0.002
Iter= 2, Polarisation Solution Error:   0.000
Iter= 2, Overall Solution Error:        0.004
Iter= 3, Amplit/Phase Solution Error:   0.001
Iter= 3, Polarisation Solution Error:   0.000
Iter= 3, Overall Solution Error:        0.001
I flux density:   5.5147
Leakage terms:
 Ant 1:Dx,Dy = ( 0.00188,-0.00240),(-0.00136,-0.00178)
 Ant 2:Dx,Dy = ( 0.00438, 0.00823),(-0.00387, 0.00865)
 Ant 3:Dx,Dy = ( 0.00360, 0.00052),(-0.00842, 0.00099)
 Ant 4:Dx,Dy = ( 0.00472, 0.01885),(-0.00387, 0.02049)
 Ant 5:Dx,Dy = (-0.01758,-0.00176),( 0.01528,-0.00129)
 Ant 6:Dx,Dy = (-0.00039,-0.02563),(-0.00113,-0.02487)
Solution for freq bin  2
Iter= 1, Amplit/Phase Solution Error:   0.566
Iter= 1, Polarisation Solution Error:   0.003
Iter= 1, Overall Solution Error:        1.743
Iter= 2, Amplit/Phase Solution Error:   0.002
Iter= 2, Polarisation Solution Error:   0.000
Iter= 2, Overall Solution Error:        0.004
Iter= 3, Amplit/Phase Solution Error:   0.001
Iter= 3, Polarisation Solution Error:   0.000
Iter= 3, Overall Solution Error:        0.001
I flux density:   4.5123
Leakage terms:
 Ant 1:Dx,Dy = ( 0.00183,-0.00326),(-0.00067,-0.00265)
 Ant 2:Dx,Dy = ( 0.00326, 0.00506),(-0.00338, 0.00613)
 Ant 3:Dx,Dy = ( 0.00504, 0.00064),(-0.00662,-0.00020)
 Ant 4:Dx,Dy = ( 0.00583, 0.01828),(-0.00370, 0.01857)
 Ant 5:Dx,Dy = (-0.01611, 0.00023),( 0.01638, 0.00031)
 Ant 6:Dx,Dy = ( 0.00151,-0.02144),(-0.00065,-0.02167)

2018-08-07 10:00:18,924 [MainThread  ] [INFO ]  gpcopy vis=1934-638.5500 out=2312-319.5500

gpcopy: Revision 1.13, 2015/10/29 01:31:39 UTC

Copying leakage table
Copying gain table
Interpolation tolerance set to (minutes): 720.00
Copying bandpass table

2018-08-07 10:03:13,135 [MainThread  ] [INFO ]  pgflag vis=2312-319.5500 command='<b' stokes=i,q,u,v flagpar=8,5,5,3,6,3 options=nodisp

pgflag: Revision 1.30, 2016/10/05 23:06:50 UTC

Applying bandpass corrections to 2312-319.5500
Applying freq. dependent gain corrections to 2312-319.5500
Applying freq. dependent leakage correction to 2312-319.5500
Applying changes to dataset
Counts of correlations within selected channels:
 channel  Originally  Currently
 Good:      73856700   73276812    Changed to bad:     579888
 Bad:       10357200   10937088    Changed to good:         0
 13.0% of the data is now flagged

2018-08-07 10:06:00,042 [MainThread  ] [INFO ]  pgflag vis=2312-319.5500 command='<b' stokes=i,v,q,u flagpar=8,2,2,3,6,3  options=nodisp

pgflag: Revision 1.30, 2016/10/05 23:06:50 UTC

Applying bandpass corrections to 2312-319.5500
Applying freq. dependent gain corrections to 2312-319.5500
Applying freq. dependent leakage correction to 2312-319.5500
Applying changes to dataset
Counts of correlations within selected channels:
 channel  Originally  Currently
 Good:      73276812   72767120    Changed to bad:     509692
 Bad:       10937088   11446780    Changed to good:         0
 13.6% of the data is now flagged

2018-08-07 10:08:48,079 [MainThread  ] [INFO ]  pgflag vis=2312-319.5500 command='<b' stokes=i,v,u,q flagpar=8,2,2,3,6,3  options=nodisp

pgflag: Revision 1.30, 2016/10/05 23:06:50 UTC

Applying bandpass corrections to 2312-319.5500
Applying freq. dependent gain corrections to 2312-319.5500
Applying freq. dependent leakage correction to 2312-319.5500
Applying changes to dataset
Counts of correlations within selected channels:
 channel  Originally  Currently
 Good:      72767120   72203672    Changed to bad:     563448
 Bad:       11446780   12010228    Changed to good:         0
 14.3% of the data is now flagged

2018-08-07 10:08:52,536 [MainThread  ] [INFO ]  gpcal vis=2312-319.5500 refant=4 interval=0.1 nfbin=2 options=xyvary,qusolve

gpcal: Revision 1.22, 2016/05/01 22:31:05 UTC

Applying bandpass corrections to 2312-319.5500
Number of antennae: 6
Using leakage parameters from input as initial guess
Reading the data ...
Number of solution intervals: 685
Total visibilities read: 10275
Number visibilities accepted: 10275
Iter= 1, Amplit/Phase Solution Error:   0.889
Iter= 1, Polarisation Solution Error:   0.009
Iter= 1, Overall Solution Error:        2.509
Iter= 2, Amplit/Phase Solution Error:   0.012
Iter= 2, Polarisation Solution Error:   0.000
Iter= 2, Overall Solution Error:        0.009
Iter= 3, Amplit/Phase Solution Error:   0.001
Iter= 3, Polarisation Solution Error:   0.000
Iter= 3, Overall Solution Error:        0.001
I flux density:   0.5513
Percent Q:  -0.933
Percent U:   0.759
Leakage terms:
 Ant 1:Dx,Dy = ( 0.00076,-0.00304),(-0.00154,-0.00186)
 Ant 2:Dx,Dy = ( 0.00260, 0.00615),(-0.00456, 0.00713)
 Ant 3:Dx,Dy = ( 0.00353, 0.00042),(-0.00861, 0.00012)
 Ant 4:Dx,Dy = ( 0.00431, 0.01836),(-0.00472, 0.01974)
 Ant 5:Dx,Dy = (-0.01746,-0.00111),( 0.01514,-0.00052)
 Ant 6:Dx,Dy = ( 0.00002,-0.02290),(-0.00194,-0.02250)
Solution for freq bin  1
Iter= 1, Amplit/Phase Solution Error:   0.843
Iter= 1, Polarisation Solution Error:   0.012
Iter= 1, Overall Solution Error:        2.424
Iter= 2, Amplit/Phase Solution Error:   0.014
Iter= 2, Polarisation Solution Error:   0.000
Iter= 2, Overall Solution Error:        0.010
Iter= 3, Amplit/Phase Solution Error:   0.001
Iter= 3, Polarisation Solution Error:   0.000
Iter= 3, Overall Solution Error:        0.001
I flux density:   0.5530
Percent Q:  -1.197
Percent U:   0.717
Leakage terms:
 Ant 1:Dx,Dy = ( 0.00084,-0.00262),(-0.00215,-0.00170)
 Ant 2:Dx,Dy = ( 0.00284, 0.00799),(-0.00481, 0.00822)
 Ant 3:Dx,Dy = ( 0.00283, 0.00051),(-0.00948, 0.00092)
 Ant 4:Dx,Dy = ( 0.00363, 0.01874),(-0.00457, 0.02065)
 Ant 5:Dx,Dy = (-0.01854,-0.00198),( 0.01423,-0.00115)
 Ant 6:Dx,Dy = (-0.00066,-0.02503),(-0.00227,-0.02455)
Solution for freq bin  2
Iter= 1, Amplit/Phase Solution Error:   0.944
Iter= 1, Polarisation Solution Error:   0.008
Iter= 1, Overall Solution Error:        2.565
Iter= 2, Amplit/Phase Solution Error:   0.010
Iter= 2, Polarisation Solution Error:   0.000
Iter= 2, Overall Solution Error:        0.008
Iter= 3, Amplit/Phase Solution Error:   0.001
Iter= 3, Polarisation Solution Error:   0.000
Iter= 3, Overall Solution Error:        0.001
I flux density:   0.5520
Percent Q:  -0.646
Percent U:   0.807
Leakage terms:
 Ant 1:Dx,Dy = ( 0.00058,-0.00367),(-0.00103,-0.00236)
 Ant 2:Dx,Dy = ( 0.00237, 0.00434),(-0.00431, 0.00613)
 Ant 3:Dx,Dy = ( 0.00418, 0.00049),(-0.00772,-0.00052)
 Ant 4:Dx,Dy = ( 0.00496, 0.01808),(-0.00491, 0.01888)
 Ant 5:Dx,Dy = (-0.01650, 0.00000),( 0.01589, 0.00051)
 Ant 6:Dx,Dy = ( 0.00101,-0.02114),(-0.00134,-0.02074)

2018-08-07 10:11:42,084 [MainThread  ] [INFO ]  pgflag vis=2312-319.5500 command='<b' stokes=i,q,u,v flagpar=8,5,5,3,6,3 options=nodisp

pgflag: Revision 1.30, 2016/10/05 23:06:50 UTC

Applying bandpass corrections to 2312-319.5500
Applying freq. dependent gain corrections to 2312-319.5500
Applying freq. dependent leakage correction to 2312-319.5500
Applying changes to dataset
Counts of correlations within selected channels:
 channel  Originally  Currently
 Good:      72203672   71667764    Changed to bad:     535908
 Bad:       12010228   12546136    Changed to good:         0
 14.9% of the data is now flagged

2018-08-07 10:14:29,344 [MainThread  ] [INFO ]  pgflag vis=2312-319.5500 command='<b' stokes=i,v,q,u flagpar=8,2,2,3,6,3  options=nodisp

pgflag: Revision 1.30, 2016/10/05 23:06:50 UTC

Applying bandpass corrections to 2312-319.5500
Applying freq. dependent gain corrections to 2312-319.5500
Applying freq. dependent leakage correction to 2312-319.5500
Applying changes to dataset
Counts of correlations within selected channels:
 channel  Originally  Currently
 Good:      71667764   71159180    Changed to bad:     508584
 Bad:       12546136   13054720    Changed to good:         0
 15.5% of the data is now flagged

2018-08-07 10:17:54,308 [MainThread  ] [INFO ]  pgflag vis=2312-319.5500 command='<b' stokes=i,v,u,q flagpar=8,2,2,3,6,3  options=nodisp

pgflag: Revision 1.30, 2016/10/05 23:06:50 UTC

Applying bandpass corrections to 2312-319.5500
Applying freq. dependent gain corrections to 2312-319.5500
Applying freq. dependent leakage correction to 2312-319.5500
Applying changes to dataset
Counts of correlations within selected channels:
 channel  Originally  Currently
 Good:      71159180   70644012    Changed to bad:     515168
 Bad:       13054720   13569888    Changed to good:         0
 16.1% of the data is now flagged

2018-08-07 10:17:59,387 [MainThread  ] [INFO ]  gpcal vis=2312-319.5500 refant=4 interval=0.1 nfbin=2 options=xyvary,qusolve

gpcal: Revision 1.22, 2016/05/01 22:31:05 UTC

Applying bandpass corrections to 2312-319.5500
Number of antennae: 6
Using leakage parameters from input as initial guess
Reading the data ...
Number of solution intervals: 685
Total visibilities read: 10275
Number visibilities accepted: 10275
Iter= 1, Amplit/Phase Solution Error:   0.894
Iter= 1, Polarisation Solution Error:   0.010
Iter= 1, Overall Solution Error:        2.513
Iter= 2, Amplit/Phase Solution Error:   0.012
Iter= 2, Polarisation Solution Error:   0.000
Iter= 2, Overall Solution Error:        0.009
Iter= 3, Amplit/Phase Solution Error:   0.001
Iter= 3, Polarisation Solution Error:   0.000
Iter= 3, Overall Solution Error:        0.001
I flux density:   0.5524
Percent Q:  -0.961
Percent U:   0.754
Leakage terms:
 Ant 1:Dx,Dy = ( 0.00089,-0.00303),(-0.00139,-0.00187)
 Ant 2:Dx,Dy = ( 0.00271, 0.00613),(-0.00443, 0.00710)
 Ant 3:Dx,Dy = ( 0.00367, 0.00042),(-0.00847, 0.00014)
 Ant 4:Dx,Dy = ( 0.00444, 0.01836),(-0.00455, 0.01975)
 Ant 5:Dx,Dy = (-0.01728,-0.00111),( 0.01526,-0.00055)
 Ant 6:Dx,Dy = ( 0.00020,-0.02290),(-0.00180,-0.02245)
Solution for freq bin  1
Iter= 1, Amplit/Phase Solution Error:   0.850
Iter= 1, Polarisation Solution Error:   0.012
Iter= 1, Overall Solution Error:        2.425
Iter= 2, Amplit/Phase Solution Error:   0.014
Iter= 2, Polarisation Solution Error:   0.000
Iter= 2, Overall Solution Error:        0.010
Iter= 3, Amplit/Phase Solution Error:   0.001
Iter= 3, Polarisation Solution Error:   0.000
Iter= 3, Overall Solution Error:        0.001
I flux density:   0.5540
Percent Q:  -1.219
Percent U:   0.711
Leakage terms:
 Ant 1:Dx,Dy = ( 0.00093,-0.00259),(-0.00203,-0.00172)
 Ant 2:Dx,Dy = ( 0.00292, 0.00798),(-0.00470, 0.00817)
 Ant 3:Dx,Dy = ( 0.00297, 0.00051),(-0.00936, 0.00097)
 Ant 4:Dx,Dy = ( 0.00370, 0.01873),(-0.00439, 0.02067)
 Ant 5:Dx,Dy = (-0.01837,-0.00201),( 0.01432,-0.00121)
 Ant 6:Dx,Dy = (-0.00047,-0.02501),(-0.00217,-0.02449)
Solution for freq bin  2
Iter= 1, Amplit/Phase Solution Error:   0.945
Iter= 1, Polarisation Solution Error:   0.008
Iter= 1, Overall Solution Error:        2.568
Iter= 2, Amplit/Phase Solution Error:   0.010
Iter= 2, Polarisation Solution Error:   0.000
Iter= 2, Overall Solution Error:        0.009
Iter= 3, Amplit/Phase Solution Error:   0.001
Iter= 3, Polarisation Solution Error:   0.000
Iter= 3, Overall Solution Error:        0.001
I flux density:   0.5530
Percent Q:  -0.651
Percent U:   0.800
Leakage terms:
 Ant 1:Dx,Dy = ( 0.00061,-0.00367),(-0.00097,-0.00234)
 Ant 2:Dx,Dy = ( 0.00236, 0.00435),(-0.00429, 0.00613)
 Ant 3:Dx,Dy = ( 0.00420, 0.00048),(-0.00770,-0.00053)
 Ant 4:Dx,Dy = ( 0.00501, 0.01809),(-0.00488, 0.01889)
 Ant 5:Dx,Dy = (-0.01645, 0.00000),( 0.01589, 0.00050)
 Ant 6:Dx,Dy = ( 0.00101,-0.02117),(-0.00131,-0.02073)

2018-08-07 10:17:59,411 [MainThread  ] [INFO ]  gpboot vis=2312-319.5500 cal=1934-638.5500

gpboot: Revision 1.9, 2015/10/29 01:31:30 UTC

Secondary flux density scaled by:   0.996
Frequency bin  1 scaled by      :   1.000
Frequency bin  2 scaled by      :   1.000

2018-08-07 10:19:29,322 [MainThread  ] [INFO ]  gpcopy vis=2312-319.5500 out=a.5500

gpcopy: Revision 1.13, 2015/10/29 01:31:39 UTC

Copying leakage table
Copying gain table
Interpolation tolerance set to (minutes): 720.00
Copying bandpass table

2018-08-07 10:36:16,487 [MainThread  ] [INFO ]  pgflag vis=a.5500 command='<b' stokes=i,v,q,u flagpar=8,2,2,3,6,3  options=nodisp

pgflag: Revision 1.30, 2016/10/05 23:06:50 UTC

Applying bandpass corrections to a.5500
Applying freq. dependent gain corrections to a.5500
Applying freq. dependent leakage correction to a.5500
Applying changes to dataset
Counts of correlations within selected channels:
 channel  Originally  Currently
 Good:     442733952  431023480    Changed to bad:   11710472
 Bad:       62090472   73800944    Changed to good:         0
 14.6% of the data is now flagged

2018-08-07 10:54:34,196 [MainThread  ] [INFO ]  pgflag vis=a.5500 command='<b' stokes=i,v,u,q flagpar=8,2,2,3,6,3  options=nodisp

pgflag: Revision 1.30, 2016/10/05 23:06:50 UTC

Applying bandpass corrections to a.5500
Applying freq. dependent gain corrections to a.5500
Applying freq. dependent leakage correction to a.5500
Applying changes to dataset
Counts of correlations within selected channels:
 channel  Originally  Currently
 Good:     431023480  421740968    Changed to bad:    9282512
 Bad:       73800944   83083456    Changed to good:         0
 16.5% of the data is now flagged

2018-08-07 10:57:55,587 [MainThread  ] [INFO ]  uvsplit vis=a.5500

uvsplit: Revision 1.18, 2016/05/09 03:06:18 UTC

Creating a_1261.5500
Creating a_1262.5500
Creating a_1263.5500
Creating a_1264.5500
Creating a_1265.5500
Creating a_1266.5500
Creating a_1267.5500
Creating a_1268.5500
Creating a_1269.5500
Creating a_1270.5500
Creating a_1271.5500
Creating a_1272.5500
Creating a_1273.5500
Creating a_1274.5500
Creating a_1275.5500
Creating a_1276.5500
Creating a_1277.5500
Creating a_1278.5500
Creating a_1279.5500
Creating a_1280.5500
Creating a_1281.5500
Creating a_1282.5500
Creating a_1283.5500
Creating a_1284.5500
Creating a_1285.5500
Creating a_1286.5500
Creating a_1287.5500
Creating a_1288.5500
Creating a_1289.5500
Creating a_1290.5500
Creating a_1291.5500
Creating a_1292.5500
Creating a_1293.5500
Creating a_1294.5500
Creating a_1295.5500
Creating a_1296.5500
Creating a_1297.5500
Creating a_1298.5500
Creating a_1299.5500
Creating a_1300.5500
Creating a_1301.5500
Creating a_1302.5500
Creating a_1303.5500
Creating a_1304.5500
Creating a_1305.5500
Creating a_1306.5500
Creating a_1307.5500
Creating a_1308.5500
Creating a_1309.5500
Creating a_1310.5500
Creating a_1311.5500
Creating a_1312.5500
Creating a_1313.5500
Creating a_1314.5500
Creating a_1315.5500
Creating a_1316.5500
Creating a_1317.5500
Creating a_1318.5500
Creating a_1319.5500
Creating a_1320.5500
Creating a_1321.5500
Creating a_1322.5500
Creating a_1323.5500
Creating a_1324.5500
Creating a_1325.5500
Creating a_1326.5500
Creating a_1327.5500
Creating a_1328.5500
Creating a_1329.5500
Creating a_1330.5500
Creating a_1331.5500
Creating a_1332.5500
Creating a_1333.5500
Creating a_1334.5500
Creating a_1335.5500
Creating a_1336.5500
Creating a_1337.5500
Creating a_1338.5500
Creating a_1339.5500
Creating a_1340.5500
Creating a_1341.5500
Creating a_1342.5500
Creating a_1343.5500
Creating a_1344.5500
Creating a_1345.5500
Creating a_1346.5500
Creating a_1347.5500
Creating a_1348.5500
Creating a_1349.5500
Creating a_1350.5500
Creating a_1351.5500
Creating a_1352.5500
Creating a_1353.5500
Creating a_1354.5500
Creating a_1355.5500
Creating a_1356.5500
Creating a_1357.5500
Creating a_1358.5500
Creating a_1359.5500
Creating a_1360.5500
Creating a_1361.5500
Creating a_1362.5500
Creating a_1363.5500
Creating a_1364.5500
Creating a_1365.5500
Creating a_1366.5500
Creating a_1367.5500
Creating a_1368.5500
Creating a_1369.5500
Creating a_1370.5500
Creating a_1371.5500
Creating a_1372.5500
Creating a_1373.5500
Creating a_1374.5500
Creating a_1375.5500
Creating a_1376.5500
Creating a_1377.5500
Creating a_1378.5500
Creating a_1379.5500
Creating a_1380.5500
Creating a_1381.5500
Creating a_1382.5500
Creating a_1383.5500
Creating a_1384.5500
Creating a_1385.5500
Creating a_1386.5500
Creating a_1387.5500
Creating a_1388.5500
Creating a_1389.5500
Creating a_1390.5500
Creating a_1391.5500
Creating a_1392.5500
Creating a_1393.5500
Creating a_1394.5500
Creating a_1395.5500
Creating a_1396.5500
Creating a_1397.5500
Creating a_1398.5500
Creating a_1399.5500
Creating a_1400.5500
Creating a_1401.5500
Creating a_1402.5500
Creating a_1403.5500
Creating a_1404.5500
Creating a_1405.5500
Creating a_1406.5500
Creating a_1407.5500
Creating a_1408.5500
Creating a_1409.5500
Creating a_1410.5500
Creating a_1411.5500
Creating a_1412.5500
Creating a_1413.5500
Creating a_1414.5500
Creating a_1415.5500
Creating a_1416.5500
Creating a_1417.5500
Creating a_1418.5500
Creating a_1419.5500
Creating a_1420.5500
Creating a_1421.5500
Creating a_1422.5500
Creating a_1423.5500
Creating a_1424.5500
Creating a_1425.5500
Creating a_1426.5500
Creating a_1427.5500
Creating a_1428.5500
Creating a_1429.5500
Creating a_1430.5500
Creating a_1431.5500
Creating a_1432.5500
Creating a_1433.5500
Creating a_1434.5500
Creating a_1435.5500

