2018-08-07 11:03:49,146 [MainThread  ] [INFO ]  atlod in=raw/2017-11-08_0407.C3132,raw/2017-11-08_0654.C3132,raw/2017-11-08_0942.C3132,raw/2017-11-08_1228.C3132,raw/2017-11-08_1515.C3132 out=data9.uv ifsel=2 options=birdie,rfiflag,noauto,xycorr

atlod: Revision 1.53, 2016/08/25 23:02:21 UTC

Processing file raw/2017-11-08_0407.C3132
 04:07:31 CAOBS> track 1
CABB data detected
Scan 1 started at 17NOV08:04:07:48.0
Source: 1934-638
Flagging channels in  28 frequency ranges
 04:17:15 CAOBS> stop
 04:17:27 CAOBS> set file c3132_obs_a8
 04:17:33 CAOBS> start 1/99
Scan 2 started at 17NOV08:04:19:24.0
Source: 2312-319
Scan 3 started at 17NOV08:04:22:12.0
Source: a_1261
Source: a_1262
Source: a_1263
Source: a_1264
Source: a_1265
Source: a_1266
Source: a_1267
Source: a_1268
Source: a_1269
Source: a_1270
Source: a_1271
Source: a_1272
Source: a_1273
Source: a_1274
Source: a_1275
Source: a_1276
Source: a_1277
Source: a_1278
Source: a_1279
Source: a_1280
Scan 4 started at 17NOV08:04:35:32.0
Source: 2312-319
Scan 5 started at 17NOV08:04:38:20.0
Source: a_1281
Source: a_1282
Source: a_1283
Source: a_1284
Source: a_1285
Source: a_1286
Source: a_1287
Source: a_1288
Source: a_1289
Source: a_1290
Source: a_1291
Source: a_1292
Source: a_1293
Source: a_1294
Source: a_1295
Source: a_1296
Source: a_1297
Source: a_1298
Source: a_1299
Source: a_1300
Scan 6 started at 17NOV08:04:51:40.0
Source: 2312-319
Scan 7 started at 17NOV08:04:54:28.0
Source: a_1301
Source: a_1302
Source: a_1303
Source: a_1304
Source: a_1305
Source: a_1306
Source: a_1307
Source: a_1308
Source: a_1309
Source: a_1310
Source: a_1311
Source: a_1312
Source: a_1313
Source: a_1314
Source: a_1315
Source: a_1316
Source: a_1317
Source: a_1318
Source: a_1319
Source: a_1320
Scan 8 started at 17NOV08:05:07:48.0
Source: 2312-319
Scan 9 started at 17NOV08:05:10:36.0
Source: a_1321
Source: a_1322
Source: a_1323
Source: a_1324
Source: a_1325
Source: a_1326
Source: a_1327
Source: a_1328
Source: a_1329
Source: a_1330
Source: a_1331
Source: a_1332
Source: a_1333
Source: a_1334
Source: a_1335
Source: a_1336
Source: a_1337
Source: a_1338
Source: a_1339
Source: a_1340
Scan 10 started at 17NOV08:05:23:56.0
Source: 2312-319
Scan 11 started at 17NOV08:05:26:44.0
Source: a_1341
Source: a_1342
Source: a_1343
Source: a_1344
Source: a_1345
Source: a_1346
Source: a_1347
Source: a_1348
Source: a_1349
Source: a_1350
Source: a_1351
Source: a_1352
Source: a_1353
Source: a_1354
Source: a_1355
Source: a_1356
Source: a_1357
Source: a_1358
Source: a_1359
Source: a_1360
Scan 12 started at 17NOV08:05:40:04.0
Source: 2312-319
Scan 13 started at 17NOV08:05:42:52.0
Source: a_1361
Source: a_1362
Source: a_1363
Source: a_1364
Source: a_1365
Source: a_1366
Source: a_1367
Source: a_1368
Source: a_1369
Source: a_1370
Source: a_1371
Source: a_1372
Source: a_1373
Source: a_1374
Source: a_1375
Source: a_1376
Source: a_1377
Source: a_1378
Source: a_1379
Scan 14 started at 17NOV08:05:55:32.0
Source: 2312-319
Scan 15 started at 17NOV08:05:58:20.0
Source: a_1380
Source: a_1381
Source: a_1382
Source: a_1383
Source: a_1384
Source: a_1385
Source: a_1386
Source: a_1387
Source: a_1388
Source: a_1389
Source: a_1390
Source: a_1391
Source: a_1392
Source: a_1393
Source: a_1394
Source: a_1395
Source: a_1396
Source: a_1397
Source: a_1398
Scan 16 started at 17NOV08:06:11:08.0
Source: 2312-319
Scan 17 started at 17NOV08:06:13:56.0
Source: a_1399
Source: a_1400
Source: a_1401
Source: a_1402
Source: a_1403
Source: a_1404
Source: a_1405
Source: a_1406
Source: a_1407
Source: a_1408
Source: a_1409
Source: a_1410
Source: a_1411
Source: a_1412
Source: a_1413
Source: a_1414
Source: a_1415
Source: a_1416
Source: a_1417
Scan 18 started at 17NOV08:06:26:36.0
Source: 2312-319
Scan 19 started at 17NOV08:06:29:24.0
Source: a_1418
Source: a_1419
Source: a_1420
Source: a_1421
Source: a_1422
Source: a_1423
Source: a_1424
Source: a_1425
Source: a_1426
Source: a_1427
Source: a_1428
Source: a_1429
Source: a_1430
Source: a_1431
Source: a_1432
Source: a_1433
Source: a_1434
Source: a_1435
Scan 20 started at 17NOV08:06:41:24.0
Source: 2312-319
Scan 21 started at 17NOV08:06:44:20.0
Source: a_1261
Source: a_1262
Source: a_1263
Source: a_1264
Source: a_1265
Source: a_1266
Source: a_1267
Source: a_1268
Source: a_1269
Source: a_1270
Source: a_1271
Source: a_1272
Source: a_1273
Source: a_1274
Source: a_1275
Source: a_1276
Source: a_1277
RPFITS file version is 2.12
---------------------------------------
Total number of spectra selected: 72660

Summary of spectra flagged
Flagging Reason            Fraction
---------------            --------
Antenna off-source/off-line  4.46%
---------------------------------------
Processing file raw/2017-11-08_0654.C3132
CABB data detected
Scan 1 started at 17NOV08:06:54:52.0
Source: a_1277
Source: a_1278
Source: a_1279
Source: a_1280
Scan 2 started at 17NOV08:06:57:40.0
Source: 2312-319
Scan 3 started at 17NOV08:07:00:36.0
Source: a_1281
Source: a_1282
Source: a_1283
Source: a_1284
Source: a_1285
Source: a_1286
Source: a_1287
Source: a_1288
Source: a_1289
Source: a_1290
Source: a_1291
Source: a_1292
Source: a_1293
Source: a_1294
Source: a_1295
Source: a_1296
Source: a_1297
Source: a_1298
Source: a_1299
Source: a_1300
Scan 4 started at 17NOV08:07:13:56.0
Source: 2312-319
Scan 5 started at 17NOV08:07:16:52.0
Source: a_1301
Source: a_1302
Source: a_1303
Source: a_1304
Source: a_1305
Source: a_1306
Source: a_1307
Source: a_1308
Source: a_1309
Source: a_1310
Source: a_1311
Source: a_1312
Source: a_1313
Source: a_1314
Source: a_1315
Source: a_1316
Source: a_1317
Source: a_1318
Source: a_1319
Source: a_1320
Scan 6 started at 17NOV08:07:30:20.0
Source: 2312-319
Scan 7 started at 17NOV08:07:33:16.0
Source: a_1321
Source: a_1322
Source: a_1323
Source: a_1324
Source: a_1325
Source: a_1326
Source: a_1327
Source: a_1328
Source: a_1329
Source: a_1330
Source: a_1331
Source: a_1332
Source: a_1333
Source: a_1334
Source: a_1335
Source: a_1336
Source: a_1337
Source: a_1338
Source: a_1339
Source: a_1340
Scan 8 started at 17NOV08:07:46:44.0
Source: 2312-319
Scan 9 started at 17NOV08:07:49:40.0
Source: a_1341
Source: a_1342
Source: a_1343
Source: a_1344
Source: a_1345
Source: a_1346
Source: a_1347
Source: a_1348
Source: a_1349
Source: a_1350
Source: a_1351
Source: a_1352
Source: a_1353
Source: a_1354
Source: a_1355
Source: a_1356
Source: a_1357
Source: a_1358
Source: a_1359
Source: a_1360
Scan 10 started at 17NOV08:08:03:00.0
Source: 2312-319
Scan 11 started at 17NOV08:08:05:56.0
Source: a_1361
Source: a_1362
Source: a_1363
Source: a_1364
Source: a_1365
Source: a_1366
Source: a_1367
Source: a_1368
Source: a_1369
Source: a_1370
Source: a_1371
Source: a_1372
Source: a_1373
Source: a_1374
Source: a_1375
Source: a_1376
Source: a_1377
Source: a_1378
Source: a_1379
Scan 12 started at 17NOV08:08:18:44.0
Source: 2312-319
Scan 13 started at 17NOV08:08:21:40.0
Source: a_1380
Source: a_1381
Source: a_1382
Source: a_1383
Source: a_1384
Source: a_1385
Source: a_1386
Source: a_1387
Source: a_1388
Source: a_1389
Source: a_1390
Source: a_1391
Source: a_1392
Source: a_1393
Source: a_1394
Source: a_1395
Source: a_1396
Source: a_1397
Source: a_1398
Scan 14 started at 17NOV08:08:34:28.0
Source: 2312-319
Scan 15 started at 17NOV08:08:37:32.0
Source: a_1399
Source: a_1400
Source: a_1401
Source: a_1402
Source: a_1403
Source: a_1404
Source: a_1405
Source: a_1406
Source: a_1407
Source: a_1408
Source: a_1409
Source: a_1410
Source: a_1411
Source: a_1412
Source: a_1413
Source: a_1414
Source: a_1415
Source: a_1416
Source: a_1417
Scan 16 started at 17NOV08:08:50:20.0
Source: 2312-319
Scan 17 started at 17NOV08:08:53:24.0
Source: a_1418
Source: a_1419
Source: a_1420
Source: a_1421
Source: a_1422
Source: a_1423
Source: a_1424
Source: a_1425
Source: a_1426
Source: a_1427
Source: a_1428
Source: a_1429
Source: a_1430
Source: a_1431
Source: a_1432
Source: a_1433
Source: a_1434
Source: a_1435
Scan 18 started at 17NOV08:09:05:24.0
Source: 2312-319
Scan 19 started at 17NOV08:09:08:36.0
Source: a_1261
Source: a_1262
Source: a_1263
Source: a_1264
Source: a_1265
Source: a_1266
Source: a_1267
Source: a_1268
Source: a_1269
Source: a_1270
Source: a_1271
Source: a_1272
Source: a_1273
Source: a_1274
Source: a_1275
Source: a_1276
Source: a_1277
Source: a_1278
Source: a_1279
Source: a_1280
Scan 20 started at 17NOV08:09:22:04.0
Source: 2312-319
Scan 21 started at 17NOV08:09:25:40.0
Source: a_1281
Source: a_1282
Source: a_1283
Source: a_1284
Source: a_1285
Source: a_1286
Source: a_1287
Source: a_1288
Source: a_1289
Source: a_1290
Source: a_1291
Source: a_1292
Source: a_1293
Source: a_1294
Source: a_1295
Source: a_1296
Source: a_1297
Source: a_1298
Source: a_1299
Source: a_1300
Scan 22 started at 17NOV08:09:38:52.0
Source: 2312-319
RPFITS file version is 2.12
---------------------------------------
Total number of spectra selected: 72660

Summary of spectra flagged
Flagging Reason            Fraction
---------------            --------
Antenna off-source/off-line  6.11%
---------------------------------------
Processing file raw/2017-11-08_0942.C3132
CABB data detected
Scan 1 started at 17NOV08:09:43:08.0
Source: a_1302
Source: a_1303
Source: a_1304
Source: a_1305
Source: a_1306
Source: a_1307
Source: a_1308
Source: a_1309
Source: a_1310
Source: a_1311
Source: a_1312
Source: a_1313
Source: a_1314
Source: a_1315
Source: a_1316
Source: a_1317
Source: a_1318
Source: a_1319
Source: a_1320
Scan 2 started at 17NOV08:09:56:20.0
Source: 2312-319
Scan 3 started at 17NOV08:10:01:16.0
Source: a_1322
Source: a_1323
Source: a_1324
Source: a_1325
Source: a_1326
Source: a_1327
Source: a_1328
Source: a_1329
Source: a_1330
Source: a_1331
Source: a_1332
Source: a_1333
Source: a_1334
Source: a_1335
Source: a_1336
Source: a_1337
Source: a_1338
Source: a_1339
Source: a_1340
Scan 4 started at 17NOV08:10:15:16.0
Source: 2312-319
Scan 5 started at 17NOV08:10:19:08.0
Source: a_1342
Source: a_1343
Source: a_1344
Source: a_1345
Source: a_1346
Source: a_1347
Source: a_1348
Source: a_1349
Source: a_1350
Source: a_1351
Source: a_1352
Source: a_1353
Source: a_1354
Source: a_1355
Source: a_1356
Source: a_1357
Source: a_1358
Source: a_1359
Source: a_1360
Scan 6 started at 17NOV08:10:32:28.0
Source: 2312-319
Scan 7 started at 17NOV08:10:35:40.0
Source: a_1361
Source: a_1362
Source: a_1363
Source: a_1364
Source: a_1365
Source: a_1366
Source: a_1367
Source: a_1368
Source: a_1369
Source: a_1370
Source: a_1371
Source: a_1372
Source: a_1373
Source: a_1374
Source: a_1375
Source: a_1376
Source: a_1377
Source: a_1378
Source: a_1379
Scan 8 started at 17NOV08:10:48:36.0
Source: 2312-319
Scan 9 started at 17NOV08:10:51:48.0
Source: a_1380
Source: a_1381
Source: a_1382
Source: a_1383
Source: a_1384
Source: a_1385
Source: a_1386
Source: a_1387
Source: a_1388
Source: a_1389
Source: a_1390
Source: a_1391
Source: a_1392
Source: a_1393
Source: a_1394
Source: a_1395
Source: a_1396
Source: a_1397
Source: a_1398
Scan 10 started at 17NOV08:11:04:52.0
Source: 2312-319
Scan 11 started at 17NOV08:11:07:56.0
Source: a_1399
Source: a_1400
Source: a_1401
Source: a_1402
Source: a_1403
Source: a_1404
Source: a_1405
Source: a_1406
Source: a_1407
Source: a_1408
Source: a_1409
Source: a_1410
Source: a_1411
Source: a_1412
Source: a_1413
Source: a_1414
Source: a_1415
Source: a_1416
Source: a_1417
Scan 12 started at 17NOV08:11:20:44.0
Source: 2312-319
Scan 13 started at 17NOV08:11:23:48.0
Source: a_1418
Source: a_1419
Source: a_1420
Source: a_1421
Source: a_1422
Source: a_1423
Source: a_1424
Source: a_1425
Source: a_1426
Source: a_1427
Source: a_1428
Source: a_1429
Source: a_1430
Source: a_1431
Source: a_1432
Source: a_1433
Source: a_1434
Source: a_1435
Scan 14 started at 17NOV08:11:35:48.0
Source: 2312-319
Scan 15 started at 17NOV08:11:38:44.0
Source: a_1261
Source: a_1262
Source: a_1263
Source: a_1264
Source: a_1265
Source: a_1266
Source: a_1267
Source: a_1268
Source: a_1269
Source: a_1270
Source: a_1271
Source: a_1272
Source: a_1273
Source: a_1274
Source: a_1275
Source: a_1276
Source: a_1277
Source: a_1278
Source: a_1279
Source: a_1280
Scan 16 started at 17NOV08:11:52:12.0
Source: 2312-319
Scan 17 started at 17NOV08:11:55:08.0
Source: a_1281
Source: a_1282
Source: a_1283
Source: a_1284
Source: a_1285
Source: a_1286
Source: a_1287
Source: a_1288
Source: a_1289
Source: a_1290
Source: a_1291
Source: a_1292
Source: a_1293
Source: a_1294
Source: a_1295
Source: a_1296
Source: a_1297
Source: a_1298
Source: a_1299
Source: a_1300
Scan 18 started at 17NOV08:12:08:28.0
Source: 2312-319
Scan 19 started at 17NOV08:12:11:24.0
Source: a_1301
Source: a_1302
Source: a_1303
Source: a_1304
Source: a_1305
Source: a_1306
Source: a_1307
Source: a_1308
Source: a_1309
Source: a_1310
Source: a_1311
Source: a_1312
Source: a_1313
Source: a_1314
Source: a_1315
Source: a_1316
Source: a_1317
Source: a_1318
Source: a_1319
Source: a_1320
Scan 20 started at 17NOV08:12:24:52.0
Source: 2312-319
Scan 21 started at 17NOV08:12:27:48.0
Source: a_1321
Source: a_1322
Source: a_1323
RPFITS file version is 2.12
---------------------------------------
Total number of spectra selected: 72600

Summary of spectra flagged
Flagging Reason            Fraction
---------------            --------
Antenna off-source/off-line  10.2%
---------------------------------------
Processing file raw/2017-11-08_1228.C3132
CABB data detected
Scan 1 started at 17NOV08:12:29:00.0
Source: a_1323
Source: a_1324
Source: a_1325
Source: a_1326
Source: a_1327
Source: a_1328
Source: a_1329
Source: a_1330
Source: a_1331
Source: a_1332
Source: a_1333
Source: a_1334
Source: a_1335
Source: a_1336
Source: a_1337
Source: a_1338
Source: a_1339
Source: a_1340
Scan 2 started at 17NOV08:12:41:16.0
Source: 2312-319
Scan 3 started at 17NOV08:12:44:12.0
Source: a_1341
Source: a_1342
Source: a_1343
Source: a_1344
Source: a_1345
Source: a_1346
Source: a_1347
Source: a_1348
Source: a_1349
Source: a_1350
Source: a_1351
Source: a_1352
Source: a_1353
Source: a_1354
Source: a_1355
Source: a_1356
Source: a_1357
Source: a_1358
Source: a_1359
Source: a_1360
Scan 4 started at 17NOV08:12:57:32.0
Source: 2312-319
Scan 5 started at 17NOV08:13:00:28.0
Source: a_1361
Source: a_1362
Source: a_1363
Source: a_1364
Source: a_1365
Source: a_1366
Source: a_1367
Source: a_1368
Source: a_1369
Source: a_1370
Source: a_1371
Source: a_1372
Source: a_1373
Source: a_1374
Source: a_1375
Source: a_1376
Source: a_1377
Source: a_1378
Source: a_1379
Scan 6 started at 17NOV08:13:13:08.0
Source: 2312-319
Scan 7 started at 17NOV08:13:16:04.0
Source: a_1380
Source: a_1381
Source: a_1382
Source: a_1383
Source: a_1384
Source: a_1385
Source: a_1386
Source: a_1387
Source: a_1388
Source: a_1389
Source: a_1390
Source: a_1391
Source: a_1392
Source: a_1393
Source: a_1394
Source: a_1395
Source: a_1396
Source: a_1397
Source: a_1398
Scan 8 started at 17NOV08:13:28:44.0
Source: 2312-319
Scan 9 started at 17NOV08:13:31:40.0
Source: a_1399
Source: a_1400
Source: a_1401
Source: a_1402
Source: a_1403
Source: a_1404
Source: a_1405
Source: a_1406
Source: a_1407
Source: a_1408
Source: a_1409
Source: a_1410
Source: a_1411
Source: a_1412
Source: a_1413
Source: a_1414
Source: a_1415
Source: a_1416
Source: a_1417
Scan 10 started at 17NOV08:13:44:20.0
Source: 2312-319
Scan 11 started at 17NOV08:13:47:16.0
Source: a_1418
Source: a_1419
Source: a_1420
Source: a_1421
Source: a_1422
Source: a_1423
Source: a_1424
Source: a_1425
Source: a_1426
Source: a_1427
Source: a_1428
Source: a_1429
Source: a_1430
Source: a_1431
Source: a_1432
Source: a_1433
Source: a_1434
Source: a_1435
Scan 12 started at 17NOV08:13:59:16.0
Source: 2312-319
Scan 13 started at 17NOV08:14:02:12.0
Source: a_1261
Source: a_1262
Source: a_1263
Source: a_1264
Source: a_1265
Source: a_1266
Source: a_1267
Source: a_1268
Source: a_1269
Source: a_1270
Source: a_1271
Source: a_1272
Source: a_1273
Source: a_1274
Source: a_1275
Source: a_1276
Source: a_1277
Source: a_1278
Source: a_1279
Source: a_1280
Scan 14 started at 17NOV08:14:15:32.0
Source: 2312-319
Scan 15 started at 17NOV08:14:18:28.0
Source: a_1281
Source: a_1282
Source: a_1283
Source: a_1284
Source: a_1285
Source: a_1286
Source: a_1287
Source: a_1288
Source: a_1289
Source: a_1290
Source: a_1291
Source: a_1292
Source: a_1293
Source: a_1294
Source: a_1295
Source: a_1296
Source: a_1297
Source: a_1298
Source: a_1299
Source: a_1300
Scan 16 started at 17NOV08:14:31:48.0
Source: 2312-319
Scan 17 started at 17NOV08:14:34:36.0
Source: a_1301
Source: a_1302
Source: a_1303
Source: a_1304
Source: a_1305
Source: a_1306
Source: a_1307
Source: a_1308
Source: a_1309
Source: a_1310
Source: a_1311
Source: a_1312
Source: a_1313
Source: a_1314
Source: a_1315
Source: a_1316
Source: a_1317
Source: a_1318
Source: a_1319
Source: a_1320
Scan 18 started at 17NOV08:14:47:56.0
Source: 2312-319
Scan 19 started at 17NOV08:14:50:44.0
Source: a_1321
Source: a_1322
Source: a_1323
Source: a_1324
Source: a_1325
Source: a_1326
Source: a_1327
Source: a_1328
Source: a_1329
Source: a_1330
Source: a_1331
Source: a_1332
Source: a_1333
Source: a_1334
Source: a_1335
Source: a_1336
Source: a_1337
Source: a_1338
Source: a_1339
Source: a_1340
Scan 20 started at 17NOV08:15:04:04.0
Source: 2312-319
Scan 21 started at 17NOV08:15:06:52.0
Source: a_1341
Source: a_1342
Source: a_1343
Source: a_1344
Source: a_1345
Source: a_1346
Source: a_1347
Source: a_1348
Source: a_1349
Source: a_1350
Source: a_1351
Source: a_1352
Source: a_1353
Source: a_1354
RPFITS file version is 2.12
---------------------------------------
Total number of spectra selected: 72660

Summary of spectra flagged
Flagging Reason            Fraction
---------------            --------
Antenna off-source/off-line  3.96%
---------------------------------------
Processing file raw/2017-11-08_1515.C3132
CABB data detected
Scan 1 started at 17NOV08:15:15:48.0
Source: a_1354
Source: a_1355
Source: a_1356
Source: a_1357
Source: a_1358
Source: a_1359
Source: a_1360
Scan 2 started at 17NOV08:15:20:12.0
Source: 2312-319
Scan 3 started at 17NOV08:15:23:00.0
Source: a_1361
Source: a_1362
Source: a_1363
Source: a_1364
Source: a_1365
Source: a_1366
Source: a_1367
Source: a_1368
Source: a_1369
Source: a_1370
Source: a_1371
Source: a_1372
Source: a_1373
Source: a_1374
Source: a_1375
Source: a_1376
Source: a_1377
Source: a_1378
Source: a_1379
Scan 4 started at 17NOV08:15:35:40.0
Source: 2312-319
Scan 5 started at 17NOV08:15:38:28.0
Source: a_1380
Source: a_1381
Source: a_1382
Source: a_1383
Source: a_1384
Source: a_1385
Source: a_1386
Source: a_1387
Source: a_1388
Source: a_1389
Source: a_1390
Source: a_1391
Source: a_1392
Source: a_1393
Source: a_1394
Source: a_1395
Source: a_1396
Source: a_1397
Source: a_1398
Scan 6 started at 17NOV08:15:51:16.0
Source: 2312-319
Scan 7 started at 17NOV08:15:54:04.0
Source: a_1399
Source: a_1400
Source: a_1401
Source: a_1402
Source: a_1403
Source: a_1404
Source: a_1405
 15:58:23 CAOBS> stop
 15:58:26 CAOBS> track 1
Scan 8 started at 17NOV08:15:58:44.0
Source: 2312-319
 16:02:04 CAOBS> stop
 16:02:08 CAOBS> corr closef
RPFITS file version is 2.12
---------------------------------------
Total number of spectra selected: 19920

Summary of spectra flagged
Flagging Reason            Fraction
---------------            --------
Antenna off-source/off-line  3.92%
---------------------------------------

No CACAL data was detected

2018-08-07 11:05:32,663 [MainThread  ] [INFO ]  uvflag vis=data9.uv line=chan,50,850,1 flagval=flag

uvflag: Revision 1.8, 2014/09/30 14:23:39 UTC


Set flags to indicate bad data in visibility file data9.uv
Linetype channel; select   50 channels; start  850, width    1, step    1

Overview of flagging on visibility file data9.uv
Changed flags set to FALSE (data flagged as bad)
Total number of records selected: 291720; out of 291720 records
Antennas used: 1-6
Counts of correlations within selected channels
channel   Originally    Currently
Good:        14586000.           0.    Changed to bad:    14586000.
Bad:                0.    14586000.

2018-08-07 11:07:03,459 [MainThread  ] [INFO ]  uvsplit vis=data9.uv options=mosaic

uvsplit: Revision 1.18, 2016/05/09 03:06:18 UTC

Creating 1934-638.9500
Creating 2312-319.9500
Creating a.9500

2018-08-07 11:07:14,048 [MainThread  ] [INFO ]  pgflag vis=1934-638.9500 command='<b' stokes=i,q,u,v flagpar=8,5,5,3,6,3 options=nodisp

pgflag: Revision 1.30, 2016/10/05 23:06:50 UTC

Applying changes to dataset
Counts of correlations within selected channels:
 channel  Originally  Currently
 Good:       7595580    7508320    Changed to bad:      87260
 Bad:        1133160    1220420    Changed to good:         0
 14.0% of the data is now flagged

2018-08-07 11:07:23,272 [MainThread  ] [INFO ]  pgflag vis=1934-638.9500 command='<b' stokes=i,v,q,u flagpar=8,2,2,3,6,3  options=nodisp

pgflag: Revision 1.30, 2016/10/05 23:06:50 UTC

Applying changes to dataset
Counts of correlations within selected channels:
 channel  Originally  Currently
 Good:       7508320    7429340    Changed to bad:      78980
 Bad:        1220420    1299400    Changed to good:         0
 14.9% of the data is now flagged

2018-08-07 11:07:32,563 [MainThread  ] [INFO ]  pgflag vis=1934-638.9500 command='<b' stokes=i,v,u,q flagpar=8,2,2,3,6,3  options=nodisp

pgflag: Revision 1.30, 2016/10/05 23:06:50 UTC

Applying changes to dataset
Counts of correlations within selected channels:
 channel  Originally  Currently
 Good:       7429340    7305776    Changed to bad:     123564
 Bad:        1299400    1422964    Changed to good:         0
 16.3% of the data is now flagged

2018-08-07 11:08:25,345 [MainThread  ] [INFO ]  mfcal vis=1934-638.9500 refant=4 interval=0.1
MfCal: $Revision: 1.20 $, $Date: 2017/05/08 02:31:10 $
Selecting parallel-hand polarisations
Reading the data ...
Number correlations accepted: 3652888
Number of frequency bands/settings: 1
Number of polarisations selected: 2
Number of solution intervals: 71
Number of passband solution intervals: 1
Initialising ...
Using post-Aug94 ATCA flux scale for 1934-638.
Using known frequency variation of 1934-638
Generating initial solution estimate ...
Doing solution refinement ...
Iter= 1, Solution Error:  0.459
Iter= 2, Solution Error:  0.012
Iter= 3, Solution Error:  0.000
Saving solution ...

2018-08-07 11:08:28,781 [MainThread  ] [INFO ]  gpcal vis=1934-638.9500 refant=4 interval=0.1 nfbin=2 options=xyvary

gpcal: Revision 1.22, 2016/05/01 22:31:05 UTC

Applying bandpass corrections to 1934-638.9500
Number of antennae: 6
Reading the data ...
Number of solution intervals: 71
Total visibilities read: 1065
Number visibilities accepted: 1065
Using post-Aug94 ATCA flux scale for 1934-638.
Using IQUV =  2.5364,  0.0000,  0.0000,  0.0000 at   9.4655 GHz.
Using post-Aug94 ATCA flux scale for 1934-638.
Using IQUV =  2.6946,  0.0000,  0.0000,  0.0000 at   9.0163 GHz.
Using post-Aug94 ATCA flux scale for 1934-638.
Using IQUV =  2.3863,  0.0000,  0.0000,  0.0000 at   9.9434 GHz.
Iter= 1, Amplit/Phase Solution Error:   1.118
Iter= 1, Polarisation Solution Error:   0.034
Iter= 1, Overall Solution Error:        1.997
Iter= 2, Amplit/Phase Solution Error:   0.002
Iter= 2, Polarisation Solution Error:   0.000
Iter= 2, Overall Solution Error:        0.003
Iter= 3, Amplit/Phase Solution Error:   0.001
Iter= 3, Polarisation Solution Error:   0.000
Iter= 3, Overall Solution Error:        0.001
I flux density:   2.5364
Leakage terms:
 Ant 1:Dx,Dy = ( 0.00219,-0.00543),(-0.00120,-0.00622)
 Ant 2:Dx,Dy = ( 0.00363, 0.00130),(-0.00225, 0.00106)
 Ant 3:Dx,Dy = ( 0.00413, 0.00248),(-0.00910, 0.00302)
 Ant 4:Dx,Dy = ( 0.00374, 0.01607),(-0.00232, 0.01686)
 Ant 5:Dx,Dy = (-0.01633, 0.00323),( 0.01673, 0.00304)
 Ant 6:Dx,Dy = ( 0.00229,-0.01754),(-0.00221,-0.01786)
Solution for freq bin  1
Iter= 1, Amplit/Phase Solution Error:   1.090
Iter= 1, Polarisation Solution Error:   0.034
Iter= 1, Overall Solution Error:        1.995
Iter= 2, Amplit/Phase Solution Error:   0.002
Iter= 2, Polarisation Solution Error:   0.000
Iter= 2, Overall Solution Error:        0.002
Iter= 3, Amplit/Phase Solution Error:   0.001
Iter= 3, Polarisation Solution Error:   0.000
Iter= 3, Overall Solution Error:        0.001
I flux density:   2.6946
Leakage terms:
 Ant 1:Dx,Dy = ( 0.00184,-0.00509),(-0.00090,-0.00600)
 Ant 2:Dx,Dy = ( 0.00416, 0.00211),(-0.00209, 0.00160)
 Ant 3:Dx,Dy = ( 0.00484, 0.00160),(-0.00758, 0.00268)
 Ant 4:Dx,Dy = ( 0.00498, 0.01568),(-0.00341, 0.01685)
 Ant 5:Dx,Dy = (-0.01631, 0.00330),( 0.01634, 0.00356)
 Ant 6:Dx,Dy = ( 0.00123,-0.01791),(-0.00162,-0.01839)
Solution for freq bin  2
Iter= 1, Amplit/Phase Solution Error:   1.178
Iter= 1, Polarisation Solution Error:   0.034
Iter= 1, Overall Solution Error:        2.000
Iter= 2, Amplit/Phase Solution Error:   0.002
Iter= 2, Polarisation Solution Error:   0.000
Iter= 2, Overall Solution Error:        0.003
Iter= 3, Amplit/Phase Solution Error:   0.001
Iter= 3, Polarisation Solution Error:   0.000
Iter= 3, Overall Solution Error:        0.001
I flux density:   2.3863
Leakage terms:
 Ant 1:Dx,Dy = ( 0.00260,-0.00582),(-0.00153,-0.00647)
 Ant 2:Dx,Dy = ( 0.00303, 0.00037),(-0.00242, 0.00044)
 Ant 3:Dx,Dy = ( 0.00332, 0.00347),(-0.01083, 0.00339)
 Ant 4:Dx,Dy = ( 0.00230, 0.01651),(-0.00105, 0.01686)
 Ant 5:Dx,Dy = (-0.01634, 0.00313),( 0.01718, 0.00245)
 Ant 6:Dx,Dy = ( 0.00353,-0.01710),(-0.00293,-0.01724)

2018-08-07 11:08:43,189 [MainThread  ] [INFO ]  pgflag vis=1934-638.9500 command='<b' stokes=i,q,u,v flagpar=8,5,5,3,6,3 options=nodisp

pgflag: Revision 1.30, 2016/10/05 23:06:50 UTC

Applying bandpass corrections to 1934-638.9500
Applying freq. dependent gain corrections to 1934-638.9500
Applying freq. dependent leakage correction to 1934-638.9500
Applying changes to dataset
Counts of correlations within selected channels:
 channel  Originally  Currently
 Good:       7305776    7283572    Changed to bad:      22204
 Bad:        1422964    1445168    Changed to good:         0
 16.6% of the data is now flagged

2018-08-07 11:08:58,320 [MainThread  ] [INFO ]  pgflag vis=1934-638.9500 command='<b' stokes=i,v,q,u flagpar=8,2,2,3,6,3  options=nodisp

pgflag: Revision 1.30, 2016/10/05 23:06:50 UTC

Applying bandpass corrections to 1934-638.9500
Applying freq. dependent gain corrections to 1934-638.9500
Applying freq. dependent leakage correction to 1934-638.9500
Applying changes to dataset
Counts of correlations within selected channels:
 channel  Originally  Currently
 Good:       7283572    7259740    Changed to bad:      23832
 Bad:        1445168    1469000    Changed to good:         0
 16.8% of the data is now flagged

2018-08-07 11:09:11,809 [MainThread  ] [INFO ]  pgflag vis=1934-638.9500 command='<b' stokes=i,v,u,q flagpar=8,2,2,3,6,3  options=nodisp

pgflag: Revision 1.30, 2016/10/05 23:06:50 UTC

Applying bandpass corrections to 1934-638.9500
Applying freq. dependent gain corrections to 1934-638.9500
Applying freq. dependent leakage correction to 1934-638.9500
Applying changes to dataset
Counts of correlations within selected channels:
 channel  Originally  Currently
 Good:       7259740    7238060    Changed to bad:      21680
 Bad:        1469000    1490680    Changed to good:         0
 17.1% of the data is now flagged

2018-08-07 11:10:07,176 [MainThread  ] [INFO ]  mfcal vis=1934-638.9500 refant=4 interval=0.1
MfCal: $Revision: 1.20 $, $Date: 2017/05/08 02:31:10 $
Selecting parallel-hand polarisations
Reading the data ...
Number correlations accepted: 3619030
Number of frequency bands/settings: 1
Number of polarisations selected: 2
Number of solution intervals: 71
Number of passband solution intervals: 1
Initialising ...
Using post-Aug94 ATCA flux scale for 1934-638.
Using known frequency variation of 1934-638
Generating initial solution estimate ...
Doing solution refinement ...
Iter= 1, Solution Error:  0.463
Iter= 2, Solution Error:  0.012
Iter= 3, Solution Error:  0.000
Saving solution ...

2018-08-07 11:10:07,908 [MainThread  ] [INFO ]  gpcal vis=1934-638.9500 refant=4 interval=0.1 nfbin=2 options=xyvary

gpcal: Revision 1.22, 2016/05/01 22:31:05 UTC

Applying bandpass corrections to 1934-638.9500
Number of antennae: 6
Using leakage parameters from input as initial guess
Reading the data ...
Number of solution intervals: 71
Total visibilities read: 1065
Number visibilities accepted: 1065
Using post-Aug94 ATCA flux scale for 1934-638.
Using IQUV =  2.5368,  0.0000,  0.0000,  0.0000 at   9.4644 GHz.
Using post-Aug94 ATCA flux scale for 1934-638.
Using IQUV =  2.6941,  0.0000,  0.0000,  0.0000 at   9.0176 GHz.
Using post-Aug94 ATCA flux scale for 1934-638.
Using IQUV =  2.3873,  0.0000,  0.0000,  0.0000 at   9.9400 GHz.
Iter= 1, Amplit/Phase Solution Error:   1.119
Iter= 1, Polarisation Solution Error:   0.000
Iter= 1, Overall Solution Error:        1.998
Iter= 2, Amplit/Phase Solution Error:   0.002
Iter= 2, Polarisation Solution Error:   0.000
Iter= 2, Overall Solution Error:        0.003
Iter= 3, Amplit/Phase Solution Error:   0.001
Iter= 3, Polarisation Solution Error:   0.000
Iter= 3, Overall Solution Error:        0.001
I flux density:   2.5368
Leakage terms:
 Ant 1:Dx,Dy = ( 0.00220,-0.00543),(-0.00118,-0.00622)
 Ant 2:Dx,Dy = ( 0.00363, 0.00130),(-0.00225, 0.00105)
 Ant 3:Dx,Dy = ( 0.00413, 0.00246),(-0.00911, 0.00302)
 Ant 4:Dx,Dy = ( 0.00376, 0.01608),(-0.00233, 0.01687)
 Ant 5:Dx,Dy = (-0.01633, 0.00325),( 0.01672, 0.00306)
 Ant 6:Dx,Dy = ( 0.00227,-0.01756),(-0.00219,-0.01788)
Solution for freq bin  1
Iter= 1, Amplit/Phase Solution Error:   1.089
Iter= 1, Polarisation Solution Error:   0.003
Iter= 1, Overall Solution Error:        1.996
Iter= 2, Amplit/Phase Solution Error:   0.002
Iter= 2, Polarisation Solution Error:   0.000
Iter= 2, Overall Solution Error:        0.003
Iter= 3, Amplit/Phase Solution Error:   0.001
Iter= 3, Polarisation Solution Error:   0.000
Iter= 3, Overall Solution Error:        0.001
I flux density:   2.6941
Leakage terms:
 Ant 1:Dx,Dy = ( 0.00186,-0.00510),(-0.00087,-0.00602)
 Ant 2:Dx,Dy = ( 0.00416, 0.00213),(-0.00209, 0.00159)
 Ant 3:Dx,Dy = ( 0.00482, 0.00158),(-0.00759, 0.00267)
 Ant 4:Dx,Dy = ( 0.00501, 0.01570),(-0.00342, 0.01686)
 Ant 5:Dx,Dy = (-0.01632, 0.00335),( 0.01632, 0.00358)
 Ant 6:Dx,Dy = ( 0.00122,-0.01793),(-0.00160,-0.01841)
Solution for freq bin  2
Iter= 1, Amplit/Phase Solution Error:   1.182
Iter= 1, Polarisation Solution Error:   0.003
Iter= 1, Overall Solution Error:        2.001
Iter= 2, Amplit/Phase Solution Error:   0.002
Iter= 2, Polarisation Solution Error:   0.000
Iter= 2, Overall Solution Error:        0.003
Iter= 3, Amplit/Phase Solution Error:   0.001
Iter= 3, Polarisation Solution Error:   0.000
Iter= 3, Overall Solution Error:        0.001
I flux density:   2.3873
Leakage terms:
 Ant 1:Dx,Dy = ( 0.00258,-0.00582),(-0.00153,-0.00646)
 Ant 2:Dx,Dy = ( 0.00303, 0.00036),(-0.00242, 0.00044)
 Ant 3:Dx,Dy = ( 0.00333, 0.00347),(-0.01084, 0.00341)
 Ant 4:Dx,Dy = ( 0.00231, 0.01651),(-0.00106, 0.01687)
 Ant 5:Dx,Dy = (-0.01635, 0.00313),( 0.01719, 0.00247)
 Ant 6:Dx,Dy = ( 0.00351,-0.01712),(-0.00291,-0.01727)

2018-08-07 11:10:08,158 [MainThread  ] [INFO ]  gpcopy vis=1934-638.9500 out=2312-319.9500

gpcopy: Revision 1.13, 2015/10/29 01:31:39 UTC

Copying leakage table
Copying gain table
Interpolation tolerance set to (minutes): 720.00
Copying bandpass table

2018-08-07 11:13:22,417 [MainThread  ] [INFO ]  pgflag vis=2312-319.9500 command='<b' stokes=i,q,u,v flagpar=8,5,5,3,6,3 options=nodisp

pgflag: Revision 1.30, 2016/10/05 23:06:50 UTC

Applying bandpass corrections to 2312-319.9500
Applying freq. dependent gain corrections to 2312-319.9500
Applying freq. dependent leakage correction to 2312-319.9500
Applying changes to dataset
Counts of correlations within selected channels:
 channel  Originally  Currently
 Good:      73281300   72765488    Changed to bad:     515812
 Bad:       10932600   11448412    Changed to good:         0
 13.6% of the data is now flagged

2018-08-07 11:16:02,482 [MainThread  ] [INFO ]  pgflag vis=2312-319.9500 command='<b' stokes=i,v,q,u flagpar=8,2,2,3,6,3  options=nodisp

pgflag: Revision 1.30, 2016/10/05 23:06:50 UTC

Applying bandpass corrections to 2312-319.9500
Applying freq. dependent gain corrections to 2312-319.9500
Applying freq. dependent leakage correction to 2312-319.9500
Applying changes to dataset
Counts of correlations within selected channels:
 channel  Originally  Currently
 Good:      72765488   72317856    Changed to bad:     447632
 Bad:       11448412   11896044    Changed to good:         0
 14.1% of the data is now flagged

2018-08-07 11:18:44,207 [MainThread  ] [INFO ]  pgflag vis=2312-319.9500 command='<b' stokes=i,v,u,q flagpar=8,2,2,3,6,3  options=nodisp

pgflag: Revision 1.30, 2016/10/05 23:06:50 UTC

Applying bandpass corrections to 2312-319.9500
Applying freq. dependent gain corrections to 2312-319.9500
Applying freq. dependent leakage correction to 2312-319.9500
Applying changes to dataset
Counts of correlations within selected channels:
 channel  Originally  Currently
 Good:      72317856   71885976    Changed to bad:     431880
 Bad:       11896044   12327924    Changed to good:         0
 14.6% of the data is now flagged

2018-08-07 11:18:48,813 [MainThread  ] [INFO ]  gpcal vis=2312-319.9500 refant=4 interval=0.1 nfbin=2 options=xyvary,qusolve

gpcal: Revision 1.22, 2016/05/01 22:31:05 UTC

Applying bandpass corrections to 2312-319.9500
Number of antennae: 6
Using leakage parameters from input as initial guess
Reading the data ...
Number of solution intervals: 685
Total visibilities read: 10275
Number visibilities accepted: 10275
Iter= 1, Amplit/Phase Solution Error:   1.405
Iter= 1, Polarisation Solution Error:   0.004
Iter= 1, Overall Solution Error:        2.482
Iter= 2, Amplit/Phase Solution Error:   0.005
Iter= 2, Polarisation Solution Error:   0.000
Iter= 2, Overall Solution Error:        0.005
Iter= 3, Amplit/Phase Solution Error:   0.001
Iter= 3, Polarisation Solution Error:   0.000
Iter= 3, Overall Solution Error:        0.001
I flux density:   0.5471
Percent Q:   0.373
Percent U:  -0.201
Leakage terms:
 Ant 1:Dx,Dy = ( 0.00214,-0.00609),(-0.00088,-0.00564)
 Ant 2:Dx,Dy = ( 0.00358, 0.00032),(-0.00251, 0.00154)
 Ant 3:Dx,Dy = ( 0.00407, 0.00196),(-0.00919, 0.00360)
 Ant 4:Dx,Dy = ( 0.00296, 0.01570),(-0.00166, 0.01714)
 Ant 5:Dx,Dy = (-0.01615, 0.00254),( 0.01655, 0.00371)
 Ant 6:Dx,Dy = ( 0.00314,-0.01794),(-0.00258,-0.01685)
Solution for freq bin  1
Iter= 1, Amplit/Phase Solution Error:   1.405
Iter= 1, Polarisation Solution Error:   0.004
Iter= 1, Overall Solution Error:        2.509
Iter= 2, Amplit/Phase Solution Error:   0.004
Iter= 2, Polarisation Solution Error:   0.000
Iter= 2, Overall Solution Error:        0.005
Iter= 3, Amplit/Phase Solution Error:   0.001
Iter= 3, Polarisation Solution Error:   0.000
Iter= 3, Overall Solution Error:        0.001
I flux density:   0.5493
Percent Q:   0.369
Percent U:  -0.085
Leakage terms:
 Ant 1:Dx,Dy = ( 0.00144,-0.00575),(-0.00083,-0.00523)
 Ant 2:Dx,Dy = ( 0.00374, 0.00092),(-0.00268, 0.00209)
 Ant 3:Dx,Dy = ( 0.00480, 0.00117),(-0.00777, 0.00314)
 Ant 4:Dx,Dy = ( 0.00412, 0.01527),(-0.00324, 0.01700)
 Ant 5:Dx,Dy = (-0.01622, 0.00250),( 0.01585, 0.00441)
 Ant 6:Dx,Dy = ( 0.00168,-0.01854),(-0.00176,-0.01696)
Solution for freq bin  2
Iter= 1, Amplit/Phase Solution Error:   1.410
Iter= 1, Polarisation Solution Error:   0.004
Iter= 1, Overall Solution Error:        2.451
Iter= 2, Amplit/Phase Solution Error:   0.005
Iter= 2, Polarisation Solution Error:   0.000
Iter= 2, Overall Solution Error:        0.005
Iter= 3, Amplit/Phase Solution Error:   0.001
Iter= 3, Polarisation Solution Error:   0.000
Iter= 3, Overall Solution Error:        0.001
I flux density:   0.5471
Percent Q:   0.378
Percent U:  -0.308
Leakage terms:
 Ant 1:Dx,Dy = ( 0.00278,-0.00649),(-0.00100,-0.00602)
 Ant 2:Dx,Dy = ( 0.00344,-0.00023),(-0.00232, 0.00105)
 Ant 3:Dx,Dy = ( 0.00330, 0.00272),(-0.01058, 0.00397)
 Ant 4:Dx,Dy = ( 0.00183, 0.01607),(-0.00017, 0.01735)
 Ant 5:Dx,Dy = (-0.01611, 0.00260),( 0.01725, 0.00310)
 Ant 6:Dx,Dy = ( 0.00460,-0.01754),(-0.00335,-0.01659)

2018-08-07 11:21:41,292 [MainThread  ] [INFO ]  pgflag vis=2312-319.9500 command='<b' stokes=i,q,u,v flagpar=8,5,5,3,6,3 options=nodisp

pgflag: Revision 1.30, 2016/10/05 23:06:50 UTC

Applying bandpass corrections to 2312-319.9500
Applying freq. dependent gain corrections to 2312-319.9500
Applying freq. dependent leakage correction to 2312-319.9500
Applying changes to dataset
Counts of correlations within selected channels:
 channel  Originally  Currently
 Good:      71885976   71514160    Changed to bad:     371816
 Bad:       12327924   12699740    Changed to good:         0
 15.1% of the data is now flagged

2018-08-07 11:24:30,057 [MainThread  ] [INFO ]  pgflag vis=2312-319.9500 command='<b' stokes=i,v,q,u flagpar=8,2,2,3,6,3  options=nodisp

pgflag: Revision 1.30, 2016/10/05 23:06:50 UTC

Applying bandpass corrections to 2312-319.9500
Applying freq. dependent gain corrections to 2312-319.9500
Applying freq. dependent leakage correction to 2312-319.9500
Applying changes to dataset
Counts of correlations within selected channels:
 channel  Originally  Currently
 Good:      71514160   71161892    Changed to bad:     352268
 Bad:       12699740   13052008    Changed to good:         0
 15.5% of the data is now flagged

2018-08-07 11:27:30,621 [MainThread  ] [INFO ]  pgflag vis=2312-319.9500 command='<b' stokes=i,v,u,q flagpar=8,2,2,3,6,3  options=nodisp

pgflag: Revision 1.30, 2016/10/05 23:06:50 UTC

Applying bandpass corrections to 2312-319.9500
Applying freq. dependent gain corrections to 2312-319.9500
Applying freq. dependent leakage correction to 2312-319.9500
Applying changes to dataset
Counts of correlations within selected channels:
 channel  Originally  Currently
 Good:      71161892   70844548    Changed to bad:     317344
 Bad:       13052008   13369352    Changed to good:         0
 15.9% of the data is now flagged

2018-08-07 11:27:36,834 [MainThread  ] [INFO ]  gpcal vis=2312-319.9500 refant=4 interval=0.1 nfbin=2 options=xyvary,qusolve

gpcal: Revision 1.22, 2016/05/01 22:31:05 UTC

Applying bandpass corrections to 2312-319.9500
Number of antennae: 6
Using leakage parameters from input as initial guess
Reading the data ...
Number of solution intervals: 685
Total visibilities read: 10275
Number visibilities accepted: 10275
Iter= 1, Amplit/Phase Solution Error:   1.405
Iter= 1, Polarisation Solution Error:   0.004
Iter= 1, Overall Solution Error:        2.485
Iter= 2, Amplit/Phase Solution Error:   0.004
Iter= 2, Polarisation Solution Error:   0.000
Iter= 2, Overall Solution Error:        0.005
Iter= 3, Amplit/Phase Solution Error:   0.001
Iter= 3, Polarisation Solution Error:   0.000
Iter= 3, Overall Solution Error:        0.001
I flux density:   0.5497
Percent Q:   0.373
Percent U:  -0.201
Leakage terms:
 Ant 1:Dx,Dy = ( 0.00215,-0.00609),(-0.00086,-0.00564)
 Ant 2:Dx,Dy = ( 0.00358, 0.00031),(-0.00249, 0.00153)
 Ant 3:Dx,Dy = ( 0.00406, 0.00196),(-0.00921, 0.00359)
 Ant 4:Dx,Dy = ( 0.00297, 0.01570),(-0.00165, 0.01715)
 Ant 5:Dx,Dy = (-0.01615, 0.00255),( 0.01654, 0.00372)
 Ant 6:Dx,Dy = ( 0.00313,-0.01795),(-0.00259,-0.01684)
Solution for freq bin  1
Iter= 1, Amplit/Phase Solution Error:   1.404
Iter= 1, Polarisation Solution Error:   0.004
Iter= 1, Overall Solution Error:        2.513
Iter= 2, Amplit/Phase Solution Error:   0.004
Iter= 2, Polarisation Solution Error:   0.000
Iter= 2, Overall Solution Error:        0.005
Iter= 3, Amplit/Phase Solution Error:   0.001
Iter= 3, Polarisation Solution Error:   0.000
Iter= 3, Overall Solution Error:        0.001
I flux density:   0.5520
Percent Q:   0.367
Percent U:  -0.085
Leakage terms:
 Ant 1:Dx,Dy = ( 0.00147,-0.00575),(-0.00079,-0.00524)
 Ant 2:Dx,Dy = ( 0.00376, 0.00091),(-0.00264, 0.00209)
 Ant 3:Dx,Dy = ( 0.00481, 0.00117),(-0.00778, 0.00311)
 Ant 4:Dx,Dy = ( 0.00414, 0.01529),(-0.00325, 0.01699)
 Ant 5:Dx,Dy = (-0.01621, 0.00252),( 0.01586, 0.00442)
 Ant 6:Dx,Dy = ( 0.00166,-0.01857),(-0.00176,-0.01694)
Solution for freq bin  2
Iter= 1, Amplit/Phase Solution Error:   1.410
Iter= 1, Polarisation Solution Error:   0.004
Iter= 1, Overall Solution Error:        2.452
Iter= 2, Amplit/Phase Solution Error:   0.005
Iter= 2, Polarisation Solution Error:   0.000
Iter= 2, Overall Solution Error:        0.005
Iter= 3, Amplit/Phase Solution Error:   0.001
Iter= 3, Polarisation Solution Error:   0.000
Iter= 3, Overall Solution Error:        0.001
I flux density:   0.5498
Percent Q:   0.380
Percent U:  -0.306
Leakage terms:
 Ant 1:Dx,Dy = ( 0.00276,-0.00648),(-0.00099,-0.00601)
 Ant 2:Dx,Dy = ( 0.00342,-0.00023),(-0.00233, 0.00103)
 Ant 3:Dx,Dy = ( 0.00329, 0.00271),(-0.01059, 0.00398)
 Ant 4:Dx,Dy = ( 0.00183, 0.01606),(-0.00016, 0.01736)
 Ant 5:Dx,Dy = (-0.01612, 0.00260),( 0.01722, 0.00312)
 Ant 6:Dx,Dy = ( 0.00460,-0.01754),(-0.00337,-0.01660)

2018-08-07 11:27:36,875 [MainThread  ] [INFO ]  gpboot vis=2312-319.9500 cal=1934-638.9500

gpboot: Revision 1.9, 2015/10/29 01:31:30 UTC

Secondary flux density scaled by:   0.991
Frequency bin  1 scaled by      :   0.991
Frequency bin  2 scaled by      :   0.993

2018-08-07 11:29:10,347 [MainThread  ] [INFO ]  gpcopy vis=2312-319.9500 out=a.9500

gpcopy: Revision 1.13, 2015/10/29 01:31:39 UTC

Copying leakage table
Copying gain table
Interpolation tolerance set to (minutes): 720.00
Copying bandpass table

2018-08-07 11:46:40,615 [MainThread  ] [INFO ]  pgflag vis=a.9500 command='<b' stokes=i,v,q,u flagpar=8,2,2,3,6,3  options=nodisp

pgflag: Revision 1.30, 2016/10/05 23:06:50 UTC

Applying bandpass corrections to a.9500
Applying freq. dependent gain corrections to a.9500
Applying freq. dependent leakage correction to a.9500
Applying changes to dataset
Counts of correlations within selected channels:
 channel  Originally  Currently
 Good:     439259880  427990748    Changed to bad:   11269132
 Bad:       65531760   76800892    Changed to good:         0
 15.2% of the data is now flagged

2018-08-07 12:04:29,991 [MainThread  ] [INFO ]  pgflag vis=a.9500 command='<b' stokes=i,v,u,q flagpar=8,2,2,3,6,3  options=nodisp

pgflag: Revision 1.30, 2016/10/05 23:06:50 UTC

Applying bandpass corrections to a.9500
Applying freq. dependent gain corrections to a.9500
Applying freq. dependent leakage correction to a.9500
Applying changes to dataset
Counts of correlations within selected channels:
 channel  Originally  Currently
 Good:     427990748  419298932    Changed to bad:    8691816
 Bad:       76800892   85492708    Changed to good:         0
 16.9% of the data is now flagged

2018-08-07 12:08:49,705 [MainThread  ] [INFO ]  uvsplit vis=a.9500

uvsplit: Revision 1.18, 2016/05/09 03:06:18 UTC

Creating a_1261.9500
Creating a_1262.9500
Creating a_1263.9500
Creating a_1264.9500
Creating a_1265.9500
Creating a_1266.9500
Creating a_1267.9500
Creating a_1268.9500
Creating a_1269.9500
Creating a_1270.9500
Creating a_1271.9500
Creating a_1272.9500
Creating a_1273.9500
Creating a_1274.9500
Creating a_1275.9500
Creating a_1276.9500
Creating a_1277.9500
Creating a_1278.9500
Creating a_1279.9500
Creating a_1280.9500
Creating a_1281.9500
Creating a_1282.9500
Creating a_1283.9500
Creating a_1284.9500
Creating a_1285.9500
Creating a_1286.9500
Creating a_1287.9500
Creating a_1288.9500
Creating a_1289.9500
Creating a_1290.9500
Creating a_1291.9500
Creating a_1292.9500
Creating a_1293.9500
Creating a_1294.9500
Creating a_1295.9500
Creating a_1296.9500
Creating a_1297.9500
Creating a_1298.9500
Creating a_1299.9500
Creating a_1300.9500
Creating a_1301.9500
Creating a_1302.9500
Creating a_1303.9500
Creating a_1304.9500
Creating a_1305.9500
Creating a_1306.9500
Creating a_1307.9500
Creating a_1308.9500
Creating a_1309.9500
Creating a_1310.9500
Creating a_1311.9500
Creating a_1312.9500
Creating a_1313.9500
Creating a_1314.9500
Creating a_1315.9500
Creating a_1316.9500
Creating a_1317.9500
Creating a_1318.9500
Creating a_1319.9500
Creating a_1320.9500
Creating a_1321.9500
Creating a_1322.9500
Creating a_1323.9500
Creating a_1324.9500
Creating a_1325.9500
Creating a_1326.9500
Creating a_1327.9500
Creating a_1328.9500
Creating a_1329.9500
Creating a_1330.9500
Creating a_1331.9500
Creating a_1332.9500
Creating a_1333.9500
Creating a_1334.9500
Creating a_1335.9500
Creating a_1336.9500
Creating a_1337.9500
Creating a_1338.9500
Creating a_1339.9500
Creating a_1340.9500
Creating a_1341.9500
Creating a_1342.9500
Creating a_1343.9500
Creating a_1344.9500
Creating a_1345.9500
Creating a_1346.9500
Creating a_1347.9500
Creating a_1348.9500
Creating a_1349.9500
Creating a_1350.9500
Creating a_1351.9500
Creating a_1352.9500
Creating a_1353.9500
Creating a_1354.9500
Creating a_1355.9500
Creating a_1356.9500
Creating a_1357.9500
Creating a_1358.9500
Creating a_1359.9500
Creating a_1360.9500
Creating a_1361.9500
Creating a_1362.9500
Creating a_1363.9500
Creating a_1364.9500
Creating a_1365.9500
Creating a_1366.9500
Creating a_1367.9500
Creating a_1368.9500
Creating a_1369.9500
Creating a_1370.9500
Creating a_1371.9500
Creating a_1372.9500
Creating a_1373.9500
Creating a_1374.9500
Creating a_1375.9500
Creating a_1376.9500
Creating a_1377.9500
Creating a_1378.9500
Creating a_1379.9500
Creating a_1380.9500
Creating a_1381.9500
Creating a_1382.9500
Creating a_1383.9500
Creating a_1384.9500
Creating a_1385.9500
Creating a_1386.9500
Creating a_1387.9500
Creating a_1388.9500
Creating a_1389.9500
Creating a_1390.9500
Creating a_1391.9500
Creating a_1392.9500
Creating a_1393.9500
Creating a_1394.9500
Creating a_1395.9500
Creating a_1396.9500
Creating a_1397.9500
Creating a_1398.9500
Creating a_1399.9500
Creating a_1400.9500
Creating a_1401.9500
Creating a_1402.9500
Creating a_1403.9500
Creating a_1404.9500
Creating a_1405.9500
Creating a_1406.9500
Creating a_1407.9500
Creating a_1408.9500
Creating a_1409.9500
Creating a_1410.9500
Creating a_1411.9500
Creating a_1412.9500
Creating a_1413.9500
Creating a_1414.9500
Creating a_1415.9500
Creating a_1416.9500
Creating a_1417.9500
Creating a_1418.9500
Creating a_1419.9500
Creating a_1420.9500
Creating a_1421.9500
Creating a_1422.9500
Creating a_1423.9500
Creating a_1424.9500
Creating a_1425.9500
Creating a_1426.9500
Creating a_1427.9500
Creating a_1428.9500
Creating a_1429.9500
Creating a_1430.9500
Creating a_1431.9500
Creating a_1432.9500
Creating a_1433.9500
Creating a_1434.9500
Creating a_1435.9500

