2018-11-22 03:28:50,274 [MainThread  ] [INFO ]  atlod in=raw/2016-11-20_0244.C3132,raw/2016-11-20_0531.C3132,raw/2016-11-20_0818.C3132,raw/2016-11-20_1104.C3132 out=data9.uv ifsel=2 options=birdie,rfiflag,noauto,xycorr

atlod: Revision 1.53, 2016/08/25 23:02:21 UTC

Processing file raw/2016-11-20_0244.C3132
 02:44:21 CAOBS> track 1
CABB data detected
Scan 1 started at 16NOV20:02:44:36.0
Source: 1934-638
Flagging channels in  28 frequency ranges
 02:54:49 CAOBS> stop
 02:54:55 CAOBS> set file c3132_obs_d7
 02:54:58 CAOBS> start 1/99
Scan 2 started at 16NOV20:03:01:08.0
Source: 2312-319
Scan 3 started at 16NOV20:03:04:52.0
Source: d_1081
Source: d_1082
Source: d_1083
Source: d_1084
Source: d_1085
Source: d_1086
Source: d_1087
Source: d_1088
Source: d_1089
Source: d_1090
Source: d_1091
Source: d_1092
Source: d_1093
Source: d_1094
Source: d_1095
Source: d_1096
Source: d_1097
Source: d_1098
Source: d_1099
Source: d_1100
Scan 4 started at 16NOV20:03:18:12.0
Source: 2312-319
Scan 5 started at 16NOV20:03:21:16.0
Source: d_1101
Source: d_1102
Source: d_1103
Source: d_1104
Source: d_1105
Source: d_1106
Source: d_1107
Source: d_1108
Source: d_1109
Source: d_1110
Source: d_1111
Source: d_1112
Source: d_1113
Source: d_1114
Source: d_1115
Source: d_1116
Source: d_1117
Source: d_1118
Source: d_1119
Source: d_1120
Scan 6 started at 16NOV20:03:34:44.0
Source: 2312-319
Scan 7 started at 16NOV20:03:37:56.0
Source: d_1121
Source: d_1122
Source: d_1123
Source: d_1124
Source: d_1125
Source: d_1126
Source: d_1127
Source: d_1128
Source: d_1129
Source: d_1130
Source: d_1131
Source: d_1132
Source: d_1133
Source: d_1134
Source: d_1135
Source: d_1136
Source: d_1137
Source: d_1138
Source: d_1139
Source: d_1140
Scan 8 started at 16NOV20:03:51:16.0
Source: 2312-319
Scan 9 started at 16NOV20:03:54:20.0
Source: d_1141
Source: d_1142
Source: d_1143
Source: d_1144
Source: d_1145
Source: d_1146
Source: d_1147
Source: d_1148
Source: d_1149
Source: d_1150
Source: d_1151
Source: d_1152
Source: d_1153
Source: d_1154
Source: d_1155
Source: d_1156
Source: d_1157
Source: d_1158
Source: d_1159
Source: d_1160
Scan 10 started at 16NOV20:04:07:40.0
Source: 2312-319
Scan 11 started at 16NOV20:04:10:44.0
Source: d_1161
Source: d_1162
Source: d_1163
Source: d_1164
Source: d_1165
Source: d_1166
Source: d_1167
Source: d_1168
Source: d_1169
Source: d_1170
Source: d_1171
Source: d_1172
Source: d_1173
Source: d_1174
Source: d_1175
Source: d_1176
Source: d_1177
Source: d_1178
Source: d_1179
Source: d_1180
Scan 12 started at 16NOV20:04:24:12.0
Source: 2312-319
Scan 13 started at 16NOV20:04:27:32.0
Source: d_1181
Source: d_1182
Source: d_1183
Source: d_1184
Source: d_1185
Source: d_1186
Source: d_1187
Source: d_1188
Source: d_1189
Source: d_1190
Source: d_1191
Source: d_1192
Source: d_1193
Source: d_1194
Source: d_1195
Source: d_1196
Source: d_1197
Source: d_1198
Source: d_1199
Source: d_1200
Scan 14 started at 16NOV20:04:40:52.0
Source: 2312-319
Scan 15 started at 16NOV20:04:43:56.0
Source: d_1201
Source: d_1202
Source: d_1203
Source: d_1204
Source: d_1205
Source: d_1206
Source: d_1207
Source: d_1208
Source: d_1209
Source: d_1210
Source: d_1211
Source: d_1212
Source: d_1213
Source: d_1214
Source: d_1215
Source: d_1216
Source: d_1217
Source: d_1218
Source: d_1219
Source: d_1220
Scan 16 started at 16NOV20:04:57:16.0
Source: 2312-319
Scan 17 started at 16NOV20:05:00:20.0
Source: d_1221
Source: d_1222
Source: d_1223
Source: d_1224
Source: d_1225
Source: d_1226
Source: d_1227
Source: d_1228
Source: d_1229
Source: d_1230
Source: d_1231
Source: d_1232
Source: d_1233
Source: d_1234
Source: d_1235
Source: d_1236
Source: d_1237
Source: d_1238
Source: d_1239
Source: d_1240
Scan 18 started at 16NOV20:05:13:40.0
Source: 2312-319
Scan 19 started at 16NOV20:05:16:52.0
Source: d_1241
Source: d_1242
Source: d_1243
Source: d_1244
Source: d_1245
Source: d_1246
Source: d_1247
Source: d_1248
Source: d_1249
Source: d_1250
Source: d_1251
Source: d_1252
Source: d_1253
Source: d_1254
Source: d_1255
Source: d_1256
Source: d_1257
Source: d_1258
Source: d_1259
Source: d_1260
Scan 20 started at 16NOV20:05:30:12.0
Source: 2312-319
RPFITS file version is 2.12
---------------------------------------
Total number of spectra selected: 72660

Summary of spectra flagged
Flagging Reason            Fraction
---------------            --------
Antenna off-source/off-line  8.65%
---------------------------------------
Processing file raw/2016-11-20_0531.C3132
CABB data detected
Scan 1 started at 16NOV20:05:31:16.0
Source: 2312-319
Scan 2 started at 16NOV20:05:33:16.0
Source: d_1081
Source: d_1082
Source: d_1083
Source: d_1084
Source: d_1085
Source: d_1086
Source: d_1087
Source: d_1088
Source: d_1089
Source: d_1090
Source: d_1091
Source: d_1092
Source: d_1093
Source: d_1094
Source: d_1095
Source: d_1096
Source: d_1097
Source: d_1098
Source: d_1099
Source: d_1100
Scan 3 started at 16NOV20:05:46:36.0
Source: 2312-319
Scan 4 started at 16NOV20:05:49:32.0
Source: d_1101
Source: d_1102
Source: d_1103
Source: d_1104
Source: d_1105
Source: d_1106
Source: d_1107
Source: d_1108
Source: d_1109
Source: d_1110
Source: d_1111
Source: d_1112
Source: d_1113
Source: d_1114
Source: d_1115
Source: d_1116
Source: d_1117
Source: d_1118
Source: d_1119
Source: d_1120
Scan 5 started at 16NOV20:06:02:52.0
Source: 2312-319
Scan 6 started at 16NOV20:06:05:56.0
Source: d_1121
Source: d_1122
Source: d_1123
Source: d_1124
Source: d_1125
Source: d_1126
Source: d_1127
Source: d_1128
Source: d_1129
Source: d_1130
Source: d_1131
Source: d_1132
Source: d_1133
Source: d_1134
Source: d_1135
Source: d_1136
Source: d_1137
Source: d_1138
Source: d_1139
Source: d_1140
Scan 7 started at 16NOV20:06:19:16.0
Source: 2312-319
Scan 8 started at 16NOV20:06:22:12.0
Source: d_1141
Source: d_1142
Source: d_1143
Source: d_1144
Source: d_1145
Source: d_1146
Source: d_1147
Source: d_1148
Source: d_1149
Source: d_1150
Source: d_1151
Source: d_1152
Source: d_1153
Source: d_1154
Source: d_1155
Source: d_1156
Source: d_1157
Source: d_1158
Source: d_1159
Source: d_1160
Scan 9 started at 16NOV20:06:35:32.0
Source: 2312-319
Scan 10 started at 16NOV20:06:38:28.0
Source: d_1161
Source: d_1162
Source: d_1163
Source: d_1164
Source: d_1165
Source: d_1166
Source: d_1167
Source: d_1168
Source: d_1169
Source: d_1170
Source: d_1171
Source: d_1172
Source: d_1173
Source: d_1174
Source: d_1175
Source: d_1176
Source: d_1177
Source: d_1178
Source: d_1179
Source: d_1180
Scan 11 started at 16NOV20:06:51:56.0
Source: 2312-319
Scan 12 started at 16NOV20:06:54:52.0
Source: d_1181
Source: d_1182
Source: d_1183
Source: d_1184
Source: d_1185
Source: d_1186
Source: d_1187
Source: d_1188
Source: d_1189
Source: d_1190
Source: d_1191
Source: d_1192
Source: d_1193
Source: d_1194
Source: d_1195
Source: d_1196
Source: d_1197
Source: d_1198
Source: d_1199
Source: d_1200
Scan 13 started at 16NOV20:07:08:20.0
Source: 2312-319
Scan 14 started at 16NOV20:07:11:16.0
Source: d_1201
Source: d_1202
Source: d_1203
Source: d_1204
Source: d_1205
Source: d_1206
Source: d_1207
Source: d_1208
Source: d_1209
Source: d_1210
Source: d_1211
Source: d_1212
Source: d_1213
Source: d_1214
Source: d_1215
Source: d_1216
Source: d_1217
Source: d_1218
Source: d_1219
Source: d_1220
Scan 15 started at 16NOV20:07:24:36.0
Source: 2312-319
Scan 16 started at 16NOV20:07:27:32.0
Source: d_1221
Source: d_1222
Source: d_1223
Source: d_1224
Source: d_1225
Source: d_1226
Source: d_1227
Source: d_1228
Source: d_1229
Source: d_1230
Source: d_1231
Source: d_1232
Source: d_1233
Source: d_1234
Source: d_1235
Source: d_1236
Source: d_1237
Source: d_1238
Source: d_1239
Source: d_1240
Scan 17 started at 16NOV20:07:41:00.0
Source: 2312-319
Scan 18 started at 16NOV20:07:44:04.0
Source: d_1241
Source: d_1242
Source: d_1243
Source: d_1244
Source: d_1245
Source: d_1246
Source: d_1247
Source: d_1248
Source: d_1249
Source: d_1250
Source: d_1251
Source: d_1252
Source: d_1253
Source: d_1254
Source: d_1255
Source: d_1256
Source: d_1257
Source: d_1258
Source: d_1259
Source: d_1260
Scan 19 started at 16NOV20:07:57:40.0
Source: 2312-319
Scan 20 started at 16NOV20:08:01:00.0
Source: d_1081
Source: d_1082
Source: d_1083
Source: d_1084
Source: d_1085
Source: d_1086
Source: d_1087
Source: d_1088
Source: d_1089
Source: d_1090
Source: d_1091
Source: d_1092
Source: d_1093
Source: d_1094
Source: d_1095
Source: d_1096
Source: d_1097
Source: d_1098
Source: d_1099
Source: d_1100
Scan 21 started at 16NOV20:08:14:20.0
Source: 2312-319
Scan 22 started at 16NOV20:08:17:48.0
Source: d_1101
Source: d_1102
RPFITS file version is 2.12
---------------------------------------
Total number of spectra selected: 72660

Summary of spectra flagged
Flagging Reason            Fraction
---------------            --------
Antenna off-source/off-line  5.86%
---------------------------------------
Processing file raw/2016-11-20_0818.C3132
CABB data detected
Scan 1 started at 16NOV20:08:18:20.0
Source: d_1102
Source: d_1103
Source: d_1104
Source: d_1105
Source: d_1106
Source: d_1107
Source: d_1108
Source: d_1109
Source: d_1110
Source: d_1111
Source: d_1112
Source: d_1113
Source: d_1114
Source: d_1115
Source: d_1116
Source: d_1117
Source: d_1118
Source: d_1119
Source: d_1120
Scan 2 started at 16NOV20:08:31:32.0
Source: 2312-319
Scan 3 started at 16NOV20:08:35:24.0
Source: d_1121
Source: d_1122
Source: d_1123
Source: d_1124
Source: d_1125
Source: d_1126
Source: d_1127
Source: d_1128
Source: d_1129
Source: d_1130
Source: d_1131
Source: d_1132
Source: d_1133
Source: d_1134
Source: d_1135
Source: d_1136
Source: d_1137
Source: d_1138
Source: d_1139
Source: d_1140
Scan 4 started at 16NOV20:08:49:08.0
Source: 2312-319
Scan 5 started at 16NOV20:08:54:28.0
Source: d_1142
Source: d_1143
Source: d_1144
Source: d_1145
Source: d_1146
Source: d_1147
Source: d_1148
Source: d_1149
Source: d_1150
Source: d_1151
Source: d_1152
Source: d_1153
Source: d_1154
Source: d_1155
Source: d_1156
Source: d_1157
Source: d_1158
Source: d_1159
Source: d_1160
Scan 6 started at 16NOV20:09:08:12.0
Source: 2312-319
Scan 7 started at 16NOV20:09:13:32.0
Source: d_1161
Source: d_1162
Source: d_1163
Source: d_1164
Source: d_1165
Source: d_1166
Source: d_1167
Source: d_1168
Source: d_1169
Source: d_1170
Source: d_1171
Source: d_1172
Source: d_1173
Source: d_1174
Source: d_1175
Source: d_1176
Source: d_1177
Source: d_1178
Source: d_1179
Source: d_1180
Scan 8 started at 16NOV20:09:26:52.0
Source: 2312-319
Scan 9 started at 16NOV20:09:29:56.0
Source: d_1181
Source: d_1182
Source: d_1183
Source: d_1184
Source: d_1185
Source: d_1186
Source: d_1187
Source: d_1188
Source: d_1189
Source: d_1190
Source: d_1191
Source: d_1192
Source: d_1193
Source: d_1194
Source: d_1195
Source: d_1196
Source: d_1197
Source: d_1198
Source: d_1199
Source: d_1200
Scan 10 started at 16NOV20:09:43:40.0
Source: 2312-319
Scan 11 started at 16NOV20:09:46:44.0
Source: d_1201
Source: d_1202
Source: d_1203
Source: d_1204
Source: d_1205
Source: d_1206
Source: d_1207
Source: d_1208
Source: d_1209
Source: d_1210
Source: d_1211
Source: d_1212
Source: d_1213
Source: d_1214
Source: d_1215
Source: d_1216
Source: d_1217
Source: d_1218
Source: d_1219
Source: d_1220
Scan 12 started at 16NOV20:10:00:12.0
Source: 2312-319
Scan 13 started at 16NOV20:10:03:16.0
Source: d_1221
Source: d_1222
Source: d_1223
Source: d_1224
Source: d_1225
Source: d_1226
Source: d_1227
Source: d_1228
Source: d_1229
Source: d_1230
Source: d_1231
Source: d_1232
Source: d_1233
Source: d_1234
Source: d_1235
Source: d_1236
Source: d_1237
Source: d_1238
Source: d_1239
Source: d_1240
Scan 14 started at 16NOV20:10:16:44.0
Source: 2312-319
Scan 15 started at 16NOV20:10:19:48.0
Source: d_1241
Source: d_1242
Source: d_1243
Source: d_1244
Source: d_1245
Source: d_1246
Source: d_1247
Source: d_1248
Source: d_1249
Source: d_1250
Source: d_1251
Source: d_1252
Source: d_1253
Source: d_1254
Source: d_1255
Source: d_1256
Source: d_1257
Source: d_1258
Source: d_1259
Source: d_1260
Scan 16 started at 16NOV20:10:33:24.0
Source: 2312-319
Scan 17 started at 16NOV20:10:36:28.0
Source: d_1081
Source: d_1082
Source: d_1083
Source: d_1084
Source: d_1085
Source: d_1086
Source: d_1087
Source: d_1088
Source: d_1089
Source: d_1090
Source: d_1091
Source: d_1092
Source: d_1093
Source: d_1094
Source: d_1095
Source: d_1096
Source: d_1097
Source: d_1098
Source: d_1099
Source: d_1100
Scan 18 started at 16NOV20:10:49:56.0
Source: 2312-319
Scan 19 started at 16NOV20:10:52:52.0
Source: d_1101
Source: d_1102
Source: d_1103
Source: d_1104
Source: d_1105
Source: d_1106
Source: d_1107
Source: d_1108
Source: d_1109
Source: d_1110
Source: d_1111
Source: d_1112
Source: d_1113
Source: d_1114
Source: d_1115
Source: d_1116
Source: d_1117
Source: d_1118
RPFITS file version is 2.12
---------------------------------------
Total number of spectra selected: 72660

Summary of spectra flagged
Flagging Reason            Fraction
---------------            --------
Antenna off-source/off-line  11.3%
---------------------------------------
Processing file raw/2016-11-20_1104.C3132
CABB data detected
Scan 1 started at 16NOV20:11:04:37.8
Source: d_1119
Source: d_1120
Scan 2 started at 16NOV20:11:06:20.0
Source: 2312-319
Scan 3 started at 16NOV20:11:09:16.0
Source: d_1121
Source: d_1122
Source: d_1123
Source: d_1124
Source: d_1125
Source: d_1126
Source: d_1127
Source: d_1128
Source: d_1129
Source: d_1130
Source: d_1131
Source: d_1132
Source: d_1133
Source: d_1134
Source: d_1135
Source: d_1136
Source: d_1137
Source: d_1138
Source: d_1139
Source: d_1140
Scan 4 started at 16NOV20:11:22:44.0
Source: 2312-319
Scan 5 started at 16NOV20:11:25:40.0
Source: d_1141
Source: d_1142
Source: d_1143
Source: d_1144
Source: d_1145
Source: d_1146
Source: d_1147
Source: d_1148
Source: d_1149
Source: d_1150
Source: d_1151
Source: d_1152
Source: d_1153
Source: d_1154
Source: d_1155
Source: d_1156
Source: d_1157
Source: d_1158
Source: d_1159
Source: d_1160
Scan 6 started at 16NOV20:11:39:00.0
Source: 2312-319
Scan 7 started at 16NOV20:11:41:56.0
Source: d_1161
Source: d_1162
Source: d_1163
Source: d_1164
Source: d_1165
Source: d_1166
Source: d_1167
Source: d_1168
Source: d_1169
Source: d_1170
Source: d_1171
Source: d_1172
Source: d_1173
Source: d_1174
Source: d_1175
Source: d_1176
Source: d_1177
Source: d_1178
Source: d_1179
Source: d_1180
Scan 8 started at 16NOV20:11:55:24.0
Source: 2312-319
Scan 9 started at 16NOV20:11:58:20.0
Source: d_1181
Source: d_1182
Source: d_1183
Source: d_1184
Source: d_1185
Source: d_1186
Source: d_1187
Source: d_1188
Source: d_1189
Source: d_1190
Source: d_1191
Source: d_1192
Source: d_1193
Source: d_1194
Source: d_1195
Source: d_1196
Source: d_1197
Source: d_1198
Source: d_1199
Source: d_1200
Scan 10 started at 16NOV20:12:11:48.0
Source: 2312-319
Scan 11 started at 16NOV20:12:14:44.0
Source: d_1201
Source: d_1202
Source: d_1203
Source: d_1204
Source: d_1205
Source: d_1206
Source: d_1207
Source: d_1208
Source: d_1209
Source: d_1210
Source: d_1211
Source: d_1212
Source: d_1213
Source: d_1214
Source: d_1215
Source: d_1216
Source: d_1217
Source: d_1218
Source: d_1219
Source: d_1220
Scan 12 started at 16NOV20:12:28:04.0
Source: 2312-319
Scan 13 started at 16NOV20:12:31:00.0
Source: d_1221
Source: d_1222
Source: d_1223
Source: d_1224
Source: d_1225
Source: d_1226
Source: d_1227
Source: d_1228
Source: d_1229
Source: d_1230
Source: d_1231
Source: d_1232
Source: d_1233
Source: d_1234
Source: d_1235
Source: d_1236
Source: d_1237
Source: d_1238
Source: d_1239
Source: d_1240
Scan 14 started at 16NOV20:12:44:20.0
Source: 2312-319
Scan 15 started at 16NOV20:12:47:16.0
Source: d_1241
Source: d_1242
Source: d_1243
Source: d_1244
Source: d_1245
Source: d_1246
Source: d_1247
Source: d_1248
Source: d_1249
Source: d_1250
Source: d_1251
Source: d_1252
Source: d_1253
Source: d_1254
Source: d_1255
Source: d_1256
Source: d_1257
Source: d_1258
Source: d_1259
Source: d_1260
Scan 16 started at 16NOV20:13:00:44.0
Source: 2312-319
Scan 17 started at 16NOV20:13:03:40.0
Source: d_1081
Source: d_1082
Source: d_1083
Source: d_1084
Source: d_1085
Source: d_1086
Source: d_1087
Source: d_1088
Source: d_1089
Source: d_1090
Source: d_1091
Source: d_1092
Source: d_1093
Source: d_1094
Source: d_1095
Source: d_1096
Source: d_1097
Source: d_1098
Source: d_1099
Source: d_1100
Scan 18 started at 16NOV20:13:17:00.0
Source: 2312-319
Scan 19 started at 16NOV20:13:19:48.0
Source: d_1101
Source: d_1102
Source: d_1103
Source: d_1104
Source: d_1105
Source: d_1106
Source: d_1107
Source: d_1108
Source: d_1109
Source: d_1110
Source: d_1111
 13:26:29 CAOBS> stop
 13:26:30 CAOBS> track 1
Scan 20 started at 16NOV20:13:26:52.0
Source: 2312-319
 13:29:30 CAOBS> stop
 13:29:33 CAOBS> corr closef
RPFITS file version is 2.12
---------------------------------------
Total number of spectra selected: 62940

Summary of spectra flagged
Flagging Reason            Fraction
---------------            --------
Antenna off-source/off-line  4.86%
---------------------------------------

No CACAL data was detected

2018-11-22 03:32:02,889 [MainThread  ] [INFO ]  uvflag vis=data9.uv line=chan,65,850,1 flagval=flag

uvflag: Revision 1.8, 2014/09/30 14:23:39 UTC


Set flags to indicate bad data in visibility file data9.uv
Linetype channel; select   65 channels; start  850, width    1, step    1

Overview of flagging on visibility file data9.uv
Changed flags set to FALSE (data flagged as bad)
Total number of records selected: 259128; out of 259128 records
Antennas used: 1-6
Counts of correlations within selected channels
channel   Originally    Currently
Good:        16843320.           0.    Changed to bad:    16843320.
Bad:                0.    16843320.

2018-11-22 03:33:08,750 [MainThread  ] [INFO ]  uvsplit vis=data9.uv options=mosaic

uvsplit: Revision 1.18, 2016/05/09 03:06:18 UTC

Creating 1934-638.9500
Creating 2312-319.9500
Creating d.9500

2018-11-22 03:33:23,511 [MainThread  ] [INFO ]  pgflag vis=1934-638.9500 command='<b' stokes=i,q,u,v flagpar=8,5,5,3,6,3 options=nodisp

pgflag: Revision 1.30, 2016/10/05 23:06:50 UTC

Applying changes to dataset
Counts of correlations within selected channels:
 channel  Originally  Currently
 Good:       8168160    8094120    Changed to bad:      74040
 Bad:        1298220    1372260    Changed to good:         0
 14.5% of the data is now flagged

2018-11-22 03:33:41,919 [MainThread  ] [INFO ]  pgflag vis=1934-638.9500 command='<b' stokes=i,v,q,u flagpar=8,2,2,3,6,3  options=nodisp

pgflag: Revision 1.30, 2016/10/05 23:06:50 UTC

Applying changes to dataset
Counts of correlations within selected channels:
 channel  Originally  Currently
 Good:       8094120    8007784    Changed to bad:      86336
 Bad:        1372260    1458596    Changed to good:         0
 15.4% of the data is now flagged

2018-11-22 03:33:56,061 [MainThread  ] [INFO ]  pgflag vis=1934-638.9500 command='<b' stokes=i,v,u,q flagpar=8,2,2,3,6,3  options=nodisp

pgflag: Revision 1.30, 2016/10/05 23:06:50 UTC

Applying changes to dataset
Counts of correlations within selected channels:
 channel  Originally  Currently
 Good:       8007784    7902036    Changed to bad:     105748
 Bad:        1458596    1564344    Changed to good:         0
 16.5% of the data is now flagged

2018-11-22 03:35:06,938 [MainThread  ] [INFO ]  mfcal vis=1934-638.9500 refant=4 interval=0.1
MfCal: $Revision: 1.20 $, $Date: 2017/05/08 02:31:10 $
Selecting parallel-hand polarisations
Reading the data ...
Number correlations accepted: 3951018
Number of frequency bands/settings: 1
Number of polarisations selected: 2
Number of solution intervals: 77
Number of passband solution intervals: 1
Initialising ...
Using post-Aug94 ATCA flux scale for 1934-638.
Using known frequency variation of 1934-638
Generating initial solution estimate ...
Doing solution refinement ...
Iter= 1, Solution Error:  0.461
Iter= 2, Solution Error:  0.011
Iter= 3, Solution Error:  0.000
Saving solution ...

2018-11-22 03:35:07,992 [MainThread  ] [INFO ]  gpcal vis=1934-638.9500 refant=4 interval=0.1 nfbin=2 options=xyvary

gpcal: Revision 1.22, 2016/05/01 22:31:05 UTC

Applying bandpass corrections to 1934-638.9500
Number of antennae: 6
Reading the data ...
Number of solution intervals: 77
Total visibilities read: 1155
Number visibilities accepted: 1155
Using post-Aug94 ATCA flux scale for 1934-638.
Using IQUV =  2.5338,  0.0000,  0.0000,  0.0000 at   9.4733 GHz.
Using post-Aug94 ATCA flux scale for 1934-638.
Using IQUV =  2.6976,  0.0000,  0.0000,  0.0000 at   9.0082 GHz.
Using post-Aug94 ATCA flux scale for 1934-638.
Using IQUV =  2.3848,  0.0000,  0.0000,  0.0000 at   9.9483 GHz.
Iter= 1, Amplit/Phase Solution Error:   0.654
Iter= 1, Polarisation Solution Error:   0.031
Iter= 1, Overall Solution Error:        2.004
Iter= 2, Amplit/Phase Solution Error:   0.002
Iter= 2, Polarisation Solution Error:   0.000
Iter= 2, Overall Solution Error:        0.003
Iter= 3, Amplit/Phase Solution Error:   0.001
Iter= 3, Polarisation Solution Error:   0.000
Iter= 3, Overall Solution Error:        0.001
I flux density:   2.5338
Leakage terms:
 Ant 1:Dx,Dy = ( 0.00084, 0.00114),(-0.00005, 0.00024)
 Ant 2:Dx,Dy = ( 0.00394, 0.00095),(-0.00393, 0.00260)
 Ant 3:Dx,Dy = ( 0.00698,-0.00516),(-0.00949,-0.00489)
 Ant 4:Dx,Dy = ( 0.00327, 0.01463),(-0.00159, 0.01559)
 Ant 5:Dx,Dy = (-0.01683, 0.00283),( 0.01728, 0.00266)
 Ant 6:Dx,Dy = ( 0.00351,-0.01644),(-0.00051,-0.01416)
Solution for freq bin  1
Iter= 1, Amplit/Phase Solution Error:   0.643
Iter= 1, Polarisation Solution Error:   0.031
Iter= 1, Overall Solution Error:        1.991
Iter= 2, Amplit/Phase Solution Error:   0.002
Iter= 2, Polarisation Solution Error:   0.000
Iter= 2, Overall Solution Error:        0.003
Iter= 3, Amplit/Phase Solution Error:   0.001
Iter= 3, Polarisation Solution Error:   0.000
Iter= 3, Overall Solution Error:        0.001
I flux density:   2.6976
Leakage terms:
 Ant 1:Dx,Dy = ( 0.00077, 0.00125),(-0.00073, 0.00063)
 Ant 2:Dx,Dy = ( 0.00453, 0.00138),(-0.00437, 0.00377)
 Ant 3:Dx,Dy = ( 0.00601,-0.00597),(-0.00976,-0.00489)
 Ant 4:Dx,Dy = ( 0.00302, 0.01456),(-0.00189, 0.01606)
 Ant 5:Dx,Dy = (-0.01710, 0.00188),( 0.01713, 0.00223)
 Ant 6:Dx,Dy = ( 0.00333,-0.01623),( 0.00019,-0.01468)
Solution for freq bin  2
Iter= 1, Amplit/Phase Solution Error:   0.664
Iter= 1, Polarisation Solution Error:   0.031
Iter= 1, Overall Solution Error:        2.015
Iter= 2, Amplit/Phase Solution Error:   0.002
Iter= 2, Polarisation Solution Error:   0.000
Iter= 2, Overall Solution Error:        0.003
Iter= 3, Amplit/Phase Solution Error:   0.001
Iter= 3, Polarisation Solution Error:   0.000
Iter= 3, Overall Solution Error:        0.001
I flux density:   2.3848
Leakage terms:
 Ant 1:Dx,Dy = ( 0.00092, 0.00102),( 0.00069,-0.00020)
 Ant 2:Dx,Dy = ( 0.00327, 0.00049),(-0.00345, 0.00131)
 Ant 3:Dx,Dy = ( 0.00804,-0.00425),(-0.00921,-0.00489)
 Ant 4:Dx,Dy = ( 0.00353, 0.01471),(-0.00126, 0.01509)
 Ant 5:Dx,Dy = (-0.01654, 0.00387),( 0.01744, 0.00312)
 Ant 6:Dx,Dy = ( 0.00371,-0.01667),(-0.00130,-0.01360)

2018-11-22 03:35:28,269 [MainThread  ] [INFO ]  pgflag vis=1934-638.9500 command='<b' stokes=i,q,u,v flagpar=8,5,5,3,6,3 options=nodisp

pgflag: Revision 1.30, 2016/10/05 23:06:50 UTC

Applying bandpass corrections to 1934-638.9500
Applying freq. dependent gain corrections to 1934-638.9500
Applying freq. dependent leakage correction to 1934-638.9500
Applying changes to dataset
Counts of correlations within selected channels:
 channel  Originally  Currently
 Good:       7902036    7873304    Changed to bad:      28732
 Bad:        1564344    1593076    Changed to good:         0
 16.8% of the data is now flagged

2018-11-22 03:35:47,146 [MainThread  ] [INFO ]  pgflag vis=1934-638.9500 command='<b' stokes=i,v,q,u flagpar=8,2,2,3,6,3  options=nodisp

pgflag: Revision 1.30, 2016/10/05 23:06:50 UTC

Applying bandpass corrections to 1934-638.9500
Applying freq. dependent gain corrections to 1934-638.9500
Applying freq. dependent leakage correction to 1934-638.9500
Applying changes to dataset
Counts of correlations within selected channels:
 channel  Originally  Currently
 Good:       7873304    7840284    Changed to bad:      33020
 Bad:        1593076    1626096    Changed to good:         0
 17.2% of the data is now flagged

2018-11-22 03:36:03,546 [MainThread  ] [INFO ]  pgflag vis=1934-638.9500 command='<b' stokes=i,v,u,q flagpar=8,2,2,3,6,3  options=nodisp

pgflag: Revision 1.30, 2016/10/05 23:06:50 UTC

Applying bandpass corrections to 1934-638.9500
Applying freq. dependent gain corrections to 1934-638.9500
Applying freq. dependent leakage correction to 1934-638.9500
Applying changes to dataset
Counts of correlations within selected channels:
 channel  Originally  Currently
 Good:       7840284    7811080    Changed to bad:      29204
 Bad:        1626096    1655300    Changed to good:         0
 17.5% of the data is now flagged

2018-11-22 03:37:11,668 [MainThread  ] [INFO ]  mfcal vis=1934-638.9500 refant=4 interval=0.1
MfCal: $Revision: 1.20 $, $Date: 2017/05/08 02:31:10 $
Selecting parallel-hand polarisations
Reading the data ...
Number correlations accepted: 3905540
Number of frequency bands/settings: 1
Number of polarisations selected: 2
Number of solution intervals: 77
Number of passband solution intervals: 1
Initialising ...
Using post-Aug94 ATCA flux scale for 1934-638.
Using known frequency variation of 1934-638
Generating initial solution estimate ...
Doing solution refinement ...
Iter= 1, Solution Error:  0.465
Iter= 2, Solution Error:  0.011
Iter= 3, Solution Error:  0.000
Saving solution ...

2018-11-22 03:37:12,616 [MainThread  ] [INFO ]  gpcal vis=1934-638.9500 refant=4 interval=0.1 nfbin=2 options=xyvary

gpcal: Revision 1.22, 2016/05/01 22:31:05 UTC

Applying bandpass corrections to 1934-638.9500
Number of antennae: 6
Using leakage parameters from input as initial guess
Reading the data ...
Number of solution intervals: 77
Total visibilities read: 1155
Number visibilities accepted: 1155
Using post-Aug94 ATCA flux scale for 1934-638.
Using IQUV =  2.5336,  0.0000,  0.0000,  0.0000 at   9.4739 GHz.
Using post-Aug94 ATCA flux scale for 1934-638.
Using IQUV =  2.6977,  0.0000,  0.0000,  0.0000 at   9.0078 GHz.
Using post-Aug94 ATCA flux scale for 1934-638.
Using IQUV =  2.3856,  0.0000,  0.0000,  0.0000 at   9.9458 GHz.
Iter= 1, Amplit/Phase Solution Error:   0.654
Iter= 1, Polarisation Solution Error:   0.000
Iter= 1, Overall Solution Error:        2.005
Iter= 2, Amplit/Phase Solution Error:   0.002
Iter= 2, Polarisation Solution Error:   0.000
Iter= 2, Overall Solution Error:        0.003
Iter= 3, Amplit/Phase Solution Error:   0.001
Iter= 3, Polarisation Solution Error:   0.000
Iter= 3, Overall Solution Error:        0.001
I flux density:   2.5336
Leakage terms:
 Ant 1:Dx,Dy = ( 0.00086, 0.00113),(-0.00005, 0.00022)
 Ant 2:Dx,Dy = ( 0.00394, 0.00096),(-0.00394, 0.00260)
 Ant 3:Dx,Dy = ( 0.00698,-0.00515),(-0.00949,-0.00489)
 Ant 4:Dx,Dy = ( 0.00328, 0.01463),(-0.00158, 0.01560)
 Ant 5:Dx,Dy = (-0.01679, 0.00287),( 0.01736, 0.00270)
 Ant 6:Dx,Dy = ( 0.00349,-0.01649),(-0.00052,-0.01418)
Solution for freq bin  1
Iter= 1, Amplit/Phase Solution Error:   0.643
Iter= 1, Polarisation Solution Error:   0.001
Iter= 1, Overall Solution Error:        1.991
Iter= 2, Amplit/Phase Solution Error:   0.002
Iter= 2, Polarisation Solution Error:   0.000
Iter= 2, Overall Solution Error:        0.003
Iter= 3, Amplit/Phase Solution Error:   0.001
Iter= 3, Polarisation Solution Error:   0.000
Iter= 3, Overall Solution Error:        0.001
I flux density:   2.6977
Leakage terms:
 Ant 1:Dx,Dy = ( 0.00081, 0.00125),(-0.00072, 0.00060)
 Ant 2:Dx,Dy = ( 0.00455, 0.00137),(-0.00437, 0.00377)
 Ant 3:Dx,Dy = ( 0.00601,-0.00597),(-0.00977,-0.00489)
 Ant 4:Dx,Dy = ( 0.00304, 0.01455),(-0.00189, 0.01607)
 Ant 5:Dx,Dy = (-0.01703, 0.00195),( 0.01726, 0.00232)
 Ant 6:Dx,Dy = ( 0.00330,-0.01631),( 0.00017,-0.01470)
Solution for freq bin  2
Iter= 1, Amplit/Phase Solution Error:   0.664
Iter= 1, Polarisation Solution Error:   0.002
Iter= 1, Overall Solution Error:        2.016
Iter= 2, Amplit/Phase Solution Error:   0.002
Iter= 2, Polarisation Solution Error:   0.000
Iter= 2, Overall Solution Error:        0.003
Iter= 3, Amplit/Phase Solution Error:   0.001
Iter= 3, Polarisation Solution Error:   0.000
Iter= 3, Overall Solution Error:        0.001
I flux density:   2.3856
Leakage terms:
 Ant 1:Dx,Dy = ( 0.00092, 0.00101),( 0.00069,-0.00021)
 Ant 2:Dx,Dy = ( 0.00328, 0.00051),(-0.00346, 0.00133)
 Ant 3:Dx,Dy = ( 0.00805,-0.00425),(-0.00919,-0.00489)
 Ant 4:Dx,Dy = ( 0.00354, 0.01472),(-0.00125, 0.01510)
 Ant 5:Dx,Dy = (-0.01654, 0.00387),( 0.01746, 0.00312)
 Ant 6:Dx,Dy = ( 0.00371,-0.01669),(-0.00129,-0.01361)

2018-11-22 03:37:12,704 [MainThread  ] [INFO ]  gpcopy vis=1934-638.9500 out=2312-319.9500

gpcopy: Revision 1.13, 2015/10/29 01:31:39 UTC

Copying leakage table
Copying gain table
Interpolation tolerance set to (minutes): 720.00
Copying bandpass table

2018-11-22 03:40:08,819 [MainThread  ] [INFO ]  pgflag vis=2312-319.9500 command='<b' stokes=i,q,u,v flagpar=8,5,5,3,6,3 options=nodisp

pgflag: Revision 1.30, 2016/10/05 23:06:50 UTC

Applying bandpass corrections to 2312-319.9500
Applying freq. dependent gain corrections to 2312-319.9500
Applying freq. dependent leakage correction to 2312-319.9500
Applying changes to dataset
Counts of correlations within selected channels:
 channel  Originally  Currently
 Good:      63117600   62595212    Changed to bad:     522388
 Bad:       10031700   10554088    Changed to good:         0
 14.4% of the data is now flagged

2018-11-22 03:42:52,215 [MainThread  ] [INFO ]  pgflag vis=2312-319.9500 command='<b' stokes=i,v,q,u flagpar=8,2,2,3,6,3  options=nodisp

pgflag: Revision 1.30, 2016/10/05 23:06:50 UTC

Applying bandpass corrections to 2312-319.9500
Applying freq. dependent gain corrections to 2312-319.9500
Applying freq. dependent leakage correction to 2312-319.9500
Applying changes to dataset
Counts of correlations within selected channels:
 channel  Originally  Currently
 Good:      62595212   62121696    Changed to bad:     473516
 Bad:       10554088   11027604    Changed to good:         0
 15.1% of the data is now flagged

2018-11-22 03:45:40,021 [MainThread  ] [INFO ]  pgflag vis=2312-319.9500 command='<b' stokes=i,v,u,q flagpar=8,2,2,3,6,3  options=nodisp

pgflag: Revision 1.30, 2016/10/05 23:06:50 UTC

Applying bandpass corrections to 2312-319.9500
Applying freq. dependent gain corrections to 2312-319.9500
Applying freq. dependent leakage correction to 2312-319.9500
Applying changes to dataset
Counts of correlations within selected channels:
 channel  Originally  Currently
 Good:      62121696   61621072    Changed to bad:     500624
 Bad:       11027604   11528228    Changed to good:         0
 15.8% of the data is now flagged

2018-11-22 03:45:44,429 [MainThread  ] [INFO ]  gpcal vis=2312-319.9500 refant=4 interval=0.1 nfbin=2 options=xyvary,qusolve

gpcal: Revision 1.22, 2016/05/01 22:31:05 UTC

Applying bandpass corrections to 2312-319.9500
Number of antennae: 6
Using leakage parameters from input as initial guess
Reading the data ...
Number of solution intervals: 596
Total visibilities read: 8925
Number visibilities accepted: 8892
Iter= 1, Amplit/Phase Solution Error:   1.363
Iter= 1, Polarisation Solution Error:   0.005
Iter= 1, Overall Solution Error:        2.848
Iter= 2, Amplit/Phase Solution Error:   0.006
Iter= 2, Polarisation Solution Error:   0.000
Iter= 2, Overall Solution Error:        0.006
Iter= 3, Amplit/Phase Solution Error:   0.001
Iter= 3, Polarisation Solution Error:   0.000
Iter= 3, Overall Solution Error:        0.001
I flux density:   0.5753
Percent Q:  -0.536
Percent U:  -0.112
Leakage terms:
 Ant 1:Dx,Dy = ( 0.00060, 0.00004),( 0.00062, 0.00107)
 Ant 2:Dx,Dy = ( 0.00372, 0.00014),(-0.00427, 0.00299)
 Ant 3:Dx,Dy = ( 0.00714,-0.00560),(-0.00948,-0.00443)
 Ant 4:Dx,Dy = ( 0.00250, 0.01417),(-0.00151, 0.01585)
 Ant 5:Dx,Dy = (-0.01688, 0.00241),( 0.01690, 0.00351)
 Ant 6:Dx,Dy = ( 0.00377,-0.01699),(-0.00139,-0.01316)
Solution for freq bin  1
Iter= 1, Amplit/Phase Solution Error:   1.379
Iter= 1, Polarisation Solution Error:   0.006
Iter= 1, Overall Solution Error:        2.752
Iter= 2, Amplit/Phase Solution Error:   0.006
Iter= 2, Polarisation Solution Error:   0.000
Iter= 2, Overall Solution Error:        0.005
Iter= 3, Amplit/Phase Solution Error:   0.001
Iter= 3, Polarisation Solution Error:   0.000
Iter= 3, Overall Solution Error:        0.001
I flux density:   0.5792
Percent Q:  -0.564
Percent U:   0.109
Leakage terms:
 Ant 1:Dx,Dy = ( 0.00032,-0.00001),( 0.00004, 0.00142)
 Ant 2:Dx,Dy = ( 0.00425, 0.00041),(-0.00487, 0.00446)
 Ant 3:Dx,Dy = ( 0.00607,-0.00631),(-0.00985,-0.00448)
 Ant 4:Dx,Dy = ( 0.00241, 0.01421),(-0.00175, 0.01598)
 Ant 5:Dx,Dy = (-0.01687, 0.00124),( 0.01665, 0.00297)
 Ant 6:Dx,Dy = ( 0.00354,-0.01651),(-0.00049,-0.01337)
Solution for freq bin  2
Iter= 1, Amplit/Phase Solution Error:   1.377
Iter= 1, Polarisation Solution Error:   0.005
Iter= 1, Overall Solution Error:        2.883
Iter= 2, Amplit/Phase Solution Error:   0.006
Iter= 2, Polarisation Solution Error:   0.000
Iter= 2, Overall Solution Error:        0.006
Iter= 3, Amplit/Phase Solution Error:   0.001
Iter= 3, Polarisation Solution Error:   0.000
Iter= 3, Overall Solution Error:        0.001
I flux density:   0.5766
Percent Q:  -0.500
Percent U:  -0.317
Leakage terms:
 Ant 1:Dx,Dy = ( 0.00083, 0.00020),( 0.00113, 0.00090)
 Ant 2:Dx,Dy = ( 0.00326,-0.00011),(-0.00360, 0.00186)
 Ant 3:Dx,Dy = ( 0.00803,-0.00487),(-0.00924,-0.00436)
 Ant 4:Dx,Dy = ( 0.00253, 0.01408),(-0.00136, 0.01563)
 Ant 5:Dx,Dy = (-0.01678, 0.00339),( 0.01711, 0.00383)
 Ant 6:Dx,Dy = ( 0.00388,-0.01761),(-0.00228,-0.01295)

2018-11-22 03:48:40,445 [MainThread  ] [INFO ]  pgflag vis=2312-319.9500 command='<b' stokes=i,q,u,v flagpar=8,5,5,3,6,3 options=nodisp

pgflag: Revision 1.30, 2016/10/05 23:06:50 UTC

Applying bandpass corrections to 2312-319.9500
Applying freq. dependent gain corrections to 2312-319.9500
Applying freq. dependent leakage correction to 2312-319.9500
Applying changes to dataset
Counts of correlations within selected channels:
 channel  Originally  Currently
 Good:      61621072   61121568    Changed to bad:     499504
 Bad:       11528228   12027732    Changed to good:         0
 16.4% of the data is now flagged

2018-11-22 03:51:42,354 [MainThread  ] [INFO ]  pgflag vis=2312-319.9500 command='<b' stokes=i,v,q,u flagpar=8,2,2,3,6,3  options=nodisp

pgflag: Revision 1.30, 2016/10/05 23:06:50 UTC

Applying bandpass corrections to 2312-319.9500
Applying freq. dependent gain corrections to 2312-319.9500
Applying freq. dependent leakage correction to 2312-319.9500
Applying changes to dataset
Counts of correlations within selected channels:
 channel  Originally  Currently
 Good:      61121568   60646476    Changed to bad:     475092
 Bad:       12027732   12502824    Changed to good:         0
 17.1% of the data is now flagged

2018-11-22 03:54:55,986 [MainThread  ] [INFO ]  pgflag vis=2312-319.9500 command='<b' stokes=i,v,u,q flagpar=8,2,2,3,6,3  options=nodisp

pgflag: Revision 1.30, 2016/10/05 23:06:50 UTC

Applying bandpass corrections to 2312-319.9500
Applying freq. dependent gain corrections to 2312-319.9500
Applying freq. dependent leakage correction to 2312-319.9500
Applying changes to dataset
Counts of correlations within selected channels:
 channel  Originally  Currently
 Good:      60646476   60183044    Changed to bad:     463432
 Bad:       12502824   12966256    Changed to good:         0
 17.7% of the data is now flagged

2018-11-22 03:55:01,677 [MainThread  ] [INFO ]  gpcal vis=2312-319.9500 refant=4 interval=0.1 nfbin=2 options=xyvary,qusolve

gpcal: Revision 1.22, 2016/05/01 22:31:05 UTC

Applying bandpass corrections to 2312-319.9500
Number of antennae: 6
Using leakage parameters from input as initial guess
Reading the data ...
Number of solution intervals: 596
Total visibilities read: 8925
Number visibilities accepted: 8892
Iter= 1, Amplit/Phase Solution Error:   1.368
Iter= 1, Polarisation Solution Error:   0.005
Iter= 1, Overall Solution Error:        2.839
Iter= 2, Amplit/Phase Solution Error:   0.006
Iter= 2, Polarisation Solution Error:   0.000
Iter= 2, Overall Solution Error:        0.006
Iter= 3, Amplit/Phase Solution Error:   0.001
Iter= 3, Polarisation Solution Error:   0.000
Iter= 3, Overall Solution Error:        0.001
I flux density:   0.5764
Percent Q:  -0.546
Percent U:  -0.115
Leakage terms:
 Ant 1:Dx,Dy = ( 0.00062, 0.00002),( 0.00066, 0.00104)
 Ant 2:Dx,Dy = ( 0.00377, 0.00014),(-0.00423, 0.00302)
 Ant 3:Dx,Dy = ( 0.00720,-0.00559),(-0.00941,-0.00444)
 Ant 4:Dx,Dy = ( 0.00254, 0.01420),(-0.00143, 0.01583)
 Ant 5:Dx,Dy = (-0.01681, 0.00244),( 0.01693, 0.00356)
 Ant 6:Dx,Dy = ( 0.00383,-0.01703),(-0.00137,-0.01318)
Solution for freq bin  1
Iter= 1, Amplit/Phase Solution Error:   1.377
Iter= 1, Polarisation Solution Error:   0.006
Iter= 1, Overall Solution Error:        2.763
Iter= 2, Amplit/Phase Solution Error:   0.006
Iter= 2, Polarisation Solution Error:   0.000
Iter= 2, Overall Solution Error:        0.005
Iter= 3, Amplit/Phase Solution Error:   0.001
Iter= 3, Polarisation Solution Error:   0.000
Iter= 3, Overall Solution Error:        0.001
Iter= 4, Amplit/Phase Solution Error:   0.000
Iter= 4, Polarisation Solution Error:   0.000
Iter= 4, Overall Solution Error:        0.000
I flux density:   0.5803
Percent Q:  -0.561
Percent U:   0.112
Leakage terms:
 Ant 1:Dx,Dy = ( 0.00026,-0.00003),( 0.00001, 0.00138)
 Ant 2:Dx,Dy = ( 0.00424, 0.00043),(-0.00491, 0.00449)
 Ant 3:Dx,Dy = ( 0.00605,-0.00628),(-0.00982,-0.00449)
 Ant 4:Dx,Dy = ( 0.00240, 0.01422),(-0.00175, 0.01594)
 Ant 5:Dx,Dy = (-0.01688, 0.00127),( 0.01662, 0.00303)
 Ant 6:Dx,Dy = ( 0.00353,-0.01656),(-0.00054,-0.01339)
Solution for freq bin  2
Iter= 1, Amplit/Phase Solution Error:   1.385
Iter= 1, Polarisation Solution Error:   0.005
Iter= 1, Overall Solution Error:        2.863
Iter= 2, Amplit/Phase Solution Error:   0.006
Iter= 2, Polarisation Solution Error:   0.000
Iter= 2, Overall Solution Error:        0.006
Iter= 3, Amplit/Phase Solution Error:   0.001
Iter= 3, Polarisation Solution Error:   0.000
Iter= 3, Overall Solution Error:        0.001
I flux density:   0.5777
Percent Q:  -0.500
Percent U:  -0.316
Leakage terms:
 Ant 1:Dx,Dy = ( 0.00081, 0.00017),( 0.00113, 0.00087)
 Ant 2:Dx,Dy = ( 0.00326,-0.00012),(-0.00362, 0.00188)
 Ant 3:Dx,Dy = ( 0.00803,-0.00488),(-0.00923,-0.00436)
 Ant 4:Dx,Dy = ( 0.00251, 0.01411),(-0.00132, 0.01564)
 Ant 5:Dx,Dy = (-0.01676, 0.00340),( 0.01708, 0.00387)
 Ant 6:Dx,Dy = ( 0.00390,-0.01762),(-0.00228,-0.01297)

2018-11-22 03:55:01,710 [MainThread  ] [INFO ]  gpboot vis=2312-319.9500 cal=1934-638.9500

gpboot: Revision 1.9, 2015/10/29 01:31:30 UTC

Secondary flux density scaled by:   0.996
Frequency bin  1 scaled by      :   0.997
Frequency bin  2 scaled by      :   0.999

2018-11-22 03:57:03,524 [MainThread  ] [INFO ]  gpcopy vis=2312-319.9500 out=d.9500

gpcopy: Revision 1.13, 2015/10/29 01:31:39 UTC

Copying leakage table
Copying gain table
Interpolation tolerance set to (minutes): 720.00
Copying bandpass table

2018-11-22 04:15:36,637 [MainThread  ] [INFO ]  pgflag vis=d.9500 command='<b' stokes=i,v,q,u flagpar=8,2,2,3,6,3  options=nodisp

pgflag: Revision 1.30, 2016/10/05 23:06:50 UTC

Applying bandpass corrections to d.9500
Applying freq. dependent gain corrections to d.9500
Applying freq. dependent leakage correction to d.9500
Applying changes to dataset
Counts of correlations within selected channels:
 channel  Originally  Currently
 Good:     386852544  376234884    Changed to bad:   10617660
 Bad:       61485048   72102708    Changed to good:         0
 16.1% of the data is now flagged

2018-11-22 04:35:32,520 [MainThread  ] [INFO ]  pgflag vis=d.9500 command='<b' stokes=i,v,u,q flagpar=8,2,2,3,6,3  options=nodisp

pgflag: Revision 1.30, 2016/10/05 23:06:50 UTC

Applying bandpass corrections to d.9500
Applying freq. dependent gain corrections to d.9500
Applying freq. dependent leakage correction to d.9500
Applying changes to dataset
Counts of correlations within selected channels:
 channel  Originally  Currently
 Good:     376234884  368599208    Changed to bad:    7635676
 Bad:       72102708   79738384    Changed to good:         0
 17.8% of the data is now flagged

2018-11-22 04:39:12,775 [MainThread  ] [INFO ]  uvsplit vis=d.9500

uvsplit: Revision 1.18, 2016/05/09 03:06:18 UTC

Creating d_1081.9500
Creating d_1082.9500
Creating d_1083.9500
Creating d_1084.9500
Creating d_1085.9500
Creating d_1086.9500
Creating d_1087.9500
Creating d_1088.9500
Creating d_1089.9500
Creating d_1090.9500
Creating d_1091.9500
Creating d_1092.9500
Creating d_1093.9500
Creating d_1094.9500
Creating d_1095.9500
Creating d_1096.9500
Creating d_1097.9500
Creating d_1098.9500
Creating d_1099.9500
Creating d_1100.9500
Creating d_1101.9500
Creating d_1102.9500
Creating d_1103.9500
Creating d_1104.9500
Creating d_1105.9500
Creating d_1106.9500
Creating d_1107.9500
Creating d_1108.9500
Creating d_1109.9500
Creating d_1110.9500
Creating d_1111.9500
Creating d_1112.9500
Creating d_1113.9500
Creating d_1114.9500
Creating d_1115.9500
Creating d_1116.9500
Creating d_1117.9500
Creating d_1118.9500
Creating d_1119.9500
Creating d_1120.9500
Creating d_1121.9500
Creating d_1122.9500
Creating d_1123.9500
Creating d_1124.9500
Creating d_1125.9500
Creating d_1126.9500
Creating d_1127.9500
Creating d_1128.9500
Creating d_1129.9500
Creating d_1130.9500
Creating d_1131.9500
Creating d_1132.9500
Creating d_1133.9500
Creating d_1134.9500
Creating d_1135.9500
Creating d_1136.9500
Creating d_1137.9500
Creating d_1138.9500
Creating d_1139.9500
Creating d_1140.9500
Creating d_1141.9500
Creating d_1142.9500
Creating d_1143.9500
Creating d_1144.9500
Creating d_1145.9500
Creating d_1146.9500
Creating d_1147.9500
Creating d_1148.9500
Creating d_1149.9500
Creating d_1150.9500
Creating d_1151.9500
Creating d_1152.9500
Creating d_1153.9500
Creating d_1154.9500
Creating d_1155.9500
Creating d_1156.9500
Creating d_1157.9500
Creating d_1158.9500
Creating d_1159.9500
Creating d_1160.9500
Creating d_1161.9500
Creating d_1162.9500
Creating d_1163.9500
Creating d_1164.9500
Creating d_1165.9500
Creating d_1166.9500
Creating d_1167.9500
Creating d_1168.9500
Creating d_1169.9500
Creating d_1170.9500
Creating d_1171.9500
Creating d_1172.9500
Creating d_1173.9500
Creating d_1174.9500
Creating d_1175.9500
Creating d_1176.9500
Creating d_1177.9500
Creating d_1178.9500
Creating d_1179.9500
Creating d_1180.9500
Creating d_1181.9500
Creating d_1182.9500
Creating d_1183.9500
Creating d_1184.9500
Creating d_1185.9500
Creating d_1186.9500
Creating d_1187.9500
Creating d_1188.9500
Creating d_1189.9500
Creating d_1190.9500
Creating d_1191.9500
Creating d_1192.9500
Creating d_1193.9500
Creating d_1194.9500
Creating d_1195.9500
Creating d_1196.9500
Creating d_1197.9500
Creating d_1198.9500
Creating d_1199.9500
Creating d_1200.9500
Creating d_1201.9500
Creating d_1202.9500
Creating d_1203.9500
Creating d_1204.9500
Creating d_1205.9500
Creating d_1206.9500
Creating d_1207.9500
Creating d_1208.9500
Creating d_1209.9500
Creating d_1210.9500
Creating d_1211.9500
Creating d_1212.9500
Creating d_1213.9500
Creating d_1214.9500
Creating d_1215.9500
Creating d_1216.9500
Creating d_1217.9500
Creating d_1218.9500
Creating d_1219.9500
Creating d_1220.9500
Creating d_1221.9500
Creating d_1222.9500
Creating d_1223.9500
Creating d_1224.9500
Creating d_1225.9500
Creating d_1226.9500
Creating d_1227.9500
Creating d_1228.9500
Creating d_1229.9500
Creating d_1230.9500
Creating d_1231.9500
Creating d_1232.9500
Creating d_1233.9500
Creating d_1234.9500
Creating d_1235.9500
Creating d_1236.9500
Creating d_1237.9500
Creating d_1238.9500
Creating d_1239.9500
Creating d_1240.9500
Creating d_1241.9500
Creating d_1242.9500
Creating d_1243.9500
Creating d_1244.9500
Creating d_1245.9500
Creating d_1246.9500
Creating d_1247.9500
Creating d_1248.9500
Creating d_1249.9500
Creating d_1250.9500
Creating d_1251.9500
Creating d_1252.9500
Creating d_1253.9500
Creating d_1254.9500
Creating d_1255.9500
Creating d_1256.9500
Creating d_1257.9500
Creating d_1258.9500
Creating d_1259.9500
Creating d_1260.9500

