2018-11-02 11:49:48,477 [MainThread  ] [INFO ]  atlod in=raw/2018-05-25_1439.C3132,raw/2018-05-25_1726.C3132,raw/2018-05-25_2013.C3132,raw/2018-05-25_2300.C3132,raw/2018-05-26_0147.C3132,raw/2018-05-26_1439.C3132 out=data5.uv ifsel=1 options=birdie,rfiflag,noauto,xycorr

atlod: Revision 1.53, 2016/08/25 23:02:21 UTC

Processing file raw/2018-05-25_1439.C3132
 14:39:22 CAOBS> track 1
CABB data detected
Scan 1 started at 18MAY25:14:39:40.0
Source: 1934-638
Flagging channels in  28 frequency ranges
 14:49:31 CAOBS> stop
 14:49:50 CAOBS> set file c3132_obs_c4.sch
 14:49:56 CAOBS> start 13/99
Scan 2 started at 18MAY25:14:51:56.0
Source: 2312-319
Scan 3 started at 18MAY25:14:54:52.0
Source: c_661
Source: c_662
Source: c_663
Source: c_664
Source: c_665
Source: c_666
Source: c_667
Source: c_668
Source: c_669
Source: c_670
Source: c_671
Source: c_672
Source: c_673
Source: c_674
Source: c_675
Source: c_676
Source: c_677
Source: c_678
Source: c_679
Source: c_680
Scan 4 started at 18MAY25:15:08:12.0
Source: 2312-319
Scan 5 started at 18MAY25:15:11:08.0
Source: c_681
Source: c_682
Source: c_683
Source: c_684
Source: c_685
Source: c_686
Source: c_687
Source: c_688
Source: c_689
Source: c_690
Source: c_691
Source: c_692
Source: c_693
Source: c_694
Source: c_695
Source: c_696
Source: c_697
Source: c_698
Source: c_699
Source: c_700
Scan 6 started at 18MAY25:15:24:44.0
Source: 2312-319
Scan 7 started at 18MAY25:15:27:32.0
Source: c_701
Source: c_702
Source: c_703
Source: c_704
Source: c_705
Source: c_706
Source: c_707
Source: c_708
Source: c_709
Source: c_710
Source: c_711
Source: c_712
Source: c_713
Source: c_714
Source: c_715
Source: c_716
Source: c_717
Source: c_718
Source: c_719
Source: c_720
Scan 8 started at 18MAY25:15:41:00.0
Source: 2312-319
Scan 9 started at 18MAY25:15:43:56.0
Source: c_541
Source: c_542
Source: c_543
Source: c_544
Source: c_545
Source: c_546
Source: c_547
Source: c_548
Source: c_549
Source: c_550
Source: c_551
Source: c_552
Source: c_553
Source: c_554
Source: c_555
Source: c_556
Source: c_557
Source: c_558
Source: c_559
Source: c_560
Scan 10 started at 18MAY25:15:57:32.0
Source: 2312-319
Scan 11 started at 18MAY25:16:00:20.0
Source: c_561
Source: c_562
Source: c_563
Source: c_564
Source: c_565
Source: c_566
Source: c_567
Source: c_568
Source: c_569
Source: c_570
Source: c_571
Source: c_572
Source: c_573
Source: c_574
Source: c_575
Source: c_576
Source: c_577
Source: c_578
Source: c_579
Source: c_580
Scan 12 started at 18MAY25:16:13:56.0
Source: 2312-319
Scan 13 started at 18MAY25:16:16:44.0
Source: c_581
Source: c_582
Source: c_583
Source: c_584
Source: c_585
Source: c_586
Source: c_587
Source: c_588
Source: c_589
Source: c_590
Source: c_591
Source: c_592
Source: c_593
Source: c_594
Source: c_595
Source: c_596
Source: c_597
Source: c_598
Source: c_599
Source: c_600
Scan 14 started at 18MAY25:16:30:20.0
Source: 2312-319
Scan 15 started at 18MAY25:16:33:08.0
Source: c_601
Source: c_602
Source: c_603
Source: c_604
Source: c_605
Source: c_606
Source: c_607
Source: c_608
Source: c_609
Source: c_610
Source: c_611
Source: c_612
Source: c_613
Source: c_614
Source: c_615
Source: c_616
Source: c_617
Source: c_618
Source: c_619
Source: c_620
Scan 16 started at 18MAY25:16:46:44.0
Source: 2312-319
Scan 17 started at 18MAY25:16:49:32.0
Source: c_621
Source: c_622
Source: c_623
Source: c_624
Source: c_625
Source: c_626
Source: c_627
Source: c_628
Source: c_629
Source: c_630
Source: c_631
Source: c_632
Source: c_633
Source: c_634
Source: c_635
Source: c_636
Source: c_637
Source: c_638
Source: c_639
Source: c_640
Scan 18 started at 18MAY25:17:03:08.0
Source: 2312-319
Scan 19 started at 18MAY25:17:05:56.0
Source: c_641
Source: c_642
Source: c_643
Source: c_644
Source: c_645
Source: c_646
Source: c_647
Source: c_648
Source: c_649
Source: c_650
Source: c_651
Source: c_652
Source: c_653
Source: c_654
Source: c_655
Source: c_656
Source: c_657
Source: c_658
Source: c_659
Source: c_660
Scan 20 started at 18MAY25:17:19:32.0
Source: 2312-319
Scan 21 started at 18MAY25:17:22:20.0
Source: c_661
Source: c_662
Source: c_663
Source: c_664
Source: c_665
Source: c_666
Source: c_667
RPFITS file version is 2.12
---------------------------------------
Total number of spectra selected: 72660

Summary of spectra flagged
Flagging Reason            Fraction
---------------            --------
Antenna off-source/off-line  5.32%
---------------------------------------
Processing file raw/2018-05-25_1726.C3132
CABB data detected
Scan 1 started at 18MAY25:17:26:53.5
Source: c_668
Source: c_669
Source: c_670
Source: c_671
Source: c_672
Source: c_673
Source: c_674
Source: c_675
Source: c_676
Source: c_677
Source: c_678
Source: c_679
Source: c_680
Scan 2 started at 18MAY25:17:35:56.0
Source: 2312-319
Scan 3 started at 18MAY25:17:38:44.0
Source: c_681
Source: c_682
Source: c_683
Source: c_684
Source: c_685
Source: c_686
Source: c_687
Source: c_688
Source: c_689
Source: c_690
Source: c_691
Source: c_692
Source: c_693
Source: c_694
Source: c_695
Source: c_696
Source: c_697
Source: c_698
Source: c_699
Source: c_700
Scan 4 started at 18MAY25:17:52:20.0
Source: 2312-319
Scan 5 started at 18MAY25:17:55:08.0
Source: c_701
Source: c_702
Source: c_703
Source: c_704
Source: c_705
Source: c_706
Source: c_707
Source: c_708
Source: c_709
Source: c_710
Source: c_711
Source: c_712
Source: c_713
Source: c_714
Source: c_715
Source: c_716
Source: c_717
Source: c_718
Source: c_719
Source: c_720
Scan 6 started at 18MAY25:18:08:44.0
Source: 2312-319
Scan 7 started at 18MAY25:18:11:32.0
Source: c_541
Source: c_542
Source: c_543
Source: c_544
Source: c_545
Source: c_546
Source: c_547
Source: c_548
Source: c_549
Source: c_550
Source: c_551
Source: c_552
Source: c_553
Source: c_554
Source: c_555
Source: c_556
Source: c_557
Source: c_558
Source: c_559
Source: c_560
Scan 8 started at 18MAY25:18:25:08.0
Source: 2312-319
Scan 9 started at 18MAY25:18:27:56.0
Source: c_561
Source: c_562
Source: c_563
Source: c_564
Source: c_565
Source: c_566
Source: c_567
Source: c_568
Source: c_569
Source: c_570
Source: c_571
Source: c_572
Source: c_573
Source: c_574
Source: c_575
Source: c_576
Source: c_577
Source: c_578
Source: c_579
Source: c_580
Scan 10 started at 18MAY25:18:41:32.0
Source: 2312-319
Scan 11 started at 18MAY25:18:44:20.0
Source: c_581
Source: c_582
Source: c_583
Source: c_584
Source: c_585
Source: c_586
Source: c_587
Source: c_588
Source: c_589
Source: c_590
Source: c_591
Source: c_592
Source: c_593
Source: c_594
Source: c_595
Source: c_596
Source: c_597
Source: c_598
Source: c_599
Source: c_600
Scan 12 started at 18MAY25:18:57:56.0
Source: 2312-319
Scan 13 started at 18MAY25:19:00:52.0
Source: c_601
Source: c_602
Source: c_603
Source: c_604
Source: c_605
Source: c_606
Source: c_607
Source: c_608
Source: c_609
Source: c_610
Source: c_611
Source: c_612
Source: c_613
Source: c_614
Source: c_615
Source: c_616
Source: c_617
Source: c_618
Source: c_619
Source: c_620
Scan 14 started at 18MAY25:19:14:20.0
Source: 2312-319
Scan 15 started at 18MAY25:19:17:08.0
Source: c_621
Source: c_622
Source: c_623
Source: c_624
Source: c_625
Source: c_626
Source: c_627
Source: c_628
Source: c_629
Source: c_630
Source: c_631
Source: c_632
Source: c_633
Source: c_634
Source: c_635
Source: c_636
Source: c_637
Source: c_638
Source: c_639
Source: c_640
Scan 16 started at 18MAY25:19:30:44.0
Source: 2312-319
Scan 17 started at 18MAY25:19:33:32.0
Source: c_641
Source: c_642
Source: c_643
Source: c_644
Source: c_645
Source: c_646
Source: c_647
Source: c_648
Source: c_649
Source: c_650
Source: c_651
Source: c_652
Source: c_653
Source: c_654
Source: c_655
Source: c_656
Source: c_657
Source: c_658
Source: c_659
Source: c_660
Scan 18 started at 18MAY25:19:47:08.0
Source: 2312-319
Scan 19 started at 18MAY25:19:50:12.0
Source: c_661
Source: c_662
Source: c_663
Source: c_664
Source: c_665
Source: c_666
Source: c_667
Source: c_668
Source: c_669
Source: c_670
Source: c_671
Source: c_672
Source: c_673
Source: c_674
Source: c_675
Source: c_676
Source: c_677
Source: c_678
Source: c_679
Source: c_680
Scan 20 started at 18MAY25:20:03:32.0
Source: 2312-319
Scan 21 started at 18MAY25:20:06:36.0
Source: c_681
Source: c_682
Source: c_683
Source: c_684
Source: c_685
Source: c_686
Source: c_687
Source: c_688
Source: c_689
Source: c_690
Source: c_691
Source: c_692
RPFITS file version is 2.12
---------------------------------------
Total number of spectra selected: 72660

Summary of spectra flagged
Flagging Reason            Fraction
---------------            --------
Antenna off-source/off-line  4.62%
---------------------------------------
Processing file raw/2018-05-25_2013.C3132
CABB data detected
Scan 1 started at 18MAY25:20:13:40.0
Source: c_692
Source: c_693
Source: c_694
Source: c_695
Source: c_696
Source: c_697
Source: c_698
Source: c_699
Source: c_700
Scan 2 started at 18MAY25:20:20:04.0
Source: 2312-319
Scan 3 started at 18MAY25:20:23:16.0
Source: c_701
Source: c_702
Source: c_703
Source: c_704
Source: c_705
Source: c_706
Source: c_707
Source: c_708
Source: c_709
Source: c_710
Source: c_711
Source: c_712
Source: c_713
Source: c_714
Source: c_715
Source: c_716
Source: c_717
Source: c_718
Source: c_719
Source: c_720
Scan 4 started at 18MAY25:20:36:44.0
Source: 2312-319
Scan 5 started at 18MAY25:20:48:44.0
Source: c_546
Source: c_547
Source: c_548
Source: c_550
Source: c_551
Source: c_552
Source: c_553
Source: c_554
Source: c_555
Source: c_556
Source: c_557
Source: c_558
Source: c_559
Source: c_560
Scan 6 started at 18MAY25:21:00:44.0
Source: 2312-319
Scan 7 started at 18MAY25:21:05:24.0
Source: c_561
Source: c_562
Source: c_563
Source: c_564
Source: c_565
Source: c_566
Source: c_567
Source: c_568
Source: c_569
Source: c_570
Source: c_571
Source: c_572
Source: c_573
Source: c_574
Source: c_575
Source: c_576
Source: c_577
Source: c_578
Source: c_579
Source: c_580
Scan 8 started at 18MAY25:21:19:00.0
Source: 2312-319
Scan 9 started at 18MAY25:21:22:12.0
Source: c_581
Source: c_582
Source: c_583
Source: c_584
Source: c_585
Source: c_586
Source: c_587
Source: c_588
Source: c_589
Source: c_590
Source: c_591
Source: c_592
Source: c_593
Source: c_594
Source: c_595
Source: c_596
Source: c_597
Source: c_598
Source: c_599
Source: c_600
Scan 10 started at 18MAY25:21:35:40.0
Source: 2312-319
Scan 11 started at 18MAY25:21:38:52.0
Source: c_601
Source: c_602
Source: c_603
Source: c_604
Source: c_605
Source: c_606
Source: c_607
Source: c_608
Source: c_609
Source: c_610
Source: c_611
Source: c_612
Source: c_613
Source: c_614
Source: c_615
Source: c_616
Source: c_617
Source: c_618
Source: c_619
Source: c_620
Scan 12 started at 18MAY25:21:52:12.0
Source: 2312-319
Scan 13 started at 18MAY25:21:55:00.0
Source: c_621
Source: c_622
Source: c_623
Source: c_624
Source: c_625
Source: c_626
Source: c_627
Source: c_628
Source: c_629
Source: c_630
Source: c_631
Source: c_632
Source: c_633
Source: c_634
Source: c_635
Source: c_636
Source: c_637
Source: c_638
Source: c_639
Source: c_640
Scan 14 started at 18MAY25:22:08:36.0
Source: 2312-319
Scan 15 started at 18MAY25:22:11:32.0
Source: c_641
Source: c_642
Source: c_643
Source: c_644
Source: c_645
Source: c_646
Source: c_647
Source: c_648
Source: c_649
Source: c_650
Source: c_651
Source: c_652
Source: c_653
Source: c_654
Source: c_655
Source: c_656
Source: c_657
Source: c_658
Source: c_659
Source: c_660
Scan 16 started at 18MAY25:22:25:08.0
Source: 2312-319
Scan 17 started at 18MAY25:22:28:04.0
Source: c_661
Source: c_662
Source: c_663
Source: c_664
Source: c_665
Source: c_666
Source: c_667
Source: c_668
Source: c_669
Source: c_670
Source: c_671
Source: c_672
Source: c_673
Source: c_674
Source: c_675
Source: c_676
Source: c_677
Source: c_678
Source: c_679
Source: c_680
Scan 18 started at 18MAY25:22:41:32.0
Source: 2312-319
Scan 19 started at 18MAY25:22:44:36.0
Source: c_681
Source: c_682
Source: c_683
Source: c_684
Source: c_685
Source: c_686
Source: c_687
Source: c_688
Source: c_689
Source: c_690
Source: c_691
Source: c_692
Source: c_693
Source: c_694
Source: c_695
Source: c_696
Source: c_697
Source: c_698
Source: c_699
Source: c_700
Scan 20 started at 18MAY25:22:58:04.0
Source: 2312-319
RPFITS file version is 2.12
---------------------------------------
Total number of spectra selected: 72660

Summary of spectra flagged
Flagging Reason            Fraction
---------------            --------
Antenna off-source/off-line  15.6%
---------------------------------------
Processing file raw/2018-05-25_2300.C3132
CABB data detected
Scan 1 started at 18MAY25:23:00:52.0
Source: c_701
Source: c_702
Source: c_703
Source: c_704
Source: c_705
Source: c_706
Source: c_707
Source: c_708
Source: c_709
Source: c_710
Source: c_711
Source: c_712
Source: c_713
Source: c_714
Source: c_715
Source: c_716
Source: c_717
Source: c_718
Source: c_719
Source: c_720
Scan 2 started at 18MAY25:23:14:28.0
Source: 2312-319
Scan 3 started at 18MAY25:23:17:16.0
Source: c_541
Source: c_542
Source: c_543
Source: c_544
Source: c_545
Source: c_546
Source: c_547
Source: c_548
Source: c_549
Source: c_550
Source: c_551
Source: c_552
Source: c_553
Source: c_554
Source: c_555
Source: c_556
Source: c_557
Source: c_558
Source: c_559
Source: c_560
Scan 4 started at 18MAY25:23:30:52.0
Source: 2312-319
Scan 5 started at 18MAY25:23:33:40.0
Source: c_561
Source: c_562
Source: c_563
Source: c_564
Source: c_565
Source: c_566
Source: c_567
Source: c_568
Source: c_569
Source: c_570
Source: c_571
Source: c_572
Source: c_573
Source: c_574
Source: c_575
Source: c_576
Source: c_577
Source: c_578
Source: c_579
Source: c_580
Scan 6 started at 18MAY25:23:47:16.0
Source: 2312-319
Scan 7 started at 18MAY25:23:50:04.0
Source: c_581
Source: c_582
Source: c_583
Source: c_584
Source: c_585
Source: c_586
Source: c_587
Source: c_588
Source: c_589
Source: c_590
Source: c_591
Source: c_592
Source: c_593
Source: c_594
Source: c_595
Source: c_596
Source: c_597
Source: c_598
Source: c_599
Source: c_600
Scan 8 started at 18MAY26:00:03:40.0
Source: 2312-319
Scan 9 started at 18MAY26:00:06:36.0
Source: c_601
Source: c_602
Source: c_603
Source: c_604
Source: c_605
Source: c_606
Source: c_607
Source: c_608
Source: c_609
Source: c_610
Source: c_611
Source: c_612
Source: c_613
Source: c_614
Source: c_615
Source: c_616
Source: c_617
Source: c_618
Source: c_619
Source: c_620
Scan 10 started at 18MAY26:00:20:04.0
Source: 2312-319
Scan 11 started at 18MAY26:00:22:52.0
Source: c_621
Source: c_622
Source: c_623
Source: c_624
Source: c_625
Source: c_626
Source: c_627
Source: c_628
Source: c_629
Source: c_630
Source: c_631
Source: c_632
Source: c_633
Source: c_634
Source: c_635
Source: c_636
Source: c_637
Source: c_638
Source: c_639
Source: c_640
Scan 12 started at 18MAY26:00:36:28.0
Source: 2312-319
Scan 13 started at 18MAY26:00:39:16.0
Source: c_641
Source: c_642
Source: c_643
Source: c_644
Source: c_645
Source: c_646
Source: c_647
Source: c_648
Source: c_649
Source: c_650
Source: c_651
Source: c_652
Source: c_653
Source: c_654
Source: c_655
Source: c_656
Source: c_657
Source: c_658
Source: c_659
Source: c_660
Scan 14 started at 18MAY26:00:52:52.0
Source: 2312-319
Scan 15 started at 18MAY26:00:55:40.0
Source: c_661
Source: c_662
Source: c_663
Source: c_664
Source: c_665
Source: c_666
Source: c_667
Source: c_668
Source: c_669
Source: c_670
Source: c_671
Source: c_672
Source: c_673
Source: c_674
Source: c_675
Source: c_676
Source: c_677
Source: c_678
Source: c_679
Source: c_680
Scan 16 started at 18MAY26:01:09:16.0
Source: 2312-319
Scan 17 started at 18MAY26:01:12:04.0
Source: c_681
Source: c_682
Source: c_683
Source: c_684
Source: c_685
Source: c_686
Source: c_687
Source: c_688
Source: c_689
Source: c_690
Source: c_691
Source: c_692
Source: c_693
Source: c_694
Source: c_695
Source: c_696
Source: c_697
Source: c_698
Source: c_699
Source: c_700
Scan 18 started at 18MAY26:01:25:40.0
Source: 2312-319
Scan 19 started at 18MAY26:01:28:28.0
Source: c_701
Source: c_702
Source: c_703
Source: c_704
Source: c_705
Source: c_706
Source: c_707
Source: c_708
Source: c_709
Source: c_710
Source: c_711
Source: c_712
Source: c_713
Source: c_714
Source: c_715
Source: c_716
Source: c_717
Source: c_718
Source: c_719
Source: c_720
Scan 20 started at 18MAY26:01:42:04.0
Source: 2312-319
Scan 21 started at 18MAY26:01:45:00.0
Source: c_541
Source: c_542
Source: c_543
Source: c_544
RPFITS file version is 2.12
---------------------------------------
Total number of spectra selected: 72660

Summary of spectra flagged
Flagging Reason            Fraction
---------------            --------
Antenna off-source/off-line  4.62%
---------------------------------------
Processing file raw/2018-05-26_0147.C3132
CABB data detected
Scan 1 started at 18MAY26:01:47:16.0
Source: c_544
Source: c_545
Source: c_546
Source: c_547
Source: c_548
Source: c_549
Source: c_550
Source: c_551
Source: c_552
Source: c_553
Source: c_554
Source: c_555
Source: c_556
Source: c_557
Source: c_558
Source: c_559
Source: c_560
Scan 2 started at 18MAY26:01:58:36.0
Source: 2312-319
Scan 3 started at 18MAY26:02:01:24.0
Source: c_561
Source: c_562
Source: c_563
Source: c_564
Source: c_565
Source: c_566
Source: c_567
Source: c_568
Source: c_569
Source: c_570
Source: c_571
Source: c_572
Source: c_573
Source: c_574
Source: c_575
Source: c_576
Source: c_577
Source: c_578
Source: c_579
Source: c_580
Scan 4 started at 18MAY26:02:15:00.0
Source: 2312-319
Scan 5 started at 18MAY26:02:17:48.0
Source: c_581
Source: c_582
Source: c_583
Source: c_584
Source: c_585
Source: c_586
Source: c_587
Source: c_588
Source: c_589
Source: c_590
Source: c_591
Source: c_592
Source: c_593
Source: c_594
Source: c_595
 02:27:16 CAOBS> stop
 02:27:18 CAOBS> track 1
Scan 6 started at 18MAY26:02:27:40.0
Source: 2312-319
 02:29:57 CAOBS> stop
 02:30:00 CAOBS> corr close file
RPFITS file version is 2.12
---------------------------------------
Total number of spectra selected: 18600

Summary of spectra flagged
Flagging Reason            Fraction
---------------            --------
Antenna off-source/off-line  3.55%
---------------------------------------
Processing file raw/2018-05-26_1439.C3132
 14:39:33 CAOBS> track 1
CABB data detected
Scan 1 started at 18MAY26:14:39:48.0
Source: 1934-638
 14:49:02 CAOBS> stop
 14:49:20 CAOBS> set file_c3132_obs_c5.sch
 14:49:25 CAOBS> start 13/99
 14:51:56 CAOBS> stop
 14:52:03 CAOBS> set file c3132_obs_c5.sch
 14:52:10 CAOBS> start 13/99
Scan 2 started at 18MAY26:14:54:04.0
Source: 2312-319
 14:55:26 CAOBS> stop
 14:55:45 CAOBS> start 13/99
Scan 3 started at 18MAY26:14:56:04.0
Scan 4 started at 18MAY26:15:00:28.0
Source: c_841
Source: c_842
Source: c_843
Source: c_844
Source: c_845
Source: c_846
Source: c_847
Source: c_848
Source: c_849
Source: c_850
Source: c_851
Source: c_852
Source: c_853
Source: c_854
Source: c_855
Source: c_856
Source: c_857
Source: c_858
Source: c_859
Source: c_860
Scan 5 started at 18MAY26:15:13:56.0
Source: 2312-319
Scan 6 started at 18MAY26:15:17:00.0
Source: c_861
Source: c_862
Source: c_863
Source: c_864
Source: c_865
Source: c_866
Source: c_867
Source: c_868
Source: c_869
Source: c_870
Source: c_871
Source: c_872
Source: c_873
Source: c_874
Source: c_875
Source: c_876
Source: c_877
Source: c_878
Source: c_879
Source: c_880
Scan 7 started at 18MAY26:15:30:20.0
Source: 2312-319
Scan 8 started at 18MAY26:15:33:16.0
Source: c_881
Source: c_882
Source: c_883
Source: c_884
Source: c_885
Source: c_886
Source: c_887
Source: c_888
Source: c_889
Source: c_890
Source: c_891
Source: c_892
Source: c_893
Source: c_894
Source: c_895
Source: c_896
Source: c_897
Source: c_898
Source: c_899
Source: c_900
Scan 9 started at 18MAY26:15:46:36.0
Source: 2312-319
Scan 10 started at 18MAY26:15:49:32.0
Source: c_721
Source: c_722
Source: c_723
Source: c_724
Source: c_725
Source: c_726
Source: c_727
Source: c_728
Source: c_729
Source: c_730
Source: c_731
Source: c_732
Source: c_733
Source: c_734
Source: c_735
Source: c_736
Source: c_737
Source: c_738
Source: c_739
Source: c_740
Scan 11 started at 18MAY26:16:03:00.0
Source: 2312-319
Scan 12 started at 18MAY26:16:06:04.0
Source: c_741
Source: c_742
Source: c_743
Source: c_744
Source: c_745
Source: c_746
Source: c_747
Source: c_748
Source: c_749
Source: c_750
Source: c_751
Source: c_752
Source: c_753
Source: c_754
Source: c_755
Source: c_756
Source: c_757
Source: c_758
Source: c_759
Source: c_760
Scan 13 started at 18MAY26:16:19:32.0
Source: 2312-319
Scan 14 started at 18MAY26:16:22:20.0
Source: c_761
Source: c_762
Source: c_763
Source: c_764
Source: c_765
Source: c_766
Source: c_767
Source: c_768
Source: c_769
Source: c_770
Source: c_771
Source: c_772
Source: c_773
Source: c_774
Source: c_775
Source: c_776
Source: c_777
Source: c_778
Source: c_779
Source: c_780
Scan 15 started at 18MAY26:16:35:56.0
Source: 2312-319
Scan 16 started at 18MAY26:16:38:44.0
Source: c_781
Source: c_782
Source: c_783
Source: c_784
Source: c_785
Source: c_786
Source: c_787
Source: c_788
Source: c_789
Source: c_790
Source: c_791
Source: c_792
Source: c_793
Source: c_794
Source: c_795
Source: c_796
Source: c_797
Source: c_798
Source: c_799
Source: c_800
Scan 17 started at 18MAY26:16:52:12.0
Source: 2312-319
Scan 18 started at 18MAY26:16:55:16.0
Source: c_801
Source: c_802
Source: c_803
Source: c_804
Source: c_805
Source: c_806
Source: c_807
Source: c_808
Source: c_809
Source: c_810
Source: c_811
Source: c_812
Source: c_813
Source: c_814
Source: c_815
Source: c_816
Source: c_817
Source: c_818
Source: c_819
Source: c_820
Scan 19 started at 18MAY26:17:08:44.0
Source: 2312-319
Scan 20 started at 18MAY26:17:11:32.0
Source: c_821
Source: c_822
Source: c_823
Source: c_824
Source: c_825
Source: c_826
Source: c_827
Source: c_828
Source: c_829
Source: c_830
Source: c_831
Source: c_832
Source: c_833
Source: c_834
Source: c_835
Source: c_836
Source: c_837
Source: c_838
Source: c_839
Source: c_840
Scan 21 started at 18MAY26:17:25:08.0
Source: 2312-319
Scan 22 started at 18MAY26:17:27:56.0
Source: c_841
Source: c_842
Source: c_843
Source: c_844
RPFITS file version is 2.12
---------------------------------------
Total number of spectra selected: 72660

Summary of spectra flagged
Flagging Reason            Fraction
---------------            --------
Antenna off-source/off-line  5.88%
---------------------------------------

No CACAL data was detected

2018-11-02 11:51:19,473 [MainThread  ] [INFO ]  uvflag vis=data5.uv line=chan,6,1146,1 flagval=flag

uvflag: Revision 1.8, 2014/09/30 14:23:39 UTC


Set flags to indicate bad data in visibility file data5.uv
Linetype channel; select    6 channels; start 1146, width    1, step    1

Overview of flagging on visibility file data5.uv
Changed flags set to FALSE (data flagged as bad)
Total number of records selected: 355048; out of 355048 records
Antennas used: 1-6
Counts of correlations within selected channels
channel   Originally    Currently
Good:         1065144.           0.    Changed to bad:     1065144.
Bad:          1065144.     2130288.

2018-11-02 11:52:00,713 [MainThread  ] [INFO ]  uvflag vis=data5.uv line=chan,30,1454,1 flagval=flag

uvflag: Revision 1.8, 2014/09/30 14:23:39 UTC


Set flags to indicate bad data in visibility file data5.uv
Linetype channel; select   30 channels; start 1454, width    1, step    1

Overview of flagging on visibility file data5.uv
Changed flags set to FALSE (data flagged as bad)
Total number of records selected: 355048; out of 355048 records
Antennas used: 1-6
Counts of correlations within selected channels
channel   Originally    Currently
Good:        10651440.           0.    Changed to bad:    10651440.
Bad:                0.    10651440.

2018-11-02 11:53:02,309 [MainThread  ] [INFO ]  uvflag vis=data5.uv line=chan,40,1964,1 flagval=flag

uvflag: Revision 1.8, 2014/09/30 14:23:39 UTC


Set flags to indicate bad data in visibility file data5.uv
Linetype channel; select   40 channels; start 1964, width    1, step    1

Overview of flagging on visibility file data5.uv
Changed flags set to FALSE (data flagged as bad)
Total number of records selected: 355048; out of 355048 records
Antennas used: 1-6
Counts of correlations within selected channels
channel   Originally    Currently
Good:               0.           0.    Changed to bad:           0.
Bad:         14201920.    14201920.

2018-11-02 11:54:33,408 [MainThread  ] [INFO ]  uvsplit vis=data5.uv options=mosaic

uvsplit: Revision 1.18, 2016/05/09 03:06:18 UTC

Creating 1934-638.5500
Creating 2312-319.5500
Creating c.5500

2018-11-02 11:55:11,941 [MainThread  ] [INFO ]  pgflag vis=1934-638.5500 command='<b' stokes=i,q,u,v flagpar=8,5,5,3,6,3 options=nodisp

pgflag: Revision 1.30, 2016/10/05 23:06:50 UTC

Applying changes to dataset
Counts of correlations within selected channels:
 channel  Originally  Currently
 Good:      15418260   15280568    Changed to bad:     137692
 Bad:        2162160    2299852    Changed to good:         0
 13.1% of the data is now flagged

2018-11-02 11:55:45,703 [MainThread  ] [INFO ]  pgflag vis=1934-638.5500 command='<b' stokes=i,v,q,u flagpar=8,2,2,3,6,3  options=nodisp

pgflag: Revision 1.30, 2016/10/05 23:06:50 UTC

Applying changes to dataset
Counts of correlations within selected channels:
 channel  Originally  Currently
 Good:      15280568   15145608    Changed to bad:     134960
 Bad:        2299852    2434812    Changed to good:         0
 13.8% of the data is now flagged

2018-11-02 11:56:16,593 [MainThread  ] [INFO ]  pgflag vis=1934-638.5500 command='<b' stokes=i,v,u,q flagpar=8,2,2,3,6,3  options=nodisp

pgflag: Revision 1.30, 2016/10/05 23:06:50 UTC

Applying changes to dataset
Counts of correlations within selected channels:
 channel  Originally  Currently
 Good:      15145608   14905200    Changed to bad:     240408
 Bad:        2434812    2675220    Changed to good:         0
 15.2% of the data is now flagged

2018-11-02 11:58:01,755 [MainThread  ] [INFO ]  mfcal vis=1934-638.5500 refant=4 interval=0.1
MfCal: $Revision: 1.20 $, $Date: 2017/05/08 02:31:10 $
Selecting parallel-hand polarisations
Reading the data ...
Number correlations accepted: 7452600
Number of frequency bands/settings: 1
Number of polarisations selected: 2
Number of solution intervals: 143
Number of passband solution intervals: 1
Initialising ...
Using post-Aug94 ATCA flux scale for 1934-638.
Using known frequency variation of 1934-638
Generating initial solution estimate ...
Doing solution refinement ...
Iter= 1, Solution Error:  0.417
Iter= 2, Solution Error:  0.004
Iter= 3, Solution Error:  0.000
Saving solution ...

2018-11-02 11:58:03,567 [MainThread  ] [INFO ]  gpcal vis=1934-638.5500 refant=4 interval=0.1 nfbin=2 options=xyvary

gpcal: Revision 1.22, 2016/05/01 22:31:05 UTC

Applying bandpass corrections to 1934-638.5500
Number of antennae: 6
Reading the data ...
Number of solution intervals: 143
Total visibilities read: 2145
Number visibilities accepted: 2145
Using post-Aug94 ATCA flux scale for 1934-638.
Using IQUV =  5.0200,  0.0000,  0.0000,  0.0000 at   5.4492 GHz.
Using post-Aug94 ATCA flux scale for 1934-638.
Using IQUV =  5.5174,  0.0000,  0.0000,  0.0000 at   5.0316 GHz.
Using post-Aug94 ATCA flux scale for 1934-638.
Using IQUV =  4.5125,  0.0000,  0.0000,  0.0000 at   5.9522 GHz.
Iter= 1, Amplit/Phase Solution Error:   0.064
Iter= 1, Polarisation Solution Error:   0.042
Iter= 1, Overall Solution Error:        0.249
Iter= 2, Amplit/Phase Solution Error:   0.002
Iter= 2, Polarisation Solution Error:   0.000
Iter= 2, Overall Solution Error:        0.004
Iter= 3, Amplit/Phase Solution Error:   0.001
Iter= 3, Polarisation Solution Error:   0.000
Iter= 3, Overall Solution Error:        0.001
I flux density:   5.0200
Leakage terms:
 Ant 1:Dx,Dy = ( 0.00184,-0.00411),(-0.00134,-0.00336)
 Ant 2:Dx,Dy = ( 0.00387, 0.00854),(-0.00357, 0.00887)
 Ant 3:Dx,Dy = ( 0.00410,-0.00166),(-0.00742,-0.00163)
 Ant 4:Dx,Dy = ( 0.00514, 0.01902),(-0.00374, 0.01991)
 Ant 5:Dx,Dy = (-0.01717,-0.00032),( 0.01690, 0.00005)
 Ant 6:Dx,Dy = ( 0.00182,-0.02293),(-0.00123,-0.02239)
Solution for freq bin  1
Iter= 1, Amplit/Phase Solution Error:   0.061
Iter= 1, Polarisation Solution Error:   0.045
Iter= 1, Overall Solution Error:        0.238
Iter= 2, Amplit/Phase Solution Error:   0.002
Iter= 2, Polarisation Solution Error:   0.000
Iter= 2, Overall Solution Error:        0.004
Iter= 3, Amplit/Phase Solution Error:   0.000
Iter= 3, Polarisation Solution Error:   0.000
Iter= 3, Overall Solution Error:        0.000
I flux density:   5.5174
Leakage terms:
 Ant 1:Dx,Dy = ( 0.00145,-0.00357),(-0.00177,-0.00286)
 Ant 2:Dx,Dy = ( 0.00372, 0.00963),(-0.00366, 0.00990)
 Ant 3:Dx,Dy = ( 0.00357,-0.00161),(-0.00812,-0.00082)
 Ant 4:Dx,Dy = ( 0.00487, 0.01974),(-0.00377, 0.02073)
 Ant 5:Dx,Dy = (-0.01755,-0.00155),( 0.01654,-0.00096)
 Ant 6:Dx,Dy = ( 0.00168,-0.02473),(-0.00150,-0.02389)
Solution for freq bin  2
Iter= 1, Amplit/Phase Solution Error:   0.069
Iter= 1, Polarisation Solution Error:   0.039
Iter= 1, Overall Solution Error:        0.271
Iter= 2, Amplit/Phase Solution Error:   0.002
Iter= 2, Polarisation Solution Error:   0.000
Iter= 2, Overall Solution Error:        0.004
Iter= 3, Amplit/Phase Solution Error:   0.001
Iter= 3, Polarisation Solution Error:   0.000
Iter= 3, Overall Solution Error:        0.001
I flux density:   4.5125
Leakage terms:
 Ant 1:Dx,Dy = ( 0.00238,-0.00482),(-0.00075,-0.00402)
 Ant 2:Dx,Dy = ( 0.00408, 0.00707),(-0.00345, 0.00749)
 Ant 3:Dx,Dy = ( 0.00482,-0.00172),(-0.00647,-0.00272)
 Ant 4:Dx,Dy = ( 0.00551, 0.01805),(-0.00368, 0.01880)
 Ant 5:Dx,Dy = (-0.01667, 0.00134),( 0.01738, 0.00142)
 Ant 6:Dx,Dy = ( 0.00202,-0.02051),(-0.00088,-0.02037)

2018-11-02 11:58:46,161 [MainThread  ] [INFO ]  pgflag vis=1934-638.5500 command='<b' stokes=i,q,u,v flagpar=8,5,5,3,6,3 options=nodisp

pgflag: Revision 1.30, 2016/10/05 23:06:50 UTC

Applying bandpass corrections to 1934-638.5500
Applying freq. dependent gain corrections to 1934-638.5500
Applying freq. dependent leakage correction to 1934-638.5500
Applying changes to dataset
Counts of correlations within selected channels:
 channel  Originally  Currently
 Good:      14905200   14849764    Changed to bad:      55436
 Bad:        2675220    2730656    Changed to good:         0
 15.5% of the data is now flagged

2018-11-02 11:59:32,578 [MainThread  ] [INFO ]  pgflag vis=1934-638.5500 command='<b' stokes=i,v,q,u flagpar=8,2,2,3,6,3  options=nodisp

pgflag: Revision 1.30, 2016/10/05 23:06:50 UTC

Applying bandpass corrections to 1934-638.5500
Applying freq. dependent gain corrections to 1934-638.5500
Applying freq. dependent leakage correction to 1934-638.5500
Applying changes to dataset
Counts of correlations within selected channels:
 channel  Originally  Currently
 Good:      14849764   14799948    Changed to bad:      49816
 Bad:        2730656    2780472    Changed to good:         0
 15.8% of the data is now flagged

2018-11-02 12:00:22,160 [MainThread  ] [INFO ]  pgflag vis=1934-638.5500 command='<b' stokes=i,v,u,q flagpar=8,2,2,3,6,3  options=nodisp

pgflag: Revision 1.30, 2016/10/05 23:06:50 UTC

Applying bandpass corrections to 1934-638.5500
Applying freq. dependent gain corrections to 1934-638.5500
Applying freq. dependent leakage correction to 1934-638.5500
Applying changes to dataset
Counts of correlations within selected channels:
 channel  Originally  Currently
 Good:      14799948   14755956    Changed to bad:      43992
 Bad:        2780472    2824464    Changed to good:         0
 16.1% of the data is now flagged

2018-11-02 12:02:22,175 [MainThread  ] [INFO ]  mfcal vis=1934-638.5500 refant=4 interval=0.1
MfCal: $Revision: 1.20 $, $Date: 2017/05/08 02:31:10 $
Selecting parallel-hand polarisations
Reading the data ...
Number correlations accepted: 7377978
Number of frequency bands/settings: 1
Number of polarisations selected: 2
Number of solution intervals: 143
Number of passband solution intervals: 1
Initialising ...
Using post-Aug94 ATCA flux scale for 1934-638.
Using known frequency variation of 1934-638
Generating initial solution estimate ...
Doing solution refinement ...
Iter= 1, Solution Error:  0.419
Iter= 2, Solution Error:  0.004
Iter= 3, Solution Error:  0.000
Saving solution ...

2018-11-02 12:02:31,483 [MainThread  ] [INFO ]  gpcal vis=1934-638.5500 refant=4 interval=0.1 nfbin=2 options=xyvary

gpcal: Revision 1.22, 2016/05/01 22:31:05 UTC

Applying bandpass corrections to 1934-638.5500
Number of antennae: 6
Using leakage parameters from input as initial guess
Reading the data ...
Number of solution intervals: 143
Total visibilities read: 2145
Number visibilities accepted: 2145
Using post-Aug94 ATCA flux scale for 1934-638.
Using IQUV =  5.0200,  0.0000,  0.0000,  0.0000 at   5.4493 GHz.
Using post-Aug94 ATCA flux scale for 1934-638.
Using IQUV =  5.5145,  0.0000,  0.0000,  0.0000 at   5.0339 GHz.
Using post-Aug94 ATCA flux scale for 1934-638.
Using IQUV =  4.5140,  0.0000,  0.0000,  0.0000 at   5.9506 GHz.
Iter= 1, Amplit/Phase Solution Error:   0.064
Iter= 1, Polarisation Solution Error:   0.000
Iter= 1, Overall Solution Error:        0.249
Iter= 2, Amplit/Phase Solution Error:   0.002
Iter= 2, Polarisation Solution Error:   0.000
Iter= 2, Overall Solution Error:        0.004
Iter= 3, Amplit/Phase Solution Error:   0.001
Iter= 3, Polarisation Solution Error:   0.000
Iter= 3, Overall Solution Error:        0.001
I flux density:   5.0200
Leakage terms:
 Ant 1:Dx,Dy = ( 0.00185,-0.00410),(-0.00134,-0.00336)
 Ant 2:Dx,Dy = ( 0.00387, 0.00854),(-0.00357, 0.00887)
 Ant 3:Dx,Dy = ( 0.00411,-0.00166),(-0.00742,-0.00163)
 Ant 4:Dx,Dy = ( 0.00514, 0.01902),(-0.00372, 0.01991)
 Ant 5:Dx,Dy = (-0.01718,-0.00032),( 0.01690, 0.00004)
 Ant 6:Dx,Dy = ( 0.00183,-0.02293),(-0.00124,-0.02239)
Solution for freq bin  1
Iter= 1, Amplit/Phase Solution Error:   0.061
Iter= 1, Polarisation Solution Error:   0.002
Iter= 1, Overall Solution Error:        0.238
Iter= 2, Amplit/Phase Solution Error:   0.002
Iter= 2, Polarisation Solution Error:   0.000
Iter= 2, Overall Solution Error:        0.004
Iter= 3, Amplit/Phase Solution Error:   0.000
Iter= 3, Polarisation Solution Error:   0.000
Iter= 3, Overall Solution Error:        0.000
I flux density:   5.5145
Leakage terms:
 Ant 1:Dx,Dy = ( 0.00145,-0.00357),(-0.00178,-0.00286)
 Ant 2:Dx,Dy = ( 0.00372, 0.00961),(-0.00365, 0.00989)
 Ant 3:Dx,Dy = ( 0.00358,-0.00161),(-0.00812,-0.00082)
 Ant 4:Dx,Dy = ( 0.00487, 0.01973),(-0.00376, 0.02072)
 Ant 5:Dx,Dy = (-0.01755,-0.00154),( 0.01654,-0.00096)
 Ant 6:Dx,Dy = ( 0.00168,-0.02471),(-0.00149,-0.02388)
Solution for freq bin  2
Iter= 1, Amplit/Phase Solution Error:   0.069
Iter= 1, Polarisation Solution Error:   0.003
Iter= 1, Overall Solution Error:        0.271
Iter= 2, Amplit/Phase Solution Error:   0.002
Iter= 2, Polarisation Solution Error:   0.000
Iter= 2, Overall Solution Error:        0.004
Iter= 3, Amplit/Phase Solution Error:   0.001
Iter= 3, Polarisation Solution Error:   0.000
Iter= 3, Overall Solution Error:        0.001
I flux density:   4.5140
Leakage terms:
 Ant 1:Dx,Dy = ( 0.00238,-0.00481),(-0.00074,-0.00402)
 Ant 2:Dx,Dy = ( 0.00407, 0.00709),(-0.00345, 0.00750)
 Ant 3:Dx,Dy = ( 0.00484,-0.00173),(-0.00648,-0.00272)
 Ant 4:Dx,Dy = ( 0.00551, 0.01806),(-0.00368, 0.01881)
 Ant 5:Dx,Dy = (-0.01668, 0.00133),( 0.01739, 0.00140)
 Ant 6:Dx,Dy = ( 0.00202,-0.02052),(-0.00089,-0.02038)

2018-11-02 12:02:43,954 [MainThread  ] [INFO ]  gpcopy vis=1934-638.5500 out=2312-319.5500

gpcopy: Revision 1.13, 2015/10/29 01:31:39 UTC

Copying leakage table
Copying gain table
Interpolation tolerance set to (minutes): 720.00
Copying bandpass table

2018-11-02 12:07:43,084 [MainThread  ] [INFO ]  pgflag vis=2312-319.5500 command='<b' stokes=i,q,u,v flagpar=8,5,5,3,6,3 options=nodisp

pgflag: Revision 1.30, 2016/10/05 23:06:50 UTC

Applying bandpass corrections to 2312-319.5500
Applying freq. dependent gain corrections to 2312-319.5500
Applying freq. dependent leakage correction to 2312-319.5500
Applying changes to dataset
Counts of correlations within selected channels:
 channel  Originally  Currently
 Good:      87887676   86759052    Changed to bad:    1128624
 Bad:       12324816   13453440    Changed to good:         0
 13.4% of the data is now flagged

2018-11-02 12:12:13,457 [MainThread  ] [INFO ]  pgflag vis=2312-319.5500 command='<b' stokes=i,v,q,u flagpar=8,2,2,3,6,3  options=nodisp

pgflag: Revision 1.30, 2016/10/05 23:06:50 UTC

Applying bandpass corrections to 2312-319.5500
Applying freq. dependent gain corrections to 2312-319.5500
Applying freq. dependent leakage correction to 2312-319.5500
Applying changes to dataset
Counts of correlations within selected channels:
 channel  Originally  Currently
 Good:      86759052   85859596    Changed to bad:     899456
 Bad:       13453440   14352896    Changed to good:         0
 14.3% of the data is now flagged

2018-11-02 12:16:53,688 [MainThread  ] [INFO ]  pgflag vis=2312-319.5500 command='<b' stokes=i,v,u,q flagpar=8,2,2,3,6,3  options=nodisp

pgflag: Revision 1.30, 2016/10/05 23:06:50 UTC

Applying bandpass corrections to 2312-319.5500
Applying freq. dependent gain corrections to 2312-319.5500
Applying freq. dependent leakage correction to 2312-319.5500
Applying changes to dataset
Counts of correlations within selected channels:
 channel  Originally  Currently
 Good:      85859596   84848780    Changed to bad:    1010816
 Bad:       14352896   15363712    Changed to good:         0
 15.3% of the data is now flagged

2018-11-02 12:17:03,757 [MainThread  ] [INFO ]  gpcal vis=2312-319.5500 refant=4 interval=0.1 nfbin=2 options=xyvary,qusolve

gpcal: Revision 1.22, 2016/05/01 22:31:05 UTC

Applying bandpass corrections to 2312-319.5500
Number of antennae: 6
Using leakage parameters from input as initial guess
Reading the data ...
Number of solution intervals: 825
Total visibilities read: 12227
Number visibilities accepted: 12222
Iter= 1, Amplit/Phase Solution Error:   0.281
Iter= 1, Polarisation Solution Error:   0.008
Iter= 1, Overall Solution Error:        1.445
Iter= 2, Amplit/Phase Solution Error:   0.007
Iter= 2, Polarisation Solution Error:   0.000
Iter= 2, Overall Solution Error:        0.022
Iter= 3, Amplit/Phase Solution Error:   0.001
Iter= 3, Polarisation Solution Error:   0.000
Iter= 3, Overall Solution Error:        0.005
Iter= 4, Amplit/Phase Solution Error:   0.000
Iter= 4, Polarisation Solution Error:   0.000
Iter= 4, Overall Solution Error:        0.000
I flux density:   0.5406
Percent Q:  -0.847
Percent U:   0.087
Leakage terms:
 Ant 1:Dx,Dy = ( 0.00137,-0.00456),(-0.00129,-0.00276)
 Ant 2:Dx,Dy = ( 0.00379, 0.00778),(-0.00357, 0.00924)
 Ant 3:Dx,Dy = ( 0.00424,-0.00212),(-0.00761,-0.00133)
 Ant 4:Dx,Dy = ( 0.00489, 0.01821),(-0.00361, 0.02033)
 Ant 5:Dx,Dy = (-0.01688,-0.00053),( 0.01690, 0.00074)
 Ant 6:Dx,Dy = ( 0.00196,-0.02327),(-0.00145,-0.02174)
Solution for freq bin  1
Iter= 1, Amplit/Phase Solution Error:   0.259
Iter= 1, Polarisation Solution Error:   0.008
Iter= 1, Overall Solution Error:        1.346
Iter= 2, Amplit/Phase Solution Error:   0.008
Iter= 2, Polarisation Solution Error:   0.000
Iter= 2, Overall Solution Error:        0.023
Iter= 3, Amplit/Phase Solution Error:   0.001
Iter= 3, Polarisation Solution Error:   0.000
Iter= 3, Overall Solution Error:        0.007
Iter= 4, Amplit/Phase Solution Error:   0.000
Iter= 4, Polarisation Solution Error:   0.000
Iter= 4, Overall Solution Error:        0.000
I flux density:   0.5433
Percent Q:  -0.820
Percent U:   0.229
Leakage terms:
 Ant 1:Dx,Dy = ( 0.00097,-0.00388),(-0.00166,-0.00206)
 Ant 2:Dx,Dy = ( 0.00361, 0.00907),(-0.00365, 0.01033)
 Ant 3:Dx,Dy = ( 0.00379,-0.00226),(-0.00838,-0.00038)
 Ant 4:Dx,Dy = ( 0.00452, 0.01880),(-0.00336, 0.02134)
 Ant 5:Dx,Dy = (-0.01731,-0.00208),( 0.01642,-0.00022)
 Ant 6:Dx,Dy = ( 0.00168,-0.02535),(-0.00211,-0.02331)
Solution for freq bin  2
Iter= 1, Amplit/Phase Solution Error:   0.304
Iter= 1, Polarisation Solution Error:   0.009
Iter= 1, Overall Solution Error:        1.546
Iter= 2, Amplit/Phase Solution Error:   0.008
Iter= 2, Polarisation Solution Error:   0.000
Iter= 2, Overall Solution Error:        0.022
Iter= 3, Amplit/Phase Solution Error:   0.001
Iter= 3, Polarisation Solution Error:   0.000
Iter= 3, Overall Solution Error:        0.004
Iter= 4, Amplit/Phase Solution Error:   0.000
Iter= 4, Polarisation Solution Error:   0.000
Iter= 4, Overall Solution Error:        0.000
I flux density:   0.5382
Percent Q:  -0.870
Percent U:  -0.061
Leakage terms:
 Ant 1:Dx,Dy = ( 0.00176,-0.00528),(-0.00094,-0.00350)
 Ant 2:Dx,Dy = ( 0.00396, 0.00643),(-0.00351, 0.00811)
 Ant 3:Dx,Dy = ( 0.00469,-0.00198),(-0.00684,-0.00234)
 Ant 4:Dx,Dy = ( 0.00528, 0.01762),(-0.00386, 0.01929)
 Ant 5:Dx,Dy = (-0.01646, 0.00109),( 0.01737, 0.00173)
 Ant 6:Dx,Dy = ( 0.00213,-0.02109),(-0.00087,-0.02008)

2018-11-02 12:21:10,060 [MainThread  ] [INFO ]  pgflag vis=2312-319.5500 command='<b' stokes=i,q,u,v flagpar=8,5,5,3,6,3 options=nodisp

pgflag: Revision 1.30, 2016/10/05 23:06:50 UTC

Applying bandpass corrections to 2312-319.5500
Applying freq. dependent gain corrections to 2312-319.5500
Applying freq. dependent leakage correction to 2312-319.5500
Applying changes to dataset
Counts of correlations within selected channels:
 channel  Originally  Currently
 Good:      84848780   83710652    Changed to bad:    1138128
 Bad:       15363712   16501840    Changed to good:         0
 16.5% of the data is now flagged

2018-11-02 12:25:06,420 [MainThread  ] [INFO ]  pgflag vis=2312-319.5500 command='<b' stokes=i,v,q,u flagpar=8,2,2,3,6,3  options=nodisp

pgflag: Revision 1.30, 2016/10/05 23:06:50 UTC

Applying bandpass corrections to 2312-319.5500
Applying freq. dependent gain corrections to 2312-319.5500
Applying freq. dependent leakage correction to 2312-319.5500
Applying changes to dataset
Counts of correlations within selected channels:
 channel  Originally  Currently
 Good:      83710652   82609484    Changed to bad:    1101168
 Bad:       16501840   17603008    Changed to good:         0
 17.6% of the data is now flagged

2018-11-02 12:28:57,197 [MainThread  ] [INFO ]  pgflag vis=2312-319.5500 command='<b' stokes=i,v,u,q flagpar=8,2,2,3,6,3  options=nodisp

pgflag: Revision 1.30, 2016/10/05 23:06:50 UTC

Applying bandpass corrections to 2312-319.5500
Applying freq. dependent gain corrections to 2312-319.5500
Applying freq. dependent leakage correction to 2312-319.5500
Applying changes to dataset
Counts of correlations within selected channels:
 channel  Originally  Currently
 Good:      82609484   81433736    Changed to bad:    1175748
 Bad:       17603008   18778756    Changed to good:         0
 18.7% of the data is now flagged

2018-11-02 12:29:05,759 [MainThread  ] [INFO ]  gpcal vis=2312-319.5500 refant=4 interval=0.1 nfbin=2 options=xyvary,qusolve

gpcal: Revision 1.22, 2016/05/01 22:31:05 UTC

Applying bandpass corrections to 2312-319.5500
Number of antennae: 6
Using leakage parameters from input as initial guess
Reading the data ...
Number of solution intervals: 825
Total visibilities read: 12227
Number visibilities accepted: 12194
Iter= 1, Amplit/Phase Solution Error:   0.283
Iter= 1, Polarisation Solution Error:   0.009
Iter= 1, Overall Solution Error:        1.448
Iter= 2, Amplit/Phase Solution Error:   0.007
Iter= 2, Polarisation Solution Error:   0.000
Iter= 2, Overall Solution Error:        0.056
Iter= 3, Amplit/Phase Solution Error:   0.001
Iter= 3, Polarisation Solution Error:   0.000
Iter= 3, Overall Solution Error:        0.014
Iter= 4, Amplit/Phase Solution Error:   0.000
Iter= 4, Polarisation Solution Error:   0.000
Iter= 4, Overall Solution Error:        0.000
I flux density:   0.5417
Percent Q:  -0.852
Percent U:   0.084
Leakage terms:
 Ant 1:Dx,Dy = ( 0.00139,-0.00459),(-0.00125,-0.00273)
 Ant 2:Dx,Dy = ( 0.00380, 0.00770),(-0.00355, 0.00923)
 Ant 3:Dx,Dy = ( 0.00428,-0.00212),(-0.00757,-0.00133)
 Ant 4:Dx,Dy = ( 0.00491, 0.01823),(-0.00358, 0.02034)
 Ant 5:Dx,Dy = (-0.01687,-0.00050),( 0.01694, 0.00072)
 Ant 6:Dx,Dy = ( 0.00204,-0.02324),(-0.00143,-0.02173)
Solution for freq bin  1
Iter= 1, Amplit/Phase Solution Error:   0.262
Iter= 1, Polarisation Solution Error:   0.008
Iter= 1, Overall Solution Error:        1.348
Iter= 2, Amplit/Phase Solution Error:   0.008
Iter= 2, Polarisation Solution Error:   0.000
Iter= 2, Overall Solution Error:        0.036
Iter= 3, Amplit/Phase Solution Error:   0.001
Iter= 3, Polarisation Solution Error:   0.000
Iter= 3, Overall Solution Error:        0.001
I flux density:   0.5446
Percent Q:  -0.824
Percent U:   0.225
Leakage terms:
 Ant 1:Dx,Dy = ( 0.00098,-0.00389),(-0.00162,-0.00204)
 Ant 2:Dx,Dy = ( 0.00361, 0.00896),(-0.00363, 0.01036)
 Ant 3:Dx,Dy = ( 0.00378,-0.00229),(-0.00836,-0.00034)
 Ant 4:Dx,Dy = ( 0.00450, 0.01884),(-0.00331, 0.02131)
 Ant 5:Dx,Dy = (-0.01728,-0.00205),( 0.01641,-0.00027)
 Ant 6:Dx,Dy = ( 0.00181,-0.02529),(-0.00208,-0.02330)
Solution for freq bin  2
Iter= 1, Amplit/Phase Solution Error:   0.305
Iter= 1, Polarisation Solution Error:   0.009
Iter= 1, Overall Solution Error:        1.546
Iter= 2, Amplit/Phase Solution Error:   0.008
Iter= 2, Polarisation Solution Error:   0.000
Iter= 2, Overall Solution Error:        0.065
Iter= 3, Amplit/Phase Solution Error:   0.001
Iter= 3, Polarisation Solution Error:   0.000
Iter= 3, Overall Solution Error:        0.024
Iter= 4, Amplit/Phase Solution Error:   0.000
Iter= 4, Polarisation Solution Error:   0.000
Iter= 4, Overall Solution Error:        0.000
I flux density:   0.5393
Percent Q:  -0.868
Percent U:  -0.054
Leakage terms:
 Ant 1:Dx,Dy = ( 0.00176,-0.00530),(-0.00093,-0.00345)
 Ant 2:Dx,Dy = ( 0.00394, 0.00642),(-0.00353, 0.00808)
 Ant 3:Dx,Dy = ( 0.00474,-0.00197),(-0.00683,-0.00235)
 Ant 4:Dx,Dy = ( 0.00530, 0.01762),(-0.00388, 0.01937)
 Ant 5:Dx,Dy = (-0.01649, 0.00108),( 0.01742, 0.00172)
 Ant 6:Dx,Dy = ( 0.00212,-0.02112),(-0.00089,-0.02011)

2018-11-02 12:29:05,844 [MainThread  ] [INFO ]  gpboot vis=2312-319.5500 cal=1934-638.5500

gpboot: Revision 1.9, 2015/10/29 01:31:30 UTC

Secondary flux density scaled by:   0.996
Frequency bin  1 scaled by      :   1.000
Frequency bin  2 scaled by      :   1.001

2018-11-02 12:31:15,491 [MainThread  ] [INFO ]  gpcopy vis=2312-319.5500 out=c.5500

gpcopy: Revision 1.13, 2015/10/29 01:31:39 UTC

Copying leakage table
Copying gain table
Interpolation tolerance set to (minutes): 720.00
Copying bandpass table

2018-11-02 12:58:07,937 [MainThread  ] [INFO ]  pgflag vis=c.5500 command='<b' stokes=i,v,q,u flagpar=8,2,2,3,6,3  options=nodisp

pgflag: Revision 1.30, 2016/10/05 23:06:50 UTC

Applying bandpass corrections to c.5500
Applying freq. dependent gain corrections to c.5500
Applying freq. dependent leakage correction to c.5500
Applying changes to dataset
Counts of correlations within selected channels:
 channel  Originally  Currently
 Good:     534715320  520299396    Changed to bad:   14415924
 Bad:       74985120   89401044    Changed to good:         0
 14.7% of the data is now flagged

2018-11-02 13:25:18,847 [MainThread  ] [INFO ]  pgflag vis=c.5500 command='<b' stokes=i,v,u,q flagpar=8,2,2,3,6,3  options=nodisp

pgflag: Revision 1.30, 2016/10/05 23:06:50 UTC

Applying bandpass corrections to c.5500
Applying freq. dependent gain corrections to c.5500
Applying freq. dependent leakage correction to c.5500
Applying changes to dataset
Counts of correlations within selected channels:
 channel  Originally  Currently
 Good:     520299396  508926628    Changed to bad:   11372768
 Bad:       89401044  100773812    Changed to good:         0
 16.5% of the data is now flagged

2018-11-02 13:40:36,295 [MainThread  ] [INFO ]  uvsplit vis=c.5500

uvsplit: Revision 1.18, 2016/05/09 03:06:18 UTC

Creating c_661.5500
Creating c_662.5500
Creating c_663.5500
Creating c_664.5500
Creating c_665.5500
Creating c_666.5500
Creating c_667.5500
Creating c_668.5500
Creating c_669.5500
Creating c_670.5500
Creating c_671.5500
Creating c_672.5500
Creating c_673.5500
Creating c_674.5500
Creating c_675.5500
Creating c_676.5500
Creating c_677.5500
Creating c_678.5500
Creating c_679.5500
Creating c_680.5500
Creating c_681.5500
Creating c_682.5500
Creating c_683.5500
Creating c_684.5500
Creating c_685.5500
Creating c_686.5500
Creating c_687.5500
Creating c_688.5500
Creating c_689.5500
Creating c_690.5500
Creating c_691.5500
Creating c_692.5500
Creating c_693.5500
Creating c_694.5500
Creating c_695.5500
Creating c_696.5500
Creating c_697.5500
Creating c_698.5500
Creating c_699.5500
Creating c_700.5500
Creating c_701.5500
Creating c_702.5500
Creating c_703.5500
Creating c_704.5500
Creating c_705.5500
Creating c_706.5500
Creating c_707.5500
Creating c_708.5500
Creating c_709.5500
Creating c_710.5500
Creating c_711.5500
Creating c_712.5500
Creating c_713.5500
Creating c_714.5500
Creating c_715.5500
Creating c_716.5500
Creating c_717.5500
Creating c_718.5500
Creating c_719.5500
Creating c_720.5500
Creating c_541.5500
Creating c_542.5500
Creating c_543.5500
Creating c_544.5500
Creating c_545.5500
Creating c_546.5500
Creating c_547.5500
Creating c_548.5500
Creating c_549.5500
Creating c_550.5500
Creating c_551.5500
Creating c_552.5500
Creating c_553.5500
Creating c_554.5500
Creating c_555.5500
Creating c_556.5500
Creating c_557.5500
Creating c_558.5500
Creating c_559.5500
Creating c_560.5500
Creating c_561.5500
Creating c_562.5500
Creating c_563.5500
Creating c_564.5500
Creating c_565.5500
Creating c_566.5500
Creating c_567.5500
Creating c_568.5500
Creating c_569.5500
Creating c_570.5500
Creating c_571.5500
Creating c_572.5500
Creating c_573.5500
Creating c_574.5500
Creating c_575.5500
Creating c_576.5500
Creating c_577.5500
Creating c_578.5500
Creating c_579.5500
Creating c_580.5500
Creating c_581.5500
Creating c_582.5500
Creating c_583.5500
Creating c_584.5500
Creating c_585.5500
Creating c_586.5500
Creating c_587.5500
Creating c_588.5500
Creating c_589.5500
Creating c_590.5500
Creating c_591.5500
Creating c_592.5500
Creating c_593.5500
Creating c_594.5500
Creating c_595.5500
Creating c_596.5500
Creating c_597.5500
Creating c_598.5500
Creating c_599.5500
Creating c_600.5500
Creating c_601.5500
Creating c_602.5500
Creating c_603.5500
Creating c_604.5500
Creating c_605.5500
Creating c_606.5500
Creating c_607.5500
Creating c_608.5500
Creating c_609.5500
Creating c_610.5500
Creating c_611.5500
Creating c_612.5500
Creating c_613.5500
Creating c_614.5500
Creating c_615.5500
Creating c_616.5500
Creating c_617.5500
Creating c_618.5500
Creating c_619.5500
Creating c_620.5500
Creating c_621.5500
Creating c_622.5500
Creating c_623.5500
Creating c_624.5500
Creating c_625.5500
Creating c_626.5500
Creating c_627.5500
Creating c_628.5500
Creating c_629.5500
Creating c_630.5500
Creating c_631.5500
Creating c_632.5500
Creating c_633.5500
Creating c_634.5500
Creating c_635.5500
Creating c_636.5500
Creating c_637.5500
Creating c_638.5500
Creating c_639.5500
Creating c_640.5500
Creating c_641.5500
Creating c_642.5500
Creating c_643.5500
Creating c_644.5500
Creating c_645.5500
Creating c_646.5500
Creating c_647.5500
Creating c_648.5500
Creating c_649.5500
Creating c_650.5500
Creating c_651.5500
Creating c_652.5500
Creating c_653.5500
Creating c_654.5500
Creating c_655.5500
Creating c_656.5500
Creating c_657.5500
Creating c_658.5500
Creating c_659.5500
Creating c_660.5500
Creating c_841.5500
Creating c_842.5500
Creating c_843.5500
Creating c_844.5500
Creating c_845.5500
Creating c_846.5500
Creating c_847.5500
Creating c_848.5500
Creating c_849.5500
Creating c_850.5500
Creating c_851.5500
Creating c_852.5500
Creating c_853.5500
Creating c_854.5500
Creating c_855.5500
Creating c_856.5500
Creating c_857.5500
Creating c_858.5500
Creating c_859.5500
Creating c_860.5500
Creating c_861.5500
Creating c_862.5500
Creating c_863.5500
Creating c_864.5500
Creating c_865.5500
Creating c_866.5500
Creating c_867.5500
Creating c_868.5500
Creating c_869.5500
Creating c_870.5500
Creating c_871.5500
Creating c_872.5500
Creating c_873.5500
Creating c_874.5500
Creating c_875.5500
Creating c_876.5500
Creating c_877.5500
Creating c_878.5500
Creating c_879.5500
Creating c_880.5500
Creating c_881.5500
Creating c_882.5500
Creating c_883.5500
Creating c_884.5500
Creating c_885.5500
Creating c_886.5500
Creating c_887.5500
Creating c_888.5500
Creating c_889.5500
Creating c_890.5500
Creating c_891.5500
Creating c_892.5500
Creating c_893.5500
Creating c_894.5500
Creating c_895.5500
Creating c_896.5500
Creating c_897.5500
Creating c_898.5500
Creating c_899.5500
Creating c_900.5500
Creating c_721.5500
Creating c_722.5500
Creating c_723.5500
Creating c_724.5500
Creating c_725.5500
Creating c_726.5500
Creating c_727.5500
Creating c_728.5500
Creating c_729.5500
Creating c_730.5500
Creating c_731.5500
Creating c_732.5500
Creating c_733.5500
Creating c_734.5500
Creating c_735.5500
Creating c_736.5500
Creating c_737.5500
Creating c_738.5500
Creating c_739.5500
Creating c_740.5500
Creating c_741.5500
Creating c_742.5500
Creating c_743.5500
Creating c_744.5500
Creating c_745.5500
Creating c_746.5500
Creating c_747.5500
Creating c_748.5500
Creating c_749.5500
Creating c_750.5500
Creating c_751.5500
Creating c_752.5500
Creating c_753.5500
Creating c_754.5500
Creating c_755.5500
Creating c_756.5500
Creating c_757.5500
Creating c_758.5500
Creating c_759.5500
Creating c_760.5500
Creating c_761.5500
Creating c_762.5500
Creating c_763.5500
Creating c_764.5500
Creating c_765.5500
Creating c_766.5500
Creating c_767.5500
Creating c_768.5500
Creating c_769.5500
Creating c_770.5500
Creating c_771.5500
Creating c_772.5500
Creating c_773.5500
Creating c_774.5500
Creating c_775.5500
Creating c_776.5500
Creating c_777.5500
Creating c_778.5500
Creating c_779.5500
Creating c_780.5500
Creating c_781.5500
Creating c_782.5500
Creating c_783.5500
Creating c_784.5500
Creating c_785.5500
Creating c_786.5500
Creating c_787.5500
Creating c_788.5500
Creating c_789.5500
Creating c_790.5500
Creating c_791.5500
Creating c_792.5500
Creating c_793.5500
Creating c_794.5500
Creating c_795.5500
Creating c_796.5500
Creating c_797.5500
Creating c_798.5500
Creating c_799.5500
Creating c_800.5500
Creating c_801.5500
Creating c_802.5500
Creating c_803.5500
Creating c_804.5500
Creating c_805.5500
Creating c_806.5500
Creating c_807.5500
Creating c_808.5500
Creating c_809.5500
Creating c_810.5500
Creating c_811.5500
Creating c_812.5500
Creating c_813.5500
Creating c_814.5500
Creating c_815.5500
Creating c_816.5500
Creating c_817.5500
Creating c_818.5500
Creating c_819.5500
Creating c_820.5500
Creating c_821.5500
Creating c_822.5500
Creating c_823.5500
Creating c_824.5500
Creating c_825.5500
Creating c_826.5500
Creating c_827.5500
Creating c_828.5500
Creating c_829.5500
Creating c_830.5500
Creating c_831.5500
Creating c_832.5500
Creating c_833.5500
Creating c_834.5500
Creating c_835.5500
Creating c_836.5500
Creating c_837.5500
Creating c_838.5500
Creating c_839.5500
Creating c_840.5500

