2018-11-22 20:26:48,921 [MainThread  ] [INFO ]  atlod in=raw/2018-11-14_0309.C3132,raw/2018-11-14_0556.C3132,raw/2018-11-14_0843.C3132,raw/2018-11-14_1129.C3132,raw/2018-11-14_1416.C3132 out=data5.uv ifsel=1 options=birdie,rfiflag,noauto,xycorr

atlod: Revision 1.53, 2016/08/25 23:02:21 UTC

Processing file raw/2018-11-14_0309.C3132
 03:09:19 CAOBS> track 1
CABB data detected
Scan 1 started at 18NOV14:03:09:40.0
Source: 1934-638
Flagging channels in  28 frequency ranges
 03:19:02 CAOBS> stop
 03:19:13 CAOBS> set file c3132_obs_c7
 03:19:21 CAOBS> start 5/99
Scan 2 started at 18NOV14:03:21:16.0
Source: 2255-282
Scan 3 started at 18NOV14:03:24:12.0
Source: c_1121
Source: c_1122
Source: c_1123
Source: c_1124
Source: c_1125
Source: c_1126
Source: c_1127
Source: c_1128
Source: c_1129
Source: c_1130
Source: c_1131
Source: c_1132
Source: c_1133
Source: c_1134
Source: c_1135
Source: c_1136
Source: c_1137
Source: c_1138
Source: c_1139
Source: c_1140
Scan 4 started at 18NOV14:03:37:40.0
Source: 2255-282
Scan 5 started at 18NOV14:03:40:36.0
Source: c_1141
Source: c_1142
Source: c_1143
Source: c_1144
Source: c_1145
Source: c_1146
Source: c_1147
Source: c_1148
Source: c_1149
Source: c_1150
Source: c_1151
Source: c_1152
Source: c_1153
Source: c_1154
Source: c_1155
Source: c_1156
Source: c_1157
Source: c_1158
Source: c_1159
Source: c_1160
Scan 6 started at 18NOV14:03:54:04.0
Source: 2255-282
Scan 7 started at 18NOV14:03:57:00.0
Source: c_1161
Source: c_1162
Source: c_1163
Source: c_1164
Source: c_1165
Source: c_1166
Source: c_1167
Source: c_1168
Source: c_1169
Source: c_1170
Source: c_1171
Source: c_1172
Source: c_1173
Source: c_1174
Source: c_1175
Source: c_1176
Source: c_1177
Source: c_1178
Source: c_1179
Source: c_1180
Scan 8 started at 18NOV14:04:10:28.0
Source: 2255-282
Scan 9 started at 18NOV14:04:13:24.0
Source: c_1181
Source: c_1182
Source: c_1183
Source: c_1184
Source: c_1185
Source: c_1186
Source: c_1187
Source: c_1188
Source: c_1189
Source: c_1190
Source: c_1191
Source: c_1192
Source: c_1193
Source: c_1194
Source: c_1195
Source: c_1196
Source: c_1197
Source: c_1198
Source: c_1199
Source: c_1200
Scan 10 started at 18NOV14:04:27:00.0
Source: 2255-282
Scan 11 started at 18NOV14:04:29:56.0
Source: c_1201
Source: c_1202
Source: c_1203
Source: c_1204
Source: c_1205
Source: c_1206
Source: c_1207
Source: c_1208
Source: c_1209
Source: c_1210
Source: c_1211
Source: c_1212
Source: c_1213
Source: c_1214
Source: c_1215
Source: c_1216
Source: c_1217
Source: c_1218
Source: c_1219
Source: c_1220
Scan 12 started at 18NOV14:04:43:24.0
Source: 2255-282
Scan 13 started at 18NOV14:04:46:12.0
Source: c_1221
Source: c_1222
Source: c_1223
Source: c_1224
Source: c_1225
Source: c_1226
Source: c_1227
Source: c_1228
Source: c_1229
Source: c_1230
Source: c_1231
Source: c_1232
Source: c_1233
Source: c_1234
Source: c_1235
Source: c_1236
Source: c_1237
Source: c_1238
Source: c_1239
Source: c_1240
Scan 14 started at 18NOV14:04:59:40.0
Source: 2255-282
Scan 15 started at 18NOV14:05:02:36.0
Source: c_1241
Source: c_1242
Source: c_1243
Source: c_1244
Source: c_1245
Source: c_1246
Source: c_1247
Source: c_1248
Source: c_1249
Source: c_1250
Source: c_1251
Source: c_1252
Source: c_1253
Source: c_1254
Source: c_1255
Source: c_1256
Source: c_1257
Source: c_1258
Source: c_1259
Source: c_1260
Scan 16 started at 18NOV14:05:16:12.0
Source: 2255-282
Scan 17 started at 18NOV14:05:19:08.0
Source: c_1081
Source: c_1082
Source: c_1083
Source: c_1084
Source: c_1085
Source: c_1086
Source: c_1087
Source: c_1088
Source: c_1089
Source: c_1090
Source: c_1091
Source: c_1092
Source: c_1093
Source: c_1094
Source: c_1095
Source: c_1096
Source: c_1097
Source: c_1098
Source: c_1099
Source: c_1100
Scan 18 started at 18NOV14:05:32:36.0
Source: 2255-282
Scan 19 started at 18NOV14:05:35:32.0
Source: c_1101
Source: c_1102
Source: c_1103
Source: c_1104
Source: c_1105
Source: c_1106
Source: c_1107
Source: c_1108
Source: c_1109
Source: c_1110
Source: c_1111
Source: c_1112
Source: c_1113
Source: c_1114
Source: c_1115
Source: c_1116
Source: c_1117
Source: c_1118
Source: c_1119
Source: c_1120
Scan 20 started at 18NOV14:05:49:08.0
Source: 2255-282
Scan 21 started at 18NOV14:05:52:04.0
Source: c_1121
Source: c_1122
Source: c_1123
Source: c_1124
Source: c_1125
Source: c_1126
Source: c_1127
Source: c_1128
RPFITS file version is 2.12
---------------------------------------
Total number of spectra selected: 72660

Summary of spectra flagged
Flagging Reason            Fraction
---------------            --------
Antenna off-source/off-line  5.28%
---------------------------------------
Processing file raw/2018-11-14_0556.C3132
CABB data detected
Scan 1 started at 18NOV14:05:56:52.0
Source: c_1128
Source: c_1129
Source: c_1130
Source: c_1131
Source: c_1132
Source: c_1133
Source: c_1134
Source: c_1135
Source: c_1136
Source: c_1137
Source: c_1138
Source: c_1139
Source: c_1140
Scan 2 started at 18NOV14:06:05:40.0
Source: 2255-282
Scan 3 started at 18NOV14:06:08:36.0
Source: c_1141
Source: c_1142
Source: c_1143
Source: c_1144
Source: c_1145
Source: c_1146
Source: c_1147
Source: c_1148
Source: c_1149
Source: c_1150
Source: c_1151
Source: c_1152
Source: c_1153
Source: c_1154
Source: c_1155
Source: c_1156
Source: c_1157
Source: c_1158
Source: c_1159
Source: c_1160
Scan 4 started at 18NOV14:06:22:04.0
Source: 2255-282
Scan 5 started at 18NOV14:06:25:00.0
Source: c_1161
Source: c_1162
Source: c_1163
Source: c_1164
Source: c_1165
Source: c_1166
Source: c_1167
Source: c_1168
Source: c_1169
Source: c_1170
Source: c_1171
Source: c_1172
Source: c_1173
Source: c_1174
Source: c_1175
Source: c_1176
Source: c_1177
Source: c_1178
Source: c_1179
Source: c_1180
Scan 6 started at 18NOV14:06:38:36.0
Source: 2255-282
Scan 7 started at 18NOV14:06:41:32.0
Source: c_1181
Source: c_1182
Source: c_1183
Source: c_1184
Source: c_1185
Source: c_1186
Source: c_1187
Source: c_1188
Source: c_1189
Source: c_1190
Source: c_1191
Source: c_1192
Source: c_1193
Source: c_1194
Source: c_1195
Source: c_1196
Source: c_1197
Source: c_1198
Source: c_1199
Source: c_1200
Scan 8 started at 18NOV14:06:55:08.0
Source: 2255-282
Scan 9 started at 18NOV14:06:58:04.0
Source: c_1201
Source: c_1202
Source: c_1203
Source: c_1204
Source: c_1205
Source: c_1206
Source: c_1207
Source: c_1208
Source: c_1209
Source: c_1210
Source: c_1211
Source: c_1212
Source: c_1213
Source: c_1214
Source: c_1215
Source: c_1216
Source: c_1217
Source: c_1218
Source: c_1219
Source: c_1220
Scan 10 started at 18NOV14:07:11:40.0
Source: 2255-282
Scan 11 started at 18NOV14:07:14:36.0
Source: c_1221
Source: c_1222
Source: c_1223
Source: c_1224
Source: c_1225
Source: c_1226
Source: c_1227
Source: c_1228
Source: c_1229
Source: c_1230
Source: c_1231
Source: c_1232
Source: c_1233
Source: c_1234
Source: c_1235
Source: c_1236
Source: c_1237
Source: c_1238
Source: c_1239
Source: c_1240
Scan 12 started at 18NOV14:07:28:12.0
Source: 2255-282
Scan 13 started at 18NOV14:07:31:16.0
Source: c_1241
Source: c_1242
Source: c_1243
Source: c_1244
Source: c_1245
Source: c_1246
Source: c_1247
Source: c_1248
Source: c_1249
Source: c_1250
Source: c_1251
Source: c_1252
Source: c_1253
Source: c_1254
Source: c_1255
Source: c_1256
Source: c_1257
Source: c_1258
Source: c_1259
Source: c_1260
Scan 14 started at 18NOV14:07:45:00.0
Source: 2255-282
Scan 15 started at 18NOV14:07:48:04.0
Source: c_1081
Source: c_1082
Source: c_1083
Source: c_1084
Source: c_1085
Source: c_1086
Source: c_1087
Source: c_1088
Source: c_1089
Source: c_1090
Source: c_1091
Source: c_1092
Source: c_1093
Source: c_1094
Source: c_1095
Source: c_1096
Source: c_1097
Source: c_1098
Source: c_1099
Source: c_1100
Scan 16 started at 18NOV14:08:01:40.0
Source: 2255-282
Scan 17 started at 18NOV14:08:04:52.0
Source: c_1101
Source: c_1102
Source: c_1103
Source: c_1104
Source: c_1105
Source: c_1106
Source: c_1107
Source: c_1108
Source: c_1109
Source: c_1110
Source: c_1111
Source: c_1112
Source: c_1113
Source: c_1114
Source: c_1115
Source: c_1116
Source: c_1117
Source: c_1118
Source: c_1119
Source: c_1120
Scan 18 started at 18NOV14:08:18:44.0
Source: 2255-282
Scan 19 started at 18NOV14:08:21:56.0
Source: c_1121
Source: c_1122
Source: c_1123
Source: c_1124
Source: c_1125
Source: c_1126
Source: c_1127
Source: c_1128
Source: c_1129
Source: c_1130
Source: c_1131
Source: c_1132
Source: c_1133
Source: c_1134
Source: c_1135
Source: c_1136
Source: c_1137
Source: c_1138
Source: c_1139
Source: c_1140
Scan 20 started at 18NOV14:08:35:48.0
Source: 2255-282
Scan 21 started at 18NOV14:08:39:16.0
Source: c_1141
Source: c_1142
Source: c_1143
Source: c_1144
Source: c_1145
Source: c_1146
Source: c_1147
RPFITS file version is 2.12
---------------------------------------
Total number of spectra selected: 72660

Summary of spectra flagged
Flagging Reason            Fraction
---------------            --------
Antenna off-source/off-line  6.11%
---------------------------------------
Processing file raw/2018-11-14_0843.C3132
CABB data detected
Scan 1 started at 18NOV14:08:43:42.3
Source: c_1148
Source: c_1149
Source: c_1150
Source: c_1151
Source: c_1152
Source: c_1153
Source: c_1154
Source: c_1155
Source: c_1156
Source: c_1157
Source: c_1158
Source: c_1159
Source: c_1160
Scan 2 started at 18NOV14:08:53:00.0
Source: 2255-282
Scan 3 started at 18NOV14:08:57:08.0
Source: c_1161
Source: c_1162
Source: c_1163
Source: c_1164
Source: c_1165
Source: c_1166
Source: c_1167
Source: c_1168
Source: c_1169
Source: c_1170
Source: c_1171
Source: c_1172
Source: c_1173
Source: c_1174
Source: c_1175
Source: c_1176
Source: c_1177
Source: c_1178
Source: c_1179
Source: c_1180
Scan 4 started at 18NOV14:09:11:24.0
Source: 2255-282
Scan 5 started at 18NOV14:09:17:24.0
Source: c_1182
Source: c_1183
Source: c_1184
Source: c_1185
Source: c_1186
Source: c_1187
Source: c_1188
Source: c_1189
Source: c_1190
Source: c_1191
Source: c_1192
Source: c_1193
Source: c_1194
Source: c_1195
Source: c_1196
Source: c_1197
Source: c_1198
Source: c_1199
Source: c_1200
Scan 6 started at 18NOV14:09:34:28.0
Source: 2255-282
Scan 7 started at 18NOV14:09:39:40.0
Source: c_1201
Source: c_1202
Source: c_1203
Source: c_1204
Source: c_1205
Source: c_1206
Source: c_1207
Source: c_1208
Source: c_1209
Source: c_1210
Source: c_1211
Source: c_1212
Source: c_1213
Source: c_1214
Source: c_1215
Source: c_1216
Source: c_1217
Source: c_1218
Source: c_1219
Source: c_1220
Scan 8 started at 18NOV14:09:53:16.0
Source: 2255-282
Scan 9 started at 18NOV14:09:57:16.0
Source: c_1221
Source: c_1222
Source: c_1223
Source: c_1224
Source: c_1225
Source: c_1226
Source: c_1227
Source: c_1228
Source: c_1229
Source: c_1230
Source: c_1231
Source: c_1232
Source: c_1233
Source: c_1234
Source: c_1235
Source: c_1236
Source: c_1237
Source: c_1238
Source: c_1239
Source: c_1240
Scan 10 started at 18NOV14:10:10:52.0
Source: 2255-282
Scan 11 started at 18NOV14:10:14:12.0
Source: c_1241
Source: c_1242
Source: c_1243
Source: c_1244
Source: c_1245
Source: c_1246
Source: c_1247
Source: c_1248
Source: c_1249
Source: c_1250
Source: c_1251
Source: c_1252
Source: c_1253
Source: c_1254
Source: c_1255
Source: c_1256
Source: c_1257
Source: c_1258
Source: c_1259
Source: c_1260
Scan 12 started at 18NOV14:10:28:04.0
Source: 2255-282
Scan 13 started at 18NOV14:10:31:24.0
Source: c_1081
Source: c_1082
Source: c_1083
Source: c_1084
Source: c_1085
Source: c_1086
Source: c_1087
Source: c_1088
Source: c_1089
Source: c_1090
Source: c_1091
Source: c_1092
Source: c_1093
Source: c_1094
Source: c_1095
Source: c_1096
Source: c_1097
Source: c_1098
Source: c_1099
Source: c_1100
Scan 14 started at 18NOV14:10:44:52.0
Source: 2255-282
Scan 15 started at 18NOV14:10:48:04.0
Source: c_1101
Source: c_1102
Source: c_1103
Source: c_1104
Source: c_1105
Source: c_1106
Source: c_1107
Source: c_1108
Source: c_1109
Source: c_1110
Source: c_1111
Source: c_1112
Source: c_1113
Source: c_1114
Source: c_1115
Source: c_1116
Source: c_1117
Source: c_1118
Source: c_1119
Source: c_1120
Scan 16 started at 18NOV14:11:01:48.0
Source: 2255-282
Scan 17 started at 18NOV14:11:04:52.0
Source: c_1121
Source: c_1122
Source: c_1123
Source: c_1124
Source: c_1125
Source: c_1126
Source: c_1127
Source: c_1128
Source: c_1129
Source: c_1130
Source: c_1131
Source: c_1132
Source: c_1133
Source: c_1134
Source: c_1135
Source: c_1136
Source: c_1137
Source: c_1138
Source: c_1139
Source: c_1140
Scan 18 started at 18NOV14:11:18:28.0
Source: 2255-282
Scan 19 started at 18NOV14:11:21:32.0
Source: c_1141
Source: c_1142
Source: c_1143
Source: c_1144
Source: c_1145
Source: c_1146
Source: c_1147
Source: c_1148
Source: c_1149
Source: c_1150
Source: c_1151
Source: c_1152
Source: c_1153
RPFITS file version is 2.12
---------------------------------------
Total number of spectra selected: 72660

Summary of spectra flagged
Flagging Reason            Fraction
---------------            --------
Antenna off-source/off-line  16.4%
---------------------------------------
Processing file raw/2018-11-14_1129.C3132
CABB data detected
Scan 1 started at 18NOV14:11:29:56.0
Source: c_1153
Source: c_1154
Source: c_1155
Source: c_1156
Source: c_1157
Source: c_1158
Source: c_1159
Source: c_1160
Scan 2 started at 18NOV14:11:35:00.0
Source: 2255-282
Scan 3 started at 18NOV14:11:37:56.0
Source: c_1161
Source: c_1162
Source: c_1163
Source: c_1164
Source: c_1165
Source: c_1166
Source: c_1167
Source: c_1168
Source: c_1169
Source: c_1170
Source: c_1171
Source: c_1172
Source: c_1173
Source: c_1174
Source: c_1175
Source: c_1176
Source: c_1177
Source: c_1178
Source: c_1179
Source: c_1180
Scan 4 started at 18NOV14:11:51:32.0
Source: 2255-282
Scan 5 started at 18NOV14:11:54:28.0
Source: c_1181
Source: c_1182
Source: c_1183
Source: c_1184
Source: c_1185
Source: c_1186
Source: c_1187
Source: c_1188
Source: c_1189
Source: c_1190
Source: c_1191
Source: c_1192
Source: c_1193
Source: c_1194
Source: c_1195
Source: c_1196
Source: c_1197
Source: c_1198
Source: c_1199
Source: c_1200
Scan 6 started at 18NOV14:12:08:04.0
Source: 2255-282
Scan 7 started at 18NOV14:12:11:00.0
Source: c_1201
Source: c_1202
Source: c_1203
Source: c_1204
Source: c_1205
Source: c_1206
Source: c_1207
Source: c_1208
Source: c_1209
Source: c_1210
Source: c_1211
Source: c_1212
Source: c_1213
Source: c_1214
Source: c_1215
Source: c_1216
Source: c_1217
Source: c_1218
Source: c_1219
Source: c_1220
Scan 8 started at 18NOV14:12:24:28.0
Source: 2255-282
Scan 9 started at 18NOV14:12:27:24.0
Source: c_1221
Source: c_1222
Source: c_1223
Source: c_1224
Source: c_1225
Source: c_1226
Source: c_1227
Source: c_1228
Source: c_1229
Source: c_1230
Source: c_1231
Source: c_1232
Source: c_1233
Source: c_1234
Source: c_1235
Source: c_1236
Source: c_1237
Source: c_1238
Source: c_1239
Source: c_1240
Scan 10 started at 18NOV14:12:40:52.0
Source: 2255-282
Scan 11 started at 18NOV14:12:43:48.0
Source: c_1241
Source: c_1242
Source: c_1243
Source: c_1244
Source: c_1245
Source: c_1246
Source: c_1247
Source: c_1248
Source: c_1249
Source: c_1250
Source: c_1251
Source: c_1252
Source: c_1253
Source: c_1254
Source: c_1255
Source: c_1256
Source: c_1257
Source: c_1258
Source: c_1259
Source: c_1260
Scan 12 started at 18NOV14:12:57:24.0
Source: 2255-282
Scan 13 started at 18NOV14:13:00:20.0
Source: c_1081
Source: c_1082
Source: c_1083
Source: c_1084
Source: c_1085
Source: c_1086
Source: c_1087
Source: c_1088
Source: c_1089
Source: c_1090
Source: c_1091
Source: c_1092
Source: c_1093
Source: c_1094
Source: c_1095
Source: c_1096
Source: c_1097
Source: c_1098
Source: c_1099
Source: c_1100
Scan 14 started at 18NOV14:13:13:48.0
Source: 2255-282
Scan 15 started at 18NOV14:13:16:36.0
Source: c_1101
Source: c_1102
Source: c_1103
Source: c_1104
Source: c_1105
Source: c_1106
Source: c_1107
Source: c_1108
Source: c_1109
Source: c_1110
Source: c_1111
Source: c_1112
Source: c_1113
Source: c_1114
Source: c_1115
Source: c_1116
Source: c_1117
Source: c_1118
Source: c_1119
Source: c_1120
Scan 16 started at 18NOV14:13:30:20.0
Source: 2255-282
Scan 17 started at 18NOV14:13:33:16.0
Source: c_1121
Source: c_1122
Source: c_1123
Source: c_1124
Source: c_1125
Source: c_1126
Source: c_1127
Source: c_1128
Source: c_1129
Source: c_1130
Source: c_1131
Source: c_1132
Source: c_1133
Source: c_1134
Source: c_1135
Source: c_1136
Source: c_1137
Source: c_1138
Source: c_1139
Source: c_1140
Scan 18 started at 18NOV14:13:46:44.0
Source: 2255-282
Scan 19 started at 18NOV14:13:49:32.0
Source: c_1141
Source: c_1142
Source: c_1143
Source: c_1144
Source: c_1145
Source: c_1146
Source: c_1147
Source: c_1148
Source: c_1149
Source: c_1150
Source: c_1151
Source: c_1152
Source: c_1153
Source: c_1154
Source: c_1155
Source: c_1156
Source: c_1157
Source: c_1158
Source: c_1159
Source: c_1160
Scan 20 started at 18NOV14:14:03:08.0
Source: 2255-282
Scan 21 started at 18NOV14:14:06:04.0
Source: c_1161
Source: c_1162
Source: c_1163
Source: c_1164
Source: c_1165
Source: c_1166
Source: c_1167
Source: c_1168
Source: c_1169
Source: c_1170
Source: c_1171
Source: c_1172
Source: c_1173
Source: c_1174
Source: c_1175
Source: c_1176
Source: c_1177
RPFITS file version is 2.12
---------------------------------------
Total number of spectra selected: 72660

Summary of spectra flagged
Flagging Reason            Fraction
---------------            --------
Antenna off-source/off-line  4.42%
---------------------------------------
Processing file raw/2018-11-14_1416.C3132
CABB data detected
Scan 1 started at 18NOV14:14:16:44.0
Source: c_1177
Source: c_1178
Source: c_1179
Source: c_1180
Scan 2 started at 18NOV14:14:19:32.0
Source: 2255-282
Scan 3 started at 18NOV14:14:22:28.0
Source: c_1181
Source: c_1182
Source: c_1183
Source: c_1184
Source: c_1185
Source: c_1186
Source: c_1187
Source: c_1188
Source: c_1189
Source: c_1190
Source: c_1191
Source: c_1192
Source: c_1193
Source: c_1194
Source: c_1195
Source: c_1196
Source: c_1197
Source: c_1198
Source: c_1199
Source: c_1200
Scan 4 started at 18NOV14:14:36:04.0
Source: 2255-282
Scan 5 started at 18NOV14:14:39:00.0
Source: c_1201
Source: c_1202
Source: c_1203
Source: c_1204
Source: c_1205
Source: c_1206
Source: c_1207
Source: c_1208
Source: c_1209
Source: c_1210
Source: c_1211
Source: c_1212
Source: c_1213
Source: c_1214
Source: c_1215
Source: c_1216
Source: c_1217
Source: c_1218
Source: c_1219
Source: c_1220
Scan 6 started at 18NOV14:14:52:28.0
Source: 2255-282
Scan 7 started at 18NOV14:14:55:24.0
Source: c_1221
Source: c_1222
Source: c_1223
Source: c_1224
Source: c_1225
Source: c_1226
 14:59:08 CAOBS> stop
 14:59:12 CAOBS> cor closef
RPFITS file version is 2.12
---------------------------------------
Total number of spectra selected: 18360

Summary of spectra flagged
Flagging Reason            Fraction
---------------            --------
Antenna off-source/off-line  5.23%
---------------------------------------

No CACAL data was detected

2018-11-22 20:27:53,964 [MainThread  ] [INFO ]  uvflag vis=data5.uv line=chan,6,1146,1 flagval=flag

uvflag: Revision 1.8, 2014/09/30 14:23:39 UTC


Set flags to indicate bad data in visibility file data5.uv
Linetype channel; select    6 channels; start 1146, width    1, step    1

Overview of flagging on visibility file data5.uv
Changed flags set to FALSE (data flagged as bad)
Total number of records selected: 284640; out of 284640 records
Antennas used: 1-6
Counts of correlations within selected channels
channel   Originally    Currently
Good:          853920.           0.    Changed to bad:      853920.
Bad:           853920.     1707840.

2018-11-22 20:28:22,962 [MainThread  ] [INFO ]  uvflag vis=data5.uv line=chan,30,1454,1 flagval=flag

uvflag: Revision 1.8, 2014/09/30 14:23:39 UTC


Set flags to indicate bad data in visibility file data5.uv
Linetype channel; select   30 channels; start 1454, width    1, step    1

Overview of flagging on visibility file data5.uv
Changed flags set to FALSE (data flagged as bad)
Total number of records selected: 284640; out of 284640 records
Antennas used: 1-6
Counts of correlations within selected channels
channel   Originally    Currently
Good:         8539200.           0.    Changed to bad:     8539200.
Bad:                0.     8539200.

2018-11-22 20:29:00,411 [MainThread  ] [INFO ]  uvflag vis=data5.uv line=chan,40,1964,1 flagval=flag

uvflag: Revision 1.8, 2014/09/30 14:23:39 UTC


Set flags to indicate bad data in visibility file data5.uv
Linetype channel; select   40 channels; start 1964, width    1, step    1

Overview of flagging on visibility file data5.uv
Changed flags set to FALSE (data flagged as bad)
Total number of records selected: 284640; out of 284640 records
Antennas used: 1-6
Counts of correlations within selected channels
channel   Originally    Currently
Good:               0.           0.    Changed to bad:           0.
Bad:         11385600.    11385600.

2018-11-22 20:30:11,589 [MainThread  ] [INFO ]  uvsplit vis=data5.uv options=mosaic

uvsplit: Revision 1.18, 2016/05/09 03:06:18 UTC

Creating 1934-638.5500
Creating 2255-282.5500
Creating c.5500

2018-11-22 20:30:24,678 [MainThread  ] [INFO ]  pgflag vis=1934-638.5500 command='<b' stokes=i,q,u,v flagpar=8,5,5,3,6,3 options=nodisp

pgflag: Revision 1.30, 2016/10/05 23:06:50 UTC

Applying changes to dataset
Counts of correlations within selected channels:
 channel  Originally  Currently
 Good:       7547400    7492816    Changed to bad:      54584
 Bad:        1058400    1112984    Changed to good:         0
 12.9% of the data is now flagged

2018-11-22 20:30:35,306 [MainThread  ] [INFO ]  pgflag vis=1934-638.5500 command='<b' stokes=i,v,q,u flagpar=8,2,2,3,6,3  options=nodisp

pgflag: Revision 1.30, 2016/10/05 23:06:50 UTC

Applying changes to dataset
Counts of correlations within selected channels:
 channel  Originally  Currently
 Good:       7492816    7429680    Changed to bad:      63136
 Bad:        1112984    1176120    Changed to good:         0
 13.7% of the data is now flagged

2018-11-22 20:30:45,786 [MainThread  ] [INFO ]  pgflag vis=1934-638.5500 command='<b' stokes=i,v,u,q flagpar=8,2,2,3,6,3  options=nodisp

pgflag: Revision 1.30, 2016/10/05 23:06:50 UTC

Applying changes to dataset
Counts of correlations within selected channels:
 channel  Originally  Currently
 Good:       7429680    7338924    Changed to bad:      90756
 Bad:        1176120    1266876    Changed to good:         0
 14.7% of the data is now flagged

2018-11-22 20:31:49,990 [MainThread  ] [INFO ]  mfcal vis=1934-638.5500 refant=4 interval=0.1
MfCal: $Revision: 1.20 $, $Date: 2017/05/08 02:31:10 $
Selecting parallel-hand polarisations
Reading the data ...
Number correlations accepted: 3669462
Number of frequency bands/settings: 1
Number of polarisations selected: 2
Number of solution intervals: 70
Number of passband solution intervals: 1
Initialising ...
Using post-Aug94 ATCA flux scale for 1934-638.
Using known frequency variation of 1934-638
Generating initial solution estimate ...
Doing solution refinement ...
Iter= 1, Solution Error:  0.419
Iter= 2, Solution Error:  0.004
Iter= 3, Solution Error:  0.000
Saving solution ...

2018-11-22 20:31:50,781 [MainThread  ] [INFO ]  gpcal vis=1934-638.5500 refant=4 interval=0.1 nfbin=2 options=xyvary

gpcal: Revision 1.22, 2016/05/01 22:31:05 UTC

Applying bandpass corrections to 1934-638.5500
Number of antennae: 6
Reading the data ...
Number of solution intervals: 70
Total visibilities read: 1050
Number visibilities accepted: 1050
Using post-Aug94 ATCA flux scale for 1934-638.
Using IQUV =  5.0194,  0.0000,  0.0000,  0.0000 at   5.4498 GHz.
Using post-Aug94 ATCA flux scale for 1934-638.
Using IQUV =  5.5169,  0.0000,  0.0000,  0.0000 at   5.0320 GHz.
Using post-Aug94 ATCA flux scale for 1934-638.
Using IQUV =  4.5143,  0.0000,  0.0000,  0.0000 at   5.9502 GHz.
Iter= 1, Amplit/Phase Solution Error:   0.147
Iter= 1, Polarisation Solution Error:   0.042
Iter= 1, Overall Solution Error:        0.573
Iter= 2, Amplit/Phase Solution Error:   0.002
Iter= 2, Polarisation Solution Error:   0.000
Iter= 2, Overall Solution Error:        0.003
Iter= 3, Amplit/Phase Solution Error:   0.001
Iter= 3, Polarisation Solution Error:   0.000
Iter= 3, Overall Solution Error:        0.001
I flux density:   5.0194
Leakage terms:
 Ant 1:Dx,Dy = ( 0.00190,-0.00170),(-0.00097,-0.00084)
 Ant 2:Dx,Dy = ( 0.00392, 0.00773),(-0.00331, 0.00794)
 Ant 3:Dx,Dy = ( 0.00433,-0.00170),(-0.00787,-0.00164)
 Ant 4:Dx,Dy = ( 0.00414, 0.01904),(-0.00275, 0.01980)
 Ant 5:Dx,Dy = (-0.01665,-0.00149),( 0.01597,-0.00115)
 Ant 6:Dx,Dy = ( 0.00201,-0.02323),(-0.00141,-0.02276)
Solution for freq bin  1
Iter= 1, Amplit/Phase Solution Error:   0.141
Iter= 1, Polarisation Solution Error:   0.045
Iter= 1, Overall Solution Error:        0.554
Iter= 2, Amplit/Phase Solution Error:   0.002
Iter= 2, Polarisation Solution Error:   0.000
Iter= 2, Overall Solution Error:        0.003
Iter= 3, Amplit/Phase Solution Error:   0.001
Iter= 3, Polarisation Solution Error:   0.000
Iter= 3, Overall Solution Error:        0.001
I flux density:   5.5169
Leakage terms:
 Ant 1:Dx,Dy = ( 0.00195,-0.00132),(-0.00117,-0.00024)
 Ant 2:Dx,Dy = ( 0.00379, 0.00883),(-0.00340, 0.00891)
 Ant 3:Dx,Dy = ( 0.00375,-0.00169),(-0.00846,-0.00085)
 Ant 4:Dx,Dy = ( 0.00380, 0.01983),(-0.00263, 0.02071)
 Ant 5:Dx,Dy = (-0.01706,-0.00275),( 0.01557,-0.00219)
 Ant 6:Dx,Dy = ( 0.00198,-0.02496),(-0.00169,-0.02429)
Solution for freq bin  2
Iter= 1, Amplit/Phase Solution Error:   0.156
Iter= 1, Polarisation Solution Error:   0.039
Iter= 1, Overall Solution Error:        0.601
Iter= 2, Amplit/Phase Solution Error:   0.002
Iter= 2, Polarisation Solution Error:   0.000
Iter= 2, Overall Solution Error:        0.003
Iter= 3, Amplit/Phase Solution Error:   0.001
Iter= 3, Polarisation Solution Error:   0.000
Iter= 3, Overall Solution Error:        0.001
I flux density:   4.5143
Leakage terms:
 Ant 1:Dx,Dy = ( 0.00183,-0.00221),(-0.00071,-0.00163)
 Ant 2:Dx,Dy = ( 0.00410, 0.00623),(-0.00317, 0.00660)
 Ant 3:Dx,Dy = ( 0.00511,-0.00172),(-0.00707,-0.00270)
 Ant 4:Dx,Dy = ( 0.00460, 0.01796),(-0.00290, 0.01856)
 Ant 5:Dx,Dy = (-0.01610, 0.00024),( 0.01650, 0.00028)
 Ant 6:Dx,Dy = ( 0.00206,-0.02090),(-0.00104,-0.02071)

2018-11-22 20:32:08,673 [MainThread  ] [INFO ]  pgflag vis=1934-638.5500 command='<b' stokes=i,q,u,v flagpar=8,5,5,3,6,3 options=nodisp

pgflag: Revision 1.30, 2016/10/05 23:06:50 UTC

Applying bandpass corrections to 1934-638.5500
Applying freq. dependent gain corrections to 1934-638.5500
Applying freq. dependent leakage correction to 1934-638.5500
Applying changes to dataset
Counts of correlations within selected channels:
 channel  Originally  Currently
 Good:       7338924    7319360    Changed to bad:      19564
 Bad:        1266876    1286440    Changed to good:         0
 14.9% of the data is now flagged

2018-11-22 20:32:33,608 [MainThread  ] [INFO ]  pgflag vis=1934-638.5500 command='<b' stokes=i,v,q,u flagpar=8,2,2,3,6,3  options=nodisp

pgflag: Revision 1.30, 2016/10/05 23:06:50 UTC

Applying bandpass corrections to 1934-638.5500
Applying freq. dependent gain corrections to 1934-638.5500
Applying freq. dependent leakage correction to 1934-638.5500
Applying changes to dataset
Counts of correlations within selected channels:
 channel  Originally  Currently
 Good:       7319360    7301756    Changed to bad:      17604
 Bad:        1286440    1304044    Changed to good:         0
 15.2% of the data is now flagged

2018-11-22 20:32:49,643 [MainThread  ] [INFO ]  pgflag vis=1934-638.5500 command='<b' stokes=i,v,u,q flagpar=8,2,2,3,6,3  options=nodisp

pgflag: Revision 1.30, 2016/10/05 23:06:50 UTC

Applying bandpass corrections to 1934-638.5500
Applying freq. dependent gain corrections to 1934-638.5500
Applying freq. dependent leakage correction to 1934-638.5500
Applying changes to dataset
Counts of correlations within selected channels:
 channel  Originally  Currently
 Good:       7301756    7284508    Changed to bad:      17248
 Bad:        1304044    1321292    Changed to good:         0
 15.4% of the data is now flagged

2018-11-22 20:33:44,705 [MainThread  ] [INFO ]  mfcal vis=1934-638.5500 refant=4 interval=0.1
MfCal: $Revision: 1.20 $, $Date: 2017/05/08 02:31:10 $
Selecting parallel-hand polarisations
Reading the data ...
Number correlations accepted: 3642254
Number of frequency bands/settings: 1
Number of polarisations selected: 2
Number of solution intervals: 70
Number of passband solution intervals: 1
Initialising ...
Using post-Aug94 ATCA flux scale for 1934-638.
Using known frequency variation of 1934-638
Generating initial solution estimate ...
Doing solution refinement ...
Iter= 1, Solution Error:  0.421
Iter= 2, Solution Error:  0.004
Iter= 3, Solution Error:  0.000
Saving solution ...

2018-11-22 20:33:46,849 [MainThread  ] [INFO ]  gpcal vis=1934-638.5500 refant=4 interval=0.1 nfbin=2 options=xyvary

gpcal: Revision 1.22, 2016/05/01 22:31:05 UTC

Applying bandpass corrections to 1934-638.5500
Number of antennae: 6
Using leakage parameters from input as initial guess
Reading the data ...
Number of solution intervals: 70
Total visibilities read: 1050
Number visibilities accepted: 1050
Using post-Aug94 ATCA flux scale for 1934-638.
Using IQUV =  5.0199,  0.0000,  0.0000,  0.0000 at   5.4494 GHz.
Using post-Aug94 ATCA flux scale for 1934-638.
Using IQUV =  5.5142,  0.0000,  0.0000,  0.0000 at   5.0340 GHz.
Using post-Aug94 ATCA flux scale for 1934-638.
Using IQUV =  4.5161,  0.0000,  0.0000,  0.0000 at   5.9483 GHz.
Iter= 1, Amplit/Phase Solution Error:   0.147
Iter= 1, Polarisation Solution Error:   0.000
Iter= 1, Overall Solution Error:        0.573
Iter= 2, Amplit/Phase Solution Error:   0.002
Iter= 2, Polarisation Solution Error:   0.000
Iter= 2, Overall Solution Error:        0.003
Iter= 3, Amplit/Phase Solution Error:   0.001
Iter= 3, Polarisation Solution Error:   0.000
Iter= 3, Overall Solution Error:        0.001
I flux density:   5.0199
Leakage terms:
 Ant 1:Dx,Dy = ( 0.00190,-0.00171),(-0.00097,-0.00084)
 Ant 2:Dx,Dy = ( 0.00392, 0.00774),(-0.00330, 0.00795)
 Ant 3:Dx,Dy = ( 0.00434,-0.00171),(-0.00788,-0.00164)
 Ant 4:Dx,Dy = ( 0.00414, 0.01904),(-0.00274, 0.01980)
 Ant 5:Dx,Dy = (-0.01665,-0.00149),( 0.01597,-0.00115)
 Ant 6:Dx,Dy = ( 0.00203,-0.02323),(-0.00141,-0.02276)
Solution for freq bin  1
Iter= 1, Amplit/Phase Solution Error:   0.141
Iter= 1, Polarisation Solution Error:   0.002
Iter= 1, Overall Solution Error:        0.554
Iter= 2, Amplit/Phase Solution Error:   0.002
Iter= 2, Polarisation Solution Error:   0.000
Iter= 2, Overall Solution Error:        0.003
Iter= 3, Amplit/Phase Solution Error:   0.001
Iter= 3, Polarisation Solution Error:   0.000
Iter= 3, Overall Solution Error:        0.001
I flux density:   5.5142
Leakage terms:
 Ant 1:Dx,Dy = ( 0.00195,-0.00133),(-0.00117,-0.00023)
 Ant 2:Dx,Dy = ( 0.00380, 0.00883),(-0.00338, 0.00891)
 Ant 3:Dx,Dy = ( 0.00376,-0.00169),(-0.00846,-0.00085)
 Ant 4:Dx,Dy = ( 0.00380, 0.01982),(-0.00262, 0.02070)
 Ant 5:Dx,Dy = (-0.01705,-0.00275),( 0.01557,-0.00219)
 Ant 6:Dx,Dy = ( 0.00199,-0.02495),(-0.00168,-0.02427)
Solution for freq bin  2
Iter= 1, Amplit/Phase Solution Error:   0.155
Iter= 1, Polarisation Solution Error:   0.003
Iter= 1, Overall Solution Error:        0.600
Iter= 2, Amplit/Phase Solution Error:   0.002
Iter= 2, Polarisation Solution Error:   0.000
Iter= 2, Overall Solution Error:        0.003
Iter= 3, Amplit/Phase Solution Error:   0.001
Iter= 3, Polarisation Solution Error:   0.000
Iter= 3, Overall Solution Error:        0.001
I flux density:   4.5161
Leakage terms:
 Ant 1:Dx,Dy = ( 0.00182,-0.00222),(-0.00071,-0.00164)
 Ant 2:Dx,Dy = ( 0.00410, 0.00625),(-0.00318, 0.00662)
 Ant 3:Dx,Dy = ( 0.00512,-0.00172),(-0.00709,-0.00270)
 Ant 4:Dx,Dy = ( 0.00459, 0.01797),(-0.00288, 0.01856)
 Ant 5:Dx,Dy = (-0.01610, 0.00024),( 0.01652, 0.00028)
 Ant 6:Dx,Dy = ( 0.00208,-0.02091),(-0.00106,-0.02072)

2018-11-22 20:33:47,077 [MainThread  ] [INFO ]  gpcopy vis=1934-638.5500 out=2255-282.5500

gpcopy: Revision 1.13, 2015/10/29 01:31:39 UTC

Copying leakage table
Copying gain table
Interpolation tolerance set to (minutes): 720.00
Copying bandpass table

2018-11-22 20:37:08,526 [MainThread  ] [INFO ]  pgflag vis=2255-282.5500 command='<b' stokes=i,q,u,v flagpar=8,5,5,3,6,3 options=nodisp

pgflag: Revision 1.30, 2016/10/05 23:06:50 UTC

Applying bandpass corrections to 2255-282.5500
Applying freq. dependent gain corrections to 2255-282.5500
Applying freq. dependent leakage correction to 2255-282.5500
Applying changes to dataset
Counts of correlations within selected channels:
 channel  Originally  Currently
 Good:      68020044   67411820    Changed to bad:     608224
 Bad:        9538704   10146928    Changed to good:         0
 13.1% of the data is now flagged

2018-11-22 20:40:30,502 [MainThread  ] [INFO ]  pgflag vis=2255-282.5500 command='<b' stokes=i,v,q,u flagpar=8,2,2,3,6,3  options=nodisp

pgflag: Revision 1.30, 2016/10/05 23:06:50 UTC

Applying bandpass corrections to 2255-282.5500
Applying freq. dependent gain corrections to 2255-282.5500
Applying freq. dependent leakage correction to 2255-282.5500
Applying changes to dataset
Counts of correlations within selected channels:
 channel  Originally  Currently
 Good:      67411820   66859904    Changed to bad:     551916
 Bad:       10146928   10698844    Changed to good:         0
 13.8% of the data is now flagged

2018-11-22 20:43:36,128 [MainThread  ] [INFO ]  pgflag vis=2255-282.5500 command='<b' stokes=i,v,u,q flagpar=8,2,2,3,6,3  options=nodisp

pgflag: Revision 1.30, 2016/10/05 23:06:50 UTC

Applying bandpass corrections to 2255-282.5500
Applying freq. dependent gain corrections to 2255-282.5500
Applying freq. dependent leakage correction to 2255-282.5500
Applying changes to dataset
Counts of correlations within selected channels:
 channel  Originally  Currently
 Good:      66859904   66185260    Changed to bad:     674644
 Bad:       10698844   11373488    Changed to good:         0
 14.7% of the data is now flagged

2018-11-22 20:43:42,428 [MainThread  ] [INFO ]  gpcal vis=2255-282.5500 refant=4 interval=0.1 nfbin=2 options=xyvary,qusolve

gpcal: Revision 1.22, 2016/05/01 22:31:05 UTC

Applying bandpass corrections to 2255-282.5500
Number of antennae: 6
Using leakage parameters from input as initial guess
Reading the data ...
Number of solution intervals: 631
Total visibilities read: 9463
Number visibilities accepted: 9460
Iter= 1, Amplit/Phase Solution Error:   0.421
Iter= 1, Polarisation Solution Error:   0.011
Iter= 1, Overall Solution Error:        1.305
Iter= 2, Amplit/Phase Solution Error:   0.013
Iter= 2, Polarisation Solution Error:   0.000
Iter= 2, Overall Solution Error:        0.010
Iter= 3, Amplit/Phase Solution Error:   0.001
Iter= 3, Polarisation Solution Error:   0.000
Iter= 3, Overall Solution Error:        0.001
I flux density:   3.2942
Percent Q:   0.530
Percent U:   1.138
Leakage terms:
 Ant 1:Dx,Dy = ( 0.00140,-0.00151),(-0.00104,-0.00155)
 Ant 2:Dx,Dy = ( 0.00381, 0.00772),(-0.00400, 0.00724)
 Ant 3:Dx,Dy = ( 0.00381,-0.00117),(-0.00747,-0.00214)
 Ant 4:Dx,Dy = ( 0.00425, 0.01927),(-0.00338, 0.01928)
 Ant 5:Dx,Dy = (-0.01700,-0.00064),( 0.01616,-0.00114)
 Ant 6:Dx,Dy = ( 0.00208,-0.02242),(-0.00191,-0.02293)
Solution for freq bin  1
Iter= 1, Amplit/Phase Solution Error:   0.392
Iter= 1, Polarisation Solution Error:   0.011
Iter= 1, Overall Solution Error:        1.253
Iter= 2, Amplit/Phase Solution Error:   0.011
Iter= 2, Polarisation Solution Error:   0.000
Iter= 2, Overall Solution Error:        0.009
Iter= 3, Amplit/Phase Solution Error:   0.001
Iter= 3, Polarisation Solution Error:   0.000
Iter= 3, Overall Solution Error:        0.001
I flux density:   3.1241
Percent Q:  -0.140
Percent U:   1.118
Leakage terms:
 Ant 1:Dx,Dy = ( 0.00151,-0.00092),(-0.00130,-0.00082)
 Ant 2:Dx,Dy = ( 0.00376, 0.00927),(-0.00395, 0.00850)
 Ant 3:Dx,Dy = ( 0.00322,-0.00119),(-0.00813,-0.00133)
 Ant 4:Dx,Dy = ( 0.00370, 0.02016),(-0.00292, 0.02015)
 Ant 5:Dx,Dy = (-0.01725,-0.00221),( 0.01574,-0.00265)
 Ant 6:Dx,Dy = ( 0.00214,-0.02432),(-0.00236,-0.02464)
Solution for freq bin  2
Iter= 1, Amplit/Phase Solution Error:   0.450
Iter= 1, Polarisation Solution Error:   0.012
Iter= 1, Overall Solution Error:        1.342
Iter= 2, Amplit/Phase Solution Error:   0.017
Iter= 2, Polarisation Solution Error:   0.000
Iter= 2, Overall Solution Error:        0.012
Iter= 3, Amplit/Phase Solution Error:   0.001
Iter= 3, Polarisation Solution Error:   0.000
Iter= 3, Overall Solution Error:        0.001
I flux density:   3.4765
Percent Q:   1.168
Percent U:   1.157
Leakage terms:
 Ant 1:Dx,Dy = ( 0.00128,-0.00190),(-0.00081,-0.00204)
 Ant 2:Dx,Dy = ( 0.00387, 0.00634),(-0.00406, 0.00614)
 Ant 3:Dx,Dy = ( 0.00432,-0.00125),(-0.00690,-0.00301)
 Ant 4:Dx,Dy = ( 0.00470, 0.01826),(-0.00387, 0.01834)
 Ant 5:Dx,Dy = (-0.01673, 0.00067),( 0.01659, 0.00010)
 Ant 6:Dx,Dy = ( 0.00187,-0.02049),(-0.00164,-0.02116)

2018-11-22 20:46:40,911 [MainThread  ] [INFO ]  pgflag vis=2255-282.5500 command='<b' stokes=i,q,u,v flagpar=8,5,5,3,6,3 options=nodisp

pgflag: Revision 1.30, 2016/10/05 23:06:50 UTC

Applying bandpass corrections to 2255-282.5500
Applying freq. dependent gain corrections to 2255-282.5500
Applying freq. dependent leakage correction to 2255-282.5500
Applying changes to dataset
Counts of correlations within selected channels:
 channel  Originally  Currently
 Good:      66185260   65527244    Changed to bad:     658016
 Bad:       11373488   12031504    Changed to good:         0
 15.5% of the data is now flagged

2018-11-22 20:49:47,122 [MainThread  ] [INFO ]  pgflag vis=2255-282.5500 command='<b' stokes=i,v,q,u flagpar=8,2,2,3,6,3  options=nodisp

pgflag: Revision 1.30, 2016/10/05 23:06:50 UTC

Applying bandpass corrections to 2255-282.5500
Applying freq. dependent gain corrections to 2255-282.5500
Applying freq. dependent leakage correction to 2255-282.5500
Applying changes to dataset
Counts of correlations within selected channels:
 channel  Originally  Currently
 Good:      65527244   64848592    Changed to bad:     678652
 Bad:       12031504   12710156    Changed to good:         0
 16.4% of the data is now flagged

2018-11-22 20:52:43,063 [MainThread  ] [INFO ]  pgflag vis=2255-282.5500 command='<b' stokes=i,v,u,q flagpar=8,2,2,3,6,3  options=nodisp

pgflag: Revision 1.30, 2016/10/05 23:06:50 UTC

Applying bandpass corrections to 2255-282.5500
Applying freq. dependent gain corrections to 2255-282.5500
Applying freq. dependent leakage correction to 2255-282.5500
Applying changes to dataset
Counts of correlations within selected channels:
 channel  Originally  Currently
 Good:      64848592   64132244    Changed to bad:     716348
 Bad:       12710156   13426504    Changed to good:         0
 17.3% of the data is now flagged

2018-11-22 20:52:47,859 [MainThread  ] [INFO ]  gpcal vis=2255-282.5500 refant=4 interval=0.1 nfbin=2 options=xyvary,qusolve

gpcal: Revision 1.22, 2016/05/01 22:31:05 UTC

Applying bandpass corrections to 2255-282.5500
Number of antennae: 6
Using leakage parameters from input as initial guess
Reading the data ...
Number of solution intervals: 631
Total visibilities read: 9463
Number visibilities accepted: 9460
Iter= 1, Amplit/Phase Solution Error:   0.433
Iter= 1, Polarisation Solution Error:   0.011
Iter= 1, Overall Solution Error:        1.315
Iter= 2, Amplit/Phase Solution Error:   0.013
Iter= 2, Polarisation Solution Error:   0.000
Iter= 2, Overall Solution Error:        0.010
Iter= 3, Amplit/Phase Solution Error:   0.001
Iter= 3, Polarisation Solution Error:   0.000
Iter= 3, Overall Solution Error:        0.001
I flux density:   3.3006
Percent Q:   0.517
Percent U:   1.133
Leakage terms:
 Ant 1:Dx,Dy = ( 0.00143,-0.00154),(-0.00097,-0.00157)
 Ant 2:Dx,Dy = ( 0.00386, 0.00772),(-0.00395, 0.00724)
 Ant 3:Dx,Dy = ( 0.00388,-0.00116),(-0.00739,-0.00214)
 Ant 4:Dx,Dy = ( 0.00432, 0.01927),(-0.00331, 0.01927)
 Ant 5:Dx,Dy = (-0.01693,-0.00063),( 0.01623,-0.00114)
 Ant 6:Dx,Dy = ( 0.00215,-0.02240),(-0.00189,-0.02291)
Solution for freq bin  1
Iter= 1, Amplit/Phase Solution Error:   0.403
Iter= 1, Polarisation Solution Error:   0.011
Iter= 1, Overall Solution Error:        1.260
Iter= 2, Amplit/Phase Solution Error:   0.011
Iter= 2, Polarisation Solution Error:   0.000
Iter= 2, Overall Solution Error:        0.009
Iter= 3, Amplit/Phase Solution Error:   0.001
Iter= 3, Polarisation Solution Error:   0.000
Iter= 3, Overall Solution Error:        0.001
I flux density:   3.1301
Percent Q:  -0.148
Percent U:   1.115
Leakage terms:
 Ant 1:Dx,Dy = ( 0.00154,-0.00094),(-0.00124,-0.00085)
 Ant 2:Dx,Dy = ( 0.00380, 0.00927),(-0.00390, 0.00850)
 Ant 3:Dx,Dy = ( 0.00327,-0.00117),(-0.00807,-0.00134)
 Ant 4:Dx,Dy = ( 0.00375, 0.02016),(-0.00285, 0.02014)
 Ant 5:Dx,Dy = (-0.01719,-0.00221),( 0.01579,-0.00265)
 Ant 6:Dx,Dy = ( 0.00220,-0.02429),(-0.00235,-0.02461)
Solution for freq bin  2
Iter= 1, Amplit/Phase Solution Error:   0.456
Iter= 1, Polarisation Solution Error:   0.012
Iter= 1, Overall Solution Error:        1.344
Iter= 2, Amplit/Phase Solution Error:   0.017
Iter= 2, Polarisation Solution Error:   0.000
Iter= 2, Overall Solution Error:        0.012
Iter= 3, Amplit/Phase Solution Error:   0.001
Iter= 3, Polarisation Solution Error:   0.000
Iter= 3, Overall Solution Error:        0.001
I flux density:   3.4808
Percent Q:   1.163
Percent U:   1.155
Leakage terms:
 Ant 1:Dx,Dy = ( 0.00127,-0.00192),(-0.00080,-0.00205)
 Ant 2:Dx,Dy = ( 0.00385, 0.00634),(-0.00406, 0.00614)
 Ant 3:Dx,Dy = ( 0.00434,-0.00125),(-0.00687,-0.00300)
 Ant 4:Dx,Dy = ( 0.00473, 0.01827),(-0.00386, 0.01834)
 Ant 5:Dx,Dy = (-0.01670, 0.00067),( 0.01663, 0.00010)
 Ant 6:Dx,Dy = ( 0.00189,-0.02048),(-0.00166,-0.02116)

2018-11-22 20:52:47,901 [MainThread  ] [INFO ]  gpboot vis=2255-282.5500 cal=1934-638.5500

gpboot: Revision 1.9, 2015/10/29 01:31:30 UTC

Secondary flux density scaled by:   0.998
Frequency bin  1 scaled by      :   1.001
Frequency bin  2 scaled by      :   1.002

2018-11-22 20:54:16,974 [MainThread  ] [INFO ]  gpcopy vis=2255-282.5500 out=c.5500

gpcopy: Revision 1.13, 2015/10/29 01:31:39 UTC

Copying leakage table
Copying gain table
Interpolation tolerance set to (minutes): 720.00
Copying bandpass table

2018-11-22 21:15:36,151 [MainThread  ] [INFO ]  pgflag vis=c.5500 command='<b' stokes=i,v,q,u flagpar=8,2,2,3,6,3  options=nodisp

pgflag: Revision 1.30, 2016/10/05 23:06:50 UTC

Applying bandpass corrections to c.5500
Applying freq. dependent gain corrections to c.5500
Applying freq. dependent leakage correction to c.5500
Applying changes to dataset
Counts of correlations within selected channels:
 channel  Originally  Currently
 Good:     435930636  422860788    Changed to bad:   13069848
 Bad:       61132176   74202024    Changed to good:         0
 14.9% of the data is now flagged

2018-11-22 21:37:29,357 [MainThread  ] [INFO ]  pgflag vis=c.5500 command='<b' stokes=i,v,u,q flagpar=8,2,2,3,6,3  options=nodisp

pgflag: Revision 1.30, 2016/10/05 23:06:50 UTC

Applying bandpass corrections to c.5500
Applying freq. dependent gain corrections to c.5500
Applying freq. dependent leakage correction to c.5500
Applying changes to dataset
Counts of correlations within selected channels:
 channel  Originally  Currently
 Good:     422860788  412862196    Changed to bad:    9998592
 Bad:       74202024   84200616    Changed to good:         0
 16.9% of the data is now flagged

2018-11-22 21:40:21,907 [MainThread  ] [INFO ]  uvsplit vis=c.5500

uvsplit: Revision 1.18, 2016/05/09 03:06:18 UTC

Creating c_1121.5500
Creating c_1122.5500
Creating c_1123.5500
Creating c_1124.5500
Creating c_1125.5500
Creating c_1126.5500
Creating c_1127.5500
Creating c_1128.5500
Creating c_1129.5500
Creating c_1130.5500
Creating c_1131.5500
Creating c_1132.5500
Creating c_1133.5500
Creating c_1134.5500
Creating c_1135.5500
Creating c_1136.5500
Creating c_1137.5500
Creating c_1138.5500
Creating c_1139.5500
Creating c_1140.5500
Creating c_1141.5500
Creating c_1142.5500
Creating c_1143.5500
Creating c_1144.5500
Creating c_1145.5500
Creating c_1146.5500
Creating c_1147.5500
Creating c_1148.5500
Creating c_1149.5500
Creating c_1150.5500
Creating c_1151.5500
Creating c_1152.5500
Creating c_1153.5500
Creating c_1154.5500
Creating c_1155.5500
Creating c_1156.5500
Creating c_1157.5500
Creating c_1158.5500
Creating c_1159.5500
Creating c_1160.5500
Creating c_1161.5500
Creating c_1162.5500
Creating c_1163.5500
Creating c_1164.5500
Creating c_1165.5500
Creating c_1166.5500
Creating c_1167.5500
Creating c_1168.5500
Creating c_1169.5500
Creating c_1170.5500
Creating c_1171.5500
Creating c_1172.5500
Creating c_1173.5500
Creating c_1174.5500
Creating c_1175.5500
Creating c_1176.5500
Creating c_1177.5500
Creating c_1178.5500
Creating c_1179.5500
Creating c_1180.5500
Creating c_1181.5500
Creating c_1182.5500
Creating c_1183.5500
Creating c_1184.5500
Creating c_1185.5500
Creating c_1186.5500
Creating c_1187.5500
Creating c_1188.5500
Creating c_1189.5500
Creating c_1190.5500
Creating c_1191.5500
Creating c_1192.5500
Creating c_1193.5500
Creating c_1194.5500
Creating c_1195.5500
Creating c_1196.5500
Creating c_1197.5500
Creating c_1198.5500
Creating c_1199.5500
Creating c_1200.5500
Creating c_1201.5500
Creating c_1202.5500
Creating c_1203.5500
Creating c_1204.5500
Creating c_1205.5500
Creating c_1206.5500
Creating c_1207.5500
Creating c_1208.5500
Creating c_1209.5500
Creating c_1210.5500
Creating c_1211.5500
Creating c_1212.5500
Creating c_1213.5500
Creating c_1214.5500
Creating c_1215.5500
Creating c_1216.5500
Creating c_1217.5500
Creating c_1218.5500
Creating c_1219.5500
Creating c_1220.5500
Creating c_1221.5500
Creating c_1222.5500
Creating c_1223.5500
Creating c_1224.5500
Creating c_1225.5500
Creating c_1226.5500
Creating c_1227.5500
Creating c_1228.5500
Creating c_1229.5500
Creating c_1230.5500
Creating c_1231.5500
Creating c_1232.5500
Creating c_1233.5500
Creating c_1234.5500
Creating c_1235.5500
Creating c_1236.5500
Creating c_1237.5500
Creating c_1238.5500
Creating c_1239.5500
Creating c_1240.5500
Creating c_1241.5500
Creating c_1242.5500
Creating c_1243.5500
Creating c_1244.5500
Creating c_1245.5500
Creating c_1246.5500
Creating c_1247.5500
Creating c_1248.5500
Creating c_1249.5500
Creating c_1250.5500
Creating c_1251.5500
Creating c_1252.5500
Creating c_1253.5500
Creating c_1254.5500
Creating c_1255.5500
Creating c_1256.5500
Creating c_1257.5500
Creating c_1258.5500
Creating c_1259.5500
Creating c_1260.5500
Creating c_1081.5500
Creating c_1082.5500
Creating c_1083.5500
Creating c_1084.5500
Creating c_1085.5500
Creating c_1086.5500
Creating c_1087.5500
Creating c_1088.5500
Creating c_1089.5500
Creating c_1090.5500
Creating c_1091.5500
Creating c_1092.5500
Creating c_1093.5500
Creating c_1094.5500
Creating c_1095.5500
Creating c_1096.5500
Creating c_1097.5500
Creating c_1098.5500
Creating c_1099.5500
Creating c_1100.5500
Creating c_1101.5500
Creating c_1102.5500
Creating c_1103.5500
Creating c_1104.5500
Creating c_1105.5500
Creating c_1106.5500
Creating c_1107.5500
Creating c_1108.5500
Creating c_1109.5500
Creating c_1110.5500
Creating c_1111.5500
Creating c_1112.5500
Creating c_1113.5500
Creating c_1114.5500
Creating c_1115.5500
Creating c_1116.5500
Creating c_1117.5500
Creating c_1118.5500
Creating c_1119.5500
Creating c_1120.5500

