2018-11-22 21:43:57,850 [MainThread  ] [INFO ]  atlod in=raw/2018-11-14_0309.C3132,raw/2018-11-14_0556.C3132,raw/2018-11-14_0843.C3132,raw/2018-11-14_1129.C3132,raw/2018-11-14_1416.C3132 out=data9.uv ifsel=2 options=birdie,rfiflag,noauto,xycorr

atlod: Revision 1.53, 2016/08/25 23:02:21 UTC

Processing file raw/2018-11-14_0309.C3132
 03:09:19 CAOBS> track 1
CABB data detected
Scan 1 started at 18NOV14:03:09:40.0
Source: 1934-638
Flagging channels in  28 frequency ranges
 03:19:02 CAOBS> stop
 03:19:13 CAOBS> set file c3132_obs_c7
 03:19:21 CAOBS> start 5/99
Scan 2 started at 18NOV14:03:21:16.0
Source: 2255-282
Scan 3 started at 18NOV14:03:24:12.0
Source: c_1121
Source: c_1122
Source: c_1123
Source: c_1124
Source: c_1125
Source: c_1126
Source: c_1127
Source: c_1128
Source: c_1129
Source: c_1130
Source: c_1131
Source: c_1132
Source: c_1133
Source: c_1134
Source: c_1135
Source: c_1136
Source: c_1137
Source: c_1138
Source: c_1139
Source: c_1140
Scan 4 started at 18NOV14:03:37:40.0
Source: 2255-282
Scan 5 started at 18NOV14:03:40:36.0
Source: c_1141
Source: c_1142
Source: c_1143
Source: c_1144
Source: c_1145
Source: c_1146
Source: c_1147
Source: c_1148
Source: c_1149
Source: c_1150
Source: c_1151
Source: c_1152
Source: c_1153
Source: c_1154
Source: c_1155
Source: c_1156
Source: c_1157
Source: c_1158
Source: c_1159
Source: c_1160
Scan 6 started at 18NOV14:03:54:04.0
Source: 2255-282
Scan 7 started at 18NOV14:03:57:00.0
Source: c_1161
Source: c_1162
Source: c_1163
Source: c_1164
Source: c_1165
Source: c_1166
Source: c_1167
Source: c_1168
Source: c_1169
Source: c_1170
Source: c_1171
Source: c_1172
Source: c_1173
Source: c_1174
Source: c_1175
Source: c_1176
Source: c_1177
Source: c_1178
Source: c_1179
Source: c_1180
Scan 8 started at 18NOV14:04:10:28.0
Source: 2255-282
Scan 9 started at 18NOV14:04:13:24.0
Source: c_1181
Source: c_1182
Source: c_1183
Source: c_1184
Source: c_1185
Source: c_1186
Source: c_1187
Source: c_1188
Source: c_1189
Source: c_1190
Source: c_1191
Source: c_1192
Source: c_1193
Source: c_1194
Source: c_1195
Source: c_1196
Source: c_1197
Source: c_1198
Source: c_1199
Source: c_1200
Scan 10 started at 18NOV14:04:27:00.0
Source: 2255-282
Scan 11 started at 18NOV14:04:29:56.0
Source: c_1201
Source: c_1202
Source: c_1203
Source: c_1204
Source: c_1205
Source: c_1206
Source: c_1207
Source: c_1208
Source: c_1209
Source: c_1210
Source: c_1211
Source: c_1212
Source: c_1213
Source: c_1214
Source: c_1215
Source: c_1216
Source: c_1217
Source: c_1218
Source: c_1219
Source: c_1220
Scan 12 started at 18NOV14:04:43:24.0
Source: 2255-282
Scan 13 started at 18NOV14:04:46:12.0
Source: c_1221
Source: c_1222
Source: c_1223
Source: c_1224
Source: c_1225
Source: c_1226
Source: c_1227
Source: c_1228
Source: c_1229
Source: c_1230
Source: c_1231
Source: c_1232
Source: c_1233
Source: c_1234
Source: c_1235
Source: c_1236
Source: c_1237
Source: c_1238
Source: c_1239
Source: c_1240
Scan 14 started at 18NOV14:04:59:40.0
Source: 2255-282
Scan 15 started at 18NOV14:05:02:36.0
Source: c_1241
Source: c_1242
Source: c_1243
Source: c_1244
Source: c_1245
Source: c_1246
Source: c_1247
Source: c_1248
Source: c_1249
Source: c_1250
Source: c_1251
Source: c_1252
Source: c_1253
Source: c_1254
Source: c_1255
Source: c_1256
Source: c_1257
Source: c_1258
Source: c_1259
Source: c_1260
Scan 16 started at 18NOV14:05:16:12.0
Source: 2255-282
Scan 17 started at 18NOV14:05:19:08.0
Source: c_1081
Source: c_1082
Source: c_1083
Source: c_1084
Source: c_1085
Source: c_1086
Source: c_1087
Source: c_1088
Source: c_1089
Source: c_1090
Source: c_1091
Source: c_1092
Source: c_1093
Source: c_1094
Source: c_1095
Source: c_1096
Source: c_1097
Source: c_1098
Source: c_1099
Source: c_1100
Scan 18 started at 18NOV14:05:32:36.0
Source: 2255-282
Scan 19 started at 18NOV14:05:35:32.0
Source: c_1101
Source: c_1102
Source: c_1103
Source: c_1104
Source: c_1105
Source: c_1106
Source: c_1107
Source: c_1108
Source: c_1109
Source: c_1110
Source: c_1111
Source: c_1112
Source: c_1113
Source: c_1114
Source: c_1115
Source: c_1116
Source: c_1117
Source: c_1118
Source: c_1119
Source: c_1120
Scan 20 started at 18NOV14:05:49:08.0
Source: 2255-282
Scan 21 started at 18NOV14:05:52:04.0
Source: c_1121
Source: c_1122
Source: c_1123
Source: c_1124
Source: c_1125
Source: c_1126
Source: c_1127
Source: c_1128
RPFITS file version is 2.12
---------------------------------------
Total number of spectra selected: 72652

Summary of spectra flagged
Flagging Reason            Fraction
---------------            --------
Antenna off-source/off-line  5.29%
---------------------------------------
Processing file raw/2018-11-14_0556.C3132
CABB data detected
Scan 1 started at 18NOV14:05:56:52.0
Source: c_1128
Source: c_1129
Source: c_1130
Source: c_1131
Source: c_1132
Source: c_1133
Source: c_1134
Source: c_1135
Source: c_1136
Source: c_1137
Source: c_1138
Source: c_1139
Source: c_1140
Scan 2 started at 18NOV14:06:05:40.0
Source: 2255-282
Scan 3 started at 18NOV14:06:08:36.0
Source: c_1141
Source: c_1142
Source: c_1143
Source: c_1144
Source: c_1145
Source: c_1146
Source: c_1147
Source: c_1148
Source: c_1149
Source: c_1150
Source: c_1151
Source: c_1152
Source: c_1153
Source: c_1154
Source: c_1155
Source: c_1156
Source: c_1157
Source: c_1158
Source: c_1159
Source: c_1160
Scan 4 started at 18NOV14:06:22:04.0
Source: 2255-282
Scan 5 started at 18NOV14:06:25:00.0
Source: c_1161
Source: c_1162
Source: c_1163
Source: c_1164
Source: c_1165
Source: c_1166
Source: c_1167
Source: c_1168
Source: c_1169
Source: c_1170
Source: c_1171
Source: c_1172
Source: c_1173
Source: c_1174
Source: c_1175
Source: c_1176
Source: c_1177
Source: c_1178
Source: c_1179
Source: c_1180
Scan 6 started at 18NOV14:06:38:36.0
Source: 2255-282
Scan 7 started at 18NOV14:06:41:32.0
Source: c_1181
Source: c_1182
Source: c_1183
Source: c_1184
Source: c_1185
Source: c_1186
Source: c_1187
Source: c_1188
Source: c_1189
Source: c_1190
Source: c_1191
Source: c_1192
Source: c_1193
Source: c_1194
Source: c_1195
Source: c_1196
Source: c_1197
Source: c_1198
Source: c_1199
Source: c_1200
Scan 8 started at 18NOV14:06:55:08.0
Source: 2255-282
Scan 9 started at 18NOV14:06:58:04.0
Source: c_1201
Source: c_1202
Source: c_1203
Source: c_1204
Source: c_1205
Source: c_1206
Source: c_1207
Source: c_1208
Source: c_1209
Source: c_1210
Source: c_1211
Source: c_1212
Source: c_1213
Source: c_1214
Source: c_1215
Source: c_1216
Source: c_1217
Source: c_1218
Source: c_1219
Source: c_1220
Scan 10 started at 18NOV14:07:11:40.0
Source: 2255-282
Scan 11 started at 18NOV14:07:14:36.0
Source: c_1221
Source: c_1222
Source: c_1223
Source: c_1224
Source: c_1225
Source: c_1226
Source: c_1227
Source: c_1228
Source: c_1229
Source: c_1230
Source: c_1231
Source: c_1232
Source: c_1233
Source: c_1234
Source: c_1235
Source: c_1236
Source: c_1237
Source: c_1238
Source: c_1239
Source: c_1240
Scan 12 started at 18NOV14:07:28:12.0
Source: 2255-282
Scan 13 started at 18NOV14:07:31:16.0
Source: c_1241
Source: c_1242
Source: c_1243
Source: c_1244
Source: c_1245
Source: c_1246
Source: c_1247
Source: c_1248
Source: c_1249
Source: c_1250
Source: c_1251
Source: c_1252
Source: c_1253
Source: c_1254
Source: c_1255
Source: c_1256
Source: c_1257
Source: c_1258
Source: c_1259
Source: c_1260
Scan 14 started at 18NOV14:07:45:00.0
Source: 2255-282
Scan 15 started at 18NOV14:07:48:04.0
Source: c_1081
Source: c_1082
Source: c_1083
Source: c_1084
Source: c_1085
Source: c_1086
Source: c_1087
Source: c_1088
Source: c_1089
Source: c_1090
Source: c_1091
Source: c_1092
Source: c_1093
Source: c_1094
Source: c_1095
Source: c_1096
Source: c_1097
Source: c_1098
Source: c_1099
Source: c_1100
Scan 16 started at 18NOV14:08:01:40.0
Source: 2255-282
Scan 17 started at 18NOV14:08:04:52.0
Source: c_1101
Source: c_1102
Source: c_1103
Source: c_1104
Source: c_1105
Source: c_1106
Source: c_1107
Source: c_1108
Source: c_1109
Source: c_1110
Source: c_1111
Source: c_1112
Source: c_1113
Source: c_1114
Source: c_1115
Source: c_1116
Source: c_1117
Source: c_1118
Source: c_1119
Source: c_1120
Scan 18 started at 18NOV14:08:18:44.0
Source: 2255-282
Scan 19 started at 18NOV14:08:21:56.0
Source: c_1121
Source: c_1122
Source: c_1123
Source: c_1124
Source: c_1125
Source: c_1126
Source: c_1127
Source: c_1128
Source: c_1129
Source: c_1130
Source: c_1131
Source: c_1132
Source: c_1133
Source: c_1134
Source: c_1135
Source: c_1136
Source: c_1137
Source: c_1138
Source: c_1139
Source: c_1140
Scan 20 started at 18NOV14:08:35:48.0
Source: 2255-282
Scan 21 started at 18NOV14:08:39:16.0
Source: c_1141
Source: c_1142
Source: c_1143
Source: c_1144
Source: c_1145
Source: c_1146
Source: c_1147
RPFITS file version is 2.12
---------------------------------------
Total number of spectra selected: 72660

Summary of spectra flagged
Flagging Reason            Fraction
---------------            --------
Antenna off-source/off-line  6.11%
---------------------------------------
Processing file raw/2018-11-14_0843.C3132
CABB data detected
Scan 1 started at 18NOV14:08:43:42.3
Source: c_1148
Source: c_1149
Source: c_1150
Source: c_1151
Source: c_1152
Source: c_1153
Source: c_1154
Source: c_1155
Source: c_1156
Source: c_1157
Source: c_1158
Source: c_1159
Source: c_1160
Scan 2 started at 18NOV14:08:53:00.0
Source: 2255-282
Scan 3 started at 18NOV14:08:57:08.0
Source: c_1161
Source: c_1162
Source: c_1163
Source: c_1164
Source: c_1165
Source: c_1166
Source: c_1167
Source: c_1168
Source: c_1169
Source: c_1170
Source: c_1171
Source: c_1172
Source: c_1173
Source: c_1174
Source: c_1175
Source: c_1176
Source: c_1177
Source: c_1178
Source: c_1179
Source: c_1180
Scan 4 started at 18NOV14:09:11:24.0
Source: 2255-282
Scan 5 started at 18NOV14:09:17:24.0
Source: c_1182
Source: c_1183
Source: c_1184
Source: c_1185
Source: c_1186
Source: c_1187
Source: c_1188
Source: c_1189
Source: c_1190
Source: c_1191
Source: c_1192
Source: c_1193
Source: c_1194
Source: c_1195
Source: c_1196
Source: c_1197
Source: c_1198
Source: c_1199
Source: c_1200
Scan 6 started at 18NOV14:09:34:28.0
Source: 2255-282
Scan 7 started at 18NOV14:09:39:40.0
Source: c_1201
Source: c_1202
Source: c_1203
Source: c_1204
Source: c_1205
Source: c_1206
Source: c_1207
Source: c_1208
Source: c_1209
Source: c_1210
Source: c_1211
Source: c_1212
Source: c_1213
Source: c_1214
Source: c_1215
Source: c_1216
Source: c_1217
Source: c_1218
Source: c_1219
Source: c_1220
Scan 8 started at 18NOV14:09:53:16.0
Source: 2255-282
Scan 9 started at 18NOV14:09:57:16.0
Source: c_1221
Source: c_1222
Source: c_1223
Source: c_1224
Source: c_1225
Source: c_1226
Source: c_1227
Source: c_1228
Source: c_1229
Source: c_1230
Source: c_1231
Source: c_1232
Source: c_1233
Source: c_1234
Source: c_1235
Source: c_1236
Source: c_1237
Source: c_1238
Source: c_1239
Source: c_1240
Scan 10 started at 18NOV14:10:10:52.0
Source: 2255-282
Scan 11 started at 18NOV14:10:14:12.0
Source: c_1241
Source: c_1242
Source: c_1243
Source: c_1244
Source: c_1245
Source: c_1246
Source: c_1247
Source: c_1248
Source: c_1249
Source: c_1250
Source: c_1251
Source: c_1252
Source: c_1253
Source: c_1254
Source: c_1255
Source: c_1256
Source: c_1257
Source: c_1258
Source: c_1259
Source: c_1260
Scan 12 started at 18NOV14:10:28:04.0
Source: 2255-282
Scan 13 started at 18NOV14:10:31:24.0
Source: c_1081
Source: c_1082
Source: c_1083
Source: c_1084
Source: c_1085
Source: c_1086
Source: c_1087
Source: c_1088
Source: c_1089
Source: c_1090
Source: c_1091
Source: c_1092
Source: c_1093
Source: c_1094
Source: c_1095
Source: c_1096
Source: c_1097
Source: c_1098
Source: c_1099
Source: c_1100
Scan 14 started at 18NOV14:10:44:52.0
Source: 2255-282
Scan 15 started at 18NOV14:10:48:04.0
Source: c_1101
Source: c_1102
Source: c_1103
Source: c_1104
Source: c_1105
Source: c_1106
Source: c_1107
Source: c_1108
Source: c_1109
Source: c_1110
Source: c_1111
Source: c_1112
Source: c_1113
Source: c_1114
Source: c_1115
Source: c_1116
Source: c_1117
Source: c_1118
Source: c_1119
Source: c_1120
Scan 16 started at 18NOV14:11:01:48.0
Source: 2255-282
Scan 17 started at 18NOV14:11:04:52.0
Source: c_1121
Source: c_1122
Source: c_1123
Source: c_1124
Source: c_1125
Source: c_1126
Source: c_1127
Source: c_1128
Source: c_1129
Source: c_1130
Source: c_1131
Source: c_1132
Source: c_1133
Source: c_1134
Source: c_1135
Source: c_1136
Source: c_1137
Source: c_1138
Source: c_1139
Source: c_1140
Scan 18 started at 18NOV14:11:18:28.0
Source: 2255-282
Scan 19 started at 18NOV14:11:21:32.0
Source: c_1141
Source: c_1142
Source: c_1143
Source: c_1144
Source: c_1145
Source: c_1146
Source: c_1147
Source: c_1148
Source: c_1149
Source: c_1150
Source: c_1151
Source: c_1152
Source: c_1153
RPFITS file version is 2.12
---------------------------------------
Total number of spectra selected: 72660

Summary of spectra flagged
Flagging Reason            Fraction
---------------            --------
Antenna off-source/off-line  16.4%
---------------------------------------
Processing file raw/2018-11-14_1129.C3132
CABB data detected
Scan 1 started at 18NOV14:11:29:56.0
Source: c_1153
Source: c_1154
Source: c_1155
Source: c_1156
Source: c_1157
Source: c_1158
Source: c_1159
Source: c_1160
Scan 2 started at 18NOV14:11:35:00.0
Source: 2255-282
Scan 3 started at 18NOV14:11:37:56.0
Source: c_1161
Source: c_1162
Source: c_1163
Source: c_1164
Source: c_1165
Source: c_1166
Source: c_1167
Source: c_1168
Source: c_1169
Source: c_1170
Source: c_1171
Source: c_1172
Source: c_1173
Source: c_1174
Source: c_1175
Source: c_1176
Source: c_1177
Source: c_1178
Source: c_1179
Source: c_1180
Scan 4 started at 18NOV14:11:51:32.0
Source: 2255-282
Scan 5 started at 18NOV14:11:54:28.0
Source: c_1181
Source: c_1182
Source: c_1183
Source: c_1184
Source: c_1185
Source: c_1186
Source: c_1187
Source: c_1188
Source: c_1189
Source: c_1190
Source: c_1191
Source: c_1192
Source: c_1193
Source: c_1194
Source: c_1195
Source: c_1196
Source: c_1197
Source: c_1198
Source: c_1199
Source: c_1200
Scan 6 started at 18NOV14:12:08:04.0
Source: 2255-282
Scan 7 started at 18NOV14:12:11:00.0
Source: c_1201
Source: c_1202
Source: c_1203
Source: c_1204
Source: c_1205
Source: c_1206
Source: c_1207
Source: c_1208
Source: c_1209
Source: c_1210
Source: c_1211
Source: c_1212
Source: c_1213
Source: c_1214
Source: c_1215
Source: c_1216
Source: c_1217
Source: c_1218
Source: c_1219
Source: c_1220
Scan 8 started at 18NOV14:12:24:28.0
Source: 2255-282
Scan 9 started at 18NOV14:12:27:24.0
Source: c_1221
Source: c_1222
Source: c_1223
Source: c_1224
Source: c_1225
Source: c_1226
Source: c_1227
Source: c_1228
Source: c_1229
Source: c_1230
Source: c_1231
Source: c_1232
Source: c_1233
Source: c_1234
Source: c_1235
Source: c_1236
Source: c_1237
Source: c_1238
Source: c_1239
Source: c_1240
Scan 10 started at 18NOV14:12:40:52.0
Source: 2255-282
Scan 11 started at 18NOV14:12:43:48.0
Source: c_1241
Source: c_1242
Source: c_1243
Source: c_1244
Source: c_1245
Source: c_1246
Source: c_1247
Source: c_1248
Source: c_1249
Source: c_1250
Source: c_1251
Source: c_1252
Source: c_1253
Source: c_1254
Source: c_1255
Source: c_1256
Source: c_1257
Source: c_1258
Source: c_1259
Source: c_1260
Scan 12 started at 18NOV14:12:57:24.0
Source: 2255-282
Scan 13 started at 18NOV14:13:00:20.0
Source: c_1081
Source: c_1082
Source: c_1083
Source: c_1084
Source: c_1085
Source: c_1086
Source: c_1087
Source: c_1088
Source: c_1089
Source: c_1090
Source: c_1091
Source: c_1092
Source: c_1093
Source: c_1094
Source: c_1095
Source: c_1096
Source: c_1097
Source: c_1098
Source: c_1099
Source: c_1100
Scan 14 started at 18NOV14:13:13:48.0
Source: 2255-282
Scan 15 started at 18NOV14:13:16:36.0
Source: c_1101
Source: c_1102
Source: c_1103
Source: c_1104
Source: c_1105
Source: c_1106
Source: c_1107
Source: c_1108
Source: c_1109
Source: c_1110
Source: c_1111
Source: c_1112
Source: c_1113
Source: c_1114
Source: c_1115
Source: c_1116
Source: c_1117
Source: c_1118
Source: c_1119
Source: c_1120
Scan 16 started at 18NOV14:13:30:20.0
Source: 2255-282
Scan 17 started at 18NOV14:13:33:16.0
Source: c_1121
Source: c_1122
Source: c_1123
Source: c_1124
Source: c_1125
Source: c_1126
Source: c_1127
Source: c_1128
Source: c_1129
Source: c_1130
Source: c_1131
Source: c_1132
Source: c_1133
Source: c_1134
Source: c_1135
Source: c_1136
Source: c_1137
Source: c_1138
Source: c_1139
Source: c_1140
Scan 18 started at 18NOV14:13:46:44.0
Source: 2255-282
Scan 19 started at 18NOV14:13:49:32.0
Source: c_1141
Source: c_1142
Source: c_1143
Source: c_1144
Source: c_1145
Source: c_1146
Source: c_1147
Source: c_1148
Source: c_1149
Source: c_1150
Source: c_1151
Source: c_1152
Source: c_1153
Source: c_1154
Source: c_1155
Source: c_1156
Source: c_1157
Source: c_1158
Source: c_1159
Source: c_1160
Scan 20 started at 18NOV14:14:03:08.0
Source: 2255-282
Scan 21 started at 18NOV14:14:06:04.0
Source: c_1161
Source: c_1162
Source: c_1163
Source: c_1164
Source: c_1165
Source: c_1166
Source: c_1167
Source: c_1168
Source: c_1169
Source: c_1170
Source: c_1171
Source: c_1172
Source: c_1173
Source: c_1174
Source: c_1175
Source: c_1176
Source: c_1177
RPFITS file version is 2.12
---------------------------------------
Total number of spectra selected: 72660

Summary of spectra flagged
Flagging Reason            Fraction
---------------            --------
Antenna off-source/off-line  4.42%
---------------------------------------
Processing file raw/2018-11-14_1416.C3132
CABB data detected
Scan 1 started at 18NOV14:14:16:44.0
Source: c_1177
Source: c_1178
Source: c_1179
Source: c_1180
Scan 2 started at 18NOV14:14:19:32.0
Source: 2255-282
Scan 3 started at 18NOV14:14:22:28.0
Source: c_1181
Source: c_1182
Source: c_1183
Source: c_1184
Source: c_1185
Source: c_1186
Source: c_1187
Source: c_1188
Source: c_1189
Source: c_1190
Source: c_1191
Source: c_1192
Source: c_1193
Source: c_1194
Source: c_1195
Source: c_1196
Source: c_1197
Source: c_1198
Source: c_1199
Source: c_1200
Scan 4 started at 18NOV14:14:36:04.0
Source: 2255-282
Scan 5 started at 18NOV14:14:39:00.0
Source: c_1201
Source: c_1202
Source: c_1203
Source: c_1204
Source: c_1205
Source: c_1206
Source: c_1207
Source: c_1208
Source: c_1209
Source: c_1210
Source: c_1211
Source: c_1212
Source: c_1213
Source: c_1214
Source: c_1215
Source: c_1216
Source: c_1217
Source: c_1218
Source: c_1219
Source: c_1220
Scan 6 started at 18NOV14:14:52:28.0
Source: 2255-282
Scan 7 started at 18NOV14:14:55:24.0
Source: c_1221
Source: c_1222
Source: c_1223
Source: c_1224
Source: c_1225
Source: c_1226
 14:59:08 CAOBS> stop
 14:59:12 CAOBS> cor closef
RPFITS file version is 2.12
---------------------------------------
Total number of spectra selected: 18360

Summary of spectra flagged
Flagging Reason            Fraction
---------------            --------
Antenna off-source/off-line  5.23%
---------------------------------------

No CACAL data was detected

2018-11-22 21:44:26,892 [MainThread  ] [INFO ]  uvflag vis=data9.uv line=chan,65,850,1 flagval=flag

uvflag: Revision 1.8, 2014/09/30 14:23:39 UTC


Set flags to indicate bad data in visibility file data9.uv
Linetype channel; select   65 channels; start  850, width    1, step    1

Overview of flagging on visibility file data9.uv
Changed flags set to FALSE (data flagged as bad)
Total number of records selected: 284632; out of 284632 records
Antennas used: 1-6
Counts of correlations within selected channels
channel   Originally    Currently
Good:        18501080.           0.    Changed to bad:    18501080.
Bad:                0.    18501080.

2018-11-22 21:45:10,162 [MainThread  ] [INFO ]  uvsplit vis=data9.uv options=mosaic

uvsplit: Revision 1.18, 2016/05/09 03:06:18 UTC

Creating 1934-638.9500
Creating 2255-282.9500
Creating c.9500

2018-11-22 21:45:21,679 [MainThread  ] [INFO ]  pgflag vis=1934-638.9500 command='<b' stokes=i,q,u,v flagpar=8,5,5,3,6,3 options=nodisp

pgflag: Revision 1.30, 2016/10/05 23:06:50 UTC

Applying changes to dataset
Counts of correlations within selected channels:
 channel  Originally  Currently
 Good:       7425600    7231816    Changed to bad:     193784
 Bad:        1180200    1373984    Changed to good:         0
 16.0% of the data is now flagged

2018-11-22 21:45:31,657 [MainThread  ] [INFO ]  pgflag vis=1934-638.9500 command='<b' stokes=i,v,q,u flagpar=8,2,2,3,6,3  options=nodisp

pgflag: Revision 1.30, 2016/10/05 23:06:50 UTC

Applying changes to dataset
Counts of correlations within selected channels:
 channel  Originally  Currently
 Good:       7231816    7017636    Changed to bad:     214180
 Bad:        1373984    1588164    Changed to good:         0
 18.5% of the data is now flagged

2018-11-22 21:45:41,468 [MainThread  ] [INFO ]  pgflag vis=1934-638.9500 command='<b' stokes=i,v,u,q flagpar=8,2,2,3,6,3  options=nodisp

pgflag: Revision 1.30, 2016/10/05 23:06:50 UTC

Applying changes to dataset
Counts of correlations within selected channels:
 channel  Originally  Currently
 Good:       7017636    6656088    Changed to bad:     361548
 Bad:        1588164    1949712    Changed to good:         0
 22.7% of the data is now flagged

2018-11-22 21:46:32,081 [MainThread  ] [INFO ]  mfcal vis=1934-638.9500 refant=4 interval=0.1
MfCal: $Revision: 1.20 $, $Date: 2017/05/08 02:31:10 $
Selecting parallel-hand polarisations
Reading the data ...
Number correlations accepted: 3328044
Number of frequency bands/settings: 1
Number of polarisations selected: 2
Number of solution intervals: 70
Number of passband solution intervals: 1
Initialising ...
Using post-Aug94 ATCA flux scale for 1934-638.
Using known frequency variation of 1934-638
Generating initial solution estimate ...
Doing solution refinement ...
Iter= 1, Solution Error:  0.471
Iter= 2, Solution Error:  0.024
Iter= 3, Solution Error:  0.001
Saving solution ...

2018-11-22 21:46:32,757 [MainThread  ] [INFO ]  gpcal vis=1934-638.9500 refant=4 interval=0.1 nfbin=2 options=xyvary

gpcal: Revision 1.22, 2016/05/01 22:31:05 UTC

Applying bandpass corrections to 1934-638.9500
Number of antennae: 6
Reading the data ...
Number of solution intervals: 70
Total visibilities read: 1050
Number visibilities accepted: 1050
Using post-Aug94 ATCA flux scale for 1934-638.
Using IQUV =  2.5455,  0.0000,  0.0000,  0.0000 at   9.4382 GHz.
Using post-Aug94 ATCA flux scale for 1934-638.
Using IQUV =  2.6982,  0.0000,  0.0000,  0.0000 at   9.0065 GHz.
Using post-Aug94 ATCA flux scale for 1934-638.
Using IQUV =  2.3850,  0.0000,  0.0000,  0.0000 at   9.9477 GHz.
Iter= 1, Amplit/Phase Solution Error:   0.266
Iter= 1, Polarisation Solution Error:   0.034
Iter= 1, Overall Solution Error:        0.939
Iter= 2, Amplit/Phase Solution Error:   0.002
Iter= 2, Polarisation Solution Error:   0.000
Iter= 2, Overall Solution Error:        0.004
Iter= 3, Amplit/Phase Solution Error:   0.001
Iter= 3, Polarisation Solution Error:   0.000
Iter= 3, Overall Solution Error:        0.001
I flux density:   2.5455
Leakage terms:
 Ant 1:Dx,Dy = ( 0.00165,-0.00449),(-0.00077,-0.00420)
 Ant 2:Dx,Dy = ( 0.00310, 0.00203),(-0.00350, 0.00223)
 Ant 3:Dx,Dy = ( 0.00523,-0.00178),(-0.00837,-0.00206)
 Ant 4:Dx,Dy = ( 0.00338, 0.01659),(-0.00265, 0.01746)
 Ant 5:Dx,Dy = (-0.01640, 0.00429),( 0.01606, 0.00395)
 Ant 6:Dx,Dy = ( 0.00202,-0.01697),(-0.00179,-0.01705)
Solution for freq bin  1
Iter= 1, Amplit/Phase Solution Error:   0.257
Iter= 1, Polarisation Solution Error:   0.034
Iter= 1, Overall Solution Error:        0.922
Iter= 2, Amplit/Phase Solution Error:   0.002
Iter= 2, Polarisation Solution Error:   0.000
Iter= 2, Overall Solution Error:        0.003
Iter= 3, Amplit/Phase Solution Error:   0.001
Iter= 3, Polarisation Solution Error:   0.000
Iter= 3, Overall Solution Error:        0.001
I flux density:   2.6982
Leakage terms:
 Ant 1:Dx,Dy = ( 0.00178,-0.00404),(-0.00113,-0.00382)
 Ant 2:Dx,Dy = ( 0.00303, 0.00264),(-0.00362, 0.00280)
 Ant 3:Dx,Dy = ( 0.00485,-0.00209),(-0.00820,-0.00187)
 Ant 4:Dx,Dy = ( 0.00266, 0.01671),(-0.00237, 0.01783)
 Ant 5:Dx,Dy = (-0.01646, 0.00355),( 0.01593, 0.00265)
 Ant 6:Dx,Dy = ( 0.00216,-0.01713),(-0.00259,-0.01723)
Solution for freq bin  2
Iter= 1, Amplit/Phase Solution Error:   0.278
Iter= 1, Polarisation Solution Error:   0.033
Iter= 1, Overall Solution Error:        0.964
Iter= 2, Amplit/Phase Solution Error:   0.002
Iter= 2, Polarisation Solution Error:   0.000
Iter= 2, Overall Solution Error:        0.004
Iter= 3, Amplit/Phase Solution Error:   0.001
Iter= 3, Polarisation Solution Error:   0.000
Iter= 3, Overall Solution Error:        0.001
I flux density:   2.3850
Leakage terms:
 Ant 1:Dx,Dy = ( 0.00146,-0.00504),(-0.00034,-0.00464)
 Ant 2:Dx,Dy = ( 0.00318, 0.00128),(-0.00334, 0.00153)
 Ant 3:Dx,Dy = ( 0.00577,-0.00135),(-0.00860,-0.00233)
 Ant 4:Dx,Dy = ( 0.00431, 0.01642),(-0.00299, 0.01698)
 Ant 5:Dx,Dy = (-0.01635, 0.00519),( 0.01621, 0.00554)
 Ant 6:Dx,Dy = ( 0.00182,-0.01676),(-0.00076,-0.01682)

2018-11-22 21:46:48,142 [MainThread  ] [INFO ]  pgflag vis=1934-638.9500 command='<b' stokes=i,q,u,v flagpar=8,5,5,3,6,3 options=nodisp

pgflag: Revision 1.30, 2016/10/05 23:06:50 UTC

Applying bandpass corrections to 1934-638.9500
Applying freq. dependent gain corrections to 1934-638.9500
Applying freq. dependent leakage correction to 1934-638.9500
Applying changes to dataset
Counts of correlations within selected channels:
 channel  Originally  Currently
 Good:       6656088    6605100    Changed to bad:      50988
 Bad:        1949712    2000700    Changed to good:         0
 23.2% of the data is now flagged

2018-11-22 21:47:03,375 [MainThread  ] [INFO ]  pgflag vis=1934-638.9500 command='<b' stokes=i,v,q,u flagpar=8,2,2,3,6,3  options=nodisp

pgflag: Revision 1.30, 2016/10/05 23:06:50 UTC

Applying bandpass corrections to 1934-638.9500
Applying freq. dependent gain corrections to 1934-638.9500
Applying freq. dependent leakage correction to 1934-638.9500
Applying changes to dataset
Counts of correlations within selected channels:
 channel  Originally  Currently
 Good:       6605100    6550204    Changed to bad:      54896
 Bad:        2000700    2055596    Changed to good:         0
 23.9% of the data is now flagged

2018-11-22 21:47:18,015 [MainThread  ] [INFO ]  pgflag vis=1934-638.9500 command='<b' stokes=i,v,u,q flagpar=8,2,2,3,6,3  options=nodisp

pgflag: Revision 1.30, 2016/10/05 23:06:50 UTC

Applying bandpass corrections to 1934-638.9500
Applying freq. dependent gain corrections to 1934-638.9500
Applying freq. dependent leakage correction to 1934-638.9500
Applying changes to dataset
Counts of correlations within selected channels:
 channel  Originally  Currently
 Good:       6550204    6507932    Changed to bad:      42272
 Bad:        2055596    2097868    Changed to good:         0
 24.4% of the data is now flagged

2018-11-22 21:48:14,231 [MainThread  ] [INFO ]  mfcal vis=1934-638.9500 refant=4 interval=0.1
MfCal: $Revision: 1.20 $, $Date: 2017/05/08 02:31:10 $
Selecting parallel-hand polarisations
Reading the data ...
Number correlations accepted: 3253966
Number of frequency bands/settings: 1
Number of polarisations selected: 2
Number of solution intervals: 70
Number of passband solution intervals: 1
Initialising ...
Using post-Aug94 ATCA flux scale for 1934-638.
Using known frequency variation of 1934-638
Generating initial solution estimate ...
Doing solution refinement ...
Iter= 1, Solution Error:  0.477
Iter= 2, Solution Error:  0.026
Iter= 3, Solution Error:  0.001
Saving solution ...

2018-11-22 21:48:14,898 [MainThread  ] [INFO ]  gpcal vis=1934-638.9500 refant=4 interval=0.1 nfbin=2 options=xyvary

gpcal: Revision 1.22, 2016/05/01 22:31:05 UTC

Applying bandpass corrections to 1934-638.9500
Number of antennae: 6
Using leakage parameters from input as initial guess
Reading the data ...
Number of solution intervals: 70
Total visibilities read: 1050
Number visibilities accepted: 1050
Using post-Aug94 ATCA flux scale for 1934-638.
Using IQUV =  2.5474,  0.0000,  0.0000,  0.0000 at   9.4327 GHz.
Using post-Aug94 ATCA flux scale for 1934-638.
Using IQUV =  2.6984,  0.0000,  0.0000,  0.0000 at   9.0060 GHz.
Using post-Aug94 ATCA flux scale for 1934-638.
Using IQUV =  2.3857,  0.0000,  0.0000,  0.0000 at   9.9452 GHz.
Iter= 1, Amplit/Phase Solution Error:   0.265
Iter= 1, Polarisation Solution Error:   0.000
Iter= 1, Overall Solution Error:        0.939
Iter= 2, Amplit/Phase Solution Error:   0.002
Iter= 2, Polarisation Solution Error:   0.000
Iter= 2, Overall Solution Error:        0.004
Iter= 3, Amplit/Phase Solution Error:   0.001
Iter= 3, Polarisation Solution Error:   0.000
Iter= 3, Overall Solution Error:        0.001
I flux density:   2.5474
Leakage terms:
 Ant 1:Dx,Dy = ( 0.00164,-0.00451),(-0.00076,-0.00420)
 Ant 2:Dx,Dy = ( 0.00311, 0.00204),(-0.00350, 0.00224)
 Ant 3:Dx,Dy = ( 0.00520,-0.00179),(-0.00837,-0.00206)
 Ant 4:Dx,Dy = ( 0.00340, 0.01661),(-0.00268, 0.01748)
 Ant 5:Dx,Dy = (-0.01640, 0.00431),( 0.01606, 0.00396)
 Ant 6:Dx,Dy = ( 0.00201,-0.01700),(-0.00178,-0.01707)
Solution for freq bin  1
Iter= 1, Amplit/Phase Solution Error:   0.257
Iter= 1, Polarisation Solution Error:   0.002
Iter= 1, Overall Solution Error:        0.922
Iter= 2, Amplit/Phase Solution Error:   0.002
Iter= 2, Polarisation Solution Error:   0.000
Iter= 2, Overall Solution Error:        0.003
Iter= 3, Amplit/Phase Solution Error:   0.001
Iter= 3, Polarisation Solution Error:   0.000
Iter= 3, Overall Solution Error:        0.001
I flux density:   2.6984
Leakage terms:
 Ant 1:Dx,Dy = ( 0.00179,-0.00404),(-0.00111,-0.00382)
 Ant 2:Dx,Dy = ( 0.00303, 0.00263),(-0.00363, 0.00280)
 Ant 3:Dx,Dy = ( 0.00484,-0.00210),(-0.00821,-0.00187)
 Ant 4:Dx,Dy = ( 0.00269, 0.01672),(-0.00241, 0.01786)
 Ant 5:Dx,Dy = (-0.01647, 0.00356),( 0.01592, 0.00267)
 Ant 6:Dx,Dy = ( 0.00213,-0.01715),(-0.00257,-0.01726)
Solution for freq bin  2
Iter= 1, Amplit/Phase Solution Error:   0.276
Iter= 1, Polarisation Solution Error:   0.002
Iter= 1, Overall Solution Error:        0.964
Iter= 2, Amplit/Phase Solution Error:   0.002
Iter= 2, Polarisation Solution Error:   0.000
Iter= 2, Overall Solution Error:        0.004
Iter= 3, Amplit/Phase Solution Error:   0.001
Iter= 3, Polarisation Solution Error:   0.000
Iter= 3, Overall Solution Error:        0.001
I flux density:   2.3857
Leakage terms:
 Ant 1:Dx,Dy = ( 0.00143,-0.00508),(-0.00034,-0.00464)
 Ant 2:Dx,Dy = ( 0.00319, 0.00130),(-0.00333, 0.00153)
 Ant 3:Dx,Dy = ( 0.00577,-0.00135),(-0.00859,-0.00233)
 Ant 4:Dx,Dy = ( 0.00435, 0.01646),(-0.00301, 0.01696)
 Ant 5:Dx,Dy = (-0.01635, 0.00522),( 0.01623, 0.00556)
 Ant 6:Dx,Dy = ( 0.00183,-0.01679),(-0.00073,-0.01684)

2018-11-22 21:48:14,954 [MainThread  ] [INFO ]  gpcopy vis=1934-638.9500 out=2255-282.9500

gpcopy: Revision 1.13, 2015/10/29 01:31:39 UTC

Copying leakage table
Copying gain table
Interpolation tolerance set to (minutes): 720.00
Copying bandpass table

2018-11-22 21:51:14,665 [MainThread  ] [INFO ]  pgflag vis=2255-282.9500 command='<b' stokes=i,q,u,v flagpar=8,5,5,3,6,3 options=nodisp

pgflag: Revision 1.30, 2016/10/05 23:06:50 UTC

Applying bandpass corrections to 2255-282.9500
Applying freq. dependent gain corrections to 2255-282.9500
Applying freq. dependent leakage correction to 2255-282.9500
Applying changes to dataset
Counts of correlations within selected channels:
 channel  Originally  Currently
 Good:      66922336   65958428    Changed to bad:     963908
 Bad:       10636412   11600320    Changed to good:         0
 15.0% of the data is now flagged

2018-11-22 21:54:11,153 [MainThread  ] [INFO ]  pgflag vis=2255-282.9500 command='<b' stokes=i,v,q,u flagpar=8,2,2,3,6,3  options=nodisp

pgflag: Revision 1.30, 2016/10/05 23:06:50 UTC

Applying bandpass corrections to 2255-282.9500
Applying freq. dependent gain corrections to 2255-282.9500
Applying freq. dependent leakage correction to 2255-282.9500
Applying changes to dataset
Counts of correlations within selected channels:
 channel  Originally  Currently
 Good:      65958428   64036892    Changed to bad:    1921536
 Bad:       11600320   13521856    Changed to good:         0
 17.4% of the data is now flagged

2018-11-22 21:57:03,187 [MainThread  ] [INFO ]  pgflag vis=2255-282.9500 command='<b' stokes=i,v,u,q flagpar=8,2,2,3,6,3  options=nodisp

pgflag: Revision 1.30, 2016/10/05 23:06:50 UTC

Applying bandpass corrections to 2255-282.9500
Applying freq. dependent gain corrections to 2255-282.9500
Applying freq. dependent leakage correction to 2255-282.9500
Applying changes to dataset
Counts of correlations within selected channels:
 channel  Originally  Currently
 Good:      64036892   62557356    Changed to bad:    1479536
 Bad:       13521856   15001392    Changed to good:         0
 19.3% of the data is now flagged

2018-11-22 21:57:07,942 [MainThread  ] [INFO ]  gpcal vis=2255-282.9500 refant=4 interval=0.1 nfbin=2 options=xyvary,qusolve

gpcal: Revision 1.22, 2016/05/01 22:31:05 UTC

Applying bandpass corrections to 2255-282.9500
Number of antennae: 6
Using leakage parameters from input as initial guess
Reading the data ...
Number of solution intervals: 631
Total visibilities read: 9463
Number visibilities accepted: 9446
Iter= 1, Amplit/Phase Solution Error:   0.784
Iter= 1, Polarisation Solution Error:   0.013
Iter= 1, Overall Solution Error:        1.493
Iter= 2, Amplit/Phase Solution Error:   0.013
Iter= 2, Polarisation Solution Error:   0.000
Iter= 2, Overall Solution Error:        0.010
Iter= 3, Amplit/Phase Solution Error:   0.001
Iter= 3, Polarisation Solution Error:   0.000
Iter= 3, Overall Solution Error:        0.002
Iter= 4, Amplit/Phase Solution Error:   0.000
Iter= 4, Polarisation Solution Error:   0.000
Iter= 4, Overall Solution Error:        0.000
I flux density:   4.4005
Percent Q:   1.274
Percent U:   0.341
Leakage terms:
 Ant 1:Dx,Dy = ( 0.00089,-0.00423),(-0.00095,-0.00464)
 Ant 2:Dx,Dy = ( 0.00311, 0.00213),(-0.00414, 0.00174)
 Ant 3:Dx,Dy = ( 0.00439,-0.00121),(-0.00835,-0.00232)
 Ant 4:Dx,Dy = ( 0.00296, 0.01702),(-0.00276, 0.01653)
 Ant 5:Dx,Dy = (-0.01657, 0.00485),( 0.01571, 0.00406)
 Ant 6:Dx,Dy = ( 0.00223,-0.01678),(-0.00252,-0.01715)
Solution for freq bin  1
Iter= 1, Amplit/Phase Solution Error:   0.744
Iter= 1, Polarisation Solution Error:   0.012
Iter= 1, Overall Solution Error:        1.486
Iter= 2, Amplit/Phase Solution Error:   0.013
Iter= 2, Polarisation Solution Error:   0.000
Iter= 2, Overall Solution Error:        0.010
Iter= 3, Amplit/Phase Solution Error:   0.001
Iter= 3, Polarisation Solution Error:   0.000
Iter= 3, Overall Solution Error:        0.001
Iter= 4, Amplit/Phase Solution Error:   0.000
Iter= 4, Polarisation Solution Error:   0.000
Iter= 4, Overall Solution Error:        0.000
I flux density:   4.3087
Percent Q:   1.199
Percent U:   0.321
Leakage terms:
 Ant 1:Dx,Dy = ( 0.00107,-0.00348),(-0.00112,-0.00440)
 Ant 2:Dx,Dy = ( 0.00300, 0.00293),(-0.00444, 0.00237)
 Ant 3:Dx,Dy = ( 0.00375,-0.00143),(-0.00796,-0.00221)
 Ant 4:Dx,Dy = ( 0.00215, 0.01749),(-0.00265, 0.01632)
 Ant 5:Dx,Dy = (-0.01646, 0.00390),( 0.01538, 0.00246)
 Ant 6:Dx,Dy = ( 0.00243,-0.01662),(-0.00327,-0.01735)
Solution for freq bin  2
Iter= 1, Amplit/Phase Solution Error:   0.824
Iter= 1, Polarisation Solution Error:   0.013
Iter= 1, Overall Solution Error:        1.493
Iter= 2, Amplit/Phase Solution Error:   0.014
Iter= 2, Polarisation Solution Error:   0.000
Iter= 2, Overall Solution Error:        0.011
Iter= 3, Amplit/Phase Solution Error:   0.001
Iter= 3, Polarisation Solution Error:   0.000
Iter= 3, Overall Solution Error:        0.004
Iter= 4, Amplit/Phase Solution Error:   0.000
Iter= 4, Polarisation Solution Error:   0.000
Iter= 4, Overall Solution Error:        0.000
I flux density:   4.4948
Percent Q:   1.345
Percent U:   0.359
Leakage terms:
 Ant 1:Dx,Dy = ( 0.00074,-0.00490),(-0.00081,-0.00483)
 Ant 2:Dx,Dy = ( 0.00321, 0.00142),(-0.00388, 0.00119)
 Ant 3:Dx,Dy = ( 0.00496,-0.00103),(-0.00871,-0.00242)
 Ant 4:Dx,Dy = ( 0.00366, 0.01655),(-0.00285, 0.01671)
 Ant 5:Dx,Dy = (-0.01665, 0.00569),( 0.01606, 0.00548)
 Ant 6:Dx,Dy = ( 0.00204,-0.01692),(-0.00186,-0.01693)

2018-11-22 22:00:09,450 [MainThread  ] [INFO ]  pgflag vis=2255-282.9500 command='<b' stokes=i,q,u,v flagpar=8,5,5,3,6,3 options=nodisp

pgflag: Revision 1.30, 2016/10/05 23:06:50 UTC

Applying bandpass corrections to 2255-282.9500
Applying freq. dependent gain corrections to 2255-282.9500
Applying freq. dependent leakage correction to 2255-282.9500
Applying changes to dataset
Counts of correlations within selected channels:
 channel  Originally  Currently
 Good:      62557356   61651980    Changed to bad:     905376
 Bad:       15001392   15906768    Changed to good:         0
 20.5% of the data is now flagged

2018-11-22 22:03:08,320 [MainThread  ] [INFO ]  pgflag vis=2255-282.9500 command='<b' stokes=i,v,q,u flagpar=8,2,2,3,6,3  options=nodisp

pgflag: Revision 1.30, 2016/10/05 23:06:50 UTC

Applying bandpass corrections to 2255-282.9500
Applying freq. dependent gain corrections to 2255-282.9500
Applying freq. dependent leakage correction to 2255-282.9500
Applying changes to dataset
Counts of correlations within selected channels:
 channel  Originally  Currently
 Good:      61651980   60677116    Changed to bad:     974864
 Bad:       15906768   16881632    Changed to good:         0
 21.8% of the data is now flagged

2018-11-22 22:05:51,687 [MainThread  ] [INFO ]  pgflag vis=2255-282.9500 command='<b' stokes=i,v,u,q flagpar=8,2,2,3,6,3  options=nodisp

pgflag: Revision 1.30, 2016/10/05 23:06:50 UTC

Applying bandpass corrections to 2255-282.9500
Applying freq. dependent gain corrections to 2255-282.9500
Applying freq. dependent leakage correction to 2255-282.9500
Applying changes to dataset
Counts of correlations within selected channels:
 channel  Originally  Currently
 Good:      60677116   59835096    Changed to bad:     842020
 Bad:       16881632   17723652    Changed to good:         0
 22.9% of the data is now flagged

2018-11-22 22:05:56,043 [MainThread  ] [INFO ]  gpcal vis=2255-282.9500 refant=4 interval=0.1 nfbin=2 options=xyvary,qusolve

gpcal: Revision 1.22, 2016/05/01 22:31:05 UTC

Applying bandpass corrections to 2255-282.9500
Number of antennae: 6
Using leakage parameters from input as initial guess
Reading the data ...
Number of solution intervals: 631
Total visibilities read: 9463
Number visibilities accepted: 9411
Iter= 1, Amplit/Phase Solution Error:   0.804
Iter= 1, Polarisation Solution Error:   0.013
Iter= 1, Overall Solution Error:        1.492
Iter= 2, Amplit/Phase Solution Error:   0.013
Iter= 2, Polarisation Solution Error:   0.000
Iter= 2, Overall Solution Error:        0.010
Iter= 3, Amplit/Phase Solution Error:   0.001
Iter= 3, Polarisation Solution Error:   0.000
Iter= 3, Overall Solution Error:        0.003
Iter= 4, Amplit/Phase Solution Error:   0.000
Iter= 4, Polarisation Solution Error:   0.000
Iter= 4, Overall Solution Error:        0.000
I flux density:   4.4299
Percent Q:   1.272
Percent U:   0.340
Leakage terms:
 Ant 1:Dx,Dy = ( 0.00088,-0.00425),(-0.00091,-0.00465)
 Ant 2:Dx,Dy = ( 0.00314, 0.00211),(-0.00415, 0.00174)
 Ant 3:Dx,Dy = ( 0.00439,-0.00121),(-0.00833,-0.00233)
 Ant 4:Dx,Dy = ( 0.00297, 0.01703),(-0.00275, 0.01652)
 Ant 5:Dx,Dy = (-0.01658, 0.00489),( 0.01570, 0.00410)
 Ant 6:Dx,Dy = ( 0.00220,-0.01680),(-0.00254,-0.01715)
Solution for freq bin  1
Iter= 1, Amplit/Phase Solution Error:   0.761
Iter= 1, Polarisation Solution Error:   0.012
Iter= 1, Overall Solution Error:        1.485
Iter= 2, Amplit/Phase Solution Error:   0.013
Iter= 2, Polarisation Solution Error:   0.000
Iter= 2, Overall Solution Error:        0.012
Iter= 3, Amplit/Phase Solution Error:   0.001
Iter= 3, Polarisation Solution Error:   0.000
Iter= 3, Overall Solution Error:        0.002
Iter= 4, Amplit/Phase Solution Error:   0.000
Iter= 4, Polarisation Solution Error:   0.000
Iter= 4, Overall Solution Error:        0.000
I flux density:   4.3373
Percent Q:   1.195
Percent U:   0.319
Leakage terms:
 Ant 1:Dx,Dy = ( 0.00107,-0.00349),(-0.00106,-0.00440)
 Ant 2:Dx,Dy = ( 0.00303, 0.00292),(-0.00446, 0.00237)
 Ant 3:Dx,Dy = ( 0.00375,-0.00142),(-0.00792,-0.00223)
 Ant 4:Dx,Dy = ( 0.00217, 0.01752),(-0.00265, 0.01629)
 Ant 5:Dx,Dy = (-0.01645, 0.00394),( 0.01536, 0.00250)
 Ant 6:Dx,Dy = ( 0.00239,-0.01664),(-0.00329,-0.01736)
Solution for freq bin  2
Iter= 1, Amplit/Phase Solution Error:   0.850
Iter= 1, Polarisation Solution Error:   0.013
Iter= 1, Overall Solution Error:        1.492
Iter= 2, Amplit/Phase Solution Error:   0.014
Iter= 2, Polarisation Solution Error:   0.000
Iter= 2, Overall Solution Error:        0.011
Iter= 3, Amplit/Phase Solution Error:   0.001
Iter= 3, Polarisation Solution Error:   0.000
Iter= 3, Overall Solution Error:        0.005
Iter= 4, Amplit/Phase Solution Error:   0.000
Iter= 4, Polarisation Solution Error:   0.000
Iter= 4, Overall Solution Error:        0.000
I flux density:   4.5236
Percent Q:   1.346
Percent U:   0.359
Leakage terms:
 Ant 1:Dx,Dy = ( 0.00072,-0.00490),(-0.00082,-0.00484)
 Ant 2:Dx,Dy = ( 0.00323, 0.00141),(-0.00389, 0.00119)
 Ant 3:Dx,Dy = ( 0.00496,-0.00105),(-0.00871,-0.00241)
 Ant 4:Dx,Dy = ( 0.00364, 0.01654),(-0.00285, 0.01671)
 Ant 5:Dx,Dy = (-0.01667, 0.00572),( 0.01604, 0.00549)
 Ant 6:Dx,Dy = ( 0.00202,-0.01693),(-0.00190,-0.01693)

2018-11-22 22:05:56,077 [MainThread  ] [INFO ]  gpboot vis=2255-282.9500 cal=1934-638.9500

gpboot: Revision 1.9, 2015/10/29 01:31:30 UTC

Secondary flux density scaled by:   0.987
Frequency bin  1 scaled by      :   0.989
Frequency bin  2 scaled by      :   0.989

2018-11-22 22:07:28,162 [MainThread  ] [INFO ]  gpcopy vis=2255-282.9500 out=c.9500

gpcopy: Revision 1.13, 2015/10/29 01:31:39 UTC

Copying leakage table
Copying gain table
Interpolation tolerance set to (minutes): 720.00
Copying bandpass table

2018-11-22 22:26:11,832 [MainThread  ] [INFO ]  pgflag vis=c.9500 command='<b' stokes=i,v,q,u flagpar=8,2,2,3,6,3  options=nodisp

pgflag: Revision 1.30, 2016/10/05 23:06:50 UTC

Applying bandpass corrections to c.9500
Applying freq. dependent gain corrections to c.9500
Applying freq. dependent leakage correction to c.9500
Applying changes to dataset
Counts of correlations within selected channels:
 channel  Originally  Currently
 Good:     428881440  413421100    Changed to bad:   15460340
 Bad:       68164980   83625320    Changed to good:         0
 16.8% of the data is now flagged

2018-11-22 22:44:36,664 [MainThread  ] [INFO ]  pgflag vis=c.9500 command='<b' stokes=i,v,u,q flagpar=8,2,2,3,6,3  options=nodisp

pgflag: Revision 1.30, 2016/10/05 23:06:50 UTC

Applying bandpass corrections to c.9500
Applying freq. dependent gain corrections to c.9500
Applying freq. dependent leakage correction to c.9500
Applying changes to dataset
Counts of correlations within selected channels:
 channel  Originally  Currently
 Good:     413421100  401914328    Changed to bad:   11506772
 Bad:       83625320   95132092    Changed to good:         0
 19.1% of the data is now flagged

2018-11-22 22:46:25,636 [MainThread  ] [INFO ]  uvsplit vis=c.9500

uvsplit: Revision 1.18, 2016/05/09 03:06:18 UTC

Creating c_1121.9500
Creating c_1122.9500
Creating c_1123.9500
Creating c_1124.9500
Creating c_1125.9500
Creating c_1126.9500
Creating c_1127.9500
Creating c_1128.9500
Creating c_1129.9500
Creating c_1130.9500
Creating c_1131.9500
Creating c_1132.9500
Creating c_1133.9500
Creating c_1134.9500
Creating c_1135.9500
Creating c_1136.9500
Creating c_1137.9500
Creating c_1138.9500
Creating c_1139.9500
Creating c_1140.9500
Creating c_1141.9500
Creating c_1142.9500
Creating c_1143.9500
Creating c_1144.9500
Creating c_1145.9500
Creating c_1146.9500
Creating c_1147.9500
Creating c_1148.9500
Creating c_1149.9500
Creating c_1150.9500
Creating c_1151.9500
Creating c_1152.9500
Creating c_1153.9500
Creating c_1154.9500
Creating c_1155.9500
Creating c_1156.9500
Creating c_1157.9500
Creating c_1158.9500
Creating c_1159.9500
Creating c_1160.9500
Creating c_1161.9500
Creating c_1162.9500
Creating c_1163.9500
Creating c_1164.9500
Creating c_1165.9500
Creating c_1166.9500
Creating c_1167.9500
Creating c_1168.9500
Creating c_1169.9500
Creating c_1170.9500
Creating c_1171.9500
Creating c_1172.9500
Creating c_1173.9500
Creating c_1174.9500
Creating c_1175.9500
Creating c_1176.9500
Creating c_1177.9500
Creating c_1178.9500
Creating c_1179.9500
Creating c_1180.9500
Creating c_1181.9500
Creating c_1182.9500
Creating c_1183.9500
Creating c_1184.9500
Creating c_1185.9500
Creating c_1186.9500
Creating c_1187.9500
Creating c_1188.9500
Creating c_1189.9500
Creating c_1190.9500
Creating c_1191.9500
Creating c_1192.9500
Creating c_1193.9500
Creating c_1194.9500
Creating c_1195.9500
Creating c_1196.9500
Creating c_1197.9500
Creating c_1198.9500
Creating c_1199.9500
Creating c_1200.9500
Creating c_1201.9500
Creating c_1202.9500
Creating c_1203.9500
Creating c_1204.9500
Creating c_1205.9500
Creating c_1206.9500
Creating c_1207.9500
Creating c_1208.9500
Creating c_1209.9500
Creating c_1210.9500
Creating c_1211.9500
Creating c_1212.9500
Creating c_1213.9500
Creating c_1214.9500
Creating c_1215.9500
Creating c_1216.9500
Creating c_1217.9500
Creating c_1218.9500
Creating c_1219.9500
Creating c_1220.9500
Creating c_1221.9500
Creating c_1222.9500
Creating c_1223.9500
Creating c_1224.9500
Creating c_1225.9500
Creating c_1226.9500
Creating c_1227.9500
Creating c_1228.9500
Creating c_1229.9500
Creating c_1230.9500
Creating c_1231.9500
Creating c_1232.9500
Creating c_1233.9500
Creating c_1234.9500
Creating c_1235.9500
Creating c_1236.9500
Creating c_1237.9500
Creating c_1238.9500
Creating c_1239.9500
Creating c_1240.9500
Creating c_1241.9500
Creating c_1242.9500
Creating c_1243.9500
Creating c_1244.9500
Creating c_1245.9500
Creating c_1246.9500
Creating c_1247.9500
Creating c_1248.9500
Creating c_1249.9500
Creating c_1250.9500
Creating c_1251.9500
Creating c_1252.9500
Creating c_1253.9500
Creating c_1254.9500
Creating c_1255.9500
Creating c_1256.9500
Creating c_1257.9500
Creating c_1258.9500
Creating c_1259.9500
Creating c_1260.9500
Creating c_1081.9500
Creating c_1082.9500
Creating c_1083.9500
Creating c_1084.9500
Creating c_1085.9500
Creating c_1086.9500
Creating c_1087.9500
Creating c_1088.9500
Creating c_1089.9500
Creating c_1090.9500
Creating c_1091.9500
Creating c_1092.9500
Creating c_1093.9500
Creating c_1094.9500
Creating c_1095.9500
Creating c_1096.9500
Creating c_1097.9500
Creating c_1098.9500
Creating c_1099.9500
Creating c_1100.9500
Creating c_1101.9500
Creating c_1102.9500
Creating c_1103.9500
Creating c_1104.9500
Creating c_1105.9500
Creating c_1106.9500
Creating c_1107.9500
Creating c_1108.9500
Creating c_1109.9500
Creating c_1110.9500
Creating c_1111.9500
Creating c_1112.9500
Creating c_1113.9500
Creating c_1114.9500
Creating c_1115.9500
Creating c_1116.9500
Creating c_1117.9500
Creating c_1118.9500
Creating c_1119.9500
Creating c_1120.9500

