2018-08-07 11:09:49,118 [MainThread  ] [INFO ]  atlod in=raw/2017-11-14_0310.C3132,raw/2017-11-14_0557.C3132,raw/2017-11-14_0844.C3132,raw/2017-11-14_1131.C3132,raw/2017-11-14_1418.C3132 out=data9.uv ifsel=2 options=birdie,rfiflag,noauto,xycorr

atlod: Revision 1.53, 2016/08/25 23:02:21 UTC

Processing file raw/2017-11-14_0310.C3132
 03:10:19 CAOBS> track 1
CABB data detected
Scan 1 started at 17NOV14:03:10:36.0
Source: 1934-638
Flagging channels in  28 frequency ranges
 03:25:33 CAOBS> stop
 03:25:40 CAOBS> set file c3132_obs_b1.sch
 03:25:46 CAOBS> start 1/100
Scan 2 started at 17NOV14:03:27:40.0
Source: 2312-319
Scan 3 started at 17NOV14:03:30:20.7
Source: b_1
Source: b_2
Source: b_3
Source: b_4
Source: b_5
Source: b_6
Source: b_7
Source: b_8
Source: b_9
Source: b_10
Source: b_11
Source: b_12
Source: b_13
Source: b_14
Source: b_15
Source: b_16
Source: b_17
Source: b_18
Source: b_19
Source: b_20
Scan 4 started at 17NOV14:03:43:56.0
Source: 2312-319
Scan 5 started at 17NOV14:03:46:36.0
Source: b_21
Source: b_22
Source: b_23
Source: b_24
Source: b_25
Source: b_26
Source: b_27
Source: b_28
Source: b_29
Source: b_30
Source: b_31
Source: b_32
Source: b_33
Source: b_34
Source: b_35
Source: b_36
Source: b_37
Source: b_38
Source: b_39
Source: b_40
Scan 6 started at 17NOV14:04:00:04.0
Source: 2312-319
Scan 7 started at 17NOV14:04:02:44.0
Source: b_41
Source: b_42
Source: b_43
Source: b_44
Source: b_45
Source: b_46
Source: b_47
Source: b_48
Source: b_49
Source: b_50
Source: b_51
Source: b_52
Source: b_53
Source: b_54
Source: b_55
Source: b_56
Source: b_57
Source: b_58
Source: b_59
Source: b_60
Scan 8 started at 17NOV14:04:16:12.0
Source: 2312-319
Scan 9 started at 17NOV14:04:18:46.5
Source: b_61
Source: b_62
Source: b_63
Source: b_64
Source: b_65
Source: b_66
Source: b_67
Source: b_68
Source: b_69
Source: b_70
Source: b_71
Source: b_72
Source: b_73
Source: b_74
Source: b_75
Source: b_76
Source: b_77
Source: b_78
Source: b_79
Source: b_80
Scan 10 started at 17NOV14:04:32:20.0
Source: 2312-319
Scan 11 started at 17NOV14:04:34:54.5
Source: b_81
Source: b_82
Source: b_83
Source: b_84
Source: b_85
Source: b_86
Source: b_87
Source: b_88
Source: b_89
Source: b_90
Source: b_91
Source: b_92
Source: b_93
Source: b_94
Source: b_95
Source: b_96
Source: b_97
Source: b_98
Source: b_99
Source: b_100
Scan 12 started at 17NOV14:04:48:28.0
Source: 2312-319
Scan 13 started at 17NOV14:04:51:08.0
Source: b_101
Source: b_102
Source: b_103
Source: b_104
Source: b_105
Source: b_106
Source: b_107
Source: b_108
Source: b_109
Source: b_110
Source: b_111
Source: b_112
Source: b_113
Source: b_114
Source: b_115
Source: b_116
Source: b_117
Source: b_118
Source: b_119
Source: b_120
Scan 14 started at 17NOV14:05:04:36.0
Source: 2312-319
Scan 15 started at 17NOV14:05:07:16.0
Source: b_121
Source: b_122
Source: b_123
Source: b_124
Source: b_125
Source: b_126
Source: b_127
Source: b_128
Source: b_129
Source: b_130
Source: b_131
Source: b_132
Source: b_133
Source: b_134
Source: b_135
Source: b_136
Source: b_137
Source: b_138
Source: b_139
Source: b_140
Scan 16 started at 17NOV14:05:20:44.0
Source: 2312-319
Scan 17 started at 17NOV14:05:23:18.0
Source: b_141
Source: b_142
Source: b_143
Source: b_144
Source: b_145
Source: b_146
Source: b_147
Source: b_148
Source: b_149
Source: b_150
Source: b_151
Source: b_152
Source: b_153
Source: b_154
Source: b_155
Source: b_156
Source: b_157
Source: b_158
Source: b_159
Source: b_160
Scan 18 started at 17NOV14:05:36:52.0
Source: 2312-319
Scan 19 started at 17NOV14:05:39:32.0
Source: b_161
Source: b_162
Source: b_163
Source: b_164
Source: b_165
Source: b_166
Source: b_167
Source: b_168
Source: b_169
Source: b_170
Source: b_171
Source: b_172
Source: b_173
Source: b_174
Source: b_175
Source: b_176
Source: b_177
Source: b_178
Source: b_179
Source: b_180
Scan 20 started at 17NOV14:05:53:00.0
Source: 2312-319
Scan 21 started at 17NOV14:05:55:40.0
Source: b_181
Source: b_182
Source: b_183
Source: b_184
RPFITS file version is 2.12
---------------------------------------
Total number of spectra selected: 72660

Summary of spectra flagged
Flagging Reason            Fraction
---------------            --------
Antenna off-source/off-line  3.19%
---------------------------------------
Processing file raw/2017-11-14_0557.C3132
CABB data detected
Scan 1 started at 17NOV14:05:57:40.0
Source: b_184
Source: b_185
Source: b_186
Source: b_187
Source: b_188
Source: b_189
Source: b_190
Source: b_191
Source: b_192
Source: b_193
Source: b_194
Source: b_195
Source: b_196
Source: b_197
Source: b_198
Source: b_199
Source: b_200
Scan 2 started at 17NOV14:06:09:08.0
Source: 2312-319
Scan 3 started at 17NOV14:06:11:42.8
Source: b_201
Source: b_202
Source: b_203
Source: b_204
Source: b_205
Source: b_206
Source: b_207
Source: b_208
Source: b_209
Source: b_210
Source: b_211
Source: b_212
Source: b_213
Source: b_214
Source: b_215
Source: b_216
Source: b_217
Source: b_218
Source: b_219
Source: b_220
Scan 4 started at 17NOV14:06:25:16.0
Source: 2312-319
Scan 5 started at 17NOV14:06:27:50.8
Source: b_221
Source: b_222
Source: b_223
Source: b_224
Source: b_225
Source: b_226
Source: b_227
Source: b_228
Source: b_229
Source: b_230
Source: b_231
Source: b_232
Source: b_233
Source: b_234
Source: b_235
Source: b_236
Source: b_237
Source: b_238
Source: b_239
Source: b_240
Scan 6 started at 17NOV14:06:41:24.0
Source: 2312-319
Scan 7 started at 17NOV14:06:43:56.7
Source: b_1
Source: b_2
Source: b_3
Source: b_4
Source: b_5
Source: b_6
Source: b_7
Source: b_8
Source: b_9
Source: b_10
Source: b_11
Source: b_12
Source: b_13
Source: b_14
Source: b_15
Source: b_16
Source: b_17
Source: b_18
Source: b_19
Source: b_20
Scan 8 started at 17NOV14:06:57:32.0
Source: 2312-319
Scan 9 started at 17NOV14:07:00:12.0
Source: b_21
Source: b_22
Source: b_23
Source: b_24
Source: b_25
Source: b_26
Source: b_27
Source: b_28
Source: b_29
Source: b_30
Source: b_31
Source: b_32
Source: b_33
Source: b_34
Source: b_35
Source: b_36
Source: b_37
Source: b_38
Source: b_39
Source: b_40
Scan 10 started at 17NOV14:07:13:40.0
Source: 2312-319
Scan 11 started at 17NOV14:07:16:28.0
Source: b_41
Source: b_42
Source: b_43
Source: b_44
Source: b_45
Source: b_46
Source: b_47
Source: b_48
Source: b_49
Source: b_50
Source: b_51
Source: b_52
Source: b_53
Source: b_54
Source: b_55
Source: b_56
Source: b_57
Source: b_58
Source: b_59
Source: b_60
Scan 12 started at 17NOV14:07:29:48.0
Source: 2312-319
Scan 13 started at 17NOV14:07:32:28.0
Source: b_61
Source: b_62
Source: b_63
Source: b_64
Source: b_65
Source: b_66
Source: b_67
Source: b_68
Source: b_69
Source: b_70
Source: b_71
Source: b_72
Source: b_73
Source: b_74
Source: b_75
Source: b_76
Source: b_77
Source: b_78
Source: b_79
Source: b_80
Scan 14 started at 17NOV14:07:45:56.0
Source: 2312-319
Scan 15 started at 17NOV14:07:48:36.0
Source: b_81
Source: b_82
Source: b_83
Source: b_84
Source: b_85
Source: b_86
Source: b_87
Source: b_88
Source: b_89
Source: b_90
Source: b_91
Source: b_92
Source: b_93
Source: b_94
Source: b_95
Source: b_96
Source: b_97
Source: b_98
Source: b_99
Source: b_100
Scan 16 started at 17NOV14:08:02:04.0
Source: 2312-319
Scan 17 started at 17NOV14:08:04:52.0
Source: b_101
Source: b_102
Source: b_103
Source: b_104
Source: b_105
Source: b_106
Source: b_107
Source: b_108
Source: b_109
Source: b_110
Source: b_111
Source: b_112
Source: b_113
Source: b_114
Source: b_115
Source: b_116
Source: b_117
Source: b_118
Source: b_119
Source: b_120
Scan 18 started at 17NOV14:08:18:12.0
Source: 2312-319
Scan 19 started at 17NOV14:08:21:00.0
Source: b_121
Source: b_122
Source: b_123
Source: b_124
Source: b_125
Source: b_126
Source: b_127
Source: b_128
Source: b_129
Source: b_130
Source: b_131
Source: b_132
Source: b_133
Source: b_134
Source: b_135
Source: b_136
Source: b_137
Source: b_138
Source: b_139
Source: b_140
Scan 20 started at 17NOV14:08:34:20.0
Source: 2312-319
Scan 21 started at 17NOV14:08:36:54.0
Source: b_141
Source: b_142
Source: b_143
Source: b_144
Source: b_145
Source: b_146
Source: b_147
Source: b_148
Source: b_149
Source: b_150
Source: b_151
Source: b_152
RPFITS file version is 2.12
---------------------------------------
Total number of spectra selected: 72660

Summary of spectra flagged
Flagging Reason            Fraction
---------------            --------
Antenna off-source/off-line  2.39%
---------------------------------------
Processing file raw/2017-11-14_0844.C3132
CABB data detected
Scan 1 started at 17NOV14:08:44:28.0
Source: b_152
Source: b_153
Source: b_154
Source: b_155
Source: b_156
Source: b_157
Source: b_158
Source: b_159
Source: b_160
Scan 2 started at 17NOV14:08:50:28.0
Source: 2312-319
Scan 3 started at 17NOV14:08:53:32.0
Source: b_161
Source: b_162
Source: b_163
Source: b_164
Source: b_165
Source: b_166
Source: b_167
Source: b_168
Source: b_169
Source: b_170
Source: b_171
Source: b_172
Source: b_173
Source: b_174
Source: b_175
Source: b_176
Source: b_177
Source: b_178
Source: b_179
Source: b_180
Scan 4 started at 17NOV14:09:07:00.0
Source: 2312-319
Scan 5 started at 17NOV14:09:10:22.5
Source: b_182
Source: b_183
Source: b_184
Source: b_185
Source: b_186
Source: b_187
Source: b_188
Source: b_189
Source: b_190
Source: b_191
Source: b_192
Source: b_193
Source: b_194
Source: b_195
Source: b_196
Source: b_197
Source: b_198
Source: b_199
Source: b_200
Scan 6 started at 17NOV14:09:23:24.0
Source: 2312-319
Scan 7 started at 17NOV14:09:27:00.0
Source: b_201
Source: b_202
Source: b_203
Source: b_204
Source: b_205
Source: b_206
Source: b_207
Source: b_208
Source: b_209
Source: b_210
Source: b_211
Source: b_212
Source: b_213
Source: b_214
Source: b_215
Source: b_217
Source: b_219
Scan 8 started at 17NOV14:09:40:52.0
Source: 2312-319
Scan 9 started at 17NOV14:09:44:28.0
Source: b_221
Source: b_222
Source: b_223
Source: b_224
Source: b_225
Source: b_226
Source: b_227
Source: b_228
Source: b_229
Source: b_230
Source: b_231
Source: b_232
Source: b_233
Source: b_234
Source: b_235
Source: b_236
Source: b_237
Source: b_238
Source: b_239
Source: b_240
Scan 10 started at 17NOV14:09:58:20.0
Source: 2312-319
Scan 11 started at 17NOV14:10:01:00.7
Source: b_1
Source: b_2
Source: b_3
Source: b_4
Source: b_5
Source: b_6
Source: b_7
Source: b_8
Source: b_9
Source: b_10
Source: b_11
Source: b_12
Source: b_13
Source: b_14
Source: b_15
Source: b_16
Source: b_17
Source: b_18
Source: b_19
Source: b_20
Scan 12 started at 17NOV14:10:14:44.0
Source: 2312-319
Scan 13 started at 17NOV14:10:17:40.0
Source: b_21
Source: b_22
Source: b_23
Source: b_24
Source: b_25
Source: b_26
Source: b_27
Source: b_28
Source: b_29
Source: b_30
Source: b_31
Source: b_32
Source: b_33
Source: b_34
Source: b_35
Source: b_36
Source: b_37
Source: b_38
Source: b_39
Source: b_40
Scan 14 started at 17NOV14:10:31:00.0
Source: 2312-319
Scan 15 started at 17NOV14:10:33:56.0
Source: b_41
Source: b_42
Source: b_43
Source: b_44
Source: b_45
Source: b_46
Source: b_47
Source: b_48
Source: b_49
Source: b_50
Source: b_51
Source: b_52
Source: b_53
Source: b_54
Source: b_55
Source: b_56
Source: b_57
Source: b_58
Source: b_59
Source: b_60
Scan 16 started at 17NOV14:10:47:08.0
Source: 2312-319
Scan 17 started at 17NOV14:10:49:48.0
Source: b_61
Source: b_62
Source: b_63
Source: b_64
Source: b_65
Source: b_66
Source: b_67
Source: b_68
Source: b_69
Source: b_70
Source: b_71
Source: b_72
Source: b_73
Source: b_74
Source: b_75
Source: b_76
Source: b_77
Source: b_78
Source: b_79
Source: b_80
Scan 18 started at 17NOV14:11:03:16.0
Source: 2312-319
Scan 19 started at 17NOV14:11:05:56.0
Source: b_81
Source: b_82
Source: b_83
Source: b_84
Source: b_85
Source: b_86
Source: b_87
Source: b_88
Source: b_89
Source: b_90
Source: b_91
Source: b_92
Source: b_93
Source: b_94
Source: b_95
Source: b_96
Source: b_97
Source: b_98
Source: b_99
Source: b_100
Scan 20 started at 17NOV14:11:19:24.0
Source: 2312-319
Scan 21 started at 17NOV14:11:22:12.0
Source: b_101
Source: b_102
Source: b_103
Source: b_104
Source: b_105
Source: b_106
Source: b_107
Source: b_108
Source: b_109
Source: b_110
Source: b_111
Source: b_112
Source: b_113
Source: b_114
RPFITS file version is 2.12
---------------------------------------
Total number of spectra selected: 72660

Summary of spectra flagged
Flagging Reason            Fraction
---------------            --------
Antenna off-source/off-line  9.81%
---------------------------------------
Processing file raw/2017-11-14_1131.C3132
CABB data detected
Scan 1 started at 17NOV14:11:31:17.8
Source: b_115
Source: b_116
Source: b_117
Source: b_118
Source: b_119
Source: b_120
Scan 2 started at 17NOV14:11:35:32.0
Source: 2312-319
Scan 3 started at 17NOV14:11:38:12.0
Source: b_121
Source: b_122
Source: b_123
Source: b_124
Source: b_125
Source: b_126
Source: b_127
Source: b_128
Source: b_129
Source: b_130
Source: b_131
Source: b_132
Source: b_133
Source: b_134
Source: b_135
Source: b_136
Source: b_137
Source: b_138
Source: b_139
Source: b_140
Scan 4 started at 17NOV14:11:51:40.0
Source: 2312-319
Scan 5 started at 17NOV14:11:54:14.0
Source: b_141
Source: b_142
Source: b_143
Source: b_144
Source: b_145
Source: b_146
Source: b_147
Source: b_148
Source: b_149
Source: b_150
Source: b_151
Source: b_152
Source: b_153
Source: b_154
Source: b_155
Source: b_156
Source: b_157
Source: b_158
Source: b_159
Source: b_160
Scan 6 started at 17NOV14:12:07:48.0
Source: 2312-319
Scan 7 started at 17NOV14:12:10:28.0
Source: b_161
Source: b_162
Source: b_163
Source: b_164
Source: b_165
Source: b_166
Source: b_167
Source: b_168
Source: b_169
Source: b_170
Source: b_171
Source: b_172
Source: b_173
Source: b_174
Source: b_175
Source: b_176
Source: b_177
Source: b_178
Source: b_179
Source: b_180
Scan 8 started at 17NOV14:12:23:56.0
Source: 2312-319
Scan 9 started at 17NOV14:12:26:44.0
Source: b_181
Source: b_182
Source: b_183
Source: b_184
Source: b_185
Source: b_186
Source: b_187
Source: b_188
Source: b_189
Source: b_190
Source: b_191
Source: b_192
Source: b_193
Source: b_194
Source: b_195
Source: b_196
Source: b_197
Source: b_198
Source: b_199
Source: b_200
Scan 10 started at 17NOV14:12:40:04.0
Source: 2312-319
Scan 11 started at 17NOV14:12:42:44.0
Source: b_201
Source: b_202
Source: b_203
Source: b_204
Source: b_205
Source: b_206
Source: b_207
Source: b_208
Source: b_209
Source: b_210
Source: b_211
Source: b_212
Source: b_213
Source: b_214
Source: b_215
Source: b_216
Source: b_217
Source: b_218
Source: b_219
Source: b_220
Scan 12 started at 17NOV14:12:56:12.0
Source: 2312-319
Scan 13 started at 17NOV14:12:58:52.0
Source: b_221
Source: b_222
Source: b_223
Source: b_224
Source: b_225
Source: b_226
Source: b_227
Source: b_228
Source: b_229
Source: b_230
Source: b_231
Source: b_232
Source: b_233
Source: b_234
Source: b_235
Source: b_236
Source: b_237
Source: b_238
Source: b_239
Source: b_240
Scan 14 started at 17NOV14:13:12:20.0
Source: 2312-319
Scan 15 started at 17NOV14:13:14:52.7
Source: b_1
Source: b_2
Source: b_3
Source: b_4
Source: b_5
Source: b_6
Source: b_7
Source: b_8
Source: b_9
Source: b_10
Source: b_11
Source: b_12
Source: b_13
Source: b_14
Source: b_15
Source: b_16
Source: b_17
Source: b_18
Source: b_19
Source: b_20
Scan 16 started at 17NOV14:13:28:28.0
Source: 2312-319
Scan 17 started at 17NOV14:13:31:08.0
Source: b_21
Source: b_22
Source: b_23
Source: b_24
Source: b_25
Source: b_26
Source: b_27
Source: b_28
Source: b_29
Source: b_30
Source: b_31
Source: b_32
Source: b_33
Source: b_34
Source: b_35
Source: b_36
Source: b_37
Source: b_38
Source: b_39
Source: b_40
Scan 18 started at 17NOV14:13:44:36.0
Source: 2312-319
Scan 19 started at 17NOV14:13:47:16.0
Source: b_41
Source: b_42
Source: b_43
Source: b_44
Source: b_45
Source: b_46
Source: b_47
Source: b_48
Source: b_49
Source: b_50
Source: b_51
Source: b_52
Source: b_53
Source: b_54
Source: b_55
Source: b_56
Source: b_57
Source: b_58
Source: b_59
Source: b_60
Scan 20 started at 17NOV14:14:00:44.0
Source: 2312-319
Scan 21 started at 17NOV14:14:03:18.8
Source: b_61
Source: b_62
Source: b_63
Source: b_64
Source: b_65
Source: b_66
Source: b_67
Source: b_68
Source: b_69
Source: b_70
Source: b_71
Source: b_72
Source: b_73
Source: b_74
Source: b_75
Source: b_76
Source: b_77
Source: b_78
Source: b_79
Source: b_80
Scan 22 started at 17NOV14:14:16:52.0
Source: 2312-319
RPFITS file version is 2.12
---------------------------------------
Total number of spectra selected: 72660

Summary of spectra flagged
Flagging Reason            Fraction
---------------            --------
Antenna off-source/off-line  2.36%
---------------------------------------
Processing file raw/2017-11-14_1418.C3132
CABB data detected
Scan 1 started at 17NOV14:14:18:20.0
Source: 2312-319
Scan 2 started at 17NOV14:14:19:26.8
Source: b_81
Source: b_82
Source: b_83
Source: b_84
Source: b_85
Source: b_86
Source: b_87
Source: b_88
Source: b_89
Source: b_90
Source: b_91
Source: b_92
Source: b_93
Source: b_94
Source: b_95
Source: b_96
Source: b_97
Source: b_98
Source: b_99
Source: b_100
Scan 3 started at 17NOV14:14:33:00.0
Source: 2312-319
Scan 4 started at 17NOV14:14:35:40.0
Source: b_101
Source: b_102
Source: b_103
Source: b_104
Source: b_105
Source: b_106
Source: b_107
Source: b_108
Source: b_109
Source: b_110
Source: b_111
Source: b_112
Source: b_113
Source: b_114
Source: b_115
Source: b_116
Source: b_117
Source: b_118
Source: b_119
Source: b_120
Scan 5 started at 17NOV14:14:49:08.0
Source: 2312-319
Scan 6 started at 17NOV14:14:51:48.0
Source: b_121
Source: b_122
Source: b_123
Source: b_124
Source: b_125
Source: b_126
Source: b_127
Source: b_128
Source: b_129
Source: b_130
Source: b_131
Source: b_132
Source: b_133
Source: b_134
Source: b_135
Source: b_136
Source: b_137
Source: b_138
Source: b_139
Source: b_140
Scan 7 started at 17NOV14:15:05:16.0
Source: 2312-319
Scan 8 started at 17NOV14:15:07:50.0
Source: b_141
Source: b_142
Source: b_143
Source: b_144
Source: b_145
Source: b_146
Source: b_147
Source: b_148
Source: b_149
Source: b_150
Source: b_151
Source: b_152
Source: b_153
Source: b_154
Source: b_155
Source: b_156
Source: b_157
Source: b_158
Source: b_159
Source: b_160
Scan 9 started at 17NOV14:15:21:24.0
Source: 2312-319
Scan 10 started at 17NOV14:15:24:04.0
Source: b_161
 15:24:35 CAOBS> stop
 15:24:37 CAOBS> corr closef
RPFITS file version is 2.12
---------------------------------------
Total number of spectra selected: 28740

Summary of spectra flagged
Flagging Reason            Fraction
---------------            --------
Antenna off-source/off-line  2.71%
---------------------------------------

No CACAL data was detected

2018-08-07 11:10:15,209 [MainThread  ] [INFO ]  uvflag vis=data9.uv line=chan,50,850,1 flagval=flag

uvflag: Revision 1.8, 2014/09/30 14:23:39 UTC


Set flags to indicate bad data in visibility file data9.uv
Linetype channel; select   50 channels; start  850, width    1, step    1

Overview of flagging on visibility file data9.uv
Changed flags set to FALSE (data flagged as bad)
Total number of records selected: 305700; out of 305700 records
Antennas used: 1-6
Counts of correlations within selected channels
channel   Originally    Currently
Good:        15285000.           0.    Changed to bad:    15285000.
Bad:                0.    15285000.

2018-08-07 11:11:22,828 [MainThread  ] [INFO ]  uvsplit vis=data9.uv options=mosaic

uvsplit: Revision 1.18, 2016/05/09 03:06:18 UTC

Creating 1934-638.9500
Creating 2312-319.9500
Creating b.9500

2018-08-07 11:11:45,083 [MainThread  ] [INFO ]  pgflag vis=1934-638.9500 command='<b' stokes=i,q,u,v flagpar=8,5,5,3,6,3 options=nodisp

pgflag: Revision 1.30, 2016/10/05 23:06:50 UTC

Applying changes to dataset
Counts of correlations within selected channels:
 channel  Originally  Currently
 Good:      11981760   11725260    Changed to bad:     256500
 Bad:        1787520    2044020    Changed to good:         0
 14.8% of the data is now flagged

2018-08-07 11:12:01,399 [MainThread  ] [INFO ]  pgflag vis=1934-638.9500 command='<b' stokes=i,v,q,u flagpar=8,2,2,3,6,3  options=nodisp

pgflag: Revision 1.30, 2016/10/05 23:06:50 UTC

Applying changes to dataset
Counts of correlations within selected channels:
 channel  Originally  Currently
 Good:      11725260   11498700    Changed to bad:     226560
 Bad:        2044020    2270580    Changed to good:         0
 16.5% of the data is now flagged

2018-08-07 11:12:19,103 [MainThread  ] [INFO ]  pgflag vis=1934-638.9500 command='<b' stokes=i,v,u,q flagpar=8,2,2,3,6,3  options=nodisp

pgflag: Revision 1.30, 2016/10/05 23:06:50 UTC

Applying changes to dataset
Counts of correlations within selected channels:
 channel  Originally  Currently
 Good:      11498700   11087184    Changed to bad:     411516
 Bad:        2270580    2682096    Changed to good:         0
 19.5% of the data is now flagged

2018-08-07 11:13:32,459 [MainThread  ] [INFO ]  mfcal vis=1934-638.9500 refant=4 interval=0.1
MfCal: $Revision: 1.20 $, $Date: 2017/05/08 02:31:10 $
Selecting parallel-hand polarisations
Reading the data ...
Number correlations accepted: 5543592
Number of frequency bands/settings: 1
Number of polarisations selected: 2
Number of solution intervals: 112
Number of passband solution intervals: 1
Initialising ...
Using post-Aug94 ATCA flux scale for 1934-638.
Using known frequency variation of 1934-638
Generating initial solution estimate ...
Doing solution refinement ...
Iter= 1, Solution Error:  0.458
Iter= 2, Solution Error:  0.017
Iter= 3, Solution Error:  0.000
Saving solution ...

2018-08-07 11:13:33,354 [MainThread  ] [INFO ]  gpcal vis=1934-638.9500 refant=4 interval=0.1 nfbin=2 options=xyvary

gpcal: Revision 1.22, 2016/05/01 22:31:05 UTC

Applying bandpass corrections to 1934-638.9500
Number of antennae: 6
Reading the data ...
Number of solution intervals: 112
Total visibilities read: 1680
Number visibilities accepted: 1680
Using post-Aug94 ATCA flux scale for 1934-638.
Using IQUV =  2.5417,  0.0000,  0.0000,  0.0000 at   9.4495 GHz.
Using post-Aug94 ATCA flux scale for 1934-638.
Using IQUV =  2.6948,  0.0000,  0.0000,  0.0000 at   9.0155 GHz.
Using post-Aug94 ATCA flux scale for 1934-638.
Using IQUV =  2.3861,  0.0000,  0.0000,  0.0000 at   9.9440 GHz.
Iter= 1, Amplit/Phase Solution Error:   1.052
Iter= 1, Polarisation Solution Error:   0.018
Iter= 1, Overall Solution Error:        1.966
Iter= 2, Amplit/Phase Solution Error:   0.002
Iter= 2, Polarisation Solution Error:   0.000
Iter= 2, Overall Solution Error:        0.003
Iter= 3, Amplit/Phase Solution Error:   0.001
Iter= 3, Polarisation Solution Error:   0.000
Iter= 3, Overall Solution Error:        0.001
I flux density:   2.5417
Leakage terms:
 Ant 1:Dx,Dy = ( 0.00089,-0.00249),(-0.00009,-0.00274)
 Ant 2:Dx,Dy = ( 0.00109, 0.00125),(-0.00090, 0.00038)
 Ant 3:Dx,Dy = ( 0.00193, 0.00221),(-0.00382, 0.00052)
 Ant 4:Dx,Dy = ( 0.00101, 0.00836),(-0.00016, 0.00851)
 Ant 5:Dx,Dy = (-0.00717, 0.00076),( 0.00812, 0.00092)
 Ant 6:Dx,Dy = ( 0.00286,-0.00906),(-0.00254,-0.00863)
Solution for freq bin  1
Iter= 1, Amplit/Phase Solution Error:   1.035
Iter= 1, Polarisation Solution Error:   0.029
Iter= 1, Overall Solution Error:        1.964
Iter= 2, Amplit/Phase Solution Error:   0.002
Iter= 2, Polarisation Solution Error:   0.000
Iter= 2, Overall Solution Error:        0.003
Iter= 3, Amplit/Phase Solution Error:   0.001
Iter= 3, Polarisation Solution Error:   0.000
Iter= 3, Overall Solution Error:        0.001
I flux density:   2.6948
Leakage terms:
 Ant 1:Dx,Dy = ( 0.00473,-0.00098),(-0.00402,-0.00220)
 Ant 2:Dx,Dy = ( 0.00063, 0.00517),( 0.00008, 0.00278)
 Ant 3:Dx,Dy = ( 0.00082, 0.00412),(-0.00196, 0.00594)
 Ant 4:Dx,Dy = (-0.00915, 0.01066),( 0.01018, 0.00995)
 Ant 5:Dx,Dy = (-0.00971,-0.01031),( 0.01027,-0.01010)
 Ant 6:Dx,Dy = ( 0.01367,-0.00754),(-0.01354,-0.00749)
Solution for freq bin  2
Iter= 1, Amplit/Phase Solution Error:   1.078
Iter= 1, Polarisation Solution Error:   0.030
Iter= 1, Overall Solution Error:        1.969
Iter= 2, Amplit/Phase Solution Error:   0.002
Iter= 2, Polarisation Solution Error:   0.000
Iter= 2, Overall Solution Error:        0.003
Iter= 3, Amplit/Phase Solution Error:   0.001
Iter= 3, Polarisation Solution Error:   0.000
Iter= 3, Overall Solution Error:        0.001
I flux density:   2.3861
Leakage terms:
 Ant 1:Dx,Dy = (-0.00354,-0.00422),( 0.00445,-0.00328)
 Ant 2:Dx,Dy = ( 0.00180,-0.00346),(-0.00222,-0.00247)
 Ant 3:Dx,Dy = ( 0.00334,-0.00013),(-0.00615,-0.00617)
 Ant 4:Dx,Dy = ( 0.01357, 0.00570),(-0.01295, 0.00686)
 Ant 5:Dx,Dy = (-0.00404, 0.01399),( 0.00546, 0.01406)
 Ant 6:Dx,Dy = (-0.01098,-0.01091),( 0.01155,-0.00997)

2018-08-07 11:13:56,202 [MainThread  ] [INFO ]  pgflag vis=1934-638.9500 command='<b' stokes=i,q,u,v flagpar=8,5,5,3,6,3 options=nodisp

pgflag: Revision 1.30, 2016/10/05 23:06:50 UTC

Applying bandpass corrections to 1934-638.9500
Applying freq. dependent gain corrections to 1934-638.9500
Applying freq. dependent leakage correction to 1934-638.9500
Applying changes to dataset
Counts of correlations within selected channels:
 channel  Originally  Currently
 Good:      11087184   11019736    Changed to bad:      67448
 Bad:        2682096    2749544    Changed to good:         0
 20.0% of the data is now flagged

2018-08-07 11:14:18,389 [MainThread  ] [INFO ]  pgflag vis=1934-638.9500 command='<b' stokes=i,v,q,u flagpar=8,2,2,3,6,3  options=nodisp

pgflag: Revision 1.30, 2016/10/05 23:06:50 UTC

Applying bandpass corrections to 1934-638.9500
Applying freq. dependent gain corrections to 1934-638.9500
Applying freq. dependent leakage correction to 1934-638.9500
Applying changes to dataset
Counts of correlations within selected channels:
 channel  Originally  Currently
 Good:      11019736   10958468    Changed to bad:      61268
 Bad:        2749544    2810812    Changed to good:         0
 20.4% of the data is now flagged

2018-08-07 11:14:40,801 [MainThread  ] [INFO ]  pgflag vis=1934-638.9500 command='<b' stokes=i,v,u,q flagpar=8,2,2,3,6,3  options=nodisp

pgflag: Revision 1.30, 2016/10/05 23:06:50 UTC

Applying bandpass corrections to 1934-638.9500
Applying freq. dependent gain corrections to 1934-638.9500
Applying freq. dependent leakage correction to 1934-638.9500
Applying changes to dataset
Counts of correlations within selected channels:
 channel  Originally  Currently
 Good:      10958468   10902616    Changed to bad:      55852
 Bad:        2810812    2866664    Changed to good:         0
 20.8% of the data is now flagged

2018-08-07 11:15:50,124 [MainThread  ] [INFO ]  mfcal vis=1934-638.9500 refant=4 interval=0.1
MfCal: $Revision: 1.20 $, $Date: 2017/05/08 02:31:10 $
Selecting parallel-hand polarisations
Reading the data ...
Number correlations accepted: 5451308
Number of frequency bands/settings: 1
Number of polarisations selected: 2
Number of solution intervals: 112
Number of passband solution intervals: 1
Initialising ...
Using post-Aug94 ATCA flux scale for 1934-638.
Using known frequency variation of 1934-638
Generating initial solution estimate ...
Doing solution refinement ...
Iter= 1, Solution Error:  0.463
Iter= 2, Solution Error:  0.018
Iter= 3, Solution Error:  0.000
Saving solution ...

2018-08-07 11:15:51,080 [MainThread  ] [INFO ]  gpcal vis=1934-638.9500 refant=4 interval=0.1 nfbin=2 options=xyvary

gpcal: Revision 1.22, 2016/05/01 22:31:05 UTC

Applying bandpass corrections to 1934-638.9500
Number of antennae: 6
Using leakage parameters from input as initial guess
Reading the data ...
Number of solution intervals: 112
Total visibilities read: 1680
Number visibilities accepted: 1680
Using post-Aug94 ATCA flux scale for 1934-638.
Using IQUV =  2.5426,  0.0000,  0.0000,  0.0000 at   9.4468 GHz.
Using post-Aug94 ATCA flux scale for 1934-638.
Using IQUV =  2.6942,  0.0000,  0.0000,  0.0000 at   9.0174 GHz.
Using post-Aug94 ATCA flux scale for 1934-638.
Using IQUV =  2.3872,  0.0000,  0.0000,  0.0000 at   9.9402 GHz.
Iter= 1, Amplit/Phase Solution Error:   1.051
Iter= 1, Polarisation Solution Error:   0.000
Iter= 1, Overall Solution Error:        1.968
Iter= 2, Amplit/Phase Solution Error:   0.002
Iter= 2, Polarisation Solution Error:   0.000
Iter= 2, Overall Solution Error:        0.003
Iter= 3, Amplit/Phase Solution Error:   0.001
Iter= 3, Polarisation Solution Error:   0.000
Iter= 3, Overall Solution Error:        0.001
I flux density:   2.5426
Leakage terms:
 Ant 1:Dx,Dy = ( 0.00092,-0.00252),(-0.00010,-0.00277)
 Ant 2:Dx,Dy = ( 0.00110, 0.00127),(-0.00091, 0.00038)
 Ant 3:Dx,Dy = ( 0.00195, 0.00224),(-0.00387, 0.00058)
 Ant 4:Dx,Dy = ( 0.00103, 0.00844),(-0.00013, 0.00859)
 Ant 5:Dx,Dy = (-0.00736, 0.00077),( 0.00831, 0.00096)
 Ant 6:Dx,Dy = ( 0.00300,-0.00918),(-0.00266,-0.00877)
Solution for freq bin  1
Iter= 1, Amplit/Phase Solution Error:   1.034
Iter= 1, Polarisation Solution Error:   0.021
Iter= 1, Overall Solution Error:        1.965
Iter= 2, Amplit/Phase Solution Error:   0.002
Iter= 2, Polarisation Solution Error:   0.000
Iter= 2, Overall Solution Error:        0.003
Iter= 3, Amplit/Phase Solution Error:   0.001
Iter= 3, Polarisation Solution Error:   0.000
Iter= 3, Overall Solution Error:        0.001
I flux density:   2.6942
Leakage terms:
 Ant 1:Dx,Dy = ( 0.00477,-0.00100),(-0.00405,-0.00223)
 Ant 2:Dx,Dy = ( 0.00066, 0.00518),( 0.00004, 0.00278)
 Ant 3:Dx,Dy = ( 0.00086, 0.00412),(-0.00202, 0.00594)
 Ant 4:Dx,Dy = (-0.00907, 0.01074),( 0.01013, 0.01004)
 Ant 5:Dx,Dy = (-0.00993,-0.01030),( 0.01050,-0.01005)
 Ant 6:Dx,Dy = ( 0.01371,-0.00765),(-0.01360,-0.00757)
Solution for freq bin  2
Iter= 1, Amplit/Phase Solution Error:   1.087
Iter= 1, Polarisation Solution Error:   0.027
Iter= 1, Overall Solution Error:        1.971
Iter= 2, Amplit/Phase Solution Error:   0.002
Iter= 2, Polarisation Solution Error:   0.000
Iter= 2, Overall Solution Error:        0.003
Iter= 3, Amplit/Phase Solution Error:   0.001
Iter= 3, Polarisation Solution Error:   0.000
Iter= 3, Overall Solution Error:        0.001
I flux density:   2.3872
Leakage terms:
 Ant 1:Dx,Dy = (-0.00352,-0.00423),( 0.00445,-0.00330)
 Ant 2:Dx,Dy = ( 0.00181,-0.00344),(-0.00223,-0.00245)
 Ant 3:Dx,Dy = ( 0.00335,-0.00009),(-0.00623,-0.00613)
 Ant 4:Dx,Dy = ( 0.01360, 0.00582),(-0.01292, 0.00699)
 Ant 5:Dx,Dy = (-0.00414, 0.01400),( 0.00556, 0.01407)
 Ant 6:Dx,Dy = (-0.01093,-0.01106),( 0.01153,-0.01017)

2018-08-07 11:15:51,145 [MainThread  ] [INFO ]  gpcopy vis=1934-638.9500 out=2312-319.9500

gpcopy: Revision 1.13, 2015/10/29 01:31:39 UTC

Copying leakage table
Copying gain table
Interpolation tolerance set to (minutes): 720.00
Copying bandpass table

2018-08-07 11:18:42,007 [MainThread  ] [INFO ]  pgflag vis=2312-319.9500 command='<b' stokes=i,q,u,v flagpar=8,5,5,3,6,3 options=nodisp

pgflag: Revision 1.30, 2016/10/05 23:06:50 UTC

Applying bandpass corrections to 2312-319.9500
Applying freq. dependent gain corrections to 2312-319.9500
Applying freq. dependent leakage correction to 2312-319.9500
Applying changes to dataset
Counts of correlations within selected channels:
 channel  Originally  Currently
 Good:      72275688   71464368    Changed to bad:     811320
 Bad:       10782576   11593896    Changed to good:         0
 14.0% of the data is now flagged

2018-08-07 11:21:21,521 [MainThread  ] [INFO ]  pgflag vis=2312-319.9500 command='<b' stokes=i,v,q,u flagpar=8,2,2,3,6,3  options=nodisp

pgflag: Revision 1.30, 2016/10/05 23:06:50 UTC

Applying bandpass corrections to 2312-319.9500
Applying freq. dependent gain corrections to 2312-319.9500
Applying freq. dependent leakage correction to 2312-319.9500
Applying changes to dataset
Counts of correlations within selected channels:
 channel  Originally  Currently
 Good:      71464368   70880660    Changed to bad:     583708
 Bad:       11593896   12177604    Changed to good:         0
 14.7% of the data is now flagged

2018-08-07 11:24:03,304 [MainThread  ] [INFO ]  pgflag vis=2312-319.9500 command='<b' stokes=i,v,u,q flagpar=8,2,2,3,6,3  options=nodisp

pgflag: Revision 1.30, 2016/10/05 23:06:50 UTC

Applying bandpass corrections to 2312-319.9500
Applying freq. dependent gain corrections to 2312-319.9500
Applying freq. dependent leakage correction to 2312-319.9500
Applying changes to dataset
Counts of correlations within selected channels:
 channel  Originally  Currently
 Good:      70880660   70330248    Changed to bad:     550412
 Bad:       12177604   12728016    Changed to good:         0
 15.3% of the data is now flagged

2018-08-07 11:24:07,788 [MainThread  ] [INFO ]  gpcal vis=2312-319.9500 refant=4 interval=0.1 nfbin=2 options=xyvary,qusolve

gpcal: Revision 1.22, 2016/05/01 22:31:05 UTC

Applying bandpass corrections to 2312-319.9500
Number of antennae: 6
Using leakage parameters from input as initial guess
Reading the data ...
Number of solution intervals: 677
Total visibilities read: 10134
Number visibilities accepted: 10134
Iter= 1, Amplit/Phase Solution Error:   1.378
Iter= 1, Polarisation Solution Error:   0.004
Iter= 1, Overall Solution Error:        2.373
Iter= 2, Amplit/Phase Solution Error:   0.003
Iter= 2, Polarisation Solution Error:   0.000
Iter= 2, Overall Solution Error:        0.004
Iter= 3, Amplit/Phase Solution Error:   0.001
Iter= 3, Polarisation Solution Error:   0.000
Iter= 3, Overall Solution Error:        0.001
I flux density:   0.5483
Percent Q:   0.186
Percent U:  -0.059
Leakage terms:
 Ant 1:Dx,Dy = ( 0.00035,-0.00348),( 0.00026,-0.00219)
 Ant 2:Dx,Dy = ( 0.00101, 0.00028),(-0.00114, 0.00062)
 Ant 3:Dx,Dy = ( 0.00204, 0.00126),(-0.00419, 0.00024)
 Ant 4:Dx,Dy = ( 0.00263, 0.00761),(-0.00211, 0.00871)
 Ant 5:Dx,Dy = (-0.00670, 0.00184),( 0.00748, 0.00303)
 Ant 6:Dx,Dy = ( 0.00073,-0.00966),(-0.00025,-0.00826)
Solution for freq bin  1
Iter= 1, Amplit/Phase Solution Error:   1.389
Iter= 1, Polarisation Solution Error:   0.021
Iter= 1, Overall Solution Error:        2.375
Iter= 2, Amplit/Phase Solution Error:   0.003
Iter= 2, Polarisation Solution Error:   0.000
Iter= 2, Overall Solution Error:        0.005
Iter= 3, Amplit/Phase Solution Error:   0.001
Iter= 3, Polarisation Solution Error:   0.000
Iter= 3, Overall Solution Error:        0.001
I flux density:   0.5504
Percent Q:   0.225
Percent U:  -0.011
Leakage terms:
 Ant 1:Dx,Dy = ( 0.00505,-0.00091),(-0.00395,-0.00310)
 Ant 2:Dx,Dy = ( 0.00097, 0.00568),( 0.00032, 0.00201)
 Ant 3:Dx,Dy = ( 0.00113, 0.00456),(-0.00177, 0.00522)
 Ant 4:Dx,Dy = (-0.00896, 0.01157),( 0.01005, 0.00983)
 Ant 5:Dx,Dy = (-0.00949,-0.00925),( 0.01083,-0.01013)
 Ant 6:Dx,Dy = ( 0.01391,-0.00727),(-0.01286,-0.00822)
Solution for freq bin  2
Iter= 1, Amplit/Phase Solution Error:   1.372
Iter= 1, Polarisation Solution Error:   0.028
Iter= 1, Overall Solution Error:        2.368
Iter= 2, Amplit/Phase Solution Error:   0.003
Iter= 2, Polarisation Solution Error:   0.000
Iter= 2, Overall Solution Error:        0.004
Iter= 3, Amplit/Phase Solution Error:   0.001
Iter= 3, Polarisation Solution Error:   0.000
Iter= 3, Overall Solution Error:        0.001
I flux density:   0.5477
Percent Q:   0.150
Percent U:  -0.105
Leakage terms:
 Ant 1:Dx,Dy = (-0.00433,-0.00565),( 0.00436,-0.00152)
 Ant 2:Dx,Dy = ( 0.00139,-0.00491),(-0.00246,-0.00083)
 Ant 3:Dx,Dy = ( 0.00300,-0.00195),(-0.00638,-0.00469)
 Ant 4:Dx,Dy = ( 0.01366, 0.00349),(-0.01390, 0.00796)
 Ant 5:Dx,Dy = (-0.00370, 0.01244),( 0.00467, 0.01578)
 Ant 6:Dx,Dy = (-0.01192,-0.01205),( 0.01181,-0.00807)

2018-08-07 11:27:01,130 [MainThread  ] [INFO ]  pgflag vis=2312-319.9500 command='<b' stokes=i,q,u,v flagpar=8,5,5,3,6,3 options=nodisp

pgflag: Revision 1.30, 2016/10/05 23:06:50 UTC

Applying bandpass corrections to 2312-319.9500
Applying freq. dependent gain corrections to 2312-319.9500
Applying freq. dependent leakage correction to 2312-319.9500
Applying changes to dataset
Counts of correlations within selected channels:
 channel  Originally  Currently
 Good:      70330248   69808400    Changed to bad:     521848
 Bad:       12728016   13249864    Changed to good:         0
 16.0% of the data is now flagged

2018-08-07 11:29:50,339 [MainThread  ] [INFO ]  pgflag vis=2312-319.9500 command='<b' stokes=i,v,q,u flagpar=8,2,2,3,6,3  options=nodisp

pgflag: Revision 1.30, 2016/10/05 23:06:50 UTC

Applying bandpass corrections to 2312-319.9500
Applying freq. dependent gain corrections to 2312-319.9500
Applying freq. dependent leakage correction to 2312-319.9500
Applying changes to dataset
Counts of correlations within selected channels:
 channel  Originally  Currently
 Good:      69808400   69304372    Changed to bad:     504028
 Bad:       13249864   13753892    Changed to good:         0
 16.6% of the data is now flagged

2018-08-07 11:32:38,702 [MainThread  ] [INFO ]  pgflag vis=2312-319.9500 command='<b' stokes=i,v,u,q flagpar=8,2,2,3,6,3  options=nodisp

pgflag: Revision 1.30, 2016/10/05 23:06:50 UTC

Applying bandpass corrections to 2312-319.9500
Applying freq. dependent gain corrections to 2312-319.9500
Applying freq. dependent leakage correction to 2312-319.9500
Applying changes to dataset
Counts of correlations within selected channels:
 channel  Originally  Currently
 Good:      69304372   68820668    Changed to bad:     483704
 Bad:       13753892   14237596    Changed to good:         0
 17.1% of the data is now flagged

2018-08-07 11:32:43,172 [MainThread  ] [INFO ]  gpcal vis=2312-319.9500 refant=4 interval=0.1 nfbin=2 options=xyvary,qusolve

gpcal: Revision 1.22, 2016/05/01 22:31:05 UTC

Applying bandpass corrections to 2312-319.9500
Number of antennae: 6
Using leakage parameters from input as initial guess
Reading the data ...
Number of solution intervals: 677
Total visibilities read: 10134
Number visibilities accepted: 10134
Iter= 1, Amplit/Phase Solution Error:   1.377
Iter= 1, Polarisation Solution Error:   0.002
Iter= 1, Overall Solution Error:        2.373
Iter= 2, Amplit/Phase Solution Error:   0.003
Iter= 2, Polarisation Solution Error:   0.000
Iter= 2, Overall Solution Error:        0.004
Iter= 3, Amplit/Phase Solution Error:   0.001
Iter= 3, Polarisation Solution Error:   0.000
Iter= 3, Overall Solution Error:        0.001
I flux density:   0.5510
Percent Q:   0.181
Percent U:  -0.064
Leakage terms:
 Ant 1:Dx,Dy = ( 0.00039,-0.00353),( 0.00030,-0.00223)
 Ant 2:Dx,Dy = ( 0.00105, 0.00025),(-0.00118, 0.00061)
 Ant 3:Dx,Dy = ( 0.00205, 0.00129),(-0.00417, 0.00028)
 Ant 4:Dx,Dy = ( 0.00271, 0.00764),(-0.00213, 0.00878)
 Ant 5:Dx,Dy = (-0.00674, 0.00188),( 0.00757, 0.00311)
 Ant 6:Dx,Dy = ( 0.00076,-0.00978),(-0.00018,-0.00829)
Solution for freq bin  1
Iter= 1, Amplit/Phase Solution Error:   1.388
Iter= 1, Polarisation Solution Error:   0.025
Iter= 1, Overall Solution Error:        2.375
Iter= 2, Amplit/Phase Solution Error:   0.003
Iter= 2, Polarisation Solution Error:   0.000
Iter= 2, Overall Solution Error:        0.005
Iter= 3, Amplit/Phase Solution Error:   0.001
Iter= 3, Polarisation Solution Error:   0.000
Iter= 3, Overall Solution Error:        0.001
I flux density:   0.5531
Percent Q:   0.219
Percent U:  -0.019
Leakage terms:
 Ant 1:Dx,Dy = ( 0.00511,-0.00094),(-0.00391,-0.00315)
 Ant 2:Dx,Dy = ( 0.00101, 0.00569),( 0.00027, 0.00202)
 Ant 3:Dx,Dy = ( 0.00115, 0.00458),(-0.00172, 0.00522)
 Ant 4:Dx,Dy = (-0.00889, 0.01166),( 0.01006, 0.00991)
 Ant 5:Dx,Dy = (-0.00956,-0.00926),( 0.01094,-0.01012)
 Ant 6:Dx,Dy = ( 0.01402,-0.00732),(-0.01280,-0.00829)
Solution for freq bin  2
Iter= 1, Amplit/Phase Solution Error:   1.373
Iter= 1, Polarisation Solution Error:   0.024
Iter= 1, Overall Solution Error:        2.369
Iter= 2, Amplit/Phase Solution Error:   0.003
Iter= 2, Polarisation Solution Error:   0.000
Iter= 2, Overall Solution Error:        0.004
Iter= 3, Amplit/Phase Solution Error:   0.001
Iter= 3, Polarisation Solution Error:   0.000
Iter= 3, Overall Solution Error:        0.001
I flux density:   0.5504
Percent Q:   0.148
Percent U:  -0.107
Leakage terms:
 Ant 1:Dx,Dy = (-0.00428,-0.00568),( 0.00435,-0.00156)
 Ant 2:Dx,Dy = ( 0.00142,-0.00488),(-0.00248,-0.00083)
 Ant 3:Dx,Dy = ( 0.00300,-0.00195),(-0.00640,-0.00461)
 Ant 4:Dx,Dy = ( 0.01366, 0.00350),(-0.01386, 0.00803)
 Ant 5:Dx,Dy = (-0.00376, 0.01244),( 0.00475, 0.01580)
 Ant 6:Dx,Dy = (-0.01188,-0.01215),( 0.01179,-0.00811)

2018-08-07 11:32:43,194 [MainThread  ] [INFO ]  gpboot vis=2312-319.9500 cal=1934-638.9500

gpboot: Revision 1.9, 2015/10/29 01:31:30 UTC

Secondary flux density scaled by:   0.991
Frequency bin  1 scaled by      :   0.992
Frequency bin  2 scaled by      :   0.993

2018-08-07 11:34:26,590 [MainThread  ] [INFO ]  gpcopy vis=2312-319.9500 out=b.9500

gpcopy: Revision 1.13, 2015/10/29 01:31:39 UTC

Copying leakage table
Copying gain table
Interpolation tolerance set to (minutes): 720.00
Copying bandpass table

2018-08-07 11:53:39,022 [MainThread  ] [INFO ]  pgflag vis=b.9500 command='<b' stokes=i,v,q,u flagpar=8,2,2,3,6,3  options=nodisp

pgflag: Revision 1.30, 2016/10/05 23:06:50 UTC

Applying bandpass corrections to b.9500
Applying freq. dependent gain corrections to b.9500
Applying freq. dependent leakage correction to b.9500
Applying changes to dataset
Counts of correlations within selected channels:
 channel  Originally  Currently
 Good:     460805652  446098288    Changed to bad:   14707364
 Bad:       68746104   83453468    Changed to good:         0
 15.8% of the data is now flagged

2018-08-07 12:13:46,543 [MainThread  ] [INFO ]  pgflag vis=b.9500 command='<b' stokes=i,v,u,q flagpar=8,2,2,3,6,3  options=nodisp

pgflag: Revision 1.30, 2016/10/05 23:06:50 UTC

Applying bandpass corrections to b.9500
Applying freq. dependent gain corrections to b.9500
Applying freq. dependent leakage correction to b.9500
Applying changes to dataset
Counts of correlations within selected channels:
 channel  Originally  Currently
 Good:     446098288  435627244    Changed to bad:   10471044
 Bad:       83453468   93924512    Changed to good:         0
 17.7% of the data is now flagged

2018-08-07 12:18:53,725 [MainThread  ] [INFO ]  uvsplit vis=b.9500

uvsplit: Revision 1.18, 2016/05/09 03:06:18 UTC

Creating b_1.9500
Creating b_2.9500
Creating b_3.9500
Creating b_4.9500
Creating b_5.9500
Creating b_6.9500
Creating b_7.9500
Creating b_8.9500
Creating b_9.9500
Creating b_10.9500
Creating b_11.9500
Creating b_12.9500
Creating b_13.9500
Creating b_14.9500
Creating b_15.9500
Creating b_16.9500
Creating b_17.9500
Creating b_18.9500
Creating b_19.9500
Creating b_20.9500
Creating b_21.9500
Creating b_22.9500
Creating b_23.9500
Creating b_24.9500
Creating b_25.9500
Creating b_26.9500
Creating b_27.9500
Creating b_28.9500
Creating b_29.9500
Creating b_30.9500
Creating b_31.9500
Creating b_32.9500
Creating b_33.9500
Creating b_34.9500
Creating b_35.9500
Creating b_36.9500
Creating b_37.9500
Creating b_38.9500
Creating b_39.9500
Creating b_40.9500
Creating b_41.9500
Creating b_42.9500
Creating b_43.9500
Creating b_44.9500
Creating b_45.9500
Creating b_46.9500
Creating b_47.9500
Creating b_48.9500
Creating b_49.9500
Creating b_50.9500
Creating b_51.9500
Creating b_52.9500
Creating b_53.9500
Creating b_54.9500
Creating b_55.9500
Creating b_56.9500
Creating b_57.9500
Creating b_58.9500
Creating b_59.9500
Creating b_60.9500
Creating b_61.9500
Creating b_62.9500
Creating b_63.9500
Creating b_64.9500
Creating b_65.9500
Creating b_66.9500
Creating b_67.9500
Creating b_68.9500
Creating b_69.9500
Creating b_70.9500
Creating b_71.9500
Creating b_72.9500
Creating b_73.9500
Creating b_74.9500
Creating b_75.9500
Creating b_76.9500
Creating b_77.9500
Creating b_78.9500
Creating b_79.9500
Creating b_80.9500
Creating b_81.9500
Creating b_82.9500
Creating b_83.9500
Creating b_84.9500
Creating b_85.9500
Creating b_86.9500
Creating b_87.9500
Creating b_88.9500
Creating b_89.9500
Creating b_90.9500
Creating b_91.9500
Creating b_92.9500
Creating b_93.9500
Creating b_94.9500
Creating b_95.9500
Creating b_96.9500
Creating b_97.9500
Creating b_98.9500
Creating b_99.9500
Creating b_100.9500
Creating b_101.9500
Creating b_102.9500
Creating b_103.9500
Creating b_104.9500
Creating b_105.9500
Creating b_106.9500
Creating b_107.9500
Creating b_108.9500
Creating b_109.9500
Creating b_110.9500
Creating b_111.9500
Creating b_112.9500
Creating b_113.9500
Creating b_114.9500
Creating b_115.9500
Creating b_116.9500
Creating b_117.9500
Creating b_118.9500
Creating b_119.9500
Creating b_120.9500
Creating b_121.9500
Creating b_122.9500
Creating b_123.9500
Creating b_124.9500
Creating b_125.9500
Creating b_126.9500
Creating b_127.9500
Creating b_128.9500
Creating b_129.9500
Creating b_130.9500
Creating b_131.9500
Creating b_132.9500
Creating b_133.9500
Creating b_134.9500
Creating b_135.9500
Creating b_136.9500
Creating b_137.9500
Creating b_138.9500
Creating b_139.9500
Creating b_140.9500
Creating b_141.9500
Creating b_142.9500
Creating b_143.9500
Creating b_144.9500
Creating b_145.9500
Creating b_146.9500
Creating b_147.9500
Creating b_148.9500
Creating b_149.9500
Creating b_150.9500
Creating b_151.9500
Creating b_152.9500
Creating b_153.9500
Creating b_154.9500
Creating b_155.9500
Creating b_156.9500
Creating b_157.9500
Creating b_158.9500
Creating b_159.9500
Creating b_160.9500
Creating b_161.9500
Creating b_162.9500
Creating b_163.9500
Creating b_164.9500
Creating b_165.9500
Creating b_166.9500
Creating b_167.9500
Creating b_168.9500
Creating b_169.9500
Creating b_170.9500
Creating b_171.9500
Creating b_172.9500
Creating b_173.9500
Creating b_174.9500
Creating b_175.9500
Creating b_176.9500
Creating b_177.9500
Creating b_178.9500
Creating b_179.9500
Creating b_180.9500
Creating b_181.9500
Creating b_182.9500
Creating b_183.9500
Creating b_184.9500
Creating b_185.9500
Creating b_186.9500
Creating b_187.9500
Creating b_188.9500
Creating b_189.9500
Creating b_190.9500
Creating b_191.9500
Creating b_192.9500
Creating b_193.9500
Creating b_194.9500
Creating b_195.9500
Creating b_196.9500
Creating b_197.9500
Creating b_198.9500
Creating b_199.9500
Creating b_200.9500
Creating b_201.9500
Creating b_202.9500
Creating b_203.9500
Creating b_204.9500
Creating b_205.9500
Creating b_206.9500
Creating b_207.9500
Creating b_208.9500
Creating b_209.9500
Creating b_210.9500
Creating b_211.9500
Creating b_212.9500
Creating b_213.9500
Creating b_214.9500
Creating b_215.9500
Creating b_216.9500
Creating b_217.9500
Creating b_218.9500
Creating b_219.9500
Creating b_220.9500
Creating b_221.9500
Creating b_222.9500
Creating b_223.9500
Creating b_224.9500
Creating b_225.9500
Creating b_226.9500
Creating b_227.9500
Creating b_228.9500
Creating b_229.9500
Creating b_230.9500
Creating b_231.9500
Creating b_232.9500
Creating b_233.9500
Creating b_234.9500
Creating b_235.9500
Creating b_236.9500
Creating b_237.9500
Creating b_238.9500
Creating b_239.9500
Creating b_240.9500

