2018-08-07 09:52:07,294 [MainThread  ] [INFO ]  atlod in=raw/2017-11-14_0310.C3132,raw/2017-11-14_0557.C3132,raw/2017-11-14_0844.C3132,raw/2017-11-14_1131.C3132,raw/2017-11-14_1418.C3132 out=data5.uv ifsel=1 options=birdie,rfiflag,noauto,xycorr

atlod: Revision 1.53, 2016/08/25 23:02:21 UTC

Processing file raw/2017-11-14_0310.C3132
 03:10:19 CAOBS> track 1
CABB data detected
Scan 1 started at 17NOV14:03:10:36.0
Source: 1934-638
Flagging channels in  28 frequency ranges
 03:25:33 CAOBS> stop
 03:25:40 CAOBS> set file c3132_obs_b1.sch
 03:25:46 CAOBS> start 1/100
Scan 2 started at 17NOV14:03:27:40.0
Source: 2312-319
Scan 3 started at 17NOV14:03:30:20.7
Source: b_1
Source: b_2
Source: b_3
Source: b_4
Source: b_5
Source: b_6
Source: b_7
Source: b_8
Source: b_9
Source: b_10
Source: b_11
Source: b_12
Source: b_13
Source: b_14
Source: b_15
Source: b_16
Source: b_17
Source: b_18
Source: b_19
Source: b_20
Scan 4 started at 17NOV14:03:43:56.0
Source: 2312-319
Scan 5 started at 17NOV14:03:46:36.0
Source: b_21
Source: b_22
Source: b_23
Source: b_24
Source: b_25
Source: b_26
Source: b_27
Source: b_28
Source: b_29
Source: b_30
Source: b_31
Source: b_32
Source: b_33
Source: b_34
Source: b_35
Source: b_36
Source: b_37
Source: b_38
Source: b_39
Source: b_40
Scan 6 started at 17NOV14:04:00:04.0
Source: 2312-319
Scan 7 started at 17NOV14:04:02:44.0
Source: b_41
Source: b_42
Source: b_43
Source: b_44
Source: b_45
Source: b_46
Source: b_47
Source: b_48
Source: b_49
Source: b_50
Source: b_51
Source: b_52
Source: b_53
Source: b_54
Source: b_55
Source: b_56
Source: b_57
Source: b_58
Source: b_59
Source: b_60
Scan 8 started at 17NOV14:04:16:12.0
Source: 2312-319
Scan 9 started at 17NOV14:04:18:46.5
Source: b_61
Source: b_62
Source: b_63
Source: b_64
Source: b_65
Source: b_66
Source: b_67
Source: b_68
Source: b_69
Source: b_70
Source: b_71
Source: b_72
Source: b_73
Source: b_74
Source: b_75
Source: b_76
Source: b_77
Source: b_78
Source: b_79
Source: b_80
Scan 10 started at 17NOV14:04:32:20.0
Source: 2312-319
Scan 11 started at 17NOV14:04:34:54.5
Source: b_81
Source: b_82
Source: b_83
Source: b_84
Source: b_85
Source: b_86
Source: b_87
Source: b_88
Source: b_89
Source: b_90
Source: b_91
Source: b_92
Source: b_93
Source: b_94
Source: b_95
Source: b_96
Source: b_97
Source: b_98
Source: b_99
Source: b_100
Scan 12 started at 17NOV14:04:48:28.0
Source: 2312-319
Scan 13 started at 17NOV14:04:51:08.0
Source: b_101
Source: b_102
Source: b_103
Source: b_104
Source: b_105
Source: b_106
Source: b_107
Source: b_108
Source: b_109
Source: b_110
Source: b_111
Source: b_112
Source: b_113
Source: b_114
Source: b_115
Source: b_116
Source: b_117
Source: b_118
Source: b_119
Source: b_120
Scan 14 started at 17NOV14:05:04:36.0
Source: 2312-319
Scan 15 started at 17NOV14:05:07:16.0
Source: b_121
Source: b_122
Source: b_123
Source: b_124
Source: b_125
Source: b_126
Source: b_127
Source: b_128
Source: b_129
Source: b_130
Source: b_131
Source: b_132
Source: b_133
Source: b_134
Source: b_135
Source: b_136
Source: b_137
Source: b_138
Source: b_139
Source: b_140
Scan 16 started at 17NOV14:05:20:44.0
Source: 2312-319
Scan 17 started at 17NOV14:05:23:18.0
Source: b_141
Source: b_142
Source: b_143
Source: b_144
Source: b_145
Source: b_146
Source: b_147
Source: b_148
Source: b_149
Source: b_150
Source: b_151
Source: b_152
Source: b_153
Source: b_154
Source: b_155
Source: b_156
Source: b_157
Source: b_158
Source: b_159
Source: b_160
Scan 18 started at 17NOV14:05:36:52.0
Source: 2312-319
Scan 19 started at 17NOV14:05:39:32.0
Source: b_161
Source: b_162
Source: b_163
Source: b_164
Source: b_165
Source: b_166
Source: b_167
Source: b_168
Source: b_169
Source: b_170
Source: b_171
Source: b_172
Source: b_173
Source: b_174
Source: b_175
Source: b_176
Source: b_177
Source: b_178
Source: b_179
Source: b_180
Scan 20 started at 17NOV14:05:53:00.0
Source: 2312-319
Scan 21 started at 17NOV14:05:55:40.0
Source: b_181
Source: b_182
Source: b_183
Source: b_184
RPFITS file version is 2.12
---------------------------------------
Total number of spectra selected: 72660

Summary of spectra flagged
Flagging Reason            Fraction
---------------            --------
Antenna off-source/off-line  3.19%
---------------------------------------
Processing file raw/2017-11-14_0557.C3132
CABB data detected
Scan 1 started at 17NOV14:05:57:40.0
Source: b_184
Source: b_185
Source: b_186
Source: b_187
Source: b_188
Source: b_189
Source: b_190
Source: b_191
Source: b_192
Source: b_193
Source: b_194
Source: b_195
Source: b_196
Source: b_197
Source: b_198
Source: b_199
Source: b_200
Scan 2 started at 17NOV14:06:09:08.0
Source: 2312-319
Scan 3 started at 17NOV14:06:11:42.8
Source: b_201
Source: b_202
Source: b_203
Source: b_204
Source: b_205
Source: b_206
Source: b_207
Source: b_208
Source: b_209
Source: b_210
Source: b_211
Source: b_212
Source: b_213
Source: b_214
Source: b_215
Source: b_216
Source: b_217
Source: b_218
Source: b_219
Source: b_220
Scan 4 started at 17NOV14:06:25:16.0
Source: 2312-319
Scan 5 started at 17NOV14:06:27:50.8
Source: b_221
Source: b_222
Source: b_223
Source: b_224
Source: b_225
Source: b_226
Source: b_227
Source: b_228
Source: b_229
Source: b_230
Source: b_231
Source: b_232
Source: b_233
Source: b_234
Source: b_235
Source: b_236
Source: b_237
Source: b_238
Source: b_239
Source: b_240
Scan 6 started at 17NOV14:06:41:24.0
Source: 2312-319
Scan 7 started at 17NOV14:06:43:56.7
Source: b_1
Source: b_2
Source: b_3
Source: b_4
Source: b_5
Source: b_6
Source: b_7
Source: b_8
Source: b_9
Source: b_10
Source: b_11
Source: b_12
Source: b_13
Source: b_14
Source: b_15
Source: b_16
Source: b_17
Source: b_18
Source: b_19
Source: b_20
Scan 8 started at 17NOV14:06:57:32.0
Source: 2312-319
Scan 9 started at 17NOV14:07:00:12.0
Source: b_21
Source: b_22
Source: b_23
Source: b_24
Source: b_25
Source: b_26
Source: b_27
Source: b_28
Source: b_29
Source: b_30
Source: b_31
Source: b_32
Source: b_33
Source: b_34
Source: b_35
Source: b_36
Source: b_37
Source: b_38
Source: b_39
Source: b_40
Scan 10 started at 17NOV14:07:13:40.0
Source: 2312-319
Scan 11 started at 17NOV14:07:16:28.0
Source: b_41
Source: b_42
Source: b_43
Source: b_44
Source: b_45
Source: b_46
Source: b_47
Source: b_48
Source: b_49
Source: b_50
Source: b_51
Source: b_52
Source: b_53
Source: b_54
Source: b_55
Source: b_56
Source: b_57
Source: b_58
Source: b_59
Source: b_60
Scan 12 started at 17NOV14:07:29:48.0
Source: 2312-319
Scan 13 started at 17NOV14:07:32:28.0
Source: b_61
Source: b_62
Source: b_63
Source: b_64
Source: b_65
Source: b_66
Source: b_67
Source: b_68
Source: b_69
Source: b_70
Source: b_71
Source: b_72
Source: b_73
Source: b_74
Source: b_75
Source: b_76
Source: b_77
Source: b_78
Source: b_79
Source: b_80
Scan 14 started at 17NOV14:07:45:56.0
Source: 2312-319
Scan 15 started at 17NOV14:07:48:36.0
Source: b_81
Source: b_82
Source: b_83
Source: b_84
Source: b_85
Source: b_86
Source: b_87
Source: b_88
Source: b_89
Source: b_90
Source: b_91
Source: b_92
Source: b_93
Source: b_94
Source: b_95
Source: b_96
Source: b_97
Source: b_98
Source: b_99
Source: b_100
Scan 16 started at 17NOV14:08:02:04.0
Source: 2312-319
Scan 17 started at 17NOV14:08:04:52.0
Source: b_101
Source: b_102
Source: b_103
Source: b_104
Source: b_105
Source: b_106
Source: b_107
Source: b_108
Source: b_109
Source: b_110
Source: b_111
Source: b_112
Source: b_113
Source: b_114
Source: b_115
Source: b_116
Source: b_117
Source: b_118
Source: b_119
Source: b_120
Scan 18 started at 17NOV14:08:18:12.0
Source: 2312-319
Scan 19 started at 17NOV14:08:21:00.0
Source: b_121
Source: b_122
Source: b_123
Source: b_124
Source: b_125
Source: b_126
Source: b_127
Source: b_128
Source: b_129
Source: b_130
Source: b_131
Source: b_132
Source: b_133
Source: b_134
Source: b_135
Source: b_136
Source: b_137
Source: b_138
Source: b_139
Source: b_140
Scan 20 started at 17NOV14:08:34:20.0
Source: 2312-319
Scan 21 started at 17NOV14:08:36:54.0
Source: b_141
Source: b_142
Source: b_143
Source: b_144
Source: b_145
Source: b_146
Source: b_147
Source: b_148
Source: b_149
Source: b_150
Source: b_151
Source: b_152
RPFITS file version is 2.12
---------------------------------------
Total number of spectra selected: 72660

Summary of spectra flagged
Flagging Reason            Fraction
---------------            --------
Antenna off-source/off-line  2.39%
---------------------------------------
Processing file raw/2017-11-14_0844.C3132
CABB data detected
Scan 1 started at 17NOV14:08:44:28.0
Source: b_152
Source: b_153
Source: b_154
Source: b_155
Source: b_156
Source: b_157
Source: b_158
Source: b_159
Source: b_160
Scan 2 started at 17NOV14:08:50:28.0
Source: 2312-319
Scan 3 started at 17NOV14:08:53:32.0
Source: b_161
Source: b_162
Source: b_163
Source: b_164
Source: b_165
Source: b_166
Source: b_167
Source: b_168
Source: b_169
Source: b_170
Source: b_171
Source: b_172
Source: b_173
Source: b_174
Source: b_175
Source: b_176
Source: b_177
Source: b_178
Source: b_179
Source: b_180
Scan 4 started at 17NOV14:09:07:00.0
Source: 2312-319
Scan 5 started at 17NOV14:09:10:22.5
Source: b_182
Source: b_183
Source: b_184
Source: b_185
Source: b_186
Source: b_187
Source: b_188
Source: b_189
Source: b_190
Source: b_191
Source: b_192
Source: b_193
Source: b_194
Source: b_195
Source: b_196
Source: b_197
Source: b_198
Source: b_199
Source: b_200
Scan 6 started at 17NOV14:09:23:24.0
Source: 2312-319
Scan 7 started at 17NOV14:09:27:00.0
Source: b_201
Source: b_202
Source: b_203
Source: b_204
Source: b_205
Source: b_206
Source: b_207
Source: b_208
Source: b_209
Source: b_210
Source: b_211
Source: b_212
Source: b_213
Source: b_214
Source: b_215
Source: b_217
Source: b_219
Scan 8 started at 17NOV14:09:40:52.0
Source: 2312-319
Scan 9 started at 17NOV14:09:44:28.0
Source: b_221
Source: b_222
Source: b_223
Source: b_224
Source: b_225
Source: b_226
Source: b_227
Source: b_228
Source: b_229
Source: b_230
Source: b_231
Source: b_232
Source: b_233
Source: b_234
Source: b_235
Source: b_236
Source: b_237
Source: b_238
Source: b_239
Source: b_240
Scan 10 started at 17NOV14:09:58:20.0
Source: 2312-319
Scan 11 started at 17NOV14:10:01:00.7
Source: b_1
Source: b_2
Source: b_3
Source: b_4
Source: b_5
Source: b_6
Source: b_7
Source: b_8
Source: b_9
Source: b_10
Source: b_11
Source: b_12
Source: b_13
Source: b_14
Source: b_15
Source: b_16
Source: b_17
Source: b_18
Source: b_19
Source: b_20
Scan 12 started at 17NOV14:10:14:44.0
Source: 2312-319
Scan 13 started at 17NOV14:10:17:40.0
Source: b_21
Source: b_22
Source: b_23
Source: b_24
Source: b_25
Source: b_26
Source: b_27
Source: b_28
Source: b_29
Source: b_30
Source: b_31
Source: b_32
Source: b_33
Source: b_34
Source: b_35
Source: b_36
Source: b_37
Source: b_38
Source: b_39
Source: b_40
Scan 14 started at 17NOV14:10:31:00.0
Source: 2312-319
Scan 15 started at 17NOV14:10:33:56.0
Source: b_41
Source: b_42
Source: b_43
Source: b_44
Source: b_45
Source: b_46
Source: b_47
Source: b_48
Source: b_49
Source: b_50
Source: b_51
Source: b_52
Source: b_53
Source: b_54
Source: b_55
Source: b_56
Source: b_57
Source: b_58
Source: b_59
Source: b_60
Scan 16 started at 17NOV14:10:47:08.0
Source: 2312-319
Scan 17 started at 17NOV14:10:49:48.0
Source: b_61
Source: b_62
Source: b_63
Source: b_64
Source: b_65
Source: b_66
Source: b_67
Source: b_68
Source: b_69
Source: b_70
Source: b_71
Source: b_72
Source: b_73
Source: b_74
Source: b_75
Source: b_76
Source: b_77
Source: b_78
Source: b_79
Source: b_80
Scan 18 started at 17NOV14:11:03:16.0
Source: 2312-319
Scan 19 started at 17NOV14:11:05:56.0
Source: b_81
Source: b_82
Source: b_83
Source: b_84
Source: b_85
Source: b_86
Source: b_87
Source: b_88
Source: b_89
Source: b_90
Source: b_91
Source: b_92
Source: b_93
Source: b_94
Source: b_95
Source: b_96
Source: b_97
Source: b_98
Source: b_99
Source: b_100
Scan 20 started at 17NOV14:11:19:24.0
Source: 2312-319
Scan 21 started at 17NOV14:11:22:12.0
Source: b_101
Source: b_102
Source: b_103
Source: b_104
Source: b_105
Source: b_106
Source: b_107
Source: b_108
Source: b_109
Source: b_110
Source: b_111
Source: b_112
Source: b_113
Source: b_114
RPFITS file version is 2.12
---------------------------------------
Total number of spectra selected: 72660

Summary of spectra flagged
Flagging Reason            Fraction
---------------            --------
Antenna off-source/off-line  9.81%
---------------------------------------
Processing file raw/2017-11-14_1131.C3132
CABB data detected
Scan 1 started at 17NOV14:11:31:17.8
Source: b_115
Source: b_116
Source: b_117
Source: b_118
Source: b_119
Source: b_120
Scan 2 started at 17NOV14:11:35:32.0
Source: 2312-319
Scan 3 started at 17NOV14:11:38:12.0
Source: b_121
Source: b_122
Source: b_123
Source: b_124
Source: b_125
Source: b_126
Source: b_127
Source: b_128
Source: b_129
Source: b_130
Source: b_131
Source: b_132
Source: b_133
Source: b_134
Source: b_135
Source: b_136
Source: b_137
Source: b_138
Source: b_139
Source: b_140
Scan 4 started at 17NOV14:11:51:40.0
Source: 2312-319
Scan 5 started at 17NOV14:11:54:14.0
Source: b_141
Source: b_142
Source: b_143
Source: b_144
Source: b_145
Source: b_146
Source: b_147
Source: b_148
Source: b_149
Source: b_150
Source: b_151
Source: b_152
Source: b_153
Source: b_154
Source: b_155
Source: b_156
Source: b_157
Source: b_158
Source: b_159
Source: b_160
Scan 6 started at 17NOV14:12:07:48.0
Source: 2312-319
Scan 7 started at 17NOV14:12:10:28.0
Source: b_161
Source: b_162
Source: b_163
Source: b_164
Source: b_165
Source: b_166
Source: b_167
Source: b_168
Source: b_169
Source: b_170
Source: b_171
Source: b_172
Source: b_173
Source: b_174
Source: b_175
Source: b_176
Source: b_177
Source: b_178
Source: b_179
Source: b_180
Scan 8 started at 17NOV14:12:23:56.0
Source: 2312-319
Scan 9 started at 17NOV14:12:26:44.0
Source: b_181
Source: b_182
Source: b_183
Source: b_184
Source: b_185
Source: b_186
Source: b_187
Source: b_188
Source: b_189
Source: b_190
Source: b_191
Source: b_192
Source: b_193
Source: b_194
Source: b_195
Source: b_196
Source: b_197
Source: b_198
Source: b_199
Source: b_200
Scan 10 started at 17NOV14:12:40:04.0
Source: 2312-319
Scan 11 started at 17NOV14:12:42:44.0
Source: b_201
Source: b_202
Source: b_203
Source: b_204
Source: b_205
Source: b_206
Source: b_207
Source: b_208
Source: b_209
Source: b_210
Source: b_211
Source: b_212
Source: b_213
Source: b_214
Source: b_215
Source: b_216
Source: b_217
Source: b_218
Source: b_219
Source: b_220
Scan 12 started at 17NOV14:12:56:12.0
Source: 2312-319
Scan 13 started at 17NOV14:12:58:52.0
Source: b_221
Source: b_222
Source: b_223
Source: b_224
Source: b_225
Source: b_226
Source: b_227
Source: b_228
Source: b_229
Source: b_230
Source: b_231
Source: b_232
Source: b_233
Source: b_234
Source: b_235
Source: b_236
Source: b_237
Source: b_238
Source: b_239
Source: b_240
Scan 14 started at 17NOV14:13:12:20.0
Source: 2312-319
Scan 15 started at 17NOV14:13:14:52.7
Source: b_1
Source: b_2
Source: b_3
Source: b_4
Source: b_5
Source: b_6
Source: b_7
Source: b_8
Source: b_9
Source: b_10
Source: b_11
Source: b_12
Source: b_13
Source: b_14
Source: b_15
Source: b_16
Source: b_17
Source: b_18
Source: b_19
Source: b_20
Scan 16 started at 17NOV14:13:28:28.0
Source: 2312-319
Scan 17 started at 17NOV14:13:31:08.0
Source: b_21
Source: b_22
Source: b_23
Source: b_24
Source: b_25
Source: b_26
Source: b_27
Source: b_28
Source: b_29
Source: b_30
Source: b_31
Source: b_32
Source: b_33
Source: b_34
Source: b_35
Source: b_36
Source: b_37
Source: b_38
Source: b_39
Source: b_40
Scan 18 started at 17NOV14:13:44:36.0
Source: 2312-319
Scan 19 started at 17NOV14:13:47:16.0
Source: b_41
Source: b_42
Source: b_43
Source: b_44
Source: b_45
Source: b_46
Source: b_47
Source: b_48
Source: b_49
Source: b_50
Source: b_51
Source: b_52
Source: b_53
Source: b_54
Source: b_55
Source: b_56
Source: b_57
Source: b_58
Source: b_59
Source: b_60
Scan 20 started at 17NOV14:14:00:44.0
Source: 2312-319
Scan 21 started at 17NOV14:14:03:18.8
Source: b_61
Source: b_62
Source: b_63
Source: b_64
Source: b_65
Source: b_66
Source: b_67
Source: b_68
Source: b_69
Source: b_70
Source: b_71
Source: b_72
Source: b_73
Source: b_74
Source: b_75
Source: b_76
Source: b_77
Source: b_78
Source: b_79
Source: b_80
Scan 22 started at 17NOV14:14:16:52.0
Source: 2312-319
RPFITS file version is 2.12
---------------------------------------
Total number of spectra selected: 72660

Summary of spectra flagged
Flagging Reason            Fraction
---------------            --------
Antenna off-source/off-line  2.36%
---------------------------------------
Processing file raw/2017-11-14_1418.C3132
CABB data detected
Scan 1 started at 17NOV14:14:18:20.0
Source: 2312-319
Scan 2 started at 17NOV14:14:19:26.8
Source: b_81
Source: b_82
Source: b_83
Source: b_84
Source: b_85
Source: b_86
Source: b_87
Source: b_88
Source: b_89
Source: b_90
Source: b_91
Source: b_92
Source: b_93
Source: b_94
Source: b_95
Source: b_96
Source: b_97
Source: b_98
Source: b_99
Source: b_100
Scan 3 started at 17NOV14:14:33:00.0
Source: 2312-319
Scan 4 started at 17NOV14:14:35:40.0
Source: b_101
Source: b_102
Source: b_103
Source: b_104
Source: b_105
Source: b_106
Source: b_107
Source: b_108
Source: b_109
Source: b_110
Source: b_111
Source: b_112
Source: b_113
Source: b_114
Source: b_115
Source: b_116
Source: b_117
Source: b_118
Source: b_119
Source: b_120
Scan 5 started at 17NOV14:14:49:08.0
Source: 2312-319
Scan 6 started at 17NOV14:14:51:48.0
Source: b_121
Source: b_122
Source: b_123
Source: b_124
Source: b_125
Source: b_126
Source: b_127
Source: b_128
Source: b_129
Source: b_130
Source: b_131
Source: b_132
Source: b_133
Source: b_134
Source: b_135
Source: b_136
Source: b_137
Source: b_138
Source: b_139
Source: b_140
Scan 7 started at 17NOV14:15:05:16.0
Source: 2312-319
Scan 8 started at 17NOV14:15:07:50.0
Source: b_141
Source: b_142
Source: b_143
Source: b_144
Source: b_145
Source: b_146
Source: b_147
Source: b_148
Source: b_149
Source: b_150
Source: b_151
Source: b_152
Source: b_153
Source: b_154
Source: b_155
Source: b_156
Source: b_157
Source: b_158
Source: b_159
Source: b_160
Scan 9 started at 17NOV14:15:21:24.0
Source: 2312-319
Scan 10 started at 17NOV14:15:24:04.0
Source: b_161
 15:24:35 CAOBS> stop
 15:24:37 CAOBS> corr closef
RPFITS file version is 2.12
---------------------------------------
Total number of spectra selected: 28740

Summary of spectra flagged
Flagging Reason            Fraction
---------------            --------
Antenna off-source/off-line  2.71%
---------------------------------------

No CACAL data was detected

2018-08-07 09:54:14,567 [MainThread  ] [INFO ]  uvflag vis=data5.uv line=chan,6,1146,1 flagval=flag

uvflag: Revision 1.8, 2014/09/30 14:23:39 UTC


Set flags to indicate bad data in visibility file data5.uv
Linetype channel; select    6 channels; start 1146, width    1, step    1

Overview of flagging on visibility file data5.uv
Changed flags set to FALSE (data flagged as bad)
Total number of records selected: 305700; out of 305700 records
Antennas used: 1-6
Counts of correlations within selected channels
channel   Originally    Currently
Good:          917100.           0.    Changed to bad:      917100.
Bad:           917100.     1834200.

2018-08-07 09:54:32,733 [MainThread  ] [INFO ]  uvflag vis=data5.uv line=chan,30,1454,1 flagval=flag

uvflag: Revision 1.8, 2014/09/30 14:23:39 UTC


Set flags to indicate bad data in visibility file data5.uv
Linetype channel; select   30 channels; start 1454, width    1, step    1

Overview of flagging on visibility file data5.uv
Changed flags set to FALSE (data flagged as bad)
Total number of records selected: 305700; out of 305700 records
Antennas used: 1-6
Counts of correlations within selected channels
channel   Originally    Currently
Good:         9171000.           0.    Changed to bad:     9171000.
Bad:                0.     9171000.

2018-08-07 09:55:00,964 [MainThread  ] [INFO ]  uvflag vis=data5.uv line=chan,40,1964,1 flagval=flag

uvflag: Revision 1.8, 2014/09/30 14:23:39 UTC


Set flags to indicate bad data in visibility file data5.uv
Linetype channel; select   40 channels; start 1964, width    1, step    1

Overview of flagging on visibility file data5.uv
Changed flags set to FALSE (data flagged as bad)
Total number of records selected: 305700; out of 305700 records
Antennas used: 1-6
Counts of correlations within selected channels
channel   Originally    Currently
Good:               0.           0.    Changed to bad:           0.
Bad:         12228000.    12228000.

2018-08-07 09:56:37,828 [MainThread  ] [INFO ]  uvsplit vis=data5.uv options=mosaic

uvsplit: Revision 1.18, 2016/05/09 03:06:18 UTC

Creating 1934-638.5500
Creating 2312-319.5500
Creating b.5500

2018-08-07 09:56:54,609 [MainThread  ] [INFO ]  pgflag vis=1934-638.5500 command='<b' stokes=i,q,u,v flagpar=8,5,5,3,6,3 options=nodisp

pgflag: Revision 1.30, 2016/10/05 23:06:50 UTC

Applying changes to dataset
Counts of correlations within selected channels:
 channel  Originally  Currently
 Good:      12075840   11964976    Changed to bad:     110864
 Bad:        1693440    1804304    Changed to good:         0
 13.1% of the data is now flagged

2018-08-07 09:57:11,508 [MainThread  ] [INFO ]  pgflag vis=1934-638.5500 command='<b' stokes=i,v,q,u flagpar=8,2,2,3,6,3  options=nodisp

pgflag: Revision 1.30, 2016/10/05 23:06:50 UTC

Applying changes to dataset
Counts of correlations within selected channels:
 channel  Originally  Currently
 Good:      11964976   11856832    Changed to bad:     108144
 Bad:        1804304    1912448    Changed to good:         0
 13.9% of the data is now flagged

2018-08-07 09:57:30,257 [MainThread  ] [INFO ]  pgflag vis=1934-638.5500 command='<b' stokes=i,v,u,q flagpar=8,2,2,3,6,3  options=nodisp

pgflag: Revision 1.30, 2016/10/05 23:06:50 UTC

Applying changes to dataset
Counts of correlations within selected channels:
 channel  Originally  Currently
 Good:      11856832   11672096    Changed to bad:     184736
 Bad:        1912448    2097184    Changed to good:         0
 15.2% of the data is now flagged

2018-08-07 09:59:20,248 [MainThread  ] [INFO ]  mfcal vis=1934-638.5500 refant=4 interval=0.1
MfCal: $Revision: 1.20 $, $Date: 2017/05/08 02:31:10 $
Selecting parallel-hand polarisations
Reading the data ...
Number correlations accepted: 5836048
Number of frequency bands/settings: 1
Number of polarisations selected: 2
Number of solution intervals: 112
Number of passband solution intervals: 1
Initialising ...
Using post-Aug94 ATCA flux scale for 1934-638.
Using known frequency variation of 1934-638
Generating initial solution estimate ...
Doing solution refinement ...
Iter= 1, Solution Error:  0.425
Iter= 2, Solution Error:  0.007
Iter= 3, Solution Error:  0.000
Saving solution ...

2018-08-07 09:59:21,720 [MainThread  ] [INFO ]  gpcal vis=1934-638.5500 refant=4 interval=0.1 nfbin=2 options=xyvary

gpcal: Revision 1.22, 2016/05/01 22:31:05 UTC

Applying bandpass corrections to 1934-638.5500
Number of antennae: 6
Reading the data ...
Number of solution intervals: 112
Total visibilities read: 1680
Number visibilities accepted: 1680
Using post-Aug94 ATCA flux scale for 1934-638.
Using IQUV =  5.0185,  0.0000,  0.0000,  0.0000 at   5.4506 GHz.
Using post-Aug94 ATCA flux scale for 1934-638.
Using IQUV =  5.5179,  0.0000,  0.0000,  0.0000 at   5.0311 GHz.
Using post-Aug94 ATCA flux scale for 1934-638.
Using IQUV =  4.5107,  0.0000,  0.0000,  0.0000 at   5.9541 GHz.
Iter= 1, Amplit/Phase Solution Error:   0.587
Iter= 1, Polarisation Solution Error:   0.042
Iter= 1, Overall Solution Error:        1.524
Iter= 2, Amplit/Phase Solution Error:   0.002
Iter= 2, Polarisation Solution Error:   0.000
Iter= 2, Overall Solution Error:        0.004
Iter= 3, Amplit/Phase Solution Error:   0.001
Iter= 3, Polarisation Solution Error:   0.000
Iter= 3, Overall Solution Error:        0.001
I flux density:   5.0185
Leakage terms:
 Ant 1:Dx,Dy = ( 0.00139,-0.00255),(-0.00041,-0.00185)
 Ant 2:Dx,Dy = ( 0.00451, 0.00663),(-0.00475, 0.00734)
 Ant 3:Dx,Dy = ( 0.00353, 0.00046),(-0.00763, 0.00022)
 Ant 4:Dx,Dy = ( 0.00532, 0.01852),(-0.00450, 0.01965)
 Ant 5:Dx,Dy = (-0.01721,-0.00103),( 0.01583,-0.00055)
 Ant 6:Dx,Dy = ( 0.00042,-0.02354),(-0.00059,-0.02331)
Solution for freq bin  1
Iter= 1, Amplit/Phase Solution Error:   0.579
Iter= 1, Polarisation Solution Error:   0.044
Iter= 1, Overall Solution Error:        1.509
Iter= 2, Amplit/Phase Solution Error:   0.002
Iter= 2, Polarisation Solution Error:   0.000
Iter= 2, Overall Solution Error:        0.004
Iter= 3, Amplit/Phase Solution Error:   0.001
Iter= 3, Polarisation Solution Error:   0.000
Iter= 3, Overall Solution Error:        0.001
I flux density:   5.5179
Leakage terms:
 Ant 1:Dx,Dy = ( 0.00145,-0.00201),(-0.00072,-0.00159)
 Ant 2:Dx,Dy = ( 0.00487, 0.00806),(-0.00509, 0.00838)
 Ant 3:Dx,Dy = ( 0.00296, 0.00038),(-0.00842, 0.00077)
 Ant 4:Dx,Dy = ( 0.00480, 0.01882),(-0.00460, 0.02051)
 Ant 5:Dx,Dy = (-0.01797,-0.00190),( 0.01529,-0.00123)
 Ant 6:Dx,Dy = (-0.00039,-0.02540),(-0.00075,-0.02480)
Solution for freq bin  2
Iter= 1, Amplit/Phase Solution Error:   0.599
Iter= 1, Polarisation Solution Error:   0.040
Iter= 1, Overall Solution Error:        1.548
Iter= 2, Amplit/Phase Solution Error:   0.002
Iter= 2, Polarisation Solution Error:   0.000
Iter= 2, Overall Solution Error:        0.004
Iter= 3, Amplit/Phase Solution Error:   0.001
Iter= 3, Polarisation Solution Error:   0.000
Iter= 3, Overall Solution Error:        0.001
I flux density:   4.5107
Leakage terms:
 Ant 1:Dx,Dy = ( 0.00131,-0.00326),( 0.00002,-0.00220)
 Ant 2:Dx,Dy = ( 0.00402, 0.00471),(-0.00429, 0.00595)
 Ant 3:Dx,Dy = ( 0.00432, 0.00055),(-0.00653,-0.00055)
 Ant 4:Dx,Dy = ( 0.00603, 0.01813),(-0.00438, 0.01850)
 Ant 5:Dx,Dy = (-0.01620, 0.00013),( 0.01655, 0.00035)
 Ant 6:Dx,Dy = ( 0.00151,-0.02102),(-0.00037,-0.02129)

2018-08-07 09:59:46,278 [MainThread  ] [INFO ]  pgflag vis=1934-638.5500 command='<b' stokes=i,q,u,v flagpar=8,5,5,3,6,3 options=nodisp

pgflag: Revision 1.30, 2016/10/05 23:06:50 UTC

Applying bandpass corrections to 1934-638.5500
Applying freq. dependent gain corrections to 1934-638.5500
Applying freq. dependent leakage correction to 1934-638.5500
Applying changes to dataset
Counts of correlations within selected channels:
 channel  Originally  Currently
 Good:      11672096   11632812    Changed to bad:      39284
 Bad:        2097184    2136468    Changed to good:         0
 15.5% of the data is now flagged

2018-08-07 10:00:09,924 [MainThread  ] [INFO ]  pgflag vis=1934-638.5500 command='<b' stokes=i,v,q,u flagpar=8,2,2,3,6,3  options=nodisp

pgflag: Revision 1.30, 2016/10/05 23:06:50 UTC

Applying bandpass corrections to 1934-638.5500
Applying freq. dependent gain corrections to 1934-638.5500
Applying freq. dependent leakage correction to 1934-638.5500
Applying changes to dataset
Counts of correlations within selected channels:
 channel  Originally  Currently
 Good:      11632812   11596172    Changed to bad:      36640
 Bad:        2136468    2173108    Changed to good:         0
 15.8% of the data is now flagged

2018-08-07 10:00:33,136 [MainThread  ] [INFO ]  pgflag vis=1934-638.5500 command='<b' stokes=i,v,u,q flagpar=8,2,2,3,6,3  options=nodisp

pgflag: Revision 1.30, 2016/10/05 23:06:50 UTC

Applying bandpass corrections to 1934-638.5500
Applying freq. dependent gain corrections to 1934-638.5500
Applying freq. dependent leakage correction to 1934-638.5500
Applying changes to dataset
Counts of correlations within selected channels:
 channel  Originally  Currently
 Good:      11596172   11563056    Changed to bad:      33116
 Bad:        2173108    2206224    Changed to good:         0
 16.0% of the data is now flagged

2018-08-07 10:01:42,975 [MainThread  ] [INFO ]  mfcal vis=1934-638.5500 refant=4 interval=0.1
MfCal: $Revision: 1.20 $, $Date: 2017/05/08 02:31:10 $
Selecting parallel-hand polarisations
Reading the data ...
Number correlations accepted: 5781528
Number of frequency bands/settings: 1
Number of polarisations selected: 2
Number of solution intervals: 112
Number of passband solution intervals: 1
Initialising ...
Using post-Aug94 ATCA flux scale for 1934-638.
Using known frequency variation of 1934-638
Generating initial solution estimate ...
Doing solution refinement ...
Iter= 1, Solution Error:  0.426
Iter= 2, Solution Error:  0.007
Iter= 3, Solution Error:  0.000
Saving solution ...

2018-08-07 10:01:43,851 [MainThread  ] [INFO ]  gpcal vis=1934-638.5500 refant=4 interval=0.1 nfbin=2 options=xyvary

gpcal: Revision 1.22, 2016/05/01 22:31:05 UTC

Applying bandpass corrections to 1934-638.5500
Number of antennae: 6
Using leakage parameters from input as initial guess
Reading the data ...
Number of solution intervals: 112
Total visibilities read: 1680
Number visibilities accepted: 1680
Using post-Aug94 ATCA flux scale for 1934-638.
Using IQUV =  5.0189,  0.0000,  0.0000,  0.0000 at   5.4503 GHz.
Using post-Aug94 ATCA flux scale for 1934-638.
Using IQUV =  5.5157,  0.0000,  0.0000,  0.0000 at   5.0329 GHz.
Using post-Aug94 ATCA flux scale for 1934-638.
Using IQUV =  4.5122,  0.0000,  0.0000,  0.0000 at   5.9525 GHz.
Iter= 1, Amplit/Phase Solution Error:   0.588
Iter= 1, Polarisation Solution Error:   0.000
Iter= 1, Overall Solution Error:        1.523
Iter= 2, Amplit/Phase Solution Error:   0.002
Iter= 2, Polarisation Solution Error:   0.000
Iter= 2, Overall Solution Error:        0.004
Iter= 3, Amplit/Phase Solution Error:   0.001
Iter= 3, Polarisation Solution Error:   0.000
Iter= 3, Overall Solution Error:        0.001
I flux density:   5.0189
Leakage terms:
 Ant 1:Dx,Dy = ( 0.00138,-0.00255),(-0.00040,-0.00185)
 Ant 2:Dx,Dy = ( 0.00451, 0.00665),(-0.00475, 0.00733)
 Ant 3:Dx,Dy = ( 0.00353, 0.00046),(-0.00764, 0.00023)
 Ant 4:Dx,Dy = ( 0.00534, 0.01852),(-0.00448, 0.01965)
 Ant 5:Dx,Dy = (-0.01722,-0.00104),( 0.01582,-0.00054)
 Ant 6:Dx,Dy = ( 0.00043,-0.02355),(-0.00059,-0.02330)
Solution for freq bin  1
Iter= 1, Amplit/Phase Solution Error:   0.581
Iter= 1, Polarisation Solution Error:   0.002
Iter= 1, Overall Solution Error:        1.509
Iter= 2, Amplit/Phase Solution Error:   0.002
Iter= 2, Polarisation Solution Error:   0.000
Iter= 2, Overall Solution Error:        0.004
Iter= 3, Amplit/Phase Solution Error:   0.001
Iter= 3, Polarisation Solution Error:   0.000
Iter= 3, Overall Solution Error:        0.001
I flux density:   5.5157
Leakage terms:
 Ant 1:Dx,Dy = ( 0.00145,-0.00201),(-0.00071,-0.00159)
 Ant 2:Dx,Dy = ( 0.00487, 0.00807),(-0.00508, 0.00837)
 Ant 3:Dx,Dy = ( 0.00295, 0.00038),(-0.00842, 0.00078)
 Ant 4:Dx,Dy = ( 0.00480, 0.01880),(-0.00458, 0.02051)
 Ant 5:Dx,Dy = (-0.01798,-0.00190),( 0.01527,-0.00123)
 Ant 6:Dx,Dy = (-0.00038,-0.02539),(-0.00075,-0.02477)
Solution for freq bin  2
Iter= 1, Amplit/Phase Solution Error:   0.600
Iter= 1, Polarisation Solution Error:   0.003
Iter= 1, Overall Solution Error:        1.547
Iter= 2, Amplit/Phase Solution Error:   0.002
Iter= 2, Polarisation Solution Error:   0.000
Iter= 2, Overall Solution Error:        0.004
Iter= 3, Amplit/Phase Solution Error:   0.001
Iter= 3, Polarisation Solution Error:   0.000
Iter= 3, Overall Solution Error:        0.001
I flux density:   4.5122
Leakage terms:
 Ant 1:Dx,Dy = ( 0.00130,-0.00326),( 0.00003,-0.00220)
 Ant 2:Dx,Dy = ( 0.00401, 0.00473),(-0.00430, 0.00595)
 Ant 3:Dx,Dy = ( 0.00433, 0.00055),(-0.00654,-0.00055)
 Ant 4:Dx,Dy = ( 0.00604, 0.01813),(-0.00437, 0.01851)
 Ant 5:Dx,Dy = (-0.01620, 0.00011),( 0.01656, 0.00037)
 Ant 6:Dx,Dy = ( 0.00153,-0.02103),(-0.00038,-0.02130)

2018-08-07 10:01:44,758 [MainThread  ] [INFO ]  gpcopy vis=1934-638.5500 out=2312-319.5500

gpcopy: Revision 1.13, 2015/10/29 01:31:39 UTC

Copying leakage table
Copying gain table
Interpolation tolerance set to (minutes): 720.00
Copying bandpass table

2018-08-07 10:04:30,299 [MainThread  ] [INFO ]  pgflag vis=2312-319.5500 command='<b' stokes=i,q,u,v flagpar=8,5,5,3,6,3 options=nodisp

pgflag: Revision 1.30, 2016/10/05 23:06:50 UTC

Applying bandpass corrections to 2312-319.5500
Applying freq. dependent gain corrections to 2312-319.5500
Applying freq. dependent leakage correction to 2312-319.5500
Applying changes to dataset
Counts of correlations within selected channels:
 channel  Originally  Currently
 Good:      72843192   72139804    Changed to bad:     703388
 Bad:       10215072   10918460    Changed to good:         0
 13.1% of the data is now flagged

2018-08-07 10:07:14,573 [MainThread  ] [INFO ]  pgflag vis=2312-319.5500 command='<b' stokes=i,v,q,u flagpar=8,2,2,3,6,3  options=nodisp

pgflag: Revision 1.30, 2016/10/05 23:06:50 UTC

Applying bandpass corrections to 2312-319.5500
Applying freq. dependent gain corrections to 2312-319.5500
Applying freq. dependent leakage correction to 2312-319.5500
Applying changes to dataset
Counts of correlations within selected channels:
 channel  Originally  Currently
 Good:      72139804   71540388    Changed to bad:     599416
 Bad:       10918460   11517876    Changed to good:         0
 13.9% of the data is now flagged

2018-08-07 10:09:53,741 [MainThread  ] [INFO ]  pgflag vis=2312-319.5500 command='<b' stokes=i,v,u,q flagpar=8,2,2,3,6,3  options=nodisp

pgflag: Revision 1.30, 2016/10/05 23:06:50 UTC

Applying bandpass corrections to 2312-319.5500
Applying freq. dependent gain corrections to 2312-319.5500
Applying freq. dependent leakage correction to 2312-319.5500
Applying changes to dataset
Counts of correlations within selected channels:
 channel  Originally  Currently
 Good:      71540388   70875480    Changed to bad:     664908
 Bad:       11517876   12182784    Changed to good:         0
 14.7% of the data is now flagged

2018-08-07 10:09:59,411 [MainThread  ] [INFO ]  gpcal vis=2312-319.5500 refant=4 interval=0.1 nfbin=2 options=xyvary,qusolve

gpcal: Revision 1.22, 2016/05/01 22:31:05 UTC

Applying bandpass corrections to 2312-319.5500
Number of antennae: 6
Using leakage parameters from input as initial guess
Reading the data ...
Number of solution intervals: 677
Total visibilities read: 10134
Number visibilities accepted: 10134
Iter= 1, Amplit/Phase Solution Error:   1.211
Iter= 1, Polarisation Solution Error:   0.010
Iter= 1, Overall Solution Error:        2.426
Iter= 2, Amplit/Phase Solution Error:   0.012
Iter= 2, Polarisation Solution Error:   0.000
Iter= 2, Overall Solution Error:        0.009
Iter= 3, Amplit/Phase Solution Error:   0.001
Iter= 3, Polarisation Solution Error:   0.000
Iter= 3, Overall Solution Error:        0.001
Iter= 4, Amplit/Phase Solution Error:   0.000
Iter= 4, Polarisation Solution Error:   0.000
Iter= 4, Overall Solution Error:        0.000
I flux density:   0.5542
Percent Q:  -1.037
Percent U:   0.647
Leakage terms:
 Ant 1:Dx,Dy = ( 0.00118,-0.00300),(-0.00052,-0.00205)
 Ant 2:Dx,Dy = ( 0.00421, 0.00607),(-0.00431, 0.00716)
 Ant 3:Dx,Dy = ( 0.00379, 0.00043),(-0.00698, 0.00030)
 Ant 4:Dx,Dy = ( 0.00563, 0.01843),(-0.00429, 0.01990)
 Ant 5:Dx,Dy = (-0.01671,-0.00097),( 0.01577,-0.00028)
 Ant 6:Dx,Dy = ( 0.00084,-0.02334),(-0.00072,-0.02265)
Solution for freq bin  1
Iter= 1, Amplit/Phase Solution Error:   1.093
Iter= 1, Polarisation Solution Error:   0.013
Iter= 1, Overall Solution Error:        2.415
Iter= 2, Amplit/Phase Solution Error:   0.014
Iter= 2, Polarisation Solution Error:   0.000
Iter= 2, Overall Solution Error:        0.010
Iter= 3, Amplit/Phase Solution Error:   0.001
Iter= 3, Polarisation Solution Error:   0.000
Iter= 3, Overall Solution Error:        0.001
I flux density:   0.5540
Percent Q:  -1.274
Percent U:   0.619
Leakage terms:
 Ant 1:Dx,Dy = ( 0.00125,-0.00248),(-0.00104,-0.00175)
 Ant 2:Dx,Dy = ( 0.00435, 0.00808),(-0.00463, 0.00826)
 Ant 3:Dx,Dy = ( 0.00294, 0.00034),(-0.00801, 0.00098)
 Ant 4:Dx,Dy = ( 0.00487, 0.01864),(-0.00434, 0.02065)
 Ant 5:Dx,Dy = (-0.01756,-0.00202),( 0.01513,-0.00112)
 Ant 6:Dx,Dy = ( 0.00006,-0.02536),(-0.00119,-0.02421)
Solution for freq bin  2
Iter= 1, Amplit/Phase Solution Error:   1.324
Iter= 1, Polarisation Solution Error:   0.008
Iter= 1, Overall Solution Error:        2.399
Iter= 2, Amplit/Phase Solution Error:   0.011
Iter= 2, Polarisation Solution Error:   0.000
Iter= 2, Overall Solution Error:        0.009
Iter= 3, Amplit/Phase Solution Error:   0.001
Iter= 3, Polarisation Solution Error:   0.000
Iter= 3, Overall Solution Error:        0.001
I flux density:   0.5558
Percent Q:  -0.784
Percent U:   0.694
Leakage terms:
 Ant 1:Dx,Dy = ( 0.00105,-0.00364),(-0.00002,-0.00247)
 Ant 2:Dx,Dy = ( 0.00419, 0.00411),(-0.00392, 0.00617)
 Ant 3:Dx,Dy = ( 0.00462, 0.00061),(-0.00593,-0.00033)
 Ant 4:Dx,Dy = ( 0.00634, 0.01816),(-0.00433, 0.01911)
 Ant 5:Dx,Dy = (-0.01585, 0.00004),( 0.01639, 0.00053)
 Ant 6:Dx,Dy = ( 0.00157,-0.02124),(-0.00028,-0.02105)

2018-08-07 10:12:46,145 [MainThread  ] [INFO ]  pgflag vis=2312-319.5500 command='<b' stokes=i,q,u,v flagpar=8,5,5,3,6,3 options=nodisp

pgflag: Revision 1.30, 2016/10/05 23:06:50 UTC

Applying bandpass corrections to 2312-319.5500
Applying freq. dependent gain corrections to 2312-319.5500
Applying freq. dependent leakage correction to 2312-319.5500
Applying changes to dataset
Counts of correlations within selected channels:
 channel  Originally  Currently
 Good:      70875480   70181176    Changed to bad:     694304
 Bad:       12182784   12877088    Changed to good:         0
 15.5% of the data is now flagged

2018-08-07 10:15:31,558 [MainThread  ] [INFO ]  pgflag vis=2312-319.5500 command='<b' stokes=i,v,q,u flagpar=8,2,2,3,6,3  options=nodisp

pgflag: Revision 1.30, 2016/10/05 23:06:50 UTC

Applying bandpass corrections to 2312-319.5500
Applying freq. dependent gain corrections to 2312-319.5500
Applying freq. dependent leakage correction to 2312-319.5500
Applying changes to dataset
Counts of correlations within selected channels:
 channel  Originally  Currently
 Good:      70181176   69466944    Changed to bad:     714232
 Bad:       12877088   13591320    Changed to good:         0
 16.4% of the data is now flagged

2018-08-07 10:18:54,921 [MainThread  ] [INFO ]  pgflag vis=2312-319.5500 command='<b' stokes=i,v,u,q flagpar=8,2,2,3,6,3  options=nodisp

pgflag: Revision 1.30, 2016/10/05 23:06:50 UTC

Applying bandpass corrections to 2312-319.5500
Applying freq. dependent gain corrections to 2312-319.5500
Applying freq. dependent leakage correction to 2312-319.5500
Applying changes to dataset
Counts of correlations within selected channels:
 channel  Originally  Currently
 Good:      69466944   68749352    Changed to bad:     717592
 Bad:       13591320   14308912    Changed to good:         0
 17.2% of the data is now flagged

2018-08-07 10:19:00,489 [MainThread  ] [INFO ]  gpcal vis=2312-319.5500 refant=4 interval=0.1 nfbin=2 options=xyvary,qusolve

gpcal: Revision 1.22, 2016/05/01 22:31:05 UTC

Applying bandpass corrections to 2312-319.5500
Number of antennae: 6
Using leakage parameters from input as initial guess
Reading the data ...
Number of solution intervals: 677
Total visibilities read: 10134
Number visibilities accepted: 10134
Iter= 1, Amplit/Phase Solution Error:   1.213
Iter= 1, Polarisation Solution Error:   0.010
Iter= 1, Overall Solution Error:        2.423
Iter= 2, Amplit/Phase Solution Error:   0.012
Iter= 2, Polarisation Solution Error:   0.000
Iter= 2, Overall Solution Error:        0.009
Iter= 3, Amplit/Phase Solution Error:   0.001
Iter= 3, Polarisation Solution Error:   0.000
Iter= 3, Overall Solution Error:        0.001
Iter= 4, Amplit/Phase Solution Error:   0.000
Iter= 4, Polarisation Solution Error:   0.000
Iter= 4, Overall Solution Error:        0.000
I flux density:   0.5558
Percent Q:  -1.044
Percent U:   0.638
Leakage terms:
 Ant 1:Dx,Dy = ( 0.00120,-0.00302),(-0.00045,-0.00207)
 Ant 2:Dx,Dy = ( 0.00422, 0.00602),(-0.00425, 0.00717)
 Ant 3:Dx,Dy = ( 0.00387, 0.00041),(-0.00690, 0.00032)
 Ant 4:Dx,Dy = ( 0.00572, 0.01840),(-0.00424, 0.01987)
 Ant 5:Dx,Dy = (-0.01662,-0.00092),( 0.01586,-0.00029)
 Ant 6:Dx,Dy = ( 0.00090,-0.02329),(-0.00072,-0.02262)
Solution for freq bin  1
Iter= 1, Amplit/Phase Solution Error:   1.097
Iter= 1, Polarisation Solution Error:   0.013
Iter= 1, Overall Solution Error:        2.423
Iter= 2, Amplit/Phase Solution Error:   0.014
Iter= 2, Polarisation Solution Error:   0.000
Iter= 2, Overall Solution Error:        0.010
Iter= 3, Amplit/Phase Solution Error:   0.001
Iter= 3, Polarisation Solution Error:   0.000
Iter= 3, Overall Solution Error:        0.001
Iter= 4, Amplit/Phase Solution Error:   0.000
Iter= 4, Polarisation Solution Error:   0.000
Iter= 4, Overall Solution Error:        0.000
I flux density:   0.5556
Percent Q:  -1.272
Percent U:   0.618
Leakage terms:
 Ant 1:Dx,Dy = ( 0.00123,-0.00250),(-0.00101,-0.00178)
 Ant 2:Dx,Dy = ( 0.00431, 0.00804),(-0.00461, 0.00826)
 Ant 3:Dx,Dy = ( 0.00294, 0.00030),(-0.00799, 0.00098)
 Ant 4:Dx,Dy = ( 0.00493, 0.01863),(-0.00431, 0.02063)
 Ant 5:Dx,Dy = (-0.01752,-0.00196),( 0.01518,-0.00113)
 Ant 6:Dx,Dy = ( 0.00008,-0.02532),(-0.00128,-0.02415)
Solution for freq bin  2
Iter= 1, Amplit/Phase Solution Error:   1.325
Iter= 1, Polarisation Solution Error:   0.008
Iter= 1, Overall Solution Error:        2.409
Iter= 2, Amplit/Phase Solution Error:   0.011
Iter= 2, Polarisation Solution Error:   0.000
Iter= 2, Overall Solution Error:        0.009
Iter= 3, Amplit/Phase Solution Error:   0.001
Iter= 3, Polarisation Solution Error:   0.000
Iter= 3, Overall Solution Error:        0.001
I flux density:   0.5574
Percent Q:  -0.793
Percent U:   0.683
Leakage terms:
 Ant 1:Dx,Dy = ( 0.00109,-0.00362),( 0.00003,-0.00248)
 Ant 2:Dx,Dy = ( 0.00420, 0.00409),(-0.00386, 0.00622)
 Ant 3:Dx,Dy = ( 0.00472, 0.00061),(-0.00586,-0.00027)
 Ant 4:Dx,Dy = ( 0.00640, 0.01811),(-0.00431, 0.01909)
 Ant 5:Dx,Dy = (-0.01578, 0.00006),( 0.01647, 0.00050)
 Ant 6:Dx,Dy = ( 0.00162,-0.02123),(-0.00022,-0.02108)

2018-08-07 10:19:00,507 [MainThread  ] [INFO ]  gpboot vis=2312-319.5500 cal=1934-638.5500

gpboot: Revision 1.9, 2015/10/29 01:31:30 UTC

Secondary flux density scaled by:   0.995
Frequency bin  1 scaled by      :   0.998
Frequency bin  2 scaled by      :   0.999

2018-08-07 10:20:27,730 [MainThread  ] [INFO ]  gpcopy vis=2312-319.5500 out=b.5500

gpcopy: Revision 1.13, 2015/10/29 01:31:39 UTC

Copying leakage table
Copying gain table
Interpolation tolerance set to (minutes): 720.00
Copying bandpass table

2018-08-07 10:37:45,458 [MainThread  ] [INFO ]  pgflag vis=b.5500 command='<b' stokes=i,v,q,u flagpar=8,2,2,3,6,3  options=nodisp

pgflag: Revision 1.30, 2016/10/05 23:06:50 UTC

Applying bandpass corrections to b.5500
Applying freq. dependent gain corrections to b.5500
Applying freq. dependent leakage correction to b.5500
Applying changes to dataset
Counts of correlations within selected channels:
 channel  Originally  Currently
 Good:     464423868  449885576    Changed to bad:   14538292
 Bad:       65127888   79666180    Changed to good:         0
 15.0% of the data is now flagged

2018-08-07 10:56:00,038 [MainThread  ] [INFO ]  pgflag vis=b.5500 command='<b' stokes=i,v,u,q flagpar=8,2,2,3,6,3  options=nodisp

pgflag: Revision 1.30, 2016/10/05 23:06:50 UTC

Applying bandpass corrections to b.5500
Applying freq. dependent gain corrections to b.5500
Applying freq. dependent leakage correction to b.5500
Applying changes to dataset
Counts of correlations within selected channels:
 channel  Originally  Currently
 Good:     449885576  439164104    Changed to bad:   10721472
 Bad:       79666180   90387652    Changed to good:         0
 17.1% of the data is now flagged

2018-08-07 11:06:52,253 [MainThread  ] [INFO ]  uvsplit vis=b.5500

uvsplit: Revision 1.18, 2016/05/09 03:06:18 UTC

Creating b_1.5500
Creating b_2.5500
Creating b_3.5500
Creating b_4.5500
Creating b_5.5500
Creating b_6.5500
Creating b_7.5500
Creating b_8.5500
Creating b_9.5500
Creating b_10.5500
Creating b_11.5500
Creating b_12.5500
Creating b_13.5500
Creating b_14.5500
Creating b_15.5500
Creating b_16.5500
Creating b_17.5500
Creating b_18.5500
Creating b_19.5500
Creating b_20.5500
Creating b_21.5500
Creating b_22.5500
Creating b_23.5500
Creating b_24.5500
Creating b_25.5500
Creating b_26.5500
Creating b_27.5500
Creating b_28.5500
Creating b_29.5500
Creating b_30.5500
Creating b_31.5500
Creating b_32.5500
Creating b_33.5500
Creating b_34.5500
Creating b_35.5500
Creating b_36.5500
Creating b_37.5500
Creating b_38.5500
Creating b_39.5500
Creating b_40.5500
Creating b_41.5500
Creating b_42.5500
Creating b_43.5500
Creating b_44.5500
Creating b_45.5500
Creating b_46.5500
Creating b_47.5500
Creating b_48.5500
Creating b_49.5500
Creating b_50.5500
Creating b_51.5500
Creating b_52.5500
Creating b_53.5500
Creating b_54.5500
Creating b_55.5500
Creating b_56.5500
Creating b_57.5500
Creating b_58.5500
Creating b_59.5500
Creating b_60.5500
Creating b_61.5500
Creating b_62.5500
Creating b_63.5500
Creating b_64.5500
Creating b_65.5500
Creating b_66.5500
Creating b_67.5500
Creating b_68.5500
Creating b_69.5500
Creating b_70.5500
Creating b_71.5500
Creating b_72.5500
Creating b_73.5500
Creating b_74.5500
Creating b_75.5500
Creating b_76.5500
Creating b_77.5500
Creating b_78.5500
Creating b_79.5500
Creating b_80.5500
Creating b_81.5500
Creating b_82.5500
Creating b_83.5500
Creating b_84.5500
Creating b_85.5500
Creating b_86.5500
Creating b_87.5500
Creating b_88.5500
Creating b_89.5500
Creating b_90.5500
Creating b_91.5500
Creating b_92.5500
Creating b_93.5500
Creating b_94.5500
Creating b_95.5500
Creating b_96.5500
Creating b_97.5500
Creating b_98.5500
Creating b_99.5500
Creating b_100.5500
Creating b_101.5500
Creating b_102.5500
Creating b_103.5500
Creating b_104.5500
Creating b_105.5500
Creating b_106.5500
Creating b_107.5500
Creating b_108.5500
Creating b_109.5500
Creating b_110.5500
Creating b_111.5500
Creating b_112.5500
Creating b_113.5500
Creating b_114.5500
Creating b_115.5500
Creating b_116.5500
Creating b_117.5500
Creating b_118.5500
Creating b_119.5500
Creating b_120.5500
Creating b_121.5500
Creating b_122.5500
Creating b_123.5500
Creating b_124.5500
Creating b_125.5500
Creating b_126.5500
Creating b_127.5500
Creating b_128.5500
Creating b_129.5500
Creating b_130.5500
Creating b_131.5500
Creating b_132.5500
Creating b_133.5500
Creating b_134.5500
Creating b_135.5500
Creating b_136.5500
Creating b_137.5500
Creating b_138.5500
Creating b_139.5500
Creating b_140.5500
Creating b_141.5500
Creating b_142.5500
Creating b_143.5500
Creating b_144.5500
Creating b_145.5500
Creating b_146.5500
Creating b_147.5500
Creating b_148.5500
Creating b_149.5500
Creating b_150.5500
Creating b_151.5500
Creating b_152.5500
Creating b_153.5500
Creating b_154.5500
Creating b_155.5500
Creating b_156.5500
Creating b_157.5500
Creating b_158.5500
Creating b_159.5500
Creating b_160.5500
Creating b_161.5500
Creating b_162.5500
Creating b_163.5500
Creating b_164.5500
Creating b_165.5500
Creating b_166.5500
Creating b_167.5500
Creating b_168.5500
Creating b_169.5500
Creating b_170.5500
Creating b_171.5500
Creating b_172.5500
Creating b_173.5500
Creating b_174.5500
Creating b_175.5500
Creating b_176.5500
Creating b_177.5500
Creating b_178.5500
Creating b_179.5500
Creating b_180.5500
Creating b_181.5500
Creating b_182.5500
Creating b_183.5500
Creating b_184.5500
Creating b_185.5500
Creating b_186.5500
Creating b_187.5500
Creating b_188.5500
Creating b_189.5500
Creating b_190.5500
Creating b_191.5500
Creating b_192.5500
Creating b_193.5500
Creating b_194.5500
Creating b_195.5500
Creating b_196.5500
Creating b_197.5500
Creating b_198.5500
Creating b_199.5500
Creating b_200.5500
Creating b_201.5500
Creating b_202.5500
Creating b_203.5500
Creating b_204.5500
Creating b_205.5500
Creating b_206.5500
Creating b_207.5500
Creating b_208.5500
Creating b_209.5500
Creating b_210.5500
Creating b_211.5500
Creating b_212.5500
Creating b_213.5500
Creating b_214.5500
Creating b_215.5500
Creating b_216.5500
Creating b_217.5500
Creating b_218.5500
Creating b_219.5500
Creating b_220.5500
Creating b_221.5500
Creating b_222.5500
Creating b_223.5500
Creating b_224.5500
Creating b_225.5500
Creating b_226.5500
Creating b_227.5500
Creating b_228.5500
Creating b_229.5500
Creating b_230.5500
Creating b_231.5500
Creating b_232.5500
Creating b_233.5500
Creating b_234.5500
Creating b_235.5500
Creating b_236.5500
Creating b_237.5500
Creating b_238.5500
Creating b_239.5500
Creating b_240.5500

