2018-11-02 10:29:23,368 [MainThread  ] [INFO ]  atlod in=raw/2018-05-21_1504.C3132,raw/2018-05-21_1751.C3132,raw/2018-05-21_2038.C3132,raw/2018-05-21_2325.C3132,raw/2018-05-22_0212.C3132 out=data9.uv ifsel=2 options=birdie,rfiflag,noauto,xycorr

atlod: Revision 1.53, 2016/08/25 23:02:21 UTC

Processing file raw/2018-05-21_1504.C3132
 15:04:16 CAOBS> track 1
CABB data detected
Scan 1 started at 18MAY21:15:04:36.0
Source: 1934-638
Flagging channels in  28 frequency ranges
 15:15:11 CAOBS> stop
 15:15:25 CAOBS> set file c3132_obs_c1
 15:15:30 CAOBS> start 13/100
Scan 2 started at 18MAY21:15:17:24.0
Source: 2312-319
Scan 3 started at 18MAY21:15:20:12.0
Source: c_121
Source: c_122
Source: c_123
Source: c_124
Source: c_125
Source: c_126
Source: c_127
Source: c_128
Source: c_129
Source: c_130
Source: c_131
Source: c_132
Source: c_133
Source: c_134
Source: c_135
Source: c_136
Source: c_137
Source: c_138
Source: c_139
Source: c_140
Scan 4 started at 18MAY21:15:33:48.0
Source: 2312-319
Scan 5 started at 18MAY21:15:36:30.0
Source: c_141
Source: c_142
Source: c_143
Source: c_144
Source: c_145
Source: c_146
Source: c_147
Source: c_148
Source: c_149
Source: c_150
Source: c_151
Source: c_152
Source: c_153
Source: c_154
Source: c_155
Source: c_156
Source: c_157
Source: c_158
Source: c_159
Source: c_160
Scan 6 started at 18MAY21:15:50:12.0
Source: 2312-319
Scan 7 started at 18MAY21:15:53:00.0
Source: c_161
Source: c_162
Source: c_163
Source: c_164
Source: c_165
Source: c_166
Source: c_167
Source: c_168
Source: c_169
Source: c_170
Source: c_171
Source: c_172
Source: c_173
Source: c_174
Source: c_175
Source: c_176
Source: c_177
Source: c_178
Source: c_179
Source: c_180
Scan 8 started at 18MAY21:16:06:36.0
Source: 2312-319
Scan 9 started at 18MAY21:16:09:16.7
Source: c_1
Source: c_2
Source: c_3
Source: c_4
Source: c_5
Source: c_6
Source: c_7
Source: c_8
Source: c_9
Source: c_10
Source: c_11
Source: c_12
Source: c_13
Source: c_14
Source: c_15
Source: c_16
Source: c_17
Source: c_18
Source: c_19
Source: c_20
Scan 10 started at 18MAY21:16:23:00.0
Source: 2312-319
Scan 11 started at 18MAY21:16:25:48.0
Source: c_21
Source: c_22
Source: c_23
Source: c_24
Source: c_25
Source: c_26
Source: c_27
Source: c_28
Source: c_29
Source: c_30
Source: c_31
Source: c_32
Source: c_33
Source: c_34
Source: c_35
Source: c_36
Source: c_37
Source: c_38
Source: c_39
Source: c_40
Scan 12 started at 18MAY21:16:39:24.0
Source: 2312-319
Scan 13 started at 18MAY21:16:42:12.0
Source: c_41
Source: c_42
Source: c_43
Source: c_44
Source: c_45
Source: c_46
Source: c_47
Source: c_48
Source: c_49
Source: c_50
Source: c_51
Source: c_52
Source: c_53
Source: c_54
Source: c_55
Source: c_56
Source: c_57
Source: c_58
Source: c_59
Source: c_60
Scan 14 started at 18MAY21:16:55:48.0
Source: 2312-319
Scan 15 started at 18MAY21:16:58:30.8
Source: c_61
Source: c_62
Source: c_63
Source: c_64
Source: c_65
Source: c_66
Source: c_67
Source: c_68
Source: c_69
Source: c_70
Source: c_71
Source: c_72
Source: c_73
Source: c_74
Source: c_75
Source: c_76
Source: c_77
Source: c_78
Source: c_79
Source: c_80
Scan 16 started at 18MAY21:17:12:12.0
Source: 2312-319
Scan 17 started at 18MAY21:17:14:54.8
Source: c_81
Source: c_82
Source: c_83
Source: c_84
Source: c_85
Source: c_86
Source: c_87
Source: c_88
Source: c_89
Source: c_90
Source: c_91
Source: c_92
Source: c_93
Source: c_94
Source: c_95
Source: c_96
Source: c_97
Source: c_98
Source: c_99
Source: c_100
Scan 18 started at 18MAY21:17:28:36.0
Source: 2312-319
Scan 19 started at 18MAY21:17:31:24.0
Source: c_101
Source: c_102
Source: c_103
Source: c_104
Source: c_105
Source: c_106
Source: c_107
Source: c_108
Source: c_109
Source: c_110
Source: c_111
Source: c_112
Source: c_113
Source: c_114
Source: c_115
Source: c_116
Source: c_117
Source: c_118
Source: c_119
Source: c_120
Scan 20 started at 18MAY21:17:45:00.0
Source: 2312-319
Scan 21 started at 18MAY21:17:47:48.0
Source: c_121
Source: c_122
Source: c_123
Source: c_124
Source: c_125
Source: c_126
Source: c_127
RPFITS file version is 2.12
---------------------------------------
Total number of spectra selected: 72660

Summary of spectra flagged
Flagging Reason            Fraction
---------------            --------
Antenna off-source/off-line  4.71%
---------------------------------------
Processing file raw/2018-05-21_1751.C3132
CABB data detected
Scan 1 started at 18MAY21:17:51:48.0
Source: c_127
Source: c_128
Source: c_129
Source: c_130
Source: c_131
Source: c_132
Source: c_133
Source: c_134
Source: c_135
Source: c_136
Source: c_137
Source: c_138
Source: c_139
Source: c_140
Scan 2 started at 18MAY21:18:01:24.0
Source: 2312-319
Scan 3 started at 18MAY21:18:04:06.0
Source: c_141
Source: c_142
Source: c_143
Source: c_144
Source: c_145
Source: c_146
Source: c_147
Source: c_148
Source: c_149
Source: c_150
Source: c_151
Source: c_152
Source: c_153
Source: c_154
Source: c_155
Source: c_156
Source: c_157
Source: c_158
Source: c_159
Source: c_160
Scan 4 started at 18MAY21:18:17:48.0
Source: 2312-319
Scan 5 started at 18MAY21:18:20:36.0
Source: c_161
Source: c_162
Source: c_163
Source: c_164
Source: c_165
Source: c_166
Source: c_167
Source: c_168
Source: c_169
Source: c_170
Source: c_171
Source: c_172
Source: c_173
Source: c_174
Source: c_175
Source: c_176
Source: c_177
Source: c_178
Source: c_179
Source: c_180
Scan 6 started at 18MAY21:18:34:12.0
Source: 2312-319
Scan 7 started at 18MAY21:18:36:52.7
Source: c_1
Source: c_2
Source: c_3
Source: c_4
Source: c_5
Source: c_6
Source: c_7
Source: c_8
Source: c_9
Source: c_10
Source: c_11
Source: c_12
Source: c_13
Source: c_14
Source: c_15
Source: c_16
Source: c_17
Source: c_18
Source: c_19
Source: c_20
Scan 8 started at 18MAY21:18:50:36.0
Source: 2312-319
Scan 9 started at 18MAY21:18:53:32.0
Source: c_21
Source: c_22
Source: c_23
Source: c_24
Source: c_25
Source: c_26
Source: c_27
Source: c_28
Source: c_29
Source: c_30
Source: c_31
Source: c_32
Source: c_33
Source: c_34
Source: c_35
Source: c_36
Source: c_37
Source: c_38
Source: c_39
Source: c_40
Scan 10 started at 18MAY21:19:07:00.0
Source: 2312-319
Scan 11 started at 18MAY21:19:09:56.0
Source: c_41
Source: c_42
Source: c_43
Source: c_44
Source: c_45
Source: c_46
Source: c_47
Source: c_48
Source: c_49
Source: c_50
Source: c_51
Source: c_52
Source: c_53
Source: c_54
Source: c_55
Source: c_56
Source: c_57
Source: c_58
Source: c_59
Source: c_60
Scan 12 started at 18MAY21:19:23:24.0
Source: 2312-319
Scan 13 started at 18MAY21:19:26:12.0
Source: c_61
Source: c_62
Source: c_63
Source: c_64
Source: c_65
Source: c_66
Source: c_67
Source: c_68
Source: c_69
Source: c_70
Source: c_71
Source: c_72
Source: c_73
Source: c_74
Source: c_75
Source: c_76
Source: c_77
Source: c_78
Source: c_79
Source: c_80
Scan 14 started at 18MAY21:19:39:48.0
Source: 2312-319
Scan 15 started at 18MAY21:19:42:44.0
Source: c_81
Source: c_82
Source: c_83
Source: c_84
Source: c_85
Source: c_86
Source: c_87
Source: c_88
Source: c_89
Source: c_90
Source: c_91
Source: c_92
Source: c_93
Source: c_94
Source: c_95
Source: c_96
Source: c_97
Source: c_98
Source: c_99
Source: c_100
Scan 16 started at 18MAY21:19:56:20.0
Source: 2312-319
Scan 17 started at 18MAY21:19:59:24.0
Source: c_101
Source: c_102
Source: c_103
Source: c_104
Source: c_105
Source: c_106
Source: c_107
Source: c_108
Source: c_109
Source: c_110
Source: c_111
Source: c_112
Source: c_113
Source: c_114
Source: c_115
Source: c_116
Source: c_117
Source: c_118
Source: c_119
Source: c_120
Scan 18 started at 18MAY21:20:12:44.0
Source: 2312-319
Scan 19 started at 18MAY21:20:15:48.0
Source: c_121
Source: c_122
Source: c_123
Source: c_124
Source: c_125
Source: c_126
Source: c_127
Source: c_128
Source: c_129
Source: c_130
Source: c_131
Source: c_132
Source: c_133
Source: c_134
Source: c_135
Source: c_136
Source: c_137
Source: c_138
Source: c_139
Source: c_140
Scan 20 started at 18MAY21:20:29:16.0
Source: 2312-319
Scan 21 started at 18MAY21:20:32:06.8
Source: c_141
Source: c_142
Source: c_143
Source: c_144
Source: c_145
Source: c_146
Source: c_147
Source: c_148
Source: c_149
Source: c_150
RPFITS file version is 2.12
---------------------------------------
Total number of spectra selected: 72660

Summary of spectra flagged
Flagging Reason            Fraction
---------------            --------
Antenna off-source/off-line  4.60%
---------------------------------------
Processing file raw/2018-05-21_2038.C3132
CABB data detected
Scan 1 started at 18MAY21:20:38:36.0
Source: c_150
Source: c_151
Source: c_152
Source: c_153
Source: c_154
Source: c_155
Source: c_156
Source: c_157
Source: c_158
Source: c_159
Source: c_160
Scan 2 started at 18MAY21:20:45:48.0
Source: 2312-319
Scan 3 started at 18MAY21:20:50:12.0
Source: c_162
Source: c_163
Source: c_164
Source: c_165
Source: c_166
Source: c_167
Source: c_168
Source: c_169
Source: c_170
Source: c_171
Source: c_180
Scan 4 started at 18MAY21:21:07:48.0
Source: 2312-319
Scan 5 started at 18MAY21:21:13:24.7
Source: c_1
Source: c_2
Source: c_3
Source: c_4
Source: c_5
Source: c_6
Source: c_7
Source: c_8
Source: c_9
Source: c_10
Source: c_11
Source: c_12
Source: c_13
Source: c_14
Source: c_15
Source: c_16
Source: c_17
Source: c_18
Source: c_19
Source: c_20
Scan 6 started at 18MAY21:21:27:40.0
Source: 2312-319
Scan 7 started at 18MAY21:21:30:52.0
Source: c_21
Source: c_22
Source: c_23
Source: c_24
Source: c_25
Source: c_26
Source: c_27
Source: c_28
Source: c_29
Source: c_30
Source: c_31
Source: c_32
Source: c_33
Source: c_34
Source: c_35
Source: c_36
Source: c_37
Source: c_38
Source: c_39
Source: c_40
Scan 8 started at 18MAY21:21:44:20.0
Source: 2312-319
Scan 9 started at 18MAY21:21:47:24.0
Source: c_41
Source: c_42
Source: c_43
Source: c_44
Source: c_45
Source: c_46
Source: c_47
Source: c_48
Source: c_49
Source: c_50
Source: c_51
Source: c_52
Source: c_53
Source: c_54
Source: c_55
Source: c_56
Source: c_57
Source: c_58
Source: c_59
Source: c_60
Scan 10 started at 18MAY21:22:00:44.0
Source: 2312-319
Scan 11 started at 18MAY21:22:03:40.0
Source: c_61
Source: c_62
Source: c_63
Source: c_64
Source: c_65
Source: c_66
Source: c_67
Source: c_68
Source: c_69
Source: c_70
Source: c_71
Source: c_72
Source: c_73
Source: c_74
Source: c_75
Source: c_76
Source: c_77
Source: c_78
Source: c_79
Source: c_80
Scan 12 started at 18MAY21:22:17:16.0
Source: 2312-319
Scan 13 started at 18MAY21:22:20:12.0
Source: c_81
Source: c_82
Source: c_83
Source: c_84
Source: c_85
Source: c_86
Source: c_87
Source: c_88
Source: c_89
Source: c_90
Source: c_91
Source: c_92
Source: c_93
Source: c_94
Source: c_95
Source: c_96
Source: c_97
Source: c_98
Source: c_99
Source: c_100
Scan 14 started at 18MAY21:22:33:48.0
Source: 2312-319
Scan 15 started at 18MAY21:22:36:52.0
Source: c_101
Source: c_102
Source: c_103
Source: c_104
Source: c_105
Source: c_106
Source: c_107
Source: c_108
Source: c_109
Source: c_110
Source: c_111
Source: c_112
Source: c_113
Source: c_114
Source: c_115
Source: c_116
Source: c_117
Source: c_118
Source: c_119
Source: c_120
Scan 16 started at 18MAY21:22:50:20.0
Source: 2312-319
Scan 17 started at 18MAY21:22:53:24.0
Source: c_121
Source: c_122
Source: c_123
Source: c_124
Source: c_125
Source: c_126
Source: c_127
Source: c_128
Source: c_129
Source: c_130
Source: c_131
Source: c_132
Source: c_133
Source: c_134
Source: c_135
Source: c_136
Source: c_137
Source: c_138
Source: c_139
Source: c_140
Scan 18 started at 18MAY21:23:06:52.0
Source: 2312-319
Scan 19 started at 18MAY21:23:09:42.0
Source: c_141
Source: c_142
Source: c_143
Source: c_144
Source: c_145
Source: c_146
Source: c_147
Source: c_148
Source: c_149
Source: c_150
Source: c_151
Source: c_152
Source: c_153
Source: c_154
Source: c_155
Source: c_156
Source: c_157
Source: c_158
Source: c_159
Source: c_160
Scan 20 started at 18MAY21:23:23:24.0
Source: 2312-319
RPFITS file version is 2.12
---------------------------------------
Total number of spectra selected: 72660

Summary of spectra flagged
Flagging Reason            Fraction
---------------            --------
Antenna off-source/off-line  16.4%
---------------------------------------
Processing file raw/2018-05-21_2325.C3132
CABB data detected
Scan 1 started at 18MAY21:23:25:08.0
Source: 2312-319
Scan 2 started at 18MAY21:23:26:20.0
Source: c_161
Source: c_162
Source: c_163
Source: c_164
Source: c_165
Source: c_166
Source: c_167
Source: c_168
Source: c_169
Source: c_170
Source: c_171
Source: c_172
Source: c_173
Source: c_174
Source: c_175
Source: c_176
Source: c_177
Source: c_178
Source: c_179
Source: c_180
Scan 3 started at 18MAY21:23:39:56.0
Source: 2312-319
Scan 4 started at 18MAY21:23:42:36.7
Source: c_1
Source: c_2
Source: c_3
Source: c_4
Source: c_5
Source: c_6
Source: c_7
Source: c_8
Source: c_9
Source: c_10
Source: c_11
Source: c_12
Source: c_13
Source: c_14
Source: c_15
Source: c_16
Source: c_17
Source: c_18
Source: c_19
Source: c_20
Scan 5 started at 18MAY21:23:56:20.0
Source: 2312-319
Scan 6 started at 18MAY21:23:59:08.0
Source: c_21
Source: c_22
Source: c_23
Source: c_24
Source: c_25
Source: c_26
Source: c_27
Source: c_28
Source: c_29
Source: c_30
Source: c_31
Source: c_32
Source: c_33
Source: c_34
Source: c_35
Source: c_36
Source: c_37
Source: c_38
Source: c_39
Source: c_40
Scan 7 started at 18MAY22:00:12:44.0
Source: 2312-319
Scan 8 started at 18MAY22:00:15:40.0
Source: c_41
Source: c_42
Source: c_43
Source: c_44
Source: c_45
Source: c_46
Source: c_47
Source: c_48
Source: c_49
Source: c_50
Source: c_51
Source: c_52
Source: c_53
Source: c_54
Source: c_55
Source: c_56
Source: c_57
Source: c_58
Source: c_59
Source: c_60
Scan 9 started at 18MAY22:00:29:16.0
Source: 2312-319
Scan 10 started at 18MAY22:00:31:58.8
Source: c_61
Source: c_62
Source: c_63
Source: c_64
Source: c_65
Source: c_66
Source: c_67
Source: c_68
Source: c_69
Source: c_70
Source: c_71
Source: c_72
Source: c_73
Source: c_74
Source: c_75
Source: c_76
Source: c_77
Source: c_78
Source: c_79
Source: c_80
Scan 11 started at 18MAY22:00:45:40.0
Source: 2312-319
Scan 12 started at 18MAY22:00:48:28.0
Source: c_81
Source: c_82
Source: c_83
Source: c_84
Source: c_85
Source: c_86
Source: c_87
Source: c_88
Source: c_89
Source: c_90
Source: c_91
Source: c_92
Source: c_93
Source: c_94
Source: c_95
Source: c_96
Source: c_97
Source: c_98
Source: c_99
Source: c_100
Scan 13 started at 18MAY22:01:02:04.0
Source: 2312-319
Scan 14 started at 18MAY22:01:04:52.0
Source: c_101
Source: c_102
Source: c_103
Source: c_104
Source: c_105
Source: c_106
Source: c_107
Source: c_108
Source: c_109
Source: c_110
Source: c_111
Source: c_112
Source: c_113
Source: c_114
Source: c_115
Source: c_116
Source: c_117
Source: c_118
Source: c_119
Source: c_120
Scan 15 started at 18MAY22:01:18:28.0
Source: 2312-319
Scan 16 started at 18MAY22:01:21:16.0
Source: c_121
Source: c_122
Source: c_123
Source: c_124
Source: c_125
Source: c_126
Source: c_127
Source: c_128
Source: c_129
Source: c_130
Source: c_131
Source: c_132
Source: c_133
Source: c_134
Source: c_135
Source: c_136
Source: c_137
Source: c_138
Source: c_139
Source: c_140
Scan 17 started at 18MAY22:01:34:52.0
Source: 2312-319
Scan 18 started at 18MAY22:01:37:34.0
Source: c_141
Source: c_142
Source: c_143
Source: c_144
Source: c_145
Source: c_146
Source: c_147
Source: c_148
Source: c_149
Source: c_150
Source: c_151
Source: c_152
Source: c_153
Source: c_154
Source: c_155
Source: c_156
Source: c_157
Source: c_158
Source: c_159
Source: c_160
Scan 19 started at 18MAY22:01:51:16.0
Source: 2312-319
Scan 20 started at 18MAY22:01:54:04.0
Source: c_161
Source: c_162
Source: c_163
Source: c_164
Source: c_165
Source: c_166
Source: c_167
Source: c_168
Source: c_169
Source: c_170
Source: c_171
Source: c_172
Source: c_173
Source: c_174
Source: c_175
Source: c_176
Source: c_177
Source: c_178
Source: c_179
Source: c_180
Scan 21 started at 18MAY22:02:07:40.0
Source: 2312-319
Scan 22 started at 18MAY22:02:10:20.7
Source: c_1
Source: c_2
Source: c_3
RPFITS file version is 2.12
---------------------------------------
Total number of spectra selected: 72660

Summary of spectra flagged
Flagging Reason            Fraction
---------------            --------
Antenna off-source/off-line  4.32%
---------------------------------------
Processing file raw/2018-05-22_0212.C3132
CABB data detected
Scan 1 started at 18MAY22:02:12:12.0
Source: c_3
Source: c_4
Source: c_5
Source: c_6
Source: c_7
Source: c_8
Source: c_9
Source: c_10
Source: c_11
Source: c_12
Source: c_13
Source: c_14
Source: c_15
Source: c_16
Source: c_17
Source: c_18
Source: c_19
Source: c_20
Scan 2 started at 18MAY22:02:24:04.0
Source: 2312-319
Scan 3 started at 18MAY22:02:26:52.0
Source: c_21
Source: c_22
Source: c_23
Source: c_24
Source: c_25
Source: c_26
Source: c_27
Source: c_28
Source: c_29
Source: c_30
Source: c_31
Source: c_32
Source: c_33
Source: c_34
Source: c_35
Source: c_36
Source: c_37
Source: c_38
Source: c_39
Source: c_40
Scan 4 started at 18MAY22:02:40:28.0
Source: 2312-319
Scan 5 started at 18MAY22:02:43:16.0
Source: c_41
Source: c_42
Source: c_43
Source: c_44
Source: c_45
Source: c_46
Source: c_47
Source: c_48
Source: c_49
Source: c_50
Source: c_51
Source: c_52
Source: c_53
Source: c_54
Source: c_55
Source: c_56
Source: c_57
Source: c_58
Source: c_59
Source: c_60
Scan 6 started at 18MAY22:02:56:52.0
Source: 2312-319
 02:59:11 CAOBS> stop
 02:59:18 CAOBS> corr closef
RPFITS file version is 2.12
---------------------------------------
Total number of spectra selected: 20400

Summary of spectra flagged
Flagging Reason            Fraction
---------------            --------
Antenna off-source/off-line  3.24%
---------------------------------------

No CACAL data was detected

2018-11-02 10:30:17,029 [MainThread  ] [INFO ]  uvflag vis=data9.uv line=chan,65,850,1 flagval=flag

uvflag: Revision 1.8, 2014/09/30 14:23:39 UTC


Set flags to indicate bad data in visibility file data9.uv
Linetype channel; select   65 channels; start  850, width    1, step    1

Overview of flagging on visibility file data9.uv
Changed flags set to FALSE (data flagged as bad)
Total number of records selected: 288580; out of 288580 records
Antennas used: 1-6
Counts of correlations within selected channels
channel   Originally    Currently
Good:        18757700.           0.    Changed to bad:    18757700.
Bad:                0.    18757700.

2018-11-02 10:32:52,197 [MainThread  ] [INFO ]  uvsplit vis=data9.uv options=mosaic

uvsplit: Revision 1.18, 2016/05/09 03:06:18 UTC

Creating 1934-638.9500
Creating 2312-319.9500
Creating c.9500

2018-11-02 10:33:18,155 [MainThread  ] [INFO ]  pgflag vis=1934-638.9500 command='<b' stokes=i,q,u,v flagpar=8,5,5,3,6,3 options=nodisp

pgflag: Revision 1.30, 2016/10/05 23:06:50 UTC

Applying changes to dataset
Counts of correlations within selected channels:
 channel  Originally  Currently
 Good:       8380320    8235960    Changed to bad:     144360
 Bad:        1331940    1476300    Changed to good:         0
 15.2% of the data is now flagged

2018-11-02 10:33:40,642 [MainThread  ] [INFO ]  pgflag vis=1934-638.9500 command='<b' stokes=i,v,q,u flagpar=8,2,2,3,6,3  options=nodisp

pgflag: Revision 1.30, 2016/10/05 23:06:50 UTC

Applying changes to dataset
Counts of correlations within selected channels:
 channel  Originally  Currently
 Good:       8235960    8084560    Changed to bad:     151400
 Bad:        1476300    1627700    Changed to good:         0
 16.8% of the data is now flagged

2018-11-02 10:34:05,334 [MainThread  ] [INFO ]  pgflag vis=1934-638.9500 command='<b' stokes=i,v,u,q flagpar=8,2,2,3,6,3  options=nodisp

pgflag: Revision 1.30, 2016/10/05 23:06:50 UTC

Applying changes to dataset
Counts of correlations within selected channels:
 channel  Originally  Currently
 Good:       8084560    7854120    Changed to bad:     230440
 Bad:        1627700    1858140    Changed to good:         0
 19.1% of the data is now flagged

2018-11-02 10:35:28,730 [MainThread  ] [INFO ]  mfcal vis=1934-638.9500 refant=4 interval=0.1
MfCal: $Revision: 1.20 $, $Date: 2017/05/08 02:31:10 $
Selecting parallel-hand polarisations
Reading the data ...
Number correlations accepted: 3927060
Number of frequency bands/settings: 1
Number of polarisations selected: 2
Number of solution intervals: 79
Number of passband solution intervals: 1
Initialising ...
Using post-Aug94 ATCA flux scale for 1934-638.
Using known frequency variation of 1934-638
Generating initial solution estimate ...
Doing solution refinement ...
Iter= 1, Solution Error:  0.473
Iter= 2, Solution Error:  0.019
Iter= 3, Solution Error:  0.000
Saving solution ...

2018-11-02 10:35:39,136 [MainThread  ] [INFO ]  gpcal vis=1934-638.9500 refant=4 interval=0.1 nfbin=2 options=xyvary

gpcal: Revision 1.22, 2016/05/01 22:31:05 UTC

Applying bandpass corrections to 1934-638.9500
Number of antennae: 6
Reading the data ...
Number of solution intervals: 79
Total visibilities read: 1185
Number visibilities accepted: 1185
Using post-Aug94 ATCA flux scale for 1934-638.
Using IQUV =  2.5396,  0.0000,  0.0000,  0.0000 at   9.4559 GHz.
Using post-Aug94 ATCA flux scale for 1934-638.
Using IQUV =  2.6977,  0.0000,  0.0000,  0.0000 at   9.0079 GHz.
Using post-Aug94 ATCA flux scale for 1934-638.
Using IQUV =  2.3874,  0.0000,  0.0000,  0.0000 at   9.9397 GHz.
Iter= 1, Amplit/Phase Solution Error:   0.265
Iter= 1, Polarisation Solution Error:   0.033
Iter= 1, Overall Solution Error:        1.224
Iter= 2, Amplit/Phase Solution Error:   0.002
Iter= 2, Polarisation Solution Error:   0.000
Iter= 2, Overall Solution Error:        0.003
Iter= 3, Amplit/Phase Solution Error:   0.001
Iter= 3, Polarisation Solution Error:   0.000
Iter= 3, Overall Solution Error:        0.001
I flux density:   2.5396
Leakage terms:
 Ant 1:Dx,Dy = ( 0.00208,-0.00790),(-0.00114,-0.00786)
 Ant 2:Dx,Dy = ( 0.00243, 0.00340),(-0.00297, 0.00352)
 Ant 3:Dx,Dy = ( 0.00525,-0.00240),(-0.00767,-0.00237)
 Ant 4:Dx,Dy = ( 0.00458, 0.01685),(-0.00346, 0.01785)
 Ant 5:Dx,Dy = (-0.01735, 0.00590),( 0.01660, 0.00580)
 Ant 6:Dx,Dy = ( 0.00258,-0.01656),(-0.00179,-0.01621)
Solution for freq bin  1
Iter= 1, Amplit/Phase Solution Error:   0.259
Iter= 1, Polarisation Solution Error:   0.034
Iter= 1, Overall Solution Error:        1.197
Iter= 2, Amplit/Phase Solution Error:   0.002
Iter= 2, Polarisation Solution Error:   0.000
Iter= 2, Overall Solution Error:        0.003
Iter= 3, Amplit/Phase Solution Error:   0.001
Iter= 3, Polarisation Solution Error:   0.000
Iter= 3, Overall Solution Error:        0.001
I flux density:   2.6977
Leakage terms:
 Ant 1:Dx,Dy = ( 0.00202,-0.00731),(-0.00144,-0.00750)
 Ant 2:Dx,Dy = ( 0.00258, 0.00381),(-0.00317, 0.00392)
 Ant 3:Dx,Dy = ( 0.00435,-0.00316),(-0.00783,-0.00255)
 Ant 4:Dx,Dy = ( 0.00448, 0.01688),(-0.00373, 0.01816)
 Ant 5:Dx,Dy = (-0.01679, 0.00577),( 0.01667, 0.00508)
 Ant 6:Dx,Dy = ( 0.00226,-0.01658),(-0.00160,-0.01651)
Solution for freq bin  2
Iter= 1, Amplit/Phase Solution Error:   0.272
Iter= 1, Polarisation Solution Error:   0.033
Iter= 1, Overall Solution Error:        1.255
Iter= 2, Amplit/Phase Solution Error:   0.002
Iter= 2, Polarisation Solution Error:   0.000
Iter= 2, Overall Solution Error:        0.003
Iter= 3, Amplit/Phase Solution Error:   0.001
Iter= 3, Polarisation Solution Error:   0.000
Iter= 3, Overall Solution Error:        0.001
I flux density:   2.3874
Leakage terms:
 Ant 1:Dx,Dy = ( 0.00216,-0.00860),(-0.00077,-0.00829)
 Ant 2:Dx,Dy = ( 0.00225, 0.00294),(-0.00274, 0.00307)
 Ant 3:Dx,Dy = ( 0.00631,-0.00152),(-0.00750,-0.00217)
 Ant 4:Dx,Dy = ( 0.00469, 0.01682),(-0.00314, 0.01749)
 Ant 5:Dx,Dy = (-0.01800, 0.00604),( 0.01651, 0.00662)
 Ant 6:Dx,Dy = ( 0.00296,-0.01653),(-0.00200,-0.01587)

2018-11-02 10:36:06,118 [MainThread  ] [INFO ]  pgflag vis=1934-638.9500 command='<b' stokes=i,q,u,v flagpar=8,5,5,3,6,3 options=nodisp

pgflag: Revision 1.30, 2016/10/05 23:06:50 UTC

Applying bandpass corrections to 1934-638.9500
Applying freq. dependent gain corrections to 1934-638.9500
Applying freq. dependent leakage correction to 1934-638.9500
Applying changes to dataset
Counts of correlations within selected channels:
 channel  Originally  Currently
 Good:       7854120    7813212    Changed to bad:      40908
 Bad:        1858140    1899048    Changed to good:         0
 19.6% of the data is now flagged

2018-11-02 10:36:37,187 [MainThread  ] [INFO ]  pgflag vis=1934-638.9500 command='<b' stokes=i,v,q,u flagpar=8,2,2,3,6,3  options=nodisp

pgflag: Revision 1.30, 2016/10/05 23:06:50 UTC

Applying bandpass corrections to 1934-638.9500
Applying freq. dependent gain corrections to 1934-638.9500
Applying freq. dependent leakage correction to 1934-638.9500
Applying changes to dataset
Counts of correlations within selected channels:
 channel  Originally  Currently
 Good:       7813212    7761452    Changed to bad:      51760
 Bad:        1899048    1950808    Changed to good:         0
 20.1% of the data is now flagged

2018-11-02 10:37:12,327 [MainThread  ] [INFO ]  pgflag vis=1934-638.9500 command='<b' stokes=i,v,u,q flagpar=8,2,2,3,6,3  options=nodisp

pgflag: Revision 1.30, 2016/10/05 23:06:50 UTC

Applying bandpass corrections to 1934-638.9500
Applying freq. dependent gain corrections to 1934-638.9500
Applying freq. dependent leakage correction to 1934-638.9500
Applying changes to dataset
Counts of correlations within selected channels:
 channel  Originally  Currently
 Good:       7761452    7726584    Changed to bad:      34868
 Bad:        1950808    1985676    Changed to good:         0
 20.4% of the data is now flagged

2018-11-02 10:38:12,277 [MainThread  ] [INFO ]  mfcal vis=1934-638.9500 refant=4 interval=0.1
MfCal: $Revision: 1.20 $, $Date: 2017/05/08 02:31:10 $
Selecting parallel-hand polarisations
Reading the data ...
Number correlations accepted: 3863292
Number of frequency bands/settings: 1
Number of polarisations selected: 2
Number of solution intervals: 79
Number of passband solution intervals: 1
Initialising ...
Using post-Aug94 ATCA flux scale for 1934-638.
Using known frequency variation of 1934-638
Generating initial solution estimate ...
Doing solution refinement ...
Iter= 1, Solution Error:  0.478
Iter= 2, Solution Error:  0.020
Iter= 3, Solution Error:  0.000
Saving solution ...

2018-11-02 10:38:14,269 [MainThread  ] [INFO ]  gpcal vis=1934-638.9500 refant=4 interval=0.1 nfbin=2 options=xyvary

gpcal: Revision 1.22, 2016/05/01 22:31:05 UTC

Applying bandpass corrections to 1934-638.9500
Number of antennae: 6
Using leakage parameters from input as initial guess
Reading the data ...
Number of solution intervals: 79
Total visibilities read: 1185
Number visibilities accepted: 1185
Using post-Aug94 ATCA flux scale for 1934-638.
Using IQUV =  2.5397,  0.0000,  0.0000,  0.0000 at   9.4556 GHz.
Using post-Aug94 ATCA flux scale for 1934-638.
Using IQUV =  2.6976,  0.0000,  0.0000,  0.0000 at   9.0081 GHz.
Using post-Aug94 ATCA flux scale for 1934-638.
Using IQUV =  2.3884,  0.0000,  0.0000,  0.0000 at   9.9361 GHz.
Iter= 1, Amplit/Phase Solution Error:   0.265
Iter= 1, Polarisation Solution Error:   0.000
Iter= 1, Overall Solution Error:        1.225
Iter= 2, Amplit/Phase Solution Error:   0.002
Iter= 2, Polarisation Solution Error:   0.000
Iter= 2, Overall Solution Error:        0.003
Iter= 3, Amplit/Phase Solution Error:   0.001
Iter= 3, Polarisation Solution Error:   0.000
Iter= 3, Overall Solution Error:        0.001
I flux density:   2.5397
Leakage terms:
 Ant 1:Dx,Dy = ( 0.00208,-0.00791),(-0.00115,-0.00788)
 Ant 2:Dx,Dy = ( 0.00243, 0.00336),(-0.00297, 0.00349)
 Ant 3:Dx,Dy = ( 0.00528,-0.00243),(-0.00766,-0.00240)
 Ant 4:Dx,Dy = ( 0.00456, 0.01680),(-0.00347, 0.01781)
 Ant 5:Dx,Dy = (-0.01741, 0.00608),( 0.01656, 0.00595)
 Ant 6:Dx,Dy = ( 0.00258,-0.01661),(-0.00179,-0.01625)
Solution for freq bin  1
Iter= 1, Amplit/Phase Solution Error:   0.259
Iter= 1, Polarisation Solution Error:   0.001
Iter= 1, Overall Solution Error:        1.198
Iter= 2, Amplit/Phase Solution Error:   0.002
Iter= 2, Polarisation Solution Error:   0.000
Iter= 2, Overall Solution Error:        0.003
Iter= 3, Amplit/Phase Solution Error:   0.001
Iter= 3, Polarisation Solution Error:   0.000
Iter= 3, Overall Solution Error:        0.001
I flux density:   2.6976
Leakage terms:
 Ant 1:Dx,Dy = ( 0.00202,-0.00734),(-0.00145,-0.00753)
 Ant 2:Dx,Dy = ( 0.00258, 0.00372),(-0.00318, 0.00385)
 Ant 3:Dx,Dy = ( 0.00439,-0.00322),(-0.00780,-0.00260)
 Ant 4:Dx,Dy = ( 0.00445, 0.01679),(-0.00375, 0.01807)
 Ant 5:Dx,Dy = (-0.01688, 0.00611),( 0.01659, 0.00538)
 Ant 6:Dx,Dy = ( 0.00225,-0.01666),(-0.00160,-0.01657)
Solution for freq bin  2
Iter= 1, Amplit/Phase Solution Error:   0.272
Iter= 1, Polarisation Solution Error:   0.001
Iter= 1, Overall Solution Error:        1.256
Iter= 2, Amplit/Phase Solution Error:   0.002
Iter= 2, Polarisation Solution Error:   0.000
Iter= 2, Overall Solution Error:        0.003
Iter= 3, Amplit/Phase Solution Error:   0.001
Iter= 3, Polarisation Solution Error:   0.000
Iter= 3, Overall Solution Error:        0.001
I flux density:   2.3884
Leakage terms:
 Ant 1:Dx,Dy = ( 0.00216,-0.00860),(-0.00078,-0.00829)
 Ant 2:Dx,Dy = ( 0.00225, 0.00295),(-0.00275, 0.00308)
 Ant 3:Dx,Dy = ( 0.00632,-0.00152),(-0.00749,-0.00217)
 Ant 4:Dx,Dy = ( 0.00469, 0.01682),(-0.00314, 0.01750)
 Ant 5:Dx,Dy = (-0.01801, 0.00605),( 0.01653, 0.00660)
 Ant 6:Dx,Dy = ( 0.00295,-0.01654),(-0.00202,-0.01588)

2018-11-02 10:38:16,066 [MainThread  ] [INFO ]  gpcopy vis=1934-638.9500 out=2312-319.9500

gpcopy: Revision 1.13, 2015/10/29 01:31:39 UTC

Copying leakage table
Copying gain table
Interpolation tolerance set to (minutes): 720.00
Copying bandpass table

2018-11-02 10:42:50,743 [MainThread  ] [INFO ]  pgflag vis=2312-319.9500 command='<b' stokes=i,q,u,v flagpar=8,5,5,3,6,3 options=nodisp

pgflag: Revision 1.30, 2016/10/05 23:06:50 UTC

Applying bandpass corrections to 2312-319.9500
Applying freq. dependent gain corrections to 2312-319.9500
Applying freq. dependent leakage correction to 2312-319.9500
Applying changes to dataset
Counts of correlations within selected channels:
 channel  Originally  Currently
 Good:      68563040   67955904    Changed to bad:     607136
 Bad:       10897180   11504316    Changed to good:         0
 14.5% of the data is now flagged

2018-11-02 10:46:02,668 [MainThread  ] [INFO ]  pgflag vis=2312-319.9500 command='<b' stokes=i,v,q,u flagpar=8,2,2,3,6,3  options=nodisp

pgflag: Revision 1.30, 2016/10/05 23:06:50 UTC

Applying bandpass corrections to 2312-319.9500
Applying freq. dependent gain corrections to 2312-319.9500
Applying freq. dependent leakage correction to 2312-319.9500
Applying changes to dataset
Counts of correlations within selected channels:
 channel  Originally  Currently
 Good:      67955904   67435808    Changed to bad:     520096
 Bad:       11504316   12024412    Changed to good:         0
 15.1% of the data is now flagged

2018-11-02 10:49:02,228 [MainThread  ] [INFO ]  pgflag vis=2312-319.9500 command='<b' stokes=i,v,u,q flagpar=8,2,2,3,6,3  options=nodisp

pgflag: Revision 1.30, 2016/10/05 23:06:50 UTC

Applying bandpass corrections to 2312-319.9500
Applying freq. dependent gain corrections to 2312-319.9500
Applying freq. dependent leakage correction to 2312-319.9500
Applying changes to dataset
Counts of correlations within selected channels:
 channel  Originally  Currently
 Good:      67435808   66935884    Changed to bad:     499924
 Bad:       12024412   12524336    Changed to good:         0
 15.8% of the data is now flagged

2018-11-02 10:49:07,414 [MainThread  ] [INFO ]  gpcal vis=2312-319.9500 refant=4 interval=0.1 nfbin=2 options=xyvary,qusolve

gpcal: Revision 1.22, 2016/05/01 22:31:05 UTC

Applying bandpass corrections to 2312-319.9500
Number of antennae: 6
Using leakage parameters from input as initial guess
Reading the data ...
Number of solution intervals: 646
Total visibilities read: 9695
Number visibilities accepted: 9685
Iter= 1, Amplit/Phase Solution Error:   0.968
Iter= 1, Polarisation Solution Error:   0.010
Iter= 1, Overall Solution Error:        2.381
Iter= 2, Amplit/Phase Solution Error:   0.014
Iter= 2, Polarisation Solution Error:   0.000
Iter= 2, Overall Solution Error:        0.009
Iter= 3, Amplit/Phase Solution Error:   0.001
Iter= 3, Polarisation Solution Error:   0.000
Iter= 3, Overall Solution Error:        0.001
I flux density:   0.5248
Percent Q:  -1.006
Percent U:  -0.870
Leakage terms:
 Ant 1:Dx,Dy = ( 0.00175,-0.00871),(-0.00065,-0.00727)
 Ant 2:Dx,Dy = ( 0.00270, 0.00288),(-0.00329, 0.00405)
 Ant 3:Dx,Dy = ( 0.00576,-0.00289),(-0.00794,-0.00203)
 Ant 4:Dx,Dy = ( 0.00338, 0.01642),(-0.00204, 0.01822)
 Ant 5:Dx,Dy = (-0.01688, 0.00548),( 0.01616, 0.00677)
 Ant 6:Dx,Dy = ( 0.00322,-0.01748),(-0.00231,-0.01544)
Solution for freq bin  1
Iter= 1, Amplit/Phase Solution Error:   0.897
Iter= 1, Polarisation Solution Error:   0.010
Iter= 1, Overall Solution Error:        2.351
Iter= 2, Amplit/Phase Solution Error:   0.013
Iter= 2, Polarisation Solution Error:   0.000
Iter= 2, Overall Solution Error:        0.009
Iter= 3, Amplit/Phase Solution Error:   0.001
Iter= 3, Polarisation Solution Error:   0.000
Iter= 3, Overall Solution Error:        0.001
I flux density:   0.5285
Percent Q:  -1.023
Percent U:  -0.841
Leakage terms:
 Ant 1:Dx,Dy = ( 0.00171,-0.00794),(-0.00079,-0.00651)
 Ant 2:Dx,Dy = ( 0.00295, 0.00330),(-0.00347, 0.00449)
 Ant 3:Dx,Dy = ( 0.00495,-0.00382),(-0.00780,-0.00219)
 Ant 4:Dx,Dy = ( 0.00346, 0.01664),(-0.00216, 0.01796)
 Ant 5:Dx,Dy = (-0.01597, 0.00520),( 0.01610, 0.00614)
 Ant 6:Dx,Dy = ( 0.00309,-0.01758),(-0.00169,-0.01570)
Solution for freq bin  2
Iter= 1, Amplit/Phase Solution Error:   1.052
Iter= 1, Polarisation Solution Error:   0.010
Iter= 1, Overall Solution Error:        2.384
Iter= 2, Amplit/Phase Solution Error:   0.014
Iter= 2, Polarisation Solution Error:   0.000
Iter= 2, Overall Solution Error:        0.009
Iter= 3, Amplit/Phase Solution Error:   0.001
Iter= 3, Polarisation Solution Error:   0.000
Iter= 3, Overall Solution Error:        0.001
I flux density:   0.5221
Percent Q:  -0.986
Percent U:  -0.899
Leakage terms:
 Ant 1:Dx,Dy = ( 0.00172,-0.00943),(-0.00058,-0.00801)
 Ant 2:Dx,Dy = ( 0.00243, 0.00250),(-0.00317, 0.00363)
 Ant 3:Dx,Dy = ( 0.00650,-0.00202),(-0.00808,-0.00187)
 Ant 4:Dx,Dy = ( 0.00329, 0.01621),(-0.00194, 0.01846)
 Ant 5:Dx,Dy = (-0.01778, 0.00572),( 0.01617, 0.00738)
 Ant 6:Dx,Dy = ( 0.00331,-0.01737),(-0.00292,-0.01521)

2018-11-02 10:52:13,517 [MainThread  ] [INFO ]  pgflag vis=2312-319.9500 command='<b' stokes=i,q,u,v flagpar=8,5,5,3,6,3 options=nodisp

pgflag: Revision 1.30, 2016/10/05 23:06:50 UTC

Applying bandpass corrections to 2312-319.9500
Applying freq. dependent gain corrections to 2312-319.9500
Applying freq. dependent leakage correction to 2312-319.9500
Applying changes to dataset
Counts of correlations within selected channels:
 channel  Originally  Currently
 Good:      66935884   66536552    Changed to bad:     399332
 Bad:       12524336   12923668    Changed to good:         0
 16.3% of the data is now flagged

2018-11-02 10:55:13,252 [MainThread  ] [INFO ]  pgflag vis=2312-319.9500 command='<b' stokes=i,v,q,u flagpar=8,2,2,3,6,3  options=nodisp

pgflag: Revision 1.30, 2016/10/05 23:06:50 UTC

Applying bandpass corrections to 2312-319.9500
Applying freq. dependent gain corrections to 2312-319.9500
Applying freq. dependent leakage correction to 2312-319.9500
Applying changes to dataset
Counts of correlations within selected channels:
 channel  Originally  Currently
 Good:      66536552   66155048    Changed to bad:     381504
 Bad:       12923668   13305172    Changed to good:         0
 16.7% of the data is now flagged

2018-11-02 10:58:13,981 [MainThread  ] [INFO ]  pgflag vis=2312-319.9500 command='<b' stokes=i,v,u,q flagpar=8,2,2,3,6,3  options=nodisp

pgflag: Revision 1.30, 2016/10/05 23:06:50 UTC

Applying bandpass corrections to 2312-319.9500
Applying freq. dependent gain corrections to 2312-319.9500
Applying freq. dependent leakage correction to 2312-319.9500
Applying changes to dataset
Counts of correlations within selected channels:
 channel  Originally  Currently
 Good:      66155048   65821508    Changed to bad:     333540
 Bad:       13305172   13638712    Changed to good:         0
 17.2% of the data is now flagged

2018-11-02 10:58:24,519 [MainThread  ] [INFO ]  gpcal vis=2312-319.9500 refant=4 interval=0.1 nfbin=2 options=xyvary,qusolve

gpcal: Revision 1.22, 2016/05/01 22:31:05 UTC

Applying bandpass corrections to 2312-319.9500
Number of antennae: 6
Using leakage parameters from input as initial guess
Reading the data ...
Number of solution intervals: 646
Total visibilities read: 9695
Number visibilities accepted: 9685
Iter= 1, Amplit/Phase Solution Error:   0.979
Iter= 1, Polarisation Solution Error:   0.010
Iter= 1, Overall Solution Error:        2.381
Iter= 2, Amplit/Phase Solution Error:   0.013
Iter= 2, Polarisation Solution Error:   0.000
Iter= 2, Overall Solution Error:        0.009
Iter= 3, Amplit/Phase Solution Error:   0.001
Iter= 3, Polarisation Solution Error:   0.000
Iter= 3, Overall Solution Error:        0.001
I flux density:   0.5284
Percent Q:  -1.001
Percent U:  -0.865
Leakage terms:
 Ant 1:Dx,Dy = ( 0.00171,-0.00873),(-0.00066,-0.00728)
 Ant 2:Dx,Dy = ( 0.00268, 0.00288),(-0.00332, 0.00405)
 Ant 3:Dx,Dy = ( 0.00574,-0.00288),(-0.00796,-0.00203)
 Ant 4:Dx,Dy = ( 0.00335, 0.01643),(-0.00206, 0.01819)
 Ant 5:Dx,Dy = (-0.01692, 0.00552),( 0.01612, 0.00679)
 Ant 6:Dx,Dy = ( 0.00321,-0.01748),(-0.00235,-0.01545)
Solution for freq bin  1
Iter= 1, Amplit/Phase Solution Error:   0.912
Iter= 1, Polarisation Solution Error:   0.010
Iter= 1, Overall Solution Error:        2.350
Iter= 2, Amplit/Phase Solution Error:   0.013
Iter= 2, Polarisation Solution Error:   0.000
Iter= 2, Overall Solution Error:        0.009
Iter= 3, Amplit/Phase Solution Error:   0.001
Iter= 3, Polarisation Solution Error:   0.000
Iter= 3, Overall Solution Error:        0.001
I flux density:   0.5321
Percent Q:  -1.016
Percent U:  -0.834
Leakage terms:
 Ant 1:Dx,Dy = ( 0.00167,-0.00796),(-0.00080,-0.00652)
 Ant 2:Dx,Dy = ( 0.00292, 0.00331),(-0.00350, 0.00451)
 Ant 3:Dx,Dy = ( 0.00491,-0.00382),(-0.00784,-0.00220)
 Ant 4:Dx,Dy = ( 0.00344, 0.01666),(-0.00219, 0.01792)
 Ant 5:Dx,Dy = (-0.01602, 0.00527),( 0.01604, 0.00619)
 Ant 6:Dx,Dy = ( 0.00306,-0.01759),(-0.00173,-0.01575)
Solution for freq bin  2
Iter= 1, Amplit/Phase Solution Error:   1.053
Iter= 1, Polarisation Solution Error:   0.010
Iter= 1, Overall Solution Error:        2.384
Iter= 2, Amplit/Phase Solution Error:   0.013
Iter= 2, Polarisation Solution Error:   0.000
Iter= 2, Overall Solution Error:        0.009
Iter= 3, Amplit/Phase Solution Error:   0.001
Iter= 3, Polarisation Solution Error:   0.000
Iter= 3, Overall Solution Error:        0.001
I flux density:   0.5257
Percent Q:  -0.982
Percent U:  -0.895
Leakage terms:
 Ant 1:Dx,Dy = ( 0.00168,-0.00943),(-0.00061,-0.00801)
 Ant 2:Dx,Dy = ( 0.00242, 0.00249),(-0.00320, 0.00362)
 Ant 3:Dx,Dy = ( 0.00649,-0.00203),(-0.00809,-0.00186)
 Ant 4:Dx,Dy = ( 0.00326, 0.01622),(-0.00196, 0.01845)
 Ant 5:Dx,Dy = (-0.01780, 0.00573),( 0.01615, 0.00738)
 Ant 6:Dx,Dy = ( 0.00331,-0.01737),(-0.00294,-0.01520)

2018-11-02 10:58:24,579 [MainThread  ] [INFO ]  gpboot vis=2312-319.9500 cal=1934-638.9500

gpboot: Revision 1.9, 2015/10/29 01:31:30 UTC

Secondary flux density scaled by:   0.987
Frequency bin  1 scaled by      :   0.989
Frequency bin  2 scaled by      :   0.989

2018-11-02 11:00:03,901 [MainThread  ] [INFO ]  gpcopy vis=2312-319.9500 out=c.9500

gpcopy: Revision 1.13, 2015/10/29 01:31:39 UTC

Copying leakage table
Copying gain table
Interpolation tolerance set to (minutes): 720.00
Copying bandpass table

2018-11-02 11:21:46,501 [MainThread  ] [INFO ]  pgflag vis=c.9500 command='<b' stokes=i,v,q,u flagpar=8,2,2,3,6,3  options=nodisp

pgflag: Revision 1.30, 2016/10/05 23:06:50 UTC

Applying bandpass corrections to c.9500
Applying freq. dependent gain corrections to c.9500
Applying freq. dependent leakage correction to c.9500
Applying changes to dataset
Counts of correlations within selected channels:
 channel  Originally  Currently
 Good:     433266080  419756148    Changed to bad:   13509932
 Bad:       68861860   82371792    Changed to good:         0
 16.4% of the data is now flagged

2018-11-02 11:42:53,784 [MainThread  ] [INFO ]  pgflag vis=c.9500 command='<b' stokes=i,v,u,q flagpar=8,2,2,3,6,3  options=nodisp

pgflag: Revision 1.30, 2016/10/05 23:06:50 UTC

Applying bandpass corrections to c.9500
Applying freq. dependent gain corrections to c.9500
Applying freq. dependent leakage correction to c.9500
Applying changes to dataset
Counts of correlations within selected channels:
 channel  Originally  Currently
 Good:     419756148  409942236    Changed to bad:    9813912
 Bad:       82371792   92185704    Changed to good:         0
 18.4% of the data is now flagged

2018-11-02 11:45:14,675 [MainThread  ] [INFO ]  uvsplit vis=c.9500

uvsplit: Revision 1.18, 2016/05/09 03:06:18 UTC

Creating c_121.9500
Creating c_122.9500
Creating c_123.9500
Creating c_124.9500
Creating c_125.9500
Creating c_126.9500
Creating c_127.9500
Creating c_128.9500
Creating c_129.9500
Creating c_130.9500
Creating c_131.9500
Creating c_132.9500
Creating c_133.9500
Creating c_134.9500
Creating c_135.9500
Creating c_136.9500
Creating c_137.9500
Creating c_138.9500
Creating c_139.9500
Creating c_140.9500
Creating c_141.9500
Creating c_142.9500
Creating c_143.9500
Creating c_144.9500
Creating c_145.9500
Creating c_146.9500
Creating c_147.9500
Creating c_148.9500
Creating c_149.9500
Creating c_150.9500
Creating c_151.9500
Creating c_152.9500
Creating c_153.9500
Creating c_154.9500
Creating c_155.9500
Creating c_156.9500
Creating c_157.9500
Creating c_158.9500
Creating c_159.9500
Creating c_160.9500
Creating c_161.9500
Creating c_162.9500
Creating c_163.9500
Creating c_164.9500
Creating c_165.9500
Creating c_166.9500
Creating c_167.9500
Creating c_168.9500
Creating c_169.9500
Creating c_170.9500
Creating c_171.9500
Creating c_172.9500
Creating c_173.9500
Creating c_174.9500
Creating c_175.9500
Creating c_176.9500
Creating c_177.9500
Creating c_178.9500
Creating c_179.9500
Creating c_180.9500
Creating c_1.9500
Creating c_2.9500
Creating c_3.9500
Creating c_4.9500
Creating c_5.9500
Creating c_6.9500
Creating c_7.9500
Creating c_8.9500
Creating c_9.9500
Creating c_10.9500
Creating c_11.9500
Creating c_12.9500
Creating c_13.9500
Creating c_14.9500
Creating c_15.9500
Creating c_16.9500
Creating c_17.9500
Creating c_18.9500
Creating c_19.9500
Creating c_20.9500
Creating c_21.9500
Creating c_22.9500
Creating c_23.9500
Creating c_24.9500
Creating c_25.9500
Creating c_26.9500
Creating c_27.9500
Creating c_28.9500
Creating c_29.9500
Creating c_30.9500
Creating c_31.9500
Creating c_32.9500
Creating c_33.9500
Creating c_34.9500
Creating c_35.9500
Creating c_36.9500
Creating c_37.9500
Creating c_38.9500
Creating c_39.9500
Creating c_40.9500
Creating c_41.9500
Creating c_42.9500
Creating c_43.9500
Creating c_44.9500
Creating c_45.9500
Creating c_46.9500
Creating c_47.9500
Creating c_48.9500
Creating c_49.9500
Creating c_50.9500
Creating c_51.9500
Creating c_52.9500
Creating c_53.9500
Creating c_54.9500
Creating c_55.9500
Creating c_56.9500
Creating c_57.9500
Creating c_58.9500
Creating c_59.9500
Creating c_60.9500
Creating c_61.9500
Creating c_62.9500
Creating c_63.9500
Creating c_64.9500
Creating c_65.9500
Creating c_66.9500
Creating c_67.9500
Creating c_68.9500
Creating c_69.9500
Creating c_70.9500
Creating c_71.9500
Creating c_72.9500
Creating c_73.9500
Creating c_74.9500
Creating c_75.9500
Creating c_76.9500
Creating c_77.9500
Creating c_78.9500
Creating c_79.9500
Creating c_80.9500
Creating c_81.9500
Creating c_82.9500
Creating c_83.9500
Creating c_84.9500
Creating c_85.9500
Creating c_86.9500
Creating c_87.9500
Creating c_88.9500
Creating c_89.9500
Creating c_90.9500
Creating c_91.9500
Creating c_92.9500
Creating c_93.9500
Creating c_94.9500
Creating c_95.9500
Creating c_96.9500
Creating c_97.9500
Creating c_98.9500
Creating c_99.9500
Creating c_100.9500
Creating c_101.9500
Creating c_102.9500
Creating c_103.9500
Creating c_104.9500
Creating c_105.9500
Creating c_106.9500
Creating c_107.9500
Creating c_108.9500
Creating c_109.9500
Creating c_110.9500
Creating c_111.9500
Creating c_112.9500
Creating c_113.9500
Creating c_114.9500
Creating c_115.9500
Creating c_116.9500
Creating c_117.9500
Creating c_118.9500
Creating c_119.9500
Creating c_120.9500

