2018-08-06 14:28:29,236 [MainThread  ] [INFO ]  atlod in=raw/2016-12-31_0000.C3132,raw/2016-12-31_0248.C3132,raw/2016-12-31_0535.C3132,raw/2016-12-31_0822.C3132,raw/2016-12-31_1109.C3132 out=data9.uv ifsel=2 options=birdie,rfiflag,noauto,xycorr

atlod: Revision 1.53, 2016/08/25 23:02:21 UTC

Processing file raw/2016-12-31_0000.C3132
 00:00:36 CAOBS> cain cycle 8
 00:00:41 CAOBS> set file c3132_cal
 00:00:45 CAOBS> track 1
CABB data detected
Scan 1 started at 16DEC31:00:01:00.0
Source: 1934-638
Flagging channels in  28 frequency ranges
 00:01:15 CAOBS> cor delavg 2
 00:02:24 CAOBS> cor dcal
 00:03:13 CAOBS> cor pcal
 00:04:16 CAOBS> cor acal
 00:07:02 CAOBS> stop
 00:07:04 CAOBS> track 1
Scan 2 started at 16DEC31:00:07:24.0
 00:12:06 CAOBS> stop
 00:12:13 CAOBS> set file c3132_obs_d4
 00:12:20 CAOBS> start 11/100
Scan 3 started at 16DEC31:00:14:04.0
Source: 2245-328
Scan 4 started at 16DEC31:00:16:44.0
Source: d_641
Source: d_642
Source: d_643
Source: d_644
Source: d_645
Source: d_646
Source: d_647
Source: d_648
Source: d_649
Source: d_650
Source: d_651
Source: d_652
Source: d_653
Source: d_654
Source: d_655
Source: d_656
Source: d_657
Source: d_658
Source: d_659
Source: d_660
Scan 5 started at 16DEC31:00:30:12.0
Source: 2245-328
Scan 6 started at 16DEC31:00:33:00.0
Source: d_661
Source: d_662
Source: d_663
Source: d_664
Source: d_665
Source: d_666
Source: d_667
Source: d_668
Source: d_669
Source: d_670
Source: d_671
Source: d_672
Source: d_673
Source: d_674
Source: d_675
Source: d_676
Source: d_677
Source: d_678
Source: d_679
Source: d_680
Scan 7 started at 16DEC31:00:46:20.0
Source: 2245-328
Scan 8 started at 16DEC31:00:49:00.0
Source: d_681
Source: d_682
Source: d_683
Source: d_684
Source: d_685
Source: d_686
Source: d_687
Source: d_688
Source: d_689
Source: d_690
Source: d_691
Source: d_692
Source: d_693
Source: d_694
Source: d_695
Source: d_696
Source: d_697
Source: d_698
Source: d_699
Source: d_700
Scan 9 started at 16DEC31:01:02:28.0
Source: 2245-328
Scan 10 started at 16DEC31:01:05:08.0
Source: d_701
Source: d_702
Source: d_703
Source: d_704
Source: d_705
Source: d_706
Source: d_707
Source: d_708
Source: d_709
Source: d_710
Source: d_711
Source: d_712
Source: d_713
Source: d_714
Source: d_715
Source: d_716
Source: d_717
Source: d_718
Source: d_719
Source: d_720
Scan 11 started at 16DEC31:01:18:36.0
Source: 2245-328
Scan 12 started at 16DEC31:01:21:16.0
Source: d_541
Source: d_542
Source: d_543
Source: d_544
Source: d_545
Source: d_546
Source: d_547
Source: d_548
Source: d_549
Source: d_550
Source: d_551
Source: d_552
Source: d_553
Source: d_554
Source: d_555
Source: d_556
Source: d_557
Source: d_558
Source: d_559
Source: d_560
Scan 13 started at 16DEC31:01:34:44.0
Source: 2245-328
Scan 14 started at 16DEC31:01:37:24.0
Source: d_561
Source: d_562
Source: d_563
Source: d_564
Source: d_565
Source: d_566
Source: d_567
Source: d_568
Source: d_569
Source: d_570
Source: d_571
Source: d_572
Source: d_573
Source: d_574
Source: d_575
Source: d_576
Source: d_577
Source: d_578
Source: d_579
Source: d_580
Scan 15 started at 16DEC31:01:50:52.0
Source: 2245-328
Scan 16 started at 16DEC31:01:53:32.0
Source: d_581
Source: d_582
Source: d_583
Source: d_584
Source: d_585
Source: d_586
Source: d_587
Source: d_588
Source: d_589
Source: d_590
Source: d_591
Source: d_592
Source: d_593
Source: d_594
Source: d_595
Source: d_596
Source: d_597
Source: d_598
Source: d_599
Source: d_600
Scan 17 started at 16DEC31:02:07:00.0
Source: 2245-328
Scan 18 started at 16DEC31:02:09:40.0
Source: d_601
Source: d_602
Source: d_603
Source: d_604
Source: d_605
Source: d_606
Source: d_607
Source: d_608
Source: d_609
Source: d_610
Source: d_611
Source: d_612
Source: d_613
Source: d_614
Source: d_615
Source: d_616
Source: d_617
Source: d_618
Source: d_619
Source: d_620
Scan 19 started at 16DEC31:02:23:08.0
Source: 2245-328
Scan 20 started at 16DEC31:02:25:48.0
Source: d_621
Source: d_622
Source: d_623
Source: d_624
Source: d_625
Source: d_626
Source: d_627
Source: d_628
Source: d_629
Source: d_630
Source: d_631
Source: d_632
Source: d_633
Source: d_634
Source: d_635
Source: d_636
Source: d_637
Source: d_638
Source: d_639
Source: d_640
Scan 21 started at 16DEC31:02:39:16.0
Source: 2245-328
Scan 22 started at 16DEC31:02:41:56.0
Source: d_641
Source: d_642
Source: d_643
Source: d_644
Source: d_645
Source: d_646
Source: d_647
Source: d_648
Source: d_649
Source: d_650
RPFITS file version is 2.12
---------------------------------------
Total number of spectra selected: 72660

Summary of spectra flagged
Flagging Reason            Fraction
---------------            --------
Antenna off-source/off-line  3.47%
---------------------------------------
Processing file raw/2016-12-31_0248.C3132
CABB data detected
Scan 1 started at 16DEC31:02:48:29.5
Source: d_651
Source: d_652
Source: d_653
Source: d_654
Source: d_655
Source: d_656
Source: d_657
Source: d_658
Source: d_659
Source: d_660
Scan 2 started at 16DEC31:02:55:24.0
Source: 2245-328
Scan 3 started at 16DEC31:02:58:04.0
Source: d_661
Source: d_662
Source: d_663
Source: d_664
Source: d_665
Source: d_666
Source: d_667
Source: d_668
Source: d_669
Source: d_670
Source: d_671
Source: d_672
Source: d_673
Source: d_674
Source: d_675
Source: d_676
Source: d_677
Source: d_678
Source: d_679
Source: d_680
Scan 4 started at 16DEC31:03:11:32.0
Source: 2245-328
Scan 5 started at 16DEC31:03:14:12.0
Source: d_681
Source: d_682
Source: d_683
Source: d_684
Source: d_685
Source: d_686
Source: d_687
Source: d_688
Source: d_689
Source: d_690
Source: d_691
Source: d_692
Source: d_693
Source: d_694
Source: d_695
Source: d_696
Source: d_697
Source: d_698
Source: d_699
Source: d_700
Scan 6 started at 16DEC31:03:27:40.0
Source: 2245-328
Scan 7 started at 16DEC31:03:30:36.0
Source: d_701
Source: d_702
Source: d_703
Source: d_704
Source: d_705
Source: d_706
Source: d_707
Source: d_708
Source: d_709
Source: d_710
Source: d_711
Source: d_712
Source: d_713
Source: d_714
Source: d_715
Source: d_716
Source: d_717
Source: d_718
Source: d_719
Source: d_720
Scan 8 started at 16DEC31:03:44:04.0
Source: 2245-328
Scan 9 started at 16DEC31:03:46:52.0
Source: d_541
Source: d_542
Source: d_543
Source: d_544
Source: d_545
Source: d_546
Source: d_547
Source: d_548
Source: d_549
Source: d_550
Source: d_551
Source: d_552
Source: d_553
Source: d_554
Source: d_555
Source: d_556
Source: d_557
Source: d_558
Source: d_559
Source: d_560
Scan 10 started at 16DEC31:04:00:28.0
Source: 2245-328
Scan 11 started at 16DEC31:04:03:16.0
Source: d_561
Source: d_562
Source: d_563
Source: d_564
Source: d_565
Source: d_566
Source: d_567
Source: d_568
Source: d_569
Source: d_570
Source: d_571
Source: d_572
Source: d_573
Source: d_574
Source: d_575
Source: d_576
Source: d_577
Source: d_578
Source: d_579
Source: d_580
Scan 12 started at 16DEC31:04:16:44.0
Source: 2245-328
Scan 13 started at 16DEC31:04:19:40.0
Source: d_581
Source: d_582
Source: d_583
Source: d_584
Source: d_585
Source: d_586
Source: d_587
Source: d_588
Source: d_589
Source: d_590
Source: d_591
Source: d_592
Source: d_593
Source: d_594
Source: d_595
Source: d_596
Source: d_597
Source: d_598
Source: d_599
Source: d_600
Scan 14 started at 16DEC31:04:33:00.0
Source: 2245-328
Scan 15 started at 16DEC31:04:35:56.0
Source: d_601
Source: d_602
Source: d_603
Source: d_604
Source: d_605
Source: d_606
Source: d_607
Source: d_608
Source: d_609
Source: d_610
Source: d_611
Source: d_612
Source: d_613
Source: d_614
Source: d_615
Source: d_616
Source: d_617
Source: d_618
Source: d_619
Source: d_620
Scan 16 started at 16DEC31:04:49:24.0
Source: 2245-328
Scan 17 started at 16DEC31:04:52:12.0
Source: d_621
Source: d_622
Source: d_623
Source: d_624
Source: d_625
Source: d_626
Source: d_627
Source: d_628
Source: d_629
Source: d_630
Source: d_631
Source: d_632
Source: d_633
Source: d_634
Source: d_635
Source: d_636
Source: d_637
Source: d_638
Source: d_639
Source: d_640
Scan 18 started at 16DEC31:05:05:48.0
Source: 2245-328
Scan 19 started at 16DEC31:05:08:44.0
Source: d_641
Source: d_642
Source: d_643
Source: d_644
Source: d_645
Source: d_646
Source: d_647
Source: d_648
Source: d_649
Source: d_650
Source: d_651
Source: d_652
Source: d_653
Source: d_654
Source: d_655
Source: d_656
Source: d_657
Source: d_658
Source: d_659
Source: d_660
Scan 20 started at 16DEC31:05:22:04.0
Source: 2245-328
Scan 21 started at 16DEC31:05:25:16.0
Source: d_661
Source: d_662
Source: d_663
Source: d_664
Source: d_665
Source: d_666
Source: d_667
Source: d_668
Source: d_669
Source: d_670
Source: d_671
Source: d_672
Source: d_673
Source: d_674
Source: d_675
Source: d_676
RPFITS file version is 2.12
---------------------------------------
Total number of spectra selected: 72660

Summary of spectra flagged
Flagging Reason            Fraction
---------------            --------
Antenna off-source/off-line  3.96%
---------------------------------------
Processing file raw/2016-12-31_0535.C3132
CABB data detected
Scan 1 started at 16DEC31:05:35:16.0
Source: d_676
Source: d_677
Source: d_678
Source: d_679
Source: d_680
Scan 2 started at 16DEC31:05:38:28.0
Source: 2245-328
Scan 3 started at 16DEC31:05:41:40.0
Source: d_681
Source: d_682
Source: d_683
Source: d_684
Source: d_685
Source: d_686
Source: d_687
Source: d_688
Source: d_689
Source: d_690
Source: d_691
Source: d_692
Source: d_693
Source: d_694
Source: d_695
Source: d_696
Source: d_697
Source: d_698
Source: d_699
Source: d_700
Scan 4 started at 16DEC31:05:55:00.0
Source: 2245-328
Scan 5 started at 16DEC31:05:58:20.0
Source: d_701
Source: d_702
Source: d_703
Source: d_704
Source: d_705
Source: d_706
Source: d_707
Source: d_708
Source: d_709
Source: d_710
Source: d_711
Source: d_712
Source: d_713
Source: d_714
Source: d_715
Source: d_716
Source: d_717
Source: d_718
Source: d_719
Source: d_720
Scan 6 started at 16DEC31:06:12:36.0
Source: 2245-328
Scan 7 started at 16DEC31:06:16:04.0
Source: d_541
Source: d_542
Source: d_543
Source: d_544
Source: d_545
Source: d_546
Source: d_547
Source: d_548
Source: d_549
Source: d_550
Source: d_551
Source: d_552
Source: d_553
Source: d_554
Source: d_555
Source: d_556
Source: d_557
Source: d_558
Source: d_559
Source: d_560
Scan 8 started at 16DEC31:06:30:04.0
Source: 2245-328
Scan 9 started at 16DEC31:06:33:32.0
Source: d_561
Source: d_562
Source: d_563
Source: d_564
Source: d_565
Source: d_566
Source: d_567
Source: d_568
Source: d_569
Source: d_570
Source: d_571
Source: d_572
Source: d_573
Source: d_574
Source: d_575
Source: d_576
Source: d_577
Source: d_578
Source: d_579
Source: d_580
Scan 10 started at 16DEC31:06:47:00.0
Source: 2245-328
Scan 11 started at 16DEC31:06:50:12.0
Source: d_581
Source: d_582
Source: d_583
Source: d_584
Source: d_585
Source: d_586
Source: d_587
Source: d_588
Source: d_589
Source: d_590
Source: d_591
Source: d_592
Source: d_593
Source: d_594
Source: d_595
Source: d_596
Source: d_597
Source: d_598
Source: d_599
Source: d_600
Scan 12 started at 16DEC31:07:03:32.0
Source: 2245-328
Scan 13 started at 16DEC31:07:06:44.0
Source: d_601
Source: d_602
Source: d_603
Source: d_604
Source: d_605
Source: d_606
Source: d_607
Source: d_608
Source: d_609
Source: d_610
Source: d_611
Source: d_612
Source: d_613
Source: d_614
Source: d_615
Source: d_616
Source: d_617
Source: d_618
Source: d_619
Source: d_620
Scan 14 started at 16DEC31:07:20:04.0
Source: 2245-328
Scan 15 started at 16DEC31:07:22:52.0
Source: d_621
Source: d_622
Source: d_623
Source: d_624
Source: d_625
Source: d_626
Source: d_627
Source: d_628
Source: d_629
Source: d_630
Source: d_631
Source: d_632
Source: d_633
Source: d_634
Source: d_635
Source: d_636
Source: d_637
Source: d_638
Source: d_639
Source: d_640
Scan 16 started at 16DEC31:07:36:28.0
Source: 2245-328
Scan 17 started at 16DEC31:07:39:16.0
Source: d_641
Source: d_642
Source: d_643
Source: d_644
Source: d_645
Source: d_646
Source: d_647
Source: d_648
Source: d_649
Source: d_650
Source: d_651
Source: d_652
Source: d_653
Source: d_654
Source: d_655
Source: d_656
Source: d_657
Source: d_658
Source: d_659
Source: d_660
Scan 18 started at 16DEC31:07:52:44.0
Source: 2245-328
Scan 19 started at 16DEC31:07:55:40.0
Source: d_661
Source: d_662
Source: d_663
Source: d_664
Source: d_665
Source: d_666
Source: d_667
Source: d_668
Source: d_669
Source: d_670
Source: d_671
Source: d_672
Source: d_673
Source: d_674
Source: d_675
Source: d_676
Source: d_677
Source: d_678
Source: d_679
Source: d_680
Scan 20 started at 16DEC31:08:09:00.0
Source: 2245-328
Scan 21 started at 16DEC31:08:11:56.0
Source: d_681
Source: d_682
Source: d_683
Source: d_684
Source: d_685
Source: d_686
Source: d_687
Source: d_688
Source: d_689
Source: d_690
Source: d_691
Source: d_692
Source: d_693
Source: d_694
Source: d_695
Source: d_696
RPFITS file version is 2.12
---------------------------------------
Total number of spectra selected: 72660

Summary of spectra flagged
Flagging Reason            Fraction
---------------            --------
Antenna off-source/off-line  7.27%
---------------------------------------
Processing file raw/2016-12-31_0822.C3132
CABB data detected
Scan 1 started at 16DEC31:08:22:04.0
Source: d_696
Source: d_697
Source: d_698
Source: d_699
Source: d_700
Scan 2 started at 16DEC31:08:25:24.0
Source: 2245-328
Scan 3 started at 16DEC31:08:28:12.0
Source: d_701
Source: d_702
Source: d_703
Source: d_704
Source: d_705
Source: d_706
Source: d_707
Source: d_708
Source: d_709
Source: d_710
Source: d_711
Source: d_712
Source: d_713
Source: d_714
Source: d_715
Source: d_716
Source: d_717
Source: d_718
Source: d_719
Source: d_720
Scan 4 started at 16DEC31:08:41:40.0
Source: 2245-328
Scan 5 started at 16DEC31:08:44:28.0
Source: d_541
Source: d_542
Source: d_543
Source: d_544
Source: d_545
Source: d_546
Source: d_547
Source: d_548
Source: d_549
Source: d_550
Source: d_551
Source: d_552
Source: d_553
Source: d_554
Source: d_555
Source: d_556
Source: d_557
Source: d_558
Source: d_559
Source: d_560
Scan 6 started at 16DEC31:08:57:56.0
Source: 2245-328
Scan 7 started at 16DEC31:09:00:36.0
Source: d_561
Source: d_562
Source: d_563
Source: d_564
Source: d_565
Source: d_566
Source: d_567
Source: d_568
Source: d_569
Source: d_570
Source: d_571
Source: d_572
Source: d_573
Source: d_574
Source: d_575
Source: d_576
Source: d_577
Source: d_578
Source: d_579
Source: d_580
Scan 8 started at 16DEC31:09:14:04.0
Source: 2245-328
Scan 9 started at 16DEC31:09:16:52.0
Source: d_581
Source: d_582
Source: d_583
Source: d_584
Source: d_585
Source: d_586
Source: d_587
Source: d_588
Source: d_589
Source: d_590
Source: d_591
Source: d_592
Source: d_593
Source: d_594
Source: d_595
Source: d_596
Source: d_597
Source: d_598
Source: d_599
Source: d_600
Scan 10 started at 16DEC31:09:30:20.0
Source: 2245-328
Scan 11 started at 16DEC31:09:33:08.0
Source: d_601
Source: d_602
Source: d_603
Source: d_604
Source: d_605
Source: d_606
Source: d_607
Source: d_608
Source: d_609
Source: d_610
Source: d_611
Source: d_612
Source: d_613
Source: d_614
Source: d_615
Source: d_616
Source: d_617
Source: d_618
Source: d_619
Source: d_620
Scan 12 started at 16DEC31:09:46:28.0
Source: 2245-328
Scan 13 started at 16DEC31:09:49:08.0
Source: d_621
Source: d_622
Source: d_623
Source: d_624
Source: d_625
Source: d_626
Source: d_627
Source: d_628
Source: d_629
Source: d_630
Source: d_631
Source: d_632
Source: d_633
Source: d_634
Source: d_635
Source: d_636
Source: d_637
Source: d_638
Source: d_639
Source: d_640
Scan 14 started at 16DEC31:10:02:36.0
Source: 2245-328
Scan 15 started at 16DEC31:10:05:16.0
Source: d_641
Source: d_642
Source: d_643
Source: d_644
Source: d_645
Source: d_646
Source: d_647
Source: d_648
Source: d_649
Source: d_650
Source: d_651
Source: d_652
Source: d_653
Source: d_654
Source: d_655
Source: d_656
Source: d_657
Source: d_658
Source: d_659
Source: d_660
Scan 16 started at 16DEC31:10:18:44.0
Source: 2245-328
Scan 17 started at 16DEC31:10:21:24.0
Source: d_661
Source: d_662
Source: d_663
Source: d_664
Source: d_665
Source: d_666
Source: d_667
Source: d_668
Source: d_669
Source: d_670
Source: d_671
Source: d_672
Source: d_673
Source: d_674
Source: d_675
Source: d_676
Source: d_677
Source: d_678
Source: d_679
Source: d_680
Scan 18 started at 16DEC31:10:34:52.0
Source: 2245-328
Scan 19 started at 16DEC31:10:37:32.0
Source: d_681
Source: d_682
Source: d_683
Source: d_684
Source: d_685
Source: d_686
Source: d_687
Source: d_688
Source: d_689
Source: d_690
Source: d_691
Source: d_692
Source: d_693
Source: d_694
Source: d_695
Source: d_696
Source: d_697
Source: d_698
Source: d_699
Source: d_700
Scan 20 started at 16DEC31:10:51:08.0
Source: 2245-328
Scan 21 started at 16DEC31:10:54:04.0
Source: d_701
Source: d_702
Source: d_703
Source: d_704
Source: d_705
Source: d_706
Source: d_707
Source: d_708
Source: d_709
Source: d_710
Source: d_711
Source: d_712
Source: d_713
Source: d_714
Source: d_715
Source: d_716
Source: d_717
Source: d_718
Source: d_719
Source: d_720
Scan 22 started at 16DEC31:11:07:32.0
Source: 2245-328
RPFITS file version is 2.12
---------------------------------------
Total number of spectra selected: 72660

Summary of spectra flagged
Flagging Reason            Fraction
---------------            --------
Antenna off-source/off-line  3.21%
---------------------------------------
Processing file raw/2016-12-31_1109.C3132
CABB data detected
Scan 1 started at 16DEC31:11:09:08.0
Source: 2245-328
Scan 2 started at 16DEC31:11:10:20.0
Source: d_541
Source: d_542
Source: d_543
Source: d_544
Source: d_545
Source: d_546
Source: d_547
Source: d_548
Source: d_549
Source: d_550
Source: d_551
Source: d_552
Source: d_553
Source: d_554
Source: d_555
Source: d_556
Source: d_557
Source: d_558
Source: d_559
Source: d_560
Scan 3 started at 16DEC31:11:23:48.0
Source: 2245-328
Scan 4 started at 16DEC31:11:27:00.0
Source: d_561
Source: d_562
Source: d_563
Source: d_564
Source: d_565
Source: d_566
Source: d_567
Source: d_568
Source: d_569
Source: d_570
Source: d_571
Source: d_572
Source: d_573
Source: d_574
Source: d_575
Source: d_576
Source: d_577
Source: d_578
Source: d_579
Source: d_580
Scan 5 started at 16DEC31:11:40:28.0
Source: 2245-328
Scan 6 started at 16DEC31:11:43:08.0
Source: d_581
Source: d_582
Source: d_583
Source: d_584
Source: d_585
Source: d_586
Source: d_587
Source: d_588
Source: d_589
Source: d_590
Source: d_591
Source: d_592
Source: d_593
Source: d_594
Source: d_595
Source: d_596
Source: d_597
Source: d_598
Source: d_599
Source: d_600
Scan 7 started at 16DEC31:11:56:36.0
Source: 2245-328
 11:57:57 CAOBS> stop
 11:58:04 CAOBS> track 7
Scan 8 started at 16DEC31:11:58:20.0
RPFITS file version is 2.12
---------------------------------------
Total number of spectra selected: 21600

Summary of spectra flagged
Flagging Reason            Fraction
---------------            --------
Antenna off-source/off-line  3.89%
---------------------------------------

No CACAL data was detected

2018-08-06 14:28:48,503 [MainThread  ] [INFO ]  uvflag vis=data9.uv line=chan,50,850,1 flagval=flag

uvflag: Revision 1.8, 2014/09/30 14:23:39 UTC


Set flags to indicate bad data in visibility file data9.uv
Linetype channel; select   50 channels; start  850, width    1, step    1

Overview of flagging on visibility file data9.uv
Changed flags set to FALSE (data flagged as bad)
Total number of records selected: 298388; out of 298388 records
Antennas used: 1-6
Counts of correlations within selected channels
channel   Originally    Currently
Good:        14919400.           0.    Changed to bad:    14919400.
Bad:                0.    14919400.

2018-08-06 14:29:32,392 [MainThread  ] [INFO ]  uvsplit vis=data9.uv options=mosaic

uvsplit: Revision 1.18, 2016/05/09 03:06:18 UTC

Creating 1934-638.9500
Creating 2245-328.9500
Creating d.9500

2018-08-06 14:29:42,435 [MainThread  ] [INFO ]  pgflag vis=1934-638.9500 command='<b' stokes=i,q,u,v flagpar=8,5,5,3,6,3 options=nodisp

pgflag: Revision 1.30, 2016/10/05 23:06:50 UTC

Applying changes to dataset
Counts of correlations within selected channels:
 channel  Originally  Currently
 Good:       8558400    8473900    Changed to bad:      84500
 Bad:        1276800    1361300    Changed to good:         0
 13.8% of the data is now flagged

2018-08-06 14:29:51,931 [MainThread  ] [INFO ]  pgflag vis=1934-638.9500 command='<b' stokes=i,v,q,u flagpar=8,2,2,3,6,3  options=nodisp

pgflag: Revision 1.30, 2016/10/05 23:06:50 UTC

Applying changes to dataset
Counts of correlations within selected channels:
 channel  Originally  Currently
 Good:       8473900    8388584    Changed to bad:      85316
 Bad:        1361300    1446616    Changed to good:         0
 14.7% of the data is now flagged

2018-08-06 14:30:02,107 [MainThread  ] [INFO ]  pgflag vis=1934-638.9500 command='<b' stokes=i,v,u,q flagpar=8,2,2,3,6,3  options=nodisp

pgflag: Revision 1.30, 2016/10/05 23:06:50 UTC

Applying changes to dataset
Counts of correlations within selected channels:
 channel  Originally  Currently
 Good:       8388584    8281276    Changed to bad:     107308
 Bad:        1446616    1553924    Changed to good:         0
 15.8% of the data is now flagged

2018-08-06 14:30:50,484 [MainThread  ] [INFO ]  mfcal vis=1934-638.9500 refant=4 interval=0.1
MfCal: $Revision: 1.20 $, $Date: 2017/05/08 02:31:10 $
Selecting parallel-hand polarisations
Reading the data ...
Number correlations accepted: 4140638
Number of frequency bands/settings: 1
Number of polarisations selected: 2
Number of solution intervals: 80
Number of passband solution intervals: 1
Initialising ...
Using post-Aug94 ATCA flux scale for 1934-638.
Using known frequency variation of 1934-638
Generating initial solution estimate ...
Doing solution refinement ...
Iter= 1, Solution Error:  0.449
Iter= 2, Solution Error:  0.020
Iter= 3, Solution Error:  0.000
Saving solution ...

2018-08-06 14:30:52,255 [MainThread  ] [INFO ]  gpcal vis=1934-638.9500 refant=4 interval=0.1 nfbin=2 options=xyvary

gpcal: Revision 1.22, 2016/05/01 22:31:05 UTC

Applying bandpass corrections to 1934-638.9500
Number of antennae: 6
Reading the data ...
Number of solution intervals: 80
Total visibilities read: 1200
Number visibilities accepted: 1200
Using post-Aug94 ATCA flux scale for 1934-638.
Using IQUV =  2.5347,  0.0000,  0.0000,  0.0000 at   9.4707 GHz.
Using post-Aug94 ATCA flux scale for 1934-638.
Using IQUV =  2.6945,  0.0000,  0.0000,  0.0000 at   9.0165 GHz.
Using post-Aug94 ATCA flux scale for 1934-638.
Using IQUV =  2.3851,  0.0000,  0.0000,  0.0000 at   9.9473 GHz.
Iter= 1, Amplit/Phase Solution Error:   1.279
Iter= 1, Polarisation Solution Error:   0.032
Iter= 1, Overall Solution Error:        2.111
Iter= 2, Amplit/Phase Solution Error:   0.002
Iter= 2, Polarisation Solution Error:   0.000
Iter= 2, Overall Solution Error:        0.003
Iter= 3, Amplit/Phase Solution Error:   0.001
Iter= 3, Polarisation Solution Error:   0.000
Iter= 3, Overall Solution Error:        0.001
I flux density:   2.5347
Leakage terms:
 Ant 1:Dx,Dy = ( 0.00102, 0.00004),(-0.00073,-0.00154)
 Ant 2:Dx,Dy = ( 0.00343, 0.00136),(-0.00366, 0.00281)
 Ant 3:Dx,Dy = ( 0.00599,-0.00441),(-0.00837,-0.00447)
 Ant 4:Dx,Dy = ( 0.00315, 0.01518),(-0.00137, 0.01550)
 Ant 5:Dx,Dy = (-0.01660, 0.00307),( 0.01699, 0.00306)
 Ant 6:Dx,Dy = ( 0.00419,-0.01677),(-0.00168,-0.01383)
Solution for freq bin  1
Iter= 1, Amplit/Phase Solution Error:   1.243
Iter= 1, Polarisation Solution Error:   0.032
Iter= 1, Overall Solution Error:        2.108
Iter= 2, Amplit/Phase Solution Error:   0.002
Iter= 2, Polarisation Solution Error:   0.000
Iter= 2, Overall Solution Error:        0.003
Iter= 3, Amplit/Phase Solution Error:   0.001
Iter= 3, Polarisation Solution Error:   0.000
Iter= 3, Overall Solution Error:        0.001
I flux density:   2.6945
Leakage terms:
 Ant 1:Dx,Dy = ( 0.00122, 0.00037),(-0.00132,-0.00076)
 Ant 2:Dx,Dy = ( 0.00387, 0.00165),(-0.00408, 0.00382)
 Ant 3:Dx,Dy = ( 0.00537,-0.00506),(-0.00862,-0.00464)
 Ant 4:Dx,Dy = ( 0.00284, 0.01513),(-0.00165, 0.01572)
 Ant 5:Dx,Dy = (-0.01682, 0.00183),( 0.01677, 0.00262)
 Ant 6:Dx,Dy = ( 0.00403,-0.01637),(-0.00059,-0.01431)
Solution for freq bin  2
Iter= 1, Amplit/Phase Solution Error:   1.151
Iter= 1, Polarisation Solution Error:   0.032
Iter= 1, Overall Solution Error:        2.116
Iter= 2, Amplit/Phase Solution Error:   0.002
Iter= 2, Polarisation Solution Error:   0.000
Iter= 2, Overall Solution Error:        0.003
Iter= 3, Amplit/Phase Solution Error:   0.001
Iter= 3, Polarisation Solution Error:   0.000
Iter= 3, Overall Solution Error:        0.001
I flux density:   2.3851
Leakage terms:
 Ant 1:Dx,Dy = ( 0.00081,-0.00036),(-0.00007,-0.00244)
 Ant 2:Dx,Dy = ( 0.00292, 0.00103),(-0.00319, 0.00164)
 Ant 3:Dx,Dy = ( 0.00667,-0.00364),(-0.00806,-0.00422)
 Ant 4:Dx,Dy = ( 0.00349, 0.01525),(-0.00104, 0.01526)
 Ant 5:Dx,Dy = (-0.01635, 0.00448),( 0.01725, 0.00357)
 Ant 6:Dx,Dy = ( 0.00439,-0.01723),(-0.00295,-0.01333)

2018-08-06 14:31:08,369 [MainThread  ] [INFO ]  pgflag vis=1934-638.9500 command='<b' stokes=i,q,u,v flagpar=8,5,5,3,6,3 options=nodisp

pgflag: Revision 1.30, 2016/10/05 23:06:50 UTC

Applying bandpass corrections to 1934-638.9500
Applying freq. dependent gain corrections to 1934-638.9500
Applying freq. dependent leakage correction to 1934-638.9500
Applying changes to dataset
Counts of correlations within selected channels:
 channel  Originally  Currently
 Good:       8281276    8254616    Changed to bad:      26660
 Bad:        1553924    1580584    Changed to good:         0
 16.1% of the data is now flagged

2018-08-06 14:31:23,106 [MainThread  ] [INFO ]  pgflag vis=1934-638.9500 command='<b' stokes=i,v,q,u flagpar=8,2,2,3,6,3  options=nodisp

pgflag: Revision 1.30, 2016/10/05 23:06:50 UTC

Applying bandpass corrections to 1934-638.9500
Applying freq. dependent gain corrections to 1934-638.9500
Applying freq. dependent leakage correction to 1934-638.9500
Applying changes to dataset
Counts of correlations within selected channels:
 channel  Originally  Currently
 Good:       8254616    8221944    Changed to bad:      32672
 Bad:        1580584    1613256    Changed to good:         0
 16.4% of the data is now flagged

2018-08-06 14:31:38,221 [MainThread  ] [INFO ]  pgflag vis=1934-638.9500 command='<b' stokes=i,v,u,q flagpar=8,2,2,3,6,3  options=nodisp

pgflag: Revision 1.30, 2016/10/05 23:06:50 UTC

Applying bandpass corrections to 1934-638.9500
Applying freq. dependent gain corrections to 1934-638.9500
Applying freq. dependent leakage correction to 1934-638.9500
Applying changes to dataset
Counts of correlations within selected channels:
 channel  Originally  Currently
 Good:       8221944    8196280    Changed to bad:      25664
 Bad:        1613256    1638920    Changed to good:         0
 16.7% of the data is now flagged

2018-08-06 14:32:47,871 [MainThread  ] [INFO ]  mfcal vis=1934-638.9500 refant=4 interval=0.1
MfCal: $Revision: 1.20 $, $Date: 2017/05/08 02:31:10 $
Selecting parallel-hand polarisations
Reading the data ...
Number correlations accepted: 4098140
Number of frequency bands/settings: 1
Number of polarisations selected: 2
Number of solution intervals: 80
Number of passband solution intervals: 1
Initialising ...
Using post-Aug94 ATCA flux scale for 1934-638.
Using known frequency variation of 1934-638
Generating initial solution estimate ...
Doing solution refinement ...
Iter= 1, Solution Error:  0.452
Iter= 2, Solution Error:  0.020
Iter= 3, Solution Error:  0.000
Saving solution ...

2018-08-06 14:32:49,121 [MainThread  ] [INFO ]  gpcal vis=1934-638.9500 refant=4 interval=0.1 nfbin=2 options=xyvary

gpcal: Revision 1.22, 2016/05/01 22:31:05 UTC

Applying bandpass corrections to 1934-638.9500
Number of antennae: 6
Using leakage parameters from input as initial guess
Reading the data ...
Number of solution intervals: 80
Total visibilities read: 1200
Number visibilities accepted: 1200
Using post-Aug94 ATCA flux scale for 1934-638.
Using IQUV =  2.5346,  0.0000,  0.0000,  0.0000 at   9.4709 GHz.
Using post-Aug94 ATCA flux scale for 1934-638.
Using IQUV =  2.6938,  0.0000,  0.0000,  0.0000 at   9.0183 GHz.
Using post-Aug94 ATCA flux scale for 1934-638.
Using IQUV =  2.3860,  0.0000,  0.0000,  0.0000 at   9.9444 GHz.
Iter= 1, Amplit/Phase Solution Error:   1.267
Iter= 1, Polarisation Solution Error:   0.000
Iter= 1, Overall Solution Error:        2.113
Iter= 2, Amplit/Phase Solution Error:   0.002
Iter= 2, Polarisation Solution Error:   0.000
Iter= 2, Overall Solution Error:        0.003
Iter= 3, Amplit/Phase Solution Error:   0.001
Iter= 3, Polarisation Solution Error:   0.000
Iter= 3, Overall Solution Error:        0.001
I flux density:   2.5346
Leakage terms:
 Ant 1:Dx,Dy = ( 0.00103, 0.00002),(-0.00073,-0.00156)
 Ant 2:Dx,Dy = ( 0.00343, 0.00136),(-0.00367, 0.00280)
 Ant 3:Dx,Dy = ( 0.00600,-0.00442),(-0.00836,-0.00448)
 Ant 4:Dx,Dy = ( 0.00316, 0.01517),(-0.00138, 0.01548)
 Ant 5:Dx,Dy = (-0.01654, 0.00316),( 0.01709, 0.00313)
 Ant 6:Dx,Dy = ( 0.00420,-0.01682),(-0.00166,-0.01384)
Solution for freq bin  1
Iter= 1, Amplit/Phase Solution Error:   1.240
Iter= 1, Polarisation Solution Error:   0.001
Iter= 1, Overall Solution Error:        2.109
Iter= 2, Amplit/Phase Solution Error:   0.002
Iter= 2, Polarisation Solution Error:   0.000
Iter= 2, Overall Solution Error:        0.003
Iter= 3, Amplit/Phase Solution Error:   0.001
Iter= 3, Polarisation Solution Error:   0.000
Iter= 3, Overall Solution Error:        0.001
I flux density:   2.6938
Leakage terms:
 Ant 1:Dx,Dy = ( 0.00122, 0.00036),(-0.00132,-0.00078)
 Ant 2:Dx,Dy = ( 0.00388, 0.00162),(-0.00410, 0.00379)
 Ant 3:Dx,Dy = ( 0.00538,-0.00508),(-0.00862,-0.00467)
 Ant 4:Dx,Dy = ( 0.00285, 0.01511),(-0.00168, 0.01570)
 Ant 5:Dx,Dy = (-0.01671, 0.00196),( 0.01694, 0.00276)
 Ant 6:Dx,Dy = ( 0.00405,-0.01643),(-0.00055,-0.01432)
Solution for freq bin  2
Iter= 1, Amplit/Phase Solution Error:   1.149
Iter= 1, Polarisation Solution Error:   0.001
Iter= 1, Overall Solution Error:        2.117
Iter= 2, Amplit/Phase Solution Error:   0.002
Iter= 2, Polarisation Solution Error:   0.000
Iter= 2, Overall Solution Error:        0.003
Iter= 3, Amplit/Phase Solution Error:   0.001
Iter= 3, Polarisation Solution Error:   0.000
Iter= 3, Overall Solution Error:        0.001
I flux density:   2.3860
Leakage terms:
 Ant 1:Dx,Dy = ( 0.00082,-0.00038),(-0.00006,-0.00247)
 Ant 2:Dx,Dy = ( 0.00293, 0.00105),(-0.00320, 0.00166)
 Ant 3:Dx,Dy = ( 0.00668,-0.00364),(-0.00806,-0.00422)
 Ant 4:Dx,Dy = ( 0.00351, 0.01526),(-0.00102, 0.01526)
 Ant 5:Dx,Dy = (-0.01635, 0.00450),( 0.01726, 0.00357)
 Ant 6:Dx,Dy = ( 0.00438,-0.01726),(-0.00294,-0.01333)

2018-08-06 14:32:49,206 [MainThread  ] [INFO ]  gpcopy vis=1934-638.9500 out=2245-328.9500

gpcopy: Revision 1.13, 2015/10/29 01:31:39 UTC

Copying leakage table
Copying gain table
Interpolation tolerance set to (minutes): 720.00
Copying bandpass table

2018-08-06 14:35:29,074 [MainThread  ] [INFO ]  pgflag vis=2245-328.9500 command='<b' stokes=i,q,u,v flagpar=8,5,5,3,6,3 options=nodisp

pgflag: Revision 1.30, 2016/10/05 23:06:50 UTC

Applying bandpass corrections to 2245-328.9500
Applying freq. dependent gain corrections to 2245-328.9500
Applying freq. dependent leakage correction to 2245-328.9500
Applying changes to dataset
Counts of correlations within selected channels:
 channel  Originally  Currently
 Good:      70756572   70274196    Changed to bad:     482376
 Bad:       10555944   11038320    Changed to good:         0
 13.6% of the data is now flagged

2018-08-06 14:37:57,339 [MainThread  ] [INFO ]  pgflag vis=2245-328.9500 command='<b' stokes=i,v,q,u flagpar=8,2,2,3,6,3  options=nodisp

pgflag: Revision 1.30, 2016/10/05 23:06:50 UTC

Applying bandpass corrections to 2245-328.9500
Applying freq. dependent gain corrections to 2245-328.9500
Applying freq. dependent leakage correction to 2245-328.9500
Applying changes to dataset
Counts of correlations within selected channels:
 channel  Originally  Currently
 Good:      70274196   69873476    Changed to bad:     400720
 Bad:       11038320   11439040    Changed to good:         0
 14.1% of the data is now flagged

2018-08-06 14:40:44,389 [MainThread  ] [INFO ]  pgflag vis=2245-328.9500 command='<b' stokes=i,v,u,q flagpar=8,2,2,3,6,3  options=nodisp

pgflag: Revision 1.30, 2016/10/05 23:06:50 UTC

Applying bandpass corrections to 2245-328.9500
Applying freq. dependent gain corrections to 2245-328.9500
Applying freq. dependent leakage correction to 2245-328.9500
Applying changes to dataset
Counts of correlations within selected channels:
 channel  Originally  Currently
 Good:      69873476   69466844    Changed to bad:     406632
 Bad:       11439040   11845672    Changed to good:         0
 14.6% of the data is now flagged

2018-08-06 14:40:53,937 [MainThread  ] [INFO ]  gpcal vis=2245-328.9500 refant=4 interval=0.1 nfbin=2 options=xyvary,qusolve

gpcal: Revision 1.22, 2016/05/01 22:31:05 UTC

Applying bandpass corrections to 2245-328.9500
Number of antennae: 6
Using leakage parameters from input as initial guess
Reading the data ...
Number of solution intervals: 662
Total visibilities read: 9921
Number visibilities accepted: 9921
Iter= 1, Amplit/Phase Solution Error:   1.409
Iter= 1, Polarisation Solution Error:   0.009
Iter= 1, Overall Solution Error:        2.328
Iter= 2, Amplit/Phase Solution Error:   0.010
Iter= 2, Polarisation Solution Error:   0.000
Iter= 2, Overall Solution Error:        0.008
Iter= 3, Amplit/Phase Solution Error:   0.001
Iter= 3, Polarisation Solution Error:   0.000
Iter= 3, Overall Solution Error:        0.001
I flux density:   0.7536
Percent Q:  -0.385
Percent U:  -0.903
Leakage terms:
 Ant 1:Dx,Dy = ( 0.00131,-0.00086),(-0.00042,-0.00021)
 Ant 2:Dx,Dy = ( 0.00351, 0.00007),(-0.00384, 0.00368)
 Ant 3:Dx,Dy = ( 0.00630,-0.00533),(-0.00848,-0.00363)
 Ant 4:Dx,Dy = ( 0.00293, 0.01414),(-0.00155, 0.01655)
 Ant 5:Dx,Dy = (-0.01659, 0.00210),( 0.01689, 0.00411)
 Ant 6:Dx,Dy = ( 0.00347,-0.01781),(-0.00168,-0.01282)
Solution for freq bin  1
Iter= 1, Amplit/Phase Solution Error:   1.275
Iter= 1, Polarisation Solution Error:   0.008
Iter= 1, Overall Solution Error:        2.349
Iter= 2, Amplit/Phase Solution Error:   0.009
Iter= 2, Polarisation Solution Error:   0.000
Iter= 2, Overall Solution Error:        0.007
Iter= 3, Amplit/Phase Solution Error:   0.001
Iter= 3, Polarisation Solution Error:   0.000
Iter= 3, Overall Solution Error:        0.001
I flux density:   0.7476
Percent Q:  -0.359
Percent U:  -0.850
Leakage terms:
 Ant 1:Dx,Dy = ( 0.00137,-0.00061),(-0.00136, 0.00035)
 Ant 2:Dx,Dy = ( 0.00398, 0.00047),(-0.00450, 0.00483)
 Ant 3:Dx,Dy = ( 0.00550,-0.00604),(-0.00877,-0.00398)
 Ant 4:Dx,Dy = ( 0.00252, 0.01410),(-0.00183, 0.01666)
 Ant 5:Dx,Dy = (-0.01686, 0.00084),( 0.01655, 0.00359)
 Ant 6:Dx,Dy = ( 0.00313,-0.01734),(-0.00045,-0.01286)
Solution for freq bin  2
Iter= 1, Amplit/Phase Solution Error:   1.321
Iter= 1, Polarisation Solution Error:   0.009
Iter= 1, Overall Solution Error:        2.318
Iter= 2, Amplit/Phase Solution Error:   0.011
Iter= 2, Polarisation Solution Error:   0.000
Iter= 2, Overall Solution Error:        0.008
Iter= 3, Amplit/Phase Solution Error:   0.001
Iter= 3, Polarisation Solution Error:   0.000
Iter= 3, Overall Solution Error:        0.001
I flux density:   0.7641
Percent Q:  -0.408
Percent U:  -0.949
Leakage terms:
 Ant 1:Dx,Dy = ( 0.00124,-0.00111),( 0.00038,-0.00085)
 Ant 2:Dx,Dy = ( 0.00309,-0.00032),(-0.00326, 0.00259)
 Ant 3:Dx,Dy = ( 0.00692,-0.00458),(-0.00826,-0.00328)
 Ant 4:Dx,Dy = ( 0.00331, 0.01420),(-0.00128, 0.01645)
 Ant 5:Dx,Dy = (-0.01639, 0.00325),( 0.01718, 0.00461)
 Ant 6:Dx,Dy = ( 0.00375,-0.01836),(-0.00286,-0.01260)

2018-08-06 14:43:41,104 [MainThread  ] [INFO ]  pgflag vis=2245-328.9500 command='<b' stokes=i,q,u,v flagpar=8,5,5,3,6,3 options=nodisp

pgflag: Revision 1.30, 2016/10/05 23:06:50 UTC

Applying bandpass corrections to 2245-328.9500
Applying freq. dependent gain corrections to 2245-328.9500
Applying freq. dependent leakage correction to 2245-328.9500
Applying changes to dataset
Counts of correlations within selected channels:
 channel  Originally  Currently
 Good:      69466844   69118260    Changed to bad:     348584
 Bad:       11845672   12194256    Changed to good:         0
 15.0% of the data is now flagged

2018-08-06 14:46:15,096 [MainThread  ] [INFO ]  pgflag vis=2245-328.9500 command='<b' stokes=i,v,q,u flagpar=8,2,2,3,6,3  options=nodisp

pgflag: Revision 1.30, 2016/10/05 23:06:50 UTC

Applying bandpass corrections to 2245-328.9500
Applying freq. dependent gain corrections to 2245-328.9500
Applying freq. dependent leakage correction to 2245-328.9500
Applying changes to dataset
Counts of correlations within selected channels:
 channel  Originally  Currently
 Good:      69118260   68800028    Changed to bad:     318232
 Bad:       12194256   12512488    Changed to good:         0
 15.4% of the data is now flagged

2018-08-06 14:48:58,774 [MainThread  ] [INFO ]  pgflag vis=2245-328.9500 command='<b' stokes=i,v,u,q flagpar=8,2,2,3,6,3  options=nodisp

pgflag: Revision 1.30, 2016/10/05 23:06:50 UTC

Applying bandpass corrections to 2245-328.9500
Applying freq. dependent gain corrections to 2245-328.9500
Applying freq. dependent leakage correction to 2245-328.9500
Applying changes to dataset
Counts of correlations within selected channels:
 channel  Originally  Currently
 Good:      68800028   68499584    Changed to bad:     300444
 Bad:       12512488   12812932    Changed to good:         0
 15.8% of the data is now flagged

2018-08-06 14:49:03,941 [MainThread  ] [INFO ]  gpcal vis=2245-328.9500 refant=4 interval=0.1 nfbin=2 options=xyvary,qusolve

gpcal: Revision 1.22, 2016/05/01 22:31:05 UTC

Applying bandpass corrections to 2245-328.9500
Number of antennae: 6
Using leakage parameters from input as initial guess
Reading the data ...
Number of solution intervals: 662
Total visibilities read: 9921
Number visibilities accepted: 9921
Iter= 1, Amplit/Phase Solution Error:   1.397
Iter= 1, Polarisation Solution Error:   0.009
Iter= 1, Overall Solution Error:        2.327
Iter= 2, Amplit/Phase Solution Error:   0.010
Iter= 2, Polarisation Solution Error:   0.000
Iter= 2, Overall Solution Error:        0.008
Iter= 3, Amplit/Phase Solution Error:   0.001
Iter= 3, Polarisation Solution Error:   0.000
Iter= 3, Overall Solution Error:        0.001
I flux density:   0.7552
Percent Q:  -0.386
Percent U:  -0.904
Leakage terms:
 Ant 1:Dx,Dy = ( 0.00131,-0.00087),(-0.00043,-0.00023)
 Ant 2:Dx,Dy = ( 0.00352, 0.00006),(-0.00385, 0.00368)
 Ant 3:Dx,Dy = ( 0.00631,-0.00533),(-0.00844,-0.00362)
 Ant 4:Dx,Dy = ( 0.00296, 0.01413),(-0.00155, 0.01655)
 Ant 5:Dx,Dy = (-0.01656, 0.00214),( 0.01692, 0.00412)
 Ant 6:Dx,Dy = ( 0.00346,-0.01784),(-0.00166,-0.01280)
Solution for freq bin  1
Iter= 1, Amplit/Phase Solution Error:   1.297
Iter= 1, Polarisation Solution Error:   0.008
Iter= 1, Overall Solution Error:        2.349
Iter= 2, Amplit/Phase Solution Error:   0.009
Iter= 2, Polarisation Solution Error:   0.000
Iter= 2, Overall Solution Error:        0.007
Iter= 3, Amplit/Phase Solution Error:   0.001
Iter= 3, Polarisation Solution Error:   0.000
Iter= 3, Overall Solution Error:        0.001
I flux density:   0.7491
Percent Q:  -0.359
Percent U:  -0.849
Leakage terms:
 Ant 1:Dx,Dy = ( 0.00135,-0.00061),(-0.00138, 0.00032)
 Ant 2:Dx,Dy = ( 0.00398, 0.00044),(-0.00451, 0.00485)
 Ant 3:Dx,Dy = ( 0.00551,-0.00606),(-0.00872,-0.00398)
 Ant 4:Dx,Dy = ( 0.00256, 0.01408),(-0.00186, 0.01666)
 Ant 5:Dx,Dy = (-0.01682, 0.00089),( 0.01658, 0.00361)
 Ant 6:Dx,Dy = ( 0.00312,-0.01736),(-0.00042,-0.01284)
Solution for freq bin  2
Iter= 1, Amplit/Phase Solution Error:   1.324
Iter= 1, Polarisation Solution Error:   0.010
Iter= 1, Overall Solution Error:        2.313
Iter= 2, Amplit/Phase Solution Error:   0.011
Iter= 2, Polarisation Solution Error:   0.000
Iter= 2, Overall Solution Error:        0.008
Iter= 3, Amplit/Phase Solution Error:   0.001
Iter= 3, Polarisation Solution Error:   0.000
Iter= 3, Overall Solution Error:        0.001
I flux density:   0.7655
Percent Q:  -0.410
Percent U:  -0.951
Leakage terms:
 Ant 1:Dx,Dy = ( 0.00126,-0.00112),( 0.00037,-0.00085)
 Ant 2:Dx,Dy = ( 0.00311,-0.00032),(-0.00326, 0.00260)
 Ant 3:Dx,Dy = ( 0.00691,-0.00458),(-0.00823,-0.00327)
 Ant 4:Dx,Dy = ( 0.00332, 0.01420),(-0.00126, 0.01646)
 Ant 5:Dx,Dy = (-0.01637, 0.00328),( 0.01719, 0.00460)
 Ant 6:Dx,Dy = ( 0.00375,-0.01839),(-0.00283,-0.01260)

2018-08-06 14:49:03,987 [MainThread  ] [INFO ]  gpboot vis=2245-328.9500 cal=1934-638.9500

gpboot: Revision 1.9, 2015/10/29 01:31:30 UTC

Secondary flux density scaled by:   0.996
Frequency bin  1 scaled by      :   0.993
Frequency bin  2 scaled by      :   0.999

2018-08-06 14:50:29,495 [MainThread  ] [INFO ]  gpcopy vis=2245-328.9500 out=d.9500

gpcopy: Revision 1.13, 2015/10/29 01:31:39 UTC

Copying leakage table
Copying gain table
Interpolation tolerance set to (minutes): 720.00
Copying bandpass table

2018-08-06 15:06:17,718 [MainThread  ] [INFO ]  pgflag vis=d.9500 command='<b' stokes=i,v,q,u flagpar=8,2,2,3,6,3  options=nodisp

pgflag: Revision 1.30, 2016/10/05 23:06:50 UTC

Applying bandpass corrections to d.9500
Applying freq. dependent gain corrections to d.9500
Applying freq. dependent leakage correction to d.9500
Applying changes to dataset
Counts of correlations within selected channels:
 channel  Originally  Currently
 Good:     452710832  438608732    Changed to bad:   14102100
 Bad:       67538464   81640564    Changed to good:         0
 15.7% of the data is now flagged

2018-08-06 15:22:13,890 [MainThread  ] [INFO ]  pgflag vis=d.9500 command='<b' stokes=i,v,u,q flagpar=8,2,2,3,6,3  options=nodisp

pgflag: Revision 1.30, 2016/10/05 23:06:50 UTC

Applying bandpass corrections to d.9500
Applying freq. dependent gain corrections to d.9500
Applying freq. dependent leakage correction to d.9500
Applying changes to dataset
Counts of correlations within selected channels:
 channel  Originally  Currently
 Good:     438608732  429241236    Changed to bad:    9367496
 Bad:       81640564   91008060    Changed to good:         0
 17.5% of the data is now flagged

2018-08-06 15:23:56,775 [MainThread  ] [INFO ]  uvsplit vis=d.9500

uvsplit: Revision 1.18, 2016/05/09 03:06:18 UTC

Creating d_641.9500
Creating d_642.9500
Creating d_643.9500
Creating d_644.9500
Creating d_645.9500
Creating d_646.9500
Creating d_647.9500
Creating d_648.9500
Creating d_649.9500
Creating d_650.9500
Creating d_651.9500
Creating d_652.9500
Creating d_653.9500
Creating d_654.9500
Creating d_655.9500
Creating d_656.9500
Creating d_657.9500
Creating d_658.9500
Creating d_659.9500
Creating d_660.9500
Creating d_661.9500
Creating d_662.9500
Creating d_663.9500
Creating d_664.9500
Creating d_665.9500
Creating d_666.9500
Creating d_667.9500
Creating d_668.9500
Creating d_669.9500
Creating d_670.9500
Creating d_671.9500
Creating d_672.9500
Creating d_673.9500
Creating d_674.9500
Creating d_675.9500
Creating d_676.9500
Creating d_677.9500
Creating d_678.9500
Creating d_679.9500
Creating d_680.9500
Creating d_681.9500
Creating d_682.9500
Creating d_683.9500
Creating d_684.9500
Creating d_685.9500
Creating d_686.9500
Creating d_687.9500
Creating d_688.9500
Creating d_689.9500
Creating d_690.9500
Creating d_691.9500
Creating d_692.9500
Creating d_693.9500
Creating d_694.9500
Creating d_695.9500
Creating d_696.9500
Creating d_697.9500
Creating d_698.9500
Creating d_699.9500
Creating d_700.9500
Creating d_701.9500
Creating d_702.9500
Creating d_703.9500
Creating d_704.9500
Creating d_705.9500
Creating d_706.9500
Creating d_707.9500
Creating d_708.9500
Creating d_709.9500
Creating d_710.9500
Creating d_711.9500
Creating d_712.9500
Creating d_713.9500
Creating d_714.9500
Creating d_715.9500
Creating d_716.9500
Creating d_717.9500
Creating d_718.9500
Creating d_719.9500
Creating d_720.9500
Creating d_541.9500
Creating d_542.9500
Creating d_543.9500
Creating d_544.9500
Creating d_545.9500
Creating d_546.9500
Creating d_547.9500
Creating d_548.9500
Creating d_549.9500
Creating d_550.9500
Creating d_551.9500
Creating d_552.9500
Creating d_553.9500
Creating d_554.9500
Creating d_555.9500
Creating d_556.9500
Creating d_557.9500
Creating d_558.9500
Creating d_559.9500
Creating d_560.9500
Creating d_561.9500
Creating d_562.9500
Creating d_563.9500
Creating d_564.9500
Creating d_565.9500
Creating d_566.9500
Creating d_567.9500
Creating d_568.9500
Creating d_569.9500
Creating d_570.9500
Creating d_571.9500
Creating d_572.9500
Creating d_573.9500
Creating d_574.9500
Creating d_575.9500
Creating d_576.9500
Creating d_577.9500
Creating d_578.9500
Creating d_579.9500
Creating d_580.9500
Creating d_581.9500
Creating d_582.9500
Creating d_583.9500
Creating d_584.9500
Creating d_585.9500
Creating d_586.9500
Creating d_587.9500
Creating d_588.9500
Creating d_589.9500
Creating d_590.9500
Creating d_591.9500
Creating d_592.9500
Creating d_593.9500
Creating d_594.9500
Creating d_595.9500
Creating d_596.9500
Creating d_597.9500
Creating d_598.9500
Creating d_599.9500
Creating d_600.9500
Creating d_601.9500
Creating d_602.9500
Creating d_603.9500
Creating d_604.9500
Creating d_605.9500
Creating d_606.9500
Creating d_607.9500
Creating d_608.9500
Creating d_609.9500
Creating d_610.9500
Creating d_611.9500
Creating d_612.9500
Creating d_613.9500
Creating d_614.9500
Creating d_615.9500
Creating d_616.9500
Creating d_617.9500
Creating d_618.9500
Creating d_619.9500
Creating d_620.9500
Creating d_621.9500
Creating d_622.9500
Creating d_623.9500
Creating d_624.9500
Creating d_625.9500
Creating d_626.9500
Creating d_627.9500
Creating d_628.9500
Creating d_629.9500
Creating d_630.9500
Creating d_631.9500
Creating d_632.9500
Creating d_633.9500
Creating d_634.9500
Creating d_635.9500
Creating d_636.9500
Creating d_637.9500
Creating d_638.9500
Creating d_639.9500
Creating d_640.9500

