2018-11-22 16:13:28,180 [MainThread  ] [INFO ]  atlod in=raw/2017-04-18_1716.C3132,raw/2017-04-18_2003.C3132,raw/2017-04-18_2250.C3132,raw/2017-04-19_0137.C3132,raw/2017-04-19_0424.C3132 out=data9.uv ifsel=2 options=birdie,rfiflag,noauto,xycorr

atlod: Revision 1.53, 2016/08/25 23:02:21 UTC

Processing file raw/2017-04-18_1716.C3132
 17:16:33 CAOBS> track 1
CABB data detected
Scan 1 started at 17APR18:17:16:52.0
Source: 1934-638
Flagging channels in  28 frequency ranges
 17:27:05 CAOBS> stop
 17:27:21 CAOBS> set file c3132_obs_a7
 17:27:25 CAOBS> start 1/100
Scan 2 started at 17APR18:17:29:16.0
Source: 2312-319
Scan 3 started at 17APR18:17:32:12.0
Source: a_1081
Source: a_1082
Source: a_1083
Source: a_1084
Source: a_1085
Source: a_1086
Source: a_1087
Source: a_1088
Source: a_1089
Source: a_1090
Source: a_1091
Source: a_1092
Source: a_1093
Source: a_1094
Source: a_1095
Source: a_1096
Source: a_1097
Source: a_1098
Source: a_1099
Source: a_1100
Scan 4 started at 17APR18:17:45:32.0
Source: 2312-319
Scan 5 started at 17APR18:17:48:20.0
Source: a_1101
Source: a_1102
Source: a_1103
Source: a_1104
Source: a_1105
Source: a_1106
Source: a_1107
Source: a_1108
Source: a_1109
Source: a_1110
Source: a_1111
Source: a_1112
Source: a_1113
Source: a_1114
Source: a_1115
Source: a_1116
Source: a_1117
Source: a_1118
Source: a_1119
Source: a_1120
Scan 6 started at 17APR18:18:01:40.0
Source: 2312-319
Scan 7 started at 17APR18:18:04:36.0
Source: a_1121
Source: a_1122
Source: a_1123
Source: a_1124
Source: a_1125
Source: a_1126
Source: a_1127
Source: a_1128
Source: a_1129
Source: a_1130
Source: a_1131
Source: a_1132
Source: a_1133
Source: a_1134
Source: a_1135
Source: a_1136
Source: a_1137
Source: a_1138
Source: a_1139
Source: a_1140
Scan 8 started at 17APR18:18:17:56.0
Source: 2312-319
Scan 9 started at 17APR18:18:20:44.0
Source: a_1141
Source: a_1142
Source: a_1143
Source: a_1144
Source: a_1145
Source: a_1146
Source: a_1147
Source: a_1148
Source: a_1149
Source: a_1150
Source: a_1151
Source: a_1152
Source: a_1153
Source: a_1154
Source: a_1155
Source: a_1156
Source: a_1157
Source: a_1158
Source: a_1159
Source: a_1160
Scan 10 started at 17APR18:18:34:04.0
Source: 2312-319
Scan 11 started at 17APR18:18:36:52.0
Source: a_1161
Source: a_1162
Source: a_1163
Source: a_1164
Source: a_1165
Source: a_1166
Source: a_1167
Source: a_1168
Source: a_1169
Source: a_1170
Source: a_1171
Source: a_1172
Source: a_1173
Source: a_1174
Source: a_1175
Source: a_1176
Source: a_1177
Source: a_1178
Source: a_1179
Source: a_1180
Scan 12 started at 17APR18:18:50:12.0
Source: 2312-319
Scan 13 started at 17APR18:18:53:00.0
Source: a_1181
Source: a_1182
Source: a_1183
Source: a_1184
Source: a_1185
Source: a_1186
Source: a_1187
Source: a_1188
Source: a_1189
Source: a_1190
Source: a_1191
Source: a_1192
Source: a_1193
Source: a_1194
Source: a_1195
Source: a_1196
Source: a_1197
Source: a_1198
Source: a_1199
Source: a_1200
Scan 14 started at 17APR18:19:06:20.0
Source: 2312-319
Scan 15 started at 17APR18:19:09:08.0
Source: a_1201
Source: a_1202
Source: a_1203
Source: a_1204
Source: a_1205
Source: a_1206
Source: a_1207
Source: a_1208
Source: a_1209
Source: a_1210
Source: a_1211
Source: a_1212
Source: a_1213
Source: a_1214
Source: a_1215
Source: a_1216
Source: a_1217
Source: a_1218
Source: a_1219
Source: a_1220
Scan 16 started at 17APR18:19:22:28.0
Source: 2312-319
Scan 17 started at 17APR18:19:25:16.0
Source: a_1221
Source: a_1222
Source: a_1223
Source: a_1224
Source: a_1225
Source: a_1226
Source: a_1227
Source: a_1228
Source: a_1229
Source: a_1230
Source: a_1231
Source: a_1232
Source: a_1233
Source: a_1234
Source: a_1235
Source: a_1236
Source: a_1237
Source: a_1238
Source: a_1239
Source: a_1240
Scan 18 started at 17APR18:19:38:36.0
Source: 2312-319
Scan 19 started at 17APR18:19:41:24.0
Source: a_1241
Source: a_1242
Source: a_1243
Source: a_1244
Source: a_1245
Source: a_1246
Source: a_1247
Source: a_1248
Source: a_1249
Source: a_1250
Source: a_1251
Source: a_1252
Source: a_1253
Source: a_1254
Source: a_1255
Source: a_1256
Source: a_1257
Source: a_1258
Source: a_1259
Source: a_1260
Scan 20 started at 17APR18:19:54:52.0
Source: 2312-319
Scan 21 started at 17APR18:19:57:48.0
Source: a_1081
Source: a_1082
Source: a_1083
Source: a_1084
Source: a_1085
Source: a_1086
Source: a_1087
Source: a_1088
Source: a_1089
Source: a_1090
RPFITS file version is 2.12
---------------------------------------
Total number of spectra selected: 72660

Summary of spectra flagged
Flagging Reason            Fraction
---------------            --------
Antenna off-source/off-line  4.62%
---------------------------------------
Processing file raw/2017-04-18_2003.C3132
CABB data detected
Scan 1 started at 17APR18:20:03:56.0
Source: a_1090
Source: a_1091
Source: a_1092
Source: a_1093
Source: a_1094
Source: a_1095
Source: a_1096
Source: a_1097
Source: a_1098
Source: a_1099
Source: a_1100
Scan 2 started at 17APR18:20:11:08.0
Source: 2312-319
Scan 3 started at 17APR18:20:14:04.0
Source: a_1101
Source: a_1102
Source: a_1103
Source: a_1104
Source: a_1105
Source: a_1106
Source: a_1107
Source: a_1108
Source: a_1109
Source: a_1110
Source: a_1111
Source: a_1112
Source: a_1113
Source: a_1114
Source: a_1115
Source: a_1116
Source: a_1117
Source: a_1118
Source: a_1119
Source: a_1120
Scan 4 started at 17APR18:20:27:32.0
Source: 2312-319
Scan 5 started at 17APR18:20:30:28.0
Source: a_1121
Source: a_1122
Source: a_1123
Source: a_1124
Source: a_1125
Source: a_1126
Source: a_1127
Source: a_1128
Source: a_1129
Source: a_1130
Source: a_1131
Source: a_1132
Source: a_1133
Source: a_1134
Source: a_1135
Source: a_1136
Source: a_1137
Source: a_1138
Source: a_1139
Source: a_1140
Scan 6 started at 17APR18:20:43:48.0
Source: 2312-319
Scan 7 started at 17APR18:20:46:44.0
Source: a_1141
Source: a_1142
Source: a_1143
Source: a_1144
Source: a_1145
Source: a_1146
Source: a_1147
Source: a_1148
Source: a_1149
Source: a_1150
Source: a_1151
Source: a_1152
Source: a_1153
Source: a_1154
Source: a_1155
Source: a_1156
Source: a_1157
Source: a_1158
Source: a_1159
Source: a_1160
Scan 8 started at 17APR18:21:00:04.0
Source: 2312-319
Scan 9 started at 17APR18:21:03:00.0
Source: a_1161
Source: a_1162
Source: a_1163
Source: a_1164
Source: a_1165
Source: a_1166
Source: a_1167
Source: a_1168
Source: a_1169
Source: a_1170
Source: a_1171
Source: a_1172
Source: a_1173
Source: a_1174
Source: a_1175
Source: a_1176
Source: a_1177
Source: a_1178
Source: a_1179
Source: a_1180
Scan 10 started at 17APR18:21:16:28.0
Source: 2312-319
Scan 11 started at 17APR18:21:19:24.0
Source: a_1181
Source: a_1182
Source: a_1183
Source: a_1184
Source: a_1185
Source: a_1186
Source: a_1187
Source: a_1188
Source: a_1189
Source: a_1190
Source: a_1191
Source: a_1192
Source: a_1193
Source: a_1194
Source: a_1195
Source: a_1196
Source: a_1197
Source: a_1198
Source: a_1199
Source: a_1200
Scan 12 started at 17APR18:21:32:52.0
Source: 2312-319
Scan 13 started at 17APR18:21:35:48.0
Source: a_1201
Source: a_1202
Source: a_1203
Source: a_1204
Source: a_1205
Source: a_1206
Source: a_1207
Source: a_1208
Source: a_1209
Source: a_1210
Source: a_1211
Source: a_1212
Source: a_1213
Source: a_1214
Source: a_1215
Source: a_1216
Source: a_1217
Source: a_1218
Source: a_1219
Source: a_1220
Scan 14 started at 17APR18:21:49:08.0
Source: 2312-319
Scan 15 started at 17APR18:21:52:04.0
Source: a_1221
Source: a_1222
Source: a_1223
Source: a_1224
Source: a_1225
Source: a_1226
Source: a_1227
Source: a_1228
Source: a_1229
Source: a_1230
Source: a_1231
Source: a_1232
Source: a_1233
Source: a_1234
Source: a_1235
Source: a_1236
Source: a_1237
Source: a_1238
Source: a_1239
Source: a_1240
Scan 16 started at 17APR18:22:05:32.0
Source: 2312-319
Scan 17 started at 17APR18:22:08:36.0
Source: a_1241
Source: a_1242
Source: a_1243
Source: a_1244
Source: a_1245
Source: a_1246
Source: a_1247
Source: a_1248
Source: a_1249
Source: a_1250
Source: a_1251
Source: a_1252
Source: a_1253
Source: a_1254
Source: a_1255
Source: a_1256
Source: a_1257
Source: a_1258
Source: a_1259
Source: a_1260
Scan 18 started at 17APR18:22:22:12.0
Source: 2312-319
Scan 19 started at 17APR18:22:25:32.0
Source: a_1081
Source: a_1082
Source: a_1083
Source: a_1084
Source: a_1085
Source: a_1086
Source: a_1087
Source: a_1088
Source: a_1089
Source: a_1090
Source: a_1091
Source: a_1092
Source: a_1093
Source: a_1094
Source: a_1095
Source: a_1096
Source: a_1097
Source: a_1098
Source: a_1099
Source: a_1100
Scan 20 started at 17APR18:22:38:52.0
Source: 2312-319
Scan 21 started at 17APR18:22:42:20.0
Source: a_1101
Source: a_1102
Source: a_1103
Source: a_1104
Source: a_1105
Source: a_1106
Source: a_1107
Source: a_1108
Source: a_1109
Source: a_1110
Source: a_1111
Source: a_1112
Source: a_1113
Source: a_1114
RPFITS file version is 2.12
---------------------------------------
Total number of spectra selected: 72660

Summary of spectra flagged
Flagging Reason            Fraction
---------------            --------
Antenna off-source/off-line  5.39%
---------------------------------------
Processing file raw/2017-04-18_2250.C3132
CABB data detected
Scan 1 started at 17APR18:22:50:44.0
Source: a_1114
Source: a_1115
Source: a_1116
Source: a_1117
Source: a_1118
Source: a_1119
Source: a_1120
Scan 2 started at 17APR18:22:55:56.0
Source: 2312-319
Scan 3 started at 17APR18:22:59:40.0
Source: a_1121
Source: a_1122
Source: a_1123
Source: a_1124
Source: a_1125
Source: a_1126
Source: a_1127
Source: a_1128
Source: a_1129
Source: a_1130
Source: a_1131
Source: a_1132
Source: a_1133
Source: a_1134
Source: a_1135
Source: a_1136
Source: a_1137
Source: a_1138
Source: a_1139
Source: a_1140
Scan 4 started at 17APR18:23:13:08.0
Source: 2312-319
Scan 5 started at 17APR18:23:18:04.0
Source: a_1142
Source: a_1143
Source: a_1144
Source: a_1145
Source: a_1146
Source: a_1147
Source: a_1148
Source: a_1149
Source: a_1150
Source: a_1151
Source: a_1152
Source: a_1153
Source: a_1154
Source: a_1155
Source: a_1156
Source: a_1157
Source: a_1158
Source: a_1159
Source: a_1160
Scan 6 started at 17APR18:23:33:24.0
Source: 2312-319
Scan 7 started at 17APR18:23:37:42.8
Source: a_1162
Source: a_1163
Source: a_1164
Source: a_1165
Source: a_1166
Source: a_1167
Source: a_1168
Source: a_1169
Source: a_1170
Source: a_1171
Source: a_1172
Source: a_1173
Source: a_1174
Source: a_1175
Source: a_1176
Source: a_1177
Source: a_1178
Source: a_1179
Source: a_1180
Scan 8 started at 17APR18:23:51:24.0
Source: 2312-319
Scan 9 started at 17APR18:23:54:44.0
Source: a_1181
Source: a_1182
Source: a_1183
Source: a_1184
Source: a_1185
Source: a_1186
Source: a_1187
Source: a_1188
Source: a_1189
Source: a_1190
Source: a_1191
Source: a_1192
Source: a_1193
Source: a_1194
Source: a_1195
Source: a_1196
Source: a_1197
Source: a_1198
Source: a_1199
Source: a_1200
Scan 10 started at 17APR19:00:08:36.0
Source: 2312-319
Scan 11 started at 17APR19:00:11:48.0
Source: a_1201
Source: a_1202
Source: a_1203
Source: a_1204
Source: a_1205
Source: a_1206
Source: a_1207
Source: a_1208
Source: a_1209
Source: a_1210
Source: a_1211
Source: a_1212
Source: a_1213
Source: a_1214
Source: a_1215
Source: a_1216
Source: a_1217
Source: a_1218
Source: a_1219
Source: a_1220
Scan 12 started at 17APR19:00:25:16.0
Source: 2312-319
Scan 13 started at 17APR19:00:28:20.0
Source: a_1221
Source: a_1222
Source: a_1223
Source: a_1224
Source: a_1225
Source: a_1226
Source: a_1227
Source: a_1228
Source: a_1229
Source: a_1230
Source: a_1231
Source: a_1232
Source: a_1233
Source: a_1234
Source: a_1235
Source: a_1236
Source: a_1237
Source: a_1238
Source: a_1239
Source: a_1240
Scan 14 started at 17APR19:00:41:48.0
Source: 2312-319
Scan 15 started at 17APR19:00:44:52.0
Source: a_1241
Source: a_1242
Source: a_1243
Source: a_1244
Source: a_1245
Source: a_1246
Source: a_1247
Source: a_1248
Source: a_1249
Source: a_1250
Source: a_1251
Source: a_1252
Source: a_1253
Source: a_1254
Source: a_1255
Source: a_1256
Source: a_1257
Source: a_1258
Source: a_1259
Source: a_1260
Scan 16 started at 17APR19:00:58:28.0
Source: 2312-319
Scan 17 started at 17APR19:01:01:24.0
Source: a_1081
Source: a_1082
Source: a_1083
Source: a_1084
Source: a_1085
Source: a_1086
Source: a_1087
Source: a_1088
Source: a_1089
Source: a_1090
Source: a_1091
Source: a_1092
Source: a_1093
Source: a_1094
Source: a_1095
Source: a_1096
Source: a_1097
Source: a_1098
Source: a_1099
Source: a_1100
Scan 18 started at 17APR19:01:14:52.0
Source: 2312-319
Scan 19 started at 17APR19:01:17:48.0
Source: a_1101
Source: a_1102
Source: a_1103
Source: a_1104
Source: a_1105
Source: a_1106
Source: a_1107
Source: a_1108
Source: a_1109
Source: a_1110
Source: a_1111
Source: a_1112
Source: a_1113
Source: a_1114
Source: a_1115
Source: a_1116
Source: a_1117
Source: a_1118
Source: a_1119
Source: a_1120
Scan 20 started at 17APR19:01:31:16.0
Source: 2312-319
Scan 21 started at 17APR19:01:34:12.0
Source: a_1121
Source: a_1122
Source: a_1123
Source: a_1124
Source: a_1125
Source: a_1126
RPFITS file version is 2.12
---------------------------------------
Total number of spectra selected: 72660

Summary of spectra flagged
Flagging Reason            Fraction
---------------            --------
Antenna off-source/off-line  11.7%
---------------------------------------
Processing file raw/2017-04-19_0137.C3132
CABB data detected
Scan 1 started at 17APR19:01:37:32.0
Source: a_1126
Source: a_1127
Source: a_1128
Source: a_1129
Source: a_1130
Source: a_1131
Source: a_1132
Source: a_1133
Source: a_1134
Source: a_1135
Source: a_1136
Source: a_1137
Source: a_1138
Source: a_1139
Source: a_1140
Scan 2 started at 17APR19:01:47:32.0
Source: 2312-319
Scan 3 started at 17APR19:01:50:28.0
Source: a_1141
Source: a_1142
Source: a_1143
Source: a_1144
Source: a_1145
Source: a_1146
Source: a_1147
Source: a_1148
Source: a_1149
Source: a_1150
Source: a_1151
Source: a_1152
Source: a_1153
Source: a_1154
Source: a_1155
Source: a_1156
Source: a_1157
Source: a_1158
Source: a_1159
Source: a_1160
Scan 4 started at 17APR19:02:03:48.0
Source: 2312-319
Scan 5 started at 17APR19:02:06:44.0
Source: a_1161
Source: a_1162
Source: a_1163
Source: a_1164
Source: a_1165
Source: a_1166
Source: a_1167
Source: a_1168
Source: a_1169
Source: a_1170
Source: a_1171
Source: a_1172
Source: a_1173
Source: a_1174
Source: a_1175
Source: a_1176
Source: a_1177
Source: a_1178
Source: a_1179
Source: a_1180
Scan 6 started at 17APR19:02:20:04.0
Source: 2312-319
Scan 7 started at 17APR19:02:23:00.0
Source: a_1181
Source: a_1182
Source: a_1183
Source: a_1184
Source: a_1185
Source: a_1186
Source: a_1187
Source: a_1188
Source: a_1189
Source: a_1190
Source: a_1191
Source: a_1192
Source: a_1193
Source: a_1194
Source: a_1195
Source: a_1196
Source: a_1197
Source: a_1198
Source: a_1199
Source: a_1200
Scan 8 started at 17APR19:02:36:20.0
Source: 2312-319
Scan 9 started at 17APR19:02:39:16.0
Source: a_1201
Source: a_1202
Source: a_1203
Source: a_1204
Source: a_1205
Source: a_1206
Source: a_1207
Source: a_1208
Source: a_1209
Source: a_1210
Source: a_1211
Source: a_1212
Source: a_1213
Source: a_1214
Source: a_1215
Source: a_1216
Source: a_1217
Source: a_1218
Source: a_1219
Source: a_1220
Scan 10 started at 17APR19:02:52:36.0
Source: 2312-319
Scan 11 started at 17APR19:02:55:32.0
Source: a_1221
Source: a_1222
Source: a_1223
Source: a_1224
Source: a_1225
Source: a_1226
Source: a_1227
Source: a_1228
Source: a_1229
Source: a_1230
Source: a_1231
Source: a_1232
Source: a_1233
Source: a_1234
Source: a_1235
Source: a_1236
Source: a_1237
Source: a_1238
Source: a_1239
Source: a_1240
Scan 12 started at 17APR19:03:08:52.0
Source: 2312-319
Scan 13 started at 17APR19:03:11:48.0
Source: a_1241
Source: a_1242
Source: a_1243
Source: a_1244
Source: a_1245
Source: a_1246
Source: a_1247
Source: a_1248
Source: a_1249
Source: a_1250
Source: a_1251
Source: a_1252
Source: a_1253
Source: a_1254
Source: a_1255
Source: a_1256
Source: a_1257
Source: a_1258
Source: a_1259
Source: a_1260
Scan 14 started at 17APR19:03:25:08.0
Source: 2312-319
Scan 15 started at 17APR19:03:28:04.0
Source: a_1081
Source: a_1082
Source: a_1083
Source: a_1084
Source: a_1085
Source: a_1086
Source: a_1087
Source: a_1088
Source: a_1089
Source: a_1090
Source: a_1091
Source: a_1092
Source: a_1093
Source: a_1094
Source: a_1095
Source: a_1096
Source: a_1097
Source: a_1098
Source: a_1099
Source: a_1100
Scan 16 started at 17APR19:03:41:24.0
Source: 2312-319
Scan 17 started at 17APR19:03:44:04.0
Source: a_1101
Source: a_1102
Source: a_1103
Source: a_1104
Source: a_1105
Source: a_1106
Source: a_1107
Source: a_1108
Source: a_1109
Source: a_1110
Source: a_1111
Source: a_1112
Source: a_1113
Source: a_1114
Source: a_1115
Source: a_1116
Source: a_1117
Source: a_1118
Source: a_1119
Source: a_1120
Scan 18 started at 17APR19:03:57:32.0
Source: 2312-319
Scan 19 started at 17APR19:04:00:28.0
Source: a_1121
Source: a_1122
Source: a_1123
Source: a_1124
Source: a_1125
Source: a_1126
Source: a_1127
Source: a_1128
Source: a_1129
Source: a_1130
Source: a_1131
Source: a_1132
Source: a_1133
Source: a_1134
Source: a_1135
Source: a_1136
Source: a_1137
Source: a_1138
Source: a_1139
Source: a_1140
Scan 20 started at 17APR19:04:13:48.0
Source: 2312-319
Scan 21 started at 17APR19:04:16:36.0
Source: a_1141
Source: a_1142
Source: a_1143
Source: a_1144
Source: a_1145
Source: a_1146
Source: a_1147
Source: a_1148
Source: a_1149
Source: a_1150
Source: a_1151
Source: a_1152
RPFITS file version is 2.12
---------------------------------------
Total number of spectra selected: 72660

Summary of spectra flagged
Flagging Reason            Fraction
---------------            --------
Antenna off-source/off-line  3.94%
---------------------------------------
Processing file raw/2017-04-19_0424.C3132
CABB data detected
Scan 1 started at 17APR19:04:24:20.0
Source: a_1152
Source: a_1153
Source: a_1154
Source: a_1155
Source: a_1156
Source: a_1157
Source: a_1158
Source: a_1159
Source: a_1160
Scan 2 started at 17APR19:04:30:04.0
Source: 2312-319
Scan 3 started at 17APR19:04:32:52.0
Source: a_1161
Source: a_1162
Source: a_1163
Source: a_1164
Source: a_1165
Source: a_1166
Source: a_1167
Source: a_1168
Source: a_1169
Source: a_1170
Source: a_1171
Source: a_1172
Source: a_1173
Source: a_1174
Source: a_1175
Source: a_1176
Source: a_1177
Source: a_1178
Source: a_1179
Source: a_1180
Scan 4 started at 17APR19:04:46:12.0
Source: 2312-319
Scan 5 started at 17APR19:04:49:00.0
Source: a_1181
Source: a_1182
Source: a_1183
Source: a_1184
Source: a_1185
Source: a_1186
Source: a_1187
Source: a_1188
Source: a_1189
Source: a_1190
Source: a_1191
Source: a_1192
Source: a_1193
 04:57:10 CAOBS> stop
 04:57:16 CAOBS> corr close
RPFITS file version is 2.12
---------------------------------------
Total number of spectra selected: 14280

Summary of spectra flagged
Flagging Reason            Fraction
---------------            --------
Antenna off-source/off-line  3.36%
---------------------------------------

No CACAL data was detected

2018-11-22 16:14:20,734 [MainThread  ] [INFO ]  uvflag vis=data9.uv line=chan,65,850,1 flagval=flag

uvflag: Revision 1.8, 2014/09/30 14:23:39 UTC


Set flags to indicate bad data in visibility file data9.uv
Linetype channel; select   65 channels; start  850, width    1, step    1

Overview of flagging on visibility file data9.uv
Changed flags set to FALSE (data flagged as bad)
Total number of records selected: 285816; out of 285816 records
Antennas used: 1-6
Counts of correlations within selected channels
channel   Originally    Currently
Good:        18578040.           0.    Changed to bad:    18578040.
Bad:                0.    18578040.

2018-11-22 16:15:22,420 [MainThread  ] [INFO ]  uvsplit vis=data9.uv options=mosaic

uvsplit: Revision 1.18, 2016/05/09 03:06:18 UTC

Creating 1934-638.9500
Creating 2312-319.9500
Creating a.9500

2018-11-22 16:15:45,188 [MainThread  ] [INFO ]  pgflag vis=1934-638.9500 command='<b' stokes=i,q,u,v flagpar=8,5,5,3,6,3 options=nodisp

pgflag: Revision 1.30, 2016/10/05 23:06:50 UTC

Applying changes to dataset
Counts of correlations within selected channels:
 channel  Originally  Currently
 Good:       8168160    8091568    Changed to bad:      76592
 Bad:        1298220    1374812    Changed to good:         0
 14.5% of the data is now flagged

2018-11-22 16:16:10,754 [MainThread  ] [INFO ]  pgflag vis=1934-638.9500 command='<b' stokes=i,v,q,u flagpar=8,2,2,3,6,3  options=nodisp

pgflag: Revision 1.30, 2016/10/05 23:06:50 UTC

Applying changes to dataset
Counts of correlations within selected channels:
 channel  Originally  Currently
 Good:       8091568    8013884    Changed to bad:      77684
 Bad:        1374812    1452496    Changed to good:         0
 15.3% of the data is now flagged

2018-11-22 16:16:38,835 [MainThread  ] [INFO ]  pgflag vis=1934-638.9500 command='<b' stokes=i,v,u,q flagpar=8,2,2,3,6,3  options=nodisp

pgflag: Revision 1.30, 2016/10/05 23:06:50 UTC

Applying changes to dataset
Counts of correlations within selected channels:
 channel  Originally  Currently
 Good:       8013884    7840624    Changed to bad:     173260
 Bad:        1452496    1625756    Changed to good:         0
 17.2% of the data is now flagged

2018-11-22 16:17:53,220 [MainThread  ] [INFO ]  mfcal vis=1934-638.9500 refant=4 interval=0.1
MfCal: $Revision: 1.20 $, $Date: 2017/05/08 02:31:10 $
Selecting parallel-hand polarisations
Reading the data ...
Number correlations accepted: 3920312
Number of frequency bands/settings: 1
Number of polarisations selected: 2
Number of solution intervals: 77
Number of passband solution intervals: 1
Initialising ...
Using post-Aug94 ATCA flux scale for 1934-638.
Using known frequency variation of 1934-638
Generating initial solution estimate ...
Doing solution refinement ...
Iter= 1, Solution Error:  0.457
Iter= 2, Solution Error:  0.008
Iter= 3, Solution Error:  0.000
Saving solution ...

2018-11-22 16:17:55,311 [MainThread  ] [INFO ]  gpcal vis=1934-638.9500 refant=4 interval=0.1 nfbin=2 options=xyvary

gpcal: Revision 1.22, 2016/05/01 22:31:05 UTC

Applying bandpass corrections to 1934-638.9500
Number of antennae: 6
Reading the data ...
Number of solution intervals: 77
Total visibilities read: 1155
Number visibilities accepted: 1155
Using post-Aug94 ATCA flux scale for 1934-638.
Using IQUV =  2.5344,  0.0000,  0.0000,  0.0000 at   9.4716 GHz.
Using post-Aug94 ATCA flux scale for 1934-638.
Using IQUV =  2.6978,  0.0000,  0.0000,  0.0000 at   9.0075 GHz.
Using post-Aug94 ATCA flux scale for 1934-638.
Using IQUV =  2.3849,  0.0000,  0.0000,  0.0000 at   9.9482 GHz.
Iter= 1, Amplit/Phase Solution Error:   0.092
Iter= 1, Polarisation Solution Error:   0.035
Iter= 1, Overall Solution Error:        0.425
Iter= 2, Amplit/Phase Solution Error:   0.001
Iter= 2, Polarisation Solution Error:   0.000
Iter= 2, Overall Solution Error:        0.003
Iter= 3, Amplit/Phase Solution Error:   0.001
Iter= 3, Polarisation Solution Error:   0.000
Iter= 3, Overall Solution Error:        0.001
I flux density:   2.5344
Leakage terms:
 Ant 1:Dx,Dy = ( 0.00231, 0.00012),(-0.00135,-0.00032)
 Ant 2:Dx,Dy = ( 0.00328, 0.00188),(-0.00253, 0.00239)
 Ant 3:Dx,Dy = ( 0.00620,-0.00193),(-0.00890,-0.00223)
 Ant 4:Dx,Dy = ( 0.00255, 0.01562),(-0.00137, 0.01598)
 Ant 5:Dx,Dy = (-0.01619, 0.00289),( 0.01715, 0.00267)
 Ant 6:Dx,Dy = ( 0.00375,-0.01979),(-0.00111,-0.01729)
Solution for freq bin  1
Iter= 1, Amplit/Phase Solution Error:   0.090
Iter= 1, Polarisation Solution Error:   0.035
Iter= 1, Overall Solution Error:        0.408
Iter= 2, Amplit/Phase Solution Error:   0.002
Iter= 2, Polarisation Solution Error:   0.000
Iter= 2, Overall Solution Error:        0.003
Iter= 3, Amplit/Phase Solution Error:   0.001
Iter= 3, Polarisation Solution Error:   0.000
Iter= 3, Overall Solution Error:        0.001
I flux density:   2.6978
Leakage terms:
 Ant 1:Dx,Dy = ( 0.00247, 0.00040),(-0.00155,-0.00011)
 Ant 2:Dx,Dy = ( 0.00367, 0.00276),(-0.00226, 0.00308)
 Ant 3:Dx,Dy = ( 0.00617,-0.00250),(-0.00866,-0.00238)
 Ant 4:Dx,Dy = ( 0.00234, 0.01564),(-0.00190, 0.01621)
 Ant 5:Dx,Dy = (-0.01626, 0.00155),( 0.01683, 0.00216)
 Ant 6:Dx,Dy = ( 0.00378,-0.01928),(-0.00030,-0.01753)
Solution for freq bin  2
Iter= 1, Amplit/Phase Solution Error:   0.095
Iter= 1, Polarisation Solution Error:   0.036
Iter= 1, Overall Solution Error:        0.443
Iter= 2, Amplit/Phase Solution Error:   0.002
Iter= 2, Polarisation Solution Error:   0.000
Iter= 2, Overall Solution Error:        0.002
Iter= 3, Amplit/Phase Solution Error:   0.001
Iter= 3, Polarisation Solution Error:   0.000
Iter= 3, Overall Solution Error:        0.001
I flux density:   2.3849
Leakage terms:
 Ant 1:Dx,Dy = ( 0.00214,-0.00019),(-0.00112,-0.00054)
 Ant 2:Dx,Dy = ( 0.00284, 0.00092),(-0.00282, 0.00162)
 Ant 3:Dx,Dy = ( 0.00622,-0.00129),(-0.00918,-0.00206)
 Ant 4:Dx,Dy = ( 0.00278, 0.01560),(-0.00079, 0.01573)
 Ant 5:Dx,Dy = (-0.01610, 0.00435),( 0.01750, 0.00322)
 Ant 6:Dx,Dy = ( 0.00372,-0.02035),(-0.00200,-0.01702)

2018-11-22 16:18:36,150 [MainThread  ] [INFO ]  pgflag vis=1934-638.9500 command='<b' stokes=i,q,u,v flagpar=8,5,5,3,6,3 options=nodisp

pgflag: Revision 1.30, 2016/10/05 23:06:50 UTC

Applying bandpass corrections to 1934-638.9500
Applying freq. dependent gain corrections to 1934-638.9500
Applying freq. dependent leakage correction to 1934-638.9500
Applying changes to dataset
Counts of correlations within selected channels:
 channel  Originally  Currently
 Good:       7840624    7810460    Changed to bad:      30164
 Bad:        1625756    1655920    Changed to good:         0
 17.5% of the data is now flagged

2018-11-22 16:19:08,556 [MainThread  ] [INFO ]  pgflag vis=1934-638.9500 command='<b' stokes=i,v,q,u flagpar=8,2,2,3,6,3  options=nodisp

pgflag: Revision 1.30, 2016/10/05 23:06:50 UTC

Applying bandpass corrections to 1934-638.9500
Applying freq. dependent gain corrections to 1934-638.9500
Applying freq. dependent leakage correction to 1934-638.9500
Applying changes to dataset
Counts of correlations within selected channels:
 channel  Originally  Currently
 Good:       7810460    7776228    Changed to bad:      34232
 Bad:        1655920    1690152    Changed to good:         0
 17.9% of the data is now flagged

2018-11-22 16:19:41,594 [MainThread  ] [INFO ]  pgflag vis=1934-638.9500 command='<b' stokes=i,v,u,q flagpar=8,2,2,3,6,3  options=nodisp

pgflag: Revision 1.30, 2016/10/05 23:06:50 UTC

Applying bandpass corrections to 1934-638.9500
Applying freq. dependent gain corrections to 1934-638.9500
Applying freq. dependent leakage correction to 1934-638.9500
Applying changes to dataset
Counts of correlations within selected channels:
 channel  Originally  Currently
 Good:       7776228    7747812    Changed to bad:      28416
 Bad:        1690152    1718568    Changed to good:         0
 18.2% of the data is now flagged

2018-11-22 16:20:53,004 [MainThread  ] [INFO ]  mfcal vis=1934-638.9500 refant=4 interval=0.1
MfCal: $Revision: 1.20 $, $Date: 2017/05/08 02:31:10 $
Selecting parallel-hand polarisations
Reading the data ...
Number correlations accepted: 3873906
Number of frequency bands/settings: 1
Number of polarisations selected: 2
Number of solution intervals: 77
Number of passband solution intervals: 1
Initialising ...
Using post-Aug94 ATCA flux scale for 1934-638.
Using known frequency variation of 1934-638
Generating initial solution estimate ...
Doing solution refinement ...
Iter= 1, Solution Error:  0.461
Iter= 2, Solution Error:  0.008
Iter= 3, Solution Error:  0.000
Saving solution ...

2018-11-22 16:21:04,216 [MainThread  ] [INFO ]  gpcal vis=1934-638.9500 refant=4 interval=0.1 nfbin=2 options=xyvary

gpcal: Revision 1.22, 2016/05/01 22:31:05 UTC

Applying bandpass corrections to 1934-638.9500
Number of antennae: 6
Using leakage parameters from input as initial guess
Reading the data ...
Number of solution intervals: 77
Total visibilities read: 1155
Number visibilities accepted: 1155
Using post-Aug94 ATCA flux scale for 1934-638.
Using IQUV =  2.5345,  0.0000,  0.0000,  0.0000 at   9.4714 GHz.
Using post-Aug94 ATCA flux scale for 1934-638.
Using IQUV =  2.6980,  0.0000,  0.0000,  0.0000 at   9.0071 GHz.
Using post-Aug94 ATCA flux scale for 1934-638.
Using IQUV =  2.3857,  0.0000,  0.0000,  0.0000 at   9.9454 GHz.
Iter= 1, Amplit/Phase Solution Error:   0.092
Iter= 1, Polarisation Solution Error:   0.000
Iter= 1, Overall Solution Error:        0.425
Iter= 2, Amplit/Phase Solution Error:   0.001
Iter= 2, Polarisation Solution Error:   0.000
Iter= 2, Overall Solution Error:        0.003
Iter= 3, Amplit/Phase Solution Error:   0.001
Iter= 3, Polarisation Solution Error:   0.000
Iter= 3, Overall Solution Error:        0.001
I flux density:   2.5345
Leakage terms:
 Ant 1:Dx,Dy = ( 0.00231, 0.00011),(-0.00135,-0.00033)
 Ant 2:Dx,Dy = ( 0.00329, 0.00188),(-0.00253, 0.00240)
 Ant 3:Dx,Dy = ( 0.00619,-0.00195),(-0.00891,-0.00223)
 Ant 4:Dx,Dy = ( 0.00257, 0.01562),(-0.00137, 0.01599)
 Ant 5:Dx,Dy = (-0.01620, 0.00292),( 0.01716, 0.00268)
 Ant 6:Dx,Dy = ( 0.00375,-0.01982),(-0.00110,-0.01728)
Solution for freq bin  1
Iter= 1, Amplit/Phase Solution Error:   0.090
Iter= 1, Polarisation Solution Error:   0.001
Iter= 1, Overall Solution Error:        0.409
Iter= 2, Amplit/Phase Solution Error:   0.002
Iter= 2, Polarisation Solution Error:   0.000
Iter= 2, Overall Solution Error:        0.003
Iter= 3, Amplit/Phase Solution Error:   0.001
Iter= 3, Polarisation Solution Error:   0.000
Iter= 3, Overall Solution Error:        0.001
I flux density:   2.6980
Leakage terms:
 Ant 1:Dx,Dy = ( 0.00246, 0.00038),(-0.00156,-0.00013)
 Ant 2:Dx,Dy = ( 0.00369, 0.00277),(-0.00226, 0.00309)
 Ant 3:Dx,Dy = ( 0.00616,-0.00252),(-0.00867,-0.00238)
 Ant 4:Dx,Dy = ( 0.00237, 0.01564),(-0.00190, 0.01622)
 Ant 5:Dx,Dy = (-0.01630, 0.00159),( 0.01683, 0.00218)
 Ant 6:Dx,Dy = ( 0.00378,-0.01932),(-0.00028,-0.01751)
Solution for freq bin  2
Iter= 1, Amplit/Phase Solution Error:   0.095
Iter= 1, Polarisation Solution Error:   0.002
Iter= 1, Overall Solution Error:        0.443
Iter= 2, Amplit/Phase Solution Error:   0.002
Iter= 2, Polarisation Solution Error:   0.000
Iter= 2, Overall Solution Error:        0.002
Iter= 3, Amplit/Phase Solution Error:   0.001
Iter= 3, Polarisation Solution Error:   0.000
Iter= 3, Overall Solution Error:        0.001
I flux density:   2.3857
Leakage terms:
 Ant 1:Dx,Dy = ( 0.00215,-0.00018),(-0.00112,-0.00054)
 Ant 2:Dx,Dy = ( 0.00284, 0.00091),(-0.00282, 0.00164)
 Ant 3:Dx,Dy = ( 0.00623,-0.00130),(-0.00918,-0.00206)
 Ant 4:Dx,Dy = ( 0.00278, 0.01561),(-0.00078, 0.01572)
 Ant 5:Dx,Dy = (-0.01609, 0.00436),( 0.01751, 0.00322)
 Ant 6:Dx,Dy = ( 0.00371,-0.02036),(-0.00199,-0.01702)

2018-11-22 16:21:18,087 [MainThread  ] [INFO ]  gpcopy vis=1934-638.9500 out=2312-319.9500

gpcopy: Revision 1.13, 2015/10/29 01:31:39 UTC

Copying leakage table
Copying gain table
Interpolation tolerance set to (minutes): 720.00
Copying bandpass table

2018-11-22 16:25:41,399 [MainThread  ] [INFO ]  pgflag vis=2312-319.9500 command='<b' stokes=i,q,u,v flagpar=8,5,5,3,6,3 options=nodisp

pgflag: Revision 1.30, 2016/10/05 23:06:50 UTC

Applying bandpass corrections to 2312-319.9500
Applying freq. dependent gain corrections to 2312-319.9500
Applying freq. dependent leakage correction to 2312-319.9500
Applying changes to dataset
Counts of correlations within selected channels:
 channel  Originally  Currently
 Good:      66993056   66534316    Changed to bad:     458740
 Bad:       10647652   11106392    Changed to good:         0
 14.3% of the data is now flagged

2018-11-22 16:29:04,517 [MainThread  ] [INFO ]  pgflag vis=2312-319.9500 command='<b' stokes=i,v,q,u flagpar=8,2,2,3,6,3  options=nodisp

pgflag: Revision 1.30, 2016/10/05 23:06:50 UTC

Applying bandpass corrections to 2312-319.9500
Applying freq. dependent gain corrections to 2312-319.9500
Applying freq. dependent leakage correction to 2312-319.9500
Applying changes to dataset
Counts of correlations within selected channels:
 channel  Originally  Currently
 Good:      66534316   66106104    Changed to bad:     428212
 Bad:       11106392   11534604    Changed to good:         0
 14.9% of the data is now flagged

2018-11-22 16:32:09,850 [MainThread  ] [INFO ]  pgflag vis=2312-319.9500 command='<b' stokes=i,v,u,q flagpar=8,2,2,3,6,3  options=nodisp

pgflag: Revision 1.30, 2016/10/05 23:06:50 UTC

Applying bandpass corrections to 2312-319.9500
Applying freq. dependent gain corrections to 2312-319.9500
Applying freq. dependent leakage correction to 2312-319.9500
Applying changes to dataset
Counts of correlations within selected channels:
 channel  Originally  Currently
 Good:      66106104   65679124    Changed to bad:     426980
 Bad:       11534604   11961584    Changed to good:         0
 15.4% of the data is now flagged

2018-11-22 16:32:15,578 [MainThread  ] [INFO ]  gpcal vis=2312-319.9500 refant=4 interval=0.1 nfbin=2 options=xyvary,qusolve

gpcal: Revision 1.22, 2016/05/01 22:31:05 UTC

Applying bandpass corrections to 2312-319.9500
Number of antennae: 6
Using leakage parameters from input as initial guess
Reading the data ...
Number of solution intervals: 634
Total visibilities read: 9473
Number visibilities accepted: 9472
Iter= 1, Amplit/Phase Solution Error:   1.373
Iter= 1, Polarisation Solution Error:   0.007
Iter= 1, Overall Solution Error:        2.603
Iter= 2, Amplit/Phase Solution Error:   0.007
Iter= 2, Polarisation Solution Error:   0.000
Iter= 2, Overall Solution Error:        0.006
Iter= 3, Amplit/Phase Solution Error:   0.001
Iter= 3, Polarisation Solution Error:   0.000
Iter= 3, Overall Solution Error:        0.001
I flux density:   0.5533
Percent Q:  -0.662
Percent U:   0.023
Leakage terms:
 Ant 1:Dx,Dy = ( 0.00130,-0.00040),(-0.00085, 0.00023)
 Ant 2:Dx,Dy = ( 0.00308, 0.00133),(-0.00259, 0.00294)
 Ant 3:Dx,Dy = ( 0.00643,-0.00264),(-0.00967,-0.00165)
 Ant 4:Dx,Dy = ( 0.00219, 0.01498),(-0.00138, 0.01654)
 Ant 5:Dx,Dy = (-0.01636, 0.00233),( 0.01684, 0.00337)
 Ant 6:Dx,Dy = ( 0.00384,-0.02062),(-0.00186,-0.01642)
Solution for freq bin  1
Iter= 1, Amplit/Phase Solution Error:   1.341
Iter= 1, Polarisation Solution Error:   0.008
Iter= 1, Overall Solution Error:        2.570
Iter= 2, Amplit/Phase Solution Error:   0.008
Iter= 2, Polarisation Solution Error:   0.000
Iter= 2, Overall Solution Error:        0.008
Iter= 3, Amplit/Phase Solution Error:   0.001
Iter= 3, Polarisation Solution Error:   0.000
Iter= 3, Overall Solution Error:        0.001
I flux density:   0.5572
Percent Q:  -0.763
Percent U:   0.198
Leakage terms:
 Ant 1:Dx,Dy = ( 0.00147, 0.00009),(-0.00096, 0.00046)
 Ant 2:Dx,Dy = ( 0.00366, 0.00219),(-0.00224, 0.00368)
 Ant 3:Dx,Dy = ( 0.00642,-0.00331),(-0.00942,-0.00169)
 Ant 4:Dx,Dy = ( 0.00219, 0.01492),(-0.00186, 0.01666)
 Ant 5:Dx,Dy = (-0.01643, 0.00091),( 0.01645, 0.00276)
 Ant 6:Dx,Dy = ( 0.00397,-0.02004),(-0.00068,-0.01664)
Solution for freq bin  2
Iter= 1, Amplit/Phase Solution Error:   1.384
Iter= 1, Polarisation Solution Error:   0.006
Iter= 1, Overall Solution Error:        2.573
Iter= 2, Amplit/Phase Solution Error:   0.006
Iter= 2, Polarisation Solution Error:   0.000
Iter= 2, Overall Solution Error:        0.007
Iter= 3, Amplit/Phase Solution Error:   0.001
Iter= 3, Polarisation Solution Error:   0.000
Iter= 3, Overall Solution Error:        0.001
I flux density:   0.5512
Percent Q:  -0.564
Percent U:  -0.138
Leakage terms:
 Ant 1:Dx,Dy = ( 0.00112,-0.00086),(-0.00077, 0.00000)
 Ant 2:Dx,Dy = ( 0.00251, 0.00056),(-0.00293, 0.00225)
 Ant 3:Dx,Dy = ( 0.00643,-0.00198),(-0.00992,-0.00160)
 Ant 4:Dx,Dy = ( 0.00218, 0.01503),(-0.00094, 0.01644)
 Ant 5:Dx,Dy = (-0.01628, 0.00365),( 0.01722, 0.00393)
 Ant 6:Dx,Dy = ( 0.00372,-0.02114),(-0.00299,-0.01628)

2018-11-22 16:35:30,050 [MainThread  ] [INFO ]  pgflag vis=2312-319.9500 command='<b' stokes=i,q,u,v flagpar=8,5,5,3,6,3 options=nodisp

pgflag: Revision 1.30, 2016/10/05 23:06:50 UTC

Applying bandpass corrections to 2312-319.9500
Applying freq. dependent gain corrections to 2312-319.9500
Applying freq. dependent leakage correction to 2312-319.9500
Applying changes to dataset
Counts of correlations within selected channels:
 channel  Originally  Currently
 Good:      65679124   65322984    Changed to bad:     356140
 Bad:       11961584   12317724    Changed to good:         0
 15.9% of the data is now flagged

2018-11-22 16:38:46,229 [MainThread  ] [INFO ]  pgflag vis=2312-319.9500 command='<b' stokes=i,v,q,u flagpar=8,2,2,3,6,3  options=nodisp

pgflag: Revision 1.30, 2016/10/05 23:06:50 UTC

Applying bandpass corrections to 2312-319.9500
Applying freq. dependent gain corrections to 2312-319.9500
Applying freq. dependent leakage correction to 2312-319.9500
Applying changes to dataset
Counts of correlations within selected channels:
 channel  Originally  Currently
 Good:      65322984   64989696    Changed to bad:     333288
 Bad:       12317724   12651012    Changed to good:         0
 16.3% of the data is now flagged

2018-11-22 16:42:07,192 [MainThread  ] [INFO ]  pgflag vis=2312-319.9500 command='<b' stokes=i,v,u,q flagpar=8,2,2,3,6,3  options=nodisp

pgflag: Revision 1.30, 2016/10/05 23:06:50 UTC

Applying bandpass corrections to 2312-319.9500
Applying freq. dependent gain corrections to 2312-319.9500
Applying freq. dependent leakage correction to 2312-319.9500
Applying changes to dataset
Counts of correlations within selected channels:
 channel  Originally  Currently
 Good:      64989696   64682580    Changed to bad:     307116
 Bad:       12651012   12958128    Changed to good:         0
 16.7% of the data is now flagged

2018-11-22 16:42:13,241 [MainThread  ] [INFO ]  gpcal vis=2312-319.9500 refant=4 interval=0.1 nfbin=2 options=xyvary,qusolve

gpcal: Revision 1.22, 2016/05/01 22:31:05 UTC

Applying bandpass corrections to 2312-319.9500
Number of antennae: 6
Using leakage parameters from input as initial guess
Reading the data ...
Number of solution intervals: 634
Total visibilities read: 9473
Number visibilities accepted: 9472
Iter= 1, Amplit/Phase Solution Error:   1.371
Iter= 1, Polarisation Solution Error:   0.007
Iter= 1, Overall Solution Error:        2.603
Iter= 2, Amplit/Phase Solution Error:   0.007
Iter= 2, Polarisation Solution Error:   0.000
Iter= 2, Overall Solution Error:        0.006
Iter= 3, Amplit/Phase Solution Error:   0.001
Iter= 3, Polarisation Solution Error:   0.000
Iter= 3, Overall Solution Error:        0.001
I flux density:   0.5543
Percent Q:  -0.662
Percent U:   0.022
Leakage terms:
 Ant 1:Dx,Dy = ( 0.00129,-0.00041),(-0.00085, 0.00023)
 Ant 2:Dx,Dy = ( 0.00309, 0.00133),(-0.00259, 0.00294)
 Ant 3:Dx,Dy = ( 0.00644,-0.00263),(-0.00967,-0.00165)
 Ant 4:Dx,Dy = ( 0.00222, 0.01498),(-0.00137, 0.01653)
 Ant 5:Dx,Dy = (-0.01636, 0.00236),( 0.01687, 0.00337)
 Ant 6:Dx,Dy = ( 0.00384,-0.02064),(-0.00187,-0.01642)
Solution for freq bin  1
Iter= 1, Amplit/Phase Solution Error:   1.337
Iter= 1, Polarisation Solution Error:   0.008
Iter= 1, Overall Solution Error:        2.570
Iter= 2, Amplit/Phase Solution Error:   0.008
Iter= 2, Polarisation Solution Error:   0.000
Iter= 2, Overall Solution Error:        0.008
Iter= 3, Amplit/Phase Solution Error:   0.001
Iter= 3, Polarisation Solution Error:   0.000
Iter= 3, Overall Solution Error:        0.001
I flux density:   0.5582
Percent Q:  -0.759
Percent U:   0.196
Leakage terms:
 Ant 1:Dx,Dy = ( 0.00144, 0.00008),(-0.00099, 0.00047)
 Ant 2:Dx,Dy = ( 0.00365, 0.00220),(-0.00226, 0.00371)
 Ant 3:Dx,Dy = ( 0.00640,-0.00331),(-0.00942,-0.00169)
 Ant 4:Dx,Dy = ( 0.00221, 0.01493),(-0.00189, 0.01662)
 Ant 5:Dx,Dy = (-0.01648, 0.00093),( 0.01646, 0.00275)
 Ant 6:Dx,Dy = ( 0.00395,-0.02006),(-0.00071,-0.01664)
Solution for freq bin  2
Iter= 1, Amplit/Phase Solution Error:   1.381
Iter= 1, Polarisation Solution Error:   0.006
Iter= 1, Overall Solution Error:        2.573
Iter= 2, Amplit/Phase Solution Error:   0.006
Iter= 2, Polarisation Solution Error:   0.000
Iter= 2, Overall Solution Error:        0.007
Iter= 3, Amplit/Phase Solution Error:   0.001
Iter= 3, Polarisation Solution Error:   0.000
Iter= 3, Overall Solution Error:        0.001
I flux density:   0.5522
Percent Q:  -0.565
Percent U:  -0.136
Leakage terms:
 Ant 1:Dx,Dy = ( 0.00111,-0.00086),(-0.00076, 0.00001)
 Ant 2:Dx,Dy = ( 0.00252, 0.00055),(-0.00293, 0.00225)
 Ant 3:Dx,Dy = ( 0.00645,-0.00199),(-0.00991,-0.00159)
 Ant 4:Dx,Dy = ( 0.00219, 0.01503),(-0.00093, 0.01644)
 Ant 5:Dx,Dy = (-0.01627, 0.00366),( 0.01723, 0.00393)
 Ant 6:Dx,Dy = ( 0.00372,-0.02116),(-0.00297,-0.01627)

2018-11-22 16:42:13,271 [MainThread  ] [INFO ]  gpboot vis=2312-319.9500 cal=1934-638.9500

gpboot: Revision 1.9, 2015/10/29 01:31:30 UTC

Secondary flux density scaled by:   0.996
Frequency bin  1 scaled by      :   0.998
Frequency bin  2 scaled by      :   0.999

2018-11-22 16:43:56,511 [MainThread  ] [INFO ]  gpcopy vis=2312-319.9500 out=a.9500

gpcopy: Revision 1.13, 2015/10/29 01:31:39 UTC

Copying leakage table
Copying gain table
Interpolation tolerance set to (minutes): 720.00
Copying bandpass table

2018-11-22 17:05:38,458 [MainThread  ] [INFO ]  pgflag vis=a.9500 command='<b' stokes=i,v,q,u flagpar=8,2,2,3,6,3  options=nodisp

pgflag: Revision 1.30, 2016/10/05 23:06:50 UTC

Applying bandpass corrections to a.9500
Applying freq. dependent gain corrections to a.9500
Applying freq. dependent leakage correction to a.9500
Applying changes to dataset
Counts of correlations within selected channels:
 channel  Originally  Currently
 Good:     430161472  418430080    Changed to bad:   11731392
 Bad:       68368424   80099816    Changed to good:         0
 16.1% of the data is now flagged

2018-11-22 17:29:11,971 [MainThread  ] [INFO ]  pgflag vis=a.9500 command='<b' stokes=i,v,u,q flagpar=8,2,2,3,6,3  options=nodisp

pgflag: Revision 1.30, 2016/10/05 23:06:50 UTC

Applying bandpass corrections to a.9500
Applying freq. dependent gain corrections to a.9500
Applying freq. dependent leakage correction to a.9500
Applying changes to dataset
Counts of correlations within selected channels:
 channel  Originally  Currently
 Good:     418430080  410034868    Changed to bad:    8395212
 Bad:       80099816   88495028    Changed to good:         0
 17.8% of the data is now flagged

2018-11-22 17:33:56,080 [MainThread  ] [INFO ]  uvsplit vis=a.9500

uvsplit: Revision 1.18, 2016/05/09 03:06:18 UTC

Creating a_1081.9500
Creating a_1082.9500
Creating a_1083.9500
Creating a_1084.9500
Creating a_1085.9500
Creating a_1086.9500
Creating a_1087.9500
Creating a_1088.9500
Creating a_1089.9500
Creating a_1090.9500
Creating a_1091.9500
Creating a_1092.9500
Creating a_1093.9500
Creating a_1094.9500
Creating a_1095.9500
Creating a_1096.9500
Creating a_1097.9500
Creating a_1098.9500
Creating a_1099.9500
Creating a_1100.9500
Creating a_1101.9500
Creating a_1102.9500
Creating a_1103.9500
Creating a_1104.9500
Creating a_1105.9500
Creating a_1106.9500
Creating a_1107.9500
Creating a_1108.9500
Creating a_1109.9500
Creating a_1110.9500
Creating a_1111.9500
Creating a_1112.9500
Creating a_1113.9500
Creating a_1114.9500
Creating a_1115.9500
Creating a_1116.9500
Creating a_1117.9500
Creating a_1118.9500
Creating a_1119.9500
Creating a_1120.9500
Creating a_1121.9500
Creating a_1122.9500
Creating a_1123.9500
Creating a_1124.9500
Creating a_1125.9500
Creating a_1126.9500
Creating a_1127.9500
Creating a_1128.9500
Creating a_1129.9500
Creating a_1130.9500
Creating a_1131.9500
Creating a_1132.9500
Creating a_1133.9500
Creating a_1134.9500
Creating a_1135.9500
Creating a_1136.9500
Creating a_1137.9500
Creating a_1138.9500
Creating a_1139.9500
Creating a_1140.9500
Creating a_1141.9500
Creating a_1142.9500
Creating a_1143.9500
Creating a_1144.9500
Creating a_1145.9500
Creating a_1146.9500
Creating a_1147.9500
Creating a_1148.9500
Creating a_1149.9500
Creating a_1150.9500
Creating a_1151.9500
Creating a_1152.9500
Creating a_1153.9500
Creating a_1154.9500
Creating a_1155.9500
Creating a_1156.9500
Creating a_1157.9500
Creating a_1158.9500
Creating a_1159.9500
Creating a_1160.9500
Creating a_1161.9500
Creating a_1162.9500
Creating a_1163.9500
Creating a_1164.9500
Creating a_1165.9500
Creating a_1166.9500
Creating a_1167.9500
Creating a_1168.9500
Creating a_1169.9500
Creating a_1170.9500
Creating a_1171.9500
Creating a_1172.9500
Creating a_1173.9500
Creating a_1174.9500
Creating a_1175.9500
Creating a_1176.9500
Creating a_1177.9500
Creating a_1178.9500
Creating a_1179.9500
Creating a_1180.9500
Creating a_1181.9500
Creating a_1182.9500
Creating a_1183.9500
Creating a_1184.9500
Creating a_1185.9500
Creating a_1186.9500
Creating a_1187.9500
Creating a_1188.9500
Creating a_1189.9500
Creating a_1190.9500
Creating a_1191.9500
Creating a_1192.9500
Creating a_1193.9500
Creating a_1194.9500
Creating a_1195.9500
Creating a_1196.9500
Creating a_1197.9500
Creating a_1198.9500
Creating a_1199.9500
Creating a_1200.9500
Creating a_1201.9500
Creating a_1202.9500
Creating a_1203.9500
Creating a_1204.9500
Creating a_1205.9500
Creating a_1206.9500
Creating a_1207.9500
Creating a_1208.9500
Creating a_1209.9500
Creating a_1210.9500
Creating a_1211.9500
Creating a_1212.9500
Creating a_1213.9500
Creating a_1214.9500
Creating a_1215.9500
Creating a_1216.9500
Creating a_1217.9500
Creating a_1218.9500
Creating a_1219.9500
Creating a_1220.9500
Creating a_1221.9500
Creating a_1222.9500
Creating a_1223.9500
Creating a_1224.9500
Creating a_1225.9500
Creating a_1226.9500
Creating a_1227.9500
Creating a_1228.9500
Creating a_1229.9500
Creating a_1230.9500
Creating a_1231.9500
Creating a_1232.9500
Creating a_1233.9500
Creating a_1234.9500
Creating a_1235.9500
Creating a_1236.9500
Creating a_1237.9500
Creating a_1238.9500
Creating a_1239.9500
Creating a_1240.9500
Creating a_1241.9500
Creating a_1242.9500
Creating a_1243.9500
Creating a_1244.9500
Creating a_1245.9500
Creating a_1246.9500
Creating a_1247.9500
Creating a_1248.9500
Creating a_1249.9500
Creating a_1250.9500
Creating a_1251.9500
Creating a_1252.9500
Creating a_1253.9500
Creating a_1254.9500
Creating a_1255.9500
Creating a_1256.9500
Creating a_1257.9500
Creating a_1258.9500
Creating a_1259.9500
Creating a_1260.9500

