2018-11-02 13:05:08,616 [MainThread  ] [INFO ]  atlod in=raw/2018-06-20_1612.C3132,raw/2018-06-20_1900.C3132,raw/2018-06-20_2146.C3132 out=data9.uv ifsel=2 options=birdie,rfiflag,noauto,xycorr

atlod: Revision 1.53, 2016/08/25 23:02:21 UTC

Processing file raw/2018-06-20_1612.C3132
 16:12:39 CAOBS> track 1
CABB data detected
Scan 1 started at 18JUN20:16:13:00.0
Source: 1934-638
Flagging channels in  28 frequency ranges
 16:22:21 CAOBS> stop
 16:22:27 CAOBS> set file c3132_ob_c7
 16:22:33 CAOBS> set file c3132_obs_c7
 16:22:38 CAOBS> track 7
Scan 2 started at 18JUN20:16:25:00.0
Source: 2312-319
 16:25:17 CAOBS> stop
 16:25:19 CAOBS> start 7/99
Scan 3 started at 18JUN20:16:25:40.0
Scan 4 started at 18JUN20:16:28:36.0
Source: c_1141
Source: c_1142
Source: c_1143
Source: c_1144
Source: c_1145
Source: c_1146
Source: c_1147
Source: c_1148
Source: c_1149
Source: c_1150
Source: c_1151
Source: c_1152
Source: c_1153
Source: c_1154
Source: c_1155
Source: c_1156
Source: c_1157
Source: c_1158
Source: c_1159
Source: c_1160
Scan 5 started at 18JUN20:16:41:56.0
Source: 2312-319
Scan 6 started at 18JUN20:16:44:52.0
Source: c_1161
Source: c_1162
Source: c_1163
Source: c_1164
Source: c_1165
Source: c_1166
Source: c_1167
Source: c_1168
Source: c_1169
Source: c_1170
Source: c_1171
Source: c_1172
Source: c_1173
Source: c_1174
Source: c_1175
Source: c_1176
Source: c_1177
Source: c_1178
Source: c_1179
Source: c_1180
Scan 7 started at 18JUN20:16:58:12.0
Source: 2312-319
Scan 8 started at 18JUN20:17:01:08.0
Source: c_1181
Source: c_1182
Source: c_1183
Source: c_1184
Source: c_1185
Source: c_1186
Source: c_1187
Source: c_1188
Source: c_1189
Source: c_1190
Source: c_1191
Source: c_1192
Source: c_1193
Source: c_1194
Source: c_1195
Source: c_1196
Source: c_1197
Source: c_1198
Source: c_1199
Source: c_1200
Scan 9 started at 18JUN20:17:14:28.0
Source: 2312-319
Scan 10 started at 18JUN20:17:17:24.0
Source: c_1201
Source: c_1202
Source: c_1203
Source: c_1204
Source: c_1205
Source: c_1206
Source: c_1207
Source: c_1208
Source: c_1209
Source: c_1210
Source: c_1211
Source: c_1212
Source: c_1213
Source: c_1214
Source: c_1215
Source: c_1216
Source: c_1217
Source: c_1218
Source: c_1219
Source: c_1220
Scan 11 started at 18JUN20:17:30:44.0
Source: 2312-319
Scan 12 started at 18JUN20:17:33:40.0
Source: c_1221
Source: c_1222
Source: c_1223
Source: c_1224
Source: c_1225
Source: c_1226
Source: c_1227
Source: c_1228
Source: c_1229
Source: c_1230
Source: c_1231
Source: c_1232
Source: c_1233
Source: c_1234
Source: c_1235
Source: c_1236
Source: c_1237
Source: c_1238
Source: c_1239
Source: c_1240
Scan 13 started at 18JUN20:17:47:00.0
Source: 2312-319
Scan 14 started at 18JUN20:17:49:56.0
Source: c_1241
Source: c_1242
Source: c_1243
Source: c_1244
Source: c_1245
Source: c_1246
Source: c_1247
Source: c_1248
Source: c_1249
Source: c_1250
Source: c_1251
Source: c_1252
Source: c_1253
Source: c_1254
Source: c_1255
Source: c_1256
Source: c_1257
Source: c_1258
Source: c_1259
Source: c_1260
Scan 15 started at 18JUN20:18:03:16.0
Source: 2312-319
Scan 16 started at 18JUN20:18:06:20.0
Source: c_1081
Source: c_1082
Source: c_1083
Source: c_1084
Source: c_1085
Source: c_1086
Source: c_1087
Source: c_1088
Source: c_1089
Source: c_1090
Source: c_1091
Source: c_1092
Source: c_1093
Source: c_1094
Source: c_1095
Source: c_1096
Source: c_1097
Source: c_1098
Source: c_1099
Source: c_1100
Scan 17 started at 18JUN20:18:19:32.0
Source: 2312-319
Scan 18 started at 18JUN20:18:22:44.0
Source: c_1101
Source: c_1102
Source: c_1103
Source: c_1104
Source: c_1105
Source: c_1106
Source: c_1107
Source: c_1108
Source: c_1109
Source: c_1110
Source: c_1111
Source: c_1112
Source: c_1113
Source: c_1114
Source: c_1115
Source: c_1116
Source: c_1117
Source: c_1118
Source: c_1119
Source: c_1120
Scan 19 started at 18JUN20:18:36:04.0
Source: 2312-319
Scan 20 started at 18JUN20:18:39:16.0
Source: c_1121
Source: c_1122
Source: c_1123
Source: c_1124
Source: c_1125
Source: c_1126
Source: c_1127
Source: c_1128
Source: c_1129
Source: c_1130
Source: c_1131
Source: c_1132
Source: c_1133
Source: c_1134
Source: c_1135
Source: c_1136
Source: c_1137
Source: c_1138
Source: c_1139
Source: c_1140
Scan 21 started at 18JUN20:18:52:36.0
Source: 2312-319
RPFITS file version is 2.12
---------------------------------------
Total number of spectra selected: 72660

Summary of spectra flagged
Flagging Reason            Fraction
---------------            --------
Antenna off-source/off-line  9.03%
---------------------------------------
Processing file raw/2018-06-20_1900.C3132
CABB data detected
Scan 1 started at 18JUN20:19:05:24.0
Source: c_1144
Source: c_1145
Source: c_1146
Source: c_1147
Source: c_1148
Source: c_1149
Source: c_1150
Source: c_1153
Source: c_1159
Source: c_1160
Scan 2 started at 18JUN20:19:27:08.0
Source: 2312-319
Scan 3 started at 18JUN20:19:30:52.0
Source: c_1161
Source: c_1162
Source: c_1163
Source: c_1164
Source: c_1165
Source: c_1166
Source: c_1167
Source: c_1168
Source: c_1169
Source: c_1170
Source: c_1171
Source: c_1172
Source: c_1173
Source: c_1174
Source: c_1175
Source: c_1176
Source: c_1177
Source: c_1178
Source: c_1179
Source: c_1180
Scan 4 started at 18JUN20:19:43:56.0
Source: 2312-319
Scan 5 started at 18JUN20:19:47:00.0
Source: c_1181
Source: c_1182
Source: c_1183
Source: c_1184
Source: c_1185
Source: c_1186
Source: c_1187
Source: c_1188
Source: c_1189
Source: c_1190
Source: c_1191
Source: c_1192
Source: c_1193
Source: c_1194
Source: c_1195
Source: c_1196
Source: c_1197
Source: c_1198
Source: c_1199
Source: c_1200
Scan 6 started at 18JUN20:20:00:20.0
Source: 2312-319
Scan 7 started at 18JUN20:20:03:24.0
Source: c_1201
Source: c_1202
Source: c_1203
Source: c_1204
Source: c_1205
Source: c_1206
Source: c_1207
Source: c_1208
Source: c_1209
Source: c_1210
Source: c_1211
Source: c_1212
Source: c_1213
Source: c_1214
Source: c_1215
Source: c_1216
Source: c_1217
Source: c_1218
Source: c_1219
Source: c_1220
Scan 8 started at 18JUN20:20:16:52.0
Source: 2312-319
Scan 9 started at 18JUN20:20:19:56.0
Source: c_1221
Source: c_1222
Source: c_1223
Source: c_1224
Source: c_1225
Source: c_1226
Source: c_1227
Source: c_1228
Source: c_1229
Source: c_1230
Source: c_1231
Source: c_1232
Source: c_1233
Source: c_1234
Source: c_1235
Source: c_1236
Source: c_1237
Source: c_1238
Source: c_1239
Source: c_1240
Scan 10 started at 18JUN20:20:33:16.0
Source: 2312-319
Scan 11 started at 18JUN20:20:36:12.0
Source: c_1241
Source: c_1242
Source: c_1243
Source: c_1244
Source: c_1245
Source: c_1246
Source: c_1247
Source: c_1248
Source: c_1249
Source: c_1250
Source: c_1251
Source: c_1252
Source: c_1253
Source: c_1254
Source: c_1255
Source: c_1256
Source: c_1257
Source: c_1258
Source: c_1259
Source: c_1260
Scan 12 started at 18JUN20:20:49:32.0
Source: 2312-319
Scan 13 started at 18JUN20:20:52:28.0
Source: c_1081
Source: c_1082
Source: c_1083
Source: c_1084
Source: c_1085
Source: c_1086
Source: c_1087
Source: c_1088
Source: c_1089
Source: c_1090
Source: c_1091
Source: c_1092
Source: c_1093
Source: c_1094
Source: c_1095
Source: c_1096
Source: c_1097
Source: c_1098
Source: c_1099
Source: c_1100
Scan 14 started at 18JUN20:21:05:48.0
Source: 2312-319
Scan 15 started at 18JUN20:21:08:44.0
Source: c_1101
Source: c_1102
Source: c_1103
Source: c_1104
Source: c_1105
Source: c_1106
Source: c_1107
Source: c_1108
Source: c_1109
Source: c_1110
Source: c_1111
Source: c_1112
Source: c_1113
Source: c_1114
Source: c_1115
Source: c_1116
Source: c_1117
Source: c_1118
Source: c_1119
Source: c_1120
Scan 16 started at 18JUN20:21:22:04.0
Source: 2312-319
Scan 17 started at 18JUN20:21:25:00.0
Source: c_1121
Source: c_1122
Source: c_1123
Source: c_1124
Source: c_1125
Source: c_1126
Source: c_1127
Source: c_1128
Source: c_1129
Source: c_1130
Source: c_1131
Source: c_1132
Source: c_1133
Source: c_1134
Source: c_1135
Source: c_1136
Source: c_1137
Source: c_1138
Source: c_1139
Source: c_1140
Scan 18 started at 18JUN20:21:38:20.0
Source: 2312-319
Scan 19 started at 18JUN20:21:41:16.0
Source: c_1141
Source: c_1142
Source: c_1143
Source: c_1144
Source: c_1145
Source: c_1146
Source: c_1147
Source: c_1148
Source: c_1149
RPFITS file version is 2.12
---------------------------------------
Total number of spectra selected: 72660

Summary of spectra flagged
Flagging Reason            Fraction
---------------            --------
Antenna off-source/off-line  18.8%
---------------------------------------
Processing file raw/2018-06-20_2146.C3132
CABB data detected
Scan 1 started at 18JUN20:21:46:44.0
Source: c_1149
Source: c_1150
Source: c_1151
Source: c_1152
Source: c_1153
Source: c_1154
Source: c_1155
Source: c_1156
Source: c_1157
Source: c_1158
Source: c_1159
Source: c_1160
Scan 2 started at 18JUN20:21:54:36.0
Source: 2312-319
Scan 3 started at 18JUN20:21:57:32.0
Source: c_1161
Source: c_1162
Source: c_1163
Source: c_1164
Source: c_1165
Source: c_1166
Source: c_1167
Source: c_1168
Source: c_1169
Source: c_1170
Source: c_1171
Source: c_1172
Source: c_1173
Source: c_1174
Source: c_1175
Source: c_1176
Source: c_1177
Source: c_1178
Source: c_1179
Source: c_1180
Scan 4 started at 18JUN20:22:10:52.0
Source: 2312-319
Scan 5 started at 18JUN20:22:13:48.0
Source: c_1181
Source: c_1182
Source: c_1183
Source: c_1184
Source: c_1185
Source: c_1186
Source: c_1187
Source: c_1188
Source: c_1189
Source: c_1190
Source: c_1191
Source: c_1192
Source: c_1193
Source: c_1194
Source: c_1195
Source: c_1196
Source: c_1197
Source: c_1198
Source: c_1199
Source: c_1200
Scan 6 started at 18JUN20:22:27:08.0
Source: 2312-319
Scan 7 started at 18JUN20:22:30:04.0
Source: c_1201
Source: c_1202
Source: c_1203
Source: c_1204
Source: c_1205
Source: c_1206
Source: c_1207
Source: c_1208
Source: c_1209
Source: c_1210
Source: c_1211
Source: c_1212
Source: c_1213
Source: c_1214
Source: c_1215
Source: c_1216
Source: c_1217
Source: c_1218
Source: c_1219
Source: c_1220
Scan 8 started at 18JUN20:22:43:24.0
Source: 2312-319
Scan 9 started at 18JUN20:22:46:20.0
Source: c_1221
Source: c_1222
Source: c_1223
Source: c_1224
Source: c_1225
Source: c_1226
Source: c_1227
Source: c_1228
Source: c_1229
Source: c_1230
Source: c_1231
Source: c_1232
Source: c_1233
Source: c_1234
Source: c_1235
Source: c_1236
Source: c_1237
Source: c_1238
Source: c_1239
Source: c_1240
Scan 10 started at 18JUN20:22:59:40.0
Source: 2312-319
Scan 11 started at 18JUN20:23:02:36.0
Source: c_1241
Source: c_1242
Source: c_1243
Source: c_1244
Source: c_1245
Source: c_1246
Source: c_1247
Source: c_1248
Source: c_1249
Source: c_1250
Source: c_1251
Source: c_1252
Source: c_1253
Source: c_1254
Source: c_1255
Source: c_1256
Source: c_1257
Source: c_1258
Source: c_1259
Source: c_1260
Scan 12 started at 18JUN20:23:15:56.0
Source: 2312-319
Scan 13 started at 18JUN20:23:18:52.0
Source: c_1081
Source: c_1082
Source: c_1083
Source: c_1084
Source: c_1085
Source: c_1086
Source: c_1087
Source: c_1088
Source: c_1089
Source: c_1090
Source: c_1091
Source: c_1092
Source: c_1093
Source: c_1094
Source: c_1095
Source: c_1096
Source: c_1097
Source: c_1098
Source: c_1099
Source: c_1100
Scan 14 started at 18JUN20:23:32:12.0
Source: 2312-319
Scan 15 started at 18JUN20:23:35:00.0
Source: c_1101
Source: c_1102
Source: c_1103
Source: c_1104
Source: c_1105
Source: c_1106
Source: c_1107
Source: c_1108
Source: c_1109
Source: c_1110
Source: c_1111
Source: c_1112
Source: c_1113
Source: c_1114
Source: c_1115
Source: c_1116
Source: c_1117
Source: c_1118
Source: c_1119
Source: c_1120
Scan 16 started at 18JUN20:23:48:28.0
Source: 2312-319
Scan 17 started at 18JUN20:23:51:24.0
Source: c_1121
Source: c_1122
Source: c_1123
Source: c_1124
Source: c_1125
Source: c_1126
Source: c_1127
Source: c_1128
Source: c_1129
Source: c_1130
Source: c_1131
Source: c_1132
Source: c_1133
Source: c_1134
Source: c_1135
Source: c_1136
Source: c_1137
Source: c_1138
Source: c_1139
Source: c_1140
Scan 18 started at 18JUN21:00:04:44.0
Source: 2312-319
Scan 19 started at 18JUN21:00:07:32.0
Source: c_1141
Source: c_1142
Source: c_1143
Source: c_1144
Source: c_1145
Source: c_1146
Source: c_1147
Source: c_1148
Source: c_1149
Source: c_1150
Source: c_1151
Source: c_1152
Source: c_1153
Source: c_1154
Source: c_1155
Source: c_1156
Source: c_1157
Source: c_1158
Source: c_1159
Source: c_1160
Scan 20 started at 18JUN21:00:21:00.0
Source: 2312-319
Scan 21 started at 18JUN21:00:23:56.0
Source: c_1161
Source: c_1162
Source: c_1163
Source: c_1164
Source: c_1165
Source: c_1166
Source: c_1167
Source: c_1168
Source: c_1169
Source: c_1170
Source: c_1171
Source: c_1172
Source: c_1173
Source: c_1174
Source: c_1175
RPFITS file version is 2.12
---------------------------------------
Total number of spectra selected: 72660

Summary of spectra flagged
Flagging Reason            Fraction
---------------            --------
Antenna off-source/off-line  4.03%
---------------------------------------

No CACAL data was detected

2018-11-02 13:05:49,759 [MainThread  ] [INFO ]  uvflag vis=data9.uv line=chan,65,850,1 flagval=flag

uvflag: Revision 1.8, 2014/09/30 14:23:39 UTC


Set flags to indicate bad data in visibility file data9.uv
Linetype channel; select   65 channels; start  850, width    1, step    1

Overview of flagging on visibility file data9.uv
Changed flags set to FALSE (data flagged as bad)
Total number of records selected: 194812; out of 194812 records
Antennas used: 1-6
Counts of correlations within selected channels
channel   Originally    Currently
Good:        12662780.           0.    Changed to bad:    12662780.
Bad:                0.    12662780.

2018-11-02 13:06:26,194 [MainThread  ] [INFO ]  uvsplit vis=data9.uv options=mosaic

uvsplit: Revision 1.18, 2016/05/09 03:06:18 UTC

Creating 1934-638.9500
Creating 2312-319.9500
Creating c.9500

2018-11-02 13:06:40,508 [MainThread  ] [INFO ]  pgflag vis=1934-638.9500 command='<b' stokes=i,q,u,v flagpar=8,5,5,3,6,3 options=nodisp

pgflag: Revision 1.30, 2016/10/05 23:06:50 UTC

Applying changes to dataset
Counts of correlations within selected channels:
 channel  Originally  Currently
 Good:       7425600    7303732    Changed to bad:     121868
 Bad:        1180200    1302068    Changed to good:         0
 15.1% of the data is now flagged

2018-11-02 13:06:53,162 [MainThread  ] [INFO ]  pgflag vis=1934-638.9500 command='<b' stokes=i,v,q,u flagpar=8,2,2,3,6,3  options=nodisp

pgflag: Revision 1.30, 2016/10/05 23:06:50 UTC

Applying changes to dataset
Counts of correlations within selected channels:
 channel  Originally  Currently
 Good:       7303732    7143684    Changed to bad:     160048
 Bad:        1302068    1462116    Changed to good:         0
 17.0% of the data is now flagged

2018-11-02 13:07:08,895 [MainThread  ] [INFO ]  pgflag vis=1934-638.9500 command='<b' stokes=i,v,u,q flagpar=8,2,2,3,6,3  options=nodisp

pgflag: Revision 1.30, 2016/10/05 23:06:50 UTC

Applying changes to dataset
Counts of correlations within selected channels:
 channel  Originally  Currently
 Good:       7143684    6987440    Changed to bad:     156244
 Bad:        1462116    1618360    Changed to good:         0
 18.8% of the data is now flagged

2018-11-02 13:08:14,796 [MainThread  ] [INFO ]  mfcal vis=1934-638.9500 refant=4 interval=0.1
MfCal: $Revision: 1.20 $, $Date: 2017/05/08 02:31:10 $
Selecting parallel-hand polarisations
Reading the data ...
Number correlations accepted: 3493720
Number of frequency bands/settings: 1
Number of polarisations selected: 2
Number of solution intervals: 70
Number of passband solution intervals: 1
Initialising ...
Using post-Aug94 ATCA flux scale for 1934-638.
Using known frequency variation of 1934-638
Generating initial solution estimate ...
Doing solution refinement ...
Iter= 1, Solution Error:  0.472
Iter= 2, Solution Error:  0.006
Iter= 3, Solution Error:  0.000
Saving solution ...

2018-11-02 13:08:15,898 [MainThread  ] [INFO ]  gpcal vis=1934-638.9500 refant=4 interval=0.1 nfbin=2 options=xyvary

gpcal: Revision 1.22, 2016/05/01 22:31:05 UTC

Applying bandpass corrections to 1934-638.9500
Number of antennae: 6
Reading the data ...
Number of solution intervals: 70
Total visibilities read: 1050
Number visibilities accepted: 1050
Using post-Aug94 ATCA flux scale for 1934-638.
Using IQUV =  2.5397,  0.0000,  0.0000,  0.0000 at   9.4556 GHz.
Using post-Aug94 ATCA flux scale for 1934-638.
Using IQUV =  2.6977,  0.0000,  0.0000,  0.0000 at   9.0080 GHz.
Using post-Aug94 ATCA flux scale for 1934-638.
Using IQUV =  2.3876,  0.0000,  0.0000,  0.0000 at   9.9388 GHz.
Iter= 1, Amplit/Phase Solution Error:   0.160
Iter= 1, Polarisation Solution Error:   0.034
Iter= 1, Overall Solution Error:        0.589
Iter= 2, Amplit/Phase Solution Error:   0.002
Iter= 2, Polarisation Solution Error:   0.000
Iter= 2, Overall Solution Error:        0.004
Iter= 3, Amplit/Phase Solution Error:   0.000
Iter= 3, Polarisation Solution Error:   0.000
Iter= 3, Overall Solution Error:        0.000
I flux density:   2.5397
Leakage terms:
 Ant 1:Dx,Dy = ( 0.00149,-0.00791),(-0.00001,-0.00776)
 Ant 2:Dx,Dy = ( 0.00309, 0.00321),(-0.00335, 0.00386)
 Ant 3:Dx,Dy = ( 0.00553,-0.00204),(-0.00794,-0.00266)
 Ant 4:Dx,Dy = ( 0.00377, 0.01711),(-0.00244, 0.01751)
 Ant 5:Dx,Dy = (-0.01643, 0.00595),( 0.01592, 0.00560)
 Ant 6:Dx,Dy = ( 0.00250,-0.01658),(-0.00221,-0.01630)
Solution for freq bin  1
Iter= 1, Amplit/Phase Solution Error:   0.158
Iter= 1, Polarisation Solution Error:   0.034
Iter= 1, Overall Solution Error:        0.580
Iter= 2, Amplit/Phase Solution Error:   0.002
Iter= 2, Polarisation Solution Error:   0.000
Iter= 2, Overall Solution Error:        0.004
Iter= 3, Amplit/Phase Solution Error:   0.000
Iter= 3, Polarisation Solution Error:   0.000
Iter= 3, Overall Solution Error:        0.000
I flux density:   2.6977
Leakage terms:
 Ant 1:Dx,Dy = ( 0.00147,-0.00742),(-0.00017,-0.00730)
 Ant 2:Dx,Dy = ( 0.00311, 0.00369),(-0.00365, 0.00444)
 Ant 3:Dx,Dy = ( 0.00493,-0.00251),(-0.00790,-0.00312)
 Ant 4:Dx,Dy = ( 0.00376, 0.01734),(-0.00288, 0.01756)
 Ant 5:Dx,Dy = (-0.01598, 0.00574),( 0.01574, 0.00502)
 Ant 6:Dx,Dy = ( 0.00131,-0.01671),(-0.00254,-0.01672)
Solution for freq bin  2
Iter= 1, Amplit/Phase Solution Error:   0.163
Iter= 1, Polarisation Solution Error:   0.033
Iter= 1, Overall Solution Error:        0.600
Iter= 2, Amplit/Phase Solution Error:   0.002
Iter= 2, Polarisation Solution Error:   0.000
Iter= 2, Overall Solution Error:        0.004
Iter= 3, Amplit/Phase Solution Error:   0.000
Iter= 3, Polarisation Solution Error:   0.000
Iter= 3, Overall Solution Error:        0.000
I flux density:   2.3876
Leakage terms:
 Ant 1:Dx,Dy = ( 0.00153,-0.00848),( 0.00018,-0.00829)
 Ant 2:Dx,Dy = ( 0.00307, 0.00266),(-0.00300, 0.00320)
 Ant 3:Dx,Dy = ( 0.00623,-0.00148),(-0.00799,-0.00211)
 Ant 4:Dx,Dy = ( 0.00377, 0.01683),(-0.00191, 0.01745)
 Ant 5:Dx,Dy = (-0.01694, 0.00619),( 0.01610, 0.00625)
 Ant 6:Dx,Dy = ( 0.00391,-0.01642),(-0.00181,-0.01579)

2018-11-02 13:08:32,354 [MainThread  ] [INFO ]  pgflag vis=1934-638.9500 command='<b' stokes=i,q,u,v flagpar=8,5,5,3,6,3 options=nodisp

pgflag: Revision 1.30, 2016/10/05 23:06:50 UTC

Applying bandpass corrections to 1934-638.9500
Applying freq. dependent gain corrections to 1934-638.9500
Applying freq. dependent leakage correction to 1934-638.9500
Applying changes to dataset
Counts of correlations within selected channels:
 channel  Originally  Currently
 Good:       6987440    6956136    Changed to bad:      31304
 Bad:        1618360    1649664    Changed to good:         0
 19.2% of the data is now flagged

2018-11-02 13:08:47,063 [MainThread  ] [INFO ]  pgflag vis=1934-638.9500 command='<b' stokes=i,v,q,u flagpar=8,2,2,3,6,3  options=nodisp

pgflag: Revision 1.30, 2016/10/05 23:06:50 UTC

Applying bandpass corrections to 1934-638.9500
Applying freq. dependent gain corrections to 1934-638.9500
Applying freq. dependent leakage correction to 1934-638.9500
Applying changes to dataset
Counts of correlations within selected channels:
 channel  Originally  Currently
 Good:       6956136    6919256    Changed to bad:      36880
 Bad:        1649664    1686544    Changed to good:         0
 19.6% of the data is now flagged

2018-11-02 13:09:02,321 [MainThread  ] [INFO ]  pgflag vis=1934-638.9500 command='<b' stokes=i,v,u,q flagpar=8,2,2,3,6,3  options=nodisp

pgflag: Revision 1.30, 2016/10/05 23:06:50 UTC

Applying bandpass corrections to 1934-638.9500
Applying freq. dependent gain corrections to 1934-638.9500
Applying freq. dependent leakage correction to 1934-638.9500
Applying changes to dataset
Counts of correlations within selected channels:
 channel  Originally  Currently
 Good:       6919256    6884988    Changed to bad:      34268
 Bad:        1686544    1720812    Changed to good:         0
 20.0% of the data is now flagged

2018-11-02 13:09:55,617 [MainThread  ] [INFO ]  mfcal vis=1934-638.9500 refant=4 interval=0.1
MfCal: $Revision: 1.20 $, $Date: 2017/05/08 02:31:10 $
Selecting parallel-hand polarisations
Reading the data ...
Number correlations accepted: 3442494
Number of frequency bands/settings: 1
Number of polarisations selected: 2
Number of solution intervals: 70
Number of passband solution intervals: 1
Initialising ...
Using post-Aug94 ATCA flux scale for 1934-638.
Using known frequency variation of 1934-638
Generating initial solution estimate ...
Doing solution refinement ...
Iter= 1, Solution Error:  0.477
Iter= 2, Solution Error:  0.006
Iter= 3, Solution Error:  0.000
Saving solution ...

2018-11-02 13:09:56,313 [MainThread  ] [INFO ]  gpcal vis=1934-638.9500 refant=4 interval=0.1 nfbin=2 options=xyvary

gpcal: Revision 1.22, 2016/05/01 22:31:05 UTC

Applying bandpass corrections to 1934-638.9500
Number of antennae: 6
Using leakage parameters from input as initial guess
Reading the data ...
Number of solution intervals: 70
Total visibilities read: 1050
Number visibilities accepted: 1050
Using post-Aug94 ATCA flux scale for 1934-638.
Using IQUV =  2.5399,  0.0000,  0.0000,  0.0000 at   9.4549 GHz.
Using post-Aug94 ATCA flux scale for 1934-638.
Using IQUV =  2.6977,  0.0000,  0.0000,  0.0000 at   9.0078 GHz.
Using post-Aug94 ATCA flux scale for 1934-638.
Using IQUV =  2.3888,  0.0000,  0.0000,  0.0000 at   9.9351 GHz.
Iter= 1, Amplit/Phase Solution Error:   0.160
Iter= 1, Polarisation Solution Error:   0.000
Iter= 1, Overall Solution Error:        0.589
Iter= 2, Amplit/Phase Solution Error:   0.002
Iter= 2, Polarisation Solution Error:   0.000
Iter= 2, Overall Solution Error:        0.004
Iter= 3, Amplit/Phase Solution Error:   0.000
Iter= 3, Polarisation Solution Error:   0.000
Iter= 3, Overall Solution Error:        0.000
I flux density:   2.5399
Leakage terms:
 Ant 1:Dx,Dy = ( 0.00146,-0.00793),(-0.00004,-0.00779)
 Ant 2:Dx,Dy = ( 0.00313, 0.00321),(-0.00332, 0.00385)
 Ant 3:Dx,Dy = ( 0.00553,-0.00204),(-0.00797,-0.00265)
 Ant 4:Dx,Dy = ( 0.00378, 0.01710),(-0.00244, 0.01750)
 Ant 5:Dx,Dy = (-0.01635, 0.00600),( 0.01602, 0.00567)
 Ant 6:Dx,Dy = ( 0.00250,-0.01661),(-0.00218,-0.01632)
Solution for freq bin  1
Iter= 1, Amplit/Phase Solution Error:   0.158
Iter= 1, Polarisation Solution Error:   0.001
Iter= 1, Overall Solution Error:        0.580
Iter= 2, Amplit/Phase Solution Error:   0.002
Iter= 2, Polarisation Solution Error:   0.000
Iter= 2, Overall Solution Error:        0.004
Iter= 3, Amplit/Phase Solution Error:   0.000
Iter= 3, Polarisation Solution Error:   0.000
Iter= 3, Overall Solution Error:        0.000
I flux density:   2.6977
Leakage terms:
 Ant 1:Dx,Dy = ( 0.00142,-0.00742),(-0.00021,-0.00733)
 Ant 2:Dx,Dy = ( 0.00317, 0.00366),(-0.00360, 0.00440)
 Ant 3:Dx,Dy = ( 0.00488,-0.00253),(-0.00797,-0.00312)
 Ant 4:Dx,Dy = ( 0.00380, 0.01730),(-0.00288, 0.01753)
 Ant 5:Dx,Dy = (-0.01585, 0.00584),( 0.01590, 0.00515)
 Ant 6:Dx,Dy = ( 0.00133,-0.01674),(-0.00249,-0.01675)
Solution for freq bin  2
Iter= 1, Amplit/Phase Solution Error:   0.162
Iter= 1, Polarisation Solution Error:   0.001
Iter= 1, Overall Solution Error:        0.600
Iter= 2, Amplit/Phase Solution Error:   0.002
Iter= 2, Polarisation Solution Error:   0.000
Iter= 2, Overall Solution Error:        0.004
Iter= 3, Amplit/Phase Solution Error:   0.000
Iter= 3, Polarisation Solution Error:   0.000
Iter= 3, Overall Solution Error:        0.000
I flux density:   2.3888
Leakage terms:
 Ant 1:Dx,Dy = ( 0.00152,-0.00852),( 0.00017,-0.00832)
 Ant 2:Dx,Dy = ( 0.00308, 0.00269),(-0.00300, 0.00322)
 Ant 3:Dx,Dy = ( 0.00628,-0.00148),(-0.00797,-0.00211)
 Ant 4:Dx,Dy = ( 0.00377, 0.01686),(-0.00192, 0.01747)
 Ant 5:Dx,Dy = (-0.01692, 0.00619),( 0.01614, 0.00625)
 Ant 6:Dx,Dy = ( 0.00389,-0.01645),(-0.00181,-0.01581)

2018-11-02 13:09:56,465 [MainThread  ] [INFO ]  gpcopy vis=1934-638.9500 out=2312-319.9500

gpcopy: Revision 1.13, 2015/10/29 01:31:39 UTC

Copying leakage table
Copying gain table
Interpolation tolerance set to (minutes): 720.00
Copying bandpass table

2018-11-02 13:11:58,200 [MainThread  ] [INFO ]  pgflag vis=2312-319.9500 command='<b' stokes=i,q,u,v flagpar=8,5,5,3,6,3 options=nodisp

pgflag: Revision 1.30, 2016/10/05 23:06:50 UTC

Applying bandpass corrections to 2312-319.9500
Applying freq. dependent gain corrections to 2312-319.9500
Applying freq. dependent leakage correction to 2312-319.9500
Applying changes to dataset
Counts of correlations within selected channels:
 channel  Originally  Currently
 Good:      46505472   45976828    Changed to bad:     528644
 Bad:        7391424    7920068    Changed to good:         0
 14.7% of the data is now flagged

2018-11-02 13:14:00,506 [MainThread  ] [INFO ]  pgflag vis=2312-319.9500 command='<b' stokes=i,v,q,u flagpar=8,2,2,3,6,3  options=nodisp

pgflag: Revision 1.30, 2016/10/05 23:06:50 UTC

Applying bandpass corrections to 2312-319.9500
Applying freq. dependent gain corrections to 2312-319.9500
Applying freq. dependent leakage correction to 2312-319.9500
Applying changes to dataset
Counts of correlations within selected channels:
 channel  Originally  Currently
 Good:      45976828   45564280    Changed to bad:     412548
 Bad:        7920068    8332616    Changed to good:         0
 15.5% of the data is now flagged

2018-11-02 13:15:54,866 [MainThread  ] [INFO ]  pgflag vis=2312-319.9500 command='<b' stokes=i,v,u,q flagpar=8,2,2,3,6,3  options=nodisp

pgflag: Revision 1.30, 2016/10/05 23:06:50 UTC

Applying bandpass corrections to 2312-319.9500
Applying freq. dependent gain corrections to 2312-319.9500
Applying freq. dependent leakage correction to 2312-319.9500
Applying changes to dataset
Counts of correlations within selected channels:
 channel  Originally  Currently
 Good:      45564280   45246240    Changed to bad:     318040
 Bad:        8332616    8650656    Changed to good:         0
 16.1% of the data is now flagged

2018-11-02 13:16:07,964 [MainThread  ] [INFO ]  gpcal vis=2312-319.9500 refant=4 interval=0.1 nfbin=2 options=xyvary,qusolve

gpcal: Revision 1.22, 2016/05/01 22:31:05 UTC

Applying bandpass corrections to 2312-319.9500
Number of antennae: 6
Using leakage parameters from input as initial guess
Reading the data ...
Number of solution intervals: 439
Total visibilities read: 6576
Number visibilities accepted: 6575
Iter= 1, Amplit/Phase Solution Error:   0.252
Iter= 1, Polarisation Solution Error:   0.009
Iter= 1, Overall Solution Error:        1.086
Iter= 2, Amplit/Phase Solution Error:   0.010
Iter= 2, Polarisation Solution Error:   0.000
Iter= 2, Overall Solution Error:        0.008
Iter= 3, Amplit/Phase Solution Error:   0.001
Iter= 3, Polarisation Solution Error:   0.000
Iter= 3, Overall Solution Error:        0.001
I flux density:   0.5188
Percent Q:  -0.933
Percent U:  -0.605
Leakage terms:
 Ant 1:Dx,Dy = ( 0.00101,-0.00904),(-0.00035,-0.00719)
 Ant 2:Dx,Dy = ( 0.00304, 0.00242),(-0.00383, 0.00458)
 Ant 3:Dx,Dy = ( 0.00597,-0.00287),(-0.00883,-0.00146)
 Ant 4:Dx,Dy = ( 0.00204, 0.01639),(-0.00128, 0.01836)
 Ant 5:Dx,Dy = (-0.01654, 0.00524),( 0.01569, 0.00673)
 Ant 6:Dx,Dy = ( 0.00307,-0.01767),(-0.00281,-0.01552)
Solution for freq bin  1
Iter= 1, Amplit/Phase Solution Error:   0.244
Iter= 1, Polarisation Solution Error:   0.009
Iter= 1, Overall Solution Error:        1.044
Iter= 2, Amplit/Phase Solution Error:   0.011
Iter= 2, Polarisation Solution Error:   0.000
Iter= 2, Overall Solution Error:        0.008
Iter= 3, Amplit/Phase Solution Error:   0.001
Iter= 3, Polarisation Solution Error:   0.000
Iter= 3, Overall Solution Error:        0.001
I flux density:   0.5215
Percent Q:  -0.936
Percent U:  -0.662
Leakage terms:
 Ant 1:Dx,Dy = ( 0.00076,-0.00814),(-0.00060,-0.00687)
 Ant 2:Dx,Dy = ( 0.00313, 0.00296),(-0.00417, 0.00523)
 Ant 3:Dx,Dy = ( 0.00509,-0.00356),(-0.00876,-0.00181)
 Ant 4:Dx,Dy = ( 0.00200, 0.01685),(-0.00181, 0.01811)
 Ant 5:Dx,Dy = (-0.01574, 0.00498),( 0.01534, 0.00594)
 Ant 6:Dx,Dy = ( 0.00182,-0.01771),(-0.00296,-0.01598)
Solution for freq bin  2
Iter= 1, Amplit/Phase Solution Error:   0.260
Iter= 1, Polarisation Solution Error:   0.009
Iter= 1, Overall Solution Error:        1.124
Iter= 2, Amplit/Phase Solution Error:   0.010
Iter= 2, Polarisation Solution Error:   0.000
Iter= 2, Overall Solution Error:        0.008
Iter= 3, Amplit/Phase Solution Error:   0.001
Iter= 3, Polarisation Solution Error:   0.000
Iter= 3, Overall Solution Error:        0.001
I flux density:   0.5164
Percent Q:  -0.930
Percent U:  -0.549
Leakage terms:
 Ant 1:Dx,Dy = ( 0.00121,-0.00991),(-0.00012,-0.00751)
 Ant 2:Dx,Dy = ( 0.00296, 0.00191),(-0.00350, 0.00398)
 Ant 3:Dx,Dy = ( 0.00682,-0.00220),(-0.00891,-0.00111)
 Ant 4:Dx,Dy = ( 0.00209, 0.01596),(-0.00078, 0.01862)
 Ant 5:Dx,Dy = (-0.01731, 0.00549),( 0.01602, 0.00748)
 Ant 6:Dx,Dy = ( 0.00427,-0.01763),(-0.00267,-0.01507)

2018-11-02 13:18:19,858 [MainThread  ] [INFO ]  pgflag vis=2312-319.9500 command='<b' stokes=i,q,u,v flagpar=8,5,5,3,6,3 options=nodisp

pgflag: Revision 1.30, 2016/10/05 23:06:50 UTC

Applying bandpass corrections to 2312-319.9500
Applying freq. dependent gain corrections to 2312-319.9500
Applying freq. dependent leakage correction to 2312-319.9500
Applying changes to dataset
Counts of correlations within selected channels:
 channel  Originally  Currently
 Good:      45246240   45000088    Changed to bad:     246152
 Bad:        8650656    8896808    Changed to good:         0
 16.5% of the data is now flagged

2018-11-02 13:20:26,659 [MainThread  ] [INFO ]  pgflag vis=2312-319.9500 command='<b' stokes=i,v,q,u flagpar=8,2,2,3,6,3  options=nodisp

pgflag: Revision 1.30, 2016/10/05 23:06:50 UTC

Applying bandpass corrections to 2312-319.9500
Applying freq. dependent gain corrections to 2312-319.9500
Applying freq. dependent leakage correction to 2312-319.9500
Applying changes to dataset
Counts of correlations within selected channels:
 channel  Originally  Currently
 Good:      45000088   44777440    Changed to bad:     222648
 Bad:        8896808    9119456    Changed to good:         0
 16.9% of the data is now flagged

2018-11-02 13:22:44,146 [MainThread  ] [INFO ]  pgflag vis=2312-319.9500 command='<b' stokes=i,v,u,q flagpar=8,2,2,3,6,3  options=nodisp

pgflag: Revision 1.30, 2016/10/05 23:06:50 UTC

Applying bandpass corrections to 2312-319.9500
Applying freq. dependent gain corrections to 2312-319.9500
Applying freq. dependent leakage correction to 2312-319.9500
Applying changes to dataset
Counts of correlations within selected channels:
 channel  Originally  Currently
 Good:      44777440   44586372    Changed to bad:     191068
 Bad:        9119456    9310524    Changed to good:         0
 17.3% of the data is now flagged

2018-11-02 13:22:48,810 [MainThread  ] [INFO ]  gpcal vis=2312-319.9500 refant=4 interval=0.1 nfbin=2 options=xyvary,qusolve

gpcal: Revision 1.22, 2016/05/01 22:31:05 UTC

Applying bandpass corrections to 2312-319.9500
Number of antennae: 6
Using leakage parameters from input as initial guess
Reading the data ...
Number of solution intervals: 439
Total visibilities read: 6576
Number visibilities accepted: 6575
Iter= 1, Amplit/Phase Solution Error:   0.252
Iter= 1, Polarisation Solution Error:   0.009
Iter= 1, Overall Solution Error:        1.084
Iter= 2, Amplit/Phase Solution Error:   0.010
Iter= 2, Polarisation Solution Error:   0.000
Iter= 2, Overall Solution Error:        0.008
Iter= 3, Amplit/Phase Solution Error:   0.001
Iter= 3, Polarisation Solution Error:   0.000
Iter= 3, Overall Solution Error:        0.001
I flux density:   0.5224
Percent Q:  -0.934
Percent U:  -0.605
Leakage terms:
 Ant 1:Dx,Dy = ( 0.00101,-0.00902),(-0.00034,-0.00718)
 Ant 2:Dx,Dy = ( 0.00304, 0.00242),(-0.00382, 0.00458)
 Ant 3:Dx,Dy = ( 0.00598,-0.00288),(-0.00883,-0.00148)
 Ant 4:Dx,Dy = ( 0.00205, 0.01640),(-0.00129, 0.01837)
 Ant 5:Dx,Dy = (-0.01653, 0.00526),( 0.01570, 0.00674)
 Ant 6:Dx,Dy = ( 0.00308,-0.01768),(-0.00279,-0.01553)
Solution for freq bin  1
Iter= 1, Amplit/Phase Solution Error:   0.245
Iter= 1, Polarisation Solution Error:   0.009
Iter= 1, Overall Solution Error:        1.041
Iter= 2, Amplit/Phase Solution Error:   0.011
Iter= 2, Polarisation Solution Error:   0.000
Iter= 2, Overall Solution Error:        0.008
Iter= 3, Amplit/Phase Solution Error:   0.001
Iter= 3, Polarisation Solution Error:   0.000
Iter= 3, Overall Solution Error:        0.001
I flux density:   0.5251
Percent Q:  -0.940
Percent U:  -0.662
Leakage terms:
 Ant 1:Dx,Dy = ( 0.00078,-0.00812),(-0.00059,-0.00685)
 Ant 2:Dx,Dy = ( 0.00315, 0.00297),(-0.00413, 0.00523)
 Ant 3:Dx,Dy = ( 0.00509,-0.00358),(-0.00875,-0.00185)
 Ant 4:Dx,Dy = ( 0.00202, 0.01686),(-0.00181, 0.01811)
 Ant 5:Dx,Dy = (-0.01571, 0.00498),( 0.01538, 0.00597)
 Ant 6:Dx,Dy = ( 0.00182,-0.01772),(-0.00293,-0.01600)
Solution for freq bin  2
Iter= 1, Amplit/Phase Solution Error:   0.259
Iter= 1, Polarisation Solution Error:   0.009
Iter= 1, Overall Solution Error:        1.123
Iter= 2, Amplit/Phase Solution Error:   0.010
Iter= 2, Polarisation Solution Error:   0.000
Iter= 2, Overall Solution Error:        0.008
Iter= 3, Amplit/Phase Solution Error:   0.001
Iter= 3, Polarisation Solution Error:   0.000
Iter= 3, Overall Solution Error:        0.001
I flux density:   0.5200
Percent Q:  -0.929
Percent U:  -0.548
Leakage terms:
 Ant 1:Dx,Dy = ( 0.00120,-0.00990),(-0.00011,-0.00752)
 Ant 2:Dx,Dy = ( 0.00295, 0.00190),(-0.00350, 0.00397)
 Ant 3:Dx,Dy = ( 0.00682,-0.00219),(-0.00892,-0.00112)
 Ant 4:Dx,Dy = ( 0.00209, 0.01595),(-0.00080, 0.01864)
 Ant 5:Dx,Dy = (-0.01731, 0.00553),( 0.01602, 0.00746)
 Ant 6:Dx,Dy = ( 0.00427,-0.01763),(-0.00266,-0.01508)

2018-11-02 13:22:54,160 [MainThread  ] [INFO ]  gpboot vis=2312-319.9500 cal=1934-638.9500

gpboot: Revision 1.9, 2015/10/29 01:31:30 UTC

Secondary flux density scaled by:   0.986
Frequency bin  1 scaled by      :   0.988
Frequency bin  2 scaled by      :   0.988

2018-11-02 13:24:36,351 [MainThread  ] [INFO ]  gpcopy vis=2312-319.9500 out=c.9500

gpcopy: Revision 1.13, 2015/10/29 01:31:39 UTC

Copying leakage table
Copying gain table
Interpolation tolerance set to (minutes): 720.00
Copying bandpass table

2018-11-02 13:39:26,544 [MainThread  ] [INFO ]  pgflag vis=c.9500 command='<b' stokes=i,v,q,u flagpar=8,2,2,3,6,3  options=nodisp

pgflag: Revision 1.30, 2016/10/05 23:06:50 UTC

Applying bandpass corrections to c.9500
Applying freq. dependent gain corrections to c.9500
Applying freq. dependent leakage correction to c.9500
Applying changes to dataset
Counts of correlations within selected channels:
 channel  Originally  Currently
 Good:     290496544  278786332    Changed to bad:   11710212
 Bad:       46170548   57880760    Changed to good:         0
 17.2% of the data is now flagged

2018-11-02 13:52:58,390 [MainThread  ] [INFO ]  pgflag vis=c.9500 command='<b' stokes=i,v,u,q flagpar=8,2,2,3,6,3  options=nodisp

pgflag: Revision 1.30, 2016/10/05 23:06:50 UTC

Applying bandpass corrections to c.9500
Applying freq. dependent gain corrections to c.9500
Applying freq. dependent leakage correction to c.9500
Applying changes to dataset
Counts of correlations within selected channels:
 channel  Originally  Currently
 Good:     278786332  271232220    Changed to bad:    7554112
 Bad:       57880760   65434872    Changed to good:         0
 19.4% of the data is now flagged

2018-11-02 13:54:46,174 [MainThread  ] [INFO ]  uvsplit vis=c.9500

uvsplit: Revision 1.18, 2016/05/09 03:06:18 UTC

Creating c_1141.9500
Creating c_1142.9500
Creating c_1143.9500
Creating c_1144.9500
Creating c_1145.9500
Creating c_1146.9500
Creating c_1147.9500
Creating c_1148.9500
Creating c_1149.9500
Creating c_1150.9500
Creating c_1151.9500
Creating c_1152.9500
Creating c_1153.9500
Creating c_1154.9500
Creating c_1155.9500
Creating c_1156.9500
Creating c_1157.9500
Creating c_1158.9500
Creating c_1159.9500
Creating c_1160.9500
Creating c_1161.9500
Creating c_1162.9500
Creating c_1163.9500
Creating c_1164.9500
Creating c_1165.9500
Creating c_1166.9500
Creating c_1167.9500
Creating c_1168.9500
Creating c_1169.9500
Creating c_1170.9500
Creating c_1171.9500
Creating c_1172.9500
Creating c_1173.9500
Creating c_1174.9500
Creating c_1175.9500
Creating c_1176.9500
Creating c_1177.9500
Creating c_1178.9500
Creating c_1179.9500
Creating c_1180.9500
Creating c_1181.9500
Creating c_1182.9500
Creating c_1183.9500
Creating c_1184.9500
Creating c_1185.9500
Creating c_1186.9500
Creating c_1187.9500
Creating c_1188.9500
Creating c_1189.9500
Creating c_1190.9500
Creating c_1191.9500
Creating c_1192.9500
Creating c_1193.9500
Creating c_1194.9500
Creating c_1195.9500
Creating c_1196.9500
Creating c_1197.9500
Creating c_1198.9500
Creating c_1199.9500
Creating c_1200.9500
Creating c_1201.9500
Creating c_1202.9500
Creating c_1203.9500
Creating c_1204.9500
Creating c_1205.9500
Creating c_1206.9500
Creating c_1207.9500
Creating c_1208.9500
Creating c_1209.9500
Creating c_1210.9500
Creating c_1211.9500
Creating c_1212.9500
Creating c_1213.9500
Creating c_1214.9500
Creating c_1215.9500
Creating c_1216.9500
Creating c_1217.9500
Creating c_1218.9500
Creating c_1219.9500
Creating c_1220.9500
Creating c_1221.9500
Creating c_1222.9500
Creating c_1223.9500
Creating c_1224.9500
Creating c_1225.9500
Creating c_1226.9500
Creating c_1227.9500
Creating c_1228.9500
Creating c_1229.9500
Creating c_1230.9500
Creating c_1231.9500
Creating c_1232.9500
Creating c_1233.9500
Creating c_1234.9500
Creating c_1235.9500
Creating c_1236.9500
Creating c_1237.9500
Creating c_1238.9500
Creating c_1239.9500
Creating c_1240.9500
Creating c_1241.9500
Creating c_1242.9500
Creating c_1243.9500
Creating c_1244.9500
Creating c_1245.9500
Creating c_1246.9500
Creating c_1247.9500
Creating c_1248.9500
Creating c_1249.9500
Creating c_1250.9500
Creating c_1251.9500
Creating c_1252.9500
Creating c_1253.9500
Creating c_1254.9500
Creating c_1255.9500
Creating c_1256.9500
Creating c_1257.9500
Creating c_1258.9500
Creating c_1259.9500
Creating c_1260.9500
Creating c_1081.9500
Creating c_1082.9500
Creating c_1083.9500
Creating c_1084.9500
Creating c_1085.9500
Creating c_1086.9500
Creating c_1087.9500
Creating c_1088.9500
Creating c_1089.9500
Creating c_1090.9500
Creating c_1091.9500
Creating c_1092.9500
Creating c_1093.9500
Creating c_1094.9500
Creating c_1095.9500
Creating c_1096.9500
Creating c_1097.9500
Creating c_1098.9500
Creating c_1099.9500
Creating c_1100.9500
Creating c_1101.9500
Creating c_1102.9500
Creating c_1103.9500
Creating c_1104.9500
Creating c_1105.9500
Creating c_1106.9500
Creating c_1107.9500
Creating c_1108.9500
Creating c_1109.9500
Creating c_1110.9500
Creating c_1111.9500
Creating c_1112.9500
Creating c_1113.9500
Creating c_1114.9500
Creating c_1115.9500
Creating c_1116.9500
Creating c_1117.9500
Creating c_1118.9500
Creating c_1119.9500
Creating c_1120.9500
Creating c_1121.9500
Creating c_1122.9500
Creating c_1123.9500
Creating c_1124.9500
Creating c_1125.9500
Creating c_1126.9500
Creating c_1127.9500
Creating c_1128.9500
Creating c_1129.9500
Creating c_1130.9500
Creating c_1131.9500
Creating c_1132.9500
Creating c_1133.9500
Creating c_1134.9500
Creating c_1135.9500
Creating c_1136.9500
Creating c_1137.9500
Creating c_1138.9500
Creating c_1139.9500
Creating c_1140.9500

