2018-11-02 12:08:05,987 [MainThread  ] [INFO ]  atlod in=raw/2018-06-15_1352.C3132,raw/2018-06-15_1640.C3132,raw/2018-06-15_1927.C3132,raw/2018-06-15_2214.C3132,raw/2018-06-16_0100.C3132 out=data5.uv ifsel=1 options=birdie,rfiflag,noauto,xycorr

atlod: Revision 1.53, 2016/08/25 23:02:21 UTC

Processing file raw/2018-06-15_1352.C3132
 13:52:53 CAOBS> track 1
CABB data detected
Scan 1 started at 18JUN15:13:53:08.0
Source: 1934-638
Flagging channels in  28 frequency ranges
 14:04:06 CAOBS> stop
 14:04:29 CAOBS> set  file c3132_obs_c2.sch
 14:04:37 CAOBS> start 7/99
Scan 2 started at 18JUN15:14:06:20.0
Source: 2312-319
Scan 3 started at 18JUN15:14:09:08.0
Source: c_241
Source: c_242
Source: c_243
Source: c_244
Source: c_245
Source: c_246
Source: c_247
Source: c_248
Source: c_249
Source: c_250
Source: c_251
Source: c_252
Source: c_253
Source: c_254
Source: c_255
Source: c_256
Source: c_257
Source: c_258
Source: c_259
Source: c_260
Scan 4 started at 18JUN15:14:22:44.0
Source: 2312-319
Scan 5 started at 18JUN15:14:25:32.0
Source: c_261
Source: c_262
Source: c_263
Source: c_264
Source: c_265
Source: c_266
Source: c_267
Source: c_268
Source: c_269
Source: c_270
Source: c_271
Source: c_272
Source: c_273
Source: c_274
Source: c_275
Source: c_276
Source: c_277
Source: c_278
Source: c_279
Source: c_280
Scan 6 started at 18JUN15:14:39:08.0
Source: 2312-319
Scan 7 started at 18JUN15:14:41:50.5
Source: c_281
Source: c_282
Source: c_283
Source: c_284
Source: c_285
Source: c_286
Source: c_287
Source: c_288
Source: c_289
Source: c_290
Source: c_291
Source: c_292
Source: c_293
Source: c_294
Source: c_295
Source: c_296
Source: c_297
Source: c_298
Source: c_299
Source: c_300
Scan 8 started at 18JUN15:14:55:32.0
Source: 2312-319
Scan 9 started at 18JUN15:14:58:20.0
Source: c_301
Source: c_302
Source: c_303
Source: c_304
Source: c_305
Source: c_306
Source: c_307
Source: c_308
Source: c_309
Source: c_310
Source: c_311
Source: c_312
Source: c_313
Source: c_314
Source: c_315
Source: c_316
Source: c_317
Source: c_318
Source: c_319
Source: c_320
Scan 10 started at 18JUN15:15:11:56.0
Source: 2312-319
Scan 11 started at 18JUN15:15:14:44.0
Source: c_321
Source: c_322
Source: c_323
Source: c_324
Source: c_325
Source: c_326
Source: c_327
Source: c_328
Source: c_329
Source: c_330
Source: c_331
Source: c_332
Source: c_333
Source: c_334
Source: c_335
Source: c_336
Source: c_337
Source: c_338
Source: c_339
Source: c_340
Scan 12 started at 18JUN15:15:28:20.0
Source: 2312-319
Scan 13 started at 18JUN15:15:31:02.8
Source: c_341
Source: c_342
Source: c_343
Source: c_344
Source: c_345
Source: c_346
Source: c_347
Source: c_348
Source: c_349
Source: c_350
Source: c_351
Source: c_352
Source: c_353
Source: c_354
Source: c_355
Source: c_356
Source: c_357
Source: c_358
Source: c_359
Source: c_360
Scan 14 started at 18JUN15:15:44:44.0
Source: 2312-319
Scan 15 started at 18JUN15:15:47:32.0
Source: c_181
Source: c_182
Source: c_183
Source: c_184
Source: c_185
Source: c_186
Source: c_187
Source: c_188
Source: c_189
Source: c_190
Source: c_191
Source: c_192
Source: c_193
Source: c_194
Source: c_195
Source: c_196
Source: c_197
Source: c_198
Source: c_199
Source: c_200
Scan 16 started at 18JUN15:16:01:08.0
Source: 2312-319
Scan 17 started at 18JUN15:16:03:50.8
Source: c_201
Source: c_202
Source: c_203
Source: c_204
Source: c_205
Source: c_206
Source: c_207
Source: c_208
Source: c_209
Source: c_210
Source: c_211
Source: c_212
Source: c_213
Source: c_214
Source: c_215
Source: c_216
Source: c_217
Source: c_218
Source: c_219
Source: c_220
Scan 18 started at 18JUN15:16:17:32.0
Source: 2312-319
Scan 19 started at 18JUN15:16:20:20.0
Source: c_221
Source: c_222
Source: c_223
Source: c_224
Source: c_225
Source: c_226
Source: c_227
Source: c_228
Source: c_229
Source: c_230
Source: c_231
Source: c_232
Source: c_233
Source: c_234
Source: c_235
Source: c_236
Source: c_237
Source: c_238
Source: c_239
Source: c_240
Scan 20 started at 18JUN15:16:33:56.0
Source: 2312-319
Scan 21 started at 18JUN15:16:36:52.0
Source: c_241
Source: c_242
Source: c_243
Source: c_244
Source: c_245
Source: c_246
RPFITS file version is 2.12
---------------------------------------
Total number of spectra selected: 72660

Summary of spectra flagged
Flagging Reason            Fraction
---------------            --------
Antenna off-source/off-line  4.87%
---------------------------------------
Processing file raw/2018-06-15_1640.C3132
CABB data detected
Scan 1 started at 18JUN15:16:40:28.0
Source: c_246
Source: c_247
Source: c_248
Source: c_249
Source: c_250
Source: c_251
Source: c_252
Source: c_253
Source: c_254
Source: c_255
Source: c_256
Source: c_257
Source: c_258
Source: c_259
Source: c_260
Scan 2 started at 18JUN15:16:50:20.0
Source: 2312-319
Scan 3 started at 18JUN15:16:53:08.0
Source: c_261
Source: c_262
Source: c_263
Source: c_264
Source: c_265
Source: c_266
Source: c_267
Source: c_268
Source: c_269
Source: c_270
Source: c_271
Source: c_272
Source: c_273
Source: c_274
Source: c_275
Source: c_276
Source: c_277
Source: c_278
Source: c_279
Source: c_280
Scan 4 started at 18JUN15:17:06:44.0
Source: 2312-319
Scan 5 started at 18JUN15:17:09:26.5
Source: c_281
Source: c_282
Source: c_283
Source: c_284
Source: c_285
Source: c_286
Source: c_287
Source: c_288
Source: c_289
Source: c_290
Source: c_291
Source: c_292
Source: c_293
Source: c_294
Source: c_295
Source: c_296
Source: c_297
Source: c_298
Source: c_299
Source: c_300
Scan 6 started at 18JUN15:17:23:08.0
Source: 2312-319
Scan 7 started at 18JUN15:17:26:04.0
Source: c_301
Source: c_302
Source: c_303
Source: c_304
Source: c_305
Source: c_306
Source: c_307
Source: c_308
Source: c_309
Source: c_310
Source: c_311
Source: c_312
Source: c_313
Source: c_314
Source: c_315
Source: c_316
Source: c_317
Source: c_318
Source: c_319
Source: c_320
Scan 8 started at 18JUN15:17:39:32.0
Source: 2312-319
Scan 9 started at 18JUN15:17:42:28.0
Source: c_321
Source: c_322
Source: c_323
Source: c_324
Source: c_325
Source: c_326
Source: c_327
Source: c_328
Source: c_329
Source: c_330
Source: c_331
Source: c_332
Source: c_333
Source: c_334
Source: c_335
Source: c_336
Source: c_337
Source: c_338
Source: c_339
Source: c_340
Scan 10 started at 18JUN15:17:55:56.0
Source: 2312-319
Scan 11 started at 18JUN15:17:58:44.0
Source: c_341
Source: c_342
Source: c_343
Source: c_344
Source: c_345
Source: c_346
Source: c_347
Source: c_348
Source: c_349
Source: c_350
Source: c_351
Source: c_352
Source: c_353
Source: c_354
Source: c_355
Source: c_356
Source: c_357
Source: c_358
Source: c_359
Source: c_360
Scan 12 started at 18JUN15:18:12:20.0
Source: 2312-319
Scan 13 started at 18JUN15:18:15:24.0
Source: c_181
Source: c_182
Source: c_183
Source: c_184
Source: c_185
Source: c_186
Source: c_187
Source: c_188
Source: c_189
Source: c_190
Source: c_191
Source: c_192
Source: c_193
Source: c_194
Source: c_195
Source: c_196
Source: c_197
Source: c_198
Source: c_199
Source: c_200
Scan 14 started at 18JUN15:18:28:44.0
Source: 2312-319
Scan 15 started at 18JUN15:18:31:40.0
Source: c_201
Source: c_202
Source: c_203
Source: c_204
Source: c_205
Source: c_206
Source: c_207
Source: c_208
Source: c_209
Source: c_210
Source: c_211
Source: c_212
Source: c_213
Source: c_214
Source: c_215
Source: c_216
Source: c_217
Source: c_218
Source: c_219
Source: c_220
Scan 16 started at 18JUN15:18:45:08.0
Source: 2312-319
Scan 17 started at 18JUN15:18:48:04.0
Source: c_221
Source: c_222
Source: c_223
Source: c_224
Source: c_225
Source: c_226
Source: c_227
Source: c_228
Source: c_229
Source: c_230
Source: c_231
Source: c_232
Source: c_233
Source: c_234
Source: c_235
Source: c_236
Source: c_237
Source: c_238
Source: c_239
Source: c_240
Scan 18 started at 18JUN15:19:01:40.0
Source: 2312-319
Scan 19 started at 18JUN15:19:05:48.0
Source: c_242
Source: c_243
Source: c_244
Source: c_245
Source: c_246
Source: c_247
Source: c_248
Source: c_249
Source: c_250
Source: c_251
Source: c_252
Source: c_253
Source: c_254
Source: c_255
Source: c_256
Source: c_257
Source: c_258
Source: c_259
Scan 20 started at 18JUN15:19:18:52.0
Source: 2312-319
Scan 21 started at 18JUN15:19:25:24.0
Source: c_263
Source: c_264
Source: c_265
RPFITS file version is 2.12
---------------------------------------
Total number of spectra selected: 72660

Summary of spectra flagged
Flagging Reason            Fraction
---------------            --------
Antenna off-source/off-line  10.4%
---------------------------------------
Processing file raw/2018-06-15_1927.C3132
CABB data detected
Scan 1 started at 18JUN15:19:27:24.0
Source: c_266
Source: c_267
Source: c_268
Source: c_269
Source: c_270
Source: c_271
Source: c_272
Source: c_273
Source: c_274
Source: c_275
Source: c_276
Source: c_277
Source: c_278
Source: c_279
Source: c_280
Scan 2 started at 18JUN15:19:39:24.0
Source: 2312-319
Scan 3 started at 18JUN15:19:43:48.0
Source: c_281
Source: c_282
Source: c_283
Source: c_284
Source: c_285
Source: c_286
Source: c_287
Source: c_288
Source: c_289
Source: c_290
Source: c_291
Source: c_292
Source: c_293
Source: c_294
Source: c_295
Source: c_296
Source: c_297
Source: c_298
Source: c_299
Source: c_300
Scan 4 started at 18JUN15:19:57:32.0
Source: 2312-319
Scan 5 started at 18JUN15:20:00:36.0
Source: c_301
Source: c_302
Source: c_303
Source: c_304
Source: c_305
Source: c_306
Source: c_307
Source: c_308
Source: c_309
Source: c_310
Source: c_311
Source: c_312
Source: c_313
Source: c_314
Source: c_315
Source: c_316
Source: c_317
Source: c_318
Source: c_319
Source: c_320
Scan 6 started at 18JUN15:20:13:56.0
Source: 2312-319
Scan 7 started at 18JUN15:20:17:08.0
Source: c_321
Source: c_322
Source: c_323
Source: c_324
Source: c_325
Source: c_326
Source: c_327
Source: c_328
Source: c_329
Source: c_330
Source: c_331
Source: c_332
Source: c_333
Source: c_334
Source: c_335
Source: c_336
Source: c_337
Source: c_338
Source: c_339
Source: c_340
Scan 8 started at 18JUN15:20:30:28.0
Source: 2312-319
Scan 9 started at 18JUN15:20:33:16.0
Source: c_341
Source: c_342
Source: c_343
Source: c_344
Source: c_345
Source: c_346
Source: c_347
Source: c_348
Source: c_349
Source: c_350
Source: c_351
Source: c_352
Source: c_353
Source: c_354
Source: c_355
Source: c_356
Source: c_357
Source: c_358
Source: c_359
Source: c_360
Scan 10 started at 18JUN15:20:46:52.0
Source: 2312-319
Scan 11 started at 18JUN15:20:49:56.0
Source: c_181
Source: c_182
Source: c_183
Source: c_184
Source: c_185
Source: c_186
Source: c_187
Source: c_188
Source: c_189
Source: c_190
Source: c_191
Source: c_192
Source: c_193
Source: c_194
Source: c_195
Source: c_196
Source: c_197
Source: c_198
Source: c_199
Source: c_200
Scan 12 started at 18JUN15:21:03:24.0
Source: 2312-319
Scan 13 started at 18JUN15:21:06:12.0
Source: c_201
Source: c_202
Source: c_203
Source: c_204
Source: c_205
Source: c_206
Source: c_207
Source: c_208
Source: c_209
Source: c_210
Source: c_211
Source: c_212
Source: c_213
Source: c_214
Source: c_215
Source: c_216
Source: c_217
Source: c_218
Source: c_219
Source: c_220
Scan 14 started at 18JUN15:21:19:48.0
Source: 2312-319
Scan 15 started at 18JUN15:21:22:44.0
Source: c_221
Source: c_222
Source: c_223
Source: c_224
Source: c_225
Source: c_226
Source: c_227
Source: c_228
Source: c_229
Source: c_230
Source: c_231
Source: c_232
Source: c_233
Source: c_234
Source: c_235
Source: c_236
Source: c_237
Source: c_238
Source: c_239
Source: c_240
Scan 16 started at 18JUN15:21:36:20.0
Source: 2312-319
Scan 17 started at 18JUN15:21:39:16.0
Source: c_241
Source: c_242
Source: c_243
Source: c_244
Source: c_245
Source: c_246
Source: c_247
Source: c_248
Source: c_249
Source: c_250
Source: c_251
Source: c_252
Source: c_253
Source: c_254
Source: c_255
Source: c_256
Source: c_257
Source: c_258
Source: c_259
Source: c_260
Scan 18 started at 18JUN15:21:52:44.0
Source: 2312-319
Scan 19 started at 18JUN15:21:55:32.0
Source: c_261
Source: c_262
Source: c_263
Source: c_264
Source: c_265
Source: c_266
Source: c_267
Source: c_268
Source: c_269
Source: c_270
Source: c_271
Source: c_272
Source: c_273
Source: c_274
Source: c_275
Source: c_276
Source: c_277
Source: c_278
Source: c_279
Source: c_280
Scan 20 started at 18JUN15:22:09:08.0
Source: 2312-319
Scan 21 started at 18JUN15:22:11:50.5
Source: c_281
Source: c_282
Source: c_283
Source: c_284
RPFITS file version is 2.12
---------------------------------------
Total number of spectra selected: 72660

Summary of spectra flagged
Flagging Reason            Fraction
---------------            --------
Antenna off-source/off-line  7.57%
---------------------------------------
Processing file raw/2018-06-15_2214.C3132
CABB data detected
Scan 1 started at 18JUN15:22:14:04.0
Source: c_284
Source: c_285
Source: c_286
Source: c_287
Source: c_288
Source: c_289
Source: c_290
Source: c_291
Source: c_292
Source: c_293
Source: c_294
Source: c_295
Source: c_296
Source: c_297
Source: c_298
Source: c_299
Source: c_300
Scan 2 started at 18JUN15:22:25:32.0
Source: 2312-319
Scan 3 started at 18JUN15:22:28:20.0
Source: c_301
Source: c_302
Source: c_303
Source: c_304
Source: c_305
Source: c_306
Source: c_307
Source: c_308
Source: c_309
Source: c_310
Source: c_311
Source: c_312
Source: c_313
Source: c_314
Source: c_315
Source: c_316
Source: c_317
Source: c_318
Source: c_319
Source: c_320
Scan 4 started at 18JUN15:22:41:56.0
Source: 2312-319
Scan 5 started at 18JUN15:22:44:44.0
Source: c_321
Source: c_322
Source: c_323
Source: c_324
Source: c_325
Source: c_326
Source: c_327
Source: c_328
Source: c_329
Source: c_330
Source: c_331
Source: c_332
Source: c_333
Source: c_334
Source: c_335
Source: c_336
Source: c_337
Source: c_338
Source: c_339
Source: c_340
Scan 6 started at 18JUN15:22:58:20.0
Source: 2312-319
Scan 7 started at 18JUN15:23:01:08.0
Source: c_341
Source: c_342
Source: c_343
Source: c_344
Source: c_345
Source: c_346
Source: c_347
Source: c_348
Source: c_349
Source: c_350
Source: c_351
Source: c_352
Source: c_353
Source: c_354
Source: c_355
Source: c_356
Source: c_357
Source: c_358
Source: c_359
Source: c_360
Scan 8 started at 18JUN15:23:14:44.0
Source: 2312-319
Scan 9 started at 18JUN15:23:17:32.0
Source: c_181
Source: c_182
Source: c_183
Source: c_184
Source: c_185
Source: c_186
Source: c_187
Source: c_188
Source: c_189
Source: c_190
Source: c_191
Source: c_192
Source: c_193
Source: c_194
Source: c_195
Source: c_196
Source: c_197
Source: c_198
Source: c_199
Source: c_200
Scan 10 started at 18JUN15:23:31:08.0
Source: 2312-319
Scan 11 started at 18JUN15:23:33:50.8
Source: c_201
Source: c_202
Source: c_203
Source: c_204
Source: c_205
Source: c_206
Source: c_207
Source: c_208
Source: c_209
Source: c_210
Source: c_211
Source: c_212
Source: c_213
Source: c_214
Source: c_215
Source: c_216
Source: c_217
Source: c_218
Source: c_219
Source: c_220
Scan 12 started at 18JUN15:23:47:32.0
Source: 2312-319
Scan 13 started at 18JUN15:23:50:20.0
Source: c_221
Source: c_222
Source: c_223
Source: c_224
Source: c_225
Source: c_226
Source: c_227
Source: c_228
Source: c_229
Source: c_230
Source: c_231
Source: c_232
Source: c_233
Source: c_234
Source: c_235
Source: c_236
Source: c_237
Source: c_238
Source: c_239
Source: c_240
Scan 14 started at 18JUN16:00:03:56.0
Source: 2312-319
Scan 15 started at 18JUN16:00:06:44.0
Source: c_241
Source: c_242
Source: c_243
Source: c_244
Source: c_245
Source: c_246
Source: c_247
Source: c_248
Source: c_249
Source: c_250
Source: c_251
Source: c_252
Source: c_253
Source: c_254
Source: c_255
Source: c_256
Source: c_257
Source: c_258
Source: c_259
Source: c_260
Scan 16 started at 18JUN16:00:20:20.0
Source: 2312-319
Scan 17 started at 18JUN16:00:23:08.0
Source: c_261
Source: c_262
Source: c_263
Source: c_264
Source: c_265
Source: c_266
Source: c_267
Source: c_268
Source: c_269
Source: c_270
Source: c_271
Source: c_272
Source: c_273
Source: c_274
Source: c_275
Source: c_276
Source: c_277
Source: c_278
Source: c_279
Source: c_280
Scan 18 started at 18JUN16:00:36:44.0
Source: 2312-319
Scan 19 started at 18JUN16:00:39:26.5
Source: c_281
Source: c_282
Source: c_283
Source: c_284
Source: c_285
Source: c_286
Source: c_287
Source: c_288
Source: c_289
Source: c_290
Source: c_291
Source: c_292
Source: c_293
Source: c_294
Source: c_295
Source: c_296
Source: c_297
Source: c_298
Source: c_299
Source: c_300
Scan 20 started at 18JUN16:00:53:08.0
Source: 2312-319
Scan 21 started at 18JUN16:00:55:56.0
Source: c_301
Source: c_302
Source: c_303
Source: c_304
Source: c_305
Source: c_306
Source: c_307
Source: c_308
RPFITS file version is 2.12
---------------------------------------
Total number of spectra selected: 72660

Summary of spectra flagged
Flagging Reason            Fraction
---------------            --------
Antenna off-source/off-line  4.03%
---------------------------------------
Processing file raw/2018-06-16_0100.C3132
CABB data detected
Scan 1 started at 18JUN16:01:00:52.0
Source: c_308
Source: c_309
Source: c_310
Source: c_311
Source: c_312
Source: c_313
Source: c_314
Source: c_315
Source: c_316
Source: c_317
Source: c_318
Source: c_319
Source: c_320
Scan 2 started at 18JUN16:01:09:32.0
Source: 2312-319
Scan 3 started at 18JUN16:01:12:20.0
Source: c_321
Source: c_322
Source: c_323
Source: c_324
Source: c_325
Source: c_326
Source: c_327
Source: c_328
Source: c_329
Source: c_330
Source: c_331
Source: c_332
Source: c_333
Source: c_334
Source: c_335
Source: c_336
Source: c_337
Source: c_338
Source: c_339
Source: c_340
Scan 4 started at 18JUN16:01:25:56.0
Source: 2312-319
 01:28:12 CAOBS> stop
 01:28:20 CAOBS> corr close file
RPFITS file version is 2.12
---------------------------------------
Total number of spectra selected: 11820

Summary of spectra flagged
Flagging Reason            Fraction
---------------            --------
Antenna off-source/off-line  3.05%
---------------------------------------

No CACAL data was detected

2018-11-02 12:09:23,105 [MainThread  ] [INFO ]  uvflag vis=data5.uv line=chan,6,1146,1 flagval=flag

uvflag: Revision 1.8, 2014/09/30 14:23:39 UTC


Set flags to indicate bad data in visibility file data5.uv
Linetype channel; select    6 channels; start 1146, width    1, step    1

Overview of flagging on visibility file data5.uv
Changed flags set to FALSE (data flagged as bad)
Total number of records selected: 282544; out of 282544 records
Antennas used: 1-6
Counts of correlations within selected channels
channel   Originally    Currently
Good:          847632.           0.    Changed to bad:      847632.
Bad:           847632.     1695264.

2018-11-02 12:09:53,499 [MainThread  ] [INFO ]  uvflag vis=data5.uv line=chan,30,1454,1 flagval=flag

uvflag: Revision 1.8, 2014/09/30 14:23:39 UTC


Set flags to indicate bad data in visibility file data5.uv
Linetype channel; select   30 channels; start 1454, width    1, step    1

Overview of flagging on visibility file data5.uv
Changed flags set to FALSE (data flagged as bad)
Total number of records selected: 282544; out of 282544 records
Antennas used: 1-6
Counts of correlations within selected channels
channel   Originally    Currently
Good:         8476320.           0.    Changed to bad:     8476320.
Bad:                0.     8476320.

2018-11-02 12:10:12,776 [MainThread  ] [INFO ]  uvflag vis=data5.uv line=chan,40,1964,1 flagval=flag

uvflag: Revision 1.8, 2014/09/30 14:23:39 UTC


Set flags to indicate bad data in visibility file data5.uv
Linetype channel; select   40 channels; start 1964, width    1, step    1

Overview of flagging on visibility file data5.uv
Changed flags set to FALSE (data flagged as bad)
Total number of records selected: 282544; out of 282544 records
Antennas used: 1-6
Counts of correlations within selected channels
channel   Originally    Currently
Good:               0.           0.    Changed to bad:           0.
Bad:         11301760.    11301760.

2018-11-02 12:11:34,354 [MainThread  ] [INFO ]  uvsplit vis=data5.uv options=mosaic

uvsplit: Revision 1.18, 2016/05/09 03:06:18 UTC

Creating 1934-638.5500
Creating 2312-319.5500
Creating c.5500

2018-11-02 12:11:49,579 [MainThread  ] [INFO ]  pgflag vis=1934-638.5500 command='<b' stokes=i,q,u,v flagpar=8,5,5,3,6,3 options=nodisp

pgflag: Revision 1.30, 2016/10/05 23:06:50 UTC

Applying changes to dataset
Counts of correlations within selected channels:
 channel  Originally  Currently
 Good:       8841240    8785156    Changed to bad:      56084
 Bad:        1239840    1295924    Changed to good:         0
 12.9% of the data is now flagged

2018-11-02 12:12:07,180 [MainThread  ] [INFO ]  pgflag vis=1934-638.5500 command='<b' stokes=i,v,q,u flagpar=8,2,2,3,6,3  options=nodisp

pgflag: Revision 1.30, 2016/10/05 23:06:50 UTC

Applying changes to dataset
Counts of correlations within selected channels:
 channel  Originally  Currently
 Good:       8785156    8738700    Changed to bad:      46456
 Bad:        1295924    1342380    Changed to good:         0
 13.3% of the data is now flagged

2018-11-02 12:12:25,068 [MainThread  ] [INFO ]  pgflag vis=1934-638.5500 command='<b' stokes=i,v,u,q flagpar=8,2,2,3,6,3  options=nodisp

pgflag: Revision 1.30, 2016/10/05 23:06:50 UTC

Applying changes to dataset
Counts of correlations within selected channels:
 channel  Originally  Currently
 Good:       8738700    8610204    Changed to bad:     128496
 Bad:        1342380    1470876    Changed to good:         0
 14.6% of the data is now flagged

2018-11-02 12:13:36,252 [MainThread  ] [INFO ]  mfcal vis=1934-638.5500 refant=4 interval=0.1
MfCal: $Revision: 1.20 $, $Date: 2017/05/08 02:31:10 $
Selecting parallel-hand polarisations
Reading the data ...
Number correlations accepted: 4305102
Number of frequency bands/settings: 1
Number of polarisations selected: 2
Number of solution intervals: 82
Number of passband solution intervals: 1
Initialising ...
Using post-Aug94 ATCA flux scale for 1934-638.
Using known frequency variation of 1934-638
Generating initial solution estimate ...
Doing solution refinement ...
Iter= 1, Solution Error:  0.418
Iter= 2, Solution Error:  0.004
Iter= 3, Solution Error:  0.000
Saving solution ...

2018-11-02 12:13:38,856 [MainThread  ] [INFO ]  gpcal vis=1934-638.5500 refant=4 interval=0.1 nfbin=2 options=xyvary

gpcal: Revision 1.22, 2016/05/01 22:31:05 UTC

Applying bandpass corrections to 1934-638.5500
Number of antennae: 6
Reading the data ...
Number of solution intervals: 82
Total visibilities read: 1230
Number visibilities accepted: 1230
Using post-Aug94 ATCA flux scale for 1934-638.
Using IQUV =  5.0174,  0.0000,  0.0000,  0.0000 at   5.4517 GHz.
Using post-Aug94 ATCA flux scale for 1934-638.
Using IQUV =  5.5172,  0.0000,  0.0000,  0.0000 at   5.0317 GHz.
Using post-Aug94 ATCA flux scale for 1934-638.
Using IQUV =  4.5126,  0.0000,  0.0000,  0.0000 at   5.9521 GHz.
Iter= 1, Amplit/Phase Solution Error:   0.116
Iter= 1, Polarisation Solution Error:   0.043
Iter= 1, Overall Solution Error:        0.361
Iter= 2, Amplit/Phase Solution Error:   0.002
Iter= 2, Polarisation Solution Error:   0.000
Iter= 2, Overall Solution Error:        0.003
Iter= 3, Amplit/Phase Solution Error:   0.001
Iter= 3, Polarisation Solution Error:   0.000
Iter= 3, Overall Solution Error:        0.001
I flux density:   5.0174
Leakage terms:
 Ant 1:Dx,Dy = ( 0.00135,-0.00430),(-0.00002,-0.00345)
 Ant 2:Dx,Dy = ( 0.00344, 0.00845),(-0.00283, 0.00893)
 Ant 3:Dx,Dy = ( 0.00489,-0.00156),(-0.00768,-0.00155)
 Ant 4:Dx,Dy = ( 0.00546, 0.01938),(-0.00393, 0.02034)
 Ant 5:Dx,Dy = (-0.01659,-0.00048),( 0.01640,-0.00009)
 Ant 6:Dx,Dy = ( 0.00195,-0.02309),(-0.00145,-0.02259)
Solution for freq bin  1
Iter= 1, Amplit/Phase Solution Error:   0.112
Iter= 1, Polarisation Solution Error:   0.045
Iter= 1, Overall Solution Error:        0.350
Iter= 2, Amplit/Phase Solution Error:   0.002
Iter= 2, Polarisation Solution Error:   0.000
Iter= 2, Overall Solution Error:        0.003
Iter= 3, Amplit/Phase Solution Error:   0.001
Iter= 3, Polarisation Solution Error:   0.000
Iter= 3, Overall Solution Error:        0.001
I flux density:   5.5172
Leakage terms:
 Ant 1:Dx,Dy = ( 0.00133,-0.00385),(-0.00036,-0.00288)
 Ant 2:Dx,Dy = ( 0.00323, 0.00957),(-0.00287, 0.00989)
 Ant 3:Dx,Dy = ( 0.00438,-0.00154),(-0.00826,-0.00080)
 Ant 4:Dx,Dy = ( 0.00507, 0.02026),(-0.00392, 0.02136)
 Ant 5:Dx,Dy = (-0.01693,-0.00178),( 0.01600,-0.00125)
 Ant 6:Dx,Dy = ( 0.00176,-0.02488),(-0.00176,-0.02409)
Solution for freq bin  2
Iter= 1, Amplit/Phase Solution Error:   0.121
Iter= 1, Polarisation Solution Error:   0.039
Iter= 1, Overall Solution Error:        0.379
Iter= 2, Amplit/Phase Solution Error:   0.002
Iter= 2, Polarisation Solution Error:   0.000
Iter= 2, Overall Solution Error:        0.003
Iter= 3, Amplit/Phase Solution Error:   0.001
Iter= 3, Polarisation Solution Error:   0.000
Iter= 3, Overall Solution Error:        0.001
I flux density:   4.5126
Leakage terms:
 Ant 1:Dx,Dy = ( 0.00139,-0.00490),( 0.00044,-0.00420)
 Ant 2:Dx,Dy = ( 0.00372, 0.00696),(-0.00277, 0.00766)
 Ant 3:Dx,Dy = ( 0.00557,-0.00159),(-0.00689,-0.00254)
 Ant 4:Dx,Dy = ( 0.00597, 0.01820),(-0.00394, 0.01896)
 Ant 5:Dx,Dy = (-0.01613, 0.00126),( 0.01693, 0.00146)
 Ant 6:Dx,Dy = ( 0.00219,-0.02067),(-0.00105,-0.02059)

2018-11-02 12:14:01,612 [MainThread  ] [INFO ]  pgflag vis=1934-638.5500 command='<b' stokes=i,q,u,v flagpar=8,5,5,3,6,3 options=nodisp

pgflag: Revision 1.30, 2016/10/05 23:06:50 UTC

Applying bandpass corrections to 1934-638.5500
Applying freq. dependent gain corrections to 1934-638.5500
Applying freq. dependent leakage correction to 1934-638.5500
Applying changes to dataset
Counts of correlations within selected channels:
 channel  Originally  Currently
 Good:       8610204    8588156    Changed to bad:      22048
 Bad:        1470876    1492924    Changed to good:         0
 14.8% of the data is now flagged

2018-11-02 12:14:24,557 [MainThread  ] [INFO ]  pgflag vis=1934-638.5500 command='<b' stokes=i,v,q,u flagpar=8,2,2,3,6,3  options=nodisp

pgflag: Revision 1.30, 2016/10/05 23:06:50 UTC

Applying bandpass corrections to 1934-638.5500
Applying freq. dependent gain corrections to 1934-638.5500
Applying freq. dependent leakage correction to 1934-638.5500
Applying changes to dataset
Counts of correlations within selected channels:
 channel  Originally  Currently
 Good:       8588156    8567632    Changed to bad:      20524
 Bad:        1492924    1513448    Changed to good:         0
 15.0% of the data is now flagged

2018-11-02 12:14:47,313 [MainThread  ] [INFO ]  pgflag vis=1934-638.5500 command='<b' stokes=i,v,u,q flagpar=8,2,2,3,6,3  options=nodisp

pgflag: Revision 1.30, 2016/10/05 23:06:50 UTC

Applying bandpass corrections to 1934-638.5500
Applying freq. dependent gain corrections to 1934-638.5500
Applying freq. dependent leakage correction to 1934-638.5500
Applying changes to dataset
Counts of correlations within selected channels:
 channel  Originally  Currently
 Good:       8567632    8547708    Changed to bad:      19924
 Bad:        1513448    1533372    Changed to good:         0
 15.2% of the data is now flagged

2018-11-02 12:16:09,629 [MainThread  ] [INFO ]  mfcal vis=1934-638.5500 refant=4 interval=0.1
MfCal: $Revision: 1.20 $, $Date: 2017/05/08 02:31:10 $
Selecting parallel-hand polarisations
Reading the data ...
Number correlations accepted: 4273854
Number of frequency bands/settings: 1
Number of polarisations selected: 2
Number of solution intervals: 82
Number of passband solution intervals: 1
Initialising ...
Using post-Aug94 ATCA flux scale for 1934-638.
Using known frequency variation of 1934-638
Generating initial solution estimate ...
Doing solution refinement ...
Iter= 1, Solution Error:  0.418
Iter= 2, Solution Error:  0.004
Iter= 3, Solution Error:  0.000
Saving solution ...

2018-11-02 12:16:10,745 [MainThread  ] [INFO ]  gpcal vis=1934-638.5500 refant=4 interval=0.1 nfbin=2 options=xyvary

gpcal: Revision 1.22, 2016/05/01 22:31:05 UTC

Applying bandpass corrections to 1934-638.5500
Number of antennae: 6
Using leakage parameters from input as initial guess
Reading the data ...
Number of solution intervals: 82
Total visibilities read: 1230
Number visibilities accepted: 1230
Using post-Aug94 ATCA flux scale for 1934-638.
Using IQUV =  5.0176,  0.0000,  0.0000,  0.0000 at   5.4515 GHz.
Using post-Aug94 ATCA flux scale for 1934-638.
Using IQUV =  5.5146,  0.0000,  0.0000,  0.0000 at   5.0338 GHz.
Using post-Aug94 ATCA flux scale for 1934-638.
Using IQUV =  4.5140,  0.0000,  0.0000,  0.0000 at   5.9505 GHz.
Iter= 1, Amplit/Phase Solution Error:   0.116
Iter= 1, Polarisation Solution Error:   0.000
Iter= 1, Overall Solution Error:        0.360
Iter= 2, Amplit/Phase Solution Error:   0.002
Iter= 2, Polarisation Solution Error:   0.000
Iter= 2, Overall Solution Error:        0.003
Iter= 3, Amplit/Phase Solution Error:   0.001
Iter= 3, Polarisation Solution Error:   0.000
Iter= 3, Overall Solution Error:        0.001
I flux density:   5.0176
Leakage terms:
 Ant 1:Dx,Dy = ( 0.00136,-0.00430),(-0.00001,-0.00345)
 Ant 2:Dx,Dy = ( 0.00344, 0.00845),(-0.00282, 0.00894)
 Ant 3:Dx,Dy = ( 0.00490,-0.00156),(-0.00768,-0.00155)
 Ant 4:Dx,Dy = ( 0.00545, 0.01938),(-0.00392, 0.02034)
 Ant 5:Dx,Dy = (-0.01659,-0.00048),( 0.01640,-0.00010)
 Ant 6:Dx,Dy = ( 0.00196,-0.02309),(-0.00146,-0.02259)
Solution for freq bin  1
Iter= 1, Amplit/Phase Solution Error:   0.112
Iter= 1, Polarisation Solution Error:   0.003
Iter= 1, Overall Solution Error:        0.349
Iter= 2, Amplit/Phase Solution Error:   0.002
Iter= 2, Polarisation Solution Error:   0.000
Iter= 2, Overall Solution Error:        0.003
Iter= 3, Amplit/Phase Solution Error:   0.000
Iter= 3, Polarisation Solution Error:   0.000
Iter= 3, Overall Solution Error:        0.000
I flux density:   5.5146
Leakage terms:
 Ant 1:Dx,Dy = ( 0.00133,-0.00385),(-0.00036,-0.00288)
 Ant 2:Dx,Dy = ( 0.00324, 0.00956),(-0.00285, 0.00988)
 Ant 3:Dx,Dy = ( 0.00439,-0.00154),(-0.00826,-0.00080)
 Ant 4:Dx,Dy = ( 0.00507, 0.02025),(-0.00391, 0.02136)
 Ant 5:Dx,Dy = (-0.01693,-0.00178),( 0.01600,-0.00125)
 Ant 6:Dx,Dy = ( 0.00177,-0.02487),(-0.00176,-0.02407)
Solution for freq bin  2
Iter= 1, Amplit/Phase Solution Error:   0.121
Iter= 1, Polarisation Solution Error:   0.004
Iter= 1, Overall Solution Error:        0.378
Iter= 2, Amplit/Phase Solution Error:   0.002
Iter= 2, Polarisation Solution Error:   0.000
Iter= 2, Overall Solution Error:        0.003
Iter= 3, Amplit/Phase Solution Error:   0.001
Iter= 3, Polarisation Solution Error:   0.000
Iter= 3, Overall Solution Error:        0.001
I flux density:   4.5140
Leakage terms:
 Ant 1:Dx,Dy = ( 0.00138,-0.00491),( 0.00045,-0.00420)
 Ant 2:Dx,Dy = ( 0.00372, 0.00698),(-0.00277, 0.00768)
 Ant 3:Dx,Dy = ( 0.00558,-0.00159),(-0.00689,-0.00255)
 Ant 4:Dx,Dy = ( 0.00597, 0.01821),(-0.00394, 0.01898)
 Ant 5:Dx,Dy = (-0.01614, 0.00125),( 0.01694, 0.00144)
 Ant 6:Dx,Dy = ( 0.00220,-0.02069),(-0.00106,-0.02060)

2018-11-02 12:16:10,832 [MainThread  ] [INFO ]  gpcopy vis=1934-638.5500 out=2312-319.5500

gpcopy: Revision 1.13, 2015/10/29 01:31:39 UTC

Copying leakage table
Copying gain table
Interpolation tolerance set to (minutes): 720.00
Copying bandpass table

2018-11-02 12:19:19,198 [MainThread  ] [INFO ]  pgflag vis=2312-319.5500 command='<b' stokes=i,q,u,v flagpar=8,5,5,3,6,3 options=nodisp

pgflag: Revision 1.30, 2016/10/05 23:06:50 UTC

Applying bandpass corrections to 2312-319.5500
Applying freq. dependent gain corrections to 2312-319.5500
Applying freq. dependent leakage correction to 2312-319.5500
Applying changes to dataset
Counts of correlations within selected channels:
 channel  Originally  Currently
 Good:      68142240   67752720    Changed to bad:     389520
 Bad:        9555840    9945360    Changed to good:         0
 12.8% of the data is now flagged

2018-11-02 12:22:18,504 [MainThread  ] [INFO ]  pgflag vis=2312-319.5500 command='<b' stokes=i,v,q,u flagpar=8,2,2,3,6,3  options=nodisp

pgflag: Revision 1.30, 2016/10/05 23:06:50 UTC

Applying bandpass corrections to 2312-319.5500
Applying freq. dependent gain corrections to 2312-319.5500
Applying freq. dependent leakage correction to 2312-319.5500
Applying changes to dataset
Counts of correlations within selected channels:
 channel  Originally  Currently
 Good:      67752720   67408392    Changed to bad:     344328
 Bad:        9945360   10289688    Changed to good:         0
 13.2% of the data is now flagged

2018-11-02 12:25:11,768 [MainThread  ] [INFO ]  pgflag vis=2312-319.5500 command='<b' stokes=i,v,u,q flagpar=8,2,2,3,6,3  options=nodisp

pgflag: Revision 1.30, 2016/10/05 23:06:50 UTC

Applying bandpass corrections to 2312-319.5500
Applying freq. dependent gain corrections to 2312-319.5500
Applying freq. dependent leakage correction to 2312-319.5500
Applying changes to dataset
Counts of correlations within selected channels:
 channel  Originally  Currently
 Good:      67408392   67048592    Changed to bad:     359800
 Bad:       10289688   10649488    Changed to good:         0
 13.7% of the data is now flagged

2018-11-02 12:25:16,529 [MainThread  ] [INFO ]  gpcal vis=2312-319.5500 refant=4 interval=0.1 nfbin=2 options=xyvary,qusolve

gpcal: Revision 1.22, 2016/05/01 22:31:05 UTC

Applying bandpass corrections to 2312-319.5500
Number of antennae: 6
Using leakage parameters from input as initial guess
Reading the data ...
Number of solution intervals: 631
Total visibilities read: 9480
Number visibilities accepted: 9460
Iter= 1, Amplit/Phase Solution Error:   0.315
Iter= 1, Polarisation Solution Error:   0.009
Iter= 1, Overall Solution Error:        1.510
Iter= 2, Amplit/Phase Solution Error:   0.008
Iter= 2, Polarisation Solution Error:   0.000
Iter= 2, Overall Solution Error:        0.006
Iter= 3, Amplit/Phase Solution Error:   0.001
Iter= 3, Polarisation Solution Error:   0.000
Iter= 3, Overall Solution Error:        0.001
I flux density:   0.5410
Percent Q:  -0.916
Percent U:  -0.203
Leakage terms:
 Ant 1:Dx,Dy = ( 0.00066,-0.00484),( 0.00012,-0.00321)
 Ant 2:Dx,Dy = ( 0.00333, 0.00790),(-0.00306, 0.00904)
 Ant 3:Dx,Dy = ( 0.00507,-0.00203),(-0.00816,-0.00135)
 Ant 4:Dx,Dy = ( 0.00505, 0.01882),(-0.00376, 0.02066)
 Ant 5:Dx,Dy = (-0.01654,-0.00066),( 0.01599, 0.00057)
 Ant 6:Dx,Dy = ( 0.00190,-0.02316),(-0.00166,-0.02174)
Solution for freq bin  1
Iter= 1, Amplit/Phase Solution Error:   0.295
Iter= 1, Polarisation Solution Error:   0.008
Iter= 1, Overall Solution Error:        1.419
Iter= 2, Amplit/Phase Solution Error:   0.007
Iter= 2, Polarisation Solution Error:   0.000
Iter= 2, Overall Solution Error:        0.006
Iter= 3, Amplit/Phase Solution Error:   0.001
Iter= 3, Polarisation Solution Error:   0.000
Iter= 3, Overall Solution Error:        0.001
I flux density:   0.5440
Percent Q:  -0.810
Percent U:  -0.115
Leakage terms:
 Ant 1:Dx,Dy = ( 0.00076,-0.00446),(-0.00013,-0.00254)
 Ant 2:Dx,Dy = ( 0.00322, 0.00928),(-0.00299, 0.01025)
 Ant 3:Dx,Dy = ( 0.00433,-0.00212),(-0.00885,-0.00037)
 Ant 4:Dx,Dy = ( 0.00455, 0.01965),(-0.00358, 0.02179)
 Ant 5:Dx,Dy = (-0.01671,-0.00221),( 0.01548,-0.00069)
 Ant 6:Dx,Dy = ( 0.00177,-0.02520),(-0.00200,-0.02339)
Solution for freq bin  2
Iter= 1, Amplit/Phase Solution Error:   0.336
Iter= 1, Polarisation Solution Error:   0.010
Iter= 1, Overall Solution Error:        1.594
Iter= 2, Amplit/Phase Solution Error:   0.010
Iter= 2, Polarisation Solution Error:   0.000
Iter= 2, Overall Solution Error:        0.007
Iter= 3, Amplit/Phase Solution Error:   0.001
Iter= 3, Polarisation Solution Error:   0.000
Iter= 3, Overall Solution Error:        0.001
I flux density:   0.5382
Percent Q:  -1.028
Percent U:  -0.295
Leakage terms:
 Ant 1:Dx,Dy = ( 0.00056,-0.00525),( 0.00038,-0.00390)
 Ant 2:Dx,Dy = ( 0.00347, 0.00645),(-0.00311, 0.00776)
 Ant 3:Dx,Dy = ( 0.00585,-0.00193),(-0.00741,-0.00238)
 Ant 4:Dx,Dy = ( 0.00558, 0.01794),(-0.00393, 0.01945)
 Ant 5:Dx,Dy = (-0.01633, 0.00097),( 0.01655, 0.00188)
 Ant 6:Dx,Dy = ( 0.00216,-0.02100),(-0.00119,-0.02000)

2018-11-02 12:28:09,891 [MainThread  ] [INFO ]  pgflag vis=2312-319.5500 command='<b' stokes=i,q,u,v flagpar=8,5,5,3,6,3 options=nodisp

pgflag: Revision 1.30, 2016/10/05 23:06:50 UTC

Applying bandpass corrections to 2312-319.5500
Applying freq. dependent gain corrections to 2312-319.5500
Applying freq. dependent leakage correction to 2312-319.5500
Applying changes to dataset
Counts of correlations within selected channels:
 channel  Originally  Currently
 Good:      67048592   66728220    Changed to bad:     320372
 Bad:       10649488   10969860    Changed to good:         0
 14.1% of the data is now flagged

2018-11-02 12:31:08,756 [MainThread  ] [INFO ]  pgflag vis=2312-319.5500 command='<b' stokes=i,v,q,u flagpar=8,2,2,3,6,3  options=nodisp

pgflag: Revision 1.30, 2016/10/05 23:06:50 UTC

Applying bandpass corrections to 2312-319.5500
Applying freq. dependent gain corrections to 2312-319.5500
Applying freq. dependent leakage correction to 2312-319.5500
Applying changes to dataset
Counts of correlations within selected channels:
 channel  Originally  Currently
 Good:      66728220   66440496    Changed to bad:     287724
 Bad:       10969860   11257584    Changed to good:         0
 14.5% of the data is now flagged

2018-11-02 12:34:18,636 [MainThread  ] [INFO ]  pgflag vis=2312-319.5500 command='<b' stokes=i,v,u,q flagpar=8,2,2,3,6,3  options=nodisp

pgflag: Revision 1.30, 2016/10/05 23:06:50 UTC

Applying bandpass corrections to 2312-319.5500
Applying freq. dependent gain corrections to 2312-319.5500
Applying freq. dependent leakage correction to 2312-319.5500
Applying changes to dataset
Counts of correlations within selected channels:
 channel  Originally  Currently
 Good:      66440496   66174196    Changed to bad:     266300
 Bad:       11257584   11523884    Changed to good:         0
 14.8% of the data is now flagged

2018-11-02 12:34:23,799 [MainThread  ] [INFO ]  gpcal vis=2312-319.5500 refant=4 interval=0.1 nfbin=2 options=xyvary,qusolve

gpcal: Revision 1.22, 2016/05/01 22:31:05 UTC

Applying bandpass corrections to 2312-319.5500
Number of antennae: 6
Using leakage parameters from input as initial guess
Reading the data ...
Number of solution intervals: 631
Total visibilities read: 9480
Number visibilities accepted: 9460
Iter= 1, Amplit/Phase Solution Error:   0.315
Iter= 1, Polarisation Solution Error:   0.009
Iter= 1, Overall Solution Error:        1.511
Iter= 2, Amplit/Phase Solution Error:   0.008
Iter= 2, Polarisation Solution Error:   0.000
Iter= 2, Overall Solution Error:        0.006
Iter= 3, Amplit/Phase Solution Error:   0.001
Iter= 3, Polarisation Solution Error:   0.000
Iter= 3, Overall Solution Error:        0.001
I flux density:   0.5420
Percent Q:  -0.919
Percent U:  -0.199
Leakage terms:
 Ant 1:Dx,Dy = ( 0.00068,-0.00486),( 0.00016,-0.00320)
 Ant 2:Dx,Dy = ( 0.00333, 0.00789),(-0.00302, 0.00905)
 Ant 3:Dx,Dy = ( 0.00511,-0.00203),(-0.00814,-0.00135)
 Ant 4:Dx,Dy = ( 0.00506, 0.01881),(-0.00374, 0.02063)
 Ant 5:Dx,Dy = (-0.01653,-0.00065),( 0.01599, 0.00058)
 Ant 6:Dx,Dy = ( 0.00195,-0.02314),(-0.00164,-0.02171)
Solution for freq bin  1
Iter= 1, Amplit/Phase Solution Error:   0.296
Iter= 1, Polarisation Solution Error:   0.008
Iter= 1, Overall Solution Error:        1.420
Iter= 2, Amplit/Phase Solution Error:   0.007
Iter= 2, Polarisation Solution Error:   0.000
Iter= 2, Overall Solution Error:        0.006
Iter= 3, Amplit/Phase Solution Error:   0.001
Iter= 3, Polarisation Solution Error:   0.000
Iter= 3, Overall Solution Error:        0.001
I flux density:   0.5450
Percent Q:  -0.813
Percent U:  -0.110
Leakage terms:
 Ant 1:Dx,Dy = ( 0.00079,-0.00448),(-0.00009,-0.00257)
 Ant 2:Dx,Dy = ( 0.00322, 0.00925),(-0.00293, 0.01027)
 Ant 3:Dx,Dy = ( 0.00438,-0.00212),(-0.00882,-0.00034)
 Ant 4:Dx,Dy = ( 0.00456, 0.01963),(-0.00356, 0.02176)
 Ant 5:Dx,Dy = (-0.01672,-0.00219),( 0.01547,-0.00068)
 Ant 6:Dx,Dy = ( 0.00184,-0.02517),(-0.00199,-0.02336)
Solution for freq bin  2
Iter= 1, Amplit/Phase Solution Error:   0.336
Iter= 1, Polarisation Solution Error:   0.010
Iter= 1, Overall Solution Error:        1.593
Iter= 2, Amplit/Phase Solution Error:   0.010
Iter= 2, Polarisation Solution Error:   0.000
Iter= 2, Overall Solution Error:        0.007
Iter= 3, Amplit/Phase Solution Error:   0.001
Iter= 3, Polarisation Solution Error:   0.000
Iter= 3, Overall Solution Error:        0.001
I flux density:   0.5392
Percent Q:  -1.031
Percent U:  -0.289
Leakage terms:
 Ant 1:Dx,Dy = ( 0.00058,-0.00526),( 0.00042,-0.00386)
 Ant 2:Dx,Dy = ( 0.00348, 0.00647),(-0.00307, 0.00776)
 Ant 3:Dx,Dy = ( 0.00587,-0.00194),(-0.00742,-0.00240)
 Ant 4:Dx,Dy = ( 0.00559, 0.01794),(-0.00391, 0.01944)
 Ant 5:Dx,Dy = (-0.01630, 0.00095),( 0.01656, 0.00188)
 Ant 6:Dx,Dy = ( 0.00220,-0.02100),(-0.00118,-0.01999)

2018-11-02 12:34:23,824 [MainThread  ] [INFO ]  gpboot vis=2312-319.5500 cal=1934-638.5500

gpboot: Revision 1.9, 2015/10/29 01:31:30 UTC

Secondary flux density scaled by:   0.997
Frequency bin  1 scaled by      :   1.000
Frequency bin  2 scaled by      :   1.001

2018-11-02 12:36:19,077 [MainThread  ] [INFO ]  gpcopy vis=2312-319.5500 out=c.5500

gpcopy: Revision 1.13, 2015/10/29 01:31:39 UTC

Copying leakage table
Copying gain table
Interpolation tolerance set to (minutes): 720.00
Copying bandpass table

2018-11-02 12:57:55,543 [MainThread  ] [INFO ]  pgflag vis=c.5500 command='<b' stokes=i,v,q,u flagpar=8,2,2,3,6,3  options=nodisp

pgflag: Revision 1.30, 2016/10/05 23:06:50 UTC

Applying bandpass corrections to c.5500
Applying freq. dependent gain corrections to c.5500
Applying freq. dependent leakage correction to c.5500
Applying changes to dataset
Counts of correlations within selected channels:
 channel  Originally  Currently
 Good:     430748088  417100672    Changed to bad:   13647416
 Bad:       60405408   74052824    Changed to good:         0
 15.1% of the data is now flagged

2018-11-02 13:18:29,277 [MainThread  ] [INFO ]  pgflag vis=c.5500 command='<b' stokes=i,v,u,q flagpar=8,2,2,3,6,3  options=nodisp

pgflag: Revision 1.30, 2016/10/05 23:06:50 UTC

Applying bandpass corrections to c.5500
Applying freq. dependent gain corrections to c.5500
Applying freq. dependent leakage correction to c.5500
Applying changes to dataset
Counts of correlations within selected channels:
 channel  Originally  Currently
 Good:     417100672  407557704    Changed to bad:    9542968
 Bad:       74052824   83595792    Changed to good:         0
 17.0% of the data is now flagged

2018-11-02 13:22:27,565 [MainThread  ] [INFO ]  uvsplit vis=c.5500

uvsplit: Revision 1.18, 2016/05/09 03:06:18 UTC

Creating c_241.5500
Creating c_242.5500
Creating c_243.5500
Creating c_244.5500
Creating c_245.5500
Creating c_246.5500
Creating c_247.5500
Creating c_248.5500
Creating c_249.5500
Creating c_250.5500
Creating c_251.5500
Creating c_252.5500
Creating c_253.5500
Creating c_254.5500
Creating c_255.5500
Creating c_256.5500
Creating c_257.5500
Creating c_258.5500
Creating c_259.5500
Creating c_260.5500
Creating c_261.5500
Creating c_262.5500
Creating c_263.5500
Creating c_264.5500
Creating c_265.5500
Creating c_266.5500
Creating c_267.5500
Creating c_268.5500
Creating c_269.5500
Creating c_270.5500
Creating c_271.5500
Creating c_272.5500
Creating c_273.5500
Creating c_274.5500
Creating c_275.5500
Creating c_276.5500
Creating c_277.5500
Creating c_278.5500
Creating c_279.5500
Creating c_280.5500
Creating c_281.5500
Creating c_282.5500
Creating c_283.5500
Creating c_284.5500
Creating c_285.5500
Creating c_286.5500
Creating c_287.5500
Creating c_288.5500
Creating c_289.5500
Creating c_290.5500
Creating c_291.5500
Creating c_292.5500
Creating c_293.5500
Creating c_294.5500
Creating c_295.5500
Creating c_296.5500
Creating c_297.5500
Creating c_298.5500
Creating c_299.5500
Creating c_300.5500
Creating c_301.5500
Creating c_302.5500
Creating c_303.5500
Creating c_304.5500
Creating c_305.5500
Creating c_306.5500
Creating c_307.5500
Creating c_308.5500
Creating c_309.5500
Creating c_310.5500
Creating c_311.5500
Creating c_312.5500
Creating c_313.5500
Creating c_314.5500
Creating c_315.5500
Creating c_316.5500
Creating c_317.5500
Creating c_318.5500
Creating c_319.5500
Creating c_320.5500
Creating c_321.5500
Creating c_322.5500
Creating c_323.5500
Creating c_324.5500
Creating c_325.5500
Creating c_326.5500
Creating c_327.5500
Creating c_328.5500
Creating c_329.5500
Creating c_330.5500
Creating c_331.5500
Creating c_332.5500
Creating c_333.5500
Creating c_334.5500
Creating c_335.5500
Creating c_336.5500
Creating c_337.5500
Creating c_338.5500
Creating c_339.5500
Creating c_340.5500
Creating c_341.5500
Creating c_342.5500
Creating c_343.5500
Creating c_344.5500
Creating c_345.5500
Creating c_346.5500
Creating c_347.5500
Creating c_348.5500
Creating c_349.5500
Creating c_350.5500
Creating c_351.5500
Creating c_352.5500
Creating c_353.5500
Creating c_354.5500
Creating c_355.5500
Creating c_356.5500
Creating c_357.5500
Creating c_358.5500
Creating c_359.5500
Creating c_360.5500
Creating c_181.5500
Creating c_182.5500
Creating c_183.5500
Creating c_184.5500
Creating c_185.5500
Creating c_186.5500
Creating c_187.5500
Creating c_188.5500
Creating c_189.5500
Creating c_190.5500
Creating c_191.5500
Creating c_192.5500
Creating c_193.5500
Creating c_194.5500
Creating c_195.5500
Creating c_196.5500
Creating c_197.5500
Creating c_198.5500
Creating c_199.5500
Creating c_200.5500
Creating c_201.5500
Creating c_202.5500
Creating c_203.5500
Creating c_204.5500
Creating c_205.5500
Creating c_206.5500
Creating c_207.5500
Creating c_208.5500
Creating c_209.5500
Creating c_210.5500
Creating c_211.5500
Creating c_212.5500
Creating c_213.5500
Creating c_214.5500
Creating c_215.5500
Creating c_216.5500
Creating c_217.5500
Creating c_218.5500
Creating c_219.5500
Creating c_220.5500
Creating c_221.5500
Creating c_222.5500
Creating c_223.5500
Creating c_224.5500
Creating c_225.5500
Creating c_226.5500
Creating c_227.5500
Creating c_228.5500
Creating c_229.5500
Creating c_230.5500
Creating c_231.5500
Creating c_232.5500
Creating c_233.5500
Creating c_234.5500
Creating c_235.5500
Creating c_236.5500
Creating c_237.5500
Creating c_238.5500
Creating c_239.5500
Creating c_240.5500

