2018-11-02 13:26:16,916 [MainThread  ] [INFO ]  atlod in=raw/2018-06-15_1352.C3132,raw/2018-06-15_1640.C3132,raw/2018-06-15_1927.C3132,raw/2018-06-15_2214.C3132,raw/2018-06-16_0100.C3132 out=data9.uv ifsel=2 options=birdie,rfiflag,noauto,xycorr

atlod: Revision 1.53, 2016/08/25 23:02:21 UTC

Processing file raw/2018-06-15_1352.C3132
 13:52:53 CAOBS> track 1
CABB data detected
Scan 1 started at 18JUN15:13:53:08.0
Source: 1934-638
Flagging channels in  28 frequency ranges
 14:04:06 CAOBS> stop
 14:04:29 CAOBS> set  file c3132_obs_c2.sch
 14:04:37 CAOBS> start 7/99
Scan 2 started at 18JUN15:14:06:20.0
Source: 2312-319
Scan 3 started at 18JUN15:14:09:08.0
Source: c_241
Source: c_242
Source: c_243
Source: c_244
Source: c_245
Source: c_246
Source: c_247
Source: c_248
Source: c_249
Source: c_250
Source: c_251
Source: c_252
Source: c_253
Source: c_254
Source: c_255
Source: c_256
Source: c_257
Source: c_258
Source: c_259
Source: c_260
Scan 4 started at 18JUN15:14:22:44.0
Source: 2312-319
Scan 5 started at 18JUN15:14:25:32.0
Source: c_261
Source: c_262
Source: c_263
Source: c_264
Source: c_265
Source: c_266
Source: c_267
Source: c_268
Source: c_269
Source: c_270
Source: c_271
Source: c_272
Source: c_273
Source: c_274
Source: c_275
Source: c_276
Source: c_277
Source: c_278
Source: c_279
Source: c_280
Scan 6 started at 18JUN15:14:39:08.0
Source: 2312-319
Scan 7 started at 18JUN15:14:41:50.5
Source: c_281
Source: c_282
Source: c_283
Source: c_284
Source: c_285
Source: c_286
Source: c_287
Source: c_288
Source: c_289
Source: c_290
Source: c_291
Source: c_292
Source: c_293
Source: c_294
Source: c_295
Source: c_296
Source: c_297
Source: c_298
Source: c_299
Source: c_300
Scan 8 started at 18JUN15:14:55:32.0
Source: 2312-319
Scan 9 started at 18JUN15:14:58:20.0
Source: c_301
Source: c_302
Source: c_303
Source: c_304
Source: c_305
Source: c_306
Source: c_307
Source: c_308
Source: c_309
Source: c_310
Source: c_311
Source: c_312
Source: c_313
Source: c_314
Source: c_315
Source: c_316
Source: c_317
Source: c_318
Source: c_319
Source: c_320
Scan 10 started at 18JUN15:15:11:56.0
Source: 2312-319
Scan 11 started at 18JUN15:15:14:44.0
Source: c_321
Source: c_322
Source: c_323
Source: c_324
Source: c_325
Source: c_326
Source: c_327
Source: c_328
Source: c_329
Source: c_330
Source: c_331
Source: c_332
Source: c_333
Source: c_334
Source: c_335
Source: c_336
Source: c_337
Source: c_338
Source: c_339
Source: c_340
Scan 12 started at 18JUN15:15:28:20.0
Source: 2312-319
Scan 13 started at 18JUN15:15:31:02.8
Source: c_341
Source: c_342
Source: c_343
Source: c_344
Source: c_345
Source: c_346
Source: c_347
Source: c_348
Source: c_349
Source: c_350
Source: c_351
Source: c_352
Source: c_353
Source: c_354
Source: c_355
Source: c_356
Source: c_357
Source: c_358
Source: c_359
Source: c_360
Scan 14 started at 18JUN15:15:44:44.0
Source: 2312-319
Scan 15 started at 18JUN15:15:47:32.0
Source: c_181
Source: c_182
Source: c_183
Source: c_184
Source: c_185
Source: c_186
Source: c_187
Source: c_188
Source: c_189
Source: c_190
Source: c_191
Source: c_192
Source: c_193
Source: c_194
Source: c_195
Source: c_196
Source: c_197
Source: c_198
Source: c_199
Source: c_200
Scan 16 started at 18JUN15:16:01:08.0
Source: 2312-319
Scan 17 started at 18JUN15:16:03:50.8
Source: c_201
Source: c_202
Source: c_203
Source: c_204
Source: c_205
Source: c_206
Source: c_207
Source: c_208
Source: c_209
Source: c_210
Source: c_211
Source: c_212
Source: c_213
Source: c_214
Source: c_215
Source: c_216
Source: c_217
Source: c_218
Source: c_219
Source: c_220
Scan 18 started at 18JUN15:16:17:32.0
Source: 2312-319
Scan 19 started at 18JUN15:16:20:20.0
Source: c_221
Source: c_222
Source: c_223
Source: c_224
Source: c_225
Source: c_226
Source: c_227
Source: c_228
Source: c_229
Source: c_230
Source: c_231
Source: c_232
Source: c_233
Source: c_234
Source: c_235
Source: c_236
Source: c_237
Source: c_238
Source: c_239
Source: c_240
Scan 20 started at 18JUN15:16:33:56.0
Source: 2312-319
Scan 21 started at 18JUN15:16:36:52.0
Source: c_241
Source: c_242
Source: c_243
Source: c_244
Source: c_245
Source: c_246
RPFITS file version is 2.12
---------------------------------------
Total number of spectra selected: 72660

Summary of spectra flagged
Flagging Reason            Fraction
---------------            --------
Antenna off-source/off-line  4.87%
---------------------------------------
Processing file raw/2018-06-15_1640.C3132
CABB data detected
Scan 1 started at 18JUN15:16:40:28.0
Source: c_246
Source: c_247
Source: c_248
Source: c_249
Source: c_250
Source: c_251
Source: c_252
Source: c_253
Source: c_254
Source: c_255
Source: c_256
Source: c_257
Source: c_258
Source: c_259
Source: c_260
Scan 2 started at 18JUN15:16:50:20.0
Source: 2312-319
Scan 3 started at 18JUN15:16:53:08.0
Source: c_261
Source: c_262
Source: c_263
Source: c_264
Source: c_265
Source: c_266
Source: c_267
Source: c_268
Source: c_269
Source: c_270
Source: c_271
Source: c_272
Source: c_273
Source: c_274
Source: c_275
Source: c_276
Source: c_277
Source: c_278
Source: c_279
Source: c_280
Scan 4 started at 18JUN15:17:06:44.0
Source: 2312-319
Scan 5 started at 18JUN15:17:09:26.5
Source: c_281
Source: c_282
Source: c_283
Source: c_284
Source: c_285
Source: c_286
Source: c_287
Source: c_288
Source: c_289
Source: c_290
Source: c_291
Source: c_292
Source: c_293
Source: c_294
Source: c_295
Source: c_296
Source: c_297
Source: c_298
Source: c_299
Source: c_300
Scan 6 started at 18JUN15:17:23:08.0
Source: 2312-319
Scan 7 started at 18JUN15:17:26:04.0
Source: c_301
Source: c_302
Source: c_303
Source: c_304
Source: c_305
Source: c_306
Source: c_307
Source: c_308
Source: c_309
Source: c_310
Source: c_311
Source: c_312
Source: c_313
Source: c_314
Source: c_315
Source: c_316
Source: c_317
Source: c_318
Source: c_319
Source: c_320
Scan 8 started at 18JUN15:17:39:32.0
Source: 2312-319
Scan 9 started at 18JUN15:17:42:28.0
Source: c_321
Source: c_322
Source: c_323
Source: c_324
Source: c_325
Source: c_326
Source: c_327
Source: c_328
Source: c_329
Source: c_330
Source: c_331
Source: c_332
Source: c_333
Source: c_334
Source: c_335
Source: c_336
Source: c_337
Source: c_338
Source: c_339
Source: c_340
Scan 10 started at 18JUN15:17:55:56.0
Source: 2312-319
Scan 11 started at 18JUN15:17:58:44.0
Source: c_341
Source: c_342
Source: c_343
Source: c_344
Source: c_345
Source: c_346
Source: c_347
Source: c_348
Source: c_349
Source: c_350
Source: c_351
Source: c_352
Source: c_353
Source: c_354
Source: c_355
Source: c_356
Source: c_357
Source: c_358
Source: c_359
Source: c_360
Scan 12 started at 18JUN15:18:12:20.0
Source: 2312-319
Scan 13 started at 18JUN15:18:15:24.0
Source: c_181
Source: c_182
Source: c_183
Source: c_184
Source: c_185
Source: c_186
Source: c_187
Source: c_188
Source: c_189
Source: c_190
Source: c_191
Source: c_192
Source: c_193
Source: c_194
Source: c_195
Source: c_196
Source: c_197
Source: c_198
Source: c_199
Source: c_200
Scan 14 started at 18JUN15:18:28:44.0
Source: 2312-319
Scan 15 started at 18JUN15:18:31:40.0
Source: c_201
Source: c_202
Source: c_203
Source: c_204
Source: c_205
Source: c_206
Source: c_207
Source: c_208
Source: c_209
Source: c_210
Source: c_211
Source: c_212
Source: c_213
Source: c_214
Source: c_215
Source: c_216
Source: c_217
Source: c_218
Source: c_219
Source: c_220
Scan 16 started at 18JUN15:18:45:08.0
Source: 2312-319
Scan 17 started at 18JUN15:18:48:04.0
Source: c_221
Source: c_222
Source: c_223
Source: c_224
Source: c_225
Source: c_226
Source: c_227
Source: c_228
Source: c_229
Source: c_230
Source: c_231
Source: c_232
Source: c_233
Source: c_234
Source: c_235
Source: c_236
Source: c_237
Source: c_238
Source: c_239
Source: c_240
Scan 18 started at 18JUN15:19:01:40.0
Source: 2312-319
Scan 19 started at 18JUN15:19:05:48.0
Source: c_242
Source: c_243
Source: c_244
Source: c_245
Source: c_246
Source: c_247
Source: c_248
Source: c_249
Source: c_250
Source: c_251
Source: c_252
Source: c_253
Source: c_254
Source: c_255
Source: c_256
Source: c_257
Source: c_258
Source: c_259
Scan 20 started at 18JUN15:19:18:52.0
Source: 2312-319
Scan 21 started at 18JUN15:19:25:24.0
Source: c_263
Source: c_264
Source: c_265
RPFITS file version is 2.12
---------------------------------------
Total number of spectra selected: 72660

Summary of spectra flagged
Flagging Reason            Fraction
---------------            --------
Antenna off-source/off-line  10.4%
---------------------------------------
Processing file raw/2018-06-15_1927.C3132
CABB data detected
Scan 1 started at 18JUN15:19:27:24.0
Source: c_266
Source: c_267
Source: c_268
Source: c_269
Source: c_270
Source: c_271
Source: c_272
Source: c_273
Source: c_274
Source: c_275
Source: c_276
Source: c_277
Source: c_278
Source: c_279
Source: c_280
Scan 2 started at 18JUN15:19:39:24.0
Source: 2312-319
Scan 3 started at 18JUN15:19:43:48.0
Source: c_281
Source: c_282
Source: c_283
Source: c_284
Source: c_285
Source: c_286
Source: c_287
Source: c_288
Source: c_289
Source: c_290
Source: c_291
Source: c_292
Source: c_293
Source: c_294
Source: c_295
Source: c_296
Source: c_297
Source: c_298
Source: c_299
Source: c_300
Scan 4 started at 18JUN15:19:57:32.0
Source: 2312-319
Scan 5 started at 18JUN15:20:00:36.0
Source: c_301
Source: c_302
Source: c_303
Source: c_304
Source: c_305
Source: c_306
Source: c_307
Source: c_308
Source: c_309
Source: c_310
Source: c_311
Source: c_312
Source: c_313
Source: c_314
Source: c_315
Source: c_316
Source: c_317
Source: c_318
Source: c_319
Source: c_320
Scan 6 started at 18JUN15:20:13:56.0
Source: 2312-319
Scan 7 started at 18JUN15:20:17:08.0
Source: c_321
Source: c_322
Source: c_323
Source: c_324
Source: c_325
Source: c_326
Source: c_327
Source: c_328
Source: c_329
Source: c_330
Source: c_331
Source: c_332
Source: c_333
Source: c_334
Source: c_335
Source: c_336
Source: c_337
Source: c_338
Source: c_339
Source: c_340
Scan 8 started at 18JUN15:20:30:28.0
Source: 2312-319
Scan 9 started at 18JUN15:20:33:16.0
Source: c_341
Source: c_342
Source: c_343
Source: c_344
Source: c_345
Source: c_346
Source: c_347
Source: c_348
Source: c_349
Source: c_350
Source: c_351
Source: c_352
Source: c_353
Source: c_354
Source: c_355
Source: c_356
Source: c_357
Source: c_358
Source: c_359
Source: c_360
Scan 10 started at 18JUN15:20:46:52.0
Source: 2312-319
Scan 11 started at 18JUN15:20:49:56.0
Source: c_181
Source: c_182
Source: c_183
Source: c_184
Source: c_185
Source: c_186
Source: c_187
Source: c_188
Source: c_189
Source: c_190
Source: c_191
Source: c_192
Source: c_193
Source: c_194
Source: c_195
Source: c_196
Source: c_197
Source: c_198
Source: c_199
Source: c_200
Scan 12 started at 18JUN15:21:03:24.0
Source: 2312-319
Scan 13 started at 18JUN15:21:06:12.0
Source: c_201
Source: c_202
Source: c_203
Source: c_204
Source: c_205
Source: c_206
Source: c_207
Source: c_208
Source: c_209
Source: c_210
Source: c_211
Source: c_212
Source: c_213
Source: c_214
Source: c_215
Source: c_216
Source: c_217
Source: c_218
Source: c_219
Source: c_220
Scan 14 started at 18JUN15:21:19:48.0
Source: 2312-319
Scan 15 started at 18JUN15:21:22:44.0
Source: c_221
Source: c_222
Source: c_223
Source: c_224
Source: c_225
Source: c_226
Source: c_227
Source: c_228
Source: c_229
Source: c_230
Source: c_231
Source: c_232
Source: c_233
Source: c_234
Source: c_235
Source: c_236
Source: c_237
Source: c_238
Source: c_239
Source: c_240
Scan 16 started at 18JUN15:21:36:20.0
Source: 2312-319
Scan 17 started at 18JUN15:21:39:16.0
Source: c_241
Source: c_242
Source: c_243
Source: c_244
Source: c_245
Source: c_246
Source: c_247
Source: c_248
Source: c_249
Source: c_250
Source: c_251
Source: c_252
Source: c_253
Source: c_254
Source: c_255
Source: c_256
Source: c_257
Source: c_258
Source: c_259
Source: c_260
Scan 18 started at 18JUN15:21:52:44.0
Source: 2312-319
Scan 19 started at 18JUN15:21:55:32.0
Source: c_261
Source: c_262
Source: c_263
Source: c_264
Source: c_265
Source: c_266
Source: c_267
Source: c_268
Source: c_269
Source: c_270
Source: c_271
Source: c_272
Source: c_273
Source: c_274
Source: c_275
Source: c_276
Source: c_277
Source: c_278
Source: c_279
Source: c_280
Scan 20 started at 18JUN15:22:09:08.0
Source: 2312-319
Scan 21 started at 18JUN15:22:11:50.5
Source: c_281
Source: c_282
Source: c_283
Source: c_284
RPFITS file version is 2.12
---------------------------------------
Total number of spectra selected: 72660

Summary of spectra flagged
Flagging Reason            Fraction
---------------            --------
Antenna off-source/off-line  7.57%
---------------------------------------
Processing file raw/2018-06-15_2214.C3132
CABB data detected
Scan 1 started at 18JUN15:22:14:04.0
Source: c_284
Source: c_285
Source: c_286
Source: c_287
Source: c_288
Source: c_289
Source: c_290
Source: c_291
Source: c_292
Source: c_293
Source: c_294
Source: c_295
Source: c_296
Source: c_297
Source: c_298
Source: c_299
Source: c_300
Scan 2 started at 18JUN15:22:25:32.0
Source: 2312-319
Scan 3 started at 18JUN15:22:28:20.0
Source: c_301
Source: c_302
Source: c_303
Source: c_304
Source: c_305
Source: c_306
Source: c_307
Source: c_308
Source: c_309
Source: c_310
Source: c_311
Source: c_312
Source: c_313
Source: c_314
Source: c_315
Source: c_316
Source: c_317
Source: c_318
Source: c_319
Source: c_320
Scan 4 started at 18JUN15:22:41:56.0
Source: 2312-319
Scan 5 started at 18JUN15:22:44:44.0
Source: c_321
Source: c_322
Source: c_323
Source: c_324
Source: c_325
Source: c_326
Source: c_327
Source: c_328
Source: c_329
Source: c_330
Source: c_331
Source: c_332
Source: c_333
Source: c_334
Source: c_335
Source: c_336
Source: c_337
Source: c_338
Source: c_339
Source: c_340
Scan 6 started at 18JUN15:22:58:20.0
Source: 2312-319
Scan 7 started at 18JUN15:23:01:08.0
Source: c_341
Source: c_342
Source: c_343
Source: c_344
Source: c_345
Source: c_346
Source: c_347
Source: c_348
Source: c_349
Source: c_350
Source: c_351
Source: c_352
Source: c_353
Source: c_354
Source: c_355
Source: c_356
Source: c_357
Source: c_358
Source: c_359
Source: c_360
Scan 8 started at 18JUN15:23:14:44.0
Source: 2312-319
Scan 9 started at 18JUN15:23:17:32.0
Source: c_181
Source: c_182
Source: c_183
Source: c_184
Source: c_185
Source: c_186
Source: c_187
Source: c_188
Source: c_189
Source: c_190
Source: c_191
Source: c_192
Source: c_193
Source: c_194
Source: c_195
Source: c_196
Source: c_197
Source: c_198
Source: c_199
Source: c_200
Scan 10 started at 18JUN15:23:31:08.0
Source: 2312-319
Scan 11 started at 18JUN15:23:33:50.8
Source: c_201
Source: c_202
Source: c_203
Source: c_204
Source: c_205
Source: c_206
Source: c_207
Source: c_208
Source: c_209
Source: c_210
Source: c_211
Source: c_212
Source: c_213
Source: c_214
Source: c_215
Source: c_216
Source: c_217
Source: c_218
Source: c_219
Source: c_220
Scan 12 started at 18JUN15:23:47:32.0
Source: 2312-319
Scan 13 started at 18JUN15:23:50:20.0
Source: c_221
Source: c_222
Source: c_223
Source: c_224
Source: c_225
Source: c_226
Source: c_227
Source: c_228
Source: c_229
Source: c_230
Source: c_231
Source: c_232
Source: c_233
Source: c_234
Source: c_235
Source: c_236
Source: c_237
Source: c_238
Source: c_239
Source: c_240
Scan 14 started at 18JUN16:00:03:56.0
Source: 2312-319
Scan 15 started at 18JUN16:00:06:44.0
Source: c_241
Source: c_242
Source: c_243
Source: c_244
Source: c_245
Source: c_246
Source: c_247
Source: c_248
Source: c_249
Source: c_250
Source: c_251
Source: c_252
Source: c_253
Source: c_254
Source: c_255
Source: c_256
Source: c_257
Source: c_258
Source: c_259
Source: c_260
Scan 16 started at 18JUN16:00:20:20.0
Source: 2312-319
Scan 17 started at 18JUN16:00:23:08.0
Source: c_261
Source: c_262
Source: c_263
Source: c_264
Source: c_265
Source: c_266
Source: c_267
Source: c_268
Source: c_269
Source: c_270
Source: c_271
Source: c_272
Source: c_273
Source: c_274
Source: c_275
Source: c_276
Source: c_277
Source: c_278
Source: c_279
Source: c_280
Scan 18 started at 18JUN16:00:36:44.0
Source: 2312-319
Scan 19 started at 18JUN16:00:39:26.5
Source: c_281
Source: c_282
Source: c_283
Source: c_284
Source: c_285
Source: c_286
Source: c_287
Source: c_288
Source: c_289
Source: c_290
Source: c_291
Source: c_292
Source: c_293
Source: c_294
Source: c_295
Source: c_296
Source: c_297
Source: c_298
Source: c_299
Source: c_300
Scan 20 started at 18JUN16:00:53:08.0
Source: 2312-319
Scan 21 started at 18JUN16:00:55:56.0
Source: c_301
Source: c_302
Source: c_303
Source: c_304
Source: c_305
Source: c_306
Source: c_307
Source: c_308
RPFITS file version is 2.12
---------------------------------------
Total number of spectra selected: 72660

Summary of spectra flagged
Flagging Reason            Fraction
---------------            --------
Antenna off-source/off-line  4.03%
---------------------------------------
Processing file raw/2018-06-16_0100.C3132
CABB data detected
Scan 1 started at 18JUN16:01:00:52.0
Source: c_308
Source: c_309
Source: c_310
Source: c_311
Source: c_312
Source: c_313
Source: c_314
Source: c_315
Source: c_316
Source: c_317
Source: c_318
Source: c_319
Source: c_320
Scan 2 started at 18JUN16:01:09:32.0
Source: 2312-319
Scan 3 started at 18JUN16:01:12:20.0
Source: c_321
Source: c_322
Source: c_323
Source: c_324
Source: c_325
Source: c_326
Source: c_327
Source: c_328
Source: c_329
Source: c_330
Source: c_331
Source: c_332
Source: c_333
Source: c_334
Source: c_335
Source: c_336
Source: c_337
Source: c_338
Source: c_339
Source: c_340
Scan 4 started at 18JUN16:01:25:56.0
Source: 2312-319
 01:28:12 CAOBS> stop
 01:28:20 CAOBS> corr close file
RPFITS file version is 2.12
---------------------------------------
Total number of spectra selected: 11820

Summary of spectra flagged
Flagging Reason            Fraction
---------------            --------
Antenna off-source/off-line  3.05%
---------------------------------------

No CACAL data was detected

2018-11-02 13:27:18,760 [MainThread  ] [INFO ]  uvflag vis=data9.uv line=chan,65,850,1 flagval=flag

uvflag: Revision 1.8, 2014/09/30 14:23:39 UTC


Set flags to indicate bad data in visibility file data9.uv
Linetype channel; select   65 channels; start  850, width    1, step    1

Overview of flagging on visibility file data9.uv
Changed flags set to FALSE (data flagged as bad)
Total number of records selected: 282544; out of 282544 records
Antennas used: 1-6
Counts of correlations within selected channels
channel   Originally    Currently
Good:        18365360.           0.    Changed to bad:    18365360.
Bad:                0.    18365360.

2018-11-02 13:29:37,218 [MainThread  ] [INFO ]  uvsplit vis=data9.uv options=mosaic

uvsplit: Revision 1.18, 2016/05/09 03:06:18 UTC

Creating 1934-638.9500
Creating 2312-319.9500
Creating c.9500

2018-11-02 13:29:58,238 [MainThread  ] [INFO ]  pgflag vis=1934-638.9500 command='<b' stokes=i,q,u,v flagpar=8,5,5,3,6,3 options=nodisp

pgflag: Revision 1.30, 2016/10/05 23:06:50 UTC

Applying changes to dataset
Counts of correlations within selected channels:
 channel  Originally  Currently
 Good:       8698560    8553068    Changed to bad:     145492
 Bad:        1382520    1528012    Changed to good:         0
 15.2% of the data is now flagged

2018-11-02 13:30:23,037 [MainThread  ] [INFO ]  pgflag vis=1934-638.9500 command='<b' stokes=i,v,q,u flagpar=8,2,2,3,6,3  options=nodisp

pgflag: Revision 1.30, 2016/10/05 23:06:50 UTC

Applying changes to dataset
Counts of correlations within selected channels:
 channel  Originally  Currently
 Good:       8553068    8418576    Changed to bad:     134492
 Bad:        1528012    1662504    Changed to good:         0
 16.5% of the data is now flagged

2018-11-02 13:30:43,717 [MainThread  ] [INFO ]  pgflag vis=1934-638.9500 command='<b' stokes=i,v,u,q flagpar=8,2,2,3,6,3  options=nodisp

pgflag: Revision 1.30, 2016/10/05 23:06:50 UTC

Applying changes to dataset
Counts of correlations within selected channels:
 channel  Originally  Currently
 Good:       8418576    8121160    Changed to bad:     297416
 Bad:        1662504    1959920    Changed to good:         0
 19.4% of the data is now flagged

2018-11-02 13:31:50,653 [MainThread  ] [INFO ]  mfcal vis=1934-638.9500 refant=4 interval=0.1
MfCal: $Revision: 1.20 $, $Date: 2017/05/08 02:31:10 $
Selecting parallel-hand polarisations
Reading the data ...
Number correlations accepted: 4060580
Number of frequency bands/settings: 1
Number of polarisations selected: 2
Number of solution intervals: 82
Number of passband solution intervals: 1
Initialising ...
Using post-Aug94 ATCA flux scale for 1934-638.
Using known frequency variation of 1934-638
Generating initial solution estimate ...
Doing solution refinement ...
Iter= 1, Solution Error:  0.472
Iter= 2, Solution Error:  0.010
Iter= 3, Solution Error:  0.000
Saving solution ...

2018-11-02 13:31:58,525 [MainThread  ] [INFO ]  gpcal vis=1934-638.9500 refant=4 interval=0.1 nfbin=2 options=xyvary

gpcal: Revision 1.22, 2016/05/01 22:31:05 UTC

Applying bandpass corrections to 1934-638.9500
Number of antennae: 6
Reading the data ...
Number of solution intervals: 82
Total visibilities read: 1230
Number visibilities accepted: 1230
Using post-Aug94 ATCA flux scale for 1934-638.
Using IQUV =  2.5409,  0.0000,  0.0000,  0.0000 at   9.4519 GHz.
Using post-Aug94 ATCA flux scale for 1934-638.
Using IQUV =  2.6976,  0.0000,  0.0000,  0.0000 at   9.0080 GHz.
Using post-Aug94 ATCA flux scale for 1934-638.
Using IQUV =  2.3879,  0.0000,  0.0000,  0.0000 at   9.9380 GHz.
Iter= 1, Amplit/Phase Solution Error:   0.203
Iter= 1, Polarisation Solution Error:   0.034
Iter= 1, Overall Solution Error:        0.607
Iter= 2, Amplit/Phase Solution Error:   0.002
Iter= 2, Polarisation Solution Error:   0.000
Iter= 2, Overall Solution Error:        0.003
Iter= 3, Amplit/Phase Solution Error:   0.000
Iter= 3, Polarisation Solution Error:   0.000
Iter= 3, Overall Solution Error:        0.000
I flux density:   2.5409
Leakage terms:
 Ant 1:Dx,Dy = ( 0.00143,-0.00796),(-0.00016,-0.00781)
 Ant 2:Dx,Dy = ( 0.00278, 0.00331),(-0.00294, 0.00377)
 Ant 3:Dx,Dy = ( 0.00542,-0.00197),(-0.00755,-0.00253)
 Ant 4:Dx,Dy = ( 0.00438, 0.01697),(-0.00319, 0.01758)
 Ant 5:Dx,Dy = (-0.01629, 0.00608),( 0.01606, 0.00587)
 Ant 6:Dx,Dy = ( 0.00232,-0.01671),(-0.00219,-0.01660)
Solution for freq bin  1
Iter= 1, Amplit/Phase Solution Error:   0.199
Iter= 1, Polarisation Solution Error:   0.034
Iter= 1, Overall Solution Error:        0.599
Iter= 2, Amplit/Phase Solution Error:   0.002
Iter= 2, Polarisation Solution Error:   0.000
Iter= 2, Overall Solution Error:        0.003
Iter= 3, Amplit/Phase Solution Error:   0.000
Iter= 3, Polarisation Solution Error:   0.000
Iter= 3, Overall Solution Error:        0.000
I flux density:   2.6976
Leakage terms:
 Ant 1:Dx,Dy = ( 0.00122,-0.00743),(-0.00025,-0.00743)
 Ant 2:Dx,Dy = ( 0.00287, 0.00371),(-0.00314, 0.00424)
 Ant 3:Dx,Dy = ( 0.00465,-0.00262),(-0.00754,-0.00299)
 Ant 4:Dx,Dy = ( 0.00473, 0.01708),(-0.00388, 0.01773)
 Ant 5:Dx,Dy = (-0.01563, 0.00607),( 0.01596, 0.00558)
 Ant 6:Dx,Dy = ( 0.00106,-0.01679),(-0.00224,-0.01716)
Solution for freq bin  2
Iter= 1, Amplit/Phase Solution Error:   0.207
Iter= 1, Polarisation Solution Error:   0.033
Iter= 1, Overall Solution Error:        0.619
Iter= 2, Amplit/Phase Solution Error:   0.002
Iter= 2, Polarisation Solution Error:   0.000
Iter= 2, Overall Solution Error:        0.003
Iter= 3, Amplit/Phase Solution Error:   0.001
Iter= 3, Polarisation Solution Error:   0.000
Iter= 3, Overall Solution Error:        0.001
I flux density:   2.3879
Leakage terms:
 Ant 1:Dx,Dy = ( 0.00167,-0.00858),(-0.00005,-0.00828)
 Ant 2:Dx,Dy = ( 0.00266, 0.00285),(-0.00270, 0.00322)
 Ant 3:Dx,Dy = ( 0.00635,-0.00119),(-0.00754,-0.00197)
 Ant 4:Dx,Dy = ( 0.00396, 0.01683),(-0.00235, 0.01739)
 Ant 5:Dx,Dy = (-0.01706, 0.00608),( 0.01617, 0.00620)
 Ant 6:Dx,Dy = ( 0.00383,-0.01662),(-0.00213,-0.01594)

2018-11-02 13:32:24,996 [MainThread  ] [INFO ]  pgflag vis=1934-638.9500 command='<b' stokes=i,q,u,v flagpar=8,5,5,3,6,3 options=nodisp

pgflag: Revision 1.30, 2016/10/05 23:06:50 UTC

Applying bandpass corrections to 1934-638.9500
Applying freq. dependent gain corrections to 1934-638.9500
Applying freq. dependent leakage correction to 1934-638.9500
Applying changes to dataset
Counts of correlations within selected channels:
 channel  Originally  Currently
 Good:       8121160    8084164    Changed to bad:      36996
 Bad:        1959920    1996916    Changed to good:         0
 19.8% of the data is now flagged

2018-11-02 13:32:51,616 [MainThread  ] [INFO ]  pgflag vis=1934-638.9500 command='<b' stokes=i,v,q,u flagpar=8,2,2,3,6,3  options=nodisp

pgflag: Revision 1.30, 2016/10/05 23:06:50 UTC

Applying bandpass corrections to 1934-638.9500
Applying freq. dependent gain corrections to 1934-638.9500
Applying freq. dependent leakage correction to 1934-638.9500
Applying changes to dataset
Counts of correlations within selected channels:
 channel  Originally  Currently
 Good:       8084164    8036540    Changed to bad:      47624
 Bad:        1996916    2044540    Changed to good:         0
 20.3% of the data is now flagged

2018-11-02 13:33:24,331 [MainThread  ] [INFO ]  pgflag vis=1934-638.9500 command='<b' stokes=i,v,u,q flagpar=8,2,2,3,6,3  options=nodisp

pgflag: Revision 1.30, 2016/10/05 23:06:50 UTC

Applying bandpass corrections to 1934-638.9500
Applying freq. dependent gain corrections to 1934-638.9500
Applying freq. dependent leakage correction to 1934-638.9500
Applying changes to dataset
Counts of correlations within selected channels:
 channel  Originally  Currently
 Good:       8036540    7999652    Changed to bad:      36888
 Bad:        2044540    2081428    Changed to good:         0
 20.6% of the data is now flagged

2018-11-02 13:34:25,858 [MainThread  ] [INFO ]  mfcal vis=1934-638.9500 refant=4 interval=0.1
MfCal: $Revision: 1.20 $, $Date: 2017/05/08 02:31:10 $
Selecting parallel-hand polarisations
Reading the data ...
Number correlations accepted: 3999826
Number of frequency bands/settings: 1
Number of polarisations selected: 2
Number of solution intervals: 82
Number of passband solution intervals: 1
Initialising ...
Using post-Aug94 ATCA flux scale for 1934-638.
Using known frequency variation of 1934-638
Generating initial solution estimate ...
Doing solution refinement ...
Iter= 1, Solution Error:  0.478
Iter= 2, Solution Error:  0.011
Iter= 3, Solution Error:  0.000
Saving solution ...

2018-11-02 13:34:27,595 [MainThread  ] [INFO ]  gpcal vis=1934-638.9500 refant=4 interval=0.1 nfbin=2 options=xyvary

gpcal: Revision 1.22, 2016/05/01 22:31:05 UTC

Applying bandpass corrections to 1934-638.9500
Number of antennae: 6
Using leakage parameters from input as initial guess
Reading the data ...
Number of solution intervals: 82
Total visibilities read: 1230
Number visibilities accepted: 1230
Using post-Aug94 ATCA flux scale for 1934-638.
Using IQUV =  2.5413,  0.0000,  0.0000,  0.0000 at   9.4507 GHz.
Using post-Aug94 ATCA flux scale for 1934-638.
Using IQUV =  2.6977,  0.0000,  0.0000,  0.0000 at   9.0080 GHz.
Using post-Aug94 ATCA flux scale for 1934-638.
Using IQUV =  2.3890,  0.0000,  0.0000,  0.0000 at   9.9341 GHz.
Iter= 1, Amplit/Phase Solution Error:   0.203
Iter= 1, Polarisation Solution Error:   0.000
Iter= 1, Overall Solution Error:        0.607
Iter= 2, Amplit/Phase Solution Error:   0.002
Iter= 2, Polarisation Solution Error:   0.000
Iter= 2, Overall Solution Error:        0.003
Iter= 3, Amplit/Phase Solution Error:   0.000
Iter= 3, Polarisation Solution Error:   0.000
Iter= 3, Overall Solution Error:        0.000
I flux density:   2.5413
Leakage terms:
 Ant 1:Dx,Dy = ( 0.00145,-0.00796),(-0.00013,-0.00783)
 Ant 2:Dx,Dy = ( 0.00277, 0.00330),(-0.00295, 0.00376)
 Ant 3:Dx,Dy = ( 0.00541,-0.00201),(-0.00756,-0.00257)
 Ant 4:Dx,Dy = ( 0.00438, 0.01697),(-0.00319, 0.01759)
 Ant 5:Dx,Dy = (-0.01631, 0.00618),( 0.01605, 0.00595)
 Ant 6:Dx,Dy = ( 0.00230,-0.01674),(-0.00221,-0.01663)
Solution for freq bin  1
Iter= 1, Amplit/Phase Solution Error:   0.199
Iter= 1, Polarisation Solution Error:   0.002
Iter= 1, Overall Solution Error:        0.599
Iter= 2, Amplit/Phase Solution Error:   0.002
Iter= 2, Polarisation Solution Error:   0.000
Iter= 2, Overall Solution Error:        0.003
Iter= 3, Amplit/Phase Solution Error:   0.000
Iter= 3, Polarisation Solution Error:   0.000
Iter= 3, Overall Solution Error:        0.000
I flux density:   2.6977
Leakage terms:
 Ant 1:Dx,Dy = ( 0.00126,-0.00743),(-0.00020,-0.00745)
 Ant 2:Dx,Dy = ( 0.00286, 0.00368),(-0.00317, 0.00421)
 Ant 3:Dx,Dy = ( 0.00462,-0.00269),(-0.00756,-0.00307)
 Ant 4:Dx,Dy = ( 0.00473, 0.01707),(-0.00390, 0.01773)
 Ant 5:Dx,Dy = (-0.01566, 0.00624),( 0.01593, 0.00573)
 Ant 6:Dx,Dy = ( 0.00104,-0.01681),(-0.00226,-0.01720)
Solution for freq bin  2
Iter= 1, Amplit/Phase Solution Error:   0.207
Iter= 1, Polarisation Solution Error:   0.002
Iter= 1, Overall Solution Error:        0.619
Iter= 2, Amplit/Phase Solution Error:   0.002
Iter= 2, Polarisation Solution Error:   0.000
Iter= 2, Overall Solution Error:        0.003
Iter= 3, Amplit/Phase Solution Error:   0.001
Iter= 3, Polarisation Solution Error:   0.000
Iter= 3, Overall Solution Error:        0.001
I flux density:   2.3890
Leakage terms:
 Ant 1:Dx,Dy = ( 0.00167,-0.00858),(-0.00004,-0.00827)
 Ant 2:Dx,Dy = ( 0.00266, 0.00286),(-0.00270, 0.00322)
 Ant 3:Dx,Dy = ( 0.00637,-0.00119),(-0.00754,-0.00197)
 Ant 4:Dx,Dy = ( 0.00395, 0.01685),(-0.00235, 0.01741)
 Ant 5:Dx,Dy = (-0.01707, 0.00610),( 0.01618, 0.00619)
 Ant 6:Dx,Dy = ( 0.00382,-0.01666),(-0.00214,-0.01595)

2018-11-02 13:34:28,081 [MainThread  ] [INFO ]  gpcopy vis=1934-638.9500 out=2312-319.9500

gpcopy: Revision 1.13, 2015/10/29 01:31:39 UTC

Copying leakage table
Copying gain table
Interpolation tolerance set to (minutes): 720.00
Copying bandpass table

2018-11-02 13:37:52,910 [MainThread  ] [INFO ]  pgflag vis=2312-319.9500 command='<b' stokes=i,q,u,v flagpar=8,5,5,3,6,3 options=nodisp

pgflag: Revision 1.30, 2016/10/05 23:06:50 UTC

Applying bandpass corrections to 2312-319.9500
Applying freq. dependent gain corrections to 2312-319.9500
Applying freq. dependent leakage correction to 2312-319.9500
Applying changes to dataset
Counts of correlations within selected channels:
 channel  Originally  Currently
 Good:      67042560   66542360    Changed to bad:     500200
 Bad:       10655520   11155720    Changed to good:         0
 14.4% of the data is now flagged

2018-11-02 13:41:11,146 [MainThread  ] [INFO ]  pgflag vis=2312-319.9500 command='<b' stokes=i,v,q,u flagpar=8,2,2,3,6,3  options=nodisp

pgflag: Revision 1.30, 2016/10/05 23:06:50 UTC

Applying bandpass corrections to 2312-319.9500
Applying freq. dependent gain corrections to 2312-319.9500
Applying freq. dependent leakage correction to 2312-319.9500
Applying changes to dataset
Counts of correlations within selected channels:
 channel  Originally  Currently
 Good:      66542360   66091492    Changed to bad:     450868
 Bad:       11155720   11606588    Changed to good:         0
 14.9% of the data is now flagged

2018-11-02 13:44:37,966 [MainThread  ] [INFO ]  pgflag vis=2312-319.9500 command='<b' stokes=i,v,u,q flagpar=8,2,2,3,6,3  options=nodisp

pgflag: Revision 1.30, 2016/10/05 23:06:50 UTC

Applying bandpass corrections to 2312-319.9500
Applying freq. dependent gain corrections to 2312-319.9500
Applying freq. dependent leakage correction to 2312-319.9500
Applying changes to dataset
Counts of correlations within selected channels:
 channel  Originally  Currently
 Good:      66091492   65662724    Changed to bad:     428768
 Bad:       11606588   12035356    Changed to good:         0
 15.5% of the data is now flagged

2018-11-02 13:44:48,601 [MainThread  ] [INFO ]  gpcal vis=2312-319.9500 refant=4 interval=0.1 nfbin=2 options=xyvary,qusolve

gpcal: Revision 1.22, 2016/05/01 22:31:05 UTC

Applying bandpass corrections to 2312-319.9500
Number of antennae: 6
Using leakage parameters from input as initial guess
Reading the data ...
Number of solution intervals: 631
Total visibilities read: 9480
Number visibilities accepted: 9460
Iter= 1, Amplit/Phase Solution Error:   0.485
Iter= 1, Polarisation Solution Error:   0.010
Iter= 1, Overall Solution Error:        2.028
Iter= 2, Amplit/Phase Solution Error:   0.013
Iter= 2, Polarisation Solution Error:   0.000
Iter= 2, Overall Solution Error:        0.009
Iter= 3, Amplit/Phase Solution Error:   0.001
Iter= 3, Polarisation Solution Error:   0.000
Iter= 3, Overall Solution Error:        0.001
I flux density:   0.5194
Percent Q:  -0.986
Percent U:  -0.790
Leakage terms:
 Ant 1:Dx,Dy = ( 0.00073,-0.00882),( 0.00011,-0.00723)
 Ant 2:Dx,Dy = ( 0.00245, 0.00252),(-0.00320, 0.00446)
 Ant 3:Dx,Dy = ( 0.00593,-0.00285),(-0.00837,-0.00166)
 Ant 4:Dx,Dy = ( 0.00343, 0.01651),(-0.00258, 0.01830)
 Ant 5:Dx,Dy = (-0.01653, 0.00529),( 0.01560, 0.00681)
 Ant 6:Dx,Dy = ( 0.00291,-0.01755),(-0.00266,-0.01579)
Solution for freq bin  1
Iter= 1, Amplit/Phase Solution Error:   0.467
Iter= 1, Polarisation Solution Error:   0.010
Iter= 1, Overall Solution Error:        1.960
Iter= 2, Amplit/Phase Solution Error:   0.013
Iter= 2, Polarisation Solution Error:   0.000
Iter= 2, Overall Solution Error:        0.009
Iter= 3, Amplit/Phase Solution Error:   0.001
Iter= 3, Polarisation Solution Error:   0.000
Iter= 3, Overall Solution Error:        0.001
I flux density:   0.5224
Percent Q:  -0.995
Percent U:  -0.834
Leakage terms:
 Ant 1:Dx,Dy = ( 0.00037,-0.00791),( 0.00006,-0.00682)
 Ant 2:Dx,Dy = ( 0.00255, 0.00308),(-0.00363, 0.00476)
 Ant 3:Dx,Dy = ( 0.00491,-0.00353),(-0.00836,-0.00246)
 Ant 4:Dx,Dy = ( 0.00380, 0.01680),(-0.00348, 0.01807)
 Ant 5:Dx,Dy = (-0.01568, 0.00543),( 0.01516, 0.00632)
 Ant 6:Dx,Dy = ( 0.00130,-0.01750),(-0.00252,-0.01625)
Solution for freq bin  2
Iter= 1, Amplit/Phase Solution Error:   0.502
Iter= 1, Polarisation Solution Error:   0.010
Iter= 1, Overall Solution Error:        2.077
Iter= 2, Amplit/Phase Solution Error:   0.012
Iter= 2, Polarisation Solution Error:   0.000
Iter= 2, Overall Solution Error:        0.009
Iter= 3, Amplit/Phase Solution Error:   0.001
Iter= 3, Polarisation Solution Error:   0.000
Iter= 3, Overall Solution Error:        0.001
I flux density:   0.5168
Percent Q:  -0.977
Percent U:  -0.750
Leakage terms:
 Ant 1:Dx,Dy = ( 0.00108,-0.00966),( 0.00016,-0.00762)
 Ant 2:Dx,Dy = ( 0.00237, 0.00200),(-0.00279, 0.00419)
 Ant 3:Dx,Dy = ( 0.00686,-0.00217),(-0.00841,-0.00091)
 Ant 4:Dx,Dy = ( 0.00309, 0.01624),(-0.00174, 0.01855)
 Ant 5:Dx,Dy = (-0.01734, 0.00516),( 0.01603, 0.00727)
 Ant 6:Dx,Dy = ( 0.00441,-0.01770),(-0.00277,-0.01535)

2018-11-02 13:48:09,134 [MainThread  ] [INFO ]  pgflag vis=2312-319.9500 command='<b' stokes=i,q,u,v flagpar=8,5,5,3,6,3 options=nodisp

pgflag: Revision 1.30, 2016/10/05 23:06:50 UTC

Applying bandpass corrections to 2312-319.9500
Applying freq. dependent gain corrections to 2312-319.9500
Applying freq. dependent leakage correction to 2312-319.9500
Applying changes to dataset
Counts of correlations within selected channels:
 channel  Originally  Currently
 Good:      65662724   65346212    Changed to bad:     316512
 Bad:       12035356   12351868    Changed to good:         0
 15.9% of the data is now flagged

2018-11-02 13:51:09,409 [MainThread  ] [INFO ]  pgflag vis=2312-319.9500 command='<b' stokes=i,v,q,u flagpar=8,2,2,3,6,3  options=nodisp

pgflag: Revision 1.30, 2016/10/05 23:06:50 UTC

Applying bandpass corrections to 2312-319.9500
Applying freq. dependent gain corrections to 2312-319.9500
Applying freq. dependent leakage correction to 2312-319.9500
Applying changes to dataset
Counts of correlations within selected channels:
 channel  Originally  Currently
 Good:      65346212   65040420    Changed to bad:     305792
 Bad:       12351868   12657660    Changed to good:         0
 16.3% of the data is now flagged

2018-11-02 13:54:23,243 [MainThread  ] [INFO ]  pgflag vis=2312-319.9500 command='<b' stokes=i,v,u,q flagpar=8,2,2,3,6,3  options=nodisp

pgflag: Revision 1.30, 2016/10/05 23:06:50 UTC

Applying bandpass corrections to 2312-319.9500
Applying freq. dependent gain corrections to 2312-319.9500
Applying freq. dependent leakage correction to 2312-319.9500
Applying changes to dataset
Counts of correlations within selected channels:
 channel  Originally  Currently
 Good:      65040420   64779740    Changed to bad:     260680
 Bad:       12657660   12918340    Changed to good:         0
 16.6% of the data is now flagged

2018-11-02 13:54:28,294 [MainThread  ] [INFO ]  gpcal vis=2312-319.9500 refant=4 interval=0.1 nfbin=2 options=xyvary,qusolve

gpcal: Revision 1.22, 2016/05/01 22:31:05 UTC

Applying bandpass corrections to 2312-319.9500
Number of antennae: 6
Using leakage parameters from input as initial guess
Reading the data ...
Number of solution intervals: 631
Total visibilities read: 9480
Number visibilities accepted: 9460
Iter= 1, Amplit/Phase Solution Error:   0.485
Iter= 1, Polarisation Solution Error:   0.010
Iter= 1, Overall Solution Error:        2.028
Iter= 2, Amplit/Phase Solution Error:   0.013
Iter= 2, Polarisation Solution Error:   0.000
Iter= 2, Overall Solution Error:        0.009
Iter= 3, Amplit/Phase Solution Error:   0.001
Iter= 3, Polarisation Solution Error:   0.000
Iter= 3, Overall Solution Error:        0.001
I flux density:   0.5227
Percent Q:  -0.986
Percent U:  -0.788
Leakage terms:
 Ant 1:Dx,Dy = ( 0.00071,-0.00881),( 0.00012,-0.00722)
 Ant 2:Dx,Dy = ( 0.00245, 0.00253),(-0.00321, 0.00446)
 Ant 3:Dx,Dy = ( 0.00595,-0.00283),(-0.00838,-0.00169)
 Ant 4:Dx,Dy = ( 0.00344, 0.01649),(-0.00256, 0.01831)
 Ant 5:Dx,Dy = (-0.01655, 0.00530),( 0.01559, 0.00684)
 Ant 6:Dx,Dy = ( 0.00289,-0.01759),(-0.00268,-0.01578)
Solution for freq bin  1
Iter= 1, Amplit/Phase Solution Error:   0.467
Iter= 1, Polarisation Solution Error:   0.010
Iter= 1, Overall Solution Error:        1.960
Iter= 2, Amplit/Phase Solution Error:   0.013
Iter= 2, Polarisation Solution Error:   0.000
Iter= 2, Overall Solution Error:        0.009
Iter= 3, Amplit/Phase Solution Error:   0.001
Iter= 3, Polarisation Solution Error:   0.000
Iter= 3, Overall Solution Error:        0.001
I flux density:   0.5258
Percent Q:  -0.993
Percent U:  -0.831
Leakage terms:
 Ant 1:Dx,Dy = ( 0.00033,-0.00789),( 0.00007,-0.00681)
 Ant 2:Dx,Dy = ( 0.00255, 0.00311),(-0.00365, 0.00474)
 Ant 3:Dx,Dy = ( 0.00492,-0.00351),(-0.00839,-0.00251)
 Ant 4:Dx,Dy = ( 0.00381, 0.01677),(-0.00348, 0.01808)
 Ant 5:Dx,Dy = (-0.01571, 0.00546),( 0.01513, 0.00634)
 Ant 6:Dx,Dy = ( 0.00124,-0.01754),(-0.00254,-0.01625)
Solution for freq bin  2
Iter= 1, Amplit/Phase Solution Error:   0.502
Iter= 1, Polarisation Solution Error:   0.010
Iter= 1, Overall Solution Error:        2.077
Iter= 2, Amplit/Phase Solution Error:   0.012
Iter= 2, Polarisation Solution Error:   0.000
Iter= 2, Overall Solution Error:        0.009
Iter= 3, Amplit/Phase Solution Error:   0.001
Iter= 3, Polarisation Solution Error:   0.000
Iter= 3, Overall Solution Error:        0.001
I flux density:   0.5201
Percent Q:  -0.978
Percent U:  -0.750
Leakage terms:
 Ant 1:Dx,Dy = ( 0.00108,-0.00965),( 0.00016,-0.00761)
 Ant 2:Dx,Dy = ( 0.00238, 0.00200),(-0.00279, 0.00421)
 Ant 3:Dx,Dy = ( 0.00687,-0.00217),(-0.00839,-0.00093)
 Ant 4:Dx,Dy = ( 0.00309, 0.01623),(-0.00173, 0.01855)
 Ant 5:Dx,Dy = (-0.01734, 0.00516),( 0.01603, 0.00728)
 Ant 6:Dx,Dy = ( 0.00441,-0.01772),(-0.00278,-0.01535)

2018-11-02 13:54:28,395 [MainThread  ] [INFO ]  gpboot vis=2312-319.9500 cal=1934-638.9500

gpboot: Revision 1.9, 2015/10/29 01:31:30 UTC

Secondary flux density scaled by:   0.988
Frequency bin  1 scaled by      :   0.989
Frequency bin  2 scaled by      :   0.990

2018-11-02 13:56:20,364 [MainThread  ] [INFO ]  gpcopy vis=2312-319.9500 out=c.9500

gpcopy: Revision 1.13, 2015/10/29 01:31:39 UTC

Copying leakage table
Copying gain table
Interpolation tolerance set to (minutes): 720.00
Copying bandpass table

2018-11-02 14:18:20,889 [MainThread  ] [INFO ]  pgflag vis=c.9500 command='<b' stokes=i,v,q,u flagpar=8,2,2,3,6,3  options=nodisp

pgflag: Revision 1.30, 2016/10/05 23:06:50 UTC

Applying bandpass corrections to c.9500
Applying freq. dependent gain corrections to c.9500
Applying freq. dependent leakage correction to c.9500
Applying changes to dataset
Counts of correlations within selected channels:
 channel  Originally  Currently
 Good:     423796672  409853400    Changed to bad:   13943272
 Bad:       67356824   81300096    Changed to good:         0
 16.6% of the data is now flagged

2018-11-02 14:41:29,153 [MainThread  ] [INFO ]  pgflag vis=c.9500 command='<b' stokes=i,v,u,q flagpar=8,2,2,3,6,3  options=nodisp

pgflag: Revision 1.30, 2016/10/05 23:06:50 UTC

Applying bandpass corrections to c.9500
Applying freq. dependent gain corrections to c.9500
Applying freq. dependent leakage correction to c.9500
Applying changes to dataset
Counts of correlations within selected channels:
 channel  Originally  Currently
 Good:     409853400  400408420    Changed to bad:    9444980
 Bad:       81300096   90745076    Changed to good:         0
 18.5% of the data is now flagged

2018-11-02 14:45:47,255 [MainThread  ] [INFO ]  uvsplit vis=c.9500

uvsplit: Revision 1.18, 2016/05/09 03:06:18 UTC

Creating c_241.9500
Creating c_242.9500
Creating c_243.9500
Creating c_244.9500
Creating c_245.9500
Creating c_246.9500
Creating c_247.9500
Creating c_248.9500
Creating c_249.9500
Creating c_250.9500
Creating c_251.9500
Creating c_252.9500
Creating c_253.9500
Creating c_254.9500
Creating c_255.9500
Creating c_256.9500
Creating c_257.9500
Creating c_258.9500
Creating c_259.9500
Creating c_260.9500
Creating c_261.9500
Creating c_262.9500
Creating c_263.9500
Creating c_264.9500
Creating c_265.9500
Creating c_266.9500
Creating c_267.9500
Creating c_268.9500
Creating c_269.9500
Creating c_270.9500
Creating c_271.9500
Creating c_272.9500
Creating c_273.9500
Creating c_274.9500
Creating c_275.9500
Creating c_276.9500
Creating c_277.9500
Creating c_278.9500
Creating c_279.9500
Creating c_280.9500
Creating c_281.9500
Creating c_282.9500
Creating c_283.9500
Creating c_284.9500
Creating c_285.9500
Creating c_286.9500
Creating c_287.9500
Creating c_288.9500
Creating c_289.9500
Creating c_290.9500
Creating c_291.9500
Creating c_292.9500
Creating c_293.9500
Creating c_294.9500
Creating c_295.9500
Creating c_296.9500
Creating c_297.9500
Creating c_298.9500
Creating c_299.9500
Creating c_300.9500
Creating c_301.9500
Creating c_302.9500
Creating c_303.9500
Creating c_304.9500
Creating c_305.9500
Creating c_306.9500
Creating c_307.9500
Creating c_308.9500
Creating c_309.9500
Creating c_310.9500
Creating c_311.9500
Creating c_312.9500
Creating c_313.9500
Creating c_314.9500
Creating c_315.9500
Creating c_316.9500
Creating c_317.9500
Creating c_318.9500
Creating c_319.9500
Creating c_320.9500
Creating c_321.9500
Creating c_322.9500
Creating c_323.9500
Creating c_324.9500
Creating c_325.9500
Creating c_326.9500
Creating c_327.9500
Creating c_328.9500
Creating c_329.9500
Creating c_330.9500
Creating c_331.9500
Creating c_332.9500
Creating c_333.9500
Creating c_334.9500
Creating c_335.9500
Creating c_336.9500
Creating c_337.9500
Creating c_338.9500
Creating c_339.9500
Creating c_340.9500
Creating c_341.9500
Creating c_342.9500
Creating c_343.9500
Creating c_344.9500
Creating c_345.9500
Creating c_346.9500
Creating c_347.9500
Creating c_348.9500
Creating c_349.9500
Creating c_350.9500
Creating c_351.9500
Creating c_352.9500
Creating c_353.9500
Creating c_354.9500
Creating c_355.9500
Creating c_356.9500
Creating c_357.9500
Creating c_358.9500
Creating c_359.9500
Creating c_360.9500
Creating c_181.9500
Creating c_182.9500
Creating c_183.9500
Creating c_184.9500
Creating c_185.9500
Creating c_186.9500
Creating c_187.9500
Creating c_188.9500
Creating c_189.9500
Creating c_190.9500
Creating c_191.9500
Creating c_192.9500
Creating c_193.9500
Creating c_194.9500
Creating c_195.9500
Creating c_196.9500
Creating c_197.9500
Creating c_198.9500
Creating c_199.9500
Creating c_200.9500
Creating c_201.9500
Creating c_202.9500
Creating c_203.9500
Creating c_204.9500
Creating c_205.9500
Creating c_206.9500
Creating c_207.9500
Creating c_208.9500
Creating c_209.9500
Creating c_210.9500
Creating c_211.9500
Creating c_212.9500
Creating c_213.9500
Creating c_214.9500
Creating c_215.9500
Creating c_216.9500
Creating c_217.9500
Creating c_218.9500
Creating c_219.9500
Creating c_220.9500
Creating c_221.9500
Creating c_222.9500
Creating c_223.9500
Creating c_224.9500
Creating c_225.9500
Creating c_226.9500
Creating c_227.9500
Creating c_228.9500
Creating c_229.9500
Creating c_230.9500
Creating c_231.9500
Creating c_232.9500
Creating c_233.9500
Creating c_234.9500
Creating c_235.9500
Creating c_236.9500
Creating c_237.9500
Creating c_238.9500
Creating c_239.9500
Creating c_240.9500

