2018-08-08 10:09:55,299 [MainThread  ] [INFO ]  atlod in=raw/2017-12-21_0116.C3132,raw/2017-12-21_0404.C3132,raw/2017-12-21_0651.C3132,raw/2017-12-21_0938.C3132,raw/2017-12-21_1225.C3132 out=data9.uv ifsel=2 options=birdie,rfiflag,noauto,xycorr

atlod: Revision 1.53, 2016/08/25 23:02:21 UTC

Processing file raw/2017-12-21_0116.C3132
 01:16:58 CAOBS> track 1
CABB data detected
Scan 1 started at 17DEC21:01:17:16.0
Source: 1934-638
Flagging channels in  28 frequency ranges
 01:27:31 CAOBS> stop
 01:27:39 CAOBS> set file c3132_obs_b6.sch
 01:27:47 CAOBS> start 5/99
Scan 2 started at 17DEC21:01:29:32.0
Source: 2312-319
Scan 3 started at 17DEC21:01:32:28.0
Source: b_1241
Source: b_1242
Source: b_1243
Source: b_1244
Source: b_1245
Source: b_1246
Source: b_1247
Source: b_1248
Source: b_1249
Source: b_1250
Source: b_1251
Source: b_1252
Source: b_1253
Source: b_1254
Source: b_1255
Source: b_1256
Source: b_1257
Source: b_1258
Source: b_1259
Source: b_1260
Scan 4 started at 17DEC21:01:45:48.0
Source: 2312-319
Scan 5 started at 17DEC21:01:48:36.0
Source: b_1261
Source: b_1262
Source: b_1263
Source: b_1264
Source: b_1265
Source: b_1266
Source: b_1267
Source: b_1268
Source: b_1269
Source: b_1270
Source: b_1271
Source: b_1272
Source: b_1273
Source: b_1274
Source: b_1275
Source: b_1276
Source: b_1277
Source: b_1278
Source: b_1279
Source: b_1280
Scan 6 started at 17DEC21:02:01:56.0
Source: 2312-319
Scan 7 started at 17DEC21:02:04:44.0
Source: b_1281
Source: b_1282
Source: b_1283
Source: b_1284
Source: b_1285
Source: b_1286
Source: b_1287
Source: b_1288
Source: b_1289
Source: b_1290
Source: b_1291
Source: b_1292
Source: b_1293
Source: b_1294
Source: b_1295
Source: b_1296
Source: b_1297
Source: b_1298
Source: b_1299
Source: b_1300
Scan 8 started at 17DEC21:02:18:04.0
Source: 2312-319
Scan 9 started at 17DEC21:02:20:52.0
Source: b_1301
Source: b_1302
Source: b_1303
Source: b_1304
Source: b_1305
Source: b_1306
Source: b_1307
Source: b_1308
Source: b_1309
Source: b_1310
Source: b_1311
Source: b_1312
Source: b_1313
Source: b_1314
Source: b_1315
Source: b_1316
Source: b_1317
Source: b_1318
Source: b_1319
Source: b_1320
Scan 10 started at 17DEC21:02:34:12.0
Source: 2312-319
Scan 11 started at 17DEC21:02:37:00.0
Source: b_1321
Source: b_1322
Source: b_1323
Source: b_1324
Source: b_1325
Source: b_1326
Source: b_1327
Source: b_1328
Source: b_1329
Source: b_1330
Source: b_1331
Source: b_1332
Source: b_1333
Source: b_1334
Source: b_1335
Source: b_1336
Source: b_1337
Source: b_1338
Source: b_1339
Source: b_1340
Scan 12 started at 17DEC21:02:50:20.0
Source: 2312-319
Scan 13 started at 17DEC21:02:53:08.0
Source: b_1341
Source: b_1342
Source: b_1343
Source: b_1344
Source: b_1345
Source: b_1346
Source: b_1347
Source: b_1348
Source: b_1349
Source: b_1350
Source: b_1351
Source: b_1352
Source: b_1353
Source: b_1354
Source: b_1355
Source: b_1356
Source: b_1357
Source: b_1358
Source: b_1359
Scan 14 started at 17DEC21:03:05:48.0
Source: 2312-319
Scan 15 started at 17DEC21:03:08:36.0
Source: b_1360
Source: b_1361
Source: b_1362
Source: b_1363
Source: b_1364
Source: b_1365
Source: b_1366
Source: b_1367
Source: b_1368
Source: b_1369
Source: b_1370
Source: b_1371
Source: b_1372
Source: b_1373
Source: b_1374
Source: b_1375
Source: b_1376
Source: b_1377
Source: b_1378
Scan 16 started at 17DEC21:03:21:16.0
Source: 2312-319
Scan 17 started at 17DEC21:03:24:04.0
Source: b_1379
Source: b_1380
Source: b_1381
Source: b_1382
Source: b_1383
Source: b_1384
Source: b_1385
Source: b_1386
Source: b_1387
Source: b_1388
Source: b_1389
Source: b_1390
Source: b_1391
Source: b_1392
Source: b_1393
Source: b_1394
Source: b_1395
Source: b_1396
Source: b_1397
Scan 18 started at 17DEC21:03:36:44.0
Source: 2312-319
Scan 19 started at 17DEC21:03:39:32.0
Source: b_1398
Source: b_1399
Source: b_1400
Source: b_1401
Source: b_1402
Source: b_1403
Source: b_1404
Source: b_1405
Source: b_1406
Source: b_1407
Source: b_1408
Source: b_1409
Source: b_1410
Source: b_1411
Source: b_1412
Source: b_1413
Source: b_1414
Source: b_1415
Source: b_1416
Scan 20 started at 17DEC21:03:52:12.0
Source: 2312-319
Scan 21 started at 17DEC21:03:55:00.0
Source: b_1417
Source: b_1418
Source: b_1419
Source: b_1420
Source: b_1421
Source: b_1422
Source: b_1423
Source: b_1424
Source: b_1425
Source: b_1426
Source: b_1427
Source: b_1428
Source: b_1429
Source: b_1430
Source: b_1431
RPFITS file version is 2.12
---------------------------------------
Total number of spectra selected: 72660

Summary of spectra flagged
Flagging Reason            Fraction
---------------            --------
Antenna off-source/off-line  4.28%
---------------------------------------
Processing file raw/2017-12-21_0404.C3132
CABB data detected
Scan 1 started at 17DEC21:04:04:20.0
Source: b_1431
Source: b_1432
Source: b_1433
Source: b_1434
Source: b_1435
Scan 2 started at 17DEC21:04:07:40.0
Source: 2312-319
Scan 3 started at 17DEC21:04:10:28.0
Source: b_1201
Source: b_1202
Source: b_1203
Source: b_1204
Source: b_1205
Source: b_1206
Source: b_1207
Source: b_1208
Source: b_1209
Source: b_1210
Source: b_1211
Source: b_1212
Source: b_1213
Source: b_1214
Source: b_1215
Source: b_1216
Source: b_1217
Source: b_1218
Source: b_1219
Source: b_1220
Scan 4 started at 17DEC21:04:23:48.0
Source: 2312-319
Scan 5 started at 17DEC21:04:26:36.0
Source: b_1221
Source: b_1222
Source: b_1223
Source: b_1224
Source: b_1225
Source: b_1226
Source: b_1227
Source: b_1228
Source: b_1229
Source: b_1230
Source: b_1231
Source: b_1232
Source: b_1233
Source: b_1234
Source: b_1235
Source: b_1236
Source: b_1237
Source: b_1238
Source: b_1239
Source: b_1240
Scan 6 started at 17DEC21:04:39:56.0
Source: 2312-319
Scan 7 started at 17DEC21:04:42:44.0
Source: b_1241
Source: b_1242
Source: b_1243
Source: b_1244
Source: b_1245
Source: b_1246
Source: b_1247
Source: b_1248
Source: b_1249
Source: b_1250
Source: b_1251
Source: b_1252
Source: b_1253
Source: b_1254
Source: b_1255
Source: b_1256
Source: b_1257
Source: b_1258
Source: b_1259
Source: b_1260
Scan 8 started at 17DEC21:04:56:04.0
Source: 2312-319
Scan 9 started at 17DEC21:04:58:52.0
Source: b_1261
Source: b_1262
Source: b_1263
Source: b_1264
Source: b_1265
Source: b_1266
Source: b_1267
Source: b_1268
Source: b_1269
Source: b_1270
Source: b_1271
Source: b_1272
Source: b_1273
Source: b_1274
Source: b_1275
Source: b_1276
Source: b_1277
Source: b_1278
Source: b_1279
Source: b_1280
Scan 10 started at 17DEC21:05:12:12.0
Source: 2312-319
Scan 11 started at 17DEC21:05:15:00.0
Source: b_1281
Source: b_1282
Source: b_1283
Source: b_1284
Source: b_1285
Source: b_1286
Source: b_1287
Source: b_1288
Source: b_1289
Source: b_1290
Source: b_1291
Source: b_1292
Source: b_1293
Source: b_1294
Source: b_1295
Source: b_1296
Source: b_1297
Source: b_1298
Source: b_1299
Source: b_1300
Scan 12 started at 17DEC21:05:28:20.0
Source: 2312-319
Scan 13 started at 17DEC21:05:31:08.0
Source: b_1301
Source: b_1302
Source: b_1303
Source: b_1304
Source: b_1305
Source: b_1306
Source: b_1307
Source: b_1308
Source: b_1309
Source: b_1310
Source: b_1311
Source: b_1312
Source: b_1313
Source: b_1314
Source: b_1315
Source: b_1316
Source: b_1317
Source: b_1318
Source: b_1319
Source: b_1320
Scan 14 started at 17DEC21:05:44:28.0
Source: 2312-319
Scan 15 started at 17DEC21:05:47:16.0
Source: b_1321
Source: b_1322
Source: b_1323
Source: b_1324
Source: b_1325
Source: b_1326
Source: b_1327
Source: b_1328
Source: b_1329
Source: b_1330
Source: b_1331
Source: b_1332
Source: b_1333
Source: b_1334
Source: b_1335
Source: b_1336
Source: b_1337
Source: b_1338
Source: b_1339
Source: b_1340
Scan 16 started at 17DEC21:06:00:36.0
Source: 2312-319
Scan 17 started at 17DEC21:06:03:24.0
Source: b_1341
Source: b_1342
Source: b_1343
Source: b_1344
Source: b_1345
Source: b_1346
Source: b_1347
Source: b_1348
Source: b_1349
Source: b_1350
Source: b_1351
Source: b_1352
Source: b_1353
Source: b_1354
Source: b_1355
Source: b_1356
Source: b_1357
Source: b_1358
Source: b_1359
Scan 18 started at 17DEC21:06:16:12.0
Source: 2312-319
Scan 19 started at 17DEC21:06:19:16.0
Source: b_1360
Source: b_1361
Source: b_1362
Source: b_1363
Source: b_1364
Source: b_1365
Source: b_1366
Source: b_1367
Source: b_1368
Source: b_1369
Source: b_1370
Source: b_1371
Source: b_1372
Source: b_1373
Source: b_1374
Source: b_1375
Source: b_1376
Source: b_1377
Source: b_1378
Scan 20 started at 17DEC21:06:31:48.0
Source: 2312-319
Scan 21 started at 17DEC21:06:35:00.0
Source: b_1379
Source: b_1380
Source: b_1381
Source: b_1382
Source: b_1383
Source: b_1384
Source: b_1385
Source: b_1386
Source: b_1387
Source: b_1388
Source: b_1389
Source: b_1390
Source: b_1391
Source: b_1392
Source: b_1393
Source: b_1394
Source: b_1395
Source: b_1396
Source: b_1397
Scan 22 started at 17DEC21:06:47:32.0
Source: 2312-319
Scan 23 started at 17DEC21:06:50:44.0
Source: b_1398
Source: b_1399
RPFITS file version is 2.12
---------------------------------------
Total number of spectra selected: 72660

Summary of spectra flagged
Flagging Reason            Fraction
---------------            --------
Antenna off-source/off-line  4.37%
---------------------------------------
Processing file raw/2017-12-21_0651.C3132
CABB data detected
Scan 1 started at 17DEC21:06:51:42.3
Source: b_1400
Source: b_1401
Source: b_1402
Source: b_1403
Source: b_1404
Source: b_1405
Source: b_1406
Source: b_1407
Source: b_1408
Source: b_1409
Source: b_1410
Source: b_1411
Source: b_1412
Source: b_1413
Source: b_1414
Source: b_1415
Source: b_1416
Scan 2 started at 17DEC21:07:03:32.0
Source: 2312-319
Scan 3 started at 17DEC21:07:08:28.0
Source: b_1419
Source: b_1420
Source: b_1421
Source: b_1422
Source: b_1423
Source: b_1424
Source: b_1425
Source: b_1426
Source: b_1427
Source: b_1428
Source: b_1429
Source: b_1430
Source: b_1431
Source: b_1432
Source: b_1433
Source: b_1434
Source: b_1435
Scan 4 started at 17DEC21:07:23:40.0
Source: 2312-319
Scan 5 started at 17DEC21:07:27:00.0
Source: b_1202
Source: b_1203
Source: b_1205
Source: b_1206
Source: b_1207
Source: b_1208
Source: b_1209
Source: b_1210
Source: b_1211
Source: b_1212
Source: b_1213
Source: b_1214
Source: b_1215
Source: b_1216
Source: b_1217
Source: b_1218
Source: b_1219
Source: b_1220
Scan 6 started at 17DEC21:07:40:04.0
Source: 2312-319
Scan 7 started at 17DEC21:07:43:08.0
Source: b_1221
Source: b_1222
Source: b_1223
Source: b_1224
Source: b_1225
Source: b_1226
Source: b_1227
Source: b_1228
Source: b_1229
Source: b_1230
Source: b_1231
Source: b_1232
Source: b_1233
Source: b_1234
Source: b_1235
Source: b_1236
Source: b_1237
Source: b_1238
Source: b_1239
Source: b_1240
Scan 8 started at 17DEC21:07:56:12.0
Source: 2312-319
Scan 9 started at 17DEC21:07:59:00.0
Source: b_1241
Source: b_1242
Source: b_1243
Source: b_1244
Source: b_1245
Source: b_1246
Source: b_1247
Source: b_1248
Source: b_1249
Source: b_1250
Source: b_1251
Source: b_1252
Source: b_1253
Source: b_1254
Source: b_1255
Source: b_1256
Source: b_1257
Source: b_1258
Source: b_1259
Source: b_1260
Scan 10 started at 17DEC21:08:12:28.0
Source: 2312-319
Scan 11 started at 17DEC21:08:15:16.0
Source: b_1261
Source: b_1262
Source: b_1263
Source: b_1264
Source: b_1265
Source: b_1266
Source: b_1267
Source: b_1268
Source: b_1269
Source: b_1270
Source: b_1271
Source: b_1272
Source: b_1273
Source: b_1274
Source: b_1275
Source: b_1276
Source: b_1277
Source: b_1278
Source: b_1279
Source: b_1280
Scan 12 started at 17DEC21:08:28:36.0
Source: 2312-319
Scan 13 started at 17DEC21:08:31:24.0
Source: b_1281
Source: b_1282
Source: b_1283
Source: b_1284
Source: b_1285
Source: b_1286
Source: b_1287
Source: b_1288
Source: b_1289
Source: b_1290
Source: b_1291
Source: b_1292
Source: b_1293
Source: b_1294
Source: b_1295
Source: b_1296
Source: b_1297
Source: b_1298
Source: b_1299
Source: b_1300
Scan 14 started at 17DEC21:08:44:52.0
Source: 2312-319
Scan 15 started at 17DEC21:08:47:40.0
Source: b_1301
Source: b_1302
Source: b_1303
Source: b_1304
Source: b_1305
Source: b_1306
Source: b_1307
Source: b_1308
Source: b_1309
Source: b_1310
Source: b_1311
Source: b_1312
Source: b_1313
Source: b_1314
Source: b_1315
Source: b_1316
Source: b_1317
Source: b_1318
Source: b_1319
Source: b_1320
Scan 16 started at 17DEC21:09:01:00.0
Source: 2312-319
Scan 17 started at 17DEC21:09:03:48.0
Source: b_1321
Source: b_1322
Source: b_1323
Source: b_1324
Source: b_1325
Source: b_1326
Source: b_1327
Source: b_1328
Source: b_1329
Source: b_1330
Source: b_1331
Source: b_1332
Source: b_1333
Source: b_1334
Source: b_1335
Source: b_1336
Source: b_1337
Source: b_1338
Source: b_1339
Source: b_1340
Scan 18 started at 17DEC21:09:17:08.0
Source: 2312-319
Scan 19 started at 17DEC21:09:19:56.0
Source: b_1341
Source: b_1342
Source: b_1343
Source: b_1344
Source: b_1345
Source: b_1346
Source: b_1347
Source: b_1348
Source: b_1349
Source: b_1350
Source: b_1351
Source: b_1352
Source: b_1353
Source: b_1354
Source: b_1355
Source: b_1356
Source: b_1357
Source: b_1358
Source: b_1359
Scan 20 started at 17DEC21:09:32:36.0
Source: 2312-319
Scan 21 started at 17DEC21:09:35:24.0
Source: b_1360
Source: b_1361
Source: b_1362
Source: b_1363
Source: b_1364
RPFITS file version is 2.12
---------------------------------------
Total number of spectra selected: 72660

Summary of spectra flagged
Flagging Reason            Fraction
---------------            --------
Antenna off-source/off-line  11.6%
---------------------------------------
Processing file raw/2017-12-21_0938.C3132
CABB data detected
Scan 1 started at 17DEC21:09:38:29.8
Source: b_1365
Source: b_1366
Source: b_1367
Source: b_1368
Source: b_1369
Source: b_1370
Source: b_1371
Source: b_1372
Source: b_1373
Source: b_1374
Source: b_1375
Source: b_1376
Source: b_1377
Source: b_1378
Scan 2 started at 17DEC21:09:48:04.0
Source: 2312-319
Scan 3 started at 17DEC21:09:50:52.0
Source: b_1379
Source: b_1380
Source: b_1381
Source: b_1382
Source: b_1383
Source: b_1384
Source: b_1385
Source: b_1386
Source: b_1387
Source: b_1388
Source: b_1389
Source: b_1390
Source: b_1391
Source: b_1392
Source: b_1393
Source: b_1394
Source: b_1395
Source: b_1396
Source: b_1397
Scan 4 started at 17DEC21:10:03:32.0
Source: 2312-319
Scan 5 started at 17DEC21:10:06:20.0
Source: b_1398
Source: b_1399
Source: b_1400
Source: b_1401
Source: b_1402
Source: b_1403
Source: b_1404
Source: b_1405
Source: b_1406
Source: b_1407
Source: b_1408
Source: b_1409
Source: b_1410
Source: b_1411
Source: b_1412
Source: b_1413
Source: b_1414
Source: b_1415
Source: b_1416
Scan 6 started at 17DEC21:10:19:00.0
Source: 2312-319
Scan 7 started at 17DEC21:10:21:48.0
Source: b_1417
Source: b_1418
Source: b_1419
Source: b_1420
Source: b_1421
Source: b_1422
Source: b_1423
Source: b_1424
Source: b_1425
Source: b_1426
Source: b_1427
Source: b_1428
Source: b_1429
Source: b_1430
Source: b_1431
Source: b_1432
Source: b_1433
Source: b_1434
Source: b_1435
Scan 8 started at 17DEC21:10:34:28.0
Source: 2312-319
Scan 9 started at 17DEC21:10:37:16.0
Source: b_1201
Source: b_1202
Source: b_1203
Source: b_1204
Source: b_1205
Source: b_1206
Source: b_1207
Source: b_1208
Source: b_1209
Source: b_1210
Source: b_1211
Source: b_1212
Source: b_1213
Source: b_1214
Source: b_1215
Source: b_1216
Source: b_1217
Source: b_1218
Source: b_1219
Source: b_1220
Scan 10 started at 17DEC21:10:50:36.0
Source: 2312-319
Scan 11 started at 17DEC21:10:53:24.0
Source: b_1221
Source: b_1222
Source: b_1223
Source: b_1224
Source: b_1225
Source: b_1226
Source: b_1227
Source: b_1228
Source: b_1229
Source: b_1230
Source: b_1231
Source: b_1232
Source: b_1233
Source: b_1234
Source: b_1235
Source: b_1236
Source: b_1237
Source: b_1238
Source: b_1239
Source: b_1240
Scan 12 started at 17DEC21:11:06:44.0
Source: 2312-319
Scan 13 started at 17DEC21:11:09:32.0
Source: b_1241
Source: b_1242
Source: b_1243
Source: b_1244
Source: b_1245
Source: b_1246
Source: b_1247
Source: b_1248
Source: b_1249
Source: b_1250
Source: b_1251
Source: b_1252
Source: b_1253
Source: b_1254
Source: b_1255
Source: b_1256
Source: b_1257
Source: b_1258
Source: b_1259
Source: b_1260
Scan 14 started at 17DEC21:11:22:52.0
Source: 2312-319
Scan 15 started at 17DEC21:11:25:40.0
Source: b_1261
Source: b_1262
Source: b_1263
Source: b_1264
Source: b_1265
Source: b_1266
Source: b_1267
Source: b_1268
Source: b_1269
Source: b_1270
Source: b_1271
Source: b_1272
Source: b_1273
Source: b_1274
Source: b_1275
Source: b_1276
Source: b_1277
Source: b_1278
Source: b_1279
Source: b_1280
Scan 16 started at 17DEC21:11:39:00.0
Source: 2312-319
Scan 17 started at 17DEC21:11:41:48.0
Source: b_1281
Source: b_1282
Source: b_1283
Source: b_1284
Source: b_1285
Source: b_1286
Source: b_1287
Source: b_1288
Source: b_1289
Source: b_1290
Source: b_1291
Source: b_1292
Source: b_1293
Source: b_1294
Source: b_1295
Source: b_1296
Source: b_1297
Source: b_1298
Source: b_1299
Source: b_1300
Scan 18 started at 17DEC21:11:55:08.0
Source: 2312-319
Scan 19 started at 17DEC21:11:57:56.0
Source: b_1301
Source: b_1302
Source: b_1303
Source: b_1304
Source: b_1305
Source: b_1306
Source: b_1307
Source: b_1308
Source: b_1309
Source: b_1310
Source: b_1311
Source: b_1312
Source: b_1313
Source: b_1314
Source: b_1315
Source: b_1316
Source: b_1317
Source: b_1318
Source: b_1319
Source: b_1320
Scan 20 started at 17DEC21:12:11:16.0
Source: 2312-319
Scan 21 started at 17DEC21:12:14:04.0
Source: b_1321
Source: b_1322
Source: b_1323
Source: b_1324
Source: b_1325
Source: b_1326
Source: b_1327
Source: b_1328
Source: b_1329
Source: b_1330
Source: b_1331
Source: b_1332
Source: b_1333
Source: b_1334
Source: b_1335
Source: b_1336
Source: b_1337
Source: b_1338
RPFITS file version is 2.12
---------------------------------------
Total number of spectra selected: 72660

Summary of spectra flagged
Flagging Reason            Fraction
---------------            --------
Antenna off-source/off-line  3.30%
---------------------------------------
Processing file raw/2017-12-21_1225.C3132
CABB data detected
Scan 1 started at 17DEC21:12:25:16.0
Source: b_1338
Source: b_1339
Source: b_1340
Scan 2 started at 17DEC21:12:27:24.0
Source: 2312-319
Scan 3 started at 17DEC21:12:30:12.0
Source: b_1341
Source: b_1342
Source: b_1343
Source: b_1344
Source: b_1345
Source: b_1346
Source: b_1347
Source: b_1348
Source: b_1349
Source: b_1350
Source: b_1351
Source: b_1352
Source: b_1353
Source: b_1354
Source: b_1355
Source: b_1356
Source: b_1357
Source: b_1358
Source: b_1359
Scan 4 started at 17DEC21:12:42:52.0
Source: 2312-319
Scan 5 started at 17DEC21:12:45:40.0
Source: b_1360
Source: b_1361
Source: b_1362
Source: b_1363
Source: b_1364
Source: b_1365
Source: b_1366
Source: b_1367
Source: b_1368
Source: b_1369
Source: b_1370
Source: b_1371
Source: b_1372
Source: b_1373
Source: b_1374
Source: b_1375
Source: b_1376
Source: b_1377
Source: b_1378
Scan 6 started at 17DEC21:12:58:20.0
Source: 2312-319
Scan 7 started at 17DEC21:13:01:08.0
Source: b_1379
Source: b_1380
Source: b_1381
Source: b_1382
Source: b_1383
Source: b_1384
Source: b_1385
Source: b_1386
Source: b_1387
Source: b_1388
Source: b_1389
Source: b_1390
Source: b_1391
Source: b_1392
Source: b_1393
Source: b_1394
Source: b_1395
Source: b_1396
Source: b_1397
Scan 8 started at 17DEC21:13:13:48.0
Source: 2312-319
Scan 9 started at 17DEC21:13:16:36.0
Source: b_1398
Source: b_1399
Source: b_1400
Source: b_1401
Source: b_1402
Source: b_1403
Source: b_1404
Source: b_1405
Source: b_1406
Source: b_1407
Source: b_1408
Source: b_1409
Source: b_1410
Source: b_1411
Source: b_1412
Source: b_1413
Source: b_1414
Source: b_1415
Source: b_1416
Scan 10 started at 17DEC21:13:29:16.0
Source: 2312-319
Scan 11 started at 17DEC21:13:31:32.0
 13:33:42 CAOBS> stop
 13:33:44 CAOBS> cor closef
RPFITS file version is 2.12
---------------------------------------
Total number of spectra selected: 29460

Summary of spectra flagged
Flagging Reason            Fraction
---------------            --------
Antenna off-source/off-line  3.26%
---------------------------------------

No CACAL data was detected

2018-08-08 10:10:11,899 [MainThread  ] [INFO ]  uvflag vis=data9.uv line=chan,65,850,1 flagval=flag

uvflag: Revision 1.8, 2014/09/30 14:23:39 UTC


Set flags to indicate bad data in visibility file data9.uv
Linetype channel; select   65 channels; start  850, width    1, step    1

Overview of flagging on visibility file data9.uv
Changed flags set to FALSE (data flagged as bad)
Total number of records selected: 302004; out of 302004 records
Antennas used: 1-6
Counts of correlations within selected channels
channel   Originally    Currently
Good:        19630260.           0.    Changed to bad:    19630260.
Bad:                0.    19630260.

2018-08-08 10:10:24,577 [MainThread  ] [INFO ]  uvflag vis=data9.uv flagval=flag select=time(12:59:45,15:00:00)

uvflag: Revision 1.8, 2014/09/30 14:23:39 UTC


Set flags to indicate bad data in visibility file data9.uv
All line channels and all wideband channels selected

Overview of flagging on visibility file data9.uv
Changed flags set to FALSE (data flagged as bad)
Total number of records selected: 14040; out of 302004 records
Antennas used: 1-6
Counts of correlations within selected channels
channel   Originally    Currently
Good:        24822720.           0.    Changed to bad:    24822720.
Bad:          3945240.    28767960.
wide      Originally    Currently
Good:               0.           0.    Changed to bad:           0.
Bad:                0.           0.

2018-08-08 10:11:02,766 [MainThread  ] [INFO ]  uvsplit vis=data9.uv options=mosaic

uvsplit: Revision 1.18, 2016/05/09 03:06:18 UTC

Creating 1934-638.9500
Creating 2312-319.9500
Creating b.9500

2018-08-08 10:11:13,048 [MainThread  ] [INFO ]  pgflag vis=1934-638.9500 command='<b' stokes=i,q,u,v flagpar=8,5,5,3,6,3 options=nodisp

pgflag: Revision 1.30, 2016/10/05 23:06:50 UTC

Applying changes to dataset
Counts of correlations within selected channels:
 channel  Originally  Currently
 Good:       8168160    8030872    Changed to bad:     137288
 Bad:        1298220    1435508    Changed to good:         0
 15.2% of the data is now flagged

2018-08-08 10:11:21,826 [MainThread  ] [INFO ]  pgflag vis=1934-638.9500 command='<b' stokes=i,v,q,u flagpar=8,2,2,3,6,3  options=nodisp

pgflag: Revision 1.30, 2016/10/05 23:06:50 UTC

Applying changes to dataset
Counts of correlations within selected channels:
 channel  Originally  Currently
 Good:       8030872    7895948    Changed to bad:     134924
 Bad:        1435508    1570432    Changed to good:         0
 16.6% of the data is now flagged

2018-08-08 10:11:31,770 [MainThread  ] [INFO ]  pgflag vis=1934-638.9500 command='<b' stokes=i,v,u,q flagpar=8,2,2,3,6,3  options=nodisp

pgflag: Revision 1.30, 2016/10/05 23:06:50 UTC

Applying changes to dataset
Counts of correlations within selected channels:
 channel  Originally  Currently
 Good:       7895948    7660752    Changed to bad:     235196
 Bad:        1570432    1805628    Changed to good:         0
 19.1% of the data is now flagged

2018-08-08 10:12:17,454 [MainThread  ] [INFO ]  mfcal vis=1934-638.9500 refant=4 interval=0.1
MfCal: $Revision: 1.20 $, $Date: 2017/05/08 02:31:10 $
Selecting parallel-hand polarisations
Reading the data ...
Number correlations accepted: 3830376
Number of frequency bands/settings: 1
Number of polarisations selected: 2
Number of solution intervals: 77
Number of passband solution intervals: 1
Initialising ...
Using post-Aug94 ATCA flux scale for 1934-638.
Using known frequency variation of 1934-638
Generating initial solution estimate ...
Doing solution refinement ...
Iter= 1, Solution Error:  0.466
Iter= 2, Solution Error:  0.015
Iter= 3, Solution Error:  0.000
Saving solution ...

2018-08-08 10:12:18,681 [MainThread  ] [INFO ]  gpcal vis=1934-638.9500 refant=4 interval=0.1 nfbin=2 options=xyvary

gpcal: Revision 1.22, 2016/05/01 22:31:05 UTC

Applying bandpass corrections to 1934-638.9500
Number of antennae: 6
Reading the data ...
Number of solution intervals: 77
Total visibilities read: 1155
Number visibilities accepted: 1155
Using post-Aug94 ATCA flux scale for 1934-638.
Using IQUV =  2.5409,  0.0000,  0.0000,  0.0000 at   9.4521 GHz.
Using post-Aug94 ATCA flux scale for 1934-638.
Using IQUV =  2.6977,  0.0000,  0.0000,  0.0000 at   9.0077 GHz.
Using post-Aug94 ATCA flux scale for 1934-638.
Using IQUV =  2.3889,  0.0000,  0.0000,  0.0000 at   9.9347 GHz.
Iter= 1, Amplit/Phase Solution Error:   0.884
Iter= 1, Polarisation Solution Error:   0.037
Iter= 1, Overall Solution Error:        1.966
Iter= 2, Amplit/Phase Solution Error:   0.002
Iter= 2, Polarisation Solution Error:   0.000
Iter= 2, Overall Solution Error:        0.004
Iter= 3, Amplit/Phase Solution Error:   0.001
Iter= 3, Polarisation Solution Error:   0.000
Iter= 3, Overall Solution Error:        0.001
I flux density:   2.5409
Leakage terms:
 Ant 1:Dx,Dy = ( 0.00064,-0.00519),(-0.00360,-0.00531)
 Ant 2:Dx,Dy = ( 0.00374,-0.00085),(-0.00184,-0.00035)
 Ant 3:Dx,Dy = ( 0.00181, 0.00382),(-0.00968, 0.00384)
 Ant 4:Dx,Dy = ( 0.00103, 0.01707),(-0.00506, 0.01709)
 Ant 5:Dx,Dy = (-0.01934, 0.00479),( 0.01305, 0.00439)
 Ant 6:Dx,Dy = ( 0.00064,-0.01958),(-0.00436,-0.01972)
Solution for freq bin  1
Iter= 1, Amplit/Phase Solution Error:   0.870
Iter= 1, Polarisation Solution Error:   0.037
Iter= 1, Overall Solution Error:        1.970
Iter= 2, Amplit/Phase Solution Error:   0.002
Iter= 2, Polarisation Solution Error:   0.000
Iter= 2, Overall Solution Error:        0.004
Iter= 3, Amplit/Phase Solution Error:   0.001
Iter= 3, Polarisation Solution Error:   0.000
Iter= 3, Overall Solution Error:        0.001
I flux density:   2.6977
Leakage terms:
 Ant 1:Dx,Dy = ( 0.00052,-0.00509),(-0.00286,-0.00525)
 Ant 2:Dx,Dy = ( 0.00398,-0.00035),(-0.00172, 0.00014)
 Ant 3:Dx,Dy = ( 0.00317, 0.00312),(-0.00818, 0.00303)
 Ant 4:Dx,Dy = ( 0.00230, 0.01706),(-0.00637, 0.01671)
 Ant 5:Dx,Dy = (-0.01935, 0.00569),( 0.01260, 0.00488)
 Ant 6:Dx,Dy = (-0.00055,-0.01976),(-0.00341,-0.02019)
Solution for freq bin  2
Iter= 1, Amplit/Phase Solution Error:   0.900
Iter= 1, Polarisation Solution Error:   0.037
Iter= 1, Overall Solution Error:        1.964
Iter= 2, Amplit/Phase Solution Error:   0.002
Iter= 2, Polarisation Solution Error:   0.000
Iter= 2, Overall Solution Error:        0.004
Iter= 3, Amplit/Phase Solution Error:   0.001
Iter= 3, Polarisation Solution Error:   0.000
Iter= 3, Overall Solution Error:        0.001
I flux density:   2.3889
Leakage terms:
 Ant 1:Dx,Dy = ( 0.00077,-0.00532),(-0.00445,-0.00541)
 Ant 2:Dx,Dy = ( 0.00346,-0.00143),(-0.00194,-0.00094)
 Ant 3:Dx,Dy = ( 0.00018, 0.00463),(-0.01144, 0.00480)
 Ant 4:Dx,Dy = (-0.00047, 0.01707),(-0.00351, 0.01752)
 Ant 5:Dx,Dy = (-0.01930, 0.00375),( 0.01359, 0.00382)
 Ant 6:Dx,Dy = ( 0.00206,-0.01935),(-0.00554,-0.01915)

2018-08-08 10:12:33,130 [MainThread  ] [INFO ]  pgflag vis=1934-638.9500 command='<b' stokes=i,q,u,v flagpar=8,5,5,3,6,3 options=nodisp

pgflag: Revision 1.30, 2016/10/05 23:06:50 UTC

Applying bandpass corrections to 1934-638.9500
Applying freq. dependent gain corrections to 1934-638.9500
Applying freq. dependent leakage correction to 1934-638.9500
Applying changes to dataset
Counts of correlations within selected channels:
 channel  Originally  Currently
 Good:       7660752    7620288    Changed to bad:      40464
 Bad:        1805628    1846092    Changed to good:         0
 19.5% of the data is now flagged

2018-08-08 10:12:46,293 [MainThread  ] [INFO ]  pgflag vis=1934-638.9500 command='<b' stokes=i,v,q,u flagpar=8,2,2,3,6,3  options=nodisp

pgflag: Revision 1.30, 2016/10/05 23:06:50 UTC

Applying bandpass corrections to 1934-638.9500
Applying freq. dependent gain corrections to 1934-638.9500
Applying freq. dependent leakage correction to 1934-638.9500
Applying changes to dataset
Counts of correlations within selected channels:
 channel  Originally  Currently
 Good:       7620288    7579512    Changed to bad:      40776
 Bad:        1846092    1886868    Changed to good:         0
 19.9% of the data is now flagged

2018-08-08 10:12:58,374 [MainThread  ] [INFO ]  pgflag vis=1934-638.9500 command='<b' stokes=i,v,u,q flagpar=8,2,2,3,6,3  options=nodisp

pgflag: Revision 1.30, 2016/10/05 23:06:50 UTC

Applying bandpass corrections to 1934-638.9500
Applying freq. dependent gain corrections to 1934-638.9500
Applying freq. dependent leakage correction to 1934-638.9500
Applying changes to dataset
Counts of correlations within selected channels:
 channel  Originally  Currently
 Good:       7579512    7539912    Changed to bad:      39600
 Bad:        1886868    1926468    Changed to good:         0
 20.4% of the data is now flagged

2018-08-08 10:13:44,620 [MainThread  ] [INFO ]  mfcal vis=1934-638.9500 refant=4 interval=0.1
MfCal: $Revision: 1.20 $, $Date: 2017/05/08 02:31:10 $
Selecting parallel-hand polarisations
Reading the data ...
Number correlations accepted: 3769956
Number of frequency bands/settings: 1
Number of polarisations selected: 2
Number of solution intervals: 77
Number of passband solution intervals: 1
Initialising ...
Using post-Aug94 ATCA flux scale for 1934-638.
Using known frequency variation of 1934-638
Generating initial solution estimate ...
Doing solution refinement ...
Iter= 1, Solution Error:  0.469
Iter= 2, Solution Error:  0.015
Iter= 3, Solution Error:  0.000
Saving solution ...

2018-08-08 10:13:45,098 [MainThread  ] [INFO ]  gpcal vis=1934-638.9500 refant=4 interval=0.1 nfbin=2 options=xyvary

gpcal: Revision 1.22, 2016/05/01 22:31:05 UTC

Applying bandpass corrections to 1934-638.9500
Number of antennae: 6
Using leakage parameters from input as initial guess
Reading the data ...
Number of solution intervals: 77
Total visibilities read: 1155
Number visibilities accepted: 1155
Using post-Aug94 ATCA flux scale for 1934-638.
Using IQUV =  2.5428,  0.0000,  0.0000,  0.0000 at   9.4463 GHz.
Using post-Aug94 ATCA flux scale for 1934-638.
Using IQUV =  2.6981,  0.0000,  0.0000,  0.0000 at   9.0067 GHz.
Using post-Aug94 ATCA flux scale for 1934-638.
Using IQUV =  2.3909,  0.0000,  0.0000,  0.0000 at   9.9280 GHz.
Iter= 1, Amplit/Phase Solution Error:   0.883
Iter= 1, Polarisation Solution Error:   0.000
Iter= 1, Overall Solution Error:        1.968
Iter= 2, Amplit/Phase Solution Error:   0.002
Iter= 2, Polarisation Solution Error:   0.000
Iter= 2, Overall Solution Error:        0.004
Iter= 3, Amplit/Phase Solution Error:   0.001
Iter= 3, Polarisation Solution Error:   0.000
Iter= 3, Overall Solution Error:        0.001
I flux density:   2.5428
Leakage terms:
 Ant 1:Dx,Dy = ( 0.00065,-0.00522),(-0.00356,-0.00530)
 Ant 2:Dx,Dy = ( 0.00375,-0.00084),(-0.00185,-0.00035)
 Ant 3:Dx,Dy = ( 0.00182, 0.00382),(-0.00971, 0.00384)
 Ant 4:Dx,Dy = ( 0.00108, 0.01710),(-0.00507, 0.01710)
 Ant 5:Dx,Dy = (-0.01936, 0.00482),( 0.01306, 0.00440)
 Ant 6:Dx,Dy = ( 0.00059,-0.01961),(-0.00434,-0.01976)
Solution for freq bin  1
Iter= 1, Amplit/Phase Solution Error:   0.869
Iter= 1, Polarisation Solution Error:   0.003
Iter= 1, Overall Solution Error:        1.972
Iter= 2, Amplit/Phase Solution Error:   0.002
Iter= 2, Polarisation Solution Error:   0.000
Iter= 2, Overall Solution Error:        0.004
Iter= 3, Amplit/Phase Solution Error:   0.001
Iter= 3, Polarisation Solution Error:   0.000
Iter= 3, Overall Solution Error:        0.001
I flux density:   2.6981
Leakage terms:
 Ant 1:Dx,Dy = ( 0.00053,-0.00511),(-0.00282,-0.00527)
 Ant 2:Dx,Dy = ( 0.00400,-0.00033),(-0.00172, 0.00013)
 Ant 3:Dx,Dy = ( 0.00316, 0.00311),(-0.00821, 0.00304)
 Ant 4:Dx,Dy = ( 0.00234, 0.01707),(-0.00636, 0.01671)
 Ant 5:Dx,Dy = (-0.01939, 0.00574),( 0.01258, 0.00491)
 Ant 6:Dx,Dy = (-0.00057,-0.01979),(-0.00341,-0.02021)
Solution for freq bin  2
Iter= 1, Amplit/Phase Solution Error:   0.898
Iter= 1, Polarisation Solution Error:   0.003
Iter= 1, Overall Solution Error:        1.966
Iter= 2, Amplit/Phase Solution Error:   0.002
Iter= 2, Polarisation Solution Error:   0.000
Iter= 2, Overall Solution Error:        0.004
Iter= 3, Amplit/Phase Solution Error:   0.001
Iter= 3, Polarisation Solution Error:   0.000
Iter= 3, Overall Solution Error:        0.001
I flux density:   2.3909
Leakage terms:
 Ant 1:Dx,Dy = ( 0.00078,-0.00537),(-0.00442,-0.00536)
 Ant 2:Dx,Dy = ( 0.00347,-0.00143),(-0.00197,-0.00094)
 Ant 3:Dx,Dy = ( 0.00021, 0.00466),(-0.01150, 0.00480)
 Ant 4:Dx,Dy = (-0.00044, 0.01713),(-0.00354, 0.01754)
 Ant 5:Dx,Dy = (-0.01930, 0.00378),( 0.01364, 0.00381)
 Ant 6:Dx,Dy = ( 0.00198,-0.01939),(-0.00551,-0.01922)

2018-08-08 10:13:45,155 [MainThread  ] [INFO ]  gpcopy vis=1934-638.9500 out=2312-319.9500

gpcopy: Revision 1.13, 2015/10/29 01:31:39 UTC

Copying leakage table
Copying gain table
Interpolation tolerance set to (minutes): 720.00
Copying bandpass table

2018-08-08 10:16:18,104 [MainThread  ] [INFO ]  pgflag vis=2312-319.9500 command='<b' stokes=i,q,u,v flagpar=8,5,5,3,6,3 options=nodisp

pgflag: Revision 1.30, 2016/10/05 23:06:50 UTC

Applying bandpass corrections to 2312-319.9500
Applying freq. dependent gain corrections to 2312-319.9500
Applying freq. dependent leakage correction to 2312-319.9500
Applying changes to dataset
Counts of correlations within selected channels:
 channel  Originally  Currently
 Good:      69616768   68191604    Changed to bad:    1425164
 Bad:       16965776   18390940    Changed to good:         0
 21.2% of the data is now flagged

2018-08-08 10:19:01,466 [MainThread  ] [INFO ]  pgflag vis=2312-319.9500 command='<b' stokes=i,v,q,u flagpar=8,2,2,3,6,3  options=nodisp

pgflag: Revision 1.30, 2016/10/05 23:06:50 UTC

Applying bandpass corrections to 2312-319.9500
Applying freq. dependent gain corrections to 2312-319.9500
Applying freq. dependent leakage correction to 2312-319.9500
Applying changes to dataset
Counts of correlations within selected channels:
 channel  Originally  Currently
 Good:      68191604   66637184    Changed to bad:    1554420
 Bad:       18390940   19945360    Changed to good:         0
 23.0% of the data is now flagged

2018-08-08 10:21:35,703 [MainThread  ] [INFO ]  pgflag vis=2312-319.9500 command='<b' stokes=i,v,u,q flagpar=8,2,2,3,6,3  options=nodisp

pgflag: Revision 1.30, 2016/10/05 23:06:50 UTC

Applying bandpass corrections to 2312-319.9500
Applying freq. dependent gain corrections to 2312-319.9500
Applying freq. dependent leakage correction to 2312-319.9500
Applying changes to dataset
Counts of correlations within selected channels:
 channel  Originally  Currently
 Good:      66637184   64827504    Changed to bad:    1809680
 Bad:       19945360   21755040    Changed to good:         0
 25.1% of the data is now flagged

2018-08-08 10:21:40,145 [MainThread  ] [INFO ]  gpcal vis=2312-319.9500 refant=4 interval=0.1 nfbin=2 options=xyvary,qusolve

gpcal: Revision 1.22, 2016/05/01 22:31:05 UTC

Applying bandpass corrections to 2312-319.9500
Number of antennae: 6
Using leakage parameters from input as initial guess
Reading the data ...
Number of solution intervals: 658
Total visibilities read: 10564
Number visibilities accepted: 9841
Iter= 1, Amplit/Phase Solution Error:   1.392
Iter= 1, Polarisation Solution Error:   0.005
Iter= 1, Overall Solution Error:        2.464
Iter= 2, Amplit/Phase Solution Error:   0.006
Iter= 2, Polarisation Solution Error:   0.000
Iter= 2, Overall Solution Error:        0.007
Iter= 3, Amplit/Phase Solution Error:   0.001
Iter= 3, Polarisation Solution Error:   0.000
Iter= 3, Overall Solution Error:        0.001
Iter= 4, Amplit/Phase Solution Error:   0.000
Iter= 4, Polarisation Solution Error:   0.000
Iter= 4, Overall Solution Error:        0.000
I flux density:   0.5761
Percent Q:   0.462
Percent U:  -0.369
Leakage terms:
 Ant 1:Dx,Dy = ( 0.00222,-0.00532),(-0.00096,-0.00525)
 Ant 2:Dx,Dy = ( 0.00298, 0.00018),(-0.00180, 0.00115)
 Ant 3:Dx,Dy = ( 0.00302, 0.00259),(-0.00906, 0.00344)
 Ant 4:Dx,Dy = ( 0.00309, 0.01565),(-0.00199, 0.01666)
 Ant 5:Dx,Dy = (-0.01553, 0.00298),( 0.01623, 0.00350)
 Ant 6:Dx,Dy = ( 0.00362,-0.01863),(-0.00302,-0.01694)
Solution for freq bin  1
Iter= 1, Amplit/Phase Solution Error:   1.322
Iter= 1, Polarisation Solution Error:   0.007
Iter= 1, Overall Solution Error:        2.440
Iter= 2, Amplit/Phase Solution Error:   0.005
Iter= 2, Polarisation Solution Error:   0.000
Iter= 2, Overall Solution Error:        0.008
Iter= 3, Amplit/Phase Solution Error:   0.001
Iter= 3, Polarisation Solution Error:   0.000
Iter= 3, Overall Solution Error:        0.002
Iter= 4, Amplit/Phase Solution Error:   0.000
Iter= 4, Polarisation Solution Error:   0.000
Iter= 4, Overall Solution Error:        0.000
I flux density:   0.5777
Percent Q:   0.366
Percent U:  -0.245
Leakage terms:
 Ant 1:Dx,Dy = ( 0.00189,-0.00497),(-0.00051,-0.00476)
 Ant 2:Dx,Dy = ( 0.00361, 0.00084),(-0.00160, 0.00205)
 Ant 3:Dx,Dy = ( 0.00466, 0.00179),(-0.00682, 0.00286)
 Ant 4:Dx,Dy = ( 0.00470, 0.01521),(-0.00329, 0.01616)
 Ant 5:Dx,Dy = (-0.01516, 0.00268),( 0.01575, 0.00446)
 Ant 6:Dx,Dy = ( 0.00205,-0.01895),(-0.00179,-0.01737)
Solution for freq bin  2
Iter= 1, Amplit/Phase Solution Error:   1.297
Iter= 1, Polarisation Solution Error:   0.006
Iter= 1, Overall Solution Error:        2.443
Iter= 2, Amplit/Phase Solution Error:   0.008
Iter= 2, Polarisation Solution Error:   0.000
Iter= 2, Overall Solution Error:        0.008
Iter= 3, Amplit/Phase Solution Error:   0.001
Iter= 3, Polarisation Solution Error:   0.000
Iter= 3, Overall Solution Error:        0.001
I flux density:   0.5819
Percent Q:   0.564
Percent U:  -0.484
Leakage terms:
 Ant 1:Dx,Dy = ( 0.00247,-0.00574),(-0.00150,-0.00572)
 Ant 2:Dx,Dy = ( 0.00231,-0.00051),(-0.00221, 0.00033)
 Ant 3:Dx,Dy = ( 0.00153, 0.00335),(-0.01117, 0.00407)
 Ant 4:Dx,Dy = ( 0.00165, 0.01612),(-0.00084, 0.01696)
 Ant 5:Dx,Dy = (-0.01593, 0.00318),( 0.01668, 0.00266)
 Ant 6:Dx,Dy = ( 0.00474,-0.01780),(-0.00422,-0.01689)

2018-08-08 10:24:15,791 [MainThread  ] [INFO ]  pgflag vis=2312-319.9500 command='<b' stokes=i,q,u,v flagpar=8,5,5,3,6,3 options=nodisp

pgflag: Revision 1.30, 2016/10/05 23:06:50 UTC

Applying bandpass corrections to 2312-319.9500
Applying freq. dependent gain corrections to 2312-319.9500
Applying freq. dependent leakage correction to 2312-319.9500
Applying changes to dataset
Counts of correlations within selected channels:
 channel  Originally  Currently
 Good:      64827504   62317756    Changed to bad:    2509748
 Bad:       21755040   24264788    Changed to good:         0
 28.0% of the data is now flagged

2018-08-08 10:26:45,357 [MainThread  ] [INFO ]  pgflag vis=2312-319.9500 command='<b' stokes=i,v,q,u flagpar=8,2,2,3,6,3  options=nodisp

pgflag: Revision 1.30, 2016/10/05 23:06:50 UTC

Applying bandpass corrections to 2312-319.9500
Applying freq. dependent gain corrections to 2312-319.9500
Applying freq. dependent leakage correction to 2312-319.9500
Applying changes to dataset
Counts of correlations within selected channels:
 channel  Originally  Currently
 Good:      62317756   59859740    Changed to bad:    2458016
 Bad:       24264788   26722804    Changed to good:         0
 30.9% of the data is now flagged

2018-08-08 10:29:21,661 [MainThread  ] [INFO ]  pgflag vis=2312-319.9500 command='<b' stokes=i,v,u,q flagpar=8,2,2,3,6,3  options=nodisp

pgflag: Revision 1.30, 2016/10/05 23:06:50 UTC

Applying bandpass corrections to 2312-319.9500
Applying freq. dependent gain corrections to 2312-319.9500
Applying freq. dependent leakage correction to 2312-319.9500
Applying changes to dataset
Counts of correlations within selected channels:
 channel  Originally  Currently
 Good:      59859740   57734544    Changed to bad:    2125196
 Bad:       26722804   28848000    Changed to good:         0
 33.3% of the data is now flagged

2018-08-08 10:29:26,406 [MainThread  ] [INFO ]  gpcal vis=2312-319.9500 refant=4 interval=0.1 nfbin=2 options=xyvary,qusolve

gpcal: Revision 1.22, 2016/05/01 22:31:05 UTC

Applying bandpass corrections to 2312-319.9500
Number of antennae: 6
Using leakage parameters from input as initial guess
Reading the data ...
Number of solution intervals: 656
Total visibilities read: 10564
Number visibilities accepted: 9693
Iter= 1, Amplit/Phase Solution Error:   1.210
Iter= 1, Polarisation Solution Error:   0.004
Iter= 1, Overall Solution Error:        2.726
Iter= 2, Amplit/Phase Solution Error:   0.006
Iter= 2, Polarisation Solution Error:   0.000
Iter= 2, Overall Solution Error:        0.080
Iter= 3, Amplit/Phase Solution Error:   0.004
Iter= 3, Polarisation Solution Error:   0.000
Iter= 3, Overall Solution Error:        0.079
Iter= 4, Amplit/Phase Solution Error:   0.004
Iter= 4, Polarisation Solution Error:   0.000
Iter= 4, Overall Solution Error:        0.074
Iter= 5, Amplit/Phase Solution Error:   0.005
Iter= 5, Polarisation Solution Error:   0.000
Iter= 5, Overall Solution Error:        0.068
Iter= 6, Amplit/Phase Solution Error:   0.005
Iter= 6, Polarisation Solution Error:   0.000
Iter= 6, Overall Solution Error:        0.060
Iter= 7, Amplit/Phase Solution Error:   0.006
Iter= 7, Polarisation Solution Error:   0.000
Iter= 7, Overall Solution Error:        0.051
Iter= 8, Amplit/Phase Solution Error:   0.007
Iter= 8, Polarisation Solution Error:   0.000
Iter= 8, Overall Solution Error:        0.040
Iter= 9, Amplit/Phase Solution Error:   0.008
Iter= 9, Polarisation Solution Error:   0.000
Iter= 9, Overall Solution Error:        0.031
Iter=10, Amplit/Phase Solution Error:   0.008
Iter=10, Polarisation Solution Error:   0.000
Iter=10, Overall Solution Error:        0.022
Iter=11, Amplit/Phase Solution Error:   0.009
Iter=11, Polarisation Solution Error:   0.000
Iter=11, Overall Solution Error:        0.021
Iter=12, Amplit/Phase Solution Error:   0.009
Iter=12, Polarisation Solution Error:   0.000
Iter=12, Overall Solution Error:        0.020
Iter=13, Amplit/Phase Solution Error:   0.009
Iter=13, Polarisation Solution Error:   0.000
Iter=13, Overall Solution Error:        0.019
Iter=14, Amplit/Phase Solution Error:   0.009
Iter=14, Polarisation Solution Error:   0.000
Iter=14, Overall Solution Error:        0.018
Iter=15, Amplit/Phase Solution Error:   0.010
Iter=15, Polarisation Solution Error:   0.000
Iter=15, Overall Solution Error:        0.016
Iter=16, Amplit/Phase Solution Error:   0.010
Iter=16, Polarisation Solution Error:   0.000
Iter=16, Overall Solution Error:        0.015
Iter=17, Amplit/Phase Solution Error:   0.010
Iter=17, Polarisation Solution Error:   0.000
Iter=17, Overall Solution Error:        0.014
Iter=18, Amplit/Phase Solution Error:   0.010
Iter=18, Polarisation Solution Error:   0.000
Iter=18, Overall Solution Error:        0.013
Iter=19, Amplit/Phase Solution Error:   0.010
Iter=19, Polarisation Solution Error:   0.000
Iter=19, Overall Solution Error:        0.012
Iter=20, Amplit/Phase Solution Error:   0.010
Iter=20, Polarisation Solution Error:   0.000
Iter=20, Overall Solution Error:        0.011
Iter=21, Amplit/Phase Solution Error:   0.010
Iter=21, Polarisation Solution Error:   0.000
Iter=21, Overall Solution Error:        0.010
Iter=22, Amplit/Phase Solution Error:   0.010
Iter=22, Polarisation Solution Error:   0.000
Iter=22, Overall Solution Error:        0.009
Iter=23, Amplit/Phase Solution Error:   0.010
Iter=23, Polarisation Solution Error:   0.000
Iter=23, Overall Solution Error:        0.008
Iter=24, Amplit/Phase Solution Error:   0.010
Iter=24, Polarisation Solution Error:   0.000
Iter=24, Overall Solution Error:        0.007
Iter=25, Amplit/Phase Solution Error:   0.010
Iter=25, Polarisation Solution Error:   0.000
Iter=25, Overall Solution Error:        0.006
Iter=26, Amplit/Phase Solution Error:   0.010
Iter=26, Polarisation Solution Error:   0.000
Iter=26, Overall Solution Error:        0.005
Iter=27, Amplit/Phase Solution Error:   0.010
Iter=27, Polarisation Solution Error:   0.000
Iter=27, Overall Solution Error:        0.005
Iter=28, Amplit/Phase Solution Error:   0.010
Iter=28, Polarisation Solution Error:   0.000
Iter=28, Overall Solution Error:        0.004
Iter=29, Amplit/Phase Solution Error:   0.010
Iter=29, Polarisation Solution Error:   0.000
Iter=29, Overall Solution Error:        0.004
Iter=30, Amplit/Phase Solution Error:   0.010
Iter=30, Polarisation Solution Error:   0.000
Iter=30, Overall Solution Error:        0.003
I flux density:   0.5817
Percent Q:   0.336
Percent U:  -0.375
Leakage terms:
 Ant 1:Dx,Dy = ( 0.00270,-0.00557),(-0.00028,-0.00559)
 Ant 2:Dx,Dy = ( 0.00358,-0.00007),(-0.00120, 0.00091)
 Ant 3:Dx,Dy = ( 0.00359, 0.00258),(-0.00857, 0.00346)
 Ant 4:Dx,Dy = ( 0.00364, 0.01563),(-0.00142, 0.01671)
 Ant 5:Dx,Dy = (-0.01505, 0.00321),( 0.01667, 0.00364)
 Ant 6:Dx,Dy = ( 0.00420,-0.01828),(-0.00252,-0.01661)
Solution for freq bin  1
Iter= 1, Amplit/Phase Solution Error:   1.244
Iter= 1, Polarisation Solution Error:   0.005
Iter= 1, Overall Solution Error:        3.467
Iter= 2, Amplit/Phase Solution Error:   0.006
Iter= 2, Polarisation Solution Error:   0.000
Iter= 2, Overall Solution Error:        0.075
Iter= 3, Amplit/Phase Solution Error:   0.003
Iter= 3, Polarisation Solution Error:   0.000
Iter= 3, Overall Solution Error:        0.073
Iter= 4, Amplit/Phase Solution Error:   0.003
Iter= 4, Polarisation Solution Error:   0.000
Iter= 4, Overall Solution Error:        0.075
Iter= 5, Amplit/Phase Solution Error:   0.003
Iter= 5, Polarisation Solution Error:   0.000
Iter= 5, Overall Solution Error:        0.077
Iter= 6, Amplit/Phase Solution Error:   0.003
Iter= 6, Polarisation Solution Error:   0.000
Iter= 6, Overall Solution Error:        0.080
Iter= 7, Amplit/Phase Solution Error:   0.003
Iter= 7, Polarisation Solution Error:   0.000
Iter= 7, Overall Solution Error:        0.084
Iter= 8, Amplit/Phase Solution Error:   0.003
Iter= 8, Polarisation Solution Error:   0.000
Iter= 8, Overall Solution Error:        0.095
Iter= 9, Amplit/Phase Solution Error:   0.003
Iter= 9, Polarisation Solution Error:   0.000
Iter= 9, Overall Solution Error:        0.113
Iter=10, Amplit/Phase Solution Error:   0.003
Iter=10, Polarisation Solution Error:   0.000
Iter=10, Overall Solution Error:        0.136
Iter=11, Amplit/Phase Solution Error:   0.003
Iter=11, Polarisation Solution Error:   0.000
Iter=11, Overall Solution Error:        0.163
Iter=12, Amplit/Phase Solution Error:   0.004
Iter=12, Polarisation Solution Error:   0.000
Iter=12, Overall Solution Error:        0.188
Iter=13, Amplit/Phase Solution Error:   0.004
Iter=13, Polarisation Solution Error:   0.000
Iter=13, Overall Solution Error:        0.185
Iter=14, Amplit/Phase Solution Error:   0.004
Iter=14, Polarisation Solution Error:   0.000
Iter=14, Overall Solution Error:        0.127
Iter=15, Amplit/Phase Solution Error:   0.004
Iter=15, Polarisation Solution Error:   0.000
Iter=15, Overall Solution Error:        0.055
Iter=16, Amplit/Phase Solution Error:   0.005
Iter=16, Polarisation Solution Error:   0.000
Iter=16, Overall Solution Error:        0.041
Iter=17, Amplit/Phase Solution Error:   0.005
Iter=17, Polarisation Solution Error:   0.000
Iter=17, Overall Solution Error:        0.035
Iter=18, Amplit/Phase Solution Error:   0.005
Iter=18, Polarisation Solution Error:   0.000
Iter=18, Overall Solution Error:        0.029
Iter=19, Amplit/Phase Solution Error:   0.005
Iter=19, Polarisation Solution Error:   0.000
Iter=19, Overall Solution Error:        0.024
Iter=20, Amplit/Phase Solution Error:   0.005
Iter=20, Polarisation Solution Error:   0.000
Iter=20, Overall Solution Error:        0.019
Iter=21, Amplit/Phase Solution Error:   0.005
Iter=21, Polarisation Solution Error:   0.000
Iter=21, Overall Solution Error:        0.014
Iter=22, Amplit/Phase Solution Error:   0.005
Iter=22, Polarisation Solution Error:   0.000
Iter=22, Overall Solution Error:        0.011
Iter=23, Amplit/Phase Solution Error:   0.005
Iter=23, Polarisation Solution Error:   0.000
Iter=23, Overall Solution Error:        0.008
Iter=24, Amplit/Phase Solution Error:   0.005
Iter=24, Polarisation Solution Error:   0.000
Iter=24, Overall Solution Error:        0.006
Iter=25, Amplit/Phase Solution Error:   0.005
Iter=25, Polarisation Solution Error:   0.000
Iter=25, Overall Solution Error:        0.004
Iter=26, Amplit/Phase Solution Error:   0.005
Iter=26, Polarisation Solution Error:   0.000
Iter=26, Overall Solution Error:        0.003
Iter=27, Amplit/Phase Solution Error:   0.005
Iter=27, Polarisation Solution Error:   0.000
Iter=27, Overall Solution Error:        0.002
Iter=28, Amplit/Phase Solution Error:   0.005
Iter=28, Polarisation Solution Error:   0.000
Iter=28, Overall Solution Error:        0.001
Iter=29, Amplit/Phase Solution Error:   0.005
Iter=29, Polarisation Solution Error:   0.000
Iter=29, Overall Solution Error:        0.001
Iter=30, Amplit/Phase Solution Error:   0.005
Iter=30, Polarisation Solution Error:   0.000
Iter=30, Overall Solution Error:        0.001
I flux density:   0.5880
Percent Q:   0.262
Percent U:  -0.258
Leakage terms:
 Ant 1:Dx,Dy = ( 0.00227,-0.00528),( 0.00013,-0.00504)
 Ant 2:Dx,Dy = ( 0.00414, 0.00060),(-0.00105, 0.00185)
 Ant 3:Dx,Dy = ( 0.00510, 0.00185),(-0.00643, 0.00286)
 Ant 4:Dx,Dy = ( 0.00522, 0.01526),(-0.00282, 0.01621)
 Ant 5:Dx,Dy = (-0.01475, 0.00287),( 0.01612, 0.00465)
 Ant 6:Dx,Dy = ( 0.00250,-0.01870),(-0.00148,-0.01712)
Solution for freq bin  2
Iter= 1, Amplit/Phase Solution Error:   1.219
Iter= 1, Polarisation Solution Error:   0.005
Iter= 1, Overall Solution Error:        2.872
Iter= 2, Amplit/Phase Solution Error:   0.007
Iter= 2, Polarisation Solution Error:   0.000
Iter= 2, Overall Solution Error:        0.075
Iter= 3, Amplit/Phase Solution Error:   0.004
Iter= 3, Polarisation Solution Error:   0.000
Iter= 3, Overall Solution Error:        0.083
Iter= 4, Amplit/Phase Solution Error:   0.004
Iter= 4, Polarisation Solution Error:   0.000
Iter= 4, Overall Solution Error:        0.107
Iter= 5, Amplit/Phase Solution Error:   0.005
Iter= 5, Polarisation Solution Error:   0.000
Iter= 5, Overall Solution Error:        0.140
Iter= 6, Amplit/Phase Solution Error:   0.005
Iter= 6, Polarisation Solution Error:   0.000
Iter= 6, Overall Solution Error:        0.176
Iter= 7, Amplit/Phase Solution Error:   0.006
Iter= 7, Polarisation Solution Error:   0.000
Iter= 7, Overall Solution Error:        0.207
Iter= 8, Amplit/Phase Solution Error:   0.007
Iter= 8, Polarisation Solution Error:   0.000
Iter= 8, Overall Solution Error:        0.221
Iter= 9, Amplit/Phase Solution Error:   0.007
Iter= 9, Polarisation Solution Error:   0.000
Iter= 9, Overall Solution Error:        0.214
Iter=10, Amplit/Phase Solution Error:   0.008
Iter=10, Polarisation Solution Error:   0.000
Iter=10, Overall Solution Error:        0.189
Iter=11, Amplit/Phase Solution Error:   0.008
Iter=11, Polarisation Solution Error:   0.000
Iter=11, Overall Solution Error:        0.154
Iter=12, Amplit/Phase Solution Error:   0.009
Iter=12, Polarisation Solution Error:   0.000
Iter=12, Overall Solution Error:        0.120
Iter=13, Amplit/Phase Solution Error:   0.009
Iter=13, Polarisation Solution Error:   0.000
Iter=13, Overall Solution Error:        0.101
Iter=14, Amplit/Phase Solution Error:   0.009
Iter=14, Polarisation Solution Error:   0.000
Iter=14, Overall Solution Error:        0.086
Iter=15, Amplit/Phase Solution Error:   0.011
Iter=15, Polarisation Solution Error:   0.000
Iter=15, Overall Solution Error:        0.077
Iter=16, Amplit/Phase Solution Error:   0.013
Iter=16, Polarisation Solution Error:   0.000
Iter=16, Overall Solution Error:        0.076
Iter=17, Amplit/Phase Solution Error:   0.015
Iter=17, Polarisation Solution Error:   0.000
Iter=17, Overall Solution Error:        0.076
Iter=18, Amplit/Phase Solution Error:   0.017
Iter=18, Polarisation Solution Error:   0.000
Iter=18, Overall Solution Error:        0.075
Iter=19, Amplit/Phase Solution Error:   0.020
Iter=19, Polarisation Solution Error:   0.000
Iter=19, Overall Solution Error:        0.074
Iter=20, Amplit/Phase Solution Error:   0.022
Iter=20, Polarisation Solution Error:   0.000
Iter=20, Overall Solution Error:        0.072
Iter=21, Amplit/Phase Solution Error:   0.023
Iter=21, Polarisation Solution Error:   0.000
Iter=21, Overall Solution Error:        0.071
Iter=22, Amplit/Phase Solution Error:   0.024
Iter=22, Polarisation Solution Error:   0.000
Iter=22, Overall Solution Error:        0.071
Iter=23, Amplit/Phase Solution Error:   0.025
Iter=23, Polarisation Solution Error:   0.000
Iter=23, Overall Solution Error:        0.070
Iter=24, Amplit/Phase Solution Error:   0.026
Iter=24, Polarisation Solution Error:   0.000
Iter=24, Overall Solution Error:        0.070
Iter=25, Amplit/Phase Solution Error:   0.026
Iter=25, Polarisation Solution Error:   0.000
Iter=25, Overall Solution Error:        0.070
Iter=26, Amplit/Phase Solution Error:   0.026
Iter=26, Polarisation Solution Error:   0.000
Iter=26, Overall Solution Error:        0.069
Iter=27, Amplit/Phase Solution Error:   0.026
Iter=27, Polarisation Solution Error:   0.000
Iter=27, Overall Solution Error:        0.069
Iter=28, Amplit/Phase Solution Error:   0.026
Iter=28, Polarisation Solution Error:   0.000
Iter=28, Overall Solution Error:        0.069
Iter=29, Amplit/Phase Solution Error:   0.026
Iter=29, Polarisation Solution Error:   0.000
Iter=29, Overall Solution Error:        0.069
Iter=30, Amplit/Phase Solution Error:   0.026
Iter=30, Polarisation Solution Error:   0.000
Iter=30, Overall Solution Error:        0.070
I flux density:   0.5911
Percent Q:   0.423
Percent U:  -0.482
Leakage terms:
 Ant 1:Dx,Dy = ( 0.00303,-0.00595),(-0.00080,-0.00608)
 Ant 2:Dx,Dy = ( 0.00295,-0.00074),(-0.00156, 0.00005)
 Ant 3:Dx,Dy = ( 0.00220, 0.00329),(-0.01064, 0.00411)
 Ant 4:Dx,Dy = ( 0.00221, 0.01604),(-0.00021, 0.01698)
 Ant 5:Dx,Dy = (-0.01541, 0.00343),( 0.01714, 0.00273)
 Ant 6:Dx,Dy = ( 0.00537,-0.01741),(-0.00358,-0.01646)

2018-08-08 10:29:26,601 [MainThread  ] [INFO ]  gpboot vis=2312-319.9500 cal=1934-638.9500

gpboot: Revision 1.9, 2015/10/29 01:31:30 UTC

Secondary flux density scaled by:   0.984
Frequency bin  1 scaled by      :   0.972
Frequency bin  2 scaled by      :   0.979

2018-08-08 10:30:51,630 [MainThread  ] [INFO ]  gpcopy vis=2312-319.9500 out=b.9500

gpcopy: Revision 1.13, 2015/10/29 01:31:39 UTC

Copying leakage table
Copying gain table
Interpolation tolerance set to (minutes): 720.00
Copying bandpass table

2018-08-08 10:46:22,863 [MainThread  ] [INFO ]  pgflag vis=b.9500 command='<b' stokes=i,v,q,u flagpar=8,2,2,3,6,3  options=nodisp

pgflag: Revision 1.30, 2016/10/05 23:06:50 UTC

Applying bandpass corrections to b.9500
Applying freq. dependent gain corrections to b.9500
Applying freq. dependent leakage correction to b.9500
Applying changes to dataset
Counts of correlations within selected channels:
 channel  Originally  Currently
 Good:     431335424  411938812    Changed to bad:   19396612
 Bad:       91421848  110818460    Changed to good:         0
 21.2% of the data is now flagged

2018-08-08 11:01:45,063 [MainThread  ] [INFO ]  pgflag vis=b.9500 command='<b' stokes=i,v,u,q flagpar=8,2,2,3,6,3  options=nodisp

pgflag: Revision 1.30, 2016/10/05 23:06:50 UTC

Applying bandpass corrections to b.9500
Applying freq. dependent gain corrections to b.9500
Applying freq. dependent leakage correction to b.9500
Applying changes to dataset
Counts of correlations within selected channels:
 channel  Originally  Currently
 Good:     411938812  394184348    Changed to bad:   17754464
 Bad:      110818460  128572924    Changed to good:         0
 24.6% of the data is now flagged

2018-08-08 11:03:47,118 [MainThread  ] [INFO ]  uvsplit vis=b.9500

uvsplit: Revision 1.18, 2016/05/09 03:06:18 UTC

Creating b_1241.9500
Creating b_1242.9500
Creating b_1243.9500
Creating b_1244.9500
Creating b_1245.9500
Creating b_1246.9500
Creating b_1247.9500
Creating b_1248.9500
Creating b_1249.9500
Creating b_1250.9500
Creating b_1251.9500
Creating b_1252.9500
Creating b_1253.9500
Creating b_1254.9500
Creating b_1255.9500
Creating b_1256.9500
Creating b_1257.9500
Creating b_1258.9500
Creating b_1259.9500
Creating b_1260.9500
Creating b_1261.9500
Creating b_1262.9500
Creating b_1263.9500
Creating b_1264.9500
Creating b_1265.9500
Creating b_1266.9500
Creating b_1267.9500
Creating b_1268.9500
Creating b_1269.9500
Creating b_1270.9500
Creating b_1271.9500
Creating b_1272.9500
Creating b_1273.9500
Creating b_1274.9500
Creating b_1275.9500
Creating b_1276.9500
Creating b_1277.9500
Creating b_1278.9500
Creating b_1279.9500
Creating b_1280.9500
Creating b_1281.9500
Creating b_1282.9500
Creating b_1283.9500
Creating b_1284.9500
Creating b_1285.9500
Creating b_1286.9500
Creating b_1287.9500
Creating b_1288.9500
Creating b_1289.9500
Creating b_1290.9500
Creating b_1291.9500
Creating b_1292.9500
Creating b_1293.9500
Creating b_1294.9500
Creating b_1295.9500
Creating b_1296.9500
Creating b_1297.9500
Creating b_1298.9500
Creating b_1299.9500
Creating b_1300.9500
Creating b_1301.9500
Creating b_1302.9500
Creating b_1303.9500
Creating b_1304.9500
Creating b_1305.9500
Creating b_1306.9500
Creating b_1307.9500
Creating b_1308.9500
Creating b_1309.9500
Creating b_1310.9500
Creating b_1311.9500
Creating b_1312.9500
Creating b_1313.9500
Creating b_1314.9500
Creating b_1315.9500
Creating b_1316.9500
Creating b_1317.9500
Creating b_1318.9500
Creating b_1319.9500
Creating b_1320.9500
Creating b_1321.9500
Creating b_1322.9500
Creating b_1323.9500
Creating b_1324.9500
Creating b_1325.9500
Creating b_1326.9500
Creating b_1327.9500
Creating b_1328.9500
Creating b_1329.9500
Creating b_1330.9500
Creating b_1331.9500
Creating b_1332.9500
Creating b_1333.9500
Creating b_1334.9500
Creating b_1335.9500
Creating b_1336.9500
Creating b_1337.9500
Creating b_1338.9500
Creating b_1339.9500
Creating b_1340.9500
Creating b_1341.9500
Creating b_1342.9500
Creating b_1343.9500
Creating b_1344.9500
Creating b_1345.9500
Creating b_1346.9500
Creating b_1347.9500
Creating b_1348.9500
Creating b_1349.9500
Creating b_1350.9500
Creating b_1351.9500
Creating b_1352.9500
Creating b_1353.9500
Creating b_1354.9500
Creating b_1355.9500
Creating b_1356.9500
Creating b_1357.9500
Creating b_1358.9500
Creating b_1359.9500
Creating b_1360.9500
Creating b_1361.9500
Creating b_1362.9500
Creating b_1363.9500
Creating b_1364.9500
Creating b_1365.9500
Creating b_1366.9500
Creating b_1367.9500
Creating b_1368.9500
Creating b_1369.9500
Creating b_1370.9500
Creating b_1371.9500
Creating b_1372.9500
Creating b_1373.9500
Creating b_1374.9500
Creating b_1375.9500
Creating b_1376.9500
Creating b_1377.9500
Creating b_1378.9500
Creating b_1379.9500
Creating b_1380.9500
Creating b_1381.9500
Creating b_1382.9500
Creating b_1383.9500
Creating b_1384.9500
Creating b_1385.9500
Creating b_1386.9500
Creating b_1387.9500
Creating b_1388.9500
Creating b_1389.9500
Creating b_1390.9500
Creating b_1391.9500
Creating b_1392.9500
Creating b_1393.9500
Creating b_1394.9500
Creating b_1395.9500
Creating b_1396.9500
Creating b_1397.9500
Creating b_1398.9500
Creating b_1399.9500
Creating b_1400.9500
Creating b_1401.9500
Creating b_1402.9500
Creating b_1403.9500
Creating b_1404.9500
Creating b_1405.9500
Creating b_1406.9500
Creating b_1407.9500
Creating b_1408.9500
Creating b_1409.9500
Creating b_1410.9500
Creating b_1411.9500
Creating b_1412.9500
Creating b_1413.9500
Creating b_1414.9500
Creating b_1415.9500
Creating b_1416.9500
Creating b_1417.9500
Creating b_1418.9500
Creating b_1419.9500
Creating b_1420.9500
Creating b_1421.9500
Creating b_1422.9500
Creating b_1423.9500
Creating b_1424.9500
Creating b_1425.9500
Creating b_1426.9500
Creating b_1427.9500
Creating b_1428.9500
Creating b_1429.9500
Creating b_1430.9500
Creating b_1431.9500
Creating b_1432.9500
Creating b_1433.9500
Creating b_1434.9500
Creating b_1435.9500
Creating b_1201.9500
Creating b_1202.9500
Creating b_1203.9500
Creating b_1204.9500
Creating b_1205.9500
Creating b_1206.9500
Creating b_1207.9500
Creating b_1208.9500
Creating b_1209.9500
Creating b_1210.9500
Creating b_1211.9500
Creating b_1212.9500
Creating b_1213.9500
Creating b_1214.9500
Creating b_1215.9500
Creating b_1216.9500
Creating b_1217.9500
Creating b_1218.9500
Creating b_1219.9500
Creating b_1220.9500
Creating b_1221.9500
Creating b_1222.9500
Creating b_1223.9500
Creating b_1224.9500
Creating b_1225.9500
Creating b_1226.9500
Creating b_1227.9500
Creating b_1228.9500
Creating b_1229.9500
Creating b_1230.9500
Creating b_1231.9500
Creating b_1232.9500
Creating b_1233.9500
Creating b_1234.9500
Creating b_1235.9500
Creating b_1236.9500
Creating b_1237.9500
Creating b_1238.9500
Creating b_1239.9500
Creating b_1240.9500

