2019-01-30 07:27:21,625 [MainThread  ] [INFO ]  atlod in=raw/2018-05-12_1540.C3132,raw/2018-05-12_1827.C3132,raw/2018-05-12_2114.C3132,raw/2018-05-13_0000.C3132,raw/2018-05-13_0247.C3132 out=data5.uv ifsel=1 options=birdie,rfiflag,noauto,xycorr

atlod: Revision 1.53, 2016/08/25 23:02:21 UTC

Processing file raw/2018-05-12_1540.C3132
 15:40:10 CAOBS> track 1
CABB data detected
Scan 1 started at 18MAY12:15:40:28.0
Source: 1934-638
Flagging channels in  28 frequency ranges
 15:50:42 CAOBS> stop
 15:50:48 CAOBS> set file c3132_obs_c1
 15:50:52 CAOBS> start 1/99
Scan 2 started at 18MAY12:15:52:44.0
Source: 2312-319
Scan 3 started at 18MAY12:15:55:32.7
Source: c_1
Source: c_2
Source: c_3
Source: c_4
Source: c_5
Source: c_6
Source: c_7
Source: c_8
Source: c_9
Source: c_10
Source: c_11
Source: c_12
Source: c_13
Source: c_14
Source: c_15
Source: c_16
Source: c_17
Source: c_18
Source: c_19
Source: c_20
Scan 4 started at 18MAY12:16:09:16.0
Source: 2312-319
Scan 5 started at 18MAY12:16:12:04.0
Source: c_21
Source: c_22
Source: c_23
Source: c_24
Source: c_25
Source: c_26
Source: c_27
Source: c_28
Source: c_29
Source: c_30
Source: c_31
Source: c_32
Source: c_33
Source: c_34
Source: c_35
Source: c_36
Source: c_37
Source: c_38
Source: c_39
Source: c_40
Scan 6 started at 18MAY12:16:25:40.0
Source: 2312-319
Scan 7 started at 18MAY12:16:28:28.0
Source: c_41
Source: c_42
Source: c_43
Source: c_44
Source: c_45
Source: c_46
Source: c_47
Source: c_48
Source: c_49
Source: c_50
Source: c_51
Source: c_52
Source: c_53
Source: c_54
Source: c_55
Source: c_56
Source: c_57
Source: c_58
Source: c_59
Source: c_60
Scan 8 started at 18MAY12:16:42:04.0
Source: 2312-319
Scan 9 started at 18MAY12:16:44:46.5
Source: c_61
Source: c_62
Source: c_63
Source: c_64
Source: c_65
Source: c_66
Source: c_67
Source: c_68
Source: c_69
Source: c_70
Source: c_71
Source: c_72
Source: c_73
Source: c_74
Source: c_75
Source: c_76
Source: c_77
Source: c_78
Source: c_79
Source: c_80
Scan 10 started at 18MAY12:16:58:28.0
Source: 2312-319
Scan 11 started at 18MAY12:17:01:10.8
Source: c_81
Source: c_82
Source: c_83
Source: c_84
Source: c_85
Source: c_86
Source: c_87
Source: c_88
Source: c_89
Source: c_90
Source: c_91
Source: c_92
Source: c_93
Source: c_94
Source: c_95
Source: c_96
Source: c_97
Source: c_98
Source: c_99
Source: c_100
Scan 12 started at 18MAY12:17:14:52.0
Source: 2312-319
Scan 13 started at 18MAY12:17:17:40.0
Source: c_101
Source: c_102
Source: c_103
Source: c_104
Source: c_105
Source: c_106
Source: c_107
Source: c_108
Source: c_109
Source: c_110
Source: c_111
Source: c_112
Source: c_113
Source: c_114
Source: c_115
Source: c_116
Source: c_117
Source: c_118
Source: c_119
Source: c_120
Scan 14 started at 18MAY12:17:31:16.0
Source: 2312-319
Scan 15 started at 18MAY12:17:34:04.0
Source: c_121
Source: c_122
Source: c_123
Source: c_124
Source: c_125
Source: c_126
Source: c_127
Source: c_128
Source: c_129
Source: c_130
Source: c_131
Source: c_132
Source: c_133
Source: c_134
Source: c_135
Source: c_136
Source: c_137
Source: c_138
Source: c_139
Source: c_140
Scan 16 started at 18MAY12:17:47:40.0
Source: 2312-319
Scan 17 started at 18MAY12:17:50:22.0
Source: c_141
Source: c_142
Source: c_143
Source: c_144
Source: c_145
Source: c_146
Source: c_147
Source: c_148
Source: c_149
Source: c_150
Source: c_151
Source: c_152
Source: c_153
Source: c_154
Source: c_155
Source: c_156
Source: c_157
Source: c_158
Source: c_159
Source: c_160
Scan 18 started at 18MAY12:18:04:04.0
Source: 2312-319
Scan 19 started at 18MAY12:18:06:52.0
Source: c_161
Source: c_162
Source: c_163
Source: c_164
Source: c_165
Source: c_166
Source: c_167
Source: c_168
Source: c_169
Source: c_170
Source: c_171
Source: c_172
Source: c_173
Source: c_174
Source: c_175
Source: c_176
Source: c_177
Source: c_178
Source: c_179
Source: c_180
Scan 20 started at 18MAY12:18:20:28.0
Source: 2312-319
Scan 21 started at 18MAY12:18:23:08.7
Source: c_1
Source: c_2
Source: c_3
Source: c_4
Source: c_5
Source: c_6
Source: c_7
RPFITS file version is 2.12
---------------------------------------
Total number of spectra selected: 72660

Summary of spectra flagged
Flagging Reason            Fraction
---------------            --------
Antenna off-source/off-line  4.68%
---------------------------------------
Processing file raw/2018-05-12_1827.C3132
CABB data detected
Scan 1 started at 18MAY12:18:27:24.0
Source: c_7
Source: c_8
Source: c_9
Source: c_10
Source: c_11
Source: c_12
Source: c_13
Source: c_14
Source: c_15
Source: c_16
Source: c_17
Source: c_18
Source: c_19
Source: c_20
Scan 2 started at 18MAY12:18:36:52.0
Source: 2312-319
Scan 3 started at 18MAY12:18:39:40.0
Source: c_21
Source: c_22
Source: c_23
Source: c_24
Source: c_25
Source: c_26
Source: c_27
Source: c_28
Source: c_29
Source: c_30
Source: c_31
Source: c_32
Source: c_33
Source: c_34
Source: c_35
Source: c_36
Source: c_37
Source: c_38
Source: c_39
Source: c_40
Scan 4 started at 18MAY12:18:53:16.0
Source: 2312-319
Scan 5 started at 18MAY12:18:56:12.0
Source: c_41
Source: c_42
Source: c_43
Source: c_44
Source: c_45
Source: c_46
Source: c_47
Source: c_48
Source: c_49
Source: c_50
Source: c_51
Source: c_52
Source: c_53
Source: c_54
Source: c_55
Source: c_56
Source: c_57
Source: c_58
Source: c_59
Source: c_60
Scan 6 started at 18MAY12:19:09:40.0
Source: 2312-319
Scan 7 started at 18MAY12:19:12:28.0
Source: c_61
Source: c_62
Source: c_63
Source: c_64
Source: c_65
Source: c_66
Source: c_67
Source: c_68
Source: c_69
Source: c_70
Source: c_71
Source: c_72
Source: c_73
Source: c_74
Source: c_75
Source: c_76
Source: c_77
Source: c_78
Source: c_79
Source: c_80
Scan 8 started at 18MAY12:19:26:04.0
Source: 2312-319
Scan 9 started at 18MAY12:19:28:52.0
Source: c_81
Source: c_82
Source: c_83
Source: c_84
Source: c_85
Source: c_86
Source: c_87
Source: c_88
Source: c_89
Source: c_90
Source: c_91
Source: c_92
Source: c_93
Source: c_94
Source: c_95
Source: c_96
Source: c_97
Source: c_98
Source: c_99
Source: c_100
Scan 10 started at 18MAY12:19:42:28.0
Source: 2312-319
Scan 11 started at 18MAY12:19:45:24.0
Source: c_101
Source: c_102
Source: c_103
Source: c_104
Source: c_105
Source: c_106
Source: c_107
Source: c_108
Source: c_109
Source: c_110
Source: c_111
Source: c_112
Source: c_113
Source: c_114
Source: c_115
Source: c_116
Source: c_117
Source: c_118
Source: c_119
Source: c_120
Scan 12 started at 18MAY12:19:58:52.0
Source: 2312-319
Scan 13 started at 18MAY12:20:01:48.0
Source: c_121
Source: c_122
Source: c_123
Source: c_124
Source: c_125
Source: c_126
Source: c_127
Source: c_128
Source: c_129
Source: c_130
Source: c_131
Source: c_132
Source: c_133
Source: c_134
Source: c_135
Source: c_136
Source: c_137
Source: c_138
Source: c_139
Source: c_140
Scan 14 started at 18MAY12:20:15:16.0
Source: 2312-319
Scan 15 started at 18MAY12:20:17:58.0
Source: c_141
Source: c_142
Source: c_143
Source: c_144
Source: c_145
Source: c_146
Source: c_147
Source: c_148
Source: c_149
Source: c_150
Source: c_151
Source: c_152
Source: c_153
Source: c_154
Source: c_155
Source: c_156
Source: c_157
Source: c_158
Source: c_159
Source: c_160
Scan 16 started at 18MAY12:20:31:40.0
Source: 2312-319
Scan 17 started at 18MAY12:20:34:36.0
Source: c_161
Source: c_162
Source: c_163
Source: c_164
Source: c_165
Source: c_166
Source: c_167
Source: c_168
Source: c_169
Source: c_170
Source: c_171
Source: c_172
Source: c_173
Source: c_174
Source: c_175
Source: c_176
Source: c_177
Source: c_178
Source: c_179
Source: c_180
Scan 18 started at 18MAY12:20:48:04.0
Source: 2312-319
Scan 19 started at 18MAY12:20:50:44.7
Source: c_1
Source: c_2
Source: c_3
Source: c_4
Source: c_5
Source: c_6
Source: c_7
Source: c_8
Source: c_9
Source: c_10
Source: c_11
Source: c_12
Source: c_13
Source: c_14
Source: c_15
Source: c_16
Source: c_17
Source: c_18
Source: c_19
Source: c_20
Scan 20 started at 18MAY12:21:04:28.0
Source: 2312-319
Scan 21 started at 18MAY12:21:07:56.0
Source: c_21
Source: c_22
Source: c_23
Source: c_24
Source: c_25
Source: c_26
Source: c_27
Source: c_28
Source: c_29
Source: c_30
RPFITS file version is 2.12
---------------------------------------
Total number of spectra selected: 72660

Summary of spectra flagged
Flagging Reason            Fraction
---------------            --------
Antenna off-source/off-line  4.84%
---------------------------------------
Processing file raw/2018-05-12_2114.C3132
CABB data detected
Scan 1 started at 18MAY12:21:14:12.0
Source: c_31
Source: c_32
Source: c_33
Source: c_34
Source: c_35
Source: c_36
Source: c_37
Source: c_38
Source: c_39
Source: c_40
Scan 2 started at 18MAY12:21:21:16.0
Source: 2312-319
Scan 3 started at 18MAY12:21:26:12.0
Source: c_43
Source: c_44
Source: c_45
Source: c_46
Source: c_50
Source: c_55
Source: c_56
Source: c_57
Source: c_58
Source: c_59
Source: c_60
Scan 4 started at 18MAY12:21:41:00.0
Source: 2312-319
Scan 5 started at 18MAY12:21:46:52.0
Source: c_61
Source: c_62
Source: c_63
Source: c_64
Source: c_65
Source: c_66
Source: c_67
Source: c_68
Source: c_69
Source: c_70
Source: c_71
Source: c_72
Source: c_73
Source: c_74
Source: c_75
Source: c_76
Source: c_77
Source: c_78
Source: c_79
Source: c_80
Scan 6 started at 18MAY12:22:00:44.0
Source: 2312-319
Scan 7 started at 18MAY12:22:04:04.0
Source: c_81
Source: c_82
Source: c_83
Source: c_84
Source: c_85
Source: c_86
Source: c_87
Source: c_88
Source: c_89
Source: c_90
Source: c_91
Source: c_92
Source: c_93
Source: c_94
Source: c_95
Source: c_96
Source: c_97
Source: c_98
Source: c_99
Source: c_100
Scan 8 started at 18MAY12:22:17:40.0
Source: 2312-319
Scan 9 started at 18MAY12:22:20:44.0
Source: c_101
Source: c_102
Source: c_103
Source: c_104
Source: c_105
Source: c_106
Source: c_107
Source: c_108
Source: c_109
Source: c_110
Source: c_111
Source: c_112
Source: c_113
Source: c_114
Source: c_115
Source: c_116
Source: c_117
Source: c_118
Source: c_119
Source: c_120
Scan 10 started at 18MAY12:22:34:04.0
Source: 2312-319
Scan 11 started at 18MAY12:22:37:00.0
Source: c_121
Source: c_122
Source: c_123
Source: c_124
Source: c_125
Source: c_126
Source: c_127
Source: c_128
Source: c_129
Source: c_130
Source: c_131
Source: c_132
Source: c_133
Source: c_134
Source: c_135
Source: c_136
Source: c_137
Source: c_138
Source: c_139
Source: c_140
Scan 12 started at 18MAY12:22:50:28.0
Source: 2312-319
Scan 13 started at 18MAY12:22:53:10.0
Source: c_141
Source: c_142
Source: c_143
Source: c_144
Source: c_145
Source: c_146
Source: c_147
Source: c_148
Source: c_149
Source: c_150
Source: c_151
Source: c_152
Source: c_153
Source: c_154
Source: c_155
Source: c_156
Source: c_157
Source: c_158
Source: c_159
Source: c_160
Scan 14 started at 18MAY12:23:06:52.0
Source: 2312-319
Scan 15 started at 18MAY12:23:09:56.0
Source: c_161
Source: c_162
Source: c_163
Source: c_164
Source: c_165
Source: c_166
Source: c_167
Source: c_168
Source: c_169
Source: c_170
Source: c_171
Source: c_172
Source: c_173
Source: c_174
Source: c_175
Source: c_176
Source: c_177
Source: c_178
Source: c_179
Source: c_180
Scan 16 started at 18MAY12:23:23:24.0
Source: 2312-319
Scan 17 started at 18MAY12:23:26:04.7
Source: c_1
Source: c_2
Source: c_3
Source: c_4
Source: c_5
Source: c_6
Source: c_7
Source: c_8
Source: c_9
Source: c_10
Source: c_11
Source: c_12
Source: c_13
Source: c_14
Source: c_15
Source: c_16
Source: c_17
Source: c_18
Source: c_19
Source: c_20
Scan 18 started at 18MAY12:23:39:48.0
Source: 2312-319
Scan 19 started at 18MAY12:23:42:36.0
Source: c_21
Source: c_22
Source: c_23
Source: c_24
Source: c_25
Source: c_26
Source: c_27
Source: c_28
Source: c_29
Source: c_30
Source: c_31
Source: c_32
Source: c_33
Source: c_34
Source: c_35
Source: c_36
Source: c_37
Source: c_38
Source: c_39
Source: c_40
Scan 20 started at 18MAY12:23:56:12.0
Source: 2312-319
Scan 21 started at 18MAY12:23:59:08.0
Source: c_41
Source: c_42
Source: c_43
Source: c_44
RPFITS file version is 2.12
---------------------------------------
Total number of spectra selected: 72660

Summary of spectra flagged
Flagging Reason            Fraction
---------------            --------
Antenna off-source/off-line  15.9%
---------------------------------------
Processing file raw/2018-05-13_0000.C3132
CABB data detected
Scan 1 started at 18MAY13:00:01:00.0
Source: c_44
Source: c_45
Source: c_46
Source: c_47
Source: c_48
Source: c_49
Source: c_50
Source: c_51
Source: c_52
Source: c_53
Source: c_54
Source: c_55
Source: c_56
Source: c_57
Source: c_58
Source: c_59
Source: c_60
Scan 2 started at 18MAY13:00:12:36.0
Source: 2312-319
Scan 3 started at 18MAY13:00:15:24.0
Source: c_61
Source: c_62
Source: c_63
Source: c_64
Source: c_65
Source: c_66
Source: c_67
Source: c_68
Source: c_69
Source: c_70
Source: c_71
Source: c_72
Source: c_73
Source: c_74
Source: c_75
Source: c_76
Source: c_77
Source: c_78
Source: c_79
Source: c_80
Scan 4 started at 18MAY13:00:29:00.0
Source: 2312-319
Scan 5 started at 18MAY13:00:31:56.0
Source: c_81
Source: c_82
Source: c_83
Source: c_84
Source: c_85
Source: c_86
Source: c_87
Source: c_88
Source: c_89
Source: c_90
Source: c_91
Source: c_92
Source: c_93
Source: c_94
Source: c_95
Source: c_96
Source: c_97
Source: c_98
Source: c_99
Source: c_100
Scan 6 started at 18MAY13:00:45:32.0
Source: 2312-319
Scan 7 started at 18MAY13:00:48:28.0
Source: c_101
Source: c_102
Source: c_103
Source: c_104
Source: c_105
Source: c_106
Source: c_107
Source: c_108
Source: c_109
Source: c_110
Source: c_111
Source: c_112
Source: c_113
Source: c_114
Source: c_115
Source: c_116
Source: c_117
Source: c_118
Source: c_119
Source: c_120
Scan 8 started at 18MAY13:01:01:56.0
Source: 2312-319
Scan 9 started at 18MAY13:01:04:44.0
Source: c_121
Source: c_122
Source: c_123
Source: c_124
Source: c_125
Source: c_126
Source: c_127
Source: c_128
Source: c_129
Source: c_130
Source: c_131
Source: c_132
Source: c_133
Source: c_134
Source: c_135
Source: c_136
Source: c_137
Source: c_138
Source: c_139
Source: c_140
Scan 10 started at 18MAY13:01:18:20.0
Source: 2312-319
Scan 11 started at 18MAY13:01:21:02.0
Source: c_141
Source: c_142
Source: c_143
Source: c_144
Source: c_145
Source: c_146
Source: c_147
Source: c_148
Source: c_149
Source: c_150
Source: c_151
Source: c_152
Source: c_153
Source: c_154
Source: c_155
Source: c_156
Source: c_157
Source: c_158
Source: c_159
Source: c_160
Scan 12 started at 18MAY13:01:34:44.0
Source: 2312-319
Scan 13 started at 18MAY13:01:37:32.0
Source: c_161
Source: c_162
Source: c_163
Source: c_164
Source: c_165
Source: c_166
Source: c_167
Source: c_168
Source: c_169
Source: c_170
Source: c_171
Source: c_172
Source: c_173
Source: c_174
Source: c_175
Source: c_176
Source: c_177
Source: c_178
Source: c_179
Source: c_180
Scan 14 started at 18MAY13:01:51:08.0
Source: 2312-319
Scan 15 started at 18MAY13:01:53:48.7
Source: c_1
Source: c_2
Source: c_3
Source: c_4
Source: c_5
Source: c_6
Source: c_7
Source: c_8
Source: c_9
Source: c_10
Source: c_11
Source: c_12
Source: c_13
Source: c_14
Source: c_15
Source: c_16
Source: c_17
Source: c_18
Source: c_19
Source: c_20
Scan 16 started at 18MAY13:02:07:32.0
Source: 2312-319
Scan 17 started at 18MAY13:02:10:20.0
Source: c_21
Source: c_22
Source: c_23
Source: c_24
Source: c_25
Source: c_26
Source: c_27
Source: c_28
Source: c_29
Source: c_30
Source: c_31
Source: c_32
Source: c_33
Source: c_34
Source: c_35
Source: c_36
Source: c_37
Source: c_38
Source: c_39
Source: c_40
Scan 18 started at 18MAY13:02:23:56.0
Source: 2312-319
Scan 19 started at 18MAY13:02:26:44.0
Source: c_41
Source: c_42
Source: c_43
Source: c_44
Source: c_45
Source: c_46
Source: c_47
Source: c_48
Source: c_49
Source: c_50
Source: c_51
Source: c_52
Source: c_53
Source: c_54
Source: c_55
Source: c_56
Source: c_57
Source: c_58
Source: c_59
Source: c_60
Scan 20 started at 18MAY13:02:40:20.0
Source: 2312-319
Scan 21 started at 18MAY13:02:43:02.5
Source: c_61
Source: c_62
Source: c_63
Source: c_64
Source: c_65
Source: c_66
Source: c_67
Source: c_68
RPFITS file version is 2.12
---------------------------------------
Total number of spectra selected: 72660

Summary of spectra flagged
Flagging Reason            Fraction
---------------            --------
Antenna off-source/off-line  3.99%
---------------------------------------
Processing file raw/2018-05-13_0247.C3132
CABB data detected
Scan 1 started at 18MAY13:02:47:48.0
Source: c_68
Source: c_69
Source: c_70
Source: c_71
Source: c_72
Source: c_73
Source: c_74
Source: c_75
Source: c_76
Source: c_77
Source: c_78
Source: c_79
Source: c_80
Scan 2 started at 18MAY13:02:56:44.0
Source: 2312-319
Scan 3 started at 18MAY13:02:59:26.8
Source: c_81
Source: c_82
Source: c_83
Source: c_84
Source: c_85
Source: c_86
Source: c_87
Source: c_88
Source: c_89
Source: c_90
Source: c_91
Source: c_92
Source: c_93
Source: c_94
Source: c_95
Source: c_96
Source: c_97
Source: c_98
Source: c_99
Source: c_100
Scan 4 started at 18MAY13:03:13:08.0
Source: 2312-319
Scan 5 started at 18MAY13:03:15:56.0
Source: c_101
Source: c_102
Source: c_103
Source: c_104
Source: c_105
Source: c_106
Source: c_107
Source: c_108
Source: c_109
Source: c_110
Source: c_111
Source: c_112
Source: c_113
Source: c_114
Source: c_115
Source: c_116
Source: c_117
Source: c_118
Source: c_119
Source: c_120
 03:28:47 CAOBS> stop
 03:28:50 CAOBS> track 1
Scan 6 started at 18MAY13:03:29:16.0
Source: 2312-319
 03:32:05 CAOBS> stop
 03:32:07 CAOBS> corr closef
RPFITS file version is 2.12
---------------------------------------
Total number of spectra selected: 19260

Summary of spectra flagged
Flagging Reason            Fraction
---------------            --------
Antenna off-source/off-line  3.12%
---------------------------------------

No CACAL data was detected

2019-01-30 07:27:38,499 [MainThread  ] [INFO ]  uvflag vis=data5.uv line=chan,6,1146,1 flagval=flag

uvflag: Revision 1.8, 2014/09/30 14:23:39 UTC


Set flags to indicate bad data in visibility file data5.uv
Linetype channel; select    6 channels; start 1146, width    1, step    1

Overview of flagging on visibility file data5.uv
Changed flags set to FALSE (data flagged as bad)
Total number of records selected: 287944; out of 287944 records
Antennas used: 1-6
Counts of correlations within selected channels
channel   Originally    Currently
Good:          863832.           0.    Changed to bad:      863832.
Bad:           863832.     1727664.

2019-01-30 07:27:53,355 [MainThread  ] [INFO ]  uvflag vis=data5.uv line=chan,30,1454,1 flagval=flag

uvflag: Revision 1.8, 2014/09/30 14:23:39 UTC


Set flags to indicate bad data in visibility file data5.uv
Linetype channel; select   30 channels; start 1454, width    1, step    1

Overview of flagging on visibility file data5.uv
Changed flags set to FALSE (data flagged as bad)
Total number of records selected: 287944; out of 287944 records
Antennas used: 1-6
Counts of correlations within selected channels
channel   Originally    Currently
Good:         8638320.           0.    Changed to bad:     8638320.
Bad:                0.     8638320.

2019-01-30 07:28:07,898 [MainThread  ] [INFO ]  uvflag vis=data5.uv line=chan,40,1964,1 flagval=flag

uvflag: Revision 1.8, 2014/09/30 14:23:39 UTC


Set flags to indicate bad data in visibility file data5.uv
Linetype channel; select   40 channels; start 1964, width    1, step    1

Overview of flagging on visibility file data5.uv
Changed flags set to FALSE (data flagged as bad)
Total number of records selected: 287944; out of 287944 records
Antennas used: 1-6
Counts of correlations within selected channels
channel   Originally    Currently
Good:               0.           0.    Changed to bad:           0.
Bad:         11517760.    11517760.

2019-01-30 07:28:52,892 [MainThread  ] [INFO ]  uvsplit vis=data5.uv options=mosaic

uvsplit: Revision 1.18, 2016/05/09 03:06:18 UTC

Creating 1934-638.5500
Creating 2312-319.5500
Creating c.5500

2019-01-30 07:29:04,021 [MainThread  ] [INFO ]  pgflag vis=1934-638.5500 command='<b' stokes=i,q,u,v flagpar=8,5,5,3,6,3 options=nodisp

pgflag: Revision 1.30, 2016/10/05 23:06:50 UTC

Applying changes to dataset
Counts of correlations within selected channels:
 channel  Originally  Currently
 Good:       8302140    8239276    Changed to bad:      62864
 Bad:        1164240    1227104    Changed to good:         0
 13.0% of the data is now flagged

2019-01-30 07:29:13,925 [MainThread  ] [INFO ]  pgflag vis=1934-638.5500 command='<b' stokes=i,v,q,u flagpar=8,2,2,3,6,3  options=nodisp

pgflag: Revision 1.30, 2016/10/05 23:06:50 UTC

Applying changes to dataset
Counts of correlations within selected channels:
 channel  Originally  Currently
 Good:       8239276    8178712    Changed to bad:      60564
 Bad:        1227104    1287668    Changed to good:         0
 13.6% of the data is now flagged

2019-01-30 07:29:23,394 [MainThread  ] [INFO ]  pgflag vis=1934-638.5500 command='<b' stokes=i,v,u,q flagpar=8,2,2,3,6,3  options=nodisp

pgflag: Revision 1.30, 2016/10/05 23:06:50 UTC

Applying changes to dataset
Counts of correlations within selected channels:
 channel  Originally  Currently
 Good:       8178712    8031968    Changed to bad:     146744
 Bad:        1287668    1434412    Changed to good:         0
 15.2% of the data is now flagged

2019-01-30 07:30:02,366 [MainThread  ] [INFO ]  mfcal vis=1934-638.5500 refant=4 interval=0.1
MfCal: $Revision: 1.20 $, $Date: 2017/05/08 02:31:10 $
Selecting parallel-hand polarisations
Reading the data ...
Number correlations accepted: 4015984
Number of frequency bands/settings: 1
Number of polarisations selected: 2
Number of solution intervals: 77
Number of passband solution intervals: 1
Initialising ...
Using post-Aug94 ATCA flux scale for 1934-638.
Using known frequency variation of 1934-638
Generating initial solution estimate ...
Doing solution refinement ...
Iter= 1, Solution Error:  0.418
Iter= 2, Solution Error:  0.006
Iter= 3, Solution Error:  0.000
Saving solution ...

2019-01-30 07:30:02,979 [MainThread  ] [INFO ]  gpcal vis=1934-638.5500 refant=4 interval=0.1 nfbin=4 options=xyvary

gpcal: Revision 1.22, 2016/05/01 22:31:05 UTC

Applying bandpass corrections to 1934-638.5500
Number of antennae: 6
Reading the data ...
Number of solution intervals: 77
Total visibilities read: 1155
Number visibilities accepted: 1155
Using post-Aug94 ATCA flux scale for 1934-638.
Using IQUV =  5.0180,  0.0000,  0.0000,  0.0000 at   5.4510 GHz.
Using post-Aug94 ATCA flux scale for 1934-638.
Using IQUV =  5.8543,  0.0000,  0.0000,  0.0000 at   4.7818 GHz.
Using post-Aug94 ATCA flux scale for 1934-638.
Using IQUV =  5.2573,  0.0000,  0.0000,  0.0000 at   5.2420 GHz.
Using post-Aug94 ATCA flux scale for 1934-638.
Using IQUV =  4.7133,  0.0000,  0.0000,  0.0000 at   5.7424 GHz.
Using post-Aug94 ATCA flux scale for 1934-638.
Using IQUV =  4.2834,  0.0000,  0.0000,  0.0000 at   6.2115 GHz.
Iter= 1, Amplit/Phase Solution Error:   0.133
Iter= 1, Polarisation Solution Error:   0.042
Iter= 1, Overall Solution Error:        0.557
Iter= 2, Amplit/Phase Solution Error:   0.002
Iter= 2, Polarisation Solution Error:   0.000
Iter= 2, Overall Solution Error:        0.004
Iter= 3, Amplit/Phase Solution Error:   0.000
Iter= 3, Polarisation Solution Error:   0.000
Iter= 3, Overall Solution Error:        0.000
I flux density:   5.0180
Leakage terms:
 Ant 1:Dx,Dy = ( 0.00116,-0.00414),(-0.00068,-0.00338)
 Ant 2:Dx,Dy = ( 0.00353, 0.00872),(-0.00325, 0.00902)
 Ant 3:Dx,Dy = ( 0.00442,-0.00165),(-0.00781,-0.00160)
 Ant 4:Dx,Dy = ( 0.00534, 0.01879),(-0.00439, 0.01972)
 Ant 5:Dx,Dy = (-0.01750,-0.00032),( 0.01661, 0.00003)
 Ant 6:Dx,Dy = ( 0.00203,-0.02278),(-0.00150,-0.02242)
Solution for freq bin  1
Iter= 1, Amplit/Phase Solution Error:   0.129
Iter= 1, Polarisation Solution Error:   0.046
Iter= 1, Overall Solution Error:        0.541
Iter= 2, Amplit/Phase Solution Error:   0.002
Iter= 2, Polarisation Solution Error:   0.000
Iter= 2, Overall Solution Error:        0.004
Iter= 3, Amplit/Phase Solution Error:   0.001
Iter= 3, Polarisation Solution Error:   0.000
Iter= 3, Overall Solution Error:        0.001
I flux density:   5.8543
Leakage terms:
 Ant 1:Dx,Dy = ( 0.00081,-0.00348),(-0.00112,-0.00226)
 Ant 2:Dx,Dy = ( 0.00360, 0.01031),(-0.00359, 0.01042)
 Ant 3:Dx,Dy = ( 0.00360,-0.00126),(-0.00850,-0.00047)
 Ant 4:Dx,Dy = ( 0.00511, 0.02007),(-0.00500, 0.02127)
 Ant 5:Dx,Dy = (-0.01797,-0.00177),( 0.01599,-0.00128)
 Ant 6:Dx,Dy = ( 0.00135,-0.02588),(-0.00127,-0.02565)
Solution for freq bin  2
Iter= 1, Amplit/Phase Solution Error:   0.131
Iter= 1, Polarisation Solution Error:   0.042
Iter= 1, Overall Solution Error:        0.553
Iter= 2, Amplit/Phase Solution Error:   0.002
Iter= 2, Polarisation Solution Error:   0.000
Iter= 2, Overall Solution Error:        0.004
Iter= 3, Amplit/Phase Solution Error:   0.000
Iter= 3, Polarisation Solution Error:   0.000
Iter= 3, Overall Solution Error:        0.000
I flux density:   5.2573
Leakage terms:
 Ant 1:Dx,Dy = ( 0.00073,-0.00382),(-0.00099,-0.00347)
 Ant 2:Dx,Dy = ( 0.00327, 0.00924),(-0.00305, 0.00963)
 Ant 3:Dx,Dy = ( 0.00416,-0.00185),(-0.00842,-0.00108)
 Ant 4:Dx,Dy = ( 0.00491, 0.01901),(-0.00426, 0.01992)
 Ant 5:Dx,Dy = (-0.01783,-0.00122),( 0.01639,-0.00065)
 Ant 6:Dx,Dy = ( 0.00228,-0.02331),(-0.00215,-0.02240)
Solution for freq bin  3
Iter= 1, Amplit/Phase Solution Error:   0.136
Iter= 1, Polarisation Solution Error:   0.040
Iter= 1, Overall Solution Error:        0.567
Iter= 2, Amplit/Phase Solution Error:   0.002
Iter= 2, Polarisation Solution Error:   0.000
Iter= 2, Overall Solution Error:        0.004
Iter= 3, Amplit/Phase Solution Error:   0.001
Iter= 3, Polarisation Solution Error:   0.000
Iter= 3, Overall Solution Error:        0.001
I flux density:   4.7133
Leakage terms:
 Ant 1:Dx,Dy = ( 0.00166,-0.00444),(-0.00042,-0.00377)
 Ant 2:Dx,Dy = ( 0.00325, 0.00826),(-0.00291, 0.00837)
 Ant 3:Dx,Dy = ( 0.00495,-0.00198),(-0.00765,-0.00203)
 Ant 4:Dx,Dy = ( 0.00481, 0.01847),(-0.00295, 0.01909)
 Ant 5:Dx,Dy = (-0.01725,-0.00003),( 0.01685,-0.00004)
 Ant 6:Dx,Dy = ( 0.00304,-0.02091),(-0.00247,-0.02098)
Solution for freq bin  4
Iter= 1, Amplit/Phase Solution Error:   0.138
Iter= 1, Polarisation Solution Error:   0.037
Iter= 1, Overall Solution Error:        0.579
Iter= 2, Amplit/Phase Solution Error:   0.002
Iter= 2, Polarisation Solution Error:   0.000
Iter= 2, Overall Solution Error:        0.004
Iter= 3, Amplit/Phase Solution Error:   0.001
Iter= 3, Polarisation Solution Error:   0.000
Iter= 3, Overall Solution Error:        0.001
I flux density:   4.2834
Leakage terms:
 Ant 1:Dx,Dy = ( 0.00177,-0.00521),( 0.00010,-0.00434)
 Ant 2:Dx,Dy = ( 0.00425, 0.00615),(-0.00350, 0.00684)
 Ant 3:Dx,Dy = ( 0.00538,-0.00144),(-0.00598,-0.00357)
 Ant 4:Dx,Dy = ( 0.00706, 0.01701),(-0.00556, 0.01799)
 Ant 5:Dx,Dy = (-0.01659, 0.00288),( 0.01754, 0.00313)
 Ant 6:Dx,Dy = ( 0.00125,-0.01983),( 0.00050,-0.01961)

2019-01-30 07:30:20,059 [MainThread  ] [INFO ]  pgflag vis=1934-638.5500 command='<b' stokes=i,q,u,v flagpar=8,5,5,3,6,3 options=nodisp

pgflag: Revision 1.30, 2016/10/05 23:06:50 UTC

Applying bandpass corrections to 1934-638.5500
Applying freq. dependent gain corrections to 1934-638.5500
Applying freq. dependent leakage correction to 1934-638.5500
Applying changes to dataset
Counts of correlations within selected channels:
 channel  Originally  Currently
 Good:       8031968    8003624    Changed to bad:      28344
 Bad:        1434412    1462756    Changed to good:         0
 15.5% of the data is now flagged

2019-01-30 07:30:36,564 [MainThread  ] [INFO ]  pgflag vis=1934-638.5500 command='<b' stokes=i,v,q,u flagpar=8,2,2,3,6,3  options=nodisp

pgflag: Revision 1.30, 2016/10/05 23:06:50 UTC

Applying bandpass corrections to 1934-638.5500
Applying freq. dependent gain corrections to 1934-638.5500
Applying freq. dependent leakage correction to 1934-638.5500
Applying changes to dataset
Counts of correlations within selected channels:
 channel  Originally  Currently
 Good:       8003624    7982832    Changed to bad:      20792
 Bad:        1462756    1483548    Changed to good:         0
 15.7% of the data is now flagged

2019-01-30 07:30:52,609 [MainThread  ] [INFO ]  pgflag vis=1934-638.5500 command='<b' stokes=i,v,u,q flagpar=8,2,2,3,6,3  options=nodisp

pgflag: Revision 1.30, 2016/10/05 23:06:50 UTC

Applying bandpass corrections to 1934-638.5500
Applying freq. dependent gain corrections to 1934-638.5500
Applying freq. dependent leakage correction to 1934-638.5500
Applying changes to dataset
Counts of correlations within selected channels:
 channel  Originally  Currently
 Good:       7982832    7962372    Changed to bad:      20460
 Bad:        1483548    1504008    Changed to good:         0
 15.9% of the data is now flagged

2019-01-30 07:31:30,904 [MainThread  ] [INFO ]  mfcal vis=1934-638.5500 refant=4 interval=0.1
MfCal: $Revision: 1.20 $, $Date: 2017/05/08 02:31:10 $
Selecting parallel-hand polarisations
Reading the data ...
Number correlations accepted: 3981186
Number of frequency bands/settings: 1
Number of polarisations selected: 2
Number of solution intervals: 77
Number of passband solution intervals: 1
Initialising ...
Using post-Aug94 ATCA flux scale for 1934-638.
Using known frequency variation of 1934-638
Generating initial solution estimate ...
Doing solution refinement ...
Iter= 1, Solution Error:  0.420
Iter= 2, Solution Error:  0.006
Iter= 3, Solution Error:  0.000
Saving solution ...

2019-01-30 07:31:31,615 [MainThread  ] [INFO ]  gpcal vis=1934-638.5500 refant=4 interval=0.1 nfbin=4 options=xyvary

gpcal: Revision 1.22, 2016/05/01 22:31:05 UTC

Applying bandpass corrections to 1934-638.5500
Number of antennae: 6
Using leakage parameters from input as initial guess
Reading the data ...
Number of solution intervals: 77
Total visibilities read: 1155
Number visibilities accepted: 1155
Using post-Aug94 ATCA flux scale for 1934-638.
Using IQUV =  5.0176,  0.0000,  0.0000,  0.0000 at   5.4514 GHz.
Using post-Aug94 ATCA flux scale for 1934-638.
Using IQUV =  5.8515,  0.0000,  0.0000,  0.0000 at   4.7837 GHz.
Using post-Aug94 ATCA flux scale for 1934-638.
Using IQUV =  5.2572,  0.0000,  0.0000,  0.0000 at   5.2421 GHz.
Using post-Aug94 ATCA flux scale for 1934-638.
Using IQUV =  4.7137,  0.0000,  0.0000,  0.0000 at   5.7420 GHz.
Using post-Aug94 ATCA flux scale for 1934-638.
Using IQUV =  4.2848,  0.0000,  0.0000,  0.0000 at   6.2099 GHz.
Iter= 1, Amplit/Phase Solution Error:   0.133
Iter= 1, Polarisation Solution Error:   0.000
Iter= 1, Overall Solution Error:        0.557
Iter= 2, Amplit/Phase Solution Error:   0.002
Iter= 2, Polarisation Solution Error:   0.000
Iter= 2, Overall Solution Error:        0.003
Iter= 3, Amplit/Phase Solution Error:   0.001
Iter= 3, Polarisation Solution Error:   0.000
Iter= 3, Overall Solution Error:        0.001
I flux density:   5.0176
Leakage terms:
 Ant 1:Dx,Dy = ( 0.00117,-0.00414),(-0.00068,-0.00338)
 Ant 2:Dx,Dy = ( 0.00354, 0.00872),(-0.00324, 0.00902)
 Ant 3:Dx,Dy = ( 0.00442,-0.00165),(-0.00781,-0.00160)
 Ant 4:Dx,Dy = ( 0.00534, 0.01878),(-0.00437, 0.01972)
 Ant 5:Dx,Dy = (-0.01750,-0.00031),( 0.01662, 0.00003)
 Ant 6:Dx,Dy = ( 0.00203,-0.02278),(-0.00151,-0.02242)
Solution for freq bin  1
Iter= 1, Amplit/Phase Solution Error:   0.130
Iter= 1, Polarisation Solution Error:   0.005
Iter= 1, Overall Solution Error:        0.540
Iter= 2, Amplit/Phase Solution Error:   0.002
Iter= 2, Polarisation Solution Error:   0.000
Iter= 2, Overall Solution Error:        0.004
Iter= 3, Amplit/Phase Solution Error:   0.001
Iter= 3, Polarisation Solution Error:   0.000
Iter= 3, Overall Solution Error:        0.001
I flux density:   5.8515
Leakage terms:
 Ant 1:Dx,Dy = ( 0.00082,-0.00347),(-0.00111,-0.00224)
 Ant 2:Dx,Dy = ( 0.00362, 0.01030),(-0.00356, 0.01040)
 Ant 3:Dx,Dy = ( 0.00361,-0.00126),(-0.00850,-0.00047)
 Ant 4:Dx,Dy = ( 0.00511, 0.02006),(-0.00497, 0.02128)
 Ant 5:Dx,Dy = (-0.01796,-0.00178),( 0.01599,-0.00129)
 Ant 6:Dx,Dy = ( 0.00137,-0.02587),(-0.00127,-0.02565)
Solution for freq bin  2
Iter= 1, Amplit/Phase Solution Error:   0.132
Iter= 1, Polarisation Solution Error:   0.001
Iter= 1, Overall Solution Error:        0.552
Iter= 2, Amplit/Phase Solution Error:   0.002
Iter= 2, Polarisation Solution Error:   0.000
Iter= 2, Overall Solution Error:        0.004
Iter= 3, Amplit/Phase Solution Error:   0.000
Iter= 3, Polarisation Solution Error:   0.000
Iter= 3, Overall Solution Error:        0.000
I flux density:   5.2572
Leakage terms:
 Ant 1:Dx,Dy = ( 0.00072,-0.00382),(-0.00100,-0.00347)
 Ant 2:Dx,Dy = ( 0.00327, 0.00924),(-0.00305, 0.00963)
 Ant 3:Dx,Dy = ( 0.00416,-0.00185),(-0.00842,-0.00108)
 Ant 4:Dx,Dy = ( 0.00491, 0.01902),(-0.00425, 0.01992)
 Ant 5:Dx,Dy = (-0.01782,-0.00121),( 0.01639,-0.00066)
 Ant 6:Dx,Dy = ( 0.00228,-0.02331),(-0.00215,-0.02240)
Solution for freq bin  3
Iter= 1, Amplit/Phase Solution Error:   0.137
Iter= 1, Polarisation Solution Error:   0.003
Iter= 1, Overall Solution Error:        0.566
Iter= 2, Amplit/Phase Solution Error:   0.002
Iter= 2, Polarisation Solution Error:   0.000
Iter= 2, Overall Solution Error:        0.004
Iter= 3, Amplit/Phase Solution Error:   0.001
Iter= 3, Polarisation Solution Error:   0.000
Iter= 3, Overall Solution Error:        0.001
I flux density:   4.7137
Leakage terms:
 Ant 1:Dx,Dy = ( 0.00166,-0.00444),(-0.00042,-0.00376)
 Ant 2:Dx,Dy = ( 0.00326, 0.00827),(-0.00291, 0.00837)
 Ant 3:Dx,Dy = ( 0.00495,-0.00198),(-0.00765,-0.00203)
 Ant 4:Dx,Dy = ( 0.00483, 0.01846),(-0.00294, 0.01909)
 Ant 5:Dx,Dy = (-0.01727,-0.00004),( 0.01687,-0.00005)
 Ant 6:Dx,Dy = ( 0.00306,-0.02092),(-0.00248,-0.02099)
Solution for freq bin  4
Iter= 1, Amplit/Phase Solution Error:   0.138
Iter= 1, Polarisation Solution Error:   0.006
Iter= 1, Overall Solution Error:        0.578
Iter= 2, Amplit/Phase Solution Error:   0.002
Iter= 2, Polarisation Solution Error:   0.000
Iter= 2, Overall Solution Error:        0.003
Iter= 3, Amplit/Phase Solution Error:   0.001
Iter= 3, Polarisation Solution Error:   0.000
Iter= 3, Overall Solution Error:        0.001
I flux density:   4.2848
Leakage terms:
 Ant 1:Dx,Dy = ( 0.00178,-0.00521),( 0.00011,-0.00433)
 Ant 2:Dx,Dy = ( 0.00424, 0.00615),(-0.00351, 0.00685)
 Ant 3:Dx,Dy = ( 0.00541,-0.00144),(-0.00596,-0.00356)
 Ant 4:Dx,Dy = ( 0.00707, 0.01702),(-0.00555, 0.01800)
 Ant 5:Dx,Dy = (-0.01661, 0.00287),( 0.01755, 0.00311)
 Ant 6:Dx,Dy = ( 0.00125,-0.01984),( 0.00049,-0.01961)

2019-01-30 07:31:31,664 [MainThread  ] [INFO ]  gpcopy vis=1934-638.5500 out=2312-319.5500

gpcopy: Revision 1.13, 2015/10/29 01:31:39 UTC

Copying leakage table
Copying gain table
Interpolation tolerance set to (minutes): 720.00
Copying bandpass table

2019-01-30 07:34:30,583 [MainThread  ] [INFO ]  pgflag vis=2312-319.5500 command='<b' stokes=i,q,u,v flagpar=8,5,5,3,6,3 options=nodisp

pgflag: Revision 1.30, 2016/10/05 23:06:50 UTC

Applying bandpass corrections to 2312-319.5500
Applying freq. dependent gain corrections to 2312-319.5500
Applying freq. dependent leakage correction to 2312-319.5500
Applying changes to dataset
Counts of correlations within selected channels:
 channel  Originally  Currently
 Good:      70449588   69864704    Changed to bad:     584884
 Bad:        9879408   10464292    Changed to good:         0
 13.0% of the data is now flagged

2019-01-30 07:37:23,563 [MainThread  ] [INFO ]  pgflag vis=2312-319.5500 command='<b' stokes=i,v,q,u flagpar=8,2,2,3,6,3  options=nodisp

pgflag: Revision 1.30, 2016/10/05 23:06:50 UTC

Applying bandpass corrections to 2312-319.5500
Applying freq. dependent gain corrections to 2312-319.5500
Applying freq. dependent leakage correction to 2312-319.5500
Applying changes to dataset
Counts of correlations within selected channels:
 channel  Originally  Currently
 Good:      69864704   69405096    Changed to bad:     459608
 Bad:       10464292   10923900    Changed to good:         0
 13.6% of the data is now flagged

2019-01-30 07:40:22,595 [MainThread  ] [INFO ]  pgflag vis=2312-319.5500 command='<b' stokes=i,v,u,q flagpar=8,2,2,3,6,3  options=nodisp

pgflag: Revision 1.30, 2016/10/05 23:06:50 UTC

Applying bandpass corrections to 2312-319.5500
Applying freq. dependent gain corrections to 2312-319.5500
Applying freq. dependent leakage correction to 2312-319.5500
Applying changes to dataset
Counts of correlations within selected channels:
 channel  Originally  Currently
 Good:      69405096   68913268    Changed to bad:     491828
 Bad:       10923900   11415728    Changed to good:         0
 14.2% of the data is now flagged

2019-01-30 07:40:27,315 [MainThread  ] [INFO ]  gpcal vis=2312-319.5500 refant=4 interval=0.1 nfbin=4 options=xyvary,qusolve

gpcal: Revision 1.22, 2016/05/01 22:31:05 UTC

Applying bandpass corrections to 2312-319.5500
Number of antennae: 6
Using leakage parameters from input as initial guess
Reading the data ...
Number of solution intervals: 654
Total visibilities read: 9801
Number visibilities accepted: 9795
Iter= 1, Amplit/Phase Solution Error:   0.440
Iter= 1, Polarisation Solution Error:   0.009
Iter= 1, Overall Solution Error:        2.120
Iter= 2, Amplit/Phase Solution Error:   0.009
Iter= 2, Polarisation Solution Error:   0.000
Iter= 2, Overall Solution Error:        0.007
Iter= 3, Amplit/Phase Solution Error:   0.001
Iter= 3, Polarisation Solution Error:   0.000
Iter= 3, Overall Solution Error:        0.001
I flux density:   0.5443
Percent Q:  -0.920
Percent U:   0.048
Leakage terms:
 Ant 1:Dx,Dy = ( 0.00105,-0.00473),(-0.00040,-0.00286)
 Ant 2:Dx,Dy = ( 0.00391, 0.00770),(-0.00326, 0.00915)
 Ant 3:Dx,Dy = ( 0.00468,-0.00199),(-0.00794,-0.00120)
 Ant 4:Dx,Dy = ( 0.00514, 0.01818),(-0.00331, 0.02037)
 Ant 5:Dx,Dy = (-0.01700,-0.00066),( 0.01695, 0.00076)
 Ant 6:Dx,Dy = ( 0.00274,-0.02306),(-0.00152,-0.02167)
Solution for freq bin  1
Iter= 1, Amplit/Phase Solution Error:   0.386
Iter= 1, Polarisation Solution Error:   0.009
Iter= 1, Overall Solution Error:        1.868
Iter= 2, Amplit/Phase Solution Error:   0.009
Iter= 2, Polarisation Solution Error:   0.000
Iter= 2, Overall Solution Error:        0.008
Iter= 3, Amplit/Phase Solution Error:   0.001
Iter= 3, Polarisation Solution Error:   0.000
Iter= 3, Overall Solution Error:        0.001
I flux density:   0.5472
Percent Q:  -0.901
Percent U:   0.277
Leakage terms:
 Ant 1:Dx,Dy = ( 0.00076,-0.00399),(-0.00104,-0.00156)
 Ant 2:Dx,Dy = ( 0.00394, 0.00973),(-0.00329, 0.01066)
 Ant 3:Dx,Dy = ( 0.00373,-0.00145),(-0.00893, 0.00016)
 Ant 4:Dx,Dy = ( 0.00467, 0.01952),(-0.00374, 0.02173)
 Ant 5:Dx,Dy = (-0.01775,-0.00234),( 0.01619,-0.00100)
 Ant 6:Dx,Dy = ( 0.00214,-0.02610),(-0.00170,-0.02537)
Solution for freq bin  2
Iter= 1, Amplit/Phase Solution Error:   0.421
Iter= 1, Polarisation Solution Error:   0.009
Iter= 1, Overall Solution Error:        2.028
Iter= 2, Amplit/Phase Solution Error:   0.010
Iter= 2, Polarisation Solution Error:   0.000
Iter= 2, Overall Solution Error:        0.007
Iter= 3, Amplit/Phase Solution Error:   0.001
Iter= 3, Polarisation Solution Error:   0.000
Iter= 3, Overall Solution Error:        0.001
I flux density:   0.5456
Percent Q:  -0.945
Percent U:   0.119
Leakage terms:
 Ant 1:Dx,Dy = ( 0.00052,-0.00440),(-0.00069,-0.00292)
 Ant 2:Dx,Dy = ( 0.00374, 0.00827),(-0.00312, 0.01002)
 Ant 3:Dx,Dy = ( 0.00441,-0.00253),(-0.00874,-0.00038)
 Ant 4:Dx,Dy = ( 0.00461, 0.01837),(-0.00280, 0.02116)
 Ant 5:Dx,Dy = (-0.01719,-0.00190),( 0.01666,-0.00008)
 Ant 6:Dx,Dy = ( 0.00295,-0.02386),(-0.00227,-0.02174)
Solution for freq bin  3
Iter= 1, Amplit/Phase Solution Error:   0.458
Iter= 1, Polarisation Solution Error:   0.009
Iter= 1, Overall Solution Error:        2.153
Iter= 2, Amplit/Phase Solution Error:   0.009
Iter= 2, Polarisation Solution Error:   0.000
Iter= 2, Overall Solution Error:        0.007
Iter= 3, Amplit/Phase Solution Error:   0.001
Iter= 3, Polarisation Solution Error:   0.000
Iter= 3, Overall Solution Error:        0.001
I flux density:   0.5439
Percent Q:  -0.899
Percent U:  -0.038
Leakage terms:
 Ant 1:Dx,Dy = ( 0.00128,-0.00507),(-0.00035,-0.00297)
 Ant 2:Dx,Dy = ( 0.00338, 0.00724),(-0.00305, 0.00880)
 Ant 3:Dx,Dy = ( 0.00509,-0.00231),(-0.00784,-0.00140)
 Ant 4:Dx,Dy = ( 0.00462, 0.01771),(-0.00224, 0.02022)
 Ant 5:Dx,Dy = (-0.01684,-0.00072),( 0.01719, 0.00089)
 Ant 6:Dx,Dy = ( 0.00359,-0.02196),(-0.00260,-0.02042)
Solution for freq bin  4
Iter= 1, Amplit/Phase Solution Error:   0.492
Iter= 1, Polarisation Solution Error:   0.009
Iter= 1, Overall Solution Error:        2.247
Iter= 2, Amplit/Phase Solution Error:   0.009
Iter= 2, Polarisation Solution Error:   0.000
Iter= 2, Overall Solution Error:        0.007
Iter= 3, Amplit/Phase Solution Error:   0.001
Iter= 3, Polarisation Solution Error:   0.000
Iter= 3, Overall Solution Error:        0.001
I flux density:   0.5418
Percent Q:  -0.893
Percent U:  -0.176
Leakage terms:
 Ant 1:Dx,Dy = ( 0.00155,-0.00553),( 0.00024,-0.00401)
 Ant 2:Dx,Dy = ( 0.00457, 0.00553),(-0.00377, 0.00698)
 Ant 3:Dx,Dy = ( 0.00535,-0.00142),(-0.00617,-0.00330)
 Ant 4:Dx,Dy = ( 0.00672, 0.01720),(-0.00491, 0.01825)
 Ant 5:Dx,Dy = (-0.01637, 0.00263),( 0.01766, 0.00340)
 Ant 6:Dx,Dy = ( 0.00178,-0.02035),( 0.00057,-0.01937)

2019-01-30 07:43:18,200 [MainThread  ] [INFO ]  pgflag vis=2312-319.5500 command='<b' stokes=i,q,u,v flagpar=8,5,5,3,6,3 options=nodisp

pgflag: Revision 1.30, 2016/10/05 23:06:50 UTC

Applying bandpass corrections to 2312-319.5500
Applying freq. dependent gain corrections to 2312-319.5500
Applying freq. dependent leakage correction to 2312-319.5500
Applying changes to dataset
Counts of correlations within selected channels:
 channel  Originally  Currently
 Good:      68913268   68436252    Changed to bad:     477016
 Bad:       11415728   11892744    Changed to good:         0
 14.8% of the data is now flagged

2019-01-30 07:46:13,625 [MainThread  ] [INFO ]  pgflag vis=2312-319.5500 command='<b' stokes=i,v,q,u flagpar=8,2,2,3,6,3  options=nodisp

pgflag: Revision 1.30, 2016/10/05 23:06:50 UTC

Applying bandpass corrections to 2312-319.5500
Applying freq. dependent gain corrections to 2312-319.5500
Applying freq. dependent leakage correction to 2312-319.5500
Applying changes to dataset
Counts of correlations within selected channels:
 channel  Originally  Currently
 Good:      68436252   67994464    Changed to bad:     441788
 Bad:       11892744   12334532    Changed to good:         0
 15.4% of the data is now flagged

2019-01-30 07:49:10,733 [MainThread  ] [INFO ]  pgflag vis=2312-319.5500 command='<b' stokes=i,v,u,q flagpar=8,2,2,3,6,3  options=nodisp

pgflag: Revision 1.30, 2016/10/05 23:06:50 UTC

Applying bandpass corrections to 2312-319.5500
Applying freq. dependent gain corrections to 2312-319.5500
Applying freq. dependent leakage correction to 2312-319.5500
Applying changes to dataset
Counts of correlations within selected channels:
 channel  Originally  Currently
 Good:      67994464   67545740    Changed to bad:     448724
 Bad:       12334532   12783256    Changed to good:         0
 15.9% of the data is now flagged

2019-01-30 07:49:16,375 [MainThread  ] [INFO ]  gpcal vis=2312-319.5500 refant=4 interval=0.1 nfbin=4 options=xyvary,qusolve

gpcal: Revision 1.22, 2016/05/01 22:31:05 UTC

Applying bandpass corrections to 2312-319.5500
Number of antennae: 6
Using leakage parameters from input as initial guess
Reading the data ...
Number of solution intervals: 654
Total visibilities read: 9801
Number visibilities accepted: 9795
Iter= 1, Amplit/Phase Solution Error:   0.441
Iter= 1, Polarisation Solution Error:   0.009
Iter= 1, Overall Solution Error:        2.123
Iter= 2, Amplit/Phase Solution Error:   0.010
Iter= 2, Polarisation Solution Error:   0.000
Iter= 2, Overall Solution Error:        0.007
Iter= 3, Amplit/Phase Solution Error:   0.001
Iter= 3, Polarisation Solution Error:   0.000
Iter= 3, Overall Solution Error:        0.001
I flux density:   0.5454
Percent Q:  -0.938
Percent U:   0.043
Leakage terms:
 Ant 1:Dx,Dy = ( 0.00113,-0.00471),(-0.00030,-0.00291)
 Ant 2:Dx,Dy = ( 0.00395, 0.00769),(-0.00318, 0.00915)
 Ant 3:Dx,Dy = ( 0.00483,-0.00197),(-0.00785,-0.00121)
 Ant 4:Dx,Dy = ( 0.00524, 0.01817),(-0.00317, 0.02038)
 Ant 5:Dx,Dy = (-0.01688,-0.00068),( 0.01707, 0.00079)
 Ant 6:Dx,Dy = ( 0.00284,-0.02305),(-0.00146,-0.02164)
Solution for freq bin  1
Iter= 1, Amplit/Phase Solution Error:   0.388
Iter= 1, Polarisation Solution Error:   0.009
Iter= 1, Overall Solution Error:        1.871
Iter= 2, Amplit/Phase Solution Error:   0.010
Iter= 2, Polarisation Solution Error:   0.000
Iter= 2, Overall Solution Error:        0.008
Iter= 3, Amplit/Phase Solution Error:   0.001
Iter= 3, Polarisation Solution Error:   0.000
Iter= 3, Overall Solution Error:        0.001
I flux density:   0.5483
Percent Q:  -0.919
Percent U:   0.271
Leakage terms:
 Ant 1:Dx,Dy = ( 0.00082,-0.00398),(-0.00092,-0.00164)
 Ant 2:Dx,Dy = ( 0.00388, 0.00968),(-0.00325, 0.01066)
 Ant 3:Dx,Dy = ( 0.00401,-0.00145),(-0.00880, 0.00016)
 Ant 4:Dx,Dy = ( 0.00478, 0.01958),(-0.00357, 0.02168)
 Ant 5:Dx,Dy = (-0.01762,-0.00239),( 0.01638,-0.00096)
 Ant 6:Dx,Dy = ( 0.00226,-0.02606),(-0.00171,-0.02528)
Solution for freq bin  2
Iter= 1, Amplit/Phase Solution Error:   0.424
Iter= 1, Polarisation Solution Error:   0.010
Iter= 1, Overall Solution Error:        2.030
Iter= 2, Amplit/Phase Solution Error:   0.010
Iter= 2, Polarisation Solution Error:   0.000
Iter= 2, Overall Solution Error:        0.008
Iter= 3, Amplit/Phase Solution Error:   0.001
Iter= 3, Polarisation Solution Error:   0.000
Iter= 3, Overall Solution Error:        0.001
I flux density:   0.5468
Percent Q:  -0.965
Percent U:   0.121
Leakage terms:
 Ant 1:Dx,Dy = ( 0.00063,-0.00438),(-0.00060,-0.00296)
 Ant 2:Dx,Dy = ( 0.00378, 0.00826),(-0.00304, 0.01002)
 Ant 3:Dx,Dy = ( 0.00451,-0.00249),(-0.00870,-0.00037)
 Ant 4:Dx,Dy = ( 0.00470, 0.01834),(-0.00266, 0.02119)
 Ant 5:Dx,Dy = (-0.01705,-0.00192),( 0.01679,-0.00008)
 Ant 6:Dx,Dy = ( 0.00305,-0.02387),(-0.00216,-0.02175)
Solution for freq bin  3
Iter= 1, Amplit/Phase Solution Error:   0.458
Iter= 1, Polarisation Solution Error:   0.009
Iter= 1, Overall Solution Error:        2.153
Iter= 2, Amplit/Phase Solution Error:   0.009
Iter= 2, Polarisation Solution Error:   0.000
Iter= 2, Overall Solution Error:        0.007
Iter= 3, Amplit/Phase Solution Error:   0.001
Iter= 3, Polarisation Solution Error:   0.000
Iter= 3, Overall Solution Error:        0.001
I flux density:   0.5450
Percent Q:  -0.919
Percent U:  -0.038
Leakage terms:
 Ant 1:Dx,Dy = ( 0.00133,-0.00502),(-0.00024,-0.00302)
 Ant 2:Dx,Dy = ( 0.00350, 0.00725),(-0.00297, 0.00880)
 Ant 3:Dx,Dy = ( 0.00519,-0.00228),(-0.00775,-0.00142)
 Ant 4:Dx,Dy = ( 0.00471, 0.01770),(-0.00207, 0.02025)
 Ant 5:Dx,Dy = (-0.01671,-0.00077),( 0.01727, 0.00092)
 Ant 6:Dx,Dy = ( 0.00371,-0.02198),(-0.00251,-0.02042)
Solution for freq bin  4
Iter= 1, Amplit/Phase Solution Error:   0.491
Iter= 1, Polarisation Solution Error:   0.009
Iter= 1, Overall Solution Error:        2.247
Iter= 2, Amplit/Phase Solution Error:   0.009
Iter= 2, Polarisation Solution Error:   0.000
Iter= 2, Overall Solution Error:        0.007
Iter= 3, Amplit/Phase Solution Error:   0.001
Iter= 3, Polarisation Solution Error:   0.000
Iter= 3, Overall Solution Error:        0.001
I flux density:   0.5429
Percent Q:  -0.895
Percent U:  -0.179
Leakage terms:
 Ant 1:Dx,Dy = ( 0.00155,-0.00553),( 0.00026,-0.00402)
 Ant 2:Dx,Dy = ( 0.00456, 0.00555),(-0.00374, 0.00699)
 Ant 3:Dx,Dy = ( 0.00539,-0.00143),(-0.00618,-0.00328)
 Ant 4:Dx,Dy = ( 0.00676, 0.01720),(-0.00490, 0.01831)
 Ant 5:Dx,Dy = (-0.01639, 0.00260),( 0.01766, 0.00336)
 Ant 6:Dx,Dy = ( 0.00180,-0.02036),( 0.00057,-0.01940)

2019-01-30 07:49:16,409 [MainThread  ] [INFO ]  gpboot vis=2312-319.5500 cal=1934-638.5500

gpboot: Revision 1.9, 2015/10/29 01:31:30 UTC

Secondary flux density scaled by:   0.996
Frequency bin  1 scaled by      :   1.001
Frequency bin  2 scaled by      :   1.001
Frequency bin  3 scaled by      :   1.001
Frequency bin  4 scaled by      :   1.001

2019-01-30 07:50:52,376 [MainThread  ] [INFO ]  gpcopy vis=2312-319.5500 out=c.5500

gpcopy: Revision 1.13, 2015/10/29 01:31:39 UTC

Copying leakage table
Copying gain table
Interpolation tolerance set to (minutes): 720.00
Copying bandpass table

2019-01-30 08:09:08,203 [MainThread  ] [INFO ]  pgflag vis=c.5500 command='<b' stokes=i,v,q,u flagpar=8,2,2,3,6,3  options=nodisp

pgflag: Revision 1.30, 2016/10/05 23:06:50 UTC

Applying bandpass corrections to c.5500
Applying freq. dependent gain corrections to c.5500
Applying freq. dependent leakage correction to c.5500
Applying changes to dataset
Counts of correlations within selected channels:
 channel  Originally  Currently
 Good:     438683640  425271276    Changed to bad:   13412364
 Bad:       61518240   74930604    Changed to good:         0
 15.0% of the data is now flagged

2019-01-30 08:27:47,125 [MainThread  ] [INFO ]  pgflag vis=c.5500 command='<b' stokes=i,v,u,q flagpar=8,2,2,3,6,3  options=nodisp

pgflag: Revision 1.30, 2016/10/05 23:06:50 UTC

Applying bandpass corrections to c.5500
Applying freq. dependent gain corrections to c.5500
Applying freq. dependent leakage correction to c.5500
Applying changes to dataset
Counts of correlations within selected channels:
 channel  Originally  Currently
 Good:     425271276  415607284    Changed to bad:    9663992
 Bad:       74930604   84594596    Changed to good:         0
 16.9% of the data is now flagged

2019-01-30 08:29:52,839 [MainThread  ] [INFO ]  uvsplit vis=c.5500

uvsplit: Revision 1.18, 2016/05/09 03:06:18 UTC

Creating c_1.5500
Creating c_2.5500
Creating c_3.5500
Creating c_4.5500
Creating c_5.5500
Creating c_6.5500
Creating c_7.5500
Creating c_8.5500
Creating c_9.5500
Creating c_10.5500
Creating c_11.5500
Creating c_12.5500
Creating c_13.5500
Creating c_14.5500
Creating c_15.5500
Creating c_16.5500
Creating c_17.5500
Creating c_18.5500
Creating c_19.5500
Creating c_20.5500
Creating c_21.5500
Creating c_22.5500
Creating c_23.5500
Creating c_24.5500
Creating c_25.5500
Creating c_26.5500
Creating c_27.5500
Creating c_28.5500
Creating c_29.5500
Creating c_30.5500
Creating c_31.5500
Creating c_32.5500
Creating c_33.5500
Creating c_34.5500
Creating c_35.5500
Creating c_36.5500
Creating c_37.5500
Creating c_38.5500
Creating c_39.5500
Creating c_40.5500
Creating c_41.5500
Creating c_42.5500
Creating c_43.5500
Creating c_44.5500
Creating c_45.5500
Creating c_46.5500
Creating c_47.5500
Creating c_48.5500
Creating c_49.5500
Creating c_50.5500
Creating c_51.5500
Creating c_52.5500
Creating c_53.5500
Creating c_54.5500
Creating c_55.5500
Creating c_56.5500
Creating c_57.5500
Creating c_58.5500
Creating c_59.5500
Creating c_60.5500
Creating c_61.5500
Creating c_62.5500
Creating c_63.5500
Creating c_64.5500
Creating c_65.5500
Creating c_66.5500
Creating c_67.5500
Creating c_68.5500
Creating c_69.5500
Creating c_70.5500
Creating c_71.5500
Creating c_72.5500
Creating c_73.5500
Creating c_74.5500
Creating c_75.5500
Creating c_76.5500
Creating c_77.5500
Creating c_78.5500
Creating c_79.5500
Creating c_80.5500
Creating c_81.5500
Creating c_82.5500
Creating c_83.5500
Creating c_84.5500
Creating c_85.5500
Creating c_86.5500
Creating c_87.5500
Creating c_88.5500
Creating c_89.5500
Creating c_90.5500
Creating c_91.5500
Creating c_92.5500
Creating c_93.5500
Creating c_94.5500
Creating c_95.5500
Creating c_96.5500
Creating c_97.5500
Creating c_98.5500
Creating c_99.5500
Creating c_100.5500
Creating c_101.5500
Creating c_102.5500
Creating c_103.5500
Creating c_104.5500
Creating c_105.5500
Creating c_106.5500
Creating c_107.5500
Creating c_108.5500
Creating c_109.5500
Creating c_110.5500
Creating c_111.5500
Creating c_112.5500
Creating c_113.5500
Creating c_114.5500
Creating c_115.5500
Creating c_116.5500
Creating c_117.5500
Creating c_118.5500
Creating c_119.5500
Creating c_120.5500
Creating c_121.5500
Creating c_122.5500
Creating c_123.5500
Creating c_124.5500
Creating c_125.5500
Creating c_126.5500
Creating c_127.5500
Creating c_128.5500
Creating c_129.5500
Creating c_130.5500
Creating c_131.5500
Creating c_132.5500
Creating c_133.5500
Creating c_134.5500
Creating c_135.5500
Creating c_136.5500
Creating c_137.5500
Creating c_138.5500
Creating c_139.5500
Creating c_140.5500
Creating c_141.5500
Creating c_142.5500
Creating c_143.5500
Creating c_144.5500
Creating c_145.5500
Creating c_146.5500
Creating c_147.5500
Creating c_148.5500
Creating c_149.5500
Creating c_150.5500
Creating c_151.5500
Creating c_152.5500
Creating c_153.5500
Creating c_154.5500
Creating c_155.5500
Creating c_156.5500
Creating c_157.5500
Creating c_158.5500
Creating c_159.5500
Creating c_160.5500
Creating c_161.5500
Creating c_162.5500
Creating c_163.5500
Creating c_164.5500
Creating c_165.5500
Creating c_166.5500
Creating c_167.5500
Creating c_168.5500
Creating c_169.5500
Creating c_170.5500
Creating c_171.5500
Creating c_172.5500
Creating c_173.5500
Creating c_174.5500
Creating c_175.5500
Creating c_176.5500
Creating c_177.5500
Creating c_178.5500
Creating c_179.5500
Creating c_180.5500

