2018-11-22 16:22:24,869 [MainThread  ] [INFO ]  atlod in=raw/2017-04-14_1740.C3132,raw/2017-04-14_2028.C3132,raw/2017-04-14_2314.C3132,raw/2017-04-15_0201.C3132,raw/2017-04-15_0448.C3132 out=data9.uv ifsel=2 options=birdie,rfiflag,noauto,xycorr

atlod: Revision 1.53, 2016/08/25 23:02:21 UTC

Processing file raw/2017-04-14_1740.C3132
 17:40:19 CAOBS> track 1
CABB data detected
Scan 1 started at 17APR14:17:40:36.0
Source: 1934-638
Flagging channels in  28 frequency ranges
 17:50:32 CAOBS> stop
 17:50:58 CAOBS> set file c3132_obs_a3
 17:51:18 CAOBS> start 1/99
Scan 2 started at 17APR14:17:53:08.0
Source: 2312-319
Scan 3 started at 17APR14:17:55:48.0
Source: a_361
Source: a_362
Source: a_363
Source: a_364
Source: a_365
Source: a_366
Source: a_367
Source: a_368
Source: a_369
Source: a_370
Source: a_371
Source: a_372
Source: a_373
Source: a_374
Source: a_375
Source: a_376
Source: a_377
Source: a_378
Source: a_379
Source: a_380
Scan 4 started at 17APR14:18:09:16.0
Source: 2312-319
Scan 5 started at 17APR14:18:11:56.0
Source: a_381
Source: a_382
Source: a_383
Source: a_384
Source: a_385
Source: a_386
Source: a_387
Source: a_388
Source: a_389
Source: a_390
Source: a_391
Source: a_392
Source: a_393
Source: a_394
Source: a_395
Source: a_396
Source: a_397
Source: a_398
Source: a_399
Source: a_400
Scan 6 started at 17APR14:18:25:24.0
Source: 2312-319
Scan 7 started at 17APR14:18:28:04.0
Source: a_401
Source: a_402
Source: a_403
Source: a_404
Source: a_405
Source: a_406
Source: a_407
Source: a_408
Source: a_409
Source: a_410
Source: a_411
Source: a_412
Source: a_413
Source: a_414
Source: a_415
Source: a_416
Source: a_417
Source: a_418
Source: a_419
Source: a_420
Scan 8 started at 17APR14:18:41:32.0
Source: 2312-319
Scan 9 started at 17APR14:18:44:12.0
Source: a_421
Source: a_422
Source: a_423
Source: a_424
Source: a_425
Source: a_426
Source: a_427
Source: a_428
Source: a_429
Source: a_430
Source: a_431
Source: a_432
Source: a_433
Source: a_434
Source: a_435
Source: a_436
Source: a_437
Source: a_438
Source: a_439
Source: a_440
Scan 10 started at 17APR14:18:57:40.0
Source: 2312-319
Scan 11 started at 17APR14:19:00:20.0
Source: a_441
Source: a_442
Source: a_443
Source: a_444
Source: a_445
Source: a_446
Source: a_447
Source: a_448
Source: a_449
Source: a_450
Source: a_451
Source: a_452
Source: a_453
Source: a_454
Source: a_455
Source: a_456
Source: a_457
Source: a_458
Source: a_459
Source: a_460
Scan 12 started at 17APR14:19:13:48.0
Source: 2312-319
Scan 13 started at 17APR14:19:16:28.0
Source: a_461
Source: a_462
Source: a_463
Source: a_464
Source: a_465
Source: a_466
Source: a_467
Source: a_468
Source: a_469
Source: a_470
Source: a_471
Source: a_472
Source: a_473
Source: a_474
Source: a_475
Source: a_476
Source: a_477
Source: a_478
Source: a_479
Source: a_480
Scan 14 started at 17APR14:19:29:56.0
Source: 2312-319
Scan 15 started at 17APR14:19:32:36.0
Source: a_481
Source: a_482
Source: a_483
Source: a_484
Source: a_485
Source: a_486
Source: a_487
Source: a_488
Source: a_489
Source: a_490
Source: a_491
Source: a_492
Source: a_493
Source: a_494
Source: a_495
Source: a_496
Source: a_497
Source: a_498
Source: a_499
Source: a_500
Scan 16 started at 17APR14:19:46:04.0
Source: 2312-319
Scan 17 started at 17APR14:19:48:44.0
Source: a_501
Source: a_502
Source: a_503
Source: a_504
Source: a_505
Source: a_506
Source: a_507
Source: a_508
Source: a_509
Source: a_510
Source: a_511
Source: a_512
Source: a_513
Source: a_514
Source: a_515
Source: a_516
Source: a_517
Source: a_518
Source: a_519
Source: a_520
Scan 18 started at 17APR14:20:02:12.0
Source: 2312-319
Scan 19 started at 17APR14:20:04:52.0
Source: a_521
Source: a_522
Source: a_523
Source: a_524
Source: a_525
Source: a_526
Source: a_527
Source: a_528
Source: a_529
Source: a_530
Source: a_531
Source: a_532
Source: a_533
Source: a_534
Source: a_535
Source: a_536
Source: a_537
Source: a_538
Source: a_539
Source: a_540
Scan 20 started at 17APR14:20:18:20.0
Source: 2312-319
Scan 21 started at 17APR14:20:21:00.0
Source: a_361
Source: a_362
Source: a_363
Source: a_364
Source: a_365
Source: a_366
Source: a_367
Source: a_368
Source: a_369
Source: a_370
Source: a_371
RPFITS file version is 2.12
---------------------------------------
Total number of spectra selected: 72660

Summary of spectra flagged
Flagging Reason            Fraction
---------------            --------
Antenna off-source/off-line  3.52%
---------------------------------------
Processing file raw/2017-04-14_2028.C3132
CABB data detected
Scan 1 started at 17APR14:20:28:13.5
Source: a_372
Source: a_373
Source: a_374
Source: a_375
Source: a_376
Source: a_377
Source: a_378
Source: a_379
Source: a_380
Scan 2 started at 17APR14:20:34:28.0
Source: 2312-319
Scan 3 started at 17APR14:20:37:24.0
Source: a_381
Source: a_382
Source: a_383
Source: a_384
Source: a_385
Source: a_386
Source: a_387
Source: a_388
Source: a_389
Source: a_390
Source: a_391
Source: a_392
Source: a_393
Source: a_394
Source: a_395
Source: a_396
Source: a_397
Source: a_398
Source: a_399
Source: a_400
Scan 4 started at 17APR14:20:50:44.0
Source: 2312-319
Scan 5 started at 17APR14:20:53:32.0
Source: a_401
Source: a_402
Source: a_403
Source: a_404
Source: a_405
Source: a_406
Source: a_407
Source: a_408
Source: a_409
Source: a_410
Source: a_411
Source: a_412
Source: a_413
Source: a_414
Source: a_415
Source: a_416
Source: a_417
Source: a_418
Source: a_419
Source: a_420
Scan 6 started at 17APR14:21:07:08.0
Source: 2312-319
Scan 7 started at 17APR14:21:09:56.0
Source: a_421
Source: a_422
Source: a_423
Source: a_424
Source: a_425
Source: a_426
Source: a_427
Source: a_428
Source: a_429
Source: a_430
Source: a_431
Source: a_432
Source: a_433
Source: a_434
Source: a_435
Source: a_436
Source: a_437
Source: a_438
Source: a_439
Source: a_440
Scan 8 started at 17APR14:21:23:24.0
Source: 2312-319
Scan 9 started at 17APR14:21:26:12.0
Source: a_441
Source: a_442
Source: a_443
Source: a_444
Source: a_445
Source: a_446
Source: a_447
Source: a_448
Source: a_449
Source: a_450
Source: a_451
Source: a_452
Source: a_453
Source: a_454
Source: a_455
Source: a_456
Source: a_457
Source: a_458
Source: a_459
Source: a_460
Scan 10 started at 17APR14:21:39:40.0
Source: 2312-319
Scan 11 started at 17APR14:21:42:36.0
Source: a_461
Source: a_462
Source: a_463
Source: a_464
Source: a_465
Source: a_466
Source: a_467
Source: a_468
Source: a_469
Source: a_470
Source: a_471
Source: a_472
Source: a_473
Source: a_474
Source: a_475
Source: a_476
Source: a_477
Source: a_478
Source: a_479
Source: a_480
Scan 12 started at 17APR14:21:56:04.0
Source: 2312-319
Scan 13 started at 17APR14:21:58:52.0
Source: a_481
Source: a_482
Source: a_483
Source: a_484
Source: a_485
Source: a_486
Source: a_487
Source: a_488
Source: a_489
Source: a_490
Source: a_491
Source: a_492
Source: a_493
Source: a_494
Source: a_495
Source: a_496
Source: a_497
Source: a_498
Source: a_499
Source: a_500
Scan 14 started at 17APR14:22:12:28.0
Source: 2312-319
Scan 15 started at 17APR14:22:15:24.0
Source: a_501
Source: a_502
Source: a_503
Source: a_504
Source: a_505
Source: a_506
Source: a_507
Source: a_508
Source: a_509
Source: a_510
Source: a_511
Source: a_512
Source: a_513
Source: a_514
Source: a_515
Source: a_516
Source: a_517
Source: a_518
Source: a_519
Source: a_520
Scan 16 started at 17APR14:22:28:52.0
Source: 2312-319
Scan 17 started at 17APR14:22:32:12.0
Source: a_521
Source: a_522
Source: a_523
Source: a_524
Source: a_525
Source: a_526
Source: a_527
Source: a_528
Source: a_529
Source: a_530
Source: a_531
Source: a_532
Source: a_533
Source: a_534
Source: a_535
Source: a_536
Source: a_537
Source: a_538
Source: a_539
Source: a_540
Scan 18 started at 17APR14:22:45:32.0
Source: 2312-319
Scan 19 started at 17APR14:22:48:44.0
Source: a_361
Source: a_362
Source: a_363
Source: a_364
Source: a_365
Source: a_366
Source: a_367
Source: a_368
Source: a_369
Source: a_370
Source: a_371
Source: a_372
Source: a_373
Source: a_374
Source: a_375
Source: a_376
Source: a_377
Source: a_378
Source: a_379
Source: a_380
Scan 20 started at 17APR14:23:02:12.0
Source: 2312-319
Scan 21 started at 17APR14:23:05:48.0
Source: a_381
Source: a_382
Source: a_383
Source: a_384
Source: a_385
Source: a_386
Source: a_387
Source: a_388
Source: a_389
Source: a_390
Source: a_391
Source: a_392
Source: a_393
Source: a_394
Source: a_395
RPFITS file version is 2.12
---------------------------------------
Total number of spectra selected: 72660

Summary of spectra flagged
Flagging Reason            Fraction
---------------            --------
Antenna off-source/off-line  4.98%
---------------------------------------
Processing file raw/2017-04-14_2314.C3132
CABB data detected
Scan 1 started at 17APR14:23:15:00.0
Source: a_395
Source: a_396
Source: a_397
Source: a_398
Source: a_399
Source: a_400
Scan 2 started at 17APR14:23:19:16.0
Source: 2312-319
Scan 3 started at 17APR14:23:23:16.0
Source: a_401
Source: a_402
Source: a_403
Source: a_404
Source: a_405
Source: a_406
Source: a_407
Source: a_408
Source: a_409
Source: a_410
Source: a_411
Source: a_412
Source: a_413
Source: a_414
Source: a_415
Source: a_416
Source: a_417
Source: a_418
Source: a_419
Source: a_420
Scan 4 started at 17APR14:23:37:08.0
Source: 2312-319
Scan 5 started at 17APR14:23:41:24.0
Source: a_421
Source: a_422
Source: a_423
Source: a_424
Source: a_425
Source: a_426
Source: a_427
Source: a_428
Source: a_429
Source: a_430
Source: a_431
Source: a_432
Source: a_433
Source: a_434
Source: a_435
Source: a_436
Source: a_437
Source: a_438
Source: a_439
Source: a_440
Scan 6 started at 17APR14:23:55:08.0
Source: 2312-319
Scan 7 started at 17APR14:23:58:28.0
Source: a_441
Source: a_442
Source: a_443
Source: a_444
Source: a_445
Source: a_446
Source: a_447
Source: a_448
Source: a_449
Source: a_450
Source: a_451
Source: a_452
Source: a_453
Source: a_454
Source: a_455
Source: a_456
Source: a_457
Source: a_458
Source: a_459
Source: a_460
Scan 8 started at 17APR15:00:11:56.0
Source: 2312-319
Scan 9 started at 17APR15:00:15:16.0
Source: a_461
Source: a_462
Source: a_463
Source: a_464
Source: a_465
Source: a_466
Source: a_467
Source: a_468
Source: a_469
Source: a_470
Source: a_471
Source: a_472
Source: a_473
Source: a_474
Source: a_475
Source: a_476
Source: a_477
Source: a_478
Source: a_479
Source: a_480
Scan 10 started at 17APR15:00:28:44.0
Source: 2312-319
Scan 11 started at 17APR15:00:31:48.0
Source: a_481
Source: a_482
Source: a_483
Source: a_484
Source: a_485
Source: a_486
Source: a_487
Source: a_488
Source: a_489
Source: a_490
Source: a_491
Source: a_492
Source: a_493
Source: a_494
Source: a_495
Source: a_496
Source: a_497
Source: a_498
Source: a_499
Source: a_500
Scan 12 started at 17APR15:00:45:32.0
Source: 2312-319
Scan 13 started at 17APR15:00:48:28.0
Source: a_501
Source: a_502
Source: a_503
Source: a_504
Source: a_505
Source: a_506
Source: a_507
Source: a_508
Source: a_509
Source: a_510
Source: a_511
Source: a_512
Source: a_513
Source: a_514
Source: a_515
Source: a_516
Source: a_517
Source: a_518
Source: a_519
Source: a_520
Scan 14 started at 17APR15:01:01:56.0
Source: 2312-319
Scan 15 started at 17APR15:01:05:00.0
Source: a_521
Source: a_522
Source: a_523
Source: a_524
Source: a_525
Source: a_526
Source: a_527
Source: a_528
Source: a_529
Source: a_530
Source: a_531
Source: a_532
Source: a_533
Source: a_534
Source: a_535
Source: a_536
Source: a_537
Source: a_538
Source: a_539
Source: a_540
Scan 16 started at 17APR15:01:18:28.0
Source: 2312-319
Scan 17 started at 17APR15:01:21:16.0
Source: a_361
Source: a_362
Source: a_363
Source: a_364
Source: a_365
Source: a_366
Source: a_367
Source: a_368
Source: a_369
Source: a_370
Source: a_371
Source: a_372
Source: a_373
Source: a_374
Source: a_375
Source: a_376
Source: a_377
Source: a_378
Source: a_379
Source: a_380
Scan 18 started at 17APR15:01:34:44.0
Source: 2312-319
Scan 19 started at 17APR15:01:37:40.0
Source: a_381
Source: a_382
Source: a_383
Source: a_384
Source: a_385
Source: a_386
Source: a_387
Source: a_388
Source: a_389
Source: a_390
Source: a_391
Source: a_392
Source: a_393
Source: a_394
Source: a_395
Source: a_396
Source: a_397
Source: a_398
Source: a_399
Source: a_400
Scan 20 started at 17APR15:01:51:00.0
Source: 2312-319
Scan 21 started at 17APR15:01:53:48.0
Source: a_401
Source: a_402
Source: a_403
Source: a_404
Source: a_405
Source: a_406
Source: a_407
Source: a_408
Source: a_409
Source: a_410
Source: a_411
Source: a_412
Source: a_413
RPFITS file version is 2.12
---------------------------------------
Total number of spectra selected: 72660

Summary of spectra flagged
Flagging Reason            Fraction
---------------            --------
Antenna off-source/off-line  9.22%
---------------------------------------
Processing file raw/2017-04-15_0201.C3132
CABB data detected
Scan 1 started at 17APR15:02:01:48.0
Source: a_413
Source: a_414
Source: a_415
Source: a_416
Source: a_417
Source: a_418
Source: a_419
Source: a_420
Scan 2 started at 17APR15:02:07:24.0
Source: 2312-319
Scan 3 started at 17APR15:02:10:12.0
Source: a_421
Source: a_422
Source: a_423
Source: a_424
Source: a_425
Source: a_426
Source: a_427
Source: a_428
Source: a_429
Source: a_430
Source: a_431
Source: a_432
Source: a_433
Source: a_434
Source: a_435
Source: a_436
Source: a_437
Source: a_438
Source: a_439
Source: a_440
Scan 4 started at 17APR15:02:23:40.0
Source: 2312-319
Scan 5 started at 17APR15:02:26:28.0
Source: a_441
Source: a_442
Source: a_443
Source: a_444
Source: a_445
Source: a_446
Source: a_447
Source: a_448
Source: a_449
Source: a_450
Source: a_451
Source: a_452
Source: a_453
Source: a_454
Source: a_455
Source: a_456
Source: a_457
Source: a_458
Source: a_459
Source: a_460
Scan 6 started at 17APR15:02:39:56.0
Source: 2312-319
Scan 7 started at 17APR15:02:42:52.0
Source: a_461
Source: a_462
Source: a_463
Source: a_464
Source: a_465
Source: a_466
Source: a_467
Source: a_468
Source: a_469
Source: a_470
Source: a_471
Source: a_472
Source: a_473
Source: a_474
Source: a_475
Source: a_476
Source: a_477
Source: a_478
Source: a_479
Source: a_480
Scan 8 started at 17APR15:02:56:12.0
Source: 2312-319
Scan 9 started at 17APR15:02:59:00.0
Source: a_481
Source: a_482
Source: a_483
Source: a_484
Source: a_485
Source: a_486
Source: a_487
Source: a_488
Source: a_489
Source: a_490
Source: a_491
Source: a_492
Source: a_493
Source: a_494
Source: a_495
Source: a_496
Source: a_497
Source: a_498
Source: a_499
Source: a_500
Scan 10 started at 17APR15:03:12:28.0
Source: 2312-319
Scan 11 started at 17APR15:03:15:16.0
Source: a_501
Source: a_502
Source: a_503
Source: a_504
Source: a_505
Source: a_506
Source: a_507
Source: a_508
Source: a_509
Source: a_510
Source: a_511
Source: a_512
Source: a_513
Source: a_514
Source: a_515
Source: a_516
Source: a_517
Source: a_518
Source: a_519
Source: a_520
Scan 12 started at 17APR15:03:28:44.0
Source: 2312-319
Scan 13 started at 17APR15:03:31:32.0
Source: a_521
Source: a_522
Source: a_523
Source: a_524
Source: a_525
Source: a_526
Source: a_527
Source: a_528
Source: a_529
Source: a_530
Source: a_531
Source: a_532
Source: a_533
Source: a_534
Source: a_535
Source: a_536
Source: a_537
Source: a_538
Source: a_539
Source: a_540
Scan 14 started at 17APR15:03:45:00.0
Source: 2312-319
Scan 15 started at 17APR15:03:47:48.0
Source: a_361
Source: a_362
Source: a_363
Source: a_364
Source: a_365
Source: a_366
Source: a_367
Source: a_368
Source: a_369
Source: a_370
Source: a_371
Source: a_372
Source: a_373
Source: a_374
Source: a_375
Source: a_376
Source: a_377
Source: a_378
Source: a_379
Source: a_380
Scan 16 started at 17APR15:04:01:16.0
Source: 2312-319
Scan 17 started at 17APR15:04:04:04.0
Source: a_381
Source: a_382
Source: a_383
Source: a_384
Source: a_385
Source: a_386
Source: a_387
Source: a_388
Source: a_389
Source: a_390
Source: a_391
Source: a_392
Source: a_393
Source: a_394
Source: a_395
Source: a_396
Source: a_397
Source: a_398
Source: a_399
Source: a_400
Scan 18 started at 17APR15:04:17:32.0
Source: 2312-319
Scan 19 started at 17APR15:04:20:12.0
Source: a_401
Source: a_402
Source: a_403
Source: a_404
Source: a_405
Source: a_406
Source: a_407
Source: a_408
Source: a_409
Source: a_410
Source: a_411
Source: a_412
Source: a_413
Source: a_414
Source: a_415
Source: a_416
Source: a_417
Source: a_418
Source: a_419
Source: a_420
Scan 20 started at 17APR15:04:33:40.0
Source: 2312-319
Scan 21 started at 17APR15:04:36:20.0
Source: a_421
Source: a_422
Source: a_423
Source: a_424
Source: a_425
Source: a_426
Source: a_427
Source: a_428
Source: a_429
Source: a_430
Source: a_431
Source: a_432
Source: a_433
Source: a_434
Source: a_435
Source: a_436
Source: a_437
Source: a_438
Source: a_439
RPFITS file version is 2.12
---------------------------------------
Total number of spectra selected: 72660

Summary of spectra flagged
Flagging Reason            Fraction
---------------            --------
Antenna off-source/off-line  3.38%
---------------------------------------
Processing file raw/2017-04-15_0448.C3132
CABB data detected
Scan 1 started at 17APR15:04:48:36.0
Source: a_439
Source: a_440
Scan 2 started at 17APR15:04:49:48.0
Source: 2312-319
Scan 3 started at 17APR15:04:52:28.0
Source: a_441
Source: a_442
Source: a_443
Source: a_444
Source: a_445
Source: a_446
Source: a_447
Source: a_448
Source: a_449
Source: a_450
Source: a_451
Source: a_452
Source: a_453
Source: a_454
Source: a_455
Source: a_456
Source: a_457
Source: a_458
Source: a_459
Source: a_460
Scan 4 started at 17APR15:05:05:56.0
Source: 2312-319
Scan 5 started at 17APR15:05:08:36.0
Source: a_461
Source: a_462
Source: a_463
Source: a_464
Source: a_465
Source: a_466
Source: a_467
Source: a_468
Source: a_469
Source: a_470
Source: a_471
Source: a_472
Source: a_473
Source: a_474
Source: a_475
Source: a_476
Source: a_477
Source: a_478
Source: a_479
Source: a_480
Scan 6 started at 17APR15:05:22:04.0
Source: 2312-319
Scan 7 started at 17APR15:05:24:44.0
Source: a_481
Source: a_482
Source: a_483
Source: a_484
Source: a_485
Source: a_486
Source: a_487
Source: a_488
 05:29:42 CAOBS> stop
 05:29:45 CAOBS> corr closef
RPFITS file version is 2.12
---------------------------------------
Total number of spectra selected: 17760

Summary of spectra flagged
Flagging Reason            Fraction
---------------            --------
Antenna off-source/off-line  3.04%
---------------------------------------

No CACAL data was detected

2018-11-22 16:24:27,431 [MainThread  ] [INFO ]  uvflag vis=data9.uv line=chan,65,850,1 flagval=flag

uvflag: Revision 1.8, 2014/09/30 14:23:39 UTC


Set flags to indicate bad data in visibility file data9.uv
Linetype channel; select   65 channels; start  850, width    1, step    1

Overview of flagging on visibility file data9.uv
Changed flags set to FALSE (data flagged as bad)
Total number of records selected: 292524; out of 292524 records
Antennas used: 1-6
Counts of correlations within selected channels
channel   Originally    Currently
Good:        19014060.           0.    Changed to bad:    19014060.
Bad:                0.    19014060.

2018-11-22 16:25:42,217 [MainThread  ] [INFO ]  uvsplit vis=data9.uv options=mosaic

uvsplit: Revision 1.18, 2016/05/09 03:06:18 UTC

Creating 1934-638.9500
Creating 2312-319.9500
Creating a.9500

2018-11-22 16:25:55,495 [MainThread  ] [INFO ]  pgflag vis=1934-638.9500 command='<b' stokes=i,q,u,v flagpar=8,5,5,3,6,3 options=nodisp

pgflag: Revision 1.30, 2016/10/05 23:06:50 UTC

Applying changes to dataset
Counts of correlations within selected channels:
 channel  Originally  Currently
 Good:       7849920    7776792    Changed to bad:      73128
 Bad:        1247640    1320768    Changed to good:         0
 14.5% of the data is now flagged

2018-11-22 16:26:06,168 [MainThread  ] [INFO ]  pgflag vis=1934-638.9500 command='<b' stokes=i,v,q,u flagpar=8,2,2,3,6,3  options=nodisp

pgflag: Revision 1.30, 2016/10/05 23:06:50 UTC

Applying changes to dataset
Counts of correlations within selected channels:
 channel  Originally  Currently
 Good:       7776792    7711424    Changed to bad:      65368
 Bad:        1320768    1386136    Changed to good:         0
 15.2% of the data is now flagged

2018-11-22 16:26:17,426 [MainThread  ] [INFO ]  pgflag vis=1934-638.9500 command='<b' stokes=i,v,u,q flagpar=8,2,2,3,6,3  options=nodisp

pgflag: Revision 1.30, 2016/10/05 23:06:50 UTC

Applying changes to dataset
Counts of correlations within selected channels:
 channel  Originally  Currently
 Good:       7711424    7584024    Changed to bad:     127400
 Bad:        1386136    1513536    Changed to good:         0
 16.6% of the data is now flagged

2018-11-22 16:27:30,763 [MainThread  ] [INFO ]  mfcal vis=1934-638.9500 refant=4 interval=0.1
MfCal: $Revision: 1.20 $, $Date: 2017/05/08 02:31:10 $
Selecting parallel-hand polarisations
Reading the data ...
Number correlations accepted: 3792012
Number of frequency bands/settings: 1
Number of polarisations selected: 2
Number of solution intervals: 74
Number of passband solution intervals: 1
Initialising ...
Using post-Aug94 ATCA flux scale for 1934-638.
Using known frequency variation of 1934-638
Generating initial solution estimate ...
Doing solution refinement ...
Iter= 1, Solution Error:  0.456
Iter= 2, Solution Error:  0.006
Iter= 3, Solution Error:  0.000
Saving solution ...

2018-11-22 16:27:31,785 [MainThread  ] [INFO ]  gpcal vis=1934-638.9500 refant=4 interval=0.1 nfbin=2 options=xyvary

gpcal: Revision 1.22, 2016/05/01 22:31:05 UTC

Applying bandpass corrections to 1934-638.9500
Number of antennae: 6
Reading the data ...
Number of solution intervals: 74
Total visibilities read: 1110
Number visibilities accepted: 1110
Using post-Aug94 ATCA flux scale for 1934-638.
Using IQUV =  2.5338,  0.0000,  0.0000,  0.0000 at   9.4734 GHz.
Using post-Aug94 ATCA flux scale for 1934-638.
Using IQUV =  2.6977,  0.0000,  0.0000,  0.0000 at   9.0078 GHz.
Using post-Aug94 ATCA flux scale for 1934-638.
Using IQUV =  2.3847,  0.0000,  0.0000,  0.0000 at   9.9486 GHz.
Iter= 1, Amplit/Phase Solution Error:   0.075
Iter= 1, Polarisation Solution Error:   0.036
Iter= 1, Overall Solution Error:        0.398
Iter= 2, Amplit/Phase Solution Error:   0.002
Iter= 2, Polarisation Solution Error:   0.000
Iter= 2, Overall Solution Error:        0.003
Iter= 3, Amplit/Phase Solution Error:   0.001
Iter= 3, Polarisation Solution Error:   0.000
Iter= 3, Overall Solution Error:        0.001
I flux density:   2.5338
Leakage terms:
 Ant 1:Dx,Dy = ( 0.00241, 0.00015),(-0.00105,-0.00022)
 Ant 2:Dx,Dy = ( 0.00357, 0.00166),(-0.00272, 0.00261)
 Ant 3:Dx,Dy = ( 0.00615,-0.00208),(-0.00865,-0.00248)
 Ant 4:Dx,Dy = ( 0.00242, 0.01574),(-0.00102, 0.01593)
 Ant 5:Dx,Dy = (-0.01619, 0.00294),( 0.01733, 0.00278)
 Ant 6:Dx,Dy = ( 0.00404,-0.01986),(-0.00150,-0.01717)
Solution for freq bin  1
Iter= 1, Amplit/Phase Solution Error:   0.074
Iter= 1, Polarisation Solution Error:   0.035
Iter= 1, Overall Solution Error:        0.392
Iter= 2, Amplit/Phase Solution Error:   0.002
Iter= 2, Polarisation Solution Error:   0.000
Iter= 2, Overall Solution Error:        0.004
Iter= 3, Amplit/Phase Solution Error:   0.001
Iter= 3, Polarisation Solution Error:   0.000
Iter= 3, Overall Solution Error:        0.001
I flux density:   2.6977
Leakage terms:
 Ant 1:Dx,Dy = ( 0.00273, 0.00026),(-0.00123,-0.00006)
 Ant 2:Dx,Dy = ( 0.00387, 0.00250),(-0.00252, 0.00353)
 Ant 3:Dx,Dy = ( 0.00609,-0.00264),(-0.00844,-0.00265)
 Ant 4:Dx,Dy = ( 0.00219, 0.01583),(-0.00158, 0.01609)
 Ant 5:Dx,Dy = (-0.01627, 0.00160),( 0.01700, 0.00225)
 Ant 6:Dx,Dy = ( 0.00395,-0.01936),(-0.00066,-0.01733)
Solution for freq bin  2
Iter= 1, Amplit/Phase Solution Error:   0.077
Iter= 1, Polarisation Solution Error:   0.036
Iter= 1, Overall Solution Error:        0.406
Iter= 2, Amplit/Phase Solution Error:   0.002
Iter= 2, Polarisation Solution Error:   0.000
Iter= 2, Overall Solution Error:        0.004
Iter= 3, Amplit/Phase Solution Error:   0.001
Iter= 3, Polarisation Solution Error:   0.000
Iter= 3, Overall Solution Error:        0.001
I flux density:   2.3847
Leakage terms:
 Ant 1:Dx,Dy = ( 0.00206, 0.00005),(-0.00085,-0.00039)
 Ant 2:Dx,Dy = ( 0.00323, 0.00073),(-0.00293, 0.00162)
 Ant 3:Dx,Dy = ( 0.00621,-0.00145),(-0.00888,-0.00229)
 Ant 4:Dx,Dy = ( 0.00267, 0.01564),(-0.00041, 0.01574)
 Ant 5:Dx,Dy = (-0.01610, 0.00439),( 0.01769, 0.00336)
 Ant 6:Dx,Dy = ( 0.00414,-0.02040),(-0.00241,-0.01701)

2018-11-22 16:27:47,985 [MainThread  ] [INFO ]  pgflag vis=1934-638.9500 command='<b' stokes=i,q,u,v flagpar=8,5,5,3,6,3 options=nodisp

pgflag: Revision 1.30, 2016/10/05 23:06:50 UTC

Applying bandpass corrections to 1934-638.9500
Applying freq. dependent gain corrections to 1934-638.9500
Applying freq. dependent leakage correction to 1934-638.9500
Applying changes to dataset
Counts of correlations within selected channels:
 channel  Originally  Currently
 Good:       7584024    7555328    Changed to bad:      28696
 Bad:        1513536    1542232    Changed to good:         0
 17.0% of the data is now flagged

2018-11-22 16:28:03,959 [MainThread  ] [INFO ]  pgflag vis=1934-638.9500 command='<b' stokes=i,v,q,u flagpar=8,2,2,3,6,3  options=nodisp

pgflag: Revision 1.30, 2016/10/05 23:06:50 UTC

Applying bandpass corrections to 1934-638.9500
Applying freq. dependent gain corrections to 1934-638.9500
Applying freq. dependent leakage correction to 1934-638.9500
Applying changes to dataset
Counts of correlations within selected channels:
 channel  Originally  Currently
 Good:       7555328    7524036    Changed to bad:      31292
 Bad:        1542232    1573524    Changed to good:         0
 17.3% of the data is now flagged

2018-11-22 16:28:19,613 [MainThread  ] [INFO ]  pgflag vis=1934-638.9500 command='<b' stokes=i,v,u,q flagpar=8,2,2,3,6,3  options=nodisp

pgflag: Revision 1.30, 2016/10/05 23:06:50 UTC

Applying bandpass corrections to 1934-638.9500
Applying freq. dependent gain corrections to 1934-638.9500
Applying freq. dependent leakage correction to 1934-638.9500
Applying changes to dataset
Counts of correlations within selected channels:
 channel  Originally  Currently
 Good:       7524036    7496980    Changed to bad:      27056
 Bad:        1573524    1600580    Changed to good:         0
 17.6% of the data is now flagged

2018-11-22 16:29:17,318 [MainThread  ] [INFO ]  mfcal vis=1934-638.9500 refant=4 interval=0.1
MfCal: $Revision: 1.20 $, $Date: 2017/05/08 02:31:10 $
Selecting parallel-hand polarisations
Reading the data ...
Number correlations accepted: 3748490
Number of frequency bands/settings: 1
Number of polarisations selected: 2
Number of solution intervals: 74
Number of passband solution intervals: 1
Initialising ...
Using post-Aug94 ATCA flux scale for 1934-638.
Using known frequency variation of 1934-638
Generating initial solution estimate ...
Doing solution refinement ...
Iter= 1, Solution Error:  0.460
Iter= 2, Solution Error:  0.006
Iter= 3, Solution Error:  0.000
Saving solution ...

2018-11-22 16:29:18,088 [MainThread  ] [INFO ]  gpcal vis=1934-638.9500 refant=4 interval=0.1 nfbin=2 options=xyvary

gpcal: Revision 1.22, 2016/05/01 22:31:05 UTC

Applying bandpass corrections to 1934-638.9500
Number of antennae: 6
Using leakage parameters from input as initial guess
Reading the data ...
Number of solution intervals: 74
Total visibilities read: 1110
Number visibilities accepted: 1110
Using post-Aug94 ATCA flux scale for 1934-638.
Using IQUV =  2.5337,  0.0000,  0.0000,  0.0000 at   9.4737 GHz.
Using post-Aug94 ATCA flux scale for 1934-638.
Using IQUV =  2.6979,  0.0000,  0.0000,  0.0000 at   9.0074 GHz.
Using post-Aug94 ATCA flux scale for 1934-638.
Using IQUV =  2.3855,  0.0000,  0.0000,  0.0000 at   9.9461 GHz.
Iter= 1, Amplit/Phase Solution Error:   0.075
Iter= 1, Polarisation Solution Error:   0.000
Iter= 1, Overall Solution Error:        0.399
Iter= 2, Amplit/Phase Solution Error:   0.002
Iter= 2, Polarisation Solution Error:   0.000
Iter= 2, Overall Solution Error:        0.003
Iter= 3, Amplit/Phase Solution Error:   0.001
Iter= 3, Polarisation Solution Error:   0.000
Iter= 3, Overall Solution Error:        0.001
I flux density:   2.5337
Leakage terms:
 Ant 1:Dx,Dy = ( 0.00241, 0.00015),(-0.00105,-0.00023)
 Ant 2:Dx,Dy = ( 0.00358, 0.00165),(-0.00272, 0.00262)
 Ant 3:Dx,Dy = ( 0.00615,-0.00208),(-0.00864,-0.00248)
 Ant 4:Dx,Dy = ( 0.00244, 0.01573),(-0.00103, 0.01593)
 Ant 5:Dx,Dy = (-0.01619, 0.00297),( 0.01735, 0.00281)
 Ant 6:Dx,Dy = ( 0.00404,-0.01989),(-0.00149,-0.01717)
Solution for freq bin  1
Iter= 1, Amplit/Phase Solution Error:   0.074
Iter= 1, Polarisation Solution Error:   0.001
Iter= 1, Overall Solution Error:        0.392
Iter= 2, Amplit/Phase Solution Error:   0.002
Iter= 2, Polarisation Solution Error:   0.000
Iter= 2, Overall Solution Error:        0.004
Iter= 3, Amplit/Phase Solution Error:   0.001
Iter= 3, Polarisation Solution Error:   0.000
Iter= 3, Overall Solution Error:        0.001
I flux density:   2.6979
Leakage terms:
 Ant 1:Dx,Dy = ( 0.00273, 0.00023),(-0.00122,-0.00008)
 Ant 2:Dx,Dy = ( 0.00390, 0.00249),(-0.00253, 0.00353)
 Ant 3:Dx,Dy = ( 0.00609,-0.00265),(-0.00843,-0.00266)
 Ant 4:Dx,Dy = ( 0.00222, 0.01582),(-0.00160, 0.01610)
 Ant 5:Dx,Dy = (-0.01628, 0.00165),( 0.01703, 0.00230)
 Ant 6:Dx,Dy = ( 0.00394,-0.01940),(-0.00066,-0.01733)
Solution for freq bin  2
Iter= 1, Amplit/Phase Solution Error:   0.077
Iter= 1, Polarisation Solution Error:   0.002
Iter= 1, Overall Solution Error:        0.406
Iter= 2, Amplit/Phase Solution Error:   0.002
Iter= 2, Polarisation Solution Error:   0.000
Iter= 2, Overall Solution Error:        0.004
Iter= 3, Amplit/Phase Solution Error:   0.001
Iter= 3, Polarisation Solution Error:   0.000
Iter= 3, Overall Solution Error:        0.001
I flux density:   2.3855
Leakage terms:
 Ant 1:Dx,Dy = ( 0.00207, 0.00005),(-0.00086,-0.00039)
 Ant 2:Dx,Dy = ( 0.00324, 0.00073),(-0.00293, 0.00163)
 Ant 3:Dx,Dy = ( 0.00621,-0.00145),(-0.00888,-0.00229)
 Ant 4:Dx,Dy = ( 0.00267, 0.01564),(-0.00040, 0.01575)
 Ant 5:Dx,Dy = (-0.01610, 0.00440),( 0.01770, 0.00335)
 Ant 6:Dx,Dy = ( 0.00414,-0.02042),(-0.00240,-0.01700)

2018-11-22 16:29:18,150 [MainThread  ] [INFO ]  gpcopy vis=1934-638.9500 out=2312-319.9500

gpcopy: Revision 1.13, 2015/10/29 01:31:39 UTC

Copying leakage table
Copying gain table
Interpolation tolerance set to (minutes): 720.00
Copying bandpass table

2018-11-22 16:32:32,820 [MainThread  ] [INFO ]  pgflag vis=2312-319.9500 command='<b' stokes=i,q,u,v flagpar=8,5,5,3,6,3 options=nodisp

pgflag: Revision 1.30, 2016/10/05 23:06:50 UTC

Applying bandpass corrections to 2312-319.9500
Applying freq. dependent gain corrections to 2312-319.9500
Applying freq. dependent leakage correction to 2312-319.9500
Applying changes to dataset
Counts of correlations within selected channels:
 channel  Originally  Currently
 Good:      68563040   68124020    Changed to bad:     439020
 Bad:       10897180   11336200    Changed to good:         0
 14.3% of the data is now flagged

2018-11-22 16:35:49,164 [MainThread  ] [INFO ]  pgflag vis=2312-319.9500 command='<b' stokes=i,v,q,u flagpar=8,2,2,3,6,3  options=nodisp

pgflag: Revision 1.30, 2016/10/05 23:06:50 UTC

Applying bandpass corrections to 2312-319.9500
Applying freq. dependent gain corrections to 2312-319.9500
Applying freq. dependent leakage correction to 2312-319.9500
Applying changes to dataset
Counts of correlations within selected channels:
 channel  Originally  Currently
 Good:      68124020   67721100    Changed to bad:     402920
 Bad:       11336200   11739120    Changed to good:         0
 14.8% of the data is now flagged

2018-11-22 16:39:09,396 [MainThread  ] [INFO ]  pgflag vis=2312-319.9500 command='<b' stokes=i,v,u,q flagpar=8,2,2,3,6,3  options=nodisp

pgflag: Revision 1.30, 2016/10/05 23:06:50 UTC

Applying bandpass corrections to 2312-319.9500
Applying freq. dependent gain corrections to 2312-319.9500
Applying freq. dependent leakage correction to 2312-319.9500
Applying changes to dataset
Counts of correlations within selected channels:
 channel  Originally  Currently
 Good:      67721100   67321496    Changed to bad:     399604
 Bad:       11739120   12138724    Changed to good:         0
 15.3% of the data is now flagged

2018-11-22 16:39:15,442 [MainThread  ] [INFO ]  gpcal vis=2312-319.9500 refant=4 interval=0.1 nfbin=2 options=xyvary,qusolve

gpcal: Revision 1.22, 2016/05/01 22:31:05 UTC

Applying bandpass corrections to 2312-319.9500
Number of antennae: 6
Using leakage parameters from input as initial guess
Reading the data ...
Number of solution intervals: 646
Total visibilities read: 9695
Number visibilities accepted: 9685
Iter= 1, Amplit/Phase Solution Error:   0.866
Iter= 1, Polarisation Solution Error:   0.007
Iter= 1, Overall Solution Error:        2.502
Iter= 2, Amplit/Phase Solution Error:   0.007
Iter= 2, Polarisation Solution Error:   0.000
Iter= 2, Overall Solution Error:        0.006
Iter= 3, Amplit/Phase Solution Error:   0.001
Iter= 3, Polarisation Solution Error:   0.000
Iter= 3, Overall Solution Error:        0.001
I flux density:   0.5573
Percent Q:  -0.672
Percent U:  -0.018
Leakage terms:
 Ant 1:Dx,Dy = ( 0.00131,-0.00036),(-0.00106, 0.00035)
 Ant 2:Dx,Dy = ( 0.00324, 0.00123),(-0.00304, 0.00307)
 Ant 3:Dx,Dy = ( 0.00612,-0.00266),(-0.00968,-0.00189)
 Ant 4:Dx,Dy = ( 0.00192, 0.01504),(-0.00132, 0.01648)
 Ant 5:Dx,Dy = (-0.01650, 0.00248),( 0.01684, 0.00329)
 Ant 6:Dx,Dy = ( 0.00369,-0.02070),(-0.00195,-0.01633)
Solution for freq bin  1
Iter= 1, Amplit/Phase Solution Error:   0.829
Iter= 1, Polarisation Solution Error:   0.008
Iter= 1, Overall Solution Error:        2.494
Iter= 2, Amplit/Phase Solution Error:   0.008
Iter= 2, Polarisation Solution Error:   0.000
Iter= 2, Overall Solution Error:        0.006
Iter= 3, Amplit/Phase Solution Error:   0.001
Iter= 3, Polarisation Solution Error:   0.000
Iter= 3, Overall Solution Error:        0.001
I flux density:   0.5611
Percent Q:  -0.757
Percent U:   0.151
Leakage terms:
 Ant 1:Dx,Dy = ( 0.00144, 0.00007),(-0.00135, 0.00050)
 Ant 2:Dx,Dy = ( 0.00368, 0.00216),(-0.00275, 0.00392)
 Ant 3:Dx,Dy = ( 0.00615,-0.00342),(-0.00942,-0.00209)
 Ant 4:Dx,Dy = ( 0.00180, 0.01509),(-0.00192, 0.01673)
 Ant 5:Dx,Dy = (-0.01651, 0.00110),( 0.01647, 0.00268)
 Ant 6:Dx,Dy = ( 0.00374,-0.02027),(-0.00073,-0.01647)
Solution for freq bin  2
Iter= 1, Amplit/Phase Solution Error:   0.897
Iter= 1, Polarisation Solution Error:   0.006
Iter= 1, Overall Solution Error:        2.503
Iter= 2, Amplit/Phase Solution Error:   0.006
Iter= 2, Polarisation Solution Error:   0.000
Iter= 2, Overall Solution Error:        0.006
Iter= 3, Amplit/Phase Solution Error:   0.001
Iter= 3, Polarisation Solution Error:   0.000
Iter= 3, Overall Solution Error:        0.001
I flux density:   0.5549
Percent Q:  -0.592
Percent U:  -0.172
Leakage terms:
 Ant 1:Dx,Dy = ( 0.00118,-0.00077),(-0.00080, 0.00021)
 Ant 2:Dx,Dy = ( 0.00281, 0.00036),(-0.00332, 0.00227)
 Ant 3:Dx,Dy = ( 0.00610,-0.00196),(-0.00992,-0.00169)
 Ant 4:Dx,Dy = ( 0.00201, 0.01498),(-0.00078, 0.01627)
 Ant 5:Dx,Dy = (-0.01645, 0.00377),( 0.01719, 0.00384)
 Ant 6:Dx,Dy = ( 0.00366,-0.02104),(-0.00307,-0.01625)

2018-11-22 16:42:37,363 [MainThread  ] [INFO ]  pgflag vis=2312-319.9500 command='<b' stokes=i,q,u,v flagpar=8,5,5,3,6,3 options=nodisp

pgflag: Revision 1.30, 2016/10/05 23:06:50 UTC

Applying bandpass corrections to 2312-319.9500
Applying freq. dependent gain corrections to 2312-319.9500
Applying freq. dependent leakage correction to 2312-319.9500
Applying changes to dataset
Counts of correlations within selected channels:
 channel  Originally  Currently
 Good:      67321496   66993932    Changed to bad:     327564
 Bad:       12138724   12466288    Changed to good:         0
 15.7% of the data is now flagged

2018-11-22 16:46:05,158 [MainThread  ] [INFO ]  pgflag vis=2312-319.9500 command='<b' stokes=i,v,q,u flagpar=8,2,2,3,6,3  options=nodisp

pgflag: Revision 1.30, 2016/10/05 23:06:50 UTC

Applying bandpass corrections to 2312-319.9500
Applying freq. dependent gain corrections to 2312-319.9500
Applying freq. dependent leakage correction to 2312-319.9500
Applying changes to dataset
Counts of correlations within selected channels:
 channel  Originally  Currently
 Good:      66993932   66686960    Changed to bad:     306972
 Bad:       12466288   12773260    Changed to good:         0
 16.1% of the data is now flagged

2018-11-22 16:49:13,232 [MainThread  ] [INFO ]  pgflag vis=2312-319.9500 command='<b' stokes=i,v,u,q flagpar=8,2,2,3,6,3  options=nodisp

pgflag: Revision 1.30, 2016/10/05 23:06:50 UTC

Applying bandpass corrections to 2312-319.9500
Applying freq. dependent gain corrections to 2312-319.9500
Applying freq. dependent leakage correction to 2312-319.9500
Applying changes to dataset
Counts of correlations within selected channels:
 channel  Originally  Currently
 Good:      66686960   66412460    Changed to bad:     274500
 Bad:       12773260   13047760    Changed to good:         0
 16.4% of the data is now flagged

2018-11-22 16:49:18,586 [MainThread  ] [INFO ]  gpcal vis=2312-319.9500 refant=4 interval=0.1 nfbin=2 options=xyvary,qusolve

gpcal: Revision 1.22, 2016/05/01 22:31:05 UTC

Applying bandpass corrections to 2312-319.9500
Number of antennae: 6
Using leakage parameters from input as initial guess
Reading the data ...
Number of solution intervals: 646
Total visibilities read: 9695
Number visibilities accepted: 9685
Iter= 1, Amplit/Phase Solution Error:   0.866
Iter= 1, Polarisation Solution Error:   0.007
Iter= 1, Overall Solution Error:        2.502
Iter= 2, Amplit/Phase Solution Error:   0.007
Iter= 2, Polarisation Solution Error:   0.000
Iter= 2, Overall Solution Error:        0.006
Iter= 3, Amplit/Phase Solution Error:   0.001
Iter= 3, Polarisation Solution Error:   0.000
Iter= 3, Overall Solution Error:        0.001
I flux density:   0.5582
Percent Q:  -0.673
Percent U:  -0.019
Leakage terms:
 Ant 1:Dx,Dy = ( 0.00129,-0.00036),(-0.00106, 0.00033)
 Ant 2:Dx,Dy = ( 0.00325, 0.00124),(-0.00304, 0.00306)
 Ant 3:Dx,Dy = ( 0.00612,-0.00268),(-0.00967,-0.00189)
 Ant 4:Dx,Dy = ( 0.00195, 0.01504),(-0.00132, 0.01648)
 Ant 5:Dx,Dy = (-0.01651, 0.00250),( 0.01684, 0.00330)
 Ant 6:Dx,Dy = ( 0.00370,-0.02071),(-0.00196,-0.01631)
Solution for freq bin  1
Iter= 1, Amplit/Phase Solution Error:   0.830
Iter= 1, Polarisation Solution Error:   0.008
Iter= 1, Overall Solution Error:        2.494
Iter= 2, Amplit/Phase Solution Error:   0.008
Iter= 2, Polarisation Solution Error:   0.000
Iter= 2, Overall Solution Error:        0.006
Iter= 3, Amplit/Phase Solution Error:   0.001
Iter= 3, Polarisation Solution Error:   0.000
Iter= 3, Overall Solution Error:        0.001
I flux density:   0.5620
Percent Q:  -0.758
Percent U:   0.151
Leakage terms:
 Ant 1:Dx,Dy = ( 0.00140, 0.00006),(-0.00135, 0.00047)
 Ant 2:Dx,Dy = ( 0.00370, 0.00219),(-0.00274, 0.00390)
 Ant 3:Dx,Dy = ( 0.00615,-0.00346),(-0.00940,-0.00209)
 Ant 4:Dx,Dy = ( 0.00186, 0.01510),(-0.00192, 0.01672)
 Ant 5:Dx,Dy = (-0.01656, 0.00113),( 0.01646, 0.00269)
 Ant 6:Dx,Dy = ( 0.00376,-0.02029),(-0.00073,-0.01644)
Solution for freq bin  2
Iter= 1, Amplit/Phase Solution Error:   0.897
Iter= 1, Polarisation Solution Error:   0.006
Iter= 1, Overall Solution Error:        2.503
Iter= 2, Amplit/Phase Solution Error:   0.006
Iter= 2, Polarisation Solution Error:   0.000
Iter= 2, Overall Solution Error:        0.006
Iter= 3, Amplit/Phase Solution Error:   0.001
Iter= 3, Polarisation Solution Error:   0.000
Iter= 3, Overall Solution Error:        0.001
I flux density:   0.5558
Percent Q:  -0.590
Percent U:  -0.169
Leakage terms:
 Ant 1:Dx,Dy = ( 0.00117,-0.00077),(-0.00081, 0.00021)
 Ant 2:Dx,Dy = ( 0.00281, 0.00035),(-0.00333, 0.00228)
 Ant 3:Dx,Dy = ( 0.00609,-0.00195),(-0.00991,-0.00169)
 Ant 4:Dx,Dy = ( 0.00200, 0.01498),(-0.00078, 0.01628)
 Ant 5:Dx,Dy = (-0.01645, 0.00377),( 0.01718, 0.00384)
 Ant 6:Dx,Dy = ( 0.00365,-0.02105),(-0.00308,-0.01625)

2018-11-22 16:49:18,609 [MainThread  ] [INFO ]  gpboot vis=2312-319.9500 cal=1934-638.9500

gpboot: Revision 1.9, 2015/10/29 01:31:30 UTC

Secondary flux density scaled by:   0.997
Frequency bin  1 scaled by      :   0.999
Frequency bin  2 scaled by      :   0.999

2018-11-22 16:51:25,470 [MainThread  ] [INFO ]  gpcopy vis=2312-319.9500 out=a.9500

gpcopy: Revision 1.13, 2015/10/29 01:31:39 UTC

Copying leakage table
Copying gain table
Interpolation tolerance set to (minutes): 720.00
Copying bandpass table

2018-11-22 17:13:41,984 [MainThread  ] [INFO ]  pgflag vis=a.9500 command='<b' stokes=i,v,q,u flagpar=8,2,2,3,6,3  options=nodisp

pgflag: Revision 1.30, 2016/10/05 23:06:50 UTC

Applying bandpass corrections to a.9500
Applying freq. dependent gain corrections to a.9500
Applying freq. dependent leakage correction to a.9500
Applying changes to dataset
Counts of correlations within selected channels:
 channel  Originally  Currently
 Good:     440769472  429121620    Changed to bad:   11647852
 Bad:       70054424   81702276    Changed to good:         0
 16.0% of the data is now flagged

2018-11-22 17:36:43,503 [MainThread  ] [INFO ]  pgflag vis=a.9500 command='<b' stokes=i,v,u,q flagpar=8,2,2,3,6,3  options=nodisp

pgflag: Revision 1.30, 2016/10/05 23:06:50 UTC

Applying bandpass corrections to a.9500
Applying freq. dependent gain corrections to a.9500
Applying freq. dependent leakage correction to a.9500
Applying changes to dataset
Counts of correlations within selected channels:
 channel  Originally  Currently
 Good:     429121620  420058508    Changed to bad:    9063112
 Bad:       81702276   90765388    Changed to good:         0
 17.8% of the data is now flagged

2018-11-22 17:42:32,520 [MainThread  ] [INFO ]  uvsplit vis=a.9500

uvsplit: Revision 1.18, 2016/05/09 03:06:18 UTC

Creating a_361.9500
Creating a_362.9500
Creating a_363.9500
Creating a_364.9500
Creating a_365.9500
Creating a_366.9500
Creating a_367.9500
Creating a_368.9500
Creating a_369.9500
Creating a_370.9500
Creating a_371.9500
Creating a_372.9500
Creating a_373.9500
Creating a_374.9500
Creating a_375.9500
Creating a_376.9500
Creating a_377.9500
Creating a_378.9500
Creating a_379.9500
Creating a_380.9500
Creating a_381.9500
Creating a_382.9500
Creating a_383.9500
Creating a_384.9500
Creating a_385.9500
Creating a_386.9500
Creating a_387.9500
Creating a_388.9500
Creating a_389.9500
Creating a_390.9500
Creating a_391.9500
Creating a_392.9500
Creating a_393.9500
Creating a_394.9500
Creating a_395.9500
Creating a_396.9500
Creating a_397.9500
Creating a_398.9500
Creating a_399.9500
Creating a_400.9500
Creating a_401.9500
Creating a_402.9500
Creating a_403.9500
Creating a_404.9500
Creating a_405.9500
Creating a_406.9500
Creating a_407.9500
Creating a_408.9500
Creating a_409.9500
Creating a_410.9500
Creating a_411.9500
Creating a_412.9500
Creating a_413.9500
Creating a_414.9500
Creating a_415.9500
Creating a_416.9500
Creating a_417.9500
Creating a_418.9500
Creating a_419.9500
Creating a_420.9500
Creating a_421.9500
Creating a_422.9500
Creating a_423.9500
Creating a_424.9500
Creating a_425.9500
Creating a_426.9500
Creating a_427.9500
Creating a_428.9500
Creating a_429.9500
Creating a_430.9500
Creating a_431.9500
Creating a_432.9500
Creating a_433.9500
Creating a_434.9500
Creating a_435.9500
Creating a_436.9500
Creating a_437.9500
Creating a_438.9500
Creating a_439.9500
Creating a_440.9500
Creating a_441.9500
Creating a_442.9500
Creating a_443.9500
Creating a_444.9500
Creating a_445.9500
Creating a_446.9500
Creating a_447.9500
Creating a_448.9500
Creating a_449.9500
Creating a_450.9500
Creating a_451.9500
Creating a_452.9500
Creating a_453.9500
Creating a_454.9500
Creating a_455.9500
Creating a_456.9500
Creating a_457.9500
Creating a_458.9500
Creating a_459.9500
Creating a_460.9500
Creating a_461.9500
Creating a_462.9500
Creating a_463.9500
Creating a_464.9500
Creating a_465.9500
Creating a_466.9500
Creating a_467.9500
Creating a_468.9500
Creating a_469.9500
Creating a_470.9500
Creating a_471.9500
Creating a_472.9500
Creating a_473.9500
Creating a_474.9500
Creating a_475.9500
Creating a_476.9500
Creating a_477.9500
Creating a_478.9500
Creating a_479.9500
Creating a_480.9500
Creating a_481.9500
Creating a_482.9500
Creating a_483.9500
Creating a_484.9500
Creating a_485.9500
Creating a_486.9500
Creating a_487.9500
Creating a_488.9500
Creating a_489.9500
Creating a_490.9500
Creating a_491.9500
Creating a_492.9500
Creating a_493.9500
Creating a_494.9500
Creating a_495.9500
Creating a_496.9500
Creating a_497.9500
Creating a_498.9500
Creating a_499.9500
Creating a_500.9500
Creating a_501.9500
Creating a_502.9500
Creating a_503.9500
Creating a_504.9500
Creating a_505.9500
Creating a_506.9500
Creating a_507.9500
Creating a_508.9500
Creating a_509.9500
Creating a_510.9500
Creating a_511.9500
Creating a_512.9500
Creating a_513.9500
Creating a_514.9500
Creating a_515.9500
Creating a_516.9500
Creating a_517.9500
Creating a_518.9500
Creating a_519.9500
Creating a_520.9500
Creating a_521.9500
Creating a_522.9500
Creating a_523.9500
Creating a_524.9500
Creating a_525.9500
Creating a_526.9500
Creating a_527.9500
Creating a_528.9500
Creating a_529.9500
Creating a_530.9500
Creating a_531.9500
Creating a_532.9500
Creating a_533.9500
Creating a_534.9500
Creating a_535.9500
Creating a_536.9500
Creating a_537.9500
Creating a_538.9500
Creating a_539.9500
Creating a_540.9500

