2018-08-03 09:12:33,660 [MainThread  ] [INFO ]  atlod in=raw/2016-12-06_0239.C3132,raw/2016-12-06_0527.C3132,raw/2016-12-06_0814.C3132,raw/2016-12-06_1132.C3132 out=data5.uv ifsel=1 options=birdie,rfiflag,noauto,xycorr

atlod: Revision 1.53, 2016/08/25 23:02:21 UTC

Processing file raw/2016-12-06_0239.C3132
 02:38:47 CAOBS> focus default
 02:39:23 CAOBS> track 1
CABB data detected
Scan 1 started at 16DEC06:02:39:40.0
Source: 1934-638
Flagging channels in  28 frequency ranges
 02:50:09 CAOBS> stop
 02:50:47 CAOBS> set file c3132_obs_d2.sch
 02:50:58 CAOBS> start 3/99
Scan 2 started at 16DEC06:02:52:20.0
Source: 2245-328
Scan 3 started at 16DEC06:02:54:54.5
Source: d_201
Source: d_202
Source: d_203
Source: d_204
Source: d_205
Source: d_206
Source: d_207
Source: d_208
Source: d_209
Source: d_210
Source: d_211
Source: d_212
Source: d_213
Source: d_214
Source: d_215
Source: d_216
Source: d_217
Source: d_218
Source: d_219
Source: d_220
Scan 4 started at 16DEC06:03:08:28.0
Source: 2245-328
Scan 5 started at 16DEC06:03:11:02.5
Source: d_221
Source: d_222
Source: d_223
Source: d_224
Source: d_225
Source: d_226
Source: d_227
Source: d_228
Source: d_229
Source: d_230
Source: d_231
Source: d_232
Source: d_233
Source: d_234
Source: d_235
Source: d_236
Source: d_237
Source: d_238
Source: d_239
Source: d_240
Scan 6 started at 16DEC06:03:24:36.0
Source: 2245-328
Scan 7 started at 16DEC06:03:27:16.0
Source: d_241
Source: d_242
Source: d_243
Source: d_244
Source: d_245
Source: d_246
Source: d_247
Source: d_248
Source: d_249
Source: d_250
Source: d_251
Source: d_252
Source: d_253
Source: d_254
Source: d_255
Source: d_256
Source: d_257
Source: d_258
Source: d_259
Source: d_260
Scan 8 started at 16DEC06:03:40:44.0
Source: 2245-328
Scan 9 started at 16DEC06:03:43:24.0
Source: d_261
Source: d_262
Source: d_263
Source: d_264
Source: d_265
Source: d_266
Source: d_267
Source: d_268
Source: d_269
Source: d_270
Source: d_271
Source: d_272
Source: d_273
Source: d_274
Source: d_275
Source: d_276
Source: d_277
Source: d_278
Source: d_279
Source: d_280
Scan 10 started at 16DEC06:03:56:52.0
Source: 2245-328
Scan 11 started at 16DEC06:03:59:26.5
Source: d_281
Source: d_282
Source: d_283
Source: d_284
Source: d_285
Source: d_286
Source: d_287
Source: d_288
Source: d_289
Source: d_290
Source: d_291
Source: d_292
Source: d_293
Source: d_294
Source: d_295
Source: d_296
Source: d_297
Source: d_298
Source: d_299
Source: d_300
Scan 12 started at 16DEC06:04:13:00.0
Source: 2245-328
Scan 13 started at 16DEC06:04:15:40.0
Source: d_301
Source: d_302
Source: d_303
Source: d_304
Source: d_305
Source: d_306
Source: d_307
Source: d_308
Source: d_309
Source: d_310
Source: d_311
Source: d_312
Source: d_313
Source: d_314
Source: d_315
Source: d_316
Source: d_317
Source: d_318
Source: d_319
Source: d_320
Scan 14 started at 16DEC06:04:29:08.0
Source: 2245-328
Scan 15 started at 16DEC06:04:31:48.0
Source: d_321
Source: d_322
Source: d_323
Source: d_324
Source: d_325
Source: d_326
Source: d_327
Source: d_328
Source: d_329
Source: d_330
Source: d_331
Source: d_332
Source: d_333
Source: d_334
Source: d_335
Source: d_336
Source: d_337
Source: d_338
Source: d_339
Source: d_340
Scan 16 started at 16DEC06:04:45:16.0
Source: 2245-328
Scan 17 started at 16DEC06:04:47:50.8
Source: d_341
Source: d_342
Source: d_343
Source: d_344
Source: d_345
Source: d_346
Source: d_347
Source: d_348
Source: d_349
Source: d_350
Source: d_351
Source: d_352
Source: d_353
Source: d_354
Source: d_355
Source: d_356
Source: d_357
Source: d_358
Source: d_359
Source: d_360
Scan 18 started at 16DEC06:05:01:24.0
Source: 2245-328
Scan 19 started at 16DEC06:05:04:20.0
Source: d_181
Source: d_182
Source: d_183
Source: d_184
Source: d_185
Source: d_186
Source: d_187
Source: d_188
Source: d_189
Source: d_190
Source: d_191
Source: d_192
Source: d_193
Source: d_194
Source: d_195
Source: d_196
Source: d_197
Source: d_198
Source: d_199
Source: d_200
Scan 20 started at 16DEC06:05:17:40.0
Source: 2245-328
Scan 21 started at 16DEC06:05:20:28.0
Source: d_201
Source: d_202
Source: d_203
Source: d_204
Source: d_205
Source: d_206
Source: d_207
Source: d_208
Source: d_209
Source: d_210
Source: d_211
RPFITS file version is 2.12
---------------------------------------
Total number of spectra selected: 72660

Summary of spectra flagged
Flagging Reason            Fraction
---------------            --------
Antenna off-source/off-line  3.06%
---------------------------------------
Processing file raw/2016-12-06_0527.C3132
CABB data detected
Scan 1 started at 16DEC06:05:27:24.0
Source: d_211
Source: d_212
Source: d_213
Source: d_214
Source: d_215
Source: d_216
Source: d_217
Source: d_218
Source: d_219
Source: d_220
Scan 2 started at 16DEC06:05:33:56.0
Source: 2245-328
Scan 3 started at 16DEC06:05:36:44.0
Source: d_221
Source: d_222
Source: d_223
Source: d_224
Source: d_225
Source: d_226
Source: d_227
Source: d_228
Source: d_229
Source: d_230
Source: d_231
Source: d_232
Source: d_233
Source: d_234
Source: d_235
Source: d_236
Source: d_237
Source: d_238
Source: d_239
Source: d_240
Scan 4 started at 16DEC06:05:50:12.0
Source: 2245-328
Scan 5 started at 16DEC06:05:53:08.0
Source: d_241
Source: d_242
Source: d_243
Source: d_244
Source: d_245
Source: d_246
Source: d_247
Source: d_248
Source: d_249
Source: d_250
Source: d_251
Source: d_252
Source: d_253
Source: d_254
Source: d_255
Source: d_256
Source: d_257
Source: d_258
Source: d_259
Source: d_260
Scan 6 started at 16DEC06:06:06:28.0
Source: 2245-328
Scan 7 started at 16DEC06:06:09:24.0
Source: d_261
Source: d_262
Source: d_263
Source: d_264
Source: d_265
Source: d_266
Source: d_267
Source: d_268
Source: d_269
Source: d_270
Source: d_271
Source: d_272
Source: d_273
Source: d_274
Source: d_275
Source: d_276
Source: d_277
Source: d_278
Source: d_279
Source: d_280
Scan 8 started at 16DEC06:06:22:52.0
Source: 2245-328
Scan 9 started at 16DEC06:06:25:34.5
Source: d_281
Source: d_282
Source: d_283
Source: d_284
Source: d_285
Source: d_286
Source: d_287
Source: d_288
Source: d_289
Source: d_290
Source: d_291
Source: d_292
Source: d_293
Source: d_294
Source: d_295
Source: d_296
Source: d_297
Source: d_298
Source: d_299
Source: d_300
Scan 10 started at 16DEC06:06:39:08.0
Source: 2245-328
Scan 11 started at 16DEC06:06:42:04.0
Source: d_301
Source: d_302
Source: d_303
Source: d_304
Source: d_305
Source: d_306
Source: d_307
Source: d_308
Source: d_309
Source: d_310
Source: d_311
Source: d_312
Source: d_313
Source: d_314
Source: d_315
Source: d_316
Source: d_317
Source: d_318
Source: d_319
Source: d_320
Scan 12 started at 16DEC06:06:55:24.0
Source: 2245-328
Scan 13 started at 16DEC06:06:58:36.0
Source: d_321
Source: d_322
Source: d_323
Source: d_324
Source: d_325
Source: d_326
Source: d_327
Source: d_328
Source: d_329
Source: d_330
Source: d_331
Source: d_332
Source: d_333
Source: d_334
Source: d_335
Source: d_336
Source: d_337
Source: d_338
Source: d_339
Source: d_340
Scan 14 started at 16DEC06:07:11:56.0
Source: 2245-328
Scan 15 started at 16DEC06:07:15:00.0
Source: d_341
Source: d_342
Source: d_343
Source: d_344
Source: d_345
Source: d_346
Source: d_347
Source: d_348
Source: d_349
Source: d_350
Source: d_351
Source: d_352
Source: d_353
Source: d_354
Source: d_355
Source: d_356
Source: d_357
Source: d_358
Source: d_359
Source: d_360
Scan 16 started at 16DEC06:07:28:28.0
Source: 2245-328
Scan 17 started at 16DEC06:07:31:56.0
Source: d_181
Source: d_182
Source: d_183
Source: d_184
Source: d_185
Source: d_186
Source: d_187
Source: d_188
Source: d_189
Source: d_190
Source: d_191
Source: d_192
Source: d_193
Source: d_194
Source: d_195
Source: d_196
Source: d_197
Source: d_198
Source: d_199
Source: d_200
Scan 18 started at 16DEC06:07:45:08.0
Source: 2245-328
Scan 19 started at 16DEC06:07:47:56.0
Source: d_201
Source: d_202
Source: d_203
Source: d_204
Source: d_205
Source: d_206
Source: d_207
Source: d_208
Source: d_209
Source: d_210
Source: d_211
Source: d_212
Source: d_213
Source: d_214
Source: d_215
Source: d_216
Source: d_217
Source: d_218
Source: d_219
Source: d_220
Scan 20 started at 16DEC06:08:02:04.0
Source: 2245-328
Scan 21 started at 16DEC06:08:05:18.8
Source: d_221
Source: d_222
Source: d_223
Source: d_224
Source: d_225
Source: d_226
Source: d_227
Source: d_228
Source: d_229
Source: d_230
Source: d_231
Source: d_232
Source: d_233
Source: d_234
RPFITS file version is 2.12
---------------------------------------
Total number of spectra selected: 72660

Summary of spectra flagged
Flagging Reason            Fraction
---------------            --------
Antenna off-source/off-line  7.05%
---------------------------------------
Processing file raw/2016-12-06_0814.C3132
CABB data detected
Scan 1 started at 16DEC06:08:14:12.0
Source: d_234
Source: d_235
Source: d_236
Source: d_237
Source: d_238
Source: d_239
Source: d_240
Scan 2 started at 16DEC06:08:19:00.0
Source: 2245-328
Scan 3 started at 16DEC06:08:22:20.0
Source: d_241
Source: d_242
Source: d_243
Source: d_244
Source: d_245
Source: d_246
Source: d_247
Source: d_248
Source: d_249
Source: d_250
Source: d_251
Source: d_252
Source: d_253
Source: d_254
Source: d_255
Source: d_256
Source: d_257
Source: d_258
Source: d_259
Source: d_260
Scan 4 started at 16DEC06:08:35:40.0
Source: 2245-328
Scan 5 started at 16DEC06:08:38:44.0
Source: d_261
Source: d_262
Source: d_263
Source: d_264
Source: d_265
Source: d_266
Source: d_267
Source: d_268
Source: d_269
Source: d_270
Source: d_271
Source: d_272
Source: d_273
Source: d_274
Source: d_275
Source: d_276
Source: d_277
Source: d_278
Source: d_279
Source: d_280
Scan 6 started at 16DEC06:08:52:20.0
Source: 2245-328
Scan 7 started at 16DEC06:08:55:10.8
Source: d_281
Source: d_282
Source: d_283
Source: d_284
Source: d_285
Source: d_286
Source: d_287
Source: d_288
Source: d_289
Source: d_290
Source: d_291
Source: d_292
 08:57:16 CAOBS> set genset_on all
 08:57:18 CAOBS> show status
 09:34:45 CAOBS> start 11/99
Scan 8 started at 16DEC06:09:39:08.0
Source: 2245-328
 09:40:38 CAOBS> set genset_off all
 09:40:41 CAOBS> show status
Scan 9 started at 16DEC06:09:41:50.5
Source: d_281
Source: d_282
Source: d_283
Source: d_284
Source: d_285
Source: d_286
Source: d_287
Source: d_288
Source: d_289
Source: d_290
Source: d_291
Source: d_292
Source: d_293
Source: d_294
Source: d_295
Source: d_296
Source: d_297
Source: d_298
Source: d_299
Source: d_300
Scan 10 started at 16DEC06:09:55:24.0
Source: 2245-328
Scan 11 started at 16DEC06:09:58:12.0
Source: d_301
Source: d_302
Source: d_303
Source: d_304
Source: d_305
Source: d_306
Source: d_307
Source: d_308
Source: d_309
Source: d_310
Source: d_311
Source: d_312
Source: d_313
Source: d_314
Source: d_315
Source: d_316
Source: d_317
Source: d_318
Source: d_319
Source: d_320
Scan 12 started at 16DEC06:10:11:40.0
Source: 2245-328
Scan 13 started at 16DEC06:10:14:36.0
Source: d_321
Source: d_322
Source: d_323
Source: d_324
Source: d_325
Source: d_326
Source: d_327
Source: d_328
Source: d_329
Source: d_330
Source: d_331
Source: d_332
Source: d_333
Source: d_334
Source: d_335
Source: d_336
Source: d_337
Source: d_338
Source: d_339
Source: d_340
Scan 14 started at 16DEC06:10:27:56.0
Source: 2245-328
Scan 15 started at 16DEC06:10:30:44.0
Source: d_341
Source: d_342
Source: d_343
Source: d_344
Source: d_345
Source: d_346
Source: d_347
Source: d_348
Source: d_349
Source: d_350
Source: d_351
Source: d_352
Source: d_353
Source: d_354
Source: d_355
Source: d_356
Source: d_357
Source: d_358
Source: d_359
Source: d_360
Scan 16 started at 16DEC06:10:44:12.0
Source: 2245-328
Scan 17 started at 16DEC06:10:47:00.0
Source: d_181
Source: d_182
Source: d_183
Source: d_184
Source: d_185
Source: d_186
Source: d_187
Source: d_188
Source: d_189
Source: d_190
Source: d_191
Source: d_192
Source: d_193
Source: d_194
Source: d_195
Source: d_196
Source: d_197
Source: d_198
Source: d_199
Source: d_200
Scan 18 started at 16DEC06:11:00:20.0
Source: 2245-328
Scan 19 started at 16DEC06:11:03:00.0
Source: d_201
Source: d_202
Source: d_203
Source: d_204
Source: d_205
Source: d_206
Source: d_207
Source: d_208
Source: d_209
Source: d_210
Source: d_211
Source: d_212
Source: d_213
Source: d_214
Source: d_215
Source: d_216
Source: d_217
Source: d_218
Source: d_219
Source: d_220
Scan 20 started at 16DEC06:11:16:28.0
Source: 2245-328
Scan 21 started at 16DEC06:11:19:16.0
Source: d_221
Source: d_222
Source: d_223
Source: d_224
Source: d_225
Source: d_226
Source: d_227
Source: d_228
Source: d_229
Source: d_230
Source: d_231
Source: d_232
Source: d_233
Source: d_234
Source: d_235
Source: d_236
Source: d_237
Source: d_238
Source: d_239
Source: d_240
Scan 22 started at 16DEC06:11:32:44.0
Source: 2245-328
RPFITS file version is 2.12
---------------------------------------
Total number of spectra selected: 72660

Summary of spectra flagged
Flagging Reason            Fraction
---------------            --------
Antenna off-source/off-line  6.98%
---------------------------------------
Processing file raw/2016-12-06_1132.C3132
CABB data detected
Scan 1 started at 16DEC06:11:32:52.0
Source: 2245-328
Scan 2 started at 16DEC06:11:35:24.0
Source: d_241
Source: d_242
Source: d_243
Source: d_244
Source: d_245
Source: d_246
Source: d_247
Source: d_248
Source: d_249
Source: d_250
Source: d_251
Source: d_252
Source: d_253
Source: d_254
Source: d_255
Source: d_256
Source: d_257
Source: d_258
Source: d_259
Source: d_260
Scan 3 started at 16DEC06:11:48:52.0
Source: 2245-328
Scan 4 started at 16DEC06:11:51:32.0
Source: d_261
Source: d_262
Source: d_263
Source: d_264
Source: d_265
Source: d_266
Source: d_267
Source: d_268
Source: d_269
Source: d_270
Source: d_271
Source: d_272
Source: d_273
Source: d_274
Source: d_275
Source: d_276
Source: d_277
Source: d_278
Source: d_279
Source: d_280
Scan 5 started at 16DEC06:12:05:00.0
Source: 2245-328
Scan 6 started at 16DEC06:12:07:34.5
Source: d_281
Source: d_282
Source: d_283
Source: d_284
Source: d_285
Source: d_286
Source: d_287
Source: d_288
Source: d_289
Source: d_290
Source: d_291
Source: d_292
Source: d_293
Source: d_294
Source: d_295
Source: d_296
Source: d_297
Source: d_298
Source: d_299
Source: d_300
Scan 7 started at 16DEC06:12:21:08.0
Source: 2245-328
Scan 8 started at 16DEC06:12:23:48.0
Source: d_301
Source: d_302
Source: d_303
Source: d_304
Source: d_305
Source: d_306
Source: d_307
Source: d_308
Source: d_309
Source: d_310
Source: d_311
Source: d_312
Source: d_313
Source: d_314
Source: d_315
Source: d_316
Source: d_317
Source: d_318
Source: d_319
Source: d_320
Scan 9 started at 16DEC06:12:37:16.0
Source: 2245-328
Scan 10 started at 16DEC06:12:39:56.0
Source: d_321
Source: d_322
Source: d_323
Source: d_324
Source: d_325
Source: d_326
Source: d_327
Source: d_328
Source: d_329
Source: d_330
Source: d_331
Source: d_332
Source: d_333
Source: d_334
Source: d_335
Source: d_336
Source: d_337
Source: d_338
Source: d_339
Source: d_340
Scan 11 started at 16DEC06:12:53:24.0
Source: 2245-328
Scan 12 started at 16DEC06:12:55:58.8
Source: d_341
Source: d_342
Source: d_343
Source: d_344
Source: d_345
Source: d_346
Source: d_347
Source: d_348
Source: d_349
Source: d_350
Source: d_351
Source: d_352
Source: d_353
Source: d_354
Source: d_355
Source: d_356
Source: d_357
Source: d_358
Source: d_359
Source: d_360
 12:57:23 CAOBS> 30m
Scan 13 started at 16DEC06:13:09:32.0
Source: 2245-328
Scan 14 started at 16DEC06:13:12:28.0
Source: d_181
Source: d_182
Source: d_183
Source: d_184
Source: d_185
Source: d_186
Source: d_187
Source: d_188
Source: d_189
Source: d_190
Source: d_191
Source: d_192
Source: d_193
Source: d_194
Source: d_195
Source: d_196
Source: d_197
Source: d_198
Source: d_199
Source: d_200
Scan 15 started at 16DEC06:13:25:56.0
Source: 2245-328
Scan 16 started at 16DEC06:13:28:46.8
Source: d_201
Source: d_202
Source: d_203
Source: d_204
Source: d_205
Source: d_206
Source: d_207
Source: d_208
Source: d_209
Source: d_210
Source: d_211
Source: d_212
Source: d_213
Source: d_214
Source: d_215
Source: d_216
Source: d_217
Source: d_218
Source: d_219
Source: d_220
Scan 17 started at 16DEC06:13:42:20.0
Source: 2245-328
Scan 18 started at 16DEC06:13:44:54.8
Source: d_221
Source: d_222
Source: d_223
Source: d_224
Source: d_225
Source: d_226
Source: d_227
Source: d_228
Source: d_229
Source: d_230
Source: d_231
Source: d_232
Source: d_233
Source: d_234
Source: d_235
Source: d_236
Source: d_237
 13:56:01 CAOBS> stop
 13:56:05 CAOBS> start 1/99
Scan 19 started at 16DEC06:13:56:20.0
Source: 2245-328
 13:58:53 CAOBS> stop
 13:59:01 CAOBS> corr close file
RPFITS file version is 2.12
---------------------------------------
Total number of spectra selected: 63360

Summary of spectra flagged
Flagging Reason            Fraction
---------------            --------
Antenna off-source/off-line  2.84%
---------------------------------------

No CACAL data was detected

2018-08-03 09:13:45,394 [MainThread  ] [INFO ]  uvsplit vis=data5.uv options=mosaic

uvsplit: Revision 1.18, 2016/05/09 03:06:18 UTC

Creating 1934-638.5500
Creating 2245-328.5500
Creating d.5500

2018-08-03 09:14:01,296 [MainThread  ] [INFO ]  pgflag vis=1934-638.5500 command='<b' stokes=i,q,u,v flagpar=8,5,5,3,6,3 options=nodisp

pgflag: Revision 1.30, 2016/10/05 23:06:50 UTC

Applying changes to dataset
Counts of correlations within selected channels:
 channel  Originally  Currently
 Good:       8564400    8516844    Changed to bad:      47556
 Bad:        1024920    1072476    Changed to good:         0
 11.2% of the data is now flagged

2018-08-03 09:14:21,695 [MainThread  ] [INFO ]  pgflag vis=1934-638.5500 command='<b' stokes=i,v,q,u flagpar=8,2,2,3,6,3  options=nodisp

pgflag: Revision 1.30, 2016/10/05 23:06:50 UTC

Applying changes to dataset
Counts of correlations within selected channels:
 channel  Originally  Currently
 Good:       8516844    8477824    Changed to bad:      39020
 Bad:        1072476    1111496    Changed to good:         0
 11.6% of the data is now flagged

2018-08-03 09:14:33,815 [MainThread  ] [INFO ]  pgflag vis=1934-638.5500 command='<b' stokes=i,v,u,q flagpar=8,2,2,3,6,3  options=nodisp

pgflag: Revision 1.30, 2016/10/05 23:06:50 UTC

Applying changes to dataset
Counts of correlations within selected channels:
 channel  Originally  Currently
 Good:       8477824    8367264    Changed to bad:     110560
 Bad:        1111496    1222056    Changed to good:         0
 12.7% of the data is now flagged

2018-08-03 09:15:25,695 [MainThread  ] [INFO ]  mfcal vis=1934-638.5500 refant=4 interval=0.1
MfCal: $Revision: 1.20 $, $Date: 2017/05/08 02:31:10 $
Selecting parallel-hand polarisations
Reading the data ...
Number correlations accepted: 4183632
Number of frequency bands/settings: 1
Number of polarisations selected: 2
Number of solution intervals: 78
Number of passband solution intervals: 1
Initialising ...
Using post-Aug94 ATCA flux scale for 1934-638.
Using known frequency variation of 1934-638
Generating initial solution estimate ...
Doing solution refinement ...
Iter= 1, Solution Error:  0.393
Iter= 2, Solution Error:  0.008
Iter= 3, Solution Error:  0.000
Saving solution ...

2018-08-03 09:15:32,226 [MainThread  ] [INFO ]  gpcal vis=1934-638.5500 refant=4 interval=0.1 nfbin=2 options=xyvary

gpcal: Revision 1.22, 2016/05/01 22:31:05 UTC

Applying bandpass corrections to 1934-638.5500
Number of antennae: 6
Reading the data ...
Number of solution intervals: 78
Total visibilities read: 1170
Number visibilities accepted: 1170
Using post-Aug94 ATCA flux scale for 1934-638.
Using IQUV =  5.0064,  0.0000,  0.0000,  0.0000 at   5.4616 GHz.
Using post-Aug94 ATCA flux scale for 1934-638.
Using IQUV =  5.5173,  0.0000,  0.0000,  0.0000 at   5.0317 GHz.
Using post-Aug94 ATCA flux scale for 1934-638.
Using IQUV =  4.5131,  0.0000,  0.0000,  0.0000 at   5.9515 GHz.
Iter= 1, Amplit/Phase Solution Error:   0.381
Iter= 1, Polarisation Solution Error:   0.039
Iter= 1, Overall Solution Error:        1.515
Iter= 2, Amplit/Phase Solution Error:   0.002
Iter= 2, Polarisation Solution Error:   0.000
Iter= 2, Overall Solution Error:        0.003
Iter= 3, Amplit/Phase Solution Error:   0.001
Iter= 3, Polarisation Solution Error:   0.000
Iter= 3, Overall Solution Error:        0.001
I flux density:   5.0064
Leakage terms:
 Ant 1:Dx,Dy = ( 0.00148, 0.00207),(-0.00000, 0.00289)
 Ant 2:Dx,Dy = ( 0.00363, 0.00653),(-0.00445, 0.00680)
 Ant 3:Dx,Dy = ( 0.00535,-0.00403),(-0.00982,-0.00438)
 Ant 4:Dx,Dy = ( 0.00437, 0.01732),(-0.00401, 0.01825)
 Ant 5:Dx,Dy = (-0.01852,-0.00200),( 0.01635,-0.00176)
 Ant 6:Dx,Dy = ( 0.00127,-0.02126),(-0.00049,-0.02044)
Solution for freq bin  1
Iter= 1, Amplit/Phase Solution Error:   0.358
Iter= 1, Polarisation Solution Error:   0.041
Iter= 1, Overall Solution Error:        1.449
Iter= 2, Amplit/Phase Solution Error:   0.002
Iter= 2, Polarisation Solution Error:   0.000
Iter= 2, Overall Solution Error:        0.002
Iter= 3, Amplit/Phase Solution Error:   0.001
Iter= 3, Polarisation Solution Error:   0.000
Iter= 3, Overall Solution Error:        0.001
I flux density:   5.5173
Leakage terms:
 Ant 1:Dx,Dy = ( 0.00131, 0.00231),(-0.00019, 0.00309)
 Ant 2:Dx,Dy = ( 0.00401, 0.00735),(-0.00505, 0.00759)
 Ant 3:Dx,Dy = ( 0.00465,-0.00405),(-0.01066,-0.00384)
 Ant 4:Dx,Dy = ( 0.00380, 0.01802),(-0.00446, 0.01898)
 Ant 5:Dx,Dy = (-0.01917,-0.00248),( 0.01563,-0.00220)
 Ant 6:Dx,Dy = ( 0.00054,-0.02305),(-0.00013,-0.02172)
Solution for freq bin  2
Iter= 1, Amplit/Phase Solution Error:   0.412
Iter= 1, Polarisation Solution Error:   0.036
Iter= 1, Overall Solution Error:        1.593
Iter= 2, Amplit/Phase Solution Error:   0.002
Iter= 2, Polarisation Solution Error:   0.000
Iter= 2, Overall Solution Error:        0.003
Iter= 3, Amplit/Phase Solution Error:   0.001
Iter= 3, Polarisation Solution Error:   0.000
Iter= 3, Overall Solution Error:        0.001
I flux density:   4.5131
Leakage terms:
 Ant 1:Dx,Dy = ( 0.00170, 0.00176),( 0.00023, 0.00265)
 Ant 2:Dx,Dy = ( 0.00313, 0.00547),(-0.00367, 0.00578)
 Ant 3:Dx,Dy = ( 0.00625,-0.00400),(-0.00874,-0.00507)
 Ant 4:Dx,Dy = ( 0.00510, 0.01643),(-0.00343, 0.01731)
 Ant 5:Dx,Dy = (-0.01770,-0.00138),( 0.01726,-0.00118)
 Ant 6:Dx,Dy = ( 0.00223,-0.01897),(-0.00094,-0.01880)

2018-08-03 09:15:55,355 [MainThread  ] [INFO ]  pgflag vis=1934-638.5500 command='<b' stokes=i,q,u,v flagpar=8,5,5,3,6,3 options=nodisp

pgflag: Revision 1.30, 2016/10/05 23:06:50 UTC

Applying bandpass corrections to 1934-638.5500
Applying freq. dependent gain corrections to 1934-638.5500
Applying freq. dependent leakage correction to 1934-638.5500
Applying changes to dataset
Counts of correlations within selected channels:
 channel  Originally  Currently
 Good:       8367264    8350440    Changed to bad:      16824
 Bad:        1222056    1238880    Changed to good:         0
 12.9% of the data is now flagged

2018-08-03 09:16:11,776 [MainThread  ] [INFO ]  pgflag vis=1934-638.5500 command='<b' stokes=i,v,q,u flagpar=8,2,2,3,6,3  options=nodisp

pgflag: Revision 1.30, 2016/10/05 23:06:50 UTC

Applying bandpass corrections to 1934-638.5500
Applying freq. dependent gain corrections to 1934-638.5500
Applying freq. dependent leakage correction to 1934-638.5500
Applying changes to dataset
Counts of correlations within selected channels:
 channel  Originally  Currently
 Good:       8350440    8332728    Changed to bad:      17712
 Bad:        1238880    1256592    Changed to good:         0
 13.1% of the data is now flagged

2018-08-03 09:16:31,910 [MainThread  ] [INFO ]  pgflag vis=1934-638.5500 command='<b' stokes=i,v,u,q flagpar=8,2,2,3,6,3  options=nodisp

pgflag: Revision 1.30, 2016/10/05 23:06:50 UTC

Applying bandpass corrections to 1934-638.5500
Applying freq. dependent gain corrections to 1934-638.5500
Applying freq. dependent leakage correction to 1934-638.5500
Applying changes to dataset
Counts of correlations within selected channels:
 channel  Originally  Currently
 Good:       8332728    8317548    Changed to bad:      15180
 Bad:        1256592    1271772    Changed to good:         0
 13.3% of the data is now flagged

2018-08-03 09:17:20,323 [MainThread  ] [INFO ]  mfcal vis=1934-638.5500 refant=4 interval=0.1
MfCal: $Revision: 1.20 $, $Date: 2017/05/08 02:31:10 $
Selecting parallel-hand polarisations
Reading the data ...
Number correlations accepted: 4158774
Number of frequency bands/settings: 1
Number of polarisations selected: 2
Number of solution intervals: 78
Number of passband solution intervals: 1
Initialising ...
Using post-Aug94 ATCA flux scale for 1934-638.
Using known frequency variation of 1934-638
Generating initial solution estimate ...
Doing solution refinement ...
Iter= 1, Solution Error:  0.395
Iter= 2, Solution Error:  0.008
Iter= 3, Solution Error:  0.000
Saving solution ...

2018-08-03 09:17:22,060 [MainThread  ] [INFO ]  gpcal vis=1934-638.5500 refant=4 interval=0.1 nfbin=2 options=xyvary

gpcal: Revision 1.22, 2016/05/01 22:31:05 UTC

Applying bandpass corrections to 1934-638.5500
Number of antennae: 6
Using leakage parameters from input as initial guess
Reading the data ...
Number of solution intervals: 78
Total visibilities read: 1170
Number visibilities accepted: 1170
Using post-Aug94 ATCA flux scale for 1934-638.
Using IQUV =  5.0069,  0.0000,  0.0000,  0.0000 at   5.4612 GHz.
Using post-Aug94 ATCA flux scale for 1934-638.
Using IQUV =  5.5149,  0.0000,  0.0000,  0.0000 at   5.0335 GHz.
Using post-Aug94 ATCA flux scale for 1934-638.
Using IQUV =  4.5150,  0.0000,  0.0000,  0.0000 at   5.9495 GHz.
Iter= 1, Amplit/Phase Solution Error:   0.382
Iter= 1, Polarisation Solution Error:   0.000
Iter= 1, Overall Solution Error:        1.515
Iter= 2, Amplit/Phase Solution Error:   0.002
Iter= 2, Polarisation Solution Error:   0.000
Iter= 2, Overall Solution Error:        0.003
Iter= 3, Amplit/Phase Solution Error:   0.001
Iter= 3, Polarisation Solution Error:   0.000
Iter= 3, Overall Solution Error:        0.001
I flux density:   5.0069
Leakage terms:
 Ant 1:Dx,Dy = ( 0.00148, 0.00207),(-0.00000, 0.00289)
 Ant 2:Dx,Dy = ( 0.00364, 0.00655),(-0.00444, 0.00681)
 Ant 3:Dx,Dy = ( 0.00536,-0.00403),(-0.00982,-0.00437)
 Ant 4:Dx,Dy = ( 0.00436, 0.01732),(-0.00400, 0.01826)
 Ant 5:Dx,Dy = (-0.01853,-0.00201),( 0.01634,-0.00177)
 Ant 6:Dx,Dy = ( 0.00128,-0.02127),(-0.00050,-0.02045)
Solution for freq bin  1
Iter= 1, Amplit/Phase Solution Error:   0.359
Iter= 1, Polarisation Solution Error:   0.002
Iter= 1, Overall Solution Error:        1.449
Iter= 2, Amplit/Phase Solution Error:   0.002
Iter= 2, Polarisation Solution Error:   0.000
Iter= 2, Overall Solution Error:        0.002
Iter= 3, Amplit/Phase Solution Error:   0.001
Iter= 3, Polarisation Solution Error:   0.000
Iter= 3, Overall Solution Error:        0.001
I flux density:   5.5149
Leakage terms:
 Ant 1:Dx,Dy = ( 0.00130, 0.00231),(-0.00019, 0.00309)
 Ant 2:Dx,Dy = ( 0.00402, 0.00735),(-0.00503, 0.00759)
 Ant 3:Dx,Dy = ( 0.00465,-0.00405),(-0.01067,-0.00383)
 Ant 4:Dx,Dy = ( 0.00380, 0.01801),(-0.00443, 0.01898)
 Ant 5:Dx,Dy = (-0.01918,-0.00250),( 0.01562,-0.00222)
 Ant 6:Dx,Dy = ( 0.00056,-0.02303),(-0.00014,-0.02170)
Solution for freq bin  2
Iter= 1, Amplit/Phase Solution Error:   0.413
Iter= 1, Polarisation Solution Error:   0.003
Iter= 1, Overall Solution Error:        1.592
Iter= 2, Amplit/Phase Solution Error:   0.002
Iter= 2, Polarisation Solution Error:   0.000
Iter= 2, Overall Solution Error:        0.003
Iter= 3, Amplit/Phase Solution Error:   0.001
Iter= 3, Polarisation Solution Error:   0.000
Iter= 3, Overall Solution Error:        0.001
I flux density:   4.5150
Leakage terms:
 Ant 1:Dx,Dy = ( 0.00170, 0.00177),( 0.00023, 0.00265)
 Ant 2:Dx,Dy = ( 0.00314, 0.00549),(-0.00367, 0.00579)
 Ant 3:Dx,Dy = ( 0.00626,-0.00401),(-0.00874,-0.00507)
 Ant 4:Dx,Dy = ( 0.00507, 0.01644),(-0.00343, 0.01734)
 Ant 5:Dx,Dy = (-0.01772,-0.00138),( 0.01725,-0.00117)
 Ant 6:Dx,Dy = ( 0.00222,-0.01900),(-0.00096,-0.01884)

2018-08-03 09:17:22,229 [MainThread  ] [INFO ]  gpcopy vis=1934-638.5500 out=2245-328.5500

gpcopy: Revision 1.13, 2015/10/29 01:31:39 UTC

Copying leakage table
Copying gain table
Interpolation tolerance set to (minutes): 720.00
Copying bandpass table

2018-08-03 09:19:40,404 [MainThread  ] [INFO ]  pgflag vis=2245-328.5500 command='<b' stokes=i,q,u,v flagpar=8,5,5,3,6,3 options=nodisp

pgflag: Revision 1.30, 2016/10/05 23:06:50 UTC

Applying bandpass corrections to 2245-328.5500
Applying freq. dependent gain corrections to 2245-328.5500
Applying freq. dependent leakage correction to 2245-328.5500
Applying changes to dataset
Counts of correlations within selected channels:
 channel  Originally  Currently
 Good:      65880000   65301588    Changed to bad:     578412
 Bad:        7884000    8462412    Changed to good:         0
 11.5% of the data is now flagged

2018-08-03 09:21:59,562 [MainThread  ] [INFO ]  pgflag vis=2245-328.5500 command='<b' stokes=i,v,q,u flagpar=8,2,2,3,6,3  options=nodisp

pgflag: Revision 1.30, 2016/10/05 23:06:50 UTC

Applying bandpass corrections to 2245-328.5500
Applying freq. dependent gain corrections to 2245-328.5500
Applying freq. dependent leakage correction to 2245-328.5500
Applying changes to dataset
Counts of correlations within selected channels:
 channel  Originally  Currently
 Good:      65301588   64790696    Changed to bad:     510892
 Bad:        8462412    8973304    Changed to good:         0
 12.2% of the data is now flagged

2018-08-03 09:24:20,847 [MainThread  ] [INFO ]  pgflag vis=2245-328.5500 command='<b' stokes=i,v,u,q flagpar=8,2,2,3,6,3  options=nodisp

pgflag: Revision 1.30, 2016/10/05 23:06:50 UTC

Applying bandpass corrections to 2245-328.5500
Applying freq. dependent gain corrections to 2245-328.5500
Applying freq. dependent leakage correction to 2245-328.5500
Applying changes to dataset
Counts of correlations within selected channels:
 channel  Originally  Currently
 Good:      64790696   64216340    Changed to bad:     574356
 Bad:        8973304    9547660    Changed to good:         0
 12.9% of the data is now flagged

2018-08-03 09:24:25,135 [MainThread  ] [INFO ]  gpcal vis=2245-328.5500 refant=4 interval=0.1 nfbin=2 options=xyvary,qusolve

gpcal: Revision 1.22, 2016/05/01 22:31:05 UTC

Applying bandpass corrections to 2245-328.5500
Number of antennae: 6
Using leakage parameters from input as initial guess
Reading the data ...
Number of solution intervals: 600
Total visibilities read: 9000
Number visibilities accepted: 9000
Iter= 1, Amplit/Phase Solution Error:   0.755
Iter= 1, Polarisation Solution Error:   0.006
Iter= 1, Overall Solution Error:        2.356
Iter= 2, Amplit/Phase Solution Error:   0.006
Iter= 2, Polarisation Solution Error:   0.000
Iter= 2, Overall Solution Error:        0.005
Iter= 3, Amplit/Phase Solution Error:   0.001
Iter= 3, Polarisation Solution Error:   0.000
Iter= 3, Overall Solution Error:        0.001
I flux density:   0.5953
Percent Q:  -0.564
Percent U:  -0.031
Leakage terms:
 Ant 1:Dx,Dy = ( 0.00118, 0.00172),( 0.00044, 0.00288)
 Ant 2:Dx,Dy = ( 0.00402, 0.00598),(-0.00368, 0.00665)
 Ant 3:Dx,Dy = ( 0.00585,-0.00391),(-0.00942,-0.00426)
 Ant 4:Dx,Dy = ( 0.00492, 0.01719),(-0.00340, 0.01859)
 Ant 5:Dx,Dy = (-0.01777,-0.00195),( 0.01672,-0.00128)
 Ant 6:Dx,Dy = ( 0.00126,-0.02137),(-0.00119,-0.02024)
Solution for freq bin  1
Iter= 1, Amplit/Phase Solution Error:   0.703
Iter= 1, Polarisation Solution Error:   0.005
Iter= 1, Overall Solution Error:        2.346
Iter= 2, Amplit/Phase Solution Error:   0.006
Iter= 2, Polarisation Solution Error:   0.000
Iter= 2, Overall Solution Error:        0.006
Iter= 3, Amplit/Phase Solution Error:   0.001
Iter= 3, Polarisation Solution Error:   0.000
Iter= 3, Overall Solution Error:        0.001
I flux density:   0.5775
Percent Q:  -0.543
Percent U:   0.151
Leakage terms:
 Ant 1:Dx,Dy = ( 0.00112, 0.00218),( 0.00018, 0.00307)
 Ant 2:Dx,Dy = ( 0.00448, 0.00700),(-0.00442, 0.00743)
 Ant 3:Dx,Dy = ( 0.00520,-0.00392),(-0.01029,-0.00365)
 Ant 4:Dx,Dy = ( 0.00410, 0.01794),(-0.00377, 0.01930)
 Ant 5:Dx,Dy = (-0.01841,-0.00256),( 0.01586,-0.00204)
 Ant 6:Dx,Dy = ( 0.00041,-0.02302),(-0.00065,-0.02172)
Solution for freq bin  2
Iter= 1, Amplit/Phase Solution Error:   0.824
Iter= 1, Polarisation Solution Error:   0.006
Iter= 1, Overall Solution Error:        2.340
Iter= 2, Amplit/Phase Solution Error:   0.006
Iter= 2, Polarisation Solution Error:   0.000
Iter= 2, Overall Solution Error:        0.006
Iter= 3, Amplit/Phase Solution Error:   0.001
Iter= 3, Polarisation Solution Error:   0.000
Iter= 3, Overall Solution Error:        0.001
I flux density:   0.6147
Percent Q:  -0.583
Percent U:  -0.204
Leakage terms:
 Ant 1:Dx,Dy = ( 0.00124, 0.00128),( 0.00066, 0.00271)
 Ant 2:Dx,Dy = ( 0.00358, 0.00501),(-0.00297, 0.00593)
 Ant 3:Dx,Dy = ( 0.00647,-0.00391),(-0.00860,-0.00480)
 Ant 4:Dx,Dy = ( 0.00569, 0.01649),(-0.00304, 0.01792)
 Ant 5:Dx,Dy = (-0.01718,-0.00137),( 0.01751,-0.00057)
 Ant 6:Dx,Dy = ( 0.00213,-0.01986),(-0.00163,-0.01882)

2018-08-03 09:26:47,343 [MainThread  ] [INFO ]  pgflag vis=2245-328.5500 command='<b' stokes=i,q,u,v flagpar=8,5,5,3,6,3 options=nodisp

pgflag: Revision 1.30, 2016/10/05 23:06:50 UTC

Applying bandpass corrections to 2245-328.5500
Applying freq. dependent gain corrections to 2245-328.5500
Applying freq. dependent leakage correction to 2245-328.5500
Applying changes to dataset
Counts of correlations within selected channels:
 channel  Originally  Currently
 Good:      64216340   63564416    Changed to bad:     651924
 Bad:        9547660   10199584    Changed to good:         0
 13.8% of the data is now flagged

2018-08-03 09:29:08,663 [MainThread  ] [INFO ]  pgflag vis=2245-328.5500 command='<b' stokes=i,v,q,u flagpar=8,2,2,3,6,3  options=nodisp

pgflag: Revision 1.30, 2016/10/05 23:06:50 UTC

Applying bandpass corrections to 2245-328.5500
Applying freq. dependent gain corrections to 2245-328.5500
Applying freq. dependent leakage correction to 2245-328.5500
Applying changes to dataset
Counts of correlations within selected channels:
 channel  Originally  Currently
 Good:      63564416   62907612    Changed to bad:     656804
 Bad:       10199584   10856388    Changed to good:         0
 14.7% of the data is now flagged

2018-08-03 09:31:16,397 [MainThread  ] [INFO ]  pgflag vis=2245-328.5500 command='<b' stokes=i,v,u,q flagpar=8,2,2,3,6,3  options=nodisp

pgflag: Revision 1.30, 2016/10/05 23:06:50 UTC

Applying bandpass corrections to 2245-328.5500
Applying freq. dependent gain corrections to 2245-328.5500
Applying freq. dependent leakage correction to 2245-328.5500
Applying changes to dataset
Counts of correlations within selected channels:
 channel  Originally  Currently
 Good:      62907612   62225528    Changed to bad:     682084
 Bad:       10856388   11538472    Changed to good:         0
 15.6% of the data is now flagged

2018-08-03 09:31:20,321 [MainThread  ] [INFO ]  gpcal vis=2245-328.5500 refant=4 interval=0.1 nfbin=2 options=xyvary,qusolve

gpcal: Revision 1.22, 2016/05/01 22:31:05 UTC

Applying bandpass corrections to 2245-328.5500
Number of antennae: 6
Using leakage parameters from input as initial guess
Reading the data ...
Number of solution intervals: 600
Total visibilities read: 9000
Number visibilities accepted: 9000
Iter= 1, Amplit/Phase Solution Error:   0.802
Iter= 1, Polarisation Solution Error:   0.006
Iter= 1, Overall Solution Error:        2.354
Iter= 2, Amplit/Phase Solution Error:   0.006
Iter= 2, Polarisation Solution Error:   0.000
Iter= 2, Overall Solution Error:        0.005
Iter= 3, Amplit/Phase Solution Error:   0.001
Iter= 3, Polarisation Solution Error:   0.000
Iter= 3, Overall Solution Error:        0.001
I flux density:   0.5958
Percent Q:  -0.566
Percent U:  -0.031
Leakage terms:
 Ant 1:Dx,Dy = ( 0.00120, 0.00170),( 0.00047, 0.00287)
 Ant 2:Dx,Dy = ( 0.00398, 0.00606),(-0.00365, 0.00674)
 Ant 3:Dx,Dy = ( 0.00584,-0.00394),(-0.00945,-0.00422)
 Ant 4:Dx,Dy = ( 0.00491, 0.01722),(-0.00339, 0.01863)
 Ant 5:Dx,Dy = (-0.01773,-0.00200),( 0.01672,-0.00131)
 Ant 6:Dx,Dy = ( 0.00131,-0.02145),(-0.00118,-0.02031)
Solution for freq bin  1
Iter= 1, Amplit/Phase Solution Error:   0.770
Iter= 1, Polarisation Solution Error:   0.005
Iter= 1, Overall Solution Error:        2.347
Iter= 2, Amplit/Phase Solution Error:   0.006
Iter= 2, Polarisation Solution Error:   0.000
Iter= 2, Overall Solution Error:        0.005
Iter= 3, Amplit/Phase Solution Error:   0.001
Iter= 3, Polarisation Solution Error:   0.000
Iter= 3, Overall Solution Error:        0.001
I flux density:   0.5782
Percent Q:  -0.545
Percent U:   0.153
Leakage terms:
 Ant 1:Dx,Dy = ( 0.00113, 0.00216),( 0.00019, 0.00305)
 Ant 2:Dx,Dy = ( 0.00447, 0.00706),(-0.00436, 0.00751)
 Ant 3:Dx,Dy = ( 0.00516,-0.00396),(-0.01031,-0.00363)
 Ant 4:Dx,Dy = ( 0.00409, 0.01798),(-0.00377, 0.01932)
 Ant 5:Dx,Dy = (-0.01833,-0.00259),( 0.01591,-0.00206)
 Ant 6:Dx,Dy = ( 0.00047,-0.02307),(-0.00067,-0.02177)
Solution for freq bin  2
Iter= 1, Amplit/Phase Solution Error:   0.834
Iter= 1, Polarisation Solution Error:   0.006
Iter= 1, Overall Solution Error:        2.347
Iter= 2, Amplit/Phase Solution Error:   0.006
Iter= 2, Polarisation Solution Error:   0.000
Iter= 2, Overall Solution Error:        0.007
Iter= 3, Amplit/Phase Solution Error:   0.001
Iter= 3, Polarisation Solution Error:   0.000
Iter= 3, Overall Solution Error:        0.001
Iter= 4, Amplit/Phase Solution Error:   0.000
Iter= 4, Polarisation Solution Error:   0.000
Iter= 4, Overall Solution Error:        0.000
I flux density:   0.6151
Percent Q:  -0.584
Percent U:  -0.205
Leakage terms:
 Ant 1:Dx,Dy = ( 0.00125, 0.00126),( 0.00070, 0.00270)
 Ant 2:Dx,Dy = ( 0.00352, 0.00511),(-0.00298, 0.00603)
 Ant 3:Dx,Dy = ( 0.00648,-0.00392),(-0.00864,-0.00477)
 Ant 4:Dx,Dy = ( 0.00569, 0.01651),(-0.00302, 0.01798)
 Ant 5:Dx,Dy = (-0.01716,-0.00144),( 0.01747,-0.00060)
 Ant 6:Dx,Dy = ( 0.00217,-0.01994),(-0.00160,-0.01890)

2018-08-03 09:31:20,353 [MainThread  ] [INFO ]  gpboot vis=2245-328.5500 cal=1934-638.5500

gpboot: Revision 1.9, 2015/10/29 01:31:30 UTC

Secondary flux density scaled by:   0.998
Frequency bin  1 scaled by      :   1.001
Frequency bin  2 scaled by      :   1.002

2018-08-03 09:32:31,406 [MainThread  ] [INFO ]  gpcopy vis=2245-328.5500 out=d.5500

gpcopy: Revision 1.13, 2015/10/29 01:31:39 UTC

Copying leakage table
Copying gain table
Interpolation tolerance set to (minutes): 720.00
Copying bandpass table

2018-08-03 09:46:20,775 [MainThread  ] [INFO ]  pgflag vis=d.5500 command='<b' stokes=i,v,q,u flagpar=8,2,2,3,6,3  options=nodisp

pgflag: Revision 1.30, 2016/10/05 23:06:50 UTC

Applying bandpass corrections to d.5500
Applying freq. dependent gain corrections to d.5500
Applying freq. dependent leakage correction to d.5500
Applying changes to dataset
Counts of correlations within selected channels:
 channel  Originally  Currently
 Good:     414399840  401760196    Changed to bad:   12639644
 Bad:       49592112   62231756    Changed to good:         0
 13.4% of the data is now flagged

2018-08-03 10:01:09,785 [MainThread  ] [INFO ]  pgflag vis=d.5500 command='<b' stokes=i,v,u,q flagpar=8,2,2,3,6,3  options=nodisp

pgflag: Revision 1.30, 2016/10/05 23:06:50 UTC

Applying bandpass corrections to d.5500
Applying freq. dependent gain corrections to d.5500
Applying freq. dependent leakage correction to d.5500
Applying changes to dataset
Counts of correlations within selected channels:
 channel  Originally  Currently
 Good:     401760196  392129112    Changed to bad:    9631084
 Bad:       62231756   71862840    Changed to good:         0
 15.5% of the data is now flagged

2018-08-03 10:02:32,887 [MainThread  ] [INFO ]  uvsplit vis=d.5500

uvsplit: Revision 1.18, 2016/05/09 03:06:18 UTC

Creating d_201.5500
Creating d_202.5500
Creating d_203.5500
Creating d_204.5500
Creating d_205.5500
Creating d_206.5500
Creating d_207.5500
Creating d_208.5500
Creating d_209.5500
Creating d_210.5500
Creating d_211.5500
Creating d_212.5500
Creating d_213.5500
Creating d_214.5500
Creating d_215.5500
Creating d_216.5500
Creating d_217.5500
Creating d_218.5500
Creating d_219.5500
Creating d_220.5500
Creating d_221.5500
Creating d_222.5500
Creating d_223.5500
Creating d_224.5500
Creating d_225.5500
Creating d_226.5500
Creating d_227.5500
Creating d_228.5500
Creating d_229.5500
Creating d_230.5500
Creating d_231.5500
Creating d_232.5500
Creating d_233.5500
Creating d_234.5500
Creating d_235.5500
Creating d_236.5500
Creating d_237.5500
Creating d_238.5500
Creating d_239.5500
Creating d_240.5500
Creating d_241.5500
Creating d_242.5500
Creating d_243.5500
Creating d_244.5500
Creating d_245.5500
Creating d_246.5500
Creating d_247.5500
Creating d_248.5500
Creating d_249.5500
Creating d_250.5500
Creating d_251.5500
Creating d_252.5500
Creating d_253.5500
Creating d_254.5500
Creating d_255.5500
Creating d_256.5500
Creating d_257.5500
Creating d_258.5500
Creating d_259.5500
Creating d_260.5500
Creating d_261.5500
Creating d_262.5500
Creating d_263.5500
Creating d_264.5500
Creating d_265.5500
Creating d_266.5500
Creating d_267.5500
Creating d_268.5500
Creating d_269.5500
Creating d_270.5500
Creating d_271.5500
Creating d_272.5500
Creating d_273.5500
Creating d_274.5500
Creating d_275.5500
Creating d_276.5500
Creating d_277.5500
Creating d_278.5500
Creating d_279.5500
Creating d_280.5500
Creating d_281.5500
Creating d_282.5500
Creating d_283.5500
Creating d_284.5500
Creating d_285.5500
Creating d_286.5500
Creating d_287.5500
Creating d_288.5500
Creating d_289.5500
Creating d_290.5500
Creating d_291.5500
Creating d_292.5500
Creating d_293.5500
Creating d_294.5500
Creating d_295.5500
Creating d_296.5500
Creating d_297.5500
Creating d_298.5500
Creating d_299.5500
Creating d_300.5500
Creating d_301.5500
Creating d_302.5500
Creating d_303.5500
Creating d_304.5500
Creating d_305.5500
Creating d_306.5500
Creating d_307.5500
Creating d_308.5500
Creating d_309.5500
Creating d_310.5500
Creating d_311.5500
Creating d_312.5500
Creating d_313.5500
Creating d_314.5500
Creating d_315.5500
Creating d_316.5500
Creating d_317.5500
Creating d_318.5500
Creating d_319.5500
Creating d_320.5500
Creating d_321.5500
Creating d_322.5500
Creating d_323.5500
Creating d_324.5500
Creating d_325.5500
Creating d_326.5500
Creating d_327.5500
Creating d_328.5500
Creating d_329.5500
Creating d_330.5500
Creating d_331.5500
Creating d_332.5500
Creating d_333.5500
Creating d_334.5500
Creating d_335.5500
Creating d_336.5500
Creating d_337.5500
Creating d_338.5500
Creating d_339.5500
Creating d_340.5500
Creating d_341.5500
Creating d_342.5500
Creating d_343.5500
Creating d_344.5500
Creating d_345.5500
Creating d_346.5500
Creating d_347.5500
Creating d_348.5500
Creating d_349.5500
Creating d_350.5500
Creating d_351.5500
Creating d_352.5500
Creating d_353.5500
Creating d_354.5500
Creating d_355.5500
Creating d_356.5500
Creating d_357.5500
Creating d_358.5500
Creating d_359.5500
Creating d_360.5500
Creating d_181.5500
Creating d_182.5500
Creating d_183.5500
Creating d_184.5500
Creating d_185.5500
Creating d_186.5500
Creating d_187.5500
Creating d_188.5500
Creating d_189.5500
Creating d_190.5500
Creating d_191.5500
Creating d_192.5500
Creating d_193.5500
Creating d_194.5500
Creating d_195.5500
Creating d_196.5500
Creating d_197.5500
Creating d_198.5500
Creating d_199.5500
Creating d_200.5500

