2018-08-05 08:37:01,230 [MainThread  ] [INFO ]  atlod in=raw/2016-12-04_0218.C3132,raw/2016-12-04_0506.C3132,raw/2016-12-04_0753.C3132,raw/2016-12-04_1040.C3132,raw/2016-12-04_1328.C3132 out=data9.uv ifsel=2 options=birdie,rfiflag,noauto,xycorr

atlod: Revision 1.53, 2016/08/25 23:02:21 UTC

Processing file raw/2016-12-04_0218.C3132
 02:18:42 CAOBS> track 1
CABB data detected
Scan 1 started at 16DEC04:02:19:00.0
Source: 1934-638
Flagging channels in  28 frequency ranges
 02:29:40 CAOBS> stop
 02:30:07 CAOBS> set file c3132_obs_d7.sch
 02:30:18 CAOBS> start 7/99
Scan 2 started at 16DEC04:02:32:04.0
Source: 2312-319
Scan 3 started at 16DEC04:02:35:16.0
Source: d_1141
Source: d_1142
Source: d_1143
Source: d_1144
Source: d_1145
Source: d_1146
Source: d_1147
Source: d_1148
Source: d_1149
Source: d_1150
Source: d_1151
Source: d_1152
Source: d_1153
Source: d_1154
Source: d_1155
Source: d_1156
Source: d_1157
Source: d_1158
Source: d_1159
Source: d_1160
Scan 4 started at 16DEC04:02:48:36.0
Source: 2312-319
Scan 5 started at 16DEC04:02:51:40.0
Source: d_1161
Source: d_1162
Source: d_1163
Source: d_1164
Source: d_1165
Source: d_1166
Source: d_1167
Source: d_1168
Source: d_1169
Source: d_1170
Source: d_1171
Source: d_1172
Source: d_1173
Source: d_1174
Source: d_1175
Source: d_1176
Source: d_1177
Source: d_1178
Source: d_1179
Source: d_1180
Scan 6 started at 16DEC04:03:05:08.0
Source: 2312-319
Scan 7 started at 16DEC04:03:08:12.0
Source: d_1181
Source: d_1182
Source: d_1183
Source: d_1184
Source: d_1185
Source: d_1186
Source: d_1187
Source: d_1188
Source: d_1189
Source: d_1190
Source: d_1191
Source: d_1192
Source: d_1193
Source: d_1194
Source: d_1195
Source: d_1196
Source: d_1197
Source: d_1198
Source: d_1199
Source: d_1200
Scan 8 started at 16DEC04:03:21:40.0
Source: 2312-319
Scan 9 started at 16DEC04:03:24:44.0
Source: d_1201
Source: d_1202
Source: d_1203
Source: d_1204
Source: d_1205
Source: d_1206
Source: d_1207
Source: d_1208
Source: d_1209
Source: d_1210
Source: d_1211
Source: d_1212
Source: d_1213
Source: d_1214
Source: d_1215
Source: d_1216
Source: d_1217
Source: d_1218
Source: d_1219
Source: d_1220
Scan 10 started at 16DEC04:03:38:04.0
Source: 2312-319
Scan 11 started at 16DEC04:03:41:08.0
Source: d_1221
Source: d_1222
Source: d_1223
Source: d_1224
Source: d_1225
Source: d_1226
Source: d_1227
Source: d_1228
Source: d_1229
Source: d_1230
Source: d_1231
Source: d_1232
Source: d_1233
Source: d_1234
Source: d_1235
Source: d_1236
Source: d_1237
Source: d_1238
Source: d_1239
Source: d_1240
Scan 12 started at 16DEC04:03:54:28.0
Source: 2312-319
Scan 13 started at 16DEC04:03:57:32.0
Source: d_1241
Source: d_1242
Source: d_1243
Source: d_1244
Source: d_1245
Source: d_1246
Source: d_1247
Source: d_1248
Source: d_1249
Source: d_1250
Source: d_1251
Source: d_1252
Source: d_1253
Source: d_1254
Source: d_1255
Source: d_1256
Source: d_1257
Source: d_1258
Source: d_1259
Source: d_1260
Scan 14 started at 16DEC04:04:10:52.0
Source: 2312-319
Scan 15 started at 16DEC04:04:13:56.0
Source: d_1081
Source: d_1082
Source: d_1083
Source: d_1084
Source: d_1085
Source: d_1086
Source: d_1087
Source: d_1088
Source: d_1089
Source: d_1090
Source: d_1091
Source: d_1092
Source: d_1093
Source: d_1094
Source: d_1095
Source: d_1096
Source: d_1097
Source: d_1098
Source: d_1099
Source: d_1100
Scan 16 started at 16DEC04:04:27:16.0
Source: 2312-319
Scan 17 started at 16DEC04:04:30:20.0
Source: d_1101
Source: d_1102
Source: d_1103
Source: d_1104
Source: d_1105
Source: d_1106
Source: d_1107
Source: d_1108
Source: d_1109
Source: d_1110
Source: d_1111
Source: d_1112
Source: d_1113
Source: d_1114
Source: d_1115
Source: d_1116
Source: d_1117
Source: d_1118
Source: d_1119
Source: d_1120
Scan 18 started at 16DEC04:04:43:48.0
Source: 2312-319
Scan 19 started at 16DEC04:04:47:00.0
Source: d_1121
Source: d_1122
Source: d_1123
Source: d_1124
Source: d_1125
Source: d_1126
Source: d_1127
Source: d_1128
Source: d_1129
Source: d_1130
Source: d_1131
Source: d_1132
Source: d_1133
Source: d_1134
Source: d_1135
Source: d_1136
Source: d_1137
Source: d_1138
Source: d_1139
Source: d_1140
Scan 20 started at 16DEC04:05:00:20.0
Source: 2312-319
Scan 21 started at 16DEC04:05:03:32.0
Source: d_1141
Source: d_1142
Source: d_1143
Source: d_1144
Source: d_1145
RPFITS file version is 2.12
---------------------------------------
Total number of spectra selected: 72660

Summary of spectra flagged
Flagging Reason            Fraction
---------------            --------
Antenna off-source/off-line  6.38%
---------------------------------------
Processing file raw/2016-12-04_0506.C3132
CABB data detected
Scan 1 started at 16DEC04:05:06:37.5
Source: d_1146
Source: d_1147
Source: d_1148
Source: d_1149
Source: d_1150
Source: d_1151
Source: d_1152
Source: d_1153
Source: d_1154
Source: d_1155
Source: d_1156
Source: d_1157
Source: d_1158
Source: d_1159
Source: d_1160
Scan 2 started at 16DEC04:05:16:52.0
Source: 2312-319
Scan 3 started at 16DEC04:05:19:56.0
Source: d_1161
Source: d_1162
Source: d_1163
Source: d_1164
Source: d_1165
Source: d_1166
Source: d_1167
Source: d_1168
Source: d_1169
Source: d_1170
Source: d_1171
Source: d_1172
Source: d_1173
Source: d_1174
Source: d_1175
Source: d_1176
Source: d_1177
Source: d_1178
Source: d_1179
Source: d_1180
Scan 4 started at 16DEC04:05:33:16.0
Source: 2312-319
Scan 5 started at 16DEC04:05:36:20.0
Source: d_1181
Source: d_1182
Source: d_1183
Source: d_1184
Source: d_1185
Source: d_1186
Source: d_1187
Source: d_1188
Source: d_1189
Source: d_1190
Source: d_1191
Source: d_1192
Source: d_1193
Source: d_1194
Source: d_1195
Source: d_1196
Source: d_1197
Source: d_1198
Source: d_1199
Source: d_1200
Scan 6 started at 16DEC04:05:49:48.0
Source: 2312-319
Scan 7 started at 16DEC04:05:52:44.0
Source: d_1201
Source: d_1202
Source: d_1203
Source: d_1204
Source: d_1205
Source: d_1206
Source: d_1207
Source: d_1208
Source: d_1209
Source: d_1210
Source: d_1211
Source: d_1212
Source: d_1213
Source: d_1214
Source: d_1215
Source: d_1216
Source: d_1217
Source: d_1218
Source: d_1219
Source: d_1220
Scan 8 started at 16DEC04:06:06:04.0
Source: 2312-319
Scan 9 started at 16DEC04:06:09:00.0
Source: d_1221
Source: d_1222
Source: d_1223
Source: d_1224
Source: d_1225
Source: d_1226
Source: d_1227
Source: d_1228
Source: d_1229
Source: d_1230
Source: d_1231
Source: d_1232
Source: d_1233
Source: d_1234
Source: d_1235
Source: d_1236
Source: d_1237
Source: d_1238
Source: d_1239
Source: d_1240
Scan 10 started at 16DEC04:06:22:20.0
Source: 2312-319
Scan 11 started at 16DEC04:06:25:24.0
Source: d_1241
Source: d_1242
Source: d_1243
Source: d_1244
Source: d_1245
Source: d_1246
Source: d_1247
Source: d_1248
Source: d_1249
Source: d_1250
Source: d_1251
Source: d_1252
Source: d_1253
Source: d_1254
Source: d_1255
Source: d_1256
Source: d_1257
Source: d_1258
Source: d_1259
Source: d_1260
Scan 12 started at 16DEC04:06:38:52.0
Source: 2312-319
Scan 13 started at 16DEC04:06:41:56.0
Source: d_1081
Source: d_1082
Source: d_1083
Source: d_1084
Source: d_1085
Source: d_1086
Source: d_1087
Source: d_1088
Source: d_1089
Source: d_1090
Source: d_1091
Source: d_1092
Source: d_1093
Source: d_1094
Source: d_1095
Source: d_1096
Source: d_1097
Source: d_1098
Source: d_1099
Source: d_1100
Scan 14 started at 16DEC04:06:55:24.0
Source: 2312-319
Scan 15 started at 16DEC04:06:58:28.0
Source: d_1101
Source: d_1102
Source: d_1103
Source: d_1104
Source: d_1105
Source: d_1106
Source: d_1107
Source: d_1108
Source: d_1109
Source: d_1110
Source: d_1111
Source: d_1112
Source: d_1113
Source: d_1114
Source: d_1115
Source: d_1116
Source: d_1117
Source: d_1118
Source: d_1119
Source: d_1120
Scan 16 started at 16DEC04:07:12:04.0
Source: 2312-319
Scan 17 started at 16DEC04:07:15:16.0
Source: d_1121
Source: d_1122
Source: d_1123
Source: d_1124
Source: d_1125
Source: d_1126
Source: d_1127
Source: d_1128
Source: d_1129
Source: d_1130
Source: d_1131
Source: d_1132
Source: d_1133
Source: d_1134
Source: d_1135
Source: d_1136
Source: d_1137
Source: d_1138
Source: d_1139
Source: d_1140
Scan 18 started at 16DEC04:07:28:52.0
Source: 2312-319
Scan 19 started at 16DEC04:07:32:36.0
Source: d_1141
Source: d_1142
Source: d_1143
Source: d_1144
Source: d_1145
Source: d_1146
Source: d_1147
Source: d_1148
Source: d_1149
Source: d_1150
Source: d_1151
Source: d_1152
Source: d_1153
Source: d_1154
Source: d_1155
Source: d_1156
Source: d_1157
Source: d_1158
Source: d_1159
Source: d_1160
Scan 20 started at 16DEC04:07:45:56.0
Source: 2312-319
Scan 21 started at 16DEC04:07:50:44.0
Source: d_1162
Source: d_1163
Source: d_1164
Source: d_1165
Source: d_1166
RPFITS file version is 2.12
---------------------------------------
Total number of spectra selected: 72660

Summary of spectra flagged
Flagging Reason            Fraction
---------------            --------
Antenna off-source/off-line  7.15%
---------------------------------------
Processing file raw/2016-12-04_0753.C3132
CABB data detected
Scan 1 started at 16DEC04:07:53:24.0
Source: d_1166
Source: d_1167
Source: d_1168
Source: d_1169
Source: d_1170
Source: d_1171
Source: d_1172
Source: d_1173
Source: d_1174
Source: d_1175
Source: d_1176
Source: d_1177
Source: d_1178
Source: d_1179
Source: d_1180
Scan 2 started at 16DEC04:08:04:20.0
Source: 2312-319
Scan 3 started at 16DEC04:08:10:04.0
Source: d_1182
Source: d_1183
Source: d_1184
Source: d_1185
Source: d_1186
Source: d_1187
Source: d_1188
Source: d_1189
Source: d_1190
Source: d_1191
Source: d_1192
Source: d_1193
Source: d_1194
Source: d_1195
Source: d_1196
Source: d_1197
Source: d_1198
Source: d_1199
Source: d_1200
Scan 4 started at 16DEC04:08:23:16.0
Source: 2312-319
Scan 5 started at 16DEC04:08:27:08.0
Source: d_1201
Source: d_1202
Source: d_1203
Source: d_1204
Source: d_1205
Source: d_1206
Source: d_1207
Source: d_1208
Source: d_1209
Source: d_1210
Source: d_1211
Source: d_1212
Source: d_1213
Source: d_1214
Source: d_1215
Source: d_1216
Source: d_1217
Source: d_1218
Source: d_1219
Source: d_1220
Scan 6 started at 16DEC04:08:40:20.0
Source: 2312-319
Scan 7 started at 16DEC04:08:43:24.0
Source: d_1221
Source: d_1222
Source: d_1223
Source: d_1224
Source: d_1225
Source: d_1226
Source: d_1227
Source: d_1228
Source: d_1229
Source: d_1230
Source: d_1231
Source: d_1232
Source: d_1233
Source: d_1234
Source: d_1235
Source: d_1236
Source: d_1237
Source: d_1238
Source: d_1239
Source: d_1240
Scan 8 started at 16DEC04:08:57:00.0
Source: 2312-319
Scan 9 started at 16DEC04:09:00:04.0
Source: d_1241
Source: d_1242
Source: d_1243
Source: d_1244
Source: d_1245
Source: d_1246
Source: d_1247
Source: d_1248
Source: d_1249
Source: d_1250
Source: d_1251
Source: d_1252
Source: d_1253
Source: d_1254
Source: d_1255
Source: d_1256
Source: d_1257
Source: d_1258
Source: d_1259
Source: d_1260
Scan 10 started at 16DEC04:09:13:40.0
Source: 2312-319
Scan 11 started at 16DEC04:09:16:44.0
Source: d_1081
Source: d_1082
Source: d_1083
Source: d_1084
Source: d_1085
Source: d_1086
Source: d_1087
Source: d_1088
Source: d_1089
Source: d_1090
Source: d_1091
Source: d_1092
Source: d_1093
Source: d_1094
Source: d_1095
Source: d_1096
Source: d_1097
Source: d_1098
Source: d_1099
Source: d_1100
Scan 12 started at 16DEC04:09:30:12.0
Source: 2312-319
Scan 13 started at 16DEC04:09:33:16.0
Source: d_1101
Source: d_1102
Source: d_1103
Source: d_1104
Source: d_1105
Source: d_1106
Source: d_1107
Source: d_1108
Source: d_1109
Source: d_1110
Source: d_1111
Source: d_1112
Source: d_1113
Source: d_1114
Source: d_1115
Source: d_1116
Source: d_1117
Source: d_1118
Source: d_1119
Source: d_1120
Scan 14 started at 16DEC04:09:46:52.0
Source: 2312-319
Scan 15 started at 16DEC04:09:49:48.0
Source: d_1121
Source: d_1122
Source: d_1123
Source: d_1124
Source: d_1125
Source: d_1126
Source: d_1127
Source: d_1128
Source: d_1129
Source: d_1130
Source: d_1131
Source: d_1132
Source: d_1133
Source: d_1134
Source: d_1135
Source: d_1136
Source: d_1137
Source: d_1138
Source: d_1139
Source: d_1140
Scan 16 started at 16DEC04:10:03:16.0
Source: 2312-319
Scan 17 started at 16DEC04:10:06:12.0
Source: d_1141
Source: d_1142
Source: d_1143
Source: d_1144
Source: d_1145
Source: d_1146
Source: d_1147
Source: d_1148
Source: d_1149
Source: d_1150
Source: d_1151
Source: d_1152
Source: d_1153
Source: d_1154
Source: d_1155
Source: d_1156
Source: d_1157
Source: d_1158
Source: d_1159
Source: d_1160
Scan 18 started at 16DEC04:10:19:32.0
Source: 2312-319
Scan 19 started at 16DEC04:10:22:28.0
Source: d_1161
Source: d_1162
Source: d_1163
Source: d_1164
Source: d_1165
Source: d_1166
Source: d_1167
Source: d_1168
Source: d_1169
Source: d_1170
Source: d_1171
Source: d_1172
Source: d_1173
Source: d_1174
Source: d_1175
Source: d_1176
Source: d_1177
Source: d_1178
Source: d_1179
Source: d_1180
Scan 20 started at 16DEC04:10:35:56.0
Source: 2312-319
Scan 21 started at 16DEC04:10:38:52.0
Source: d_1181
Source: d_1182
Source: d_1183
RPFITS file version is 2.12
---------------------------------------
Total number of spectra selected: 72660

Summary of spectra flagged
Flagging Reason            Fraction
---------------            --------
Antenna off-source/off-line  9.96%
---------------------------------------
Processing file raw/2016-12-04_1040.C3132
CABB data detected
Scan 1 started at 16DEC04:10:40:12.0
Source: d_1183
Source: d_1184
Source: d_1185
Source: d_1186
Source: d_1187
Source: d_1188
Source: d_1189
Source: d_1190
Source: d_1191
Source: d_1192
Source: d_1193
Source: d_1194
Source: d_1195
Source: d_1196
Source: d_1197
Source: d_1198
Source: d_1199
Source: d_1200
Scan 2 started at 16DEC04:10:52:20.0
Source: 2312-319
Scan 3 started at 16DEC04:10:55:16.0
Source: d_1201
Source: d_1202
Source: d_1203
Source: d_1204
Source: d_1205
Source: d_1206
Source: d_1207
Source: d_1208
Source: d_1209
Source: d_1210
Source: d_1211
Source: d_1212
Source: d_1213
Source: d_1214
Source: d_1215
Source: d_1216
Source: d_1217
Source: d_1218
Source: d_1219
Source: d_1220
Scan 4 started at 16DEC04:11:08:36.0
Source: 2312-319
Scan 5 started at 16DEC04:11:11:32.0
Source: d_1221
Source: d_1222
Source: d_1223
Source: d_1224
Source: d_1225
Source: d_1226
Source: d_1227
Source: d_1228
Source: d_1229
Source: d_1230
Source: d_1231
Source: d_1232
Source: d_1233
Source: d_1234
Source: d_1235
Source: d_1236
Source: d_1237
Source: d_1238
Source: d_1239
Source: d_1240
Scan 6 started at 16DEC04:11:24:52.0
Source: 2312-319
Scan 7 started at 16DEC04:11:27:48.0
Source: d_1241
Source: d_1242
Source: d_1243
Source: d_1244
Source: d_1245
Source: d_1246
Source: d_1247
Source: d_1248
Source: d_1249
Source: d_1250
Source: d_1251
Source: d_1252
Source: d_1253
Source: d_1254
Source: d_1255
Source: d_1256
Source: d_1257
Source: d_1258
Source: d_1259
Source: d_1260
Scan 8 started at 16DEC04:11:41:16.0
Source: 2312-319
Scan 9 started at 16DEC04:11:44:12.0
Source: d_1081
Source: d_1082
Source: d_1083
Source: d_1084
Source: d_1085
Source: d_1086
Source: d_1087
Source: d_1088
Source: d_1089
Source: d_1090
Source: d_1091
Source: d_1092
Source: d_1093
Source: d_1094
Source: d_1095
Source: d_1096
Source: d_1097
Source: d_1098
Source: d_1099
Source: d_1100
Scan 10 started at 16DEC04:11:57:32.0
Source: 2312-319
Scan 11 started at 16DEC04:12:00:28.0
Source: d_1101
Source: d_1102
Source: d_1103
Source: d_1104
Source: d_1105
Source: d_1106
Source: d_1107
Source: d_1108
Source: d_1109
Source: d_1110
Source: d_1111
Source: d_1112
Source: d_1113
Source: d_1114
Source: d_1115
Source: d_1116
Source: d_1117
Source: d_1118
Source: d_1119
Source: d_1120
Scan 12 started at 16DEC04:12:13:56.0
Source: 2312-319
Scan 13 started at 16DEC04:12:16:52.0
Source: d_1121
Source: d_1122
Source: d_1123
Source: d_1124
Source: d_1125
Source: d_1126
Source: d_1127
Source: d_1128
Source: d_1129
Source: d_1130
Source: d_1131
Source: d_1132
Source: d_1133
Source: d_1134
Source: d_1135
Source: d_1136
Source: d_1137
Source: d_1138
Source: d_1139
Source: d_1140
Scan 14 started at 16DEC04:12:30:12.0
Source: 2312-319
Scan 15 started at 16DEC04:12:33:08.0
Source: d_1141
Source: d_1142
Source: d_1143
Source: d_1144
Source: d_1145
Source: d_1146
Source: d_1147
Source: d_1148
Source: d_1149
Source: d_1150
Source: d_1151
Source: d_1152
Source: d_1153
Source: d_1154
Source: d_1155
Source: d_1156
Source: d_1157
Source: d_1158
Source: d_1159
Source: d_1160
Scan 16 started at 16DEC04:12:46:28.0
Source: 2312-319
 12:48:36 CAOBS> stop
 12:48:49 CAOBS> set file c3132_cal
 12:48:56 CAOBS> track 1
Scan 18 started at 16DEC04:12:50:12.0
Source: 1934-638
 13:00:03 CAOBS> stop
 13:00:23 CAOBS> set file c3132_obs_d7
 13:00:31 CAOBS> start 9/99
Scan 19 started at 16DEC04:13:01:56.0
Source: 2312-319
Scan 20 started at 16DEC04:13:04:52.0
Source: d_1161
Source: d_1162
Source: d_1163
Source: d_1164
Source: d_1165
Source: d_1166
Source: d_1167
Source: d_1168
Source: d_1169
Source: d_1170
Source: d_1171
Source: d_1172
Source: d_1173
Source: d_1174
Source: d_1175
Source: d_1176
Source: d_1177
Source: d_1178
Source: d_1179
Source: d_1180
Scan 21 started at 16DEC04:13:18:12.0
Source: 2312-319
Scan 22 started at 16DEC04:13:21:08.0
Source: d_1181
Source: d_1182
Source: d_1183
Source: d_1184
Source: d_1185
Source: d_1186
Source: d_1187
Source: d_1188
Source: d_1189
Source: d_1190
Source: d_1191
RPFITS file version is 2.12
---------------------------------------
Total number of spectra selected: 72660

Summary of spectra flagged
Flagging Reason            Fraction
---------------            --------
Antenna off-source/off-line  5.31%
---------------------------------------
Processing file raw/2016-12-04_1328.C3132
CABB data detected
Scan 1 started at 16DEC04:13:28:04.0
Source: d_1191
Source: d_1192
Source: d_1193
Source: d_1194
Source: d_1195
Source: d_1196
Source: d_1197
Source: d_1198
Source: d_1199
Source: d_1200
Scan 2 started at 16DEC04:13:34:28.0
Source: 2312-319
Scan 3 started at 16DEC04:13:37:24.0
Source: d_1201
Source: d_1202
Source: d_1203
Source: d_1204
Source: d_1205
Source: d_1206
Source: d_1207
Source: d_1208
Source: d_1209
Source: d_1210
Source: d_1211
Source: d_1212
Source: d_1213
Source: d_1214
Source: d_1215
Source: d_1216
Source: d_1217
Source: d_1218
Source: d_1219
Source: d_1220
Scan 4 started at 16DEC04:13:50:44.0
Source: 2312-319
Scan 5 started at 16DEC04:13:53:40.0
Source: d_1221
Source: d_1222
Source: d_1223
Source: d_1224
Source: d_1225
 13:56:44 CAOBS> stop
 13:56:52 CAOBS> corr close file
RPFITS file version is 2.12
---------------------------------------
Total number of spectra selected: 12420

Summary of spectra flagged
Flagging Reason            Fraction
---------------            --------
Antenna off-source/off-line  4.83%
---------------------------------------

No CACAL data was detected

2018-08-05 08:41:11,393 [MainThread  ] [INFO ]  uvsplit vis=data9.uv options=mosaic

uvsplit: Revision 1.18, 2016/05/09 03:06:18 UTC

Creating 1934-638.9500
Creating 2312-319.9500
Creating d.9500

2018-08-05 08:41:37,035 [MainThread  ] [INFO ]  pgflag vis=1934-638.9500 command='<b' stokes=i,q,u,v flagpar=8,5,5,3,6,3 options=nodisp

pgflag: Revision 1.30, 2016/10/05 23:06:50 UTC

Applying changes to dataset
Counts of correlations within selected channels:
 channel  Originally  Currently
 Good:      16936920   16621704    Changed to bad:     315216
 Bad:        1995840    2311056    Changed to good:         0
 12.2% of the data is now flagged

2018-08-05 08:42:00,363 [MainThread  ] [INFO ]  pgflag vis=1934-638.9500 command='<b' stokes=i,v,q,u flagpar=8,2,2,3,6,3  options=nodisp

pgflag: Revision 1.30, 2016/10/05 23:06:50 UTC

Applying changes to dataset
Counts of correlations within selected channels:
 channel  Originally  Currently
 Good:      16621704   16405332    Changed to bad:     216372
 Bad:        2311056    2527428    Changed to good:         0
 13.3% of the data is now flagged

2018-08-05 08:42:24,313 [MainThread  ] [INFO ]  pgflag vis=1934-638.9500 command='<b' stokes=i,v,u,q flagpar=8,2,2,3,6,3  options=nodisp

pgflag: Revision 1.30, 2016/10/05 23:06:50 UTC

Applying changes to dataset
Counts of correlations within selected channels:
 channel  Originally  Currently
 Good:      16405332   16041564    Changed to bad:     363768
 Bad:        2527428    2891196    Changed to good:         0
 15.3% of the data is now flagged

2018-08-05 08:44:31,319 [MainThread  ] [INFO ]  mfcal vis=1934-638.9500 refant=4 interval=0.1
MfCal: $Revision: 1.20 $, $Date: 2017/05/08 02:31:10 $
Selecting parallel-hand polarisations
Reading the data ...
Number correlations accepted: 8020782
Number of frequency bands/settings: 1
Number of polarisations selected: 2
Number of solution intervals: 154
Number of passband solution intervals: 1
Initialising ...
Using post-Aug94 ATCA flux scale for 1934-638.
Using known frequency variation of 1934-638
Generating initial solution estimate ...
Doing solution refinement ...
Iter= 1, Solution Error:  0.416
Iter= 2, Solution Error:  0.019
Iter= 3, Solution Error:  0.000
Saving solution ...

2018-08-05 08:44:32,483 [MainThread  ] [INFO ]  gpcal vis=1934-638.9500 refant=4 interval=0.1 nfbin=2 options=xyvary

gpcal: Revision 1.22, 2016/05/01 22:31:05 UTC

Applying bandpass corrections to 1934-638.9500
Number of antennae: 6
Reading the data ...
Number of solution intervals: 154
Total visibilities read: 2310
Number visibilities accepted: 2310
Using post-Aug94 ATCA flux scale for 1934-638.
Using IQUV =  2.5389,  0.0000,  0.0000,  0.0000 at   9.4579 GHz.
Using post-Aug94 ATCA flux scale for 1934-638.
Using IQUV =  2.6887,  0.0000,  0.0000,  0.0000 at   9.0320 GHz.
Using post-Aug94 ATCA flux scale for 1934-638.
Using IQUV =  2.3860,  0.0000,  0.0000,  0.0000 at   9.9444 GHz.
Iter= 1, Amplit/Phase Solution Error:   1.318
Iter= 1, Polarisation Solution Error:   0.031
Iter= 1, Overall Solution Error:        2.131
Iter= 2, Amplit/Phase Solution Error:   0.002
Iter= 2, Polarisation Solution Error:   0.000
Iter= 2, Overall Solution Error:        0.003
Iter= 3, Amplit/Phase Solution Error:   0.001
Iter= 3, Polarisation Solution Error:   0.000
Iter= 3, Overall Solution Error:        0.001
I flux density:   2.5389
Leakage terms:
 Ant 1:Dx,Dy = ( 0.00067,-0.00031),( 0.00038,-0.00073)
 Ant 2:Dx,Dy = ( 0.00308, 0.00148),(-0.00333, 0.00254)
 Ant 3:Dx,Dy = ( 0.00666,-0.00481),(-0.00882,-0.00470)
 Ant 4:Dx,Dy = ( 0.00310, 0.01493),(-0.00155, 0.01565)
 Ant 5:Dx,Dy = (-0.01648, 0.00284),( 0.01735, 0.00278)
 Ant 6:Dx,Dy = ( 0.00485,-0.01629),(-0.00215,-0.01339)
Solution for freq bin  1
Iter= 1, Amplit/Phase Solution Error:   1.296
Iter= 1, Polarisation Solution Error:   0.031
Iter= 1, Overall Solution Error:        2.124
Iter= 2, Amplit/Phase Solution Error:   0.002
Iter= 2, Polarisation Solution Error:   0.000
Iter= 2, Overall Solution Error:        0.003
Iter= 3, Amplit/Phase Solution Error:   0.001
Iter= 3, Polarisation Solution Error:   0.000
Iter= 3, Overall Solution Error:        0.001
I flux density:   2.6887
Leakage terms:
 Ant 1:Dx,Dy = ( 0.00059,-0.00015),(-0.00019,-0.00035)
 Ant 2:Dx,Dy = ( 0.00359, 0.00173),(-0.00384, 0.00343)
 Ant 3:Dx,Dy = ( 0.00602,-0.00546),(-0.00912,-0.00480)
 Ant 4:Dx,Dy = ( 0.00294, 0.01498),(-0.00174, 0.01613)
 Ant 5:Dx,Dy = (-0.01668, 0.00188),( 0.01714, 0.00231)
 Ant 6:Dx,Dy = ( 0.00484,-0.01592),(-0.00095,-0.01378)
Solution for freq bin  2
Iter= 1, Amplit/Phase Solution Error:   1.349
Iter= 1, Polarisation Solution Error:   0.032
Iter= 1, Overall Solution Error:        2.132
Iter= 2, Amplit/Phase Solution Error:   0.002
Iter= 2, Polarisation Solution Error:   0.000
Iter= 2, Overall Solution Error:        0.003
Iter= 3, Amplit/Phase Solution Error:   0.001
Iter= 3, Polarisation Solution Error:   0.000
Iter= 3, Overall Solution Error:        0.001
I flux density:   2.3860
Leakage terms:
 Ant 1:Dx,Dy = ( 0.00076,-0.00060),( 0.00108,-0.00119)
 Ant 2:Dx,Dy = ( 0.00245, 0.00117),(-0.00270, 0.00141)
 Ant 3:Dx,Dy = ( 0.00744,-0.00399),(-0.00846,-0.00452)
 Ant 4:Dx,Dy = ( 0.00331, 0.01490),(-0.00130, 0.01506)
 Ant 5:Dx,Dy = (-0.01624, 0.00402),( 0.01760, 0.00336)
 Ant 6:Dx,Dy = ( 0.00484,-0.01672),(-0.00366,-0.01290)

2018-08-05 08:45:04,915 [MainThread  ] [INFO ]  pgflag vis=1934-638.9500 command='<b' stokes=i,q,u,v flagpar=8,5,5,3,6,3 options=nodisp

pgflag: Revision 1.30, 2016/10/05 23:06:50 UTC

Applying bandpass corrections to 1934-638.9500
Applying freq. dependent gain corrections to 1934-638.9500
Applying freq. dependent leakage correction to 1934-638.9500
Applying changes to dataset
Counts of correlations within selected channels:
 channel  Originally  Currently
 Good:      16041564   15896020    Changed to bad:     145544
 Bad:        2891196    3036740    Changed to good:         0
 16.0% of the data is now flagged

2018-08-05 08:45:37,285 [MainThread  ] [INFO ]  pgflag vis=1934-638.9500 command='<b' stokes=i,v,q,u flagpar=8,2,2,3,6,3  options=nodisp

pgflag: Revision 1.30, 2016/10/05 23:06:50 UTC

Applying bandpass corrections to 1934-638.9500
Applying freq. dependent gain corrections to 1934-638.9500
Applying freq. dependent leakage correction to 1934-638.9500
Applying changes to dataset
Counts of correlations within selected channels:
 channel  Originally  Currently
 Good:      15896020   15749956    Changed to bad:     146064
 Bad:        3036740    3182804    Changed to good:         0
 16.8% of the data is now flagged

2018-08-05 08:46:08,093 [MainThread  ] [INFO ]  pgflag vis=1934-638.9500 command='<b' stokes=i,v,u,q flagpar=8,2,2,3,6,3  options=nodisp

pgflag: Revision 1.30, 2016/10/05 23:06:50 UTC

Applying bandpass corrections to 1934-638.9500
Applying freq. dependent gain corrections to 1934-638.9500
Applying freq. dependent leakage correction to 1934-638.9500
Applying changes to dataset
Counts of correlations within selected channels:
 channel  Originally  Currently
 Good:      15749956   15600856    Changed to bad:     149100
 Bad:        3182804    3331904    Changed to good:         0
 17.6% of the data is now flagged

2018-08-05 08:47:54,125 [MainThread  ] [INFO ]  mfcal vis=1934-638.9500 refant=4 interval=0.1
MfCal: $Revision: 1.20 $, $Date: 2017/05/08 02:31:10 $
Selecting parallel-hand polarisations
Reading the data ...
Number correlations accepted: 7800428
Number of frequency bands/settings: 1
Number of polarisations selected: 2
Number of solution intervals: 154
Number of passband solution intervals: 1
Initialising ...
Using post-Aug94 ATCA flux scale for 1934-638.
Using known frequency variation of 1934-638
Generating initial solution estimate ...
Doing solution refinement ...
Iter= 1, Solution Error:  0.418
Iter= 2, Solution Error:  0.019
Iter= 3, Solution Error:  0.000
Saving solution ...

2018-08-05 08:47:56,197 [MainThread  ] [INFO ]  gpcal vis=1934-638.9500 refant=4 interval=0.1 nfbin=2 options=xyvary

gpcal: Revision 1.22, 2016/05/01 22:31:05 UTC

Applying bandpass corrections to 1934-638.9500
Number of antennae: 6
Using leakage parameters from input as initial guess
Reading the data ...
Number of solution intervals: 154
Total visibilities read: 2310
Number visibilities accepted: 2310
Using post-Aug94 ATCA flux scale for 1934-638.
Using IQUV =  2.5389,  0.0000,  0.0000,  0.0000 at   9.4579 GHz.
Using post-Aug94 ATCA flux scale for 1934-638.
Using IQUV =  2.6871,  0.0000,  0.0000,  0.0000 at   9.0364 GHz.
Using post-Aug94 ATCA flux scale for 1934-638.
Using IQUV =  2.3877,  0.0000,  0.0000,  0.0000 at   9.9387 GHz.
Iter= 1, Amplit/Phase Solution Error:   1.319
Iter= 1, Polarisation Solution Error:   0.000
Iter= 1, Overall Solution Error:        2.134
Iter= 2, Amplit/Phase Solution Error:   0.002
Iter= 2, Polarisation Solution Error:   0.000
Iter= 2, Overall Solution Error:        0.003
Iter= 3, Amplit/Phase Solution Error:   0.001
Iter= 3, Polarisation Solution Error:   0.000
Iter= 3, Overall Solution Error:        0.001
I flux density:   2.5389
Leakage terms:
 Ant 1:Dx,Dy = ( 0.00070,-0.00034),( 0.00040,-0.00075)
 Ant 2:Dx,Dy = ( 0.00310, 0.00149),(-0.00332, 0.00254)
 Ant 3:Dx,Dy = ( 0.00667,-0.00484),(-0.00883,-0.00475)
 Ant 4:Dx,Dy = ( 0.00313, 0.01498),(-0.00156, 0.01569)
 Ant 5:Dx,Dy = (-0.01648, 0.00292),( 0.01743, 0.00284)
 Ant 6:Dx,Dy = ( 0.00484,-0.01636),(-0.00215,-0.01342)
Solution for freq bin  1
Iter= 1, Amplit/Phase Solution Error:   1.300
Iter= 1, Polarisation Solution Error:   0.001
Iter= 1, Overall Solution Error:        2.127
Iter= 2, Amplit/Phase Solution Error:   0.002
Iter= 2, Polarisation Solution Error:   0.000
Iter= 2, Overall Solution Error:        0.003
Iter= 3, Amplit/Phase Solution Error:   0.001
Iter= 3, Polarisation Solution Error:   0.000
Iter= 3, Overall Solution Error:        0.001
I flux density:   2.6871
Leakage terms:
 Ant 1:Dx,Dy = ( 0.00065,-0.00018),(-0.00015,-0.00038)
 Ant 2:Dx,Dy = ( 0.00361, 0.00172),(-0.00382, 0.00341)
 Ant 3:Dx,Dy = ( 0.00604,-0.00550),(-0.00911,-0.00488)
 Ant 4:Dx,Dy = ( 0.00299, 0.01499),(-0.00175, 0.01613)
 Ant 5:Dx,Dy = (-0.01667, 0.00200),( 0.01720, 0.00241)
 Ant 6:Dx,Dy = ( 0.00485,-0.01596),(-0.00091,-0.01378)
Solution for freq bin  2
Iter= 1, Amplit/Phase Solution Error:   1.354
Iter= 1, Polarisation Solution Error:   0.001
Iter= 1, Overall Solution Error:        2.133
Iter= 2, Amplit/Phase Solution Error:   0.002
Iter= 2, Polarisation Solution Error:   0.000
Iter= 2, Overall Solution Error:        0.003
Iter= 3, Amplit/Phase Solution Error:   0.001
Iter= 3, Polarisation Solution Error:   0.000
Iter= 3, Overall Solution Error:        0.001
I flux density:   2.3877
Leakage terms:
 Ant 1:Dx,Dy = ( 0.00075,-0.00061),( 0.00107,-0.00121)
 Ant 2:Dx,Dy = ( 0.00248, 0.00121),(-0.00271, 0.00145)
 Ant 3:Dx,Dy = ( 0.00745,-0.00402),(-0.00848,-0.00454)
 Ant 4:Dx,Dy = ( 0.00330, 0.01498),(-0.00132, 0.01513)
 Ant 5:Dx,Dy = (-0.01624, 0.00405),( 0.01770, 0.00336)
 Ant 6:Dx,Dy = ( 0.00484,-0.01681),(-0.00369,-0.01297)

2018-08-05 08:47:56,299 [MainThread  ] [INFO ]  gpcopy vis=1934-638.9500 out=2312-319.9500

gpcopy: Revision 1.13, 2015/10/29 01:31:39 UTC

Copying leakage table
Copying gain table
Interpolation tolerance set to (minutes): 720.00
Copying bandpass table

2018-08-05 08:50:39,008 [MainThread  ] [INFO ]  pgflag vis=2312-319.9500 command='<b' stokes=i,q,u,v flagpar=8,5,5,3,6,3 options=nodisp

pgflag: Revision 1.30, 2016/10/05 23:06:50 UTC

Applying bandpass corrections to 2312-319.9500
Applying freq. dependent gain corrections to 2312-319.9500
Applying freq. dependent leakage correction to 2312-319.9500
Applying changes to dataset
Counts of correlations within selected channels:
 channel  Originally  Currently
 Good:      69573348   68947748    Changed to bad:     625600
 Bad:        8198496    8824096    Changed to good:         0
 11.3% of the data is now flagged

2018-08-05 08:53:03,852 [MainThread  ] [INFO ]  pgflag vis=2312-319.9500 command='<b' stokes=i,v,q,u flagpar=8,2,2,3,6,3  options=nodisp

pgflag: Revision 1.30, 2016/10/05 23:06:50 UTC

Applying bandpass corrections to 2312-319.9500
Applying freq. dependent gain corrections to 2312-319.9500
Applying freq. dependent leakage correction to 2312-319.9500
Applying changes to dataset
Counts of correlations within selected channels:
 channel  Originally  Currently
 Good:      68947748   68619344    Changed to bad:     328404
 Bad:        8824096    9152500    Changed to good:         0
 11.8% of the data is now flagged

2018-08-05 08:55:40,203 [MainThread  ] [INFO ]  pgflag vis=2312-319.9500 command='<b' stokes=i,v,u,q flagpar=8,2,2,3,6,3  options=nodisp

pgflag: Revision 1.30, 2016/10/05 23:06:50 UTC

Applying bandpass corrections to 2312-319.9500
Applying freq. dependent gain corrections to 2312-319.9500
Applying freq. dependent leakage correction to 2312-319.9500
Applying changes to dataset
Counts of correlations within selected channels:
 channel  Originally  Currently
 Good:      68619344   68306380    Changed to bad:     312964
 Bad:        9152500    9465464    Changed to good:         0
 12.2% of the data is now flagged

2018-08-05 08:55:44,472 [MainThread  ] [INFO ]  gpcal vis=2312-319.9500 refant=4 interval=0.1 nfbin=2 options=xyvary,qusolve

gpcal: Revision 1.22, 2016/05/01 22:31:05 UTC

Applying bandpass corrections to 2312-319.9500
Number of antennae: 6
Using leakage parameters from input as initial guess
Reading the data ...
Number of solution intervals: 635
Total visibilities read: 9489
Number visibilities accepted: 9483
Iter= 1, Amplit/Phase Solution Error:   1.392
Iter= 1, Polarisation Solution Error:   0.008
Iter= 1, Overall Solution Error:        2.521
Iter= 2, Amplit/Phase Solution Error:   0.007
Iter= 2, Polarisation Solution Error:   0.000
Iter= 2, Overall Solution Error:        0.007
Iter= 3, Amplit/Phase Solution Error:   0.001
Iter= 3, Polarisation Solution Error:   0.000
Iter= 3, Overall Solution Error:        0.001
I flux density:   0.5925
Percent Q:  -0.765
Percent U:  -0.153
Leakage terms:
 Ant 1:Dx,Dy = ( 0.00069,-0.00085),( 0.00145, 0.00029)
 Ant 2:Dx,Dy = ( 0.00335, 0.00055),(-0.00336, 0.00318)
 Ant 3:Dx,Dy = ( 0.00698,-0.00548),(-0.00892,-0.00434)
 Ant 4:Dx,Dy = ( 0.00250, 0.01462),(-0.00110, 0.01605)
 Ant 5:Dx,Dy = (-0.01646, 0.00249),( 0.01704, 0.00348)
 Ant 6:Dx,Dy = ( 0.00571,-0.01688),(-0.00235,-0.01312)
Solution for freq bin  1
Iter= 1, Amplit/Phase Solution Error:   1.404
Iter= 1, Polarisation Solution Error:   0.008
Iter= 1, Overall Solution Error:        2.526
Iter= 2, Amplit/Phase Solution Error:   0.007
Iter= 2, Polarisation Solution Error:   0.000
Iter= 2, Overall Solution Error:        0.006
Iter= 3, Amplit/Phase Solution Error:   0.001
Iter= 3, Polarisation Solution Error:   0.000
Iter= 3, Overall Solution Error:        0.001
I flux density:   0.5969
Percent Q:  -0.822
Percent U:   0.050
Leakage terms:
 Ant 1:Dx,Dy = ( 0.00050,-0.00101),( 0.00089, 0.00062)
 Ant 2:Dx,Dy = ( 0.00388, 0.00083),(-0.00398, 0.00451)
 Ant 3:Dx,Dy = ( 0.00623,-0.00621),(-0.00913,-0.00439)
 Ant 4:Dx,Dy = ( 0.00234, 0.01452),(-0.00141, 0.01631)
 Ant 5:Dx,Dy = (-0.01644, 0.00130),( 0.01682, 0.00302)
 Ant 6:Dx,Dy = ( 0.00539,-0.01633),(-0.00130,-0.01318)
Solution for freq bin  2
Iter= 1, Amplit/Phase Solution Error:   1.367
Iter= 1, Polarisation Solution Error:   0.007
Iter= 1, Overall Solution Error:        2.497
Iter= 2, Amplit/Phase Solution Error:   0.008
Iter= 2, Polarisation Solution Error:   0.000
Iter= 2, Overall Solution Error:        0.007
Iter= 3, Amplit/Phase Solution Error:   0.001
Iter= 3, Polarisation Solution Error:   0.000
Iter= 3, Overall Solution Error:        0.001
I flux density:   0.5915
Percent Q:  -0.708
Percent U:  -0.355
Leakage terms:
 Ant 1:Dx,Dy = ( 0.00092,-0.00079),( 0.00193,-0.00015)
 Ant 2:Dx,Dy = ( 0.00282, 0.00030),(-0.00276, 0.00188)
 Ant 3:Dx,Dy = ( 0.00762,-0.00465),(-0.00872,-0.00421)
 Ant 4:Dx,Dy = ( 0.00261, 0.01474),(-0.00078, 0.01582)
 Ant 5:Dx,Dy = (-0.01647, 0.00364),( 0.01725, 0.00391)
 Ant 6:Dx,Dy = ( 0.00607,-0.01745),(-0.00337,-0.01306)

2018-08-05 08:58:12,276 [MainThread  ] [INFO ]  pgflag vis=2312-319.9500 command='<b' stokes=i,q,u,v flagpar=8,5,5,3,6,3 options=nodisp

pgflag: Revision 1.30, 2016/10/05 23:06:50 UTC

Applying bandpass corrections to 2312-319.9500
Applying freq. dependent gain corrections to 2312-319.9500
Applying freq. dependent leakage correction to 2312-319.9500
Applying changes to dataset
Counts of correlations within selected channels:
 channel  Originally  Currently
 Good:      68306380   68033268    Changed to bad:     273112
 Bad:        9465464    9738576    Changed to good:         0
 12.5% of the data is now flagged

2018-08-05 09:00:51,650 [MainThread  ] [INFO ]  pgflag vis=2312-319.9500 command='<b' stokes=i,v,q,u flagpar=8,2,2,3,6,3  options=nodisp

pgflag: Revision 1.30, 2016/10/05 23:06:50 UTC

Applying bandpass corrections to 2312-319.9500
Applying freq. dependent gain corrections to 2312-319.9500
Applying freq. dependent leakage correction to 2312-319.9500
Applying changes to dataset
Counts of correlations within selected channels:
 channel  Originally  Currently
 Good:      68033268   67790004    Changed to bad:     243264
 Bad:        9738576    9981840    Changed to good:         0
 12.8% of the data is now flagged

2018-08-05 09:03:58,125 [MainThread  ] [INFO ]  pgflag vis=2312-319.9500 command='<b' stokes=i,v,u,q flagpar=8,2,2,3,6,3  options=nodisp

pgflag: Revision 1.30, 2016/10/05 23:06:50 UTC

Applying bandpass corrections to 2312-319.9500
Applying freq. dependent gain corrections to 2312-319.9500
Applying freq. dependent leakage correction to 2312-319.9500
Applying changes to dataset
Counts of correlations within selected channels:
 channel  Originally  Currently
 Good:      67790004   67568072    Changed to bad:     221932
 Bad:        9981840   10203772    Changed to good:         0
 13.1% of the data is now flagged

2018-08-05 09:04:02,617 [MainThread  ] [INFO ]  gpcal vis=2312-319.9500 refant=4 interval=0.1 nfbin=2 options=xyvary,qusolve

gpcal: Revision 1.22, 2016/05/01 22:31:05 UTC

Applying bandpass corrections to 2312-319.9500
Number of antennae: 6
Using leakage parameters from input as initial guess
Reading the data ...
Number of solution intervals: 635
Total visibilities read: 9489
Number visibilities accepted: 9483
Iter= 1, Amplit/Phase Solution Error:   1.392
Iter= 1, Polarisation Solution Error:   0.008
Iter= 1, Overall Solution Error:        2.520
Iter= 2, Amplit/Phase Solution Error:   0.007
Iter= 2, Polarisation Solution Error:   0.000
Iter= 2, Overall Solution Error:        0.007
Iter= 3, Amplit/Phase Solution Error:   0.001
Iter= 3, Polarisation Solution Error:   0.000
Iter= 3, Overall Solution Error:        0.001
I flux density:   0.5938
Percent Q:  -0.764
Percent U:  -0.155
Leakage terms:
 Ant 1:Dx,Dy = ( 0.00069,-0.00086),( 0.00146, 0.00029)
 Ant 2:Dx,Dy = ( 0.00336, 0.00055),(-0.00335, 0.00318)
 Ant 3:Dx,Dy = ( 0.00700,-0.00548),(-0.00891,-0.00435)
 Ant 4:Dx,Dy = ( 0.00249, 0.01462),(-0.00110, 0.01604)
 Ant 5:Dx,Dy = (-0.01647, 0.00251),( 0.01702, 0.00350)
 Ant 6:Dx,Dy = ( 0.00569,-0.01689),(-0.00235,-0.01311)
Solution for freq bin  1
Iter= 1, Amplit/Phase Solution Error:   1.403
Iter= 1, Polarisation Solution Error:   0.008
Iter= 1, Overall Solution Error:        2.528
Iter= 2, Amplit/Phase Solution Error:   0.006
Iter= 2, Polarisation Solution Error:   0.000
Iter= 2, Overall Solution Error:        0.006
Iter= 3, Amplit/Phase Solution Error:   0.001
Iter= 3, Polarisation Solution Error:   0.000
Iter= 3, Overall Solution Error:        0.001
I flux density:   0.5982
Percent Q:  -0.821
Percent U:   0.043
Leakage terms:
 Ant 1:Dx,Dy = ( 0.00048,-0.00101),( 0.00090, 0.00061)
 Ant 2:Dx,Dy = ( 0.00391, 0.00081),(-0.00397, 0.00454)
 Ant 3:Dx,Dy = ( 0.00624,-0.00622),(-0.00911,-0.00443)
 Ant 4:Dx,Dy = ( 0.00235, 0.01452),(-0.00144, 0.01630)
 Ant 5:Dx,Dy = (-0.01646, 0.00135),( 0.01681, 0.00303)
 Ant 6:Dx,Dy = ( 0.00536,-0.01630),(-0.00131,-0.01318)
Solution for freq bin  2
Iter= 1, Amplit/Phase Solution Error:   1.367
Iter= 1, Polarisation Solution Error:   0.007
Iter= 1, Overall Solution Error:        2.497
Iter= 2, Amplit/Phase Solution Error:   0.008
Iter= 2, Polarisation Solution Error:   0.000
Iter= 2, Overall Solution Error:        0.007
Iter= 3, Amplit/Phase Solution Error:   0.001
Iter= 3, Polarisation Solution Error:   0.000
Iter= 3, Overall Solution Error:        0.001
I flux density:   0.5927
Percent Q:  -0.707
Percent U:  -0.351
Leakage terms:
 Ant 1:Dx,Dy = ( 0.00091,-0.00080),( 0.00193,-0.00015)
 Ant 2:Dx,Dy = ( 0.00281, 0.00032),(-0.00275, 0.00187)
 Ant 3:Dx,Dy = ( 0.00763,-0.00465),(-0.00873,-0.00420)
 Ant 4:Dx,Dy = ( 0.00258, 0.01476),(-0.00077, 0.01582)
 Ant 5:Dx,Dy = (-0.01646, 0.00364),( 0.01723, 0.00393)
 Ant 6:Dx,Dy = ( 0.00605,-0.01748),(-0.00338,-0.01306)

2018-08-05 09:04:02,644 [MainThread  ] [INFO ]  gpboot vis=2312-319.9500 cal=1934-638.9500

gpboot: Revision 1.9, 2015/10/29 01:31:30 UTC

Secondary flux density scaled by:   0.996
Frequency bin  1 scaled by      :   0.993
Frequency bin  2 scaled by      :   0.998

2018-08-05 09:05:49,545 [MainThread  ] [INFO ]  gpcopy vis=2312-319.9500 out=d.9500

gpcopy: Revision 1.13, 2015/10/29 01:31:39 UTC

Copying leakage table
Copying gain table
Interpolation tolerance set to (minutes): 720.00
Copying bandpass table

2018-08-05 09:22:37,263 [MainThread  ] [INFO ]  pgflag vis=d.9500 command='<b' stokes=i,v,q,u flagpar=8,2,2,3,6,3  options=nodisp

pgflag: Revision 1.30, 2016/10/05 23:06:50 UTC

Applying bandpass corrections to d.9500
Applying freq. dependent gain corrections to d.9500
Applying freq. dependent leakage correction to d.9500
Applying changes to dataset
Counts of correlations within selected channels:
 channel  Originally  Currently
 Good:     429545220  417142024    Changed to bad:   12403196
 Bad:       50617440   63020636    Changed to good:         0
 13.1% of the data is now flagged

2018-08-05 09:37:24,354 [MainThread  ] [INFO ]  pgflag vis=d.9500 command='<b' stokes=i,v,u,q flagpar=8,2,2,3,6,3  options=nodisp

pgflag: Revision 1.30, 2016/10/05 23:06:50 UTC

Applying bandpass corrections to d.9500
Applying freq. dependent gain corrections to d.9500
Applying freq. dependent leakage correction to d.9500
Applying changes to dataset
Counts of correlations within selected channels:
 channel  Originally  Currently
 Good:     417142024  409123588    Changed to bad:    8018436
 Bad:       63020636   71039072    Changed to good:         0
 14.8% of the data is now flagged

2018-08-05 09:39:04,733 [MainThread  ] [INFO ]  uvsplit vis=d.9500

uvsplit: Revision 1.18, 2016/05/09 03:06:18 UTC

Creating d_1141.9500
Creating d_1142.9500
Creating d_1143.9500
Creating d_1144.9500
Creating d_1145.9500
Creating d_1146.9500
Creating d_1147.9500
Creating d_1148.9500
Creating d_1149.9500
Creating d_1150.9500
Creating d_1151.9500
Creating d_1152.9500
Creating d_1153.9500
Creating d_1154.9500
Creating d_1155.9500
Creating d_1156.9500
Creating d_1157.9500
Creating d_1158.9500
Creating d_1159.9500
Creating d_1160.9500
Creating d_1161.9500
Creating d_1162.9500
Creating d_1163.9500
Creating d_1164.9500
Creating d_1165.9500
Creating d_1166.9500
Creating d_1167.9500
Creating d_1168.9500
Creating d_1169.9500
Creating d_1170.9500
Creating d_1171.9500
Creating d_1172.9500
Creating d_1173.9500
Creating d_1174.9500
Creating d_1175.9500
Creating d_1176.9500
Creating d_1177.9500
Creating d_1178.9500
Creating d_1179.9500
Creating d_1180.9500
Creating d_1181.9500
Creating d_1182.9500
Creating d_1183.9500
Creating d_1184.9500
Creating d_1185.9500
Creating d_1186.9500
Creating d_1187.9500
Creating d_1188.9500
Creating d_1189.9500
Creating d_1190.9500
Creating d_1191.9500
Creating d_1192.9500
Creating d_1193.9500
Creating d_1194.9500
Creating d_1195.9500
Creating d_1196.9500
Creating d_1197.9500
Creating d_1198.9500
Creating d_1199.9500
Creating d_1200.9500
Creating d_1201.9500
Creating d_1202.9500
Creating d_1203.9500
Creating d_1204.9500
Creating d_1205.9500
Creating d_1206.9500
Creating d_1207.9500
Creating d_1208.9500
Creating d_1209.9500
Creating d_1210.9500
Creating d_1211.9500
Creating d_1212.9500
Creating d_1213.9500
Creating d_1214.9500
Creating d_1215.9500
Creating d_1216.9500
Creating d_1217.9500
Creating d_1218.9500
Creating d_1219.9500
Creating d_1220.9500
Creating d_1221.9500
Creating d_1222.9500
Creating d_1223.9500
Creating d_1224.9500
Creating d_1225.9500
Creating d_1226.9500
Creating d_1227.9500
Creating d_1228.9500
Creating d_1229.9500
Creating d_1230.9500
Creating d_1231.9500
Creating d_1232.9500
Creating d_1233.9500
Creating d_1234.9500
Creating d_1235.9500
Creating d_1236.9500
Creating d_1237.9500
Creating d_1238.9500
Creating d_1239.9500
Creating d_1240.9500
Creating d_1241.9500
Creating d_1242.9500
Creating d_1243.9500
Creating d_1244.9500
Creating d_1245.9500
Creating d_1246.9500
Creating d_1247.9500
Creating d_1248.9500
Creating d_1249.9500
Creating d_1250.9500
Creating d_1251.9500
Creating d_1252.9500
Creating d_1253.9500
Creating d_1254.9500
Creating d_1255.9500
Creating d_1256.9500
Creating d_1257.9500
Creating d_1258.9500
Creating d_1259.9500
Creating d_1260.9500
Creating d_1081.9500
Creating d_1082.9500
Creating d_1083.9500
Creating d_1084.9500
Creating d_1085.9500
Creating d_1086.9500
Creating d_1087.9500
Creating d_1088.9500
Creating d_1089.9500
Creating d_1090.9500
Creating d_1091.9500
Creating d_1092.9500
Creating d_1093.9500
Creating d_1094.9500
Creating d_1095.9500
Creating d_1096.9500
Creating d_1097.9500
Creating d_1098.9500
Creating d_1099.9500
Creating d_1100.9500
Creating d_1101.9500
Creating d_1102.9500
Creating d_1103.9500
Creating d_1104.9500
Creating d_1105.9500
Creating d_1106.9500
Creating d_1107.9500
Creating d_1108.9500
Creating d_1109.9500
Creating d_1110.9500
Creating d_1111.9500
Creating d_1112.9500
Creating d_1113.9500
Creating d_1114.9500
Creating d_1115.9500
Creating d_1116.9500
Creating d_1117.9500
Creating d_1118.9500
Creating d_1119.9500
Creating d_1120.9500
Creating d_1121.9500
Creating d_1122.9500
Creating d_1123.9500
Creating d_1124.9500
Creating d_1125.9500
Creating d_1126.9500
Creating d_1127.9500
Creating d_1128.9500
Creating d_1129.9500
Creating d_1130.9500
Creating d_1131.9500
Creating d_1132.9500
Creating d_1133.9500
Creating d_1134.9500
Creating d_1135.9500
Creating d_1136.9500
Creating d_1137.9500
Creating d_1138.9500
Creating d_1139.9500
Creating d_1140.9500

