2018-08-07 09:52:06,696 [MainThread  ] [INFO ]  atlod in=raw/2017-11-05_0416.C3132,raw/2017-11-05_0704.C3132,raw/2017-11-05_0951.C3132,raw/2017-11-05_1238.C3132,raw/2017-11-05_1525.C3132 out=data5.uv ifsel=1 options=birdie,rfiflag,noauto,xycorr

atlod: Revision 1.53, 2016/08/25 23:02:21 UTC

Processing file raw/2017-11-05_0416.C3132
 04:16:11 CAOBS> track 1
CABB data detected
Scan 1 started at 17NOV05:04:16:28.0
Source: 1934-638
Flagging channels in  28 frequency ranges
 04:26:30 CAOBS> stop
 04:26:50 CAOBS> set file c3132_obs_a5
 04:27:12 CAOBS> start 1/99
Scan 2 started at 17NOV05:04:29:00.0
Source: 2312-319
Scan 3 started at 17NOV05:04:31:48.0
Source: a_721
Source: a_722
Source: a_723
Source: a_724
Source: a_725
Source: a_726
Source: a_727
Source: a_728
Source: a_729
Source: a_730
Source: a_731
Source: a_732
Source: a_733
Source: a_734
Source: a_735
Source: a_736
Source: a_737
Source: a_738
Source: a_739
Source: a_740
Scan 4 started at 17NOV05:04:45:16.0
Source: 2312-319
Scan 5 started at 17NOV05:04:48:04.0
Source: a_741
Source: a_742
Source: a_743
Source: a_744
Source: a_745
Source: a_746
Source: a_747
Source: a_748
Source: a_749
Source: a_750
Source: a_751
Source: a_752
Source: a_753
Source: a_754
Source: a_755
Source: a_756
Source: a_757
Source: a_758
Source: a_759
Source: a_760
Scan 6 started at 17NOV05:05:01:24.0
Source: 2312-319
Scan 7 started at 17NOV05:05:04:04.0
Source: a_761
Source: a_762
Source: a_763
Source: a_764
Source: a_765
Source: a_766
Source: a_767
Source: a_768
Source: a_769
Source: a_770
Source: a_771
Source: a_772
Source: a_773
Source: a_774
Source: a_775
Source: a_776
Source: a_777
Source: a_778
Source: a_779
Source: a_780
Scan 8 started at 17NOV05:05:17:32.0
Source: 2312-319
Scan 9 started at 17NOV05:05:20:12.0
Source: a_781
Source: a_782
Source: a_783
Source: a_784
Source: a_785
Source: a_786
Source: a_787
Source: a_788
Source: a_789
Source: a_790
Source: a_791
Source: a_792
Source: a_793
Source: a_794
Source: a_795
Source: a_796
Source: a_797
Source: a_798
Source: a_799
Source: a_800
Scan 10 started at 17NOV05:05:33:40.0
Source: 2312-319
Scan 11 started at 17NOV05:05:36:28.0
Source: a_801
Source: a_802
Source: a_803
Source: a_804
Source: a_805
Source: a_806
Source: a_807
Source: a_808
Source: a_809
Source: a_810
Source: a_811
Source: a_812
Source: a_813
Source: a_814
Source: a_815
Source: a_816
Source: a_817
Source: a_818
Source: a_819
Source: a_820
Scan 12 started at 17NOV05:05:49:48.0
Source: 2312-319
Scan 13 started at 17NOV05:05:52:36.0
Source: a_821
Source: a_822
Source: a_823
Source: a_824
Source: a_825
Source: a_826
Source: a_827
Source: a_828
Source: a_829
Source: a_830
Source: a_831
Source: a_832
Source: a_833
Source: a_834
Source: a_835
Source: a_836
Source: a_837
Source: a_838
Source: a_839
Source: a_840
Scan 14 started at 17NOV05:06:05:56.0
Source: 2312-319
Scan 15 started at 17NOV05:06:08:44.0
Source: a_841
Source: a_842
Source: a_843
Source: a_844
Source: a_845
Source: a_846
Source: a_847
Source: a_848
Source: a_849
Source: a_850
Source: a_851
Source: a_852
Source: a_853
Source: a_854
Source: a_855
Source: a_856
Source: a_857
Source: a_858
Source: a_859
Source: a_860
Scan 16 started at 17NOV05:06:22:12.0
Source: 2312-319
Scan 17 started at 17NOV05:06:25:00.0
Source: a_861
Source: a_862
Source: a_863
Source: a_864
Source: a_865
Source: a_866
Source: a_867
Source: a_868
Source: a_869
Source: a_870
Source: a_871
Source: a_872
Source: a_873
Source: a_874
Source: a_875
Source: a_876
Source: a_877
Source: a_878
Source: a_879
Source: a_880
Scan 18 started at 17NOV05:06:38:20.0
Source: 2312-319
Scan 19 started at 17NOV05:06:41:08.0
Source: a_881
Source: a_882
Source: a_883
Source: a_884
Source: a_885
Source: a_886
Source: a_887
Source: a_888
Source: a_889
Source: a_890
Source: a_891
Source: a_892
Source: a_893
Source: a_894
Source: a_895
Source: a_896
Source: a_897
Source: a_898
Source: a_899
Source: a_900
Scan 20 started at 17NOV05:06:54:28.0
Source: 2312-319
Scan 21 started at 17NOV05:06:57:16.0
Source: a_721
Source: a_722
Source: a_723
Source: a_724
Source: a_725
Source: a_726
Source: a_727
Source: a_728
Source: a_729
Source: a_730
Source: a_731
RPFITS file version is 2.12
---------------------------------------
Total number of spectra selected: 72660

Summary of spectra flagged
Flagging Reason            Fraction
---------------            --------
Antenna off-source/off-line  4.70%
---------------------------------------
Processing file raw/2017-11-05_0704.C3132
CABB data detected
Scan 1 started at 17NOV05:07:04:04.0
Source: a_731
Source: a_732
Source: a_733
Source: a_734
Source: a_735
Source: a_736
Source: a_737
Source: a_738
Source: a_739
Source: a_740
Scan 2 started at 17NOV05:07:10:44.0
Source: 2312-319
Scan 3 started at 17NOV05:07:13:32.0
Source: a_741
Source: a_742
Source: a_743
Source: a_744
Source: a_745
Source: a_746
Source: a_747
Source: a_748
Source: a_749
Source: a_750
Source: a_751
Source: a_752
Source: a_753
Source: a_754
Source: a_755
Source: a_756
Source: a_757
Source: a_758
Source: a_759
Source: a_760
Scan 4 started at 17NOV05:07:27:00.0
Source: 2312-319
Scan 5 started at 17NOV05:07:29:56.0
Source: a_761
Source: a_762
Source: a_763
Source: a_764
Source: a_765
Source: a_766
Source: a_767
Source: a_768
Source: a_769
Source: a_770
Source: a_771
Source: a_772
Source: a_773
Source: a_774
Source: a_775
Source: a_776
Source: a_777
Source: a_778
Source: a_779
Source: a_780
Scan 6 started at 17NOV05:07:43:32.0
Source: 2312-319
Scan 7 started at 17NOV05:07:46:20.0
Source: a_781
Source: a_782
Source: a_783
Source: a_784
Source: a_785
Source: a_786
Source: a_787
Source: a_788
Source: a_789
Source: a_790
Source: a_791
Source: a_792
Source: a_793
Source: a_794
Source: a_795
Source: a_796
Source: a_797
Source: a_798
Source: a_799
Source: a_800
Scan 8 started at 17NOV05:07:59:48.0
Source: 2312-319
Scan 9 started at 17NOV05:08:02:44.0
Source: a_801
Source: a_802
Source: a_803
Source: a_804
Source: a_805
Source: a_806
Source: a_807
Source: a_808
Source: a_809
Source: a_810
Source: a_811
Source: a_812
Source: a_813
Source: a_814
Source: a_815
Source: a_816
Source: a_817
Source: a_818
Source: a_819
Source: a_820
Scan 10 started at 17NOV05:08:16:04.0
Source: 2312-319
Scan 11 started at 17NOV05:08:19:00.0
Source: a_821
Source: a_822
Source: a_823
Source: a_824
Source: a_825
Source: a_826
Source: a_827
Source: a_828
Source: a_829
Source: a_830
Source: a_831
Source: a_832
Source: a_833
Source: a_834
Source: a_835
Source: a_836
Source: a_837
Source: a_838
Source: a_839
Source: a_840
Scan 12 started at 17NOV05:08:32:28.0
Source: 2312-319
Scan 13 started at 17NOV05:08:35:16.0
Source: a_841
Source: a_842
Source: a_843
Source: a_844
Source: a_845
Source: a_846
Source: a_847
Source: a_848
Source: a_849
Source: a_850
Source: a_851
Source: a_852
Source: a_853
Source: a_854
Source: a_855
Source: a_856
Source: a_857
Source: a_858
Source: a_859
Source: a_860
Scan 14 started at 17NOV05:08:48:52.0
Source: 2312-319
Scan 15 started at 17NOV05:08:51:56.0
Source: a_861
Source: a_862
Source: a_863
Source: a_864
Source: a_865
Source: a_866
Source: a_867
Source: a_868
Source: a_869
Source: a_870
Source: a_871
Source: a_872
Source: a_873
Source: a_874
Source: a_875
Source: a_876
Source: a_877
Source: a_878
Source: a_879
Source: a_880
Scan 16 started at 17NOV05:09:05:16.0
Source: 2312-319
Scan 17 started at 17NOV05:09:08:28.0
Source: a_881
Source: a_882
Source: a_883
Source: a_884
Source: a_885
Source: a_886
Source: a_887
Source: a_888
Source: a_889
Source: a_890
Source: a_891
Source: a_892
Source: a_893
Source: a_894
Source: a_895
Source: a_896
Source: a_897
Source: a_898
Source: a_899
Source: a_900
Scan 18 started at 17NOV05:09:21:56.0
Source: 2312-319
Scan 19 started at 17NOV05:09:25:16.0
Source: a_721
Source: a_722
Source: a_723
Source: a_724
Source: a_725
Source: a_726
Source: a_727
Source: a_728
Source: a_729
Source: a_730
Source: a_731
Source: a_732
Source: a_733
Source: a_734
Source: a_735
Source: a_736
Source: a_737
Source: a_738
Source: a_739
Source: a_740
Scan 20 started at 17NOV05:09:38:36.0
Source: 2312-319
Scan 21 started at 17NOV05:09:42:20.0
Source: a_741
Source: a_742
Source: a_743
Source: a_744
Source: a_745
Source: a_746
Source: a_747
Source: a_748
Source: a_749
Source: a_750
Source: a_751
Source: a_752
Source: a_753
Source: a_754
Source: a_755
RPFITS file version is 2.12
---------------------------------------
Total number of spectra selected: 72616

Summary of spectra flagged
Flagging Reason            Fraction
---------------            --------
Antenna off-source/off-line  5.05%
---------------------------------------
Processing file raw/2017-11-05_0951.C3132
CABB data detected
Scan 1 started at 17NOV05:09:51:32.0
Source: a_755
Source: a_756
Source: a_757
Source: a_758
Source: a_759
Source: a_760
Scan 2 started at 17NOV05:09:55:56.0
Source: 2312-319
Scan 3 started at 17NOV05:10:00:04.0
Source: a_761
Source: a_762
Source: a_763
Source: a_764
Source: a_765
Source: a_766
Source: a_767
Source: a_768
Source: a_769
Source: a_770
Source: a_771
Source: a_772
Source: a_773
Source: a_774
Source: a_775
Source: a_776
Source: a_777
Source: a_778
Source: a_779
Source: a_780
Scan 4 started at 17NOV05:10:13:32.0
Source: 2312-319
Scan 5 started at 17NOV05:10:17:42.5
Source: a_782
Source: a_783
Source: a_784
Source: a_785
Source: a_786
Source: a_787
Source: a_788
Source: a_789
Source: a_790
Source: a_791
Source: a_792
Source: a_793
Source: a_794
Source: a_795
Source: a_796
Source: a_797
Source: a_798
Source: a_799
Source: a_800
Scan 6 started at 17NOV05:10:31:08.0
Source: 2312-319
Scan 7 started at 17NOV05:10:34:28.0
Source: a_801
Source: a_802
Source: a_803
Source: a_804
Source: a_805
Source: a_806
Source: a_807
Source: a_808
Source: a_809
Source: a_810
Source: a_811
Source: a_812
Source: a_813
Source: a_814
Source: a_815
Source: a_816
Source: a_817
Source: a_818
Source: a_819
Source: a_820
Scan 8 started at 17NOV05:10:48:12.0
Source: 2312-319
Scan 9 started at 17NOV05:10:51:24.0
Source: a_821
Source: a_822
Source: a_823
Source: a_824
Source: a_825
Source: a_826
Source: a_827
Source: a_828
Source: a_829
Source: a_830
Source: a_831
Source: a_832
Source: a_833
Source: a_834
Source: a_835
Source: a_836
Source: a_837
Source: a_838
Source: a_839
Source: a_840
Scan 10 started at 17NOV05:11:05:08.0
Source: 2312-319
Scan 11 started at 17NOV05:11:08:04.0
Source: a_841
Source: a_842
Source: a_843
Source: a_844
Source: a_845
Source: a_846
Source: a_847
Source: a_848
Source: a_849
Source: a_850
Source: a_851
Source: a_852
Source: a_853
Source: a_854
Source: a_855
Source: a_856
Source: a_857
Source: a_858
Source: a_859
Source: a_860
Scan 12 started at 17NOV05:11:21:40.0
Source: 2312-319
Scan 13 started at 17NOV05:11:24:44.0
Source: a_861
Source: a_862
Source: a_863
Source: a_864
Source: a_865
Source: a_866
Source: a_867
Source: a_868
Source: a_869
Source: a_870
Source: a_871
Source: a_872
Source: a_873
Source: a_874
Source: a_875
Source: a_876
Source: a_877
Source: a_878
Source: a_879
Source: a_880
Scan 14 started at 17NOV05:11:38:04.0
Source: 2312-319
Scan 15 started at 17NOV05:11:41:08.0
Source: a_881
Source: a_882
Source: a_883
Source: a_884
Source: a_885
Source: a_886
Source: a_887
Source: a_888
Source: a_889
Source: a_890
Source: a_891
Source: a_892
Source: a_893
Source: a_894
Source: a_895
Source: a_896
Source: a_897
Source: a_898
Source: a_899
Source: a_900
Scan 16 started at 17NOV05:11:54:36.0
Source: 2312-319
Scan 17 started at 17NOV05:11:57:32.0
Source: a_721
Source: a_722
Source: a_723
Source: a_724
Source: a_725
Source: a_726
Source: a_727
Source: a_728
Source: a_729
Source: a_730
Source: a_731
Source: a_732
Source: a_733
Source: a_734
Source: a_735
Source: a_736
Source: a_737
Source: a_738
Source: a_739
Source: a_740
Scan 18 started at 17NOV05:12:10:52.0
Source: 2312-319
Scan 19 started at 17NOV05:12:13:48.0
Source: a_741
Source: a_742
Source: a_743
Source: a_744
Source: a_745
Source: a_746
Source: a_747
Source: a_748
Source: a_749
Source: a_750
Source: a_751
Source: a_752
Source: a_753
Source: a_754
Source: a_755
Source: a_756
Source: a_757
Source: a_758
Source: a_759
Source: a_760
Scan 20 started at 17NOV05:12:27:16.0
Source: 2312-319
Scan 21 started at 17NOV05:12:30:04.0
Source: a_761
Source: a_762
Source: a_763
Source: a_764
Source: a_765
Source: a_766
Source: a_767
Source: a_768
Source: a_769
Source: a_770
Source: a_771
Source: a_772
Source: a_773
RPFITS file version is 2.12
---------------------------------------
Total number of spectra selected: 72660

Summary of spectra flagged
Flagging Reason            Fraction
---------------            --------
Antenna off-source/off-line  8.65%
---------------------------------------
Processing file raw/2017-11-05_1238.C3132
CABB data detected
Scan 1 started at 17NOV05:12:38:20.0
Source: a_773
Source: a_774
Source: a_775
Source: a_776
Source: a_777
Source: a_778
Source: a_779
Source: a_780
Scan 2 started at 17NOV05:12:43:40.0
Source: 2312-319
Scan 3 started at 17NOV05:12:46:28.0
Source: a_781
Source: a_782
Source: a_783
Source: a_784
Source: a_785
Source: a_786
Source: a_787
Source: a_788
Source: a_789
Source: a_790
Source: a_791
Source: a_792
Source: a_793
Source: a_794
Source: a_795
Source: a_796
Source: a_797
Source: a_798
Source: a_799
Source: a_800
Scan 4 started at 17NOV05:12:59:56.0
Source: 2312-319
Scan 5 started at 17NOV05:13:02:52.0
Source: a_801
Source: a_802
Source: a_803
Source: a_804
Source: a_805
Source: a_806
Source: a_807
Source: a_808
Source: a_809
Source: a_810
Source: a_811
Source: a_812
Source: a_813
Source: a_814
Source: a_815
Source: a_816
Source: a_817
Source: a_818
Source: a_819
Source: a_820
Scan 6 started at 17NOV05:13:16:12.0
Source: 2312-319
Scan 7 started at 17NOV05:13:19:00.0
Source: a_821
Source: a_822
Source: a_823
Source: a_824
Source: a_825
Source: a_826
Source: a_827
Source: a_828
Source: a_829
Source: a_830
Source: a_831
Source: a_832
Source: a_833
Source: a_834
Source: a_835
Source: a_836
Source: a_837
Source: a_838
Source: a_839
Source: a_840
Scan 8 started at 17NOV05:13:32:36.0
Source: 2312-319
Scan 9 started at 17NOV05:13:35:24.0
Source: a_841
Source: a_842
Source: a_843
Source: a_844
Source: a_845
Source: a_846
Source: a_847
Source: a_848
Source: a_849
Source: a_850
Source: a_851
Source: a_852
Source: a_853
Source: a_854
Source: a_855
Source: a_856
Source: a_857
Source: a_858
Source: a_859
Source: a_860
Scan 10 started at 17NOV05:13:48:52.0
Source: 2312-319
Scan 11 started at 17NOV05:13:51:40.0
Source: a_861
Source: a_862
Source: a_863
Source: a_864
Source: a_865
Source: a_866
Source: a_867
Source: a_868
Source: a_869
Source: a_870
Source: a_871
Source: a_872
Source: a_873
Source: a_874
Source: a_875
Source: a_876
Source: a_877
Source: a_878
Source: a_879
Source: a_880
Scan 12 started at 17NOV05:14:05:08.0
Source: 2312-319
Scan 13 started at 17NOV05:14:08:04.0
Source: a_881
Source: a_882
Source: a_883
Source: a_884
Source: a_885
Source: a_886
Source: a_887
Source: a_888
Source: a_889
Source: a_890
Source: a_891
Source: a_892
Source: a_893
Source: a_894
Source: a_895
Source: a_896
Source: a_897
Source: a_898
Source: a_899
Source: a_900
Scan 14 started at 17NOV05:14:21:24.0
Source: 2312-319
Scan 15 started at 17NOV05:14:24:12.0
Source: a_721
Source: a_722
Source: a_723
Source: a_724
Source: a_725
Source: a_726
Source: a_727
Source: a_728
Source: a_729
Source: a_730
Source: a_731
Source: a_732
Source: a_733
Source: a_734
Source: a_735
Source: a_736
Source: a_737
Source: a_738
Source: a_739
Source: a_740
Scan 16 started at 17NOV05:14:37:40.0
Source: 2312-319
Scan 17 started at 17NOV05:14:40:28.0
Source: a_741
Source: a_742
Source: a_743
Source: a_744
Source: a_745
Source: a_746
Source: a_747
Source: a_748
Source: a_749
Source: a_750
Source: a_751
Source: a_752
Source: a_753
Source: a_754
Source: a_755
Source: a_756
Source: a_757
Source: a_758
Source: a_759
Source: a_760
Scan 18 started at 17NOV05:14:53:56.0
Source: 2312-319
Scan 19 started at 17NOV05:14:56:36.0
Source: a_761
Source: a_762
Source: a_763
Source: a_764
Source: a_765
Source: a_766
Source: a_767
Source: a_768
Source: a_769
Source: a_770
Source: a_771
Source: a_772
Source: a_773
Source: a_774
Source: a_775
Source: a_776
Source: a_777
Source: a_778
Source: a_779
Source: a_780
Scan 20 started at 17NOV05:15:10:04.0
Source: 2312-319
Scan 21 started at 17NOV05:15:12:44.0
Source: a_781
Source: a_782
Source: a_783
Source: a_784
Source: a_785
Source: a_786
Source: a_787
Source: a_788
Source: a_789
Source: a_790
Source: a_791
Source: a_792
Source: a_793
Source: a_794
Source: a_795
Source: a_796
Source: a_797
Source: a_798
Source: a_799
RPFITS file version is 2.12
---------------------------------------
Total number of spectra selected: 72660

Summary of spectra flagged
Flagging Reason            Fraction
---------------            --------
Antenna off-source/off-line  3.47%
---------------------------------------
Processing file raw/2017-11-05_1525.C3132
CABB data detected
Scan 1 started at 17NOV05:15:25:08.0
Source: a_799
Source: a_800
Scan 2 started at 17NOV05:15:26:12.0
Source: 2312-319
Scan 3 started at 17NOV05:15:28:52.0
Source: a_801
Source: a_802
Source: a_803
Source: a_804
Source: a_805
Source: a_806
Source: a_807
Source: a_808
Source: a_809
Source: a_810
Source: a_811
Source: a_812
Source: a_813
Source: a_814
Source: a_815
Source: a_816
Source: a_817
Source: a_818
Source: a_819
Source: a_820
Scan 4 started at 17NOV05:15:42:20.0
Source: 2312-319
Scan 5 started at 17NOV05:15:45:00.0
Source: a_821
Source: a_822
Source: a_823
Source: a_824
Source: a_825
Source: a_826
Source: a_827
Source: a_828
Source: a_829
Source: a_830
Source: a_831
Source: a_832
Source: a_833
Source: a_834
Source: a_835
Source: a_836
Source: a_837
Source: a_838
Source: a_839
Source: a_840
Scan 6 started at 17NOV05:15:58:28.0
Source: 2312-319
 16:00:33 CAOBS> stop
 16:00:43 CAOBS> cain cycle 10
 16:00:51 CAOBS> corr closefile
RPFITS file version is 2.12
---------------------------------------
Total number of spectra selected: 15300

Summary of spectra flagged
Flagging Reason            Fraction
---------------            --------
Antenna off-source/off-line  2.35%
---------------------------------------

No CACAL data was detected

2018-08-07 09:54:13,691 [MainThread  ] [INFO ]  uvflag vis=data5.uv line=chan,6,1146,1 flagval=flag

uvflag: Revision 1.8, 2014/09/30 14:23:39 UTC


Set flags to indicate bad data in visibility file data5.uv
Linetype channel; select    6 channels; start 1146, width    1, step    1

Overview of flagging on visibility file data5.uv
Changed flags set to FALSE (data flagged as bad)
Total number of records selected: 289652; out of 289652 records
Antennas used: 1-6
Counts of correlations within selected channels
channel   Originally    Currently
Good:          868956.           0.    Changed to bad:      868956.
Bad:           868956.     1737912.

2018-08-07 09:54:31,007 [MainThread  ] [INFO ]  uvflag vis=data5.uv line=chan,30,1454,1 flagval=flag

uvflag: Revision 1.8, 2014/09/30 14:23:39 UTC


Set flags to indicate bad data in visibility file data5.uv
Linetype channel; select   30 channels; start 1454, width    1, step    1

Overview of flagging on visibility file data5.uv
Changed flags set to FALSE (data flagged as bad)
Total number of records selected: 289652; out of 289652 records
Antennas used: 1-6
Counts of correlations within selected channels
channel   Originally    Currently
Good:         8689560.           0.    Changed to bad:     8689560.
Bad:                0.     8689560.

2018-08-07 09:55:10,398 [MainThread  ] [INFO ]  uvflag vis=data5.uv line=chan,40,1964,1 flagval=flag

uvflag: Revision 1.8, 2014/09/30 14:23:39 UTC


Set flags to indicate bad data in visibility file data5.uv
Linetype channel; select   40 channels; start 1964, width    1, step    1

Overview of flagging on visibility file data5.uv
Changed flags set to FALSE (data flagged as bad)
Total number of records selected: 289652; out of 289652 records
Antennas used: 1-6
Counts of correlations within selected channels
channel   Originally    Currently
Good:               0.           0.    Changed to bad:           0.
Bad:         11586080.    11586080.

2018-08-07 09:56:39,159 [MainThread  ] [INFO ]  uvsplit vis=data5.uv options=mosaic

uvsplit: Revision 1.18, 2016/05/09 03:06:18 UTC

Creating 1934-638.5500
Creating 2312-319.5500
Creating a.5500

2018-08-07 09:56:50,860 [MainThread  ] [INFO ]  pgflag vis=1934-638.5500 command='<b' stokes=i,q,u,v flagpar=8,5,5,3,6,3 options=nodisp

pgflag: Revision 1.30, 2016/10/05 23:06:50 UTC

Applying changes to dataset
Counts of correlations within selected channels:
 channel  Originally  Currently
 Good:       8086500    8036828    Changed to bad:      49672
 Bad:        1134000    1183672    Changed to good:         0
 12.8% of the data is now flagged

2018-08-07 09:57:00,860 [MainThread  ] [INFO ]  pgflag vis=1934-638.5500 command='<b' stokes=i,v,q,u flagpar=8,2,2,3,6,3  options=nodisp

pgflag: Revision 1.30, 2016/10/05 23:06:50 UTC

Applying changes to dataset
Counts of correlations within selected channels:
 channel  Originally  Currently
 Good:       8036828    7987032    Changed to bad:      49796
 Bad:        1183672    1233468    Changed to good:         0
 13.4% of the data is now flagged

2018-08-07 09:57:11,729 [MainThread  ] [INFO ]  pgflag vis=1934-638.5500 command='<b' stokes=i,v,u,q flagpar=8,2,2,3,6,3  options=nodisp

pgflag: Revision 1.30, 2016/10/05 23:06:50 UTC

Applying changes to dataset
Counts of correlations within selected channels:
 channel  Originally  Currently
 Good:       7987032    7861080    Changed to bad:     125952
 Bad:        1233468    1359420    Changed to good:         0
 14.7% of the data is now flagged

2018-08-07 09:58:40,726 [MainThread  ] [INFO ]  mfcal vis=1934-638.5500 refant=4 interval=0.1
MfCal: $Revision: 1.20 $, $Date: 2017/05/08 02:31:10 $
Selecting parallel-hand polarisations
Reading the data ...
Number correlations accepted: 3930540
Number of frequency bands/settings: 1
Number of polarisations selected: 2
Number of solution intervals: 75
Number of passband solution intervals: 1
Initialising ...
Using post-Aug94 ATCA flux scale for 1934-638.
Using known frequency variation of 1934-638
Generating initial solution estimate ...
Doing solution refinement ...
Iter= 1, Solution Error:  0.423
Iter= 2, Solution Error:  0.013
Iter= 3, Solution Error:  0.000
Saving solution ...

2018-08-07 09:58:41,776 [MainThread  ] [INFO ]  gpcal vis=1934-638.5500 refant=4 interval=0.1 nfbin=2 options=xyvary

gpcal: Revision 1.22, 2016/05/01 22:31:05 UTC

Applying bandpass corrections to 1934-638.5500
Number of antennae: 6
Reading the data ...
Number of solution intervals: 75
Total visibilities read: 1125
Number visibilities accepted: 1125
Using post-Aug94 ATCA flux scale for 1934-638.
Using IQUV =  5.0170,  0.0000,  0.0000,  0.0000 at   5.4520 GHz.
Using post-Aug94 ATCA flux scale for 1934-638.
Using IQUV =  5.5175,  0.0000,  0.0000,  0.0000 at   5.0315 GHz.
Using post-Aug94 ATCA flux scale for 1934-638.
Using IQUV =  4.5110,  0.0000,  0.0000,  0.0000 at   5.9539 GHz.
Iter= 1, Amplit/Phase Solution Error:   0.577
Iter= 1, Polarisation Solution Error:   0.043
Iter= 1, Overall Solution Error:        2.011
Iter= 2, Amplit/Phase Solution Error:   0.002
Iter= 2, Polarisation Solution Error:   0.000
Iter= 2, Overall Solution Error:        0.003
Iter= 3, Amplit/Phase Solution Error:   0.001
Iter= 3, Polarisation Solution Error:   0.000
Iter= 3, Overall Solution Error:        0.001
I flux density:   5.0170
Leakage terms:
 Ant 1:Dx,Dy = ( 0.00145,-0.00289),(-0.00150,-0.00228)
 Ant 2:Dx,Dy = ( 0.00346, 0.00652),(-0.00415, 0.00722)
 Ant 3:Dx,Dy = ( 0.00370, 0.00054),(-0.00814, 0.00033)
 Ant 4:Dx,Dy = ( 0.00505, 0.01887),(-0.00417, 0.01989)
 Ant 5:Dx,Dy = (-0.01704,-0.00082),( 0.01576,-0.00054)
 Ant 6:Dx,Dy = ( 0.00049,-0.02356),(-0.00069,-0.02327)
Solution for freq bin  1
Iter= 1, Amplit/Phase Solution Error:   0.565
Iter= 1, Polarisation Solution Error:   0.045
Iter= 1, Overall Solution Error:        2.014
Iter= 2, Amplit/Phase Solution Error:   0.002
Iter= 2, Polarisation Solution Error:   0.000
Iter= 2, Overall Solution Error:        0.003
Iter= 3, Amplit/Phase Solution Error:   0.001
Iter= 3, Polarisation Solution Error:   0.000
Iter= 3, Overall Solution Error:        0.001
I flux density:   5.5175
Leakage terms:
 Ant 1:Dx,Dy = ( 0.00137,-0.00235),(-0.00199,-0.00195)
 Ant 2:Dx,Dy = ( 0.00375, 0.00787),(-0.00455, 0.00828)
 Ant 3:Dx,Dy = ( 0.00305, 0.00040),(-0.00897, 0.00088)
 Ant 4:Dx,Dy = ( 0.00458, 0.01925),(-0.00445, 0.02075)
 Ant 5:Dx,Dy = (-0.01781,-0.00170),( 0.01524,-0.00120)
 Ant 6:Dx,Dy = (-0.00044,-0.02546),(-0.00077,-0.02477)
Solution for freq bin  2
Iter= 1, Amplit/Phase Solution Error:   0.594
Iter= 1, Polarisation Solution Error:   0.040
Iter= 1, Overall Solution Error:        2.009
Iter= 2, Amplit/Phase Solution Error:   0.002
Iter= 2, Polarisation Solution Error:   0.000
Iter= 2, Overall Solution Error:        0.003
Iter= 3, Amplit/Phase Solution Error:   0.001
Iter= 3, Polarisation Solution Error:   0.000
Iter= 3, Overall Solution Error:        0.001
I flux density:   4.5110
Leakage terms:
 Ant 1:Dx,Dy = ( 0.00157,-0.00361),(-0.00084,-0.00273)
 Ant 2:Dx,Dy = ( 0.00308, 0.00470),(-0.00362, 0.00578)
 Ant 3:Dx,Dy = ( 0.00459, 0.00072),(-0.00699,-0.00042)
 Ant 4:Dx,Dy = ( 0.00569, 0.01837),(-0.00378, 0.01874)
 Ant 5:Dx,Dy = (-0.01603, 0.00034),( 0.01644, 0.00034)
 Ant 6:Dx,Dy = ( 0.00174,-0.02098),(-0.00057,-0.02124)

2018-08-07 09:58:57,936 [MainThread  ] [INFO ]  pgflag vis=1934-638.5500 command='<b' stokes=i,q,u,v flagpar=8,5,5,3,6,3 options=nodisp

pgflag: Revision 1.30, 2016/10/05 23:06:50 UTC

Applying bandpass corrections to 1934-638.5500
Applying freq. dependent gain corrections to 1934-638.5500
Applying freq. dependent leakage correction to 1934-638.5500
Applying changes to dataset
Counts of correlations within selected channels:
 channel  Originally  Currently
 Good:       7861080    7841076    Changed to bad:      20004
 Bad:        1359420    1379424    Changed to good:         0
 15.0% of the data is now flagged

2018-08-07 09:59:13,082 [MainThread  ] [INFO ]  pgflag vis=1934-638.5500 command='<b' stokes=i,v,q,u flagpar=8,2,2,3,6,3  options=nodisp

pgflag: Revision 1.30, 2016/10/05 23:06:50 UTC

Applying bandpass corrections to 1934-638.5500
Applying freq. dependent gain corrections to 1934-638.5500
Applying freq. dependent leakage correction to 1934-638.5500
Applying changes to dataset
Counts of correlations within selected channels:
 channel  Originally  Currently
 Good:       7841076    7819212    Changed to bad:      21864
 Bad:        1379424    1401288    Changed to good:         0
 15.2% of the data is now flagged

2018-08-07 09:59:27,722 [MainThread  ] [INFO ]  pgflag vis=1934-638.5500 command='<b' stokes=i,v,u,q flagpar=8,2,2,3,6,3  options=nodisp

pgflag: Revision 1.30, 2016/10/05 23:06:50 UTC

Applying bandpass corrections to 1934-638.5500
Applying freq. dependent gain corrections to 1934-638.5500
Applying freq. dependent leakage correction to 1934-638.5500
Applying changes to dataset
Counts of correlations within selected channels:
 channel  Originally  Currently
 Good:       7819212    7800264    Changed to bad:      18948
 Bad:        1401288    1420236    Changed to good:         0
 15.4% of the data is now flagged

2018-08-07 10:00:24,323 [MainThread  ] [INFO ]  mfcal vis=1934-638.5500 refant=4 interval=0.1
MfCal: $Revision: 1.20 $, $Date: 2017/05/08 02:31:10 $
Selecting parallel-hand polarisations
Reading the data ...
Number correlations accepted: 3900132
Number of frequency bands/settings: 1
Number of polarisations selected: 2
Number of solution intervals: 75
Number of passband solution intervals: 1
Initialising ...
Using post-Aug94 ATCA flux scale for 1934-638.
Using known frequency variation of 1934-638
Generating initial solution estimate ...
Doing solution refinement ...
Iter= 1, Solution Error:  0.425
Iter= 2, Solution Error:  0.013
Iter= 3, Solution Error:  0.000
Saving solution ...

2018-08-07 10:00:26,709 [MainThread  ] [INFO ]  gpcal vis=1934-638.5500 refant=4 interval=0.1 nfbin=2 options=xyvary

gpcal: Revision 1.22, 2016/05/01 22:31:05 UTC

Applying bandpass corrections to 1934-638.5500
Number of antennae: 6
Using leakage parameters from input as initial guess
Reading the data ...
Number of solution intervals: 75
Total visibilities read: 1125
Number visibilities accepted: 1125
Using post-Aug94 ATCA flux scale for 1934-638.
Using IQUV =  5.0175,  0.0000,  0.0000,  0.0000 at   5.4516 GHz.
Using post-Aug94 ATCA flux scale for 1934-638.
Using IQUV =  5.5152,  0.0000,  0.0000,  0.0000 at   5.0333 GHz.
Using post-Aug94 ATCA flux scale for 1934-638.
Using IQUV =  4.5124,  0.0000,  0.0000,  0.0000 at   5.9523 GHz.
Iter= 1, Amplit/Phase Solution Error:   0.577
Iter= 1, Polarisation Solution Error:   0.000
Iter= 1, Overall Solution Error:        2.011
Iter= 2, Amplit/Phase Solution Error:   0.002
Iter= 2, Polarisation Solution Error:   0.000
Iter= 2, Overall Solution Error:        0.003
Iter= 3, Amplit/Phase Solution Error:   0.001
Iter= 3, Polarisation Solution Error:   0.000
Iter= 3, Overall Solution Error:        0.001
I flux density:   5.0175
Leakage terms:
 Ant 1:Dx,Dy = ( 0.00146,-0.00290),(-0.00148,-0.00229)
 Ant 2:Dx,Dy = ( 0.00346, 0.00653),(-0.00415, 0.00721)
 Ant 3:Dx,Dy = ( 0.00370, 0.00053),(-0.00814, 0.00033)
 Ant 4:Dx,Dy = ( 0.00506, 0.01888),(-0.00415, 0.01990)
 Ant 5:Dx,Dy = (-0.01706,-0.00083),( 0.01576,-0.00055)
 Ant 6:Dx,Dy = ( 0.00050,-0.02356),(-0.00069,-0.02326)
Solution for freq bin  1
Iter= 1, Amplit/Phase Solution Error:   0.565
Iter= 1, Polarisation Solution Error:   0.002
Iter= 1, Overall Solution Error:        2.015
Iter= 2, Amplit/Phase Solution Error:   0.002
Iter= 2, Polarisation Solution Error:   0.000
Iter= 2, Overall Solution Error:        0.003
Iter= 3, Amplit/Phase Solution Error:   0.001
Iter= 3, Polarisation Solution Error:   0.000
Iter= 3, Overall Solution Error:        0.001
I flux density:   5.5152
Leakage terms:
 Ant 1:Dx,Dy = ( 0.00139,-0.00235),(-0.00197,-0.00196)
 Ant 2:Dx,Dy = ( 0.00375, 0.00787),(-0.00453, 0.00827)
 Ant 3:Dx,Dy = ( 0.00305, 0.00040),(-0.00897, 0.00088)
 Ant 4:Dx,Dy = ( 0.00459, 0.01925),(-0.00444, 0.02075)
 Ant 5:Dx,Dy = (-0.01783,-0.00171),( 0.01523,-0.00122)
 Ant 6:Dx,Dy = (-0.00043,-0.02545),(-0.00077,-0.02474)
Solution for freq bin  2
Iter= 1, Amplit/Phase Solution Error:   0.594
Iter= 1, Polarisation Solution Error:   0.003
Iter= 1, Overall Solution Error:        2.009
Iter= 2, Amplit/Phase Solution Error:   0.002
Iter= 2, Polarisation Solution Error:   0.000
Iter= 2, Overall Solution Error:        0.003
Iter= 3, Amplit/Phase Solution Error:   0.001
Iter= 3, Polarisation Solution Error:   0.000
Iter= 3, Overall Solution Error:        0.001
I flux density:   4.5124
Leakage terms:
 Ant 1:Dx,Dy = ( 0.00156,-0.00362),(-0.00082,-0.00273)
 Ant 2:Dx,Dy = ( 0.00307, 0.00473),(-0.00363, 0.00578)
 Ant 3:Dx,Dy = ( 0.00460, 0.00071),(-0.00701,-0.00043)
 Ant 4:Dx,Dy = ( 0.00570, 0.01838),(-0.00377, 0.01876)
 Ant 5:Dx,Dy = (-0.01604, 0.00033),( 0.01645, 0.00035)
 Ant 6:Dx,Dy = ( 0.00175,-0.02100),(-0.00057,-0.02125)

2018-08-07 10:00:27,183 [MainThread  ] [INFO ]  gpcopy vis=1934-638.5500 out=2312-319.5500

gpcopy: Revision 1.13, 2015/10/29 01:31:39 UTC

Copying leakage table
Copying gain table
Interpolation tolerance set to (minutes): 720.00
Copying bandpass table

2018-08-07 10:03:18,235 [MainThread  ] [INFO ]  pgflag vis=2312-319.5500 command='<b' stokes=i,q,u,v flagpar=8,5,5,3,6,3 options=nodisp

pgflag: Revision 1.30, 2016/10/05 23:06:50 UTC

Applying bandpass corrections to 2312-319.5500
Applying freq. dependent gain corrections to 2312-319.5500
Applying freq. dependent leakage correction to 2312-319.5500
Applying changes to dataset
Counts of correlations within selected channels:
 channel  Originally  Currently
 Good:      69558276   69084296    Changed to bad:     473980
 Bad:        9754416   10228396    Changed to good:         0
 12.9% of the data is now flagged

2018-08-07 10:05:55,620 [MainThread  ] [INFO ]  pgflag vis=2312-319.5500 command='<b' stokes=i,v,q,u flagpar=8,2,2,3,6,3  options=nodisp

pgflag: Revision 1.30, 2016/10/05 23:06:50 UTC

Applying bandpass corrections to 2312-319.5500
Applying freq. dependent gain corrections to 2312-319.5500
Applying freq. dependent leakage correction to 2312-319.5500
Applying changes to dataset
Counts of correlations within selected channels:
 channel  Originally  Currently
 Good:      69084296   68672788    Changed to bad:     411508
 Bad:       10228396   10639904    Changed to good:         0
 13.4% of the data is now flagged

2018-08-07 10:08:26,629 [MainThread  ] [INFO ]  pgflag vis=2312-319.5500 command='<b' stokes=i,v,u,q flagpar=8,2,2,3,6,3  options=nodisp

pgflag: Revision 1.30, 2016/10/05 23:06:50 UTC

Applying bandpass corrections to 2312-319.5500
Applying freq. dependent gain corrections to 2312-319.5500
Applying freq. dependent leakage correction to 2312-319.5500
Applying changes to dataset
Counts of correlations within selected channels:
 channel  Originally  Currently
 Good:      68672788   68227056    Changed to bad:     445732
 Bad:       10639904   11085636    Changed to good:         0
 14.0% of the data is now flagged

2018-08-07 10:08:31,549 [MainThread  ] [INFO ]  gpcal vis=2312-319.5500 refant=4 interval=0.1 nfbin=2 options=xyvary,qusolve

gpcal: Revision 1.22, 2016/05/01 22:31:05 UTC

Applying bandpass corrections to 2312-319.5500
Number of antennae: 6
Using leakage parameters from input as initial guess
Reading the data ...
Number of solution intervals: 646
Total visibilities read: 9677
Number visibilities accepted: 9674
Iter= 1, Amplit/Phase Solution Error:   1.365
Iter= 1, Polarisation Solution Error:   0.010
Iter= 1, Overall Solution Error:        2.443
Iter= 2, Amplit/Phase Solution Error:   0.012
Iter= 2, Polarisation Solution Error:   0.000
Iter= 2, Overall Solution Error:        0.009
Iter= 3, Amplit/Phase Solution Error:   0.001
Iter= 3, Polarisation Solution Error:   0.000
Iter= 3, Overall Solution Error:        0.001
I flux density:   0.5522
Percent Q:  -0.959
Percent U:   0.641
Leakage terms:
 Ant 1:Dx,Dy = ( 0.00137,-0.00276),(-0.00078,-0.00160)
 Ant 2:Dx,Dy = ( 0.00362, 0.00647),(-0.00356, 0.00791)
 Ant 3:Dx,Dy = ( 0.00404, 0.00068),(-0.00792, 0.00056)
 Ant 4:Dx,Dy = ( 0.00511, 0.01835),(-0.00416, 0.01998)
 Ant 5:Dx,Dy = (-0.01686,-0.00153),( 0.01583,-0.00074)
 Ant 6:Dx,Dy = ( 0.00123,-0.02410),(-0.00091,-0.02322)
Solution for freq bin  1
Iter= 1, Amplit/Phase Solution Error:   1.284
Iter= 1, Polarisation Solution Error:   0.012
Iter= 1, Overall Solution Error:        2.409
Iter= 2, Amplit/Phase Solution Error:   0.013
Iter= 2, Polarisation Solution Error:   0.000
Iter= 2, Overall Solution Error:        0.009
Iter= 3, Amplit/Phase Solution Error:   0.001
Iter= 3, Polarisation Solution Error:   0.000
Iter= 3, Overall Solution Error:        0.001
I flux density:   0.5591
Percent Q:  -1.215
Percent U:   0.574
Leakage terms:
 Ant 1:Dx,Dy = ( 0.00122,-0.00246),(-0.00144,-0.00176)
 Ant 2:Dx,Dy = ( 0.00363, 0.00789),(-0.00440, 0.00863)
 Ant 3:Dx,Dy = ( 0.00326, 0.00042),(-0.00891, 0.00100)
 Ant 4:Dx,Dy = ( 0.00433, 0.01898),(-0.00421, 0.02089)
 Ant 5:Dx,Dy = (-0.01811,-0.00213),( 0.01481,-0.00142)
 Ant 6:Dx,Dy = (-0.00010,-0.02586),(-0.00161,-0.02419)
Solution for freq bin  2
Iter= 1, Amplit/Phase Solution Error:   1.390
Iter= 1, Polarisation Solution Error:   0.007
Iter= 1, Overall Solution Error:        2.404
Iter= 2, Amplit/Phase Solution Error:   0.010
Iter= 2, Polarisation Solution Error:   0.000
Iter= 2, Overall Solution Error:        0.008
Iter= 3, Amplit/Phase Solution Error:   0.001
Iter= 3, Polarisation Solution Error:   0.000
Iter= 3, Overall Solution Error:        0.001
I flux density:   0.5577
Percent Q:  -0.685
Percent U:   0.714
Leakage terms:
 Ant 1:Dx,Dy = ( 0.00141,-0.00372),(-0.00034,-0.00230)
 Ant 2:Dx,Dy = ( 0.00323, 0.00442),(-0.00315, 0.00640)
 Ant 3:Dx,Dy = ( 0.00495, 0.00071),(-0.00692,-0.00016)
 Ant 4:Dx,Dy = ( 0.00599, 0.01798),(-0.00395, 0.01922)
 Ant 5:Dx,Dy = (-0.01579,-0.00030),( 0.01660, 0.00059)
 Ant 6:Dx,Dy = ( 0.00188,-0.02138),(-0.00057,-0.02147)

2018-08-07 10:11:12,830 [MainThread  ] [INFO ]  pgflag vis=2312-319.5500 command='<b' stokes=i,q,u,v flagpar=8,5,5,3,6,3 options=nodisp

pgflag: Revision 1.30, 2016/10/05 23:06:50 UTC

Applying bandpass corrections to 2312-319.5500
Applying freq. dependent gain corrections to 2312-319.5500
Applying freq. dependent leakage correction to 2312-319.5500
Applying changes to dataset
Counts of correlations within selected channels:
 channel  Originally  Currently
 Good:      68227056   67811436    Changed to bad:     415620
 Bad:       11085636   11501256    Changed to good:         0
 14.5% of the data is now flagged

2018-08-07 10:13:48,340 [MainThread  ] [INFO ]  pgflag vis=2312-319.5500 command='<b' stokes=i,v,q,u flagpar=8,2,2,3,6,3  options=nodisp

pgflag: Revision 1.30, 2016/10/05 23:06:50 UTC

Applying bandpass corrections to 2312-319.5500
Applying freq. dependent gain corrections to 2312-319.5500
Applying freq. dependent leakage correction to 2312-319.5500
Applying changes to dataset
Counts of correlations within selected channels:
 channel  Originally  Currently
 Good:      67811436   67426448    Changed to bad:     384988
 Bad:       11501256   11886244    Changed to good:         0
 15.0% of the data is now flagged

2018-08-07 10:16:34,177 [MainThread  ] [INFO ]  pgflag vis=2312-319.5500 command='<b' stokes=i,v,u,q flagpar=8,2,2,3,6,3  options=nodisp

pgflag: Revision 1.30, 2016/10/05 23:06:50 UTC

Applying bandpass corrections to 2312-319.5500
Applying freq. dependent gain corrections to 2312-319.5500
Applying freq. dependent leakage correction to 2312-319.5500
Applying changes to dataset
Counts of correlations within selected channels:
 channel  Originally  Currently
 Good:      67426448   67062416    Changed to bad:     364032
 Bad:       11886244   12250276    Changed to good:         0
 15.4% of the data is now flagged

2018-08-07 10:16:38,995 [MainThread  ] [INFO ]  gpcal vis=2312-319.5500 refant=4 interval=0.1 nfbin=2 options=xyvary,qusolve

gpcal: Revision 1.22, 2016/05/01 22:31:05 UTC

Applying bandpass corrections to 2312-319.5500
Number of antennae: 6
Using leakage parameters from input as initial guess
Reading the data ...
Number of solution intervals: 646
Total visibilities read: 9677
Number visibilities accepted: 9674
Iter= 1, Amplit/Phase Solution Error:   1.365
Iter= 1, Polarisation Solution Error:   0.010
Iter= 1, Overall Solution Error:        2.442
Iter= 2, Amplit/Phase Solution Error:   0.012
Iter= 2, Polarisation Solution Error:   0.000
Iter= 2, Overall Solution Error:        0.009
Iter= 3, Amplit/Phase Solution Error:   0.001
Iter= 3, Polarisation Solution Error:   0.000
Iter= 3, Overall Solution Error:        0.001
I flux density:   0.5533
Percent Q:  -0.979
Percent U:   0.625
Leakage terms:
 Ant 1:Dx,Dy = ( 0.00146,-0.00274),(-0.00066,-0.00162)
 Ant 2:Dx,Dy = ( 0.00371, 0.00646),(-0.00346, 0.00787)
 Ant 3:Dx,Dy = ( 0.00416, 0.00068),(-0.00779, 0.00055)
 Ant 4:Dx,Dy = ( 0.00523, 0.01834),(-0.00403, 0.01996)
 Ant 5:Dx,Dy = (-0.01673,-0.00157),( 0.01592,-0.00070)
 Ant 6:Dx,Dy = ( 0.00136,-0.02405),(-0.00078,-0.02318)
Solution for freq bin  1
Iter= 1, Amplit/Phase Solution Error:   1.305
Iter= 1, Polarisation Solution Error:   0.012
Iter= 1, Overall Solution Error:        2.410
Iter= 2, Amplit/Phase Solution Error:   0.013
Iter= 2, Polarisation Solution Error:   0.000
Iter= 2, Overall Solution Error:        0.009
Iter= 3, Amplit/Phase Solution Error:   0.001
Iter= 3, Polarisation Solution Error:   0.000
Iter= 3, Overall Solution Error:        0.001
I flux density:   0.5602
Percent Q:  -1.240
Percent U:   0.555
Leakage terms:
 Ant 1:Dx,Dy = ( 0.00134,-0.00245),(-0.00129,-0.00178)
 Ant 2:Dx,Dy = ( 0.00375, 0.00790),(-0.00427, 0.00862)
 Ant 3:Dx,Dy = ( 0.00341, 0.00041),(-0.00876, 0.00099)
 Ant 4:Dx,Dy = ( 0.00446, 0.01898),(-0.00405, 0.02087)
 Ant 5:Dx,Dy = (-0.01795,-0.00219),( 0.01490,-0.00140)
 Ant 6:Dx,Dy = ( 0.00008,-0.02581),(-0.00145,-0.02413)
Solution for freq bin  2
Iter= 1, Amplit/Phase Solution Error:   1.390
Iter= 1, Polarisation Solution Error:   0.007
Iter= 1, Overall Solution Error:        2.403
Iter= 2, Amplit/Phase Solution Error:   0.010
Iter= 2, Polarisation Solution Error:   0.000
Iter= 2, Overall Solution Error:        0.008
Iter= 3, Amplit/Phase Solution Error:   0.001
Iter= 3, Polarisation Solution Error:   0.000
Iter= 3, Overall Solution Error:        0.001
I flux density:   0.5588
Percent Q:  -0.695
Percent U:   0.702
Leakage terms:
 Ant 1:Dx,Dy = ( 0.00146,-0.00369),(-0.00029,-0.00229)
 Ant 2:Dx,Dy = ( 0.00325, 0.00443),(-0.00312, 0.00636)
 Ant 3:Dx,Dy = ( 0.00500, 0.00072),(-0.00686,-0.00017)
 Ant 4:Dx,Dy = ( 0.00607, 0.01796),(-0.00390, 0.01922)
 Ant 5:Dx,Dy = (-0.01575,-0.00033),( 0.01664, 0.00062)
 Ant 6:Dx,Dy = ( 0.00192,-0.02138),(-0.00052,-0.02147)

2018-08-07 10:16:39,055 [MainThread  ] [INFO ]  gpboot vis=2312-319.5500 cal=1934-638.5500

gpboot: Revision 1.9, 2015/10/29 01:31:30 UTC

Secondary flux density scaled by:   0.997
Frequency bin  1 scaled by      :   0.999
Frequency bin  2 scaled by      :   1.001

2018-08-07 10:18:26,111 [MainThread  ] [INFO ]  gpcopy vis=2312-319.5500 out=a.5500

gpcopy: Revision 1.13, 2015/10/29 01:31:39 UTC

Copying leakage table
Copying gain table
Interpolation tolerance set to (minutes): 720.00
Copying bandpass table

2018-08-07 10:35:57,742 [MainThread  ] [INFO ]  pgflag vis=a.5500 command='<b' stokes=i,v,q,u flagpar=8,2,2,3,6,3  options=nodisp

pgflag: Revision 1.30, 2016/10/05 23:06:50 UTC

Applying bandpass corrections to a.5500
Applying freq. dependent gain corrections to a.5500
Applying freq. dependent leakage correction to a.5500
Applying changes to dataset
Counts of correlations within selected channels:
 channel  Originally  Currently
 Good:     442856028  429627592    Changed to bad:   13228436
 Bad:       62107728   75336164    Changed to good:         0
 14.9% of the data is now flagged

2018-08-07 10:54:22,666 [MainThread  ] [INFO ]  pgflag vis=a.5500 command='<b' stokes=i,v,u,q flagpar=8,2,2,3,6,3  options=nodisp

pgflag: Revision 1.30, 2016/10/05 23:06:50 UTC

Applying bandpass corrections to a.5500
Applying freq. dependent gain corrections to a.5500
Applying freq. dependent leakage correction to a.5500
Applying changes to dataset
Counts of correlations within selected channels:
 channel  Originally  Currently
 Good:     429627592  419971852    Changed to bad:    9655740
 Bad:       75336164   84991904    Changed to good:         0
 16.8% of the data is now flagged

2018-08-07 10:58:13,072 [MainThread  ] [INFO ]  uvsplit vis=a.5500

uvsplit: Revision 1.18, 2016/05/09 03:06:18 UTC

Creating a_721.5500
Creating a_722.5500
Creating a_723.5500
Creating a_724.5500
Creating a_725.5500
Creating a_726.5500
Creating a_727.5500
Creating a_728.5500
Creating a_729.5500
Creating a_730.5500
Creating a_731.5500
Creating a_732.5500
Creating a_733.5500
Creating a_734.5500
Creating a_735.5500
Creating a_736.5500
Creating a_737.5500
Creating a_738.5500
Creating a_739.5500
Creating a_740.5500
Creating a_741.5500
Creating a_742.5500
Creating a_743.5500
Creating a_744.5500
Creating a_745.5500
Creating a_746.5500
Creating a_747.5500
Creating a_748.5500
Creating a_749.5500
Creating a_750.5500
Creating a_751.5500
Creating a_752.5500
Creating a_753.5500
Creating a_754.5500
Creating a_755.5500
Creating a_756.5500
Creating a_757.5500
Creating a_758.5500
Creating a_759.5500
Creating a_760.5500
Creating a_761.5500
Creating a_762.5500
Creating a_763.5500
Creating a_764.5500
Creating a_765.5500
Creating a_766.5500
Creating a_767.5500
Creating a_768.5500
Creating a_769.5500
Creating a_770.5500
Creating a_771.5500
Creating a_772.5500
Creating a_773.5500
Creating a_774.5500
Creating a_775.5500
Creating a_776.5500
Creating a_777.5500
Creating a_778.5500
Creating a_779.5500
Creating a_780.5500
Creating a_781.5500
Creating a_782.5500
Creating a_783.5500
Creating a_784.5500
Creating a_785.5500
Creating a_786.5500
Creating a_787.5500
Creating a_788.5500
Creating a_789.5500
Creating a_790.5500
Creating a_791.5500
Creating a_792.5500
Creating a_793.5500
Creating a_794.5500
Creating a_795.5500
Creating a_796.5500
Creating a_797.5500
Creating a_798.5500
Creating a_799.5500
Creating a_800.5500
Creating a_801.5500
Creating a_802.5500
Creating a_803.5500
Creating a_804.5500
Creating a_805.5500
Creating a_806.5500
Creating a_807.5500
Creating a_808.5500
Creating a_809.5500
Creating a_810.5500
Creating a_811.5500
Creating a_812.5500
Creating a_813.5500
Creating a_814.5500
Creating a_815.5500
Creating a_816.5500
Creating a_817.5500
Creating a_818.5500
Creating a_819.5500
Creating a_820.5500
Creating a_821.5500
Creating a_822.5500
Creating a_823.5500
Creating a_824.5500
Creating a_825.5500
Creating a_826.5500
Creating a_827.5500
Creating a_828.5500
Creating a_829.5500
Creating a_830.5500
Creating a_831.5500
Creating a_832.5500
Creating a_833.5500
Creating a_834.5500
Creating a_835.5500
Creating a_836.5500
Creating a_837.5500
Creating a_838.5500
Creating a_839.5500
Creating a_840.5500
Creating a_841.5500
Creating a_842.5500
Creating a_843.5500
Creating a_844.5500
Creating a_845.5500
Creating a_846.5500
Creating a_847.5500
Creating a_848.5500
Creating a_849.5500
Creating a_850.5500
Creating a_851.5500
Creating a_852.5500
Creating a_853.5500
Creating a_854.5500
Creating a_855.5500
Creating a_856.5500
Creating a_857.5500
Creating a_858.5500
Creating a_859.5500
Creating a_860.5500
Creating a_861.5500
Creating a_862.5500
Creating a_863.5500
Creating a_864.5500
Creating a_865.5500
Creating a_866.5500
Creating a_867.5500
Creating a_868.5500
Creating a_869.5500
Creating a_870.5500
Creating a_871.5500
Creating a_872.5500
Creating a_873.5500
Creating a_874.5500
Creating a_875.5500
Creating a_876.5500
Creating a_877.5500
Creating a_878.5500
Creating a_879.5500
Creating a_880.5500
Creating a_881.5500
Creating a_882.5500
Creating a_883.5500
Creating a_884.5500
Creating a_885.5500
Creating a_886.5500
Creating a_887.5500
Creating a_888.5500
Creating a_889.5500
Creating a_890.5500
Creating a_891.5500
Creating a_892.5500
Creating a_893.5500
Creating a_894.5500
Creating a_895.5500
Creating a_896.5500
Creating a_897.5500
Creating a_898.5500
Creating a_899.5500
Creating a_900.5500

