2018-11-22 18:32:16,865 [MainThread  ] [INFO ]  atlod in=raw/2017-04-24_1845.C3132,raw/2017-04-24_2132.C3132,raw/2017-04-25_0019.C3132,raw/2017-04-25_0341.C3132 out=data9.uv ifsel=2 options=birdie,rfiflag,noauto,xycorr

atlod: Revision 1.53, 2016/08/25 23:02:21 UTC

Processing file raw/2017-04-24_1845.C3132
 18:45:22 CAOBS> track 1
CABB data detected
Scan 1 started at 17APR24:18:45:40.0
Source: 1934-638
Flagging channels in  28 frequency ranges
 18:56:06 CAOBS> stop
 18:56:21 CAOBS> set file c3132_obs_a4.sch
 18:56:25 CAOBS> start 3/99
Scan 2 started at 17APR24:18:58:12.0
Source: 2312-319
Scan 3 started at 17APR24:19:00:52.0
Source: a_561
Source: a_562
Source: a_563
Source: a_564
Source: a_565
Source: a_566
Source: a_567
Source: a_568
Source: a_569
Source: a_570
Source: a_571
Source: a_572
Source: a_573
Source: a_574
Source: a_575
Source: a_576
Source: a_577
Source: a_578
Source: a_579
Source: a_580
Scan 4 started at 17APR24:19:14:20.0
Source: 2312-319
Scan 5 started at 17APR24:19:17:00.0
Source: a_581
Source: a_582
Source: a_583
Source: a_584
Source: a_585
Source: a_586
Source: a_587
Source: a_588
Source: a_589
Source: a_590
Source: a_591
Source: a_592
Source: a_593
Source: a_594
Source: a_595
Source: a_596
Source: a_597
Source: a_598
Source: a_599
Source: a_600
Scan 6 started at 17APR24:19:30:28.0
Source: 2312-319
Scan 7 started at 17APR24:19:33:08.0
Source: a_601
Source: a_602
Source: a_603
Source: a_604
Source: a_605
Source: a_606
Source: a_607
Source: a_608
Source: a_609
Source: a_610
Source: a_611
Source: a_612
Source: a_613
Source: a_614
Source: a_615
Source: a_616
Source: a_617
Source: a_618
Source: a_619
Source: a_620
Scan 8 started at 17APR24:19:46:36.0
Source: 2312-319
Scan 9 started at 17APR24:19:49:24.0
Source: a_621
Source: a_622
Source: a_623
Source: a_624
Source: a_625
Source: a_626
Source: a_627
Source: a_628
Source: a_629
Source: a_630
Source: a_631
Source: a_632
Source: a_633
Source: a_634
Source: a_635
Source: a_636
Source: a_637
Source: a_638
Source: a_639
Source: a_640
Scan 10 started at 17APR24:20:02:52.0
Source: 2312-319
Scan 11 started at 17APR24:20:05:40.0
Source: a_641
Source: a_642
Source: a_643
Source: a_644
Source: a_645
Source: a_646
Source: a_647
Source: a_648
Source: a_649
Source: a_650
Source: a_651
Source: a_652
Source: a_653
Source: a_654
Source: a_655
Source: a_656
Source: a_657
Source: a_658
Source: a_659
Source: a_660
Scan 12 started at 17APR24:20:19:08.0
Source: 2312-319
Scan 13 started at 17APR24:20:22:04.0
Source: a_661
Source: a_662
Source: a_663
Source: a_664
Source: a_665
Source: a_666
Source: a_667
Source: a_668
Source: a_669
Source: a_670
Source: a_671
Source: a_672
Source: a_673
Source: a_674
Source: a_675
Source: a_676
Source: a_677
Source: a_678
Source: a_679
Source: a_680
Scan 14 started at 17APR24:20:35:24.0
Source: 2312-319
Scan 15 started at 17APR24:20:38:12.0
Source: a_681
Source: a_682
Source: a_683
Source: a_684
Source: a_685
Source: a_686
Source: a_687
Source: a_688
Source: a_689
Source: a_690
Source: a_691
Source: a_692
Source: a_693
Source: a_694
Source: a_695
Source: a_696
Source: a_697
Source: a_698
Source: a_699
Source: a_700
Scan 16 started at 17APR24:20:51:48.0
Source: 2312-319
Scan 17 started at 17APR24:20:54:36.0
Source: a_701
Source: a_702
Source: a_703
Source: a_704
Source: a_705
Source: a_706
Source: a_707
Source: a_708
Source: a_709
Source: a_710
Source: a_711
Source: a_712
Source: a_713
Source: a_714
Source: a_715
Source: a_716
Source: a_717
Source: a_718
Source: a_719
Source: a_720
Scan 18 started at 17APR24:21:08:12.0
Source: 2312-319
Scan 19 started at 17APR24:21:11:08.0
Source: a_541
Source: a_542
Source: a_543
Source: a_544
Source: a_545
Source: a_546
Source: a_547
Source: a_548
Source: a_549
Source: a_550
Source: a_551
Source: a_552
Source: a_553
Source: a_554
Source: a_555
Source: a_556
Source: a_557
Source: a_558
Source: a_559
Source: a_560
Scan 20 started at 17APR24:21:24:36.0
Source: 2312-319
Scan 21 started at 17APR24:21:27:24.0
Source: a_561
Source: a_562
Source: a_563
Source: a_564
Source: a_565
Source: a_566
Source: a_567
Source: a_568
Source: a_569
RPFITS file version is 2.12
---------------------------------------
Total number of spectra selected: 72660

Summary of spectra flagged
Flagging Reason            Fraction
---------------            --------
Antenna off-source/off-line  4.38%
---------------------------------------
Processing file raw/2017-04-24_2132.C3132
CABB data detected
Scan 1 started at 17APR24:21:32:52.0
Source: a_569
Source: a_570
Source: a_571
Source: a_572
Source: a_573
Source: a_574
Source: a_575
Source: a_576
Source: a_577
Source: a_578
Source: a_579
Source: a_580
Scan 2 started at 17APR24:21:41:00.0
Source: 2312-319
Scan 3 started at 17APR24:21:44:04.0
Source: a_581
Source: a_582
Source: a_583
Source: a_584
Source: a_585
Source: a_586
Source: a_587
Source: a_588
Source: a_589
Source: a_590
Source: a_591
Source: a_592
Source: a_593
Source: a_594
Source: a_595
Source: a_596
Source: a_597
Source: a_598
Source: a_599
Source: a_600
Scan 4 started at 17APR24:21:57:32.0
Source: 2312-319
Scan 5 started at 17APR24:22:00:44.0
Source: a_601
Source: a_602
Source: a_603
Source: a_604
Source: a_605
Source: a_606
Source: a_607
Source: a_608
Source: a_609
Source: a_610
Source: a_611
Source: a_612
Source: a_613
Source: a_614
Source: a_615
Source: a_616
Source: a_617
Source: a_618
Source: a_619
Source: a_620
Scan 6 started at 17APR24:22:14:12.0
Source: 2312-319
Scan 7 started at 17APR24:22:17:32.0
Source: a_621
Source: a_622
Source: a_623
Source: a_624
Source: a_625
Source: a_626
Source: a_627
Source: a_628
Source: a_629
Source: a_630
Source: a_631
Source: a_632
Source: a_633
Source: a_634
Source: a_635
Source: a_636
Source: a_637
Source: a_638
Source: a_639
Source: a_640
Scan 8 started at 17APR24:22:31:16.0
Source: 2312-319
Scan 9 started at 17APR24:22:35:00.0
Source: a_641
Source: a_642
Source: a_643
Source: a_644
Source: a_645
Source: a_646
Source: a_647
Source: a_648
Source: a_649
Source: a_650
Source: a_651
Source: a_652
Source: a_653
Source: a_654
Source: a_655
Source: a_656
Source: a_657
Source: a_658
Source: a_659
Source: a_660
Scan 10 started at 17APR24:22:48:28.0
Source: 2312-319
Scan 11 started at 17APR24:22:53:08.0
Source: a_662
Source: a_663
Source: a_664
Source: a_665
Source: a_666
Source: a_667
Source: a_668
Source: a_669
Source: a_670
Source: a_671
Source: a_672
Source: a_673
Source: a_674
Source: a_675
Source: a_676
Source: a_677
Source: a_678
Source: a_679
Source: a_680
Scan 12 started at 17APR24:23:09:40.0
Source: 2312-319
Scan 13 started at 17APR24:23:13:40.0
Source: a_681
Source: a_682
Source: a_683
Source: a_684
Source: a_685
Source: a_686
Source: a_687
Source: a_688
Source: a_689
Source: a_690
Source: a_691
Source: a_692
Source: a_693
Source: a_694
Source: a_695
Source: a_696
Source: a_697
Source: a_698
Source: a_699
Source: a_700
Scan 14 started at 17APR24:23:27:48.0
Source: 2312-319
Scan 15 started at 17APR24:23:31:08.0
Source: a_701
Source: a_702
Source: a_703
Source: a_704
Source: a_705
Source: a_706
Source: a_707
Source: a_708
Source: a_709
Source: a_710
Source: a_711
Source: a_712
Source: a_713
Source: a_714
Source: a_715
Source: a_716
Source: a_717
Source: a_718
Source: a_719
Source: a_720
Scan 16 started at 17APR24:23:44:44.0
Source: 2312-319
Scan 17 started at 17APR24:23:47:56.0
Source: a_541
Source: a_542
Source: a_543
Source: a_544
Source: a_545
Source: a_546
Source: a_547
Source: a_548
Source: a_549
Source: a_550
Source: a_551
Source: a_552
Source: a_553
Source: a_554
Source: a_555
Source: a_556
Source: a_557
Source: a_558
Source: a_559
Source: a_560
Scan 18 started at 17APR25:00:01:32.0
Source: 2312-319
Scan 19 started at 17APR25:00:04:28.0
Source: a_561
Source: a_562
Source: a_563
Source: a_564
Source: a_565
Source: a_566
Source: a_567
Source: a_568
Source: a_569
Source: a_570
Source: a_571
Source: a_572
Source: a_573
Source: a_574
Source: a_575
Source: a_576
Source: a_577
Source: a_578
Source: a_579
Source: a_580
Scan 20 started at 17APR25:00:18:04.0
Source: 2312-319
RPFITS file version is 2.12
---------------------------------------
Total number of spectra selected: 72660

Summary of spectra flagged
Flagging Reason            Fraction
---------------            --------
Antenna off-source/off-line  11.5%
---------------------------------------
Processing file raw/2017-04-25_0019.C3132
CABB data detected
Scan 1 started at 17APR25:00:19:24.0
Source: 2312-319
Scan 2 started at 17APR25:00:21:08.0
Source: a_581
Source: a_582
Source: a_583
Source: a_584
Source: a_585
Source: a_586
Source: a_587
Source: a_588
Source: a_589
Source: a_590
Source: a_591
Source: a_592
Source: a_593
Source: a_594
Source: a_595
Source: a_596
Source: a_597
Source: a_598
Source: a_599
Source: a_600
Scan 3 started at 17APR25:00:34:28.0
Source: 2312-319
Scan 4 started at 17APR25:00:37:24.0
Source: a_601
Source: a_602
Source: a_603
Source: a_604
Source: a_605
Source: a_606
Source: a_607
Source: a_608
Source: a_609
Source: a_610
Source: a_611
Source: a_612
Source: a_613
Source: a_614
Source: a_615
Source: a_616
Source: a_617
Source: a_618
Source: a_619
Source: a_620
Scan 5 started at 17APR25:00:50:52.0
Source: 2312-319
Scan 6 started at 17APR25:00:53:40.0
Source: a_621
Source: a_622
Source: a_623
Source: a_624
Source: a_625
Source: a_626
Source: a_627
Source: a_628
Source: a_629
Source: a_630
Source: a_631
Source: a_632
Source: a_633
Source: a_634
Source: a_635
Source: a_636
Source: a_637
 01:38:51 CAOBS> track 10
 01:39:03 CAOBS> stop
 01:39:12 CAOBS> start 10/99
 01:42:42 CAOBS> stop
 01:42:50 CAOBS> start 9/99
Scan 9 started at 17APR25:01:43:32.0
Source: 2312-319
Scan 10 started at 17APR25:01:46:20.0
Source: a_621
Source: a_622
Source: a_623
Source: a_624
Source: a_625
Source: a_626
Source: a_627
Source: a_628
Source: a_629
Source: a_630
Source: a_631
Source: a_632
Source: a_633
Source: a_634
Source: a_635
Source: a_636
Source: a_637
Source: a_638
Source: a_639
Source: a_640
Scan 11 started at 17APR25:01:59:48.0
Source: 2312-319
Scan 12 started at 17APR25:02:02:36.0
Source: a_641
Source: a_642
Source: a_643
Source: a_644
Source: a_645
Source: a_646
Source: a_647
Source: a_648
Source: a_649
Source: a_650
Source: a_651
Source: a_652
Source: a_653
Source: a_654
Source: a_655
Source: a_656
Source: a_657
Source: a_658
Source: a_659
Source: a_660
Scan 13 started at 17APR25:02:16:04.0
Source: 2312-319
Scan 14 started at 17APR25:02:19:00.0
Source: a_661
Source: a_662
Source: a_663
Source: a_664
Source: a_665
Source: a_666
Source: a_667
Source: a_668
Source: a_669
Source: a_670
Source: a_671
Source: a_672
Source: a_673
Source: a_674
Source: a_675
Source: a_676
Source: a_677
Source: a_678
Source: a_679
Source: a_680
Scan 15 started at 17APR25:02:32:20.0
Source: 2312-319
Scan 16 started at 17APR25:02:35:08.0
Source: a_681
Source: a_682
Source: a_683
Source: a_684
Source: a_685
Source: a_686
Source: a_687
Source: a_688
Source: a_689
Source: a_690
Source: a_691
Source: a_692
Source: a_693
Source: a_694
Source: a_695
Source: a_696
Source: a_697
Source: a_698
Source: a_699
Source: a_700
Scan 17 started at 17APR25:02:48:36.0
Source: 2312-319
Scan 18 started at 17APR25:02:51:24.0
Source: a_701
Source: a_702
Source: a_703
Source: a_704
Source: a_705
Source: a_706
Source: a_707
Source: a_708
Source: a_709
Source: a_710
Source: a_711
Source: a_712
Source: a_713
Source: a_714
Source: a_715
Source: a_716
Source: a_717
Source: a_718
Source: a_719
Source: a_720
Scan 19 started at 17APR25:03:04:52.0
Source: 2312-319
Scan 20 started at 17APR25:03:07:40.0
Source: a_541
Source: a_542
Source: a_543
Source: a_544
Source: a_545
Source: a_546
Source: a_547
Source: a_548
Source: a_549
Source: a_550
Source: a_551
Source: a_552
Source: a_553
Source: a_554
Source: a_555
Source: a_556
Source: a_557
Source: a_558
Source: a_559
Source: a_560
Scan 21 started at 17APR25:03:21:08.0
Source: 2312-319
Scan 22 started at 17APR25:03:23:56.0
Source: a_561
Source: a_562
Source: a_563
Source: a_564
Source: a_565
Source: a_566
Source: a_567
Source: a_568
Source: a_569
Source: a_570
Source: a_571
Source: a_572
Source: a_573
Source: a_574
Source: a_575
Source: a_576
Source: a_577
Source: a_578
Source: a_579
Source: a_580
Scan 23 started at 17APR25:03:37:24.0
Source: 2312-319
Scan 24 started at 17APR25:03:40:04.0
Source: a_581
Source: a_582
Source: a_583
RPFITS file version is 2.12
---------------------------------------
Total number of spectra selected: 72600

Summary of spectra flagged
Flagging Reason            Fraction
---------------            --------
Antenna off-source/off-line  6.20%
---------------------------------------
Processing file raw/2017-04-25_0341.C3132
CABB data detected
Scan 1 started at 17APR25:03:41:32.0
Source: a_583
Source: a_584
Source: a_585
Source: a_586
Source: a_587
Source: a_588
Source: a_589
Source: a_590
Source: a_591
Source: a_592
Source: a_593
Source: a_594
Source: a_595
Source: a_596
Source: a_597
Source: a_598
Source: a_599
Source: a_600
Scan 2 started at 17APR25:03:53:32.0
Source: 2312-319
Scan 3 started at 17APR25:03:56:12.0
Source: a_601
Source: a_602
Source: a_603
Source: a_604
Source: a_605
Source: a_606
Source: a_607
Source: a_608
Source: a_609
Source: a_610
Source: a_611
Source: a_612
Source: a_613
Source: a_614
Source: a_615
Source: a_616
Source: a_617
Source: a_618
Source: a_619
Source: a_620
Scan 4 started at 17APR25:04:09:40.0
Source: 2312-319
Scan 5 started at 17APR25:04:12:20.0
Source: a_621
Source: a_622
Source: a_623
Source: a_624
Source: a_625
Source: a_626
Source: a_627
Source: a_628
Source: a_629
Source: a_630
Source: a_631
Source: a_632
Source: a_633
Source: a_634
Source: a_635
Source: a_636
Source: a_637
Source: a_638
Source: a_639
Source: a_640
Scan 6 started at 17APR25:04:25:48.0
Source: 2312-319
 04:28:24 CAOBS> stop
 04:28:33 CAOBS> corr close file
RPFITS file version is 2.12
---------------------------------------
Total number of spectra selected: 20340

Summary of spectra flagged
Flagging Reason            Fraction
---------------            --------
Antenna off-source/off-line  2.36%
---------------------------------------

No CACAL data was detected

2018-11-22 18:32:51,321 [MainThread  ] [INFO ]  uvflag vis=data9.uv line=chan,65,850,1 flagval=flag

uvflag: Revision 1.8, 2014/09/30 14:23:39 UTC


Set flags to indicate bad data in visibility file data9.uv
Linetype channel; select   65 channels; start  850, width    1, step    1

Overview of flagging on visibility file data9.uv
Changed flags set to FALSE (data flagged as bad)
Total number of records selected: 221708; out of 221708 records
Antennas used: 1-6
Counts of correlations within selected channels
channel   Originally    Currently
Good:        14411020.           0.    Changed to bad:    14411020.
Bad:                0.    14411020.

2018-11-22 18:33:33,033 [MainThread  ] [INFO ]  uvsplit vis=data9.uv options=mosaic

uvsplit: Revision 1.18, 2016/05/09 03:06:18 UTC

Creating 1934-638.9500
Creating 2312-319.9500
Creating a.9500

2018-11-22 18:33:48,362 [MainThread  ] [INFO ]  pgflag vis=1934-638.9500 command='<b' stokes=i,q,u,v flagpar=8,5,5,3,6,3 options=nodisp

pgflag: Revision 1.30, 2016/10/05 23:06:50 UTC

Applying changes to dataset
Counts of correlations within selected channels:
 channel  Originally  Currently
 Good:       8274240    8192752    Changed to bad:      81488
 Bad:        1315080    1396568    Changed to good:         0
 14.6% of the data is now flagged

2018-11-22 18:33:59,353 [MainThread  ] [INFO ]  pgflag vis=1934-638.9500 command='<b' stokes=i,v,q,u flagpar=8,2,2,3,6,3  options=nodisp

pgflag: Revision 1.30, 2016/10/05 23:06:50 UTC

Applying changes to dataset
Counts of correlations within selected channels:
 channel  Originally  Currently
 Good:       8192752    8105048    Changed to bad:      87704
 Bad:        1396568    1484272    Changed to good:         0
 15.5% of the data is now flagged

2018-11-22 18:34:13,413 [MainThread  ] [INFO ]  pgflag vis=1934-638.9500 command='<b' stokes=i,v,u,q flagpar=8,2,2,3,6,3  options=nodisp

pgflag: Revision 1.30, 2016/10/05 23:06:50 UTC

Applying changes to dataset
Counts of correlations within selected channels:
 channel  Originally  Currently
 Good:       8105048    8010460    Changed to bad:      94588
 Bad:        1484272    1578860    Changed to good:         0
 16.5% of the data is now flagged

2018-11-22 18:35:26,400 [MainThread  ] [INFO ]  mfcal vis=1934-638.9500 refant=4 interval=0.1
MfCal: $Revision: 1.20 $, $Date: 2017/05/08 02:31:10 $
Selecting parallel-hand polarisations
Reading the data ...
Number correlations accepted: 4005230
Number of frequency bands/settings: 1
Number of polarisations selected: 2
Number of solution intervals: 78
Number of passband solution intervals: 1
Initialising ...
Using post-Aug94 ATCA flux scale for 1934-638.
Using known frequency variation of 1934-638
Generating initial solution estimate ...
Doing solution refinement ...
Iter= 1, Solution Error:  0.459
Iter= 2, Solution Error:  0.004
Iter= 3, Solution Error:  0.000
Saving solution ...

2018-11-22 18:35:28,002 [MainThread  ] [INFO ]  gpcal vis=1934-638.9500 refant=4 interval=0.1 nfbin=2 options=xyvary

gpcal: Revision 1.22, 2016/05/01 22:31:05 UTC

Applying bandpass corrections to 1934-638.9500
Number of antennae: 6
Reading the data ...
Number of solution intervals: 78
Total visibilities read: 1170
Number visibilities accepted: 1170
Using post-Aug94 ATCA flux scale for 1934-638.
Using IQUV =  2.5337,  0.0000,  0.0000,  0.0000 at   9.4736 GHz.
Using post-Aug94 ATCA flux scale for 1934-638.
Using IQUV =  2.6976,  0.0000,  0.0000,  0.0000 at   9.0082 GHz.
Using post-Aug94 ATCA flux scale for 1934-638.
Using IQUV =  2.3846,  0.0000,  0.0000,  0.0000 at   9.9492 GHz.
Iter= 1, Amplit/Phase Solution Error:   0.219
Iter= 1, Polarisation Solution Error:   0.035
Iter= 1, Overall Solution Error:        0.821
Iter= 2, Amplit/Phase Solution Error:   0.001
Iter= 2, Polarisation Solution Error:   0.000
Iter= 2, Overall Solution Error:        0.002
Iter= 3, Amplit/Phase Solution Error:   0.001
Iter= 3, Polarisation Solution Error:   0.000
Iter= 3, Overall Solution Error:        0.001
I flux density:   2.5337
Leakage terms:
 Ant 1:Dx,Dy = ( 0.00170, 0.00031),(-0.00072,-0.00014)
 Ant 2:Dx,Dy = ( 0.00379, 0.00232),(-0.00284, 0.00240)
 Ant 3:Dx,Dy = ( 0.00646,-0.00178),(-0.00910,-0.00190)
 Ant 4:Dx,Dy = ( 0.00202, 0.01582),(-0.00040, 0.01601)
 Ant 5:Dx,Dy = (-0.01627, 0.00206),( 0.01719, 0.00184)
 Ant 6:Dx,Dy = ( 0.00433,-0.01955),(-0.00210,-0.01738)
Solution for freq bin  1
Iter= 1, Amplit/Phase Solution Error:   0.213
Iter= 1, Polarisation Solution Error:   0.035
Iter= 1, Overall Solution Error:        0.805
Iter= 2, Amplit/Phase Solution Error:   0.001
Iter= 2, Polarisation Solution Error:   0.000
Iter= 2, Overall Solution Error:        0.002
Iter= 3, Amplit/Phase Solution Error:   0.001
Iter= 3, Polarisation Solution Error:   0.000
Iter= 3, Overall Solution Error:        0.001
I flux density:   2.6976
Leakage terms:
 Ant 1:Dx,Dy = ( 0.00186, 0.00073),(-0.00094, 0.00004)
 Ant 2:Dx,Dy = ( 0.00419, 0.00334),(-0.00238, 0.00315)
 Ant 3:Dx,Dy = ( 0.00645,-0.00222),(-0.00894,-0.00170)
 Ant 4:Dx,Dy = ( 0.00149, 0.01589),( 0.00009, 0.01610)
 Ant 5:Dx,Dy = (-0.01635, 0.00006),( 0.01689, 0.00068)
 Ant 6:Dx,Dy = ( 0.00514,-0.01865),(-0.00195,-0.01742)
Solution for freq bin  2
Iter= 1, Amplit/Phase Solution Error:   0.226
Iter= 1, Polarisation Solution Error:   0.036
Iter= 1, Overall Solution Error:        0.840
Iter= 2, Amplit/Phase Solution Error:   0.001
Iter= 2, Polarisation Solution Error:   0.000
Iter= 2, Overall Solution Error:        0.002
Iter= 3, Amplit/Phase Solution Error:   0.001
Iter= 3, Polarisation Solution Error:   0.000
Iter= 3, Overall Solution Error:        0.001
I flux density:   2.3846
Leakage terms:
 Ant 1:Dx,Dy = ( 0.00152,-0.00015),(-0.00047,-0.00035)
 Ant 2:Dx,Dy = ( 0.00335, 0.00120),(-0.00334, 0.00157)
 Ant 3:Dx,Dy = ( 0.00647,-0.00127),(-0.00928,-0.00211)
 Ant 4:Dx,Dy = ( 0.00262, 0.01573),(-0.00096, 0.01592)
 Ant 5:Dx,Dy = (-0.01617, 0.00422),( 0.01753, 0.00310)
 Ant 6:Dx,Dy = ( 0.00344,-0.02053),(-0.00225,-0.01734)

2018-11-22 18:35:47,842 [MainThread  ] [INFO ]  pgflag vis=1934-638.9500 command='<b' stokes=i,q,u,v flagpar=8,5,5,3,6,3 options=nodisp

pgflag: Revision 1.30, 2016/10/05 23:06:50 UTC

Applying bandpass corrections to 1934-638.9500
Applying freq. dependent gain corrections to 1934-638.9500
Applying freq. dependent leakage correction to 1934-638.9500
Applying changes to dataset
Counts of correlations within selected channels:
 channel  Originally  Currently
 Good:       8010460    7982372    Changed to bad:      28088
 Bad:        1578860    1606948    Changed to good:         0
 16.8% of the data is now flagged

2018-11-22 18:36:04,919 [MainThread  ] [INFO ]  pgflag vis=1934-638.9500 command='<b' stokes=i,v,q,u flagpar=8,2,2,3,6,3  options=nodisp

pgflag: Revision 1.30, 2016/10/05 23:06:50 UTC

Applying bandpass corrections to 1934-638.9500
Applying freq. dependent gain corrections to 1934-638.9500
Applying freq. dependent leakage correction to 1934-638.9500
Applying changes to dataset
Counts of correlations within selected channels:
 channel  Originally  Currently
 Good:       7982372    7952472    Changed to bad:      29900
 Bad:        1606948    1636848    Changed to good:         0
 17.1% of the data is now flagged

2018-11-22 18:36:23,497 [MainThread  ] [INFO ]  pgflag vis=1934-638.9500 command='<b' stokes=i,v,u,q flagpar=8,2,2,3,6,3  options=nodisp

pgflag: Revision 1.30, 2016/10/05 23:06:50 UTC

Applying bandpass corrections to 1934-638.9500
Applying freq. dependent gain corrections to 1934-638.9500
Applying freq. dependent leakage correction to 1934-638.9500
Applying changes to dataset
Counts of correlations within selected channels:
 channel  Originally  Currently
 Good:       7952472    7923456    Changed to bad:      29016
 Bad:        1636848    1665864    Changed to good:         0
 17.4% of the data is now flagged

2018-11-22 18:37:31,949 [MainThread  ] [INFO ]  mfcal vis=1934-638.9500 refant=4 interval=0.1
MfCal: $Revision: 1.20 $, $Date: 2017/05/08 02:31:10 $
Selecting parallel-hand polarisations
Reading the data ...
Number correlations accepted: 3961728
Number of frequency bands/settings: 1
Number of polarisations selected: 2
Number of solution intervals: 78
Number of passband solution intervals: 1
Initialising ...
Using post-Aug94 ATCA flux scale for 1934-638.
Using known frequency variation of 1934-638
Generating initial solution estimate ...
Doing solution refinement ...
Iter= 1, Solution Error:  0.462
Iter= 2, Solution Error:  0.004
Iter= 3, Solution Error:  0.000
Saving solution ...

2018-11-22 18:37:33,081 [MainThread  ] [INFO ]  gpcal vis=1934-638.9500 refant=4 interval=0.1 nfbin=2 options=xyvary

gpcal: Revision 1.22, 2016/05/01 22:31:05 UTC

Applying bandpass corrections to 1934-638.9500
Number of antennae: 6
Using leakage parameters from input as initial guess
Reading the data ...
Number of solution intervals: 78
Total visibilities read: 1170
Number visibilities accepted: 1170
Using post-Aug94 ATCA flux scale for 1934-638.
Using IQUV =  2.5337,  0.0000,  0.0000,  0.0000 at   9.4736 GHz.
Using post-Aug94 ATCA flux scale for 1934-638.
Using IQUV =  2.6977,  0.0000,  0.0000,  0.0000 at   9.0079 GHz.
Using post-Aug94 ATCA flux scale for 1934-638.
Using IQUV =  2.3854,  0.0000,  0.0000,  0.0000 at   9.9465 GHz.
Iter= 1, Amplit/Phase Solution Error:   0.219
Iter= 1, Polarisation Solution Error:   0.000
Iter= 1, Overall Solution Error:        0.821
Iter= 2, Amplit/Phase Solution Error:   0.001
Iter= 2, Polarisation Solution Error:   0.000
Iter= 2, Overall Solution Error:        0.002
Iter= 3, Amplit/Phase Solution Error:   0.001
Iter= 3, Polarisation Solution Error:   0.000
Iter= 3, Overall Solution Error:        0.001
I flux density:   2.5337
Leakage terms:
 Ant 1:Dx,Dy = ( 0.00169, 0.00030),(-0.00071,-0.00016)
 Ant 2:Dx,Dy = ( 0.00380, 0.00232),(-0.00284, 0.00238)
 Ant 3:Dx,Dy = ( 0.00647,-0.00180),(-0.00910,-0.00190)
 Ant 4:Dx,Dy = ( 0.00203, 0.01584),(-0.00043, 0.01603)
 Ant 5:Dx,Dy = (-0.01626, 0.00210),( 0.01723, 0.00187)
 Ant 6:Dx,Dy = ( 0.00434,-0.01960),(-0.00208,-0.01739)
Solution for freq bin  1
Iter= 1, Amplit/Phase Solution Error:   0.213
Iter= 1, Polarisation Solution Error:   0.002
Iter= 1, Overall Solution Error:        0.805
Iter= 2, Amplit/Phase Solution Error:   0.001
Iter= 2, Polarisation Solution Error:   0.000
Iter= 2, Overall Solution Error:        0.002
Iter= 3, Amplit/Phase Solution Error:   0.001
Iter= 3, Polarisation Solution Error:   0.000
Iter= 3, Overall Solution Error:        0.001
I flux density:   2.6977
Leakage terms:
 Ant 1:Dx,Dy = ( 0.00185, 0.00070),(-0.00093, 0.00002)
 Ant 2:Dx,Dy = ( 0.00421, 0.00335),(-0.00239, 0.00314)
 Ant 3:Dx,Dy = ( 0.00646,-0.00226),(-0.00893,-0.00171)
 Ant 4:Dx,Dy = ( 0.00151, 0.01592),( 0.00007, 0.01612)
 Ant 5:Dx,Dy = (-0.01635, 0.00013),( 0.01694, 0.00073)
 Ant 6:Dx,Dy = ( 0.00516,-0.01871),(-0.00192,-0.01743)
Solution for freq bin  2
Iter= 1, Amplit/Phase Solution Error:   0.226
Iter= 1, Polarisation Solution Error:   0.002
Iter= 1, Overall Solution Error:        0.840
Iter= 2, Amplit/Phase Solution Error:   0.001
Iter= 2, Polarisation Solution Error:   0.000
Iter= 2, Overall Solution Error:        0.002
Iter= 3, Amplit/Phase Solution Error:   0.001
Iter= 3, Polarisation Solution Error:   0.000
Iter= 3, Overall Solution Error:        0.001
I flux density:   2.3854
Leakage terms:
 Ant 1:Dx,Dy = ( 0.00152,-0.00013),(-0.00047,-0.00035)
 Ant 2:Dx,Dy = ( 0.00335, 0.00118),(-0.00334, 0.00155)
 Ant 3:Dx,Dy = ( 0.00647,-0.00128),(-0.00929,-0.00210)
 Ant 4:Dx,Dy = ( 0.00261, 0.01576),(-0.00097, 0.01594)
 Ant 5:Dx,Dy = (-0.01617, 0.00423),( 0.01754, 0.00310)
 Ant 6:Dx,Dy = ( 0.00344,-0.02055),(-0.00225,-0.01735)

2018-11-22 18:37:33,134 [MainThread  ] [INFO ]  gpcopy vis=1934-638.9500 out=2312-319.9500

gpcopy: Revision 1.13, 2015/10/29 01:31:39 UTC

Copying leakage table
Copying gain table
Interpolation tolerance set to (minutes): 720.00
Copying bandpass table

2018-11-22 18:40:22,917 [MainThread  ] [INFO ]  pgflag vis=2312-319.9500 command='<b' stokes=i,q,u,v flagpar=8,5,5,3,6,3 options=nodisp

pgflag: Revision 1.30, 2016/10/05 23:06:50 UTC

Applying bandpass corrections to 2312-319.9500
Applying freq. dependent gain corrections to 2312-319.9500
Applying freq. dependent leakage correction to 2312-319.9500
Applying changes to dataset
Counts of correlations within selected channels:
 channel  Originally  Currently
 Good:      52665184   52285944    Changed to bad:     379240
 Bad:        8370428    8749668    Changed to good:         0
 14.3% of the data is now flagged

2018-11-22 18:43:06,742 [MainThread  ] [INFO ]  pgflag vis=2312-319.9500 command='<b' stokes=i,v,q,u flagpar=8,2,2,3,6,3  options=nodisp

pgflag: Revision 1.30, 2016/10/05 23:06:50 UTC

Applying bandpass corrections to 2312-319.9500
Applying freq. dependent gain corrections to 2312-319.9500
Applying freq. dependent leakage correction to 2312-319.9500
Applying changes to dataset
Counts of correlations within selected channels:
 channel  Originally  Currently
 Good:      52285944   51938464    Changed to bad:     347480
 Bad:        8749668    9097148    Changed to good:         0
 14.9% of the data is now flagged

2018-11-22 18:45:48,095 [MainThread  ] [INFO ]  pgflag vis=2312-319.9500 command='<b' stokes=i,v,u,q flagpar=8,2,2,3,6,3  options=nodisp

pgflag: Revision 1.30, 2016/10/05 23:06:50 UTC

Applying bandpass corrections to 2312-319.9500
Applying freq. dependent gain corrections to 2312-319.9500
Applying freq. dependent leakage correction to 2312-319.9500
Applying changes to dataset
Counts of correlations within selected channels:
 channel  Originally  Currently
 Good:      51938464   51591268    Changed to bad:     347196
 Bad:        9097148    9444344    Changed to good:         0
 15.5% of the data is now flagged

2018-11-22 18:45:53,116 [MainThread  ] [INFO ]  gpcal vis=2312-319.9500 refant=4 interval=0.1 nfbin=2 options=xyvary,qusolve

gpcal: Revision 1.22, 2016/05/01 22:31:05 UTC

Applying bandpass corrections to 2312-319.9500
Number of antennae: 6
Using leakage parameters from input as initial guess
Reading the data ...
Number of solution intervals: 497
Total visibilities read: 7447
Number visibilities accepted: 7441
Iter= 1, Amplit/Phase Solution Error:   0.847
Iter= 1, Polarisation Solution Error:   0.006
Iter= 1, Overall Solution Error:        2.514
Iter= 2, Amplit/Phase Solution Error:   0.006
Iter= 2, Polarisation Solution Error:   0.000
Iter= 2, Overall Solution Error:        0.005
Iter= 3, Amplit/Phase Solution Error:   0.001
Iter= 3, Polarisation Solution Error:   0.000
Iter= 3, Overall Solution Error:        0.001
I flux density:   0.5527
Percent Q:  -0.577
Percent U:   0.096
Leakage terms:
 Ant 1:Dx,Dy = ( 0.00102,-0.00061),(-0.00048, 0.00021)
 Ant 2:Dx,Dy = ( 0.00396, 0.00133),(-0.00283, 0.00333)
 Ant 3:Dx,Dy = ( 0.00634,-0.00249),(-0.00948,-0.00118)
 Ant 4:Dx,Dy = ( 0.00182, 0.01522),(-0.00011, 0.01674)
 Ant 5:Dx,Dy = (-0.01583, 0.00152),( 0.01717, 0.00285)
 Ant 6:Dx,Dy = ( 0.00473,-0.02056),(-0.00222,-0.01635)
Solution for freq bin  1
Iter= 1, Amplit/Phase Solution Error:   0.834
Iter= 1, Polarisation Solution Error:   0.007
Iter= 1, Overall Solution Error:        2.494
Iter= 2, Amplit/Phase Solution Error:   0.007
Iter= 2, Polarisation Solution Error:   0.000
Iter= 2, Overall Solution Error:        0.006
Iter= 3, Amplit/Phase Solution Error:   0.001
Iter= 3, Polarisation Solution Error:   0.000
Iter= 3, Overall Solution Error:        0.001
I flux density:   0.5563
Percent Q:  -0.652
Percent U:   0.247
Leakage terms:
 Ant 1:Dx,Dy = ( 0.00126,-0.00020),(-0.00075, 0.00071)
 Ant 2:Dx,Dy = ( 0.00423, 0.00233),(-0.00231, 0.00443)
 Ant 3:Dx,Dy = ( 0.00649,-0.00305),(-0.00915,-0.00088)
 Ant 4:Dx,Dy = ( 0.00121, 0.01519),( 0.00033, 0.01678)
 Ant 5:Dx,Dy = (-0.01590,-0.00077),( 0.01668, 0.00173)
 Ant 6:Dx,Dy = ( 0.00556,-0.02001),(-0.00196,-0.01626)
Solution for freq bin  2
Iter= 1, Amplit/Phase Solution Error:   0.859
Iter= 1, Polarisation Solution Error:   0.005
Iter= 1, Overall Solution Error:        2.497
Iter= 2, Amplit/Phase Solution Error:   0.005
Iter= 2, Polarisation Solution Error:   0.000
Iter= 2, Overall Solution Error:        0.005
Iter= 3, Amplit/Phase Solution Error:   0.001
Iter= 3, Polarisation Solution Error:   0.000
Iter= 3, Overall Solution Error:        0.001
I flux density:   0.5500
Percent Q:  -0.508
Percent U:  -0.046
Leakage terms:
 Ant 1:Dx,Dy = ( 0.00080,-0.00100),(-0.00022,-0.00027)
 Ant 2:Dx,Dy = ( 0.00370, 0.00040),(-0.00333, 0.00232)
 Ant 3:Dx,Dy = ( 0.00623,-0.00195),(-0.00978,-0.00146)
 Ant 4:Dx,Dy = ( 0.00239, 0.01525),(-0.00051, 0.01669)
 Ant 5:Dx,Dy = (-0.01575, 0.00366),( 0.01763, 0.00388)
 Ant 6:Dx,Dy = ( 0.00398,-0.02109),(-0.00245,-0.01643)

2018-11-22 18:48:42,682 [MainThread  ] [INFO ]  pgflag vis=2312-319.9500 command='<b' stokes=i,q,u,v flagpar=8,5,5,3,6,3 options=nodisp

pgflag: Revision 1.30, 2016/10/05 23:06:50 UTC

Applying bandpass corrections to 2312-319.9500
Applying freq. dependent gain corrections to 2312-319.9500
Applying freq. dependent leakage correction to 2312-319.9500
Applying changes to dataset
Counts of correlations within selected channels:
 channel  Originally  Currently
 Good:      51591268   51276836    Changed to bad:     314432
 Bad:        9444344    9758776    Changed to good:         0
 16.0% of the data is now flagged

2018-11-22 18:51:27,933 [MainThread  ] [INFO ]  pgflag vis=2312-319.9500 command='<b' stokes=i,v,q,u flagpar=8,2,2,3,6,3  options=nodisp

pgflag: Revision 1.30, 2016/10/05 23:06:50 UTC

Applying bandpass corrections to 2312-319.9500
Applying freq. dependent gain corrections to 2312-319.9500
Applying freq. dependent leakage correction to 2312-319.9500
Applying changes to dataset
Counts of correlations within selected channels:
 channel  Originally  Currently
 Good:      51276836   50983652    Changed to bad:     293184
 Bad:        9758776   10051960    Changed to good:         0
 16.5% of the data is now flagged

2018-11-22 18:54:02,078 [MainThread  ] [INFO ]  pgflag vis=2312-319.9500 command='<b' stokes=i,v,u,q flagpar=8,2,2,3,6,3  options=nodisp

pgflag: Revision 1.30, 2016/10/05 23:06:50 UTC

Applying bandpass corrections to 2312-319.9500
Applying freq. dependent gain corrections to 2312-319.9500
Applying freq. dependent leakage correction to 2312-319.9500
Applying changes to dataset
Counts of correlations within selected channels:
 channel  Originally  Currently
 Good:      50983652   50719700    Changed to bad:     263952
 Bad:       10051960   10315912    Changed to good:         0
 16.9% of the data is now flagged

2018-11-22 18:54:06,217 [MainThread  ] [INFO ]  gpcal vis=2312-319.9500 refant=4 interval=0.1 nfbin=2 options=xyvary,qusolve

gpcal: Revision 1.22, 2016/05/01 22:31:05 UTC

Applying bandpass corrections to 2312-319.9500
Number of antennae: 6
Using leakage parameters from input as initial guess
Reading the data ...
Number of solution intervals: 497
Total visibilities read: 7447
Number visibilities accepted: 7441
Iter= 1, Amplit/Phase Solution Error:   0.846
Iter= 1, Polarisation Solution Error:   0.006
Iter= 1, Overall Solution Error:        2.513
Iter= 2, Amplit/Phase Solution Error:   0.006
Iter= 2, Polarisation Solution Error:   0.000
Iter= 2, Overall Solution Error:        0.005
Iter= 3, Amplit/Phase Solution Error:   0.001
Iter= 3, Polarisation Solution Error:   0.000
Iter= 3, Overall Solution Error:        0.001
I flux density:   0.5538
Percent Q:  -0.577
Percent U:   0.095
Leakage terms:
 Ant 1:Dx,Dy = ( 0.00101,-0.00063),(-0.00048, 0.00021)
 Ant 2:Dx,Dy = ( 0.00394, 0.00134),(-0.00285, 0.00332)
 Ant 3:Dx,Dy = ( 0.00633,-0.00250),(-0.00948,-0.00118)
 Ant 4:Dx,Dy = ( 0.00183, 0.01522),(-0.00012, 0.01676)
 Ant 5:Dx,Dy = (-0.01581, 0.00154),( 0.01719, 0.00285)
 Ant 6:Dx,Dy = ( 0.00473,-0.02059),(-0.00223,-0.01633)
Solution for freq bin  1
Iter= 1, Amplit/Phase Solution Error:   0.833
Iter= 1, Polarisation Solution Error:   0.007
Iter= 1, Overall Solution Error:        2.493
Iter= 2, Amplit/Phase Solution Error:   0.007
Iter= 2, Polarisation Solution Error:   0.000
Iter= 2, Overall Solution Error:        0.006
Iter= 3, Amplit/Phase Solution Error:   0.001
Iter= 3, Polarisation Solution Error:   0.000
Iter= 3, Overall Solution Error:        0.001
I flux density:   0.5575
Percent Q:  -0.656
Percent U:   0.249
Leakage terms:
 Ant 1:Dx,Dy = ( 0.00123,-0.00022),(-0.00072, 0.00070)
 Ant 2:Dx,Dy = ( 0.00422, 0.00235),(-0.00233, 0.00438)
 Ant 3:Dx,Dy = ( 0.00648,-0.00308),(-0.00915,-0.00088)
 Ant 4:Dx,Dy = ( 0.00125, 0.01519),( 0.00031, 0.01683)
 Ant 5:Dx,Dy = (-0.01585,-0.00076),( 0.01674, 0.00173)
 Ant 6:Dx,Dy = ( 0.00559,-0.02003),(-0.00192,-0.01622)
Solution for freq bin  2
Iter= 1, Amplit/Phase Solution Error:   0.858
Iter= 1, Polarisation Solution Error:   0.005
Iter= 1, Overall Solution Error:        2.498
Iter= 2, Amplit/Phase Solution Error:   0.005
Iter= 2, Polarisation Solution Error:   0.000
Iter= 2, Overall Solution Error:        0.005
Iter= 3, Amplit/Phase Solution Error:   0.001
Iter= 3, Polarisation Solution Error:   0.000
Iter= 3, Overall Solution Error:        0.001
I flux density:   0.5512
Percent Q:  -0.506
Percent U:  -0.047
Leakage terms:
 Ant 1:Dx,Dy = ( 0.00080,-0.00101),(-0.00024,-0.00026)
 Ant 2:Dx,Dy = ( 0.00368, 0.00040),(-0.00333, 0.00235)
 Ant 3:Dx,Dy = ( 0.00622,-0.00196),(-0.00979,-0.00145)
 Ant 4:Dx,Dy = ( 0.00237, 0.01525),(-0.00050, 0.01670)
 Ant 5:Dx,Dy = (-0.01575, 0.00367),( 0.01763, 0.00387)
 Ant 6:Dx,Dy = ( 0.00396,-0.02113),(-0.00249,-0.01644)

2018-11-22 18:54:06,301 [MainThread  ] [INFO ]  gpboot vis=2312-319.9500 cal=1934-638.9500

gpboot: Revision 1.9, 2015/10/29 01:31:30 UTC

Secondary flux density scaled by:   0.996
Frequency bin  1 scaled by      :   0.998
Frequency bin  2 scaled by      :   0.998

2018-11-22 18:55:30,820 [MainThread  ] [INFO ]  gpcopy vis=2312-319.9500 out=a.9500

gpcopy: Revision 1.13, 2015/10/29 01:31:39 UTC

Copying leakage table
Copying gain table
Interpolation tolerance set to (minutes): 720.00
Copying bandpass table

2018-11-22 19:14:30,324 [MainThread  ] [INFO ]  pgflag vis=a.9500 command='<b' stokes=i,v,q,u flagpar=8,2,2,3,6,3  options=nodisp

pgflag: Revision 1.30, 2016/10/05 23:06:50 UTC

Applying bandpass corrections to a.9500
Applying freq. dependent gain corrections to a.9500
Applying freq. dependent leakage correction to a.9500
Applying changes to dataset
Counts of correlations within selected channels:
 channel  Originally  Currently
 Good:     331040320  320577424    Changed to bad:   10462896
 Bad:       52614440   63077336    Changed to good:         0
 16.4% of the data is now flagged

2018-11-22 19:31:39,555 [MainThread  ] [INFO ]  pgflag vis=a.9500 command='<b' stokes=i,v,u,q flagpar=8,2,2,3,6,3  options=nodisp

pgflag: Revision 1.30, 2016/10/05 23:06:50 UTC

Applying bandpass corrections to a.9500
Applying freq. dependent gain corrections to a.9500
Applying freq. dependent leakage correction to a.9500
Applying changes to dataset
Counts of correlations within selected channels:
 channel  Originally  Currently
 Good:     320577424  313324548    Changed to bad:    7252876
 Bad:       63077336   70330212    Changed to good:         0
 18.3% of the data is now flagged

2018-11-22 19:33:46,200 [MainThread  ] [INFO ]  uvsplit vis=a.9500

uvsplit: Revision 1.18, 2016/05/09 03:06:18 UTC

Creating a_561.9500
Creating a_562.9500
Creating a_563.9500
Creating a_564.9500
Creating a_565.9500
Creating a_566.9500
Creating a_567.9500
Creating a_568.9500
Creating a_569.9500
Creating a_570.9500
Creating a_571.9500
Creating a_572.9500
Creating a_573.9500
Creating a_574.9500
Creating a_575.9500
Creating a_576.9500
Creating a_577.9500
Creating a_578.9500
Creating a_579.9500
Creating a_580.9500
Creating a_581.9500
Creating a_582.9500
Creating a_583.9500
Creating a_584.9500
Creating a_585.9500
Creating a_586.9500
Creating a_587.9500
Creating a_588.9500
Creating a_589.9500
Creating a_590.9500
Creating a_591.9500
Creating a_592.9500
Creating a_593.9500
Creating a_594.9500
Creating a_595.9500
Creating a_596.9500
Creating a_597.9500
Creating a_598.9500
Creating a_599.9500
Creating a_600.9500
Creating a_601.9500
Creating a_602.9500
Creating a_603.9500
Creating a_604.9500
Creating a_605.9500
Creating a_606.9500
Creating a_607.9500
Creating a_608.9500
Creating a_609.9500
Creating a_610.9500
Creating a_611.9500
Creating a_612.9500
Creating a_613.9500
Creating a_614.9500
Creating a_615.9500
Creating a_616.9500
Creating a_617.9500
Creating a_618.9500
Creating a_619.9500
Creating a_620.9500
Creating a_621.9500
Creating a_622.9500
Creating a_623.9500
Creating a_624.9500
Creating a_625.9500
Creating a_626.9500
Creating a_627.9500
Creating a_628.9500
Creating a_629.9500
Creating a_630.9500
Creating a_631.9500
Creating a_632.9500
Creating a_633.9500
Creating a_634.9500
Creating a_635.9500
Creating a_636.9500
Creating a_637.9500
Creating a_638.9500
Creating a_639.9500
Creating a_640.9500
Creating a_641.9500
Creating a_642.9500
Creating a_643.9500
Creating a_644.9500
Creating a_645.9500
Creating a_646.9500
Creating a_647.9500
Creating a_648.9500
Creating a_649.9500
Creating a_650.9500
Creating a_651.9500
Creating a_652.9500
Creating a_653.9500
Creating a_654.9500
Creating a_655.9500
Creating a_656.9500
Creating a_657.9500
Creating a_658.9500
Creating a_659.9500
Creating a_660.9500
Creating a_661.9500
Creating a_662.9500
Creating a_663.9500
Creating a_664.9500
Creating a_665.9500
Creating a_666.9500
Creating a_667.9500
Creating a_668.9500
Creating a_669.9500
Creating a_670.9500
Creating a_671.9500
Creating a_672.9500
Creating a_673.9500
Creating a_674.9500
Creating a_675.9500
Creating a_676.9500
Creating a_677.9500
Creating a_678.9500
Creating a_679.9500
Creating a_680.9500
Creating a_681.9500
Creating a_682.9500
Creating a_683.9500
Creating a_684.9500
Creating a_685.9500
Creating a_686.9500
Creating a_687.9500
Creating a_688.9500
Creating a_689.9500
Creating a_690.9500
Creating a_691.9500
Creating a_692.9500
Creating a_693.9500
Creating a_694.9500
Creating a_695.9500
Creating a_696.9500
Creating a_697.9500
Creating a_698.9500
Creating a_699.9500
Creating a_700.9500
Creating a_701.9500
Creating a_702.9500
Creating a_703.9500
Creating a_704.9500
Creating a_705.9500
Creating a_706.9500
Creating a_707.9500
Creating a_708.9500
Creating a_709.9500
Creating a_710.9500
Creating a_711.9500
Creating a_712.9500
Creating a_713.9500
Creating a_714.9500
Creating a_715.9500
Creating a_716.9500
Creating a_717.9500
Creating a_718.9500
Creating a_719.9500
Creating a_720.9500
Creating a_541.9500
Creating a_542.9500
Creating a_543.9500
Creating a_544.9500
Creating a_545.9500
Creating a_546.9500
Creating a_547.9500
Creating a_548.9500
Creating a_549.9500
Creating a_550.9500
Creating a_551.9500
Creating a_552.9500
Creating a_553.9500
Creating a_554.9500
Creating a_555.9500
Creating a_556.9500
Creating a_557.9500
Creating a_558.9500
Creating a_559.9500
Creating a_560.9500

