2018-08-07 13:58:33,611 [MainThread  ] [INFO ]  atlod in=raw/2017-08-25_0848.C3132,raw/2017-08-25_1136.C3132,raw/2017-08-25_1422.C3132,raw/2017-08-25_1709.C3132,raw/2017-08-25_1956.C3132 out=data5.uv ifsel=1 options=birdie,rfiflag,noauto,xycorr

atlod: Revision 1.53, 2016/08/25 23:02:21 UTC

Processing file raw/2017-08-25_0848.C3132
 08:48:18 CAOBS> track 1
CABB data detected
Scan 1 started at 17AUG25:08:48:36.0
Source: 1934-638
Flagging channels in  28 frequency ranges
 08:58:33 CAOBS> stop
 08:58:53 CAOBS> set file c3132_obs_a6
 08:59:09 CAOBS> start 7/99
Scan 2 started at 17AUG25:09:07:24.0
Source: 2312-319
Scan 3 started at 17AUG25:09:10:12.0
Source: a_961
Source: a_962
Source: a_963
Source: a_964
Source: a_965
Source: a_966
Source: a_967
Source: a_968
Source: a_969
Source: a_970
Source: a_971
Source: a_972
Source: a_973
Source: a_974
Source: a_975
Source: a_976
Source: a_977
Source: a_978
Source: a_979
Source: a_980
Scan 4 started at 17AUG25:09:23:32.0
Source: 2312-319
Scan 5 started at 17AUG25:09:26:12.0
Source: a_981
Source: a_982
Source: a_983
Source: a_984
Source: a_985
Source: a_986
Source: a_987
Source: a_988
Source: a_989
Source: a_990
Source: a_991
Source: a_992
Source: a_993
Source: a_994
Source: a_995
Source: a_996
Source: a_997
Source: a_998
Source: a_999
Source: a_1000
Scan 6 started at 17AUG25:09:39:40.0
Source: 2312-319
Scan 7 started at 17AUG25:09:42:28.0
Source: a_1001
Source: a_1002
Source: a_1003
Source: a_1004
Source: a_1005
Source: a_1006
Source: a_1007
Source: a_1008
Source: a_1009
Source: a_1010
Source: a_1011
Source: a_1012
Source: a_1013
Source: a_1014
Source: a_1015
Source: a_1016
Source: a_1017
Source: a_1018
Source: a_1019
Source: a_1020
Scan 8 started at 17AUG25:09:55:48.0
Source: 2312-319
Scan 9 started at 17AUG25:09:58:36.0
Source: a_1021
Source: a_1022
Source: a_1023
Source: a_1024
Source: a_1025
Source: a_1026
Source: a_1027
Source: a_1028
Source: a_1029
Source: a_1030
Source: a_1031
Source: a_1032
Source: a_1033
Source: a_1034
Source: a_1035
Source: a_1036
Source: a_1037
Source: a_1038
Source: a_1039
Source: a_1040
Scan 10 started at 17AUG25:10:11:56.0
Source: 2312-319
Scan 11 started at 17AUG25:10:14:44.0
Source: a_1041
Source: a_1042
Source: a_1043
Source: a_1044
Source: a_1045
Source: a_1046
Source: a_1047
Source: a_1048
Source: a_1049
Source: a_1050
Source: a_1051
Source: a_1052
Source: a_1053
Source: a_1054
Source: a_1055
Source: a_1056
Source: a_1057
Source: a_1058
Source: a_1059
Source: a_1060
Scan 12 started at 17AUG25:10:28:04.0
Source: 2312-319
Scan 13 started at 17AUG25:10:30:52.0
Source: a_1061
Source: a_1062
Source: a_1063
Source: a_1064
Source: a_1065
Source: a_1066
Source: a_1067
Source: a_1068
Source: a_1069
Source: a_1070
Source: a_1071
Source: a_1072
Source: a_1073
Source: a_1074
Source: a_1075
Source: a_1076
Source: a_1077
Source: a_1078
Source: a_1079
Source: a_1080
Scan 14 started at 17AUG25:10:44:12.0
Source: 2312-319
Scan 15 started at 17AUG25:10:46:52.0
Source: a_901
Source: a_902
Source: a_903
Source: a_904
Source: a_905
Source: a_906
Source: a_907
Source: a_908
Source: a_909
Source: a_910
Source: a_911
Source: a_912
Source: a_913
Source: a_914
Source: a_915
Source: a_916
Source: a_917
Source: a_918
Source: a_919
Source: a_920
Scan 16 started at 17AUG25:11:00:20.0
Source: 2312-319
Scan 17 started at 17AUG25:11:03:08.0
Source: a_921
Source: a_922
Source: a_923
Source: a_924
Source: a_925
Source: a_926
Source: a_927
Source: a_928
Source: a_929
Source: a_930
Source: a_931
Source: a_932
Source: a_933
Source: a_934
Source: a_935
Source: a_936
Source: a_937
Source: a_938
Source: a_939
Source: a_940
Scan 18 started at 17AUG25:11:16:28.0
Source: 2312-319
Scan 19 started at 17AUG25:11:19:16.0
Source: a_941
Source: a_942
Source: a_943
Source: a_944
Source: a_945
Source: a_946
Source: a_947
Source: a_948
Source: a_949
Source: a_950
Source: a_951
Source: a_952
Source: a_953
Source: a_954
Source: a_955
Source: a_956
Source: a_957
Source: a_958
Source: a_959
Source: a_960
Scan 20 started at 17AUG25:11:32:36.0
Source: 2312-319
Scan 21 started at 17AUG25:11:35:24.0
Source: a_961
Source: a_962
RPFITS file version is 2.12
---------------------------------------
Total number of spectra selected: 72660

Summary of spectra flagged
Flagging Reason            Fraction
---------------            --------
Antenna off-source/off-line  8.21%
---------------------------------------
Processing file raw/2017-08-25_1136.C3132
CABB data detected
Scan 1 started at 17AUG25:11:36:04.0
Source: a_962
Source: a_963
Source: a_964
Source: a_965
Source: a_966
Source: a_967
Source: a_968
Source: a_969
Source: a_970
Source: a_971
Source: a_972
Source: a_973
Source: a_974
Source: a_975
Source: a_976
Source: a_977
Source: a_978
Source: a_979
Source: a_980
Scan 2 started at 17AUG25:11:48:52.0
Source: 2312-319
Scan 3 started at 17AUG25:11:51:48.0
Source: a_981
Source: a_982
Source: a_983
Source: a_984
Source: a_985
Source: a_986
Source: a_987
Source: a_988
Source: a_989
Source: a_990
Source: a_991
Source: a_992
Source: a_993
Source: a_994
Source: a_995
Source: a_996
Source: a_997
Source: a_998
Source: a_999
Source: a_1000
Scan 4 started at 17AUG25:12:05:08.0
Source: 2312-319
Scan 5 started at 17AUG25:12:08:04.0
Source: a_1001
Source: a_1002
Source: a_1003
Source: a_1004
Source: a_1005
Source: a_1006
Source: a_1007
Source: a_1008
Source: a_1009
Source: a_1010
Source: a_1011
Source: a_1012
Source: a_1013
Source: a_1014
Source: a_1015
Source: a_1016
Source: a_1017
Source: a_1018
Source: a_1019
Source: a_1020
Scan 6 started at 17AUG25:12:21:24.0
Source: 2312-319
Scan 7 started at 17AUG25:12:24:20.0
Source: a_1021
Source: a_1022
Source: a_1023
Source: a_1024
Source: a_1025
Source: a_1026
Source: a_1027
Source: a_1028
Source: a_1029
Source: a_1030
Source: a_1031
Source: a_1032
Source: a_1033
Source: a_1034
Source: a_1035
Source: a_1036
Source: a_1037
Source: a_1038
Source: a_1039
Source: a_1040
Scan 8 started at 17AUG25:12:37:48.0
Source: 2312-319
Scan 9 started at 17AUG25:12:40:44.0
Source: a_1041
Source: a_1042
Source: a_1043
Source: a_1044
Source: a_1045
Source: a_1046
Source: a_1047
Source: a_1048
Source: a_1049
Source: a_1050
Source: a_1051
Source: a_1052
Source: a_1053
Source: a_1054
Source: a_1055
Source: a_1056
Source: a_1057
Source: a_1058
Source: a_1059
Source: a_1060
Scan 10 started at 17AUG25:12:54:12.0
Source: 2312-319
Scan 11 started at 17AUG25:12:57:08.0
Source: a_1061
Source: a_1062
Source: a_1063
Source: a_1064
Source: a_1065
Source: a_1066
Source: a_1067
Source: a_1068
Source: a_1069
Source: a_1070
Source: a_1071
Source: a_1072
Source: a_1073
Source: a_1074
Source: a_1075
Source: a_1076
Source: a_1077
Source: a_1078
Source: a_1079
Source: a_1080
Scan 12 started at 17AUG25:13:10:28.0
Source: 2312-319
Scan 13 started at 17AUG25:13:13:16.0
Source: a_901
Source: a_902
Source: a_903
Source: a_904
Source: a_905
Source: a_906
Source: a_907
Source: a_908
Source: a_909
Source: a_910
Source: a_911
Source: a_912
Source: a_913
Source: a_914
Source: a_915
Source: a_916
Source: a_917
Source: a_918
Source: a_919
Source: a_920
Scan 14 started at 17AUG25:13:26:52.0
Source: 2312-319
Scan 15 started at 17AUG25:13:29:48.0
Source: a_921
Source: a_922
Source: a_923
Source: a_924
Source: a_925
Source: a_926
Source: a_927
Source: a_928
Source: a_929
Source: a_930
Source: a_931
Source: a_932
Source: a_933
Source: a_934
Source: a_935
Source: a_936
Source: a_937
Source: a_938
Source: a_939
Source: a_940
Scan 16 started at 17AUG25:13:43:16.0
Source: 2312-319
Scan 17 started at 17AUG25:13:46:28.0
Source: a_941
Source: a_942
Source: a_943
Source: a_944
Source: a_945
Source: a_946
Source: a_947
Source: a_948
Source: a_949
Source: a_950
Source: a_951
Source: a_952
Source: a_953
Source: a_954
Source: a_955
Source: a_956
Source: a_957
Source: a_958
Source: a_959
Source: a_960
Scan 18 started at 17AUG25:13:59:48.0
Source: 2312-319
Scan 19 started at 17AUG25:14:03:00.0
Source: a_961
Source: a_962
Source: a_963
Source: a_964
Source: a_965
Source: a_966
Source: a_967
Source: a_968
Source: a_969
Source: a_970
Source: a_971
Source: a_972
Source: a_973
Source: a_974
Source: a_975
Source: a_976
Source: a_977
Source: a_978
Source: a_979
Source: a_980
Scan 20 started at 17AUG25:14:16:44.0
Source: 2312-319
Scan 21 started at 17AUG25:14:20:04.0
Source: a_981
Source: a_982
Source: a_983
Source: a_984
Source: a_985
RPFITS file version is 2.12
---------------------------------------
Total number of spectra selected: 72660

Summary of spectra flagged
Flagging Reason            Fraction
---------------            --------
Antenna off-source/off-line  5.34%
---------------------------------------
Processing file raw/2017-08-25_1422.C3132
CABB data detected
Scan 1 started at 17AUG25:14:22:52.0
Source: a_985
Source: a_986
Source: a_987
Source: a_988
Source: a_989
Source: a_990
Source: a_991
Source: a_992
Source: a_993
Source: a_994
Source: a_995
Source: a_996
Source: a_997
Source: a_998
Source: a_999
Source: a_1000
Scan 2 started at 17AUG25:14:33:40.0
Source: 2312-319
Scan 3 started at 17AUG25:14:37:50.0
Source: a_1002
Source: a_1003
Source: a_1004
Source: a_1005
Source: a_1006
Source: a_1007
Source: a_1008
Source: a_1009
Source: a_1010
Source: a_1011
Source: a_1012
Source: a_1013
Source: a_1014
Source: a_1015
Source: a_1016
Source: a_1017
Source: a_1018
Source: a_1019
Source: a_1020
Scan 4 started at 17AUG25:14:50:52.0
Source: 2312-319
Scan 5 started at 17AUG25:14:55:56.0
Source: a_1022
Source: a_1023
Source: a_1024
Source: a_1025
Source: a_1026
Source: a_1027
Source: a_1028
Source: a_1029
Source: a_1030
Source: a_1031
Source: a_1032
Source: a_1033
Source: a_1034
Source: a_1035
Source: a_1036
Source: a_1037
Source: a_1038
Source: a_1039
Source: a_1040
Scan 6 started at 17AUG25:15:09:32.0
Source: 2312-319
Scan 7 started at 17AUG25:15:13:08.0
Source: a_1041
Source: a_1042
Source: a_1043
Source: a_1044
Source: a_1045
Source: a_1046
Source: a_1047
Source: a_1048
Source: a_1049
Source: a_1050
Source: a_1051
Source: a_1052
Source: a_1053
Source: a_1054
Source: a_1055
Source: a_1056
Source: a_1057
Source: a_1058
Source: a_1059
Source: a_1060
Scan 8 started at 17AUG25:15:26:52.0
Source: 2312-319
Scan 9 started at 17AUG25:15:30:04.0
Source: a_1061
Source: a_1062
Source: a_1063
Source: a_1064
Source: a_1065
Source: a_1066
Source: a_1067
Source: a_1068
Source: a_1069
Source: a_1070
Source: a_1071
Source: a_1072
Source: a_1073
Source: a_1074
Source: a_1075
Source: a_1076
Source: a_1077
Source: a_1078
Source: a_1079
Source: a_1080
Scan 10 started at 17AUG25:15:43:32.0
Source: 2312-319
Scan 11 started at 17AUG25:15:46:36.0
Source: a_901
Source: a_902
Source: a_903
Source: a_904
Source: a_905
Source: a_906
Source: a_907
Source: a_908
Source: a_909
Source: a_910
Source: a_911
Source: a_912
Source: a_913
Source: a_914
Source: a_915
Source: a_916
Source: a_917
Source: a_918
Source: a_919
Source: a_920
Scan 12 started at 17AUG25:16:00:20.0
Source: 2312-319
Scan 13 started at 17AUG25:16:03:24.0
Source: a_921
Source: a_922
Source: a_923
Source: a_924
Source: a_925
Source: a_926
Source: a_927
Source: a_928
Source: a_929
Source: a_930
Source: a_931
Source: a_932
Source: a_933
Source: a_934
Source: a_935
Source: a_936
Source: a_937
Source: a_938
Source: a_939
Source: a_940
Scan 14 started at 17AUG25:16:16:52.0
Source: 2312-319
Scan 15 started at 17AUG25:16:19:56.0
Source: a_941
Source: a_942
Source: a_943
Source: a_944
Source: a_945
Source: a_946
Source: a_947
Source: a_948
Source: a_949
Source: a_950
Source: a_951
Source: a_952
Source: a_953
Source: a_954
Source: a_955
Source: a_956
Source: a_957
Source: a_958
Source: a_959
Source: a_960
Scan 16 started at 17AUG25:16:33:24.0
Source: 2312-319
Scan 17 started at 17AUG25:16:36:20.0
Source: a_961
Source: a_962
Source: a_963
Source: a_964
Source: a_965
Source: a_966
Source: a_967
Source: a_968
Source: a_969
Source: a_970
Source: a_971
Source: a_972
Source: a_973
Source: a_974
Source: a_975
Source: a_976
Source: a_977
Source: a_978
Source: a_979
Source: a_980
Scan 18 started at 17AUG25:16:49:48.0
Source: 2312-319
Scan 19 started at 17AUG25:16:52:44.0
Source: a_981
Source: a_982
Source: a_983
Source: a_984
Source: a_985
Source: a_986
Source: a_987
Source: a_988
Source: a_989
Source: a_990
Source: a_991
Source: a_992
Source: a_993
Source: a_994
Source: a_995
Source: a_996
Source: a_997
Source: a_998
Source: a_999
Source: a_1000
Scan 20 started at 17AUG25:17:06:04.0
Source: 2312-319
Scan 21 started at 17AUG25:17:09:00.0
Source: a_1001
Source: a_1002
RPFITS file version is 2.12
---------------------------------------
Total number of spectra selected: 72660

Summary of spectra flagged
Flagging Reason            Fraction
---------------            --------
Antenna off-source/off-line  9.71%
---------------------------------------
Processing file raw/2017-08-25_1709.C3132
CABB data detected
Scan 1 started at 17AUG25:17:09:40.0
Source: a_1002
Source: a_1003
Source: a_1004
Source: a_1005
Source: a_1006
Source: a_1007
Source: a_1008
Source: a_1009
Source: a_1010
Source: a_1011
Source: a_1012
Source: a_1013
Source: a_1014
Source: a_1015
Source: a_1016
Source: a_1017
Source: a_1018
Source: a_1019
Source: a_1020
Scan 2 started at 17AUG25:17:22:20.0
Source: 2312-319
Scan 3 started at 17AUG25:17:25:16.0
Source: a_1021
Source: a_1022
Source: a_1023
Source: a_1024
Source: a_1025
Source: a_1026
Source: a_1027
Source: a_1028
Source: a_1029
Source: a_1030
Source: a_1031
Source: a_1032
Source: a_1033
Source: a_1034
Source: a_1035
Source: a_1036
Source: a_1037
Source: a_1038
Source: a_1039
Source: a_1040
Scan 4 started at 17AUG25:17:38:36.0
Source: 2312-319
Scan 5 started at 17AUG25:17:41:40.0
Source: a_1041
Source: a_1042
Source: a_1043
Source: a_1044
Source: a_1045
Source: a_1046
Source: a_1047
Source: a_1048
Source: a_1049
Source: a_1050
Source: a_1051
Source: a_1052
Source: a_1053
Source: a_1054
Source: a_1055
Source: a_1056
Source: a_1057
Source: a_1058
Source: a_1059
Source: a_1060
Scan 6 started at 17AUG25:17:55:00.0
Source: 2312-319
Scan 7 started at 17AUG25:17:57:56.0
Source: a_1061
Source: a_1062
Source: a_1063
Source: a_1064
Source: a_1065
Source: a_1066
Source: a_1067
Source: a_1068
Source: a_1069
Source: a_1070
Source: a_1071
Source: a_1072
Source: a_1073
Source: a_1074
Source: a_1075
Source: a_1076
Source: a_1077
Source: a_1078
Source: a_1079
Source: a_1080
Scan 8 started at 17AUG25:18:11:16.0
Source: 2312-319
Scan 9 started at 17AUG25:18:14:04.0
Source: a_901
Source: a_902
Source: a_903
Source: a_904
Source: a_905
Source: a_906
Source: a_907
Source: a_908
Source: a_909
Source: a_910
Source: a_911
Source: a_912
Source: a_913
Source: a_914
Source: a_915
Source: a_916
Source: a_917
Source: a_918
Source: a_919
Source: a_920
Scan 10 started at 17AUG25:18:27:32.0
Source: 2312-319
Scan 11 started at 17AUG25:18:30:20.0
Source: a_921
Source: a_922
Source: a_923
Source: a_924
Source: a_925
Source: a_926
Source: a_927
Source: a_928
Source: a_929
Source: a_930
Source: a_931
Source: a_932
Source: a_933
Source: a_934
Source: a_935
Source: a_936
Source: a_937
Source: a_938
Source: a_939
Source: a_940
Scan 12 started at 17AUG25:18:43:48.0
Source: 2312-319
Scan 13 started at 17AUG25:18:46:44.0
Source: a_941
Source: a_942
Source: a_943
Source: a_944
Source: a_945
Source: a_946
Source: a_947
Source: a_948
Source: a_949
Source: a_950
Source: a_951
Source: a_952
Source: a_953
Source: a_954
Source: a_955
Source: a_956
Source: a_957
Source: a_958
Source: a_959
Source: a_960
Scan 14 started at 17AUG25:19:00:04.0
Source: 2312-319
Scan 15 started at 17AUG25:19:02:52.0
Source: a_961
Source: a_962
Source: a_963
Source: a_964
Source: a_965
Source: a_966
Source: a_967
Source: a_968
Source: a_969
Source: a_970
Source: a_971
Source: a_972
Source: a_973
Source: a_974
Source: a_975
Source: a_976
Source: a_977
Source: a_978
Source: a_979
Source: a_980
Scan 16 started at 17AUG25:19:16:20.0
Source: 2312-319
Scan 17 started at 17AUG25:19:19:08.0
Source: a_981
Source: a_982
Source: a_983
Source: a_984
Source: a_985
Source: a_986
Source: a_987
Source: a_988
Source: a_989
Source: a_990
Source: a_991
Source: a_992
Source: a_993
Source: a_994
Source: a_995
Source: a_996
Source: a_997
Source: a_998
Source: a_999
Source: a_1000
Scan 18 started at 17AUG25:19:32:28.0
Source: 2312-319
Scan 19 started at 17AUG25:19:35:16.0
Source: a_1001
Source: a_1002
Source: a_1003
Source: a_1004
Source: a_1005
Source: a_1006
Source: a_1007
Source: a_1008
Source: a_1009
Source: a_1010
Source: a_1011
Source: a_1012
Source: a_1013
Source: a_1014
Source: a_1015
Source: a_1016
Source: a_1017
Source: a_1018
Source: a_1019
Source: a_1020
Scan 20 started at 17AUG25:19:48:44.0
Source: 2312-319
Scan 21 started at 17AUG25:19:51:24.0
Source: a_1021
Source: a_1022
Source: a_1023
Source: a_1024
Source: a_1025
Source: a_1026
Source: a_1027
Source: a_1028
RPFITS file version is 2.12
---------------------------------------
Total number of spectra selected: 72660

Summary of spectra flagged
Flagging Reason            Fraction
---------------            --------
Antenna off-source/off-line  3.63%
---------------------------------------
Processing file raw/2017-08-25_1956.C3132
CABB data detected
Scan 1 started at 17AUG25:19:56:28.0
Source: a_1028
Source: a_1029
Source: a_1030
Source: a_1031
Source: a_1032
Source: a_1033
Source: a_1034
Source: a_1035
Source: a_1036
Source: a_1037
Source: a_1038
Source: a_1039
Source: a_1040
Scan 2 started at 17AUG25:20:04:52.0
Source: 2312-319
Scan 3 started at 17AUG25:20:07:32.0
Source: a_1041
Source: a_1042
Source: a_1043
Source: a_1044
Source: a_1045
Source: a_1046
Source: a_1047
Source: a_1048
Source: a_1049
Source: a_1050
Source: a_1051
Source: a_1052
Source: a_1053
Source: a_1054
Source: a_1055
Source: a_1056
Source: a_1057
Source: a_1058
Source: a_1059
Source: a_1060
Scan 4 started at 17AUG25:20:21:00.0
Source: 2312-319
Scan 5 started at 17AUG25:20:23:40.0
Source: a_1061
Source: a_1062
Source: a_1063
Source: a_1064
Source: a_1065
Source: a_1066
Source: a_1067
 20:28:11 CAOBS> stop
 20:28:15 CAOBS> track 1
Scan 6 started at 17AUG25:20:28:36.0
Source: 2312-319
 20:30:25 CAOBS> stop
 20:30:30 CAOBS> corr closef
RPFITS file version is 2.12
---------------------------------------
Total number of spectra selected: 14580

Summary of spectra flagged
Flagging Reason            Fraction
---------------            --------
Antenna off-source/off-line  2.47%
---------------------------------------

No CACAL data was detected

2018-08-07 14:00:09,337 [MainThread  ] [INFO ]  uvflag vis=data5.uv line=chan,6,1146,1 flagval=flag

uvflag: Revision 1.8, 2014/09/30 14:23:39 UTC


Set flags to indicate bad data in visibility file data5.uv
Linetype channel; select    6 channels; start 1146, width    1, step    1

Overview of flagging on visibility file data5.uv
Changed flags set to FALSE (data flagged as bad)
Total number of records selected: 285324; out of 285324 records
Antennas used: 1-6
Counts of correlations within selected channels
channel   Originally    Currently
Good:          855972.           0.    Changed to bad:      855972.
Bad:           855972.     1711944.

2018-08-07 14:00:33,591 [MainThread  ] [INFO ]  uvflag vis=data5.uv line=chan,30,1454,1 flagval=flag

uvflag: Revision 1.8, 2014/09/30 14:23:39 UTC


Set flags to indicate bad data in visibility file data5.uv
Linetype channel; select   30 channels; start 1454, width    1, step    1

Overview of flagging on visibility file data5.uv
Changed flags set to FALSE (data flagged as bad)
Total number of records selected: 285324; out of 285324 records
Antennas used: 1-6
Counts of correlations within selected channels
channel   Originally    Currently
Good:         8559720.           0.    Changed to bad:     8559720.
Bad:                0.     8559720.

2018-08-07 14:00:52,621 [MainThread  ] [INFO ]  uvflag vis=data5.uv line=chan,40,1964,1 flagval=flag

uvflag: Revision 1.8, 2014/09/30 14:23:39 UTC


Set flags to indicate bad data in visibility file data5.uv
Linetype channel; select   40 channels; start 1964, width    1, step    1

Overview of flagging on visibility file data5.uv
Changed flags set to FALSE (data flagged as bad)
Total number of records selected: 285324; out of 285324 records
Antennas used: 1-6
Counts of correlations within selected channels
channel   Originally    Currently
Good:               0.           0.    Changed to bad:           0.
Bad:         11412960.    11412960.

2018-08-07 14:01:35,634 [MainThread  ] [INFO ]  uvsplit vis=data5.uv options=mosaic

uvsplit: Revision 1.18, 2016/05/09 03:06:18 UTC

Creating 1934-638.5500
Creating 2312-319.5500
Creating a.5500

2018-08-07 14:01:46,279 [MainThread  ] [INFO ]  pgflag vis=1934-638.5500 command='<b' stokes=i,q,u,v flagpar=8,5,5,3,6,3 options=nodisp

pgflag: Revision 1.30, 2016/10/05 23:06:50 UTC

Applying changes to dataset
Counts of correlations within selected channels:
 channel  Originally  Currently
 Good:       7978680    7928484    Changed to bad:      50196
 Bad:        1118880    1169076    Changed to good:         0
 12.9% of the data is now flagged

2018-08-07 14:01:57,332 [MainThread  ] [INFO ]  pgflag vis=1934-638.5500 command='<b' stokes=i,v,q,u flagpar=8,2,2,3,6,3  options=nodisp

pgflag: Revision 1.30, 2016/10/05 23:06:50 UTC

Applying changes to dataset
Counts of correlations within selected channels:
 channel  Originally  Currently
 Good:       7928484    7875012    Changed to bad:      53472
 Bad:        1169076    1222548    Changed to good:         0
 13.4% of the data is now flagged

2018-08-07 14:02:07,228 [MainThread  ] [INFO ]  pgflag vis=1934-638.5500 command='<b' stokes=i,v,u,q flagpar=8,2,2,3,6,3  options=nodisp

pgflag: Revision 1.30, 2016/10/05 23:06:50 UTC

Applying changes to dataset
Counts of correlations within selected channels:
 channel  Originally  Currently
 Good:       7875012    7764472    Changed to bad:     110540
 Bad:        1222548    1333088    Changed to good:         0
 14.7% of the data is now flagged

2018-08-07 14:02:54,914 [MainThread  ] [INFO ]  mfcal vis=1934-638.5500 refant=4 interval=0.1
MfCal: $Revision: 1.20 $, $Date: 2017/05/08 02:31:10 $
Selecting parallel-hand polarisations
Reading the data ...
Number correlations accepted: 3882236
Number of frequency bands/settings: 1
Number of polarisations selected: 2
Number of solution intervals: 74
Number of passband solution intervals: 1
Initialising ...
Using post-Aug94 ATCA flux scale for 1934-638.
Using known frequency variation of 1934-638
Generating initial solution estimate ...
Doing solution refinement ...
Iter= 1, Solution Error:  0.417
Iter= 2, Solution Error:  0.004
Iter= 3, Solution Error:  0.000
Saving solution ...

2018-08-07 14:03:05,162 [MainThread  ] [INFO ]  gpcal vis=1934-638.5500 refant=4 interval=0.1 nfbin=2 options=xyvary

gpcal: Revision 1.22, 2016/05/01 22:31:05 UTC

Applying bandpass corrections to 1934-638.5500
Number of antennae: 6
Reading the data ...
Number of solution intervals: 74
Total visibilities read: 1110
Number visibilities accepted: 1110
Using post-Aug94 ATCA flux scale for 1934-638.
Using IQUV =  5.0138,  0.0000,  0.0000,  0.0000 at   5.4549 GHz.
Using post-Aug94 ATCA flux scale for 1934-638.
Using IQUV =  5.5174,  0.0000,  0.0000,  0.0000 at   5.0316 GHz.
Using post-Aug94 ATCA flux scale for 1934-638.
Using IQUV =  4.5099,  0.0000,  0.0000,  0.0000 at   5.9550 GHz.
Iter= 1, Amplit/Phase Solution Error:   0.053
Iter= 1, Polarisation Solution Error:   0.043
Iter= 1, Overall Solution Error:        0.218
Iter= 2, Amplit/Phase Solution Error:   0.002
Iter= 2, Polarisation Solution Error:   0.000
Iter= 2, Overall Solution Error:        0.002
Iter= 3, Amplit/Phase Solution Error:   0.001
Iter= 3, Polarisation Solution Error:   0.000
Iter= 3, Overall Solution Error:        0.001
I flux density:   5.0138
Leakage terms:
 Ant 1:Dx,Dy = ( 0.00109,-0.00262),(-0.00041,-0.00191)
 Ant 2:Dx,Dy = ( 0.00311, 0.00756),(-0.00344, 0.00826)
 Ant 3:Dx,Dy = ( 0.00530,-0.00082),(-0.00863,-0.00096)
 Ant 4:Dx,Dy = ( 0.00552, 0.01897),(-0.00412, 0.01993)
 Ant 5:Dx,Dy = (-0.01806,-0.00107),( 0.01693,-0.00072)
 Ant 6:Dx,Dy = ( 0.00192,-0.02344),(-0.00144,-0.02318)
Solution for freq bin  1
Iter= 1, Amplit/Phase Solution Error:   0.050
Iter= 1, Polarisation Solution Error:   0.045
Iter= 1, Overall Solution Error:        0.213
Iter= 2, Amplit/Phase Solution Error:   0.001
Iter= 2, Polarisation Solution Error:   0.000
Iter= 2, Overall Solution Error:        0.002
Iter= 3, Amplit/Phase Solution Error:   0.000
Iter= 3, Polarisation Solution Error:   0.000
Iter= 3, Overall Solution Error:        0.000
I flux density:   5.5174
Leakage terms:
 Ant 1:Dx,Dy = ( 0.00102,-0.00222),(-0.00085,-0.00159)
 Ant 2:Dx,Dy = ( 0.00348, 0.00892),(-0.00378, 0.00926)
 Ant 3:Dx,Dy = ( 0.00472,-0.00083),(-0.00934,-0.00045)
 Ant 4:Dx,Dy = ( 0.00514, 0.01930),(-0.00431, 0.02079)
 Ant 5:Dx,Dy = (-0.01871,-0.00185),( 0.01641,-0.00133)
 Ant 6:Dx,Dy = ( 0.00107,-0.02533),(-0.00141,-0.02466)
Solution for freq bin  2
Iter= 1, Amplit/Phase Solution Error:   0.056
Iter= 1, Polarisation Solution Error:   0.040
Iter= 1, Overall Solution Error:        0.227
Iter= 2, Amplit/Phase Solution Error:   0.001
Iter= 2, Polarisation Solution Error:   0.000
Iter= 2, Overall Solution Error:        0.002
Iter= 3, Amplit/Phase Solution Error:   0.000
Iter= 3, Polarisation Solution Error:   0.000
Iter= 3, Overall Solution Error:        0.000
I flux density:   4.5099
Leakage terms:
 Ant 1:Dx,Dy = ( 0.00119,-0.00314),( 0.00017,-0.00234)
 Ant 2:Dx,Dy = ( 0.00262, 0.00575),(-0.00300, 0.00694)
 Ant 3:Dx,Dy = ( 0.00607,-0.00081),(-0.00767,-0.00162)
 Ant 4:Dx,Dy = ( 0.00602, 0.01853),(-0.00387, 0.01879)
 Ant 5:Dx,Dy = (-0.01720,-0.00003),( 0.01761, 0.00009)
 Ant 6:Dx,Dy = ( 0.00305,-0.02094),(-0.00149,-0.02122)

2018-08-07 14:03:20,471 [MainThread  ] [INFO ]  pgflag vis=1934-638.5500 command='<b' stokes=i,q,u,v flagpar=8,5,5,3,6,3 options=nodisp

pgflag: Revision 1.30, 2016/10/05 23:06:50 UTC

Applying bandpass corrections to 1934-638.5500
Applying freq. dependent gain corrections to 1934-638.5500
Applying freq. dependent leakage correction to 1934-638.5500
Applying changes to dataset
Counts of correlations within selected channels:
 channel  Originally  Currently
 Good:       7764472    7745788    Changed to bad:      18684
 Bad:        1333088    1351772    Changed to good:         0
 14.9% of the data is now flagged

2018-08-07 14:03:33,169 [MainThread  ] [INFO ]  pgflag vis=1934-638.5500 command='<b' stokes=i,v,q,u flagpar=8,2,2,3,6,3  options=nodisp

pgflag: Revision 1.30, 2016/10/05 23:06:50 UTC

Applying bandpass corrections to 1934-638.5500
Applying freq. dependent gain corrections to 1934-638.5500
Applying freq. dependent leakage correction to 1934-638.5500
Applying changes to dataset
Counts of correlations within selected channels:
 channel  Originally  Currently
 Good:       7745788    7726996    Changed to bad:      18792
 Bad:        1351772    1370564    Changed to good:         0
 15.1% of the data is now flagged

2018-08-07 14:03:45,925 [MainThread  ] [INFO ]  pgflag vis=1934-638.5500 command='<b' stokes=i,v,u,q flagpar=8,2,2,3,6,3  options=nodisp

pgflag: Revision 1.30, 2016/10/05 23:06:50 UTC

Applying bandpass corrections to 1934-638.5500
Applying freq. dependent gain corrections to 1934-638.5500
Applying freq. dependent leakage correction to 1934-638.5500
Applying changes to dataset
Counts of correlations within selected channels:
 channel  Originally  Currently
 Good:       7726996    7710148    Changed to bad:      16848
 Bad:        1370564    1387412    Changed to good:         0
 15.3% of the data is now flagged

2018-08-07 14:04:37,566 [MainThread  ] [INFO ]  mfcal vis=1934-638.5500 refant=4 interval=0.1
MfCal: $Revision: 1.20 $, $Date: 2017/05/08 02:31:10 $
Selecting parallel-hand polarisations
Reading the data ...
Number correlations accepted: 3855074
Number of frequency bands/settings: 1
Number of polarisations selected: 2
Number of solution intervals: 74
Number of passband solution intervals: 1
Initialising ...
Using post-Aug94 ATCA flux scale for 1934-638.
Using known frequency variation of 1934-638
Generating initial solution estimate ...
Doing solution refinement ...
Iter= 1, Solution Error:  0.418
Iter= 2, Solution Error:  0.004
Iter= 3, Solution Error:  0.000
Saving solution ...

2018-08-07 14:04:38,320 [MainThread  ] [INFO ]  gpcal vis=1934-638.5500 refant=4 interval=0.1 nfbin=2 options=xyvary

gpcal: Revision 1.22, 2016/05/01 22:31:05 UTC

Applying bandpass corrections to 1934-638.5500
Number of antennae: 6
Using leakage parameters from input as initial guess
Reading the data ...
Number of solution intervals: 74
Total visibilities read: 1110
Number visibilities accepted: 1110
Using post-Aug94 ATCA flux scale for 1934-638.
Using IQUV =  5.0135,  0.0000,  0.0000,  0.0000 at   5.4551 GHz.
Using post-Aug94 ATCA flux scale for 1934-638.
Using IQUV =  5.5145,  0.0000,  0.0000,  0.0000 at   5.0338 GHz.
Using post-Aug94 ATCA flux scale for 1934-638.
Using IQUV =  4.5113,  0.0000,  0.0000,  0.0000 at   5.9535 GHz.
Iter= 1, Amplit/Phase Solution Error:   0.053
Iter= 1, Polarisation Solution Error:   0.000
Iter= 1, Overall Solution Error:        0.218
Iter= 2, Amplit/Phase Solution Error:   0.002
Iter= 2, Polarisation Solution Error:   0.000
Iter= 2, Overall Solution Error:        0.002
Iter= 3, Amplit/Phase Solution Error:   0.001
Iter= 3, Polarisation Solution Error:   0.000
Iter= 3, Overall Solution Error:        0.001
I flux density:   5.0135
Leakage terms:
 Ant 1:Dx,Dy = ( 0.00110,-0.00261),(-0.00041,-0.00191)
 Ant 2:Dx,Dy = ( 0.00311, 0.00757),(-0.00343, 0.00826)
 Ant 3:Dx,Dy = ( 0.00530,-0.00082),(-0.00863,-0.00095)
 Ant 4:Dx,Dy = ( 0.00553, 0.01897),(-0.00410, 0.01993)
 Ant 5:Dx,Dy = (-0.01806,-0.00108),( 0.01692,-0.00073)
 Ant 6:Dx,Dy = ( 0.00193,-0.02345),(-0.00145,-0.02317)
Solution for freq bin  1
Iter= 1, Amplit/Phase Solution Error:   0.050
Iter= 1, Polarisation Solution Error:   0.002
Iter= 1, Overall Solution Error:        0.213
Iter= 2, Amplit/Phase Solution Error:   0.001
Iter= 2, Polarisation Solution Error:   0.000
Iter= 2, Overall Solution Error:        0.002
Iter= 3, Amplit/Phase Solution Error:   0.000
Iter= 3, Polarisation Solution Error:   0.000
Iter= 3, Overall Solution Error:        0.000
I flux density:   5.5145
Leakage terms:
 Ant 1:Dx,Dy = ( 0.00104,-0.00222),(-0.00084,-0.00159)
 Ant 2:Dx,Dy = ( 0.00348, 0.00893),(-0.00376, 0.00925)
 Ant 3:Dx,Dy = ( 0.00473,-0.00083),(-0.00935,-0.00045)
 Ant 4:Dx,Dy = ( 0.00515, 0.01930),(-0.00428, 0.02079)
 Ant 5:Dx,Dy = (-0.01872,-0.00187),( 0.01640,-0.00136)
 Ant 6:Dx,Dy = ( 0.00108,-0.02532),(-0.00141,-0.02464)
Solution for freq bin  2
Iter= 1, Amplit/Phase Solution Error:   0.056
Iter= 1, Polarisation Solution Error:   0.003
Iter= 1, Overall Solution Error:        0.226
Iter= 2, Amplit/Phase Solution Error:   0.001
Iter= 2, Polarisation Solution Error:   0.000
Iter= 2, Overall Solution Error:        0.002
Iter= 3, Amplit/Phase Solution Error:   0.000
Iter= 3, Polarisation Solution Error:   0.000
Iter= 3, Overall Solution Error:        0.000
I flux density:   4.5113
Leakage terms:
 Ant 1:Dx,Dy = ( 0.00118,-0.00314),( 0.00018,-0.00235)
 Ant 2:Dx,Dy = ( 0.00261, 0.00577),(-0.00300, 0.00694)
 Ant 3:Dx,Dy = ( 0.00607,-0.00081),(-0.00768,-0.00162)
 Ant 4:Dx,Dy = ( 0.00604, 0.01854),(-0.00385, 0.01879)
 Ant 5:Dx,Dy = (-0.01720,-0.00003),( 0.01762, 0.00010)
 Ant 6:Dx,Dy = ( 0.00306,-0.02096),(-0.00149,-0.02122)

2018-08-07 14:04:38,366 [MainThread  ] [INFO ]  gpcopy vis=1934-638.5500 out=2312-319.5500

gpcopy: Revision 1.13, 2015/10/29 01:31:39 UTC

Copying leakage table
Copying gain table
Interpolation tolerance set to (minutes): 720.00
Copying bandpass table

2018-08-07 14:07:20,913 [MainThread  ] [INFO ]  pgflag vis=2312-319.5500 command='<b' stokes=i,q,u,v flagpar=8,5,5,3,6,3 options=nodisp

pgflag: Revision 1.30, 2016/10/05 23:06:50 UTC

Applying bandpass corrections to 2312-319.5500
Applying freq. dependent gain corrections to 2312-319.5500
Applying freq. dependent leakage correction to 2312-319.5500
Applying changes to dataset
Counts of correlations within selected channels:
 channel  Originally  Currently
 Good:      69335448   68906368    Changed to bad:     429080
 Bad:        9723168   10152248    Changed to good:         0
 12.8% of the data is now flagged

2018-08-07 14:10:08,542 [MainThread  ] [INFO ]  pgflag vis=2312-319.5500 command='<b' stokes=i,v,q,u flagpar=8,2,2,3,6,3  options=nodisp

pgflag: Revision 1.30, 2016/10/05 23:06:50 UTC

Applying bandpass corrections to 2312-319.5500
Applying freq. dependent gain corrections to 2312-319.5500
Applying freq. dependent leakage correction to 2312-319.5500
Applying changes to dataset
Counts of correlations within selected channels:
 channel  Originally  Currently
 Good:      68906368   68534580    Changed to bad:     371788
 Bad:       10152248   10524036    Changed to good:         0
 13.3% of the data is now flagged

2018-08-07 14:12:54,533 [MainThread  ] [INFO ]  pgflag vis=2312-319.5500 command='<b' stokes=i,v,u,q flagpar=8,2,2,3,6,3  options=nodisp

pgflag: Revision 1.30, 2016/10/05 23:06:50 UTC

Applying bandpass corrections to 2312-319.5500
Applying freq. dependent gain corrections to 2312-319.5500
Applying freq. dependent leakage correction to 2312-319.5500
Applying changes to dataset
Counts of correlations within selected channels:
 channel  Originally  Currently
 Good:      68534580   68123332    Changed to bad:     411248
 Bad:       10524036   10935284    Changed to good:         0
 13.8% of the data is now flagged

2018-08-07 14:12:59,017 [MainThread  ] [INFO ]  gpcal vis=2312-319.5500 refant=4 interval=0.1 nfbin=2 options=xyvary,qusolve

gpcal: Revision 1.22, 2016/05/01 22:31:05 UTC

Applying bandpass corrections to 2312-319.5500
Number of antennae: 6
Using leakage parameters from input as initial guess
Reading the data ...
Number of solution intervals: 643
Total visibilities read: 9646
Number visibilities accepted: 9645
Iter= 1, Amplit/Phase Solution Error:   0.153
Iter= 1, Polarisation Solution Error:   0.010
Iter= 1, Overall Solution Error:        0.947
Iter= 2, Amplit/Phase Solution Error:   0.012
Iter= 2, Polarisation Solution Error:   0.000
Iter= 2, Overall Solution Error:        0.008
Iter= 3, Amplit/Phase Solution Error:   0.001
Iter= 3, Polarisation Solution Error:   0.000
Iter= 3, Overall Solution Error:        0.001
I flux density:   0.5565
Percent Q:  -0.968
Percent U:   0.634
Leakage terms:
 Ant 1:Dx,Dy = ( 0.00016,-0.00279),(-0.00103,-0.00186)
 Ant 2:Dx,Dy = ( 0.00250, 0.00716),(-0.00453, 0.00820)
 Ant 3:Dx,Dy = ( 0.00482,-0.00106),(-0.00974,-0.00117)
 Ant 4:Dx,Dy = ( 0.00467, 0.01892),(-0.00438, 0.02002)
 Ant 5:Dx,Dy = (-0.01839,-0.00114),( 0.01614,-0.00049)
 Ant 6:Dx,Dy = ( 0.00072,-0.02320),(-0.00198,-0.02260)
Solution for freq bin  1
Iter= 1, Amplit/Phase Solution Error:   0.142
Iter= 1, Polarisation Solution Error:   0.013
Iter= 1, Overall Solution Error:        0.890
Iter= 2, Amplit/Phase Solution Error:   0.014
Iter= 2, Polarisation Solution Error:   0.000
Iter= 2, Overall Solution Error:        0.010
Iter= 3, Amplit/Phase Solution Error:   0.001
Iter= 3, Polarisation Solution Error:   0.000
Iter= 3, Overall Solution Error:        0.001
I flux density:   0.5561
Percent Q:  -1.294
Percent U:   0.555
Leakage terms:
 Ant 1:Dx,Dy = (-0.00003,-0.00224),(-0.00141,-0.00147)
 Ant 2:Dx,Dy = ( 0.00288, 0.00901),(-0.00491, 0.00923)
 Ant 3:Dx,Dy = ( 0.00415,-0.00105),(-0.01067,-0.00062)
 Ant 4:Dx,Dy = ( 0.00414, 0.01944),(-0.00453, 0.02080)
 Ant 5:Dx,Dy = (-0.01917,-0.00197),( 0.01544,-0.00145)
 Ant 6:Dx,Dy = (-0.00014,-0.02521),(-0.00208,-0.02448)
Solution for freq bin  2
Iter= 1, Amplit/Phase Solution Error:   0.166
Iter= 1, Polarisation Solution Error:   0.007
Iter= 1, Overall Solution Error:        1.003
Iter= 2, Amplit/Phase Solution Error:   0.010
Iter= 2, Polarisation Solution Error:   0.000
Iter= 2, Overall Solution Error:        0.008
Iter= 3, Amplit/Phase Solution Error:   0.001
Iter= 3, Polarisation Solution Error:   0.000
Iter= 3, Overall Solution Error:        0.001
I flux density:   0.5573
Percent Q:  -0.616
Percent U:   0.719
Leakage terms:
 Ant 1:Dx,Dy = ( 0.00030,-0.00333),(-0.00070,-0.00222)
 Ant 2:Dx,Dy = ( 0.00210, 0.00531),(-0.00417, 0.00722)
 Ant 3:Dx,Dy = ( 0.00545,-0.00098),(-0.00884,-0.00165)
 Ant 4:Dx,Dy = ( 0.00514, 0.01843),(-0.00431, 0.01924)
 Ant 5:Dx,Dy = (-0.01765,-0.00034),( 0.01683, 0.00036)
 Ant 6:Dx,Dy = ( 0.00161,-0.02127),(-0.00184,-0.02078)

2018-08-07 14:15:21,191 [MainThread  ] [INFO ]  pgflag vis=2312-319.5500 command='<b' stokes=i,q,u,v flagpar=8,5,5,3,6,3 options=nodisp

pgflag: Revision 1.30, 2016/10/05 23:06:50 UTC

Applying bandpass corrections to 2312-319.5500
Applying freq. dependent gain corrections to 2312-319.5500
Applying freq. dependent leakage correction to 2312-319.5500
Applying changes to dataset
Counts of correlations within selected channels:
 channel  Originally  Currently
 Good:      68123332   67756352    Changed to bad:     366980
 Bad:       10935284   11302264    Changed to good:         0
 14.3% of the data is now flagged

2018-08-07 14:17:43,624 [MainThread  ] [INFO ]  pgflag vis=2312-319.5500 command='<b' stokes=i,v,q,u flagpar=8,2,2,3,6,3  options=nodisp

pgflag: Revision 1.30, 2016/10/05 23:06:50 UTC

Applying bandpass corrections to 2312-319.5500
Applying freq. dependent gain corrections to 2312-319.5500
Applying freq. dependent leakage correction to 2312-319.5500
Applying changes to dataset
Counts of correlations within selected channels:
 channel  Originally  Currently
 Good:      67756352   67425696    Changed to bad:     330656
 Bad:       11302264   11632920    Changed to good:         0
 14.7% of the data is now flagged

2018-08-07 14:20:18,019 [MainThread  ] [INFO ]  pgflag vis=2312-319.5500 command='<b' stokes=i,v,u,q flagpar=8,2,2,3,6,3  options=nodisp

pgflag: Revision 1.30, 2016/10/05 23:06:50 UTC

Applying bandpass corrections to 2312-319.5500
Applying freq. dependent gain corrections to 2312-319.5500
Applying freq. dependent leakage correction to 2312-319.5500
Applying changes to dataset
Counts of correlations within selected channels:
 channel  Originally  Currently
 Good:      67425696   67110788    Changed to bad:     314908
 Bad:       11632920   11947828    Changed to good:         0
 15.1% of the data is now flagged

2018-08-07 14:20:23,985 [MainThread  ] [INFO ]  gpcal vis=2312-319.5500 refant=4 interval=0.1 nfbin=2 options=xyvary,qusolve

gpcal: Revision 1.22, 2016/05/01 22:31:05 UTC

Applying bandpass corrections to 2312-319.5500
Number of antennae: 6
Using leakage parameters from input as initial guess
Reading the data ...
Number of solution intervals: 643
Total visibilities read: 9646
Number visibilities accepted: 9645
Iter= 1, Amplit/Phase Solution Error:   0.153
Iter= 1, Polarisation Solution Error:   0.010
Iter= 1, Overall Solution Error:        0.947
Iter= 2, Amplit/Phase Solution Error:   0.012
Iter= 2, Polarisation Solution Error:   0.000
Iter= 2, Overall Solution Error:        0.008
Iter= 3, Amplit/Phase Solution Error:   0.001
Iter= 3, Polarisation Solution Error:   0.000
Iter= 3, Overall Solution Error:        0.001
I flux density:   0.5568
Percent Q:  -0.987
Percent U:   0.630
Leakage terms:
 Ant 1:Dx,Dy = ( 0.00023,-0.00278),(-0.00094,-0.00187)
 Ant 2:Dx,Dy = ( 0.00258, 0.00714),(-0.00441, 0.00819)
 Ant 3:Dx,Dy = ( 0.00493,-0.00106),(-0.00966,-0.00117)
 Ant 4:Dx,Dy = ( 0.00479, 0.01890),(-0.00423, 0.02000)
 Ant 5:Dx,Dy = (-0.01828,-0.00114),( 0.01623,-0.00049)
 Ant 6:Dx,Dy = ( 0.00084,-0.02318),(-0.00191,-0.02252)
Solution for freq bin  1
Iter= 1, Amplit/Phase Solution Error:   0.142
Iter= 1, Polarisation Solution Error:   0.013
Iter= 1, Overall Solution Error:        0.890
Iter= 2, Amplit/Phase Solution Error:   0.014
Iter= 2, Polarisation Solution Error:   0.000
Iter= 2, Overall Solution Error:        0.010
Iter= 3, Amplit/Phase Solution Error:   0.001
Iter= 3, Polarisation Solution Error:   0.000
Iter= 3, Overall Solution Error:        0.001
I flux density:   0.5564
Percent Q:  -1.309
Percent U:   0.553
Leakage terms:
 Ant 1:Dx,Dy = ( 0.00002,-0.00224),(-0.00133,-0.00148)
 Ant 2:Dx,Dy = ( 0.00293, 0.00898),(-0.00480, 0.00922)
 Ant 3:Dx,Dy = ( 0.00426,-0.00103),(-0.01063,-0.00060)
 Ant 4:Dx,Dy = ( 0.00426, 0.01942),(-0.00434, 0.02077)
 Ant 5:Dx,Dy = (-0.01907,-0.00198),( 0.01549,-0.00147)
 Ant 6:Dx,Dy = (-0.00003,-0.02520),(-0.00203,-0.02439)
Solution for freq bin  2
Iter= 1, Amplit/Phase Solution Error:   0.166
Iter= 1, Polarisation Solution Error:   0.007
Iter= 1, Overall Solution Error:        1.003
Iter= 2, Amplit/Phase Solution Error:   0.010
Iter= 2, Polarisation Solution Error:   0.000
Iter= 2, Overall Solution Error:        0.008
Iter= 3, Amplit/Phase Solution Error:   0.001
Iter= 3, Polarisation Solution Error:   0.000
Iter= 3, Overall Solution Error:        0.001
I flux density:   0.5576
Percent Q:  -0.623
Percent U:   0.717
Leakage terms:
 Ant 1:Dx,Dy = ( 0.00031,-0.00330),(-0.00068,-0.00224)
 Ant 2:Dx,Dy = ( 0.00213, 0.00532),(-0.00414, 0.00723)
 Ant 3:Dx,Dy = ( 0.00547,-0.00100),(-0.00881,-0.00167)
 Ant 4:Dx,Dy = ( 0.00519, 0.01841),(-0.00427, 0.01923)
 Ant 5:Dx,Dy = (-0.01761,-0.00033),( 0.01687, 0.00036)
 Ant 6:Dx,Dy = ( 0.00164,-0.02127),(-0.00184,-0.02074)

2018-08-07 14:20:24,059 [MainThread  ] [INFO ]  gpboot vis=2312-319.5500 cal=1934-638.5500

gpboot: Revision 1.9, 2015/10/29 01:31:30 UTC

Secondary flux density scaled by:   0.999
Frequency bin  1 scaled by      :   1.003
Frequency bin  2 scaled by      :   1.003

2018-08-07 14:21:42,606 [MainThread  ] [INFO ]  gpcopy vis=2312-319.5500 out=a.5500

gpcopy: Revision 1.13, 2015/10/29 01:31:39 UTC

Copying leakage table
Copying gain table
Interpolation tolerance set to (minutes): 720.00
Copying bandpass table

2018-08-07 14:36:45,659 [MainThread  ] [INFO ]  pgflag vis=a.5500 command='<b' stokes=i,v,q,u flagpar=8,2,2,3,6,3  options=nodisp

pgflag: Revision 1.30, 2016/10/05 23:06:50 UTC

Applying bandpass corrections to a.5500
Applying freq. dependent gain corrections to a.5500
Applying freq. dependent leakage correction to a.5500
Applying changes to dataset
Counts of correlations within selected channels:
 channel  Originally  Currently
 Good:     435413100  423196732    Changed to bad:   12216368
 Bad:       61059600   73275968    Changed to good:         0
 14.8% of the data is now flagged

2018-08-07 14:51:56,685 [MainThread  ] [INFO ]  pgflag vis=a.5500 command='<b' stokes=i,v,u,q flagpar=8,2,2,3,6,3  options=nodisp

pgflag: Revision 1.30, 2016/10/05 23:06:50 UTC

Applying bandpass corrections to a.5500
Applying freq. dependent gain corrections to a.5500
Applying freq. dependent leakage correction to a.5500
Applying changes to dataset
Counts of correlations within selected channels:
 channel  Originally  Currently
 Good:     423196732  414535012    Changed to bad:    8661720
 Bad:       73275968   81937688    Changed to good:         0
 16.5% of the data is now flagged

2018-08-07 14:53:40,220 [MainThread  ] [INFO ]  uvsplit vis=a.5500

uvsplit: Revision 1.18, 2016/05/09 03:06:18 UTC

Creating a_961.5500
Creating a_962.5500
Creating a_963.5500
Creating a_964.5500
Creating a_965.5500
Creating a_966.5500
Creating a_967.5500
Creating a_968.5500
Creating a_969.5500
Creating a_970.5500
Creating a_971.5500
Creating a_972.5500
Creating a_973.5500
Creating a_974.5500
Creating a_975.5500
Creating a_976.5500
Creating a_977.5500
Creating a_978.5500
Creating a_979.5500
Creating a_980.5500
Creating a_981.5500
Creating a_982.5500
Creating a_983.5500
Creating a_984.5500
Creating a_985.5500
Creating a_986.5500
Creating a_987.5500
Creating a_988.5500
Creating a_989.5500
Creating a_990.5500
Creating a_991.5500
Creating a_992.5500
Creating a_993.5500
Creating a_994.5500
Creating a_995.5500
Creating a_996.5500
Creating a_997.5500
Creating a_998.5500
Creating a_999.5500
Creating a_1000.5500
Creating a_1001.5500
Creating a_1002.5500
Creating a_1003.5500
Creating a_1004.5500
Creating a_1005.5500
Creating a_1006.5500
Creating a_1007.5500
Creating a_1008.5500
Creating a_1009.5500
Creating a_1010.5500
Creating a_1011.5500
Creating a_1012.5500
Creating a_1013.5500
Creating a_1014.5500
Creating a_1015.5500
Creating a_1016.5500
Creating a_1017.5500
Creating a_1018.5500
Creating a_1019.5500
Creating a_1020.5500
Creating a_1021.5500
Creating a_1022.5500
Creating a_1023.5500
Creating a_1024.5500
Creating a_1025.5500
Creating a_1026.5500
Creating a_1027.5500
Creating a_1028.5500
Creating a_1029.5500
Creating a_1030.5500
Creating a_1031.5500
Creating a_1032.5500
Creating a_1033.5500
Creating a_1034.5500
Creating a_1035.5500
Creating a_1036.5500
Creating a_1037.5500
Creating a_1038.5500
Creating a_1039.5500
Creating a_1040.5500
Creating a_1041.5500
Creating a_1042.5500
Creating a_1043.5500
Creating a_1044.5500
Creating a_1045.5500
Creating a_1046.5500
Creating a_1047.5500
Creating a_1048.5500
Creating a_1049.5500
Creating a_1050.5500
Creating a_1051.5500
Creating a_1052.5500
Creating a_1053.5500
Creating a_1054.5500
Creating a_1055.5500
Creating a_1056.5500
Creating a_1057.5500
Creating a_1058.5500
Creating a_1059.5500
Creating a_1060.5500
Creating a_1061.5500
Creating a_1062.5500
Creating a_1063.5500
Creating a_1064.5500
Creating a_1065.5500
Creating a_1066.5500
Creating a_1067.5500
Creating a_1068.5500
Creating a_1069.5500
Creating a_1070.5500
Creating a_1071.5500
Creating a_1072.5500
Creating a_1073.5500
Creating a_1074.5500
Creating a_1075.5500
Creating a_1076.5500
Creating a_1077.5500
Creating a_1078.5500
Creating a_1079.5500
Creating a_1080.5500
Creating a_901.5500
Creating a_902.5500
Creating a_903.5500
Creating a_904.5500
Creating a_905.5500
Creating a_906.5500
Creating a_907.5500
Creating a_908.5500
Creating a_909.5500
Creating a_910.5500
Creating a_911.5500
Creating a_912.5500
Creating a_913.5500
Creating a_914.5500
Creating a_915.5500
Creating a_916.5500
Creating a_917.5500
Creating a_918.5500
Creating a_919.5500
Creating a_920.5500
Creating a_921.5500
Creating a_922.5500
Creating a_923.5500
Creating a_924.5500
Creating a_925.5500
Creating a_926.5500
Creating a_927.5500
Creating a_928.5500
Creating a_929.5500
Creating a_930.5500
Creating a_931.5500
Creating a_932.5500
Creating a_933.5500
Creating a_934.5500
Creating a_935.5500
Creating a_936.5500
Creating a_937.5500
Creating a_938.5500
Creating a_939.5500
Creating a_940.5500
Creating a_941.5500
Creating a_942.5500
Creating a_943.5500
Creating a_944.5500
Creating a_945.5500
Creating a_946.5500
Creating a_947.5500
Creating a_948.5500
Creating a_949.5500
Creating a_950.5500
Creating a_951.5500
Creating a_952.5500
Creating a_953.5500
Creating a_954.5500
Creating a_955.5500
Creating a_956.5500
Creating a_957.5500
Creating a_958.5500
Creating a_959.5500
Creating a_960.5500

