2018-08-07 09:51:43,746 [MainThread  ] [INFO ]  atlod in=raw/2017-11-16_0431.C3132,raw/2017-11-16_0719.C3132,raw/2017-11-16_1032.C3132,raw/2017-11-16_1320.C3132 out=data5.uv ifsel=1 options=birdie,rfiflag,noauto,xycorr

atlod: Revision 1.53, 2016/08/25 23:02:21 UTC

Processing file raw/2017-11-16_0431.C3132
 04:31:31 CAOBS> track 1
CABB data detected
Scan 1 started at 17NOV16:04:31:48.0
Source: 1934-638
Flagging channels in  28 frequency ranges
 04:42:15 CAOBS> stop
 04:42:35 CAOBS> set file c3132_obs_b3.sch
 04:42:51 CAOBS> start 1/99
Scan 2 started at 17NOV16:04:44:20.0
Source: 2312-319
Scan 3 started at 17NOV16:04:47:00.0
Source: b_481
Source: b_482
Source: b_483
Source: b_484
Source: b_485
Source: b_486
Source: b_487
Source: b_488
Source: b_489
Source: b_490
Source: b_491
Source: b_492
Source: b_493
Source: b_494
Source: b_495
Source: b_496
Source: b_497
Source: b_498
Source: b_499
Source: b_500
Scan 4 started at 17NOV16:05:00:28.0
Source: 2312-319
Scan 5 started at 17NOV16:05:03:08.0
Source: b_501
Source: b_502
Source: b_503
Source: b_504
Source: b_505
Source: b_506
Source: b_507
Source: b_508
Source: b_509
Source: b_510
Source: b_511
Source: b_512
Source: b_513
Source: b_514
Source: b_515
Source: b_516
Source: b_517
Source: b_518
Source: b_519
Source: b_520
Scan 6 started at 17NOV16:05:16:36.0
Source: 2312-319
Scan 7 started at 17NOV16:05:19:16.0
Source: b_521
Source: b_522
Source: b_523
Source: b_524
Source: b_525
Source: b_526
Source: b_527
Source: b_528
Source: b_529
Source: b_530
Source: b_531
Source: b_532
Source: b_533
Source: b_534
Source: b_535
Source: b_536
Source: b_537
Source: b_538
Source: b_539
Source: b_540
Scan 8 started at 17NOV16:05:32:44.0
Source: 2312-319
Scan 9 started at 17NOV16:05:35:24.0
Source: b_541
Source: b_542
Source: b_543
Source: b_544
Source: b_545
Source: b_546
Source: b_547
Source: b_548
Source: b_549
Source: b_550
Source: b_551
Source: b_552
Source: b_553
Source: b_554
Source: b_555
Source: b_556
Source: b_557
Source: b_558
Source: b_559
Source: b_560
Scan 10 started at 17NOV16:05:48:52.0
Source: 2312-319
Scan 11 started at 17NOV16:05:51:32.0
Source: b_561
Source: b_562
Source: b_563
Source: b_564
Source: b_565
Source: b_566
Source: b_567
Source: b_568
Source: b_569
Source: b_570
Source: b_571
Source: b_572
Source: b_573
Source: b_574
Source: b_575
Source: b_576
Source: b_577
Source: b_578
Source: b_579
Source: b_580
Scan 12 started at 17NOV16:06:05:00.0
Source: 2312-319
Scan 13 started at 17NOV16:06:07:40.0
Source: b_581
Source: b_582
Source: b_583
Source: b_584
Source: b_585
Source: b_586
Source: b_587
Source: b_588
Source: b_589
Source: b_590
Source: b_591
Source: b_592
Source: b_593
Source: b_594
Source: b_595
Source: b_596
Source: b_597
Source: b_598
Source: b_599
Source: b_600
Scan 14 started at 17NOV16:06:21:08.0
Source: 2312-319
Scan 15 started at 17NOV16:06:23:48.0
Source: b_601
Source: b_602
Source: b_603
Source: b_604
Source: b_605
Source: b_606
Source: b_607
Source: b_608
Source: b_609
Source: b_610
Source: b_611
Source: b_612
Source: b_613
Source: b_614
Source: b_615
Source: b_616
Source: b_617
Source: b_618
Source: b_619
Source: b_620
Scan 16 started at 17NOV16:06:37:16.0
Source: 2312-319
Scan 17 started at 17NOV16:06:39:56.0
Source: b_621
Source: b_622
Source: b_623
Source: b_624
Source: b_625
Source: b_626
Source: b_627
Source: b_628
Source: b_629
Source: b_630
Source: b_631
Source: b_632
Source: b_633
Source: b_634
Source: b_635
Source: b_636
Source: b_637
Source: b_638
Source: b_639
Source: b_640
Scan 18 started at 17NOV16:06:53:24.0
Source: 2312-319
Scan 19 started at 17NOV16:06:56:04.0
Source: b_641
Source: b_642
Source: b_643
Source: b_644
Source: b_645
Source: b_646
Source: b_647
Source: b_648
Source: b_649
Source: b_650
Source: b_651
Source: b_652
Source: b_653
Source: b_654
Source: b_655
Source: b_656
Source: b_657
Source: b_658
Source: b_659
Source: b_660
Scan 20 started at 17NOV16:07:09:32.0
Source: 2312-319
Scan 21 started at 17NOV16:07:12:20.0
Source: b_661
Source: b_662
Source: b_663
Source: b_664
Source: b_665
Source: b_666
Source: b_667
Source: b_668
Source: b_669
Source: b_670
Source: b_671
RPFITS file version is 2.12
---------------------------------------
Total number of spectra selected: 72660

Summary of spectra flagged
Flagging Reason            Fraction
---------------            --------
Antenna off-source/off-line  3.36%
---------------------------------------
Processing file raw/2017-11-16_0719.C3132
CABB data detected
Scan 1 started at 17NOV16:07:19:16.0
Source: b_671
Source: b_672
Source: b_673
Source: b_674
Source: b_675
Source: b_676
Source: b_677
Source: b_678
Source: b_679
Source: b_680
Scan 2 started at 17NOV16:07:25:40.0
Source: 2312-319
Scan 3 started at 17NOV16:07:28:20.0
Source: b_681
Source: b_682
Source: b_683
Source: b_684
Source: b_685
Source: b_686
Source: b_687
Source: b_688
Source: b_689
Source: b_690
Source: b_691
Source: b_692
Source: b_693
Source: b_694
Source: b_695
Source: b_696
Source: b_697
Source: b_698
Source: b_699
Source: b_700
Scan 4 started at 17NOV16:07:41:48.0
Source: 2312-319
Scan 5 started at 17NOV16:07:44:28.0
Source: b_701
Source: b_702
Source: b_703
Source: b_704
Source: b_705
Source: b_706
Source: b_707
Source: b_708
Source: b_709
Source: b_710
Source: b_711
Source: b_712
Source: b_713
Source: b_714
Source: b_715
Source: b_716
Source: b_717
Source: b_718
Source: b_719
Source: b_720
Scan 6 started at 17NOV16:07:57:56.0
Source: 2312-319
Scan 7 started at 17NOV16:08:00:36.0
Source: b_481
Source: b_482
Source: b_483
Source: b_484
Source: b_485
Source: b_486
Source: b_487
Source: b_488
Source: b_489
Source: b_490
Source: b_491
Source: b_492
 08:34:52 CAOBS> stop
 08:34:57 CAOBS> start 1/99
Scan 8 started at 17NOV16:08:35:32.0
Source: 2312-319
Scan 9 started at 17NOV16:08:38:28.0
Source: b_481
Source: b_482
Source: b_483
Source: b_484
Source: b_485
Source: b_486
Source: b_487
Source: b_488
Source: b_489
Source: b_490
Source: b_491
Source: b_492
Source: b_493
Source: b_494
Source: b_495
Source: b_496
Source: b_497
Source: b_498
Source: b_499
Source: b_500
Scan 10 started at 17NOV16:08:51:48.0
Source: 2312-319
Scan 11 started at 17NOV16:08:54:44.0
Source: b_501
Source: b_502
Source: b_503
Source: b_504
Source: b_505
Source: b_506
Source: b_507
Source: b_508
Source: b_509
Source: b_510
Source: b_511
Source: b_512
Source: b_513
Source: b_514
Source: b_515
Source: b_516
Source: b_517
Source: b_518
Source: b_519
Source: b_520
Scan 12 started at 17NOV16:09:08:20.0
Source: 2312-319
Scan 13 started at 17NOV16:09:12:04.0
Source: b_522
Source: b_523
Source: b_524
Source: b_525
Source: b_526
Source: b_527
Source: b_528
Source: b_529
Source: b_530
Source: b_531
Source: b_532
Source: b_533
Source: b_534
Source: b_535
Source: b_536
Source: b_537
Source: b_538
Source: b_539
Source: b_540
Scan 14 started at 17NOV16:09:25:00.0
Source: 2312-319
Scan 15 started at 17NOV16:09:36:04.0
Source: b_547
Source: b_548
Source: b_550
Source: b_551
Source: b_552
Source: b_553
Source: b_554
Source: b_555
Source: b_556
Source: b_557
Source: b_558
Source: b_559
Source: b_560
Scan 16 started at 17NOV16:09:45:48.0
Source: 2312-319
Scan 17 started at 17NOV16:09:48:36.0
Source: b_561
Source: b_562
Source: b_563
Source: b_564
Source: b_565
Source: b_566
Source: b_567
Source: b_568
Source: b_569
Source: b_570
Source: b_571
Source: b_572
Source: b_573
Source: b_574
Source: b_575
Source: b_576
Source: b_577
Source: b_578
Source: b_579
Source: b_580
Scan 18 started at 17NOV16:10:02:04.0
Source: 2312-319
Scan 19 started at 17NOV16:10:05:00.0
Source: b_581
Source: b_582
Source: b_583
Source: b_584
Source: b_585
Source: b_586
Source: b_587
Source: b_588
Source: b_589
Source: b_590
Source: b_591
Source: b_592
Source: b_593
Source: b_594
Source: b_595
Source: b_596
Source: b_597
Source: b_598
Source: b_599
Source: b_600
Scan 20 started at 17NOV16:10:18:20.0
Source: 2312-319
Scan 21 started at 17NOV16:10:21:16.0
Source: b_601
Source: b_602
Source: b_603
Source: b_604
Source: b_605
Source: b_606
Source: b_607
Source: b_608
Source: b_609
Source: b_610
Source: b_611
Source: b_612
Source: b_613
Source: b_614
Source: b_615
Source: b_616
Source: b_617
Source: b_618
RPFITS file version is 2.12
---------------------------------------
Total number of spectra selected: 72660

Summary of spectra flagged
Flagging Reason            Fraction
---------------            --------
Antenna off-source/off-line  12.8%
---------------------------------------
Processing file raw/2017-11-16_1032.C3132
CABB data detected
Scan 1 started at 17NOV16:10:32:54.0
Source: b_619
Source: b_620
Scan 2 started at 17NOV16:10:34:28.0
Source: 2312-319
Scan 3 started at 17NOV16:10:37:08.0
Source: b_621
Source: b_622
Source: b_623
Source: b_624
Source: b_625
Source: b_626
Source: b_627
Source: b_628
Source: b_629
Source: b_630
Source: b_631
Source: b_632
Source: b_633
Source: b_634
Source: b_635
Source: b_636
Source: b_637
Source: b_638
Source: b_639
Source: b_640
Scan 4 started at 17NOV16:10:50:36.0
Source: 2312-319
Scan 5 started at 17NOV16:10:53:16.0
Source: b_641
Source: b_642
Source: b_643
Source: b_644
Source: b_645
Source: b_646
Source: b_647
Source: b_648
Source: b_649
Source: b_650
Source: b_651
Source: b_652
Source: b_653
Source: b_654
Source: b_655
Source: b_656
Source: b_657
Source: b_658
Source: b_659
Source: b_660
Scan 6 started at 17NOV16:11:06:44.0
Source: 2312-319
Scan 7 started at 17NOV16:11:09:32.0
Source: b_661
Source: b_662
Source: b_663
Source: b_664
Source: b_665
Source: b_666
Source: b_667
Source: b_668
Source: b_669
Source: b_670
Source: b_671
Source: b_672
Source: b_673
Source: b_674
Source: b_675
Source: b_676
Source: b_677
Source: b_678
Source: b_679
Source: b_680
Scan 8 started at 17NOV16:11:22:52.0
Source: 2312-319
Scan 9 started at 17NOV16:11:25:40.0
Source: b_681
Source: b_682
Source: b_683
Source: b_684
Source: b_685
Source: b_686
Source: b_687
Source: b_688
Source: b_689
Source: b_690
Source: b_691
Source: b_692
Source: b_693
Source: b_694
Source: b_695
Source: b_696
Source: b_697
Source: b_698
Source: b_699
Source: b_700
Scan 10 started at 17NOV16:11:39:00.0
Source: 2312-319
Scan 11 started at 17NOV16:11:41:40.0
Source: b_701
Source: b_702
Source: b_703
Source: b_704
Source: b_705
Source: b_706
Source: b_707
Source: b_708
Source: b_709
Source: b_710
Source: b_711
Source: b_712
Source: b_713
Source: b_714
Source: b_715
Source: b_716
Source: b_717
Source: b_718
Source: b_719
Source: b_720
Scan 12 started at 17NOV16:11:55:08.0
Source: 2312-319
Scan 13 started at 17NOV16:11:57:48.0
Source: b_481
Source: b_482
Source: b_483
Source: b_484
Source: b_485
Source: b_486
Source: b_487
Source: b_488
Source: b_489
Source: b_490
Source: b_491
Source: b_492
Source: b_493
Source: b_494
Source: b_495
Source: b_496
Source: b_497
Source: b_498
Source: b_499
Source: b_500
Scan 14 started at 17NOV16:12:11:16.0
Source: 2312-319
Scan 15 started at 17NOV16:12:13:56.0
Source: b_501
Source: b_502
Source: b_503
Source: b_504
Source: b_505
Source: b_506
Source: b_507
Source: b_508
Source: b_509
Source: b_510
Source: b_511
Source: b_512
Source: b_513
Source: b_514
Source: b_515
Source: b_516
Source: b_517
Source: b_518
Source: b_519
Source: b_520
Scan 16 started at 17NOV16:12:27:24.0
Source: 2312-319
Scan 17 started at 17NOV16:12:30:12.0
Source: b_521
Source: b_522
Source: b_523
Source: b_524
Source: b_525
Source: b_526
Source: b_527
Source: b_528
Source: b_529
Source: b_530
Source: b_531
Source: b_532
Source: b_533
Source: b_534
Source: b_535
Source: b_536
Source: b_537
Source: b_538
Source: b_539
Source: b_540
Scan 18 started at 17NOV16:12:43:32.0
Source: 2312-319
Scan 19 started at 17NOV16:12:46:12.0
Source: b_541
Source: b_542
Source: b_543
Source: b_544
Source: b_545
Source: b_546
Source: b_547
Source: b_548
Source: b_549
Source: b_550
Source: b_551
Source: b_552
Source: b_553
Source: b_554
Source: b_555
Source: b_556
Source: b_557
Source: b_558
Source: b_559
Source: b_560
Scan 20 started at 17NOV16:12:59:40.0
Source: 2312-319
Scan 21 started at 17NOV16:13:02:20.0
Source: b_561
Source: b_562
Source: b_563
Source: b_564
Source: b_565
Source: b_566
Source: b_567
Source: b_568
Source: b_569
Source: b_570
Source: b_571
Source: b_572
Source: b_573
Source: b_574
Source: b_575
Source: b_576
Source: b_577
Source: b_578
Source: b_579
Source: b_580
Scan 22 started at 17NOV16:13:15:48.0
Source: 2312-319
Scan 23 started at 17NOV16:13:18:28.0
Source: b_581
Source: b_582
Source: b_583
RPFITS file version is 2.12
---------------------------------------
Total number of spectra selected: 72660

Summary of spectra flagged
Flagging Reason            Fraction
---------------            --------
Antenna off-source/off-line  2.97%
---------------------------------------
Processing file raw/2017-11-16_1320.C3132
CABB data detected
Scan 1 started at 17NOV16:13:20:12.0
Source: b_583
Source: b_584
Source: b_585
Source: b_586
Source: b_587
Source: b_588
Source: b_589
Source: b_590
Source: b_591
Source: b_592
Source: b_593
Source: b_594
Source: b_595
Source: b_596
Source: b_597
Source: b_598
Source: b_599
Source: b_600
Scan 2 started at 17NOV16:13:31:56.0
Source: 2312-319
Scan 3 started at 17NOV16:13:34:36.0
Source: b_601
Source: b_602
Source: b_603
Source: b_604
Source: b_605
Source: b_606
Source: b_607
Source: b_608
Source: b_609
Source: b_610
Source: b_611
Source: b_612
Source: b_613
Source: b_614
Source: b_615
Source: b_616
Source: b_617
Source: b_618
Source: b_619
Source: b_620
Scan 4 started at 17NOV16:13:48:04.0
Source: 2312-319
Scan 5 started at 17NOV16:13:50:44.0
Source: b_621
Source: b_622
Source: b_623
Source: b_624
Source: b_625
Source: b_626
Source: b_627
Source: b_628
Source: b_629
Source: b_630
Source: b_631
Source: b_632
Source: b_633
Source: b_634
Source: b_635
Source: b_636
Source: b_637
Source: b_638
Source: b_639
Source: b_640
Scan 6 started at 17NOV16:14:04:12.0
Source: 2312-319
Scan 7 started at 17NOV16:14:06:52.0
Source: b_641
Source: b_642
Source: b_643
Source: b_644
Source: b_645
Source: b_646
Source: b_647
Source: b_648
Source: b_649
Source: b_650
Source: b_651
Source: b_652
Source: b_653
Source: b_654
Source: b_655
Source: b_656
Source: b_657
Source: b_658
Source: b_659
Source: b_660
Scan 8 started at 17NOV16:14:20:20.0
Source: 2312-319
Scan 9 started at 17NOV16:14:23:00.0
Source: b_661
Source: b_662
Source: b_663
Source: b_664
Source: b_665
Source: b_666
Source: b_667
Source: b_668
Source: b_669
Source: b_670
Source: b_671
Source: b_672
Source: b_673
Source: b_674
Source: b_675
Source: b_676
Source: b_677
Source: b_678
Source: b_679
Source: b_680
Scan 10 started at 17NOV16:14:36:28.0
Source: 2312-319
Scan 11 started at 17NOV16:14:39:08.0
Source: b_681
Source: b_682
Source: b_683
Source: b_684
Source: b_685
Source: b_686
Source: b_687
Source: b_688
Source: b_689
Source: b_690
Source: b_691
Source: b_692
Source: b_693
Source: b_694
Source: b_695
Source: b_696
Source: b_697
Source: b_698
Source: b_699
Source: b_700
Scan 12 started at 17NOV16:14:52:36.0
Source: 2312-319
Scan 13 started at 17NOV16:14:55:16.0
Source: b_701
Source: b_702
Source: b_703
Source: b_704
Source: b_705
Source: b_706
Source: b_707
Source: b_708
Source: b_709
Source: b_710
Source: b_711
Source: b_712
Source: b_713
Source: b_714
Source: b_715
Source: b_716
Source: b_717
Source: b_718
Source: b_719
Source: b_720
Scan 14 started at 17NOV16:15:08:44.0
Source: 2312-319
Scan 15 started at 17NOV16:15:11:24.0
Source: b_481
Source: b_482
Source: b_483
Source: b_484
Source: b_485
Source: b_486
Source: b_487
Source: b_488
Source: b_489
Source: b_490
Source: b_491
Source: b_492
Source: b_493
Source: b_494
Source: b_495
Source: b_496
Source: b_497
Source: b_498
Source: b_499
Source: b_500
Scan 16 started at 17NOV16:15:24:52.0
Source: 2312-319
 15:27:10 CAOBS> stop
 15:27:17 CAOBS> corr close file
RPFITS file version is 2.12
---------------------------------------
Total number of spectra selected: 55200

Summary of spectra flagged
Flagging Reason            Fraction
---------------            --------
Antenna off-source/off-line  2.28%
---------------------------------------

No CACAL data was detected

2018-08-07 09:53:28,820 [MainThread  ] [INFO ]  uvflag vis=data5.uv line=chan,6,1146,1 flagval=flag

uvflag: Revision 1.8, 2014/09/30 14:23:39 UTC


Set flags to indicate bad data in visibility file data5.uv
Linetype channel; select    6 channels; start 1146, width    1, step    1

Overview of flagging on visibility file data5.uv
Changed flags set to FALSE (data flagged as bad)
Total number of records selected: 258008; out of 258008 records
Antennas used: 1-6
Counts of correlations within selected channels
channel   Originally    Currently
Good:          774024.           0.    Changed to bad:      774024.
Bad:           774024.     1548048.

2018-08-07 09:54:01,479 [MainThread  ] [INFO ]  uvflag vis=data5.uv line=chan,30,1454,1 flagval=flag

uvflag: Revision 1.8, 2014/09/30 14:23:39 UTC


Set flags to indicate bad data in visibility file data5.uv
Linetype channel; select   30 channels; start 1454, width    1, step    1

Overview of flagging on visibility file data5.uv
Changed flags set to FALSE (data flagged as bad)
Total number of records selected: 258008; out of 258008 records
Antennas used: 1-6
Counts of correlations within selected channels
channel   Originally    Currently
Good:         7740240.           0.    Changed to bad:     7740240.
Bad:                0.     7740240.

2018-08-07 09:54:19,033 [MainThread  ] [INFO ]  uvflag vis=data5.uv line=chan,40,1964,1 flagval=flag

uvflag: Revision 1.8, 2014/09/30 14:23:39 UTC


Set flags to indicate bad data in visibility file data5.uv
Linetype channel; select   40 channels; start 1964, width    1, step    1

Overview of flagging on visibility file data5.uv
Changed flags set to FALSE (data flagged as bad)
Total number of records selected: 258008; out of 258008 records
Antennas used: 1-6
Counts of correlations within selected channels
channel   Originally    Currently
Good:               0.           0.    Changed to bad:           0.
Bad:         10320320.    10320320.

2018-08-07 09:55:05,207 [MainThread  ] [INFO ]  uvsplit vis=data5.uv options=mosaic

uvsplit: Revision 1.18, 2016/05/09 03:06:18 UTC

Creating 1934-638.5500
Creating 2312-319.5500
Creating b.5500

2018-08-07 09:55:22,497 [MainThread  ] [INFO ]  pgflag vis=1934-638.5500 command='<b' stokes=i,q,u,v flagpar=8,5,5,3,6,3 options=nodisp

pgflag: Revision 1.30, 2016/10/05 23:06:50 UTC

Applying changes to dataset
Counts of correlations within selected channels:
 channel  Originally  Currently
 Good:       8409960    8333816    Changed to bad:      76144
 Bad:        1179360    1255504    Changed to good:         0
 13.1% of the data is now flagged

2018-08-07 09:56:37,790 [MainThread  ] [INFO ]  pgflag vis=1934-638.5500 command='<b' stokes=i,v,q,u flagpar=8,2,2,3,6,3  options=nodisp

pgflag: Revision 1.30, 2016/10/05 23:06:50 UTC

Applying changes to dataset
Counts of correlations within selected channels:
 channel  Originally  Currently
 Good:       8333816    8266172    Changed to bad:      67644
 Bad:        1255504    1323148    Changed to good:         0
 13.8% of the data is now flagged

2018-08-07 09:56:48,509 [MainThread  ] [INFO ]  pgflag vis=1934-638.5500 command='<b' stokes=i,v,u,q flagpar=8,2,2,3,6,3  options=nodisp

pgflag: Revision 1.30, 2016/10/05 23:06:50 UTC

Applying changes to dataset
Counts of correlations within selected channels:
 channel  Originally  Currently
 Good:       8266172    8092952    Changed to bad:     173220
 Bad:        1323148    1496368    Changed to good:         0
 15.6% of the data is now flagged

2018-08-07 09:58:10,604 [MainThread  ] [INFO ]  mfcal vis=1934-638.5500 refant=4 interval=0.1
MfCal: $Revision: 1.20 $, $Date: 2017/05/08 02:31:10 $
Selecting parallel-hand polarisations
Reading the data ...
Number correlations accepted: 4046476
Number of frequency bands/settings: 1
Number of polarisations selected: 2
Number of solution intervals: 78
Number of passband solution intervals: 1
Initialising ...
Using post-Aug94 ATCA flux scale for 1934-638.
Using known frequency variation of 1934-638
Generating initial solution estimate ...
Doing solution refinement ...
Iter= 1, Solution Error:  0.420
Iter= 2, Solution Error:  0.010
Iter= 3, Solution Error:  0.000
Saving solution ...

2018-08-07 09:58:13,635 [MainThread  ] [INFO ]  gpcal vis=1934-638.5500 refant=4 interval=0.1 nfbin=2 options=xyvary

gpcal: Revision 1.22, 2016/05/01 22:31:05 UTC

Applying bandpass corrections to 1934-638.5500
Number of antennae: 6
Reading the data ...
Number of solution intervals: 78
Total visibilities read: 1170
Number visibilities accepted: 1170
Using post-Aug94 ATCA flux scale for 1934-638.
Using IQUV =  5.0208,  0.0000,  0.0000,  0.0000 at   5.4486 GHz.
Using post-Aug94 ATCA flux scale for 1934-638.
Using IQUV =  5.5183,  0.0000,  0.0000,  0.0000 at   5.0309 GHz.
Using post-Aug94 ATCA flux scale for 1934-638.
Using IQUV =  4.5123,  0.0000,  0.0000,  0.0000 at   5.9524 GHz.
Iter= 1, Amplit/Phase Solution Error:   0.512
Iter= 1, Polarisation Solution Error:   0.043
Iter= 1, Overall Solution Error:        1.838
Iter= 2, Amplit/Phase Solution Error:   0.002
Iter= 2, Polarisation Solution Error:   0.000
Iter= 2, Overall Solution Error:        0.004
Iter= 3, Amplit/Phase Solution Error:   0.001
Iter= 3, Polarisation Solution Error:   0.000
Iter= 3, Overall Solution Error:        0.001
I flux density:   5.0208
Leakage terms:
 Ant 1:Dx,Dy = ( 0.00101,-0.00212),(-0.00039,-0.00144)
 Ant 2:Dx,Dy = ( 0.00396, 0.00551),(-0.00305, 0.00628)
 Ant 3:Dx,Dy = ( 0.00398, 0.00055),(-0.00761, 0.00036)
 Ant 4:Dx,Dy = ( 0.00653, 0.01892),(-0.00474, 0.01999)
 Ant 5:Dx,Dy = (-0.01700,-0.00082),( 0.01602,-0.00038)
 Ant 6:Dx,Dy = ( 0.00113,-0.02355),(-0.00062,-0.02330)
Solution for freq bin  1
Iter= 1, Amplit/Phase Solution Error:   0.498
Iter= 1, Polarisation Solution Error:   0.045
Iter= 1, Overall Solution Error:        1.795
Iter= 2, Amplit/Phase Solution Error:   0.002
Iter= 2, Polarisation Solution Error:   0.000
Iter= 2, Overall Solution Error:        0.004
Iter= 3, Amplit/Phase Solution Error:   0.001
Iter= 3, Polarisation Solution Error:   0.000
Iter= 3, Overall Solution Error:        0.001
I flux density:   5.5183
Leakage terms:
 Ant 1:Dx,Dy = ( 0.00098,-0.00160),(-0.00083,-0.00114)
 Ant 2:Dx,Dy = ( 0.00429, 0.00694),(-0.00345, 0.00731)
 Ant 3:Dx,Dy = ( 0.00346, 0.00050),(-0.00833, 0.00088)
 Ant 4:Dx,Dy = ( 0.00612, 0.01921),(-0.00475, 0.02082)
 Ant 5:Dx,Dy = (-0.01767,-0.00164),( 0.01554,-0.00100)
 Ant 6:Dx,Dy = ( 0.00037,-0.02545),(-0.00062,-0.02485)
Solution for freq bin  2
Iter= 1, Amplit/Phase Solution Error:   0.529
Iter= 1, Polarisation Solution Error:   0.040
Iter= 1, Overall Solution Error:        1.880
Iter= 2, Amplit/Phase Solution Error:   0.002
Iter= 2, Polarisation Solution Error:   0.000
Iter= 2, Overall Solution Error:        0.004
Iter= 3, Amplit/Phase Solution Error:   0.001
Iter= 3, Polarisation Solution Error:   0.000
Iter= 3, Overall Solution Error:        0.001
I flux density:   4.5123
Leakage terms:
 Ant 1:Dx,Dy = ( 0.00104,-0.00282),( 0.00021,-0.00185)
 Ant 2:Dx,Dy = ( 0.00350, 0.00359),(-0.00251, 0.00490)
 Ant 3:Dx,Dy = ( 0.00471, 0.00060),(-0.00660,-0.00039)
 Ant 4:Dx,Dy = ( 0.00709, 0.01854),(-0.00475, 0.01887)
 Ant 5:Dx,Dy = (-0.01609, 0.00028),( 0.01667, 0.00044)
 Ant 6:Dx,Dy = ( 0.00217,-0.02097),(-0.00060,-0.02120)

2018-08-07 09:58:30,218 [MainThread  ] [INFO ]  pgflag vis=1934-638.5500 command='<b' stokes=i,q,u,v flagpar=8,5,5,3,6,3 options=nodisp

pgflag: Revision 1.30, 2016/10/05 23:06:50 UTC

Applying bandpass corrections to 1934-638.5500
Applying freq. dependent gain corrections to 1934-638.5500
Applying freq. dependent leakage correction to 1934-638.5500
Applying changes to dataset
Counts of correlations within selected channels:
 channel  Originally  Currently
 Good:       8092952    8064056    Changed to bad:      28896
 Bad:        1496368    1525264    Changed to good:         0
 15.9% of the data is now flagged

2018-08-07 09:58:45,671 [MainThread  ] [INFO ]  pgflag vis=1934-638.5500 command='<b' stokes=i,v,q,u flagpar=8,2,2,3,6,3  options=nodisp

pgflag: Revision 1.30, 2016/10/05 23:06:50 UTC

Applying bandpass corrections to 1934-638.5500
Applying freq. dependent gain corrections to 1934-638.5500
Applying freq. dependent leakage correction to 1934-638.5500
Applying changes to dataset
Counts of correlations within selected channels:
 channel  Originally  Currently
 Good:       8064056    8038424    Changed to bad:      25632
 Bad:        1525264    1550896    Changed to good:         0
 16.2% of the data is now flagged

2018-08-07 09:59:01,358 [MainThread  ] [INFO ]  pgflag vis=1934-638.5500 command='<b' stokes=i,v,u,q flagpar=8,2,2,3,6,3  options=nodisp

pgflag: Revision 1.30, 2016/10/05 23:06:50 UTC

Applying bandpass corrections to 1934-638.5500
Applying freq. dependent gain corrections to 1934-638.5500
Applying freq. dependent leakage correction to 1934-638.5500
Applying changes to dataset
Counts of correlations within selected channels:
 channel  Originally  Currently
 Good:       8038424    8015328    Changed to bad:      23096
 Bad:        1550896    1573992    Changed to good:         0
 16.4% of the data is now flagged

2018-08-07 10:00:09,526 [MainThread  ] [INFO ]  mfcal vis=1934-638.5500 refant=4 interval=0.1
MfCal: $Revision: 1.20 $, $Date: 2017/05/08 02:31:10 $
Selecting parallel-hand polarisations
Reading the data ...
Number correlations accepted: 4007664
Number of frequency bands/settings: 1
Number of polarisations selected: 2
Number of solution intervals: 78
Number of passband solution intervals: 1
Initialising ...
Using post-Aug94 ATCA flux scale for 1934-638.
Using known frequency variation of 1934-638
Generating initial solution estimate ...
Doing solution refinement ...
Iter= 1, Solution Error:  0.421
Iter= 2, Solution Error:  0.010
Iter= 3, Solution Error:  0.000
Saving solution ...

2018-08-07 10:00:10,559 [MainThread  ] [INFO ]  gpcal vis=1934-638.5500 refant=4 interval=0.1 nfbin=2 options=xyvary

gpcal: Revision 1.22, 2016/05/01 22:31:05 UTC

Applying bandpass corrections to 1934-638.5500
Number of antennae: 6
Using leakage parameters from input as initial guess
Reading the data ...
Number of solution intervals: 78
Total visibilities read: 1170
Number visibilities accepted: 1170
Using post-Aug94 ATCA flux scale for 1934-638.
Using IQUV =  5.0214,  0.0000,  0.0000,  0.0000 at   5.4480 GHz.
Using post-Aug94 ATCA flux scale for 1934-638.
Using IQUV =  5.5161,  0.0000,  0.0000,  0.0000 at   5.0326 GHz.
Using post-Aug94 ATCA flux scale for 1934-638.
Using IQUV =  4.5140,  0.0000,  0.0000,  0.0000 at   5.9506 GHz.
Iter= 1, Amplit/Phase Solution Error:   0.512
Iter= 1, Polarisation Solution Error:   0.000
Iter= 1, Overall Solution Error:        1.838
Iter= 2, Amplit/Phase Solution Error:   0.002
Iter= 2, Polarisation Solution Error:   0.000
Iter= 2, Overall Solution Error:        0.004
Iter= 3, Amplit/Phase Solution Error:   0.001
Iter= 3, Polarisation Solution Error:   0.000
Iter= 3, Overall Solution Error:        0.001
I flux density:   5.0214
Leakage terms:
 Ant 1:Dx,Dy = ( 0.00101,-0.00213),(-0.00038,-0.00144)
 Ant 2:Dx,Dy = ( 0.00396, 0.00552),(-0.00304, 0.00627)
 Ant 3:Dx,Dy = ( 0.00399, 0.00054),(-0.00761, 0.00036)
 Ant 4:Dx,Dy = ( 0.00654, 0.01892),(-0.00472, 0.01999)
 Ant 5:Dx,Dy = (-0.01700,-0.00082),( 0.01602,-0.00037)
 Ant 6:Dx,Dy = ( 0.00114,-0.02356),(-0.00063,-0.02330)
Solution for freq bin  1
Iter= 1, Amplit/Phase Solution Error:   0.498
Iter= 1, Polarisation Solution Error:   0.002
Iter= 1, Overall Solution Error:        1.796
Iter= 2, Amplit/Phase Solution Error:   0.002
Iter= 2, Polarisation Solution Error:   0.000
Iter= 2, Overall Solution Error:        0.004
Iter= 3, Amplit/Phase Solution Error:   0.001
Iter= 3, Polarisation Solution Error:   0.000
Iter= 3, Overall Solution Error:        0.001
I flux density:   5.5161
Leakage terms:
 Ant 1:Dx,Dy = ( 0.00098,-0.00159),(-0.00082,-0.00114)
 Ant 2:Dx,Dy = ( 0.00430, 0.00694),(-0.00344, 0.00730)
 Ant 3:Dx,Dy = ( 0.00346, 0.00050),(-0.00833, 0.00088)
 Ant 4:Dx,Dy = ( 0.00614, 0.01920),(-0.00474, 0.02082)
 Ant 5:Dx,Dy = (-0.01768,-0.00165),( 0.01553,-0.00099)
 Ant 6:Dx,Dy = ( 0.00038,-0.02544),(-0.00063,-0.02483)
Solution for freq bin  2
Iter= 1, Amplit/Phase Solution Error:   0.529
Iter= 1, Polarisation Solution Error:   0.003
Iter= 1, Overall Solution Error:        1.880
Iter= 2, Amplit/Phase Solution Error:   0.002
Iter= 2, Polarisation Solution Error:   0.000
Iter= 2, Overall Solution Error:        0.004
Iter= 3, Amplit/Phase Solution Error:   0.001
Iter= 3, Polarisation Solution Error:   0.000
Iter= 3, Overall Solution Error:        0.001
I flux density:   4.5140
Leakage terms:
 Ant 1:Dx,Dy = ( 0.00104,-0.00283),( 0.00022,-0.00185)
 Ant 2:Dx,Dy = ( 0.00350, 0.00361),(-0.00250, 0.00490)
 Ant 3:Dx,Dy = ( 0.00471, 0.00058),(-0.00660,-0.00038)
 Ant 4:Dx,Dy = ( 0.00710, 0.01855),(-0.00473, 0.01889)
 Ant 5:Dx,Dy = (-0.01609, 0.00027),( 0.01667, 0.00045)
 Ant 6:Dx,Dy = ( 0.00219,-0.02098),(-0.00061,-0.02121)

2018-08-07 10:00:10,926 [MainThread  ] [INFO ]  gpcopy vis=1934-638.5500 out=2312-319.5500

gpcopy: Revision 1.13, 2015/10/29 01:31:39 UTC

Copying leakage table
Copying gain table
Interpolation tolerance set to (minutes): 720.00
Copying bandpass table

2018-08-07 10:02:37,508 [MainThread  ] [INFO ]  pgflag vis=2312-319.5500 command='<b' stokes=i,q,u,v flagpar=8,5,5,3,6,3 options=nodisp

pgflag: Revision 1.30, 2016/10/05 23:06:50 UTC

Applying bandpass corrections to 2312-319.5500
Applying freq. dependent gain corrections to 2312-319.5500
Applying freq. dependent leakage correction to 2312-319.5500
Applying changes to dataset
Counts of correlations within selected channels:
 channel  Originally  Currently
 Good:      63074700   62610032    Changed to bad:     464668
 Bad:        8845200    9309868    Changed to good:         0
 12.9% of the data is now flagged

2018-08-07 10:04:58,094 [MainThread  ] [INFO ]  pgflag vis=2312-319.5500 command='<b' stokes=i,v,q,u flagpar=8,2,2,3,6,3  options=nodisp

pgflag: Revision 1.30, 2016/10/05 23:06:50 UTC

Applying bandpass corrections to 2312-319.5500
Applying freq. dependent gain corrections to 2312-319.5500
Applying freq. dependent leakage correction to 2312-319.5500
Applying changes to dataset
Counts of correlations within selected channels:
 channel  Originally  Currently
 Good:      62610032   62277664    Changed to bad:     332368
 Bad:        9309868    9642236    Changed to good:         0
 13.4% of the data is now flagged

2018-08-07 10:07:14,864 [MainThread  ] [INFO ]  pgflag vis=2312-319.5500 command='<b' stokes=i,v,u,q flagpar=8,2,2,3,6,3  options=nodisp

pgflag: Revision 1.30, 2016/10/05 23:06:50 UTC

Applying bandpass corrections to 2312-319.5500
Applying freq. dependent gain corrections to 2312-319.5500
Applying freq. dependent leakage correction to 2312-319.5500
Applying changes to dataset
Counts of correlations within selected channels:
 channel  Originally  Currently
 Good:      62277664   61936208    Changed to bad:     341456
 Bad:        9642236    9983692    Changed to good:         0
 13.9% of the data is now flagged

2018-08-07 10:07:18,826 [MainThread  ] [INFO ]  gpcal vis=2312-319.5500 refant=4 interval=0.1 nfbin=2 options=xyvary,qusolve

gpcal: Revision 1.22, 2016/05/01 22:31:05 UTC

Applying bandpass corrections to 2312-319.5500
Number of antennae: 6
Using leakage parameters from input as initial guess
Reading the data ...
Number of solution intervals: 585
Total visibilities read: 8775
Number visibilities accepted: 8775
Iter= 1, Amplit/Phase Solution Error:   0.569
Iter= 1, Polarisation Solution Error:   0.007
Iter= 1, Overall Solution Error:        2.210
Iter= 2, Amplit/Phase Solution Error:   0.010
Iter= 2, Polarisation Solution Error:   0.000
Iter= 2, Overall Solution Error:        0.009
Iter= 3, Amplit/Phase Solution Error:   0.001
Iter= 3, Polarisation Solution Error:   0.000
Iter= 3, Overall Solution Error:        0.001
I flux density:   0.5632
Percent Q:  -0.639
Percent U:   0.750
Leakage terms:
 Ant 1:Dx,Dy = (-0.00161,-0.00239),(-0.00278,-0.00130)
 Ant 2:Dx,Dy = ( 0.00174, 0.00549),(-0.00480, 0.00664)
 Ant 3:Dx,Dy = ( 0.00249, 0.00007),(-0.00908, 0.00023)
 Ant 4:Dx,Dy = ( 0.00279, 0.01887),(-0.00818, 0.02020)
 Ant 5:Dx,Dy = (-0.01844,-0.00111),( 0.01429,-0.00056)
 Ant 6:Dx,Dy = (-0.00058,-0.02339),(-0.00307,-0.02274)
Solution for freq bin  1
Iter= 1, Amplit/Phase Solution Error:   0.519
Iter= 1, Polarisation Solution Error:   0.008
Iter= 1, Overall Solution Error:        2.026
Iter= 2, Amplit/Phase Solution Error:   0.011
Iter= 2, Polarisation Solution Error:   0.000
Iter= 2, Overall Solution Error:        0.009
Iter= 3, Amplit/Phase Solution Error:   0.001
Iter= 3, Polarisation Solution Error:   0.000
Iter= 3, Overall Solution Error:        0.001
I flux density:   0.5645
Percent Q:  -0.791
Percent U:   0.681
Leakage terms:
 Ant 1:Dx,Dy = (-0.00199,-0.00163),(-0.00349,-0.00119)
 Ant 2:Dx,Dy = ( 0.00169, 0.00709),(-0.00548, 0.00781)
 Ant 3:Dx,Dy = ( 0.00134, 0.00008),(-0.01018, 0.00080)
 Ant 4:Dx,Dy = ( 0.00194, 0.01954),(-0.00839, 0.02139)
 Ant 5:Dx,Dy = (-0.01960,-0.00208),( 0.01315,-0.00163)
 Ant 6:Dx,Dy = (-0.00153,-0.02556),(-0.00375,-0.02462)
Solution for freq bin  2
Iter= 1, Amplit/Phase Solution Error:   0.628
Iter= 1, Polarisation Solution Error:   0.008
Iter= 1, Overall Solution Error:        2.281
Iter= 2, Amplit/Phase Solution Error:   0.010
Iter= 2, Polarisation Solution Error:   0.000
Iter= 2, Overall Solution Error:        0.009
Iter= 3, Amplit/Phase Solution Error:   0.001
Iter= 3, Polarisation Solution Error:   0.000
Iter= 3, Overall Solution Error:        0.001
I flux density:   0.5632
Percent Q:  -0.453
Percent U:   0.822
Leakage terms:
 Ant 1:Dx,Dy = (-0.00134,-0.00315),(-0.00214,-0.00138)
 Ant 2:Dx,Dy = ( 0.00176, 0.00391),(-0.00414, 0.00556)
 Ant 3:Dx,Dy = ( 0.00356, 0.00015),(-0.00803,-0.00024)
 Ant 4:Dx,Dy = ( 0.00349, 0.01820),(-0.00811, 0.01897)
 Ant 5:Dx,Dy = (-0.01744,-0.00005),( 0.01527, 0.00063)
 Ant 6:Dx,Dy = ( 0.00064,-0.02151),(-0.00217,-0.02108)

2018-08-07 10:09:38,350 [MainThread  ] [INFO ]  pgflag vis=2312-319.5500 command='<b' stokes=i,q,u,v flagpar=8,5,5,3,6,3 options=nodisp

pgflag: Revision 1.30, 2016/10/05 23:06:50 UTC

Applying bandpass corrections to 2312-319.5500
Applying freq. dependent gain corrections to 2312-319.5500
Applying freq. dependent leakage correction to 2312-319.5500
Applying changes to dataset
Counts of correlations within selected channels:
 channel  Originally  Currently
 Good:      61936208   61667124    Changed to bad:     269084
 Bad:        9983692   10252776    Changed to good:         0
 14.3% of the data is now flagged

2018-08-07 10:11:47,928 [MainThread  ] [INFO ]  pgflag vis=2312-319.5500 command='<b' stokes=i,v,q,u flagpar=8,2,2,3,6,3  options=nodisp

pgflag: Revision 1.30, 2016/10/05 23:06:50 UTC

Applying bandpass corrections to 2312-319.5500
Applying freq. dependent gain corrections to 2312-319.5500
Applying freq. dependent leakage correction to 2312-319.5500
Applying changes to dataset
Counts of correlations within selected channels:
 channel  Originally  Currently
 Good:      61667124   61419868    Changed to bad:     247256
 Bad:       10252776   10500032    Changed to good:         0
 14.6% of the data is now flagged

2018-08-07 10:13:58,070 [MainThread  ] [INFO ]  pgflag vis=2312-319.5500 command='<b' stokes=i,v,u,q flagpar=8,2,2,3,6,3  options=nodisp

pgflag: Revision 1.30, 2016/10/05 23:06:50 UTC

Applying bandpass corrections to 2312-319.5500
Applying freq. dependent gain corrections to 2312-319.5500
Applying freq. dependent leakage correction to 2312-319.5500
Applying changes to dataset
Counts of correlations within selected channels:
 channel  Originally  Currently
 Good:      61419868   61192628    Changed to bad:     227240
 Bad:       10500032   10727272    Changed to good:         0
 14.9% of the data is now flagged

2018-08-07 10:14:02,497 [MainThread  ] [INFO ]  gpcal vis=2312-319.5500 refant=4 interval=0.1 nfbin=2 options=xyvary,qusolve

gpcal: Revision 1.22, 2016/05/01 22:31:05 UTC

Applying bandpass corrections to 2312-319.5500
Number of antennae: 6
Using leakage parameters from input as initial guess
Reading the data ...
Number of solution intervals: 585
Total visibilities read: 8775
Number visibilities accepted: 8775
Iter= 1, Amplit/Phase Solution Error:   0.569
Iter= 1, Polarisation Solution Error:   0.007
Iter= 1, Overall Solution Error:        2.210
Iter= 2, Amplit/Phase Solution Error:   0.010
Iter= 2, Polarisation Solution Error:   0.000
Iter= 2, Overall Solution Error:        0.009
Iter= 3, Amplit/Phase Solution Error:   0.001
Iter= 3, Polarisation Solution Error:   0.000
Iter= 3, Overall Solution Error:        0.001
I flux density:   0.5645
Percent Q:  -0.633
Percent U:   0.750
Leakage terms:
 Ant 1:Dx,Dy = (-0.00164,-0.00239),(-0.00280,-0.00131)
 Ant 2:Dx,Dy = ( 0.00169, 0.00549),(-0.00482, 0.00664)
 Ant 3:Dx,Dy = ( 0.00247, 0.00006),(-0.00911, 0.00024)
 Ant 4:Dx,Dy = ( 0.00274, 0.01886),(-0.00821, 0.02019)
 Ant 5:Dx,Dy = (-0.01847,-0.00112),( 0.01428,-0.00057)
 Ant 6:Dx,Dy = (-0.00057,-0.02338),(-0.00312,-0.02270)
Solution for freq bin  1
Iter= 1, Amplit/Phase Solution Error:   0.519
Iter= 1, Polarisation Solution Error:   0.008
Iter= 1, Overall Solution Error:        2.026
Iter= 2, Amplit/Phase Solution Error:   0.010
Iter= 2, Polarisation Solution Error:   0.000
Iter= 2, Overall Solution Error:        0.009
Iter= 3, Amplit/Phase Solution Error:   0.001
Iter= 3, Polarisation Solution Error:   0.000
Iter= 3, Overall Solution Error:        0.001
I flux density:   0.5659
Percent Q:  -0.773
Percent U:   0.679
Leakage terms:
 Ant 1:Dx,Dy = (-0.00206,-0.00166),(-0.00357,-0.00117)
 Ant 2:Dx,Dy = ( 0.00159, 0.00710),(-0.00554, 0.00780)
 Ant 3:Dx,Dy = ( 0.00126, 0.00008),(-0.01026, 0.00081)
 Ant 4:Dx,Dy = ( 0.00182, 0.01951),(-0.00849, 0.02140)
 Ant 5:Dx,Dy = (-0.01967,-0.00209),( 0.01307,-0.00167)
 Ant 6:Dx,Dy = (-0.00158,-0.02554),(-0.00385,-0.02457)
Solution for freq bin  2
Iter= 1, Amplit/Phase Solution Error:   0.629
Iter= 1, Polarisation Solution Error:   0.008
Iter= 1, Overall Solution Error:        2.280
Iter= 2, Amplit/Phase Solution Error:   0.010
Iter= 2, Polarisation Solution Error:   0.000
Iter= 2, Overall Solution Error:        0.009
Iter= 3, Amplit/Phase Solution Error:   0.001
Iter= 3, Polarisation Solution Error:   0.000
Iter= 3, Overall Solution Error:        0.001
I flux density:   0.5646
Percent Q:  -0.448
Percent U:   0.820
Leakage terms:
 Ant 1:Dx,Dy = (-0.00137,-0.00312),(-0.00216,-0.00141)
 Ant 2:Dx,Dy = ( 0.00170, 0.00392),(-0.00416, 0.00556)
 Ant 3:Dx,Dy = ( 0.00353, 0.00012),(-0.00807,-0.00024)
 Ant 4:Dx,Dy = ( 0.00346, 0.01821),(-0.00814, 0.01895)
 Ant 5:Dx,Dy = (-0.01750,-0.00005),( 0.01524, 0.00064)
 Ant 6:Dx,Dy = ( 0.00065,-0.02153),(-0.00224,-0.02107)

2018-08-07 10:14:02,548 [MainThread  ] [INFO ]  gpboot vis=2312-319.5500 cal=1934-638.5500

gpboot: Revision 1.9, 2015/10/29 01:31:30 UTC

Secondary flux density scaled by:   0.996
Frequency bin  1 scaled by      :   0.998
Frequency bin  2 scaled by      :   1.000

2018-08-07 10:15:16,553 [MainThread  ] [INFO ]  gpcopy vis=2312-319.5500 out=b.5500

gpcopy: Revision 1.13, 2015/10/29 01:31:39 UTC

Copying leakage table
Copying gain table
Interpolation tolerance set to (minutes): 720.00
Copying bandpass table

2018-08-07 10:30:27,982 [MainThread  ] [INFO ]  pgflag vis=b.5500 command='<b' stokes=i,v,q,u flagpar=8,2,2,3,6,3  options=nodisp

pgflag: Revision 1.30, 2016/10/05 23:06:50 UTC

Applying bandpass corrections to b.5500
Applying freq. dependent gain corrections to b.5500
Applying freq. dependent leakage correction to b.5500
Applying changes to dataset
Counts of correlations within selected channels:
 channel  Originally  Currently
 Good:     392155716  380588520    Changed to bad:   11567196
 Bad:       54993456   66560652    Changed to good:         0
 14.9% of the data is now flagged

2018-08-07 10:45:26,320 [MainThread  ] [INFO ]  pgflag vis=b.5500 command='<b' stokes=i,v,u,q flagpar=8,2,2,3,6,3  options=nodisp

pgflag: Revision 1.30, 2016/10/05 23:06:50 UTC

Applying bandpass corrections to b.5500
Applying freq. dependent gain corrections to b.5500
Applying freq. dependent leakage correction to b.5500
Applying changes to dataset
Counts of correlations within selected channels:
 channel  Originally  Currently
 Good:     380588520  372617696    Changed to bad:    7970824
 Bad:       66560652   74531476    Changed to good:         0
 16.7% of the data is now flagged

2018-08-07 10:47:24,740 [MainThread  ] [INFO ]  uvsplit vis=b.5500

uvsplit: Revision 1.18, 2016/05/09 03:06:18 UTC

Creating b_481.5500
Creating b_482.5500
Creating b_483.5500
Creating b_484.5500
Creating b_485.5500
Creating b_486.5500
Creating b_487.5500
Creating b_488.5500
Creating b_489.5500
Creating b_490.5500
Creating b_491.5500
Creating b_492.5500
Creating b_493.5500
Creating b_494.5500
Creating b_495.5500
Creating b_496.5500
Creating b_497.5500
Creating b_498.5500
Creating b_499.5500
Creating b_500.5500
Creating b_501.5500
Creating b_502.5500
Creating b_503.5500
Creating b_504.5500
Creating b_505.5500
Creating b_506.5500
Creating b_507.5500
Creating b_508.5500
Creating b_509.5500
Creating b_510.5500
Creating b_511.5500
Creating b_512.5500
Creating b_513.5500
Creating b_514.5500
Creating b_515.5500
Creating b_516.5500
Creating b_517.5500
Creating b_518.5500
Creating b_519.5500
Creating b_520.5500
Creating b_521.5500
Creating b_522.5500
Creating b_523.5500
Creating b_524.5500
Creating b_525.5500
Creating b_526.5500
Creating b_527.5500
Creating b_528.5500
Creating b_529.5500
Creating b_530.5500
Creating b_531.5500
Creating b_532.5500
Creating b_533.5500
Creating b_534.5500
Creating b_535.5500
Creating b_536.5500
Creating b_537.5500
Creating b_538.5500
Creating b_539.5500
Creating b_540.5500
Creating b_541.5500
Creating b_542.5500
Creating b_543.5500
Creating b_544.5500
Creating b_545.5500
Creating b_546.5500
Creating b_547.5500
Creating b_548.5500
Creating b_549.5500
Creating b_550.5500
Creating b_551.5500
Creating b_552.5500
Creating b_553.5500
Creating b_554.5500
Creating b_555.5500
Creating b_556.5500
Creating b_557.5500
Creating b_558.5500
Creating b_559.5500
Creating b_560.5500
Creating b_561.5500
Creating b_562.5500
Creating b_563.5500
Creating b_564.5500
Creating b_565.5500
Creating b_566.5500
Creating b_567.5500
Creating b_568.5500
Creating b_569.5500
Creating b_570.5500
Creating b_571.5500
Creating b_572.5500
Creating b_573.5500
Creating b_574.5500
Creating b_575.5500
Creating b_576.5500
Creating b_577.5500
Creating b_578.5500
Creating b_579.5500
Creating b_580.5500
Creating b_581.5500
Creating b_582.5500
Creating b_583.5500
Creating b_584.5500
Creating b_585.5500
Creating b_586.5500
Creating b_587.5500
Creating b_588.5500
Creating b_589.5500
Creating b_590.5500
Creating b_591.5500
Creating b_592.5500
Creating b_593.5500
Creating b_594.5500
Creating b_595.5500
Creating b_596.5500
Creating b_597.5500
Creating b_598.5500
Creating b_599.5500
Creating b_600.5500
Creating b_601.5500
Creating b_602.5500
Creating b_603.5500
Creating b_604.5500
Creating b_605.5500
Creating b_606.5500
Creating b_607.5500
Creating b_608.5500
Creating b_609.5500
Creating b_610.5500
Creating b_611.5500
Creating b_612.5500
Creating b_613.5500
Creating b_614.5500
Creating b_615.5500
Creating b_616.5500
Creating b_617.5500
Creating b_618.5500
Creating b_619.5500
Creating b_620.5500
Creating b_621.5500
Creating b_622.5500
Creating b_623.5500
Creating b_624.5500
Creating b_625.5500
Creating b_626.5500
Creating b_627.5500
Creating b_628.5500
Creating b_629.5500
Creating b_630.5500
Creating b_631.5500
Creating b_632.5500
Creating b_633.5500
Creating b_634.5500
Creating b_635.5500
Creating b_636.5500
Creating b_637.5500
Creating b_638.5500
Creating b_639.5500
Creating b_640.5500
Creating b_641.5500
Creating b_642.5500
Creating b_643.5500
Creating b_644.5500
Creating b_645.5500
Creating b_646.5500
Creating b_647.5500
Creating b_648.5500
Creating b_649.5500
Creating b_650.5500
Creating b_651.5500
Creating b_652.5500
Creating b_653.5500
Creating b_654.5500
Creating b_655.5500
Creating b_656.5500
Creating b_657.5500
Creating b_658.5500
Creating b_659.5500
Creating b_660.5500
Creating b_661.5500
Creating b_662.5500
Creating b_663.5500
Creating b_664.5500
Creating b_665.5500
Creating b_666.5500
Creating b_667.5500
Creating b_668.5500
Creating b_669.5500
Creating b_670.5500
Creating b_671.5500
Creating b_672.5500
Creating b_673.5500
Creating b_674.5500
Creating b_675.5500
Creating b_676.5500
Creating b_677.5500
Creating b_678.5500
Creating b_679.5500
Creating b_680.5500
Creating b_681.5500
Creating b_682.5500
Creating b_683.5500
Creating b_684.5500
Creating b_685.5500
Creating b_686.5500
Creating b_687.5500
Creating b_688.5500
Creating b_689.5500
Creating b_690.5500
Creating b_691.5500
Creating b_692.5500
Creating b_693.5500
Creating b_694.5500
Creating b_695.5500
Creating b_696.5500
Creating b_697.5500
Creating b_698.5500
Creating b_699.5500
Creating b_700.5500
Creating b_701.5500
Creating b_702.5500
Creating b_703.5500
Creating b_704.5500
Creating b_705.5500
Creating b_706.5500
Creating b_707.5500
Creating b_708.5500
Creating b_709.5500
Creating b_710.5500
Creating b_711.5500
Creating b_712.5500
Creating b_713.5500
Creating b_714.5500
Creating b_715.5500
Creating b_716.5500
Creating b_717.5500
Creating b_718.5500
Creating b_719.5500
Creating b_720.5500

