2018-11-02 12:04:57,967 [MainThread  ] [INFO ]  atlod in=raw/2018-05-29_1444.C3132,raw/2018-05-29_1731.C3132,raw/2018-05-29_2018.C3132,raw/2018-05-29_2305.C3132,raw/2018-05-30_0152.C3132 out=data5.uv ifsel=1 options=birdie,rfiflag,noauto,xycorr

atlod: Revision 1.53, 2016/08/25 23:02:21 UTC

Processing file raw/2018-05-29_1444.C3132
 14:44:18 CAOBS> track 1
CABB data detected
Scan 1 started at 18MAY29:14:44:36.0
Source: 1934-638
Flagging channels in  28 frequency ranges
 14:56:07 CAOBS> stop
 14:56:16 CAOBS> set file c3132_obs_c8.sch
 14:56:23 CAOBS> start 13/99
Scan 2 started at 18MAY29:14:58:12.0
Source: 2312-319
Scan 3 started at 18MAY29:15:01:08.0
Source: c_1381
Source: c_1382
Source: c_1383
Source: c_1384
Source: c_1385
Source: c_1386
Source: c_1387
Source: c_1388
Source: c_1389
Source: c_1390
Source: c_1391
Source: c_1392
Source: c_1393
Source: c_1394
Source: c_1395
Source: c_1396
Source: c_1397
Source: c_1398
Source: c_1399
Source: c_1400
Scan 4 started at 18MAY29:15:14:28.0
Source: 2312-319
Scan 5 started at 18MAY29:15:17:24.0
Source: c_1401
Source: c_1402
Source: c_1403
Source: c_1404
Source: c_1405
Source: c_1406
Source: c_1407
Source: c_1408
Source: c_1409
Source: c_1410
Source: c_1411
Source: c_1412
Source: c_1413
Source: c_1414
Source: c_1415
Source: c_1416
Source: c_1417
Source: c_1418
Source: c_1419
Source: c_1420
Scan 6 started at 18MAY29:15:30:44.0
Source: 2312-319
Scan 7 started at 18MAY29:15:33:40.0
Source: c_1421
Source: c_1422
Source: c_1423
Source: c_1424
Source: c_1425
Source: c_1426
Source: c_1427
Source: c_1428
Source: c_1429
Source: c_1430
Source: c_1431
Source: c_1432
Source: c_1433
Source: c_1434
Source: c_1435
Scan 8 started at 18MAY29:15:43:40.0
Source: 2312-319
Scan 9 started at 18MAY29:15:46:36.0
Source: c_1261
Source: c_1262
Source: c_1263
Source: c_1264
Source: c_1265
Source: c_1266
Source: c_1267
Source: c_1268
Source: c_1269
Source: c_1270
Source: c_1271
Source: c_1272
Source: c_1273
Source: c_1274
Source: c_1275
Source: c_1276
Source: c_1277
Source: c_1278
Source: c_1279
Source: c_1280
Scan 10 started at 18MAY29:15:59:56.0
Source: 2312-319
Scan 11 started at 18MAY29:16:02:52.0
Source: c_1281
Source: c_1282
Source: c_1283
Source: c_1284
Source: c_1285
Source: c_1286
Source: c_1287
Source: c_1288
Source: c_1289
Source: c_1290
Source: c_1291
Source: c_1292
Source: c_1293
Source: c_1294
Source: c_1295
Source: c_1296
Source: c_1297
Source: c_1298
Source: c_1299
Source: c_1300
Scan 12 started at 18MAY29:16:16:12.0
Source: 2312-319
Scan 13 started at 18MAY29:16:19:08.0
Source: c_1301
Source: c_1302
Source: c_1303
Source: c_1304
Source: c_1305
Source: c_1306
Source: c_1307
Source: c_1308
Source: c_1309
Source: c_1310
Source: c_1311
Source: c_1312
Source: c_1313
Source: c_1314
Source: c_1315
Source: c_1316
Source: c_1317
Source: c_1318
Source: c_1319
Source: c_1320
Scan 14 started at 18MAY29:16:32:28.0
Source: 2312-319
Scan 15 started at 18MAY29:16:35:24.0
Source: c_1321
Source: c_1322
Source: c_1323
Source: c_1324
Source: c_1325
Source: c_1326
Source: c_1327
Source: c_1328
Source: c_1329
Source: c_1330
Source: c_1331
Source: c_1332
Source: c_1333
Source: c_1334
Source: c_1335
Source: c_1336
Source: c_1337
Source: c_1338
Source: c_1339
Source: c_1340
Scan 16 started at 18MAY29:16:48:44.0
Source: 2312-319
Scan 17 started at 18MAY29:16:51:40.0
Source: c_1341
Source: c_1342
Source: c_1343
Source: c_1344
Source: c_1345
Source: c_1346
Source: c_1347
Source: c_1348
Source: c_1349
Source: c_1350
Source: c_1351
Source: c_1352
Source: c_1353
Source: c_1354
Source: c_1355
Source: c_1356
Source: c_1357
Source: c_1358
Source: c_1359
Source: c_1360
Scan 18 started at 18MAY29:17:05:00.0
Source: 2312-319
Scan 19 started at 18MAY29:17:07:56.0
Source: c_1361
Source: c_1362
Source: c_1363
Source: c_1364
Source: c_1365
Source: c_1366
Source: c_1367
Source: c_1368
Source: c_1369
Source: c_1370
Source: c_1371
Source: c_1372
Source: c_1373
Source: c_1374
Source: c_1375
Source: c_1376
Source: c_1377
Source: c_1378
Source: c_1379
Source: c_1380
Scan 20 started at 18MAY29:17:21:16.0
Source: 2312-319
Scan 21 started at 18MAY29:17:24:12.0
Source: c_1381
Source: c_1382
Source: c_1383
Source: c_1384
Source: c_1385
Source: c_1386
Source: c_1387
Source: c_1388
Source: c_1389
Source: c_1390
Source: c_1391
Source: c_1392
RPFITS file version is 2.12
---------------------------------------
Total number of spectra selected: 72660

Summary of spectra flagged
Flagging Reason            Fraction
---------------            --------
Antenna off-source/off-line  5.04%
---------------------------------------
Processing file raw/2018-05-29_1731.C3132
CABB data detected
Scan 1 started at 18MAY29:17:31:48.0
Source: c_1392
Source: c_1393
Source: c_1394
Source: c_1395
Source: c_1396
Source: c_1397
Source: c_1398
Source: c_1399
Source: c_1400
Scan 2 started at 18MAY29:17:37:32.0
Source: 2312-319
Scan 3 started at 18MAY29:17:40:28.0
Source: c_1401
Source: c_1402
Source: c_1403
Source: c_1404
Source: c_1405
Source: c_1406
Source: c_1407
Source: c_1408
Source: c_1409
Source: c_1410
Source: c_1411
Source: c_1412
Source: c_1413
Source: c_1414
Source: c_1415
Source: c_1416
Source: c_1417
Source: c_1418
Source: c_1419
Source: c_1420
Scan 4 started at 18MAY29:17:53:48.0
Source: 2312-319
Scan 5 started at 18MAY29:17:56:44.0
Source: c_1421
Source: c_1422
Source: c_1423
Source: c_1424
Source: c_1425
Source: c_1426
Source: c_1427
Source: c_1428
Source: c_1429
Source: c_1430
Source: c_1431
Source: c_1432
Source: c_1433
Source: c_1434
Source: c_1435
Scan 6 started at 18MAY29:18:06:44.0
Source: 2312-319
Scan 7 started at 18MAY29:18:09:40.0
Source: c_1261
Source: c_1262
Source: c_1263
Source: c_1264
Source: c_1265
Source: c_1266
Source: c_1267
Source: c_1268
Source: c_1269
Source: c_1270
Source: c_1271
Source: c_1272
Source: c_1273
Source: c_1274
Source: c_1275
Source: c_1276
Source: c_1277
Source: c_1278
Source: c_1279
Source: c_1280
Scan 8 started at 18MAY29:18:23:00.0
Source: 2312-319
Scan 9 started at 18MAY29:18:25:56.0
Source: c_1281
Source: c_1282
Source: c_1283
Source: c_1284
Source: c_1285
Source: c_1286
Source: c_1287
Source: c_1288
Source: c_1289
Source: c_1290
Source: c_1291
Source: c_1292
Source: c_1293
Source: c_1294
Source: c_1295
Source: c_1296
Source: c_1297
Source: c_1298
Source: c_1299
Source: c_1300
Scan 10 started at 18MAY29:18:39:16.0
Source: 2312-319
Scan 11 started at 18MAY29:18:42:12.0
Source: c_1301
Source: c_1302
Source: c_1303
Source: c_1304
Source: c_1305
Source: c_1306
Source: c_1307
Source: c_1308
Source: c_1309
Source: c_1310
Source: c_1311
Source: c_1312
Source: c_1313
Source: c_1314
Source: c_1315
Source: c_1316
Source: c_1317
Source: c_1318
Source: c_1319
Source: c_1320
Scan 12 started at 18MAY29:18:55:32.0
Source: 2312-319
Scan 13 started at 18MAY29:18:58:28.0
Source: c_1321
Source: c_1322
Source: c_1323
Source: c_1324
Source: c_1325
Source: c_1326
Source: c_1327
Source: c_1328
Source: c_1329
Source: c_1330
Source: c_1331
Source: c_1332
Source: c_1333
Source: c_1334
Source: c_1335
Source: c_1336
Source: c_1337
Source: c_1338
Source: c_1339
Source: c_1340
Scan 14 started at 18MAY29:19:11:48.0
Source: 2312-319
Scan 15 started at 18MAY29:19:14:44.0
Source: c_1341
Source: c_1342
Source: c_1343
Source: c_1344
Source: c_1345
Source: c_1346
Source: c_1347
Source: c_1348
Source: c_1349
Source: c_1350
Source: c_1351
Source: c_1352
Source: c_1353
Source: c_1354
Source: c_1355
Source: c_1356
Source: c_1357
Source: c_1358
Source: c_1359
Source: c_1360
Scan 16 started at 18MAY29:19:28:12.0
Source: 2312-319
Scan 17 started at 18MAY29:19:31:16.0
Source: c_1361
Source: c_1362
Source: c_1363
Source: c_1364
Source: c_1365
Source: c_1366
Source: c_1367
Source: c_1368
Source: c_1369
Source: c_1370
Source: c_1371
Source: c_1372
Source: c_1373
Source: c_1374
Source: c_1375
Source: c_1376
Source: c_1377
Source: c_1378
Source: c_1379
Source: c_1380
Scan 18 started at 18MAY29:19:44:28.0
Source: 2312-319
Scan 19 started at 18MAY29:19:47:32.0
Source: c_1381
Source: c_1382
Source: c_1383
Source: c_1384
Source: c_1385
Source: c_1386
Source: c_1387
Source: c_1388
Source: c_1389
Source: c_1390
Source: c_1391
Source: c_1392
Source: c_1393
Source: c_1394
Source: c_1395
Source: c_1396
Source: c_1397
Source: c_1398
Source: c_1399
Source: c_1400
Scan 20 started at 18MAY29:20:00:52.0
Source: 2312-319
Scan 21 started at 18MAY29:20:03:56.0
Source: c_1401
Source: c_1402
Source: c_1403
Source: c_1404
Source: c_1405
Source: c_1406
Source: c_1407
Source: c_1408
Source: c_1409
Source: c_1410
Source: c_1411
Source: c_1412
Source: c_1413
Source: c_1414
Source: c_1415
Source: c_1416
Source: c_1417
Source: c_1418
Source: c_1419
Source: c_1420
Scan 22 started at 18MAY29:20:17:16.0
Source: 2312-319
RPFITS file version is 2.12
---------------------------------------
Total number of spectra selected: 72660

Summary of spectra flagged
Flagging Reason            Fraction
---------------            --------
Antenna off-source/off-line  4.54%
---------------------------------------
Processing file raw/2018-05-29_2018.C3132
CABB data detected
Scan 1 started at 18MAY29:20:18:52.0
Source: 2312-319
Scan 2 started at 18MAY29:20:22:28.0
Source: c_1423
Source: c_1424
Source: c_1425
Source: c_1426
Source: c_1427
Source: c_1428
Source: c_1429
Source: c_1430
Source: c_1431
Source: c_1432
Source: c_1433
Source: c_1434
Source: c_1435
Scan 3 started at 18MAY29:20:31:56.0
Source: 2312-319
Scan 4 started at 18MAY29:20:38:52.0
Source: c_1263
Source: c_1265
Source: c_1267
Source: c_1269
Source: c_1271
Source: c_1272
Source: c_1273
Source: c_1274
Source: c_1275
Source: c_1276
Source: c_1277
Source: c_1278
Source: c_1279
Source: c_1280
Scan 5 started at 18MAY29:20:52:04.0
Source: 2312-319
Scan 6 started at 18MAY29:20:55:24.0
Source: c_1281
Source: c_1282
Source: c_1283
Source: c_1284
Source: c_1285
Source: c_1286
Source: c_1287
Source: c_1288
Source: c_1289
Source: c_1290
Source: c_1291
Source: c_1292
Source: c_1293
Source: c_1294
Source: c_1295
Source: c_1296
Source: c_1297
Source: c_1298
Source: c_1299
Source: c_1300
Scan 7 started at 18MAY29:21:09:08.0
Source: 2312-319
Scan 8 started at 18MAY29:21:12:20.0
Source: c_1301
Source: c_1302
Source: c_1303
Source: c_1304
Source: c_1305
Source: c_1306
Source: c_1307
Source: c_1308
Source: c_1309
Source: c_1310
Source: c_1311
Source: c_1312
Source: c_1313
Source: c_1314
Source: c_1315
Source: c_1316
Source: c_1317
Source: c_1318
Source: c_1319
Source: c_1320
Scan 9 started at 18MAY29:21:25:32.0
Source: 2312-319
Scan 10 started at 18MAY29:21:28:36.0
Source: c_1321
Source: c_1322
Source: c_1323
Source: c_1324
Source: c_1325
Source: c_1326
Source: c_1327
Source: c_1328
Source: c_1329
Source: c_1330
Source: c_1331
Source: c_1332
Source: c_1333
Source: c_1334
Source: c_1335
Source: c_1336
Source: c_1337
Source: c_1338
Source: c_1339
Source: c_1340
Scan 11 started at 18MAY29:21:41:56.0
Source: 2312-319
Scan 12 started at 18MAY29:21:45:00.0
Source: c_1341
Source: c_1342
Source: c_1343
Source: c_1344
Source: c_1345
Source: c_1346
Source: c_1347
Source: c_1348
Source: c_1349
Source: c_1350
Source: c_1351
Source: c_1352
Source: c_1353
Source: c_1354
Source: c_1355
Source: c_1356
Source: c_1357
Source: c_1358
Source: c_1359
Source: c_1360
Scan 13 started at 18MAY29:21:58:28.0
Source: 2312-319
Scan 14 started at 18MAY29:22:01:32.0
Source: c_1361
Source: c_1362
Source: c_1363
Source: c_1364
Source: c_1365
Source: c_1366
Source: c_1367
Source: c_1368
Source: c_1369
Source: c_1370
Source: c_1371
Source: c_1372
Source: c_1373
Source: c_1374
Source: c_1375
Source: c_1376
Source: c_1377
Source: c_1378
Source: c_1379
Source: c_1380
Scan 15 started at 18MAY29:22:14:52.0
Source: 2312-319
Scan 16 started at 18MAY29:22:17:48.0
Source: c_1381
Source: c_1382
Source: c_1383
Source: c_1384
Source: c_1385
Source: c_1386
Source: c_1387
Source: c_1388
Source: c_1389
Source: c_1390
Source: c_1391
Source: c_1392
Source: c_1393
Source: c_1394
Source: c_1395
Source: c_1396
Source: c_1397
Source: c_1398
Source: c_1399
Source: c_1400
Scan 17 started at 18MAY29:22:31:08.0
Source: 2312-319
Scan 18 started at 18MAY29:22:34:04.0
Source: c_1401
Source: c_1402
Source: c_1403
Source: c_1404
Source: c_1405
Source: c_1406
Source: c_1407
Source: c_1408
Source: c_1409
Source: c_1410
Source: c_1411
Source: c_1412
Source: c_1413
Source: c_1414
Source: c_1415
Source: c_1416
Source: c_1417
Source: c_1418
Source: c_1419
Source: c_1420
Scan 19 started at 18MAY29:22:47:24.0
Source: 2312-319
Scan 20 started at 18MAY29:22:50:28.0
Source: c_1421
Source: c_1422
Source: c_1423
Source: c_1424
Source: c_1425
Source: c_1426
Source: c_1427
Source: c_1428
Source: c_1429
Source: c_1430
Source: c_1431
Source: c_1432
Source: c_1433
Source: c_1434
Source: c_1435
Scan 21 started at 18MAY29:23:00:28.0
Source: 2312-319
Scan 22 started at 18MAY29:23:03:24.0
Source: c_1261
Source: c_1262
Source: c_1263
Source: c_1264
Source: c_1265
RPFITS file version is 2.12
---------------------------------------
Total number of spectra selected: 72660

Summary of spectra flagged
Flagging Reason            Fraction
---------------            --------
Antenna off-source/off-line  15.1%
---------------------------------------
Processing file raw/2018-05-29_2305.C3132
CABB data detected
Scan 1 started at 18MAY29:23:05:56.0
Source: c_1265
Source: c_1266
Source: c_1267
Source: c_1268
Source: c_1269
Source: c_1270
Source: c_1271
Source: c_1272
Source: c_1273
Source: c_1274
Source: c_1275
Source: c_1276
Source: c_1277
Source: c_1278
Source: c_1279
Source: c_1280
Scan 2 started at 18MAY29:23:16:44.0
Source: 2312-319
Scan 3 started at 18MAY29:23:19:40.0
Source: c_1281
Source: c_1282
Source: c_1283
Source: c_1284
Source: c_1285
Source: c_1286
Source: c_1287
Source: c_1288
Source: c_1289
Source: c_1290
Source: c_1291
Source: c_1292
Source: c_1293
Source: c_1294
Source: c_1295
Source: c_1296
Source: c_1297
Source: c_1298
Source: c_1299
Source: c_1300
Scan 4 started at 18MAY29:23:33:00.0
Source: 2312-319
Scan 5 started at 18MAY29:23:35:56.0
Source: c_1301
Source: c_1302
Source: c_1303
Source: c_1304
Source: c_1305
Source: c_1306
Source: c_1307
Source: c_1308
Source: c_1309
Source: c_1310
Source: c_1311
Source: c_1312
Source: c_1313
Source: c_1314
Source: c_1315
Source: c_1316
Source: c_1317
Source: c_1318
Source: c_1319
Source: c_1320
Scan 6 started at 18MAY29:23:49:16.0
Source: 2312-319
Scan 7 started at 18MAY29:23:52:12.0
Source: c_1321
Source: c_1322
Source: c_1323
Source: c_1324
Source: c_1325
Source: c_1326
Source: c_1327
Source: c_1328
Source: c_1329
Source: c_1330
Source: c_1331
Source: c_1332
Source: c_1333
Source: c_1334
Source: c_1335
Source: c_1336
Source: c_1337
Source: c_1338
Source: c_1339
Source: c_1340
Scan 8 started at 18MAY30:00:05:32.0
Source: 2312-319
Scan 9 started at 18MAY30:00:08:28.0
Source: c_1341
Source: c_1342
Source: c_1343
Source: c_1344
Source: c_1345
Source: c_1346
Source: c_1347
Source: c_1348
Source: c_1349
Source: c_1350
Source: c_1351
Source: c_1352
Source: c_1353
Source: c_1354
Source: c_1355
Source: c_1356
Source: c_1357
Source: c_1358
Source: c_1359
Source: c_1360
Scan 10 started at 18MAY30:00:21:48.0
Source: 2312-319
Scan 11 started at 18MAY30:00:24:44.0
Source: c_1361
Source: c_1362
Source: c_1363
Source: c_1364
Source: c_1365
Source: c_1366
Source: c_1367
Source: c_1368
Source: c_1369
Source: c_1370
Source: c_1371
Source: c_1372
Source: c_1373
Source: c_1374
Source: c_1375
Source: c_1376
Source: c_1377
Source: c_1378
Source: c_1379
Source: c_1380
Scan 12 started at 18MAY30:00:38:04.0
Source: 2312-319
Scan 13 started at 18MAY30:00:41:00.0
Source: c_1381
Source: c_1382
Source: c_1383
Source: c_1384
Source: c_1385
Source: c_1386
Source: c_1387
Source: c_1388
Source: c_1389
Source: c_1390
Source: c_1391
Source: c_1392
Source: c_1393
Source: c_1394
Source: c_1395
Source: c_1396
Source: c_1397
Source: c_1398
Source: c_1399
Source: c_1400
Scan 14 started at 18MAY30:00:54:20.0
Source: 2312-319
Scan 15 started at 18MAY30:00:57:16.0
Source: c_1401
Source: c_1402
Source: c_1403
Source: c_1404
Source: c_1405
Source: c_1406
Source: c_1407
Source: c_1408
Source: c_1409
Source: c_1410
Source: c_1411
Source: c_1412
Source: c_1413
Source: c_1414
Source: c_1415
Source: c_1416
Source: c_1417
Source: c_1418
Source: c_1419
Source: c_1420
Scan 16 started at 18MAY30:01:10:36.0
Source: 2312-319
Scan 17 started at 18MAY30:01:13:32.0
Source: c_1421
Source: c_1422
Source: c_1423
Source: c_1424
Source: c_1425
Source: c_1426
Source: c_1427
Source: c_1428
Source: c_1429
Source: c_1430
Source: c_1431
Source: c_1432
Source: c_1433
Source: c_1434
Source: c_1435
Scan 18 started at 18MAY30:01:23:32.0
Source: 2312-319
Scan 19 started at 18MAY30:01:26:28.0
Source: c_1261
Source: c_1262
Source: c_1263
Source: c_1264
Source: c_1265
Source: c_1266
Source: c_1267
Source: c_1268
Source: c_1269
Source: c_1270
Source: c_1271
Source: c_1272
Source: c_1273
Source: c_1274
Source: c_1275
Source: c_1276
Source: c_1277
Source: c_1278
Source: c_1279
Source: c_1280
Scan 20 started at 18MAY30:01:39:48.0
Source: 2312-319
Scan 21 started at 18MAY30:01:42:44.0
Source: c_1281
Source: c_1282
Source: c_1283
Source: c_1284
Source: c_1285
Source: c_1286
Source: c_1287
Source: c_1288
Source: c_1289
Source: c_1290
Source: c_1291
Source: c_1292
Source: c_1293
Source: c_1294
Source: c_1295
Source: c_1296
RPFITS file version is 2.12
---------------------------------------
Total number of spectra selected: 72660

Summary of spectra flagged
Flagging Reason            Fraction
---------------            --------
Antenna off-source/off-line  4.13%
---------------------------------------
Processing file raw/2018-05-30_0152.C3132
CABB data detected
Scan 1 started at 18MAY30:01:52:44.0
Source: c_1296
Source: c_1297
Source: c_1298
Source: c_1299
Source: c_1300
Scan 2 started at 18MAY30:01:56:04.0
Source: 2312-319
Scan 3 started at 18MAY30:01:59:00.0
Source: c_1301
Source: c_1302
Source: c_1303
Source: c_1304
Source: c_1305
Source: c_1306
Source: c_1307
Source: c_1308
Source: c_1309
Source: c_1310
Source: c_1311
Source: c_1312
Source: c_1313
Source: c_1314
Source: c_1315
Source: c_1316
Source: c_1317
Source: c_1318
Source: c_1319
Source: c_1320
Scan 4 started at 18MAY30:02:12:20.0
Source: 2312-319
Scan 5 started at 18MAY30:02:15:16.0
Source: c_1321
Source: c_1322
Source: c_1323
Source: c_1324
Source: c_1325
Source: c_1326
Source: c_1327
Source: c_1328
Source: c_1329
Source: c_1330
Source: c_1331
Source: c_1332
Source: c_1333
Source: c_1334
Source: c_1335
Source: c_1336
Source: c_1337
Source: c_1338
Source: c_1339
Source: c_1340
Scan 6 started at 18MAY30:02:28:36.0
Source: 2312-319
Scan 7 started at 18MAY30:02:31:32.0
Source: c_1341
Source: c_1342
Source: c_1343
Source: c_1344
Source: c_1345
Source: c_1346
Source: c_1347
Source: c_1348
Source: c_1349
Source: c_1350
Source: c_1351
Source: c_1352
Source: c_1353
Source: c_1354
Source: c_1355
Source: c_1356
Source: c_1357
Source: c_1358
Source: c_1359
Source: c_1360
Scan 8 started at 18MAY30:02:44:52.0
Source: 2312-319
Scan 9 started at 18MAY30:02:47:08.0
 02:47:28 CAOBS> stop
 02:47:36 CAOBS> set file c3132_cal.sch
 02:47:39 CAOBS> track 1
 02:47:53 CAOBS> stop
 02:48:01 CAOBS> corr closef
RPFITS file version is 2.12
---------------------------------------
Total number of spectra selected: 23640

Summary of spectra flagged
Flagging Reason            Fraction
---------------            --------
Antenna off-source/off-line  3.81%
---------------------------------------

No CACAL data was detected

2018-11-02 12:07:57,150 [MainThread  ] [INFO ]  uvflag vis=data5.uv line=chan,6,1146,1 flagval=flag

uvflag: Revision 1.8, 2014/09/30 14:23:39 UTC


Set flags to indicate bad data in visibility file data5.uv
Linetype channel; select    6 channels; start 1146, width    1, step    1

Overview of flagging on visibility file data5.uv
Changed flags set to FALSE (data flagged as bad)
Total number of records selected: 292428; out of 292428 records
Antennas used: 1-6
Counts of correlations within selected channels
channel   Originally    Currently
Good:          877284.           0.    Changed to bad:      877284.
Bad:           877284.     1754568.

2018-11-02 12:08:27,593 [MainThread  ] [INFO ]  uvflag vis=data5.uv line=chan,30,1454,1 flagval=flag

uvflag: Revision 1.8, 2014/09/30 14:23:39 UTC


Set flags to indicate bad data in visibility file data5.uv
Linetype channel; select   30 channels; start 1454, width    1, step    1

Overview of flagging on visibility file data5.uv
Changed flags set to FALSE (data flagged as bad)
Total number of records selected: 292428; out of 292428 records
Antennas used: 1-6
Counts of correlations within selected channels
channel   Originally    Currently
Good:         8772840.           0.    Changed to bad:     8772840.
Bad:                0.     8772840.

2018-11-02 12:08:57,078 [MainThread  ] [INFO ]  uvflag vis=data5.uv line=chan,40,1964,1 flagval=flag

uvflag: Revision 1.8, 2014/09/30 14:23:39 UTC


Set flags to indicate bad data in visibility file data5.uv
Linetype channel; select   40 channels; start 1964, width    1, step    1

Overview of flagging on visibility file data5.uv
Changed flags set to FALSE (data flagged as bad)
Total number of records selected: 292428; out of 292428 records
Antennas used: 1-6
Counts of correlations within selected channels
channel   Originally    Currently
Good:               0.           0.    Changed to bad:           0.
Bad:         11697120.    11697120.

2018-11-02 12:10:03,974 [MainThread  ] [INFO ]  uvsplit vis=data5.uv options=mosaic

uvsplit: Revision 1.18, 2016/05/09 03:06:18 UTC

Creating 1934-638.5500
Creating 2312-319.5500
Creating c.5500

2018-11-02 12:10:18,999 [MainThread  ] [INFO ]  pgflag vis=1934-638.5500 command='<b' stokes=i,q,u,v flagpar=8,5,5,3,6,3 options=nodisp

pgflag: Revision 1.30, 2016/10/05 23:06:50 UTC

Applying changes to dataset
Counts of correlations within selected channels:
 channel  Originally  Currently
 Good:       9272520    9200492    Changed to bad:      72028
 Bad:        1300320    1372348    Changed to good:         0
 13.0% of the data is now flagged

2018-11-02 12:10:32,768 [MainThread  ] [INFO ]  pgflag vis=1934-638.5500 command='<b' stokes=i,v,q,u flagpar=8,2,2,3,6,3  options=nodisp

pgflag: Revision 1.30, 2016/10/05 23:06:50 UTC

Applying changes to dataset
Counts of correlations within selected channels:
 channel  Originally  Currently
 Good:       9200492    9141268    Changed to bad:      59224
 Bad:        1372348    1431572    Changed to good:         0
 13.5% of the data is now flagged

2018-11-02 12:11:42,499 [MainThread  ] [INFO ]  pgflag vis=1934-638.5500 command='<b' stokes=i,v,u,q flagpar=8,2,2,3,6,3  options=nodisp

pgflag: Revision 1.30, 2016/10/05 23:06:50 UTC

Applying changes to dataset
Counts of correlations within selected channels:
 channel  Originally  Currently
 Good:       9141268    8987456    Changed to bad:     153812
 Bad:        1431572    1585384    Changed to good:         0
 15.0% of the data is now flagged

2018-11-02 12:12:54,316 [MainThread  ] [INFO ]  mfcal vis=1934-638.5500 refant=4 interval=0.1
MfCal: $Revision: 1.20 $, $Date: 2017/05/08 02:31:10 $
Selecting parallel-hand polarisations
Reading the data ...
Number correlations accepted: 4493728
Number of frequency bands/settings: 1
Number of polarisations selected: 2
Number of solution intervals: 86
Number of passband solution intervals: 1
Initialising ...
Using post-Aug94 ATCA flux scale for 1934-638.
Using known frequency variation of 1934-638
Generating initial solution estimate ...
Doing solution refinement ...
Iter= 1, Solution Error:  0.418
Iter= 2, Solution Error:  0.004
Iter= 3, Solution Error:  0.000
Saving solution ...

2018-11-02 12:13:03,335 [MainThread  ] [INFO ]  gpcal vis=1934-638.5500 refant=4 interval=0.1 nfbin=2 options=xyvary

gpcal: Revision 1.22, 2016/05/01 22:31:05 UTC

Applying bandpass corrections to 1934-638.5500
Number of antennae: 6
Reading the data ...
Number of solution intervals: 86
Total visibilities read: 1290
Number visibilities accepted: 1290
Using post-Aug94 ATCA flux scale for 1934-638.
Using IQUV =  5.0185,  0.0000,  0.0000,  0.0000 at   5.4506 GHz.
Using post-Aug94 ATCA flux scale for 1934-638.
Using IQUV =  5.5170,  0.0000,  0.0000,  0.0000 at   5.0318 GHz.
Using post-Aug94 ATCA flux scale for 1934-638.
Using IQUV =  4.5123,  0.0000,  0.0000,  0.0000 at   5.9524 GHz.
Iter= 1, Amplit/Phase Solution Error:   0.080
Iter= 1, Polarisation Solution Error:   0.042
Iter= 1, Overall Solution Error:        0.294
Iter= 2, Amplit/Phase Solution Error:   0.002
Iter= 2, Polarisation Solution Error:   0.000
Iter= 2, Overall Solution Error:        0.003
Iter= 3, Amplit/Phase Solution Error:   0.001
Iter= 3, Polarisation Solution Error:   0.000
Iter= 3, Overall Solution Error:        0.001
I flux density:   5.0185
Leakage terms:
 Ant 1:Dx,Dy = ( 0.00127,-0.00406),(-0.00086,-0.00326)
 Ant 2:Dx,Dy = ( 0.00432, 0.00851),(-0.00412, 0.00885)
 Ant 3:Dx,Dy = ( 0.00405,-0.00164),(-0.00741,-0.00168)
 Ant 4:Dx,Dy = ( 0.00505, 0.01893),(-0.00365, 0.01992)
 Ant 5:Dx,Dy = (-0.01714,-0.00026),( 0.01675, 0.00004)
 Ant 6:Dx,Dy = ( 0.00188,-0.02291),(-0.00128,-0.02242)
Solution for freq bin  1
Iter= 1, Amplit/Phase Solution Error:   0.077
Iter= 1, Polarisation Solution Error:   0.044
Iter= 1, Overall Solution Error:        0.282
Iter= 2, Amplit/Phase Solution Error:   0.002
Iter= 2, Polarisation Solution Error:   0.000
Iter= 2, Overall Solution Error:        0.003
Iter= 3, Amplit/Phase Solution Error:   0.001
Iter= 3, Polarisation Solution Error:   0.000
Iter= 3, Overall Solution Error:        0.001
I flux density:   5.5170
Leakage terms:
 Ant 1:Dx,Dy = ( 0.00087,-0.00358),(-0.00128,-0.00273)
 Ant 2:Dx,Dy = ( 0.00416, 0.00963),(-0.00424, 0.00987)
 Ant 3:Dx,Dy = ( 0.00347,-0.00154),(-0.00808,-0.00093)
 Ant 4:Dx,Dy = ( 0.00472, 0.01963),(-0.00365, 0.02078)
 Ant 5:Dx,Dy = (-0.01748,-0.00151),( 0.01637,-0.00100)
 Ant 6:Dx,Dy = ( 0.00176,-0.02469),(-0.00161,-0.02394)
Solution for freq bin  2
Iter= 1, Amplit/Phase Solution Error:   0.084
Iter= 1, Polarisation Solution Error:   0.039
Iter= 1, Overall Solution Error:        0.310
Iter= 2, Amplit/Phase Solution Error:   0.002
Iter= 2, Polarisation Solution Error:   0.000
Iter= 2, Overall Solution Error:        0.003
Iter= 3, Amplit/Phase Solution Error:   0.001
Iter= 3, Polarisation Solution Error:   0.000
Iter= 3, Overall Solution Error:        0.001
I flux density:   4.5123
Leakage terms:
 Ant 1:Dx,Dy = ( 0.00180,-0.00469),(-0.00031,-0.00396)
 Ant 2:Dx,Dy = ( 0.00454, 0.00700),(-0.00395, 0.00747)
 Ant 3:Dx,Dy = ( 0.00482,-0.00177),(-0.00649,-0.00271)
 Ant 4:Dx,Dy = ( 0.00551, 0.01797),(-0.00364, 0.01874)
 Ant 5:Dx,Dy = (-0.01670, 0.00141),( 0.01726, 0.00145)
 Ant 6:Dx,Dy = ( 0.00204,-0.02053),(-0.00085,-0.02039)

2018-11-02 12:13:33,200 [MainThread  ] [INFO ]  pgflag vis=1934-638.5500 command='<b' stokes=i,q,u,v flagpar=8,5,5,3,6,3 options=nodisp

pgflag: Revision 1.30, 2016/10/05 23:06:50 UTC

Applying bandpass corrections to 1934-638.5500
Applying freq. dependent gain corrections to 1934-638.5500
Applying freq. dependent leakage correction to 1934-638.5500
Applying changes to dataset
Counts of correlations within selected channels:
 channel  Originally  Currently
 Good:       8987456    8958948    Changed to bad:      28508
 Bad:        1585384    1613892    Changed to good:         0
 15.3% of the data is now flagged

2018-11-02 12:14:00,364 [MainThread  ] [INFO ]  pgflag vis=1934-638.5500 command='<b' stokes=i,v,q,u flagpar=8,2,2,3,6,3  options=nodisp

pgflag: Revision 1.30, 2016/10/05 23:06:50 UTC

Applying bandpass corrections to 1934-638.5500
Applying freq. dependent gain corrections to 1934-638.5500
Applying freq. dependent leakage correction to 1934-638.5500
Applying changes to dataset
Counts of correlations within selected channels:
 channel  Originally  Currently
 Good:       8958948    8933964    Changed to bad:      24984
 Bad:        1613892    1638876    Changed to good:         0
 15.5% of the data is now flagged

2018-11-02 12:14:27,352 [MainThread  ] [INFO ]  pgflag vis=1934-638.5500 command='<b' stokes=i,v,u,q flagpar=8,2,2,3,6,3  options=nodisp

pgflag: Revision 1.30, 2016/10/05 23:06:50 UTC

Applying bandpass corrections to 1934-638.5500
Applying freq. dependent gain corrections to 1934-638.5500
Applying freq. dependent leakage correction to 1934-638.5500
Applying changes to dataset
Counts of correlations within selected channels:
 channel  Originally  Currently
 Good:       8933964    8911760    Changed to bad:      22204
 Bad:        1638876    1661080    Changed to good:         0
 15.7% of the data is now flagged

2018-11-02 12:15:50,985 [MainThread  ] [INFO ]  mfcal vis=1934-638.5500 refant=4 interval=0.1
MfCal: $Revision: 1.20 $, $Date: 2017/05/08 02:31:10 $
Selecting parallel-hand polarisations
Reading the data ...
Number correlations accepted: 4455880
Number of frequency bands/settings: 1
Number of polarisations selected: 2
Number of solution intervals: 86
Number of passband solution intervals: 1
Initialising ...
Using post-Aug94 ATCA flux scale for 1934-638.
Using known frequency variation of 1934-638
Generating initial solution estimate ...
Doing solution refinement ...
Iter= 1, Solution Error:  0.419
Iter= 2, Solution Error:  0.004
Iter= 3, Solution Error:  0.000
Saving solution ...

2018-11-02 12:15:52,108 [MainThread  ] [INFO ]  gpcal vis=1934-638.5500 refant=4 interval=0.1 nfbin=2 options=xyvary

gpcal: Revision 1.22, 2016/05/01 22:31:05 UTC

Applying bandpass corrections to 1934-638.5500
Number of antennae: 6
Using leakage parameters from input as initial guess
Reading the data ...
Number of solution intervals: 86
Total visibilities read: 1290
Number visibilities accepted: 1290
Using post-Aug94 ATCA flux scale for 1934-638.
Using IQUV =  5.0185,  0.0000,  0.0000,  0.0000 at   5.4506 GHz.
Using post-Aug94 ATCA flux scale for 1934-638.
Using IQUV =  5.5142,  0.0000,  0.0000,  0.0000 at   5.0340 GHz.
Using post-Aug94 ATCA flux scale for 1934-638.
Using IQUV =  4.5137,  0.0000,  0.0000,  0.0000 at   5.9509 GHz.
Iter= 1, Amplit/Phase Solution Error:   0.080
Iter= 1, Polarisation Solution Error:   0.000
Iter= 1, Overall Solution Error:        0.294
Iter= 2, Amplit/Phase Solution Error:   0.002
Iter= 2, Polarisation Solution Error:   0.000
Iter= 2, Overall Solution Error:        0.003
Iter= 3, Amplit/Phase Solution Error:   0.001
Iter= 3, Polarisation Solution Error:   0.000
Iter= 3, Overall Solution Error:        0.001
I flux density:   5.0185
Leakage terms:
 Ant 1:Dx,Dy = ( 0.00127,-0.00406),(-0.00086,-0.00326)
 Ant 2:Dx,Dy = ( 0.00433, 0.00852),(-0.00411, 0.00885)
 Ant 3:Dx,Dy = ( 0.00405,-0.00165),(-0.00741,-0.00169)
 Ant 4:Dx,Dy = ( 0.00505, 0.01893),(-0.00364, 0.01992)
 Ant 5:Dx,Dy = (-0.01715,-0.00026),( 0.01675, 0.00004)
 Ant 6:Dx,Dy = ( 0.00189,-0.02292),(-0.00129,-0.02242)
Solution for freq bin  1
Iter= 1, Amplit/Phase Solution Error:   0.077
Iter= 1, Polarisation Solution Error:   0.002
Iter= 1, Overall Solution Error:        0.283
Iter= 2, Amplit/Phase Solution Error:   0.002
Iter= 2, Polarisation Solution Error:   0.000
Iter= 2, Overall Solution Error:        0.003
Iter= 3, Amplit/Phase Solution Error:   0.001
Iter= 3, Polarisation Solution Error:   0.000
Iter= 3, Overall Solution Error:        0.001
I flux density:   5.5142
Leakage terms:
 Ant 1:Dx,Dy = ( 0.00087,-0.00358),(-0.00128,-0.00273)
 Ant 2:Dx,Dy = ( 0.00417, 0.00962),(-0.00423, 0.00986)
 Ant 3:Dx,Dy = ( 0.00348,-0.00155),(-0.00808,-0.00094)
 Ant 4:Dx,Dy = ( 0.00472, 0.01963),(-0.00363, 0.02078)
 Ant 5:Dx,Dy = (-0.01747,-0.00150),( 0.01637,-0.00100)
 Ant 6:Dx,Dy = ( 0.00177,-0.02468),(-0.00161,-0.02393)
Solution for freq bin  2
Iter= 1, Amplit/Phase Solution Error:   0.084
Iter= 1, Polarisation Solution Error:   0.003
Iter= 1, Overall Solution Error:        0.311
Iter= 2, Amplit/Phase Solution Error:   0.002
Iter= 2, Polarisation Solution Error:   0.000
Iter= 2, Overall Solution Error:        0.003
Iter= 3, Amplit/Phase Solution Error:   0.001
Iter= 3, Polarisation Solution Error:   0.000
Iter= 3, Overall Solution Error:        0.001
I flux density:   4.5137
Leakage terms:
 Ant 1:Dx,Dy = ( 0.00180,-0.00469),(-0.00030,-0.00396)
 Ant 2:Dx,Dy = ( 0.00454, 0.00702),(-0.00395, 0.00748)
 Ant 3:Dx,Dy = ( 0.00483,-0.00178),(-0.00650,-0.00270)
 Ant 4:Dx,Dy = ( 0.00550, 0.01798),(-0.00364, 0.01876)
 Ant 5:Dx,Dy = (-0.01671, 0.00141),( 0.01726, 0.00143)
 Ant 6:Dx,Dy = ( 0.00204,-0.02055),(-0.00086,-0.02040)

2018-11-02 12:15:52,189 [MainThread  ] [INFO ]  gpcopy vis=1934-638.5500 out=2312-319.5500

gpcopy: Revision 1.13, 2015/10/29 01:31:39 UTC

Copying leakage table
Copying gain table
Interpolation tolerance set to (minutes): 720.00
Copying bandpass table

2018-11-02 12:19:13,784 [MainThread  ] [INFO ]  pgflag vis=2312-319.5500 command='<b' stokes=i,q,u,v flagpar=8,5,5,3,6,3 options=nodisp

pgflag: Revision 1.30, 2016/10/05 23:06:50 UTC

Applying bandpass corrections to 2312-319.5500
Applying freq. dependent gain corrections to 2312-319.5500
Applying freq. dependent leakage correction to 2312-319.5500
Applying changes to dataset
Counts of correlations within selected channels:
 channel  Originally  Currently
 Good:      72994140   72392956    Changed to bad:     601184
 Bad:       10236240   10837424    Changed to good:         0
 13.0% of the data is now flagged

2018-11-02 12:22:30,559 [MainThread  ] [INFO ]  pgflag vis=2312-319.5500 command='<b' stokes=i,v,q,u flagpar=8,2,2,3,6,3  options=nodisp

pgflag: Revision 1.30, 2016/10/05 23:06:50 UTC

Applying bandpass corrections to 2312-319.5500
Applying freq. dependent gain corrections to 2312-319.5500
Applying freq. dependent leakage correction to 2312-319.5500
Applying changes to dataset
Counts of correlations within selected channels:
 channel  Originally  Currently
 Good:      72392956   71925144    Changed to bad:     467812
 Bad:       10837424   11305236    Changed to good:         0
 13.6% of the data is now flagged

2018-11-02 12:25:37,204 [MainThread  ] [INFO ]  pgflag vis=2312-319.5500 command='<b' stokes=i,v,u,q flagpar=8,2,2,3,6,3  options=nodisp

pgflag: Revision 1.30, 2016/10/05 23:06:50 UTC

Applying bandpass corrections to 2312-319.5500
Applying freq. dependent gain corrections to 2312-319.5500
Applying freq. dependent leakage correction to 2312-319.5500
Applying changes to dataset
Counts of correlations within selected channels:
 channel  Originally  Currently
 Good:      71925144   71442332    Changed to bad:     482812
 Bad:       11305236   11788048    Changed to good:         0
 14.2% of the data is now flagged

2018-11-02 12:25:45,279 [MainThread  ] [INFO ]  gpcal vis=2312-319.5500 refant=4 interval=0.1 nfbin=2 options=xyvary,qusolve

gpcal: Revision 1.22, 2016/05/01 22:31:05 UTC

Applying bandpass corrections to 2312-319.5500
Number of antennae: 6
Using leakage parameters from input as initial guess
Reading the data ...
Number of solution intervals: 677
Total visibilities read: 10155
Number visibilities accepted: 10155
Iter= 1, Amplit/Phase Solution Error:   0.766
Iter= 1, Polarisation Solution Error:   0.008
Iter= 1, Overall Solution Error:        2.448
Iter= 2, Amplit/Phase Solution Error:   0.008
Iter= 2, Polarisation Solution Error:   0.000
Iter= 2, Overall Solution Error:        0.007
Iter= 3, Amplit/Phase Solution Error:   0.001
Iter= 3, Polarisation Solution Error:   0.000
Iter= 3, Overall Solution Error:        0.001
I flux density:   0.5380
Percent Q:  -0.829
Percent U:  -0.072
Leakage terms:
 Ant 1:Dx,Dy = ( 0.00102,-0.00439),(-0.00064,-0.00288)
 Ant 2:Dx,Dy = ( 0.00450, 0.00766),(-0.00434, 0.00880)
 Ant 3:Dx,Dy = ( 0.00414,-0.00217),(-0.00773,-0.00122)
 Ant 4:Dx,Dy = ( 0.00440, 0.01836),(-0.00312, 0.02045)
 Ant 5:Dx,Dy = (-0.01696,-0.00057),( 0.01652, 0.00075)
 Ant 6:Dx,Dy = ( 0.00205,-0.02318),(-0.00155,-0.02161)
Solution for freq bin  1
Iter= 1, Amplit/Phase Solution Error:   0.718
Iter= 1, Polarisation Solution Error:   0.008
Iter= 1, Overall Solution Error:        2.390
Iter= 2, Amplit/Phase Solution Error:   0.008
Iter= 2, Polarisation Solution Error:   0.000
Iter= 2, Overall Solution Error:        0.007
Iter= 3, Amplit/Phase Solution Error:   0.001
Iter= 3, Polarisation Solution Error:   0.000
Iter= 3, Overall Solution Error:        0.001
I flux density:   0.5406
Percent Q:  -0.769
Percent U:   0.069
Leakage terms:
 Ant 1:Dx,Dy = ( 0.00066,-0.00378),(-0.00095,-0.00223)
 Ant 2:Dx,Dy = ( 0.00436, 0.00891),(-0.00440, 0.01001)
 Ant 3:Dx,Dy = ( 0.00354,-0.00218),(-0.00852,-0.00023)
 Ant 4:Dx,Dy = ( 0.00399, 0.01897),(-0.00275, 0.02152)
 Ant 5:Dx,Dy = (-0.01741,-0.00218),( 0.01587,-0.00042)
 Ant 6:Dx,Dy = ( 0.00196,-0.02516),(-0.00215,-0.02322)
Solution for freq bin  2
Iter= 1, Amplit/Phase Solution Error:   0.821
Iter= 1, Polarisation Solution Error:   0.009
Iter= 1, Overall Solution Error:        2.388
Iter= 2, Amplit/Phase Solution Error:   0.009
Iter= 2, Polarisation Solution Error:   0.000
Iter= 2, Overall Solution Error:        0.007
Iter= 3, Amplit/Phase Solution Error:   0.001
Iter= 3, Polarisation Solution Error:   0.000
Iter= 3, Overall Solution Error:        0.001
I flux density:   0.5367
Percent Q:  -0.896
Percent U:  -0.226
Leakage terms:
 Ant 1:Dx,Dy = ( 0.00141,-0.00502),(-0.00035,-0.00353)
 Ant 2:Dx,Dy = ( 0.00465, 0.00637),(-0.00432, 0.00756)
 Ant 3:Dx,Dy = ( 0.00481,-0.00216),(-0.00692,-0.00225)
 Ant 4:Dx,Dy = ( 0.00486, 0.01770),(-0.00346, 0.01933)
 Ant 5:Dx,Dy = (-0.01649, 0.00114),( 0.01727, 0.00195)
 Ant 6:Dx,Dy = ( 0.00198,-0.02117),(-0.00100,-0.01992)

2018-11-02 12:28:57,547 [MainThread  ] [INFO ]  pgflag vis=2312-319.5500 command='<b' stokes=i,q,u,v flagpar=8,5,5,3,6,3 options=nodisp

pgflag: Revision 1.30, 2016/10/05 23:06:50 UTC

Applying bandpass corrections to 2312-319.5500
Applying freq. dependent gain corrections to 2312-319.5500
Applying freq. dependent leakage correction to 2312-319.5500
Applying changes to dataset
Counts of correlations within selected channels:
 channel  Originally  Currently
 Good:      71442332   70996092    Changed to bad:     446240
 Bad:       11788048   12234288    Changed to good:         0
 14.7% of the data is now flagged

2018-11-02 12:32:10,309 [MainThread  ] [INFO ]  pgflag vis=2312-319.5500 command='<b' stokes=i,v,q,u flagpar=8,2,2,3,6,3  options=nodisp

pgflag: Revision 1.30, 2016/10/05 23:06:50 UTC

Applying bandpass corrections to 2312-319.5500
Applying freq. dependent gain corrections to 2312-319.5500
Applying freq. dependent leakage correction to 2312-319.5500
Applying changes to dataset
Counts of correlations within selected channels:
 channel  Originally  Currently
 Good:      70996092   70580712    Changed to bad:     415380
 Bad:       12234288   12649668    Changed to good:         0
 15.2% of the data is now flagged

2018-11-02 12:35:43,893 [MainThread  ] [INFO ]  pgflag vis=2312-319.5500 command='<b' stokes=i,v,u,q flagpar=8,2,2,3,6,3  options=nodisp

pgflag: Revision 1.30, 2016/10/05 23:06:50 UTC

Applying bandpass corrections to 2312-319.5500
Applying freq. dependent gain corrections to 2312-319.5500
Applying freq. dependent leakage correction to 2312-319.5500
Applying changes to dataset
Counts of correlations within selected channels:
 channel  Originally  Currently
 Good:      70580712   70187868    Changed to bad:     392844
 Bad:       12649668   13042512    Changed to good:         0
 15.7% of the data is now flagged

2018-11-02 12:35:49,947 [MainThread  ] [INFO ]  gpcal vis=2312-319.5500 refant=4 interval=0.1 nfbin=2 options=xyvary,qusolve

gpcal: Revision 1.22, 2016/05/01 22:31:05 UTC

Applying bandpass corrections to 2312-319.5500
Number of antennae: 6
Using leakage parameters from input as initial guess
Reading the data ...
Number of solution intervals: 677
Total visibilities read: 10155
Number visibilities accepted: 10155
Iter= 1, Amplit/Phase Solution Error:   0.772
Iter= 1, Polarisation Solution Error:   0.008
Iter= 1, Overall Solution Error:        2.447
Iter= 2, Amplit/Phase Solution Error:   0.008
Iter= 2, Polarisation Solution Error:   0.000
Iter= 2, Overall Solution Error:        0.006
Iter= 3, Amplit/Phase Solution Error:   0.001
Iter= 3, Polarisation Solution Error:   0.000
Iter= 3, Overall Solution Error:        0.001
I flux density:   0.5392
Percent Q:  -0.834
Percent U:  -0.070
Leakage terms:
 Ant 1:Dx,Dy = ( 0.00102,-0.00441),(-0.00061,-0.00286)
 Ant 2:Dx,Dy = ( 0.00455, 0.00767),(-0.00430, 0.00879)
 Ant 3:Dx,Dy = ( 0.00417,-0.00218),(-0.00770,-0.00123)
 Ant 4:Dx,Dy = ( 0.00440, 0.01835),(-0.00308, 0.02045)
 Ant 5:Dx,Dy = (-0.01694,-0.00058),( 0.01655, 0.00077)
 Ant 6:Dx,Dy = ( 0.00210,-0.02316),(-0.00154,-0.02161)
Solution for freq bin  1
Iter= 1, Amplit/Phase Solution Error:   0.724
Iter= 1, Polarisation Solution Error:   0.008
Iter= 1, Overall Solution Error:        2.391
Iter= 2, Amplit/Phase Solution Error:   0.008
Iter= 2, Polarisation Solution Error:   0.000
Iter= 2, Overall Solution Error:        0.007
Iter= 3, Amplit/Phase Solution Error:   0.001
Iter= 3, Polarisation Solution Error:   0.000
Iter= 3, Overall Solution Error:        0.001
I flux density:   0.5418
Percent Q:  -0.774
Percent U:   0.070
Leakage terms:
 Ant 1:Dx,Dy = ( 0.00068,-0.00382),(-0.00094,-0.00222)
 Ant 2:Dx,Dy = ( 0.00443, 0.00892),(-0.00434, 0.00999)
 Ant 3:Dx,Dy = ( 0.00357,-0.00219),(-0.00847,-0.00024)
 Ant 4:Dx,Dy = ( 0.00396, 0.01897),(-0.00271, 0.02153)
 Ant 5:Dx,Dy = (-0.01736,-0.00219),( 0.01590,-0.00041)
 Ant 6:Dx,Dy = ( 0.00201,-0.02514),(-0.00216,-0.02319)
Solution for freq bin  2
Iter= 1, Amplit/Phase Solution Error:   0.823
Iter= 1, Polarisation Solution Error:   0.009
Iter= 1, Overall Solution Error:        2.387
Iter= 2, Amplit/Phase Solution Error:   0.009
Iter= 2, Polarisation Solution Error:   0.000
Iter= 2, Overall Solution Error:        0.007
Iter= 3, Amplit/Phase Solution Error:   0.001
Iter= 3, Polarisation Solution Error:   0.000
Iter= 3, Overall Solution Error:        0.001
I flux density:   0.5379
Percent Q:  -0.902
Percent U:  -0.221
Leakage terms:
 Ant 1:Dx,Dy = ( 0.00141,-0.00502),(-0.00030,-0.00351)
 Ant 2:Dx,Dy = ( 0.00469, 0.00638),(-0.00430, 0.00757)
 Ant 3:Dx,Dy = ( 0.00485,-0.00217),(-0.00690,-0.00226)
 Ant 4:Dx,Dy = ( 0.00492, 0.01771),(-0.00340, 0.01934)
 Ant 5:Dx,Dy = (-0.01648, 0.00112),( 0.01730, 0.00196)
 Ant 6:Dx,Dy = ( 0.00204,-0.02116),(-0.00098,-0.01996)

2018-11-02 12:35:49,980 [MainThread  ] [INFO ]  gpboot vis=2312-319.5500 cal=1934-638.5500

gpboot: Revision 1.9, 2015/10/29 01:31:30 UTC

Secondary flux density scaled by:   0.996
Frequency bin  1 scaled by      :   1.000
Frequency bin  2 scaled by      :   1.000

2018-11-02 12:37:50,874 [MainThread  ] [INFO ]  gpcopy vis=2312-319.5500 out=c.5500

gpcopy: Revision 1.13, 2015/10/29 01:31:39 UTC

Copying leakage table
Copying gain table
Interpolation tolerance set to (minutes): 720.00
Copying bandpass table

2018-11-02 12:59:48,958 [MainThread  ] [INFO ]  pgflag vis=c.5500 command='<b' stokes=i,v,q,u flagpar=8,2,2,3,6,3  options=nodisp

pgflag: Revision 1.30, 2016/10/05 23:06:50 UTC

Applying bandpass corrections to c.5500
Applying freq. dependent gain corrections to c.5500
Applying freq. dependent leakage correction to c.5500
Applying changes to dataset
Counts of correlations within selected channels:
 channel  Originally  Currently
 Good:     443226456  429861652    Changed to bad:   13364804
 Bad:       62155296   75520100    Changed to good:         0
 14.9% of the data is now flagged

2018-11-02 13:21:03,911 [MainThread  ] [INFO ]  pgflag vis=c.5500 command='<b' stokes=i,v,u,q flagpar=8,2,2,3,6,3  options=nodisp

pgflag: Revision 1.30, 2016/10/05 23:06:50 UTC

Applying bandpass corrections to c.5500
Applying freq. dependent gain corrections to c.5500
Applying freq. dependent leakage correction to c.5500
Applying changes to dataset
Counts of correlations within selected channels:
 channel  Originally  Currently
 Good:     429861652  419620792    Changed to bad:   10240860
 Bad:       75520100   85760960    Changed to good:         0
 17.0% of the data is now flagged

2018-11-02 13:29:29,151 [MainThread  ] [INFO ]  uvsplit vis=c.5500

uvsplit: Revision 1.18, 2016/05/09 03:06:18 UTC

Creating c_1381.5500
Creating c_1382.5500
Creating c_1383.5500
Creating c_1384.5500
Creating c_1385.5500
Creating c_1386.5500
Creating c_1387.5500
Creating c_1388.5500
Creating c_1389.5500
Creating c_1390.5500
Creating c_1391.5500
Creating c_1392.5500
Creating c_1393.5500
Creating c_1394.5500
Creating c_1395.5500
Creating c_1396.5500
Creating c_1397.5500
Creating c_1398.5500
Creating c_1399.5500
Creating c_1400.5500
Creating c_1401.5500
Creating c_1402.5500
Creating c_1403.5500
Creating c_1404.5500
Creating c_1405.5500
Creating c_1406.5500
Creating c_1407.5500
Creating c_1408.5500
Creating c_1409.5500
Creating c_1410.5500
Creating c_1411.5500
Creating c_1412.5500
Creating c_1413.5500
Creating c_1414.5500
Creating c_1415.5500
Creating c_1416.5500
Creating c_1417.5500
Creating c_1418.5500
Creating c_1419.5500
Creating c_1420.5500
Creating c_1421.5500
Creating c_1422.5500
Creating c_1423.5500
Creating c_1424.5500
Creating c_1425.5500
Creating c_1426.5500
Creating c_1427.5500
Creating c_1428.5500
Creating c_1429.5500
Creating c_1430.5500
Creating c_1431.5500
Creating c_1432.5500
Creating c_1433.5500
Creating c_1434.5500
Creating c_1435.5500
Creating c_1261.5500
Creating c_1262.5500
Creating c_1263.5500
Creating c_1264.5500
Creating c_1265.5500
Creating c_1266.5500
Creating c_1267.5500
Creating c_1268.5500
Creating c_1269.5500
Creating c_1270.5500
Creating c_1271.5500
Creating c_1272.5500
Creating c_1273.5500
Creating c_1274.5500
Creating c_1275.5500
Creating c_1276.5500
Creating c_1277.5500
Creating c_1278.5500
Creating c_1279.5500
Creating c_1280.5500
Creating c_1281.5500
Creating c_1282.5500
Creating c_1283.5500
Creating c_1284.5500
Creating c_1285.5500
Creating c_1286.5500
Creating c_1287.5500
Creating c_1288.5500
Creating c_1289.5500
Creating c_1290.5500
Creating c_1291.5500
Creating c_1292.5500
Creating c_1293.5500
Creating c_1294.5500
Creating c_1295.5500
Creating c_1296.5500
Creating c_1297.5500
Creating c_1298.5500
Creating c_1299.5500
Creating c_1300.5500
Creating c_1301.5500
Creating c_1302.5500
Creating c_1303.5500
Creating c_1304.5500
Creating c_1305.5500
Creating c_1306.5500
Creating c_1307.5500
Creating c_1308.5500
Creating c_1309.5500
Creating c_1310.5500
Creating c_1311.5500
Creating c_1312.5500
Creating c_1313.5500
Creating c_1314.5500
Creating c_1315.5500
Creating c_1316.5500
Creating c_1317.5500
Creating c_1318.5500
Creating c_1319.5500
Creating c_1320.5500
Creating c_1321.5500
Creating c_1322.5500
Creating c_1323.5500
Creating c_1324.5500
Creating c_1325.5500
Creating c_1326.5500
Creating c_1327.5500
Creating c_1328.5500
Creating c_1329.5500
Creating c_1330.5500
Creating c_1331.5500
Creating c_1332.5500
Creating c_1333.5500
Creating c_1334.5500
Creating c_1335.5500
Creating c_1336.5500
Creating c_1337.5500
Creating c_1338.5500
Creating c_1339.5500
Creating c_1340.5500
Creating c_1341.5500
Creating c_1342.5500
Creating c_1343.5500
Creating c_1344.5500
Creating c_1345.5500
Creating c_1346.5500
Creating c_1347.5500
Creating c_1348.5500
Creating c_1349.5500
Creating c_1350.5500
Creating c_1351.5500
Creating c_1352.5500
Creating c_1353.5500
Creating c_1354.5500
Creating c_1355.5500
Creating c_1356.5500
Creating c_1357.5500
Creating c_1358.5500
Creating c_1359.5500
Creating c_1360.5500
Creating c_1361.5500
Creating c_1362.5500
Creating c_1363.5500
Creating c_1364.5500
Creating c_1365.5500
Creating c_1366.5500
Creating c_1367.5500
Creating c_1368.5500
Creating c_1369.5500
Creating c_1370.5500
Creating c_1371.5500
Creating c_1372.5500
Creating c_1373.5500
Creating c_1374.5500
Creating c_1375.5500
Creating c_1376.5500
Creating c_1377.5500
Creating c_1378.5500
Creating c_1379.5500
Creating c_1380.5500

