2018-11-22 14:35:15,824 [MainThread  ] [INFO ]  atlod in=raw/2017-04-15_1721.C3132,raw/2017-04-15_2009.C3132,raw/2017-04-15_2255.C3132,raw/2017-04-16_0142.C3132,raw/2017-04-16_0429.C3132 out=data5.uv ifsel=1 options=birdie,rfiflag,noauto,xycorr

atlod: Revision 1.53, 2016/08/25 23:02:21 UTC

Processing file raw/2017-04-15_1721.C3132
 17:21:26 CAOBS> track 1
CABB data detected
Scan 1 started at 17APR15:17:21:40.0
Source: 1934-638
Flagging channels in  28 frequency ranges
 17:31:14 CAOBS> stop
 17:31:23 CAOBS> set file c3132_a4
 17:31:48 CAOBS> set file c3132_obs_a4
 17:31:55 CAOBS> start 1/99
Scan 2 started at 17APR15:17:33:48.0
Source: 2312-319
Scan 3 started at 17APR15:17:36:36.0
Source: a_541
Source: a_542
Source: a_543
Source: a_544
Source: a_545
Source: a_546
Source: a_547
Source: a_548
Source: a_549
Source: a_550
Source: a_551
Source: a_552
Source: a_553
Source: a_554
Source: a_555
Source: a_556
Source: a_557
Source: a_558
Source: a_559
Source: a_560
Scan 4 started at 17APR15:17:50:04.0
Source: 2312-319
Scan 5 started at 17APR15:17:52:44.0
Source: a_561
Source: a_562
Source: a_563
Source: a_564
Source: a_565
Source: a_566
Source: a_567
Source: a_568
Source: a_569
Source: a_570
Source: a_571
Source: a_572
Source: a_573
Source: a_574
Source: a_575
Source: a_576
Source: a_577
Source: a_578
Source: a_579
Source: a_580
Scan 6 started at 17APR15:18:06:12.0
Source: 2312-319
Scan 7 started at 17APR15:18:08:52.0
Source: a_581
Source: a_582
Source: a_583
Source: a_584
Source: a_585
Source: a_586
Source: a_587
Source: a_588
Source: a_589
Source: a_590
Source: a_591
Source: a_592
Source: a_593
Source: a_594
Source: a_595
Source: a_596
Source: a_597
Source: a_598
Source: a_599
Source: a_600
Scan 8 started at 17APR15:18:22:20.0
Source: 2312-319
Scan 9 started at 17APR15:18:25:00.0
Source: a_601
Source: a_602
Source: a_603
Source: a_604
Source: a_605
Source: a_606
Source: a_607
Source: a_608
Source: a_609
Source: a_610
Source: a_611
Source: a_612
Source: a_613
Source: a_614
Source: a_615
Source: a_616
Source: a_617
Source: a_618
Source: a_619
Source: a_620
Scan 10 started at 17APR15:18:38:28.0
Source: 2312-319
Scan 11 started at 17APR15:18:41:08.0
Source: a_621
Source: a_622
Source: a_623
Source: a_624
Source: a_625
Source: a_626
Source: a_627
Source: a_628
Source: a_629
Source: a_630
Source: a_631
Source: a_632
Source: a_633
Source: a_634
Source: a_635
Source: a_636
Source: a_637
Source: a_638
Source: a_639
Source: a_640
Scan 12 started at 17APR15:18:54:36.0
Source: 2312-319
Scan 13 started at 17APR15:18:57:16.0
Source: a_641
Source: a_642
Source: a_643
Source: a_644
Source: a_645
Source: a_646
Source: a_647
Source: a_648
Source: a_649
Source: a_650
Source: a_651
Source: a_652
Source: a_653
Source: a_654
Source: a_655
Source: a_656
Source: a_657
Source: a_658
Source: a_659
Source: a_660
Scan 14 started at 17APR15:19:10:44.0
Source: 2312-319
Scan 15 started at 17APR15:19:13:24.0
Source: a_661
Source: a_662
Source: a_663
Source: a_664
Source: a_665
Source: a_666
Source: a_667
Source: a_668
Source: a_669
Source: a_670
Source: a_671
Source: a_672
Source: a_673
Source: a_674
Source: a_675
Source: a_676
Source: a_677
Source: a_678
Source: a_679
Source: a_680
Scan 16 started at 17APR15:19:26:52.0
Source: 2312-319
Scan 17 started at 17APR15:19:29:32.0
Source: a_681
Source: a_682
Source: a_683
Source: a_684
Source: a_685
Source: a_686
Source: a_687
Source: a_688
Source: a_689
Source: a_690
Source: a_691
Source: a_692
Source: a_693
Source: a_694
Source: a_695
Source: a_696
Source: a_697
Source: a_698
Source: a_699
Source: a_700
Scan 18 started at 17APR15:19:43:00.0
Source: 2312-319
Scan 19 started at 17APR15:19:45:40.0
Source: a_701
Source: a_702
Source: a_703
Source: a_704
Source: a_705
Source: a_706
Source: a_707
Source: a_708
Source: a_709
Source: a_710
Source: a_711
Source: a_712
Source: a_713
Source: a_714
Source: a_715
Source: a_716
Source: a_717
Source: a_718
Source: a_719
Source: a_720
Scan 20 started at 17APR15:19:59:08.0
Source: 2312-319
Scan 21 started at 17APR15:20:01:48.0
Source: a_541
Source: a_542
Source: a_543
Source: a_544
Source: a_545
Source: a_546
Source: a_547
Source: a_548
Source: a_549
Source: a_550
Source: a_551
Source: a_552
RPFITS file version is 2.12
---------------------------------------
Total number of spectra selected: 72660

Summary of spectra flagged
Flagging Reason            Fraction
---------------            --------
Antenna off-source/off-line  3.71%
---------------------------------------
Processing file raw/2017-04-15_2009.C3132
CABB data detected
Scan 1 started at 17APR15:20:09:08.0
Source: a_552
Source: a_553
Source: a_554
Source: a_555
Source: a_556
Source: a_557
Source: a_558
Source: a_559
Source: a_560
Scan 2 started at 17APR15:20:15:24.0
Source: 2312-319
Scan 3 started at 17APR15:20:18:12.0
Source: a_561
Source: a_562
Source: a_563
Source: a_564
Source: a_565
Source: a_566
Source: a_567
Source: a_568
Source: a_569
Source: a_570
Source: a_571
Source: a_572
Source: a_573
Source: a_574
Source: a_575
Source: a_576
Source: a_577
Source: a_578
Source: a_579
Source: a_580
Scan 4 started at 17APR15:20:31:40.0
Source: 2312-319
Scan 5 started at 17APR15:20:34:28.0
Source: a_581
Source: a_582
Source: a_583
Source: a_584
Source: a_585
Source: a_586
Source: a_587
Source: a_588
Source: a_589
Source: a_590
Source: a_591
Source: a_592
Source: a_593
Source: a_594
Source: a_595
Source: a_596
Source: a_597
Source: a_598
Source: a_599
Source: a_600
Scan 6 started at 17APR15:20:47:56.0
Source: 2312-319
Scan 7 started at 17APR15:20:50:52.0
Source: a_601
Source: a_602
Source: a_603
Source: a_604
Source: a_605
Source: a_606
Source: a_607
Source: a_608
Source: a_609
Source: a_610
Source: a_611
Source: a_612
Source: a_613
Source: a_614
Source: a_615
Source: a_616
Source: a_617
Source: a_618
Source: a_619
Source: a_620
Scan 8 started at 17APR15:21:04:20.0
Source: 2312-319
Scan 9 started at 17APR15:21:07:08.0
Source: a_621
Source: a_622
Source: a_623
Source: a_624
Source: a_625
Source: a_626
Source: a_627
Source: a_628
Source: a_629
Source: a_630
Source: a_631
Source: a_632
Source: a_633
Source: a_634
Source: a_635
Source: a_636
Source: a_637
Source: a_638
Source: a_639
Source: a_640
Scan 10 started at 17APR15:21:20:44.0
Source: 2312-319
Scan 11 started at 17APR15:21:23:32.0
Source: a_641
Source: a_642
Source: a_643
Source: a_644
Source: a_645
Source: a_646
Source: a_647
Source: a_648
Source: a_649
Source: a_650
Source: a_651
Source: a_652
Source: a_653
Source: a_654
Source: a_655
Source: a_656
Source: a_657
Source: a_658
Source: a_659
Source: a_660
Scan 12 started at 17APR15:21:37:00.0
Source: 2312-319
Scan 13 started at 17APR15:21:39:56.0
Source: a_661
Source: a_662
Source: a_663
Source: a_664
Source: a_665
Source: a_666
Source: a_667
Source: a_668
Source: a_669
Source: a_670
Source: a_671
Source: a_672
Source: a_673
Source: a_674
Source: a_675
Source: a_676
Source: a_677
Source: a_678
Source: a_679
Source: a_680
Scan 14 started at 17APR15:21:53:24.0
Source: 2312-319
Scan 15 started at 17APR15:21:56:20.0
Source: a_681
Source: a_682
Source: a_683
Source: a_684
Source: a_685
Source: a_686
Source: a_687
Source: a_688
Source: a_689
Source: a_690
Source: a_691
Source: a_692
Source: a_693
Source: a_694
Source: a_695
Source: a_696
Source: a_697
Source: a_698
Source: a_699
Source: a_700
Scan 16 started at 17APR15:22:09:48.0
Source: 2312-319
Scan 17 started at 17APR15:22:12:52.0
Source: a_701
Source: a_702
Source: a_703
Source: a_704
Source: a_705
Source: a_706
Source: a_707
Source: a_708
Source: a_709
Source: a_710
Source: a_711
Source: a_712
Source: a_713
Source: a_714
Source: a_715
Source: a_716
Source: a_717
Source: a_718
Source: a_719
Source: a_720
Scan 18 started at 17APR15:22:26:28.0
Source: 2312-319
Scan 19 started at 17APR15:22:29:32.0
Source: a_541
Source: a_542
Source: a_543
Source: a_544
Source: a_545
Source: a_546
Source: a_547
Source: a_548
Source: a_549
Source: a_550
Source: a_551
Source: a_552
Source: a_553
Source: a_554
Source: a_555
Source: a_556
Source: a_557
Source: a_558
Source: a_559
Source: a_560
Scan 20 started at 17APR15:22:43:08.0
Source: 2312-319
Scan 21 started at 17APR15:22:46:20.0
Source: a_561
Source: a_562
Source: a_563
Source: a_564
Source: a_565
Source: a_566
Source: a_567
Source: a_568
Source: a_569
Source: a_570
Source: a_571
Source: a_572
Source: a_573
Source: a_574
Source: a_575
RPFITS file version is 2.12
---------------------------------------
Total number of spectra selected: 72660

Summary of spectra flagged
Flagging Reason            Fraction
---------------            --------
Antenna off-source/off-line  4.75%
---------------------------------------
Processing file raw/2017-04-15_2255.C3132
CABB data detected
Scan 1 started at 17APR15:22:55:56.0
Source: a_575
Source: a_576
Source: a_577
Source: a_578
Source: a_579
Source: a_580
Scan 2 started at 17APR15:23:00:04.0
Source: 2312-319
Scan 3 started at 17APR15:23:03:40.0
Source: a_581
Source: a_582
Source: a_583
Source: a_584
Source: a_585
Source: a_586
Source: a_587
Source: a_588
Source: a_589
Source: a_590
Source: a_591
Source: a_592
Source: a_593
Source: a_594
Source: a_595
Source: a_596
Source: a_597
Source: a_598
Source: a_599
Source: a_600
Scan 4 started at 17APR15:23:17:08.0
Source: 2312-319
Scan 5 started at 17APR15:23:21:26.5
Source: a_602
Source: a_603
Source: a_604
Source: a_605
Source: a_606
Source: a_607
Source: a_608
Source: a_609
Source: a_610
Source: a_611
Source: a_612
Source: a_613
Source: a_614
Source: a_615
Source: a_616
Source: a_617
Source: a_618
Source: a_619
Source: a_620
Scan 6 started at 17APR15:23:34:52.0
Source: 2312-319
Scan 7 started at 17APR15:23:38:52.0
Source: a_621
Source: a_622
Source: a_623
Source: a_624
Source: a_625
Source: a_626
Source: a_627
Source: a_628
Source: a_629
Source: a_630
Source: a_631
Source: a_632
Source: a_633
Source: a_634
Source: a_635
Source: a_636
Source: a_637
Source: a_638
Source: a_639
Source: a_640
Scan 8 started at 17APR15:23:52:44.0
Source: 2312-319
Scan 9 started at 17APR15:23:56:04.0
Source: a_641
Source: a_642
Source: a_643
Source: a_644
Source: a_645
Source: a_646
Source: a_647
Source: a_648
Source: a_649
Source: a_650
Source: a_651
Source: a_652
Source: a_653
Source: a_654
Source: a_655
Source: a_656
Source: a_657
Source: a_658
Source: a_659
Source: a_660
Scan 10 started at 17APR16:00:09:40.0
Source: 2312-319
Scan 11 started at 17APR16:00:13:00.0
Source: a_661
Source: a_662
Source: a_663
Source: a_664
Source: a_665
Source: a_666
Source: a_667
Source: a_668
Source: a_669
Source: a_670
Source: a_671
Source: a_672
Source: a_673
Source: a_674
Source: a_675
Source: a_676
Source: a_677
Source: a_678
Source: a_679
Source: a_680
Scan 12 started at 17APR16:00:26:28.0
Source: 2312-319
Scan 13 started at 17APR16:00:29:32.0
Source: a_681
Source: a_682
Source: a_683
Source: a_684
Source: a_685
Source: a_686
Source: a_687
Source: a_688
Source: a_689
Source: a_690
Source: a_691
Source: a_692
Source: a_693
Source: a_694
Source: a_695
Source: a_696
Source: a_697
Source: a_698
Source: a_699
Source: a_700
Scan 14 started at 17APR16:00:43:08.0
Source: 2312-319
Scan 15 started at 17APR16:00:46:04.0
Source: a_701
Source: a_702
Source: a_703
Source: a_704
Source: a_705
Source: a_706
Source: a_707
Source: a_708
Source: a_709
Source: a_710
Source: a_711
Source: a_712
Source: a_713
Source: a_714
Source: a_715
Source: a_716
Source: a_717
Source: a_718
Source: a_719
Source: a_720
Scan 16 started at 17APR16:00:59:40.0
Source: 2312-319
Scan 17 started at 17APR16:01:02:44.0
Source: a_541
Source: a_542
Source: a_543
Source: a_544
Source: a_545
Source: a_546
Source: a_547
Source: a_548
Source: a_549
Source: a_550
Source: a_551
Source: a_552
Source: a_553
Source: a_554
Source: a_555
Source: a_556
Source: a_557
Source: a_558
Source: a_559
Source: a_560
Scan 18 started at 17APR16:01:16:12.0
Source: 2312-319
Scan 19 started at 17APR16:01:19:00.0
Source: a_561
Source: a_562
Source: a_563
Source: a_564
Source: a_565
Source: a_566
Source: a_567
Source: a_568
Source: a_569
Source: a_570
Source: a_571
Source: a_572
Source: a_573
Source: a_574
Source: a_575
Source: a_576
Source: a_577
Source: a_578
Source: a_579
Source: a_580
Scan 20 started at 17APR16:01:32:36.0
Source: 2312-319
Scan 21 started at 17APR16:01:35:32.0
Source: a_581
Source: a_582
Source: a_583
Source: a_584
Source: a_585
Source: a_586
Source: a_587
Source: a_588
Source: a_589
Source: a_590
Source: a_591
Source: a_592
RPFITS file version is 2.12
---------------------------------------
Total number of spectra selected: 72660

Summary of spectra flagged
Flagging Reason            Fraction
---------------            --------
Antenna off-source/off-line  9.83%
---------------------------------------
Processing file raw/2017-04-16_0142.C3132
CABB data detected
Scan 1 started at 17APR16:01:42:44.0
Source: a_592
Source: a_593
Source: a_594
Source: a_595
Source: a_596
Source: a_597
Source: a_598
Source: a_599
Source: a_600
Scan 2 started at 17APR16:01:48:52.0
Source: 2312-319
Scan 3 started at 17APR16:01:51:48.0
Source: a_601
Source: a_602
Source: a_603
Source: a_604
Source: a_605
Source: a_606
Source: a_607
Source: a_608
Source: a_609
Source: a_610
Source: a_611
Source: a_612
Source: a_613
Source: a_614
Source: a_615
Source: a_616
Source: a_617
Source: a_618
Source: a_619
Source: a_620
Scan 4 started at 17APR16:02:05:16.0
Source: 2312-319
Scan 5 started at 17APR16:02:08:04.0
Source: a_621
Source: a_622
Source: a_623
Source: a_624
Source: a_625
Source: a_626
Source: a_627
Source: a_628
Source: a_629
Source: a_630
Source: a_631
Source: a_632
Source: a_633
Source: a_634
Source: a_635
Source: a_636
Source: a_637
Source: a_638
Source: a_639
Source: a_640
Scan 6 started at 17APR16:02:21:40.0
Source: 2312-319
Scan 7 started at 17APR16:02:24:28.0
Source: a_641
Source: a_642
Source: a_643
Source: a_644
Source: a_645
Source: a_646
Source: a_647
Source: a_648
Source: a_649
Source: a_650
Source: a_651
Source: a_652
Source: a_653
Source: a_654
Source: a_655
Source: a_656
Source: a_657
Source: a_658
Source: a_659
Source: a_660
Scan 8 started at 17APR16:02:37:56.0
Source: 2312-319
Scan 9 started at 17APR16:02:40:52.0
Source: a_661
Source: a_662
Source: a_663
Source: a_664
Source: a_665
Source: a_666
Source: a_667
Source: a_668
Source: a_669
Source: a_670
Source: a_671
Source: a_672
Source: a_673
Source: a_674
Source: a_675
Source: a_676
Source: a_677
Source: a_678
Source: a_679
Source: a_680
Scan 10 started at 17APR16:02:54:12.0
Source: 2312-319
Scan 11 started at 17APR16:02:57:00.0
Source: a_681
Source: a_682
Source: a_683
Source: a_684
Source: a_685
Source: a_686
Source: a_687
Source: a_688
Source: a_689
Source: a_690
Source: a_691
Source: a_692
Source: a_693
Source: a_694
Source: a_695
Source: a_696
Source: a_697
Source: a_698
Source: a_699
Source: a_700
Scan 12 started at 17APR16:03:10:36.0
Source: 2312-319
Scan 13 started at 17APR16:03:13:24.0
Source: a_701
Source: a_702
Source: a_703
Source: a_704
Source: a_705
Source: a_706
Source: a_707
Source: a_708
Source: a_709
Source: a_710
Source: a_711
Source: a_712
Source: a_713
Source: a_714
Source: a_715
Source: a_716
Source: a_717
Source: a_718
Source: a_719
Source: a_720
Scan 14 started at 17APR16:03:26:52.0
Source: 2312-319
Scan 15 started at 17APR16:03:29:40.0
Source: a_541
Source: a_542
Source: a_543
Source: a_544
Source: a_545
Source: a_546
Source: a_547
Source: a_548
Source: a_549
Source: a_550
Source: a_551
Source: a_552
Source: a_553
Source: a_554
Source: a_555
Source: a_556
Source: a_557
Source: a_558
Source: a_559
Source: a_560
Scan 16 started at 17APR16:03:43:08.0
Source: 2312-319
Scan 17 started at 17APR16:03:45:56.0
Source: a_561
Source: a_562
Source: a_563
Source: a_564
Source: a_565
Source: a_566
Source: a_567
Source: a_568
Source: a_569
Source: a_570
Source: a_571
Source: a_572
Source: a_573
Source: a_574
Source: a_575
Source: a_576
Source: a_577
Source: a_578
Source: a_579
Source: a_580
Scan 18 started at 17APR16:03:59:24.0
Source: 2312-319
Scan 19 started at 17APR16:04:02:04.0
Source: a_581
Source: a_582
Source: a_583
Source: a_584
Source: a_585
Source: a_586
Source: a_587
Source: a_588
Source: a_589
Source: a_590
Source: a_591
Source: a_592
Source: a_593
Source: a_594
Source: a_595
Source: a_596
Source: a_597
Source: a_598
Source: a_599
Source: a_600
Scan 20 started at 17APR16:04:15:32.0
Source: 2312-319
Scan 21 started at 17APR16:04:18:12.0
Source: a_601
Source: a_602
Source: a_603
Source: a_604
Source: a_605
Source: a_606
Source: a_607
Source: a_608
Source: a_609
Source: a_610
Source: a_611
Source: a_612
Source: a_613
Source: a_614
Source: a_615
Source: a_616
Source: a_617
Source: a_618
RPFITS file version is 2.12
---------------------------------------
Total number of spectra selected: 72660

Summary of spectra flagged
Flagging Reason            Fraction
---------------            --------
Antenna off-source/off-line  3.55%
---------------------------------------
Processing file raw/2017-04-16_0429.C3132
CABB data detected
Scan 1 started at 17APR16:04:29:32.0
Source: a_618
Source: a_619
Source: a_620
Scan 2 started at 17APR16:04:31:40.0
Source: 2312-319
Scan 3 started at 17APR16:04:34:20.0
Source: a_621
Source: a_622
Source: a_623
Source: a_624
Source: a_625
Source: a_626
Source: a_627
Source: a_628
Source: a_629
Source: a_630
Source: a_631
Source: a_632
Source: a_633
Source: a_634
Source: a_635
Source: a_636
Source: a_637
Source: a_638
Source: a_639
Source: a_640
Scan 4 started at 17APR16:04:47:48.0
Source: 2312-319
Scan 5 started at 17APR16:04:50:36.0
Source: a_641
Source: a_642
Source: a_643
Source: a_644
Source: a_645
Source: a_646
Source: a_647
Source: a_648
Source: a_649
Source: a_650
Source: a_651
Source: a_652
Source: a_653
Source: a_654
 04:59:52 CAOBS> stop
 04:59:57 CAOBS> track 13
Scan 6 started at 17APR16:05:00:12.0
Source: 2312-319
 05:00:31 CAOBS> stop
 05:00:33 CAOBS> corr closef
RPFITS file version is 2.12
---------------------------------------
Total number of spectra selected: 13260

Summary of spectra flagged
Flagging Reason            Fraction
---------------            --------
Antenna off-source/off-line  3.17%
---------------------------------------

No CACAL data was detected

2018-11-22 14:38:02,260 [MainThread  ] [INFO ]  uvflag vis=data5.uv line=chan,6,1146,1 flagval=flag

uvflag: Revision 1.8, 2014/09/30 14:23:39 UTC


Set flags to indicate bad data in visibility file data5.uv
Linetype channel; select    6 channels; start 1146, width    1, step    1

Overview of flagging on visibility file data5.uv
Changed flags set to FALSE (data flagged as bad)
Total number of records selected: 287612; out of 287612 records
Antennas used: 1-6
Counts of correlations within selected channels
channel   Originally    Currently
Good:          862836.           0.    Changed to bad:      862836.
Bad:           862836.     1725672.

2018-11-22 14:38:39,909 [MainThread  ] [INFO ]  uvflag vis=data5.uv line=chan,30,1454,1 flagval=flag

uvflag: Revision 1.8, 2014/09/30 14:23:39 UTC


Set flags to indicate bad data in visibility file data5.uv
Linetype channel; select   30 channels; start 1454, width    1, step    1

Overview of flagging on visibility file data5.uv
Changed flags set to FALSE (data flagged as bad)
Total number of records selected: 287612; out of 287612 records
Antennas used: 1-6
Counts of correlations within selected channels
channel   Originally    Currently
Good:         8628360.           0.    Changed to bad:     8628360.
Bad:                0.     8628360.

2018-11-22 14:39:11,250 [MainThread  ] [INFO ]  uvflag vis=data5.uv line=chan,40,1964,1 flagval=flag

uvflag: Revision 1.8, 2014/09/30 14:23:39 UTC


Set flags to indicate bad data in visibility file data5.uv
Linetype channel; select   40 channels; start 1964, width    1, step    1

Overview of flagging on visibility file data5.uv
Changed flags set to FALSE (data flagged as bad)
Total number of records selected: 287612; out of 287612 records
Antennas used: 1-6
Counts of correlations within selected channels
channel   Originally    Currently
Good:               0.           0.    Changed to bad:           0.
Bad:         11504480.    11504480.

2018-11-22 14:41:02,065 [MainThread  ] [INFO ]  uvsplit vis=data5.uv options=mosaic

uvsplit: Revision 1.18, 2016/05/09 03:06:18 UTC

Creating 1934-638.5500
Creating 2312-319.5500
Creating a.5500

2018-11-22 14:41:15,150 [MainThread  ] [INFO ]  pgflag vis=1934-638.5500 command='<b' stokes=i,q,u,v flagpar=8,5,5,3,6,3 options=nodisp

pgflag: Revision 1.30, 2016/10/05 23:06:50 UTC

Applying changes to dataset
Counts of correlations within selected channels:
 channel  Originally  Currently
 Good:       7763040    7717268    Changed to bad:      45772
 Bad:        1088640    1134412    Changed to good:         0
 12.8% of the data is now flagged

2018-11-22 14:41:25,885 [MainThread  ] [INFO ]  pgflag vis=1934-638.5500 command='<b' stokes=i,v,q,u flagpar=8,2,2,3,6,3  options=nodisp

pgflag: Revision 1.30, 2016/10/05 23:06:50 UTC

Applying changes to dataset
Counts of correlations within selected channels:
 channel  Originally  Currently
 Good:       7717268    7672156    Changed to bad:      45112
 Bad:        1134412    1179524    Changed to good:         0
 13.3% of the data is now flagged

2018-11-22 14:41:35,578 [MainThread  ] [INFO ]  pgflag vis=1934-638.5500 command='<b' stokes=i,v,u,q flagpar=8,2,2,3,6,3  options=nodisp

pgflag: Revision 1.30, 2016/10/05 23:06:50 UTC

Applying changes to dataset
Counts of correlations within selected channels:
 channel  Originally  Currently
 Good:       7672156    7595760    Changed to bad:      76396
 Bad:        1179524    1255920    Changed to good:         0
 14.2% of the data is now flagged

2018-11-22 14:43:26,656 [MainThread  ] [INFO ]  mfcal vis=1934-638.5500 refant=4 interval=0.1
MfCal: $Revision: 1.20 $, $Date: 2017/05/08 02:31:10 $
Selecting parallel-hand polarisations
Reading the data ...
Number correlations accepted: 3797880
Number of frequency bands/settings: 1
Number of polarisations selected: 2
Number of solution intervals: 72
Number of passband solution intervals: 1
Initialising ...
Using post-Aug94 ATCA flux scale for 1934-638.
Using known frequency variation of 1934-638
Generating initial solution estimate ...
Doing solution refinement ...
Iter= 1, Solution Error:  0.417
Iter= 2, Solution Error:  0.003
Iter= 3, Solution Error:  0.000
Saving solution ...

2018-11-22 14:43:27,667 [MainThread  ] [INFO ]  gpcal vis=1934-638.5500 refant=4 interval=0.1 nfbin=2 options=xyvary

gpcal: Revision 1.22, 2016/05/01 22:31:05 UTC

Applying bandpass corrections to 1934-638.5500
Number of antennae: 6
Reading the data ...
Number of solution intervals: 72
Total visibilities read: 1080
Number visibilities accepted: 1080
Using post-Aug94 ATCA flux scale for 1934-638.
Using IQUV =  5.0139,  0.0000,  0.0000,  0.0000 at   5.4548 GHz.
Using post-Aug94 ATCA flux scale for 1934-638.
Using IQUV =  5.5170,  0.0000,  0.0000,  0.0000 at   5.0318 GHz.
Using post-Aug94 ATCA flux scale for 1934-638.
Using IQUV =  4.5103,  0.0000,  0.0000,  0.0000 at   5.9546 GHz.
Iter= 1, Amplit/Phase Solution Error:   0.117
Iter= 1, Polarisation Solution Error:   0.044
Iter= 1, Overall Solution Error:        0.484
Iter= 2, Amplit/Phase Solution Error:   0.001
Iter= 2, Polarisation Solution Error:   0.000
Iter= 2, Overall Solution Error:        0.002
Iter= 3, Amplit/Phase Solution Error:   0.000
Iter= 3, Polarisation Solution Error:   0.000
Iter= 3, Overall Solution Error:        0.000
I flux density:   5.0139
Leakage terms:
 Ant 1:Dx,Dy = ( 0.00188, 0.00041),(-0.00093, 0.00119)
 Ant 2:Dx,Dy = ( 0.00342, 0.00696),(-0.00344, 0.00778)
 Ant 3:Dx,Dy = ( 0.00557,-0.00194),(-0.00867,-0.00214)
 Ant 4:Dx,Dy = ( 0.00490, 0.01907),(-0.00323, 0.01964)
 Ant 5:Dx,Dy = (-0.01747,-0.00136),( 0.01695,-0.00103)
 Ant 6:Dx,Dy = ( 0.00149,-0.02445),(-0.00089,-0.02414)
Solution for freq bin  1
Iter= 1, Amplit/Phase Solution Error:   0.112
Iter= 1, Polarisation Solution Error:   0.046
Iter= 1, Overall Solution Error:        0.454
Iter= 2, Amplit/Phase Solution Error:   0.001
Iter= 2, Polarisation Solution Error:   0.000
Iter= 2, Overall Solution Error:        0.002
Iter= 3, Amplit/Phase Solution Error:   0.000
Iter= 3, Polarisation Solution Error:   0.000
Iter= 3, Overall Solution Error:        0.000
I flux density:   5.5170
Leakage terms:
 Ant 1:Dx,Dy = ( 0.00178, 0.00064),(-0.00143, 0.00117)
 Ant 2:Dx,Dy = ( 0.00388, 0.00821),(-0.00387, 0.00867)
 Ant 3:Dx,Dy = ( 0.00505,-0.00209),(-0.00937,-0.00169)
 Ant 4:Dx,Dy = ( 0.00451, 0.01999),(-0.00350, 0.02054)
 Ant 5:Dx,Dy = (-0.01828,-0.00206),( 0.01637,-0.00154)
 Ant 6:Dx,Dy = ( 0.00051,-0.02622),(-0.00074,-0.02562)
Solution for freq bin  2
Iter= 1, Amplit/Phase Solution Error:   0.124
Iter= 1, Polarisation Solution Error:   0.040
Iter= 1, Overall Solution Error:        0.525
Iter= 2, Amplit/Phase Solution Error:   0.001
Iter= 2, Polarisation Solution Error:   0.000
Iter= 2, Overall Solution Error:        0.002
Iter= 3, Amplit/Phase Solution Error:   0.001
Iter= 3, Polarisation Solution Error:   0.000
Iter= 3, Overall Solution Error:        0.001
I flux density:   4.5103
Leakage terms:
 Ant 1:Dx,Dy = ( 0.00201, 0.00011),(-0.00027, 0.00122)
 Ant 2:Dx,Dy = ( 0.00280, 0.00529),(-0.00287, 0.00659)
 Ant 3:Dx,Dy = ( 0.00626,-0.00174),(-0.00772,-0.00274)
 Ant 4:Dx,Dy = ( 0.00542, 0.01786),(-0.00288, 0.01845)
 Ant 5:Dx,Dy = (-0.01641,-0.00044),( 0.01771,-0.00035)
 Ant 6:Dx,Dy = ( 0.00281,-0.02208),(-0.00109,-0.02216)

2018-11-22 14:43:43,383 [MainThread  ] [INFO ]  pgflag vis=1934-638.5500 command='<b' stokes=i,q,u,v flagpar=8,5,5,3,6,3 options=nodisp

pgflag: Revision 1.30, 2016/10/05 23:06:50 UTC

Applying bandpass corrections to 1934-638.5500
Applying freq. dependent gain corrections to 1934-638.5500
Applying freq. dependent leakage correction to 1934-638.5500
Applying changes to dataset
Counts of correlations within selected channels:
 channel  Originally  Currently
 Good:       7595760    7579460    Changed to bad:      16300
 Bad:        1255920    1272220    Changed to good:         0
 14.4% of the data is now flagged

2018-11-22 14:43:59,072 [MainThread  ] [INFO ]  pgflag vis=1934-638.5500 command='<b' stokes=i,v,q,u flagpar=8,2,2,3,6,3  options=nodisp

pgflag: Revision 1.30, 2016/10/05 23:06:50 UTC

Applying bandpass corrections to 1934-638.5500
Applying freq. dependent gain corrections to 1934-638.5500
Applying freq. dependent leakage correction to 1934-638.5500
Applying changes to dataset
Counts of correlations within selected channels:
 channel  Originally  Currently
 Good:       7579460    7563564    Changed to bad:      15896
 Bad:        1272220    1288116    Changed to good:         0
 14.6% of the data is now flagged

2018-11-22 14:44:13,618 [MainThread  ] [INFO ]  pgflag vis=1934-638.5500 command='<b' stokes=i,v,u,q flagpar=8,2,2,3,6,3  options=nodisp

pgflag: Revision 1.30, 2016/10/05 23:06:50 UTC

Applying bandpass corrections to 1934-638.5500
Applying freq. dependent gain corrections to 1934-638.5500
Applying freq. dependent leakage correction to 1934-638.5500
Applying changes to dataset
Counts of correlations within selected channels:
 channel  Originally  Currently
 Good:       7563564    7548316    Changed to bad:      15248
 Bad:        1288116    1303364    Changed to good:         0
 14.7% of the data is now flagged

2018-11-22 14:45:38,598 [MainThread  ] [INFO ]  mfcal vis=1934-638.5500 refant=4 interval=0.1
MfCal: $Revision: 1.20 $, $Date: 2017/05/08 02:31:10 $
Selecting parallel-hand polarisations
Reading the data ...
Number correlations accepted: 3774158
Number of frequency bands/settings: 1
Number of polarisations selected: 2
Number of solution intervals: 72
Number of passband solution intervals: 1
Initialising ...
Using post-Aug94 ATCA flux scale for 1934-638.
Using known frequency variation of 1934-638
Generating initial solution estimate ...
Doing solution refinement ...
Iter= 1, Solution Error:  0.418
Iter= 2, Solution Error:  0.003
Iter= 3, Solution Error:  0.000
Saving solution ...

2018-11-22 14:45:39,877 [MainThread  ] [INFO ]  gpcal vis=1934-638.5500 refant=4 interval=0.1 nfbin=2 options=xyvary

gpcal: Revision 1.22, 2016/05/01 22:31:05 UTC

Applying bandpass corrections to 1934-638.5500
Number of antennae: 6
Using leakage parameters from input as initial guess
Reading the data ...
Number of solution intervals: 72
Total visibilities read: 1080
Number visibilities accepted: 1080
Using post-Aug94 ATCA flux scale for 1934-638.
Using IQUV =  5.0138,  0.0000,  0.0000,  0.0000 at   5.4549 GHz.
Using post-Aug94 ATCA flux scale for 1934-638.
Using IQUV =  5.5144,  0.0000,  0.0000,  0.0000 at   5.0339 GHz.
Using post-Aug94 ATCA flux scale for 1934-638.
Using IQUV =  4.5117,  0.0000,  0.0000,  0.0000 at   5.9530 GHz.
Iter= 1, Amplit/Phase Solution Error:   0.117
Iter= 1, Polarisation Solution Error:   0.000
Iter= 1, Overall Solution Error:        0.485
Iter= 2, Amplit/Phase Solution Error:   0.001
Iter= 2, Polarisation Solution Error:   0.000
Iter= 2, Overall Solution Error:        0.002
Iter= 3, Amplit/Phase Solution Error:   0.000
Iter= 3, Polarisation Solution Error:   0.000
Iter= 3, Overall Solution Error:        0.000
I flux density:   5.0138
Leakage terms:
 Ant 1:Dx,Dy = ( 0.00189, 0.00041),(-0.00092, 0.00119)
 Ant 2:Dx,Dy = ( 0.00341, 0.00697),(-0.00343, 0.00778)
 Ant 3:Dx,Dy = ( 0.00557,-0.00194),(-0.00867,-0.00213)
 Ant 4:Dx,Dy = ( 0.00490, 0.01906),(-0.00321, 0.01965)
 Ant 5:Dx,Dy = (-0.01748,-0.00138),( 0.01694,-0.00104)
 Ant 6:Dx,Dy = ( 0.00151,-0.02445),(-0.00090,-0.02412)
Solution for freq bin  1
Iter= 1, Amplit/Phase Solution Error:   0.112
Iter= 1, Polarisation Solution Error:   0.003
Iter= 1, Overall Solution Error:        0.454
Iter= 2, Amplit/Phase Solution Error:   0.001
Iter= 2, Polarisation Solution Error:   0.000
Iter= 2, Overall Solution Error:        0.002
Iter= 3, Amplit/Phase Solution Error:   0.000
Iter= 3, Polarisation Solution Error:   0.000
Iter= 3, Overall Solution Error:        0.000
I flux density:   5.5144
Leakage terms:
 Ant 1:Dx,Dy = ( 0.00180, 0.00064),(-0.00142, 0.00116)
 Ant 2:Dx,Dy = ( 0.00388, 0.00822),(-0.00386, 0.00866)
 Ant 3:Dx,Dy = ( 0.00506,-0.00209),(-0.00937,-0.00168)
 Ant 4:Dx,Dy = ( 0.00451, 0.01998),(-0.00348, 0.02055)
 Ant 5:Dx,Dy = (-0.01829,-0.00208),( 0.01636,-0.00158)
 Ant 6:Dx,Dy = ( 0.00053,-0.02621),(-0.00075,-0.02558)
Solution for freq bin  2
Iter= 1, Amplit/Phase Solution Error:   0.124
Iter= 1, Polarisation Solution Error:   0.004
Iter= 1, Overall Solution Error:        0.526
Iter= 2, Amplit/Phase Solution Error:   0.001
Iter= 2, Polarisation Solution Error:   0.000
Iter= 2, Overall Solution Error:        0.002
Iter= 3, Amplit/Phase Solution Error:   0.001
Iter= 3, Polarisation Solution Error:   0.000
Iter= 3, Overall Solution Error:        0.001
I flux density:   4.5117
Leakage terms:
 Ant 1:Dx,Dy = ( 0.00201, 0.00011),(-0.00026, 0.00122)
 Ant 2:Dx,Dy = ( 0.00279, 0.00530),(-0.00287, 0.00659)
 Ant 3:Dx,Dy = ( 0.00628,-0.00174),(-0.00772,-0.00274)
 Ant 4:Dx,Dy = ( 0.00541, 0.01785),(-0.00287, 0.01847)
 Ant 5:Dx,Dy = (-0.01642,-0.00045),( 0.01771,-0.00034)
 Ant 6:Dx,Dy = ( 0.00282,-0.02210),(-0.00110,-0.02217)

2018-11-22 14:45:39,951 [MainThread  ] [INFO ]  gpcopy vis=1934-638.5500 out=2312-319.5500

gpcopy: Revision 1.13, 2015/10/29 01:31:39 UTC

Copying leakage table
Copying gain table
Interpolation tolerance set to (minutes): 720.00
Copying bandpass table

2018-11-22 14:48:45,703 [MainThread  ] [INFO ]  pgflag vis=2312-319.5500 command='<b' stokes=i,q,u,v flagpar=8,5,5,3,6,3 options=nodisp

pgflag: Revision 1.30, 2016/10/05 23:06:50 UTC

Applying bandpass corrections to 2312-319.5500
Applying freq. dependent gain corrections to 2312-319.5500
Applying freq. dependent leakage correction to 2312-319.5500
Applying changes to dataset
Counts of correlations within selected channels:
 channel  Originally  Currently
 Good:      68192556   67489524    Changed to bad:     703032
 Bad:        9562896   10265928    Changed to good:         0
 13.2% of the data is now flagged

2018-11-22 14:51:57,266 [MainThread  ] [INFO ]  pgflag vis=2312-319.5500 command='<b' stokes=i,v,q,u flagpar=8,2,2,3,6,3  options=nodisp

pgflag: Revision 1.30, 2016/10/05 23:06:50 UTC

Applying bandpass corrections to 2312-319.5500
Applying freq. dependent gain corrections to 2312-319.5500
Applying freq. dependent leakage correction to 2312-319.5500
Applying changes to dataset
Counts of correlations within selected channels:
 channel  Originally  Currently
 Good:      67489524   67020212    Changed to bad:     469312
 Bad:       10265928   10735240    Changed to good:         0
 13.8% of the data is now flagged

2018-11-22 14:55:04,269 [MainThread  ] [INFO ]  pgflag vis=2312-319.5500 command='<b' stokes=i,v,u,q flagpar=8,2,2,3,6,3  options=nodisp

pgflag: Revision 1.30, 2016/10/05 23:06:50 UTC

Applying bandpass corrections to 2312-319.5500
Applying freq. dependent gain corrections to 2312-319.5500
Applying freq. dependent leakage correction to 2312-319.5500
Applying changes to dataset
Counts of correlations within selected channels:
 channel  Originally  Currently
 Good:      67020212   66542084    Changed to bad:     478128
 Bad:       10735240   11213368    Changed to good:         0
 14.4% of the data is now flagged

2018-11-22 14:55:09,380 [MainThread  ] [INFO ]  gpcal vis=2312-319.5500 refant=4 interval=0.1 nfbin=2 options=xyvary,qusolve

gpcal: Revision 1.22, 2016/05/01 22:31:05 UTC

Applying bandpass corrections to 2312-319.5500
Number of antennae: 6
Using leakage parameters from input as initial guess
Reading the data ...
Number of solution intervals: 631
Total visibilities read: 9487
Number visibilities accepted: 9456
Iter= 1, Amplit/Phase Solution Error:   0.565
Iter= 1, Polarisation Solution Error:   0.015
Iter= 1, Overall Solution Error:        2.041
Iter= 2, Amplit/Phase Solution Error:   0.014
Iter= 2, Polarisation Solution Error:   0.000
Iter= 2, Overall Solution Error:        0.010
Iter= 3, Amplit/Phase Solution Error:   0.001
Iter= 3, Polarisation Solution Error:   0.000
Iter= 3, Overall Solution Error:        0.001
I flux density:   0.5811
Percent Q:  -1.466
Percent U:   0.545
Leakage terms:
 Ant 1:Dx,Dy = ( 0.00124, 0.00043),(-0.00070, 0.00159)
 Ant 2:Dx,Dy = ( 0.00320, 0.00665),(-0.00353, 0.00795)
 Ant 3:Dx,Dy = ( 0.00565,-0.00222),(-0.00893,-0.00221)
 Ant 4:Dx,Dy = ( 0.00461, 0.01885),(-0.00362, 0.01990)
 Ant 5:Dx,Dy = (-0.01732,-0.00150),( 0.01638,-0.00081)
 Ant 6:Dx,Dy = ( 0.00140,-0.02476),(-0.00081,-0.02386)
Solution for freq bin  1
Iter= 1, Amplit/Phase Solution Error:   0.526
Iter= 1, Polarisation Solution Error:   0.017
Iter= 1, Overall Solution Error:        1.943
Iter= 2, Amplit/Phase Solution Error:   0.016
Iter= 2, Polarisation Solution Error:   0.000
Iter= 2, Overall Solution Error:        0.011
Iter= 3, Amplit/Phase Solution Error:   0.001
Iter= 3, Polarisation Solution Error:   0.000
Iter= 3, Overall Solution Error:        0.001
I flux density:   0.5821
Percent Q:  -1.699
Percent U:   0.300
Leakage terms:
 Ant 1:Dx,Dy = ( 0.00117, 0.00066),(-0.00118, 0.00157)
 Ant 2:Dx,Dy = ( 0.00359, 0.00810),(-0.00399, 0.00874)
 Ant 3:Dx,Dy = ( 0.00518,-0.00229),(-0.00972,-0.00173)
 Ant 4:Dx,Dy = ( 0.00404, 0.01997),(-0.00377, 0.02075)
 Ant 5:Dx,Dy = (-0.01806,-0.00216),( 0.01570,-0.00163)
 Ant 6:Dx,Dy = ( 0.00021,-0.02655),(-0.00089,-0.02544)
Solution for freq bin  2
Iter= 1, Amplit/Phase Solution Error:   0.612
Iter= 1, Polarisation Solution Error:   0.012
Iter= 1, Overall Solution Error:        2.122
Iter= 2, Amplit/Phase Solution Error:   0.014
Iter= 2, Polarisation Solution Error:   0.000
Iter= 2, Overall Solution Error:        0.010
Iter= 3, Amplit/Phase Solution Error:   0.001
Iter= 3, Polarisation Solution Error:   0.000
Iter= 3, Overall Solution Error:        0.001
I flux density:   0.5814
Percent Q:  -1.221
Percent U:   0.797
Leakage terms:
 Ant 1:Dx,Dy = ( 0.00131, 0.00013),(-0.00020, 0.00155)
 Ant 2:Dx,Dy = ( 0.00276, 0.00509),(-0.00306, 0.00707)
 Ant 3:Dx,Dy = ( 0.00616,-0.00218),(-0.00810,-0.00275)
 Ant 4:Dx,Dy = ( 0.00521, 0.01766),(-0.00348, 0.01901)
 Ant 5:Dx,Dy = (-0.01654,-0.00085),( 0.01708, 0.00001)
 Ant 6:Dx,Dy = ( 0.00246,-0.02268),(-0.00088,-0.02208)

2018-11-22 14:58:21,741 [MainThread  ] [INFO ]  pgflag vis=2312-319.5500 command='<b' stokes=i,q,u,v flagpar=8,5,5,3,6,3 options=nodisp

pgflag: Revision 1.30, 2016/10/05 23:06:50 UTC

Applying bandpass corrections to 2312-319.5500
Applying freq. dependent gain corrections to 2312-319.5500
Applying freq. dependent leakage correction to 2312-319.5500
Applying changes to dataset
Counts of correlations within selected channels:
 channel  Originally  Currently
 Good:      66542084   66075012    Changed to bad:     467072
 Bad:       11213368   11680440    Changed to good:         0
 15.0% of the data is now flagged

2018-11-22 15:01:31,999 [MainThread  ] [INFO ]  pgflag vis=2312-319.5500 command='<b' stokes=i,v,q,u flagpar=8,2,2,3,6,3  options=nodisp

pgflag: Revision 1.30, 2016/10/05 23:06:50 UTC

Applying bandpass corrections to 2312-319.5500
Applying freq. dependent gain corrections to 2312-319.5500
Applying freq. dependent leakage correction to 2312-319.5500
Applying changes to dataset
Counts of correlations within selected channels:
 channel  Originally  Currently
 Good:      66075012   65602892    Changed to bad:     472120
 Bad:       11680440   12152560    Changed to good:         0
 15.6% of the data is now flagged

2018-11-22 15:04:41,459 [MainThread  ] [INFO ]  pgflag vis=2312-319.5500 command='<b' stokes=i,v,u,q flagpar=8,2,2,3,6,3  options=nodisp

pgflag: Revision 1.30, 2016/10/05 23:06:50 UTC

Applying bandpass corrections to 2312-319.5500
Applying freq. dependent gain corrections to 2312-319.5500
Applying freq. dependent leakage correction to 2312-319.5500
Applying changes to dataset
Counts of correlations within selected channels:
 channel  Originally  Currently
 Good:      65602892   65132824    Changed to bad:     470068
 Bad:       12152560   12622628    Changed to good:         0
 16.2% of the data is now flagged

2018-11-22 15:04:46,893 [MainThread  ] [INFO ]  gpcal vis=2312-319.5500 refant=4 interval=0.1 nfbin=2 options=xyvary,qusolve

gpcal: Revision 1.22, 2016/05/01 22:31:05 UTC

Applying bandpass corrections to 2312-319.5500
Number of antennae: 6
Using leakage parameters from input as initial guess
Reading the data ...
Number of solution intervals: 631
Total visibilities read: 9487
Number visibilities accepted: 9456
Iter= 1, Amplit/Phase Solution Error:   0.566
Iter= 1, Polarisation Solution Error:   0.015
Iter= 1, Overall Solution Error:        2.041
Iter= 2, Amplit/Phase Solution Error:   0.014
Iter= 2, Polarisation Solution Error:   0.000
Iter= 2, Overall Solution Error:        0.009
Iter= 3, Amplit/Phase Solution Error:   0.001
Iter= 3, Polarisation Solution Error:   0.000
Iter= 3, Overall Solution Error:        0.001
I flux density:   0.5815
Percent Q:  -1.480
Percent U:   0.538
Leakage terms:
 Ant 1:Dx,Dy = ( 0.00130, 0.00041),(-0.00061, 0.00158)
 Ant 2:Dx,Dy = ( 0.00326, 0.00664),(-0.00345, 0.00795)
 Ant 3:Dx,Dy = ( 0.00573,-0.00224),(-0.00886,-0.00221)
 Ant 4:Dx,Dy = ( 0.00469, 0.01881),(-0.00354, 0.01993)
 Ant 5:Dx,Dy = (-0.01721,-0.00149),( 0.01646,-0.00084)
 Ant 6:Dx,Dy = ( 0.00149,-0.02475),(-0.00076,-0.02381)
Solution for freq bin  1
Iter= 1, Amplit/Phase Solution Error:   0.526
Iter= 1, Polarisation Solution Error:   0.017
Iter= 1, Overall Solution Error:        1.944
Iter= 2, Amplit/Phase Solution Error:   0.016
Iter= 2, Polarisation Solution Error:   0.000
Iter= 2, Overall Solution Error:        0.011
Iter= 3, Amplit/Phase Solution Error:   0.001
Iter= 3, Polarisation Solution Error:   0.000
Iter= 3, Overall Solution Error:        0.001
I flux density:   0.5824
Percent Q:  -1.705
Percent U:   0.298
Leakage terms:
 Ant 1:Dx,Dy = ( 0.00118, 0.00065),(-0.00114, 0.00155)
 Ant 2:Dx,Dy = ( 0.00358, 0.00811),(-0.00397, 0.00875)
 Ant 3:Dx,Dy = ( 0.00521,-0.00232),(-0.00972,-0.00172)
 Ant 4:Dx,Dy = ( 0.00406, 0.01993),(-0.00372, 0.02082)
 Ant 5:Dx,Dy = (-0.01797,-0.00219),( 0.01577,-0.00165)
 Ant 6:Dx,Dy = ( 0.00031,-0.02654),(-0.00085,-0.02538)
Solution for freq bin  2
Iter= 1, Amplit/Phase Solution Error:   0.612
Iter= 1, Polarisation Solution Error:   0.012
Iter= 1, Overall Solution Error:        2.122
Iter= 2, Amplit/Phase Solution Error:   0.014
Iter= 2, Polarisation Solution Error:   0.000
Iter= 2, Overall Solution Error:        0.009
Iter= 3, Amplit/Phase Solution Error:   0.001
Iter= 3, Polarisation Solution Error:   0.000
Iter= 3, Overall Solution Error:        0.001
Iter= 4, Amplit/Phase Solution Error:   0.000
Iter= 4, Polarisation Solution Error:   0.000
Iter= 4, Overall Solution Error:        0.000
I flux density:   0.5818
Percent Q:  -1.241
Percent U:   0.784
Leakage terms:
 Ant 1:Dx,Dy = ( 0.00141, 0.00011),(-0.00006, 0.00156)
 Ant 2:Dx,Dy = ( 0.00288, 0.00510),(-0.00295, 0.00707)
 Ant 3:Dx,Dy = ( 0.00626,-0.00219),(-0.00798,-0.00274)
 Ant 4:Dx,Dy = ( 0.00533, 0.01765),(-0.00337, 0.01903)
 Ant 5:Dx,Dy = (-0.01644,-0.00081),( 0.01716,-0.00002)
 Ant 6:Dx,Dy = ( 0.00253,-0.02270),(-0.00083,-0.02205)

2018-11-22 15:04:47,028 [MainThread  ] [INFO ]  gpboot vis=2312-319.5500 cal=1934-638.5500

gpboot: Revision 1.9, 2015/10/29 01:31:30 UTC

Secondary flux density scaled by:   0.999
Frequency bin  1 scaled by      :   1.003
Frequency bin  2 scaled by      :   1.003

2018-11-22 15:08:10,202 [MainThread  ] [INFO ]  gpcopy vis=2312-319.5500 out=a.5500

gpcopy: Revision 1.13, 2015/10/29 01:31:39 UTC

Copying leakage table
Copying gain table
Interpolation tolerance set to (minutes): 720.00
Copying bandpass table

2018-11-22 15:33:16,313 [MainThread  ] [INFO ]  pgflag vis=a.5500 command='<b' stokes=i,v,q,u flagpar=8,2,2,3,6,3  options=nodisp

pgflag: Revision 1.30, 2016/10/05 23:06:50 UTC

Applying bandpass corrections to a.5500
Applying freq. dependent gain corrections to a.5500
Applying freq. dependent leakage correction to a.5500
Applying changes to dataset
Counts of correlations within selected channels:
 channel  Originally  Currently
 Good:     440883168  428655780    Changed to bad:   12227388
 Bad:       61826688   74054076    Changed to good:         0
 14.7% of the data is now flagged

2018-11-22 15:56:18,692 [MainThread  ] [INFO ]  pgflag vis=a.5500 command='<b' stokes=i,v,u,q flagpar=8,2,2,3,6,3  options=nodisp

pgflag: Revision 1.30, 2016/10/05 23:06:50 UTC

Applying bandpass corrections to a.5500
Applying freq. dependent gain corrections to a.5500
Applying freq. dependent leakage correction to a.5500
Applying changes to dataset
Counts of correlations within selected channels:
 channel  Originally  Currently
 Good:     428655780  419231908    Changed to bad:    9423872
 Bad:       74054076   83477948    Changed to good:         0
 16.6% of the data is now flagged

2018-11-22 16:05:41,033 [MainThread  ] [INFO ]  uvsplit vis=a.5500

uvsplit: Revision 1.18, 2016/05/09 03:06:18 UTC

Creating a_541.5500
Creating a_542.5500
Creating a_543.5500
Creating a_544.5500
Creating a_545.5500
Creating a_546.5500
Creating a_547.5500
Creating a_548.5500
Creating a_549.5500
Creating a_550.5500
Creating a_551.5500
Creating a_552.5500
Creating a_553.5500
Creating a_554.5500
Creating a_555.5500
Creating a_556.5500
Creating a_557.5500
Creating a_558.5500
Creating a_559.5500
Creating a_560.5500
Creating a_561.5500
Creating a_562.5500
Creating a_563.5500
Creating a_564.5500
Creating a_565.5500
Creating a_566.5500
Creating a_567.5500
Creating a_568.5500
Creating a_569.5500
Creating a_570.5500
Creating a_571.5500
Creating a_572.5500
Creating a_573.5500
Creating a_574.5500
Creating a_575.5500
Creating a_576.5500
Creating a_577.5500
Creating a_578.5500
Creating a_579.5500
Creating a_580.5500
Creating a_581.5500
Creating a_582.5500
Creating a_583.5500
Creating a_584.5500
Creating a_585.5500
Creating a_586.5500
Creating a_587.5500
Creating a_588.5500
Creating a_589.5500
Creating a_590.5500
Creating a_591.5500
Creating a_592.5500
Creating a_593.5500
Creating a_594.5500
Creating a_595.5500
Creating a_596.5500
Creating a_597.5500
Creating a_598.5500
Creating a_599.5500
Creating a_600.5500
Creating a_601.5500
Creating a_602.5500
Creating a_603.5500
Creating a_604.5500
Creating a_605.5500
Creating a_606.5500
Creating a_607.5500
Creating a_608.5500
Creating a_609.5500
Creating a_610.5500
Creating a_611.5500
Creating a_612.5500
Creating a_613.5500
Creating a_614.5500
Creating a_615.5500
Creating a_616.5500
Creating a_617.5500
Creating a_618.5500
Creating a_619.5500
Creating a_620.5500
Creating a_621.5500
Creating a_622.5500
Creating a_623.5500
Creating a_624.5500
Creating a_625.5500
Creating a_626.5500
Creating a_627.5500
Creating a_628.5500
Creating a_629.5500
Creating a_630.5500
Creating a_631.5500
Creating a_632.5500
Creating a_633.5500
Creating a_634.5500
Creating a_635.5500
Creating a_636.5500
Creating a_637.5500
Creating a_638.5500
Creating a_639.5500
Creating a_640.5500
Creating a_641.5500
Creating a_642.5500
Creating a_643.5500
Creating a_644.5500
Creating a_645.5500
Creating a_646.5500
Creating a_647.5500
Creating a_648.5500
Creating a_649.5500
Creating a_650.5500
Creating a_651.5500
Creating a_652.5500
Creating a_653.5500
Creating a_654.5500
Creating a_655.5500
Creating a_656.5500
Creating a_657.5500
Creating a_658.5500
Creating a_659.5500
Creating a_660.5500
Creating a_661.5500
Creating a_662.5500
Creating a_663.5500
Creating a_664.5500
Creating a_665.5500
Creating a_666.5500
Creating a_667.5500
Creating a_668.5500
Creating a_669.5500
Creating a_670.5500
Creating a_671.5500
Creating a_672.5500
Creating a_673.5500
Creating a_674.5500
Creating a_675.5500
Creating a_676.5500
Creating a_677.5500
Creating a_678.5500
Creating a_679.5500
Creating a_680.5500
Creating a_681.5500
Creating a_682.5500
Creating a_683.5500
Creating a_684.5500
Creating a_685.5500
Creating a_686.5500
Creating a_687.5500
Creating a_688.5500
Creating a_689.5500
Creating a_690.5500
Creating a_691.5500
Creating a_692.5500
Creating a_693.5500
Creating a_694.5500
Creating a_695.5500
Creating a_696.5500
Creating a_697.5500
Creating a_698.5500
Creating a_699.5500
Creating a_700.5500
Creating a_701.5500
Creating a_702.5500
Creating a_703.5500
Creating a_704.5500
Creating a_705.5500
Creating a_706.5500
Creating a_707.5500
Creating a_708.5500
Creating a_709.5500
Creating a_710.5500
Creating a_711.5500
Creating a_712.5500
Creating a_713.5500
Creating a_714.5500
Creating a_715.5500
Creating a_716.5500
Creating a_717.5500
Creating a_718.5500
Creating a_719.5500
Creating a_720.5500

