2018-11-22 16:20:27,875 [MainThread  ] [INFO ]  atlod in=raw/2017-04-20_1713.C3132,raw/2017-04-20_2002.C3132,raw/2017-04-20_2249.C3132,raw/2017-04-21_0135.C3132,raw/2017-04-21_0422.C3132 out=data9.uv ifsel=2 options=birdie,rfiflag,noauto,xycorr

atlod: Revision 1.53, 2016/08/25 23:02:21 UTC

Processing file raw/2017-04-20_1713.C3132
 17:13:58 CAOBS> track 1
CABB data detected
Scan 1 started at 17APR20:17:14:12.0
Source: 1934-638
Flagging channels in  28 frequency ranges
 17:23:20 CAOBS> stop
 17:23:44 CAOBS> set file c3132_obs_a1
 17:23:51 CAOBS> start 3/99
Scan 2 started at 17APR20:17:25:40.0
Source: 2312-319
Scan 3 started at 17APR20:17:28:20.0
Source: a_21
Source: a_22
Source: a_23
Source: a_24
Source: a_25
Source: a_26
Source: a_27
Source: a_28
Source: a_29
Source: a_30
Source: a_31
Source: a_32
Source: a_33
Source: a_34
Source: a_35
Source: a_36
Source: a_37
Source: a_38
Source: a_39
Source: a_40
Scan 4 started at 17APR20:17:41:48.0
Source: 2312-319
Scan 5 started at 17APR20:17:44:36.0
Source: a_41
Source: a_42
Source: a_43
Source: a_44
Source: a_45
Source: a_46
Source: a_47
Source: a_48
Source: a_49
Source: a_50
Source: a_51
Source: a_52
Source: a_53
Source: a_54
Source: a_55
Source: a_56
Source: a_57
Source: a_58
Source: a_59
Source: a_60
Scan 6 started at 17APR20:17:58:04.0
Source: 2312-319
Scan 7 started at 17APR20:18:00:38.5
Source: a_61
Source: a_62
Source: a_63
Source: a_64
Source: a_65
Source: a_66
Source: a_67
Source: a_68
Source: a_69
Source: a_70
Source: a_71
Source: a_72
Source: a_73
Source: a_74
Source: a_75
Source: a_76
Source: a_77
Source: a_78
Source: a_79
Source: a_80
Scan 8 started at 17APR20:18:14:12.0
Source: 2312-319
Scan 9 started at 17APR20:18:16:46.5
Source: a_81
Source: a_82
Source: a_83
Source: a_84
Source: a_85
Source: a_86
Source: a_87
Source: a_88
Source: a_89
Source: a_90
Source: a_91
Source: a_92
Source: a_93
Source: a_94
Source: a_95
Source: a_96
Source: a_97
Source: a_98
Source: a_99
Source: a_100
Scan 10 started at 17APR20:18:30:20.0
Source: 2312-319
Scan 11 started at 17APR20:18:33:00.0
Source: a_101
Source: a_102
Source: a_103
Source: a_104
Source: a_105
Source: a_106
Source: a_107
Source: a_108
Source: a_109
Source: a_110
Source: a_111
Source: a_112
Source: a_113
Source: a_114
Source: a_115
Source: a_116
Source: a_117
Source: a_118
Source: a_119
Source: a_120
Scan 12 started at 17APR20:18:46:28.0
Source: 2312-319
Scan 13 started at 17APR20:18:49:08.0
Source: a_121
Source: a_122
Source: a_123
Source: a_124
Source: a_125
Source: a_126
Source: a_127
Source: a_128
Source: a_129
Source: a_130
Source: a_131
Source: a_132
Source: a_133
Source: a_134
Source: a_135
Source: a_136
Source: a_137
Source: a_138
Source: a_139
Source: a_140
Scan 14 started at 17APR20:19:02:36.0
Source: 2312-319
Scan 15 started at 17APR20:19:05:10.0
Source: a_141
Source: a_142
Source: a_143
Source: a_144
Source: a_145
Source: a_146
Source: a_147
Source: a_148
Source: a_149
Source: a_150
Source: a_151
Source: a_152
Source: a_153
Source: a_154
Source: a_155
Source: a_156
Source: a_157
Source: a_158
Source: a_159
Source: a_160
Scan 16 started at 17APR20:19:18:44.0
Source: 2312-319
Scan 17 started at 17APR20:19:21:24.0
Source: a_161
Source: a_162
Source: a_163
Source: a_164
Source: a_165
Source: a_166
Source: a_167
Source: a_168
Source: a_169
Source: a_170
Source: a_171
Source: a_172
Source: a_173
Source: a_174
Source: a_175
Source: a_176
Source: a_177
Source: a_178
Source: a_179
Source: a_180
Scan 18 started at 17APR20:19:34:52.0
Source: 2312-319
Scan 19 started at 17APR20:19:37:24.7
Source: a_1
Source: a_2
Source: a_3
Source: a_4
Source: a_5
Source: a_6
Source: a_7
Source: a_8
Source: a_9
Source: a_10
Source: a_11
Source: a_12
Source: a_13
Source: a_14
Source: a_15
Source: a_16
Source: a_17
Source: a_18
Source: a_19
Source: a_20
Scan 20 started at 17APR20:19:51:00.0
Source: 2312-319
Scan 21 started at 17APR20:19:53:40.0
Source: a_21
Source: a_22
Source: a_23
Source: a_24
Source: a_25
Source: a_26
Source: a_27
Source: a_28
Source: a_29
Source: a_30
Source: a_31
Source: a_32
Source: a_33
Source: a_34
RPFITS file version is 2.12
---------------------------------------
Total number of spectra selected: 72660

Summary of spectra flagged
Flagging Reason            Fraction
---------------            --------
Antenna off-source/off-line  3.33%
---------------------------------------
Processing file raw/2017-04-20_2002.C3132
CABB data detected
Scan 1 started at 17APR20:20:02:20.0
Source: a_34
Source: a_35
Source: a_36
Source: a_37
Source: a_38
Source: a_39
Source: a_40
Scan 2 started at 17APR20:20:07:08.0
Source: 2312-319
Scan 3 started at 17APR20:20:10:04.0
Source: a_41
Source: a_42
Source: a_43
Source: a_44
Source: a_45
Source: a_46
Source: a_47
Source: a_48
Source: a_49
Source: a_50
Source: a_51
Source: a_52
Source: a_53
Source: a_54
Source: a_55
Source: a_56
Source: a_57
Source: a_58
Source: a_59
Source: a_60
Scan 4 started at 17APR20:20:23:24.0
Source: 2312-319
Scan 5 started at 17APR20:20:26:12.0
Source: a_61
Source: a_62
Source: a_63
Source: a_64
Source: a_65
Source: a_66
Source: a_67
Source: a_68
Source: a_69
Source: a_70
Source: a_71
Source: a_72
Source: a_73
Source: a_74
Source: a_75
Source: a_76
Source: a_77
Source: a_78
Source: a_79
Source: a_80
Scan 6 started at 17APR20:20:39:40.0
Source: 2312-319
Scan 7 started at 17APR20:20:42:36.0
Source: a_81
Source: a_82
Source: a_83
Source: a_84
Source: a_85
Source: a_86
Source: a_87
Source: a_88
Source: a_89
Source: a_90
Source: a_91
Source: a_92
Source: a_93
Source: a_94
Source: a_95
Source: a_96
Source: a_97
Source: a_98
Source: a_99
Source: a_100
Scan 8 started at 17APR20:20:56:04.0
Source: 2312-319
Scan 9 started at 17APR20:20:59:00.0
Source: a_101
Source: a_102
Source: a_103
Source: a_104
Source: a_105
Source: a_106
Source: a_107
Source: a_108
Source: a_109
Source: a_110
Source: a_111
Source: a_112
Source: a_113
Source: a_114
Source: a_115
Source: a_116
Source: a_117
Source: a_118
Source: a_119
Source: a_120
Scan 10 started at 17APR20:21:12:20.0
Source: 2312-319
Scan 11 started at 17APR20:21:15:08.0
Source: a_121
Source: a_122
Source: a_123
Source: a_124
Source: a_125
Source: a_126
Source: a_127
Source: a_128
Source: a_129
Source: a_130
Source: a_131
Source: a_132
Source: a_133
Source: a_134
Source: a_135
Source: a_136
Source: a_137
Source: a_138
Source: a_139
Source: a_140
Scan 12 started at 17APR20:21:28:44.0
Source: 2312-319
Scan 13 started at 17APR20:21:31:26.0
Source: a_141
Source: a_142
Source: a_143
Source: a_144
Source: a_145
Source: a_146
Source: a_147
Source: a_148
Source: a_149
Source: a_150
Source: a_151
Source: a_152
Source: a_153
Source: a_154
Source: a_155
Source: a_156
Source: a_157
Source: a_158
Source: a_159
Source: a_160
Scan 14 started at 17APR20:21:45:08.0
Source: 2312-319
Scan 15 started at 17APR20:21:48:12.0
Source: a_161
Source: a_162
Source: a_163
Source: a_164
Source: a_165
Source: a_166
Source: a_167
Source: a_168
Source: a_169
Source: a_170
Source: a_171
Source: a_172
Source: a_173
Source: a_174
Source: a_175
Source: a_176
Source: a_177
Source: a_178
Source: a_179
Source: a_180
Scan 16 started at 17APR20:22:01:32.0
Source: 2312-319
Scan 17 started at 17APR20:22:04:20.7
Source: a_1
Source: a_2
Source: a_3
Source: a_4
Source: a_5
Source: a_6
Source: a_7
Source: a_8
Source: a_9
Source: a_10
Source: a_11
Source: a_12
Source: a_13
Source: a_14
Source: a_15
Source: a_16
Source: a_17
Source: a_18
Source: a_19
Source: a_20
Scan 18 started at 17APR20:22:18:04.0
Source: 2312-319
Scan 19 started at 17APR20:22:21:16.0
Source: a_21
Source: a_22
Source: a_23
Source: a_24
Source: a_25
Source: a_26
Source: a_27
Source: a_28
Source: a_29
Source: a_30
Source: a_31
Source: a_32
Source: a_33
Source: a_34
Source: a_35
Source: a_36
Source: a_37
Source: a_38
Source: a_39
Source: a_40
Scan 20 started at 17APR20:22:34:44.0
Source: 2312-319
Scan 21 started at 17APR20:22:38:12.0
Source: a_41
Source: a_42
Source: a_43
Source: a_44
Source: a_45
Source: a_46
Source: a_47
Source: a_48
Source: a_49
Source: a_50
Source: a_51
Source: a_52
Source: a_53
Source: a_54
Source: a_55
Source: a_56
Source: a_57
RPFITS file version is 2.12
---------------------------------------
Total number of spectra selected: 72660

Summary of spectra flagged
Flagging Reason            Fraction
---------------            --------
Antenna off-source/off-line  4.65%
---------------------------------------
Processing file raw/2017-04-20_2249.C3132
CABB data detected
Scan 1 started at 17APR20:22:49:10.3
Source: a_58
Source: a_59
Source: a_60
Scan 2 started at 17APR20:22:52:04.0
Source: 2312-319
Scan 3 started at 17APR20:22:55:48.0
Source: a_61
Source: a_62
Source: a_63
Source: a_64
Source: a_65
Source: a_66
Source: a_67
Source: a_68
Source: a_69
Source: a_70
Source: a_71
Source: a_72
Source: a_73
Source: a_74
Source: a_75
Source: a_76
Source: a_77
Source: a_78
Source: a_79
Source: a_80
Scan 4 started at 17APR20:23:10:12.0
Source: 2312-319
Scan 5 started at 17APR20:23:14:12.0
Source: a_81
Source: a_82
Source: a_83
Source: a_84
Source: a_85
Source: a_86
Source: a_87
Source: a_88
Source: a_89
Source: a_90
Source: a_91
Source: a_92
Source: a_93
Source: a_94
Source: a_95
Source: a_96
Source: a_97
Source: a_98
Source: a_99
Source: a_100
Scan 6 started at 17APR20:23:27:40.0
Source: 2312-319
Scan 7 started at 17APR20:23:31:16.0
Source: a_101
Source: a_102
Source: a_103
Source: a_104
Source: a_105
Source: a_106
Source: a_107
Source: a_108
Source: a_109
Source: a_110
Source: a_111
Source: a_112
Source: a_113
Source: a_114
Source: a_115
Source: a_116
Source: a_117
Source: a_118
Source: a_119
Source: a_120
Scan 8 started at 17APR20:23:44:36.0
Source: 2312-319
Scan 9 started at 17APR20:23:47:56.0
Source: a_121
Source: a_122
Source: a_123
Source: a_124
Source: a_125
Source: a_126
Source: a_127
Source: a_128
Source: a_129
Source: a_130
Source: a_131
Source: a_132
Source: a_133
Source: a_134
Source: a_135
Source: a_136
Source: a_137
Source: a_138
Source: a_139
Source: a_140
Scan 10 started at 17APR21:00:01:40.0
Source: 2312-319
Scan 11 started at 17APR21:00:04:38.5
Source: a_141
Source: a_142
Source: a_143
Source: a_144
Source: a_145
Source: a_146
Source: a_147
Source: a_148
Source: a_149
Source: a_150
Source: a_151
Source: a_152
Source: a_153
Source: a_154
Source: a_155
Source: a_156
Source: a_157
Source: a_158
Source: a_159
Source: a_160
Scan 12 started at 17APR21:00:18:20.0
Source: 2312-319
Scan 13 started at 17APR21:00:21:24.0
Source: a_161
Source: a_162
Source: a_163
Source: a_164
Source: a_165
Source: a_166
Source: a_167
Source: a_168
Source: a_169
Source: a_170
Source: a_171
Source: a_172
Source: a_173
Source: a_174
Source: a_175
Source: a_176
Source: a_177
Source: a_178
Source: a_179
Source: a_180
Scan 14 started at 17APR21:00:34:44.0
Source: 2312-319
Scan 15 started at 17APR21:00:37:32.7
Source: a_1
Source: a_2
Source: a_3
Source: a_4
Source: a_5
Source: a_6
Source: a_7
Source: a_8
Source: a_9
Source: a_10
Source: a_11
Source: a_12
Source: a_13
Source: a_14
Source: a_15
Source: a_16
Source: a_17
Source: a_18
Source: a_19
Source: a_20
Scan 16 started at 17APR21:00:51:16.0
Source: 2312-319
Scan 17 started at 17APR21:00:54:12.0
Source: a_21
Source: a_22
Source: a_23
Source: a_24
Source: a_25
Source: a_26
Source: a_27
Source: a_28
Source: a_29
Source: a_30
Source: a_31
Source: a_32
Source: a_33
Source: a_34
Source: a_35
Source: a_36
Source: a_37
Source: a_38
Source: a_39
Source: a_40
Scan 18 started at 17APR21:01:07:32.0
Source: 2312-319
Scan 19 started at 17APR21:01:10:28.0
Source: a_41
Source: a_42
Source: a_43
Source: a_44
Source: a_45
Source: a_46
Source: a_47
Source: a_48
Source: a_49
Source: a_50
Source: a_51
Source: a_52
Source: a_53
Source: a_54
Source: a_55
Source: a_56
Source: a_57
Source: a_58
Source: a_59
Source: a_60
Scan 20 started at 17APR21:01:23:56.0
Source: 2312-319
Scan 21 started at 17APR21:01:26:44.0
Source: a_61
Source: a_62
Source: a_63
Source: a_64
Source: a_65
Source: a_66
Source: a_67
Source: a_68
Source: a_69
Source: a_70
Source: a_71
Source: a_72
Source: a_73
Source: a_74
RPFITS file version is 2.12
---------------------------------------
Total number of spectra selected: 72660

Summary of spectra flagged
Flagging Reason            Fraction
---------------            --------
Antenna off-source/off-line  8.75%
---------------------------------------
Processing file raw/2017-04-21_0135.C3132
CABB data detected
Scan 1 started at 17APR21:01:35:57.8
Source: a_75
Source: a_76
Source: a_77
Source: a_78
Source: a_79
Source: a_80
Scan 2 started at 17APR21:01:40:20.0
Source: 2312-319
Scan 3 started at 17APR21:01:43:08.0
Source: a_81
Source: a_82
Source: a_83
Source: a_84
Source: a_85
Source: a_86
Source: a_87
Source: a_88
Source: a_89
Source: a_90
Source: a_91
Source: a_92
Source: a_93
Source: a_94
Source: a_95
Source: a_96
Source: a_97
Source: a_98
Source: a_99
Source: a_100
Scan 4 started at 17APR21:01:56:36.0
Source: 2312-319
Scan 5 started at 17APR21:01:59:32.0
Source: a_101
Source: a_102
Source: a_103
Source: a_104
Source: a_105
Source: a_106
Source: a_107
Source: a_108
Source: a_109
Source: a_110
Source: a_111
Source: a_112
Source: a_113
Source: a_114
Source: a_115
Source: a_116
Source: a_117
Source: a_118
Source: a_119
Source: a_120
Scan 6 started at 17APR21:02:12:52.0
Source: 2312-319
Scan 7 started at 17APR21:02:15:40.0
Source: a_121
Source: a_122
Source: a_123
Source: a_124
Source: a_125
Source: a_126
Source: a_127
Source: a_128
Source: a_129
Source: a_130
Source: a_131
Source: a_132
Source: a_133
Source: a_134
Source: a_135
Source: a_136
Source: a_137
Source: a_138
Source: a_139
Source: a_140
Scan 8 started at 17APR21:02:29:16.0
Source: 2312-319
Scan 9 started at 17APR21:02:31:58.0
Source: a_141
Source: a_142
Source: a_143
Source: a_144
Source: a_145
Source: a_146
Source: a_147
Source: a_148
Source: a_149
Source: a_150
Source: a_151
Source: a_152
Source: a_153
Source: a_154
Source: a_155
Source: a_156
Source: a_157
Source: a_158
Source: a_159
Source: a_160
Scan 10 started at 17APR21:02:45:32.0
Source: 2312-319
Scan 11 started at 17APR21:02:48:20.0
Source: a_161
Source: a_162
Source: a_163
Source: a_164
Source: a_165
Source: a_166
Source: a_167
Source: a_168
Source: a_169
Source: a_170
Source: a_171
Source: a_172
Source: a_173
Source: a_174
Source: a_175
Source: a_176
Source: a_177
Source: a_178
Source: a_179
Source: a_180
Scan 12 started at 17APR21:03:01:48.0
Source: 2312-319
Scan 13 started at 17APR21:03:04:28.7
Source: a_1
Source: a_2
Source: a_3
Source: a_4
Source: a_5
Source: a_6
Source: a_7
Source: a_8
Source: a_9
Source: a_10
Source: a_11
Source: a_12
Source: a_13
Source: a_14
Source: a_15
Source: a_16
Source: a_17
Source: a_18
Source: a_19
Source: a_20
Scan 14 started at 17APR21:03:18:04.0
Source: 2312-319
Scan 15 started at 17APR21:03:20:52.0
Source: a_21
Source: a_22
Source: a_23
Source: a_24
Source: a_25
Source: a_26
Source: a_27
Source: a_28
Source: a_29
Source: a_30
Source: a_31
Source: a_32
Source: a_33
Source: a_34
Source: a_35
Source: a_36
Source: a_37
Source: a_38
Source: a_39
Source: a_40
Scan 16 started at 17APR21:03:34:20.0
Source: 2312-319
Scan 17 started at 17APR21:03:37:08.0
Source: a_41
Source: a_42
Source: a_43
Source: a_44
Source: a_45
Source: a_46
Source: a_47
Source: a_48
Source: a_49
Source: a_50
Source: a_51
Source: a_52
Source: a_53
Source: a_54
Source: a_55
Source: a_56
Source: a_57
Source: a_58
Source: a_59
Source: a_60
Scan 18 started at 17APR21:03:50:36.0
Source: 2312-319
Scan 19 started at 17APR21:03:53:18.8
Source: a_61
Source: a_62
Source: a_63
Source: a_64
Source: a_65
Source: a_66
Source: a_67
Source: a_68
Source: a_69
Source: a_70
Source: a_71
Source: a_72
Source: a_73
Source: a_74
Source: a_75
Source: a_76
Source: a_77
Source: a_78
Source: a_79
Source: a_80
Scan 20 started at 17APR21:04:06:52.0
Source: 2312-319
Scan 21 started at 17APR21:04:09:34.8
Source: a_81
Source: a_82
Source: a_83
Source: a_84
Source: a_85
Source: a_86
Source: a_87
Source: a_88
Source: a_89
Source: a_90
Source: a_91
Source: a_92
Source: a_93
Source: a_94
Source: a_95
Source: a_96
Source: a_97
Source: a_98
Source: a_99
Source: a_100
RPFITS file version is 2.12
---------------------------------------
Total number of spectra selected: 72660

Summary of spectra flagged
Flagging Reason            Fraction
---------------            --------
Antenna off-source/off-line  3.30%
---------------------------------------
Processing file raw/2017-04-21_0422.C3132
CABB data detected
Scan 1 started at 17APR21:04:22:44.0
Source: a_100
Scan 2 started at 17APR21:04:23:08.0
Source: 2312-319
Scan 3 started at 17APR21:04:26:04.0
Source: a_101
Source: a_102
Source: a_103
Source: a_104
Source: a_105
Source: a_106
Source: a_107
Source: a_108
Source: a_109
Source: a_110
Source: a_111
Source: a_112
Source: a_113
Source: a_114
Source: a_115
Source: a_116
Source: a_117
Source: a_118
Source: a_119
Source: a_120
Scan 4 started at 17APR21:04:39:32.0
Source: 2312-319
Scan 5 started at 17APR21:04:42:12.0
Source: a_121
Source: a_122
Source: a_123
Source: a_124
Source: a_125
Source: a_126
Source: a_127
Source: a_128
Source: a_129
Source: a_130
Source: a_131
Source: a_132
Source: a_133
Source: a_134
Source: a_135
Source: a_136
Source: a_137
Source: a_138
Source: a_139
Source: a_140
Scan 6 started at 17APR21:04:55:40.0
Source: 2312-319
Scan 7 started at 17APR21:04:58:30.0
Source: a_141
 04:58:38 CAOBS> stop
 04:58:44 CAOBS> corr closefile
RPFITS file version is 2.12
---------------------------------------
Total number of spectra selected: 15420

Summary of spectra flagged
Flagging Reason            Fraction
---------------            --------
Antenna off-source/off-line  4.93%
---------------------------------------

No CACAL data was detected

2018-11-22 16:22:46,968 [MainThread  ] [INFO ]  uvflag vis=data9.uv line=chan,65,850,1 flagval=flag

uvflag: Revision 1.8, 2014/09/30 14:23:39 UTC


Set flags to indicate bad data in visibility file data9.uv
Linetype channel; select   65 channels; start  850, width    1, step    1

Overview of flagging on visibility file data9.uv
Changed flags set to FALSE (data flagged as bad)
Total number of records selected: 290744; out of 290744 records
Antennas used: 1-6
Counts of correlations within selected channels
channel   Originally    Currently
Good:        18898360.           0.    Changed to bad:    18898360.
Bad:                0.    18898360.

2018-11-22 16:24:14,839 [MainThread  ] [INFO ]  uvsplit vis=data9.uv options=mosaic

uvsplit: Revision 1.18, 2016/05/09 03:06:18 UTC

Creating 1934-638.9500
Creating 2312-319.9500
Creating a.9500

2018-11-22 16:24:27,142 [MainThread  ] [INFO ]  pgflag vis=1934-638.9500 command='<b' stokes=i,q,u,v flagpar=8,5,5,3,6,3 options=nodisp

pgflag: Revision 1.30, 2016/10/05 23:06:50 UTC

Applying changes to dataset
Counts of correlations within selected channels:
 channel  Originally  Currently
 Good:       7213440    7150508    Changed to bad:      62932
 Bad:        1146480    1209412    Changed to good:         0
 14.5% of the data is now flagged

2018-11-22 16:24:38,179 [MainThread  ] [INFO ]  pgflag vis=1934-638.9500 command='<b' stokes=i,v,q,u flagpar=8,2,2,3,6,3  options=nodisp

pgflag: Revision 1.30, 2016/10/05 23:06:50 UTC

Applying changes to dataset
Counts of correlations within selected channels:
 channel  Originally  Currently
 Good:       7150508    7090616    Changed to bad:      59892
 Bad:        1209412    1269304    Changed to good:         0
 15.2% of the data is now flagged

2018-11-22 16:24:51,526 [MainThread  ] [INFO ]  pgflag vis=1934-638.9500 command='<b' stokes=i,v,u,q flagpar=8,2,2,3,6,3  options=nodisp

pgflag: Revision 1.30, 2016/10/05 23:06:50 UTC

Applying changes to dataset
Counts of correlations within selected channels:
 channel  Originally  Currently
 Good:       7090616    6948472    Changed to bad:     142144
 Bad:        1269304    1411448    Changed to good:         0
 16.9% of the data is now flagged

2018-11-22 16:25:55,044 [MainThread  ] [INFO ]  mfcal vis=1934-638.9500 refant=4 interval=0.1
MfCal: $Revision: 1.20 $, $Date: 2017/05/08 02:31:10 $
Selecting parallel-hand polarisations
Reading the data ...
Number correlations accepted: 3474236
Number of frequency bands/settings: 1
Number of polarisations selected: 2
Number of solution intervals: 68
Number of passband solution intervals: 1
Initialising ...
Using post-Aug94 ATCA flux scale for 1934-638.
Using known frequency variation of 1934-638
Generating initial solution estimate ...
Doing solution refinement ...
Iter= 1, Solution Error:  0.457
Iter= 2, Solution Error:  0.008
Iter= 3, Solution Error:  0.000
Saving solution ...

2018-11-22 16:25:55,989 [MainThread  ] [INFO ]  gpcal vis=1934-638.9500 refant=4 interval=0.1 nfbin=2 options=xyvary

gpcal: Revision 1.22, 2016/05/01 22:31:05 UTC

Applying bandpass corrections to 1934-638.9500
Number of antennae: 6
Reading the data ...
Number of solution intervals: 68
Total visibilities read: 1020
Number visibilities accepted: 1020
Using post-Aug94 ATCA flux scale for 1934-638.
Using IQUV =  2.5338,  0.0000,  0.0000,  0.0000 at   9.4734 GHz.
Using post-Aug94 ATCA flux scale for 1934-638.
Using IQUV =  2.6978,  0.0000,  0.0000,  0.0000 at   9.0077 GHz.
Using post-Aug94 ATCA flux scale for 1934-638.
Using IQUV =  2.3849,  0.0000,  0.0000,  0.0000 at   9.9481 GHz.
Iter= 1, Amplit/Phase Solution Error:   0.146
Iter= 1, Polarisation Solution Error:   0.035
Iter= 1, Overall Solution Error:        0.592
Iter= 2, Amplit/Phase Solution Error:   0.002
Iter= 2, Polarisation Solution Error:   0.000
Iter= 2, Overall Solution Error:        0.004
Iter= 3, Amplit/Phase Solution Error:   0.001
Iter= 3, Polarisation Solution Error:   0.000
Iter= 3, Overall Solution Error:        0.001
I flux density:   2.5338
Leakage terms:
 Ant 1:Dx,Dy = ( 0.00215, 0.00008),(-0.00119,-0.00032)
 Ant 2:Dx,Dy = ( 0.00345, 0.00186),(-0.00275, 0.00250)
 Ant 3:Dx,Dy = ( 0.00599,-0.00191),(-0.00879,-0.00223)
 Ant 4:Dx,Dy = ( 0.00227, 0.01556),(-0.00120, 0.01596)
 Ant 5:Dx,Dy = (-0.01625, 0.00283),( 0.01724, 0.00272)
 Ant 6:Dx,Dy = ( 0.00409,-0.01978),(-0.00162,-0.01728)
Solution for freq bin  1
Iter= 1, Amplit/Phase Solution Error:   0.143
Iter= 1, Polarisation Solution Error:   0.035
Iter= 1, Overall Solution Error:        0.580
Iter= 2, Amplit/Phase Solution Error:   0.002
Iter= 2, Polarisation Solution Error:   0.000
Iter= 2, Overall Solution Error:        0.004
Iter= 3, Amplit/Phase Solution Error:   0.001
Iter= 3, Polarisation Solution Error:   0.000
Iter= 3, Overall Solution Error:        0.001
I flux density:   2.6978
Leakage terms:
 Ant 1:Dx,Dy = ( 0.00238, 0.00035),(-0.00146,-0.00013)
 Ant 2:Dx,Dy = ( 0.00379, 0.00272),(-0.00255, 0.00333)
 Ant 3:Dx,Dy = ( 0.00595,-0.00243),(-0.00853,-0.00242)
 Ant 4:Dx,Dy = ( 0.00194, 0.01557),(-0.00185, 0.01612)
 Ant 5:Dx,Dy = (-0.01642, 0.00149),( 0.01694, 0.00218)
 Ant 6:Dx,Dy = ( 0.00410,-0.01924),(-0.00081,-0.01755)
Solution for freq bin  2
Iter= 1, Amplit/Phase Solution Error:   0.149
Iter= 1, Polarisation Solution Error:   0.036
Iter= 1, Overall Solution Error:        0.607
Iter= 2, Amplit/Phase Solution Error:   0.002
Iter= 2, Polarisation Solution Error:   0.000
Iter= 2, Overall Solution Error:        0.003
Iter= 3, Amplit/Phase Solution Error:   0.001
Iter= 3, Polarisation Solution Error:   0.000
Iter= 3, Overall Solution Error:        0.001
I flux density:   2.3849
Leakage terms:
 Ant 1:Dx,Dy = ( 0.00189,-0.00022),(-0.00090,-0.00053)
 Ant 2:Dx,Dy = ( 0.00307, 0.00092),(-0.00296, 0.00158)
 Ant 3:Dx,Dy = ( 0.00603,-0.00133),(-0.00908,-0.00201)
 Ant 4:Dx,Dy = ( 0.00263, 0.01555),(-0.00049, 0.01578)
 Ant 5:Dx,Dy = (-0.01607, 0.00429),( 0.01757, 0.00330)
 Ant 6:Dx,Dy = ( 0.00408,-0.02037),(-0.00252,-0.01698)

2018-11-22 16:26:11,744 [MainThread  ] [INFO ]  pgflag vis=1934-638.9500 command='<b' stokes=i,q,u,v flagpar=8,5,5,3,6,3 options=nodisp

pgflag: Revision 1.30, 2016/10/05 23:06:50 UTC

Applying bandpass corrections to 1934-638.9500
Applying freq. dependent gain corrections to 1934-638.9500
Applying freq. dependent leakage correction to 1934-638.9500
Applying changes to dataset
Counts of correlations within selected channels:
 channel  Originally  Currently
 Good:       6948472    6921576    Changed to bad:      26896
 Bad:        1411448    1438344    Changed to good:         0
 17.2% of the data is now flagged

2018-11-22 16:26:27,337 [MainThread  ] [INFO ]  pgflag vis=1934-638.9500 command='<b' stokes=i,v,q,u flagpar=8,2,2,3,6,3  options=nodisp

pgflag: Revision 1.30, 2016/10/05 23:06:50 UTC

Applying bandpass corrections to 1934-638.9500
Applying freq. dependent gain corrections to 1934-638.9500
Applying freq. dependent leakage correction to 1934-638.9500
Applying changes to dataset
Counts of correlations within selected channels:
 channel  Originally  Currently
 Good:       6921576    6895908    Changed to bad:      25668
 Bad:        1438344    1464012    Changed to good:         0
 17.5% of the data is now flagged

2018-11-22 16:26:43,878 [MainThread  ] [INFO ]  pgflag vis=1934-638.9500 command='<b' stokes=i,v,u,q flagpar=8,2,2,3,6,3  options=nodisp

pgflag: Revision 1.30, 2016/10/05 23:06:50 UTC

Applying bandpass corrections to 1934-638.9500
Applying freq. dependent gain corrections to 1934-638.9500
Applying freq. dependent leakage correction to 1934-638.9500
Applying changes to dataset
Counts of correlations within selected channels:
 channel  Originally  Currently
 Good:       6895908    6870884    Changed to bad:      25024
 Bad:        1464012    1489036    Changed to good:         0
 17.8% of the data is now flagged

2018-11-22 16:27:46,524 [MainThread  ] [INFO ]  mfcal vis=1934-638.9500 refant=4 interval=0.1
MfCal: $Revision: 1.20 $, $Date: 2017/05/08 02:31:10 $
Selecting parallel-hand polarisations
Reading the data ...
Number correlations accepted: 3435442
Number of frequency bands/settings: 1
Number of polarisations selected: 2
Number of solution intervals: 68
Number of passband solution intervals: 1
Initialising ...
Using post-Aug94 ATCA flux scale for 1934-638.
Using known frequency variation of 1934-638
Generating initial solution estimate ...
Doing solution refinement ...
Iter= 1, Solution Error:  0.461
Iter= 2, Solution Error:  0.008
Iter= 3, Solution Error:  0.000
Saving solution ...

2018-11-22 16:27:47,215 [MainThread  ] [INFO ]  gpcal vis=1934-638.9500 refant=4 interval=0.1 nfbin=2 options=xyvary

gpcal: Revision 1.22, 2016/05/01 22:31:05 UTC

Applying bandpass corrections to 1934-638.9500
Number of antennae: 6
Using leakage parameters from input as initial guess
Reading the data ...
Number of solution intervals: 68
Total visibilities read: 1020
Number visibilities accepted: 1020
Using post-Aug94 ATCA flux scale for 1934-638.
Using IQUV =  2.5337,  0.0000,  0.0000,  0.0000 at   9.4736 GHz.
Using post-Aug94 ATCA flux scale for 1934-638.
Using IQUV =  2.6979,  0.0000,  0.0000,  0.0000 at   9.0075 GHz.
Using post-Aug94 ATCA flux scale for 1934-638.
Using IQUV =  2.3857,  0.0000,  0.0000,  0.0000 at   9.9454 GHz.
Iter= 1, Amplit/Phase Solution Error:   0.146
Iter= 1, Polarisation Solution Error:   0.000
Iter= 1, Overall Solution Error:        0.592
Iter= 2, Amplit/Phase Solution Error:   0.002
Iter= 2, Polarisation Solution Error:   0.000
Iter= 2, Overall Solution Error:        0.004
Iter= 3, Amplit/Phase Solution Error:   0.001
Iter= 3, Polarisation Solution Error:   0.000
Iter= 3, Overall Solution Error:        0.001
I flux density:   2.5337
Leakage terms:
 Ant 1:Dx,Dy = ( 0.00214, 0.00007),(-0.00118,-0.00033)
 Ant 2:Dx,Dy = ( 0.00345, 0.00187),(-0.00275, 0.00249)
 Ant 3:Dx,Dy = ( 0.00599,-0.00191),(-0.00878,-0.00222)
 Ant 4:Dx,Dy = ( 0.00229, 0.01556),(-0.00121, 0.01596)
 Ant 5:Dx,Dy = (-0.01626, 0.00286),( 0.01725, 0.00274)
 Ant 6:Dx,Dy = ( 0.00409,-0.01983),(-0.00162,-0.01727)
Solution for freq bin  1
Iter= 1, Amplit/Phase Solution Error:   0.143
Iter= 1, Polarisation Solution Error:   0.001
Iter= 1, Overall Solution Error:        0.579
Iter= 2, Amplit/Phase Solution Error:   0.002
Iter= 2, Polarisation Solution Error:   0.000
Iter= 2, Overall Solution Error:        0.004
Iter= 3, Amplit/Phase Solution Error:   0.001
Iter= 3, Polarisation Solution Error:   0.000
Iter= 3, Overall Solution Error:        0.001
I flux density:   2.6979
Leakage terms:
 Ant 1:Dx,Dy = ( 0.00237, 0.00034),(-0.00145,-0.00015)
 Ant 2:Dx,Dy = ( 0.00380, 0.00274),(-0.00254, 0.00332)
 Ant 3:Dx,Dy = ( 0.00595,-0.00244),(-0.00853,-0.00242)
 Ant 4:Dx,Dy = ( 0.00196, 0.01557),(-0.00188, 0.01612)
 Ant 5:Dx,Dy = (-0.01645, 0.00153),( 0.01694, 0.00222)
 Ant 6:Dx,Dy = ( 0.00410,-0.01930),(-0.00080,-0.01753)
Solution for freq bin  2
Iter= 1, Amplit/Phase Solution Error:   0.149
Iter= 1, Polarisation Solution Error:   0.001
Iter= 1, Overall Solution Error:        0.606
Iter= 2, Amplit/Phase Solution Error:   0.002
Iter= 2, Polarisation Solution Error:   0.000
Iter= 2, Overall Solution Error:        0.003
Iter= 3, Amplit/Phase Solution Error:   0.001
Iter= 3, Polarisation Solution Error:   0.000
Iter= 3, Overall Solution Error:        0.001
I flux density:   2.3857
Leakage terms:
 Ant 1:Dx,Dy = ( 0.00190,-0.00021),(-0.00089,-0.00052)
 Ant 2:Dx,Dy = ( 0.00307, 0.00092),(-0.00298, 0.00158)
 Ant 3:Dx,Dy = ( 0.00604,-0.00132),(-0.00907,-0.00199)
 Ant 4:Dx,Dy = ( 0.00264, 0.01556),(-0.00048, 0.01578)
 Ant 5:Dx,Dy = (-0.01607, 0.00429),( 0.01758, 0.00330)
 Ant 6:Dx,Dy = ( 0.00408,-0.02040),(-0.00251,-0.01699)

2018-11-22 16:27:47,324 [MainThread  ] [INFO ]  gpcopy vis=1934-638.9500 out=2312-319.9500

gpcopy: Revision 1.13, 2015/10/29 01:31:39 UTC

Copying leakage table
Copying gain table
Interpolation tolerance set to (minutes): 720.00
Copying bandpass table

2018-11-22 16:31:00,930 [MainThread  ] [INFO ]  pgflag vis=2312-319.9500 command='<b' stokes=i,q,u,v flagpar=8,5,5,3,6,3 options=nodisp

pgflag: Revision 1.30, 2016/10/05 23:06:50 UTC

Applying bandpass corrections to 2312-319.9500
Applying freq. dependent gain corrections to 2312-319.9500
Applying freq. dependent leakage correction to 2312-319.9500
Applying changes to dataset
Counts of correlations within selected channels:
 channel  Originally  Currently
 Good:      68428672   67623740    Changed to bad:     804932
 Bad:       10875824   11680756    Changed to good:         0
 14.7% of the data is now flagged

2018-11-22 16:34:03,789 [MainThread  ] [INFO ]  pgflag vis=2312-319.9500 command='<b' stokes=i,v,q,u flagpar=8,2,2,3,6,3  options=nodisp

pgflag: Revision 1.30, 2016/10/05 23:06:50 UTC

Applying bandpass corrections to 2312-319.9500
Applying freq. dependent gain corrections to 2312-319.9500
Applying freq. dependent leakage correction to 2312-319.9500
Applying changes to dataset
Counts of correlations within selected channels:
 channel  Originally  Currently
 Good:      67623740   66883004    Changed to bad:     740736
 Bad:       11680756   12421492    Changed to good:         0
 15.7% of the data is now flagged

2018-11-22 16:37:19,581 [MainThread  ] [INFO ]  pgflag vis=2312-319.9500 command='<b' stokes=i,v,u,q flagpar=8,2,2,3,6,3  options=nodisp

pgflag: Revision 1.30, 2016/10/05 23:06:50 UTC

Applying bandpass corrections to 2312-319.9500
Applying freq. dependent gain corrections to 2312-319.9500
Applying freq. dependent leakage correction to 2312-319.9500
Applying changes to dataset
Counts of correlations within selected channels:
 channel  Originally  Currently
 Good:      66883004   66372052    Changed to bad:     510952
 Bad:       12421492   12932444    Changed to good:         0
 16.3% of the data is now flagged

2018-11-22 16:37:25,917 [MainThread  ] [INFO ]  gpcal vis=2312-319.9500 refant=4 interval=0.1 nfbin=2 options=xyvary,qusolve

gpcal: Revision 1.22, 2016/05/01 22:31:05 UTC

Applying bandpass corrections to 2312-319.9500
Number of antennae: 6
Using leakage parameters from input as initial guess
Reading the data ...
Number of solution intervals: 642
Total visibilities read: 9676
Number visibilities accepted: 9601
Iter= 1, Amplit/Phase Solution Error:   0.530
Iter= 1, Polarisation Solution Error:   0.006
Iter= 1, Overall Solution Error:        2.268
Iter= 2, Amplit/Phase Solution Error:   0.006
Iter= 2, Polarisation Solution Error:   0.000
Iter= 2, Overall Solution Error:        0.033
Iter= 3, Amplit/Phase Solution Error:   0.001
Iter= 3, Polarisation Solution Error:   0.000
Iter= 3, Overall Solution Error:        0.011
Iter= 4, Amplit/Phase Solution Error:   0.000
Iter= 4, Polarisation Solution Error:   0.000
Iter= 4, Overall Solution Error:        0.000
I flux density:   0.5571
Percent Q:  -0.553
Percent U:   0.040
Leakage terms:
 Ant 1:Dx,Dy = ( 0.00120,-0.00047),(-0.00096, 0.00024)
 Ant 2:Dx,Dy = ( 0.00328, 0.00137),(-0.00301, 0.00310)
 Ant 3:Dx,Dy = ( 0.00607,-0.00264),(-0.00960,-0.00180)
 Ant 4:Dx,Dy = ( 0.00201, 0.01506),(-0.00131, 0.01657)
 Ant 5:Dx,Dy = (-0.01635, 0.00235),( 0.01694, 0.00332)
 Ant 6:Dx,Dy = ( 0.00383,-0.02067),(-0.00203,-0.01643)
Solution for freq bin  1
Iter= 1, Amplit/Phase Solution Error:   0.504
Iter= 1, Polarisation Solution Error:   0.006
Iter= 1, Overall Solution Error:        2.201
Iter= 2, Amplit/Phase Solution Error:   0.007
Iter= 2, Polarisation Solution Error:   0.000
Iter= 2, Overall Solution Error:        0.010
Iter= 3, Amplit/Phase Solution Error:   0.001
Iter= 3, Polarisation Solution Error:   0.000
Iter= 3, Overall Solution Error:        0.003
Iter= 4, Amplit/Phase Solution Error:   0.000
Iter= 4, Polarisation Solution Error:   0.000
Iter= 4, Overall Solution Error:        0.000
I flux density:   0.5598
Percent Q:  -0.637
Percent U:   0.231
Leakage terms:
 Ant 1:Dx,Dy = ( 0.00135,-0.00006),(-0.00125, 0.00041)
 Ant 2:Dx,Dy = ( 0.00369, 0.00214),(-0.00271, 0.00401)
 Ant 3:Dx,Dy = ( 0.00602,-0.00342),(-0.00936,-0.00196)
 Ant 4:Dx,Dy = ( 0.00189, 0.01529),(-0.00199, 0.01668)
 Ant 5:Dx,Dy = (-0.01638, 0.00086),( 0.01659, 0.00273)
 Ant 6:Dx,Dy = ( 0.00393,-0.02011),(-0.00078,-0.01658)
Solution for freq bin  2
Iter= 1, Amplit/Phase Solution Error:   0.556
Iter= 1, Polarisation Solution Error:   0.005
Iter= 1, Overall Solution Error:        2.315
Iter= 2, Amplit/Phase Solution Error:   0.005
Iter= 2, Polarisation Solution Error:   0.000
Iter= 2, Overall Solution Error:        0.036
Iter= 3, Amplit/Phase Solution Error:   0.001
Iter= 3, Polarisation Solution Error:   0.000
Iter= 3, Overall Solution Error:        0.009
Iter= 4, Amplit/Phase Solution Error:   0.000
Iter= 4, Polarisation Solution Error:   0.000
Iter= 4, Overall Solution Error:        0.000
I flux density:   0.5549
Percent Q:  -0.476
Percent U:  -0.136
Leakage terms:
 Ant 1:Dx,Dy = ( 0.00105,-0.00087),(-0.00069, 0.00006)
 Ant 2:Dx,Dy = ( 0.00289, 0.00066),(-0.00329, 0.00226)
 Ant 3:Dx,Dy = ( 0.00612,-0.00190),(-0.00981,-0.00162)
 Ant 4:Dx,Dy = ( 0.00210, 0.01485),(-0.00067, 0.01647)
 Ant 5:Dx,Dy = (-0.01631, 0.00373),( 0.01725, 0.00387)
 Ant 6:Dx,Dy = ( 0.00374,-0.02118),(-0.00319,-0.01633)

2018-11-22 16:40:40,806 [MainThread  ] [INFO ]  pgflag vis=2312-319.9500 command='<b' stokes=i,q,u,v flagpar=8,5,5,3,6,3 options=nodisp

pgflag: Revision 1.30, 2016/10/05 23:06:50 UTC

Applying bandpass corrections to 2312-319.9500
Applying freq. dependent gain corrections to 2312-319.9500
Applying freq. dependent leakage correction to 2312-319.9500
Applying changes to dataset
Counts of correlations within selected channels:
 channel  Originally  Currently
 Good:      66372052   65971500    Changed to bad:     400552
 Bad:       12932444   13332996    Changed to good:         0
 16.8% of the data is now flagged

2018-11-22 16:43:57,243 [MainThread  ] [INFO ]  pgflag vis=2312-319.9500 command='<b' stokes=i,v,q,u flagpar=8,2,2,3,6,3  options=nodisp

pgflag: Revision 1.30, 2016/10/05 23:06:50 UTC

Applying bandpass corrections to 2312-319.9500
Applying freq. dependent gain corrections to 2312-319.9500
Applying freq. dependent leakage correction to 2312-319.9500
Applying changes to dataset
Counts of correlations within selected channels:
 channel  Originally  Currently
 Good:      65971500   65606724    Changed to bad:     364776
 Bad:       13332996   13697772    Changed to good:         0
 17.3% of the data is now flagged

2018-11-22 16:47:18,327 [MainThread  ] [INFO ]  pgflag vis=2312-319.9500 command='<b' stokes=i,v,u,q flagpar=8,2,2,3,6,3  options=nodisp

pgflag: Revision 1.30, 2016/10/05 23:06:50 UTC

Applying bandpass corrections to 2312-319.9500
Applying freq. dependent gain corrections to 2312-319.9500
Applying freq. dependent leakage correction to 2312-319.9500
Applying changes to dataset
Counts of correlations within selected channels:
 channel  Originally  Currently
 Good:      65606724   65293224    Changed to bad:     313500
 Bad:       13697772   14011272    Changed to good:         0
 17.7% of the data is now flagged

2018-11-22 16:47:24,666 [MainThread  ] [INFO ]  gpcal vis=2312-319.9500 refant=4 interval=0.1 nfbin=2 options=xyvary,qusolve

gpcal: Revision 1.22, 2016/05/01 22:31:05 UTC

Applying bandpass corrections to 2312-319.9500
Number of antennae: 6
Using leakage parameters from input as initial guess
Reading the data ...
Number of solution intervals: 641
Total visibilities read: 9676
Number visibilities accepted: 9587
Iter= 1, Amplit/Phase Solution Error:   0.531
Iter= 1, Polarisation Solution Error:   0.006
Iter= 1, Overall Solution Error:        2.268
Iter= 2, Amplit/Phase Solution Error:   0.006
Iter= 2, Polarisation Solution Error:   0.000
Iter= 2, Overall Solution Error:        0.006
Iter= 3, Amplit/Phase Solution Error:   0.001
Iter= 3, Polarisation Solution Error:   0.000
Iter= 3, Overall Solution Error:        0.002
Iter= 4, Amplit/Phase Solution Error:   0.000
Iter= 4, Polarisation Solution Error:   0.000
Iter= 4, Overall Solution Error:        0.000
I flux density:   0.5584
Percent Q:  -0.560
Percent U:   0.038
Leakage terms:
 Ant 1:Dx,Dy = ( 0.00123,-0.00047),(-0.00091, 0.00022)
 Ant 2:Dx,Dy = ( 0.00332, 0.00137),(-0.00296, 0.00310)
 Ant 3:Dx,Dy = ( 0.00609,-0.00264),(-0.00956,-0.00180)
 Ant 4:Dx,Dy = ( 0.00206, 0.01505),(-0.00128, 0.01658)
 Ant 5:Dx,Dy = (-0.01630, 0.00237),( 0.01699, 0.00332)
 Ant 6:Dx,Dy = ( 0.00386,-0.02069),(-0.00201,-0.01642)
Solution for freq bin  1
Iter= 1, Amplit/Phase Solution Error:   0.506
Iter= 1, Polarisation Solution Error:   0.006
Iter= 1, Overall Solution Error:        2.201
Iter= 2, Amplit/Phase Solution Error:   0.007
Iter= 2, Polarisation Solution Error:   0.000
Iter= 2, Overall Solution Error:        0.007
Iter= 3, Amplit/Phase Solution Error:   0.001
Iter= 3, Polarisation Solution Error:   0.000
Iter= 3, Overall Solution Error:        0.001
Iter= 4, Amplit/Phase Solution Error:   0.000
Iter= 4, Polarisation Solution Error:   0.000
Iter= 4, Overall Solution Error:        0.000
I flux density:   0.5614
Percent Q:  -0.647
Percent U:   0.229
Leakage terms:
 Ant 1:Dx,Dy = ( 0.00140,-0.00005),(-0.00118, 0.00040)
 Ant 2:Dx,Dy = ( 0.00375, 0.00217),(-0.00265, 0.00399)
 Ant 3:Dx,Dy = ( 0.00606,-0.00343),(-0.00931,-0.00198)
 Ant 4:Dx,Dy = ( 0.00197, 0.01527),(-0.00197, 0.01671)
 Ant 5:Dx,Dy = (-0.01633, 0.00087),( 0.01666, 0.00274)
 Ant 6:Dx,Dy = ( 0.00397,-0.02012),(-0.00074,-0.01657)
Solution for freq bin  2
Iter= 1, Amplit/Phase Solution Error:   0.556
Iter= 1, Polarisation Solution Error:   0.005
Iter= 1, Overall Solution Error:        2.315
Iter= 2, Amplit/Phase Solution Error:   0.005
Iter= 2, Polarisation Solution Error:   0.000
Iter= 2, Overall Solution Error:        0.006
Iter= 3, Amplit/Phase Solution Error:   0.001
Iter= 3, Polarisation Solution Error:   0.000
Iter= 3, Overall Solution Error:        0.011
Iter= 4, Amplit/Phase Solution Error:   0.000
Iter= 4, Polarisation Solution Error:   0.000
Iter= 4, Overall Solution Error:        0.000
I flux density:   0.5561
Percent Q:  -0.477
Percent U:  -0.133
Leakage terms:
 Ant 1:Dx,Dy = ( 0.00105,-0.00087),(-0.00069, 0.00005)
 Ant 2:Dx,Dy = ( 0.00289, 0.00064),(-0.00328, 0.00228)
 Ant 3:Dx,Dy = ( 0.00611,-0.00191),(-0.00981,-0.00162)
 Ant 4:Dx,Dy = ( 0.00212, 0.01484),(-0.00067, 0.01648)
 Ant 5:Dx,Dy = (-0.01629, 0.00375),( 0.01727, 0.00386)
 Ant 6:Dx,Dy = ( 0.00375,-0.02119),(-0.00320,-0.01633)

2018-11-22 16:47:24,695 [MainThread  ] [INFO ]  gpboot vis=2312-319.9500 cal=1934-638.9500

gpboot: Revision 1.9, 2015/10/29 01:31:30 UTC

Secondary flux density scaled by:   0.995
Frequency bin  1 scaled by      :   0.997
Frequency bin  2 scaled by      :   0.997

2018-11-22 16:49:12,489 [MainThread  ] [INFO ]  gpcopy vis=2312-319.9500 out=a.9500

gpcopy: Revision 1.13, 2015/10/29 01:31:39 UTC

Copying leakage table
Copying gain table
Interpolation tolerance set to (minutes): 720.00
Copying bandpass table

2018-11-22 17:10:13,931 [MainThread  ] [INFO ]  pgflag vis=a.9500 command='<b' stokes=i,v,q,u flagpar=8,2,2,3,6,3  options=nodisp

pgflag: Revision 1.30, 2016/10/05 23:06:50 UTC

Applying bandpass corrections to a.9500
Applying freq. dependent gain corrections to a.9500
Applying freq. dependent leakage correction to a.9500
Applying changes to dataset
Counts of correlations within selected channels:
 channel  Originally  Currently
 Good:     438393280  426095136    Changed to bad:   12298144
 Bad:       69676760   81974904    Changed to good:         0
 16.1% of the data is now flagged

2018-11-22 17:33:23,517 [MainThread  ] [INFO ]  pgflag vis=a.9500 command='<b' stokes=i,v,u,q flagpar=8,2,2,3,6,3  options=nodisp

pgflag: Revision 1.30, 2016/10/05 23:06:50 UTC

Applying bandpass corrections to a.9500
Applying freq. dependent gain corrections to a.9500
Applying freq. dependent leakage correction to a.9500
Applying changes to dataset
Counts of correlations within selected channels:
 channel  Originally  Currently
 Good:     426095136  417050072    Changed to bad:    9045064
 Bad:       81974904   91019968    Changed to good:         0
 17.9% of the data is now flagged

2018-11-22 17:40:13,979 [MainThread  ] [INFO ]  uvsplit vis=a.9500

uvsplit: Revision 1.18, 2016/05/09 03:06:18 UTC

Creating a_21.9500
Creating a_22.9500
Creating a_23.9500
Creating a_24.9500
Creating a_25.9500
Creating a_26.9500
Creating a_27.9500
Creating a_28.9500
Creating a_29.9500
Creating a_30.9500
Creating a_31.9500
Creating a_32.9500
Creating a_33.9500
Creating a_34.9500
Creating a_35.9500
Creating a_36.9500
Creating a_37.9500
Creating a_38.9500
Creating a_39.9500
Creating a_40.9500
Creating a_41.9500
Creating a_42.9500
Creating a_43.9500
Creating a_44.9500
Creating a_45.9500
Creating a_46.9500
Creating a_47.9500
Creating a_48.9500
Creating a_49.9500
Creating a_50.9500
Creating a_51.9500
Creating a_52.9500
Creating a_53.9500
Creating a_54.9500
Creating a_55.9500
Creating a_56.9500
Creating a_57.9500
Creating a_58.9500
Creating a_59.9500
Creating a_60.9500
Creating a_61.9500
Creating a_62.9500
Creating a_63.9500
Creating a_64.9500
Creating a_65.9500
Creating a_66.9500
Creating a_67.9500
Creating a_68.9500
Creating a_69.9500
Creating a_70.9500
Creating a_71.9500
Creating a_72.9500
Creating a_73.9500
Creating a_74.9500
Creating a_75.9500
Creating a_76.9500
Creating a_77.9500
Creating a_78.9500
Creating a_79.9500
Creating a_80.9500
Creating a_81.9500
Creating a_82.9500
Creating a_83.9500
Creating a_84.9500
Creating a_85.9500
Creating a_86.9500
Creating a_87.9500
Creating a_88.9500
Creating a_89.9500
Creating a_90.9500
Creating a_91.9500
Creating a_92.9500
Creating a_93.9500
Creating a_94.9500
Creating a_95.9500
Creating a_96.9500
Creating a_97.9500
Creating a_98.9500
Creating a_99.9500
Creating a_100.9500
Creating a_101.9500
Creating a_102.9500
Creating a_103.9500
Creating a_104.9500
Creating a_105.9500
Creating a_106.9500
Creating a_107.9500
Creating a_108.9500
Creating a_109.9500
Creating a_110.9500
Creating a_111.9500
Creating a_112.9500
Creating a_113.9500
Creating a_114.9500
Creating a_115.9500
Creating a_116.9500
Creating a_117.9500
Creating a_118.9500
Creating a_119.9500
Creating a_120.9500
Creating a_121.9500
Creating a_122.9500
Creating a_123.9500
Creating a_124.9500
Creating a_125.9500
Creating a_126.9500
Creating a_127.9500
Creating a_128.9500
Creating a_129.9500
Creating a_130.9500
Creating a_131.9500
Creating a_132.9500
Creating a_133.9500
Creating a_134.9500
Creating a_135.9500
Creating a_136.9500
Creating a_137.9500
Creating a_138.9500
Creating a_139.9500
Creating a_140.9500
Creating a_141.9500
Creating a_142.9500
Creating a_143.9500
Creating a_144.9500
Creating a_145.9500
Creating a_146.9500
Creating a_147.9500
Creating a_148.9500
Creating a_149.9500
Creating a_150.9500
Creating a_151.9500
Creating a_152.9500
Creating a_153.9500
Creating a_154.9500
Creating a_155.9500
Creating a_156.9500
Creating a_157.9500
Creating a_158.9500
Creating a_159.9500
Creating a_160.9500
Creating a_161.9500
Creating a_162.9500
Creating a_163.9500
Creating a_164.9500
Creating a_165.9500
Creating a_166.9500
Creating a_167.9500
Creating a_168.9500
Creating a_169.9500
Creating a_170.9500
Creating a_171.9500
Creating a_172.9500
Creating a_173.9500
Creating a_174.9500
Creating a_175.9500
Creating a_176.9500
Creating a_177.9500
Creating a_178.9500
Creating a_179.9500
Creating a_180.9500
Creating a_1.9500
Creating a_2.9500
Creating a_3.9500
Creating a_4.9500
Creating a_5.9500
Creating a_6.9500
Creating a_7.9500
Creating a_8.9500
Creating a_9.9500
Creating a_10.9500
Creating a_11.9500
Creating a_12.9500
Creating a_13.9500
Creating a_14.9500
Creating a_15.9500
Creating a_16.9500
Creating a_17.9500
Creating a_18.9500
Creating a_19.9500
Creating a_20.9500

