2018-08-06 10:20:44,297 [MainThread  ] [INFO ]  atlod in=raw/2016-12-03_0237.C3132,raw/2016-12-03_0534.C3132,raw/2016-12-03_0821.C3132,raw/2016-12-03_1108.C3132,raw/2016-12-03_1357.C3132 out=data9.uv ifsel=2 options=birdie,rfiflag,noauto,xycorr

atlod: Revision 1.53, 2016/08/25 23:02:21 UTC

Processing file raw/2016-12-03_0237.C3132
 02:37:22 CAOBS> track 1
CABB data detected
Scan 1 started at 16DEC03:02:37:40.0
Source: 1934-638
Flagging channels in  28 frequency ranges
 02:48:45 CAOBS> stop
 02:49:17 CAOBS> set file c3132_obs_d6
 02:49:52 CAOBS> start 7/99
Scan 2 started at 16DEC03:02:51:40.0
Source: 2312-319
Scan 3 started at 16DEC03:02:54:44.0
Source: d_961
Source: d_962
Source: d_963
Source: d_964
Source: d_965
Source: d_966
Source: d_967
Source: d_968
Source: d_969
Source: d_970
Source: d_971
Source: d_972
Source: d_973
Source: d_974
Source: d_975
Source: d_976
Source: d_977
Source: d_978
Source: d_979
Source: d_980
Scan 4 started at 16DEC03:03:08:12.0
Source: 2312-319
Scan 5 started at 16DEC03:03:11:16.0
Source: d_981
Source: d_982
Source: d_983
Source: d_984
Source: d_985
Source: d_986
Source: d_987
Source: d_988
Source: d_989
Source: d_990
Source: d_991
Source: d_992
Source: d_993
Source: d_994
Source: d_995
Source: d_996
Source: d_997
Source: d_998
Source: d_999
Source: d_1000
Scan 6 started at 16DEC03:03:24:44.0
Source: 2312-319
Scan 7 started at 16DEC03:03:27:48.0
Source: d_1001
Source: d_1002
Source: d_1003
Source: d_1004
Source: d_1005
Source: d_1006
Source: d_1007
Source: d_1008
Source: d_1009
Source: d_1010
Source: d_1011
Source: d_1012
Source: d_1013
Source: d_1014
Source: d_1015
Source: d_1016
Source: d_1017
Source: d_1018
Source: d_1019
Source: d_1020
Scan 8 started at 16DEC03:03:41:08.0
Source: 2312-319
Scan 9 started at 16DEC03:03:44:12.0
Source: d_1021
Source: d_1022
Source: d_1023
Source: d_1024
Source: d_1025
Source: d_1026
Source: d_1027
Source: d_1028
Source: d_1029
Source: d_1030
Source: d_1031
Source: d_1032
Source: d_1033
Source: d_1034
Source: d_1035
Source: d_1036
Source: d_1037
Source: d_1038
Source: d_1039
Source: d_1040
Scan 10 started at 16DEC03:03:57:40.0
Source: 2312-319
Scan 11 started at 16DEC03:04:00:44.0
Source: d_1041
Source: d_1042
Source: d_1043
Source: d_1044
Source: d_1045
Source: d_1046
Source: d_1047
Source: d_1048
Source: d_1049
Source: d_1050
Source: d_1051
Source: d_1052
Source: d_1053
Source: d_1054
Source: d_1055
Source: d_1056
Source: d_1057
Source: d_1058
Source: d_1059
Source: d_1060
Scan 12 started at 16DEC03:04:14:12.0
Source: 2312-319
Scan 13 started at 16DEC03:04:17:16.0
Source: d_1061
Source: d_1062
Source: d_1063
Source: d_1064
Source: d_1065
Source: d_1066
Source: d_1067
Source: d_1068
Source: d_1069
Source: d_1070
Source: d_1071
Source: d_1072
Source: d_1073
Source: d_1074
Source: d_1075
Source: d_1076
Source: d_1077
Source: d_1078
Source: d_1079
Source: d_1080
Scan 14 started at 16DEC03:04:30:44.0
Source: 2312-319
Scan 15 started at 16DEC03:04:33:40.0
Source: d_901
Source: d_902
Source: d_903
Source: d_904
Source: d_905
Source: d_906
Source: d_907
Source: d_908
Source: d_909
Source: d_910
Source: d_911
Source: d_912
Source: d_913
Source: d_914
Source: d_915
Source: d_916
Source: d_917
Source: d_918
Source: d_919
Source: d_920
Scan 16 started at 16DEC03:04:47:16.0
Source: 2312-319
Scan 17 started at 16DEC03:04:50:20.0
Source: d_921
Source: d_922
Source: d_923
Source: d_924
Source: d_925
Source: d_926
Source: d_927
Source: d_928
Source: d_929
Source: d_930
Source: d_931
Source: d_932
Source: d_933
Source: d_934
Source: d_935
Source: d_936
Source: d_937
Source: d_938
Source: d_939
Source: d_940
Scan 18 started at 16DEC03:05:03:48.0
Source: 2312-319
Scan 19 started at 16DEC03:05:06:52.0
Source: d_941
Source: d_942
 05:07:49 CAOBS> stop
 05:07:54 CAOBS> stow
 05:16:54 CAOBS> stop
 05:17:20 CAOBS> start 5/99
RPFITS file version is 2.12
---------------------------------------
Total number of spectra selected: 72660

Summary of spectra flagged
Flagging Reason            Fraction
---------------            --------
Antenna off-source/off-line  16.7%
---------------------------------------
Processing file raw/2016-12-03_0534.C3132
 05:07:49 CAOBS> stop
 05:07:54 CAOBS> stow
 05:16:54 CAOBS> stop
 05:17:20 CAOBS> start 5/99
CABB data detected
 05:25:46 CAOBS> start 5/99
 05:45:24 CAOBS> start 5/99
 05:45:28 CAOBS> stop
 05:45:30 CAOBS> start 5/99
 05:54:47 CAOBS> set genset_on all
 06:00:39 CAOBS> start 5/99
 06:01:39 CAOBS> stop
 06:01:51 CAOBS> start 5/99
Scan 3 started at 16DEC03:06:03:24.0
Source: 2312-319
Scan 4 started at 16DEC03:06:06:20.0
Source: d_941
Source: d_942
Source: d_943
Source: d_944
Source: d_945
Source: d_946
Source: d_947
Source: d_948
Source: d_949
Source: d_950
Source: d_951
Source: d_952
Source: d_953
Source: d_954
Source: d_955
Source: d_956
Source: d_957
Source: d_958
Source: d_959
Source: d_960
 06:08:18 CAOBS> set genset_off all
Scan 5 started at 16DEC03:06:19:40.0
Source: 2312-319
Scan 6 started at 16DEC03:06:22:44.0
Source: d_961
Source: d_962
Source: d_963
Source: d_964
Source: d_965
Source: d_966
Source: d_967
Source: d_968
Source: d_969
Source: d_970
Source: d_971
Source: d_972
Source: d_973
Source: d_974
Source: d_975
Source: d_976
Source: d_977
Source: d_978
Source: d_979
Source: d_980
Scan 7 started at 16DEC03:06:36:12.0
Source: 2312-319
Scan 8 started at 16DEC03:06:39:16.0
Source: d_981
Source: d_982
Source: d_983
Source: d_984
Source: d_985
Source: d_986
Source: d_987
Source: d_988
Source: d_989
Source: d_990
Source: d_991
Source: d_992
Source: d_993
Source: d_994
Source: d_995
Source: d_996
Source: d_997
Source: d_998
Source: d_999
Source: d_1000
Scan 9 started at 16DEC03:06:52:44.0
Source: 2312-319
Scan 10 started at 16DEC03:06:55:48.0
Source: d_1001
Source: d_1002
Source: d_1003
Source: d_1004
Source: d_1005
Source: d_1006
Source: d_1007
Source: d_1008
Source: d_1009
Source: d_1010
Source: d_1011
Source: d_1012
Source: d_1013
Source: d_1014
Source: d_1015
Source: d_1016
Source: d_1017
Source: d_1018
Source: d_1019
Source: d_1020
Scan 11 started at 16DEC03:07:09:16.0
Source: 2312-319
Scan 12 started at 16DEC03:07:12:36.0
Source: d_1021
Source: d_1022
Source: d_1023
Source: d_1024
Source: d_1025
Source: d_1026
Source: d_1027
Source: d_1028
Source: d_1029
Source: d_1030
Source: d_1031
Source: d_1032
Source: d_1033
Source: d_1034
Source: d_1035
Source: d_1036
Source: d_1037
Source: d_1038
Source: d_1039
Source: d_1040
Scan 13 started at 16DEC03:07:26:04.0
Source: 2312-319
Scan 14 started at 16DEC03:07:29:32.0
Source: d_1041
Source: d_1042
Source: d_1043
Source: d_1044
Source: d_1045
Source: d_1046
Source: d_1047
Source: d_1048
Source: d_1049
Source: d_1050
Source: d_1051
Source: d_1052
Source: d_1053
Source: d_1054
Source: d_1055
Source: d_1056
Source: d_1057
Source: d_1058
Source: d_1059
Source: d_1060
Scan 15 started at 16DEC03:07:43:16.0
Source: 2312-319
Scan 16 started at 16DEC03:07:47:16.0
Source: d_1061
Source: d_1062
Source: d_1063
Source: d_1064
Source: d_1065
Source: d_1066
Source: d_1067
Source: d_1068
Source: d_1069
Source: d_1070
Source: d_1071
Source: d_1072
Source: d_1073
Source: d_1074
Source: d_1075
Source: d_1076
Source: d_1077
Source: d_1078
Source: d_1079
Source: d_1080
Scan 17 started at 16DEC03:08:00:52.0
Source: 2312-319
Scan 18 started at 16DEC03:08:05:57.5
Source: d_902
Source: d_903
Source: d_904
Source: d_905
Source: d_906
Source: d_907
Source: d_908
Source: d_909
Source: d_910
Source: d_911
Source: d_912
Source: d_913
Source: d_914
Source: d_915
Source: d_916
Source: d_917
Source: d_918
Source: d_919
Source: d_920
Scan 19 started at 16DEC03:08:20:20.0
Source: 2312-319
RPFITS file version is 2.12
---------------------------------------
Total number of spectra selected: 72660

Summary of spectra flagged
Flagging Reason            Fraction
---------------            --------
Antenna off-source/off-line  25.3%
---------------------------------------
Processing file raw/2016-12-03_0821.C3132
CABB data detected
Scan 1 started at 16DEC03:08:21:40.0
Source: 2312-319
Scan 2 started at 16DEC03:08:25:16.0
Source: d_921
Source: d_922
Source: d_923
Source: d_924
Source: d_925
Source: d_926
Source: d_927
Source: d_928
Source: d_929
Source: d_930
Source: d_931
Source: d_932
Source: d_933
Source: d_934
Source: d_935
Source: d_936
Source: d_937
Source: d_938
Source: d_939
Source: d_940
Scan 3 started at 16DEC03:08:38:36.0
Source: 2312-319
Scan 4 started at 16DEC03:08:41:40.0
Source: d_941
Source: d_942
Source: d_943
Source: d_944
Source: d_945
Source: d_946
Source: d_947
Source: d_948
Source: d_949
Source: d_950
Source: d_951
Source: d_952
Source: d_953
Source: d_954
Source: d_955
Source: d_956
Source: d_957
Source: d_958
Source: d_959
Source: d_960
Scan 5 started at 16DEC03:08:55:08.0
Source: 2312-319
Scan 6 started at 16DEC03:08:58:12.0
Source: d_961
Source: d_962
Source: d_963
Source: d_964
Source: d_965
Source: d_966
Source: d_967
Source: d_968
Source: d_969
Source: d_970
Source: d_971
Source: d_972
Source: d_973
Source: d_974
Source: d_975
Source: d_976
Source: d_977
Source: d_978
Source: d_979
Source: d_980
Scan 7 started at 16DEC03:09:11:48.0
Source: 2312-319
Scan 8 started at 16DEC03:09:14:52.0
Source: d_981
Source: d_982
Source: d_983
Source: d_984
Source: d_985
Source: d_986
Source: d_987
Source: d_988
Source: d_989
Source: d_990
Source: d_991
Source: d_992
Source: d_993
Source: d_994
Source: d_995
Source: d_996
Source: d_997
Source: d_998
Source: d_999
Source: d_1000
Scan 9 started at 16DEC03:09:28:20.0
Source: 2312-319
Scan 10 started at 16DEC03:09:31:24.0
Source: d_1001
Source: d_1002
Source: d_1003
Source: d_1004
Source: d_1005
Source: d_1006
Source: d_1007
Source: d_1008
Source: d_1009
Source: d_1010
Source: d_1011
Source: d_1012
Source: d_1013
Source: d_1014
Source: d_1015
Source: d_1016
Source: d_1017
Source: d_1018
Source: d_1019
Source: d_1020
Scan 11 started at 16DEC03:09:44:44.0
Source: 2312-319
Scan 12 started at 16DEC03:09:47:40.0
Source: d_1021
Source: d_1022
Source: d_1023
Source: d_1024
Source: d_1025
Source: d_1026
Source: d_1027
Source: d_1028
Source: d_1029
Source: d_1030
Source: d_1031
Source: d_1032
Source: d_1033
Source: d_1034
Source: d_1035
Source: d_1036
Source: d_1037
Source: d_1038
Source: d_1039
Source: d_1040
Scan 13 started at 16DEC03:10:01:08.0
Source: 2312-319
Scan 14 started at 16DEC03:10:04:04.0
Source: d_1041
Source: d_1042
Source: d_1043
Source: d_1044
Source: d_1045
Source: d_1046
Source: d_1047
Source: d_1048
Source: d_1049
Source: d_1050
Source: d_1051
Source: d_1052
Source: d_1053
Source: d_1054
Source: d_1055
Source: d_1056
Source: d_1057
Source: d_1058
Source: d_1059
Source: d_1060
Scan 15 started at 16DEC03:10:17:32.0
Source: 2312-319
Scan 16 started at 16DEC03:10:20:28.0
Source: d_1061
Source: d_1062
Source: d_1063
Source: d_1064
Source: d_1065
Source: d_1066
Source: d_1067
Source: d_1068
Source: d_1069
Source: d_1070
Source: d_1071
Source: d_1072
Source: d_1073
Source: d_1074
Source: d_1075
Source: d_1076
Source: d_1077
Source: d_1078
Source: d_1079
Source: d_1080
Scan 17 started at 16DEC03:10:33:48.0
Source: 2312-319
Scan 18 started at 16DEC03:10:36:36.0
Source: d_901
Source: d_902
Source: d_903
Source: d_904
Source: d_905
Source: d_906
Source: d_907
Source: d_908
Source: d_909
Source: d_910
Source: d_911
Source: d_912
Source: d_913
Source: d_914
Source: d_915
Source: d_916
Source: d_917
Source: d_918
Source: d_919
Source: d_920
Scan 19 started at 16DEC03:10:50:12.0
Source: 2312-319
Scan 20 started at 16DEC03:10:53:00.0
Source: d_921
Source: d_922
Source: d_923
Source: d_924
Source: d_925
Source: d_926
Source: d_927
Source: d_928
Source: d_929
Source: d_930
Source: d_931
Source: d_932
Source: d_933
Source: d_934
Source: d_935
Source: d_936
Source: d_937
Source: d_938
Source: d_939
Source: d_940
Scan 21 started at 16DEC03:11:06:28.0
Source: 2312-319
RPFITS file version is 2.12
---------------------------------------
Total number of spectra selected: 72660

Summary of spectra flagged
Flagging Reason            Fraction
---------------            --------
Antenna off-source/off-line  6.96%
---------------------------------------
Processing file raw/2016-12-03_1108.C3132
CABB data detected
Scan 2 started at 16DEC03:11:09:24.0
Source: d_941
Source: d_942
Source: d_943
Source: d_944
Source: d_945
Source: d_946
Source: d_947
Source: d_948
Source: d_949
Source: d_950
Source: d_951
Source: d_952
Source: d_953
Source: d_954
Source: d_955
Source: d_956
Source: d_957
Source: d_958
Source: d_959
Source: d_960
Scan 3 started at 16DEC03:11:22:44.0
Source: 2312-319
Scan 4 started at 16DEC03:11:25:32.0
Source: d_961
Source: d_962
Source: d_963
Source: d_964
Source: d_965
Source: d_966
Source: d_967
Source: d_968
Source: d_969
Source: d_970
Source: d_971
Source: d_972
Source: d_973
Source: d_974
Source: d_975
Source: d_976
Source: d_977
Source: d_978
Source: d_979
Source: d_980
Scan 5 started at 16DEC03:11:39:08.0
Source: 2312-319
Scan 6 started at 16DEC03:11:42:04.0
Source: d_981
Source: d_982
Source: d_983
Source: d_984
Source: d_985
Source: d_986
Source: d_987
Source: d_988
Source: d_989
Source: d_990
Source: d_991
Source: d_992
Source: d_993
Source: d_994
Source: d_995
Source: d_996
Source: d_997
Source: d_998
Source: d_999
Source: d_1000
Scan 7 started at 16DEC03:11:55:24.0
Source: 2312-319
Scan 8 started at 16DEC03:11:58:12.0
Source: d_1001
Source: d_1002
Source: d_1003
Source: d_1004
Source: d_1005
Source: d_1006
Source: d_1007
Source: d_1008
Source: d_1009
Source: d_1010
Source: d_1011
Source: d_1012
Source: d_1013
Source: d_1014
Source: d_1015
Source: d_1016
Source: d_1017
Source: d_1018
Source: d_1019
Source: d_1020
Scan 9 started at 16DEC03:12:11:40.0
Source: 2312-319
Scan 10 started at 16DEC03:12:14:36.0
Source: d_1021
Source: d_1022
Source: d_1023
Source: d_1024
Source: d_1025
Source: d_1026
Source: d_1027
Source: d_1028
Source: d_1029
Source: d_1030
Source: d_1031
Source: d_1032
Source: d_1033
Source: d_1034
Source: d_1035
Source: d_1036
Source: d_1037
Source: d_1038
Source: d_1039
Source: d_1040
Scan 11 started at 16DEC03:12:27:56.0
Source: 2312-319
Scan 12 started at 16DEC03:12:30:44.0
Source: d_1041
Source: d_1042
Source: d_1043
Source: d_1044
Source: d_1045
Source: d_1046
Source: d_1047
Source: d_1048
Source: d_1049
Source: d_1050
Source: d_1051
Source: d_1052
Source: d_1053
Source: d_1054
Source: d_1055
Source: d_1056
Source: d_1057
Source: d_1058
Source: d_1059
Source: d_1060
Scan 13 started at 16DEC03:12:44:12.0
Source: 2312-319
 12:46:41 CAOBS> stop
 12:46:52 CAOBS> set file c3132_cal
 12:47:01 CAOBS> track 1
Scan 15 started at 16DEC03:12:48:12.0
Source: 1934-638
 12:57:28 CAOBS> stop
 12:58:05 CAOBS> set file c3132_obs_d6
 12:58:15 CAOBS> start 17/99
Scan 16 started at 16DEC03:12:59:40.0
Source: 2312-319
Scan 17 started at 16DEC03:13:02:28.0
Source: d_1061
Source: d_1062
Source: d_1063
Source: d_1064
Source: d_1065
Source: d_1066
Source: d_1067
Source: d_1068
Source: d_1069
Source: d_1070
Source: d_1071
Source: d_1072
Source: d_1073
Source: d_1074
Source: d_1075
Source: d_1076
Source: d_1077
Source: d_1078
Source: d_1079
Source: d_1080
Scan 18 started at 16DEC03:13:15:56.0
Source: 2312-319
Scan 19 started at 16DEC03:13:18:44.0
Source: d_901
Source: d_902
Source: d_903
Source: d_904
Source: d_905
Source: d_906
Source: d_907
Source: d_908
Source: d_909
Source: d_910
Source: d_911
Source: d_912
Source: d_913
Source: d_914
Source: d_915
Source: d_916
Source: d_917
Source: d_918
Source: d_919
Source: d_920
Scan 20 started at 16DEC03:13:32:12.0
Source: 2312-319
Scan 21 started at 16DEC03:13:35:00.0
Source: d_921
Source: d_922
Source: d_923
Source: d_924
Source: d_925
Source: d_926
Source: d_927
Source: d_928
Source: d_929
Source: d_930
Source: d_931
Source: d_932
Source: d_933
Source: d_934
Source: d_935
Source: d_936
Source: d_937
Source: d_938
Source: d_939
Source: d_940
Scan 22 started at 16DEC03:13:48:28.0
Source: 2312-319
Scan 23 started at 16DEC03:13:51:16.0
Source: d_941
Source: d_942
Source: d_943
Source: d_944
Source: d_945
Source: d_946
Source: d_947
Source: d_948
Source: d_949
 13:57:04 CAOBS> stop
 13:57:12 CAOBS> start 7
Scan 24 started at 16DEC03:13:57:32.0
Source: 2312-319
RPFITS file version is 2.12
---------------------------------------
Total number of spectra selected: 72660

Summary of spectra flagged
Flagging Reason            Fraction
---------------            --------
Antenna off-source/off-line  5.00%
---------------------------------------
Processing file raw/2016-12-03_1357.C3132
 13:57:04 CAOBS> stop
 13:57:12 CAOBS> start 7
CABB data detected
Scan 1 started at 16DEC03:13:57:40.0
Source: 2312-319
 14:00:12 CAOBS> stop
 14:00:22 CAOBS> corr close file
RPFITS file version is 2.12
---------------------------------------
Total number of spectra selected: 1020

Summary of spectra flagged
Flagging Reason            Fraction
---------------            --------
Antenna off-source/off-line  17.6%
---------------------------------------

No CACAL data was detected

2018-08-06 10:21:44,817 [MainThread  ] [INFO ]  uvflag vis=data9.uv line=chan,50,850,1 flagval=flag

uvflag: Revision 1.8, 2014/09/30 14:23:39 UTC


Set flags to indicate bad data in visibility file data9.uv
Linetype channel; select   50 channels; start  850, width    1, step    1

Overview of flagging on visibility file data9.uv
Changed flags set to FALSE (data flagged as bad)
Total number of records selected: 252216; out of 252216 records
Antennas used: 1-6
Counts of correlations within selected channels
channel   Originally    Currently
Good:        12610800.           0.    Changed to bad:    12610800.
Bad:                0.    12610800.

2018-08-06 10:22:29,858 [MainThread  ] [INFO ]  uvsplit vis=data9.uv options=mosaic

uvsplit: Revision 1.18, 2016/05/09 03:06:18 UTC

Creating 1934-638.9500
Creating 2312-319.9500
Creating d.9500

2018-08-06 10:22:55,114 [MainThread  ] [INFO ]  pgflag vis=1934-638.9500 command='<b' stokes=i,q,u,v flagpar=8,5,5,3,6,3 options=nodisp

pgflag: Revision 1.30, 2016/10/05 23:06:50 UTC

Applying changes to dataset
Counts of correlations within selected channels:
 channel  Originally  Currently
 Good:      16260960   16001404    Changed to bad:     259556
 Bad:        2425920    2685476    Changed to good:         0
 14.4% of the data is now flagged

2018-08-06 10:23:19,831 [MainThread  ] [INFO ]  pgflag vis=1934-638.9500 command='<b' stokes=i,v,q,u flagpar=8,2,2,3,6,3  options=nodisp

pgflag: Revision 1.30, 2016/10/05 23:06:50 UTC

Applying changes to dataset
Counts of correlations within selected channels:
 channel  Originally  Currently
 Good:      16001404   15752104    Changed to bad:     249300
 Bad:        2685476    2934776    Changed to good:         0
 15.7% of the data is now flagged

2018-08-06 10:23:41,113 [MainThread  ] [INFO ]  pgflag vis=1934-638.9500 command='<b' stokes=i,v,u,q flagpar=8,2,2,3,6,3  options=nodisp

pgflag: Revision 1.30, 2016/10/05 23:06:50 UTC

Applying changes to dataset
Counts of correlations within selected channels:
 channel  Originally  Currently
 Good:      15752104   15391040    Changed to bad:     361064
 Bad:        2934776    3295840    Changed to good:         0
 17.6% of the data is now flagged

2018-08-06 10:25:15,531 [MainThread  ] [INFO ]  mfcal vis=1934-638.9500 refant=4 interval=0.1
MfCal: $Revision: 1.20 $, $Date: 2017/05/08 02:31:10 $
Selecting parallel-hand polarisations
Reading the data ...
Number correlations accepted: 7695520
Number of frequency bands/settings: 1
Number of polarisations selected: 2
Number of solution intervals: 152
Number of passband solution intervals: 1
Initialising ...
Using post-Aug94 ATCA flux scale for 1934-638.
Using known frequency variation of 1934-638
Generating initial solution estimate ...
Doing solution refinement ...
Iter= 1, Solution Error:  0.472
Iter= 2, Solution Error:  0.022
Iter= 3, Solution Error:  0.000
Saving solution ...

2018-08-06 10:25:22,469 [MainThread  ] [INFO ]  gpcal vis=1934-638.9500 refant=4 interval=0.1 nfbin=2 options=xyvary

gpcal: Revision 1.22, 2016/05/01 22:31:05 UTC

Applying bandpass corrections to 1934-638.9500
Number of antennae: 6
Reading the data ...
Number of solution intervals: 152
Total visibilities read: 2280
Number visibilities accepted: 2280
Using post-Aug94 ATCA flux scale for 1934-638.
Using IQUV =  2.5382,  0.0000,  0.0000,  0.0000 at   9.4602 GHz.
Using post-Aug94 ATCA flux scale for 1934-638.
Using IQUV =  2.6950,  0.0000,  0.0000,  0.0000 at   9.0151 GHz.
Using post-Aug94 ATCA flux scale for 1934-638.
Using IQUV =  2.3860,  0.0000,  0.0000,  0.0000 at   9.9443 GHz.
Iter= 1, Amplit/Phase Solution Error:   1.378
Iter= 1, Polarisation Solution Error:   0.031
Iter= 1, Overall Solution Error:        2.174
Iter= 2, Amplit/Phase Solution Error:   0.002
Iter= 2, Polarisation Solution Error:   0.000
Iter= 2, Overall Solution Error:        0.003
Iter= 3, Amplit/Phase Solution Error:   0.001
Iter= 3, Polarisation Solution Error:   0.000
Iter= 3, Overall Solution Error:        0.001
I flux density:   2.5382
Leakage terms:
 Ant 1:Dx,Dy = ( 0.00111,-0.00036),(-0.00026,-0.00076)
 Ant 2:Dx,Dy = ( 0.00349, 0.00127),(-0.00353, 0.00268)
 Ant 3:Dx,Dy = ( 0.00663,-0.00461),(-0.00885,-0.00456)
 Ant 4:Dx,Dy = ( 0.00288, 0.01488),(-0.00114, 0.01574)
 Ant 5:Dx,Dy = (-0.01655, 0.00281),( 0.01748, 0.00272)
 Ant 6:Dx,Dy = ( 0.00428,-0.01645),(-0.00187,-0.01336)
Solution for freq bin  1
Iter= 1, Amplit/Phase Solution Error:   1.393
Iter= 1, Polarisation Solution Error:   0.031
Iter= 1, Overall Solution Error:        2.175
Iter= 2, Amplit/Phase Solution Error:   0.002
Iter= 2, Polarisation Solution Error:   0.000
Iter= 2, Overall Solution Error:        0.003
Iter= 3, Amplit/Phase Solution Error:   0.001
Iter= 3, Polarisation Solution Error:   0.000
Iter= 3, Overall Solution Error:        0.001
I flux density:   2.6950
Leakage terms:
 Ant 1:Dx,Dy = ( 0.00097,-0.00020),(-0.00087,-0.00034)
 Ant 2:Dx,Dy = ( 0.00405, 0.00150),(-0.00408, 0.00372)
 Ant 3:Dx,Dy = ( 0.00588,-0.00520),(-0.00920,-0.00454)
 Ant 4:Dx,Dy = ( 0.00261, 0.01485),(-0.00130, 0.01620)
 Ant 5:Dx,Dy = (-0.01671, 0.00182),( 0.01737, 0.00214)
 Ant 6:Dx,Dy = ( 0.00413,-0.01622),(-0.00098,-0.01374)
Solution for freq bin  2
Iter= 1, Amplit/Phase Solution Error:   1.357
Iter= 1, Polarisation Solution Error:   0.032
Iter= 1, Overall Solution Error:        2.178
Iter= 2, Amplit/Phase Solution Error:   0.002
Iter= 2, Polarisation Solution Error:   0.000
Iter= 2, Overall Solution Error:        0.003
Iter= 3, Amplit/Phase Solution Error:   0.001
Iter= 3, Polarisation Solution Error:   0.000
Iter= 3, Overall Solution Error:        0.001
I flux density:   2.3860
Leakage terms:
 Ant 1:Dx,Dy = ( 0.00128,-0.00055),( 0.00044,-0.00127)
 Ant 2:Dx,Dy = ( 0.00284, 0.00099),(-0.00288, 0.00144)
 Ant 3:Dx,Dy = ( 0.00751,-0.00389),(-0.00844,-0.00457)
 Ant 4:Dx,Dy = ( 0.00319, 0.01490),(-0.00093, 0.01519)
 Ant 5:Dx,Dy = (-0.01636, 0.00394),( 0.01760, 0.00340)
 Ant 6:Dx,Dy = ( 0.00443,-0.01670),(-0.00291,-0.01289)

2018-08-06 10:26:07,510 [MainThread  ] [INFO ]  pgflag vis=1934-638.9500 command='<b' stokes=i,q,u,v flagpar=8,5,5,3,6,3 options=nodisp

pgflag: Revision 1.30, 2016/10/05 23:06:50 UTC

Applying bandpass corrections to 1934-638.9500
Applying freq. dependent gain corrections to 1934-638.9500
Applying freq. dependent leakage correction to 1934-638.9500
Applying changes to dataset
Counts of correlations within selected channels:
 channel  Originally  Currently
 Good:      15391040   15231052    Changed to bad:     159988
 Bad:        3295840    3455828    Changed to good:         0
 18.5% of the data is now flagged

2018-08-06 10:26:48,233 [MainThread  ] [INFO ]  pgflag vis=1934-638.9500 command='<b' stokes=i,v,q,u flagpar=8,2,2,3,6,3  options=nodisp

pgflag: Revision 1.30, 2016/10/05 23:06:50 UTC

Applying bandpass corrections to 1934-638.9500
Applying freq. dependent gain corrections to 1934-638.9500
Applying freq. dependent leakage correction to 1934-638.9500
Applying changes to dataset
Counts of correlations within selected channels:
 channel  Originally  Currently
 Good:      15231052   15076260    Changed to bad:     154792
 Bad:        3455828    3610620    Changed to good:         0
 19.3% of the data is now flagged

2018-08-06 10:27:31,544 [MainThread  ] [INFO ]  pgflag vis=1934-638.9500 command='<b' stokes=i,v,u,q flagpar=8,2,2,3,6,3  options=nodisp

pgflag: Revision 1.30, 2016/10/05 23:06:50 UTC

Applying bandpass corrections to 1934-638.9500
Applying freq. dependent gain corrections to 1934-638.9500
Applying freq. dependent leakage correction to 1934-638.9500
Applying changes to dataset
Counts of correlations within selected channels:
 channel  Originally  Currently
 Good:      15076260   14906792    Changed to bad:     169468
 Bad:        3610620    3780088    Changed to good:         0
 20.2% of the data is now flagged

2018-08-06 10:29:03,825 [MainThread  ] [INFO ]  mfcal vis=1934-638.9500 refant=4 interval=0.1
MfCal: $Revision: 1.20 $, $Date: 2017/05/08 02:31:10 $
Selecting parallel-hand polarisations
Reading the data ...
Number correlations accepted: 7453396
Number of frequency bands/settings: 1
Number of polarisations selected: 2
Number of solution intervals: 152
Number of passband solution intervals: 1
Initialising ...
Using post-Aug94 ATCA flux scale for 1934-638.
Using known frequency variation of 1934-638
Generating initial solution estimate ...
Doing solution refinement ...
Iter= 1, Solution Error:  0.473
Iter= 2, Solution Error:  0.022
Iter= 3, Solution Error:  0.000
Saving solution ...

2018-08-06 10:29:06,312 [MainThread  ] [INFO ]  gpcal vis=1934-638.9500 refant=4 interval=0.1 nfbin=2 options=xyvary

gpcal: Revision 1.22, 2016/05/01 22:31:05 UTC

Applying bandpass corrections to 1934-638.9500
Number of antennae: 6
Using leakage parameters from input as initial guess
Reading the data ...
Number of solution intervals: 152
Total visibilities read: 2280
Number visibilities accepted: 2280
Using post-Aug94 ATCA flux scale for 1934-638.
Using IQUV =  2.5382,  0.0000,  0.0000,  0.0000 at   9.4602 GHz.
Using post-Aug94 ATCA flux scale for 1934-638.
Using IQUV =  2.6942,  0.0000,  0.0000,  0.0000 at   9.0172 GHz.
Using post-Aug94 ATCA flux scale for 1934-638.
Using IQUV =  2.3877,  0.0000,  0.0000,  0.0000 at   9.9386 GHz.
Iter= 1, Amplit/Phase Solution Error:   1.378
Iter= 1, Polarisation Solution Error:   0.000
Iter= 1, Overall Solution Error:        2.175
Iter= 2, Amplit/Phase Solution Error:   0.002
Iter= 2, Polarisation Solution Error:   0.000
Iter= 2, Overall Solution Error:        0.003
Iter= 3, Amplit/Phase Solution Error:   0.001
Iter= 3, Polarisation Solution Error:   0.000
Iter= 3, Overall Solution Error:        0.001
I flux density:   2.5382
Leakage terms:
 Ant 1:Dx,Dy = ( 0.00112,-0.00039),(-0.00024,-0.00080)
 Ant 2:Dx,Dy = ( 0.00353, 0.00127),(-0.00353, 0.00269)
 Ant 3:Dx,Dy = ( 0.00666,-0.00463),(-0.00886,-0.00459)
 Ant 4:Dx,Dy = ( 0.00292, 0.01492),(-0.00114, 0.01576)
 Ant 5:Dx,Dy = (-0.01658, 0.00290),( 0.01755, 0.00279)
 Ant 6:Dx,Dy = ( 0.00425,-0.01651),(-0.00187,-0.01340)
Solution for freq bin  1
Iter= 1, Amplit/Phase Solution Error:   1.394
Iter= 1, Polarisation Solution Error:   0.001
Iter= 1, Overall Solution Error:        2.176
Iter= 2, Amplit/Phase Solution Error:   0.002
Iter= 2, Polarisation Solution Error:   0.000
Iter= 2, Overall Solution Error:        0.003
Iter= 3, Amplit/Phase Solution Error:   0.001
Iter= 3, Polarisation Solution Error:   0.000
Iter= 3, Overall Solution Error:        0.001
I flux density:   2.6942
Leakage terms:
 Ant 1:Dx,Dy = ( 0.00100,-0.00024),(-0.00083,-0.00038)
 Ant 2:Dx,Dy = ( 0.00410, 0.00147),(-0.00405, 0.00375)
 Ant 3:Dx,Dy = ( 0.00591,-0.00523),(-0.00921,-0.00458)
 Ant 4:Dx,Dy = ( 0.00266, 0.01487),(-0.00131, 0.01621)
 Ant 5:Dx,Dy = (-0.01671, 0.00196),( 0.01745, 0.00224)
 Ant 6:Dx,Dy = ( 0.00410,-0.01627),(-0.00098,-0.01378)
Solution for freq bin  2
Iter= 1, Amplit/Phase Solution Error:   1.356
Iter= 1, Polarisation Solution Error:   0.002
Iter= 1, Overall Solution Error:        2.178
Iter= 2, Amplit/Phase Solution Error:   0.002
Iter= 2, Polarisation Solution Error:   0.000
Iter= 2, Overall Solution Error:        0.003
Iter= 3, Amplit/Phase Solution Error:   0.001
Iter= 3, Polarisation Solution Error:   0.000
Iter= 3, Overall Solution Error:        0.001
I flux density:   2.3877
Leakage terms:
 Ant 1:Dx,Dy = ( 0.00127,-0.00057),( 0.00044,-0.00130)
 Ant 2:Dx,Dy = ( 0.00286, 0.00102),(-0.00292, 0.00144)
 Ant 3:Dx,Dy = ( 0.00754,-0.00391),(-0.00847,-0.00458)
 Ant 4:Dx,Dy = ( 0.00321, 0.01497),(-0.00093, 0.01524)
 Ant 5:Dx,Dy = (-0.01642, 0.00398),( 0.01765, 0.00341)
 Ant 6:Dx,Dy = ( 0.00442,-0.01678),(-0.00290,-0.01293)

2018-08-06 10:29:06,875 [MainThread  ] [INFO ]  gpcopy vis=1934-638.9500 out=2312-319.9500

gpcopy: Revision 1.13, 2015/10/29 01:31:39 UTC

Copying leakage table
Copying gain table
Interpolation tolerance set to (minutes): 720.00
Copying bandpass table

2018-08-06 10:31:32,099 [MainThread  ] [INFO ]  pgflag vis=2312-319.9500 command='<b' stokes=i,q,u,v flagpar=8,5,5,3,6,3 options=nodisp

pgflag: Revision 1.30, 2016/10/05 23:06:50 UTC

Applying bandpass corrections to 2312-319.9500
Applying freq. dependent gain corrections to 2312-319.9500
Applying freq. dependent leakage correction to 2312-319.9500
Applying changes to dataset
Counts of correlations within selected channels:
 channel  Originally  Currently
 Good:      62654620   62343888    Changed to bad:     310732
 Bad:        9347240    9657972    Changed to good:         0
 13.4% of the data is now flagged

2018-08-06 10:33:46,512 [MainThread  ] [INFO ]  pgflag vis=2312-319.9500 command='<b' stokes=i,v,q,u flagpar=8,2,2,3,6,3  options=nodisp

pgflag: Revision 1.30, 2016/10/05 23:06:50 UTC

Applying bandpass corrections to 2312-319.9500
Applying freq. dependent gain corrections to 2312-319.9500
Applying freq. dependent leakage correction to 2312-319.9500
Applying changes to dataset
Counts of correlations within selected channels:
 channel  Originally  Currently
 Good:      62343888   62071092    Changed to bad:     272796
 Bad:        9657972    9930768    Changed to good:         0
 13.8% of the data is now flagged

2018-08-06 10:36:11,233 [MainThread  ] [INFO ]  pgflag vis=2312-319.9500 command='<b' stokes=i,v,u,q flagpar=8,2,2,3,6,3  options=nodisp

pgflag: Revision 1.30, 2016/10/05 23:06:50 UTC

Applying bandpass corrections to 2312-319.9500
Applying freq. dependent gain corrections to 2312-319.9500
Applying freq. dependent leakage correction to 2312-319.9500
Applying changes to dataset
Counts of correlations within selected channels:
 channel  Originally  Currently
 Good:      62071092   61801668    Changed to bad:     269424
 Bad:        9930768   10200192    Changed to good:         0
 14.2% of the data is now flagged

2018-08-06 10:36:18,154 [MainThread  ] [INFO ]  gpcal vis=2312-319.9500 refant=4 interval=0.1 nfbin=2 options=xyvary,qusolve

gpcal: Revision 1.22, 2016/05/01 22:31:05 UTC

Applying bandpass corrections to 2312-319.9500
Number of antennae: 6
Using leakage parameters from input as initial guess
Reading the data ...
Number of solution intervals: 586
Total visibilities read: 8785
Number visibilities accepted: 8785
Iter= 1, Amplit/Phase Solution Error:   1.400
Iter= 1, Polarisation Solution Error:   0.005
Iter= 1, Overall Solution Error:        2.546
Iter= 2, Amplit/Phase Solution Error:   0.006
Iter= 2, Polarisation Solution Error:   0.000
Iter= 2, Overall Solution Error:        0.006
Iter= 3, Amplit/Phase Solution Error:   0.001
Iter= 3, Polarisation Solution Error:   0.000
Iter= 3, Overall Solution Error:        0.001
I flux density:   0.5898
Percent Q:  -0.512
Percent U:  -0.112
Leakage terms:
 Ant 1:Dx,Dy = ( 0.00044,-0.00104),(-0.00009, 0.00024)
 Ant 2:Dx,Dy = ( 0.00303, 0.00029),(-0.00407, 0.00336)
 Ant 3:Dx,Dy = ( 0.00615,-0.00511),(-0.00951,-0.00416)
 Ant 4:Dx,Dy = ( 0.00156, 0.01480),(-0.00143, 0.01607)
 Ant 5:Dx,Dy = (-0.01705, 0.00246),( 0.01647, 0.00349)
 Ant 6:Dx,Dy = ( 0.00421,-0.01727),(-0.00303,-0.01314)
Solution for freq bin  1
Iter= 1, Amplit/Phase Solution Error:   1.384
Iter= 1, Polarisation Solution Error:   0.005
Iter= 1, Overall Solution Error:        2.522
Iter= 2, Amplit/Phase Solution Error:   0.006
Iter= 2, Polarisation Solution Error:   0.000
Iter= 2, Overall Solution Error:        0.006
Iter= 3, Amplit/Phase Solution Error:   0.001
Iter= 3, Polarisation Solution Error:   0.000
Iter= 3, Overall Solution Error:        0.001
I flux density:   0.5957
Percent Q:  -0.525
Percent U:   0.103
Leakage terms:
 Ant 1:Dx,Dy = (-0.00009,-0.00121),(-0.00067, 0.00063)
 Ant 2:Dx,Dy = ( 0.00339, 0.00061),(-0.00478, 0.00479)
 Ant 3:Dx,Dy = ( 0.00526,-0.00593),(-0.01006,-0.00421)
 Ant 4:Dx,Dy = ( 0.00118, 0.01476),(-0.00180, 0.01622)
 Ant 5:Dx,Dy = (-0.01725, 0.00114),( 0.01601, 0.00293)
 Ant 6:Dx,Dy = ( 0.00389,-0.01652),(-0.00232,-0.01322)
Solution for freq bin  2
Iter= 1, Amplit/Phase Solution Error:   1.397
Iter= 1, Polarisation Solution Error:   0.005
Iter= 1, Overall Solution Error:        2.539
Iter= 2, Amplit/Phase Solution Error:   0.006
Iter= 2, Polarisation Solution Error:   0.000
Iter= 2, Overall Solution Error:        0.007
Iter= 3, Amplit/Phase Solution Error:   0.001
Iter= 3, Polarisation Solution Error:   0.000
Iter= 3, Overall Solution Error:        0.001
I flux density:   0.5900
Percent Q:  -0.508
Percent U:  -0.322
Leakage terms:
 Ant 1:Dx,Dy = ( 0.00100,-0.00091),( 0.00047,-0.00010)
 Ant 2:Dx,Dy = ( 0.00269, 0.00004),(-0.00344, 0.00205)
 Ant 3:Dx,Dy = ( 0.00708,-0.00434),(-0.00894,-0.00411)
 Ant 4:Dx,Dy = ( 0.00195, 0.01481),(-0.00101, 0.01589)
 Ant 5:Dx,Dy = (-0.01688, 0.00368),( 0.01693, 0.00399)
 Ant 6:Dx,Dy = ( 0.00461,-0.01786),(-0.00356,-0.01313)

2018-08-06 10:38:35,356 [MainThread  ] [INFO ]  pgflag vis=2312-319.9500 command='<b' stokes=i,q,u,v flagpar=8,5,5,3,6,3 options=nodisp

pgflag: Revision 1.30, 2016/10/05 23:06:50 UTC

Applying bandpass corrections to 2312-319.9500
Applying freq. dependent gain corrections to 2312-319.9500
Applying freq. dependent leakage correction to 2312-319.9500
Applying changes to dataset
Counts of correlations within selected channels:
 channel  Originally  Currently
 Good:      61801668   61522632    Changed to bad:     279036
 Bad:       10200192   10479228    Changed to good:         0
 14.6% of the data is now flagged

2018-08-06 10:40:48,612 [MainThread  ] [INFO ]  pgflag vis=2312-319.9500 command='<b' stokes=i,v,q,u flagpar=8,2,2,3,6,3  options=nodisp

pgflag: Revision 1.30, 2016/10/05 23:06:50 UTC

Applying bandpass corrections to 2312-319.9500
Applying freq. dependent gain corrections to 2312-319.9500
Applying freq. dependent leakage correction to 2312-319.9500
Applying changes to dataset
Counts of correlations within selected channels:
 channel  Originally  Currently
 Good:      61522632   61260268    Changed to bad:     262364
 Bad:       10479228   10741592    Changed to good:         0
 14.9% of the data is now flagged

2018-08-06 10:43:03,865 [MainThread  ] [INFO ]  pgflag vis=2312-319.9500 command='<b' stokes=i,v,u,q flagpar=8,2,2,3,6,3  options=nodisp

pgflag: Revision 1.30, 2016/10/05 23:06:50 UTC

Applying bandpass corrections to 2312-319.9500
Applying freq. dependent gain corrections to 2312-319.9500
Applying freq. dependent leakage correction to 2312-319.9500
Applying changes to dataset
Counts of correlations within selected channels:
 channel  Originally  Currently
 Good:      61260268   61045124    Changed to bad:     215144
 Bad:       10741592   10956736    Changed to good:         0
 15.2% of the data is now flagged

2018-08-06 10:43:07,986 [MainThread  ] [INFO ]  gpcal vis=2312-319.9500 refant=4 interval=0.1 nfbin=2 options=xyvary,qusolve

gpcal: Revision 1.22, 2016/05/01 22:31:05 UTC

Applying bandpass corrections to 2312-319.9500
Number of antennae: 6
Using leakage parameters from input as initial guess
Reading the data ...
Number of solution intervals: 586
Total visibilities read: 8785
Number visibilities accepted: 8785
Iter= 1, Amplit/Phase Solution Error:   1.395
Iter= 1, Polarisation Solution Error:   0.005
Iter= 1, Overall Solution Error:        2.650
Iter= 2, Amplit/Phase Solution Error:   0.006
Iter= 2, Polarisation Solution Error:   0.000
Iter= 2, Overall Solution Error:        0.006
Iter= 3, Amplit/Phase Solution Error:   0.001
Iter= 3, Polarisation Solution Error:   0.000
Iter= 3, Overall Solution Error:        0.001
I flux density:   0.5923
Percent Q:  -0.514
Percent U:  -0.116
Leakage terms:
 Ant 1:Dx,Dy = ( 0.00045,-0.00103),(-0.00007, 0.00023)
 Ant 2:Dx,Dy = ( 0.00302, 0.00029),(-0.00405, 0.00335)
 Ant 3:Dx,Dy = ( 0.00616,-0.00511),(-0.00950,-0.00416)
 Ant 4:Dx,Dy = ( 0.00160, 0.01480),(-0.00143, 0.01607)
 Ant 5:Dx,Dy = (-0.01706, 0.00250),( 0.01648, 0.00349)
 Ant 6:Dx,Dy = ( 0.00422,-0.01731),(-0.00304,-0.01313)
Solution for freq bin  1
Iter= 1, Amplit/Phase Solution Error:   1.386
Iter= 1, Polarisation Solution Error:   0.005
Iter= 1, Overall Solution Error:        2.589
Iter= 2, Amplit/Phase Solution Error:   0.006
Iter= 2, Polarisation Solution Error:   0.000
Iter= 2, Overall Solution Error:        0.005
Iter= 3, Amplit/Phase Solution Error:   0.001
Iter= 3, Polarisation Solution Error:   0.000
Iter= 3, Overall Solution Error:        0.001
I flux density:   0.5982
Percent Q:  -0.524
Percent U:   0.098
Leakage terms:
 Ant 1:Dx,Dy = (-0.00010,-0.00119),(-0.00067, 0.00062)
 Ant 2:Dx,Dy = ( 0.00336, 0.00060),(-0.00477, 0.00477)
 Ant 3:Dx,Dy = ( 0.00526,-0.00594),(-0.01006,-0.00420)
 Ant 4:Dx,Dy = ( 0.00121, 0.01475),(-0.00184, 0.01622)
 Ant 5:Dx,Dy = (-0.01727, 0.00119),( 0.01600, 0.00293)
 Ant 6:Dx,Dy = ( 0.00386,-0.01654),(-0.00235,-0.01320)
Solution for freq bin  2
Iter= 1, Amplit/Phase Solution Error:   1.397
Iter= 1, Polarisation Solution Error:   0.005
Iter= 1, Overall Solution Error:        2.609
Iter= 2, Amplit/Phase Solution Error:   0.006
Iter= 2, Polarisation Solution Error:   0.000
Iter= 2, Overall Solution Error:        0.006
Iter= 3, Amplit/Phase Solution Error:   0.001
Iter= 3, Polarisation Solution Error:   0.000
Iter= 3, Overall Solution Error:        0.001
I flux density:   0.5925
Percent Q:  -0.510
Percent U:  -0.322
Leakage terms:
 Ant 1:Dx,Dy = ( 0.00102,-0.00091),( 0.00049,-0.00011)
 Ant 2:Dx,Dy = ( 0.00269, 0.00006),(-0.00342, 0.00205)
 Ant 3:Dx,Dy = ( 0.00709,-0.00434),(-0.00893,-0.00411)
 Ant 4:Dx,Dy = ( 0.00198, 0.01482),(-0.00099, 0.01589)
 Ant 5:Dx,Dy = (-0.01687, 0.00370),( 0.01694, 0.00398)
 Ant 6:Dx,Dy = ( 0.00462,-0.01790),(-0.00356,-0.01313)

2018-08-06 10:43:08,074 [MainThread  ] [INFO ]  gpboot vis=2312-319.9500 cal=1934-638.9500

gpboot: Revision 1.9, 2015/10/29 01:31:30 UTC

Secondary flux density scaled by:   0.992
Frequency bin  1 scaled by      :   0.989
Frequency bin  2 scaled by      :   0.995

2018-08-06 10:44:28,879 [MainThread  ] [INFO ]  gpcopy vis=2312-319.9500 out=d.9500

gpcopy: Revision 1.13, 2015/10/29 01:31:39 UTC

Copying leakage table
Copying gain table
Interpolation tolerance set to (minutes): 720.00
Copying bandpass table

2018-08-06 10:57:57,405 [MainThread  ] [INFO ]  pgflag vis=d.9500 command='<b' stokes=i,v,q,u flagpar=8,2,2,3,6,3  options=nodisp

pgflag: Revision 1.30, 2016/10/05 23:06:50 UTC

Applying bandpass corrections to d.9500
Applying freq. dependent gain corrections to d.9500
Applying freq. dependent leakage correction to d.9500
Applying changes to dataset
Counts of correlations within selected channels:
 channel  Originally  Currently
 Good:     370785548  361073512    Changed to bad:    9712036
 Bad:       55316296   65028332    Changed to good:         0
 15.3% of the data is now flagged

2018-08-06 11:11:22,950 [MainThread  ] [INFO ]  pgflag vis=d.9500 command='<b' stokes=i,v,u,q flagpar=8,2,2,3,6,3  options=nodisp

pgflag: Revision 1.30, 2016/10/05 23:06:50 UTC

Applying bandpass corrections to d.9500
Applying freq. dependent gain corrections to d.9500
Applying freq. dependent leakage correction to d.9500
Applying changes to dataset
Counts of correlations within selected channels:
 channel  Originally  Currently
 Good:     361073512  354071184    Changed to bad:    7002328
 Bad:       65028332   72030660    Changed to good:         0
 16.9% of the data is now flagged

2018-08-06 11:15:11,933 [MainThread  ] [INFO ]  uvsplit vis=d.9500

uvsplit: Revision 1.18, 2016/05/09 03:06:18 UTC

Creating d_961.9500
Creating d_962.9500
Creating d_963.9500
Creating d_964.9500
Creating d_965.9500
Creating d_966.9500
Creating d_967.9500
Creating d_968.9500
Creating d_969.9500
Creating d_970.9500
Creating d_971.9500
Creating d_972.9500
Creating d_973.9500
Creating d_974.9500
Creating d_975.9500
Creating d_976.9500
Creating d_977.9500
Creating d_978.9500
Creating d_979.9500
Creating d_980.9500
Creating d_981.9500
Creating d_982.9500
Creating d_983.9500
Creating d_984.9500
Creating d_985.9500
Creating d_986.9500
Creating d_987.9500
Creating d_988.9500
Creating d_989.9500
Creating d_990.9500
Creating d_991.9500
Creating d_992.9500
Creating d_993.9500
Creating d_994.9500
Creating d_995.9500
Creating d_996.9500
Creating d_997.9500
Creating d_998.9500
Creating d_999.9500
Creating d_1000.9500
Creating d_1001.9500
Creating d_1002.9500
Creating d_1003.9500
Creating d_1004.9500
Creating d_1005.9500
Creating d_1006.9500
Creating d_1007.9500
Creating d_1008.9500
Creating d_1009.9500
Creating d_1010.9500
Creating d_1011.9500
Creating d_1012.9500
Creating d_1013.9500
Creating d_1014.9500
Creating d_1015.9500
Creating d_1016.9500
Creating d_1017.9500
Creating d_1018.9500
Creating d_1019.9500
Creating d_1020.9500
Creating d_1021.9500
Creating d_1022.9500
Creating d_1023.9500
Creating d_1024.9500
Creating d_1025.9500
Creating d_1026.9500
Creating d_1027.9500
Creating d_1028.9500
Creating d_1029.9500
Creating d_1030.9500
Creating d_1031.9500
Creating d_1032.9500
Creating d_1033.9500
Creating d_1034.9500
Creating d_1035.9500
Creating d_1036.9500
Creating d_1037.9500
Creating d_1038.9500
Creating d_1039.9500
Creating d_1040.9500
Creating d_1041.9500
Creating d_1042.9500
Creating d_1043.9500
Creating d_1044.9500
Creating d_1045.9500
Creating d_1046.9500
Creating d_1047.9500
Creating d_1048.9500
Creating d_1049.9500
Creating d_1050.9500
Creating d_1051.9500
Creating d_1052.9500
Creating d_1053.9500
Creating d_1054.9500
Creating d_1055.9500
Creating d_1056.9500
Creating d_1057.9500
Creating d_1058.9500
Creating d_1059.9500
Creating d_1060.9500
Creating d_1061.9500
Creating d_1062.9500
Creating d_1063.9500
Creating d_1064.9500
Creating d_1065.9500
Creating d_1066.9500
Creating d_1067.9500
Creating d_1068.9500
Creating d_1069.9500
Creating d_1070.9500
Creating d_1071.9500
Creating d_1072.9500
Creating d_1073.9500
Creating d_1074.9500
Creating d_1075.9500
Creating d_1076.9500
Creating d_1077.9500
Creating d_1078.9500
Creating d_1079.9500
Creating d_1080.9500
Creating d_901.9500
Creating d_902.9500
Creating d_903.9500
Creating d_904.9500
Creating d_905.9500
Creating d_906.9500
Creating d_907.9500
Creating d_908.9500
Creating d_909.9500
Creating d_910.9500
Creating d_911.9500
Creating d_912.9500
Creating d_913.9500
Creating d_914.9500
Creating d_915.9500
Creating d_916.9500
Creating d_917.9500
Creating d_918.9500
Creating d_919.9500
Creating d_920.9500
Creating d_921.9500
Creating d_922.9500
Creating d_923.9500
Creating d_924.9500
Creating d_925.9500
Creating d_926.9500
Creating d_927.9500
Creating d_928.9500
Creating d_929.9500
Creating d_930.9500
Creating d_931.9500
Creating d_932.9500
Creating d_933.9500
Creating d_934.9500
Creating d_935.9500
Creating d_936.9500
Creating d_937.9500
Creating d_938.9500
Creating d_939.9500
Creating d_940.9500
Creating d_941.9500
Creating d_942.9500
Creating d_943.9500
Creating d_944.9500
Creating d_945.9500
Creating d_946.9500
Creating d_947.9500
Creating d_948.9500
Creating d_949.9500
Creating d_950.9500
Creating d_951.9500
Creating d_952.9500
Creating d_953.9500
Creating d_954.9500
Creating d_955.9500
Creating d_956.9500
Creating d_957.9500
Creating d_958.9500
Creating d_959.9500
Creating d_960.9500

