2018-08-07 12:54:57,311 [MainThread  ] [INFO ]  atlod in=raw/2017-11-18_0325.C3132,raw/2017-11-18_0613.C3132,raw/2017-11-18_0900.C3132,raw/2017-11-18_1146.C3132,raw/2017-11-18_1434.C3132 out=data9.uv ifsel=2 options=birdie,rfiflag,noauto,xycorr

atlod: Revision 1.53, 2016/08/25 23:02:21 UTC

Processing file raw/2017-11-18_0325.C3132
 03:25:09 CAOBS> track 1
CABB data detected
Scan 1 started at 17NOV18:03:25:24.0
Source: 1934-638
Flagging channels in  28 frequency ranges
 03:35:51 CAOBS> stop
 03:36:36 CAOBS> set file c3132_obs_b5
 03:37:00 CAOBS> start 1/99
Scan 2 started at 17NOV18:03:38:52.0
Source: 2312-319
Scan 3 started at 17NOV18:03:41:40.0
Source: b_961
Source: b_962
Source: b_963
Source: b_964
Source: b_965
Source: b_966
Source: b_967
Source: b_968
Source: b_969
Source: b_970
Source: b_971
Source: b_972
Source: b_973
Source: b_974
Source: b_975
Source: b_976
Source: b_977
Source: b_978
Source: b_979
Source: b_980
Scan 4 started at 17NOV18:03:55:00.0
Source: 2312-319
Scan 5 started at 17NOV18:03:57:40.0
Source: b_981
Source: b_982
Source: b_983
Source: b_984
Source: b_985
Source: b_986
Source: b_987
Source: b_988
Source: b_989
Source: b_990
Source: b_991
Source: b_992
Source: b_993
Source: b_994
Source: b_995
Source: b_996
Source: b_997
Source: b_998
Source: b_999
Source: b_1000
Scan 6 started at 17NOV18:04:11:08.0
Source: 2312-319
Scan 7 started at 17NOV18:04:13:56.0
Source: b_1001
Source: b_1002
Source: b_1003
Source: b_1004
Source: b_1005
Source: b_1006
Source: b_1007
Source: b_1008
Source: b_1009
Source: b_1010
Source: b_1011
Source: b_1012
Source: b_1013
Source: b_1014
Source: b_1015
Source: b_1016
Source: b_1017
Source: b_1018
Source: b_1019
Source: b_1020
Scan 8 started at 17NOV18:04:27:16.0
Source: 2312-319
Scan 9 started at 17NOV18:04:30:04.0
Source: b_1021
Source: b_1022
Source: b_1023
Source: b_1024
Source: b_1025
Source: b_1026
Source: b_1027
Source: b_1028
Source: b_1029
Source: b_1030
Source: b_1031
Source: b_1032
Source: b_1033
Source: b_1034
Source: b_1035
Source: b_1036
Source: b_1037
Source: b_1038
Source: b_1039
Source: b_1040
Scan 10 started at 17NOV18:04:43:24.0
Source: 2312-319
Scan 11 started at 17NOV18:04:46:12.0
Source: b_1041
Source: b_1042
Source: b_1043
Source: b_1044
Source: b_1045
Source: b_1046
Source: b_1047
Source: b_1048
Source: b_1049
Source: b_1050
Source: b_1051
Source: b_1052
Source: b_1053
Source: b_1054
Source: b_1055
Source: b_1056
Source: b_1057
Source: b_1058
Source: b_1059
Source: b_1060
Scan 12 started at 17NOV18:04:59:32.0
Source: 2312-319
Scan 13 started at 17NOV18:05:02:20.0
Source: b_1061
Source: b_1062
Source: b_1063
Source: b_1064
Source: b_1065
Source: b_1066
Source: b_1067
Source: b_1068
Source: b_1069
Source: b_1070
Source: b_1071
Source: b_1072
Source: b_1073
Source: b_1074
Source: b_1075
Source: b_1076
Source: b_1077
Source: b_1078
Source: b_1079
Source: b_1080
Scan 14 started at 17NOV18:05:15:40.0
Source: 2312-319
Scan 15 started at 17NOV18:05:18:28.0
Source: b_1081
Source: b_1082
Source: b_1083
Source: b_1084
Source: b_1085
Source: b_1086
Source: b_1087
Source: b_1088
Source: b_1089
Source: b_1090
Source: b_1091
Source: b_1092
Source: b_1093
Source: b_1094
Source: b_1095
Source: b_1096
Source: b_1097
Source: b_1098
Source: b_1099
Source: b_1100
Scan 16 started at 17NOV18:05:31:48.0
Source: 2312-319
Scan 17 started at 17NOV18:05:34:36.0
Source: b_1101
Source: b_1102
Source: b_1103
Source: b_1104
Source: b_1105
Source: b_1106
Source: b_1107
Source: b_1108
Source: b_1109
Source: b_1110
Source: b_1111
Source: b_1112
Source: b_1113
Source: b_1114
Source: b_1115
Source: b_1116
Source: b_1117
Source: b_1118
Source: b_1119
Source: b_1120
Scan 18 started at 17NOV18:05:47:56.0
Source: 2312-319
Scan 19 started at 17NOV18:05:50:44.0
Source: b_1121
Source: b_1122
Source: b_1123
Source: b_1124
Source: b_1125
Source: b_1126
Source: b_1127
Source: b_1128
Source: b_1129
Source: b_1130
Source: b_1131
Source: b_1132
Source: b_1133
Source: b_1134
Source: b_1135
Source: b_1136
Source: b_1137
Source: b_1138
Source: b_1139
Source: b_1140
Scan 20 started at 17NOV18:06:04:04.0
Source: 2312-319
Scan 21 started at 17NOV18:06:06:52.0
Source: b_1141
Source: b_1142
Source: b_1143
Source: b_1144
Source: b_1145
Source: b_1146
Source: b_1147
Source: b_1148
Source: b_1149
Source: b_1150
Source: b_1151
RPFITS file version is 2.12
---------------------------------------
Total number of spectra selected: 72660

Summary of spectra flagged
Flagging Reason            Fraction
---------------            --------
Antenna off-source/off-line  4.33%
---------------------------------------
Processing file raw/2017-11-18_0613.C3132
CABB data detected
Scan 1 started at 17NOV18:06:13:24.0
Source: b_1151
Source: b_1152
Source: b_1153
Source: b_1154
Source: b_1155
Source: b_1156
Source: b_1157
Source: b_1158
Source: b_1159
Source: b_1160
Scan 2 started at 17NOV18:06:20:12.0
Source: 2312-319
Scan 3 started at 17NOV18:06:23:00.0
Source: b_1161
Source: b_1162
Source: b_1163
Source: b_1164
Source: b_1165
Source: b_1166
Source: b_1167
Source: b_1168
Source: b_1169
Source: b_1170
Source: b_1171
Source: b_1172
Source: b_1173
Source: b_1174
Source: b_1175
Source: b_1176
Source: b_1177
Source: b_1178
Source: b_1179
Source: b_1180
Scan 4 started at 17NOV18:06:36:20.0
Source: 2312-319
Scan 5 started at 17NOV18:06:39:08.0
Source: b_1181
Source: b_1182
Source: b_1183
Source: b_1184
Source: b_1185
Source: b_1186
Source: b_1187
Source: b_1188
Source: b_1189
Source: b_1190
Source: b_1191
Source: b_1192
Source: b_1193
Source: b_1194
Source: b_1195
Source: b_1196
Source: b_1197
Source: b_1198
Source: b_1199
Source: b_1200
Scan 6 started at 17NOV18:06:52:28.0
Source: 2312-319
Scan 7 started at 17NOV18:06:55:16.0
Source: b_961
Source: b_962
Source: b_963
Source: b_964
Source: b_965
Source: b_966
Source: b_967
Source: b_968
Source: b_969
Source: b_970
Source: b_971
Source: b_972
Source: b_973
Source: b_974
Source: b_975
Source: b_976
Source: b_977
Source: b_978
Source: b_979
Source: b_980
Scan 8 started at 17NOV18:07:08:36.0
Source: 2312-319
Scan 9 started at 17NOV18:07:11:24.0
Source: b_981
Source: b_982
Source: b_983
Source: b_984
Source: b_985
Source: b_986
Source: b_987
Source: b_988
Source: b_989
Source: b_990
Source: b_991
Source: b_992
Source: b_993
Source: b_994
Source: b_995
Source: b_996
Source: b_997
Source: b_998
Source: b_999
Source: b_1000
Scan 10 started at 17NOV18:07:24:44.0
Source: 2312-319
Scan 11 started at 17NOV18:07:27:32.0
Source: b_1001
Source: b_1002
Source: b_1003
Source: b_1004
Source: b_1005
Source: b_1006
Source: b_1007
Source: b_1008
Source: b_1009
Source: b_1010
Source: b_1011
Source: b_1012
Source: b_1013
Source: b_1014
Source: b_1015
Source: b_1016
Source: b_1017
Source: b_1018
Source: b_1019
Source: b_1020
Scan 12 started at 17NOV18:07:40:52.0
Source: 2312-319
Scan 13 started at 17NOV18:07:43:40.0
Source: b_1021
Source: b_1022
Source: b_1023
Source: b_1024
Source: b_1025
Source: b_1026
Source: b_1027
Source: b_1028
Source: b_1029
Source: b_1030
Source: b_1031
Source: b_1032
Source: b_1033
Source: b_1034
Source: b_1035
Source: b_1036
Source: b_1037
Source: b_1038
Source: b_1039
Source: b_1040
Scan 14 started at 17NOV18:07:57:00.0
Source: 2312-319
Scan 15 started at 17NOV18:07:59:48.0
Source: b_1041
Source: b_1042
Source: b_1043
Source: b_1044
Source: b_1045
Source: b_1046
Source: b_1047
Source: b_1048
Source: b_1049
Source: b_1050
Source: b_1051
Source: b_1052
Source: b_1053
Source: b_1054
Source: b_1055
Source: b_1056
Source: b_1057
Source: b_1058
Source: b_1059
Source: b_1060
Scan 16 started at 17NOV18:08:13:08.0
Source: 2312-319
Scan 17 started at 17NOV18:08:15:56.0
Source: b_1061
Source: b_1062
Source: b_1063
Source: b_1064
Source: b_1065
Source: b_1066
Source: b_1067
Source: b_1068
Source: b_1069
Source: b_1070
Source: b_1071
Source: b_1072
Source: b_1073
Source: b_1074
Source: b_1075
Source: b_1076
Source: b_1077
Source: b_1078
Source: b_1079
Source: b_1080
Scan 18 started at 17NOV18:08:29:24.0
Source: 2312-319
Scan 19 started at 17NOV18:08:32:28.0
Source: b_1081
Source: b_1082
Source: b_1083
Source: b_1084
Source: b_1085
Source: b_1086
Source: b_1087
Source: b_1088
Source: b_1089
Source: b_1090
Source: b_1091
Source: b_1092
Source: b_1093
Source: b_1094
Source: b_1095
Source: b_1096
Source: b_1097
Source: b_1098
Source: b_1099
Source: b_1100
Scan 20 started at 17NOV18:08:45:40.0
Source: 2312-319
Scan 21 started at 17NOV18:08:48:44.0
Source: b_1101
Source: b_1102
Source: b_1103
Source: b_1104
Source: b_1105
Source: b_1106
Source: b_1107
Source: b_1108
Source: b_1109
Source: b_1110
Source: b_1111
Source: b_1112
Source: b_1113
Source: b_1114
Source: b_1115
Source: b_1116
Source: b_1117
Source: b_1118
RPFITS file version is 2.12
---------------------------------------
Total number of spectra selected: 72660

Summary of spectra flagged
Flagging Reason            Fraction
---------------            --------
Antenna off-source/off-line  3.74%
---------------------------------------
Processing file raw/2017-11-18_0900.C3132
CABB data detected
Scan 1 started at 17NOV18:09:00:12.0
Source: b_1118
Source: b_1119
Source: b_1120
Scan 2 started at 17NOV18:09:02:04.0
Source: 2312-319
Scan 3 started at 17NOV18:09:05:24.0
Source: b_1121
Source: b_1122
Source: b_1123
Source: b_1124
Source: b_1125
Source: b_1126
Source: b_1127
Source: b_1128
Source: b_1129
Source: b_1130
Source: b_1131
Source: b_1132
Source: b_1133
Source: b_1134
Source: b_1135
Source: b_1136
Source: b_1137
Source: b_1138
Source: b_1139
Source: b_1140
Scan 4 started at 17NOV18:09:19:08.0
Source: 2312-319
Scan 5 started at 17NOV18:09:26:28.0
Source: b_1144
Source: b_1145
Source: b_1146
Source: b_1147
Source: b_1148
Source: b_1149
Source: b_1150
Source: b_1159
Source: b_1160
Scan 6 started at 17NOV18:09:38:28.0
Source: 2312-319
Scan 7 started at 17NOV18:09:41:56.0
Source: b_1162
Source: b_1163
Source: b_1164
Source: b_1165
Source: b_1166
Source: b_1167
Source: b_1168
Source: b_1169
Source: b_1170
Source: b_1171
Source: b_1172
Source: b_1173
Source: b_1174
Source: b_1175
Source: b_1176
Source: b_1177
Source: b_1178
Source: b_1179
Source: b_1180
Scan 8 started at 17NOV18:09:54:36.0
Source: 2312-319
Scan 9 started at 17NOV18:09:57:24.0
Source: b_1181
Source: b_1182
Source: b_1183
Source: b_1184
Source: b_1185
Source: b_1186
Source: b_1187
Source: b_1188
Source: b_1189
Source: b_1190
Source: b_1191
Source: b_1192
Source: b_1193
Source: b_1194
Source: b_1195
Source: b_1196
Source: b_1197
Source: b_1198
Source: b_1199
Source: b_1200
Scan 10 started at 17NOV18:10:10:44.0
Source: 2312-319
Scan 11 started at 17NOV18:10:13:32.0
Source: b_961
Source: b_962
Source: b_963
Source: b_964
Source: b_965
Source: b_966
Source: b_967
Source: b_968
Source: b_969
Source: b_970
Source: b_971
Source: b_972
Source: b_973
Source: b_974
Source: b_975
Source: b_976
Source: b_977
Source: b_978
Source: b_979
Source: b_980
Scan 12 started at 17NOV18:10:26:52.0
Source: 2312-319
Scan 13 started at 17NOV18:10:29:40.0
Source: b_981
Source: b_982
Source: b_983
Source: b_984
Source: b_985
Source: b_986
Source: b_987
Source: b_988
Source: b_989
Source: b_990
Source: b_991
Source: b_992
Source: b_993
Source: b_994
Source: b_995
Source: b_996
Source: b_997
Source: b_998
Source: b_999
Source: b_1000
Scan 14 started at 17NOV18:10:43:00.0
Source: 2312-319
Scan 15 started at 17NOV18:10:45:48.0
Source: b_1001
Source: b_1002
Source: b_1003
Source: b_1004
Source: b_1005
Source: b_1006
Source: b_1007
Source: b_1008
Source: b_1009
Source: b_1010
Source: b_1011
Source: b_1012
Source: b_1013
Source: b_1014
Source: b_1015
Source: b_1016
Source: b_1017
Source: b_1018
Source: b_1019
Source: b_1020
Scan 16 started at 17NOV18:10:59:08.0
Source: 2312-319
Scan 17 started at 17NOV18:11:01:56.0
Source: b_1021
Source: b_1022
Source: b_1023
Source: b_1024
Source: b_1025
Source: b_1026
Source: b_1027
Source: b_1028
Source: b_1029
Source: b_1030
Source: b_1031
Source: b_1032
Source: b_1033
Source: b_1034
Source: b_1035
Source: b_1036
Source: b_1037
Source: b_1038
Source: b_1039
Source: b_1040
Scan 18 started at 17NOV18:11:15:16.0
Source: 2312-319
Scan 19 started at 17NOV18:11:18:04.0
Source: b_1041
Source: b_1042
Source: b_1043
Source: b_1044
Source: b_1045
Source: b_1046
Source: b_1047
Source: b_1048
Source: b_1049
Source: b_1050
Source: b_1051
Source: b_1052
Source: b_1053
Source: b_1054
Source: b_1055
Source: b_1056
Source: b_1057
Source: b_1058
Source: b_1059
Source: b_1060
Scan 20 started at 17NOV18:11:31:24.0
Source: 2312-319
Scan 21 started at 17NOV18:11:34:12.0
Source: b_1061
Source: b_1062
Source: b_1063
Source: b_1064
Source: b_1065
Source: b_1066
Source: b_1067
Source: b_1068
Source: b_1069
Source: b_1070
Source: b_1071
Source: b_1072
Source: b_1073
Source: b_1074
Source: b_1075
Source: b_1076
Source: b_1077
Source: b_1078
Source: b_1079
Source: b_1080
RPFITS file version is 2.12
---------------------------------------
Total number of spectra selected: 72660

Summary of spectra flagged
Flagging Reason            Fraction
---------------            --------
Antenna off-source/off-line  14.0%
---------------------------------------
Processing file raw/2017-11-18_1146.C3132
CABB data detected
Scan 1 started at 17NOV18:11:47:00.0
Source: b_1080
Scan 2 started at 17NOV18:11:47:32.0
Source: 2312-319
Scan 3 started at 17NOV18:11:50:20.0
Source: b_1081
Source: b_1082
Source: b_1083
Source: b_1084
Source: b_1085
Source: b_1086
Source: b_1087
Source: b_1088
Source: b_1089
Source: b_1090
Source: b_1091
Source: b_1092
Source: b_1093
Source: b_1094
Source: b_1095
Source: b_1096
Source: b_1097
Source: b_1098
Source: b_1099
Source: b_1100
Scan 4 started at 17NOV18:12:03:40.0
Source: 2312-319
Scan 5 started at 17NOV18:12:06:28.0
Source: b_1101
Source: b_1102
Source: b_1103
Source: b_1104
Source: b_1105
Source: b_1106
Source: b_1107
Source: b_1108
Source: b_1109
Source: b_1110
Source: b_1111
Source: b_1112
Source: b_1113
Source: b_1114
Source: b_1115
Source: b_1116
Source: b_1117
Source: b_1118
Source: b_1119
Source: b_1120
Scan 6 started at 17NOV18:12:19:48.0
Source: 2312-319
Scan 7 started at 17NOV18:12:22:36.0
Source: b_1121
Source: b_1122
Source: b_1123
Source: b_1124
Source: b_1125
Source: b_1126
Source: b_1127
Source: b_1128
Source: b_1129
Source: b_1130
Source: b_1131
Source: b_1132
Source: b_1133
Source: b_1134
Source: b_1135
Source: b_1136
Source: b_1137
Source: b_1138
Source: b_1139
Source: b_1140
Scan 8 started at 17NOV18:12:35:56.0
Source: 2312-319
Scan 9 started at 17NOV18:12:38:44.0
Source: b_1141
Source: b_1142
Source: b_1143
Source: b_1144
Source: b_1145
Source: b_1146
Source: b_1147
Source: b_1148
Source: b_1149
Source: b_1150
Source: b_1151
Source: b_1152
Source: b_1153
Source: b_1154
Source: b_1155
Source: b_1156
Source: b_1157
Source: b_1158
Source: b_1159
Source: b_1160
Scan 10 started at 17NOV18:12:52:04.0
Source: 2312-319
Scan 11 started at 17NOV18:12:54:52.0
Source: b_1161
Source: b_1162
Source: b_1163
Source: b_1164
Source: b_1165
Source: b_1166
Source: b_1167
Source: b_1168
Source: b_1169
Source: b_1170
Source: b_1171
Source: b_1172
Source: b_1173
Source: b_1174
Source: b_1175
Source: b_1176
Source: b_1177
Source: b_1178
Source: b_1179
Source: b_1180
Scan 12 started at 17NOV18:13:08:12.0
Source: 2312-319
Scan 13 started at 17NOV18:13:11:00.0
Source: b_1181
Source: b_1182
Source: b_1183
Source: b_1184
Source: b_1185
Source: b_1186
Source: b_1187
Source: b_1188
Source: b_1189
Source: b_1190
Source: b_1191
Source: b_1192
Source: b_1193
Source: b_1194
Source: b_1195
Source: b_1196
Source: b_1197
Source: b_1198
Source: b_1199
Source: b_1200
Scan 14 started at 17NOV18:13:24:20.0
Source: 2312-319
Scan 15 started at 17NOV18:13:27:00.0
Source: b_961
Source: b_962
Source: b_963
Source: b_964
Source: b_965
Source: b_966
Source: b_967
Source: b_968
Source: b_969
Source: b_970
Source: b_971
Source: b_972
Source: b_973
Source: b_974
Source: b_975
Source: b_976
Source: b_977
Source: b_978
Source: b_979
Source: b_980
Scan 16 started at 17NOV18:13:40:28.0
Source: 2312-319
Scan 17 started at 17NOV18:13:43:16.0
Source: b_981
Source: b_982
Source: b_983
Source: b_984
Source: b_985
Source: b_986
Source: b_987
Source: b_988
Source: b_989
Source: b_990
Source: b_991
Source: b_992
Source: b_993
Source: b_994
Source: b_995
Source: b_996
Source: b_997
Source: b_998
Source: b_999
Source: b_1000
Scan 18 started at 17NOV18:13:56:36.0
Source: 2312-319
Scan 19 started at 17NOV18:13:59:16.0
Source: b_1001
Source: b_1002
Source: b_1003
Source: b_1004
Source: b_1005
Source: b_1006
Source: b_1007
Source: b_1008
Source: b_1009
Source: b_1010
Source: b_1011
Source: b_1012
Source: b_1013
Source: b_1014
Source: b_1015
Source: b_1016
Source: b_1017
Source: b_1018
Source: b_1019
Source: b_1020
Scan 20 started at 17NOV18:14:12:44.0
Source: 2312-319
Scan 21 started at 17NOV18:14:15:24.0
Source: b_1021
Source: b_1022
Source: b_1023
Source: b_1024
Source: b_1025
Source: b_1026
Source: b_1027
Source: b_1028
Source: b_1029
Source: b_1030
Source: b_1031
Source: b_1032
Source: b_1033
Source: b_1034
Source: b_1035
Source: b_1036
Source: b_1037
Source: b_1038
Source: b_1039
Source: b_1040
Scan 22 started at 17NOV18:14:28:52.0
Source: 2312-319
Scan 23 started at 17NOV18:14:31:32.0
Source: b_1041
Source: b_1042
Source: b_1043
Source: b_1044
Source: b_1045
RPFITS file version is 2.12
---------------------------------------
Total number of spectra selected: 72660

Summary of spectra flagged
Flagging Reason            Fraction
---------------            --------
Antenna off-source/off-line  3.35%
---------------------------------------
Processing file raw/2017-11-18_1434.C3132
CABB data detected
Scan 1 started at 17NOV18:14:34:20.0
Source: b_1045
Source: b_1046
Source: b_1047
Source: b_1048
Source: b_1049
Source: b_1050
Source: b_1051
Source: b_1052
Source: b_1053
Source: b_1054
Source: b_1055
Source: b_1056
Source: b_1057
Source: b_1058
Source: b_1059
Source: b_1060
Scan 2 started at 17NOV18:14:45:00.0
Source: 2312-319
Scan 3 started at 17NOV18:14:47:40.0
Source: b_1061
Source: b_1062
Source: b_1063
Source: b_1064
Source: b_1065
Source: b_1066
Source: b_1067
Source: b_1068
Source: b_1069
Source: b_1070
Source: b_1071
Source: b_1072
Source: b_1073
Source: b_1074
Source: b_1075
Source: b_1076
Source: b_1077
Source: b_1078
Source: b_1079
Source: b_1080
Scan 4 started at 17NOV18:15:01:08.0
Source: 2312-319
Scan 5 started at 17NOV18:15:03:48.0
Source: b_1081
Source: b_1082
Source: b_1083
Source: b_1084
Source: b_1085
Source: b_1086
Source: b_1087
Source: b_1088
Source: b_1089
Source: b_1090
Source: b_1091
Source: b_1092
Source: b_1093
Source: b_1094
Source: b_1095
Source: b_1096
Source: b_1097
Source: b_1098
Source: b_1099
Source: b_1100
Scan 6 started at 17NOV18:15:17:16.0
Source: 2312-319
Scan 7 started at 17NOV18:15:19:56.0
Source: b_1101
 15:20:05 CAOBS> stop
 15:20:17 CAOBS> corr close file
RPFITS file version is 2.12
---------------------------------------
Total number of spectra selected: 19860

Summary of spectra flagged
Flagging Reason            Fraction
---------------            --------
Antenna off-source/off-line  2.72%
---------------------------------------

No CACAL data was detected

2018-08-07 12:55:15,308 [MainThread  ] [INFO ]  uvflag vis=data9.uv line=chan,50,850,1 flagval=flag

uvflag: Revision 1.8, 2014/09/30 14:23:39 UTC


Set flags to indicate bad data in visibility file data9.uv
Linetype channel; select   50 channels; start  850, width    1, step    1

Overview of flagging on visibility file data9.uv
Changed flags set to FALSE (data flagged as bad)
Total number of records selected: 291476; out of 291476 records
Antennas used: 1-6
Counts of correlations within selected channels
channel   Originally    Currently
Good:        14573800.           0.    Changed to bad:    14573800.
Bad:                0.    14573800.

2018-08-07 12:56:02,344 [MainThread  ] [INFO ]  uvsplit vis=data9.uv options=mosaic

uvsplit: Revision 1.18, 2016/05/09 03:06:18 UTC

Creating 1934-638.9500
Creating 2312-319.9500
Creating b.9500

2018-08-07 12:56:17,384 [MainThread  ] [INFO ]  pgflag vis=1934-638.9500 command='<b' stokes=i,q,u,v flagpar=8,5,5,3,6,3 options=nodisp

pgflag: Revision 1.30, 2016/10/05 23:06:50 UTC

Applying changes to dataset
Counts of correlations within selected channels:
 channel  Originally  Currently
 Good:       8344440    8246896    Changed to bad:      97544
 Bad:        1244880    1342424    Changed to good:         0
 14.0% of the data is now flagged

2018-08-07 12:56:29,324 [MainThread  ] [INFO ]  pgflag vis=1934-638.9500 command='<b' stokes=i,v,q,u flagpar=8,2,2,3,6,3  options=nodisp

pgflag: Revision 1.30, 2016/10/05 23:06:50 UTC

Applying changes to dataset
Counts of correlations within selected channels:
 channel  Originally  Currently
 Good:       8246896    8165668    Changed to bad:      81228
 Bad:        1342424    1423652    Changed to good:         0
 14.8% of the data is now flagged

2018-08-07 12:56:39,938 [MainThread  ] [INFO ]  pgflag vis=1934-638.9500 command='<b' stokes=i,v,u,q flagpar=8,2,2,3,6,3  options=nodisp

pgflag: Revision 1.30, 2016/10/05 23:06:50 UTC

Applying changes to dataset
Counts of correlations within selected channels:
 channel  Originally  Currently
 Good:       8165668    8019740    Changed to bad:     145928
 Bad:        1423652    1569580    Changed to good:         0
 16.4% of the data is now flagged

2018-08-07 12:57:31,500 [MainThread  ] [INFO ]  mfcal vis=1934-638.9500 refant=4 interval=0.1
MfCal: $Revision: 1.20 $, $Date: 2017/05/08 02:31:10 $
Selecting parallel-hand polarisations
Reading the data ...
Number correlations accepted: 4009870
Number of frequency bands/settings: 1
Number of polarisations selected: 2
Number of solution intervals: 78
Number of passband solution intervals: 1
Initialising ...
Using post-Aug94 ATCA flux scale for 1934-638.
Using known frequency variation of 1934-638
Generating initial solution estimate ...
Doing solution refinement ...
Iter= 1, Solution Error:  0.453
Iter= 2, Solution Error:  0.008
Iter= 3, Solution Error:  0.000
Saving solution ...

2018-08-07 12:57:32,866 [MainThread  ] [INFO ]  gpcal vis=1934-638.9500 refant=4 interval=0.1 nfbin=2 options=xyvary

gpcal: Revision 1.22, 2016/05/01 22:31:05 UTC

Applying bandpass corrections to 1934-638.9500
Number of antennae: 6
Reading the data ...
Number of solution intervals: 78
Total visibilities read: 1170
Number visibilities accepted: 1170
Using post-Aug94 ATCA flux scale for 1934-638.
Using IQUV =  2.5362,  0.0000,  0.0000,  0.0000 at   9.4662 GHz.
Using post-Aug94 ATCA flux scale for 1934-638.
Using IQUV =  2.6946,  0.0000,  0.0000,  0.0000 at   9.0162 GHz.
Using post-Aug94 ATCA flux scale for 1934-638.
Using IQUV =  2.3860,  0.0000,  0.0000,  0.0000 at   9.9442 GHz.
Iter= 1, Amplit/Phase Solution Error:   0.472
Iter= 1, Polarisation Solution Error:   0.034
Iter= 1, Overall Solution Error:        2.050
Iter= 2, Amplit/Phase Solution Error:   0.002
Iter= 2, Polarisation Solution Error:   0.000
Iter= 2, Overall Solution Error:        0.003
Iter= 3, Amplit/Phase Solution Error:   0.001
Iter= 3, Polarisation Solution Error:   0.000
Iter= 3, Overall Solution Error:        0.001
I flux density:   2.5362
Leakage terms:
 Ant 1:Dx,Dy = ( 0.00207,-0.00459),(-0.00069,-0.00512)
 Ant 2:Dx,Dy = ( 0.00334, 0.00092),(-0.00235, 0.00083)
 Ant 3:Dx,Dy = ( 0.00373, 0.00277),(-0.00852, 0.00279)
 Ant 4:Dx,Dy = ( 0.00328, 0.01650),(-0.00185, 0.01662)
 Ant 5:Dx,Dy = (-0.01622, 0.00235),( 0.01684, 0.00207)
 Ant 6:Dx,Dy = ( 0.00375,-0.01745),(-0.00347,-0.01768)
Solution for freq bin  1
Iter= 1, Amplit/Phase Solution Error:   0.465
Iter= 1, Polarisation Solution Error:   0.034
Iter= 1, Overall Solution Error:        2.035
Iter= 2, Amplit/Phase Solution Error:   0.002
Iter= 2, Polarisation Solution Error:   0.000
Iter= 2, Overall Solution Error:        0.003
Iter= 3, Amplit/Phase Solution Error:   0.001
Iter= 3, Polarisation Solution Error:   0.000
Iter= 3, Overall Solution Error:        0.001
I flux density:   2.6946
Leakage terms:
 Ant 1:Dx,Dy = ( 0.00245,-0.00414),(-0.00117,-0.00486)
 Ant 2:Dx,Dy = ( 0.00354, 0.00215),(-0.00213, 0.00172)
 Ant 3:Dx,Dy = ( 0.00433, 0.00256),(-0.00676, 0.00331)
 Ant 4:Dx,Dy = ( 0.00242, 0.01670),(-0.00089, 0.01661)
 Ant 5:Dx,Dy = (-0.01660, 0.00042),( 0.01679, 0.00052)
 Ant 6:Dx,Dy = ( 0.00471,-0.01735),(-0.00498,-0.01764)
Solution for freq bin  2
Iter= 1, Amplit/Phase Solution Error:   0.480
Iter= 1, Polarisation Solution Error:   0.034
Iter= 1, Overall Solution Error:        2.068
Iter= 2, Amplit/Phase Solution Error:   0.002
Iter= 2, Polarisation Solution Error:   0.000
Iter= 2, Overall Solution Error:        0.003
Iter= 3, Amplit/Phase Solution Error:   0.001
Iter= 3, Polarisation Solution Error:   0.000
Iter= 3, Overall Solution Error:        0.001
I flux density:   2.3860
Leakage terms:
 Ant 1:Dx,Dy = ( 0.00166,-0.00511),(-0.00015,-0.00541)
 Ant 2:Dx,Dy = ( 0.00313,-0.00046),(-0.00261,-0.00016)
 Ant 3:Dx,Dy = ( 0.00305, 0.00301),(-0.01055, 0.00220)
 Ant 4:Dx,Dy = ( 0.00428, 0.01627),(-0.00294, 0.01663)
 Ant 5:Dx,Dy = (-0.01579, 0.00451),( 0.01689, 0.00380)
 Ant 6:Dx,Dy = ( 0.00260,-0.01756),(-0.00170,-0.01773)

2018-08-07 12:57:49,278 [MainThread  ] [INFO ]  pgflag vis=1934-638.9500 command='<b' stokes=i,q,u,v flagpar=8,5,5,3,6,3 options=nodisp

pgflag: Revision 1.30, 2016/10/05 23:06:50 UTC

Applying bandpass corrections to 1934-638.9500
Applying freq. dependent gain corrections to 1934-638.9500
Applying freq. dependent leakage correction to 1934-638.9500
Applying changes to dataset
Counts of correlations within selected channels:
 channel  Originally  Currently
 Good:       8019740    7993412    Changed to bad:      26328
 Bad:        1569580    1595908    Changed to good:         0
 16.6% of the data is now flagged

2018-08-07 12:58:09,575 [MainThread  ] [INFO ]  pgflag vis=1934-638.9500 command='<b' stokes=i,v,q,u flagpar=8,2,2,3,6,3  options=nodisp

pgflag: Revision 1.30, 2016/10/05 23:06:50 UTC

Applying bandpass corrections to 1934-638.9500
Applying freq. dependent gain corrections to 1934-638.9500
Applying freq. dependent leakage correction to 1934-638.9500
Applying changes to dataset
Counts of correlations within selected channels:
 channel  Originally  Currently
 Good:       7993412    7966472    Changed to bad:      26940
 Bad:        1595908    1622848    Changed to good:         0
 16.9% of the data is now flagged

2018-08-07 12:58:25,077 [MainThread  ] [INFO ]  pgflag vis=1934-638.9500 command='<b' stokes=i,v,u,q flagpar=8,2,2,3,6,3  options=nodisp

pgflag: Revision 1.30, 2016/10/05 23:06:50 UTC

Applying bandpass corrections to 1934-638.9500
Applying freq. dependent gain corrections to 1934-638.9500
Applying freq. dependent leakage correction to 1934-638.9500
Applying changes to dataset
Counts of correlations within selected channels:
 channel  Originally  Currently
 Good:       7966472    7942588    Changed to bad:      23884
 Bad:        1622848    1646732    Changed to good:         0
 17.2% of the data is now flagged

2018-08-07 12:59:22,149 [MainThread  ] [INFO ]  mfcal vis=1934-638.9500 refant=4 interval=0.1
MfCal: $Revision: 1.20 $, $Date: 2017/05/08 02:31:10 $
Selecting parallel-hand polarisations
Reading the data ...
Number correlations accepted: 3971294
Number of frequency bands/settings: 1
Number of polarisations selected: 2
Number of solution intervals: 78
Number of passband solution intervals: 1
Initialising ...
Using post-Aug94 ATCA flux scale for 1934-638.
Using known frequency variation of 1934-638
Generating initial solution estimate ...
Doing solution refinement ...
Iter= 1, Solution Error:  0.457
Iter= 2, Solution Error:  0.008
Iter= 3, Solution Error:  0.000
Saving solution ...

2018-08-07 12:59:34,464 [MainThread  ] [INFO ]  gpcal vis=1934-638.9500 refant=4 interval=0.1 nfbin=2 options=xyvary

gpcal: Revision 1.22, 2016/05/01 22:31:05 UTC

Applying bandpass corrections to 1934-638.9500
Number of antennae: 6
Using leakage parameters from input as initial guess
Reading the data ...
Number of solution intervals: 78
Total visibilities read: 1170
Number visibilities accepted: 1170
Using post-Aug94 ATCA flux scale for 1934-638.
Using IQUV =  2.5364,  0.0000,  0.0000,  0.0000 at   9.4654 GHz.
Using post-Aug94 ATCA flux scale for 1934-638.
Using IQUV =  2.6941,  0.0000,  0.0000,  0.0000 at   9.0176 GHz.
Using post-Aug94 ATCA flux scale for 1934-638.
Using IQUV =  2.3870,  0.0000,  0.0000,  0.0000 at   9.9411 GHz.
Iter= 1, Amplit/Phase Solution Error:   0.472
Iter= 1, Polarisation Solution Error:   0.000
Iter= 1, Overall Solution Error:        2.051
Iter= 2, Amplit/Phase Solution Error:   0.002
Iter= 2, Polarisation Solution Error:   0.000
Iter= 2, Overall Solution Error:        0.003
Iter= 3, Amplit/Phase Solution Error:   0.001
Iter= 3, Polarisation Solution Error:   0.000
Iter= 3, Overall Solution Error:        0.001
I flux density:   2.5364
Leakage terms:
 Ant 1:Dx,Dy = ( 0.00208,-0.00459),(-0.00068,-0.00513)
 Ant 2:Dx,Dy = ( 0.00336, 0.00093),(-0.00234, 0.00082)
 Ant 3:Dx,Dy = ( 0.00374, 0.00277),(-0.00854, 0.00280)
 Ant 4:Dx,Dy = ( 0.00330, 0.01650),(-0.00186, 0.01662)
 Ant 5:Dx,Dy = (-0.01625, 0.00238),( 0.01685, 0.00209)
 Ant 6:Dx,Dy = ( 0.00374,-0.01748),(-0.00347,-0.01770)
Solution for freq bin  1
Iter= 1, Amplit/Phase Solution Error:   0.466
Iter= 1, Polarisation Solution Error:   0.002
Iter= 1, Overall Solution Error:        2.036
Iter= 2, Amplit/Phase Solution Error:   0.002
Iter= 2, Polarisation Solution Error:   0.000
Iter= 2, Overall Solution Error:        0.003
Iter= 3, Amplit/Phase Solution Error:   0.001
Iter= 3, Polarisation Solution Error:   0.000
Iter= 3, Overall Solution Error:        0.001
I flux density:   2.6941
Leakage terms:
 Ant 1:Dx,Dy = ( 0.00246,-0.00414),(-0.00114,-0.00489)
 Ant 2:Dx,Dy = ( 0.00357, 0.00217),(-0.00212, 0.00171)
 Ant 3:Dx,Dy = ( 0.00434, 0.00254),(-0.00678, 0.00330)
 Ant 4:Dx,Dy = ( 0.00245, 0.01672),(-0.00092, 0.01661)
 Ant 5:Dx,Dy = (-0.01664, 0.00046),( 0.01679, 0.00056)
 Ant 6:Dx,Dy = ( 0.00470,-0.01737),(-0.00496,-0.01766)
Solution for freq bin  2
Iter= 1, Amplit/Phase Solution Error:   0.480
Iter= 1, Polarisation Solution Error:   0.003
Iter= 1, Overall Solution Error:        2.069
Iter= 2, Amplit/Phase Solution Error:   0.002
Iter= 2, Polarisation Solution Error:   0.000
Iter= 2, Overall Solution Error:        0.003
Iter= 3, Amplit/Phase Solution Error:   0.001
Iter= 3, Polarisation Solution Error:   0.000
Iter= 3, Overall Solution Error:        0.001
I flux density:   2.3870
Leakage terms:
 Ant 1:Dx,Dy = ( 0.00165,-0.00510),(-0.00015,-0.00540)
 Ant 2:Dx,Dy = ( 0.00313,-0.00046),(-0.00261,-0.00017)
 Ant 3:Dx,Dy = ( 0.00306, 0.00303),(-0.01057, 0.00223)
 Ant 4:Dx,Dy = ( 0.00427, 0.01626),(-0.00294, 0.01665)
 Ant 5:Dx,Dy = (-0.01579, 0.00450),( 0.01691, 0.00379)
 Ant 6:Dx,Dy = ( 0.00259,-0.01759),(-0.00172,-0.01775)

2018-08-07 12:59:38,599 [MainThread  ] [INFO ]  gpcopy vis=1934-638.9500 out=2312-319.9500

gpcopy: Revision 1.13, 2015/10/29 01:31:39 UTC

Copying leakage table
Copying gain table
Interpolation tolerance set to (minutes): 720.00
Copying bandpass table

2018-08-07 13:02:31,070 [MainThread  ] [INFO ]  pgflag vis=2312-319.9500 command='<b' stokes=i,q,u,v flagpar=8,5,5,3,6,3 options=nodisp

pgflag: Revision 1.30, 2016/10/05 23:06:50 UTC

Applying bandpass corrections to 2312-319.9500
Applying freq. dependent gain corrections to 2312-319.9500
Applying freq. dependent leakage correction to 2312-319.9500
Applying changes to dataset
Counts of correlations within selected channels:
 channel  Originally  Currently
 Good:      70606800   69908584    Changed to bad:     698216
 Bad:       10533600   11231816    Changed to good:         0
 13.8% of the data is now flagged

2018-08-07 13:05:25,571 [MainThread  ] [INFO ]  pgflag vis=2312-319.9500 command='<b' stokes=i,v,q,u flagpar=8,2,2,3,6,3  options=nodisp

pgflag: Revision 1.30, 2016/10/05 23:06:50 UTC

Applying bandpass corrections to 2312-319.9500
Applying freq. dependent gain corrections to 2312-319.9500
Applying freq. dependent leakage correction to 2312-319.9500
Applying changes to dataset
Counts of correlations within selected channels:
 channel  Originally  Currently
 Good:      69908584   69275100    Changed to bad:     633484
 Bad:       11231816   11865300    Changed to good:         0
 14.6% of the data is now flagged

2018-08-07 13:08:03,210 [MainThread  ] [INFO ]  pgflag vis=2312-319.9500 command='<b' stokes=i,v,u,q flagpar=8,2,2,3,6,3  options=nodisp

pgflag: Revision 1.30, 2016/10/05 23:06:50 UTC

Applying bandpass corrections to 2312-319.9500
Applying freq. dependent gain corrections to 2312-319.9500
Applying freq. dependent leakage correction to 2312-319.9500
Applying changes to dataset
Counts of correlations within selected channels:
 channel  Originally  Currently
 Good:      69275100   68577820    Changed to bad:     697280
 Bad:       11865300   12562580    Changed to good:         0
 15.5% of the data is now flagged

2018-08-07 13:08:07,866 [MainThread  ] [INFO ]  gpcal vis=2312-319.9500 refant=4 interval=0.1 nfbin=2 options=xyvary,qusolve

gpcal: Revision 1.22, 2016/05/01 22:31:05 UTC

Applying bandpass corrections to 2312-319.9500
Number of antennae: 6
Using leakage parameters from input as initial guess
Reading the data ...
Number of solution intervals: 660
Total visibilities read: 9900
Number visibilities accepted: 9900
Iter= 1, Amplit/Phase Solution Error:   0.779
Iter= 1, Polarisation Solution Error:   0.005
Iter= 1, Overall Solution Error:        2.525
Iter= 2, Amplit/Phase Solution Error:   0.005
Iter= 2, Polarisation Solution Error:   0.000
Iter= 2, Overall Solution Error:        0.005
Iter= 3, Amplit/Phase Solution Error:   0.001
Iter= 3, Polarisation Solution Error:   0.000
Iter= 3, Overall Solution Error:        0.001
I flux density:   0.5393
Percent Q:   0.455
Percent U:  -0.120
Leakage terms:
 Ant 1:Dx,Dy = ( 0.00165,-0.00507),(-0.00067,-0.00454)
 Ant 2:Dx,Dy = ( 0.00298, 0.00012),(-0.00254, 0.00144)
 Ant 3:Dx,Dy = ( 0.00401, 0.00222),(-0.00843, 0.00312)
 Ant 4:Dx,Dy = ( 0.00283, 0.01574),(-0.00201, 0.01692)
 Ant 5:Dx,Dy = (-0.01649, 0.00213),( 0.01648, 0.00312)
 Ant 6:Dx,Dy = ( 0.00425,-0.01840),(-0.00362,-0.01682)
Solution for freq bin  1
Iter= 1, Amplit/Phase Solution Error:   0.756
Iter= 1, Polarisation Solution Error:   0.005
Iter= 1, Overall Solution Error:        2.527
Iter= 2, Amplit/Phase Solution Error:   0.005
Iter= 2, Polarisation Solution Error:   0.000
Iter= 2, Overall Solution Error:        0.005
Iter= 3, Amplit/Phase Solution Error:   0.001
Iter= 3, Polarisation Solution Error:   0.000
Iter= 3, Overall Solution Error:        0.001
I flux density:   0.5429
Percent Q:   0.466
Percent U:  -0.001
Leakage terms:
 Ant 1:Dx,Dy = ( 0.00207,-0.00435),(-0.00096,-0.00422)
 Ant 2:Dx,Dy = ( 0.00313, 0.00151),(-0.00226, 0.00232)
 Ant 3:Dx,Dy = ( 0.00461, 0.00218),(-0.00663, 0.00338)
 Ant 4:Dx,Dy = ( 0.00200, 0.01602),(-0.00109, 0.01674)
 Ant 5:Dx,Dy = (-0.01687, 0.00005),( 0.01624, 0.00132)
 Ant 6:Dx,Dy = ( 0.00521,-0.01800),(-0.00516,-0.01695)
Solution for freq bin  2
Iter= 1, Amplit/Phase Solution Error:   0.828
Iter= 1, Polarisation Solution Error:   0.004
Iter= 1, Overall Solution Error:        2.531
Iter= 2, Amplit/Phase Solution Error:   0.005
Iter= 2, Polarisation Solution Error:   0.000
Iter= 2, Overall Solution Error:        0.005
Iter= 3, Amplit/Phase Solution Error:   0.001
Iter= 3, Polarisation Solution Error:   0.000
Iter= 3, Overall Solution Error:        0.001
I flux density:   0.5375
Percent Q:   0.442
Percent U:  -0.228
Leakage terms:
 Ant 1:Dx,Dy = ( 0.00124,-0.00576),(-0.00039,-0.00484)
 Ant 2:Dx,Dy = ( 0.00294,-0.00124),(-0.00272, 0.00058)
 Ant 3:Dx,Dy = ( 0.00344, 0.00224),(-0.01016, 0.00280)
 Ant 4:Dx,Dy = ( 0.00363, 0.01548),(-0.00289, 0.01713)
 Ant 5:Dx,Dy = (-0.01616, 0.00414),( 0.01666, 0.00487)
 Ant 6:Dx,Dy = ( 0.00329,-0.01857),(-0.00211,-0.01682)

2018-08-07 13:11:07,403 [MainThread  ] [INFO ]  pgflag vis=2312-319.9500 command='<b' stokes=i,q,u,v flagpar=8,5,5,3,6,3 options=nodisp

pgflag: Revision 1.30, 2016/10/05 23:06:50 UTC

Applying bandpass corrections to 2312-319.9500
Applying freq. dependent gain corrections to 2312-319.9500
Applying freq. dependent leakage correction to 2312-319.9500
Applying changes to dataset
Counts of correlations within selected channels:
 channel  Originally  Currently
 Good:      68577820   67701984    Changed to bad:     875836
 Bad:       12562580   13438416    Changed to good:         0
 16.6% of the data is now flagged

2018-08-07 13:13:49,764 [MainThread  ] [INFO ]  pgflag vis=2312-319.9500 command='<b' stokes=i,v,q,u flagpar=8,2,2,3,6,3  options=nodisp

pgflag: Revision 1.30, 2016/10/05 23:06:50 UTC

Applying bandpass corrections to 2312-319.9500
Applying freq. dependent gain corrections to 2312-319.9500
Applying freq. dependent leakage correction to 2312-319.9500
Applying changes to dataset
Counts of correlations within selected channels:
 channel  Originally  Currently
 Good:      67701984   66983004    Changed to bad:     718980
 Bad:       13438416   14157396    Changed to good:         0
 17.4% of the data is now flagged

2018-08-07 13:16:30,665 [MainThread  ] [INFO ]  pgflag vis=2312-319.9500 command='<b' stokes=i,v,u,q flagpar=8,2,2,3,6,3  options=nodisp

pgflag: Revision 1.30, 2016/10/05 23:06:50 UTC

Applying bandpass corrections to 2312-319.9500
Applying freq. dependent gain corrections to 2312-319.9500
Applying freq. dependent leakage correction to 2312-319.9500
Applying changes to dataset
Counts of correlations within selected channels:
 channel  Originally  Currently
 Good:      66983004   66337108    Changed to bad:     645896
 Bad:       14157396   14803292    Changed to good:         0
 18.2% of the data is now flagged

2018-08-07 13:16:40,152 [MainThread  ] [INFO ]  gpcal vis=2312-319.9500 refant=4 interval=0.1 nfbin=2 options=xyvary,qusolve

gpcal: Revision 1.22, 2016/05/01 22:31:05 UTC

Applying bandpass corrections to 2312-319.9500
Number of antennae: 6
Using leakage parameters from input as initial guess
Reading the data ...
Number of solution intervals: 660
Total visibilities read: 9900
Number visibilities accepted: 9838
Iter= 1, Amplit/Phase Solution Error:   0.779
Iter= 1, Polarisation Solution Error:   0.004
Iter= 1, Overall Solution Error:        2.525
Iter= 2, Amplit/Phase Solution Error:   0.005
Iter= 2, Polarisation Solution Error:   0.000
Iter= 2, Overall Solution Error:        0.008
Iter= 3, Amplit/Phase Solution Error:   0.001
Iter= 3, Polarisation Solution Error:   0.000
Iter= 3, Overall Solution Error:        0.002
Iter= 4, Amplit/Phase Solution Error:   0.000
Iter= 4, Polarisation Solution Error:   0.000
Iter= 4, Overall Solution Error:        0.000
I flux density:   0.5435
Percent Q:   0.433
Percent U:  -0.112
Leakage terms:
 Ant 1:Dx,Dy = ( 0.00178,-0.00509),(-0.00051,-0.00457)
 Ant 2:Dx,Dy = ( 0.00308, 0.00014),(-0.00240, 0.00145)
 Ant 3:Dx,Dy = ( 0.00403, 0.00220),(-0.00841, 0.00318)
 Ant 4:Dx,Dy = ( 0.00284, 0.01571),(-0.00210, 0.01694)
 Ant 5:Dx,Dy = (-0.01650, 0.00216),( 0.01651, 0.00312)
 Ant 6:Dx,Dy = ( 0.00432,-0.01840),(-0.00355,-0.01686)
Solution for freq bin  1
Iter= 1, Amplit/Phase Solution Error:   0.757
Iter= 1, Polarisation Solution Error:   0.004
Iter= 1, Overall Solution Error:        2.527
Iter= 2, Amplit/Phase Solution Error:   0.005
Iter= 2, Polarisation Solution Error:   0.000
Iter= 2, Overall Solution Error:        0.009
Iter= 3, Amplit/Phase Solution Error:   0.001
Iter= 3, Polarisation Solution Error:   0.000
Iter= 3, Overall Solution Error:        0.002
Iter= 4, Amplit/Phase Solution Error:   0.000
Iter= 4, Polarisation Solution Error:   0.000
Iter= 4, Overall Solution Error:        0.000
I flux density:   0.5469
Percent Q:   0.444
Percent U:   0.009
Leakage terms:
 Ant 1:Dx,Dy = ( 0.00217,-0.00434),(-0.00082,-0.00426)
 Ant 2:Dx,Dy = ( 0.00325, 0.00157),(-0.00214, 0.00231)
 Ant 3:Dx,Dy = ( 0.00465, 0.00212),(-0.00663, 0.00343)
 Ant 4:Dx,Dy = ( 0.00199, 0.01597),(-0.00121, 0.01676)
 Ant 5:Dx,Dy = (-0.01692, 0.00010),( 0.01626, 0.00131)
 Ant 6:Dx,Dy = ( 0.00525,-0.01800),(-0.00508,-0.01696)
Solution for freq bin  2
Iter= 1, Amplit/Phase Solution Error:   0.831
Iter= 1, Polarisation Solution Error:   0.004
Iter= 1, Overall Solution Error:        2.531
Iter= 2, Amplit/Phase Solution Error:   0.005
Iter= 2, Polarisation Solution Error:   0.000
Iter= 2, Overall Solution Error:        0.030
Iter= 3, Amplit/Phase Solution Error:   0.001
Iter= 3, Polarisation Solution Error:   0.000
Iter= 3, Overall Solution Error:        0.006
Iter= 4, Amplit/Phase Solution Error:   0.000
Iter= 4, Polarisation Solution Error:   0.000
Iter= 4, Overall Solution Error:        0.000
I flux density:   0.5417
Percent Q:   0.419
Percent U:  -0.221
Leakage terms:
 Ant 1:Dx,Dy = ( 0.00140,-0.00579),(-0.00021,-0.00487)
 Ant 2:Dx,Dy = ( 0.00302,-0.00125),(-0.00257, 0.00062)
 Ant 3:Dx,Dy = ( 0.00345, 0.00227),(-0.01013, 0.00286)
 Ant 4:Dx,Dy = ( 0.00366, 0.01546),(-0.00295, 0.01715)
 Ant 5:Dx,Dy = (-0.01614, 0.00414),( 0.01670, 0.00486)
 Ant 6:Dx,Dy = ( 0.00339,-0.01857),(-0.00205,-0.01688)

2018-08-07 13:16:42,074 [MainThread  ] [INFO ]  gpboot vis=2312-319.9500 cal=1934-638.9500

gpboot: Revision 1.9, 2015/10/29 01:31:30 UTC

Secondary flux density scaled by:   0.987
Frequency bin  1 scaled by      :   0.989
Frequency bin  2 scaled by      :   0.989

2018-08-07 13:18:19,499 [MainThread  ] [INFO ]  gpcopy vis=2312-319.9500 out=b.9500

gpcopy: Revision 1.13, 2015/10/29 01:31:39 UTC

Copying leakage table
Copying gain table
Interpolation tolerance set to (minutes): 720.00
Copying bandpass table

2018-08-07 13:36:06,701 [MainThread  ] [INFO ]  pgflag vis=b.9500 command='<b' stokes=i,v,q,u flagpar=8,2,2,3,6,3  options=nodisp

pgflag: Revision 1.30, 2016/10/05 23:06:50 UTC

Applying bandpass corrections to b.9500
Applying freq. dependent gain corrections to b.9500
Applying freq. dependent leakage correction to b.9500
Applying changes to dataset
Counts of correlations within selected channels:
 channel  Originally  Currently
 Good:     440750468  426258292    Changed to bad:   14492176
 Bad:       65754136   80246312    Changed to good:         0
 15.8% of the data is now flagged

2018-08-07 13:53:29,111 [MainThread  ] [INFO ]  pgflag vis=b.9500 command='<b' stokes=i,v,u,q flagpar=8,2,2,3,6,3  options=nodisp

pgflag: Revision 1.30, 2016/10/05 23:06:50 UTC

Applying bandpass corrections to b.9500
Applying freq. dependent gain corrections to b.9500
Applying freq. dependent leakage correction to b.9500
Applying changes to dataset
Counts of correlations within selected channels:
 channel  Originally  Currently
 Good:     426258292  414484924    Changed to bad:   11773368
 Bad:       80246312   92019680    Changed to good:         0
 18.2% of the data is now flagged

2018-08-07 13:55:41,810 [MainThread  ] [INFO ]  uvsplit vis=b.9500

uvsplit: Revision 1.18, 2016/05/09 03:06:18 UTC

Creating b_961.9500
Creating b_962.9500
Creating b_963.9500
Creating b_964.9500
Creating b_965.9500
Creating b_966.9500
Creating b_967.9500
Creating b_968.9500
Creating b_969.9500
Creating b_970.9500
Creating b_971.9500
Creating b_972.9500
Creating b_973.9500
Creating b_974.9500
Creating b_975.9500
Creating b_976.9500
Creating b_977.9500
Creating b_978.9500
Creating b_979.9500
Creating b_980.9500
Creating b_981.9500
Creating b_982.9500
Creating b_983.9500
Creating b_984.9500
Creating b_985.9500
Creating b_986.9500
Creating b_987.9500
Creating b_988.9500
Creating b_989.9500
Creating b_990.9500
Creating b_991.9500
Creating b_992.9500
Creating b_993.9500
Creating b_994.9500
Creating b_995.9500
Creating b_996.9500
Creating b_997.9500
Creating b_998.9500
Creating b_999.9500
Creating b_1000.9500
Creating b_1001.9500
Creating b_1002.9500
Creating b_1003.9500
Creating b_1004.9500
Creating b_1005.9500
Creating b_1006.9500
Creating b_1007.9500
Creating b_1008.9500
Creating b_1009.9500
Creating b_1010.9500
Creating b_1011.9500
Creating b_1012.9500
Creating b_1013.9500
Creating b_1014.9500
Creating b_1015.9500
Creating b_1016.9500
Creating b_1017.9500
Creating b_1018.9500
Creating b_1019.9500
Creating b_1020.9500
Creating b_1021.9500
Creating b_1022.9500
Creating b_1023.9500
Creating b_1024.9500
Creating b_1025.9500
Creating b_1026.9500
Creating b_1027.9500
Creating b_1028.9500
Creating b_1029.9500
Creating b_1030.9500
Creating b_1031.9500
Creating b_1032.9500
Creating b_1033.9500
Creating b_1034.9500
Creating b_1035.9500
Creating b_1036.9500
Creating b_1037.9500
Creating b_1038.9500
Creating b_1039.9500
Creating b_1040.9500
Creating b_1041.9500
Creating b_1042.9500
Creating b_1043.9500
Creating b_1044.9500
Creating b_1045.9500
Creating b_1046.9500
Creating b_1047.9500
Creating b_1048.9500
Creating b_1049.9500
Creating b_1050.9500
Creating b_1051.9500
Creating b_1052.9500
Creating b_1053.9500
Creating b_1054.9500
Creating b_1055.9500
Creating b_1056.9500
Creating b_1057.9500
Creating b_1058.9500
Creating b_1059.9500
Creating b_1060.9500
Creating b_1061.9500
Creating b_1062.9500
Creating b_1063.9500
Creating b_1064.9500
Creating b_1065.9500
Creating b_1066.9500
Creating b_1067.9500
Creating b_1068.9500
Creating b_1069.9500
Creating b_1070.9500
Creating b_1071.9500
Creating b_1072.9500
Creating b_1073.9500
Creating b_1074.9500
Creating b_1075.9500
Creating b_1076.9500
Creating b_1077.9500
Creating b_1078.9500
Creating b_1079.9500
Creating b_1080.9500
Creating b_1081.9500
Creating b_1082.9500
Creating b_1083.9500
Creating b_1084.9500
Creating b_1085.9500
Creating b_1086.9500
Creating b_1087.9500
Creating b_1088.9500
Creating b_1089.9500
Creating b_1090.9500
Creating b_1091.9500
Creating b_1092.9500
Creating b_1093.9500
Creating b_1094.9500
Creating b_1095.9500
Creating b_1096.9500
Creating b_1097.9500
Creating b_1098.9500
Creating b_1099.9500
Creating b_1100.9500
Creating b_1101.9500
Creating b_1102.9500
Creating b_1103.9500
Creating b_1104.9500
Creating b_1105.9500
Creating b_1106.9500
Creating b_1107.9500
Creating b_1108.9500
Creating b_1109.9500
Creating b_1110.9500
Creating b_1111.9500
Creating b_1112.9500
Creating b_1113.9500
Creating b_1114.9500
Creating b_1115.9500
Creating b_1116.9500
Creating b_1117.9500
Creating b_1118.9500
Creating b_1119.9500
Creating b_1120.9500
Creating b_1121.9500
Creating b_1122.9500
Creating b_1123.9500
Creating b_1124.9500
Creating b_1125.9500
Creating b_1126.9500
Creating b_1127.9500
Creating b_1128.9500
Creating b_1129.9500
Creating b_1130.9500
Creating b_1131.9500
Creating b_1132.9500
Creating b_1133.9500
Creating b_1134.9500
Creating b_1135.9500
Creating b_1136.9500
Creating b_1137.9500
Creating b_1138.9500
Creating b_1139.9500
Creating b_1140.9500
Creating b_1141.9500
Creating b_1142.9500
Creating b_1143.9500
Creating b_1144.9500
Creating b_1145.9500
Creating b_1146.9500
Creating b_1147.9500
Creating b_1148.9500
Creating b_1149.9500
Creating b_1150.9500
Creating b_1151.9500
Creating b_1152.9500
Creating b_1153.9500
Creating b_1154.9500
Creating b_1155.9500
Creating b_1156.9500
Creating b_1157.9500
Creating b_1158.9500
Creating b_1159.9500
Creating b_1160.9500
Creating b_1161.9500
Creating b_1162.9500
Creating b_1163.9500
Creating b_1164.9500
Creating b_1165.9500
Creating b_1166.9500
Creating b_1167.9500
Creating b_1168.9500
Creating b_1169.9500
Creating b_1170.9500
Creating b_1171.9500
Creating b_1172.9500
Creating b_1173.9500
Creating b_1174.9500
Creating b_1175.9500
Creating b_1176.9500
Creating b_1177.9500
Creating b_1178.9500
Creating b_1179.9500
Creating b_1180.9500
Creating b_1181.9500
Creating b_1182.9500
Creating b_1183.9500
Creating b_1184.9500
Creating b_1185.9500
Creating b_1186.9500
Creating b_1187.9500
Creating b_1188.9500
Creating b_1189.9500
Creating b_1190.9500
Creating b_1191.9500
Creating b_1192.9500
Creating b_1193.9500
Creating b_1194.9500
Creating b_1195.9500
Creating b_1196.9500
Creating b_1197.9500
Creating b_1198.9500
Creating b_1199.9500
Creating b_1200.9500

