2018-11-22 05:30:32,691 [MainThread  ] [INFO ]  atlod in=raw/2016-11-26_0246.C3132,raw/2016-11-26_0534.C3132,raw/2016-11-26_0821.C3132,raw/2016-11-26_1108.C3132 out=data5.uv ifsel=1 options=birdie,rfiflag,noauto,xycorr

atlod: Revision 1.53, 2016/08/25 23:02:21 UTC

Processing file raw/2016-11-26_0246.C3132
 02:46:42 CAOBS> track 1
CABB data detected
Scan 1 started at 16NOV26:02:47:00.0
Source: 1934-638
Flagging channels in  28 frequency ranges
 02:57:56 CAOBS> stop
 02:58:47 CAOBS> set file c3132_obs_d6.sch
 02:58:52 CAOBS> start 3/99
Scan 2 started at 16NOV26:03:00:44.0
Source: 2312-319
Scan 3 started at 16NOV26:03:03:48.0
Source: d_921
Source: d_922
Source: d_923
Source: d_924
Source: d_925
Source: d_926
Source: d_927
Source: d_928
Source: d_929
Source: d_930
Source: d_931
Source: d_932
Source: d_933
Source: d_934
Source: d_935
Source: d_936
Source: d_937
Source: d_938
Source: d_939
Source: d_940
Scan 4 started at 16NOV26:03:17:16.0
Source: 2312-319
Scan 5 started at 16NOV26:03:20:20.0
Source: d_941
Source: d_942
Source: d_943
Source: d_944
Source: d_945
Source: d_946
Source: d_947
Source: d_948
Source: d_949
Source: d_950
Source: d_951
Source: d_952
Source: d_953
Source: d_954
Source: d_955
Source: d_956
Source: d_957
Source: d_958
Source: d_959
Source: d_960
Scan 6 started at 16NOV26:03:33:48.0
Source: 2312-319
Scan 7 started at 16NOV26:03:36:52.0
Source: d_961
Source: d_962
Source: d_963
Source: d_964
Source: d_965
Source: d_966
Source: d_967
Source: d_968
Source: d_969
Source: d_970
Source: d_971
Source: d_972
Source: d_973
Source: d_974
Source: d_975
Source: d_976
Source: d_977
Source: d_978
Source: d_979
Source: d_980
Scan 8 started at 16NOV26:03:50:20.0
Source: 2312-319
Scan 9 started at 16NOV26:03:53:24.0
Source: d_981
Source: d_982
Source: d_983
Source: d_984
Source: d_985
Source: d_986
Source: d_987
Source: d_988
Source: d_989
Source: d_990
Source: d_991
Source: d_992
Source: d_993
Source: d_994
Source: d_995
Source: d_996
Source: d_997
Source: d_998
Source: d_999
Source: d_1000
Scan 10 started at 16NOV26:04:06:52.0
Source: 2312-319
Scan 11 started at 16NOV26:04:09:56.0
Source: d_1001
Source: d_1002
Source: d_1003
Source: d_1004
Source: d_1005
Source: d_1006
Source: d_1007
Source: d_1008
Source: d_1009
Source: d_1010
Source: d_1011
Source: d_1012
Source: d_1013
Source: d_1014
Source: d_1015
Source: d_1016
Source: d_1017
Source: d_1018
Source: d_1019
Source: d_1020
Scan 12 started at 16NOV26:04:23:16.0
Source: 2312-319
Scan 13 started at 16NOV26:04:26:28.0
Source: d_1021
Source: d_1022
Source: d_1023
Source: d_1024
Source: d_1025
Source: d_1026
Source: d_1027
Source: d_1028
Source: d_1029
Source: d_1030
Source: d_1031
Source: d_1032
Source: d_1033
Source: d_1034
Source: d_1035
Source: d_1036
Source: d_1037
Source: d_1038
Source: d_1039
Source: d_1040
Scan 14 started at 16NOV26:04:39:56.0
Source: 2312-319
Scan 15 started at 16NOV26:04:43:00.0
Source: d_1041
Source: d_1042
Source: d_1043
Source: d_1044
Source: d_1045
Source: d_1046
Source: d_1047
Source: d_1048
Source: d_1049
Source: d_1050
Source: d_1051
Source: d_1052
Source: d_1053
Source: d_1054
Source: d_1055
Source: d_1056
Source: d_1057
Source: d_1058
Source: d_1059
Source: d_1060
Scan 16 started at 16NOV26:04:56:28.0
Source: 2312-319
Scan 17 started at 16NOV26:04:59:32.0
Source: d_1061
Source: d_1062
Source: d_1063
Source: d_1064
Source: d_1065
Source: d_1066
Source: d_1067
Source: d_1068
Source: d_1069
Source: d_1070
Source: d_1071
Source: d_1072
Source: d_1073
Source: d_1074
Source: d_1075
Source: d_1076
Source: d_1077
Source: d_1078
Source: d_1079
Source: d_1080
Scan 18 started at 16NOV26:05:12:52.0
Source: 2312-319
Scan 19 started at 16NOV26:05:15:48.0
Source: d_901
Source: d_902
Source: d_903
Source: d_904
Source: d_905
Source: d_906
Source: d_907
Source: d_908
Source: d_909
Source: d_910
Source: d_911
Source: d_912
Source: d_913
Source: d_914
Source: d_915
Source: d_916
Source: d_917
Source: d_918
Source: d_919
Source: d_920
Scan 20 started at 16NOV26:05:29:24.0
Source: 2312-319
Scan 21 started at 16NOV26:05:32:28.0
Source: d_921
Source: d_922
Source: d_923
Source: d_924
RPFITS file version is 2.12
---------------------------------------
Total number of spectra selected: 72660

Summary of spectra flagged
Flagging Reason            Fraction
---------------            --------
Antenna off-source/off-line  6.52%
---------------------------------------
Processing file raw/2016-11-26_0534.C3132
CABB data detected
Scan 1 started at 16NOV26:05:34:44.0
Source: d_924
Source: d_925
Source: d_926
Source: d_927
Source: d_928
Source: d_929
Source: d_930
Source: d_931
Source: d_932
Source: d_933
Source: d_934
Source: d_935
Source: d_936
Source: d_937
Source: d_938
Source: d_939
Source: d_940
Scan 2 started at 16NOV26:05:45:56.0
Source: 2312-319
Scan 3 started at 16NOV26:05:48:52.0
Source: d_941
Source: d_942
Source: d_943
Source: d_944
Source: d_945
Source: d_946
Source: d_947
Source: d_948
Source: d_949
Source: d_950
Source: d_951
Source: d_952
Source: d_953
Source: d_954
Source: d_955
Source: d_956
Source: d_957
Source: d_958
Source: d_959
Source: d_960
Scan 4 started at 16NOV26:06:02:12.0
Source: 2312-319
Scan 5 started at 16NOV26:06:05:08.0
Source: d_961
Source: d_962
Source: d_963
Source: d_964
Source: d_965
Source: d_966
Source: d_967
Source: d_968
Source: d_969
Source: d_970
Source: d_971
Source: d_972
Source: d_973
Source: d_974
Source: d_975
Source: d_976
Source: d_977
Source: d_978
Source: d_979
Source: d_980
Scan 6 started at 16NOV26:06:18:36.0
Source: 2312-319
Scan 7 started at 16NOV26:06:21:32.0
Source: d_981
Source: d_982
Source: d_983
Source: d_984
Source: d_985
Source: d_986
Source: d_987
Source: d_988
Source: d_989
Source: d_990
Source: d_991
Source: d_992
Source: d_993
Source: d_994
Source: d_995
Source: d_996
Source: d_997
Source: d_998
Source: d_999
Source: d_1000
Scan 8 started at 16NOV26:06:34:52.0
Source: 2312-319
Scan 9 started at 16NOV26:06:37:56.0
Source: d_1001
Source: d_1002
Source: d_1003
Source: d_1004
Source: d_1005
Source: d_1006
Source: d_1007
Source: d_1008
Source: d_1009
Source: d_1010
Source: d_1011
Source: d_1012
Source: d_1013
Source: d_1014
Source: d_1015
Source: d_1016
Source: d_1017
Source: d_1018
Source: d_1019
Source: d_1020
Scan 10 started at 16NOV26:06:51:16.0
Source: 2312-319
Scan 11 started at 16NOV26:06:54:12.0
Source: d_1021
Source: d_1022
Source: d_1023
Source: d_1024
Source: d_1025
Source: d_1026
Source: d_1027
Source: d_1028
Source: d_1029
Source: d_1030
Source: d_1031
Source: d_1032
Source: d_1033
Source: d_1034
Source: d_1035
Source: d_1036
Source: d_1037
Source: d_1038
Source: d_1039
Source: d_1040
Scan 12 started at 16NOV26:07:07:40.0
Source: 2312-319
Scan 13 started at 16NOV26:07:10:44.0
Source: d_1041
Source: d_1042
Source: d_1043
Source: d_1044
Source: d_1045
Source: d_1046
Source: d_1047
Source: d_1048
Source: d_1049
Source: d_1050
Source: d_1051
Source: d_1052
Source: d_1053
Source: d_1054
Source: d_1055
Source: d_1056
Source: d_1057
Source: d_1058
Source: d_1059
Source: d_1060
Scan 14 started at 16NOV26:07:24:12.0
Source: 2312-319
Scan 15 started at 16NOV26:07:27:16.0
Source: d_1061
Source: d_1062
Source: d_1063
Source: d_1064
Source: d_1065
Source: d_1066
Source: d_1067
Source: d_1068
Source: d_1069
Source: d_1070
Source: d_1071
Source: d_1072
Source: d_1073
Source: d_1074
Source: d_1075
Source: d_1076
Source: d_1077
Source: d_1078
Source: d_1079
Source: d_1080
Scan 16 started at 16NOV26:07:40:44.0
Source: 2312-319
Scan 17 started at 16NOV26:07:43:56.0
Source: d_901
Source: d_902
Source: d_903
Source: d_904
Source: d_905
Source: d_906
Source: d_907
Source: d_908
Source: d_909
Source: d_910
Source: d_911
Source: d_912
Source: d_913
Source: d_914
Source: d_915
Source: d_916
Source: d_917
Source: d_918
Source: d_919
Source: d_920
Scan 18 started at 16NOV26:07:57:40.0
Source: 2312-319
Scan 19 started at 16NOV26:08:01:16.0
Source: d_921
Source: d_922
Source: d_923
Source: d_924
Source: d_925
Source: d_926
Source: d_927
Source: d_928
Source: d_929
Source: d_930
Source: d_931
Source: d_932
Source: d_933
Source: d_934
Source: d_935
Source: d_936
Source: d_937
Source: d_938
Source: d_939
Source: d_940
Scan 20 started at 16NOV26:08:14:44.0
Source: 2312-319
Scan 21 started at 16NOV26:08:19:24.0
Source: d_942
Source: d_943
Source: d_944
Source: d_945
RPFITS file version is 2.12
---------------------------------------
Total number of spectra selected: 72660

Summary of spectra flagged
Flagging Reason            Fraction
---------------            --------
Antenna off-source/off-line  6.82%
---------------------------------------
Processing file raw/2016-11-26_0821.C3132
CABB data detected
Scan 1 started at 16NOV26:08:21:32.0
Source: d_945
Source: d_946
Source: d_947
Source: d_948
Source: d_949
Source: d_950
Source: d_951
Source: d_952
Source: d_953
Source: d_954
Source: d_955
Source: d_956
Source: d_957
Source: d_958
Source: d_959
Source: d_960
Scan 2 started at 16NOV26:08:33:00.0
Source: 2312-319
Scan 3 started at 16NOV26:08:38:36.0
Source: d_962
Source: d_963
Source: d_964
Source: d_965
Source: d_966
Source: d_967
Source: d_968
Source: d_969
Source: d_970
Source: d_971
Source: d_972
Source: d_973
Source: d_974
Source: d_975
Source: d_976
Source: d_977
Source: d_978
Source: d_979
Source: d_980
Scan 4 started at 16NOV26:08:52:20.0
Source: 2312-319
Scan 5 started at 16NOV26:08:56:36.0
Source: d_981
Source: d_982
Source: d_983
Source: d_984
Source: d_985
Source: d_986
Source: d_987
Source: d_988
Source: d_989
Source: d_990
Source: d_991
Source: d_992
Source: d_993
Source: d_994
Source: d_995
Source: d_996
Source: d_997
Source: d_998
Source: d_999
Source: d_1000
Scan 6 started at 16NOV26:09:09:48.0
Source: 2312-319
Scan 7 started at 16NOV26:09:12:52.0
Source: d_1001
Source: d_1002
Source: d_1003
Source: d_1004
Source: d_1005
Source: d_1006
Source: d_1007
Source: d_1008
Source: d_1009
Source: d_1010
Source: d_1011
Source: d_1012
Source: d_1013
Source: d_1014
Source: d_1015
Source: d_1016
Source: d_1017
Source: d_1018
Source: d_1019
Source: d_1020
Scan 8 started at 16NOV26:09:26:20.0
Source: 2312-319
Scan 9 started at 16NOV26:09:29:24.0
Source: d_1021
Source: d_1022
Source: d_1023
Source: d_1024
Source: d_1025
Source: d_1026
Source: d_1027
Source: d_1028
Source: d_1029
Source: d_1030
Source: d_1031
Source: d_1032
Source: d_1033
Source: d_1034
Source: d_1035
Source: d_1036
Source: d_1037
Source: d_1038
Source: d_1039
Source: d_1040
Scan 10 started at 16NOV26:09:43:00.0
Source: 2312-319
Scan 11 started at 16NOV26:09:46:04.0
Source: d_1041
Source: d_1042
Source: d_1043
Source: d_1044
Source: d_1045
Source: d_1046
Source: d_1047
Source: d_1048
Source: d_1049
Source: d_1050
Source: d_1051
Source: d_1052
Source: d_1053
Source: d_1054
Source: d_1055
Source: d_1056
Source: d_1057
Source: d_1058
Source: d_1059
Source: d_1060
Scan 12 started at 16NOV26:09:59:32.0
Source: 2312-319
Scan 13 started at 16NOV26:10:02:44.0
Source: d_1061
Source: d_1062
Source: d_1063
Source: d_1064
Source: d_1065
Source: d_1066
Source: d_1067
Source: d_1068
Source: d_1069
Source: d_1070
Source: d_1071
Source: d_1072
Source: d_1073
Source: d_1074
Source: d_1075
Source: d_1076
Source: d_1077
Source: d_1078
Source: d_1079
Source: d_1080
Scan 14 started at 16NOV26:10:16:04.0
Source: 2312-319
Scan 15 started at 16NOV26:10:18:52.0
Source: d_901
Source: d_902
Source: d_903
Source: d_904
Source: d_905
Source: d_906
Source: d_907
Source: d_908
Source: d_909
Source: d_910
Source: d_911
Source: d_912
Source: d_913
Source: d_914
Source: d_915
Source: d_916
Source: d_917
Source: d_918
Source: d_919
Source: d_920
Scan 16 started at 16NOV26:10:32:28.0
Source: 2312-319
Scan 17 started at 16NOV26:10:35:24.0
Source: d_921
Source: d_922
Source: d_923
Source: d_924
Source: d_925
Source: d_926
Source: d_927
Source: d_928
Source: d_929
Source: d_930
Source: d_931
Source: d_932
Source: d_933
Source: d_934
Source: d_935
Source: d_936
Source: d_937
Source: d_938
Source: d_939
Source: d_940
Scan 18 started at 16NOV26:10:48:44.0
Source: 2312-319
Scan 19 started at 16NOV26:10:51:40.0
Source: d_941
Source: d_942
Source: d_943
Source: d_944
Source: d_945
Source: d_946
Source: d_947
Source: d_948
Source: d_949
Source: d_950
Source: d_951
Source: d_952
Source: d_953
Source: d_954
Source: d_955
Source: d_956
Source: d_957
Source: d_958
Source: d_959
Source: d_960
Scan 20 started at 16NOV26:11:05:00.0
Source: 2312-319
Scan 21 started at 16NOV26:11:07:48.0
Source: d_961
RPFITS file version is 2.12
---------------------------------------
Total number of spectra selected: 72660

Summary of spectra flagged
Flagging Reason            Fraction
---------------            --------
Antenna off-source/off-line  9.41%
---------------------------------------
Processing file raw/2016-11-26_1108.C3132
CABB data detected
Scan 1 started at 16NOV26:11:08:21.5
Source: d_962
Source: d_963
Source: d_964
Source: d_965
Source: d_966
Source: d_967
Source: d_968
Source: d_969
Source: d_970
Source: d_971
Source: d_972
Source: d_973
Source: d_974
Source: d_975
Source: d_976
Source: d_977
Source: d_978
Source: d_979
Source: d_980
Scan 2 started at 16NOV26:11:21:24.0
Source: 2312-319
Scan 3 started at 16NOV26:11:24:20.0
Source: d_981
Source: d_982
Source: d_983
Source: d_984
Source: d_985
Source: d_986
Source: d_987
Source: d_988
Source: d_989
Source: d_990
Source: d_991
Source: d_992
Source: d_993
Source: d_994
Source: d_995
Source: d_996
Source: d_997
Source: d_998
Source: d_999
Source: d_1000
Scan 4 started at 16NOV26:11:37:40.0
Source: 2312-319
Scan 5 started at 16NOV26:11:40:28.0
Source: d_1001
Source: d_1002
Source: d_1003
Source: d_1004
Source: d_1005
Source: d_1006
Source: d_1007
Source: d_1008
Source: d_1009
Source: d_1010
Source: d_1011
Source: d_1012
Source: d_1013
Source: d_1014
Source: d_1015
Source: d_1016
Source: d_1017
Source: d_1018
Source: d_1019
Source: d_1020
Scan 6 started at 16NOV26:11:53:56.0
Source: 2312-319
Scan 7 started at 16NOV26:11:56:52.0
Source: d_1021
Source: d_1022
Source: d_1023
Source: d_1024
Source: d_1025
Source: d_1026
Source: d_1027
Source: d_1028
Source: d_1029
Source: d_1030
Source: d_1031
Source: d_1032
Source: d_1033
Source: d_1034
Source: d_1035
Source: d_1036
Source: d_1037
Source: d_1038
Source: d_1039
Source: d_1040
Scan 8 started at 16NOV26:12:10:12.0
Source: 2312-319
Scan 9 started at 16NOV26:12:13:16.0
Source: d_1041
Source: d_1042
Source: d_1043
Source: d_1044
Source: d_1045
Source: d_1046
Source: d_1047
Source: d_1048
Source: d_1049
Source: d_1050
Source: d_1051
Source: d_1052
Source: d_1053
Source: d_1054
Source: d_1055
Source: d_1056
Source: d_1057
Source: d_1058
Source: d_1059
Source: d_1060
Scan 10 started at 16NOV26:12:26:36.0
Source: 2312-319
Scan 11 started at 16NOV26:12:29:40.0
Source: d_1061
Source: d_1062
Source: d_1063
Source: d_1064
Source: d_1065
Source: d_1066
Source: d_1067
Source: d_1068
Source: d_1069
Source: d_1070
Source: d_1071
Source: d_1072
Source: d_1073
Source: d_1074
Source: d_1075
Source: d_1076
Source: d_1077
Source: d_1078
Source: d_1079
Source: d_1080
Scan 12 started at 16NOV26:12:43:00.0
Source: 2312-319
Scan 13 started at 16NOV26:12:45:48.0
Source: d_901
Source: d_902
Source: d_903
Source: d_904
Source: d_905
Source: d_906
Source: d_907
Source: d_908
Source: d_909
Source: d_910
Source: d_911
Source: d_912
Source: d_913
Source: d_914
Source: d_915
Source: d_916
Source: d_917
Source: d_918
Source: d_919
Source: d_920
Scan 14 started at 16NOV26:12:59:16.0
Source: 2312-319
Scan 15 started at 16NOV26:13:02:04.0
Source: d_921
Source: d_922
Source: d_923
Source: d_924
Source: d_925
Source: d_926
Source: d_927
Source: d_928
Source: d_929
Source: d_930
Source: d_931
Source: d_932
Source: d_933
Source: d_934
Source: d_935
Source: d_936
Source: d_937
Source: d_938
Source: d_939
Source: d_940
Scan 16 started at 16NOV26:13:15:32.0
Source: 2312-319
Scan 17 started at 16NOV26:13:18:28.0
Source: d_941
Source: d_942
Source: d_943
Source: d_944
Source: d_945
Source: d_946
Source: d_947
Source: d_948
Source: d_949
Source: d_950
Source: d_951
Source: d_952
 13:26:00 CAOBS> stop
 13:26:10 CAOBS> start 1/99
Scan 18 started at 16NOV26:13:26:28.0
Source: 2312-319
 13:28:47 CAOBS> stop
 13:29:07 CAOBS> corr close file
RPFITS file version is 2.12
---------------------------------------
Total number of spectra selected: 60900

Summary of spectra flagged
Flagging Reason            Fraction
---------------            --------
Antenna off-source/off-line  3.87%
---------------------------------------

No CACAL data was detected

2018-11-22 05:31:20,705 [MainThread  ] [INFO ]  uvflag vis=data5.uv line=chan,6,1146,1 flagval=flag

uvflag: Revision 1.8, 2014/09/30 14:23:39 UTC


Set flags to indicate bad data in visibility file data5.uv
Linetype channel; select    6 channels; start 1146, width    1, step    1

Overview of flagging on visibility file data5.uv
Changed flags set to FALSE (data flagged as bad)
Total number of records selected: 259996; out of 259996 records
Antennas used: 1-6
Counts of correlations within selected channels
channel   Originally    Currently
Good:          779988.           0.    Changed to bad:      779988.
Bad:           779988.     1559976.

2018-11-22 05:31:50,725 [MainThread  ] [INFO ]  uvflag vis=data5.uv line=chan,30,1454,1 flagval=flag

uvflag: Revision 1.8, 2014/09/30 14:23:39 UTC


Set flags to indicate bad data in visibility file data5.uv
Linetype channel; select   30 channels; start 1454, width    1, step    1

Overview of flagging on visibility file data5.uv
Changed flags set to FALSE (data flagged as bad)
Total number of records selected: 259996; out of 259996 records
Antennas used: 1-6
Counts of correlations within selected channels
channel   Originally    Currently
Good:         7799880.           0.    Changed to bad:     7799880.
Bad:                0.     7799880.

2018-11-22 05:32:25,282 [MainThread  ] [INFO ]  uvflag vis=data5.uv line=chan,40,1964,1 flagval=flag

uvflag: Revision 1.8, 2014/09/30 14:23:39 UTC


Set flags to indicate bad data in visibility file data5.uv
Linetype channel; select   40 channels; start 1964, width    1, step    1

Overview of flagging on visibility file data5.uv
Changed flags set to FALSE (data flagged as bad)
Total number of records selected: 259996; out of 259996 records
Antennas used: 1-6
Counts of correlations within selected channels
channel   Originally    Currently
Good:               0.           0.    Changed to bad:           0.
Bad:         10399840.    10399840.

2018-11-22 05:33:17,283 [MainThread  ] [INFO ]  uvsplit vis=data5.uv options=mosaic

uvsplit: Revision 1.18, 2016/05/09 03:06:18 UTC

Creating 1934-638.5500
Creating 2312-319.5500
Creating d.5500

2018-11-22 05:33:35,673 [MainThread  ] [INFO ]  pgflag vis=1934-638.5500 command='<b' stokes=i,q,u,v flagpar=8,5,5,3,6,3 options=nodisp

pgflag: Revision 1.30, 2016/10/05 23:06:50 UTC

Applying changes to dataset
Counts of correlations within selected channels:
 channel  Originally  Currently
 Good:       8841240    8778744    Changed to bad:      62496
 Bad:        1239840    1302336    Changed to good:         0
 12.9% of the data is now flagged

2018-11-22 05:33:52,546 [MainThread  ] [INFO ]  pgflag vis=1934-638.5500 command='<b' stokes=i,v,q,u flagpar=8,2,2,3,6,3  options=nodisp

pgflag: Revision 1.30, 2016/10/05 23:06:50 UTC

Applying changes to dataset
Counts of correlations within selected channels:
 channel  Originally  Currently
 Good:       8778744    8716920    Changed to bad:      61824
 Bad:        1302336    1364160    Changed to good:         0
 13.5% of the data is now flagged

2018-11-22 05:34:04,943 [MainThread  ] [INFO ]  pgflag vis=1934-638.5500 command='<b' stokes=i,v,u,q flagpar=8,2,2,3,6,3  options=nodisp

pgflag: Revision 1.30, 2016/10/05 23:06:50 UTC

Applying changes to dataset
Counts of correlations within selected channels:
 channel  Originally  Currently
 Good:       8716920    8613808    Changed to bad:     103112
 Bad:        1364160    1467272    Changed to good:         0
 14.6% of the data is now flagged

2018-11-22 05:35:00,118 [MainThread  ] [INFO ]  mfcal vis=1934-638.5500 refant=4 interval=0.1
MfCal: $Revision: 1.20 $, $Date: 2017/05/08 02:31:10 $
Selecting parallel-hand polarisations
Reading the data ...
Number correlations accepted: 4306904
Number of frequency bands/settings: 1
Number of polarisations selected: 2
Number of solution intervals: 82
Number of passband solution intervals: 1
Initialising ...
Using post-Aug94 ATCA flux scale for 1934-638.
Using known frequency variation of 1934-638
Generating initial solution estimate ...
Doing solution refinement ...
Iter= 1, Solution Error:  0.417
Iter= 2, Solution Error:  0.005
Iter= 3, Solution Error:  0.000
Saving solution ...

2018-11-22 05:35:01,156 [MainThread  ] [INFO ]  gpcal vis=1934-638.5500 refant=4 interval=0.1 nfbin=2 options=xyvary

gpcal: Revision 1.22, 2016/05/01 22:31:05 UTC

Applying bandpass corrections to 1934-638.5500
Number of antennae: 6
Reading the data ...
Number of solution intervals: 82
Total visibilities read: 1230
Number visibilities accepted: 1230
Using post-Aug94 ATCA flux scale for 1934-638.
Using IQUV =  5.0162,  0.0000,  0.0000,  0.0000 at   5.4527 GHz.
Using post-Aug94 ATCA flux scale for 1934-638.
Using IQUV =  5.5173,  0.0000,  0.0000,  0.0000 at   5.0317 GHz.
Using post-Aug94 ATCA flux scale for 1934-638.
Using IQUV =  4.5110,  0.0000,  0.0000,  0.0000 at   5.9538 GHz.
Iter= 1, Amplit/Phase Solution Error:   0.324
Iter= 1, Polarisation Solution Error:   0.039
Iter= 1, Overall Solution Error:        0.895
Iter= 2, Amplit/Phase Solution Error:   0.002
Iter= 2, Polarisation Solution Error:   0.000
Iter= 2, Overall Solution Error:        0.002
Iter= 3, Amplit/Phase Solution Error:   0.001
Iter= 3, Polarisation Solution Error:   0.000
Iter= 3, Overall Solution Error:        0.001
I flux density:   5.0162
Leakage terms:
 Ant 1:Dx,Dy = ( 0.00147, 0.00256),(-0.00020, 0.00341)
 Ant 2:Dx,Dy = ( 0.00356, 0.00646),(-0.00405, 0.00653)
 Ant 3:Dx,Dy = ( 0.00510,-0.00407),(-0.00855,-0.00422)
 Ant 4:Dx,Dy = ( 0.00425, 0.01733),(-0.00288, 0.01825)
 Ant 5:Dx,Dy = (-0.01759,-0.00179),( 0.01670,-0.00151)
 Ant 6:Dx,Dy = ( 0.00226,-0.02203),(-0.00199,-0.02093)
Solution for freq bin  1
Iter= 1, Amplit/Phase Solution Error:   0.311
Iter= 1, Polarisation Solution Error:   0.042
Iter= 1, Overall Solution Error:        0.854
Iter= 2, Amplit/Phase Solution Error:   0.002
Iter= 2, Polarisation Solution Error:   0.000
Iter= 2, Overall Solution Error:        0.002
Iter= 3, Amplit/Phase Solution Error:   0.001
Iter= 3, Polarisation Solution Error:   0.000
Iter= 3, Overall Solution Error:        0.001
I flux density:   5.5173
Leakage terms:
 Ant 1:Dx,Dy = ( 0.00140, 0.00276),(-0.00040, 0.00355)
 Ant 2:Dx,Dy = ( 0.00411, 0.00715),(-0.00446, 0.00735)
 Ant 3:Dx,Dy = ( 0.00467,-0.00411),(-0.00924,-0.00367)
 Ant 4:Dx,Dy = ( 0.00390, 0.01813),(-0.00318, 0.01901)
 Ant 5:Dx,Dy = (-0.01804,-0.00241),( 0.01629,-0.00204)
 Ant 6:Dx,Dy = ( 0.00150,-0.02346),(-0.00147,-0.02224)
Solution for freq bin  2
Iter= 1, Amplit/Phase Solution Error:   0.341
Iter= 1, Polarisation Solution Error:   0.036
Iter= 1, Overall Solution Error:        0.949
Iter= 2, Amplit/Phase Solution Error:   0.002
Iter= 2, Polarisation Solution Error:   0.000
Iter= 2, Overall Solution Error:        0.002
Iter= 3, Amplit/Phase Solution Error:   0.001
Iter= 3, Polarisation Solution Error:   0.000
Iter= 3, Overall Solution Error:        0.001
I flux density:   4.5110
Leakage terms:
 Ant 1:Dx,Dy = ( 0.00155, 0.00231),( 0.00006, 0.00324)
 Ant 2:Dx,Dy = ( 0.00281, 0.00553),(-0.00348, 0.00542)
 Ant 3:Dx,Dy = ( 0.00569,-0.00400),(-0.00763,-0.00494)
 Ant 4:Dx,Dy = ( 0.00471, 0.01627),(-0.00249, 0.01722)
 Ant 5:Dx,Dy = (-0.01699,-0.00097),( 0.01725,-0.00080)
 Ant 6:Dx,Dy = ( 0.00329,-0.02011),(-0.00267,-0.01916)

2018-11-22 05:35:20,786 [MainThread  ] [INFO ]  pgflag vis=1934-638.5500 command='<b' stokes=i,q,u,v flagpar=8,5,5,3,6,3 options=nodisp

pgflag: Revision 1.30, 2016/10/05 23:06:50 UTC

Applying bandpass corrections to 1934-638.5500
Applying freq. dependent gain corrections to 1934-638.5500
Applying freq. dependent leakage correction to 1934-638.5500
Applying changes to dataset
Counts of correlations within selected channels:
 channel  Originally  Currently
 Good:       8613808    8592776    Changed to bad:      21032
 Bad:        1467272    1488304    Changed to good:         0
 14.8% of the data is now flagged

2018-11-22 05:35:39,281 [MainThread  ] [INFO ]  pgflag vis=1934-638.5500 command='<b' stokes=i,v,q,u flagpar=8,2,2,3,6,3  options=nodisp

pgflag: Revision 1.30, 2016/10/05 23:06:50 UTC

Applying bandpass corrections to 1934-638.5500
Applying freq. dependent gain corrections to 1934-638.5500
Applying freq. dependent leakage correction to 1934-638.5500
Applying changes to dataset
Counts of correlations within selected channels:
 channel  Originally  Currently
 Good:       8592776    8570616    Changed to bad:      22160
 Bad:        1488304    1510464    Changed to good:         0
 15.0% of the data is now flagged

2018-11-22 05:35:59,122 [MainThread  ] [INFO ]  pgflag vis=1934-638.5500 command='<b' stokes=i,v,u,q flagpar=8,2,2,3,6,3  options=nodisp

pgflag: Revision 1.30, 2016/10/05 23:06:50 UTC

Applying bandpass corrections to 1934-638.5500
Applying freq. dependent gain corrections to 1934-638.5500
Applying freq. dependent leakage correction to 1934-638.5500
Applying changes to dataset
Counts of correlations within selected channels:
 channel  Originally  Currently
 Good:       8570616    8549976    Changed to bad:      20640
 Bad:        1510464    1531104    Changed to good:         0
 15.2% of the data is now flagged

2018-11-22 05:37:06,027 [MainThread  ] [INFO ]  mfcal vis=1934-638.5500 refant=4 interval=0.1
MfCal: $Revision: 1.20 $, $Date: 2017/05/08 02:31:10 $
Selecting parallel-hand polarisations
Reading the data ...
Number correlations accepted: 4274988
Number of frequency bands/settings: 1
Number of polarisations selected: 2
Number of solution intervals: 82
Number of passband solution intervals: 1
Initialising ...
Using post-Aug94 ATCA flux scale for 1934-638.
Using known frequency variation of 1934-638
Generating initial solution estimate ...
Doing solution refinement ...
Iter= 1, Solution Error:  0.417
Iter= 2, Solution Error:  0.005
Iter= 3, Solution Error:  0.000
Saving solution ...

2018-11-22 05:37:07,117 [MainThread  ] [INFO ]  gpcal vis=1934-638.5500 refant=4 interval=0.1 nfbin=2 options=xyvary

gpcal: Revision 1.22, 2016/05/01 22:31:05 UTC

Applying bandpass corrections to 1934-638.5500
Number of antennae: 6
Using leakage parameters from input as initial guess
Reading the data ...
Number of solution intervals: 82
Total visibilities read: 1230
Number visibilities accepted: 1230
Using post-Aug94 ATCA flux scale for 1934-638.
Using IQUV =  5.0173,  0.0000,  0.0000,  0.0000 at   5.4517 GHz.
Using post-Aug94 ATCA flux scale for 1934-638.
Using IQUV =  5.5147,  0.0000,  0.0000,  0.0000 at   5.0337 GHz.
Using post-Aug94 ATCA flux scale for 1934-638.
Using IQUV =  4.5130,  0.0000,  0.0000,  0.0000 at   5.9517 GHz.
Iter= 1, Amplit/Phase Solution Error:   0.323
Iter= 1, Polarisation Solution Error:   0.000
Iter= 1, Overall Solution Error:        0.894
Iter= 2, Amplit/Phase Solution Error:   0.002
Iter= 2, Polarisation Solution Error:   0.000
Iter= 2, Overall Solution Error:        0.003
Iter= 3, Amplit/Phase Solution Error:   0.001
Iter= 3, Polarisation Solution Error:   0.000
Iter= 3, Overall Solution Error:        0.001
I flux density:   5.0173
Leakage terms:
 Ant 1:Dx,Dy = ( 0.00146, 0.00257),(-0.00020, 0.00342)
 Ant 2:Dx,Dy = ( 0.00356, 0.00648),(-0.00403, 0.00654)
 Ant 3:Dx,Dy = ( 0.00511,-0.00407),(-0.00856,-0.00422)
 Ant 4:Dx,Dy = ( 0.00425, 0.01733),(-0.00286, 0.01826)
 Ant 5:Dx,Dy = (-0.01759,-0.00181),( 0.01670,-0.00152)
 Ant 6:Dx,Dy = ( 0.00226,-0.02204),(-0.00200,-0.02094)
Solution for freq bin  1
Iter= 1, Amplit/Phase Solution Error:   0.311
Iter= 1, Polarisation Solution Error:   0.002
Iter= 1, Overall Solution Error:        0.853
Iter= 2, Amplit/Phase Solution Error:   0.002
Iter= 2, Polarisation Solution Error:   0.000
Iter= 2, Overall Solution Error:        0.003
Iter= 3, Amplit/Phase Solution Error:   0.001
Iter= 3, Polarisation Solution Error:   0.000
Iter= 3, Overall Solution Error:        0.001
I flux density:   5.5147
Leakage terms:
 Ant 1:Dx,Dy = ( 0.00140, 0.00276),(-0.00040, 0.00355)
 Ant 2:Dx,Dy = ( 0.00412, 0.00714),(-0.00443, 0.00735)
 Ant 3:Dx,Dy = ( 0.00467,-0.00410),(-0.00924,-0.00367)
 Ant 4:Dx,Dy = ( 0.00390, 0.01811),(-0.00315, 0.01901)
 Ant 5:Dx,Dy = (-0.01804,-0.00243),( 0.01627,-0.00206)
 Ant 6:Dx,Dy = ( 0.00151,-0.02344),(-0.00149,-0.02222)
Solution for freq bin  2
Iter= 1, Amplit/Phase Solution Error:   0.340
Iter= 1, Polarisation Solution Error:   0.003
Iter= 1, Overall Solution Error:        0.949
Iter= 2, Amplit/Phase Solution Error:   0.002
Iter= 2, Polarisation Solution Error:   0.000
Iter= 2, Overall Solution Error:        0.003
Iter= 3, Amplit/Phase Solution Error:   0.001
Iter= 3, Polarisation Solution Error:   0.000
Iter= 3, Overall Solution Error:        0.001
I flux density:   4.5130
Leakage terms:
 Ant 1:Dx,Dy = ( 0.00154, 0.00231),( 0.00006, 0.00324)
 Ant 2:Dx,Dy = ( 0.00280, 0.00557),(-0.00348, 0.00543)
 Ant 3:Dx,Dy = ( 0.00570,-0.00401),(-0.00765,-0.00495)
 Ant 4:Dx,Dy = ( 0.00472, 0.01628),(-0.00249, 0.01725)
 Ant 5:Dx,Dy = (-0.01699,-0.00097),( 0.01726,-0.00080)
 Ant 6:Dx,Dy = ( 0.00327,-0.02015),(-0.00270,-0.01920)

2018-11-22 05:37:07,271 [MainThread  ] [INFO ]  gpcopy vis=1934-638.5500 out=2312-319.5500

gpcopy: Revision 1.13, 2015/10/29 01:31:39 UTC

Copying leakage table
Copying gain table
Interpolation tolerance set to (minutes): 720.00
Copying bandpass table

2018-11-22 05:40:13,338 [MainThread  ] [INFO ]  pgflag vis=2312-319.5500 command='<b' stokes=i,q,u,v flagpar=8,5,5,3,6,3 options=nodisp

pgflag: Revision 1.30, 2016/10/05 23:06:50 UTC

Applying bandpass corrections to 2312-319.5500
Applying freq. dependent gain corrections to 2312-319.5500
Applying freq. dependent leakage correction to 2312-319.5500
Applying changes to dataset
Counts of correlations within selected channels:
 channel  Originally  Currently
 Good:      63376596   63019768    Changed to bad:     356828
 Bad:        8887536    9244364    Changed to good:         0
 12.8% of the data is now flagged

2018-11-22 05:43:12,318 [MainThread  ] [INFO ]  pgflag vis=2312-319.5500 command='<b' stokes=i,v,q,u flagpar=8,2,2,3,6,3  options=nodisp

pgflag: Revision 1.30, 2016/10/05 23:06:50 UTC

Applying bandpass corrections to 2312-319.5500
Applying freq. dependent gain corrections to 2312-319.5500
Applying freq. dependent leakage correction to 2312-319.5500
Applying changes to dataset
Counts of correlations within selected channels:
 channel  Originally  Currently
 Good:      63019768   62723700    Changed to bad:     296068
 Bad:        9244364    9540432    Changed to good:         0
 13.2% of the data is now flagged

2018-11-22 05:46:35,346 [MainThread  ] [INFO ]  pgflag vis=2312-319.5500 command='<b' stokes=i,v,u,q flagpar=8,2,2,3,6,3  options=nodisp

pgflag: Revision 1.30, 2016/10/05 23:06:50 UTC

Applying bandpass corrections to 2312-319.5500
Applying freq. dependent gain corrections to 2312-319.5500
Applying freq. dependent leakage correction to 2312-319.5500
Applying changes to dataset
Counts of correlations within selected channels:
 channel  Originally  Currently
 Good:      62723700   62400884    Changed to bad:     322816
 Bad:        9540432    9863248    Changed to good:         0
 13.6% of the data is now flagged

2018-11-22 05:46:52,468 [MainThread  ] [INFO ]  gpcal vis=2312-319.5500 refant=4 interval=0.1 nfbin=2 options=xyvary,qusolve

gpcal: Revision 1.22, 2016/05/01 22:31:05 UTC

Applying bandpass corrections to 2312-319.5500
Number of antennae: 6
Using leakage parameters from input as initial guess
Reading the data ...
Number of solution intervals: 590
Total visibilities read: 8817
Number visibilities accepted: 8817
Iter= 1, Amplit/Phase Solution Error:   0.942
Iter= 1, Polarisation Solution Error:   0.011
Iter= 1, Overall Solution Error:        2.354
Iter= 2, Amplit/Phase Solution Error:   0.014
Iter= 2, Polarisation Solution Error:   0.000
Iter= 2, Overall Solution Error:        0.010
Iter= 3, Amplit/Phase Solution Error:   0.001
Iter= 3, Polarisation Solution Error:   0.000
Iter= 3, Overall Solution Error:        0.001
I flux density:   0.5851
Percent Q:  -1.085
Percent U:   0.909
Leakage terms:
 Ant 1:Dx,Dy = ( 0.00133, 0.00298),( 0.00037, 0.00417)
 Ant 2:Dx,Dy = ( 0.00330, 0.00615),(-0.00394, 0.00696)
 Ant 3:Dx,Dy = ( 0.00501,-0.00441),(-0.00900,-0.00433)
 Ant 4:Dx,Dy = ( 0.00362, 0.01660),(-0.00322, 0.01796)
 Ant 5:Dx,Dy = (-0.01760,-0.00261),( 0.01632,-0.00195)
 Ant 6:Dx,Dy = ( 0.00253,-0.02142),(-0.00234,-0.02011)
Solution for freq bin  1
Iter= 1, Amplit/Phase Solution Error:   0.970
Iter= 1, Polarisation Solution Error:   0.014
Iter= 1, Overall Solution Error:        2.376
Iter= 2, Amplit/Phase Solution Error:   0.016
Iter= 2, Polarisation Solution Error:   0.000
Iter= 2, Overall Solution Error:        0.011
Iter= 3, Amplit/Phase Solution Error:   0.001
Iter= 3, Polarisation Solution Error:   0.000
Iter= 3, Overall Solution Error:        0.001
I flux density:   0.5867
Percent Q:  -1.387
Percent U:   0.932
Leakage terms:
 Ant 1:Dx,Dy = ( 0.00136, 0.00305),( 0.00017, 0.00393)
 Ant 2:Dx,Dy = ( 0.00364, 0.00725),(-0.00463, 0.00762)
 Ant 3:Dx,Dy = ( 0.00426,-0.00425),(-0.00990,-0.00378)
 Ant 4:Dx,Dy = ( 0.00296, 0.01779),(-0.00348, 0.01884)
 Ant 5:Dx,Dy = (-0.01843,-0.00302),( 0.01536,-0.00236)
 Ant 6:Dx,Dy = ( 0.00184,-0.02319),(-0.00188,-0.02189)
Solution for freq bin  2
Iter= 1, Amplit/Phase Solution Error:   0.878
Iter= 1, Polarisation Solution Error:   0.009
Iter= 1, Overall Solution Error:        2.362
Iter= 2, Amplit/Phase Solution Error:   0.012
Iter= 2, Polarisation Solution Error:   0.000
Iter= 2, Overall Solution Error:        0.009
Iter= 3, Amplit/Phase Solution Error:   0.001
Iter= 3, Polarisation Solution Error:   0.000
Iter= 3, Overall Solution Error:        0.001
I flux density:   0.5882
Percent Q:  -0.774
Percent U:   0.876
Leakage terms:
 Ant 1:Dx,Dy = ( 0.00127, 0.00240),( 0.00054, 0.00386)
 Ant 2:Dx,Dy = ( 0.00288, 0.00486),(-0.00329, 0.00609)
 Ant 3:Dx,Dy = ( 0.00579,-0.00448),(-0.00802,-0.00484)
 Ant 4:Dx,Dy = ( 0.00445, 0.01579),(-0.00277, 0.01743)
 Ant 5:Dx,Dy = (-0.01683,-0.00173),( 0.01717,-0.00104)
 Ant 6:Dx,Dy = ( 0.00343,-0.01989),(-0.00263,-0.01843)

2018-11-22 05:50:23,069 [MainThread  ] [INFO ]  pgflag vis=2312-319.5500 command='<b' stokes=i,q,u,v flagpar=8,5,5,3,6,3 options=nodisp

pgflag: Revision 1.30, 2016/10/05 23:06:50 UTC

Applying bandpass corrections to 2312-319.5500
Applying freq. dependent gain corrections to 2312-319.5500
Applying freq. dependent leakage correction to 2312-319.5500
Applying changes to dataset
Counts of correlations within selected channels:
 channel  Originally  Currently
 Good:      62400884   62104276    Changed to bad:     296608
 Bad:        9863248   10159856    Changed to good:         0
 14.1% of the data is now flagged

2018-11-22 05:53:37,926 [MainThread  ] [INFO ]  pgflag vis=2312-319.5500 command='<b' stokes=i,v,q,u flagpar=8,2,2,3,6,3  options=nodisp

pgflag: Revision 1.30, 2016/10/05 23:06:50 UTC

Applying bandpass corrections to 2312-319.5500
Applying freq. dependent gain corrections to 2312-319.5500
Applying freq. dependent leakage correction to 2312-319.5500
Applying changes to dataset
Counts of correlations within selected channels:
 channel  Originally  Currently
 Good:      62104276   61827780    Changed to bad:     276496
 Bad:       10159856   10436352    Changed to good:         0
 14.4% of the data is now flagged

2018-11-22 05:56:36,638 [MainThread  ] [INFO ]  pgflag vis=2312-319.5500 command='<b' stokes=i,v,u,q flagpar=8,2,2,3,6,3  options=nodisp

pgflag: Revision 1.30, 2016/10/05 23:06:50 UTC

Applying bandpass corrections to 2312-319.5500
Applying freq. dependent gain corrections to 2312-319.5500
Applying freq. dependent leakage correction to 2312-319.5500
Applying changes to dataset
Counts of correlations within selected channels:
 channel  Originally  Currently
 Good:      61827780   61563492    Changed to bad:     264288
 Bad:       10436352   10700640    Changed to good:         0
 14.8% of the data is now flagged

2018-11-22 05:56:41,454 [MainThread  ] [INFO ]  gpcal vis=2312-319.5500 refant=4 interval=0.1 nfbin=2 options=xyvary,qusolve

gpcal: Revision 1.22, 2016/05/01 22:31:05 UTC

Applying bandpass corrections to 2312-319.5500
Number of antennae: 6
Using leakage parameters from input as initial guess
Reading the data ...
Number of solution intervals: 590
Total visibilities read: 8817
Number visibilities accepted: 8817
Iter= 1, Amplit/Phase Solution Error:   0.946
Iter= 1, Polarisation Solution Error:   0.011
Iter= 1, Overall Solution Error:        2.341
Iter= 2, Amplit/Phase Solution Error:   0.014
Iter= 2, Polarisation Solution Error:   0.000
Iter= 2, Overall Solution Error:        0.010
Iter= 3, Amplit/Phase Solution Error:   0.001
Iter= 3, Polarisation Solution Error:   0.000
Iter= 3, Overall Solution Error:        0.001
I flux density:   0.5856
Percent Q:  -1.090
Percent U:   0.899
Leakage terms:
 Ant 1:Dx,Dy = ( 0.00133, 0.00300),( 0.00037, 0.00416)
 Ant 2:Dx,Dy = ( 0.00330, 0.00614),(-0.00390, 0.00695)
 Ant 3:Dx,Dy = ( 0.00506,-0.00440),(-0.00895,-0.00433)
 Ant 4:Dx,Dy = ( 0.00366, 0.01658),(-0.00316, 0.01797)
 Ant 5:Dx,Dy = (-0.01754,-0.00263),( 0.01636,-0.00190)
 Ant 6:Dx,Dy = ( 0.00256,-0.02142),(-0.00233,-0.02009)
Solution for freq bin  1
Iter= 1, Amplit/Phase Solution Error:   1.212
Iter= 1, Polarisation Solution Error:   0.014
Iter= 1, Overall Solution Error:        2.374
Iter= 2, Amplit/Phase Solution Error:   0.016
Iter= 2, Polarisation Solution Error:   0.000
Iter= 2, Overall Solution Error:        0.010
Iter= 3, Amplit/Phase Solution Error:   0.001
Iter= 3, Polarisation Solution Error:   0.000
Iter= 3, Overall Solution Error:        0.001
I flux density:   0.5872
Percent Q:  -1.390
Percent U:   0.925
Leakage terms:
 Ant 1:Dx,Dy = ( 0.00136, 0.00305),( 0.00016, 0.00393)
 Ant 2:Dx,Dy = ( 0.00362, 0.00722),(-0.00457, 0.00760)
 Ant 3:Dx,Dy = ( 0.00430,-0.00427),(-0.00987,-0.00378)
 Ant 4:Dx,Dy = ( 0.00298, 0.01777),(-0.00343, 0.01883)
 Ant 5:Dx,Dy = (-0.01837,-0.00304),( 0.01538,-0.00232)
 Ant 6:Dx,Dy = ( 0.00189,-0.02315),(-0.00188,-0.02186)
Solution for freq bin  2
Iter= 1, Amplit/Phase Solution Error:   0.885
Iter= 1, Polarisation Solution Error:   0.009
Iter= 1, Overall Solution Error:        2.359
Iter= 2, Amplit/Phase Solution Error:   0.012
Iter= 2, Polarisation Solution Error:   0.000
Iter= 2, Overall Solution Error:        0.009
Iter= 3, Amplit/Phase Solution Error:   0.001
Iter= 3, Polarisation Solution Error:   0.000
Iter= 3, Overall Solution Error:        0.001
I flux density:   0.5887
Percent Q:  -0.777
Percent U:   0.869
Leakage terms:
 Ant 1:Dx,Dy = ( 0.00127, 0.00242),( 0.00055, 0.00384)
 Ant 2:Dx,Dy = ( 0.00289, 0.00487),(-0.00328, 0.00608)
 Ant 3:Dx,Dy = ( 0.00582,-0.00446),(-0.00800,-0.00485)
 Ant 4:Dx,Dy = ( 0.00449, 0.01578),(-0.00272, 0.01744)
 Ant 5:Dx,Dy = (-0.01681,-0.00178),( 0.01719,-0.00100)
 Ant 6:Dx,Dy = ( 0.00345,-0.01990),(-0.00261,-0.01845)

2018-11-22 05:56:41,579 [MainThread  ] [INFO ]  gpboot vis=2312-319.5500 cal=1934-638.5500

gpboot: Revision 1.9, 2015/10/29 01:31:30 UTC

Secondary flux density scaled by:   0.998
Frequency bin  1 scaled by      :   1.002
Frequency bin  2 scaled by      :   1.003

2018-11-22 05:58:30,709 [MainThread  ] [INFO ]  gpcopy vis=2312-319.5500 out=d.5500

gpcopy: Revision 1.13, 2015/10/29 01:31:39 UTC

Copying leakage table
Copying gain table
Interpolation tolerance set to (minutes): 720.00
Copying bandpass table

2018-11-22 06:18:31,548 [MainThread  ] [INFO ]  pgflag vis=d.5500 command='<b' stokes=i,v,q,u flagpar=8,2,2,3,6,3  options=nodisp

pgflag: Revision 1.30, 2016/10/05 23:06:50 UTC

Applying bandpass corrections to d.5500
Applying freq. dependent gain corrections to d.5500
Applying freq. dependent leakage correction to d.5500
Applying changes to dataset
Counts of correlations within selected channels:
 channel  Originally  Currently
 Good:     394994976  384405656    Changed to bad:   10589320
 Bad:       55391616   65980936    Changed to good:         0
 14.6% of the data is now flagged

2018-11-22 06:39:03,825 [MainThread  ] [INFO ]  pgflag vis=d.5500 command='<b' stokes=i,v,u,q flagpar=8,2,2,3,6,3  options=nodisp

pgflag: Revision 1.30, 2016/10/05 23:06:50 UTC

Applying bandpass corrections to d.5500
Applying freq. dependent gain corrections to d.5500
Applying freq. dependent leakage correction to d.5500
Applying changes to dataset
Counts of correlations within selected channels:
 channel  Originally  Currently
 Good:     384405656  376934072    Changed to bad:    7471584
 Bad:       65980936   73452520    Changed to good:         0
 16.3% of the data is now flagged

2018-11-22 06:42:47,245 [MainThread  ] [INFO ]  uvsplit vis=d.5500

uvsplit: Revision 1.18, 2016/05/09 03:06:18 UTC

Creating d_921.5500
Creating d_922.5500
Creating d_923.5500
Creating d_924.5500
Creating d_925.5500
Creating d_926.5500
Creating d_927.5500
Creating d_928.5500
Creating d_929.5500
Creating d_930.5500
Creating d_931.5500
Creating d_932.5500
Creating d_933.5500
Creating d_934.5500
Creating d_935.5500
Creating d_936.5500
Creating d_937.5500
Creating d_938.5500
Creating d_939.5500
Creating d_940.5500
Creating d_941.5500
Creating d_942.5500
Creating d_943.5500
Creating d_944.5500
Creating d_945.5500
Creating d_946.5500
Creating d_947.5500
Creating d_948.5500
Creating d_949.5500
Creating d_950.5500
Creating d_951.5500
Creating d_952.5500
Creating d_953.5500
Creating d_954.5500
Creating d_955.5500
Creating d_956.5500
Creating d_957.5500
Creating d_958.5500
Creating d_959.5500
Creating d_960.5500
Creating d_961.5500
Creating d_962.5500
Creating d_963.5500
Creating d_964.5500
Creating d_965.5500
Creating d_966.5500
Creating d_967.5500
Creating d_968.5500
Creating d_969.5500
Creating d_970.5500
Creating d_971.5500
Creating d_972.5500
Creating d_973.5500
Creating d_974.5500
Creating d_975.5500
Creating d_976.5500
Creating d_977.5500
Creating d_978.5500
Creating d_979.5500
Creating d_980.5500
Creating d_981.5500
Creating d_982.5500
Creating d_983.5500
Creating d_984.5500
Creating d_985.5500
Creating d_986.5500
Creating d_987.5500
Creating d_988.5500
Creating d_989.5500
Creating d_990.5500
Creating d_991.5500
Creating d_992.5500
Creating d_993.5500
Creating d_994.5500
Creating d_995.5500
Creating d_996.5500
Creating d_997.5500
Creating d_998.5500
Creating d_999.5500
Creating d_1000.5500
Creating d_1001.5500
Creating d_1002.5500
Creating d_1003.5500
Creating d_1004.5500
Creating d_1005.5500
Creating d_1006.5500
Creating d_1007.5500
Creating d_1008.5500
Creating d_1009.5500
Creating d_1010.5500
Creating d_1011.5500
Creating d_1012.5500
Creating d_1013.5500
Creating d_1014.5500
Creating d_1015.5500
Creating d_1016.5500
Creating d_1017.5500
Creating d_1018.5500
Creating d_1019.5500
Creating d_1020.5500
Creating d_1021.5500
Creating d_1022.5500
Creating d_1023.5500
Creating d_1024.5500
Creating d_1025.5500
Creating d_1026.5500
Creating d_1027.5500
Creating d_1028.5500
Creating d_1029.5500
Creating d_1030.5500
Creating d_1031.5500
Creating d_1032.5500
Creating d_1033.5500
Creating d_1034.5500
Creating d_1035.5500
Creating d_1036.5500
Creating d_1037.5500
Creating d_1038.5500
Creating d_1039.5500
Creating d_1040.5500
Creating d_1041.5500
Creating d_1042.5500
Creating d_1043.5500
Creating d_1044.5500
Creating d_1045.5500
Creating d_1046.5500
Creating d_1047.5500
Creating d_1048.5500
Creating d_1049.5500
Creating d_1050.5500
Creating d_1051.5500
Creating d_1052.5500
Creating d_1053.5500
Creating d_1054.5500
Creating d_1055.5500
Creating d_1056.5500
Creating d_1057.5500
Creating d_1058.5500
Creating d_1059.5500
Creating d_1060.5500
Creating d_1061.5500
Creating d_1062.5500
Creating d_1063.5500
Creating d_1064.5500
Creating d_1065.5500
Creating d_1066.5500
Creating d_1067.5500
Creating d_1068.5500
Creating d_1069.5500
Creating d_1070.5500
Creating d_1071.5500
Creating d_1072.5500
Creating d_1073.5500
Creating d_1074.5500
Creating d_1075.5500
Creating d_1076.5500
Creating d_1077.5500
Creating d_1078.5500
Creating d_1079.5500
Creating d_1080.5500
Creating d_901.5500
Creating d_902.5500
Creating d_903.5500
Creating d_904.5500
Creating d_905.5500
Creating d_906.5500
Creating d_907.5500
Creating d_908.5500
Creating d_909.5500
Creating d_910.5500
Creating d_911.5500
Creating d_912.5500
Creating d_913.5500
Creating d_914.5500
Creating d_915.5500
Creating d_916.5500
Creating d_917.5500
Creating d_918.5500
Creating d_919.5500
Creating d_920.5500

