2018-08-08 06:39:07,774 [MainThread  ] [INFO ]  atlod in=raw/2018-01-01_0005.C3132,raw/2018-01-01_0252.C3132,raw/2018-01-01_0539.C3132,raw/2018-01-01_0826.C3132,raw/2018-01-01_1112.C3132 out=data5.uv ifsel=1 options=birdie,rfiflag,noauto,xycorr

atlod: Revision 1.53, 2016/08/25 23:02:21 UTC

Processing file raw/2018-01-01_0005.C3132
 00:05:06 CAOBS> track 1
CABB data detected
Scan 1 started at 18JAN01:00:05:24.0
Source: 1934-638
Flagging channels in  28 frequency ranges
 00:15:32 CAOBS> stop
 00:15:36 CAOBS> set file c3132_obs_b4
 00:15:44 CAOBS> start 9/99
Scan 2 started at 18JAN01:00:17:40.0
Source: 2312-319
Scan 3 started at 18JAN01:00:22:44.0
Source: b_804
Source: b_805
Source: b_806
Source: b_807
Source: b_808
Source: b_809
Source: b_810
Source: b_811
Source: b_812
Source: b_813
Source: b_814
Source: b_815
Source: b_816
Source: b_817
Source: b_818
Source: b_819
Source: b_820
Scan 4 started at 18JAN01:00:33:48.0
Source: 2312-319
Scan 5 started at 18JAN01:00:36:36.0
Source: b_821
Source: b_822
Source: b_823
Source: b_824
Source: b_825
Source: b_826
Source: b_827
Source: b_828
Source: b_829
Source: b_830
Source: b_831
Source: b_832
Source: b_833
Source: b_834
Source: b_835
Source: b_836
Source: b_837
Source: b_838
Source: b_839
Source: b_840
Scan 6 started at 18JAN01:00:49:56.0
Source: 2312-319
Scan 7 started at 18JAN01:00:52:36.0
Source: b_841
Source: b_842
Source: b_843
Source: b_844
Source: b_845
Source: b_846
Source: b_847
Source: b_848
Source: b_849
Source: b_850
Source: b_851
Source: b_852
Source: b_853
Source: b_854
Source: b_855
Source: b_856
Source: b_857
Source: b_858
Source: b_859
Source: b_860
Scan 8 started at 18JAN01:01:06:04.0
Source: 2312-319
Scan 9 started at 18JAN01:01:08:52.0
Source: b_861
Source: b_862
Source: b_863
Source: b_864
Source: b_865
Source: b_866
Source: b_867
Source: b_868
Source: b_869
Source: b_870
Source: b_871
Source: b_872
Source: b_873
Source: b_874
Source: b_875
Source: b_876
Source: b_877
Source: b_878
Source: b_879
Source: b_880
Scan 10 started at 18JAN01:01:22:12.0
Source: 2312-319
Scan 11 started at 18JAN01:01:25:00.0
Source: b_881
Source: b_882
Source: b_883
Source: b_884
Source: b_885
Source: b_886
Source: b_887
Source: b_888
Source: b_889
Source: b_890
Source: b_891
Source: b_892
Source: b_893
Source: b_894
Source: b_895
Source: b_896
Source: b_897
Source: b_898
Source: b_899
Source: b_900
Scan 12 started at 18JAN01:01:38:20.0
Source: 2312-319
Scan 13 started at 18JAN01:01:41:00.0
Source: b_901
Source: b_902
Source: b_903
Source: b_904
Source: b_905
Source: b_906
Source: b_907
Source: b_908
Source: b_909
Source: b_910
Source: b_911
Source: b_912
Source: b_913
Source: b_914
Source: b_915
Source: b_916
Source: b_917
Source: b_918
Source: b_919
Source: b_920
Scan 14 started at 18JAN01:01:54:28.0
Source: 2312-319
Scan 15 started at 18JAN01:01:57:16.0
Source: b_921
Source: b_922
Source: b_923
Source: b_924
Source: b_925
Source: b_926
Source: b_927
Source: b_928
Source: b_929
Source: b_930
Source: b_931
Source: b_932
Source: b_933
Source: b_934
Source: b_935
Source: b_936
Source: b_937
Source: b_938
Source: b_939
Source: b_940
Scan 16 started at 18JAN01:02:10:36.0
Source: 2312-319
Scan 17 started at 18JAN01:02:13:24.0
Source: b_941
Source: b_942
Source: b_943
Source: b_944
Source: b_945
Source: b_946
Source: b_947
Source: b_948
Source: b_949
Source: b_950
Source: b_951
Source: b_952
Source: b_953
Source: b_954
Source: b_955
Source: b_956
Source: b_957
Source: b_958
Source: b_959
Source: b_960
Scan 18 started at 18JAN01:02:26:44.0
Source: 2312-319
Scan 19 started at 18JAN01:02:29:24.0
Source: b_721
Source: b_722
Source: b_723
Source: b_724
Source: b_725
Source: b_726
Source: b_727
Source: b_728
Source: b_729
Source: b_730
Source: b_731
Source: b_732
Source: b_733
Source: b_734
Source: b_735
Source: b_736
Source: b_737
Source: b_738
Source: b_739
Source: b_740
Scan 20 started at 18JAN01:02:42:52.0
Source: 2312-319
Scan 21 started at 18JAN01:02:45:32.0
Source: b_741
Source: b_742
Source: b_743
Source: b_744
Source: b_745
Source: b_746
Source: b_747
Source: b_748
Source: b_749
Source: b_750
Source: b_751
RPFITS file version is 2.12
---------------------------------------
Total number of spectra selected: 72660

Summary of spectra flagged
Flagging Reason            Fraction
---------------            --------
Antenna off-source/off-line  5.93%
---------------------------------------
Processing file raw/2018-01-01_0252.C3132
CABB data detected
Scan 1 started at 18JAN01:02:52:28.0
Source: b_751
Source: b_752
Source: b_753
Source: b_754
Source: b_755
Source: b_756
Source: b_757
Source: b_758
Source: b_759
Source: b_760
Scan 2 started at 18JAN01:02:59:00.0
Source: 2312-319
Scan 3 started at 18JAN01:03:01:40.0
Source: b_761
Source: b_762
Source: b_763
Source: b_764
Source: b_765
Source: b_766
Source: b_767
Source: b_768
Source: b_769
Source: b_770
Source: b_771
Source: b_772
Source: b_773
Source: b_774
Source: b_775
Source: b_776
Source: b_777
Source: b_778
Source: b_779
Source: b_780
Scan 4 started at 18JAN01:03:15:08.0
Source: 2312-319
Scan 5 started at 18JAN01:03:17:48.0
Source: b_781
Source: b_782
Source: b_783
Source: b_784
Source: b_785
Source: b_786
Source: b_787
Source: b_788
Source: b_789
Source: b_790
Source: b_791
Source: b_792
Source: b_793
Source: b_794
Source: b_795
Source: b_796
Source: b_797
Source: b_798
Source: b_799
Source: b_800
Scan 6 started at 18JAN01:03:31:16.0
Source: 2312-319
Scan 7 started at 18JAN01:03:34:04.0
Source: b_801
Source: b_802
Source: b_803
Source: b_804
Source: b_805
Source: b_806
Source: b_807
Source: b_808
Source: b_809
Source: b_810
Source: b_811
Source: b_812
Source: b_813
Source: b_814
Source: b_815
Source: b_816
Source: b_817
Source: b_818
Source: b_819
Source: b_820
Scan 8 started at 18JAN01:03:47:24.0
Source: 2312-319
Scan 9 started at 18JAN01:03:50:04.0
Source: b_821
Source: b_822
Source: b_823
Source: b_824
Source: b_825
Source: b_826
Source: b_827
Source: b_828
Source: b_829
Source: b_830
Source: b_831
Source: b_832
Source: b_833
Source: b_834
Source: b_835
Source: b_836
Source: b_837
Source: b_838
Source: b_839
Source: b_840
Scan 10 started at 18JAN01:04:03:32.0
Source: 2312-319
Scan 11 started at 18JAN01:04:06:12.0
Source: b_841
Source: b_842
Source: b_843
Source: b_844
Source: b_845
Source: b_846
Source: b_847
Source: b_848
Source: b_849
Source: b_850
Source: b_851
Source: b_852
Source: b_853
Source: b_854
Source: b_855
Source: b_856
Source: b_857
Source: b_858
Source: b_859
Source: b_860
Scan 12 started at 18JAN01:04:19:40.0
Source: 2312-319
Scan 13 started at 18JAN01:04:22:20.0
Source: b_861
Source: b_862
Source: b_863
Source: b_864
Source: b_865
Source: b_866
Source: b_867
Source: b_868
Source: b_869
Source: b_870
Source: b_871
Source: b_872
Source: b_873
Source: b_874
Source: b_875
Source: b_876
Source: b_877
Source: b_878
Source: b_879
Source: b_880
Scan 14 started at 18JAN01:04:35:48.0
Source: 2312-319
Scan 15 started at 18JAN01:04:38:36.0
Source: b_881
Source: b_882
Source: b_883
Source: b_884
Source: b_885
Source: b_886
Source: b_887
Source: b_888
Source: b_889
Source: b_890
Source: b_891
Source: b_892
Source: b_893
Source: b_894
Source: b_895
Source: b_896
Source: b_897
Source: b_898
Source: b_899
Source: b_900
Scan 16 started at 18JAN01:04:51:56.0
Source: 2312-319
Scan 17 started at 18JAN01:04:54:36.0
Source: b_901
Source: b_902
Source: b_903
Source: b_904
Source: b_905
Source: b_906
Source: b_907
Source: b_908
Source: b_909
Source: b_910
Source: b_911
Source: b_912
Source: b_913
Source: b_914
Source: b_915
Source: b_916
Source: b_917
Source: b_918
Source: b_919
Source: b_920
Scan 18 started at 18JAN01:05:08:04.0
Source: 2312-319
Scan 19 started at 18JAN01:05:10:44.0
Source: b_921
Source: b_922
Source: b_923
Source: b_924
Source: b_925
Source: b_926
Source: b_927
Source: b_928
Source: b_929
Source: b_930
Source: b_931
Source: b_932
Source: b_933
Source: b_934
Source: b_935
Source: b_936
Source: b_937
Source: b_938
Source: b_939
Source: b_940
Scan 20 started at 18JAN01:05:24:20.0
Source: 2312-319
Scan 21 started at 18JAN01:05:27:16.0
Source: b_941
Source: b_942
Source: b_943
Source: b_944
Source: b_945
Source: b_946
Source: b_947
Source: b_948
Source: b_949
Source: b_950
Source: b_951
Source: b_952
Source: b_953
Source: b_954
Source: b_955
Source: b_956
Source: b_957
Source: b_958
Source: b_959
RPFITS file version is 2.12
---------------------------------------
Total number of spectra selected: 72660

Summary of spectra flagged
Flagging Reason            Fraction
---------------            --------
Antenna off-source/off-line  3.13%
---------------------------------------
Processing file raw/2018-01-01_0539.C3132
CABB data detected
Scan 1 started at 18JAN01:05:39:16.0
Source: b_959
Source: b_960
Scan 2 started at 18JAN01:05:40:28.0
Source: 2312-319
Scan 3 started at 18JAN01:05:43:24.0
Source: b_721
Source: b_722
Source: b_723
Source: b_724
Source: b_725
Source: b_726
Source: b_727
Source: b_728
Source: b_729
Source: b_730
Source: b_731
Source: b_732
Source: b_733
Source: b_734
Source: b_735
Source: b_736
Source: b_737
Source: b_738
Source: b_739
Source: b_740
Scan 4 started at 18JAN01:05:56:52.0
Source: 2312-319
Scan 5 started at 18JAN01:06:00:04.0
Source: b_741
Source: b_742
Source: b_743
Source: b_744
Source: b_745
Source: b_746
Source: b_747
Source: b_748
Source: b_749
Source: b_750
Source: b_751
Source: b_752
Source: b_753
Source: b_754
Source: b_755
Source: b_756
Source: b_757
Source: b_758
Source: b_759
Source: b_760
Scan 6 started at 18JAN01:06:13:08.0
Source: 2312-319
Scan 7 started at 18JAN01:06:16:54.8
Source: b_762
Source: b_763
Source: b_764
Source: b_765
Source: b_766
Source: b_767
Source: b_768
Source: b_769
Source: b_770
Source: b_771
Source: b_772
Source: b_773
Source: b_774
Source: b_775
Source: b_776
Source: b_777
Source: b_778
Source: b_779
Source: b_780
Scan 8 started at 18JAN01:06:39:32.0
Source: 2312-319
Scan 9 started at 18JAN01:06:42:36.0
Source: b_781
Source: b_782
Source: b_783
Source: b_784
Source: b_785
Source: b_786
Source: b_787
Source: b_788
Source: b_789
Source: b_790
Source: b_791
Source: b_792
Source: b_793
Source: b_794
Source: b_795
Source: b_796
Source: b_797
Source: b_798
Source: b_799
Source: b_800
Scan 10 started at 18JAN01:06:56:04.0
Source: 2312-319
Scan 11 started at 18JAN01:06:59:08.0
Source: b_801
Source: b_802
Source: b_803
Source: b_804
Source: b_805
Source: b_806
Source: b_807
Source: b_808
Source: b_809
Source: b_810
Source: b_811
Source: b_812
Source: b_813
Source: b_814
Source: b_815
Source: b_816
Source: b_817
Source: b_818
Source: b_819
Source: b_820
Scan 12 started at 18JAN01:07:12:12.0
Source: 2312-319
Scan 13 started at 18JAN01:07:15:08.0
Source: b_821
Source: b_822
Source: b_823
Source: b_824
Source: b_825
Source: b_826
Source: b_827
Source: b_828
Source: b_829
Source: b_830
Source: b_831
Source: b_832
Source: b_833
Source: b_834
Source: b_835
Source: b_836
Source: b_837
Source: b_838
Source: b_839
Source: b_840
Scan 14 started at 18JAN01:07:28:28.0
Source: 2312-319
Scan 15 started at 18JAN01:07:31:08.0
Source: b_841
Source: b_842
Source: b_843
Source: b_844
Source: b_845
Source: b_846
Source: b_847
Source: b_848
Source: b_849
Source: b_850
Source: b_851
Source: b_852
Source: b_853
Source: b_854
Source: b_855
Source: b_856
Source: b_857
Source: b_858
Source: b_859
Source: b_860
Scan 16 started at 18JAN01:07:44:36.0
Source: 2312-319
Scan 17 started at 18JAN01:07:47:24.0
Source: b_861
Source: b_862
Source: b_863
Source: b_864
Source: b_865
Source: b_866
Source: b_867
Source: b_868
Source: b_869
Source: b_870
Source: b_871
Source: b_872
Source: b_873
Source: b_874
Source: b_875
Source: b_876
Source: b_877
Source: b_878
Source: b_879
Source: b_880
Scan 18 started at 18JAN01:08:00:44.0
Source: 2312-319
Scan 19 started at 18JAN01:08:03:32.0
Source: b_881
Source: b_882
Source: b_883
Source: b_884
Source: b_885
Source: b_886
Source: b_887
Source: b_888
Source: b_889
Source: b_890
Source: b_891
Source: b_892
Source: b_893
Source: b_894
Source: b_895
Source: b_896
Source: b_897
Source: b_898
Source: b_899
Source: b_900
Scan 20 started at 18JAN01:08:16:52.0
Source: 2312-319
Scan 21 started at 18JAN01:08:19:32.0
Source: b_901
Source: b_902
Source: b_903
Source: b_904
Source: b_905
Source: b_906
Source: b_907
Source: b_908
Source: b_909
Source: b_910
RPFITS file version is 2.12
---------------------------------------
Total number of spectra selected: 72660

Summary of spectra flagged
Flagging Reason            Fraction
---------------            --------
Antenna off-source/off-line  12.9%
---------------------------------------
Processing file raw/2018-01-01_0826.C3132
CABB data detected
Scan 1 started at 18JAN01:08:26:05.5
Source: b_911
Source: b_912
Source: b_913
Source: b_914
Source: b_915
Source: b_916
Source: b_917
Source: b_918
Source: b_919
Source: b_920
Scan 2 started at 18JAN01:08:33:00.0
Source: 2312-319
Scan 3 started at 18JAN01:08:35:40.0
Source: b_921
Source: b_922
Source: b_923
Source: b_924
Source: b_925
Source: b_926
Source: b_927
Source: b_928
Source: b_929
Source: b_930
Source: b_931
Source: b_932
Source: b_933
Source: b_934
Source: b_935
Source: b_936
Source: b_937
Source: b_938
Source: b_939
Source: b_940
Scan 4 started at 18JAN01:08:49:08.0
Source: 2312-319
Scan 5 started at 18JAN01:08:51:56.0
Source: b_941
Source: b_942
Source: b_943
Source: b_944
Source: b_945
Source: b_946
Source: b_947
Source: b_948
Source: b_949
Source: b_950
Source: b_951
Source: b_952
Source: b_953
Source: b_954
Source: b_955
Source: b_956
Source: b_957
Source: b_958
Source: b_959
Source: b_960
Scan 6 started at 18JAN01:09:05:16.0
Source: 2312-319
Scan 7 started at 18JAN01:09:07:56.0
Source: b_721
Source: b_722
Source: b_723
Source: b_724
Source: b_725
Source: b_726
Source: b_727
Source: b_728
Source: b_729
Source: b_730
Source: b_731
Source: b_732
Source: b_733
Source: b_734
Source: b_735
Source: b_736
Source: b_737
Source: b_738
Source: b_739
Source: b_740
Scan 8 started at 18JAN01:09:21:24.0
Source: 2312-319
Scan 9 started at 18JAN01:09:24:12.0
Source: b_741
Source: b_742
Source: b_743
Source: b_744
Source: b_745
Source: b_746
Source: b_747
Source: b_748
Source: b_749
Source: b_750
Source: b_751
Source: b_752
Source: b_753
Source: b_754
Source: b_755
Source: b_756
Source: b_757
Source: b_758
Source: b_759
Source: b_760
Scan 10 started at 18JAN01:09:37:32.0
Source: 2312-319
Scan 11 started at 18JAN01:09:40:12.0
Source: b_761
Source: b_762
Source: b_763
Source: b_764
Source: b_765
Source: b_766
Source: b_767
Source: b_768
Source: b_769
Source: b_770
Source: b_771
Source: b_772
Source: b_773
Source: b_774
Source: b_775
Source: b_776
Source: b_777
Source: b_778
Source: b_779
Source: b_780
Scan 12 started at 18JAN01:09:53:40.0
Source: 2312-319
Scan 13 started at 18JAN01:09:56:20.0
Source: b_781
Source: b_782
Source: b_783
Source: b_784
Source: b_785
Source: b_786
Source: b_787
Source: b_788
Source: b_789
Source: b_790
Source: b_791
Source: b_792
Source: b_793
Source: b_794
Source: b_795
Source: b_796
Source: b_797
Source: b_798
Source: b_799
Source: b_800
Scan 14 started at 18JAN01:10:09:48.0
Source: 2312-319
Scan 15 started at 18JAN01:10:12:36.0
Source: b_801
Source: b_802
Source: b_803
Source: b_804
Source: b_805
Source: b_806
Source: b_807
Source: b_808
Source: b_809
Source: b_810
Source: b_811
Source: b_812
Source: b_813
Source: b_814
Source: b_815
Source: b_816
Source: b_817
Source: b_818
Source: b_819
Source: b_820
Scan 16 started at 18JAN01:10:25:56.0
Source: 2312-319
Scan 17 started at 18JAN01:10:28:36.0
Source: b_821
Source: b_822
Source: b_823
Source: b_824
Source: b_825
Source: b_826
Source: b_827
Source: b_828
Source: b_829
Source: b_830
Source: b_831
Source: b_832
Source: b_833
Source: b_834
Source: b_835
Source: b_836
Source: b_837
Source: b_838
Source: b_839
Source: b_840
Scan 18 started at 18JAN01:10:42:04.0
Source: 2312-319
Scan 19 started at 18JAN01:10:44:44.0
Source: b_841
Source: b_842
Source: b_843
Source: b_844
Source: b_845
Source: b_846
Source: b_847
Source: b_848
Source: b_849
Source: b_850
Source: b_851
Source: b_852
Source: b_853
Source: b_854
Source: b_855
Source: b_856
Source: b_857
Source: b_858
Source: b_859
Source: b_860
Scan 20 started at 18JAN01:10:58:12.0
Source: 2312-319
Scan 21 started at 18JAN01:11:00:52.0
Source: b_861
Source: b_862
Source: b_863
Source: b_864
Source: b_865
Source: b_866
Source: b_867
Source: b_868
Source: b_869
Source: b_870
Source: b_871
Source: b_872
Source: b_873
Source: b_874
Source: b_875
Source: b_876
Source: b_877
Source: b_878
Source: b_879
RPFITS file version is 2.12
---------------------------------------
Total number of spectra selected: 72660

Summary of spectra flagged
Flagging Reason            Fraction
---------------            --------
Antenna off-source/off-line  2.73%
---------------------------------------
Processing file raw/2018-01-01_1112.C3132
CABB data detected
Scan 1 started at 18JAN01:11:12:52.0
Source: b_879
Source: b_880
Scan 2 started at 18JAN01:11:14:20.0
Source: 2312-319
Scan 3 started at 18JAN01:11:17:00.0
Source: b_881
Source: b_882
Source: b_883
Source: b_884
Source: b_885
Source: b_886
Source: b_887
Source: b_888
Source: b_889
Source: b_890
Source: b_891
Source: b_892
Source: b_893
Source: b_894
Source: b_895
Source: b_896
Source: b_897
Source: b_898
Source: b_899
Source: b_900
Scan 4 started at 18JAN01:11:30:28.0
Source: 2312-319
Scan 5 started at 18JAN01:11:33:08.0
Source: b_901
Source: b_902
Source: b_903
Source: b_904
Source: b_905
Source: b_906
Source: b_907
Source: b_908
Source: b_909
Source: b_910
Source: b_911
Source: b_912
Source: b_913
Source: b_914
Source: b_915
Source: b_916
Source: b_917
Source: b_918
Source: b_919
Source: b_920
Scan 6 started at 18JAN01:11:46:36.0
Source: 2312-319
Scan 7 started at 18JAN01:11:49:16.0
Source: b_921
Source: b_922
Source: b_923
Source: b_924
Source: b_925
Source: b_926
Source: b_927
Source: b_928
Source: b_929
Source: b_930
Source: b_931
Source: b_932
Source: b_933
Source: b_934
Source: b_935
Source: b_936
Source: b_937
Source: b_938
Source: b_939
Source: b_940
Scan 8 started at 18JAN01:12:02:44.0
Source: 2312-319
Scan 9 started at 18JAN01:12:05:24.0
Source: b_941
Source: b_942
Source: b_943
Source: b_944
Source: b_945
Source: b_946
Source: b_947
Source: b_948
Source: b_949
Source: b_950
Source: b_951
Source: b_952
Source: b_953
Source: b_954
Source: b_955
Source: b_956
Source: b_957
Source: b_958
Source: b_959
Source: b_960
Scan 10 started at 18JAN01:12:18:52.0
Source: 2312-319
Scan 11 started at 18JAN01:12:21:32.0
Source: b_721
Source: b_722
Source: b_723
Source: b_724
Source: b_725
Source: b_726
Source: b_727
Source: b_728
Source: b_729
Source: b_730
Source: b_731
Source: b_732
Source: b_733
Source: b_734
Source: b_735
Source: b_736
Source: b_737
Source: b_738
Source: b_739
Source: b_740
Scan 12 started at 18JAN01:12:35:00.0
Source: 2312-319
 12:37:05 CAOBS> stop
 12:37:13 CAOBS> corr closef
RPFITS file version is 2.12
---------------------------------------
Total number of spectra selected: 36540

Summary of spectra flagged
Flagging Reason            Fraction
---------------            --------
Antenna off-source/off-line  2.46%
---------------------------------------

No CACAL data was detected

2018-08-08 06:40:10,961 [MainThread  ] [INFO ]  uvflag vis=data5.uv line=chan,6,1146,1 flagval=flag

uvflag: Revision 1.8, 2014/09/30 14:23:39 UTC


Set flags to indicate bad data in visibility file data5.uv
Linetype channel; select    6 channels; start 1146, width    1, step    1

Overview of flagging on visibility file data5.uv
Changed flags set to FALSE (data flagged as bad)
Total number of records selected: 308316; out of 308316 records
Antennas used: 1-6
Counts of correlations within selected channels
channel   Originally    Currently
Good:          924948.           0.    Changed to bad:      924948.
Bad:           924948.     1849896.

2018-08-08 06:40:25,491 [MainThread  ] [INFO ]  uvflag vis=data5.uv line=chan,30,1454,1 flagval=flag

uvflag: Revision 1.8, 2014/09/30 14:23:39 UTC


Set flags to indicate bad data in visibility file data5.uv
Linetype channel; select   30 channels; start 1454, width    1, step    1

Overview of flagging on visibility file data5.uv
Changed flags set to FALSE (data flagged as bad)
Total number of records selected: 308316; out of 308316 records
Antennas used: 1-6
Counts of correlations within selected channels
channel   Originally    Currently
Good:         9249480.           0.    Changed to bad:     9249480.
Bad:                0.     9249480.

2018-08-08 06:40:41,244 [MainThread  ] [INFO ]  uvflag vis=data5.uv line=chan,40,1964,1 flagval=flag

uvflag: Revision 1.8, 2014/09/30 14:23:39 UTC


Set flags to indicate bad data in visibility file data5.uv
Linetype channel; select   40 channels; start 1964, width    1, step    1

Overview of flagging on visibility file data5.uv
Changed flags set to FALSE (data flagged as bad)
Total number of records selected: 308316; out of 308316 records
Antennas used: 1-6
Counts of correlations within selected channels
channel   Originally    Currently
Good:               0.           0.    Changed to bad:           0.
Bad:         12332640.    12332640.

2018-08-08 06:41:17,688 [MainThread  ] [INFO ]  uvsplit vis=data5.uv options=mosaic

uvsplit: Revision 1.18, 2016/05/09 03:06:18 UTC

Creating 1934-638.5500
Creating 2312-319.5500
Creating b.5500

2018-08-08 06:41:27,792 [MainThread  ] [INFO ]  pgflag vis=1934-638.5500 command='<b' stokes=i,q,u,v flagpar=8,5,5,3,6,3 options=nodisp

pgflag: Revision 1.30, 2016/10/05 23:06:50 UTC

Applying changes to dataset
Counts of correlations within selected channels:
 channel  Originally  Currently
 Good:       8194320    8134504    Changed to bad:      59816
 Bad:        1149120    1208936    Changed to good:         0
 12.9% of the data is now flagged

2018-08-08 06:41:36,229 [MainThread  ] [INFO ]  pgflag vis=1934-638.5500 command='<b' stokes=i,v,q,u flagpar=8,2,2,3,6,3  options=nodisp

pgflag: Revision 1.30, 2016/10/05 23:06:50 UTC

Applying changes to dataset
Counts of correlations within selected channels:
 channel  Originally  Currently
 Good:       8134504    8076300    Changed to bad:      58204
 Bad:        1208936    1267140    Changed to good:         0
 13.6% of the data is now flagged

2018-08-08 06:41:46,065 [MainThread  ] [INFO ]  pgflag vis=1934-638.5500 command='<b' stokes=i,v,u,q flagpar=8,2,2,3,6,3  options=nodisp

pgflag: Revision 1.30, 2016/10/05 23:06:50 UTC

Applying changes to dataset
Counts of correlations within selected channels:
 channel  Originally  Currently
 Good:       8076300    7968432    Changed to bad:     107868
 Bad:        1267140    1375008    Changed to good:         0
 14.7% of the data is now flagged

2018-08-08 06:42:46,376 [MainThread  ] [INFO ]  mfcal vis=1934-638.5500 refant=4 interval=0.1
MfCal: $Revision: 1.20 $, $Date: 2017/05/08 02:31:10 $
Selecting parallel-hand polarisations
Reading the data ...
Number correlations accepted: 3984216
Number of frequency bands/settings: 1
Number of polarisations selected: 2
Number of solution intervals: 76
Number of passband solution intervals: 1
Initialising ...
Using post-Aug94 ATCA flux scale for 1934-638.
Using known frequency variation of 1934-638
Generating initial solution estimate ...
Doing solution refinement ...
Iter= 1, Solution Error:  0.430
Iter= 2, Solution Error:  0.026
Iter= 3, Solution Error:  0.000
Saving solution ...

2018-08-08 06:42:55,974 [MainThread  ] [INFO ]  gpcal vis=1934-638.5500 refant=4 interval=0.1 nfbin=2 options=xyvary

gpcal: Revision 1.22, 2016/05/01 22:31:05 UTC

Applying bandpass corrections to 1934-638.5500
Number of antennae: 6
Reading the data ...
Number of solution intervals: 76
Total visibilities read: 1140
Number visibilities accepted: 1140
Using post-Aug94 ATCA flux scale for 1934-638.
Using IQUV =  5.0164,  0.0000,  0.0000,  0.0000 at   5.4525 GHz.
Using post-Aug94 ATCA flux scale for 1934-638.
Using IQUV =  5.5170,  0.0000,  0.0000,  0.0000 at   5.0319 GHz.
Using post-Aug94 ATCA flux scale for 1934-638.
Using IQUV =  4.5098,  0.0000,  0.0000,  0.0000 at   5.9551 GHz.
Iter= 1, Amplit/Phase Solution Error:   1.322
Iter= 1, Polarisation Solution Error:   0.042
Iter= 1, Overall Solution Error:        2.029
Iter= 2, Amplit/Phase Solution Error:   0.002
Iter= 2, Polarisation Solution Error:   0.000
Iter= 2, Overall Solution Error:        0.003
Iter= 3, Amplit/Phase Solution Error:   0.001
Iter= 3, Polarisation Solution Error:   0.000
Iter= 3, Overall Solution Error:        0.001
I flux density:   5.0164
Leakage terms:
 Ant 1:Dx,Dy = ( 0.00184,-0.00231),( 0.00018,-0.00154)
 Ant 2:Dx,Dy = ( 0.00400, 0.00693),(-0.00300, 0.00778)
 Ant 3:Dx,Dy = ( 0.00436, 0.00089),(-0.00736, 0.00070)
 Ant 4:Dx,Dy = ( 0.00579, 0.01775),(-0.00434, 0.01914)
 Ant 5:Dx,Dy = (-0.01701,-0.00133),( 0.01571,-0.00087)
 Ant 6:Dx,Dy = ( 0.00209,-0.02370),(-0.00013,-0.02342)
Solution for freq bin  1
Iter= 1, Amplit/Phase Solution Error:   1.311
Iter= 1, Polarisation Solution Error:   0.044
Iter= 1, Overall Solution Error:        2.028
Iter= 2, Amplit/Phase Solution Error:   0.002
Iter= 2, Polarisation Solution Error:   0.000
Iter= 2, Overall Solution Error:        0.004
Iter= 3, Amplit/Phase Solution Error:   0.001
Iter= 3, Polarisation Solution Error:   0.000
Iter= 3, Overall Solution Error:        0.001
I flux density:   5.5170
Leakage terms:
 Ant 1:Dx,Dy = ( 0.00210,-0.00179),(-0.00000,-0.00119)
 Ant 2:Dx,Dy = ( 0.00453, 0.00843),(-0.00305, 0.00889)
 Ant 3:Dx,Dy = ( 0.00395, 0.00082),(-0.00789, 0.00111)
 Ant 4:Dx,Dy = ( 0.00521, 0.01809),(-0.00427, 0.01991)
 Ant 5:Dx,Dy = (-0.01767,-0.00217),( 0.01512,-0.00153)
 Ant 6:Dx,Dy = ( 0.00161,-0.02566),(-0.00019,-0.02490)
Solution for freq bin  2
Iter= 1, Amplit/Phase Solution Error:   1.365
Iter= 1, Polarisation Solution Error:   0.039
Iter= 1, Overall Solution Error:        2.031
Iter= 2, Amplit/Phase Solution Error:   0.002
Iter= 2, Polarisation Solution Error:   0.000
Iter= 2, Overall Solution Error:        0.003
Iter= 3, Amplit/Phase Solution Error:   0.001
Iter= 3, Polarisation Solution Error:   0.000
Iter= 3, Overall Solution Error:        0.001
I flux density:   4.5098
Leakage terms:
 Ant 1:Dx,Dy = ( 0.00152,-0.00297),( 0.00044,-0.00199)
 Ant 2:Dx,Dy = ( 0.00329, 0.00489),(-0.00296, 0.00628)
 Ant 3:Dx,Dy = ( 0.00492, 0.00099),(-0.00664, 0.00014)
 Ant 4:Dx,Dy = ( 0.00656, 0.01724),(-0.00445, 0.01805)
 Ant 5:Dx,Dy = (-0.01612,-0.00019),( 0.01651, 0.00001)
 Ant 6:Dx,Dy = ( 0.00271,-0.02104),(-0.00002,-0.02140)

2018-08-08 06:43:22,377 [MainThread  ] [INFO ]  pgflag vis=1934-638.5500 command='<b' stokes=i,q,u,v flagpar=8,5,5,3,6,3 options=nodisp

pgflag: Revision 1.30, 2016/10/05 23:06:50 UTC

Applying bandpass corrections to 1934-638.5500
Applying freq. dependent gain corrections to 1934-638.5500
Applying freq. dependent leakage correction to 1934-638.5500
Applying changes to dataset
Counts of correlations within selected channels:
 channel  Originally  Currently
 Good:       7968432    7947032    Changed to bad:      21400
 Bad:        1375008    1396408    Changed to good:         0
 14.9% of the data is now flagged

2018-08-08 06:43:46,215 [MainThread  ] [INFO ]  pgflag vis=1934-638.5500 command='<b' stokes=i,v,q,u flagpar=8,2,2,3,6,3  options=nodisp

pgflag: Revision 1.30, 2016/10/05 23:06:50 UTC

Applying bandpass corrections to 1934-638.5500
Applying freq. dependent gain corrections to 1934-638.5500
Applying freq. dependent leakage correction to 1934-638.5500
Applying changes to dataset
Counts of correlations within selected channels:
 channel  Originally  Currently
 Good:       7947032    7925604    Changed to bad:      21428
 Bad:        1396408    1417836    Changed to good:         0
 15.2% of the data is now flagged

2018-08-08 06:43:59,238 [MainThread  ] [INFO ]  pgflag vis=1934-638.5500 command='<b' stokes=i,v,u,q flagpar=8,2,2,3,6,3  options=nodisp

pgflag: Revision 1.30, 2016/10/05 23:06:50 UTC

Applying bandpass corrections to 1934-638.5500
Applying freq. dependent gain corrections to 1934-638.5500
Applying freq. dependent leakage correction to 1934-638.5500
Applying changes to dataset
Counts of correlations within selected channels:
 channel  Originally  Currently
 Good:       7925604    7907416    Changed to bad:      18188
 Bad:        1417836    1436024    Changed to good:         0
 15.4% of the data is now flagged

2018-08-08 06:45:03,909 [MainThread  ] [INFO ]  mfcal vis=1934-638.5500 refant=4 interval=0.1
MfCal: $Revision: 1.20 $, $Date: 2017/05/08 02:31:10 $
Selecting parallel-hand polarisations
Reading the data ...
Number correlations accepted: 3953708
Number of frequency bands/settings: 1
Number of polarisations selected: 2
Number of solution intervals: 76
Number of passband solution intervals: 1
Initialising ...
Using post-Aug94 ATCA flux scale for 1934-638.
Using known frequency variation of 1934-638
Generating initial solution estimate ...
Doing solution refinement ...
Iter= 1, Solution Error:  0.431
Iter= 2, Solution Error:  0.026
Iter= 3, Solution Error:  0.000
Saving solution ...

2018-08-08 06:45:04,724 [MainThread  ] [INFO ]  gpcal vis=1934-638.5500 refant=4 interval=0.1 nfbin=2 options=xyvary

gpcal: Revision 1.22, 2016/05/01 22:31:05 UTC

Applying bandpass corrections to 1934-638.5500
Number of antennae: 6
Using leakage parameters from input as initial guess
Reading the data ...
Number of solution intervals: 76
Total visibilities read: 1140
Number visibilities accepted: 1140
Using post-Aug94 ATCA flux scale for 1934-638.
Using IQUV =  5.0166,  0.0000,  0.0000,  0.0000 at   5.4524 GHz.
Using post-Aug94 ATCA flux scale for 1934-638.
Using IQUV =  5.5142,  0.0000,  0.0000,  0.0000 at   5.0341 GHz.
Using post-Aug94 ATCA flux scale for 1934-638.
Using IQUV =  4.5112,  0.0000,  0.0000,  0.0000 at   5.9536 GHz.
Iter= 1, Amplit/Phase Solution Error:   1.325
Iter= 1, Polarisation Solution Error:   0.000
Iter= 1, Overall Solution Error:        2.029
Iter= 2, Amplit/Phase Solution Error:   0.002
Iter= 2, Polarisation Solution Error:   0.000
Iter= 2, Overall Solution Error:        0.004
Iter= 3, Amplit/Phase Solution Error:   0.001
Iter= 3, Polarisation Solution Error:   0.000
Iter= 3, Overall Solution Error:        0.001
I flux density:   5.0166
Leakage terms:
 Ant 1:Dx,Dy = ( 0.00185,-0.00230),( 0.00019,-0.00155)
 Ant 2:Dx,Dy = ( 0.00400, 0.00694),(-0.00299, 0.00777)
 Ant 3:Dx,Dy = ( 0.00436, 0.00088),(-0.00736, 0.00070)
 Ant 4:Dx,Dy = ( 0.00581, 0.01774),(-0.00432, 0.01914)
 Ant 5:Dx,Dy = (-0.01701,-0.00134),( 0.01571,-0.00088)
 Ant 6:Dx,Dy = ( 0.00210,-0.02371),(-0.00013,-0.02341)
Solution for freq bin  1
Iter= 1, Amplit/Phase Solution Error:   1.317
Iter= 1, Polarisation Solution Error:   0.002
Iter= 1, Overall Solution Error:        2.028
Iter= 2, Amplit/Phase Solution Error:   0.002
Iter= 2, Polarisation Solution Error:   0.000
Iter= 2, Overall Solution Error:        0.004
Iter= 3, Amplit/Phase Solution Error:   0.001
Iter= 3, Polarisation Solution Error:   0.000
Iter= 3, Overall Solution Error:        0.001
I flux density:   5.5142
Leakage terms:
 Ant 1:Dx,Dy = ( 0.00211,-0.00179),( 0.00001,-0.00119)
 Ant 2:Dx,Dy = ( 0.00454, 0.00844),(-0.00303, 0.00888)
 Ant 3:Dx,Dy = ( 0.00395, 0.00082),(-0.00789, 0.00111)
 Ant 4:Dx,Dy = ( 0.00523, 0.01808),(-0.00425, 0.01991)
 Ant 5:Dx,Dy = (-0.01768,-0.00219),( 0.01511,-0.00155)
 Ant 6:Dx,Dy = ( 0.00161,-0.02565),(-0.00019,-0.02487)
Solution for freq bin  2
Iter= 1, Amplit/Phase Solution Error:   1.364
Iter= 1, Polarisation Solution Error:   0.003
Iter= 1, Overall Solution Error:        2.031
Iter= 2, Amplit/Phase Solution Error:   0.002
Iter= 2, Polarisation Solution Error:   0.000
Iter= 2, Overall Solution Error:        0.003
Iter= 3, Amplit/Phase Solution Error:   0.001
Iter= 3, Polarisation Solution Error:   0.000
Iter= 3, Overall Solution Error:        0.001
I flux density:   4.5112
Leakage terms:
 Ant 1:Dx,Dy = ( 0.00152,-0.00296),( 0.00044,-0.00199)
 Ant 2:Dx,Dy = ( 0.00328, 0.00490),(-0.00295, 0.00628)
 Ant 3:Dx,Dy = ( 0.00492, 0.00098),(-0.00666, 0.00014)
 Ant 4:Dx,Dy = ( 0.00657, 0.01724),(-0.00443, 0.01806)
 Ant 5:Dx,Dy = (-0.01613,-0.00019),( 0.01652, 0.00001)
 Ant 6:Dx,Dy = ( 0.00274,-0.02106),(-0.00003,-0.02141)

2018-08-08 06:45:04,792 [MainThread  ] [INFO ]  gpcopy vis=1934-638.5500 out=2312-319.5500

gpcopy: Revision 1.13, 2015/10/29 01:31:39 UTC

Copying leakage table
Copying gain table
Interpolation tolerance set to (minutes): 720.00
Copying bandpass table

2018-08-08 06:47:40,910 [MainThread  ] [INFO ]  pgflag vis=2312-319.5500 command='<b' stokes=i,q,u,v flagpar=8,5,5,3,6,3 options=nodisp

pgflag: Revision 1.30, 2016/10/05 23:06:50 UTC

Applying bandpass corrections to 2312-319.5500
Applying freq. dependent gain corrections to 2312-319.5500
Applying freq. dependent leakage correction to 2312-319.5500
Applying changes to dataset
Counts of correlations within selected channels:
 channel  Originally  Currently
 Good:      74510808   72402044    Changed to bad:    2108764
 Bad:       10448928   12557692    Changed to good:         0
 14.8% of the data is now flagged

2018-08-08 06:50:06,139 [MainThread  ] [INFO ]  pgflag vis=2312-319.5500 command='<b' stokes=i,v,q,u flagpar=8,2,2,3,6,3  options=nodisp

pgflag: Revision 1.30, 2016/10/05 23:06:50 UTC

Applying bandpass corrections to 2312-319.5500
Applying freq. dependent gain corrections to 2312-319.5500
Applying freq. dependent leakage correction to 2312-319.5500
Applying changes to dataset
Counts of correlations within selected channels:
 channel  Originally  Currently
 Good:      72402044   70700568    Changed to bad:    1701476
 Bad:       12557692   14259168    Changed to good:         0
 16.8% of the data is now flagged

2018-08-08 06:52:41,958 [MainThread  ] [INFO ]  pgflag vis=2312-319.5500 command='<b' stokes=i,v,u,q flagpar=8,2,2,3,6,3  options=nodisp

pgflag: Revision 1.30, 2016/10/05 23:06:50 UTC

Applying bandpass corrections to 2312-319.5500
Applying freq. dependent gain corrections to 2312-319.5500
Applying freq. dependent leakage correction to 2312-319.5500
Applying changes to dataset
Counts of correlations within selected channels:
 channel  Originally  Currently
 Good:      70700568   69368944    Changed to bad:    1331624
 Bad:       14259168   15590792    Changed to good:         0
 18.4% of the data is now flagged

2018-08-08 06:52:46,475 [MainThread  ] [INFO ]  gpcal vis=2312-319.5500 refant=4 interval=0.1 nfbin=2 options=xyvary,qusolve

gpcal: Revision 1.22, 2016/05/01 22:31:05 UTC

Applying bandpass corrections to 2312-319.5500
Number of antennae: 6
Using leakage parameters from input as initial guess
Reading the data ...
Number of solution intervals: 692
Total visibilities read: 10366
Number visibilities accepted: 10366
Iter= 1, Amplit/Phase Solution Error:   1.373
Iter= 1, Polarisation Solution Error:   0.061
Iter= 1, Overall Solution Error:       12.358
Iter= 2, Amplit/Phase Solution Error:   0.053
Iter= 2, Polarisation Solution Error:   0.029
Iter= 2, Overall Solution Error:        0.451
Iter= 3, Amplit/Phase Solution Error:   0.048
Iter= 3, Polarisation Solution Error:   0.025
Iter= 3, Overall Solution Error:        0.485
Iter= 4, Amplit/Phase Solution Error:   0.152
Iter= 4, Polarisation Solution Error:   0.239
Iter= 4, Overall Solution Error:        4.888
Iter= 5, Amplit/Phase Solution Error:   1.996
Iter= 5, Polarisation Solution Error:   0.570
Iter= 5, Overall Solution Error:        0.775
Iter= 6, Amplit/Phase Solution Error:   2.419
Iter= 6, Polarisation Solution Error:   0.170
Iter= 6, Overall Solution Error:        0.672
Iter= 7, Amplit/Phase Solution Error:   1.636
Iter= 7, Polarisation Solution Error:   0.374
Iter= 7, Overall Solution Error:        0.907
Iter= 8, Amplit/Phase Solution Error:   2.639
Iter= 8, Polarisation Solution Error:   0.241
Iter= 8, Overall Solution Error:        0.524
Iter= 9, Amplit/Phase Solution Error:   1.419
Iter= 9, Polarisation Solution Error:   0.620
Iter= 9, Overall Solution Error:        1.261
Iter=10, Amplit/Phase Solution Error:   2.556
Iter=10, Polarisation Solution Error:   0.407
Iter=10, Overall Solution Error:        1.079
Iter=11, Amplit/Phase Solution Error:   0.479
Iter=11, Polarisation Solution Error:  -1.000
I flux density:   2.5027
Percent Q: -15.709
Percent U:  10.557
Leakage terms:
 Ant 1:Dx,Dy = ( 0.05730, 0.09052),( 0.02305,-0.16298)
 Ant 2:Dx,Dy = (-0.15676,-0.03097),( 0.05434,-0.06604)
 Ant 3:Dx,Dy = (-0.00248,-0.04147),( 0.00060, 0.00560)
 Ant 4:Dx,Dy = ( 0.29915,-0.02658),( 0.28925,-0.06849)
 Ant 5:Dx,Dy = (-0.08188,-0.03106),(-0.01220,-0.00507)
 Ant 6:Dx,Dy = ( 0.10107, 0.10179),( 0.02214,-0.08847)
Solution for freq bin  1
Iter= 1, Amplit/Phase Solution Error:   1.336
Iter= 1, Polarisation Solution Error:   0.054
Iter= 1, Overall Solution Error:        8.490
Iter= 2, Amplit/Phase Solution Error:   0.051
Iter= 2, Polarisation Solution Error:   0.040
Iter= 2, Overall Solution Error:        0.286
Iter= 3, Amplit/Phase Solution Error:   0.029
Iter= 3, Polarisation Solution Error:   0.045
Iter= 3, Overall Solution Error:        0.133
Iter= 4, Amplit/Phase Solution Error:   0.052
Iter= 4, Polarisation Solution Error:   0.046
Iter= 4, Overall Solution Error:        0.112
Iter= 5, Amplit/Phase Solution Error:   0.064
Iter= 5, Polarisation Solution Error:   0.043
Iter= 5, Overall Solution Error:        0.176
Iter= 6, Amplit/Phase Solution Error:   0.083
Iter= 6, Polarisation Solution Error:   0.030
Iter= 6, Overall Solution Error:        0.590
Iter= 7, Amplit/Phase Solution Error:   0.172
Iter= 7, Polarisation Solution Error:   0.935
Iter= 7, Overall Solution Error:        7.900
Iter= 8, Amplit/Phase Solution Error:   4.413
Iter= 8, Polarisation Solution Error:   0.154
Iter= 8, Overall Solution Error:        1.304
Iter= 9, Amplit/Phase Solution Error:   1.592
Iter= 9, Polarisation Solution Error:   0.302
Iter= 9, Overall Solution Error:        0.613
Iter=10, Amplit/Phase Solution Error:   3.490
Iter=10, Polarisation Solution Error:   0.191
Iter=10, Overall Solution Error:        0.288
Iter=11, Amplit/Phase Solution Error:   2.086
Iter=11, Polarisation Solution Error:   0.277
Iter=11, Overall Solution Error:        0.322
Iter=12, Amplit/Phase Solution Error:   3.243
Iter=12, Polarisation Solution Error:   0.210
Iter=12, Overall Solution Error:        0.207
Iter=13, Amplit/Phase Solution Error:   2.327
Iter=13, Polarisation Solution Error:   0.265
Iter=13, Overall Solution Error:        0.202
Iter=14, Amplit/Phase Solution Error:   3.133
Iter=14, Polarisation Solution Error:   0.217
Iter=14, Overall Solution Error:        0.148
Iter=15, Amplit/Phase Solution Error:   2.466
Iter=15, Polarisation Solution Error:   0.254
Iter=15, Overall Solution Error:        0.138
Iter=16, Amplit/Phase Solution Error:   3.037
Iter=16, Polarisation Solution Error:   0.221
Iter=16, Overall Solution Error:        0.105
Iter=17, Amplit/Phase Solution Error:   2.566
Iter=17, Polarisation Solution Error:   0.247
Iter=17, Overall Solution Error:        0.094
Iter=18, Amplit/Phase Solution Error:   2.964
Iter=18, Polarisation Solution Error:   0.225
Iter=18, Overall Solution Error:        0.073
Iter=19, Amplit/Phase Solution Error:   2.638
Iter=19, Polarisation Solution Error:   0.242
Iter=19, Overall Solution Error:        0.064
Iter=20, Amplit/Phase Solution Error:   2.910
Iter=20, Polarisation Solution Error:   0.227
Iter=20, Overall Solution Error:        0.051
Iter=21, Amplit/Phase Solution Error:   2.687
Iter=21, Polarisation Solution Error:   0.239
Iter=21, Overall Solution Error:        0.043
Iter=22, Amplit/Phase Solution Error:   2.871
Iter=22, Polarisation Solution Error:   0.229
Iter=22, Overall Solution Error:        0.034
Iter=23, Amplit/Phase Solution Error:   2.720
Iter=23, Polarisation Solution Error:   0.237
Iter=23, Overall Solution Error:        0.029
Iter=24, Amplit/Phase Solution Error:   2.845
Iter=24, Polarisation Solution Error:   0.230
Iter=24, Overall Solution Error:        0.023
Iter=25, Amplit/Phase Solution Error:   2.743
Iter=25, Polarisation Solution Error:   0.236
Iter=25, Overall Solution Error:        0.019
Iter=26, Amplit/Phase Solution Error:   2.827
Iter=26, Polarisation Solution Error:   0.231
Iter=26, Overall Solution Error:        0.016
Iter=27, Amplit/Phase Solution Error:   2.758
Iter=27, Polarisation Solution Error:   0.235
Iter=27, Overall Solution Error:        0.013
Iter=28, Amplit/Phase Solution Error:   2.815
Iter=28, Polarisation Solution Error:   0.232
Iter=28, Overall Solution Error:        0.011
Iter=29, Amplit/Phase Solution Error:   2.769
Iter=29, Polarisation Solution Error:   0.234
Iter=29, Overall Solution Error:        0.009
Iter=30, Amplit/Phase Solution Error:   2.806
Iter=30, Polarisation Solution Error:   0.232
Iter=30, Overall Solution Error:        0.007
I flux density:   1.2023
Percent Q: -25.753
Percent U:  15.412
Leakage terms:
 Ant 1:Dx,Dy = ( 0.13900, 0.12438),( 0.08148,-0.05356)
 Ant 2:Dx,Dy = (-0.00708,-0.07426),( 0.08283,-0.01786)
 Ant 3:Dx,Dy = ( 0.09198,-0.00155),( 0.07282, 0.01403)
 Ant 4:Dx,Dy = ( 0.27096, 0.05785),( 0.25295,-0.02430)
 Ant 5:Dx,Dy = ( 0.01548,-0.04118),( 0.07572, 0.00832)
 Ant 6:Dx,Dy = ( 0.22976, 0.04961),( 0.17430,-0.04149)
Solution for freq bin  2
Iter= 1, Amplit/Phase Solution Error:   1.368
Iter= 1, Polarisation Solution Error:   0.008
Iter= 1, Overall Solution Error:        2.561
Iter= 2, Amplit/Phase Solution Error:   0.010
Iter= 2, Polarisation Solution Error:   0.000
Iter= 2, Overall Solution Error:        0.008
Iter= 3, Amplit/Phase Solution Error:   0.001
Iter= 3, Polarisation Solution Error:   0.000
Iter= 3, Overall Solution Error:        0.001
I flux density:   0.5453
Percent Q:  -0.558
Percent U:   0.801
Leakage terms:
 Ant 1:Dx,Dy = ( 0.00053,-0.00327),(-0.00004,-0.00248)
 Ant 2:Dx,Dy = ( 0.00250, 0.00428),(-0.00317, 0.00614)
 Ant 3:Dx,Dy = ( 0.00468, 0.00085),(-0.00707,-0.00001)
 Ant 4:Dx,Dy = ( 0.00605, 0.01737),(-0.00479, 0.01831)
 Ant 5:Dx,Dy = (-0.01600, 0.00035),( 0.01603, 0.00088)
 Ant 6:Dx,Dy = ( 0.00215,-0.02106),(-0.00106,-0.02136)

2018-08-08 06:55:19,069 [MainThread  ] [INFO ]  pgflag vis=2312-319.5500 command='<b' stokes=i,q,u,v flagpar=8,5,5,3,6,3 options=nodisp

pgflag: Revision 1.30, 2016/10/05 23:06:50 UTC

Applying bandpass corrections to 2312-319.5500
Applying freq. dependent gain corrections to 2312-319.5500
Applying freq. dependent leakage correction to 2312-319.5500
Applying changes to dataset
Counts of correlations within selected channels:
 channel  Originally  Currently
 Good:      69368944   65268440    Changed to bad:    4100504
 Bad:       15590792   19691296    Changed to good:         0
 23.2% of the data is now flagged

2018-08-08 06:57:38,945 [MainThread  ] [INFO ]  pgflag vis=2312-319.5500 command='<b' stokes=i,v,q,u flagpar=8,2,2,3,6,3  options=nodisp

pgflag: Revision 1.30, 2016/10/05 23:06:50 UTC

Applying bandpass corrections to 2312-319.5500
Applying freq. dependent gain corrections to 2312-319.5500
Applying freq. dependent leakage correction to 2312-319.5500
Applying changes to dataset
Counts of correlations within selected channels:
 channel  Originally  Currently
 Good:      65268440   61234368    Changed to bad:    4034072
 Bad:       19691296   23725368    Changed to good:         0
 27.9% of the data is now flagged

2018-08-08 07:00:02,709 [MainThread  ] [INFO ]  pgflag vis=2312-319.5500 command='<b' stokes=i,v,u,q flagpar=8,2,2,3,6,3  options=nodisp

pgflag: Revision 1.30, 2016/10/05 23:06:50 UTC

Applying bandpass corrections to 2312-319.5500
Applying freq. dependent gain corrections to 2312-319.5500
Applying freq. dependent leakage correction to 2312-319.5500
Applying changes to dataset
Counts of correlations within selected channels:
 channel  Originally  Currently
 Good:      61234368   55635144    Changed to bad:    5599224
 Bad:       23725368   29324592    Changed to good:         0
 34.5% of the data is now flagged

2018-08-08 07:00:07,319 [MainThread  ] [INFO ]  gpcal vis=2312-319.5500 refant=4 interval=0.1 nfbin=2 options=xyvary,qusolve

gpcal: Revision 1.22, 2016/05/01 22:31:05 UTC

Applying bandpass corrections to 2312-319.5500
Number of antennae: 6
Using leakage parameters from input as initial guess
Reading the data ...
Number of solution intervals: 692
Total visibilities read: 10366
Number visibilities accepted: 10161
Iter= 1, Amplit/Phase Solution Error:   1.375
Iter= 1, Polarisation Solution Error:   0.578
Iter= 1, Overall Solution Error:        2.834
Iter= 2, Amplit/Phase Solution Error:   0.155
Iter= 2, Polarisation Solution Error:   0.004
Iter= 2, Overall Solution Error:        0.331
Iter= 3, Amplit/Phase Solution Error:   0.016
Iter= 3, Polarisation Solution Error:   0.000
Iter= 3, Overall Solution Error:        0.785
Iter= 4, Amplit/Phase Solution Error:   0.018
Iter= 4, Polarisation Solution Error:   0.000
Iter= 4, Overall Solution Error:        0.949
Iter= 5, Amplit/Phase Solution Error:   0.011
Iter= 5, Polarisation Solution Error:   0.000
Iter= 5, Overall Solution Error:        0.317
Iter= 6, Amplit/Phase Solution Error:   0.021
Iter= 6, Polarisation Solution Error:   0.000
Iter= 6, Overall Solution Error:        0.167
Iter= 7, Amplit/Phase Solution Error:   0.032
Iter= 7, Polarisation Solution Error:   0.000
Iter= 7, Overall Solution Error:        0.119
Iter= 8, Amplit/Phase Solution Error:   0.035
Iter= 8, Polarisation Solution Error:   0.000
Iter= 8, Overall Solution Error:        0.092
Iter= 9, Amplit/Phase Solution Error:   0.035
Iter= 9, Polarisation Solution Error:   0.000
Iter= 9, Overall Solution Error:        0.084
Iter=10, Amplit/Phase Solution Error:   0.035
Iter=10, Polarisation Solution Error:   0.000
Iter=10, Overall Solution Error:        0.090
Iter=11, Amplit/Phase Solution Error:   0.035
Iter=11, Polarisation Solution Error:   0.000
Iter=11, Overall Solution Error:        0.096
Iter=12, Amplit/Phase Solution Error:   0.035
Iter=12, Polarisation Solution Error:   0.000
Iter=12, Overall Solution Error:        0.103
Iter=13, Amplit/Phase Solution Error:   0.035
Iter=13, Polarisation Solution Error:   0.000
Iter=13, Overall Solution Error:        0.108
Iter=14, Amplit/Phase Solution Error:   0.035
Iter=14, Polarisation Solution Error:   0.000
Iter=14, Overall Solution Error:        0.107
Iter=15, Amplit/Phase Solution Error:   0.035
Iter=15, Polarisation Solution Error:   0.000
Iter=15, Overall Solution Error:        0.095
Iter=16, Amplit/Phase Solution Error:   0.035
Iter=16, Polarisation Solution Error:   0.000
Iter=16, Overall Solution Error:        0.072
Iter=17, Amplit/Phase Solution Error:   0.035
Iter=17, Polarisation Solution Error:   0.000
Iter=17, Overall Solution Error:        0.046
Iter=18, Amplit/Phase Solution Error:   0.035
Iter=18, Polarisation Solution Error:   0.000
Iter=18, Overall Solution Error:        0.034
Iter=19, Amplit/Phase Solution Error:   0.035
Iter=19, Polarisation Solution Error:   0.000
Iter=19, Overall Solution Error:        0.034
Iter=20, Amplit/Phase Solution Error:   0.035
Iter=20, Polarisation Solution Error:   0.000
Iter=20, Overall Solution Error:        0.034
Iter=21, Amplit/Phase Solution Error:   0.035
Iter=21, Polarisation Solution Error:   0.000
Iter=21, Overall Solution Error:        0.034
Iter=22, Amplit/Phase Solution Error:   0.035
Iter=22, Polarisation Solution Error:   0.000
Iter=22, Overall Solution Error:        0.034
Iter=23, Amplit/Phase Solution Error:   0.035
Iter=23, Polarisation Solution Error:   0.000
Iter=23, Overall Solution Error:        0.034
Iter=24, Amplit/Phase Solution Error:   0.035
Iter=24, Polarisation Solution Error:   0.000
Iter=24, Overall Solution Error:        0.034
Iter=25, Amplit/Phase Solution Error:   0.035
Iter=25, Polarisation Solution Error:   0.000
Iter=25, Overall Solution Error:        0.034
Iter=26, Amplit/Phase Solution Error:   0.035
Iter=26, Polarisation Solution Error:   0.000
Iter=26, Overall Solution Error:        0.034
Iter=27, Amplit/Phase Solution Error:   0.035
Iter=27, Polarisation Solution Error:   0.000
Iter=27, Overall Solution Error:        0.034
Iter=28, Amplit/Phase Solution Error:   0.035
Iter=28, Polarisation Solution Error:   0.000
Iter=28, Overall Solution Error:        0.034
Iter=29, Amplit/Phase Solution Error:   0.035
Iter=29, Polarisation Solution Error:   0.000
Iter=29, Overall Solution Error:        0.034
Iter=30, Amplit/Phase Solution Error:   0.035
Iter=30, Polarisation Solution Error:   0.000
Iter=30, Overall Solution Error:        0.034
I flux density:   8.2247
Percent Q:  -1.201
Percent U:   0.891
Leakage terms:
 Ant 1:Dx,Dy = (-0.00952,-0.02644),( 0.01654,-0.02993)
 Ant 2:Dx,Dy = (-0.00812,-0.02256),( 0.01410,-0.02075)
 Ant 3:Dx,Dy = (-0.00557,-0.02610),( 0.00924,-0.02683)
 Ant 4:Dx,Dy = (-0.00196,-0.00891),( 0.01367,-0.00859)
 Ant 5:Dx,Dy = (-0.02714,-0.02838),( 0.03245,-0.02729)
 Ant 6:Dx,Dy = (-0.00667,-0.04734),( 0.01580,-0.05011)
Solution for freq bin  1
Iter= 1, Amplit/Phase Solution Error:   1.359
Iter= 1, Polarisation Solution Error:   0.562
Iter= 1, Overall Solution Error:        2.823
Iter= 2, Amplit/Phase Solution Error:   0.079
Iter= 2, Polarisation Solution Error:   0.004
Iter= 2, Overall Solution Error:        0.528
Iter= 3, Amplit/Phase Solution Error:   0.010
Iter= 3, Polarisation Solution Error:   0.000
Iter= 3, Overall Solution Error:        0.677
Iter= 4, Amplit/Phase Solution Error:   0.014
Iter= 4, Polarisation Solution Error:   0.000
Iter= 4, Overall Solution Error:        0.329
Iter= 5, Amplit/Phase Solution Error:   0.020
Iter= 5, Polarisation Solution Error:   0.000
Iter= 5, Overall Solution Error:        0.474
Iter= 6, Amplit/Phase Solution Error:   0.030
Iter= 6, Polarisation Solution Error:   0.000
Iter= 6, Overall Solution Error:        0.295
Iter= 7, Amplit/Phase Solution Error:   0.045
Iter= 7, Polarisation Solution Error:   0.000
Iter= 7, Overall Solution Error:        0.106
Iter= 8, Amplit/Phase Solution Error:   0.048
Iter= 8, Polarisation Solution Error:   0.000
Iter= 8, Overall Solution Error:        0.100
Iter= 9, Amplit/Phase Solution Error:   0.049
Iter= 9, Polarisation Solution Error:   0.000
Iter= 9, Overall Solution Error:        0.099
Iter=10, Amplit/Phase Solution Error:   0.049
Iter=10, Polarisation Solution Error:   0.000
Iter=10, Overall Solution Error:        0.098
Iter=11, Amplit/Phase Solution Error:   0.049
Iter=11, Polarisation Solution Error:   0.000
Iter=11, Overall Solution Error:        0.098
Iter=12, Amplit/Phase Solution Error:   0.049
Iter=12, Polarisation Solution Error:   0.000
Iter=12, Overall Solution Error:        0.098
Iter=13, Amplit/Phase Solution Error:   0.049
Iter=13, Polarisation Solution Error:   0.000
Iter=13, Overall Solution Error:        0.098
Iter=14, Amplit/Phase Solution Error:   0.049
Iter=14, Polarisation Solution Error:   0.000
Iter=14, Overall Solution Error:        0.098
Iter=15, Amplit/Phase Solution Error:   0.049
Iter=15, Polarisation Solution Error:   0.000
Iter=15, Overall Solution Error:        0.098
Iter=16, Amplit/Phase Solution Error:   0.049
Iter=16, Polarisation Solution Error:   0.000
Iter=16, Overall Solution Error:        0.098
Iter=17, Amplit/Phase Solution Error:   0.049
Iter=17, Polarisation Solution Error:   0.000
Iter=17, Overall Solution Error:        0.098
Iter=18, Amplit/Phase Solution Error:   0.049
Iter=18, Polarisation Solution Error:   0.000
Iter=18, Overall Solution Error:        0.098
Iter=19, Amplit/Phase Solution Error:   0.049
Iter=19, Polarisation Solution Error:   0.000
Iter=19, Overall Solution Error:        0.098
Iter=20, Amplit/Phase Solution Error:   0.049
Iter=20, Polarisation Solution Error:   0.000
Iter=20, Overall Solution Error:        0.098
Iter=21, Amplit/Phase Solution Error:   0.049
Iter=21, Polarisation Solution Error:   0.000
Iter=21, Overall Solution Error:        0.098
Iter=22, Amplit/Phase Solution Error:   0.049
Iter=22, Polarisation Solution Error:   0.000
Iter=22, Overall Solution Error:        0.098
Iter=23, Amplit/Phase Solution Error:   0.049
Iter=23, Polarisation Solution Error:   0.000
Iter=23, Overall Solution Error:        0.098
Iter=24, Amplit/Phase Solution Error:   0.049
Iter=24, Polarisation Solution Error:   0.000
Iter=24, Overall Solution Error:        0.098
Iter=25, Amplit/Phase Solution Error:   0.049
Iter=25, Polarisation Solution Error:   0.000
Iter=25, Overall Solution Error:        0.098
Iter=26, Amplit/Phase Solution Error:   0.049
Iter=26, Polarisation Solution Error:   0.000
Iter=26, Overall Solution Error:        0.098
Iter=27, Amplit/Phase Solution Error:   0.049
Iter=27, Polarisation Solution Error:   0.000
Iter=27, Overall Solution Error:        0.098
Iter=28, Amplit/Phase Solution Error:   0.049
Iter=28, Polarisation Solution Error:   0.000
Iter=28, Overall Solution Error:        0.098
Iter=29, Amplit/Phase Solution Error:   0.049
Iter=29, Polarisation Solution Error:   0.000
Iter=29, Overall Solution Error:        0.098
Iter=30, Amplit/Phase Solution Error:   0.049
Iter=30, Polarisation Solution Error:   0.000
Iter=30, Overall Solution Error:        0.098
I flux density:   8.2482
Percent Q:  -2.085
Percent U:   0.926
Leakage terms:
 Ant 1:Dx,Dy = (-0.00371,-0.02171),( 0.02091,-0.03053)
 Ant 2:Dx,Dy = (-0.00463,-0.02272),( 0.01943,-0.02028)
 Ant 3:Dx,Dy = (-0.00178,-0.02628),( 0.01315,-0.02640)
 Ant 4:Dx,Dy = ( 0.00531,-0.00785),( 0.02092,-0.00813)
 Ant 5:Dx,Dy = (-0.02389,-0.03124),( 0.03695,-0.02862)
 Ant 6:Dx,Dy = (-0.00006,-0.04684),( 0.02065,-0.05263)
Solution for freq bin  2
Iter= 1, Amplit/Phase Solution Error:   1.360
Iter= 1, Polarisation Solution Error:   0.587
Iter= 1, Overall Solution Error:        2.616
Iter= 2, Amplit/Phase Solution Error:   0.152
Iter= 2, Polarisation Solution Error:   0.004
Iter= 2, Overall Solution Error:        0.328
Iter= 3, Amplit/Phase Solution Error:   0.016
Iter= 3, Polarisation Solution Error:   0.000
Iter= 3, Overall Solution Error:        0.774
Iter= 4, Amplit/Phase Solution Error:   0.018
Iter= 4, Polarisation Solution Error:   0.000
Iter= 4, Overall Solution Error:        0.969
Iter= 5, Amplit/Phase Solution Error:   0.010
Iter= 5, Polarisation Solution Error:   0.000
Iter= 5, Overall Solution Error:        0.503
Iter= 6, Amplit/Phase Solution Error:   0.016
Iter= 6, Polarisation Solution Error:   0.000
Iter= 6, Overall Solution Error:        0.208
Iter= 7, Amplit/Phase Solution Error:   0.026
Iter= 7, Polarisation Solution Error:   0.000
Iter= 7, Overall Solution Error:        0.178
Iter= 8, Amplit/Phase Solution Error:   0.029
Iter= 8, Polarisation Solution Error:   0.000
Iter= 8, Overall Solution Error:        0.222
Iter= 9, Amplit/Phase Solution Error:   0.029
Iter= 9, Polarisation Solution Error:   0.000
Iter= 9, Overall Solution Error:        0.248
Iter=10, Amplit/Phase Solution Error:   0.029
Iter=10, Polarisation Solution Error:   0.000
Iter=10, Overall Solution Error:        0.170
Iter=11, Amplit/Phase Solution Error:   0.031
Iter=11, Polarisation Solution Error:   0.000
Iter=11, Overall Solution Error:        0.071
Iter=12, Amplit/Phase Solution Error:   0.037
Iter=12, Polarisation Solution Error:   0.000
Iter=12, Overall Solution Error:        0.057
Iter=13, Amplit/Phase Solution Error:   0.038
Iter=13, Polarisation Solution Error:   0.000
Iter=13, Overall Solution Error:        0.049
Iter=14, Amplit/Phase Solution Error:   0.038
Iter=14, Polarisation Solution Error:   0.000
Iter=14, Overall Solution Error:        0.044
Iter=15, Amplit/Phase Solution Error:   0.038
Iter=15, Polarisation Solution Error:   0.000
Iter=15, Overall Solution Error:        0.041
Iter=16, Amplit/Phase Solution Error:   0.038
Iter=16, Polarisation Solution Error:   0.000
Iter=16, Overall Solution Error:        0.040
Iter=17, Amplit/Phase Solution Error:   0.038
Iter=17, Polarisation Solution Error:   0.000
Iter=17, Overall Solution Error:        0.039
Iter=18, Amplit/Phase Solution Error:   0.038
Iter=18, Polarisation Solution Error:   0.000
Iter=18, Overall Solution Error:        0.038
Iter=19, Amplit/Phase Solution Error:   0.038
Iter=19, Polarisation Solution Error:   0.000
Iter=19, Overall Solution Error:        0.038
Iter=20, Amplit/Phase Solution Error:   0.038
Iter=20, Polarisation Solution Error:   0.000
Iter=20, Overall Solution Error:        0.038
Iter=21, Amplit/Phase Solution Error:   0.038
Iter=21, Polarisation Solution Error:   0.000
Iter=21, Overall Solution Error:        0.038
Iter=22, Amplit/Phase Solution Error:   0.038
Iter=22, Polarisation Solution Error:   0.000
Iter=22, Overall Solution Error:        0.038
Iter=23, Amplit/Phase Solution Error:   0.038
Iter=23, Polarisation Solution Error:   0.000
Iter=23, Overall Solution Error:        0.038
Iter=24, Amplit/Phase Solution Error:   0.038
Iter=24, Polarisation Solution Error:   0.000
Iter=24, Overall Solution Error:        0.038
Iter=25, Amplit/Phase Solution Error:   0.038
Iter=25, Polarisation Solution Error:   0.000
Iter=25, Overall Solution Error:        0.038
Iter=26, Amplit/Phase Solution Error:   0.038
Iter=26, Polarisation Solution Error:   0.000
Iter=26, Overall Solution Error:        0.038
Iter=27, Amplit/Phase Solution Error:   0.038
Iter=27, Polarisation Solution Error:   0.000
Iter=27, Overall Solution Error:        0.038
Iter=28, Amplit/Phase Solution Error:   0.038
Iter=28, Polarisation Solution Error:   0.000
Iter=28, Overall Solution Error:        0.038
Iter=29, Amplit/Phase Solution Error:   0.038
Iter=29, Polarisation Solution Error:   0.000
Iter=29, Overall Solution Error:        0.038
Iter=30, Amplit/Phase Solution Error:   0.038
Iter=30, Polarisation Solution Error:   0.000
Iter=30, Overall Solution Error:        0.038
I flux density:   8.3594
Percent Q:  -0.755
Percent U:   0.837
Leakage terms:
 Ant 1:Dx,Dy = (-0.01170,-0.02992),( 0.01444,-0.02965)
 Ant 2:Dx,Dy = (-0.00984,-0.02249),( 0.01134,-0.02111)
 Ant 3:Dx,Dy = (-0.00759,-0.02592),( 0.00747,-0.02712)
 Ant 4:Dx,Dy = (-0.00617,-0.00938),( 0.00979,-0.00879)
 Ant 5:Dx,Dy = (-0.02831,-0.02641),( 0.03054,-0.02616)
 Ant 6:Dx,Dy = (-0.01007,-0.04773),( 0.01352,-0.04853)

2018-08-08 07:00:07,366 [MainThread  ] [INFO ]  gpboot vis=2312-319.5500 cal=1934-638.5500

gpboot: Revision 1.9, 2015/10/29 01:31:30 UTC

Secondary flux density scaled by:   0.064
Frequency bin  1 scaled by      :   0.065
Frequency bin  2 scaled by      :   0.065

2018-08-08 07:01:24,722 [MainThread  ] [INFO ]  gpcopy vis=2312-319.5500 out=b.5500

gpcopy: Revision 1.13, 2015/10/29 01:31:39 UTC

Copying leakage table
Copying gain table
Interpolation tolerance set to (minutes): 720.00
Copying bandpass table

2018-08-08 07:16:51,419 [MainThread  ] [INFO ]  pgflag vis=b.5500 command='<b' stokes=i,v,q,u flagpar=8,2,2,3,6,3  options=nodisp

pgflag: Revision 1.30, 2016/10/05 23:06:50 UTC

Applying bandpass corrections to b.5500
Applying freq. dependent gain corrections to b.5500
Applying freq. dependent leakage correction to b.5500
Applying changes to dataset
Counts of correlations within selected channels:
 channel  Originally  Currently
 Good:     471338724  453126668    Changed to bad:   18212056
 Bad:       66097584   84309640    Changed to good:         0
 15.7% of the data is now flagged

2018-08-08 07:32:34,939 [MainThread  ] [INFO ]  pgflag vis=b.5500 command='<b' stokes=i,v,u,q flagpar=8,2,2,3,6,3  options=nodisp

pgflag: Revision 1.30, 2016/10/05 23:06:50 UTC

Applying bandpass corrections to b.5500
Applying freq. dependent gain corrections to b.5500
Applying freq. dependent leakage correction to b.5500
Applying changes to dataset
Counts of correlations within selected channels:
 channel  Originally  Currently
 Good:     453126668  439500828    Changed to bad:   13625840
 Bad:       84309640   97935480    Changed to good:         0
 18.2% of the data is now flagged

2018-08-08 07:34:40,374 [MainThread  ] [INFO ]  uvsplit vis=b.5500

uvsplit: Revision 1.18, 2016/05/09 03:06:18 UTC

Creating b_804.5500
Creating b_805.5500
Creating b_806.5500
Creating b_807.5500
Creating b_808.5500
Creating b_809.5500
Creating b_810.5500
Creating b_811.5500
Creating b_812.5500
Creating b_813.5500
Creating b_814.5500
Creating b_815.5500
Creating b_816.5500
Creating b_817.5500
Creating b_818.5500
Creating b_819.5500
Creating b_820.5500
Creating b_821.5500
Creating b_822.5500
Creating b_823.5500
Creating b_824.5500
Creating b_825.5500
Creating b_826.5500
Creating b_827.5500
Creating b_828.5500
Creating b_829.5500
Creating b_830.5500
Creating b_831.5500
Creating b_832.5500
Creating b_833.5500
Creating b_834.5500
Creating b_835.5500
Creating b_836.5500
Creating b_837.5500
Creating b_838.5500
Creating b_839.5500
Creating b_840.5500
Creating b_841.5500
Creating b_842.5500
Creating b_843.5500
Creating b_844.5500
Creating b_845.5500
Creating b_846.5500
Creating b_847.5500
Creating b_848.5500
Creating b_849.5500
Creating b_850.5500
Creating b_851.5500
Creating b_852.5500
Creating b_853.5500
Creating b_854.5500
Creating b_855.5500
Creating b_856.5500
Creating b_857.5500
Creating b_858.5500
Creating b_859.5500
Creating b_860.5500
Creating b_861.5500
Creating b_862.5500
Creating b_863.5500
Creating b_864.5500
Creating b_865.5500
Creating b_866.5500
Creating b_867.5500
Creating b_868.5500
Creating b_869.5500
Creating b_870.5500
Creating b_871.5500
Creating b_872.5500
Creating b_873.5500
Creating b_874.5500
Creating b_875.5500
Creating b_876.5500
Creating b_877.5500
Creating b_878.5500
Creating b_879.5500
Creating b_880.5500
Creating b_881.5500
Creating b_882.5500
Creating b_883.5500
Creating b_884.5500
Creating b_885.5500
Creating b_886.5500
Creating b_887.5500
Creating b_888.5500
Creating b_889.5500
Creating b_890.5500
Creating b_891.5500
Creating b_892.5500
Creating b_893.5500
Creating b_894.5500
Creating b_895.5500
Creating b_896.5500
Creating b_897.5500
Creating b_898.5500
Creating b_899.5500
Creating b_900.5500
Creating b_901.5500
Creating b_902.5500
Creating b_903.5500
Creating b_904.5500
Creating b_905.5500
Creating b_906.5500
Creating b_907.5500
Creating b_908.5500
Creating b_909.5500
Creating b_910.5500
Creating b_911.5500
Creating b_912.5500
Creating b_913.5500
Creating b_914.5500
Creating b_915.5500
Creating b_916.5500
Creating b_917.5500
Creating b_918.5500
Creating b_919.5500
Creating b_920.5500
Creating b_921.5500
Creating b_922.5500
Creating b_923.5500
Creating b_924.5500
Creating b_925.5500
Creating b_926.5500
Creating b_927.5500
Creating b_928.5500
Creating b_929.5500
Creating b_930.5500
Creating b_931.5500
Creating b_932.5500
Creating b_933.5500
Creating b_934.5500
Creating b_935.5500
Creating b_936.5500
Creating b_937.5500
Creating b_938.5500
Creating b_939.5500
Creating b_940.5500
Creating b_941.5500
Creating b_942.5500
Creating b_943.5500
Creating b_944.5500
Creating b_945.5500
Creating b_946.5500
Creating b_947.5500
Creating b_948.5500
Creating b_949.5500
Creating b_950.5500
Creating b_951.5500
Creating b_952.5500
Creating b_953.5500
Creating b_954.5500
Creating b_955.5500
Creating b_956.5500
Creating b_957.5500
Creating b_958.5500
Creating b_959.5500
Creating b_960.5500
Creating b_721.5500
Creating b_722.5500
Creating b_723.5500
Creating b_724.5500
Creating b_725.5500
Creating b_726.5500
Creating b_727.5500
Creating b_728.5500
Creating b_729.5500
Creating b_730.5500
Creating b_731.5500
Creating b_732.5500
Creating b_733.5500
Creating b_734.5500
Creating b_735.5500
Creating b_736.5500
Creating b_737.5500
Creating b_738.5500
Creating b_739.5500
Creating b_740.5500
Creating b_741.5500
Creating b_742.5500
Creating b_743.5500
Creating b_744.5500
Creating b_745.5500
Creating b_746.5500
Creating b_747.5500
Creating b_748.5500
Creating b_749.5500
Creating b_750.5500
Creating b_751.5500
Creating b_752.5500
Creating b_753.5500
Creating b_754.5500
Creating b_755.5500
Creating b_756.5500
Creating b_757.5500
Creating b_758.5500
Creating b_759.5500
Creating b_760.5500
Creating b_761.5500
Creating b_762.5500
Creating b_763.5500
Creating b_764.5500
Creating b_765.5500
Creating b_766.5500
Creating b_767.5500
Creating b_768.5500
Creating b_769.5500
Creating b_770.5500
Creating b_771.5500
Creating b_772.5500
Creating b_773.5500
Creating b_774.5500
Creating b_775.5500
Creating b_776.5500
Creating b_777.5500
Creating b_778.5500
Creating b_779.5500
Creating b_780.5500
Creating b_781.5500
Creating b_782.5500
Creating b_783.5500
Creating b_784.5500
Creating b_785.5500
Creating b_786.5500
Creating b_787.5500
Creating b_788.5500
Creating b_789.5500
Creating b_790.5500
Creating b_791.5500
Creating b_792.5500
Creating b_793.5500
Creating b_794.5500
Creating b_795.5500
Creating b_796.5500
Creating b_797.5500
Creating b_798.5500
Creating b_799.5500
Creating b_800.5500
Creating b_801.5500
Creating b_802.5500
Creating b_803.5500

