2018-08-08 09:42:11,393 [MainThread  ] [INFO ]  atlod in=raw/2018-01-01_0005.C3132,raw/2018-01-01_0252.C3132,raw/2018-01-01_0539.C3132,raw/2018-01-01_0826.C3132,raw/2018-01-01_1112.C3132 out=data9.uv ifsel=2 options=birdie,rfiflag,noauto,xycorr

atlod: Revision 1.53, 2016/08/25 23:02:21 UTC

Processing file raw/2018-01-01_0005.C3132
 00:05:06 CAOBS> track 1
CABB data detected
Scan 1 started at 18JAN01:00:05:24.0
Source: 1934-638
Flagging channels in  28 frequency ranges
 00:15:32 CAOBS> stop
 00:15:36 CAOBS> set file c3132_obs_b4
 00:15:44 CAOBS> start 9/99
Scan 2 started at 18JAN01:00:17:40.0
Source: 2312-319
Scan 3 started at 18JAN01:00:22:44.0
Source: b_804
Source: b_805
Source: b_806
Source: b_807
Source: b_808
Source: b_809
Source: b_810
Source: b_811
Source: b_812
Source: b_813
Source: b_814
Source: b_815
Source: b_816
Source: b_817
Source: b_818
Source: b_819
Source: b_820
Scan 4 started at 18JAN01:00:33:48.0
Source: 2312-319
Scan 5 started at 18JAN01:00:36:36.0
Source: b_821
Source: b_822
Source: b_823
Source: b_824
Source: b_825
Source: b_826
Source: b_827
Source: b_828
Source: b_829
Source: b_830
Source: b_831
Source: b_832
Source: b_833
Source: b_834
Source: b_835
Source: b_836
Source: b_837
Source: b_838
Source: b_839
Source: b_840
Scan 6 started at 18JAN01:00:49:56.0
Source: 2312-319
Scan 7 started at 18JAN01:00:52:36.0
Source: b_841
Source: b_842
Source: b_843
Source: b_844
Source: b_845
Source: b_846
Source: b_847
Source: b_848
Source: b_849
Source: b_850
Source: b_851
Source: b_852
Source: b_853
Source: b_854
Source: b_855
Source: b_856
Source: b_857
Source: b_858
Source: b_859
Source: b_860
Scan 8 started at 18JAN01:01:06:04.0
Source: 2312-319
Scan 9 started at 18JAN01:01:08:52.0
Source: b_861
Source: b_862
Source: b_863
Source: b_864
Source: b_865
Source: b_866
Source: b_867
Source: b_868
Source: b_869
Source: b_870
Source: b_871
Source: b_872
Source: b_873
Source: b_874
Source: b_875
Source: b_876
Source: b_877
Source: b_878
Source: b_879
Source: b_880
Scan 10 started at 18JAN01:01:22:12.0
Source: 2312-319
Scan 11 started at 18JAN01:01:25:00.0
Source: b_881
Source: b_882
Source: b_883
Source: b_884
Source: b_885
Source: b_886
Source: b_887
Source: b_888
Source: b_889
Source: b_890
Source: b_891
Source: b_892
Source: b_893
Source: b_894
Source: b_895
Source: b_896
Source: b_897
Source: b_898
Source: b_899
Source: b_900
Scan 12 started at 18JAN01:01:38:20.0
Source: 2312-319
Scan 13 started at 18JAN01:01:41:00.0
Source: b_901
Source: b_902
Source: b_903
Source: b_904
Source: b_905
Source: b_906
Source: b_907
Source: b_908
Source: b_909
Source: b_910
Source: b_911
Source: b_912
Source: b_913
Source: b_914
Source: b_915
Source: b_916
Source: b_917
Source: b_918
Source: b_919
Source: b_920
Scan 14 started at 18JAN01:01:54:28.0
Source: 2312-319
Scan 15 started at 18JAN01:01:57:16.0
Source: b_921
Source: b_922
Source: b_923
Source: b_924
Source: b_925
Source: b_926
Source: b_927
Source: b_928
Source: b_929
Source: b_930
Source: b_931
Source: b_932
Source: b_933
Source: b_934
Source: b_935
Source: b_936
Source: b_937
Source: b_938
Source: b_939
Source: b_940
Scan 16 started at 18JAN01:02:10:36.0
Source: 2312-319
Scan 17 started at 18JAN01:02:13:24.0
Source: b_941
Source: b_942
Source: b_943
Source: b_944
Source: b_945
Source: b_946
Source: b_947
Source: b_948
Source: b_949
Source: b_950
Source: b_951
Source: b_952
Source: b_953
Source: b_954
Source: b_955
Source: b_956
Source: b_957
Source: b_958
Source: b_959
Source: b_960
Scan 18 started at 18JAN01:02:26:44.0
Source: 2312-319
Scan 19 started at 18JAN01:02:29:24.0
Source: b_721
Source: b_722
Source: b_723
Source: b_724
Source: b_725
Source: b_726
Source: b_727
Source: b_728
Source: b_729
Source: b_730
Source: b_731
Source: b_732
Source: b_733
Source: b_734
Source: b_735
Source: b_736
Source: b_737
Source: b_738
Source: b_739
Source: b_740
Scan 20 started at 18JAN01:02:42:52.0
Source: 2312-319
Scan 21 started at 18JAN01:02:45:32.0
Source: b_741
Source: b_742
Source: b_743
Source: b_744
Source: b_745
Source: b_746
Source: b_747
Source: b_748
Source: b_749
Source: b_750
Source: b_751
RPFITS file version is 2.12
---------------------------------------
Total number of spectra selected: 72660

Summary of spectra flagged
Flagging Reason            Fraction
---------------            --------
Antenna off-source/off-line  5.93%
---------------------------------------
Processing file raw/2018-01-01_0252.C3132
CABB data detected
Scan 1 started at 18JAN01:02:52:28.0
Source: b_751
Source: b_752
Source: b_753
Source: b_754
Source: b_755
Source: b_756
Source: b_757
Source: b_758
Source: b_759
Source: b_760
Scan 2 started at 18JAN01:02:59:00.0
Source: 2312-319
Scan 3 started at 18JAN01:03:01:40.0
Source: b_761
Source: b_762
Source: b_763
Source: b_764
Source: b_765
Source: b_766
Source: b_767
Source: b_768
Source: b_769
Source: b_770
Source: b_771
Source: b_772
Source: b_773
Source: b_774
Source: b_775
Source: b_776
Source: b_777
Source: b_778
Source: b_779
Source: b_780
Scan 4 started at 18JAN01:03:15:08.0
Source: 2312-319
Scan 5 started at 18JAN01:03:17:48.0
Source: b_781
Source: b_782
Source: b_783
Source: b_784
Source: b_785
Source: b_786
Source: b_787
Source: b_788
Source: b_789
Source: b_790
Source: b_791
Source: b_792
Source: b_793
Source: b_794
Source: b_795
Source: b_796
Source: b_797
Source: b_798
Source: b_799
Source: b_800
Scan 6 started at 18JAN01:03:31:16.0
Source: 2312-319
Scan 7 started at 18JAN01:03:34:04.0
Source: b_801
Source: b_802
Source: b_803
Source: b_804
Source: b_805
Source: b_806
Source: b_807
Source: b_808
Source: b_809
Source: b_810
Source: b_811
Source: b_812
Source: b_813
Source: b_814
Source: b_815
Source: b_816
Source: b_817
Source: b_818
Source: b_819
Source: b_820
Scan 8 started at 18JAN01:03:47:24.0
Source: 2312-319
Scan 9 started at 18JAN01:03:50:04.0
Source: b_821
Source: b_822
Source: b_823
Source: b_824
Source: b_825
Source: b_826
Source: b_827
Source: b_828
Source: b_829
Source: b_830
Source: b_831
Source: b_832
Source: b_833
Source: b_834
Source: b_835
Source: b_836
Source: b_837
Source: b_838
Source: b_839
Source: b_840
Scan 10 started at 18JAN01:04:03:32.0
Source: 2312-319
Scan 11 started at 18JAN01:04:06:12.0
Source: b_841
Source: b_842
Source: b_843
Source: b_844
Source: b_845
Source: b_846
Source: b_847
Source: b_848
Source: b_849
Source: b_850
Source: b_851
Source: b_852
Source: b_853
Source: b_854
Source: b_855
Source: b_856
Source: b_857
Source: b_858
Source: b_859
Source: b_860
Scan 12 started at 18JAN01:04:19:40.0
Source: 2312-319
Scan 13 started at 18JAN01:04:22:20.0
Source: b_861
Source: b_862
Source: b_863
Source: b_864
Source: b_865
Source: b_866
Source: b_867
Source: b_868
Source: b_869
Source: b_870
Source: b_871
Source: b_872
Source: b_873
Source: b_874
Source: b_875
Source: b_876
Source: b_877
Source: b_878
Source: b_879
Source: b_880
Scan 14 started at 18JAN01:04:35:48.0
Source: 2312-319
Scan 15 started at 18JAN01:04:38:36.0
Source: b_881
Source: b_882
Source: b_883
Source: b_884
Source: b_885
Source: b_886
Source: b_887
Source: b_888
Source: b_889
Source: b_890
Source: b_891
Source: b_892
Source: b_893
Source: b_894
Source: b_895
Source: b_896
Source: b_897
Source: b_898
Source: b_899
Source: b_900
Scan 16 started at 18JAN01:04:51:56.0
Source: 2312-319
Scan 17 started at 18JAN01:04:54:36.0
Source: b_901
Source: b_902
Source: b_903
Source: b_904
Source: b_905
Source: b_906
Source: b_907
Source: b_908
Source: b_909
Source: b_910
Source: b_911
Source: b_912
Source: b_913
Source: b_914
Source: b_915
Source: b_916
Source: b_917
Source: b_918
Source: b_919
Source: b_920
Scan 18 started at 18JAN01:05:08:04.0
Source: 2312-319
Scan 19 started at 18JAN01:05:10:44.0
Source: b_921
Source: b_922
Source: b_923
Source: b_924
Source: b_925
Source: b_926
Source: b_927
Source: b_928
Source: b_929
Source: b_930
Source: b_931
Source: b_932
Source: b_933
Source: b_934
Source: b_935
Source: b_936
Source: b_937
Source: b_938
Source: b_939
Source: b_940
Scan 20 started at 18JAN01:05:24:20.0
Source: 2312-319
Scan 21 started at 18JAN01:05:27:16.0
Source: b_941
Source: b_942
Source: b_943
Source: b_944
Source: b_945
Source: b_946
Source: b_947
Source: b_948
Source: b_949
Source: b_950
Source: b_951
Source: b_952
Source: b_953
Source: b_954
Source: b_955
Source: b_956
Source: b_957
Source: b_958
Source: b_959
RPFITS file version is 2.12
---------------------------------------
Total number of spectra selected: 72660

Summary of spectra flagged
Flagging Reason            Fraction
---------------            --------
Antenna off-source/off-line  3.13%
---------------------------------------
Processing file raw/2018-01-01_0539.C3132
CABB data detected
Scan 1 started at 18JAN01:05:39:16.0
Source: b_959
Source: b_960
Scan 2 started at 18JAN01:05:40:28.0
Source: 2312-319
Scan 3 started at 18JAN01:05:43:24.0
Source: b_721
Source: b_722
Source: b_723
Source: b_724
Source: b_725
Source: b_726
Source: b_727
Source: b_728
Source: b_729
Source: b_730
Source: b_731
Source: b_732
Source: b_733
Source: b_734
Source: b_735
Source: b_736
Source: b_737
Source: b_738
Source: b_739
Source: b_740
Scan 4 started at 18JAN01:05:56:52.0
Source: 2312-319
Scan 5 started at 18JAN01:06:00:04.0
Source: b_741
Source: b_742
Source: b_743
Source: b_744
Source: b_745
Source: b_746
Source: b_747
Source: b_748
Source: b_749
Source: b_750
Source: b_751
Source: b_752
Source: b_753
Source: b_754
Source: b_755
Source: b_756
Source: b_757
Source: b_758
Source: b_759
Source: b_760
Scan 6 started at 18JAN01:06:13:08.0
Source: 2312-319
Scan 7 started at 18JAN01:06:16:54.8
Source: b_762
Source: b_763
Source: b_764
Source: b_765
Source: b_766
Source: b_767
Source: b_768
Source: b_769
Source: b_770
Source: b_771
Source: b_772
Source: b_773
Source: b_774
Source: b_775
Source: b_776
Source: b_777
Source: b_778
Source: b_779
Source: b_780
Scan 8 started at 18JAN01:06:39:32.0
Source: 2312-319
Scan 9 started at 18JAN01:06:42:36.0
Source: b_781
Source: b_782
Source: b_783
Source: b_784
Source: b_785
Source: b_786
Source: b_787
Source: b_788
Source: b_789
Source: b_790
Source: b_791
Source: b_792
Source: b_793
Source: b_794
Source: b_795
Source: b_796
Source: b_797
Source: b_798
Source: b_799
Source: b_800
Scan 10 started at 18JAN01:06:56:04.0
Source: 2312-319
Scan 11 started at 18JAN01:06:59:08.0
Source: b_801
Source: b_802
Source: b_803
Source: b_804
Source: b_805
Source: b_806
Source: b_807
Source: b_808
Source: b_809
Source: b_810
Source: b_811
Source: b_812
Source: b_813
Source: b_814
Source: b_815
Source: b_816
Source: b_817
Source: b_818
Source: b_819
Source: b_820
Scan 12 started at 18JAN01:07:12:12.0
Source: 2312-319
Scan 13 started at 18JAN01:07:15:08.0
Source: b_821
Source: b_822
Source: b_823
Source: b_824
Source: b_825
Source: b_826
Source: b_827
Source: b_828
Source: b_829
Source: b_830
Source: b_831
Source: b_832
Source: b_833
Source: b_834
Source: b_835
Source: b_836
Source: b_837
Source: b_838
Source: b_839
Source: b_840
Scan 14 started at 18JAN01:07:28:28.0
Source: 2312-319
Scan 15 started at 18JAN01:07:31:08.0
Source: b_841
Source: b_842
Source: b_843
Source: b_844
Source: b_845
Source: b_846
Source: b_847
Source: b_848
Source: b_849
Source: b_850
Source: b_851
Source: b_852
Source: b_853
Source: b_854
Source: b_855
Source: b_856
Source: b_857
Source: b_858
Source: b_859
Source: b_860
Scan 16 started at 18JAN01:07:44:36.0
Source: 2312-319
Scan 17 started at 18JAN01:07:47:24.0
Source: b_861
Source: b_862
Source: b_863
Source: b_864
Source: b_865
Source: b_866
Source: b_867
Source: b_868
Source: b_869
Source: b_870
Source: b_871
Source: b_872
Source: b_873
Source: b_874
Source: b_875
Source: b_876
Source: b_877
Source: b_878
Source: b_879
Source: b_880
Scan 18 started at 18JAN01:08:00:44.0
Source: 2312-319
Scan 19 started at 18JAN01:08:03:32.0
Source: b_881
Source: b_882
Source: b_883
Source: b_884
Source: b_885
Source: b_886
Source: b_887
Source: b_888
Source: b_889
Source: b_890
Source: b_891
Source: b_892
Source: b_893
Source: b_894
Source: b_895
Source: b_896
Source: b_897
Source: b_898
Source: b_899
Source: b_900
Scan 20 started at 18JAN01:08:16:52.0
Source: 2312-319
Scan 21 started at 18JAN01:08:19:32.0
Source: b_901
Source: b_902
Source: b_903
Source: b_904
Source: b_905
Source: b_906
Source: b_907
Source: b_908
Source: b_909
Source: b_910
RPFITS file version is 2.12
---------------------------------------
Total number of spectra selected: 72660

Summary of spectra flagged
Flagging Reason            Fraction
---------------            --------
Antenna off-source/off-line  12.9%
---------------------------------------
Processing file raw/2018-01-01_0826.C3132
CABB data detected
Scan 1 started at 18JAN01:08:26:05.5
Source: b_911
Source: b_912
Source: b_913
Source: b_914
Source: b_915
Source: b_916
Source: b_917
Source: b_918
Source: b_919
Source: b_920
Scan 2 started at 18JAN01:08:33:00.0
Source: 2312-319
Scan 3 started at 18JAN01:08:35:40.0
Source: b_921
Source: b_922
Source: b_923
Source: b_924
Source: b_925
Source: b_926
Source: b_927
Source: b_928
Source: b_929
Source: b_930
Source: b_931
Source: b_932
Source: b_933
Source: b_934
Source: b_935
Source: b_936
Source: b_937
Source: b_938
Source: b_939
Source: b_940
Scan 4 started at 18JAN01:08:49:08.0
Source: 2312-319
Scan 5 started at 18JAN01:08:51:56.0
Source: b_941
Source: b_942
Source: b_943
Source: b_944
Source: b_945
Source: b_946
Source: b_947
Source: b_948
Source: b_949
Source: b_950
Source: b_951
Source: b_952
Source: b_953
Source: b_954
Source: b_955
Source: b_956
Source: b_957
Source: b_958
Source: b_959
Source: b_960
Scan 6 started at 18JAN01:09:05:16.0
Source: 2312-319
Scan 7 started at 18JAN01:09:07:56.0
Source: b_721
Source: b_722
Source: b_723
Source: b_724
Source: b_725
Source: b_726
Source: b_727
Source: b_728
Source: b_729
Source: b_730
Source: b_731
Source: b_732
Source: b_733
Source: b_734
Source: b_735
Source: b_736
Source: b_737
Source: b_738
Source: b_739
Source: b_740
Scan 8 started at 18JAN01:09:21:24.0
Source: 2312-319
Scan 9 started at 18JAN01:09:24:12.0
Source: b_741
Source: b_742
Source: b_743
Source: b_744
Source: b_745
Source: b_746
Source: b_747
Source: b_748
Source: b_749
Source: b_750
Source: b_751
Source: b_752
Source: b_753
Source: b_754
Source: b_755
Source: b_756
Source: b_757
Source: b_758
Source: b_759
Source: b_760
Scan 10 started at 18JAN01:09:37:32.0
Source: 2312-319
Scan 11 started at 18JAN01:09:40:12.0
Source: b_761
Source: b_762
Source: b_763
Source: b_764
Source: b_765
Source: b_766
Source: b_767
Source: b_768
Source: b_769
Source: b_770
Source: b_771
Source: b_772
Source: b_773
Source: b_774
Source: b_775
Source: b_776
Source: b_777
Source: b_778
Source: b_779
Source: b_780
Scan 12 started at 18JAN01:09:53:40.0
Source: 2312-319
Scan 13 started at 18JAN01:09:56:20.0
Source: b_781
Source: b_782
Source: b_783
Source: b_784
Source: b_785
Source: b_786
Source: b_787
Source: b_788
Source: b_789
Source: b_790
Source: b_791
Source: b_792
Source: b_793
Source: b_794
Source: b_795
Source: b_796
Source: b_797
Source: b_798
Source: b_799
Source: b_800
Scan 14 started at 18JAN01:10:09:48.0
Source: 2312-319
Scan 15 started at 18JAN01:10:12:36.0
Source: b_801
Source: b_802
Source: b_803
Source: b_804
Source: b_805
Source: b_806
Source: b_807
Source: b_808
Source: b_809
Source: b_810
Source: b_811
Source: b_812
Source: b_813
Source: b_814
Source: b_815
Source: b_816
Source: b_817
Source: b_818
Source: b_819
Source: b_820
Scan 16 started at 18JAN01:10:25:56.0
Source: 2312-319
Scan 17 started at 18JAN01:10:28:36.0
Source: b_821
Source: b_822
Source: b_823
Source: b_824
Source: b_825
Source: b_826
Source: b_827
Source: b_828
Source: b_829
Source: b_830
Source: b_831
Source: b_832
Source: b_833
Source: b_834
Source: b_835
Source: b_836
Source: b_837
Source: b_838
Source: b_839
Source: b_840
Scan 18 started at 18JAN01:10:42:04.0
Source: 2312-319
Scan 19 started at 18JAN01:10:44:44.0
Source: b_841
Source: b_842
Source: b_843
Source: b_844
Source: b_845
Source: b_846
Source: b_847
Source: b_848
Source: b_849
Source: b_850
Source: b_851
Source: b_852
Source: b_853
Source: b_854
Source: b_855
Source: b_856
Source: b_857
Source: b_858
Source: b_859
Source: b_860
Scan 20 started at 18JAN01:10:58:12.0
Source: 2312-319
Scan 21 started at 18JAN01:11:00:52.0
Source: b_861
Source: b_862
Source: b_863
Source: b_864
Source: b_865
Source: b_866
Source: b_867
Source: b_868
Source: b_869
Source: b_870
Source: b_871
Source: b_872
Source: b_873
Source: b_874
Source: b_875
Source: b_876
Source: b_877
Source: b_878
Source: b_879
RPFITS file version is 2.12
---------------------------------------
Total number of spectra selected: 72660

Summary of spectra flagged
Flagging Reason            Fraction
---------------            --------
Antenna off-source/off-line  2.73%
---------------------------------------
Processing file raw/2018-01-01_1112.C3132
CABB data detected
Scan 1 started at 18JAN01:11:12:52.0
Source: b_879
Source: b_880
Scan 2 started at 18JAN01:11:14:20.0
Source: 2312-319
Scan 3 started at 18JAN01:11:17:00.0
Source: b_881
Source: b_882
Source: b_883
Source: b_884
Source: b_885
Source: b_886
Source: b_887
Source: b_888
Source: b_889
Source: b_890
Source: b_891
Source: b_892
Source: b_893
Source: b_894
Source: b_895
Source: b_896
Source: b_897
Source: b_898
Source: b_899
Source: b_900
Scan 4 started at 18JAN01:11:30:28.0
Source: 2312-319
Scan 5 started at 18JAN01:11:33:08.0
Source: b_901
Source: b_902
Source: b_903
Source: b_904
Source: b_905
Source: b_906
Source: b_907
Source: b_908
Source: b_909
Source: b_910
Source: b_911
Source: b_912
Source: b_913
Source: b_914
Source: b_915
Source: b_916
Source: b_917
Source: b_918
Source: b_919
Source: b_920
Scan 6 started at 18JAN01:11:46:36.0
Source: 2312-319
Scan 7 started at 18JAN01:11:49:16.0
Source: b_921
Source: b_922
Source: b_923
Source: b_924
Source: b_925
Source: b_926
Source: b_927
Source: b_928
Source: b_929
Source: b_930
Source: b_931
Source: b_932
Source: b_933
Source: b_934
Source: b_935
Source: b_936
Source: b_937
Source: b_938
Source: b_939
Source: b_940
Scan 8 started at 18JAN01:12:02:44.0
Source: 2312-319
Scan 9 started at 18JAN01:12:05:24.0
Source: b_941
Source: b_942
Source: b_943
Source: b_944
Source: b_945
Source: b_946
Source: b_947
Source: b_948
Source: b_949
Source: b_950
Source: b_951
Source: b_952
Source: b_953
Source: b_954
Source: b_955
Source: b_956
Source: b_957
Source: b_958
Source: b_959
Source: b_960
Scan 10 started at 18JAN01:12:18:52.0
Source: 2312-319
Scan 11 started at 18JAN01:12:21:32.0
Source: b_721
Source: b_722
Source: b_723
Source: b_724
Source: b_725
Source: b_726
Source: b_727
Source: b_728
Source: b_729
Source: b_730
Source: b_731
Source: b_732
Source: b_733
Source: b_734
Source: b_735
Source: b_736
Source: b_737
Source: b_738
Source: b_739
Source: b_740
Scan 12 started at 18JAN01:12:35:00.0
Source: 2312-319
 12:37:05 CAOBS> stop
 12:37:13 CAOBS> corr closef
RPFITS file version is 2.12
---------------------------------------
Total number of spectra selected: 36540

Summary of spectra flagged
Flagging Reason            Fraction
---------------            --------
Antenna off-source/off-line  2.46%
---------------------------------------

No CACAL data was detected

2018-08-08 09:42:39,193 [MainThread  ] [INFO ]  uvflag vis=data9.uv line=chan,65,850,1 flagval=flag

uvflag: Revision 1.8, 2014/09/30 14:23:39 UTC


Set flags to indicate bad data in visibility file data9.uv
Linetype channel; select   65 channels; start  850, width    1, step    1

Overview of flagging on visibility file data9.uv
Changed flags set to FALSE (data flagged as bad)
Total number of records selected: 308316; out of 308316 records
Antennas used: 1-6
Counts of correlations within selected channels
channel   Originally    Currently
Good:        20040540.           0.    Changed to bad:    20040540.
Bad:                0.    20040540.

2018-08-08 09:42:51,145 [MainThread  ] [INFO ]  uvflag vis=data9.uv flagval=flag select=time(12:03:10,13:00:00)

uvflag: Revision 1.8, 2014/09/30 14:23:39 UTC


Set flags to indicate bad data in visibility file data9.uv
All line channels and all wideband channels selected

Overview of flagging on visibility file data9.uv
Changed flags set to FALSE (data flagged as bad)
Total number of records selected: 14340; out of 308316 records
Antennas used: 1-6
Counts of correlations within selected channels
channel   Originally    Currently
Good:        25353120.           0.    Changed to bad:    25353120.
Bad:          4029540.    29382660.
wide      Originally    Currently
Good:               0.           0.    Changed to bad:           0.
Bad:                0.           0.

2018-08-08 09:43:28,814 [MainThread  ] [INFO ]  uvsplit vis=data9.uv options=mosaic

uvsplit: Revision 1.18, 2016/05/09 03:06:18 UTC

Creating 1934-638.9500
Creating 2312-319.9500
Creating b.9500

2018-08-08 09:43:37,204 [MainThread  ] [INFO ]  pgflag vis=1934-638.9500 command='<b' stokes=i,q,u,v flagpar=8,5,5,3,6,3 options=nodisp

pgflag: Revision 1.30, 2016/10/05 23:06:50 UTC

Applying changes to dataset
Counts of correlations within selected channels:
 channel  Originally  Currently
 Good:       8062080    7962232    Changed to bad:      99848
 Bad:        1281360    1381208    Changed to good:         0
 14.8% of the data is now flagged

2018-08-08 09:43:45,609 [MainThread  ] [INFO ]  pgflag vis=1934-638.9500 command='<b' stokes=i,v,q,u flagpar=8,2,2,3,6,3  options=nodisp

pgflag: Revision 1.30, 2016/10/05 23:06:50 UTC

Applying changes to dataset
Counts of correlations within selected channels:
 channel  Originally  Currently
 Good:       7962232    7867712    Changed to bad:      94520
 Bad:        1381208    1475728    Changed to good:         0
 15.8% of the data is now flagged

2018-08-08 09:43:54,495 [MainThread  ] [INFO ]  pgflag vis=1934-638.9500 command='<b' stokes=i,v,u,q flagpar=8,2,2,3,6,3  options=nodisp

pgflag: Revision 1.30, 2016/10/05 23:06:50 UTC

Applying changes to dataset
Counts of correlations within selected channels:
 channel  Originally  Currently
 Good:       7867712    7732488    Changed to bad:     135224
 Bad:        1475728    1610952    Changed to good:         0
 17.2% of the data is now flagged

2018-08-08 09:44:38,000 [MainThread  ] [INFO ]  mfcal vis=1934-638.9500 refant=4 interval=0.1
MfCal: $Revision: 1.20 $, $Date: 2017/05/08 02:31:10 $
Selecting parallel-hand polarisations
Reading the data ...
Number correlations accepted: 3866244
Number of frequency bands/settings: 1
Number of polarisations selected: 2
Number of solution intervals: 76
Number of passband solution intervals: 1
Initialising ...
Using post-Aug94 ATCA flux scale for 1934-638.
Using known frequency variation of 1934-638
Generating initial solution estimate ...
Doing solution refinement ...
Iter= 1, Solution Error:  0.474
Iter= 2, Solution Error:  0.030
Iter= 3, Solution Error:  0.000
Saving solution ...

2018-08-08 09:44:38,690 [MainThread  ] [INFO ]  gpcal vis=1934-638.9500 refant=4 interval=0.1 nfbin=2 options=xyvary

gpcal: Revision 1.22, 2016/05/01 22:31:05 UTC

Applying bandpass corrections to 1934-638.9500
Number of antennae: 6
Reading the data ...
Number of solution intervals: 76
Total visibilities read: 1140
Number visibilities accepted: 1140
Using post-Aug94 ATCA flux scale for 1934-638.
Using IQUV =  2.5358,  0.0000,  0.0000,  0.0000 at   9.4672 GHz.
Using post-Aug94 ATCA flux scale for 1934-638.
Using IQUV =  2.6976,  0.0000,  0.0000,  0.0000 at   9.0081 GHz.
Using post-Aug94 ATCA flux scale for 1934-638.
Using IQUV =  2.3861,  0.0000,  0.0000,  0.0000 at   9.9441 GHz.
Iter= 1, Amplit/Phase Solution Error:   1.350
Iter= 1, Polarisation Solution Error:   0.034
Iter= 1, Overall Solution Error:        2.231
Iter= 2, Amplit/Phase Solution Error:   0.002
Iter= 2, Polarisation Solution Error:   0.000
Iter= 2, Overall Solution Error:        0.003
Iter= 3, Amplit/Phase Solution Error:   0.001
Iter= 3, Polarisation Solution Error:   0.000
Iter= 3, Overall Solution Error:        0.001
I flux density:   2.5358
Leakage terms:
 Ant 1:Dx,Dy = ( 0.00252,-0.00526),(-0.00072,-0.00581)
 Ant 2:Dx,Dy = ( 0.00389, 0.00107),(-0.00214, 0.00109)
 Ant 3:Dx,Dy = ( 0.00285, 0.00437),(-0.00819, 0.00400)
 Ant 4:Dx,Dy = ( 0.00301, 0.01604),(-0.00140, 0.01610)
 Ant 5:Dx,Dy = (-0.01616, 0.00185),( 0.01636, 0.00183)
 Ant 6:Dx,Dy = ( 0.00461,-0.01738),(-0.00319,-0.01792)
Solution for freq bin  1
Iter= 1, Amplit/Phase Solution Error:   1.373
Iter= 1, Polarisation Solution Error:   0.034
Iter= 1, Overall Solution Error:        2.217
Iter= 2, Amplit/Phase Solution Error:   0.002
Iter= 2, Polarisation Solution Error:   0.000
Iter= 2, Overall Solution Error:        0.003
Iter= 3, Amplit/Phase Solution Error:   0.001
Iter= 3, Polarisation Solution Error:   0.000
Iter= 3, Overall Solution Error:        0.001
I flux density:   2.6976
Leakage terms:
 Ant 1:Dx,Dy = ( 0.00311,-0.00454),(-0.00123,-0.00525)
 Ant 2:Dx,Dy = ( 0.00413, 0.00251),(-0.00190, 0.00225)
 Ant 3:Dx,Dy = ( 0.00407, 0.00418),(-0.00559, 0.00427)
 Ant 4:Dx,Dy = ( 0.00179, 0.01611),(-0.00000, 0.01605)
 Ant 5:Dx,Dy = (-0.01645,-0.00072),( 0.01641,-0.00024)
 Ant 6:Dx,Dy = ( 0.00622,-0.01683),(-0.00481,-0.01779)
Solution for freq bin  2
Iter= 1, Amplit/Phase Solution Error:   1.324
Iter= 1, Polarisation Solution Error:   0.034
Iter= 1, Overall Solution Error:        2.237
Iter= 2, Amplit/Phase Solution Error:   0.002
Iter= 2, Polarisation Solution Error:   0.000
Iter= 2, Overall Solution Error:        0.003
Iter= 3, Amplit/Phase Solution Error:   0.001
Iter= 3, Polarisation Solution Error:   0.000
Iter= 3, Overall Solution Error:        0.001
I flux density:   2.3861
Leakage terms:
 Ant 1:Dx,Dy = ( 0.00186,-0.00606),(-0.00019,-0.00642)
 Ant 2:Dx,Dy = ( 0.00361,-0.00054),(-0.00242,-0.00021)
 Ant 3:Dx,Dy = ( 0.00149, 0.00459),(-0.01112, 0.00371)
 Ant 4:Dx,Dy = ( 0.00441, 0.01595),(-0.00297, 0.01616)
 Ant 5:Dx,Dy = (-0.01580, 0.00470),( 0.01631, 0.00411)
 Ant 6:Dx,Dy = ( 0.00271,-0.01796),(-0.00133,-0.01803)

2018-08-08 09:44:52,335 [MainThread  ] [INFO ]  pgflag vis=1934-638.9500 command='<b' stokes=i,q,u,v flagpar=8,5,5,3,6,3 options=nodisp

pgflag: Revision 1.30, 2016/10/05 23:06:50 UTC

Applying bandpass corrections to 1934-638.9500
Applying freq. dependent gain corrections to 1934-638.9500
Applying freq. dependent leakage correction to 1934-638.9500
Applying changes to dataset
Counts of correlations within selected channels:
 channel  Originally  Currently
 Good:       7732488    7699024    Changed to bad:      33464
 Bad:        1610952    1644416    Changed to good:         0
 17.6% of the data is now flagged

2018-08-08 09:45:03,835 [MainThread  ] [INFO ]  pgflag vis=1934-638.9500 command='<b' stokes=i,v,q,u flagpar=8,2,2,3,6,3  options=nodisp

pgflag: Revision 1.30, 2016/10/05 23:06:50 UTC

Applying bandpass corrections to 1934-638.9500
Applying freq. dependent gain corrections to 1934-638.9500
Applying freq. dependent leakage correction to 1934-638.9500
Applying changes to dataset
Counts of correlations within selected channels:
 channel  Originally  Currently
 Good:       7699024    7663480    Changed to bad:      35544
 Bad:        1644416    1679960    Changed to good:         0
 18.0% of the data is now flagged

2018-08-08 09:45:15,551 [MainThread  ] [INFO ]  pgflag vis=1934-638.9500 command='<b' stokes=i,v,u,q flagpar=8,2,2,3,6,3  options=nodisp

pgflag: Revision 1.30, 2016/10/05 23:06:50 UTC

Applying bandpass corrections to 1934-638.9500
Applying freq. dependent gain corrections to 1934-638.9500
Applying freq. dependent leakage correction to 1934-638.9500
Applying changes to dataset
Counts of correlations within selected channels:
 channel  Originally  Currently
 Good:       7663480    7633548    Changed to bad:      29932
 Bad:        1679960    1709892    Changed to good:         0
 18.3% of the data is now flagged

2018-08-08 09:45:54,478 [MainThread  ] [INFO ]  mfcal vis=1934-638.9500 refant=4 interval=0.1
MfCal: $Revision: 1.20 $, $Date: 2017/05/08 02:31:10 $
Selecting parallel-hand polarisations
Reading the data ...
Number correlations accepted: 3816774
Number of frequency bands/settings: 1
Number of polarisations selected: 2
Number of solution intervals: 76
Number of passband solution intervals: 1
Initialising ...
Using post-Aug94 ATCA flux scale for 1934-638.
Using known frequency variation of 1934-638
Generating initial solution estimate ...
Doing solution refinement ...
Iter= 1, Solution Error:  0.479
Iter= 2, Solution Error:  0.030
Iter= 3, Solution Error:  0.000
Saving solution ...

2018-08-08 09:45:55,077 [MainThread  ] [INFO ]  gpcal vis=1934-638.9500 refant=4 interval=0.1 nfbin=2 options=xyvary

gpcal: Revision 1.22, 2016/05/01 22:31:05 UTC

Applying bandpass corrections to 1934-638.9500
Number of antennae: 6
Using leakage parameters from input as initial guess
Reading the data ...
Number of solution intervals: 76
Total visibilities read: 1140
Number visibilities accepted: 1140
Using post-Aug94 ATCA flux scale for 1934-638.
Using IQUV =  2.5360,  0.0000,  0.0000,  0.0000 at   9.4667 GHz.
Using post-Aug94 ATCA flux scale for 1934-638.
Using IQUV =  2.6977,  0.0000,  0.0000,  0.0000 at   9.0078 GHz.
Using post-Aug94 ATCA flux scale for 1934-638.
Using IQUV =  2.3871,  0.0000,  0.0000,  0.0000 at   9.9407 GHz.
Iter= 1, Amplit/Phase Solution Error:   1.349
Iter= 1, Polarisation Solution Error:   0.000
Iter= 1, Overall Solution Error:        2.234
Iter= 2, Amplit/Phase Solution Error:   0.002
Iter= 2, Polarisation Solution Error:   0.000
Iter= 2, Overall Solution Error:        0.003
Iter= 3, Amplit/Phase Solution Error:   0.001
Iter= 3, Polarisation Solution Error:   0.000
Iter= 3, Overall Solution Error:        0.001
I flux density:   2.5360
Leakage terms:
 Ant 1:Dx,Dy = ( 0.00253,-0.00526),(-0.00071,-0.00583)
 Ant 2:Dx,Dy = ( 0.00390, 0.00107),(-0.00214, 0.00108)
 Ant 3:Dx,Dy = ( 0.00285, 0.00435),(-0.00820, 0.00399)
 Ant 4:Dx,Dy = ( 0.00302, 0.01605),(-0.00141, 0.01610)
 Ant 5:Dx,Dy = (-0.01618, 0.00191),( 0.01637, 0.00190)
 Ant 6:Dx,Dy = ( 0.00460,-0.01741),(-0.00319,-0.01795)
Solution for freq bin  1
Iter= 1, Amplit/Phase Solution Error:   1.372
Iter= 1, Polarisation Solution Error:   0.003
Iter= 1, Overall Solution Error:        2.218
Iter= 2, Amplit/Phase Solution Error:   0.002
Iter= 2, Polarisation Solution Error:   0.000
Iter= 2, Overall Solution Error:        0.003
Iter= 3, Amplit/Phase Solution Error:   0.001
Iter= 3, Polarisation Solution Error:   0.000
Iter= 3, Overall Solution Error:        0.001
I flux density:   2.6977
Leakage terms:
 Ant 1:Dx,Dy = ( 0.00314,-0.00454),(-0.00121,-0.00529)
 Ant 2:Dx,Dy = ( 0.00416, 0.00251),(-0.00191, 0.00224)
 Ant 3:Dx,Dy = ( 0.00407, 0.00413),(-0.00562, 0.00423)
 Ant 4:Dx,Dy = ( 0.00182, 0.01613),(-0.00002, 0.01604)
 Ant 5:Dx,Dy = (-0.01652,-0.00063),( 0.01642,-0.00011)
 Ant 6:Dx,Dy = ( 0.00620,-0.01687),(-0.00478,-0.01783)
Solution for freq bin  2
Iter= 1, Amplit/Phase Solution Error:   1.322
Iter= 1, Polarisation Solution Error:   0.003
Iter= 1, Overall Solution Error:        2.239
Iter= 2, Amplit/Phase Solution Error:   0.002
Iter= 2, Polarisation Solution Error:   0.000
Iter= 2, Overall Solution Error:        0.003
Iter= 3, Amplit/Phase Solution Error:   0.001
Iter= 3, Polarisation Solution Error:   0.000
Iter= 3, Overall Solution Error:        0.001
I flux density:   2.3871
Leakage terms:
 Ant 1:Dx,Dy = ( 0.00186,-0.00607),(-0.00019,-0.00642)
 Ant 2:Dx,Dy = ( 0.00360,-0.00054),(-0.00243,-0.00021)
 Ant 3:Dx,Dy = ( 0.00151, 0.00461),(-0.01112, 0.00374)
 Ant 4:Dx,Dy = ( 0.00439, 0.01595),(-0.00297, 0.01617)
 Ant 5:Dx,Dy = (-0.01579, 0.00469),( 0.01634, 0.00410)
 Ant 6:Dx,Dy = ( 0.00271,-0.01798),(-0.00136,-0.01805)

2018-08-08 09:45:55,143 [MainThread  ] [INFO ]  gpcopy vis=1934-638.9500 out=2312-319.9500

gpcopy: Revision 1.13, 2015/10/29 01:31:39 UTC

Copying leakage table
Copying gain table
Interpolation tolerance set to (minutes): 720.00
Copying bandpass table

2018-08-08 09:48:18,574 [MainThread  ] [INFO ]  pgflag vis=2312-319.9500 command='<b' stokes=i,q,u,v flagpar=8,5,5,3,6,3 options=nodisp

pgflag: Revision 1.30, 2016/10/05 23:06:50 UTC

Applying bandpass corrections to 2312-319.9500
Applying freq. dependent gain corrections to 2312-319.9500
Applying freq. dependent leakage correction to 2312-319.9500
Applying changes to dataset
Counts of correlations within selected channels:
 channel  Originally  Currently
 Good:      68959072   67676144    Changed to bad:    1282928
 Bad:       16000664   17283592    Changed to good:         0
 20.3% of the data is now flagged

2018-08-08 09:50:27,097 [MainThread  ] [INFO ]  pgflag vis=2312-319.9500 command='<b' stokes=i,v,q,u flagpar=8,2,2,3,6,3  options=nodisp

pgflag: Revision 1.30, 2016/10/05 23:06:50 UTC

Applying bandpass corrections to 2312-319.9500
Applying freq. dependent gain corrections to 2312-319.9500
Applying freq. dependent leakage correction to 2312-319.9500
Applying changes to dataset
Counts of correlations within selected channels:
 channel  Originally  Currently
 Good:      67676144   66862180    Changed to bad:     813964
 Bad:       17283592   18097556    Changed to good:         0
 21.3% of the data is now flagged

