2018-11-22 16:26:08,250 [MainThread  ] [INFO ]  atlod in=raw/2017-04-12_1745.C3132,raw/2017-04-12_2032.C3132,raw/2017-04-12_2319.C3132,raw/2017-04-13_0206.C3132,raw/2017-04-13_0453.C3132,raw/2017-04-13_0521.C3132 out=data9.uv ifsel=2 options=birdie,rfiflag,noauto,xycorr

atlod: Revision 1.53, 2016/08/25 23:02:21 UTC

Processing file raw/2017-04-12_1745.C3132
 17:45:11 CAOBS> track 1
CABB data detected
Scan 1 started at 17APR12:17:45:32.0
Source: 1934-638
Flagging channels in  28 frequency ranges
 17:55:25 CAOBS> stop
 17:55:43 CAOBS> set file c3132_obs_a1.sch
 17:55:55 CAOBS> start 1/99
Scan 2 started at 17APR12:17:57:48.0
Source: 2312-319
Scan 3 started at 17APR12:18:00:28.7
Source: a_1
Source: a_2
Source: a_3
Source: a_4
Source: a_5
Source: a_6
Source: a_7
Source: a_8
Source: a_9
Source: a_10
Source: a_11
Source: a_12
Source: a_13
Source: a_14
Source: a_15
Source: a_16
Source: a_17
Source: a_18
Source: a_19
Source: a_20
Scan 4 started at 17APR12:18:14:04.0
Source: 2312-319
Scan 5 started at 17APR12:18:16:44.0
Source: a_21
Source: a_22
Source: a_23
Source: a_24
Source: a_25
Source: a_26
Source: a_27
Source: a_28
Source: a_29
Source: a_30
Source: a_31
Source: a_32
Source: a_33
Source: a_34
Source: a_35
Source: a_36
Source: a_37
Source: a_38
Source: a_39
Source: a_40
Scan 6 started at 17APR12:18:30:12.0
Source: 2312-319
Scan 7 started at 17APR12:18:32:52.0
Source: a_41
Source: a_42
Source: a_43
Source: a_44
Source: a_45
Source: a_46
Source: a_47
Source: a_48
Source: a_49
Source: a_50
Source: a_51
Source: a_52
Source: a_53
Source: a_54
Source: a_55
Source: a_56
Source: a_57
Source: a_58
Source: a_59
Source: a_60
Scan 8 started at 17APR12:18:46:20.0
Source: 2312-319
Scan 9 started at 17APR12:18:49:02.5
Source: a_61
Source: a_62
Source: a_63
Source: a_64
Source: a_65
Source: a_66
Source: a_67
Source: a_68
Source: a_69
Source: a_70
Source: a_71
Source: a_72
Source: a_73
Source: a_74
Source: a_75
Source: a_76
Source: a_77
Source: a_78
Source: a_79
Source: a_80
Scan 10 started at 17APR12:19:02:36.0
Source: 2312-319
Scan 11 started at 17APR12:19:05:10.8
Source: a_81
Source: a_82
Source: a_83
Source: a_84
Source: a_85
Source: a_86
Source: a_87
Source: a_88
Source: a_89
Source: a_90
Source: a_91
Source: a_92
Source: a_93
Source: a_94
Source: a_95
Source: a_96
Source: a_97
Source: a_98
Source: a_99
Source: a_100
Scan 12 started at 17APR12:19:18:44.0
Source: 2312-319
Scan 13 started at 17APR12:19:21:24.0
Source: a_101
Source: a_102
Source: a_103
Source: a_104
Source: a_105
Source: a_106
Source: a_107
Source: a_108
Source: a_109
Source: a_110
Source: a_111
Source: a_112
Source: a_113
Source: a_114
Source: a_115
Source: a_116
Source: a_117
Source: a_118
Source: a_119
Source: a_120
Scan 14 started at 17APR12:19:34:52.0
Source: 2312-319
Scan 15 started at 17APR12:19:37:32.0
Source: a_121
Source: a_122
Source: a_123
Source: a_124
Source: a_125
Source: a_126
Source: a_127
Source: a_128
Source: a_129
Source: a_130
Source: a_131
Source: a_132
Source: a_133
Source: a_134
Source: a_135
Source: a_136
Source: a_137
Source: a_138
Source: a_139
Source: a_140
Scan 16 started at 17APR12:19:51:00.0
Source: 2312-319
Scan 17 started at 17APR12:19:53:34.0
Source: a_141
Source: a_142
Source: a_143
Source: a_144
Source: a_145
Source: a_146
Source: a_147
Source: a_148
Source: a_149
Source: a_150
Source: a_151
Source: a_152
Source: a_153
Source: a_154
Source: a_155
Source: a_156
Source: a_157
Source: a_158
Source: a_159
Source: a_160
Scan 18 started at 17APR12:20:07:08.0
Source: 2312-319
Scan 19 started at 17APR12:20:09:48.0
Source: a_161
Source: a_162
Source: a_163
Source: a_164
Source: a_165
Source: a_166
Source: a_167
Source: a_168
Source: a_169
Source: a_170
Source: a_171
Source: a_172
Source: a_173
Source: a_174
Source: a_175
Source: a_176
Source: a_177
Source: a_178
Source: a_179
Source: a_180
Scan 20 started at 17APR12:20:23:16.0
Source: 2312-319
Scan 21 started at 17APR12:20:26:04.7
Source: a_1
Source: a_2
Source: a_3
Source: a_4
Source: a_5
Source: a_6
Source: a_7
Source: a_8
Source: a_9
Source: a_10
Source: a_11
RPFITS file version is 2.12
---------------------------------------
Total number of spectra selected: 72660

Summary of spectra flagged
Flagging Reason            Fraction
---------------            --------
Antenna off-source/off-line  3.30%
---------------------------------------
Processing file raw/2017-04-12_2032.C3132
CABB data detected
Scan 1 started at 17APR12:20:32:52.0
Source: a_11
Source: a_12
Source: a_13
Source: a_14
Source: a_15
Source: a_16
Source: a_17
Source: a_18
Source: a_19
Source: a_20
Scan 2 started at 17APR12:20:39:40.0
Source: 2312-319
Scan 3 started at 17APR12:20:42:28.0
Source: a_21
Source: a_22
Source: a_23
Source: a_24
Source: a_25
Source: a_26
Source: a_27
Source: a_28
Source: a_29
Source: a_30
Source: a_31
Source: a_32
Source: a_33
Source: a_34
Source: a_35
Source: a_36
Source: a_37
Source: a_38
Source: a_39
Source: a_40
Scan 4 started at 17APR12:20:55:56.0
Source: 2312-319
Scan 5 started at 17APR12:20:58:52.0
Source: a_41
Source: a_42
Source: a_43
Source: a_44
Source: a_45
Source: a_46
Source: a_47
Source: a_48
Source: a_49
Source: a_50
Source: a_51
Source: a_52
Source: a_53
Source: a_54
Source: a_55
Source: a_56
Source: a_57
Source: a_58
Source: a_59
Source: a_60
Scan 6 started at 17APR12:21:12:12.0
Source: 2312-319
Scan 7 started at 17APR12:21:15:08.0
Source: a_61
Source: a_62
Source: a_63
Source: a_64
Source: a_65
Source: a_66
Source: a_67
Source: a_68
Source: a_69
Source: a_70
Source: a_71
Source: a_72
Source: a_73
Source: a_74
Source: a_75
Source: a_76
Source: a_77
Source: a_78
Source: a_79
Source: a_80
Scan 8 started at 17APR12:21:28:44.0
Source: 2312-319
Scan 9 started at 17APR12:21:31:32.0
Source: a_81
Source: a_82
Source: a_83
Source: a_84
Source: a_85
Source: a_86
Source: a_87
Source: a_88
Source: a_89
Source: a_90
Source: a_91
Source: a_92
Source: a_93
Source: a_94
Source: a_95
Source: a_96
Source: a_97
Source: a_98
Source: a_99
Source: a_100
Scan 10 started at 17APR12:21:45:00.0
Source: 2312-319
Scan 11 started at 17APR12:21:47:56.0
Source: a_101
Source: a_102
Source: a_103
Source: a_104
Source: a_105
Source: a_106
Source: a_107
Source: a_108
Source: a_109
Source: a_110
Source: a_111
Source: a_112
Source: a_113
Source: a_114
Source: a_115
Source: a_116
Source: a_117
Source: a_118
Source: a_119
Source: a_120
Scan 12 started at 17APR12:22:01:24.0
Source: 2312-319
Scan 13 started at 17APR12:22:04:20.0
Source: a_121
Source: a_122
Source: a_123
Source: a_124
Source: a_125
Source: a_126
Source: a_127
Source: a_128
Source: a_129
Source: a_130
Source: a_131
Source: a_132
Source: a_133
Source: a_134
Source: a_135
Source: a_136
Source: a_137
Source: a_138
Source: a_139
Source: a_140
Scan 14 started at 17APR12:22:17:56.0
Source: 2312-319
Scan 15 started at 17APR12:22:20:46.0
Source: a_141
Source: a_142
Source: a_143
Source: a_144
Source: a_145
Source: a_146
Source: a_147
Source: a_148
Source: a_149
Source: a_150
Source: a_151
Source: a_152
Source: a_153
Source: a_154
Source: a_155
Source: a_156
Source: a_157
Source: a_158
Source: a_159
Source: a_160
Scan 16 started at 17APR12:22:34:28.0
Source: 2312-319
Scan 17 started at 17APR12:22:37:32.0
Source: a_161
Source: a_162
Source: a_163
Source: a_164
Source: a_165
Source: a_166
Source: a_167
Source: a_168
Source: a_169
Source: a_170
Source: a_171
Source: a_172
Source: a_173
Source: a_174
Source: a_175
Source: a_176
Source: a_177
Source: a_178
Source: a_179
Source: a_180
Scan 18 started at 17APR12:22:51:00.0
Source: 2312-319
Scan 19 started at 17APR12:22:53:56.7
Source: a_1
Source: a_2
Source: a_3
Source: a_4
Source: a_5
Source: a_6
Source: a_7
Source: a_8
Source: a_9
Source: a_10
Source: a_11
Source: a_12
Source: a_13
Source: a_14
Source: a_15
Source: a_16
Source: a_17
Source: a_18
Source: a_19
Source: a_20
Scan 20 started at 17APR12:23:07:48.0
Source: 2312-319
Scan 21 started at 17APR12:23:11:16.0
Source: a_21
Source: a_22
Source: a_23
Source: a_24
Source: a_25
Source: a_26
Source: a_27
Source: a_28
Source: a_29
Source: a_30
Source: a_31
Source: a_32
Source: a_33
Source: a_34
RPFITS file version is 2.12
---------------------------------------
Total number of spectra selected: 72660

Summary of spectra flagged
Flagging Reason            Fraction
---------------            --------
Antenna off-source/off-line  4.90%
---------------------------------------
Processing file raw/2017-04-12_2319.C3132
CABB data detected
Scan 1 started at 17APR12:23:19:40.0
Source: a_34
Source: a_35
Source: a_36
Source: a_37
Source: a_38
Source: a_39
Source: a_40
Scan 2 started at 17APR12:23:24:52.0
Source: 2312-319
Scan 3 started at 17APR12:23:28:52.0
Source: a_41
Source: a_42
Source: a_43
Source: a_44
Source: a_45
Source: a_46
Source: a_47
Source: a_48
Source: a_49
Source: a_50
Source: a_51
Source: a_52
Source: a_53
Source: a_54
Source: a_55
Source: a_56
Source: a_57
Source: a_58
Source: a_59
Source: a_60
Scan 4 started at 17APR12:23:43:00.0
Source: 2312-319
Scan 5 started at 17APR12:23:46:54.5
Source: a_61
Source: a_62
Source: a_63
Source: a_64
Source: a_65
Source: a_66
Source: a_67
Source: a_68
Source: a_69
Source: a_70
Source: a_71
Source: a_72
Source: a_73
Source: a_74
Source: a_75
Source: a_76
Source: a_77
Source: a_78
Source: a_79
Source: a_80
Scan 6 started at 17APR13:00:00:52.0
Source: 2312-319
Scan 7 started at 17APR13:00:04:12.0
Source: a_81
Source: a_82
Source: a_83
Source: a_84
Source: a_85
Source: a_86
Source: a_87
Source: a_88
Source: a_89
Source: a_90
Source: a_91
Source: a_92
Source: a_93
Source: a_94
Source: a_95
Source: a_96
Source: a_97
Source: a_98
Source: a_99
Source: a_100
Scan 8 started at 17APR13:00:17:40.0
Source: 2312-319
Scan 9 started at 17APR13:00:21:00.0
Source: a_101
Source: a_102
Source: a_103
Source: a_104
Source: a_105
Source: a_106
Source: a_107
Source: a_108
Source: a_109
Source: a_110
Source: a_111
Source: a_112
Source: a_113
Source: a_114
Source: a_115
Source: a_116
Source: a_117
Source: a_118
Source: a_119
Source: a_120
Scan 10 started at 17APR13:00:34:20.0
Source: 2312-319
Scan 11 started at 17APR13:00:37:40.0
Source: a_121
Source: a_122
Source: a_123
Source: a_124
Source: a_125
Source: a_126
Source: a_127
Source: a_128
Source: a_129
Source: a_130
Source: a_131
Source: a_132
Source: a_133
Source: a_134
Source: a_135
Source: a_136
Source: a_137
Source: a_138
Source: a_139
Source: a_140
Scan 12 started at 17APR13:00:51:16.0
Source: 2312-319
Scan 13 started at 17APR13:00:54:06.0
Source: a_141
Source: a_142
Source: a_143
Source: a_144
Source: a_145
Source: a_146
Source: a_147
Source: a_148
Source: a_149
Source: a_150
Source: a_151
Source: a_152
Source: a_153
Source: a_154
Source: a_155
Source: a_156
Source: a_157
Source: a_158
Source: a_159
Source: a_160
Scan 14 started at 17APR13:01:07:48.0
Source: 2312-319
Scan 15 started at 17APR13:01:10:52.0
Source: a_161
Source: a_162
Source: a_163
Source: a_164
Source: a_165
Source: a_166
Source: a_167
Source: a_168
Source: a_169
Source: a_170
Source: a_171
Source: a_172
Source: a_173
Source: a_174
Source: a_175
Source: a_176
Source: a_177
Source: a_178
Source: a_179
Source: a_180
Scan 16 started at 17APR13:01:24:12.0
Source: 2312-319
Scan 17 started at 17APR13:01:26:52.7
Source: a_1
Source: a_2
Source: a_3
Source: a_4
Source: a_5
Source: a_6
Source: a_7
Source: a_8
Source: a_9
Source: a_10
Source: a_11
Source: a_12
Source: a_13
Source: a_14
Source: a_15
Source: a_16
Source: a_17
Source: a_18
Source: a_19
Source: a_20
Scan 18 started at 17APR13:01:40:36.0
Source: 2312-319
Scan 19 started at 17APR13:01:43:32.0
Source: a_21
Source: a_22
Source: a_23
Source: a_24
Source: a_25
Source: a_26
Source: a_27
Source: a_28
Source: a_29
Source: a_30
Source: a_31
Source: a_32
Source: a_33
Source: a_34
Source: a_35
Source: a_36
Source: a_37
Source: a_38
Source: a_39
Source: a_40
Scan 20 started at 17APR13:01:56:52.0
Source: 2312-319
Scan 21 started at 17APR13:01:59:48.0
Source: a_41
Source: a_42
Source: a_43
Source: a_44
Source: a_45
Source: a_46
Source: a_47
Source: a_48
Source: a_49
Source: a_50
Source: a_51
RPFITS file version is 2.12
---------------------------------------
Total number of spectra selected: 72660

Summary of spectra flagged
Flagging Reason            Fraction
---------------            --------
Antenna off-source/off-line  8.62%
---------------------------------------
Processing file raw/2017-04-13_0206.C3132
CABB data detected
Scan 1 started at 17APR13:02:06:28.0
Source: a_51
Source: a_52
Source: a_53
Source: a_54
Source: a_55
Source: a_56
Source: a_57
Source: a_58
Source: a_59
Source: a_60
Scan 2 started at 17APR13:02:13:16.0
Source: 2312-319
Scan 3 started at 17APR13:02:16:04.0
Source: a_61
Source: a_62
Source: a_63
Source: a_64
Source: a_65
Source: a_66
Source: a_67
Source: a_68
Source: a_69
Source: a_70
Source: a_71
Source: a_72
Source: a_73
Source: a_74
Source: a_75
Source: a_76
Source: a_77
Source: a_78
Source: a_79
Source: a_80
Scan 4 started at 17APR13:02:29:40.0
Source: 2312-319
Scan 5 started at 17APR13:02:32:28.0
Source: a_81
Source: a_82
Source: a_83
Source: a_84
Source: a_85
Source: a_86
Source: a_87
Source: a_88
Source: a_89
Source: a_90
Source: a_91
Source: a_92
Source: a_93
Source: a_94
Source: a_95
Source: a_96
Source: a_97
Source: a_98
Source: a_99
Source: a_100
Scan 6 started at 17APR13:02:45:56.0
Source: 2312-319
Scan 7 started at 17APR13:02:48:52.0
Source: a_101
Source: a_102
Source: a_103
Source: a_104
Source: a_105
Source: a_106
Source: a_107
Source: a_108
Source: a_109
Source: a_110
Source: a_111
Source: a_112
Source: a_113
Source: a_114
Source: a_115
Source: a_116
Source: a_117
Source: a_118
Source: a_119
Source: a_120
Scan 8 started at 17APR13:03:02:12.0
Source: 2312-319
Scan 9 started at 17APR13:03:05:00.0
Source: a_121
Source: a_122
Source: a_123
Source: a_124
Source: a_125
Source: a_126
Source: a_127
Source: a_128
Source: a_129
Source: a_130
Source: a_131
Source: a_132
Source: a_133
Source: a_134
Source: a_135
Source: a_136
Source: a_137
Source: a_138
Source: a_139
Source: a_140
Scan 10 started at 17APR13:03:18:36.0
Source: 2312-319
Scan 11 started at 17APR13:03:21:18.0
Source: a_141
Source: a_142
Source: a_143
Source: a_144
Source: a_145
Source: a_146
Source: a_147
Source: a_148
Source: a_149
Source: a_150
Source: a_151
Source: a_152
Source: a_153
Source: a_154
Source: a_155
Source: a_156
Source: a_157
Source: a_158
Source: a_159
Source: a_160
Scan 12 started at 17APR13:03:34:52.0
Source: 2312-319
Scan 13 started at 17APR13:03:37:40.0
Source: a_161
Source: a_162
Source: a_163
Source: a_164
Source: a_165
Source: a_166
Source: a_167
Source: a_168
Source: a_169
Source: a_170
Source: a_171
Source: a_172
Source: a_173
Source: a_174
Source: a_175
Source: a_176
Source: a_177
Source: a_178
Source: a_179
Source: a_180
Scan 14 started at 17APR13:03:51:08.0
Source: 2312-319
Scan 15 started at 17APR13:03:53:48.7
Source: a_1
Source: a_2
Source: a_3
Source: a_4
Source: a_5
Source: a_6
Source: a_7
Source: a_8
Source: a_9
Source: a_10
Source: a_11
Source: a_12
Source: a_13
Source: a_14
Source: a_15
Source: a_16
Source: a_17
Source: a_18
Source: a_19
Source: a_20
Scan 16 started at 17APR13:04:07:24.0
Source: 2312-319
Scan 17 started at 17APR13:04:10:12.0
Source: a_21
Source: a_22
Source: a_23
Source: a_24
Source: a_25
Source: a_26
Source: a_27
Source: a_28
Source: a_29
Source: a_30
Source: a_31
Source: a_32
Source: a_33
Source: a_34
Source: a_35
Source: a_36
Source: a_37
Source: a_38
Source: a_39
Source: a_40
Scan 18 started at 17APR13:04:23:40.0
Source: 2312-319
Scan 19 started at 17APR13:04:26:36.0
Source: a_41
Source: a_42
Source: a_43
Source: a_44
Source: a_45
Source: a_46
Source: a_47
Source: a_48
Source: a_49
Source: a_50
Source: a_51
Source: a_52
Source: a_53
Source: a_54
Source: a_55
Source: a_56
Source: a_57
Source: a_58
Source: a_59
Source: a_60
Scan 20 started at 17APR13:04:40:04.0
Source: 2312-319
Scan 21 started at 17APR13:04:42:38.5
Source: a_61
Source: a_62
Source: a_63
Source: a_64
Source: a_65
Source: a_66
Source: a_67
Source: a_68
Source: a_69
Source: a_70
Source: a_71
Source: a_72
Source: a_73
Source: a_74
Source: a_75
Source: a_76
RPFITS file version is 2.12
---------------------------------------
Total number of spectra selected: 72660

Summary of spectra flagged
Flagging Reason            Fraction
---------------            --------
Antenna off-source/off-line  3.39%
---------------------------------------
Processing file raw/2017-04-13_0453.C3132
CABB data detected
Scan 1 started at 17APR13:04:53:17.5
Source: a_77
Source: a_78
Source: a_79
Source: a_80
Scan 2 started at 17APR13:04:56:12.0
Source: 2312-319
Scan 3 started at 17APR13:04:58:54.8
Source: a_81
Source: a_82
Source: a_83
Source: a_84
Source: a_85
Source: a_86
Source: a_87
Source: a_88
Source: a_89
Source: a_90
Source: a_91
Source: a_92
Source: a_93
Source: a_94
Source: a_95
Source: a_96
Source: a_97
Source: a_98
Source: a_99
Source: a_100
Scan 4 started at 17APR13:05:12:28.0
Source: 2312-319
Scan 5 started at 17APR13:05:15:08.0
Source: a_101
 05:15:38 CAOBS> stop
 05:15:51 CAOBS> corr close file
RPFITS file version is 2.12
---------------------------------------
Total number of spectra selected: 9600

Summary of spectra flagged
Flagging Reason            Fraction
---------------            --------
Antenna off-source/off-line  3.75%
---------------------------------------
Processing file raw/2017-04-13_0521.C3132
 05:16:15 CAOBS> cain cycle default
 05:17:48 CAOBS> stop
 05:18:40 CAOBS> set file c3197_setup_4m.sch
 05:21:33 CAOBS> track 1
CABB data detected
Scan 1 started at 17APR13:05:21:54.9
Source: 2312-319
 05:22:03 CAOBS> focus default
 05:22:27 CAOBS> corr tvch default
 05:26:08 CAOBS> corr delavg 4
 05:26:41 CAOBS> corr dcal
 05:33:22 CAOBS> corr tvch 200 800
 05:38:11 CAOBS> stop
 05:38:24 CAOBS> track 2
Scan 2 started at 17APR13:05:38:44.9
RPFITS file version is 2.12
---------------------------------------
Total number of spectra selected: 8520

There was no flagged data
---------------------------------------

No CACAL data was detected

2018-11-22 16:26:44,120 [MainThread  ] [INFO ]  uvflag vis=data9.uv line=chan,65,850,1 flagval=flag

uvflag: Revision 1.8, 2014/09/30 14:23:39 UTC


Set flags to indicate bad data in visibility file data9.uv
Linetype channel; select   65 channels; start  850, width    1, step    1

Overview of flagging on visibility file data9.uv
Changed flags set to FALSE (data flagged as bad)
Total number of records selected: 293720; out of 293720 records
Antennas used: 1-6
Counts of correlations within selected channels
channel   Originally    Currently
Good:        19091800.           0.    Changed to bad:    19091800.
Bad:                0.    19091800.

2018-11-22 16:27:38,813 [MainThread  ] [INFO ]  uvsplit vis=data9.uv options=mosaic

uvsplit: Revision 1.18, 2016/05/09 03:06:18 UTC

Creating 1934-638.9500
Creating 2312-319.9500
Creating a.9500

2018-11-22 16:27:51,154 [MainThread  ] [INFO ]  pgflag vis=1934-638.9500 command='<b' stokes=i,q,u,v flagpar=8,5,5,3,6,3 options=nodisp

pgflag: Revision 1.30, 2016/10/05 23:06:50 UTC

Applying changes to dataset
Counts of correlations within selected channels:
 channel  Originally  Currently
 Good:       7849920    7776316    Changed to bad:      73604
 Bad:        1247640    1321244    Changed to good:         0
 14.5% of the data is now flagged

2018-11-22 16:28:01,428 [MainThread  ] [INFO ]  pgflag vis=1934-638.9500 command='<b' stokes=i,v,q,u flagpar=8,2,2,3,6,3  options=nodisp

pgflag: Revision 1.30, 2016/10/05 23:06:50 UTC

Applying changes to dataset
Counts of correlations within selected channels:
 channel  Originally  Currently
 Good:       7776316    7709592    Changed to bad:      66724
 Bad:        1321244    1387968    Changed to good:         0
 15.3% of the data is now flagged

2018-11-22 16:28:12,015 [MainThread  ] [INFO ]  pgflag vis=1934-638.9500 command='<b' stokes=i,v,u,q flagpar=8,2,2,3,6,3  options=nodisp

pgflag: Revision 1.30, 2016/10/05 23:06:50 UTC

Applying changes to dataset
Counts of correlations within selected channels:
 channel  Originally  Currently
 Good:       7709592    7603836    Changed to bad:     105756
 Bad:        1387968    1493724    Changed to good:         0
 16.4% of the data is now flagged

2018-11-22 16:29:10,845 [MainThread  ] [INFO ]  mfcal vis=1934-638.9500 refant=4 interval=0.1
MfCal: $Revision: 1.20 $, $Date: 2017/05/08 02:31:10 $
Selecting parallel-hand polarisations
Reading the data ...
Number correlations accepted: 3801918
Number of frequency bands/settings: 1
Number of polarisations selected: 2
Number of solution intervals: 74
Number of passband solution intervals: 1
Initialising ...
Using post-Aug94 ATCA flux scale for 1934-638.
Using known frequency variation of 1934-638
Generating initial solution estimate ...
Doing solution refinement ...
Iter= 1, Solution Error:  0.458
Iter= 2, Solution Error:  0.006
Iter= 3, Solution Error:  0.000
Saving solution ...

2018-11-22 16:29:11,589 [MainThread  ] [INFO ]  gpcal vis=1934-638.9500 refant=4 interval=0.1 nfbin=2 options=xyvary

gpcal: Revision 1.22, 2016/05/01 22:31:05 UTC

Applying bandpass corrections to 1934-638.9500
Number of antennae: 6
Reading the data ...
Number of solution intervals: 74
Total visibilities read: 1110
Number visibilities accepted: 1110
Using post-Aug94 ATCA flux scale for 1934-638.
Using IQUV =  2.5337,  0.0000,  0.0000,  0.0000 at   9.4736 GHz.
Using post-Aug94 ATCA flux scale for 1934-638.
Using IQUV =  2.6977,  0.0000,  0.0000,  0.0000 at   9.0079 GHz.
Using post-Aug94 ATCA flux scale for 1934-638.
Using IQUV =  2.3848,  0.0000,  0.0000,  0.0000 at   9.9483 GHz.
Iter= 1, Amplit/Phase Solution Error:   0.281
Iter= 1, Polarisation Solution Error:   0.036
Iter= 1, Overall Solution Error:        1.378
Iter= 2, Amplit/Phase Solution Error:   0.002
Iter= 2, Polarisation Solution Error:   0.000
Iter= 2, Overall Solution Error:        0.002
Iter= 3, Amplit/Phase Solution Error:   0.001
Iter= 3, Polarisation Solution Error:   0.000
Iter= 3, Overall Solution Error:        0.001
I flux density:   2.5337
Leakage terms:
 Ant 1:Dx,Dy = ( 0.00236, 0.00006),(-0.00115,-0.00022)
 Ant 2:Dx,Dy = ( 0.00326, 0.00181),(-0.00245, 0.00247)
 Ant 3:Dx,Dy = ( 0.00622,-0.00211),(-0.00884,-0.00241)
 Ant 4:Dx,Dy = ( 0.00266, 0.01569),(-0.00146, 0.01605)
 Ant 5:Dx,Dy = (-0.01620, 0.00294),( 0.01723, 0.00278)
 Ant 6:Dx,Dy = ( 0.00366,-0.01980),(-0.00138,-0.01725)
Solution for freq bin  1
Iter= 1, Amplit/Phase Solution Error:   0.276
Iter= 1, Polarisation Solution Error:   0.035
Iter= 1, Overall Solution Error:        1.357
Iter= 2, Amplit/Phase Solution Error:   0.002
Iter= 2, Polarisation Solution Error:   0.000
Iter= 2, Overall Solution Error:        0.002
Iter= 3, Amplit/Phase Solution Error:   0.001
Iter= 3, Polarisation Solution Error:   0.000
Iter= 3, Overall Solution Error:        0.001
I flux density:   2.6977
Leakage terms:
 Ant 1:Dx,Dy = ( 0.00259, 0.00033),(-0.00146,-0.00010)
 Ant 2:Dx,Dy = ( 0.00368, 0.00273),(-0.00219, 0.00325)
 Ant 3:Dx,Dy = ( 0.00608,-0.00274),(-0.00870,-0.00254)
 Ant 4:Dx,Dy = ( 0.00247, 0.01571),(-0.00195, 0.01632)
 Ant 5:Dx,Dy = (-0.01633, 0.00165),( 0.01686, 0.00220)
 Ant 6:Dx,Dy = ( 0.00366,-0.01933),(-0.00042,-0.01749)
Solution for freq bin  2
Iter= 1, Amplit/Phase Solution Error:   0.287
Iter= 1, Polarisation Solution Error:   0.036
Iter= 1, Overall Solution Error:        1.401
Iter= 2, Amplit/Phase Solution Error:   0.002
Iter= 2, Polarisation Solution Error:   0.000
Iter= 2, Overall Solution Error:        0.002
Iter= 3, Amplit/Phase Solution Error:   0.001
Iter= 3, Polarisation Solution Error:   0.000
Iter= 3, Overall Solution Error:        0.001
I flux density:   2.3848
Leakage terms:
 Ant 1:Dx,Dy = ( 0.00211,-0.00023),(-0.00082,-0.00035)
 Ant 2:Dx,Dy = ( 0.00279, 0.00079),(-0.00273, 0.00161)
 Ant 3:Dx,Dy = ( 0.00638,-0.00141),(-0.00900,-0.00226)
 Ant 4:Dx,Dy = ( 0.00286, 0.01566),(-0.00093, 0.01575)
 Ant 5:Dx,Dy = (-0.01607, 0.00434),( 0.01763, 0.00340)
 Ant 6:Dx,Dy = ( 0.00365,-0.02032),(-0.00243,-0.01698)

2018-11-22 16:29:27,895 [MainThread  ] [INFO ]  pgflag vis=1934-638.9500 command='<b' stokes=i,q,u,v flagpar=8,5,5,3,6,3 options=nodisp

pgflag: Revision 1.30, 2016/10/05 23:06:50 UTC

Applying bandpass corrections to 1934-638.9500
Applying freq. dependent gain corrections to 1934-638.9500
Applying freq. dependent leakage correction to 1934-638.9500
Applying changes to dataset
Counts of correlations within selected channels:
 channel  Originally  Currently
 Good:       7603836    7576916    Changed to bad:      26920
 Bad:        1493724    1520644    Changed to good:         0
 16.7% of the data is now flagged

2018-11-22 16:29:43,928 [MainThread  ] [INFO ]  pgflag vis=1934-638.9500 command='<b' stokes=i,v,q,u flagpar=8,2,2,3,6,3  options=nodisp

pgflag: Revision 1.30, 2016/10/05 23:06:50 UTC

Applying bandpass corrections to 1934-638.9500
Applying freq. dependent gain corrections to 1934-638.9500
Applying freq. dependent leakage correction to 1934-638.9500
Applying changes to dataset
Counts of correlations within selected channels:
 channel  Originally  Currently
 Good:       7576916    7549860    Changed to bad:      27056
 Bad:        1520644    1547700    Changed to good:         0
 17.0% of the data is now flagged

2018-11-22 16:30:00,190 [MainThread  ] [INFO ]  pgflag vis=1934-638.9500 command='<b' stokes=i,v,u,q flagpar=8,2,2,3,6,3  options=nodisp

pgflag: Revision 1.30, 2016/10/05 23:06:50 UTC

Applying bandpass corrections to 1934-638.9500
Applying freq. dependent gain corrections to 1934-638.9500
Applying freq. dependent leakage correction to 1934-638.9500
Applying changes to dataset
Counts of correlations within selected channels:
 channel  Originally  Currently
 Good:       7549860    7524244    Changed to bad:      25616
 Bad:        1547700    1573316    Changed to good:         0
 17.3% of the data is now flagged

2018-11-22 16:30:51,321 [MainThread  ] [INFO ]  mfcal vis=1934-638.9500 refant=4 interval=0.1
MfCal: $Revision: 1.20 $, $Date: 2017/05/08 02:31:10 $
Selecting parallel-hand polarisations
Reading the data ...
Number correlations accepted: 3762122
Number of frequency bands/settings: 1
Number of polarisations selected: 2
Number of solution intervals: 74
Number of passband solution intervals: 1
Initialising ...
Using post-Aug94 ATCA flux scale for 1934-638.
Using known frequency variation of 1934-638
Generating initial solution estimate ...
Doing solution refinement ...
Iter= 1, Solution Error:  0.462
Iter= 2, Solution Error:  0.006
Iter= 3, Solution Error:  0.000
Saving solution ...

2018-11-22 16:30:52,156 [MainThread  ] [INFO ]  gpcal vis=1934-638.9500 refant=4 interval=0.1 nfbin=2 options=xyvary

gpcal: Revision 1.22, 2016/05/01 22:31:05 UTC

Applying bandpass corrections to 1934-638.9500
Number of antennae: 6
Using leakage parameters from input as initial guess
Reading the data ...
Number of solution intervals: 74
Total visibilities read: 1110
Number visibilities accepted: 1110
Using post-Aug94 ATCA flux scale for 1934-638.
Using IQUV =  2.5337,  0.0000,  0.0000,  0.0000 at   9.4737 GHz.
Using post-Aug94 ATCA flux scale for 1934-638.
Using IQUV =  2.6978,  0.0000,  0.0000,  0.0000 at   9.0075 GHz.
Using post-Aug94 ATCA flux scale for 1934-638.
Using IQUV =  2.3856,  0.0000,  0.0000,  0.0000 at   9.9457 GHz.
Iter= 1, Amplit/Phase Solution Error:   0.281
Iter= 1, Polarisation Solution Error:   0.000
Iter= 1, Overall Solution Error:        1.378
Iter= 2, Amplit/Phase Solution Error:   0.002
Iter= 2, Polarisation Solution Error:   0.000
Iter= 2, Overall Solution Error:        0.002
Iter= 3, Amplit/Phase Solution Error:   0.001
Iter= 3, Polarisation Solution Error:   0.000
Iter= 3, Overall Solution Error:        0.001
I flux density:   2.5337
Leakage terms:
 Ant 1:Dx,Dy = ( 0.00236, 0.00005),(-0.00114,-0.00023)
 Ant 2:Dx,Dy = ( 0.00328, 0.00180),(-0.00245, 0.00247)
 Ant 3:Dx,Dy = ( 0.00622,-0.00211),(-0.00884,-0.00241)
 Ant 4:Dx,Dy = ( 0.00267, 0.01570),(-0.00147, 0.01606)
 Ant 5:Dx,Dy = (-0.01622, 0.00297),( 0.01723, 0.00280)
 Ant 6:Dx,Dy = ( 0.00365,-0.01984),(-0.00138,-0.01725)
Solution for freq bin  1
Iter= 1, Amplit/Phase Solution Error:   0.276
Iter= 1, Polarisation Solution Error:   0.001
Iter= 1, Overall Solution Error:        1.357
Iter= 2, Amplit/Phase Solution Error:   0.002
Iter= 2, Polarisation Solution Error:   0.000
Iter= 2, Overall Solution Error:        0.002
Iter= 3, Amplit/Phase Solution Error:   0.001
Iter= 3, Polarisation Solution Error:   0.000
Iter= 3, Overall Solution Error:        0.001
I flux density:   2.6978
Leakage terms:
 Ant 1:Dx,Dy = ( 0.00259, 0.00031),(-0.00145,-0.00011)
 Ant 2:Dx,Dy = ( 0.00372, 0.00274),(-0.00219, 0.00326)
 Ant 3:Dx,Dy = ( 0.00607,-0.00275),(-0.00869,-0.00254)
 Ant 4:Dx,Dy = ( 0.00249, 0.01571),(-0.00196, 0.01633)
 Ant 5:Dx,Dy = (-0.01636, 0.00169),( 0.01687, 0.00224)
 Ant 6:Dx,Dy = ( 0.00365,-0.01938),(-0.00042,-0.01749)
Solution for freq bin  2
Iter= 1, Amplit/Phase Solution Error:   0.286
Iter= 1, Polarisation Solution Error:   0.001
Iter= 1, Overall Solution Error:        1.401
Iter= 2, Amplit/Phase Solution Error:   0.002
Iter= 2, Polarisation Solution Error:   0.000
Iter= 2, Overall Solution Error:        0.002
Iter= 3, Amplit/Phase Solution Error:   0.001
Iter= 3, Polarisation Solution Error:   0.000
Iter= 3, Overall Solution Error:        0.001
I flux density:   2.3856
Leakage terms:
 Ant 1:Dx,Dy = ( 0.00211,-0.00024),(-0.00082,-0.00035)
 Ant 2:Dx,Dy = ( 0.00280, 0.00078),(-0.00273, 0.00161)
 Ant 3:Dx,Dy = ( 0.00638,-0.00140),(-0.00900,-0.00226)
 Ant 4:Dx,Dy = ( 0.00286, 0.01568),(-0.00093, 0.01576)
 Ant 5:Dx,Dy = (-0.01607, 0.00434),( 0.01763, 0.00340)
 Ant 6:Dx,Dy = ( 0.00366,-0.02034),(-0.00242,-0.01698)

2018-11-22 16:30:52,241 [MainThread  ] [INFO ]  gpcopy vis=1934-638.9500 out=2312-319.9500

gpcopy: Revision 1.13, 2015/10/29 01:31:39 UTC

Copying leakage table
Copying gain table
Interpolation tolerance set to (minutes): 720.00
Copying bandpass table

2018-11-22 16:34:50,563 [MainThread  ] [INFO ]  pgflag vis=2312-319.9500 command='<b' stokes=i,q,u,v flagpar=8,5,5,3,6,3 options=nodisp

pgflag: Revision 1.30, 2016/10/05 23:06:50 UTC

Applying bandpass corrections to 2312-319.9500
Applying freq. dependent gain corrections to 2312-319.9500
Applying freq. dependent leakage correction to 2312-319.9500
Applying changes to dataset
Counts of correlations within selected channels:
 channel  Originally  Currently
 Good:      82176640   80826688    Changed to bad:    1349952
 Bad:       13060880   14410832    Changed to good:         0
 15.1% of the data is now flagged

2018-11-22 16:38:46,591 [MainThread  ] [INFO ]  pgflag vis=2312-319.9500 command='<b' stokes=i,v,q,u flagpar=8,2,2,3,6,3  options=nodisp

pgflag: Revision 1.30, 2016/10/05 23:06:50 UTC

Applying bandpass corrections to 2312-319.9500
Applying freq. dependent gain corrections to 2312-319.9500
Applying freq. dependent leakage correction to 2312-319.9500
Applying changes to dataset
Counts of correlations within selected channels:
 channel  Originally  Currently
 Good:      80826688   79734140    Changed to bad:    1092548
 Bad:       14410832   15503380    Changed to good:         0
 16.3% of the data is now flagged

2018-11-22 16:42:48,202 [MainThread  ] [INFO ]  pgflag vis=2312-319.9500 command='<b' stokes=i,v,u,q flagpar=8,2,2,3,6,3  options=nodisp

pgflag: Revision 1.30, 2016/10/05 23:06:50 UTC

Applying bandpass corrections to 2312-319.9500
Applying freq. dependent gain corrections to 2312-319.9500
Applying freq. dependent leakage correction to 2312-319.9500
Applying changes to dataset
Counts of correlations within selected channels:
 channel  Originally  Currently
 Good:      79734140   78672540    Changed to bad:    1061600
 Bad:       15503380   16564980    Changed to good:         0
 17.4% of the data is now flagged

2018-11-22 16:42:56,084 [MainThread  ] [INFO ]  gpcal vis=2312-319.9500 refant=4 interval=0.1 nfbin=2 options=xyvary,qusolve

gpcal: Revision 1.22, 2016/05/01 22:31:05 UTC

Applying bandpass corrections to 2312-319.9500
Number of antennae: 6
Using leakage parameters from input as initial guess
Reading the data ...
Number of solution intervals: 773
Total visibilities read: 11620
Number visibilities accepted: 11590
Iter= 1, Amplit/Phase Solution Error:   1.603
Iter= 1, Polarisation Solution Error:   0.328
Iter= 1, Overall Solution Error:      *******
Iter= 2, Amplit/Phase Solution Error:   1.559
Iter= 2, Polarisation Solution Error:   0.348
Iter= 2, Overall Solution Error:        8.352
Iter= 3, Amplit/Phase Solution Error:   2.249
Iter= 3, Polarisation Solution Error:   0.972
Iter= 3, Overall Solution Error:        9.704
Iter= 4, Amplit/Phase Solution Error:   3.065
Iter= 4, Polarisation Solution Error:  -1.000
I flux density:   0.5328
Percent Q: -58.275
Percent U:  16.721
Leakage terms:
 Ant 1:Dx,Dy = ( 0.00000, 0.00000),( 0.00000, 0.00000)
 Ant 2:Dx,Dy = ( 0.00570,-0.14434),(-0.20961, 0.05451)
 Ant 3:Dx,Dy = ( 0.27528,-0.31188),( 0.15872, 0.04583)
 Ant 4:Dx,Dy = ( 0.00000, 0.00000),( 0.00000, 0.00000)
 Ant 5:Dx,Dy = ( 0.01588,-0.05936),( 0.16326,-0.19459)
 Ant 6:Dx,Dy = ( 0.00000, 0.00000),( 0.00000, 0.00000)
Solution for freq bin  1
Iter= 1, Amplit/Phase Solution Error:   1.438
Iter= 1, Polarisation Solution Error:   0.475
Iter= 1, Overall Solution Error:      701.813
Iter= 2, Amplit/Phase Solution Error:   1.798
Iter= 2, Polarisation Solution Error:   0.328
Iter= 2, Overall Solution Error:       15.278
Iter= 3, Amplit/Phase Solution Error:   1.915
Iter= 3, Polarisation Solution Error:  -1.000
I flux density:   0.5449
Percent Q:   6.364
Percent U:   2.715
Leakage terms:
 Ant 1:Dx,Dy = (-0.06569,-0.11873),(-0.02852, 0.07009)
 Ant 2:Dx,Dy = (-0.08642, 0.00636),( 0.03386, 0.08123)
 Ant 3:Dx,Dy = ( 0.05553,-0.06234),(-0.11122,-0.03313)
 Ant 4:Dx,Dy = (-0.01870, 0.05427),(-0.13469, 0.00986)
 Ant 5:Dx,Dy = (-0.01188, 0.08046),( 0.13889,-0.06462)
 Ant 6:Dx,Dy = (-0.04000, 0.09728),(-0.06549,-0.12073)
Solution for freq bin  2
Iter= 1, Amplit/Phase Solution Error:   2.264
Iter= 1, Polarisation Solution Error:   0.126
Iter= 1, Overall Solution Error:      410.966
Iter= 2, Amplit/Phase Solution Error:   0.924
Iter= 2, Polarisation Solution Error:   0.612
Iter= 2, Overall Solution Error:       19.891
Iter= 3, Amplit/Phase Solution Error:   2.079
Iter= 3, Polarisation Solution Error:  -1.000
I flux density:   0.5389
Percent Q:   2.569
Percent U:   3.139
Leakage terms:
 Ant 1:Dx,Dy = ( 0.01106, 0.05374),( 0.02109, 0.00618)
 Ant 2:Dx,Dy = (-0.08943,-0.07045),(-0.04599, 0.05488)
 Ant 3:Dx,Dy = ( 0.03446, 0.05341),( 0.03758, 0.06241)
 Ant 4:Dx,Dy = ( 0.00862, 0.02449),( 0.05612, 0.03363)
 Ant 5:Dx,Dy = (-0.05973,-0.02928),(-0.07309,-0.18201)
 Ant 6:Dx,Dy = ( 0.03364,-0.05721),(-0.05708, 0.05020)

2018-11-22 16:47:08,207 [MainThread  ] [INFO ]  pgflag vis=2312-319.9500 command='<b' stokes=i,q,u,v flagpar=8,5,5,3,6,3 options=nodisp

pgflag: Revision 1.30, 2016/10/05 23:06:50 UTC

Applying bandpass corrections to 2312-319.9500
Applying freq. dependent gain corrections to 2312-319.9500
Applying freq. dependent leakage correction to 2312-319.9500
Applying changes to dataset
Counts of correlations within selected channels:
 channel  Originally  Currently
 Good:      78672540   74476360    Changed to bad:    4196180
 Bad:       16564980   20761160    Changed to good:         0
 21.8% of the data is now flagged

2018-11-22 16:51:38,351 [MainThread  ] [INFO ]  pgflag vis=2312-319.9500 command='<b' stokes=i,v,q,u flagpar=8,2,2,3,6,3  options=nodisp

pgflag: Revision 1.30, 2016/10/05 23:06:50 UTC

Applying bandpass corrections to 2312-319.9500
Applying freq. dependent gain corrections to 2312-319.9500
Applying freq. dependent leakage correction to 2312-319.9500
Applying changes to dataset
Counts of correlations within selected channels:
 channel  Originally  Currently
 Good:      74476360   73487700    Changed to bad:     988660
 Bad:       20761160   21749820    Changed to good:         0
 22.8% of the data is now flagged

2018-11-22 16:55:35,099 [MainThread  ] [INFO ]  pgflag vis=2312-319.9500 command='<b' stokes=i,v,u,q flagpar=8,2,2,3,6,3  options=nodisp

pgflag: Revision 1.30, 2016/10/05 23:06:50 UTC

Applying bandpass corrections to 2312-319.9500
Applying freq. dependent gain corrections to 2312-319.9500
Applying freq. dependent leakage correction to 2312-319.9500
Applying changes to dataset
Counts of correlations within selected channels:
 channel  Originally  Currently
 Good:      73487700   72718240    Changed to bad:     769460
 Bad:       21749820   22519280    Changed to good:         0
 23.6% of the data is now flagged

2018-11-22 16:55:42,116 [MainThread  ] [INFO ]  gpcal vis=2312-319.9500 refant=4 interval=0.1 nfbin=2 options=xyvary,qusolve

gpcal: Revision 1.22, 2016/05/01 22:31:05 UTC

Applying bandpass corrections to 2312-319.9500
Number of antennae: 6
Using leakage parameters from input as initial guess
Reading the data ...
Number of solution intervals: 729
Total visibilities read: 11620
Number visibilities accepted: 10851
Iter= 1, Amplit/Phase Solution Error:   1.372
Iter= 1, Polarisation Solution Error:   0.399
Iter= 1, Overall Solution Error:        2.816
Iter= 2, Amplit/Phase Solution Error:   0.087
Iter= 2, Polarisation Solution Error:   0.002
Iter= 2, Overall Solution Error:        0.224
Iter= 3, Amplit/Phase Solution Error:   0.002
Iter= 3, Polarisation Solution Error:   0.000
Iter= 3, Overall Solution Error:        0.067
Iter= 4, Amplit/Phase Solution Error:   0.002
Iter= 4, Polarisation Solution Error:   0.000
Iter= 4, Overall Solution Error:        0.059
Iter= 5, Amplit/Phase Solution Error:   0.002
Iter= 5, Polarisation Solution Error:   0.000
Iter= 5, Overall Solution Error:        0.053
Iter= 6, Amplit/Phase Solution Error:   0.002
Iter= 6, Polarisation Solution Error:   0.000
Iter= 6, Overall Solution Error:        0.047
Iter= 7, Amplit/Phase Solution Error:   0.002
Iter= 7, Polarisation Solution Error:   0.000
Iter= 7, Overall Solution Error:        0.043
Iter= 8, Amplit/Phase Solution Error:   0.002
Iter= 8, Polarisation Solution Error:   0.000
Iter= 8, Overall Solution Error:        0.040
Iter= 9, Amplit/Phase Solution Error:   0.002
Iter= 9, Polarisation Solution Error:   0.000
Iter= 9, Overall Solution Error:        0.042
Iter=10, Amplit/Phase Solution Error:   0.002
Iter=10, Polarisation Solution Error:   0.000
Iter=10, Overall Solution Error:        0.043
Iter=11, Amplit/Phase Solution Error:   0.002
Iter=11, Polarisation Solution Error:   0.000
Iter=11, Overall Solution Error:        0.045
Iter=12, Amplit/Phase Solution Error:   0.002
Iter=12, Polarisation Solution Error:   0.000
Iter=12, Overall Solution Error:        0.046
Iter=13, Amplit/Phase Solution Error:   0.002
Iter=13, Polarisation Solution Error:   0.000
Iter=13, Overall Solution Error:        0.048
Iter=14, Amplit/Phase Solution Error:   0.002
Iter=14, Polarisation Solution Error:   0.000
Iter=14, Overall Solution Error:        0.048
Iter=15, Amplit/Phase Solution Error:   0.002
Iter=15, Polarisation Solution Error:   0.000
Iter=15, Overall Solution Error:        0.048
Iter=16, Amplit/Phase Solution Error:   0.002
Iter=16, Polarisation Solution Error:   0.000
Iter=16, Overall Solution Error:        0.047
Iter=17, Amplit/Phase Solution Error:   0.002
Iter=17, Polarisation Solution Error:   0.000
Iter=17, Overall Solution Error:        0.044
Iter=18, Amplit/Phase Solution Error:   0.002
Iter=18, Polarisation Solution Error:   0.000
Iter=18, Overall Solution Error:        0.041
Iter=19, Amplit/Phase Solution Error:   0.002
Iter=19, Polarisation Solution Error:   0.000
Iter=19, Overall Solution Error:        0.036
Iter=20, Amplit/Phase Solution Error:   0.002
Iter=20, Polarisation Solution Error:   0.000
Iter=20, Overall Solution Error:        0.030
Iter=21, Amplit/Phase Solution Error:   0.002
Iter=21, Polarisation Solution Error:   0.000
Iter=21, Overall Solution Error:        0.025
Iter=22, Amplit/Phase Solution Error:   0.002
Iter=22, Polarisation Solution Error:   0.000
Iter=22, Overall Solution Error:        0.019
Iter=23, Amplit/Phase Solution Error:   0.002
Iter=23, Polarisation Solution Error:   0.000
Iter=23, Overall Solution Error:        0.015
Iter=24, Amplit/Phase Solution Error:   0.002
Iter=24, Polarisation Solution Error:   0.000
Iter=24, Overall Solution Error:        0.011
Iter=25, Amplit/Phase Solution Error:   0.002
Iter=25, Polarisation Solution Error:   0.000
Iter=25, Overall Solution Error:        0.008
Iter=26, Amplit/Phase Solution Error:   0.002
Iter=26, Polarisation Solution Error:   0.000
Iter=26, Overall Solution Error:        0.005
Iter=27, Amplit/Phase Solution Error:   0.002
Iter=27, Polarisation Solution Error:   0.000
Iter=27, Overall Solution Error:        0.004
Iter=28, Amplit/Phase Solution Error:   0.002
Iter=28, Polarisation Solution Error:   0.000
Iter=28, Overall Solution Error:        0.003
Iter=29, Amplit/Phase Solution Error:   0.002
Iter=29, Polarisation Solution Error:   0.000
Iter=29, Overall Solution Error:        0.002
Iter=30, Amplit/Phase Solution Error:   0.002
Iter=30, Polarisation Solution Error:   0.000
Iter=30, Overall Solution Error:        0.001
I flux density: 285.3877
Percent Q:  -0.533
Percent U:  -0.043
Leakage terms:
 Ant 1:Dx,Dy = ( 0.01595,-0.05152),(-0.01681,-0.05031)
 Ant 2:Dx,Dy = ( 0.01781,-0.04945),(-0.01850,-0.04769)
 Ant 3:Dx,Dy = ( 0.02118,-0.05359),(-0.02571,-0.05254)
 Ant 4:Dx,Dy = ( 0.01716,-0.03558),(-0.01767,-0.03428)
 Ant 5:Dx,Dy = (-0.00153,-0.04834),( 0.00120,-0.04792)
 Ant 6:Dx,Dy = ( 0.01840,-0.07118),(-0.01804,-0.06742)
Solution for freq bin  1
Iter= 1, Amplit/Phase Solution Error:   1.386
Iter= 1, Polarisation Solution Error:   0.398
Iter= 1, Overall Solution Error:        2.801
Iter= 2, Amplit/Phase Solution Error:   0.122
Iter= 2, Polarisation Solution Error:   0.002
Iter= 2, Overall Solution Error:        0.153
Iter= 3, Amplit/Phase Solution Error:   0.002
Iter= 3, Polarisation Solution Error:   0.000
Iter= 3, Overall Solution Error:        0.023
Iter= 4, Amplit/Phase Solution Error:   0.001
Iter= 4, Polarisation Solution Error:   0.000
Iter= 4, Overall Solution Error:        0.021
Iter= 5, Amplit/Phase Solution Error:   0.001
Iter= 5, Polarisation Solution Error:   0.000
Iter= 5, Overall Solution Error:        0.020
Iter= 6, Amplit/Phase Solution Error:   0.001
Iter= 6, Polarisation Solution Error:   0.000
Iter= 6, Overall Solution Error:        0.020
Iter= 7, Amplit/Phase Solution Error:   0.001
Iter= 7, Polarisation Solution Error:   0.000
Iter= 7, Overall Solution Error:        0.020
Iter= 8, Amplit/Phase Solution Error:   0.001
Iter= 8, Polarisation Solution Error:   0.000
Iter= 8, Overall Solution Error:        0.020
Iter= 9, Amplit/Phase Solution Error:   0.001
Iter= 9, Polarisation Solution Error:   0.000
Iter= 9, Overall Solution Error:        0.020
Iter=10, Amplit/Phase Solution Error:   0.001
Iter=10, Polarisation Solution Error:   0.000
Iter=10, Overall Solution Error:        0.020
Iter=11, Amplit/Phase Solution Error:   0.001
Iter=11, Polarisation Solution Error:   0.000
Iter=11, Overall Solution Error:        0.020
Iter=12, Amplit/Phase Solution Error:   0.001
Iter=12, Polarisation Solution Error:   0.000
Iter=12, Overall Solution Error:        0.020
Iter=13, Amplit/Phase Solution Error:   0.001
Iter=13, Polarisation Solution Error:   0.000
Iter=13, Overall Solution Error:        0.020
Iter=14, Amplit/Phase Solution Error:   0.001
Iter=14, Polarisation Solution Error:   0.000
Iter=14, Overall Solution Error:        0.020
Iter=15, Amplit/Phase Solution Error:   0.001
Iter=15, Polarisation Solution Error:   0.000
Iter=15, Overall Solution Error:        0.020
Iter=16, Amplit/Phase Solution Error:   0.001
Iter=16, Polarisation Solution Error:   0.000
Iter=16, Overall Solution Error:        0.020
Iter=17, Amplit/Phase Solution Error:   0.001
Iter=17, Polarisation Solution Error:   0.000
Iter=17, Overall Solution Error:        0.020
Iter=18, Amplit/Phase Solution Error:   0.001
Iter=18, Polarisation Solution Error:   0.000
Iter=18, Overall Solution Error:        0.020
Iter=19, Amplit/Phase Solution Error:   0.001
Iter=19, Polarisation Solution Error:   0.000
Iter=19, Overall Solution Error:        0.019
Iter=20, Amplit/Phase Solution Error:   0.001
Iter=20, Polarisation Solution Error:   0.000
Iter=20, Overall Solution Error:        0.019
Iter=21, Amplit/Phase Solution Error:   0.001
Iter=21, Polarisation Solution Error:   0.000
Iter=21, Overall Solution Error:        0.019
Iter=22, Amplit/Phase Solution Error:   0.001
Iter=22, Polarisation Solution Error:   0.000
Iter=22, Overall Solution Error:        0.018
Iter=23, Amplit/Phase Solution Error:   0.001
Iter=23, Polarisation Solution Error:   0.000
Iter=23, Overall Solution Error:        0.018
Iter=24, Amplit/Phase Solution Error:   0.001
Iter=24, Polarisation Solution Error:   0.000
Iter=24, Overall Solution Error:        0.017
Iter=25, Amplit/Phase Solution Error:   0.001
Iter=25, Polarisation Solution Error:   0.000
Iter=25, Overall Solution Error:        0.017
Iter=26, Amplit/Phase Solution Error:   0.001
Iter=26, Polarisation Solution Error:   0.000
Iter=26, Overall Solution Error:        0.016
Iter=27, Amplit/Phase Solution Error:   0.001
Iter=27, Polarisation Solution Error:   0.000
Iter=27, Overall Solution Error:        0.015
Iter=28, Amplit/Phase Solution Error:   0.001
Iter=28, Polarisation Solution Error:   0.000
Iter=28, Overall Solution Error:        0.015
Iter=29, Amplit/Phase Solution Error:   0.001
Iter=29, Polarisation Solution Error:   0.000
Iter=29, Overall Solution Error:        0.014
Iter=30, Amplit/Phase Solution Error:   0.001
Iter=30, Polarisation Solution Error:   0.000
Iter=30, Overall Solution Error:        0.013
I flux density: 284.2676
Percent Q:  -0.563
Percent U:   0.144
Leakage terms:
 Ant 1:Dx,Dy = ( 0.01558,-0.05131),(-0.01741,-0.05012)
 Ant 2:Dx,Dy = ( 0.01807,-0.04839),(-0.01829,-0.04687)
 Ant 3:Dx,Dy = ( 0.02088,-0.05460),(-0.02588,-0.05297)
 Ant 4:Dx,Dy = ( 0.01668,-0.03534),(-0.01917,-0.03415)
 Ant 5:Dx,Dy = (-0.00148,-0.04922),( 0.00107,-0.04859)
 Ant 6:Dx,Dy = ( 0.01799,-0.07031),(-0.01710,-0.06796)
Solution for freq bin  2
Iter= 1, Amplit/Phase Solution Error:   1.333
Iter= 1, Polarisation Solution Error:   0.400
Iter= 1, Overall Solution Error:        2.844
Iter= 2, Amplit/Phase Solution Error:   0.092
Iter= 2, Polarisation Solution Error:   0.002
Iter= 2, Overall Solution Error:        0.225
Iter= 3, Amplit/Phase Solution Error:   0.002
Iter= 3, Polarisation Solution Error:   0.000
Iter= 3, Overall Solution Error:        0.067
Iter= 4, Amplit/Phase Solution Error:   0.002
Iter= 4, Polarisation Solution Error:   0.000
Iter= 4, Overall Solution Error:        0.059
Iter= 5, Amplit/Phase Solution Error:   0.002
Iter= 5, Polarisation Solution Error:   0.000
Iter= 5, Overall Solution Error:        0.052
Iter= 6, Amplit/Phase Solution Error:   0.002
Iter= 6, Polarisation Solution Error:   0.000
Iter= 6, Overall Solution Error:        0.054
Iter= 7, Amplit/Phase Solution Error:   0.002
Iter= 7, Polarisation Solution Error:   0.000
Iter= 7, Overall Solution Error:        0.055
Iter= 8, Amplit/Phase Solution Error:   0.002
Iter= 8, Polarisation Solution Error:   0.000
Iter= 8, Overall Solution Error:        0.056
Iter= 9, Amplit/Phase Solution Error:   0.002
Iter= 9, Polarisation Solution Error:   0.000
Iter= 9, Overall Solution Error:        0.055
Iter=10, Amplit/Phase Solution Error:   0.002
Iter=10, Polarisation Solution Error:   0.000
Iter=10, Overall Solution Error:        0.053
Iter=11, Amplit/Phase Solution Error:   0.002
Iter=11, Polarisation Solution Error:   0.000
Iter=11, Overall Solution Error:        0.056
Iter=12, Amplit/Phase Solution Error:   0.002
Iter=12, Polarisation Solution Error:   0.000
Iter=12, Overall Solution Error:        0.057
Iter=13, Amplit/Phase Solution Error:   0.002
Iter=13, Polarisation Solution Error:   0.000
Iter=13, Overall Solution Error:        0.058
Iter=14, Amplit/Phase Solution Error:   0.002
Iter=14, Polarisation Solution Error:   0.000
Iter=14, Overall Solution Error:        0.058
Iter=15, Amplit/Phase Solution Error:   0.002
Iter=15, Polarisation Solution Error:   0.000
Iter=15, Overall Solution Error:        0.055
Iter=16, Amplit/Phase Solution Error:   0.002
Iter=16, Polarisation Solution Error:   0.000
Iter=16, Overall Solution Error:        0.051
Iter=17, Amplit/Phase Solution Error:   0.002
Iter=17, Polarisation Solution Error:   0.000
Iter=17, Overall Solution Error:        0.044
Iter=18, Amplit/Phase Solution Error:   0.002
Iter=18, Polarisation Solution Error:   0.000
Iter=18, Overall Solution Error:        0.037
Iter=19, Amplit/Phase Solution Error:   0.002
Iter=19, Polarisation Solution Error:   0.000
Iter=19, Overall Solution Error:        0.029
Iter=20, Amplit/Phase Solution Error:   0.002
Iter=20, Polarisation Solution Error:   0.000
Iter=20, Overall Solution Error:        0.006
Iter=21, Amplit/Phase Solution Error:   0.002
Iter=21, Polarisation Solution Error:   0.000
Iter=21, Overall Solution Error:        0.004
Iter=22, Amplit/Phase Solution Error:   0.002
Iter=22, Polarisation Solution Error:   0.000
Iter=22, Overall Solution Error:        0.003
Iter=23, Amplit/Phase Solution Error:   0.002
Iter=23, Polarisation Solution Error:   0.000
Iter=23, Overall Solution Error:        0.003
Iter=24, Amplit/Phase Solution Error:   0.002
Iter=24, Polarisation Solution Error:   0.000
Iter=24, Overall Solution Error:        0.002
Iter=25, Amplit/Phase Solution Error:   0.002
Iter=25, Polarisation Solution Error:   0.000
Iter=25, Overall Solution Error:        0.002
Iter=26, Amplit/Phase Solution Error:   0.002
Iter=26, Polarisation Solution Error:   0.000
Iter=26, Overall Solution Error:        0.001
Iter=27, Amplit/Phase Solution Error:   0.002
Iter=27, Polarisation Solution Error:   0.000
Iter=27, Overall Solution Error:        0.001
Iter=28, Amplit/Phase Solution Error:   0.002
Iter=28, Polarisation Solution Error:   0.000
Iter=28, Overall Solution Error:        0.001
I flux density: 284.9183
Percent Q:  -0.503
Percent U:  -0.210
Leakage terms:
 Ant 1:Dx,Dy = ( 0.01624,-0.05171),(-0.01629,-0.05050)
 Ant 2:Dx,Dy = ( 0.01754,-0.05045),(-0.01874,-0.04845)
 Ant 3:Dx,Dy = ( 0.02144,-0.05268),(-0.02556,-0.05214)
 Ant 4:Dx,Dy = ( 0.01757,-0.03579),(-0.01632,-0.03440)
 Ant 5:Dx,Dy = (-0.00157,-0.04752),( 0.00132,-0.04726)
 Ant 6:Dx,Dy = ( 0.01881,-0.07190),(-0.01889,-0.06703)

2018-11-22 16:55:42,141 [MainThread  ] [INFO ]  gpboot vis=2312-319.9500 cal=1934-638.9500

gpboot: Revision 1.9, 2015/10/29 01:31:30 UTC

Secondary flux density scaled by:   0.002
Frequency bin  1 scaled by      :   0.002
Frequency bin  2 scaled by      :   0.002

2018-11-22 16:57:44,552 [MainThread  ] [INFO ]  gpcopy vis=2312-319.9500 out=a.9500

gpcopy: Revision 1.13, 2015/10/29 01:31:39 UTC

Copying leakage table
Copying gain table
Interpolation tolerance set to (minutes): 720.00
Copying bandpass table

2018-11-22 17:21:09,809 [MainThread  ] [INFO ]  pgflag vis=a.9500 command='<b' stokes=i,v,q,u flagpar=8,2,2,3,6,3  options=nodisp

pgflag: Revision 1.30, 2016/10/05 23:06:50 UTC

Applying bandpass corrections to a.9500
Applying freq. dependent gain corrections to a.9500
Applying freq. dependent leakage correction to a.9500
Applying changes to dataset
Counts of correlations within selected channels:
 channel  Originally  Currently
 Good:     429270400  417324656    Changed to bad:   11945744
 Bad:       68226800   80172544    Changed to good:         0
 16.1% of the data is now flagged

2018-11-22 17:44:26,767 [MainThread  ] [INFO ]  pgflag vis=a.9500 command='<b' stokes=i,v,u,q flagpar=8,2,2,3,6,3  options=nodisp

pgflag: Revision 1.30, 2016/10/05 23:06:50 UTC

Applying bandpass corrections to a.9500
Applying freq. dependent gain corrections to a.9500
Applying freq. dependent leakage correction to a.9500
Applying changes to dataset
Counts of correlations within selected channels:
 channel  Originally  Currently
 Good:     417324656  408642384    Changed to bad:    8682272
 Bad:       80172544   88854816    Changed to good:         0
 17.9% of the data is now flagged

2018-11-22 17:52:26,145 [MainThread  ] [INFO ]  uvsplit vis=a.9500

uvsplit: Revision 1.18, 2016/05/09 03:06:18 UTC

Creating a_1.9500
Creating a_2.9500
Creating a_3.9500
Creating a_4.9500
Creating a_5.9500
Creating a_6.9500
Creating a_7.9500
Creating a_8.9500
Creating a_9.9500
Creating a_10.9500
Creating a_11.9500
Creating a_12.9500
Creating a_13.9500
Creating a_14.9500
Creating a_15.9500
Creating a_16.9500
Creating a_17.9500
Creating a_18.9500
Creating a_19.9500
Creating a_20.9500
Creating a_21.9500
Creating a_22.9500
Creating a_23.9500
Creating a_24.9500
Creating a_25.9500
Creating a_26.9500
Creating a_27.9500
Creating a_28.9500
Creating a_29.9500
Creating a_30.9500
Creating a_31.9500
Creating a_32.9500
Creating a_33.9500
Creating a_34.9500
Creating a_35.9500
Creating a_36.9500
Creating a_37.9500
Creating a_38.9500
Creating a_39.9500
Creating a_40.9500
Creating a_41.9500
Creating a_42.9500
Creating a_43.9500
Creating a_44.9500
Creating a_45.9500
Creating a_46.9500
Creating a_47.9500
Creating a_48.9500
Creating a_49.9500
Creating a_50.9500
Creating a_51.9500
Creating a_52.9500
Creating a_53.9500
Creating a_54.9500
Creating a_55.9500
Creating a_56.9500
Creating a_57.9500
Creating a_58.9500
Creating a_59.9500
Creating a_60.9500
Creating a_61.9500
Creating a_62.9500
Creating a_63.9500
Creating a_64.9500
Creating a_65.9500
Creating a_66.9500
Creating a_67.9500
Creating a_68.9500
Creating a_69.9500
Creating a_70.9500
Creating a_71.9500
Creating a_72.9500
Creating a_73.9500
Creating a_74.9500
Creating a_75.9500
Creating a_76.9500
Creating a_77.9500
Creating a_78.9500
Creating a_79.9500
Creating a_80.9500
Creating a_81.9500
Creating a_82.9500
Creating a_83.9500
Creating a_84.9500
Creating a_85.9500
Creating a_86.9500
Creating a_87.9500
Creating a_88.9500
Creating a_89.9500
Creating a_90.9500
Creating a_91.9500
Creating a_92.9500
Creating a_93.9500
Creating a_94.9500
Creating a_95.9500
Creating a_96.9500
Creating a_97.9500
Creating a_98.9500
Creating a_99.9500
Creating a_100.9500
Creating a_101.9500
Creating a_102.9500
Creating a_103.9500
Creating a_104.9500
Creating a_105.9500
Creating a_106.9500
Creating a_107.9500
Creating a_108.9500
Creating a_109.9500
Creating a_110.9500
Creating a_111.9500
Creating a_112.9500
Creating a_113.9500
Creating a_114.9500
Creating a_115.9500
Creating a_116.9500
Creating a_117.9500
Creating a_118.9500
Creating a_119.9500
Creating a_120.9500
Creating a_121.9500
Creating a_122.9500
Creating a_123.9500
Creating a_124.9500
Creating a_125.9500
Creating a_126.9500
Creating a_127.9500
Creating a_128.9500
Creating a_129.9500
Creating a_130.9500
Creating a_131.9500
Creating a_132.9500
Creating a_133.9500
Creating a_134.9500
Creating a_135.9500
Creating a_136.9500
Creating a_137.9500
Creating a_138.9500
Creating a_139.9500
Creating a_140.9500
Creating a_141.9500
Creating a_142.9500
Creating a_143.9500
Creating a_144.9500
Creating a_145.9500
Creating a_146.9500
Creating a_147.9500
Creating a_148.9500
Creating a_149.9500
Creating a_150.9500
Creating a_151.9500
Creating a_152.9500
Creating a_153.9500
Creating a_154.9500
Creating a_155.9500
Creating a_156.9500
Creating a_157.9500
Creating a_158.9500
Creating a_159.9500
Creating a_160.9500
Creating a_161.9500
Creating a_162.9500
Creating a_163.9500
Creating a_164.9500
Creating a_165.9500
Creating a_166.9500
Creating a_167.9500
Creating a_168.9500
Creating a_169.9500
Creating a_170.9500
Creating a_171.9500
Creating a_172.9500
Creating a_173.9500
Creating a_174.9500
Creating a_175.9500
Creating a_176.9500
Creating a_177.9500
Creating a_178.9500
Creating a_179.9500
Creating a_180.9500

