2018-11-02 13:29:52,581 [MainThread  ] [INFO ]  atlod in=raw/2018-06-18_1347.C3132,raw/2018-06-18_1635.C3132,raw/2018-06-18_1922.C3132,raw/2018-06-18_2208.C3132,raw/2018-06-19_0055.C3132 out=data9.uv ifsel=2 options=birdie,rfiflag,noauto,xycorr

atlod: Revision 1.53, 2016/08/25 23:02:21 UTC

Processing file raw/2018-06-18_1347.C3132
 13:47:38 CAOBS> track 1
CABB data detected
Scan 1 started at 18JUN18:13:47:56.0
Source: 1934-638
Flagging channels in  28 frequency ranges
 13:55:39 CAOBS> stop
 13:56:01 CAOBS> set file c3132_obs_c5.sch
 13:56:12 CAOBS> start 7/99
Scan 2 started at 18JUN18:13:57:56.0
Source: 2312-319
Scan 3 started at 18JUN18:14:00:44.0
Source: c_781
Source: c_782
Source: c_783
Source: c_784
Source: c_785
Source: c_786
Source: c_787
Source: c_788
Source: c_789
Source: c_790
Source: c_791
Source: c_792
Source: c_793
Source: c_794
Source: c_795
Source: c_796
Source: c_797
Source: c_798
Source: c_799
Source: c_800
Scan 4 started at 18JUN18:14:14:12.0
Source: 2312-319
Scan 5 started at 18JUN18:14:17:16.0
Source: c_801
Source: c_802
Source: c_803
Source: c_804
Source: c_805
Source: c_806
Source: c_807
Source: c_808
Source: c_809
Source: c_810
Source: c_811
Source: c_812
Source: c_813
Source: c_814
Source: c_815
Source: c_816
Source: c_817
Source: c_818
Source: c_819
Source: c_820
Scan 6 started at 18JUN18:14:30:36.0
Source: 2312-319
Scan 7 started at 18JUN18:14:33:40.0
Source: c_821
Source: c_822
Source: c_823
Source: c_824
Source: c_825
Source: c_826
Source: c_827
Source: c_828
Source: c_829
Source: c_830
Source: c_831
Source: c_832
Source: c_833
Source: c_834
Source: c_835
Source: c_836
Source: c_837
Source: c_838
Source: c_839
Source: c_840
Scan 8 started at 18JUN18:14:47:08.0
Source: 2312-319
Scan 9 started at 18JUN18:14:49:56.0
Source: c_841
Source: c_842
Source: c_843
Source: c_844
Source: c_845
Source: c_846
Source: c_847
Source: c_848
Source: c_849
Source: c_850
Source: c_851
Source: c_852
Source: c_853
Source: c_854
Source: c_855
Source: c_856
Source: c_857
Source: c_858
Source: c_859
Source: c_860
Scan 10 started at 18JUN18:15:03:24.0
Source: 2312-319
Scan 11 started at 18JUN18:15:06:28.0
Source: c_861
Source: c_862
Source: c_863
Source: c_864
Source: c_865
Source: c_866
Source: c_867
Source: c_868
Source: c_869
Source: c_870
Source: c_871
Source: c_872
Source: c_873
Source: c_874
Source: c_875
Source: c_876
Source: c_877
Source: c_878
Source: c_879
Source: c_880
Scan 12 started at 18JUN18:15:19:48.0
Source: 2312-319
Scan 13 started at 18JUN18:15:22:52.0
Source: c_881
Source: c_882
Source: c_883
Source: c_884
Source: c_885
Source: c_886
Source: c_887
Source: c_888
Source: c_889
Source: c_890
Source: c_891
Source: c_892
Source: c_893
Source: c_894
Source: c_895
Source: c_896
Source: c_897
Source: c_898
Source: c_899
Source: c_900
Scan 14 started at 18JUN18:15:36:12.0
Source: 2312-319
Scan 15 started at 18JUN18:15:39:08.0
Source: c_721
Source: c_722
Source: c_723
Source: c_724
Source: c_725
Source: c_726
Source: c_727
Source: c_728
Source: c_729
Source: c_730
Source: c_731
Source: c_732
Source: c_733
Source: c_734
Source: c_735
Source: c_736
Source: c_737
Source: c_738
Source: c_739
Source: c_740
Scan 16 started at 18JUN18:15:52:36.0
Source: 2312-319
Scan 17 started at 18JUN18:15:55:32.0
Source: c_741
Source: c_742
Source: c_743
Source: c_744
Source: c_745
Source: c_746
Source: c_747
Source: c_748
Source: c_749
Source: c_750
Source: c_751
Source: c_752
Source: c_753
Source: c_754
Source: c_755
Source: c_756
Source: c_757
Source: c_758
Source: c_759
Source: c_760
Scan 18 started at 18JUN18:16:09:08.0
Source: 2312-319
Scan 19 started at 18JUN18:16:11:56.0
Source: c_761
Source: c_762
Source: c_763
Source: c_764
Source: c_765
Source: c_766
Source: c_767
Source: c_768
Source: c_769
Source: c_770
Source: c_771
Source: c_772
Source: c_773
Source: c_774
Source: c_775
Source: c_776
Source: c_777
Source: c_778
Source: c_779
Source: c_780
Scan 20 started at 18JUN18:16:25:32.0
Source: 2312-319
Scan 21 started at 18JUN18:16:28:20.0
Source: c_781
Source: c_782
Source: c_783
Source: c_784
Source: c_785
Source: c_786
Source: c_787
Source: c_788
Source: c_789
Source: c_790
Source: c_791
RPFITS file version is 2.12
---------------------------------------
Total number of spectra selected: 72660

Summary of spectra flagged
Flagging Reason            Fraction
---------------            --------
Antenna off-source/off-line  5.14%
---------------------------------------
Processing file raw/2018-06-18_1635.C3132
CABB data detected
Scan 1 started at 18JUN18:16:35:16.0
Source: c_791
Source: c_792
Source: c_793
Source: c_794
Source: c_795
Source: c_796
Source: c_797
Source: c_798
Source: c_799
Source: c_800
Scan 2 started at 18JUN18:16:41:48.0
Source: 2312-319
Scan 3 started at 18JUN18:16:44:52.0
Source: c_801
Source: c_802
Source: c_803
Source: c_804
Source: c_805
Source: c_806
Source: c_807
Source: c_808
Source: c_809
Source: c_810
Source: c_811
Source: c_812
Source: c_813
Source: c_814
Source: c_815
Source: c_816
Source: c_817
Source: c_818
Source: c_819
Source: c_820
Scan 4 started at 18JUN18:16:58:12.0
Source: 2312-319
Scan 5 started at 18JUN18:17:01:08.0
Source: c_821
Source: c_822
Source: c_823
Source: c_824
Source: c_825
Source: c_826
Source: c_827
Source: c_828
Source: c_829
Source: c_830
Source: c_831
Source: c_832
Source: c_833
Source: c_834
Source: c_835
Source: c_836
Source: c_837
Source: c_838
Source: c_839
Source: c_840
Scan 6 started at 18JUN18:17:14:44.0
Source: 2312-319
Scan 7 started at 18JUN18:17:17:32.0
Source: c_841
Source: c_842
Source: c_843
Source: c_844
Source: c_845
Source: c_846
Source: c_847
Source: c_848
Source: c_849
Source: c_850
Source: c_851
Source: c_852
Source: c_853
Source: c_854
Source: c_855
Source: c_856
Source: c_857
Source: c_858
Source: c_859
Source: c_860
Scan 8 started at 18JUN18:17:31:00.0
Source: 2312-319
Scan 9 started at 18JUN18:17:34:04.0
Source: c_861
Source: c_862
Source: c_863
Source: c_864
Source: c_865
Source: c_866
Source: c_867
Source: c_868
Source: c_869
Source: c_870
Source: c_871
Source: c_872
Source: c_873
Source: c_874
Source: c_875
Source: c_876
Source: c_877
Source: c_878
Source: c_879
Source: c_880
Scan 10 started at 18JUN18:17:47:32.0
Source: 2312-319
Scan 11 started at 18JUN18:17:50:28.0
Source: c_881
Source: c_882
Source: c_883
Source: c_884
Source: c_885
Source: c_886
Source: c_887
Source: c_888
Source: c_889
Source: c_890
Source: c_891
Source: c_892
Source: c_893
Source: c_894
Source: c_895
Source: c_896
Source: c_897
Source: c_898
Source: c_899
Source: c_900
Scan 12 started at 18JUN18:18:03:48.0
Source: 2312-319
Scan 13 started at 18JUN18:18:06:52.0
Source: c_721
Source: c_722
Source: c_723
Source: c_724
Source: c_725
Source: c_726
Source: c_727
Source: c_728
Source: c_729
Source: c_730
Source: c_731
Source: c_732
Source: c_733
Source: c_734
Source: c_735
Source: c_736
Source: c_737
Source: c_738
Source: c_739
Source: c_740
Scan 14 started at 18JUN18:18:20:20.0
Source: 2312-319
Scan 15 started at 18JUN18:18:23:24.0
Source: c_741
Source: c_742
Source: c_743
Source: c_744
Source: c_745
Source: c_746
Source: c_747
Source: c_748
Source: c_749
Source: c_750
Source: c_751
Source: c_752
Source: c_753
Source: c_754
Source: c_755
Source: c_756
Source: c_757
Source: c_758
Source: c_759
Source: c_760
Scan 16 started at 18JUN18:18:36:44.0
Source: 2312-319
Scan 17 started at 18JUN18:18:39:48.0
Source: c_761
Source: c_762
Source: c_763
Source: c_764
Source: c_765
Source: c_766
Source: c_767
Source: c_768
Source: c_769
Source: c_770
Source: c_771
Source: c_772
Source: c_773
Source: c_774
Source: c_775
Source: c_776
Source: c_777
Source: c_778
Source: c_779
Source: c_780
Scan 18 started at 18JUN18:18:53:16.0
Source: 2312-319
Scan 19 started at 18JUN18:18:57:10.5
Source: c_782
Source: c_783
Source: c_784
Source: c_785
Source: c_786
Source: c_787
Source: c_788
Source: c_789
Source: c_790
Source: c_791
Source: c_792
Source: c_793
Source: c_794
Source: c_795
Source: c_796
Source: c_797
Source: c_798
Source: c_799
Source: c_800
Scan 20 started at 18JUN18:19:10:28.0
Source: 2312-319
Scan 21 started at 18JUN18:19:19:56.0
Source: c_807
Source: c_808
Source: c_809
Source: c_810
RPFITS file version is 2.12
---------------------------------------
Total number of spectra selected: 72660

Summary of spectra flagged
Flagging Reason            Fraction
---------------            --------
Antenna off-source/off-line  11.5%
---------------------------------------
Processing file raw/2018-06-18_1922.C3132
CABB data detected
Scan 1 started at 18JUN18:19:22:04.0
Source: c_810
Source: c_811
Source: c_812
Source: c_813
Source: c_814
Source: c_815
Source: c_816
Source: c_817
Source: c_818
Source: c_819
Source: c_820
Scan 2 started at 18JUN18:19:30:52.0
Source: 2312-319
Scan 3 started at 18JUN18:19:34:44.0
Source: c_821
Source: c_822
Source: c_823
Source: c_824
Source: c_825
Source: c_826
Source: c_827
Source: c_828
Source: c_829
Source: c_830
Source: c_831
Source: c_832
Source: c_833
Source: c_834
Source: c_835
Source: c_836
Source: c_837
Source: c_838
Source: c_839
Source: c_840
Scan 4 started at 18JUN18:19:48:04.0
Source: 2312-319
Scan 5 started at 18JUN18:19:51:00.0
Source: c_841
Source: c_842
Source: c_843
Source: c_844
Source: c_845
Source: c_846
Source: c_847
Source: c_848
Source: c_849
Source: c_850
Source: c_851
Source: c_852
Source: c_853
Source: c_854
Source: c_855
Source: c_856
Source: c_857
Source: c_858
Source: c_859
Source: c_860
Scan 6 started at 18JUN18:20:04:36.0
Source: 2312-319
Scan 7 started at 18JUN18:20:07:40.0
Source: c_861
Source: c_862
Source: c_863
Source: c_864
Source: c_865
Source: c_866
Source: c_867
Source: c_868
Source: c_869
Source: c_870
Source: c_871
Source: c_872
Source: c_873
Source: c_874
Source: c_875
Source: c_876
Source: c_877
Source: c_878
Source: c_879
Source: c_880
Scan 8 started at 18JUN18:20:21:08.0
Source: 2312-319
Scan 9 started at 18JUN18:20:24:12.0
Source: c_881
Source: c_882
Source: c_883
Source: c_884
Source: c_885
Source: c_886
Source: c_887
Source: c_888
Source: c_889
Source: c_890
Source: c_891
Source: c_892
Source: c_893
Source: c_894
Source: c_895
Source: c_896
Source: c_897
Source: c_898
Source: c_899
Source: c_900
Scan 10 started at 18JUN18:20:37:32.0
Source: 2312-319
Scan 11 started at 18JUN18:20:40:36.0
Source: c_721
Source: c_722
Source: c_723
Source: c_724
Source: c_725
Source: c_726
Source: c_727
Source: c_728
Source: c_729
Source: c_730
Source: c_731
Source: c_732
Source: c_733
Source: c_734
Source: c_735
Source: c_736
Source: c_737
Source: c_738
Source: c_739
Source: c_740
Scan 12 started at 18JUN18:20:54:04.0
Source: 2312-319
Scan 13 started at 18JUN18:20:57:08.0
Source: c_741
Source: c_742
Source: c_743
Source: c_744
Source: c_745
Source: c_746
Source: c_747
Source: c_748
Source: c_749
Source: c_750
Source: c_751
Source: c_752
Source: c_753
Source: c_754
Source: c_755
Source: c_756
Source: c_757
Source: c_758
Source: c_759
Source: c_760
Scan 14 started at 18JUN18:21:10:36.0
Source: 2312-319
Scan 15 started at 18JUN18:21:13:32.0
Source: c_761
Source: c_762
Source: c_763
Source: c_764
Source: c_765
Source: c_766
Source: c_767
Source: c_768
Source: c_769
Source: c_770
Source: c_771
Source: c_772
Source: c_773
Source: c_774
Source: c_775
Source: c_776
Source: c_777
Source: c_778
Source: c_779
Source: c_780
Scan 16 started at 18JUN18:21:27:08.0
Source: 2312-319
Scan 17 started at 18JUN18:21:30:04.0
Source: c_781
Source: c_782
Source: c_783
Source: c_784
Source: c_785
Source: c_786
Source: c_787
Source: c_788
Source: c_789
Source: c_790
Source: c_791
Source: c_792
Source: c_793
Source: c_794
Source: c_795
Source: c_796
Source: c_797
Source: c_798
Source: c_799
Source: c_800
Scan 18 started at 18JUN18:21:43:40.0
Source: 2312-319
Scan 19 started at 18JUN18:21:46:36.0
Source: c_801
Source: c_802
Source: c_803
Source: c_804
Source: c_805
Source: c_806
Source: c_807
Source: c_808
Source: c_809
Source: c_810
Source: c_811
Source: c_812
Source: c_813
Source: c_814
Source: c_815
Source: c_816
Source: c_817
Source: c_818
Source: c_819
Source: c_820
Scan 20 started at 18JUN18:22:00:04.0
Source: 2312-319
Scan 21 started at 18JUN18:22:02:52.0
Source: c_821
Source: c_822
Source: c_823
Source: c_824
Source: c_825
Source: c_826
Source: c_827
Source: c_828
Source: c_829
Source: c_830
RPFITS file version is 2.12
---------------------------------------
Total number of spectra selected: 72660

Summary of spectra flagged
Flagging Reason            Fraction
---------------            --------
Antenna off-source/off-line  7.56%
---------------------------------------
Processing file raw/2018-06-18_2208.C3132
CABB data detected
Scan 1 started at 18JUN18:22:08:52.0
Source: c_830
Source: c_831
Source: c_832
Source: c_833
Source: c_834
Source: c_835
Source: c_836
Source: c_837
Source: c_838
Source: c_839
Source: c_840
Scan 2 started at 18JUN18:22:16:20.0
Source: 2312-319
Scan 3 started at 18JUN18:22:19:08.0
Source: c_841
Source: c_842
Source: c_843
Source: c_844
Source: c_845
Source: c_846
Source: c_847
Source: c_848
Source: c_849
Source: c_850
Source: c_851
Source: c_852
Source: c_853
Source: c_854
Source: c_855
Source: c_856
Source: c_857
Source: c_858
Source: c_859
Source: c_860
Scan 4 started at 18JUN18:22:32:44.0
Source: 2312-319
Scan 5 started at 18JUN18:22:35:32.0
Source: c_861
Source: c_862
Source: c_863
Source: c_864
Source: c_865
Source: c_866
Source: c_867
Source: c_868
Source: c_869
Source: c_870
Source: c_871
Source: c_872
Source: c_873
Source: c_874
Source: c_875
Source: c_876
Source: c_877
Source: c_878
Source: c_879
Source: c_880
Scan 6 started at 18JUN18:22:49:08.0
Source: 2312-319
Scan 7 started at 18JUN18:22:52:04.0
Source: c_881
Source: c_882
Source: c_883
Source: c_884
Source: c_885
Source: c_886
Source: c_887
Source: c_888
Source: c_889
Source: c_890
Source: c_891
Source: c_892
Source: c_893
Source: c_894
Source: c_895
Source: c_896
Source: c_897
Source: c_898
Source: c_899
Source: c_900
Scan 8 started at 18JUN18:23:05:24.0
Source: 2312-319
Scan 9 started at 18JUN18:23:08:20.0
Source: c_721
Source: c_722
Source: c_723
Source: c_724
Source: c_725
Source: c_726
Source: c_727
Source: c_728
Source: c_729
Source: c_730
Source: c_731
Source: c_732
Source: c_733
Source: c_734
Source: c_735
Source: c_736
Source: c_737
Source: c_738
Source: c_739
Source: c_740
Scan 10 started at 18JUN18:23:21:56.0
Source: 2312-319
Scan 11 started at 18JUN18:23:24:44.0
Source: c_741
Source: c_742
Source: c_743
Source: c_744
Source: c_745
Source: c_746
Source: c_747
Source: c_748
Source: c_749
Source: c_750
Source: c_751
Source: c_752
Source: c_753
Source: c_754
Source: c_755
Source: c_756
Source: c_757
Source: c_758
Source: c_759
Source: c_760
Scan 12 started at 18JUN18:23:38:20.0
Source: 2312-319
Scan 13 started at 18JUN18:23:41:08.0
Source: c_761
Source: c_762
Source: c_763
Source: c_764
Source: c_765
Source: c_766
Source: c_767
Source: c_768
Source: c_769
Source: c_770
Source: c_771
Source: c_772
Source: c_773
Source: c_774
Source: c_775
Source: c_776
Source: c_777
Source: c_778
Source: c_779
Source: c_780
Scan 14 started at 18JUN18:23:54:36.0
Source: 2312-319
Scan 15 started at 18JUN18:23:57:32.0
Source: c_781
Source: c_782
Source: c_783
Source: c_784
Source: c_785
Source: c_786
Source: c_787
Source: c_788
Source: c_789
Source: c_790
Source: c_791
Source: c_792
Source: c_793
Source: c_794
Source: c_795
Source: c_796
Source: c_797
Source: c_798
Source: c_799
Source: c_800
Scan 16 started at 18JUN19:00:11:08.0
Source: 2312-319
Scan 17 started at 18JUN19:00:13:56.0
Source: c_801
Source: c_802
Source: c_803
Source: c_804
Source: c_805
Source: c_806
Source: c_807
Source: c_808
Source: c_809
Source: c_810
Source: c_811
Source: c_812
Source: c_813
Source: c_814
Source: c_815
Source: c_816
Source: c_817
Source: c_818
Source: c_819
Source: c_820
Scan 18 started at 18JUN19:00:27:32.0
Source: 2312-319
Scan 19 started at 18JUN19:00:30:20.0
Source: c_821
Source: c_822
Source: c_823
Source: c_824
Source: c_825
Source: c_826
Source: c_827
Source: c_828
Source: c_829
Source: c_830
Source: c_831
Source: c_832
Source: c_833
Source: c_834
Source: c_835
Source: c_836
Source: c_837
Source: c_838
Source: c_839
Source: c_840
Scan 20 started at 18JUN19:00:43:48.0
Source: 2312-319
Scan 21 started at 18JUN19:00:46:36.0
Source: c_841
Source: c_842
Source: c_843
Source: c_844
Source: c_845
Source: c_846
Source: c_847
Source: c_848
Source: c_849
Source: c_850
Source: c_851
Source: c_852
Source: c_853
Source: c_854
RPFITS file version is 2.12
---------------------------------------
Total number of spectra selected: 72660

Summary of spectra flagged
Flagging Reason            Fraction
---------------            --------
Antenna off-source/off-line  4.01%
---------------------------------------
Processing file raw/2018-06-19_0055.C3132
CABB data detected
Scan 1 started at 18JUN19:00:55:40.0
Source: c_854
Source: c_855
Source: c_856
Source: c_857
Source: c_858
Source: c_859
Source: c_860
Scan 2 started at 18JUN19:01:00:12.0
Source: 2312-319
 01:02:46 CAOBS> stop
 01:02:52 CAOBS> corr closef
RPFITS file version is 2.12
---------------------------------------
Total number of spectra selected: 2940

Summary of spectra flagged
Flagging Reason            Fraction
---------------            --------
Antenna off-source/off-line  6.12%
---------------------------------------

No CACAL data was detected

2018-11-02 13:31:22,279 [MainThread  ] [INFO ]  uvflag vis=data9.uv line=chan,65,850,1 flagval=flag

uvflag: Revision 1.8, 2014/09/30 14:23:39 UTC


Set flags to indicate bad data in visibility file data9.uv
Linetype channel; select   65 channels; start  850, width    1, step    1

Overview of flagging on visibility file data9.uv
Changed flags set to FALSE (data flagged as bad)
Total number of records selected: 272920; out of 272920 records
Antennas used: 1-6
Counts of correlations within selected channels
channel   Originally    Currently
Good:        17739800.           0.    Changed to bad:    17739800.
Bad:                0.    17739800.

2018-11-02 13:33:19,912 [MainThread  ] [INFO ]  uvsplit vis=data9.uv options=mosaic

uvsplit: Revision 1.18, 2016/05/09 03:06:18 UTC

Creating 1934-638.9500
Creating 2312-319.9500
Creating c.9500

2018-11-02 13:33:31,996 [MainThread  ] [INFO ]  pgflag vis=1934-638.9500 command='<b' stokes=i,q,u,v flagpar=8,5,5,3,6,3 options=nodisp

pgflag: Revision 1.30, 2016/10/05 23:06:50 UTC

Applying changes to dataset
Counts of correlations within selected channels:
 channel  Originally  Currently
 Good:       6152640    6058552    Changed to bad:      94088
 Bad:         977880    1071968    Changed to good:         0
 15.0% of the data is now flagged

2018-11-02 13:33:43,718 [MainThread  ] [INFO ]  pgflag vis=1934-638.9500 command='<b' stokes=i,v,q,u flagpar=8,2,2,3,6,3  options=nodisp

pgflag: Revision 1.30, 2016/10/05 23:06:50 UTC

Applying changes to dataset
Counts of correlations within selected channels:
 channel  Originally  Currently
 Good:       6058552    5968132    Changed to bad:      90420
 Bad:        1071968    1162388    Changed to good:         0
 16.3% of the data is now flagged

2018-11-02 13:33:55,056 [MainThread  ] [INFO ]  pgflag vis=1934-638.9500 command='<b' stokes=i,v,u,q flagpar=8,2,2,3,6,3  options=nodisp

pgflag: Revision 1.30, 2016/10/05 23:06:50 UTC

Applying changes to dataset
Counts of correlations within selected channels:
 channel  Originally  Currently
 Good:       5968132    5852016    Changed to bad:     116116
 Bad:        1162388    1278504    Changed to good:         0
 17.9% of the data is now flagged

2018-11-02 13:34:45,966 [MainThread  ] [INFO ]  mfcal vis=1934-638.9500 refant=4 interval=0.1
MfCal: $Revision: 1.20 $, $Date: 2017/05/08 02:31:10 $
Selecting parallel-hand polarisations
Reading the data ...
Number correlations accepted: 2926008
Number of frequency bands/settings: 1
Number of polarisations selected: 2
Number of solution intervals: 58
Number of passband solution intervals: 1
Initialising ...
Using post-Aug94 ATCA flux scale for 1934-638.
Using known frequency variation of 1934-638
Generating initial solution estimate ...
Doing solution refinement ...
Iter= 1, Solution Error:  0.475
Iter= 2, Solution Error:  0.004
Iter= 3, Solution Error:  0.000
Saving solution ...

2018-11-02 13:34:47,105 [MainThread  ] [INFO ]  gpcal vis=1934-638.9500 refant=4 interval=0.1 nfbin=2 options=xyvary

gpcal: Revision 1.22, 2016/05/01 22:31:05 UTC

Applying bandpass corrections to 1934-638.9500
Number of antennae: 6
Reading the data ...
Number of solution intervals: 58
Total visibilities read: 870
Number visibilities accepted: 870
Using post-Aug94 ATCA flux scale for 1934-638.
Using IQUV =  2.5383,  0.0000,  0.0000,  0.0000 at   9.4599 GHz.
Using post-Aug94 ATCA flux scale for 1934-638.
Using IQUV =  2.6975,  0.0000,  0.0000,  0.0000 at   9.0085 GHz.
Using post-Aug94 ATCA flux scale for 1934-638.
Using IQUV =  2.3877,  0.0000,  0.0000,  0.0000 at   9.9387 GHz.
Iter= 1, Amplit/Phase Solution Error:   0.236
Iter= 1, Polarisation Solution Error:   0.033
Iter= 1, Overall Solution Error:        1.078
Iter= 2, Amplit/Phase Solution Error:   0.001
Iter= 2, Polarisation Solution Error:   0.000
Iter= 2, Overall Solution Error:        0.003
Iter= 3, Amplit/Phase Solution Error:   0.001
Iter= 3, Polarisation Solution Error:   0.000
Iter= 3, Overall Solution Error:        0.001
I flux density:   2.5383
Leakage terms:
 Ant 1:Dx,Dy = ( 0.00119,-0.00800),( 0.00023,-0.00780)
 Ant 2:Dx,Dy = ( 0.00302, 0.00320),(-0.00324, 0.00348)
 Ant 3:Dx,Dy = ( 0.00518,-0.00223),(-0.00766,-0.00272)
 Ant 4:Dx,Dy = ( 0.00526, 0.01675),(-0.00391, 0.01742)
 Ant 5:Dx,Dy = (-0.01622, 0.00653),( 0.01613, 0.00636)
 Ant 6:Dx,Dy = ( 0.00179,-0.01649),(-0.00134,-0.01650)
Solution for freq bin  1
Iter= 1, Amplit/Phase Solution Error:   0.233
Iter= 1, Polarisation Solution Error:   0.034
Iter= 1, Overall Solution Error:        1.069
Iter= 2, Amplit/Phase Solution Error:   0.001
Iter= 2, Polarisation Solution Error:   0.000
Iter= 2, Overall Solution Error:        0.003
Iter= 3, Amplit/Phase Solution Error:   0.001
Iter= 3, Polarisation Solution Error:   0.000
Iter= 3, Overall Solution Error:        0.001
I flux density:   2.6975
Leakage terms:
 Ant 1:Dx,Dy = ( 0.00083,-0.00756),( 0.00046,-0.00740)
 Ant 2:Dx,Dy = ( 0.00329, 0.00349),(-0.00367, 0.00377)
 Ant 3:Dx,Dy = ( 0.00429,-0.00307),(-0.00748,-0.00345)
 Ant 4:Dx,Dy = ( 0.00610, 0.01662),(-0.00501, 0.01748)
 Ant 5:Dx,Dy = (-0.01533, 0.00711),( 0.01578, 0.00650)
 Ant 6:Dx,Dy = ( 0.00003,-0.01658),(-0.00089,-0.01690)
Solution for freq bin  2
Iter= 1, Amplit/Phase Solution Error:   0.239
Iter= 1, Polarisation Solution Error:   0.033
Iter= 1, Overall Solution Error:        1.092
Iter= 2, Amplit/Phase Solution Error:   0.001
Iter= 2, Polarisation Solution Error:   0.000
Iter= 2, Overall Solution Error:        0.003
Iter= 3, Amplit/Phase Solution Error:   0.001
Iter= 3, Polarisation Solution Error:   0.000
Iter= 3, Overall Solution Error:        0.001
I flux density:   2.3877
Leakage terms:
 Ant 1:Dx,Dy = ( 0.00159,-0.00850),(-0.00003,-0.00827)
 Ant 2:Dx,Dy = ( 0.00271, 0.00287),(-0.00276, 0.00316)
 Ant 3:Dx,Dy = ( 0.00618,-0.00128),(-0.00785,-0.00189)
 Ant 4:Dx,Dy = ( 0.00427, 0.01688),(-0.00263, 0.01734)
 Ant 5:Dx,Dy = (-0.01722, 0.00590),( 0.01652, 0.00621)
 Ant 6:Dx,Dy = ( 0.00385,-0.01639),(-0.00186,-0.01603)

2018-11-02 13:35:01,484 [MainThread  ] [INFO ]  pgflag vis=1934-638.9500 command='<b' stokes=i,q,u,v flagpar=8,5,5,3,6,3 options=nodisp

pgflag: Revision 1.30, 2016/10/05 23:06:50 UTC

Applying bandpass corrections to 1934-638.9500
Applying freq. dependent gain corrections to 1934-638.9500
Applying freq. dependent leakage correction to 1934-638.9500
Applying changes to dataset
Counts of correlations within selected channels:
 channel  Originally  Currently
 Good:       5852016    5828240    Changed to bad:      23776
 Bad:        1278504    1302280    Changed to good:         0
 18.3% of the data is now flagged

2018-11-02 13:35:15,680 [MainThread  ] [INFO ]  pgflag vis=1934-638.9500 command='<b' stokes=i,v,q,u flagpar=8,2,2,3,6,3  options=nodisp

pgflag: Revision 1.30, 2016/10/05 23:06:50 UTC

Applying bandpass corrections to 1934-638.9500
Applying freq. dependent gain corrections to 1934-638.9500
Applying freq. dependent leakage correction to 1934-638.9500
Applying changes to dataset
Counts of correlations within selected channels:
 channel  Originally  Currently
 Good:       5828240    5800040    Changed to bad:      28200
 Bad:        1302280    1330480    Changed to good:         0
 18.7% of the data is now flagged

2018-11-02 13:35:30,695 [MainThread  ] [INFO ]  pgflag vis=1934-638.9500 command='<b' stokes=i,v,u,q flagpar=8,2,2,3,6,3  options=nodisp

pgflag: Revision 1.30, 2016/10/05 23:06:50 UTC

Applying bandpass corrections to 1934-638.9500
Applying freq. dependent gain corrections to 1934-638.9500
Applying freq. dependent leakage correction to 1934-638.9500
Applying changes to dataset
Counts of correlations within selected channels:
 channel  Originally  Currently
 Good:       5800040    5776800    Changed to bad:      23240
 Bad:        1330480    1353720    Changed to good:         0
 19.0% of the data is now flagged

2018-11-02 13:36:30,496 [MainThread  ] [INFO ]  mfcal vis=1934-638.9500 refant=4 interval=0.1
MfCal: $Revision: 1.20 $, $Date: 2017/05/08 02:31:10 $
Selecting parallel-hand polarisations
Reading the data ...
Number correlations accepted: 2888400
Number of frequency bands/settings: 1
Number of polarisations selected: 2
Number of solution intervals: 58
Number of passband solution intervals: 1
Initialising ...
Using post-Aug94 ATCA flux scale for 1934-638.
Using known frequency variation of 1934-638
Generating initial solution estimate ...
Doing solution refinement ...
Iter= 1, Solution Error:  0.479
Iter= 2, Solution Error:  0.004
Iter= 3, Solution Error:  0.000
Saving solution ...

2018-11-02 13:36:32,793 [MainThread  ] [INFO ]  gpcal vis=1934-638.9500 refant=4 interval=0.1 nfbin=2 options=xyvary

gpcal: Revision 1.22, 2016/05/01 22:31:05 UTC

Applying bandpass corrections to 1934-638.9500
Number of antennae: 6
Using leakage parameters from input as initial guess
Reading the data ...
Number of solution intervals: 58
Total visibilities read: 870
Number visibilities accepted: 870
Using post-Aug94 ATCA flux scale for 1934-638.
Using IQUV =  2.5384,  0.0000,  0.0000,  0.0000 at   9.4594 GHz.
Using post-Aug94 ATCA flux scale for 1934-638.
Using IQUV =  2.6974,  0.0000,  0.0000,  0.0000 at   9.0086 GHz.
Using post-Aug94 ATCA flux scale for 1934-638.
Using IQUV =  2.3887,  0.0000,  0.0000,  0.0000 at   9.9352 GHz.
Iter= 1, Amplit/Phase Solution Error:   0.235
Iter= 1, Polarisation Solution Error:   0.000
Iter= 1, Overall Solution Error:        1.079
Iter= 2, Amplit/Phase Solution Error:   0.001
Iter= 2, Polarisation Solution Error:   0.000
Iter= 2, Overall Solution Error:        0.002
Iter= 3, Amplit/Phase Solution Error:   0.001
Iter= 3, Polarisation Solution Error:   0.000
Iter= 3, Overall Solution Error:        0.001
I flux density:   2.5384
Leakage terms:
 Ant 1:Dx,Dy = ( 0.00119,-0.00803),( 0.00024,-0.00784)
 Ant 2:Dx,Dy = ( 0.00301, 0.00320),(-0.00325, 0.00347)
 Ant 3:Dx,Dy = ( 0.00519,-0.00225),(-0.00767,-0.00274)
 Ant 4:Dx,Dy = ( 0.00525, 0.01673),(-0.00392, 0.01742)
 Ant 5:Dx,Dy = (-0.01621, 0.00663),( 0.01613, 0.00646)
 Ant 6:Dx,Dy = ( 0.00179,-0.01652),(-0.00132,-0.01653)
Solution for freq bin  1
Iter= 1, Amplit/Phase Solution Error:   0.232
Iter= 1, Polarisation Solution Error:   0.003
Iter= 1, Overall Solution Error:        1.070
Iter= 2, Amplit/Phase Solution Error:   0.001
Iter= 2, Polarisation Solution Error:   0.000
Iter= 2, Overall Solution Error:        0.002
Iter= 3, Amplit/Phase Solution Error:   0.001
Iter= 3, Polarisation Solution Error:   0.000
Iter= 3, Overall Solution Error:        0.001
I flux density:   2.6974
Leakage terms:
 Ant 1:Dx,Dy = ( 0.00083,-0.00761),( 0.00048,-0.00745)
 Ant 2:Dx,Dy = ( 0.00326, 0.00346),(-0.00368, 0.00374)
 Ant 3:Dx,Dy = ( 0.00429,-0.00309),(-0.00748,-0.00349)
 Ant 4:Dx,Dy = ( 0.00609, 0.01659),(-0.00503, 0.01747)
 Ant 5:Dx,Dy = (-0.01531, 0.00727),( 0.01576, 0.00667)
 Ant 6:Dx,Dy = ( 0.00002,-0.01661),(-0.00086,-0.01694)
Solution for freq bin  2
Iter= 1, Amplit/Phase Solution Error:   0.238
Iter= 1, Polarisation Solution Error:   0.003
Iter= 1, Overall Solution Error:        1.092
Iter= 2, Amplit/Phase Solution Error:   0.001
Iter= 2, Polarisation Solution Error:   0.000
Iter= 2, Overall Solution Error:        0.002
Iter= 3, Amplit/Phase Solution Error:   0.001
Iter= 3, Polarisation Solution Error:   0.000
Iter= 3, Overall Solution Error:        0.001
I flux density:   2.3887
Leakage terms:
 Ant 1:Dx,Dy = ( 0.00158,-0.00851),(-0.00002,-0.00828)
 Ant 2:Dx,Dy = ( 0.00271, 0.00289),(-0.00277, 0.00316)
 Ant 3:Dx,Dy = ( 0.00619,-0.00129),(-0.00787,-0.00190)
 Ant 4:Dx,Dy = ( 0.00428, 0.01689),(-0.00263, 0.01736)
 Ant 5:Dx,Dy = (-0.01722, 0.00592),( 0.01652, 0.00622)
 Ant 6:Dx,Dy = ( 0.00384,-0.01642),(-0.00185,-0.01605)

2018-11-02 13:36:34,033 [MainThread  ] [INFO ]  gpcopy vis=1934-638.9500 out=2312-319.9500

gpcopy: Revision 1.13, 2015/10/29 01:31:39 UTC

Copying leakage table
Copying gain table
Interpolation tolerance set to (minutes): 720.00
Copying bandpass table

2018-11-02 13:40:00,375 [MainThread  ] [INFO ]  pgflag vis=2312-319.9500 command='<b' stokes=i,q,u,v flagpar=8,5,5,3,6,3 options=nodisp

pgflag: Revision 1.30, 2016/10/05 23:06:50 UTC

Applying bandpass corrections to 2312-319.9500
Applying freq. dependent gain corrections to 2312-319.9500
Applying freq. dependent leakage correction to 2312-319.9500
Applying changes to dataset
Counts of correlations within selected channels:
 channel  Originally  Currently
 Good:      65868608   65269332    Changed to bad:     599276
 Bad:       10468936   11068212    Changed to good:         0
 14.5% of the data is now flagged

2018-11-02 13:43:16,559 [MainThread  ] [INFO ]  pgflag vis=2312-319.9500 command='<b' stokes=i,v,q,u flagpar=8,2,2,3,6,3  options=nodisp

pgflag: Revision 1.30, 2016/10/05 23:06:50 UTC

Applying bandpass corrections to 2312-319.9500
Applying freq. dependent gain corrections to 2312-319.9500
Applying freq. dependent leakage correction to 2312-319.9500
Applying changes to dataset
Counts of correlations within selected channels:
 channel  Originally  Currently
 Good:      65269332   64805736    Changed to bad:     463596
 Bad:       11068212   11531808    Changed to good:         0
 15.1% of the data is now flagged

2018-11-02 13:46:35,262 [MainThread  ] [INFO ]  pgflag vis=2312-319.9500 command='<b' stokes=i,v,u,q flagpar=8,2,2,3,6,3  options=nodisp

pgflag: Revision 1.30, 2016/10/05 23:06:50 UTC

Applying bandpass corrections to 2312-319.9500
Applying freq. dependent gain corrections to 2312-319.9500
Applying freq. dependent leakage correction to 2312-319.9500
Applying changes to dataset
Counts of correlations within selected channels:
 channel  Originally  Currently
 Good:      64805736   64380600    Changed to bad:     425136
 Bad:       11531808   11956944    Changed to good:         0
 15.7% of the data is now flagged

2018-11-02 13:46:45,012 [MainThread  ] [INFO ]  gpcal vis=2312-319.9500 refant=4 interval=0.1 nfbin=2 options=xyvary,qusolve

gpcal: Revision 1.22, 2016/05/01 22:31:05 UTC

Applying bandpass corrections to 2312-319.9500
Number of antennae: 6
Using leakage parameters from input as initial guess
Reading the data ...
Number of solution intervals: 626
Total visibilities read: 9314
Number visibilities accepted: 9312
Iter= 1, Amplit/Phase Solution Error:   0.359
Iter= 1, Polarisation Solution Error:   0.010
Iter= 1, Overall Solution Error:        2.031
Iter= 2, Amplit/Phase Solution Error:   0.012
Iter= 2, Polarisation Solution Error:   0.000
Iter= 2, Overall Solution Error:        0.009
Iter= 3, Amplit/Phase Solution Error:   0.001
Iter= 3, Polarisation Solution Error:   0.000
Iter= 3, Overall Solution Error:        0.001
Iter= 4, Amplit/Phase Solution Error:   0.000
Iter= 4, Polarisation Solution Error:   0.000
Iter= 4, Overall Solution Error:        0.000
I flux density:   0.5186
Percent Q:  -0.973
Percent U:  -0.696
Leakage terms:
 Ant 1:Dx,Dy = ( 0.00073,-0.00868),( 0.00043,-0.00741)
 Ant 2:Dx,Dy = ( 0.00314, 0.00245),(-0.00344, 0.00417)
 Ant 3:Dx,Dy = ( 0.00603,-0.00278),(-0.00830,-0.00208)
 Ant 4:Dx,Dy = ( 0.00394, 0.01657),(-0.00248, 0.01804)
 Ant 5:Dx,Dy = (-0.01636, 0.00603),( 0.01577, 0.00703)
 Ant 6:Dx,Dy = ( 0.00266,-0.01735),(-0.00185,-0.01598)
Solution for freq bin  1
Iter= 1, Amplit/Phase Solution Error:   0.343
Iter= 1, Polarisation Solution Error:   0.010
Iter= 1, Overall Solution Error:        1.958
Iter= 2, Amplit/Phase Solution Error:   0.013
Iter= 2, Polarisation Solution Error:   0.000
Iter= 2, Overall Solution Error:        0.010
Iter= 3, Amplit/Phase Solution Error:   0.001
Iter= 3, Polarisation Solution Error:   0.000
Iter= 3, Overall Solution Error:        0.001
I flux density:   0.5216
Percent Q:  -0.995
Percent U:  -0.749
Leakage terms:
 Ant 1:Dx,Dy = ( 0.00003,-0.00774),( 0.00066,-0.00711)
 Ant 2:Dx,Dy = ( 0.00346, 0.00290),(-0.00394, 0.00444)
 Ant 3:Dx,Dy = ( 0.00497,-0.00350),(-0.00806,-0.00307)
 Ant 4:Dx,Dy = ( 0.00487, 0.01699),(-0.00386, 0.01743)
 Ant 5:Dx,Dy = (-0.01536, 0.00676),( 0.01509, 0.00685)
 Ant 6:Dx,Dy = ( 0.00062,-0.01717),(-0.00128,-0.01677)
Solution for freq bin  2
Iter= 1, Amplit/Phase Solution Error:   0.374
Iter= 1, Polarisation Solution Error:   0.010
Iter= 1, Overall Solution Error:        2.086
Iter= 2, Amplit/Phase Solution Error:   0.012
Iter= 2, Polarisation Solution Error:   0.000
Iter= 2, Overall Solution Error:        0.009
Iter= 3, Amplit/Phase Solution Error:   0.001
Iter= 3, Polarisation Solution Error:   0.000
Iter= 3, Overall Solution Error:        0.001
I flux density:   0.5161
Percent Q:  -0.953
Percent U:  -0.645
Leakage terms:
 Ant 1:Dx,Dy = ( 0.00134,-0.00960),( 0.00022,-0.00769)
 Ant 2:Dx,Dy = ( 0.00288, 0.00202),(-0.00296, 0.00396)
 Ant 3:Dx,Dy = ( 0.00703,-0.00209),(-0.00856,-0.00115)
 Ant 4:Dx,Dy = ( 0.00308, 0.01617),(-0.00119, 0.01864)
 Ant 5:Dx,Dy = (-0.01731, 0.00535),( 0.01642, 0.00719)
 Ant 6:Dx,Dy = ( 0.00456,-0.01760),(-0.00237,-0.01521)

2018-11-02 13:49:48,056 [MainThread  ] [INFO ]  pgflag vis=2312-319.9500 command='<b' stokes=i,q,u,v flagpar=8,5,5,3,6,3 options=nodisp

pgflag: Revision 1.30, 2016/10/05 23:06:50 UTC

Applying bandpass corrections to 2312-319.9500
Applying freq. dependent gain corrections to 2312-319.9500
Applying freq. dependent leakage correction to 2312-319.9500
Applying changes to dataset
Counts of correlations within selected channels:
 channel  Originally  Currently
 Good:      64380600   64066756    Changed to bad:     313844
 Bad:       11956944   12270788    Changed to good:         0
 16.1% of the data is now flagged

2018-11-02 13:52:43,755 [MainThread  ] [INFO ]  pgflag vis=2312-319.9500 command='<b' stokes=i,v,q,u flagpar=8,2,2,3,6,3  options=nodisp

pgflag: Revision 1.30, 2016/10/05 23:06:50 UTC

Applying bandpass corrections to 2312-319.9500
Applying freq. dependent gain corrections to 2312-319.9500
Applying freq. dependent leakage correction to 2312-319.9500
Applying changes to dataset
Counts of correlations within selected channels:
 channel  Originally  Currently
 Good:      64066756   63776372    Changed to bad:     290384
 Bad:       12270788   12561172    Changed to good:         0
 16.5% of the data is now flagged

2018-11-02 13:55:42,482 [MainThread  ] [INFO ]  pgflag vis=2312-319.9500 command='<b' stokes=i,v,u,q flagpar=8,2,2,3,6,3  options=nodisp

pgflag: Revision 1.30, 2016/10/05 23:06:50 UTC

Applying bandpass corrections to 2312-319.9500
Applying freq. dependent gain corrections to 2312-319.9500
Applying freq. dependent leakage correction to 2312-319.9500
Applying changes to dataset
Counts of correlations within selected channels:
 channel  Originally  Currently
 Good:      63776372   63526944    Changed to bad:     249428
 Bad:       12561172   12810600    Changed to good:         0
 16.8% of the data is now flagged

2018-11-02 13:55:47,751 [MainThread  ] [INFO ]  gpcal vis=2312-319.9500 refant=4 interval=0.1 nfbin=2 options=xyvary,qusolve

gpcal: Revision 1.22, 2016/05/01 22:31:05 UTC

Applying bandpass corrections to 2312-319.9500
Number of antennae: 6
Using leakage parameters from input as initial guess
Reading the data ...
Number of solution intervals: 626
Total visibilities read: 9314
Number visibilities accepted: 9312
Iter= 1, Amplit/Phase Solution Error:   0.359
Iter= 1, Polarisation Solution Error:   0.010
Iter= 1, Overall Solution Error:        2.034
Iter= 2, Amplit/Phase Solution Error:   0.012
Iter= 2, Polarisation Solution Error:   0.000
Iter= 2, Overall Solution Error:        0.010
Iter= 3, Amplit/Phase Solution Error:   0.001
Iter= 3, Polarisation Solution Error:   0.000
Iter= 3, Overall Solution Error:        0.001
Iter= 4, Amplit/Phase Solution Error:   0.000
Iter= 4, Polarisation Solution Error:   0.000
Iter= 4, Overall Solution Error:        0.000
I flux density:   0.5223
Percent Q:  -0.973
Percent U:  -0.693
Leakage terms:
 Ant 1:Dx,Dy = ( 0.00072,-0.00867),( 0.00046,-0.00740)
 Ant 2:Dx,Dy = ( 0.00314, 0.00243),(-0.00343, 0.00416)
 Ant 3:Dx,Dy = ( 0.00605,-0.00279),(-0.00831,-0.00209)
 Ant 4:Dx,Dy = ( 0.00394, 0.01656),(-0.00247, 0.01804)
 Ant 5:Dx,Dy = (-0.01635, 0.00604),( 0.01579, 0.00704)
 Ant 6:Dx,Dy = ( 0.00268,-0.01735),(-0.00185,-0.01598)
Solution for freq bin  1
Iter= 1, Amplit/Phase Solution Error:   0.343
Iter= 1, Polarisation Solution Error:   0.010
Iter= 1, Overall Solution Error:        1.958
Iter= 2, Amplit/Phase Solution Error:   0.013
Iter= 2, Polarisation Solution Error:   0.000
Iter= 2, Overall Solution Error:        0.010
Iter= 3, Amplit/Phase Solution Error:   0.001
Iter= 3, Polarisation Solution Error:   0.000
Iter= 3, Overall Solution Error:        0.001
I flux density:   0.5252
Percent Q:  -0.993
Percent U:  -0.746
Leakage terms:
 Ant 1:Dx,Dy = ( 0.00001,-0.00771),( 0.00069,-0.00708)
 Ant 2:Dx,Dy = ( 0.00345, 0.00289),(-0.00395, 0.00443)
 Ant 3:Dx,Dy = ( 0.00497,-0.00352),(-0.00808,-0.00308)
 Ant 4:Dx,Dy = ( 0.00486, 0.01697),(-0.00389, 0.01741)
 Ant 5:Dx,Dy = (-0.01536, 0.00679),( 0.01510, 0.00686)
 Ant 6:Dx,Dy = ( 0.00064,-0.01716),(-0.00129,-0.01679)
Solution for freq bin  2
Iter= 1, Amplit/Phase Solution Error:   0.374
Iter= 1, Polarisation Solution Error:   0.010
Iter= 1, Overall Solution Error:        2.087
Iter= 2, Amplit/Phase Solution Error:   0.012
Iter= 2, Polarisation Solution Error:   0.000
Iter= 2, Overall Solution Error:        0.009
Iter= 3, Amplit/Phase Solution Error:   0.001
Iter= 3, Polarisation Solution Error:   0.000
Iter= 3, Overall Solution Error:        0.001
I flux density:   0.5197
Percent Q:  -0.954
Percent U:  -0.643
Leakage terms:
 Ant 1:Dx,Dy = ( 0.00135,-0.00959),( 0.00024,-0.00769)
 Ant 2:Dx,Dy = ( 0.00289, 0.00200),(-0.00294, 0.00395)
 Ant 3:Dx,Dy = ( 0.00704,-0.00209),(-0.00854,-0.00116)
 Ant 4:Dx,Dy = ( 0.00310, 0.01618),(-0.00118, 0.01864)
 Ant 5:Dx,Dy = (-0.01729, 0.00536),( 0.01643, 0.00719)
 Ant 6:Dx,Dy = ( 0.00456,-0.01759),(-0.00236,-0.01520)

2018-11-02 13:55:47,883 [MainThread  ] [INFO ]  gpboot vis=2312-319.9500 cal=1934-638.9500

gpboot: Revision 1.9, 2015/10/29 01:31:30 UTC

Secondary flux density scaled by:   0.986
Frequency bin  1 scaled by      :   0.988
Frequency bin  2 scaled by      :   0.988

2018-11-02 13:57:28,562 [MainThread  ] [INFO ]  gpcopy vis=2312-319.9500 out=c.9500

gpcopy: Revision 1.13, 2015/10/29 01:31:39 UTC

Copying leakage table
Copying gain table
Interpolation tolerance set to (minutes): 720.00
Copying bandpass table

2018-11-02 14:18:40,338 [MainThread  ] [INFO ]  pgflag vis=c.9500 command='<b' stokes=i,v,q,u flagpar=8,2,2,3,6,3  options=nodisp

pgflag: Revision 1.30, 2016/10/05 23:06:50 UTC

Applying bandpass corrections to c.9500
Applying freq. dependent gain corrections to c.9500
Applying freq. dependent leakage correction to c.9500
Applying changes to dataset
Counts of correlations within selected channels:
 channel  Originally  Currently
 Good:     410501312  397591752    Changed to bad:   12909560
 Bad:       65243704   78153264    Changed to good:         0
 16.4% of the data is now flagged

2018-11-02 14:41:50,003 [MainThread  ] [INFO ]  pgflag vis=c.9500 command='<b' stokes=i,v,u,q flagpar=8,2,2,3,6,3  options=nodisp

pgflag: Revision 1.30, 2016/10/05 23:06:50 UTC

Applying bandpass corrections to c.9500
Applying freq. dependent gain corrections to c.9500
Applying freq. dependent leakage correction to c.9500
Applying changes to dataset
Counts of correlations within selected channels:
 channel  Originally  Currently
 Good:     397591752  388510812    Changed to bad:    9080940
 Bad:       78153264   87234204    Changed to good:         0
 18.3% of the data is now flagged

2018-11-02 14:45:38,390 [MainThread  ] [INFO ]  uvsplit vis=c.9500

uvsplit: Revision 1.18, 2016/05/09 03:06:18 UTC

Creating c_781.9500
Creating c_782.9500
Creating c_783.9500
Creating c_784.9500
Creating c_785.9500
Creating c_786.9500
Creating c_787.9500
Creating c_788.9500
Creating c_789.9500
Creating c_790.9500
Creating c_791.9500
Creating c_792.9500
Creating c_793.9500
Creating c_794.9500
Creating c_795.9500
Creating c_796.9500
Creating c_797.9500
Creating c_798.9500
Creating c_799.9500
Creating c_800.9500
Creating c_801.9500
Creating c_802.9500
Creating c_803.9500
Creating c_804.9500
Creating c_805.9500
Creating c_806.9500
Creating c_807.9500
Creating c_808.9500
Creating c_809.9500
Creating c_810.9500
Creating c_811.9500
Creating c_812.9500
Creating c_813.9500
Creating c_814.9500
Creating c_815.9500
Creating c_816.9500
Creating c_817.9500
Creating c_818.9500
Creating c_819.9500
Creating c_820.9500
Creating c_821.9500
Creating c_822.9500
Creating c_823.9500
Creating c_824.9500
Creating c_825.9500
Creating c_826.9500
Creating c_827.9500
Creating c_828.9500
Creating c_829.9500
Creating c_830.9500
Creating c_831.9500
Creating c_832.9500
Creating c_833.9500
Creating c_834.9500
Creating c_835.9500
Creating c_836.9500
Creating c_837.9500
Creating c_838.9500
Creating c_839.9500
Creating c_840.9500
Creating c_841.9500
Creating c_842.9500
Creating c_843.9500
Creating c_844.9500
Creating c_845.9500
Creating c_846.9500
Creating c_847.9500
Creating c_848.9500
Creating c_849.9500
Creating c_850.9500
Creating c_851.9500
Creating c_852.9500
Creating c_853.9500
Creating c_854.9500
Creating c_855.9500
Creating c_856.9500
Creating c_857.9500
Creating c_858.9500
Creating c_859.9500
Creating c_860.9500
Creating c_861.9500
Creating c_862.9500
Creating c_863.9500
Creating c_864.9500
Creating c_865.9500
Creating c_866.9500
Creating c_867.9500
Creating c_868.9500
Creating c_869.9500
Creating c_870.9500
Creating c_871.9500
Creating c_872.9500
Creating c_873.9500
Creating c_874.9500
Creating c_875.9500
Creating c_876.9500
Creating c_877.9500
Creating c_878.9500
Creating c_879.9500
Creating c_880.9500
Creating c_881.9500
Creating c_882.9500
Creating c_883.9500
Creating c_884.9500
Creating c_885.9500
Creating c_886.9500
Creating c_887.9500
Creating c_888.9500
Creating c_889.9500
Creating c_890.9500
Creating c_891.9500
Creating c_892.9500
Creating c_893.9500
Creating c_894.9500
Creating c_895.9500
Creating c_896.9500
Creating c_897.9500
Creating c_898.9500
Creating c_899.9500
Creating c_900.9500
Creating c_721.9500
Creating c_722.9500
Creating c_723.9500
Creating c_724.9500
Creating c_725.9500
Creating c_726.9500
Creating c_727.9500
Creating c_728.9500
Creating c_729.9500
Creating c_730.9500
Creating c_731.9500
Creating c_732.9500
Creating c_733.9500
Creating c_734.9500
Creating c_735.9500
Creating c_736.9500
Creating c_737.9500
Creating c_738.9500
Creating c_739.9500
Creating c_740.9500
Creating c_741.9500
Creating c_742.9500
Creating c_743.9500
Creating c_744.9500
Creating c_745.9500
Creating c_746.9500
Creating c_747.9500
Creating c_748.9500
Creating c_749.9500
Creating c_750.9500
Creating c_751.9500
Creating c_752.9500
Creating c_753.9500
Creating c_754.9500
Creating c_755.9500
Creating c_756.9500
Creating c_757.9500
Creating c_758.9500
Creating c_759.9500
Creating c_760.9500
Creating c_761.9500
Creating c_762.9500
Creating c_763.9500
Creating c_764.9500
Creating c_765.9500
Creating c_766.9500
Creating c_767.9500
Creating c_768.9500
Creating c_769.9500
Creating c_770.9500
Creating c_771.9500
Creating c_772.9500
Creating c_773.9500
Creating c_774.9500
Creating c_775.9500
Creating c_776.9500
Creating c_777.9500
Creating c_778.9500
Creating c_779.9500
Creating c_780.9500

