2018-11-22 16:22:24,295 [MainThread  ] [INFO ]  atlod in=raw/2017-04-13_1746.C3132,raw/2017-04-13_2034.C3132,raw/2017-04-13_2321.C3132,raw/2017-04-14_0207.C3132,raw/2017-04-14_0454.C3132 out=data9.uv ifsel=2 options=birdie,rfiflag,noauto,xycorr

atlod: Revision 1.53, 2016/08/25 23:02:21 UTC

Processing file raw/2017-04-13_1746.C3132
 17:46:32 CAOBS> track 1
CABB data detected
Scan 1 started at 17APR13:17:46:52.0
Source: 1934-638
Flagging channels in  28 frequency ranges
 17:57:47 CAOBS> stop
 17:58:14 CAOBS> setfile c3132_obs_a2
 17:58:26 CAOBS> set file c3132_obs_a2
 17:58:30 CAOBS> start 1/100
Scan 2 started at 17APR13:18:00:20.0
Source: 2312-319
Scan 3 started at 17APR13:18:03:00.0
Source: a_181
Source: a_182
Source: a_183
Source: a_184
Source: a_185
Source: a_186
Source: a_187
Source: a_188
Source: a_189
Source: a_190
Source: a_191
Source: a_192
Source: a_193
Source: a_194
Source: a_195
Source: a_196
Source: a_197
Source: a_198
Source: a_199
Source: a_200
Scan 4 started at 17APR13:18:16:28.0
Source: 2312-319
Scan 5 started at 17APR13:18:19:26.5
Source: a_201
Source: a_202
Source: a_203
Source: a_204
Source: a_205
Source: a_206
Source: a_207
Source: a_208
Source: a_209
Source: a_210
Source: a_211
Source: a_212
Source: a_213
Source: a_214
Source: a_215
Source: a_216
Source: a_217
Source: a_218
Source: a_219
Source: a_220
Scan 6 started at 17APR13:18:33:00.0
Source: 2312-319
Scan 7 started at 17APR13:18:35:34.8
Source: a_221
Source: a_222
Source: a_223
Source: a_224
Source: a_225
Source: a_226
Source: a_227
Source: a_228
Source: a_229
Source: a_230
Source: a_231
Source: a_232
Source: a_233
Source: a_234
Source: a_235
Source: a_236
Source: a_237
Source: a_238
Source: a_239
Source: a_240
Scan 8 started at 17APR13:18:49:08.0
Source: 2312-319
Scan 9 started at 17APR13:18:51:48.0
Source: a_241
Source: a_242
Source: a_243
Source: a_244
Source: a_245
Source: a_246
Source: a_247
Source: a_248
Source: a_249
Source: a_250
Source: a_251
Source: a_252
Source: a_253
Source: a_254
Source: a_255
Source: a_256
Source: a_257
Source: a_258
Source: a_259
Source: a_260
Scan 10 started at 17APR13:19:05:16.0
Source: 2312-319
Scan 11 started at 17APR13:19:07:56.0
Source: a_261
Source: a_262
Source: a_263
Source: a_264
Source: a_265
Source: a_266
Source: a_267
Source: a_268
Source: a_269
Source: a_270
Source: a_271
Source: a_272
Source: a_273
Source: a_274
Source: a_275
Source: a_276
Source: a_277
Source: a_278
Source: a_279
Source: a_280
Scan 12 started at 17APR13:19:21:24.0
Source: 2312-319
Scan 13 started at 17APR13:19:23:58.5
Source: a_281
Source: a_282
Source: a_283
Source: a_284
Source: a_285
Source: a_286
Source: a_287
Source: a_288
Source: a_289
Source: a_290
Source: a_291
Source: a_292
Source: a_293
Source: a_294
Source: a_295
Source: a_296
Source: a_297
Source: a_298
Source: a_299
Source: a_300
Scan 14 started at 17APR13:19:37:32.0
Source: 2312-319
Scan 15 started at 17APR13:19:40:12.0
Source: a_301
Source: a_302
Source: a_303
Source: a_304
Source: a_305
Source: a_306
Source: a_307
Source: a_308
Source: a_309
Source: a_310
Source: a_311
Source: a_312
Source: a_313
Source: a_314
Source: a_315
Source: a_316
Source: a_317
Source: a_318
Source: a_319
Source: a_320
Scan 16 started at 17APR13:19:53:40.0
Source: 2312-319
Scan 17 started at 17APR13:19:56:20.0
Source: a_321
Source: a_322
Source: a_323
Source: a_324
Source: a_325
Source: a_326
Source: a_327
Source: a_328
Source: a_329
Source: a_330
Source: a_331
Source: a_332
Source: a_333
Source: a_334
Source: a_335
Source: a_336
Source: a_337
Source: a_338
Source: a_339
Source: a_340
Scan 18 started at 17APR13:20:09:48.0
Source: 2312-319
Scan 19 started at 17APR13:20:12:22.8
Source: a_341
Source: a_342
Source: a_343
Source: a_344
Source: a_345
Source: a_346
Source: a_347
Source: a_348
Source: a_349
Source: a_350
Source: a_351
Source: a_352
Source: a_353
Source: a_354
Source: a_355
Source: a_356
Source: a_357
Source: a_358
Source: a_359
Source: a_360
Scan 20 started at 17APR13:20:25:56.0
Source: 2312-319
Scan 21 started at 17APR13:20:28:44.0
Source: a_181
Source: a_182
Source: a_183
Source: a_184
Source: a_185
Source: a_186
Source: a_187
Source: a_188
Source: a_189
RPFITS file version is 2.12
---------------------------------------
Total number of spectra selected: 72660

Summary of spectra flagged
Flagging Reason            Fraction
---------------            --------
Antenna off-source/off-line  3.41%
---------------------------------------
Processing file raw/2017-04-13_2034.C3132
CABB data detected
Scan 1 started at 17APR13:20:34:20.0
Source: a_189
Source: a_190
Source: a_191
Source: a_192
Source: a_193
Source: a_194
Source: a_195
Source: a_196
Source: a_197
Source: a_198
Source: a_199
Source: a_200
Scan 2 started at 17APR13:20:42:12.0
Source: 2312-319
Scan 3 started at 17APR13:20:45:00.0
Source: a_201
Source: a_202
Source: a_203
Source: a_204
Source: a_205
Source: a_206
Source: a_207
Source: a_208
Source: a_209
Source: a_210
Source: a_211
Source: a_212
Source: a_213
Source: a_214
Source: a_215
Source: a_216
Source: a_217
Source: a_218
Source: a_219
Source: a_220
Scan 4 started at 17APR13:20:58:28.0
Source: 2312-319
Scan 5 started at 17APR13:21:01:24.0
Source: a_221
Source: a_222
Source: a_223
Source: a_224
Source: a_225
Source: a_226
Source: a_227
Source: a_228
Source: a_229
Source: a_230
Source: a_231
Source: a_232
Source: a_233
Source: a_234
Source: a_235
Source: a_236
Source: a_237
Source: a_238
Source: a_239
Source: a_240
Scan 6 started at 17APR13:21:14:52.0
Source: 2312-319
Scan 7 started at 17APR13:21:17:48.0
Source: a_241
Source: a_242
Source: a_243
Source: a_244
Source: a_245
Source: a_246
Source: a_247
Source: a_248
Source: a_249
Source: a_250
Source: a_251
Source: a_252
Source: a_253
Source: a_254
Source: a_255
Source: a_256
Source: a_257
Source: a_258
Source: a_259
Source: a_260
Scan 8 started at 17APR13:21:31:08.0
Source: 2312-319
Scan 9 started at 17APR13:21:33:56.0
Source: a_261
Source: a_262
Source: a_263
Source: a_264
Source: a_265
Source: a_266
Source: a_267
Source: a_268
Source: a_269
Source: a_270
Source: a_271
Source: a_272
Source: a_273
Source: a_274
Source: a_275
Source: a_276
Source: a_277
Source: a_278
Source: a_279
Source: a_280
Scan 10 started at 17APR13:21:47:32.0
Source: 2312-319
Scan 11 started at 17APR13:21:50:14.5
Source: a_281
Source: a_282
Source: a_283
Source: a_284
Source: a_285
Source: a_286
Source: a_287
Source: a_288
Source: a_289
Source: a_290
Source: a_291
Source: a_292
Source: a_293
Source: a_294
Source: a_295
Source: a_296
Source: a_297
Source: a_298
Source: a_299
Source: a_300
Scan 12 started at 17APR13:22:03:56.0
Source: 2312-319
Scan 13 started at 17APR13:22:06:52.0
Source: a_301
Source: a_302
Source: a_303
Source: a_304
Source: a_305
Source: a_306
Source: a_307
Source: a_308
Source: a_309
Source: a_310
Source: a_311
Source: a_312
Source: a_313
Source: a_314
Source: a_315
Source: a_316
Source: a_317
Source: a_318
Source: a_319
Source: a_320
Scan 14 started at 17APR13:22:20:12.0
Source: 2312-319
Scan 15 started at 17APR13:22:23:16.0
Source: a_321
Source: a_322
Source: a_323
Source: a_324
Source: a_325
Source: a_326
Source: a_327
Source: a_328
Source: a_329
Source: a_330
Source: a_331
Source: a_332
Source: a_333
Source: a_334
Source: a_335
Source: a_336
Source: a_337
Source: a_338
Source: a_339
Source: a_340
Scan 16 started at 17APR13:22:36:52.0
Source: 2312-319
Scan 17 started at 17APR13:22:39:56.0
Source: a_341
Source: a_342
Source: a_343
Source: a_344
Source: a_345
Source: a_346
Source: a_347
Source: a_348
Source: a_349
Source: a_350
Source: a_351
Source: a_352
Source: a_353
Source: a_354
Source: a_355
Source: a_356
Source: a_357
Source: a_358
Source: a_359
Source: a_360
Scan 18 started at 17APR13:22:53:32.0
Source: 2312-319
Scan 19 started at 17APR13:22:56:52.0
Source: a_181
Source: a_182
Source: a_183
Source: a_184
Source: a_185
Source: a_186
Source: a_187
Source: a_188
Source: a_189
Source: a_190
Source: a_191
Source: a_192
Source: a_193
Source: a_194
Source: a_195
Source: a_196
Source: a_197
Source: a_198
Source: a_199
Source: a_200
Scan 20 started at 17APR13:23:10:28.0
Source: 2312-319
Scan 21 started at 17APR13:23:13:56.0
Source: a_201
Source: a_202
Source: a_203
Source: a_204
Source: a_205
Source: a_206
Source: a_207
Source: a_208
Source: a_209
Source: a_210
Source: a_211
Source: a_212
RPFITS file version is 2.12
---------------------------------------
Total number of spectra selected: 72660

Summary of spectra flagged
Flagging Reason            Fraction
---------------            --------
Antenna off-source/off-line  5.30%
---------------------------------------
Processing file raw/2017-04-13_2321.C3132
CABB data detected
Scan 1 started at 17APR13:23:21:08.0
Source: a_212
Source: a_213
Source: a_214
Source: a_215
Source: a_216
Source: a_217
Source: a_218
Source: a_219
Source: a_220
Scan 2 started at 17APR13:23:28:04.0
Source: 2312-319
Scan 3 started at 17APR13:23:32:04.0
Source: a_221
Source: a_222
Source: a_223
Source: a_224
Source: a_225
Source: a_226
Source: a_227
Source: a_228
Source: a_229
Source: a_230
Source: a_231
Source: a_232
Source: a_233
Source: a_234
Source: a_235
Source: a_236
Source: a_237
Source: a_238
Source: a_239
Source: a_240
Scan 4 started at 17APR13:23:45:56.0
Source: 2312-319
Scan 5 started at 17APR13:23:49:08.0
Source: a_241
Source: a_242
Source: a_243
Source: a_244
Source: a_245
Source: a_246
Source: a_247
Source: a_248
Source: a_249
Source: a_250
Source: a_251
Source: a_252
Source: a_253
Source: a_254
Source: a_255
Source: a_256
Source: a_257
Source: a_258
Source: a_259
Source: a_260
Scan 6 started at 17APR14:00:02:52.0
Source: 2312-319
Scan 7 started at 17APR14:00:06:12.0
Source: a_261
Source: a_262
Source: a_263
Source: a_264
Source: a_265
Source: a_266
Source: a_267
Source: a_268
Source: a_269
Source: a_270
Source: a_271
Source: a_272
Source: a_273
Source: a_274
Source: a_275
Source: a_276
Source: a_277
Source: a_278
Source: a_279
Source: a_280
Scan 8 started at 17APR14:00:20:04.0
Source: 2312-319
Scan 9 started at 17APR14:00:23:08.0
Source: a_281
Source: a_282
Source: a_283
Source: a_284
Source: a_285
Source: a_286
Source: a_287
Source: a_288
Source: a_289
Source: a_290
Source: a_291
Source: a_292
Source: a_293
Source: a_294
Source: a_295
Source: a_296
Source: a_297
Source: a_298
Source: a_299
Source: a_300
Scan 10 started at 17APR14:00:36:44.0
Source: 2312-319
Scan 11 started at 17APR14:00:39:56.0
Source: a_301
Source: a_302
Source: a_303
Source: a_304
Source: a_305
Source: a_306
Source: a_307
Source: a_308
Source: a_309
Source: a_310
Source: a_311
Source: a_312
Source: a_313
Source: a_314
Source: a_315
Source: a_316
Source: a_317
Source: a_318
Source: a_319
Source: a_320
Scan 12 started at 17APR14:00:53:24.0
Source: 2312-319
Scan 13 started at 17APR14:00:56:28.0
Source: a_321
Source: a_322
Source: a_323
Source: a_324
Source: a_325
Source: a_326
Source: a_327
Source: a_328
Source: a_329
Source: a_330
Source: a_331
Source: a_332
Source: a_333
Source: a_334
Source: a_335
Source: a_336
Source: a_337
Source: a_338
Source: a_339
Source: a_340
Scan 14 started at 17APR14:01:09:56.0
Source: 2312-319
Scan 15 started at 17APR14:01:12:52.0
Source: a_341
Source: a_342
Source: a_343
Source: a_344
Source: a_345
Source: a_346
Source: a_347
Source: a_348
Source: a_349
Source: a_350
Source: a_351
Source: a_352
Source: a_353
Source: a_354
Source: a_355
Source: a_356
Source: a_357
Source: a_358
Source: a_359
Source: a_360
Scan 16 started at 17APR14:01:26:28.0
Source: 2312-319
Scan 17 started at 17APR14:01:29:24.0
Source: a_181
Source: a_182
Source: a_183
Source: a_184
Source: a_185
Source: a_186
Source: a_187
Source: a_188
Source: a_189
Source: a_190
Source: a_191
Source: a_192
Source: a_193
Source: a_194
Source: a_195
Source: a_196
Source: a_197
Source: a_198
Source: a_199
Source: a_200
Scan 18 started at 17APR14:01:42:52.0
Source: 2312-319
Scan 19 started at 17APR14:01:45:40.0
Source: a_201
Source: a_202
Source: a_203
Source: a_204
Source: a_205
Source: a_206
Source: a_207
Source: a_208
Source: a_209
Source: a_210
Source: a_211
Source: a_212
Source: a_213
Source: a_214
Source: a_215
Source: a_216
Source: a_217
Source: a_218
Source: a_219
Source: a_220
Scan 20 started at 17APR14:01:59:16.0
Source: 2312-319
Scan 21 started at 17APR14:02:02:04.0
Source: a_221
Source: a_222
Source: a_223
Source: a_224
Source: a_225
Source: a_226
Source: a_227
Source: a_228
Source: a_229
RPFITS file version is 2.12
---------------------------------------
Total number of spectra selected: 72660

Summary of spectra flagged
Flagging Reason            Fraction
---------------            --------
Antenna off-source/off-line  8.18%
---------------------------------------
Processing file raw/2017-04-14_0207.C3132
CABB data detected
Scan 1 started at 17APR14:02:07:57.5
Source: a_230
Source: a_231
Source: a_232
Source: a_233
Source: a_234
Source: a_235
Source: a_236
Source: a_237
Source: a_238
Source: a_239
Source: a_240
Scan 2 started at 17APR14:02:15:32.0
Source: 2312-319
Scan 3 started at 17APR14:02:18:28.0
Source: a_241
Source: a_242
Source: a_243
Source: a_244
Source: a_245
Source: a_246
Source: a_247
Source: a_248
Source: a_249
Source: a_250
Source: a_251
Source: a_252
Source: a_253
Source: a_254
Source: a_255
Source: a_256
Source: a_257
Source: a_258
Source: a_259
Source: a_260
Scan 4 started at 17APR14:02:31:48.0
Source: 2312-319
Scan 5 started at 17APR14:02:34:36.0
Source: a_261
Source: a_262
Source: a_263
Source: a_264
Source: a_265
Source: a_266
Source: a_267
Source: a_268
Source: a_269
Source: a_270
Source: a_271
Source: a_272
Source: a_273
Source: a_274
Source: a_275
Source: a_276
Source: a_277
Source: a_278
Source: a_279
Source: a_280
Scan 6 started at 17APR14:02:48:12.0
Source: 2312-319
Scan 7 started at 17APR14:02:50:54.5
Source: a_281
Source: a_282
Source: a_283
Source: a_284
Source: a_285
Source: a_286
Source: a_287
Source: a_288
Source: a_289
Source: a_290
Source: a_291
Source: a_292
Source: a_293
Source: a_294
Source: a_295
Source: a_296
Source: a_297
Source: a_298
Source: a_299
Source: a_300
Scan 8 started at 17APR14:03:04:28.0
Source: 2312-319
Scan 9 started at 17APR14:03:07:16.0
Source: a_301
Source: a_302
Source: a_303
Source: a_304
Source: a_305
Source: a_306
Source: a_307
Source: a_308
Source: a_309
Source: a_310
Source: a_311
Source: a_312
Source: a_313
Source: a_314
Source: a_315
Source: a_316
Source: a_317
Source: a_318
Source: a_319
Source: a_320
Scan 10 started at 17APR14:03:20:44.0
Source: 2312-319
Scan 11 started at 17APR14:03:23:32.0
Source: a_321
Source: a_322
Source: a_323
Source: a_324
Source: a_325
Source: a_326
Source: a_327
Source: a_328
Source: a_329
Source: a_330
Source: a_331
Source: a_332
Source: a_333
Source: a_334
Source: a_335
Source: a_336
Source: a_337
Source: a_338
Source: a_339
Source: a_340
Scan 12 started at 17APR14:03:37:00.0
Source: 2312-319
Scan 13 started at 17APR14:03:39:48.0
Source: a_341
Source: a_342
Source: a_343
Source: a_344
Source: a_345
Source: a_346
Source: a_347
Source: a_348
Source: a_349
Source: a_350
Source: a_351
Source: a_352
Source: a_353
Source: a_354
Source: a_355
Source: a_356
Source: a_357
Source: a_358
Source: a_359
Source: a_360
Scan 14 started at 17APR14:03:53:16.0
Source: 2312-319
Scan 15 started at 17APR14:03:56:04.0
Source: a_181
Source: a_182
Source: a_183
Source: a_184
Source: a_185
Source: a_186
Source: a_187
Source: a_188
Source: a_189
Source: a_190
Source: a_191
Source: a_192
Source: a_193
Source: a_194
Source: a_195
Source: a_196
Source: a_197
Source: a_198
Source: a_199
Source: a_200
Scan 16 started at 17APR14:04:09:32.0
Source: 2312-319
Scan 17 started at 17APR14:04:12:22.8
Source: a_201
Source: a_202
Source: a_203
Source: a_204
Source: a_205
Source: a_206
Source: a_207
Source: a_208
Source: a_209
Source: a_210
Source: a_211
Source: a_212
Source: a_213
Source: a_214
Source: a_215
Source: a_216
Source: a_217
Source: a_218
Source: a_219
Source: a_220
Scan 18 started at 17APR14:04:25:56.0
Source: 2312-319
Scan 19 started at 17APR14:04:28:44.0
Source: a_221
Source: a_222
Source: a_223
Source: a_224
Source: a_225
Source: a_226
Source: a_227
Source: a_228
Source: a_229
Source: a_230
Source: a_231
Source: a_232
Source: a_233
Source: a_234
Source: a_235
Source: a_236
Source: a_237
Source: a_238
Source: a_239
Source: a_240
Scan 20 started at 17APR14:04:42:12.0
Source: 2312-319
Scan 21 started at 17APR14:04:44:52.0
Source: a_241
Source: a_242
Source: a_243
Source: a_244
Source: a_245
Source: a_246
Source: a_247
Source: a_248
Source: a_249
Source: a_250
Source: a_251
Source: a_252
Source: a_253
Source: a_254
Source: a_255
RPFITS file version is 2.12
---------------------------------------
Total number of spectra selected: 72660

Summary of spectra flagged
Flagging Reason            Fraction
---------------            --------
Antenna off-source/off-line  3.30%
---------------------------------------
Processing file raw/2017-04-14_0454.C3132
CABB data detected
Scan 1 started at 17APR14:04:54:45.2
Source: a_256
Source: a_257
Source: a_258
Source: a_259
Source: a_260
Scan 2 started at 17APR14:04:58:20.0
Source: 2312-319
Scan 3 started at 17APR14:05:01:00.0
Source: a_261
Source: a_262
Source: a_263
Source: a_264
Source: a_265
Source: a_266
Source: a_267
Source: a_268
Source: a_269
Source: a_270
Source: a_271
Source: a_272
Source: a_273
Source: a_274
Source: a_275
Source: a_276
Source: a_277
Source: a_278
Source: a_279
Source: a_280
Scan 4 started at 17APR14:05:14:28.0
Source: 2312-319
Scan 5 started at 17APR14:05:17:02.5
Source: a_281
Source: a_282
Source: a_283
Source: a_284
Source: a_285
Source: a_286
Source: a_287
Source: a_288
Source: a_289
Source: a_290
Source: a_291
Source: a_292
Source: a_293
Source: a_294
Source: a_295
Source: a_296
Source: a_297
 05:27:53 CAOBS> stop
 05:27:58 CAOBS> track 13
Scan 6 started at 17APR14:05:28:12.0
Source: 2312-319
 05:29:56 CAOBS> stop
 05:29:59 CAOBS> corr closef
RPFITS file version is 2.12
---------------------------------------
Total number of spectra selected: 15180

Summary of spectra flagged
Flagging Reason            Fraction
---------------            --------
Antenna off-source/off-line  2.37%
---------------------------------------

No CACAL data was detected

2018-11-22 16:24:28,338 [MainThread  ] [INFO ]  uvflag vis=data9.uv line=chan,65,850,1 flagval=flag

uvflag: Revision 1.8, 2014/09/30 14:23:39 UTC


Set flags to indicate bad data in visibility file data9.uv
Linetype channel; select   65 channels; start  850, width    1, step    1

Overview of flagging on visibility file data9.uv
Changed flags set to FALSE (data flagged as bad)
Total number of records selected: 290792; out of 290792 records
Antennas used: 1-6
Counts of correlations within selected channels
channel   Originally    Currently
Good:        18901480.           0.    Changed to bad:    18901480.
Bad:                0.    18901480.

2018-11-22 16:25:43,677 [MainThread  ] [INFO ]  uvsplit vis=data9.uv options=mosaic

uvsplit: Revision 1.18, 2016/05/09 03:06:18 UTC

Creating 1934-638.9500
Creating 2312-319.9500
Creating a.9500

2018-11-22 16:25:58,344 [MainThread  ] [INFO ]  pgflag vis=1934-638.9500 command='<b' stokes=i,q,u,v flagpar=8,5,5,3,6,3 options=nodisp

pgflag: Revision 1.30, 2016/10/05 23:06:50 UTC

Applying changes to dataset
Counts of correlations within selected channels:
 channel  Originally  Currently
 Good:       8698560    8614344    Changed to bad:      84216
 Bad:        1382520    1466736    Changed to good:         0
 14.5% of the data is now flagged

2018-11-22 16:26:11,774 [MainThread  ] [INFO ]  pgflag vis=1934-638.9500 command='<b' stokes=i,v,q,u flagpar=8,2,2,3,6,3  options=nodisp

pgflag: Revision 1.30, 2016/10/05 23:06:50 UTC

Applying changes to dataset
Counts of correlations within selected channels:
 channel  Originally  Currently
 Good:       8614344    8539064    Changed to bad:      75280
 Bad:        1466736    1542016    Changed to good:         0
 15.3% of the data is now flagged

2018-11-22 16:26:25,914 [MainThread  ] [INFO ]  pgflag vis=1934-638.9500 command='<b' stokes=i,v,u,q flagpar=8,2,2,3,6,3  options=nodisp

pgflag: Revision 1.30, 2016/10/05 23:06:50 UTC

Applying changes to dataset
Counts of correlations within selected channels:
 channel  Originally  Currently
 Good:       8539064    8418772    Changed to bad:     120292
 Bad:        1542016    1662308    Changed to good:         0
 16.5% of the data is now flagged

2018-11-22 16:27:45,499 [MainThread  ] [INFO ]  mfcal vis=1934-638.9500 refant=4 interval=0.1
MfCal: $Revision: 1.20 $, $Date: 2017/05/08 02:31:10 $
Selecting parallel-hand polarisations
Reading the data ...
Number correlations accepted: 4209386
Number of frequency bands/settings: 1
Number of polarisations selected: 2
Number of solution intervals: 82
Number of passband solution intervals: 1
Initialising ...
Using post-Aug94 ATCA flux scale for 1934-638.
Using known frequency variation of 1934-638
Generating initial solution estimate ...
Doing solution refinement ...
Iter= 1, Solution Error:  0.457
Iter= 2, Solution Error:  0.004
Iter= 3, Solution Error:  0.000
Saving solution ...

2018-11-22 16:27:46,479 [MainThread  ] [INFO ]  gpcal vis=1934-638.9500 refant=4 interval=0.1 nfbin=2 options=xyvary

gpcal: Revision 1.22, 2016/05/01 22:31:05 UTC

Applying bandpass corrections to 1934-638.9500
Number of antennae: 6
Reading the data ...
Number of solution intervals: 82
Total visibilities read: 1230
Number visibilities accepted: 1230
Using post-Aug94 ATCA flux scale for 1934-638.
Using IQUV =  2.5339,  0.0000,  0.0000,  0.0000 at   9.4731 GHz.
Using post-Aug94 ATCA flux scale for 1934-638.
Using IQUV =  2.6976,  0.0000,  0.0000,  0.0000 at   9.0081 GHz.
Using post-Aug94 ATCA flux scale for 1934-638.
Using IQUV =  2.3849,  0.0000,  0.0000,  0.0000 at   9.9481 GHz.
Iter= 1, Amplit/Phase Solution Error:   0.177
Iter= 1, Polarisation Solution Error:   0.036
Iter= 1, Overall Solution Error:        0.680
Iter= 2, Amplit/Phase Solution Error:   0.001
Iter= 2, Polarisation Solution Error:   0.000
Iter= 2, Overall Solution Error:        0.002
Iter= 3, Amplit/Phase Solution Error:   0.001
Iter= 3, Polarisation Solution Error:   0.000
Iter= 3, Overall Solution Error:        0.001
I flux density:   2.5339
Leakage terms:
 Ant 1:Dx,Dy = ( 0.00235, 0.00025),(-0.00114,-0.00024)
 Ant 2:Dx,Dy = ( 0.00340, 0.00176),(-0.00260, 0.00255)
 Ant 3:Dx,Dy = ( 0.00627,-0.00196),(-0.00884,-0.00235)
 Ant 4:Dx,Dy = ( 0.00248, 0.01566),(-0.00126, 0.01595)
 Ant 5:Dx,Dy = (-0.01613, 0.00282),( 0.01723, 0.00264)
 Ant 6:Dx,Dy = ( 0.00370,-0.01985),(-0.00131,-0.01722)
Solution for freq bin  1
Iter= 1, Amplit/Phase Solution Error:   0.172
Iter= 1, Polarisation Solution Error:   0.035
Iter= 1, Overall Solution Error:        0.658
Iter= 2, Amplit/Phase Solution Error:   0.001
Iter= 2, Polarisation Solution Error:   0.000
Iter= 2, Overall Solution Error:        0.002
Iter= 3, Amplit/Phase Solution Error:   0.001
Iter= 3, Polarisation Solution Error:   0.000
Iter= 3, Overall Solution Error:        0.001
I flux density:   2.6976
Leakage terms:
 Ant 1:Dx,Dy = ( 0.00263, 0.00059),(-0.00140,-0.00011)
 Ant 2:Dx,Dy = ( 0.00376, 0.00262),(-0.00229, 0.00333)
 Ant 3:Dx,Dy = ( 0.00616,-0.00258),(-0.00867,-0.00248)
 Ant 4:Dx,Dy = ( 0.00225, 0.01568),(-0.00176, 0.01617)
 Ant 5:Dx,Dy = (-0.01622, 0.00138),( 0.01698, 0.00213)
 Ant 6:Dx,Dy = ( 0.00371,-0.01932),(-0.00056,-0.01741)
Solution for freq bin  2
Iter= 1, Amplit/Phase Solution Error:   0.184
Iter= 1, Polarisation Solution Error:   0.036
Iter= 1, Overall Solution Error:        0.704
Iter= 2, Amplit/Phase Solution Error:   0.001
Iter= 2, Polarisation Solution Error:   0.000
Iter= 2, Overall Solution Error:        0.002
Iter= 3, Amplit/Phase Solution Error:   0.001
Iter= 3, Polarisation Solution Error:   0.000
Iter= 3, Overall Solution Error:        0.001
I flux density:   2.3849
Leakage terms:
 Ant 1:Dx,Dy = ( 0.00205,-0.00013),(-0.00085,-0.00038)
 Ant 2:Dx,Dy = ( 0.00301, 0.00080),(-0.00294, 0.00170)
 Ant 3:Dx,Dy = ( 0.00639,-0.00126),(-0.00904,-0.00220)
 Ant 4:Dx,Dy = ( 0.00273, 0.01563),(-0.00071, 0.01571)
 Ant 5:Dx,Dy = (-0.01604, 0.00438),( 0.01751, 0.00319)
 Ant 6:Dx,Dy = ( 0.00369,-0.02043),(-0.00214,-0.01701)

2018-11-22 16:28:04,814 [MainThread  ] [INFO ]  pgflag vis=1934-638.9500 command='<b' stokes=i,q,u,v flagpar=8,5,5,3,6,3 options=nodisp

pgflag: Revision 1.30, 2016/10/05 23:06:50 UTC

Applying bandpass corrections to 1934-638.9500
Applying freq. dependent gain corrections to 1934-638.9500
Applying freq. dependent leakage correction to 1934-638.9500
Applying changes to dataset
Counts of correlations within selected channels:
 channel  Originally  Currently
 Good:       8418772    8388564    Changed to bad:      30208
 Bad:        1662308    1692516    Changed to good:         0
 16.8% of the data is now flagged

2018-11-22 16:28:23,288 [MainThread  ] [INFO ]  pgflag vis=1934-638.9500 command='<b' stokes=i,v,q,u flagpar=8,2,2,3,6,3  options=nodisp

pgflag: Revision 1.30, 2016/10/05 23:06:50 UTC

Applying bandpass corrections to 1934-638.9500
Applying freq. dependent gain corrections to 1934-638.9500
Applying freq. dependent leakage correction to 1934-638.9500
Applying changes to dataset
Counts of correlations within selected channels:
 channel  Originally  Currently
 Good:       8388564    8356260    Changed to bad:      32304
 Bad:        1692516    1724820    Changed to good:         0
 17.1% of the data is now flagged

2018-11-22 16:28:41,921 [MainThread  ] [INFO ]  pgflag vis=1934-638.9500 command='<b' stokes=i,v,u,q flagpar=8,2,2,3,6,3  options=nodisp

pgflag: Revision 1.30, 2016/10/05 23:06:50 UTC

Applying bandpass corrections to 1934-638.9500
Applying freq. dependent gain corrections to 1934-638.9500
Applying freq. dependent leakage correction to 1934-638.9500
Applying changes to dataset
Counts of correlations within selected channels:
 channel  Originally  Currently
 Good:       8356260    8326836    Changed to bad:      29424
 Bad:        1724820    1754244    Changed to good:         0
 17.4% of the data is now flagged

2018-11-22 16:29:47,373 [MainThread  ] [INFO ]  mfcal vis=1934-638.9500 refant=4 interval=0.1
MfCal: $Revision: 1.20 $, $Date: 2017/05/08 02:31:10 $
Selecting parallel-hand polarisations
Reading the data ...
Number correlations accepted: 4163418
Number of frequency bands/settings: 1
Number of polarisations selected: 2
Number of solution intervals: 82
Number of passband solution intervals: 1
Initialising ...
Using post-Aug94 ATCA flux scale for 1934-638.
Using known frequency variation of 1934-638
Generating initial solution estimate ...
Doing solution refinement ...
Iter= 1, Solution Error:  0.460
Iter= 2, Solution Error:  0.004
Iter= 3, Solution Error:  0.000
Saving solution ...

2018-11-22 16:29:48,235 [MainThread  ] [INFO ]  gpcal vis=1934-638.9500 refant=4 interval=0.1 nfbin=2 options=xyvary

gpcal: Revision 1.22, 2016/05/01 22:31:05 UTC

Applying bandpass corrections to 1934-638.9500
Number of antennae: 6
Using leakage parameters from input as initial guess
Reading the data ...
Number of solution intervals: 82
Total visibilities read: 1230
Number visibilities accepted: 1230
Using post-Aug94 ATCA flux scale for 1934-638.
Using IQUV =  2.5338,  0.0000,  0.0000,  0.0000 at   9.4734 GHz.
Using post-Aug94 ATCA flux scale for 1934-638.
Using IQUV =  2.6977,  0.0000,  0.0000,  0.0000 at   9.0079 GHz.
Using post-Aug94 ATCA flux scale for 1934-638.
Using IQUV =  2.3856,  0.0000,  0.0000,  0.0000 at   9.9457 GHz.
Iter= 1, Amplit/Phase Solution Error:   0.177
Iter= 1, Polarisation Solution Error:   0.000
Iter= 1, Overall Solution Error:        0.679
Iter= 2, Amplit/Phase Solution Error:   0.001
Iter= 2, Polarisation Solution Error:   0.000
Iter= 2, Overall Solution Error:        0.002
Iter= 3, Amplit/Phase Solution Error:   0.001
Iter= 3, Polarisation Solution Error:   0.000
Iter= 3, Overall Solution Error:        0.001
I flux density:   2.5338
Leakage terms:
 Ant 1:Dx,Dy = ( 0.00235, 0.00024),(-0.00114,-0.00025)
 Ant 2:Dx,Dy = ( 0.00343, 0.00175),(-0.00260, 0.00255)
 Ant 3:Dx,Dy = ( 0.00628,-0.00197),(-0.00884,-0.00235)
 Ant 4:Dx,Dy = ( 0.00250, 0.01567),(-0.00127, 0.01596)
 Ant 5:Dx,Dy = (-0.01614, 0.00284),( 0.01725, 0.00267)
 Ant 6:Dx,Dy = ( 0.00370,-0.01989),(-0.00130,-0.01722)
Solution for freq bin  1
Iter= 1, Amplit/Phase Solution Error:   0.172
Iter= 1, Polarisation Solution Error:   0.001
Iter= 1, Overall Solution Error:        0.658
Iter= 2, Amplit/Phase Solution Error:   0.001
Iter= 2, Polarisation Solution Error:   0.000
Iter= 2, Overall Solution Error:        0.002
Iter= 3, Amplit/Phase Solution Error:   0.001
Iter= 3, Polarisation Solution Error:   0.000
Iter= 3, Overall Solution Error:        0.001
I flux density:   2.6977
Leakage terms:
 Ant 1:Dx,Dy = ( 0.00263, 0.00057),(-0.00140,-0.00013)
 Ant 2:Dx,Dy = ( 0.00380, 0.00263),(-0.00228, 0.00333)
 Ant 3:Dx,Dy = ( 0.00616,-0.00260),(-0.00866,-0.00250)
 Ant 4:Dx,Dy = ( 0.00228, 0.01568),(-0.00178, 0.01618)
 Ant 5:Dx,Dy = (-0.01624, 0.00142),( 0.01701, 0.00217)
 Ant 6:Dx,Dy = ( 0.00372,-0.01937),(-0.00055,-0.01740)
Solution for freq bin  2
Iter= 1, Amplit/Phase Solution Error:   0.183
Iter= 1, Polarisation Solution Error:   0.002
Iter= 1, Overall Solution Error:        0.704
Iter= 2, Amplit/Phase Solution Error:   0.001
Iter= 2, Polarisation Solution Error:   0.000
Iter= 2, Overall Solution Error:        0.002
Iter= 3, Amplit/Phase Solution Error:   0.001
Iter= 3, Polarisation Solution Error:   0.000
Iter= 3, Overall Solution Error:        0.001
I flux density:   2.3856
Leakage terms:
 Ant 1:Dx,Dy = ( 0.00205,-0.00011),(-0.00085,-0.00038)
 Ant 2:Dx,Dy = ( 0.00302, 0.00079),(-0.00295, 0.00171)
 Ant 3:Dx,Dy = ( 0.00640,-0.00126),(-0.00903,-0.00219)
 Ant 4:Dx,Dy = ( 0.00274, 0.01565),(-0.00071, 0.01571)
 Ant 5:Dx,Dy = (-0.01603, 0.00438),( 0.01752, 0.00320)
 Ant 6:Dx,Dy = ( 0.00368,-0.02046),(-0.00212,-0.01702)

2018-11-22 16:29:48,300 [MainThread  ] [INFO ]  gpcopy vis=1934-638.9500 out=2312-319.9500

gpcopy: Revision 1.13, 2015/10/29 01:31:39 UTC

Copying leakage table
Copying gain table
Interpolation tolerance set to (minutes): 720.00
Copying bandpass table

2018-11-22 16:32:55,554 [MainThread  ] [INFO ]  pgflag vis=2312-319.9500 command='<b' stokes=i,q,u,v flagpar=8,5,5,3,6,3 options=nodisp

pgflag: Revision 1.30, 2016/10/05 23:06:50 UTC

Applying bandpass corrections to 2312-319.9500
Applying freq. dependent gain corrections to 2312-319.9500
Applying freq. dependent leakage correction to 2312-319.9500
Applying changes to dataset
Counts of correlations within selected channels:
 channel  Originally  Currently
 Good:      68513536   68050544    Changed to bad:     462992
 Bad:       10889312   11352304    Changed to good:         0
 14.3% of the data is now flagged

2018-11-22 16:36:10,931 [MainThread  ] [INFO ]  pgflag vis=2312-319.9500 command='<b' stokes=i,v,q,u flagpar=8,2,2,3,6,3  options=nodisp

pgflag: Revision 1.30, 2016/10/05 23:06:50 UTC

Applying bandpass corrections to 2312-319.9500
Applying freq. dependent gain corrections to 2312-319.9500
Applying freq. dependent leakage correction to 2312-319.9500
Applying changes to dataset
Counts of correlations within selected channels:
 channel  Originally  Currently
 Good:      68050544   67631360    Changed to bad:     419184
 Bad:       11352304   11771488    Changed to good:         0
 14.8% of the data is now flagged

2018-11-22 16:39:32,455 [MainThread  ] [INFO ]  pgflag vis=2312-319.9500 command='<b' stokes=i,v,u,q flagpar=8,2,2,3,6,3  options=nodisp

pgflag: Revision 1.30, 2016/10/05 23:06:50 UTC

Applying bandpass corrections to 2312-319.9500
Applying freq. dependent gain corrections to 2312-319.9500
Applying freq. dependent leakage correction to 2312-319.9500
Applying changes to dataset
Counts of correlations within selected channels:
 channel  Originally  Currently
 Good:      67631360   67205664    Changed to bad:     425696
 Bad:       11771488   12197184    Changed to good:         0
 15.4% of the data is now flagged

2018-11-22 16:39:37,958 [MainThread  ] [INFO ]  gpcal vis=2312-319.9500 refant=4 interval=0.1 nfbin=2 options=xyvary,qusolve

gpcal: Revision 1.22, 2016/05/01 22:31:05 UTC

Applying bandpass corrections to 2312-319.9500
Number of antennae: 6
Using leakage parameters from input as initial guess
Reading the data ...
Number of solution intervals: 644
Total visibilities read: 9688
Number visibilities accepted: 9655
Iter= 1, Amplit/Phase Solution Error:   1.327
Iter= 1, Polarisation Solution Error:   0.008
Iter= 1, Overall Solution Error:        2.542
Iter= 2, Amplit/Phase Solution Error:   0.007
Iter= 2, Polarisation Solution Error:   0.000
Iter= 2, Overall Solution Error:        0.007
Iter= 3, Amplit/Phase Solution Error:   0.001
Iter= 3, Polarisation Solution Error:   0.000
Iter= 3, Overall Solution Error:        0.001
I flux density:   0.5501
Percent Q:  -0.792
Percent U:  -0.032
Leakage terms:
 Ant 1:Dx,Dy = ( 0.00167,-0.00047),(-0.00055, 0.00050)
 Ant 2:Dx,Dy = ( 0.00337, 0.00125),(-0.00231, 0.00293)
 Ant 3:Dx,Dy = ( 0.00663,-0.00267),(-0.00935,-0.00181)
 Ant 4:Dx,Dy = ( 0.00259, 0.01520),(-0.00096, 0.01656)
 Ant 5:Dx,Dy = (-0.01582, 0.00235),( 0.01700, 0.00321)
 Ant 6:Dx,Dy = ( 0.00398,-0.02063),(-0.00141,-0.01641)
Solution for freq bin  1
Iter= 1, Amplit/Phase Solution Error:   1.342
Iter= 1, Polarisation Solution Error:   0.009
Iter= 1, Overall Solution Error:        2.516
Iter= 2, Amplit/Phase Solution Error:   0.008
Iter= 2, Polarisation Solution Error:   0.000
Iter= 2, Overall Solution Error:        0.007
Iter= 3, Amplit/Phase Solution Error:   0.001
Iter= 3, Polarisation Solution Error:   0.000
Iter= 3, Overall Solution Error:        0.001
I flux density:   0.5541
Percent Q:  -0.897
Percent U:   0.135
Leakage terms:
 Ant 1:Dx,Dy = ( 0.00185,-0.00006),(-0.00071, 0.00072)
 Ant 2:Dx,Dy = ( 0.00397, 0.00209),(-0.00196, 0.00368)
 Ant 3:Dx,Dy = ( 0.00665,-0.00342),(-0.00891,-0.00189)
 Ant 4:Dx,Dy = ( 0.00247, 0.01517),(-0.00147, 0.01683)
 Ant 5:Dx,Dy = (-0.01586, 0.00092),( 0.01660, 0.00265)
 Ant 6:Dx,Dy = ( 0.00414,-0.02005),(-0.00033,-0.01663)
Solution for freq bin  2
Iter= 1, Amplit/Phase Solution Error:   1.351
Iter= 1, Polarisation Solution Error:   0.007
Iter= 1, Overall Solution Error:        2.518
Iter= 2, Amplit/Phase Solution Error:   0.007
Iter= 2, Polarisation Solution Error:   0.000
Iter= 2, Overall Solution Error:        0.006
Iter= 3, Amplit/Phase Solution Error:   0.001
Iter= 3, Polarisation Solution Error:   0.000
Iter= 3, Overall Solution Error:        0.001
I flux density:   0.5488
Percent Q:  -0.694
Percent U:  -0.185
Leakage terms:
 Ant 1:Dx,Dy = ( 0.00147,-0.00084),(-0.00041, 0.00031)
 Ant 2:Dx,Dy = ( 0.00276, 0.00049),(-0.00266, 0.00225)
 Ant 3:Dx,Dy = ( 0.00665,-0.00196),(-0.00973,-0.00171)
 Ant 4:Dx,Dy = ( 0.00270, 0.01525),(-0.00048, 0.01631)
 Ant 5:Dx,Dy = (-0.01579, 0.00369),( 0.01738, 0.00373)
 Ant 6:Dx,Dy = ( 0.00390,-0.02119),(-0.00241,-0.01633)

2018-11-22 16:42:52,975 [MainThread  ] [INFO ]  pgflag vis=2312-319.9500 command='<b' stokes=i,q,u,v flagpar=8,5,5,3,6,3 options=nodisp

pgflag: Revision 1.30, 2016/10/05 23:06:50 UTC

Applying bandpass corrections to 2312-319.9500
Applying freq. dependent gain corrections to 2312-319.9500
Applying freq. dependent leakage correction to 2312-319.9500
Applying changes to dataset
Counts of correlations within selected channels:
 channel  Originally  Currently
 Good:      67205664   66857120    Changed to bad:     348544
 Bad:       12197184   12545728    Changed to good:         0
 15.8% of the data is now flagged

2018-11-22 16:46:15,238 [MainThread  ] [INFO ]  pgflag vis=2312-319.9500 command='<b' stokes=i,v,q,u flagpar=8,2,2,3,6,3  options=nodisp

pgflag: Revision 1.30, 2016/10/05 23:06:50 UTC

Applying bandpass corrections to 2312-319.9500
Applying freq. dependent gain corrections to 2312-319.9500
Applying freq. dependent leakage correction to 2312-319.9500
Applying changes to dataset
Counts of correlations within selected channels:
 channel  Originally  Currently
 Good:      66857120   66533312    Changed to bad:     323808
 Bad:       12545728   12869536    Changed to good:         0
 16.2% of the data is now flagged

2018-11-22 16:49:40,112 [MainThread  ] [INFO ]  pgflag vis=2312-319.9500 command='<b' stokes=i,v,u,q flagpar=8,2,2,3,6,3  options=nodisp

pgflag: Revision 1.30, 2016/10/05 23:06:50 UTC

Applying bandpass corrections to 2312-319.9500
Applying freq. dependent gain corrections to 2312-319.9500
Applying freq. dependent leakage correction to 2312-319.9500
Applying changes to dataset
Counts of correlations within selected channels:
 channel  Originally  Currently
 Good:      66533312   66241924    Changed to bad:     291388
 Bad:       12869536   13160924    Changed to good:         0
 16.6% of the data is now flagged

2018-11-22 16:49:47,859 [MainThread  ] [INFO ]  gpcal vis=2312-319.9500 refant=4 interval=0.1 nfbin=2 options=xyvary,qusolve

gpcal: Revision 1.22, 2016/05/01 22:31:05 UTC

Applying bandpass corrections to 2312-319.9500
Number of antennae: 6
Using leakage parameters from input as initial guess
Reading the data ...
Number of solution intervals: 644
Total visibilities read: 9688
Number visibilities accepted: 9655
Iter= 1, Amplit/Phase Solution Error:   1.327
Iter= 1, Polarisation Solution Error:   0.008
Iter= 1, Overall Solution Error:        2.541
Iter= 2, Amplit/Phase Solution Error:   0.007
Iter= 2, Polarisation Solution Error:   0.000
Iter= 2, Overall Solution Error:        0.007
Iter= 3, Amplit/Phase Solution Error:   0.001
Iter= 3, Polarisation Solution Error:   0.000
Iter= 3, Overall Solution Error:        0.001
I flux density:   0.5512
Percent Q:  -0.791
Percent U:  -0.031
Leakage terms:
 Ant 1:Dx,Dy = ( 0.00165,-0.00046),(-0.00052, 0.00050)
 Ant 2:Dx,Dy = ( 0.00338, 0.00125),(-0.00230, 0.00292)
 Ant 3:Dx,Dy = ( 0.00663,-0.00266),(-0.00935,-0.00181)
 Ant 4:Dx,Dy = ( 0.00261, 0.01521),(-0.00098, 0.01654)
 Ant 5:Dx,Dy = (-0.01583, 0.00237),( 0.01701, 0.00321)
 Ant 6:Dx,Dy = ( 0.00398,-0.02066),(-0.00143,-0.01641)
Solution for freq bin  1
Iter= 1, Amplit/Phase Solution Error:   1.341
Iter= 1, Polarisation Solution Error:   0.009
Iter= 1, Overall Solution Error:        2.516
Iter= 2, Amplit/Phase Solution Error:   0.008
Iter= 2, Polarisation Solution Error:   0.000
Iter= 2, Overall Solution Error:        0.007
Iter= 3, Amplit/Phase Solution Error:   0.001
Iter= 3, Polarisation Solution Error:   0.000
Iter= 3, Overall Solution Error:        0.001
I flux density:   0.5552
Percent Q:  -0.895
Percent U:   0.137
Leakage terms:
 Ant 1:Dx,Dy = ( 0.00182,-0.00003),(-0.00069, 0.00071)
 Ant 2:Dx,Dy = ( 0.00399, 0.00212),(-0.00195, 0.00367)
 Ant 3:Dx,Dy = ( 0.00663,-0.00343),(-0.00893,-0.00190)
 Ant 4:Dx,Dy = ( 0.00250, 0.01516),(-0.00152, 0.01681)
 Ant 5:Dx,Dy = (-0.01591, 0.00093),( 0.01660, 0.00265)
 Ant 6:Dx,Dy = ( 0.00413,-0.02007),(-0.00036,-0.01662)
Solution for freq bin  2
Iter= 1, Amplit/Phase Solution Error:   1.352
Iter= 1, Polarisation Solution Error:   0.007
Iter= 1, Overall Solution Error:        2.518
Iter= 2, Amplit/Phase Solution Error:   0.007
Iter= 2, Polarisation Solution Error:   0.000
Iter= 2, Overall Solution Error:        0.006
Iter= 3, Amplit/Phase Solution Error:   0.001
Iter= 3, Polarisation Solution Error:   0.000
Iter= 3, Overall Solution Error:        0.001
I flux density:   0.5498
Percent Q:  -0.694
Percent U:  -0.182
Leakage terms:
 Ant 1:Dx,Dy = ( 0.00146,-0.00083),(-0.00039, 0.00032)
 Ant 2:Dx,Dy = ( 0.00276, 0.00048),(-0.00266, 0.00224)
 Ant 3:Dx,Dy = ( 0.00666,-0.00196),(-0.00972,-0.00170)
 Ant 4:Dx,Dy = ( 0.00269, 0.01526),(-0.00049, 0.01630)
 Ant 5:Dx,Dy = (-0.01576, 0.00368),( 0.01739, 0.00373)
 Ant 6:Dx,Dy = ( 0.00391,-0.02120),(-0.00241,-0.01633)

2018-11-22 16:49:47,903 [MainThread  ] [INFO ]  gpboot vis=2312-319.9500 cal=1934-638.9500

gpboot: Revision 1.9, 2015/10/29 01:31:30 UTC

Secondary flux density scaled by:   0.996
Frequency bin  1 scaled by      :   0.998
Frequency bin  2 scaled by      :   0.999

2018-11-22 16:51:56,836 [MainThread  ] [INFO ]  gpcopy vis=2312-319.9500 out=a.9500

gpcopy: Revision 1.13, 2015/10/29 01:31:39 UTC

Copying leakage table
Copying gain table
Interpolation tolerance set to (minutes): 720.00
Copying bandpass table

2018-11-22 17:14:13,427 [MainThread  ] [INFO ]  pgflag vis=a.9500 command='<b' stokes=i,v,q,u flagpar=8,2,2,3,6,3  options=nodisp

pgflag: Revision 1.30, 2016/10/05 23:06:50 UTC

Applying bandpass corrections to a.9500
Applying freq. dependent gain corrections to a.9500
Applying freq. dependent leakage correction to a.9500
Applying changes to dataset
Counts of correlations within selected channels:
 channel  Originally  Currently
 Good:     436908160  425202688    Changed to bad:   11705472
 Bad:       69440720   81146192    Changed to good:         0
 16.0% of the data is now flagged

2018-11-22 17:38:13,680 [MainThread  ] [INFO ]  pgflag vis=a.9500 command='<b' stokes=i,v,u,q flagpar=8,2,2,3,6,3  options=nodisp

pgflag: Revision 1.30, 2016/10/05 23:06:50 UTC

Applying bandpass corrections to a.9500
Applying freq. dependent gain corrections to a.9500
Applying freq. dependent leakage correction to a.9500
Applying changes to dataset
Counts of correlations within selected channels:
 channel  Originally  Currently
 Good:     425202688  416796492    Changed to bad:    8406196
 Bad:       81146192   89552388    Changed to good:         0
 17.7% of the data is now flagged

2018-11-22 17:44:11,218 [MainThread  ] [INFO ]  uvsplit vis=a.9500

uvsplit: Revision 1.18, 2016/05/09 03:06:18 UTC

Creating a_181.9500
Creating a_182.9500
Creating a_183.9500
Creating a_184.9500
Creating a_185.9500
Creating a_186.9500
Creating a_187.9500
Creating a_188.9500
Creating a_189.9500
Creating a_190.9500
Creating a_191.9500
Creating a_192.9500
Creating a_193.9500
Creating a_194.9500
Creating a_195.9500
Creating a_196.9500
Creating a_197.9500
Creating a_198.9500
Creating a_199.9500
Creating a_200.9500
Creating a_201.9500
Creating a_202.9500
Creating a_203.9500
Creating a_204.9500
Creating a_205.9500
Creating a_206.9500
Creating a_207.9500
Creating a_208.9500
Creating a_209.9500
Creating a_210.9500
Creating a_211.9500
Creating a_212.9500
Creating a_213.9500
Creating a_214.9500
Creating a_215.9500
Creating a_216.9500
Creating a_217.9500
Creating a_218.9500
Creating a_219.9500
Creating a_220.9500
Creating a_221.9500
Creating a_222.9500
Creating a_223.9500
Creating a_224.9500
Creating a_225.9500
Creating a_226.9500
Creating a_227.9500
Creating a_228.9500
Creating a_229.9500
Creating a_230.9500
Creating a_231.9500
Creating a_232.9500
Creating a_233.9500
Creating a_234.9500
Creating a_235.9500
Creating a_236.9500
Creating a_237.9500
Creating a_238.9500
Creating a_239.9500
Creating a_240.9500
Creating a_241.9500
Creating a_242.9500
Creating a_243.9500
Creating a_244.9500
Creating a_245.9500
Creating a_246.9500
Creating a_247.9500
Creating a_248.9500
Creating a_249.9500
Creating a_250.9500
Creating a_251.9500
Creating a_252.9500
Creating a_253.9500
Creating a_254.9500
Creating a_255.9500
Creating a_256.9500
Creating a_257.9500
Creating a_258.9500
Creating a_259.9500
Creating a_260.9500
Creating a_261.9500
Creating a_262.9500
Creating a_263.9500
Creating a_264.9500
Creating a_265.9500
Creating a_266.9500
Creating a_267.9500
Creating a_268.9500
Creating a_269.9500
Creating a_270.9500
Creating a_271.9500
Creating a_272.9500
Creating a_273.9500
Creating a_274.9500
Creating a_275.9500
Creating a_276.9500
Creating a_277.9500
Creating a_278.9500
Creating a_279.9500
Creating a_280.9500
Creating a_281.9500
Creating a_282.9500
Creating a_283.9500
Creating a_284.9500
Creating a_285.9500
Creating a_286.9500
Creating a_287.9500
Creating a_288.9500
Creating a_289.9500
Creating a_290.9500
Creating a_291.9500
Creating a_292.9500
Creating a_293.9500
Creating a_294.9500
Creating a_295.9500
Creating a_296.9500
Creating a_297.9500
Creating a_298.9500
Creating a_299.9500
Creating a_300.9500
Creating a_301.9500
Creating a_302.9500
Creating a_303.9500
Creating a_304.9500
Creating a_305.9500
Creating a_306.9500
Creating a_307.9500
Creating a_308.9500
Creating a_309.9500
Creating a_310.9500
Creating a_311.9500
Creating a_312.9500
Creating a_313.9500
Creating a_314.9500
Creating a_315.9500
Creating a_316.9500
Creating a_317.9500
Creating a_318.9500
Creating a_319.9500
Creating a_320.9500
Creating a_321.9500
Creating a_322.9500
Creating a_323.9500
Creating a_324.9500
Creating a_325.9500
Creating a_326.9500
Creating a_327.9500
Creating a_328.9500
Creating a_329.9500
Creating a_330.9500
Creating a_331.9500
Creating a_332.9500
Creating a_333.9500
Creating a_334.9500
Creating a_335.9500
Creating a_336.9500
Creating a_337.9500
Creating a_338.9500
Creating a_339.9500
Creating a_340.9500
Creating a_341.9500
Creating a_342.9500
Creating a_343.9500
Creating a_344.9500
Creating a_345.9500
Creating a_346.9500
Creating a_347.9500
Creating a_348.9500
Creating a_349.9500
Creating a_350.9500
Creating a_351.9500
Creating a_352.9500
Creating a_353.9500
Creating a_354.9500
Creating a_355.9500
Creating a_356.9500
Creating a_357.9500
Creating a_358.9500
Creating a_359.9500
Creating a_360.9500

