2018-11-02 11:37:15,291 [MainThread  ] [INFO ]  atlod in=raw/2018-05-24_1442.C3132,raw/2018-05-24_1729.C3132,raw/2018-05-24_2016.C3132,raw/2018-05-24_2303.C3132,raw/2018-05-25_0150.C3132 out=data5.uv ifsel=1 options=birdie,rfiflag,noauto,xycorr

atlod: Revision 1.53, 2016/08/25 23:02:21 UTC

Processing file raw/2018-05-24_1442.C3132
 14:42:23 CAOBS> track 1
CABB data detected
Scan 1 started at 18MAY24:14:42:44.0
Source: 1934-638
Flagging channels in  28 frequency ranges
 14:53:16 CAOBS> stop
 14:53:25 CAOBS> set file c3132_obs_c3
 14:53:29 CAOBS> start 13/99
Scan 2 started at 18MAY24:14:55:24.0
Source: 2312-319
Scan 3 started at 18MAY24:14:58:12.0
Source: c_481
Source: c_482
Source: c_483
Source: c_484
Source: c_485
Source: c_486
Source: c_487
Source: c_488
Source: c_489
Source: c_490
Source: c_491
Source: c_492
Source: c_493
Source: c_494
Source: c_495
Source: c_496
Source: c_497
Source: c_498
Source: c_499
Source: c_500
Scan 4 started at 18MAY24:15:11:48.0
Source: 2312-319
Scan 5 started at 18MAY24:15:14:36.0
Source: c_501
Source: c_502
Source: c_503
Source: c_504
Source: c_505
Source: c_506
Source: c_507
Source: c_508
Source: c_509
Source: c_510
Source: c_511
Source: c_512
Source: c_513
Source: c_514
Source: c_515
Source: c_516
Source: c_517
Source: c_518
Source: c_519
Source: c_520
Scan 6 started at 18MAY24:15:28:12.0
Source: 2312-319
Scan 7 started at 18MAY24:15:31:00.0
Source: c_521
Source: c_522
Source: c_523
Source: c_524
Source: c_525
Source: c_526
Source: c_527
Source: c_528
Source: c_529
Source: c_530
Source: c_531
Source: c_532
Source: c_533
Source: c_534
Source: c_535
Source: c_536
Source: c_537
Source: c_538
Source: c_539
Source: c_540
Scan 8 started at 18MAY24:15:44:36.0
Source: 2312-319
Scan 9 started at 18MAY24:15:47:24.0
Source: c_361
Source: c_362
Source: c_363
Source: c_364
Source: c_365
Source: c_366
Source: c_367
Source: c_368
Source: c_369
Source: c_370
Source: c_371
Source: c_372
Source: c_373
Source: c_374
Source: c_375
Source: c_376
Source: c_377
Source: c_378
Source: c_379
Source: c_380
Scan 10 started at 18MAY24:16:01:00.0
Source: 2312-319
Scan 11 started at 18MAY24:16:03:48.0
Source: c_381
Source: c_382
Source: c_383
Source: c_384
Source: c_385
Source: c_386
Source: c_387
Source: c_388
Source: c_389
Source: c_390
Source: c_391
Source: c_392
Source: c_393
Source: c_394
Source: c_395
Source: c_396
Source: c_397
Source: c_398
Source: c_399
Source: c_400
Scan 12 started at 18MAY24:16:17:24.0
Source: 2312-319
Scan 13 started at 18MAY24:16:20:12.0
Source: c_401
Source: c_402
Source: c_403
Source: c_404
Source: c_405
Source: c_406
Source: c_407
Source: c_408
Source: c_409
Source: c_410
Source: c_411
Source: c_412
Source: c_413
Source: c_414
Source: c_415
Source: c_416
Source: c_417
Source: c_418
Source: c_419
Source: c_420
Scan 14 started at 18MAY24:16:33:48.0
Source: 2312-319
Scan 15 started at 18MAY24:16:36:36.0
Source: c_421
Source: c_422
Source: c_423
Source: c_424
Source: c_425
Source: c_426
Source: c_427
Source: c_428
Source: c_429
Source: c_430
Source: c_431
Source: c_432
Source: c_433
Source: c_434
Source: c_435
Source: c_436
Source: c_437
Source: c_438
Source: c_439
Source: c_440
Scan 16 started at 18MAY24:16:50:12.0
Source: 2312-319
Scan 17 started at 18MAY24:16:53:00.0
Source: c_441
Source: c_442
Source: c_443
Source: c_444
Source: c_445
Source: c_446
Source: c_447
Source: c_448
Source: c_449
Source: c_450
Source: c_451
Source: c_452
Source: c_453
Source: c_454
Source: c_455
Source: c_456
Source: c_457
Source: c_458
Source: c_459
Source: c_460
Scan 18 started at 18MAY24:17:06:36.0
Source: 2312-319
Scan 19 started at 18MAY24:17:09:24.0
Source: c_461
Source: c_462
Source: c_463
Source: c_464
Source: c_465
Source: c_466
Source: c_467
Source: c_468
Source: c_469
Source: c_470
Source: c_471
Source: c_472
Source: c_473
Source: c_474
Source: c_475
Source: c_476
Source: c_477
Source: c_478
Source: c_479
Source: c_480
Scan 20 started at 18MAY24:17:23:00.0
Source: 2312-319
Scan 21 started at 18MAY24:17:25:48.0
Source: c_481
Source: c_482
Source: c_483
Source: c_484
Source: c_485
Source: c_486
Source: c_487
RPFITS file version is 2.12
---------------------------------------
Total number of spectra selected: 72660

Summary of spectra flagged
Flagging Reason            Fraction
---------------            --------
Antenna off-source/off-line  5.09%
---------------------------------------
Processing file raw/2018-05-24_1729.C3132
CABB data detected
Scan 1 started at 18MAY24:17:29:48.0
Source: c_487
Source: c_488
Source: c_489
Source: c_490
Source: c_491
Source: c_492
Source: c_493
Source: c_494
Source: c_495
Source: c_496
Source: c_497
Source: c_498
Source: c_499
Source: c_500
Scan 2 started at 18MAY24:17:39:24.0
Source: 2312-319
Scan 3 started at 18MAY24:17:42:12.0
Source: c_501
Source: c_502
Source: c_503
Source: c_504
Source: c_505
Source: c_506
Source: c_507
Source: c_508
Source: c_509
Source: c_510
Source: c_511
Source: c_512
Source: c_513
Source: c_514
Source: c_515
Source: c_516
Source: c_517
Source: c_518
Source: c_519
Source: c_520
Scan 4 started at 18MAY24:17:55:48.0
Source: 2312-319
Scan 5 started at 18MAY24:17:58:44.0
Source: c_521
Source: c_522
Source: c_523
Source: c_524
Source: c_525
Source: c_526
Source: c_527
Source: c_528
Source: c_529
Source: c_530
Source: c_531
Source: c_532
Source: c_533
Source: c_534
Source: c_535
Source: c_536
Source: c_537
Source: c_538
Source: c_539
Source: c_540
Scan 6 started at 18MAY24:18:12:12.0
Source: 2312-319
Scan 7 started at 18MAY24:18:15:00.0
Source: c_361
Source: c_362
Source: c_363
Source: c_364
Source: c_365
Source: c_366
Source: c_367
Source: c_368
Source: c_369
Source: c_370
Source: c_371
Source: c_372
Source: c_373
Source: c_374
Source: c_375
Source: c_376
Source: c_377
Source: c_378
Source: c_379
Source: c_380
Scan 8 started at 18MAY24:18:28:36.0
Source: 2312-319
Scan 9 started at 18MAY24:18:31:32.0
Source: c_381
Source: c_382
Source: c_383
Source: c_384
Source: c_385
Source: c_386
Source: c_387
Source: c_388
Source: c_389
Source: c_390
Source: c_391
Source: c_392
Source: c_393
Source: c_394
Source: c_395
Source: c_396
Source: c_397
Source: c_398
Source: c_399
Source: c_400
Scan 10 started at 18MAY24:18:45:00.0
Source: 2312-319
Scan 11 started at 18MAY24:18:47:48.0
Source: c_401
Source: c_402
Source: c_403
Source: c_404
Source: c_405
Source: c_406
Source: c_407
Source: c_408
Source: c_409
Source: c_410
Source: c_411
Source: c_412
Source: c_413
Source: c_414
Source: c_415
Source: c_416
Source: c_417
Source: c_418
Source: c_419
Source: c_420
Scan 12 started at 18MAY24:19:01:24.0
Source: 2312-319
Scan 13 started at 18MAY24:19:04:12.0
Source: c_421
Source: c_422
Source: c_423
Source: c_424
Source: c_425
Source: c_426
Source: c_427
Source: c_428
Source: c_429
Source: c_430
Source: c_431
Source: c_432
Source: c_433
Source: c_434
Source: c_435
Source: c_436
Source: c_437
Source: c_438
Source: c_439
Source: c_440
Scan 14 started at 18MAY24:19:17:48.0
Source: 2312-319
Scan 15 started at 18MAY24:19:20:44.0
Source: c_441
Source: c_442
Source: c_443
Source: c_444
Source: c_445
Source: c_446
Source: c_447
Source: c_448
Source: c_449
Source: c_450
Source: c_451
Source: c_452
Source: c_453
Source: c_454
Source: c_455
Source: c_456
Source: c_457
Source: c_458
Source: c_459
Source: c_460
Scan 16 started at 18MAY24:19:34:12.0
Source: 2312-319
Scan 17 started at 18MAY24:19:37:08.0
Source: c_461
Source: c_462
Source: c_463
Source: c_464
Source: c_465
Source: c_466
Source: c_467
Source: c_468
Source: c_469
Source: c_470
Source: c_471
Source: c_472
Source: c_473
Source: c_474
Source: c_475
Source: c_476
Source: c_477
Source: c_478
Source: c_479
Source: c_480
Scan 18 started at 18MAY24:19:50:36.0
Source: 2312-319
Scan 19 started at 18MAY24:19:53:32.0
Source: c_481
Source: c_482
Source: c_483
Source: c_484
Source: c_485
Source: c_486
Source: c_487
Source: c_488
Source: c_489
Source: c_490
Source: c_491
Source: c_492
Source: c_493
Source: c_494
Source: c_495
Source: c_496
Source: c_497
Source: c_498
Source: c_499
Source: c_500
Scan 20 started at 18MAY24:20:07:00.0
Source: 2312-319
Scan 21 started at 18MAY24:20:09:56.0
Source: c_501
Source: c_502
Source: c_503
Source: c_504
Source: c_505
Source: c_506
Source: c_507
Source: c_508
Source: c_509
Source: c_510
Source: c_511
RPFITS file version is 2.12
---------------------------------------
Total number of spectra selected: 72660

Summary of spectra flagged
Flagging Reason            Fraction
---------------            --------
Antenna off-source/off-line  4.62%
---------------------------------------
Processing file raw/2018-05-24_2016.C3132
CABB data detected
Scan 1 started at 18MAY24:20:16:36.0
Source: c_511
Source: c_512
Source: c_513
Source: c_514
Source: c_515
Source: c_516
Source: c_517
Source: c_518
Source: c_519
Source: c_520
Scan 2 started at 18MAY24:20:23:24.0
Source: 2312-319
Scan 3 started at 18MAY24:20:27:08.0
Source: c_522
Source: c_523
Source: c_524
Source: c_525
Source: c_526
Source: c_527
Source: c_528
Source: c_529
Source: c_530
Source: c_531
Source: c_532
Source: c_533
Source: c_534
Source: c_535
Source: c_536
Source: c_537
Source: c_538
Source: c_539
Source: c_540
Scan 4 started at 18MAY24:20:40:04.0
Source: 2312-319
Scan 5 started at 18MAY24:20:51:41.5
Source: c_365
Source: c_367
Source: c_369
Source: c_370
Source: c_371
Source: c_372
Source: c_373
Source: c_374
Source: c_375
Source: c_376
Source: c_377
Source: c_378
Source: c_379
Source: c_380
Scan 6 started at 18MAY24:21:05:24.0
Source: 2312-319
Scan 7 started at 18MAY24:21:10:22.8
Source: c_382
Source: c_383
Source: c_384
Source: c_385
Source: c_386
Source: c_387
Source: c_388
Source: c_389
Source: c_390
Source: c_391
Source: c_392
Source: c_393
Source: c_394
Source: c_395
Source: c_396
Source: c_397
Source: c_398
Source: c_399
Source: c_400
Scan 8 started at 18MAY24:21:23:32.0
Source: 2312-319
Scan 9 started at 18MAY24:21:26:36.0
Source: c_401
Source: c_402
Source: c_403
Source: c_404
Source: c_405
Source: c_406
Source: c_407
Source: c_408
Source: c_409
Source: c_410
Source: c_411
Source: c_412
Source: c_413
Source: c_414
Source: c_415
Source: c_416
Source: c_417
Source: c_418
Source: c_419
Source: c_420
Scan 10 started at 18MAY24:21:40:04.0
Source: 2312-319
Scan 11 started at 18MAY24:21:43:00.0
Source: c_421
Source: c_422
Source: c_423
Source: c_424
Source: c_425
Source: c_426
Source: c_427
Source: c_428
Source: c_429
Source: c_430
Source: c_431
Source: c_432
Source: c_433
Source: c_434
Source: c_435
Source: c_436
Source: c_437
Source: c_438
Source: c_439
Source: c_440
Scan 12 started at 18MAY24:21:56:36.0
Source: 2312-319
Scan 13 started at 18MAY24:21:59:40.0
Source: c_441
Source: c_442
Source: c_443
Source: c_444
Source: c_445
Source: c_446
Source: c_447
Source: c_448
Source: c_449
Source: c_450
Source: c_451
Source: c_452
Source: c_453
Source: c_454
Source: c_455
Source: c_456
Source: c_457
Source: c_458
Source: c_459
Source: c_460
Scan 14 started at 18MAY24:22:13:08.0
Source: 2312-319
Scan 15 started at 18MAY24:22:16:12.0
Source: c_461
Source: c_462
Source: c_463
Source: c_464
Source: c_465
Source: c_466
Source: c_467
Source: c_468
Source: c_469
Source: c_470
Source: c_471
Source: c_472
Source: c_473
Source: c_474
Source: c_475
Source: c_476
Source: c_477
Source: c_478
Source: c_479
Source: c_480
Scan 16 started at 18MAY24:22:29:40.0
Source: 2312-319
Scan 17 started at 18MAY24:22:32:28.0
Source: c_481
Source: c_482
Source: c_483
Source: c_484
Source: c_485
Source: c_486
Source: c_487
Source: c_488
Source: c_489
Source: c_490
Source: c_491
Source: c_492
Source: c_493
Source: c_494
Source: c_495
Source: c_496
Source: c_497
Source: c_498
Source: c_499
Source: c_500
Scan 18 started at 18MAY24:22:46:04.0
Source: 2312-319
Scan 19 started at 18MAY24:22:49:00.0
Source: c_501
Source: c_502
Source: c_503
Source: c_504
Source: c_505
Source: c_506
Source: c_507
Source: c_508
Source: c_509
Source: c_510
Source: c_511
Source: c_512
Source: c_513
Source: c_514
Source: c_515
Source: c_516
Source: c_517
Source: c_518
Source: c_519
Source: c_520
Scan 20 started at 18MAY24:23:02:36.0
Source: 2312-319
RPFITS file version is 2.12
---------------------------------------
Total number of spectra selected: 72660

Summary of spectra flagged
Flagging Reason            Fraction
---------------            --------
Antenna off-source/off-line  16.6%
---------------------------------------
Processing file raw/2018-05-24_2303.C3132
CABB data detected
Scan 1 started at 18MAY24:23:03:08.0
Source: 2312-319
Scan 2 started at 18MAY24:23:05:32.0
Source: c_521
Source: c_522
Source: c_523
Source: c_524
Source: c_525
Source: c_526
Source: c_527
Source: c_528
Source: c_529
Source: c_530
Source: c_531
Source: c_532
Source: c_533
Source: c_534
Source: c_535
Source: c_536
Source: c_537
Source: c_538
Source: c_539
Source: c_540
Scan 3 started at 18MAY24:23:19:00.0
Source: 2312-319
Scan 4 started at 18MAY24:23:21:48.0
Source: c_361
Source: c_362
Source: c_363
Source: c_364
Source: c_365
Source: c_366
Source: c_367
Source: c_368
Source: c_369
Source: c_370
Source: c_371
Source: c_372
Source: c_373
Source: c_374
Source: c_375
Source: c_376
Source: c_377
Source: c_378
Source: c_379
Source: c_380
Scan 5 started at 18MAY24:23:35:24.0
Source: 2312-319
Scan 6 started at 18MAY24:23:38:20.0
Source: c_381
Source: c_382
Source: c_383
Source: c_384
Source: c_385
Source: c_386
Source: c_387
Source: c_388
Source: c_389
Source: c_390
Source: c_391
Source: c_392
Source: c_393
Source: c_394
Source: c_395
Source: c_396
Source: c_397
Source: c_398
Source: c_399
Source: c_400
Scan 7 started at 18MAY24:23:51:48.0
Source: 2312-319
Scan 8 started at 18MAY24:23:54:36.0
Source: c_401
Source: c_402
Source: c_403
Source: c_404
Source: c_405
Source: c_406
Source: c_407
Source: c_408
Source: c_409
Source: c_410
Source: c_411
Source: c_412
Source: c_413
Source: c_414
Source: c_415
Source: c_416
Source: c_417
Source: c_418
Source: c_419
Source: c_420
Scan 9 started at 18MAY25:00:08:12.0
Source: 2312-319
Scan 10 started at 18MAY25:00:11:00.0
Source: c_421
Source: c_422
Source: c_423
Source: c_424
Source: c_425
Source: c_426
Source: c_427
Source: c_428
Source: c_429
Source: c_430
Source: c_431
Source: c_432
Source: c_433
Source: c_434
Source: c_435
Source: c_436
Source: c_437
Source: c_438
Source: c_439
Source: c_440
Scan 11 started at 18MAY25:00:24:36.0
Source: 2312-319
Scan 12 started at 18MAY25:00:27:24.0
Source: c_441
Source: c_442
Source: c_443
Source: c_444
Source: c_445
Source: c_446
Source: c_447
Source: c_448
Source: c_449
Source: c_450
Source: c_451
Source: c_452
Source: c_453
Source: c_454
Source: c_455
Source: c_456
Source: c_457
Source: c_458
Source: c_459
Source: c_460
Scan 13 started at 18MAY25:00:41:00.0
Source: 2312-319
Scan 14 started at 18MAY25:00:43:48.0
Source: c_461
Source: c_462
Source: c_463
Source: c_464
Source: c_465
Source: c_466
Source: c_467
Source: c_468
Source: c_469
Source: c_470
Source: c_471
Source: c_472
Source: c_473
Source: c_474
Source: c_475
Source: c_476
Source: c_477
Source: c_478
Source: c_479
Source: c_480
Scan 15 started at 18MAY25:00:57:24.0
Source: 2312-319
Scan 16 started at 18MAY25:01:00:12.0
Source: c_481
Source: c_482
Source: c_483
Source: c_484
Source: c_485
Source: c_486
Source: c_487
Source: c_488
Source: c_489
Source: c_490
Source: c_491
Source: c_492
Source: c_493
Source: c_494
Source: c_495
Source: c_496
Source: c_497
Source: c_498
Source: c_499
Source: c_500
Scan 17 started at 18MAY25:01:13:48.0
Source: 2312-319
Scan 18 started at 18MAY25:01:16:36.0
Source: c_501
Source: c_502
Source: c_503
Source: c_504
Source: c_505
Source: c_506
Source: c_507
Source: c_508
Source: c_509
Source: c_510
Source: c_511
Source: c_512
Source: c_513
Source: c_514
Source: c_515
Source: c_516
Source: c_517
Source: c_518
Source: c_519
Source: c_520
Scan 19 started at 18MAY25:01:30:12.0
Source: 2312-319
Scan 20 started at 18MAY25:01:33:00.0
Source: c_521
Source: c_522
Source: c_523
Source: c_524
Source: c_525
Source: c_526
Source: c_527
Source: c_528
Source: c_529
Source: c_530
Source: c_531
Source: c_532
Source: c_533
Source: c_534
Source: c_535
Source: c_536
Source: c_537
Source: c_538
Source: c_539
Source: c_540
Scan 21 started at 18MAY25:01:46:36.0
Source: 2312-319
Scan 22 started at 18MAY25:01:49:24.0
Source: c_361
Source: c_362
RPFITS file version is 2.12
---------------------------------------
Total number of spectra selected: 72660

Summary of spectra flagged
Flagging Reason            Fraction
---------------            --------
Antenna off-source/off-line  4.62%
---------------------------------------
Processing file raw/2018-05-25_0150.C3132
CABB data detected
Scan 1 started at 18MAY25:01:50:12.0
Source: c_362
Source: c_363
Source: c_364
Source: c_365
Source: c_366
Source: c_367
Source: c_368
Source: c_369
Source: c_370
Source: c_371
Source: c_372
Source: c_373
Source: c_374
Source: c_375
Source: c_376
Source: c_377
Source: c_378
Source: c_379
Source: c_380
Scan 2 started at 18MAY25:02:03:00.0
Source: 2312-319
Scan 3 started at 18MAY25:02:05:48.0
Source: c_381
Source: c_382
Source: c_383
Source: c_384
Source: c_385
Source: c_386
Source: c_387
Source: c_388
Source: c_389
Source: c_390
Source: c_391
Source: c_392
Source: c_393
Source: c_394
Source: c_395
Source: c_396
Source: c_397
Source: c_398
Source: c_399
Source: c_400
Scan 4 started at 18MAY25:02:19:24.0
Source: 2312-319
Scan 5 started at 18MAY25:02:22:12.0
Source: c_401
Source: c_402
Source: c_403
Source: c_404
Source: c_405
Source: c_406
Source: c_407
Source: c_408
 02:27:03 CAOBS> stop
 02:27:05 CAOBS> track 1
Scan 6 started at 18MAY25:02:27:24.0
Source: 2312-319
 02:29:57 CAOBS> stop
 02:30:01 CAOBS> corr closef
RPFITS file version is 2.12
---------------------------------------
Total number of spectra selected: 17220

Summary of spectra flagged
Flagging Reason            Fraction
---------------            --------
Antenna off-source/off-line  3.48%
---------------------------------------

No CACAL data was detected

2018-11-02 11:38:23,811 [MainThread  ] [INFO ]  uvflag vis=data5.uv line=chan,6,1146,1 flagval=flag

uvflag: Revision 1.8, 2014/09/30 14:23:39 UTC


Set flags to indicate bad data in visibility file data5.uv
Linetype channel; select    6 channels; start 1146, width    1, step    1

Overview of flagging on visibility file data5.uv
Changed flags set to FALSE (data flagged as bad)
Total number of records selected: 284768; out of 284768 records
Antennas used: 1-6
Counts of correlations within selected channels
channel   Originally    Currently
Good:          854304.           0.    Changed to bad:      854304.
Bad:           854304.     1708608.

2018-11-02 11:38:57,773 [MainThread  ] [INFO ]  uvflag vis=data5.uv line=chan,30,1454,1 flagval=flag

uvflag: Revision 1.8, 2014/09/30 14:23:39 UTC


Set flags to indicate bad data in visibility file data5.uv
Linetype channel; select   30 channels; start 1454, width    1, step    1

Overview of flagging on visibility file data5.uv
Changed flags set to FALSE (data flagged as bad)
Total number of records selected: 284768; out of 284768 records
Antennas used: 1-6
Counts of correlations within selected channels
channel   Originally    Currently
Good:         8543040.           0.    Changed to bad:     8543040.
Bad:                0.     8543040.

2018-11-02 11:39:26,845 [MainThread  ] [INFO ]  uvflag vis=data5.uv line=chan,40,1964,1 flagval=flag

uvflag: Revision 1.8, 2014/09/30 14:23:39 UTC


Set flags to indicate bad data in visibility file data5.uv
Linetype channel; select   40 channels; start 1964, width    1, step    1

Overview of flagging on visibility file data5.uv
Changed flags set to FALSE (data flagged as bad)
Total number of records selected: 284768; out of 284768 records
Antennas used: 1-6
Counts of correlations within selected channels
channel   Originally    Currently
Good:               0.           0.    Changed to bad:           0.
Bad:         11390720.    11390720.

2018-11-02 11:40:23,935 [MainThread  ] [INFO ]  uvsplit vis=data5.uv options=mosaic

uvsplit: Revision 1.18, 2016/05/09 03:06:18 UTC

Creating 1934-638.5500
Creating 2312-319.5500
Creating c.5500

2018-11-02 11:40:40,410 [MainThread  ] [INFO ]  pgflag vis=1934-638.5500 command='<b' stokes=i,q,u,v flagpar=8,5,5,3,6,3 options=nodisp

pgflag: Revision 1.30, 2016/10/05 23:06:50 UTC

Applying changes to dataset
Counts of correlations within selected channels:
 channel  Originally  Currently
 Good:       8517780    8450120    Changed to bad:      67660
 Bad:        1194480    1262140    Changed to good:         0
 13.0% of the data is now flagged

2018-11-02 11:40:57,443 [MainThread  ] [INFO ]  pgflag vis=1934-638.5500 command='<b' stokes=i,v,q,u flagpar=8,2,2,3,6,3  options=nodisp

pgflag: Revision 1.30, 2016/10/05 23:06:50 UTC

Applying changes to dataset
Counts of correlations within selected channels:
 channel  Originally  Currently
 Good:       8450120    8392032    Changed to bad:      58088
 Bad:        1262140    1320228    Changed to good:         0
 13.6% of the data is now flagged

2018-11-02 11:41:13,786 [MainThread  ] [INFO ]  pgflag vis=1934-638.5500 command='<b' stokes=i,v,u,q flagpar=8,2,2,3,6,3  options=nodisp

pgflag: Revision 1.30, 2016/10/05 23:06:50 UTC

Applying changes to dataset
Counts of correlations within selected channels:
 channel  Originally  Currently
 Good:       8392032    8265864    Changed to bad:     126168
 Bad:        1320228    1446396    Changed to good:         0
 14.9% of the data is now flagged

2018-11-02 11:42:09,917 [MainThread  ] [INFO ]  mfcal vis=1934-638.5500 refant=4 interval=0.1
MfCal: $Revision: 1.20 $, $Date: 2017/05/08 02:31:10 $
Selecting parallel-hand polarisations
Reading the data ...
Number correlations accepted: 4132932
Number of frequency bands/settings: 1
Number of polarisations selected: 2
Number of solution intervals: 79
Number of passband solution intervals: 1
Initialising ...
Using post-Aug94 ATCA flux scale for 1934-638.
Using known frequency variation of 1934-638
Generating initial solution estimate ...
Doing solution refinement ...
Iter= 1, Solution Error:  0.418
Iter= 2, Solution Error:  0.004
Iter= 3, Solution Error:  0.000
Saving solution ...

2018-11-02 11:42:10,640 [MainThread  ] [INFO ]  gpcal vis=1934-638.5500 refant=4 interval=0.1 nfbin=2 options=xyvary

gpcal: Revision 1.22, 2016/05/01 22:31:05 UTC

Applying bandpass corrections to 1934-638.5500
Number of antennae: 6
Reading the data ...
Number of solution intervals: 79
Total visibilities read: 1185
Number visibilities accepted: 1185
Using post-Aug94 ATCA flux scale for 1934-638.
Using IQUV =  5.0180,  0.0000,  0.0000,  0.0000 at   5.4511 GHz.
Using post-Aug94 ATCA flux scale for 1934-638.
Using IQUV =  5.5171,  0.0000,  0.0000,  0.0000 at   5.0318 GHz.
Using post-Aug94 ATCA flux scale for 1934-638.
Using IQUV =  4.5120,  0.0000,  0.0000,  0.0000 at   5.9528 GHz.
Iter= 1, Amplit/Phase Solution Error:   0.046
Iter= 1, Polarisation Solution Error:   0.042
Iter= 1, Overall Solution Error:        0.254
Iter= 2, Amplit/Phase Solution Error:   0.002
Iter= 2, Polarisation Solution Error:   0.000
Iter= 2, Overall Solution Error:        0.004
Iter= 3, Amplit/Phase Solution Error:   0.001
Iter= 3, Polarisation Solution Error:   0.000
Iter= 3, Overall Solution Error:        0.001
I flux density:   5.0180
Leakage terms:
 Ant 1:Dx,Dy = ( 0.00167,-0.00426),(-0.00126,-0.00348)
 Ant 2:Dx,Dy = ( 0.00395, 0.00859),(-0.00344, 0.00885)
 Ant 3:Dx,Dy = ( 0.00427,-0.00169),(-0.00736,-0.00168)
 Ant 4:Dx,Dy = ( 0.00538, 0.01907),(-0.00365, 0.01999)
 Ant 5:Dx,Dy = (-0.01703,-0.00026),( 0.01698, 0.00006)
 Ant 6:Dx,Dy = ( 0.00198,-0.02281),(-0.00104,-0.02237)
Solution for freq bin  1
Iter= 1, Amplit/Phase Solution Error:   0.044
Iter= 1, Polarisation Solution Error:   0.044
Iter= 1, Overall Solution Error:        0.247
Iter= 2, Amplit/Phase Solution Error:   0.002
Iter= 2, Polarisation Solution Error:   0.000
Iter= 2, Overall Solution Error:        0.004
Iter= 3, Amplit/Phase Solution Error:   0.001
Iter= 3, Polarisation Solution Error:   0.000
Iter= 3, Overall Solution Error:        0.001
I flux density:   5.5171
Leakage terms:
 Ant 1:Dx,Dy = ( 0.00128,-0.00370),(-0.00169,-0.00294)
 Ant 2:Dx,Dy = ( 0.00384, 0.00968),(-0.00348, 0.00983)
 Ant 3:Dx,Dy = ( 0.00381,-0.00163),(-0.00801,-0.00084)
 Ant 4:Dx,Dy = ( 0.00513, 0.01975),(-0.00366, 0.02080)
 Ant 5:Dx,Dy = (-0.01743,-0.00151),( 0.01661,-0.00100)
 Ant 6:Dx,Dy = ( 0.00189,-0.02459),(-0.00125,-0.02385)
Solution for freq bin  2
Iter= 1, Amplit/Phase Solution Error:   0.047
Iter= 1, Polarisation Solution Error:   0.039
Iter= 1, Overall Solution Error:        0.264
Iter= 2, Amplit/Phase Solution Error:   0.002
Iter= 2, Polarisation Solution Error:   0.000
Iter= 2, Overall Solution Error:        0.004
Iter= 3, Amplit/Phase Solution Error:   0.001
Iter= 3, Polarisation Solution Error:   0.000
Iter= 3, Overall Solution Error:        0.001
I flux density:   4.5120
Leakage terms:
 Ant 1:Dx,Dy = ( 0.00221,-0.00501),(-0.00070,-0.00419)
 Ant 2:Dx,Dy = ( 0.00409, 0.00713),(-0.00339, 0.00755)
 Ant 3:Dx,Dy = ( 0.00490,-0.00176),(-0.00647,-0.00282)
 Ant 4:Dx,Dy = ( 0.00572, 0.01813),(-0.00363, 0.01888)
 Ant 5:Dx,Dy = (-0.01649, 0.00141),( 0.01747, 0.00147)
 Ant 6:Dx,Dy = ( 0.00209,-0.02042),(-0.00077,-0.02038)

2018-11-02 11:42:28,479 [MainThread  ] [INFO ]  pgflag vis=1934-638.5500 command='<b' stokes=i,q,u,v flagpar=8,5,5,3,6,3 options=nodisp

pgflag: Revision 1.30, 2016/10/05 23:06:50 UTC

Applying bandpass corrections to 1934-638.5500
Applying freq. dependent gain corrections to 1934-638.5500
Applying freq. dependent leakage correction to 1934-638.5500
Applying changes to dataset
Counts of correlations within selected channels:
 channel  Originally  Currently
 Good:       8265864    8237900    Changed to bad:      27964
 Bad:        1446396    1474360    Changed to good:         0
 15.2% of the data is now flagged

2018-11-02 11:42:45,391 [MainThread  ] [INFO ]  pgflag vis=1934-638.5500 command='<b' stokes=i,v,q,u flagpar=8,2,2,3,6,3  options=nodisp

pgflag: Revision 1.30, 2016/10/05 23:06:50 UTC

Applying bandpass corrections to 1934-638.5500
Applying freq. dependent gain corrections to 1934-638.5500
Applying freq. dependent leakage correction to 1934-638.5500
Applying changes to dataset
Counts of correlations within selected channels:
 channel  Originally  Currently
 Good:       8237900    8215348    Changed to bad:      22552
 Bad:        1474360    1496912    Changed to good:         0
 15.4% of the data is now flagged

2018-11-02 11:43:02,329 [MainThread  ] [INFO ]  pgflag vis=1934-638.5500 command='<b' stokes=i,v,u,q flagpar=8,2,2,3,6,3  options=nodisp

pgflag: Revision 1.30, 2016/10/05 23:06:50 UTC

Applying bandpass corrections to 1934-638.5500
Applying freq. dependent gain corrections to 1934-638.5500
Applying freq. dependent leakage correction to 1934-638.5500
Applying changes to dataset
Counts of correlations within selected channels:
 channel  Originally  Currently
 Good:       8215348    8195128    Changed to bad:      20220
 Bad:        1496912    1517132    Changed to good:         0
 15.6% of the data is now flagged

2018-11-02 11:43:53,709 [MainThread  ] [INFO ]  mfcal vis=1934-638.5500 refant=4 interval=0.1
MfCal: $Revision: 1.20 $, $Date: 2017/05/08 02:31:10 $
Selecting parallel-hand polarisations
Reading the data ...
Number correlations accepted: 4097564
Number of frequency bands/settings: 1
Number of polarisations selected: 2
Number of solution intervals: 79
Number of passband solution intervals: 1
Initialising ...
Using post-Aug94 ATCA flux scale for 1934-638.
Using known frequency variation of 1934-638
Generating initial solution estimate ...
Doing solution refinement ...
Iter= 1, Solution Error:  0.419
Iter= 2, Solution Error:  0.004
Iter= 3, Solution Error:  0.000
Saving solution ...

2018-11-02 11:43:54,437 [MainThread  ] [INFO ]  gpcal vis=1934-638.5500 refant=4 interval=0.1 nfbin=2 options=xyvary

gpcal: Revision 1.22, 2016/05/01 22:31:05 UTC

Applying bandpass corrections to 1934-638.5500
Number of antennae: 6
Using leakage parameters from input as initial guess
Reading the data ...
Number of solution intervals: 79
Total visibilities read: 1185
Number visibilities accepted: 1185
Using post-Aug94 ATCA flux scale for 1934-638.
Using IQUV =  5.0178,  0.0000,  0.0000,  0.0000 at   5.4513 GHz.
Using post-Aug94 ATCA flux scale for 1934-638.
Using IQUV =  5.5143,  0.0000,  0.0000,  0.0000 at   5.0340 GHz.
Using post-Aug94 ATCA flux scale for 1934-638.
Using IQUV =  4.5134,  0.0000,  0.0000,  0.0000 at   5.9512 GHz.
Iter= 1, Amplit/Phase Solution Error:   0.046
Iter= 1, Polarisation Solution Error:   0.000
Iter= 1, Overall Solution Error:        0.253
Iter= 2, Amplit/Phase Solution Error:   0.002
Iter= 2, Polarisation Solution Error:   0.000
Iter= 2, Overall Solution Error:        0.004
Iter= 3, Amplit/Phase Solution Error:   0.001
Iter= 3, Polarisation Solution Error:   0.000
Iter= 3, Overall Solution Error:        0.001
I flux density:   5.0178
Leakage terms:
 Ant 1:Dx,Dy = ( 0.00168,-0.00426),(-0.00126,-0.00348)
 Ant 2:Dx,Dy = ( 0.00395, 0.00859),(-0.00343, 0.00886)
 Ant 3:Dx,Dy = ( 0.00428,-0.00170),(-0.00736,-0.00168)
 Ant 4:Dx,Dy = ( 0.00538, 0.01906),(-0.00363, 0.01999)
 Ant 5:Dx,Dy = (-0.01704,-0.00025),( 0.01698, 0.00005)
 Ant 6:Dx,Dy = ( 0.00199,-0.02282),(-0.00105,-0.02237)
Solution for freq bin  1
Iter= 1, Amplit/Phase Solution Error:   0.044
Iter= 1, Polarisation Solution Error:   0.002
Iter= 1, Overall Solution Error:        0.246
Iter= 2, Amplit/Phase Solution Error:   0.002
Iter= 2, Polarisation Solution Error:   0.000
Iter= 2, Overall Solution Error:        0.004
Iter= 3, Amplit/Phase Solution Error:   0.001
Iter= 3, Polarisation Solution Error:   0.000
Iter= 3, Overall Solution Error:        0.001
I flux density:   5.5143
Leakage terms:
 Ant 1:Dx,Dy = ( 0.00128,-0.00370),(-0.00170,-0.00294)
 Ant 2:Dx,Dy = ( 0.00385, 0.00967),(-0.00347, 0.00982)
 Ant 3:Dx,Dy = ( 0.00381,-0.00164),(-0.00801,-0.00084)
 Ant 4:Dx,Dy = ( 0.00513, 0.01974),(-0.00365, 0.02080)
 Ant 5:Dx,Dy = (-0.01743,-0.00150),( 0.01662,-0.00100)
 Ant 6:Dx,Dy = ( 0.00189,-0.02458),(-0.00125,-0.02384)
Solution for freq bin  2
Iter= 1, Amplit/Phase Solution Error:   0.047
Iter= 1, Polarisation Solution Error:   0.003
Iter= 1, Overall Solution Error:        0.263
Iter= 2, Amplit/Phase Solution Error:   0.002
Iter= 2, Polarisation Solution Error:   0.000
Iter= 2, Overall Solution Error:        0.004
Iter= 3, Amplit/Phase Solution Error:   0.001
Iter= 3, Polarisation Solution Error:   0.000
Iter= 3, Overall Solution Error:        0.001
I flux density:   4.5134
Leakage terms:
 Ant 1:Dx,Dy = ( 0.00221,-0.00500),(-0.00068,-0.00418)
 Ant 2:Dx,Dy = ( 0.00409, 0.00715),(-0.00338, 0.00757)
 Ant 3:Dx,Dy = ( 0.00492,-0.00176),(-0.00648,-0.00282)
 Ant 4:Dx,Dy = ( 0.00571, 0.01815),(-0.00362, 0.01889)
 Ant 5:Dx,Dy = (-0.01651, 0.00140),( 0.01747, 0.00144)
 Ant 6:Dx,Dy = ( 0.00210,-0.02044),(-0.00079,-0.02039)

2018-11-02 11:43:54,485 [MainThread  ] [INFO ]  gpcopy vis=1934-638.5500 out=2312-319.5500

gpcopy: Revision 1.13, 2015/10/29 01:31:39 UTC

Copying leakage table
Copying gain table
Interpolation tolerance set to (minutes): 720.00
Copying bandpass table

2018-11-02 11:47:16,456 [MainThread  ] [INFO ]  pgflag vis=2312-319.5500 command='<b' stokes=i,q,u,v flagpar=8,5,5,3,6,3 options=nodisp

pgflag: Revision 1.30, 2016/10/05 23:06:50 UTC

Applying bandpass corrections to 2312-319.5500
Applying freq. dependent gain corrections to 2312-319.5500
Applying freq. dependent leakage correction to 2312-319.5500
Applying changes to dataset
Counts of correlations within selected channels:
 channel  Originally  Currently
 Good:      69975180   69331404    Changed to bad:     643776
 Bad:        9812880   10456656    Changed to good:         0
 13.1% of the data is now flagged

2018-11-02 11:50:57,029 [MainThread  ] [INFO ]  pgflag vis=2312-319.5500 command='<b' stokes=i,v,q,u flagpar=8,2,2,3,6,3  options=nodisp

pgflag: Revision 1.30, 2016/10/05 23:06:50 UTC

Applying bandpass corrections to 2312-319.5500
Applying freq. dependent gain corrections to 2312-319.5500
Applying freq. dependent leakage correction to 2312-319.5500
Applying changes to dataset
Counts of correlations within selected channels:
 channel  Originally  Currently
 Good:      69331404   68817544    Changed to bad:     513860
 Bad:       10456656   10970516    Changed to good:         0
 13.7% of the data is now flagged

2018-11-02 11:54:52,429 [MainThread  ] [INFO ]  pgflag vis=2312-319.5500 command='<b' stokes=i,v,u,q flagpar=8,2,2,3,6,3  options=nodisp

pgflag: Revision 1.30, 2016/10/05 23:06:50 UTC

Applying bandpass corrections to 2312-319.5500
Applying freq. dependent gain corrections to 2312-319.5500
Applying freq. dependent leakage correction to 2312-319.5500
Applying changes to dataset
Counts of correlations within selected channels:
 channel  Originally  Currently
 Good:      68817544   68267324    Changed to bad:     550220
 Bad:       10970516   11520736    Changed to good:         0
 14.4% of the data is now flagged

2018-11-02 11:54:59,442 [MainThread  ] [INFO ]  gpcal vis=2312-319.5500 refant=4 interval=0.1 nfbin=2 options=xyvary,qusolve

gpcal: Revision 1.22, 2016/05/01 22:31:05 UTC

Applying bandpass corrections to 2312-319.5500
Number of antennae: 6
Using leakage parameters from input as initial guess
Reading the data ...
Number of solution intervals: 649
Total visibilities read: 9735
Number visibilities accepted: 9735
Iter= 1, Amplit/Phase Solution Error:   0.293
Iter= 1, Polarisation Solution Error:   0.009
Iter= 1, Overall Solution Error:        1.198
Iter= 2, Amplit/Phase Solution Error:   0.007
Iter= 2, Polarisation Solution Error:   0.000
Iter= 2, Overall Solution Error:        0.007
Iter= 3, Amplit/Phase Solution Error:   0.001
Iter= 3, Polarisation Solution Error:   0.000
Iter= 3, Overall Solution Error:        0.001
I flux density:   0.5415
Percent Q:  -0.886
Percent U:   0.036
Leakage terms:
 Ant 1:Dx,Dy = ( 0.00133,-0.00471),(-0.00100,-0.00287)
 Ant 2:Dx,Dy = ( 0.00409, 0.00791),(-0.00355, 0.00906)
 Ant 3:Dx,Dy = ( 0.00437,-0.00212),(-0.00756,-0.00127)
 Ant 4:Dx,Dy = ( 0.00496, 0.01843),(-0.00341, 0.02030)
 Ant 5:Dx,Dy = (-0.01688,-0.00056),( 0.01706, 0.00067)
 Ant 6:Dx,Dy = ( 0.00227,-0.02316),(-0.00140,-0.02168)
Solution for freq bin  1
Iter= 1, Amplit/Phase Solution Error:   0.267
Iter= 1, Polarisation Solution Error:   0.009
Iter= 1, Overall Solution Error:        1.118
Iter= 2, Amplit/Phase Solution Error:   0.007
Iter= 2, Polarisation Solution Error:   0.000
Iter= 2, Overall Solution Error:        0.007
Iter= 3, Amplit/Phase Solution Error:   0.001
Iter= 3, Polarisation Solution Error:   0.000
Iter= 3, Overall Solution Error:        0.001
I flux density:   0.5436
Percent Q:  -0.868
Percent U:   0.161
Leakage terms:
 Ant 1:Dx,Dy = ( 0.00082,-0.00408),(-0.00147,-0.00217)
 Ant 2:Dx,Dy = ( 0.00387, 0.00911),(-0.00363, 0.01022)
 Ant 3:Dx,Dy = ( 0.00388,-0.00220),(-0.00829,-0.00012)
 Ant 4:Dx,Dy = ( 0.00463, 0.01920),(-0.00313, 0.02126)
 Ant 5:Dx,Dy = (-0.01747,-0.00227),( 0.01632,-0.00058)
 Ant 6:Dx,Dy = ( 0.00224,-0.02505),(-0.00183,-0.02335)
Solution for freq bin  2
Iter= 1, Amplit/Phase Solution Error:   0.317
Iter= 1, Polarisation Solution Error:   0.009
Iter= 1, Overall Solution Error:        1.270
Iter= 2, Amplit/Phase Solution Error:   0.008
Iter= 2, Polarisation Solution Error:   0.000
Iter= 2, Overall Solution Error:        0.007
Iter= 3, Amplit/Phase Solution Error:   0.001
Iter= 3, Polarisation Solution Error:   0.000
Iter= 3, Overall Solution Error:        0.001
I flux density:   0.5395
Percent Q:  -0.902
Percent U:  -0.096
Leakage terms:
 Ant 1:Dx,Dy = ( 0.00184,-0.00537),(-0.00054,-0.00359)
 Ant 2:Dx,Dy = ( 0.00432, 0.00665),(-0.00349, 0.00785)
 Ant 3:Dx,Dy = ( 0.00487,-0.00204),(-0.00682,-0.00247)
 Ant 4:Dx,Dy = ( 0.00528, 0.01763),(-0.00370, 0.01931)
 Ant 5:Dx,Dy = (-0.01626, 0.00121),( 0.01782, 0.00196)
 Ant 6:Dx,Dy = ( 0.00223,-0.02118),(-0.00100,-0.01995)

2018-11-02 11:58:27,360 [MainThread  ] [INFO ]  pgflag vis=2312-319.5500 command='<b' stokes=i,q,u,v flagpar=8,5,5,3,6,3 options=nodisp

pgflag: Revision 1.30, 2016/10/05 23:06:50 UTC

Applying bandpass corrections to 2312-319.5500
Applying freq. dependent gain corrections to 2312-319.5500
Applying freq. dependent leakage correction to 2312-319.5500
Applying changes to dataset
Counts of correlations within selected channels:
 channel  Originally  Currently
 Good:      68267324   67697244    Changed to bad:     570080
 Bad:       11520736   12090816    Changed to good:         0
 15.2% of the data is now flagged

2018-11-02 12:01:56,321 [MainThread  ] [INFO ]  pgflag vis=2312-319.5500 command='<b' stokes=i,v,q,u flagpar=8,2,2,3,6,3  options=nodisp

pgflag: Revision 1.30, 2016/10/05 23:06:50 UTC

Applying bandpass corrections to 2312-319.5500
Applying freq. dependent gain corrections to 2312-319.5500
Applying freq. dependent leakage correction to 2312-319.5500
Applying changes to dataset
Counts of correlations within selected channels:
 channel  Originally  Currently
 Good:      67697244   67124732    Changed to bad:     572512
 Bad:       12090816   12663328    Changed to good:         0
 15.9% of the data is now flagged

2018-11-02 12:06:32,087 [MainThread  ] [INFO ]  pgflag vis=2312-319.5500 command='<b' stokes=i,v,u,q flagpar=8,2,2,3,6,3  options=nodisp

pgflag: Revision 1.30, 2016/10/05 23:06:50 UTC

Applying bandpass corrections to 2312-319.5500
Applying freq. dependent gain corrections to 2312-319.5500
Applying freq. dependent leakage correction to 2312-319.5500
Applying changes to dataset
Counts of correlations within selected channels:
 channel  Originally  Currently
 Good:      67124732   66538780    Changed to bad:     585952
 Bad:       12663328   13249280    Changed to good:         0
 16.6% of the data is now flagged

2018-11-02 12:06:50,753 [MainThread  ] [INFO ]  gpcal vis=2312-319.5500 refant=4 interval=0.1 nfbin=2 options=xyvary,qusolve

gpcal: Revision 1.22, 2016/05/01 22:31:05 UTC

Applying bandpass corrections to 2312-319.5500
Number of antennae: 6
Using leakage parameters from input as initial guess
Reading the data ...
Number of solution intervals: 649
Total visibilities read: 9735
Number visibilities accepted: 9735
Iter= 1, Amplit/Phase Solution Error:   0.303
Iter= 1, Polarisation Solution Error:   0.009
Iter= 1, Overall Solution Error:        1.226
Iter= 2, Amplit/Phase Solution Error:   0.007
Iter= 2, Polarisation Solution Error:   0.000
Iter= 2, Overall Solution Error:        0.007
Iter= 3, Amplit/Phase Solution Error:   0.001
Iter= 3, Polarisation Solution Error:   0.000
Iter= 3, Overall Solution Error:        0.001
I flux density:   0.5423
Percent Q:  -0.888
Percent U:   0.033
Leakage terms:
 Ant 1:Dx,Dy = ( 0.00135,-0.00474),(-0.00095,-0.00287)
 Ant 2:Dx,Dy = ( 0.00408, 0.00790),(-0.00355, 0.00902)
 Ant 3:Dx,Dy = ( 0.00439,-0.00210),(-0.00757,-0.00132)
 Ant 4:Dx,Dy = ( 0.00497, 0.01840),(-0.00339, 0.02033)
 Ant 5:Dx,Dy = (-0.01689,-0.00054),( 0.01708, 0.00070)
 Ant 6:Dx,Dy = ( 0.00232,-0.02315),(-0.00139,-0.02164)
Solution for freq bin  1
Iter= 1, Amplit/Phase Solution Error:   0.274
Iter= 1, Polarisation Solution Error:   0.009
Iter= 1, Overall Solution Error:        1.138
Iter= 2, Amplit/Phase Solution Error:   0.008
Iter= 2, Polarisation Solution Error:   0.000
Iter= 2, Overall Solution Error:        0.007
Iter= 3, Amplit/Phase Solution Error:   0.001
Iter= 3, Polarisation Solution Error:   0.000
Iter= 3, Overall Solution Error:        0.001
I flux density:   0.5444
Percent Q:  -0.863
Percent U:   0.166
Leakage terms:
 Ant 1:Dx,Dy = ( 0.00081,-0.00413),(-0.00140,-0.00218)
 Ant 2:Dx,Dy = ( 0.00380, 0.00908),(-0.00366, 0.01020)
 Ant 3:Dx,Dy = ( 0.00386,-0.00216),(-0.00837,-0.00018)
 Ant 4:Dx,Dy = ( 0.00463, 0.01918),(-0.00311, 0.02130)
 Ant 5:Dx,Dy = (-0.01752,-0.00225),( 0.01628,-0.00056)
 Ant 6:Dx,Dy = ( 0.00229,-0.02501),(-0.00188,-0.02329)
Solution for freq bin  2
Iter= 1, Amplit/Phase Solution Error:   0.322
Iter= 1, Polarisation Solution Error:   0.009
Iter= 1, Overall Solution Error:        1.280
Iter= 2, Amplit/Phase Solution Error:   0.008
Iter= 2, Polarisation Solution Error:   0.000
Iter= 2, Overall Solution Error:        0.007
Iter= 3, Amplit/Phase Solution Error:   0.001
Iter= 3, Polarisation Solution Error:   0.000
Iter= 3, Overall Solution Error:        0.001
I flux density:   0.5404
Percent Q:  -0.905
Percent U:  -0.101
Leakage terms:
 Ant 1:Dx,Dy = ( 0.00187,-0.00537),(-0.00051,-0.00356)
 Ant 2:Dx,Dy = ( 0.00435, 0.00668),(-0.00347, 0.00781)
 Ant 3:Dx,Dy = ( 0.00490,-0.00204),(-0.00678,-0.00249)
 Ant 4:Dx,Dy = ( 0.00530, 0.01762),(-0.00372, 0.01935)
 Ant 5:Dx,Dy = (-0.01627, 0.00120),( 0.01785, 0.00198)
 Ant 6:Dx,Dy = ( 0.00228,-0.02123),(-0.00094,-0.01995)

2018-11-02 12:07:00,968 [MainThread  ] [INFO ]  gpboot vis=2312-319.5500 cal=1934-638.5500

gpboot: Revision 1.9, 2015/10/29 01:31:30 UTC

Secondary flux density scaled by:   0.997
Frequency bin  1 scaled by      :   1.001
Frequency bin  2 scaled by      :   1.001

2018-11-02 12:09:19,200 [MainThread  ] [INFO ]  gpcopy vis=2312-319.5500 out=c.5500

gpcopy: Revision 1.13, 2015/10/29 01:31:39 UTC

Copying leakage table
Copying gain table
Interpolation tolerance set to (minutes): 720.00
Copying bandpass table

2018-11-02 12:29:22,405 [MainThread  ] [INFO ]  pgflag vis=c.5500 command='<b' stokes=i,v,q,u flagpar=8,2,2,3,6,3  options=nodisp

pgflag: Revision 1.30, 2016/10/05 23:06:50 UTC

Applying bandpass corrections to c.5500
Applying freq. dependent gain corrections to c.5500
Applying freq. dependent leakage correction to c.5500
Applying changes to dataset
Counts of correlations within selected channels:
 channel  Originally  Currently
 Good:     433235136  420734348    Changed to bad:   12500788
 Bad:       60754176   73254964    Changed to good:         0
 14.8% of the data is now flagged

2018-11-02 12:50:20,030 [MainThread  ] [INFO ]  pgflag vis=c.5500 command='<b' stokes=i,v,u,q flagpar=8,2,2,3,6,3  options=nodisp

pgflag: Revision 1.30, 2016/10/05 23:06:50 UTC

Applying bandpass corrections to c.5500
Applying freq. dependent gain corrections to c.5500
Applying freq. dependent leakage correction to c.5500
Applying changes to dataset
Counts of correlations within selected channels:
 channel  Originally  Currently
 Good:     420734348  411465488    Changed to bad:    9268860
 Bad:       73254964   82523824    Changed to good:         0
 16.7% of the data is now flagged

2018-11-02 12:52:30,016 [MainThread  ] [INFO ]  uvsplit vis=c.5500

uvsplit: Revision 1.18, 2016/05/09 03:06:18 UTC

Creating c_481.5500
Creating c_482.5500
Creating c_483.5500
Creating c_484.5500
Creating c_485.5500
Creating c_486.5500
Creating c_487.5500
Creating c_488.5500
Creating c_489.5500
Creating c_490.5500
Creating c_491.5500
Creating c_492.5500
Creating c_493.5500
Creating c_494.5500
Creating c_495.5500
Creating c_496.5500
Creating c_497.5500
Creating c_498.5500
Creating c_499.5500
Creating c_500.5500
Creating c_501.5500
Creating c_502.5500
Creating c_503.5500
Creating c_504.5500
Creating c_505.5500
Creating c_506.5500
Creating c_507.5500
Creating c_508.5500
Creating c_509.5500
Creating c_510.5500
Creating c_511.5500
Creating c_512.5500
Creating c_513.5500
Creating c_514.5500
Creating c_515.5500
Creating c_516.5500
Creating c_517.5500
Creating c_518.5500
Creating c_519.5500
Creating c_520.5500
Creating c_521.5500
Creating c_522.5500
Creating c_523.5500
Creating c_524.5500
Creating c_525.5500
Creating c_526.5500
Creating c_527.5500
Creating c_528.5500
Creating c_529.5500
Creating c_530.5500
Creating c_531.5500
Creating c_532.5500
Creating c_533.5500
Creating c_534.5500
Creating c_535.5500
Creating c_536.5500
Creating c_537.5500
Creating c_538.5500
Creating c_539.5500
Creating c_540.5500
Creating c_361.5500
Creating c_362.5500
Creating c_363.5500
Creating c_364.5500
Creating c_365.5500
Creating c_366.5500
Creating c_367.5500
Creating c_368.5500
Creating c_369.5500
Creating c_370.5500
Creating c_371.5500
Creating c_372.5500
Creating c_373.5500
Creating c_374.5500
Creating c_375.5500
Creating c_376.5500
Creating c_377.5500
Creating c_378.5500
Creating c_379.5500
Creating c_380.5500
Creating c_381.5500
Creating c_382.5500
Creating c_383.5500
Creating c_384.5500
Creating c_385.5500
Creating c_386.5500
Creating c_387.5500
Creating c_388.5500
Creating c_389.5500
Creating c_390.5500
Creating c_391.5500
Creating c_392.5500
Creating c_393.5500
Creating c_394.5500
Creating c_395.5500
Creating c_396.5500
Creating c_397.5500
Creating c_398.5500
Creating c_399.5500
Creating c_400.5500
Creating c_401.5500
Creating c_402.5500
Creating c_403.5500
Creating c_404.5500
Creating c_405.5500
Creating c_406.5500
Creating c_407.5500
Creating c_408.5500
Creating c_409.5500
Creating c_410.5500
Creating c_411.5500
Creating c_412.5500
Creating c_413.5500
Creating c_414.5500
Creating c_415.5500
Creating c_416.5500
Creating c_417.5500
Creating c_418.5500
Creating c_419.5500
Creating c_420.5500
Creating c_421.5500
Creating c_422.5500
Creating c_423.5500
Creating c_424.5500
Creating c_425.5500
Creating c_426.5500
Creating c_427.5500
Creating c_428.5500
Creating c_429.5500
Creating c_430.5500
Creating c_431.5500
Creating c_432.5500
Creating c_433.5500
Creating c_434.5500
Creating c_435.5500
Creating c_436.5500
Creating c_437.5500
Creating c_438.5500
Creating c_439.5500
Creating c_440.5500
Creating c_441.5500
Creating c_442.5500
Creating c_443.5500
Creating c_444.5500
Creating c_445.5500
Creating c_446.5500
Creating c_447.5500
Creating c_448.5500
Creating c_449.5500
Creating c_450.5500
Creating c_451.5500
Creating c_452.5500
Creating c_453.5500
Creating c_454.5500
Creating c_455.5500
Creating c_456.5500
Creating c_457.5500
Creating c_458.5500
Creating c_459.5500
Creating c_460.5500
Creating c_461.5500
Creating c_462.5500
Creating c_463.5500
Creating c_464.5500
Creating c_465.5500
Creating c_466.5500
Creating c_467.5500
Creating c_468.5500
Creating c_469.5500
Creating c_470.5500
Creating c_471.5500
Creating c_472.5500
Creating c_473.5500
Creating c_474.5500
Creating c_475.5500
Creating c_476.5500
Creating c_477.5500
Creating c_478.5500
Creating c_479.5500
Creating c_480.5500

