2018-11-02 12:56:15,753 [MainThread  ] [INFO ]  atlod in=raw/2018-05-24_1442.C3132,raw/2018-05-24_1729.C3132,raw/2018-05-24_2016.C3132,raw/2018-05-24_2303.C3132,raw/2018-05-25_0150.C3132 out=data9.uv ifsel=2 options=birdie,rfiflag,noauto,xycorr

atlod: Revision 1.53, 2016/08/25 23:02:21 UTC

Processing file raw/2018-05-24_1442.C3132
 14:42:23 CAOBS> track 1
CABB data detected
Scan 1 started at 18MAY24:14:42:44.0
Source: 1934-638
Flagging channels in  28 frequency ranges
 14:53:16 CAOBS> stop
 14:53:25 CAOBS> set file c3132_obs_c3
 14:53:29 CAOBS> start 13/99
Scan 2 started at 18MAY24:14:55:24.0
Source: 2312-319
Scan 3 started at 18MAY24:14:58:12.0
Source: c_481
Source: c_482
Source: c_483
Source: c_484
Source: c_485
Source: c_486
Source: c_487
Source: c_488
Source: c_489
Source: c_490
Source: c_491
Source: c_492
Source: c_493
Source: c_494
Source: c_495
Source: c_496
Source: c_497
Source: c_498
Source: c_499
Source: c_500
Scan 4 started at 18MAY24:15:11:48.0
Source: 2312-319
Scan 5 started at 18MAY24:15:14:36.0
Source: c_501
Source: c_502
Source: c_503
Source: c_504
Source: c_505
Source: c_506
Source: c_507
Source: c_508
Source: c_509
Source: c_510
Source: c_511
Source: c_512
Source: c_513
Source: c_514
Source: c_515
Source: c_516
Source: c_517
Source: c_518
Source: c_519
Source: c_520
Scan 6 started at 18MAY24:15:28:12.0
Source: 2312-319
Scan 7 started at 18MAY24:15:31:00.0
Source: c_521
Source: c_522
Source: c_523
Source: c_524
Source: c_525
Source: c_526
Source: c_527
Source: c_528
Source: c_529
Source: c_530
Source: c_531
Source: c_532
Source: c_533
Source: c_534
Source: c_535
Source: c_536
Source: c_537
Source: c_538
Source: c_539
Source: c_540
Scan 8 started at 18MAY24:15:44:36.0
Source: 2312-319
Scan 9 started at 18MAY24:15:47:24.0
Source: c_361
Source: c_362
Source: c_363
Source: c_364
Source: c_365
Source: c_366
Source: c_367
Source: c_368
Source: c_369
Source: c_370
Source: c_371
Source: c_372
Source: c_373
Source: c_374
Source: c_375
Source: c_376
Source: c_377
Source: c_378
Source: c_379
Source: c_380
Scan 10 started at 18MAY24:16:01:00.0
Source: 2312-319
Scan 11 started at 18MAY24:16:03:48.0
Source: c_381
Source: c_382
Source: c_383
Source: c_384
Source: c_385
Source: c_386
Source: c_387
Source: c_388
Source: c_389
Source: c_390
Source: c_391
Source: c_392
Source: c_393
Source: c_394
Source: c_395
Source: c_396
Source: c_397
Source: c_398
Source: c_399
Source: c_400
Scan 12 started at 18MAY24:16:17:24.0
Source: 2312-319
Scan 13 started at 18MAY24:16:20:12.0
Source: c_401
Source: c_402
Source: c_403
Source: c_404
Source: c_405
Source: c_406
Source: c_407
Source: c_408
Source: c_409
Source: c_410
Source: c_411
Source: c_412
Source: c_413
Source: c_414
Source: c_415
Source: c_416
Source: c_417
Source: c_418
Source: c_419
Source: c_420
Scan 14 started at 18MAY24:16:33:48.0
Source: 2312-319
Scan 15 started at 18MAY24:16:36:36.0
Source: c_421
Source: c_422
Source: c_423
Source: c_424
Source: c_425
Source: c_426
Source: c_427
Source: c_428
Source: c_429
Source: c_430
Source: c_431
Source: c_432
Source: c_433
Source: c_434
Source: c_435
Source: c_436
Source: c_437
Source: c_438
Source: c_439
Source: c_440
Scan 16 started at 18MAY24:16:50:12.0
Source: 2312-319
Scan 17 started at 18MAY24:16:53:00.0
Source: c_441
Source: c_442
Source: c_443
Source: c_444
Source: c_445
Source: c_446
Source: c_447
Source: c_448
Source: c_449
Source: c_450
Source: c_451
Source: c_452
Source: c_453
Source: c_454
Source: c_455
Source: c_456
Source: c_457
Source: c_458
Source: c_459
Source: c_460
Scan 18 started at 18MAY24:17:06:36.0
Source: 2312-319
Scan 19 started at 18MAY24:17:09:24.0
Source: c_461
Source: c_462
Source: c_463
Source: c_464
Source: c_465
Source: c_466
Source: c_467
Source: c_468
Source: c_469
Source: c_470
Source: c_471
Source: c_472
Source: c_473
Source: c_474
Source: c_475
Source: c_476
Source: c_477
Source: c_478
Source: c_479
Source: c_480
Scan 20 started at 18MAY24:17:23:00.0
Source: 2312-319
Scan 21 started at 18MAY24:17:25:48.0
Source: c_481
Source: c_482
Source: c_483
Source: c_484
Source: c_485
Source: c_486
Source: c_487
RPFITS file version is 2.12
---------------------------------------
Total number of spectra selected: 72660

Summary of spectra flagged
Flagging Reason            Fraction
---------------            --------
Antenna off-source/off-line  5.09%
---------------------------------------
Processing file raw/2018-05-24_1729.C3132
CABB data detected
Scan 1 started at 18MAY24:17:29:48.0
Source: c_487
Source: c_488
Source: c_489
Source: c_490
Source: c_491
Source: c_492
Source: c_493
Source: c_494
Source: c_495
Source: c_496
Source: c_497
Source: c_498
Source: c_499
Source: c_500
Scan 2 started at 18MAY24:17:39:24.0
Source: 2312-319
Scan 3 started at 18MAY24:17:42:12.0
Source: c_501
Source: c_502
Source: c_503
Source: c_504
Source: c_505
Source: c_506
Source: c_507
Source: c_508
Source: c_509
Source: c_510
Source: c_511
Source: c_512
Source: c_513
Source: c_514
Source: c_515
Source: c_516
Source: c_517
Source: c_518
Source: c_519
Source: c_520
Scan 4 started at 18MAY24:17:55:48.0
Source: 2312-319
Scan 5 started at 18MAY24:17:58:44.0
Source: c_521
Source: c_522
Source: c_523
Source: c_524
Source: c_525
Source: c_526
Source: c_527
Source: c_528
Source: c_529
Source: c_530
Source: c_531
Source: c_532
Source: c_533
Source: c_534
Source: c_535
Source: c_536
Source: c_537
Source: c_538
Source: c_539
Source: c_540
Scan 6 started at 18MAY24:18:12:12.0
Source: 2312-319
Scan 7 started at 18MAY24:18:15:00.0
Source: c_361
Source: c_362
Source: c_363
Source: c_364
Source: c_365
Source: c_366
Source: c_367
Source: c_368
Source: c_369
Source: c_370
Source: c_371
Source: c_372
Source: c_373
Source: c_374
Source: c_375
Source: c_376
Source: c_377
Source: c_378
Source: c_379
Source: c_380
Scan 8 started at 18MAY24:18:28:36.0
Source: 2312-319
Scan 9 started at 18MAY24:18:31:32.0
Source: c_381
Source: c_382
Source: c_383
Source: c_384
Source: c_385
Source: c_386
Source: c_387
Source: c_388
Source: c_389
Source: c_390
Source: c_391
Source: c_392
Source: c_393
Source: c_394
Source: c_395
Source: c_396
Source: c_397
Source: c_398
Source: c_399
Source: c_400
Scan 10 started at 18MAY24:18:45:00.0
Source: 2312-319
Scan 11 started at 18MAY24:18:47:48.0
Source: c_401
Source: c_402
Source: c_403
Source: c_404
Source: c_405
Source: c_406
Source: c_407
Source: c_408
Source: c_409
Source: c_410
Source: c_411
Source: c_412
Source: c_413
Source: c_414
Source: c_415
Source: c_416
Source: c_417
Source: c_418
Source: c_419
Source: c_420
Scan 12 started at 18MAY24:19:01:24.0
Source: 2312-319
Scan 13 started at 18MAY24:19:04:12.0
Source: c_421
Source: c_422
Source: c_423
Source: c_424
Source: c_425
Source: c_426
Source: c_427
Source: c_428
Source: c_429
Source: c_430
Source: c_431
Source: c_432
Source: c_433
Source: c_434
Source: c_435
Source: c_436
Source: c_437
Source: c_438
Source: c_439
Source: c_440
Scan 14 started at 18MAY24:19:17:48.0
Source: 2312-319
Scan 15 started at 18MAY24:19:20:44.0
Source: c_441
Source: c_442
Source: c_443
Source: c_444
Source: c_445
Source: c_446
Source: c_447
Source: c_448
Source: c_449
Source: c_450
Source: c_451
Source: c_452
Source: c_453
Source: c_454
Source: c_455
Source: c_456
Source: c_457
Source: c_458
Source: c_459
Source: c_460
Scan 16 started at 18MAY24:19:34:12.0
Source: 2312-319
Scan 17 started at 18MAY24:19:37:08.0
Source: c_461
Source: c_462
Source: c_463
Source: c_464
Source: c_465
Source: c_466
Source: c_467
Source: c_468
Source: c_469
Source: c_470
Source: c_471
Source: c_472
Source: c_473
Source: c_474
Source: c_475
Source: c_476
Source: c_477
Source: c_478
Source: c_479
Source: c_480
Scan 18 started at 18MAY24:19:50:36.0
Source: 2312-319
Scan 19 started at 18MAY24:19:53:32.0
Source: c_481
Source: c_482
Source: c_483
Source: c_484
Source: c_485
Source: c_486
Source: c_487
Source: c_488
Source: c_489
Source: c_490
Source: c_491
Source: c_492
Source: c_493
Source: c_494
Source: c_495
Source: c_496
Source: c_497
Source: c_498
Source: c_499
Source: c_500
Scan 20 started at 18MAY24:20:07:00.0
Source: 2312-319
Scan 21 started at 18MAY24:20:09:56.0
Source: c_501
Source: c_502
Source: c_503
Source: c_504
Source: c_505
Source: c_506
Source: c_507
Source: c_508
Source: c_509
Source: c_510
Source: c_511
RPFITS file version is 2.12
---------------------------------------
Total number of spectra selected: 72660

Summary of spectra flagged
Flagging Reason            Fraction
---------------            --------
Antenna off-source/off-line  4.62%
---------------------------------------
Processing file raw/2018-05-24_2016.C3132
CABB data detected
Scan 1 started at 18MAY24:20:16:36.0
Source: c_511
Source: c_512
Source: c_513
Source: c_514
Source: c_515
Source: c_516
Source: c_517
Source: c_518
Source: c_519
Source: c_520
Scan 2 started at 18MAY24:20:23:24.0
Source: 2312-319
Scan 3 started at 18MAY24:20:27:08.0
Source: c_522
Source: c_523
Source: c_524
Source: c_525
Source: c_526
Source: c_527
Source: c_528
Source: c_529
Source: c_530
Source: c_531
Source: c_532
Source: c_533
Source: c_534
Source: c_535
Source: c_536
Source: c_537
Source: c_538
Source: c_539
Source: c_540
Scan 4 started at 18MAY24:20:40:04.0
Source: 2312-319
Scan 5 started at 18MAY24:20:51:41.5
Source: c_365
Source: c_367
Source: c_369
Source: c_370
Source: c_371
Source: c_372
Source: c_373
Source: c_374
Source: c_375
Source: c_376
Source: c_377
Source: c_378
Source: c_379
Source: c_380
Scan 6 started at 18MAY24:21:05:24.0
Source: 2312-319
Scan 7 started at 18MAY24:21:10:22.8
Source: c_382
Source: c_383
Source: c_384
Source: c_385
Source: c_386
Source: c_387
Source: c_388
Source: c_389
Source: c_390
Source: c_391
Source: c_392
Source: c_393
Source: c_394
Source: c_395
Source: c_396
Source: c_397
Source: c_398
Source: c_399
Source: c_400
Scan 8 started at 18MAY24:21:23:32.0
Source: 2312-319
Scan 9 started at 18MAY24:21:26:36.0
Source: c_401
Source: c_402
Source: c_403
Source: c_404
Source: c_405
Source: c_406
Source: c_407
Source: c_408
Source: c_409
Source: c_410
Source: c_411
Source: c_412
Source: c_413
Source: c_414
Source: c_415
Source: c_416
Source: c_417
Source: c_418
Source: c_419
Source: c_420
Scan 10 started at 18MAY24:21:40:04.0
Source: 2312-319
Scan 11 started at 18MAY24:21:43:00.0
Source: c_421
Source: c_422
Source: c_423
Source: c_424
Source: c_425
Source: c_426
Source: c_427
Source: c_428
Source: c_429
Source: c_430
Source: c_431
Source: c_432
Source: c_433
Source: c_434
Source: c_435
Source: c_436
Source: c_437
Source: c_438
Source: c_439
Source: c_440
Scan 12 started at 18MAY24:21:56:36.0
Source: 2312-319
Scan 13 started at 18MAY24:21:59:40.0
Source: c_441
Source: c_442
Source: c_443
Source: c_444
Source: c_445
Source: c_446
Source: c_447
Source: c_448
Source: c_449
Source: c_450
Source: c_451
Source: c_452
Source: c_453
Source: c_454
Source: c_455
Source: c_456
Source: c_457
Source: c_458
Source: c_459
Source: c_460
Scan 14 started at 18MAY24:22:13:08.0
Source: 2312-319
Scan 15 started at 18MAY24:22:16:12.0
Source: c_461
Source: c_462
Source: c_463
Source: c_464
Source: c_465
Source: c_466
Source: c_467
Source: c_468
Source: c_469
Source: c_470
Source: c_471
Source: c_472
Source: c_473
Source: c_474
Source: c_475
Source: c_476
Source: c_477
Source: c_478
Source: c_479
Source: c_480
Scan 16 started at 18MAY24:22:29:40.0
Source: 2312-319
Scan 17 started at 18MAY24:22:32:28.0
Source: c_481
Source: c_482
Source: c_483
Source: c_484
Source: c_485
Source: c_486
Source: c_487
Source: c_488
Source: c_489
Source: c_490
Source: c_491
Source: c_492
Source: c_493
Source: c_494
Source: c_495
Source: c_496
Source: c_497
Source: c_498
Source: c_499
Source: c_500
Scan 18 started at 18MAY24:22:46:04.0
Source: 2312-319
Scan 19 started at 18MAY24:22:49:00.0
Source: c_501
Source: c_502
Source: c_503
Source: c_504
Source: c_505
Source: c_506
Source: c_507
Source: c_508
Source: c_509
Source: c_510
Source: c_511
Source: c_512
Source: c_513
Source: c_514
Source: c_515
Source: c_516
Source: c_517
Source: c_518
Source: c_519
Source: c_520
Scan 20 started at 18MAY24:23:02:36.0
Source: 2312-319
RPFITS file version is 2.12
---------------------------------------
Total number of spectra selected: 72660

Summary of spectra flagged
Flagging Reason            Fraction
---------------            --------
Antenna off-source/off-line  16.6%
---------------------------------------
Processing file raw/2018-05-24_2303.C3132
CABB data detected
Scan 1 started at 18MAY24:23:03:08.0
Source: 2312-319
Scan 2 started at 18MAY24:23:05:32.0
Source: c_521
Source: c_522
Source: c_523
Source: c_524
Source: c_525
Source: c_526
Source: c_527
Source: c_528
Source: c_529
Source: c_530
Source: c_531
Source: c_532
Source: c_533
Source: c_534
Source: c_535
Source: c_536
Source: c_537
Source: c_538
Source: c_539
Source: c_540
Scan 3 started at 18MAY24:23:19:00.0
Source: 2312-319
Scan 4 started at 18MAY24:23:21:48.0
Source: c_361
Source: c_362
Source: c_363
Source: c_364
Source: c_365
Source: c_366
Source: c_367
Source: c_368
Source: c_369
Source: c_370
Source: c_371
Source: c_372
Source: c_373
Source: c_374
Source: c_375
Source: c_376
Source: c_377
Source: c_378
Source: c_379
Source: c_380
Scan 5 started at 18MAY24:23:35:24.0
Source: 2312-319
Scan 6 started at 18MAY24:23:38:20.0
Source: c_381
Source: c_382
Source: c_383
Source: c_384
Source: c_385
Source: c_386
Source: c_387
Source: c_388
Source: c_389
Source: c_390
Source: c_391
Source: c_392
Source: c_393
Source: c_394
Source: c_395
Source: c_396
Source: c_397
Source: c_398
Source: c_399
Source: c_400
Scan 7 started at 18MAY24:23:51:48.0
Source: 2312-319
Scan 8 started at 18MAY24:23:54:36.0
Source: c_401
Source: c_402
Source: c_403
Source: c_404
Source: c_405
Source: c_406
Source: c_407
Source: c_408
Source: c_409
Source: c_410
Source: c_411
Source: c_412
Source: c_413
Source: c_414
Source: c_415
Source: c_416
Source: c_417
Source: c_418
Source: c_419
Source: c_420
Scan 9 started at 18MAY25:00:08:12.0
Source: 2312-319
Scan 10 started at 18MAY25:00:11:00.0
Source: c_421
Source: c_422
Source: c_423
Source: c_424
Source: c_425
Source: c_426
Source: c_427
Source: c_428
Source: c_429
Source: c_430
Source: c_431
Source: c_432
Source: c_433
Source: c_434
Source: c_435
Source: c_436
Source: c_437
Source: c_438
Source: c_439
Source: c_440
Scan 11 started at 18MAY25:00:24:36.0
Source: 2312-319
Scan 12 started at 18MAY25:00:27:24.0
Source: c_441
Source: c_442
Source: c_443
Source: c_444
Source: c_445
Source: c_446
Source: c_447
Source: c_448
Source: c_449
Source: c_450
Source: c_451
Source: c_452
Source: c_453
Source: c_454
Source: c_455
Source: c_456
Source: c_457
Source: c_458
Source: c_459
Source: c_460
Scan 13 started at 18MAY25:00:41:00.0
Source: 2312-319
Scan 14 started at 18MAY25:00:43:48.0
Source: c_461
Source: c_462
Source: c_463
Source: c_464
Source: c_465
Source: c_466
Source: c_467
Source: c_468
Source: c_469
Source: c_470
Source: c_471
Source: c_472
Source: c_473
Source: c_474
Source: c_475
Source: c_476
Source: c_477
Source: c_478
Source: c_479
Source: c_480
Scan 15 started at 18MAY25:00:57:24.0
Source: 2312-319
Scan 16 started at 18MAY25:01:00:12.0
Source: c_481
Source: c_482
Source: c_483
Source: c_484
Source: c_485
Source: c_486
Source: c_487
Source: c_488
Source: c_489
Source: c_490
Source: c_491
Source: c_492
Source: c_493
Source: c_494
Source: c_495
Source: c_496
Source: c_497
Source: c_498
Source: c_499
Source: c_500
Scan 17 started at 18MAY25:01:13:48.0
Source: 2312-319
Scan 18 started at 18MAY25:01:16:36.0
Source: c_501
Source: c_502
Source: c_503
Source: c_504
Source: c_505
Source: c_506
Source: c_507
Source: c_508
Source: c_509
Source: c_510
Source: c_511
Source: c_512
Source: c_513
Source: c_514
Source: c_515
Source: c_516
Source: c_517
Source: c_518
Source: c_519
Source: c_520
Scan 19 started at 18MAY25:01:30:12.0
Source: 2312-319
Scan 20 started at 18MAY25:01:33:00.0
Source: c_521
Source: c_522
Source: c_523
Source: c_524
Source: c_525
Source: c_526
Source: c_527
Source: c_528
Source: c_529
Source: c_530
Source: c_531
Source: c_532
Source: c_533
Source: c_534
Source: c_535
Source: c_536
Source: c_537
Source: c_538
Source: c_539
Source: c_540
Scan 21 started at 18MAY25:01:46:36.0
Source: 2312-319
Scan 22 started at 18MAY25:01:49:24.0
Source: c_361
Source: c_362
RPFITS file version is 2.12
---------------------------------------
Total number of spectra selected: 72660

Summary of spectra flagged
Flagging Reason            Fraction
---------------            --------
Antenna off-source/off-line  4.62%
---------------------------------------
Processing file raw/2018-05-25_0150.C3132
CABB data detected
Scan 1 started at 18MAY25:01:50:12.0
Source: c_362
Source: c_363
Source: c_364
Source: c_365
Source: c_366
Source: c_367
Source: c_368
Source: c_369
Source: c_370
Source: c_371
Source: c_372
Source: c_373
Source: c_374
Source: c_375
Source: c_376
Source: c_377
Source: c_378
Source: c_379
Source: c_380
Scan 2 started at 18MAY25:02:03:00.0
Source: 2312-319
Scan 3 started at 18MAY25:02:05:48.0
Source: c_381
Source: c_382
Source: c_383
Source: c_384
Source: c_385
Source: c_386
Source: c_387
Source: c_388
Source: c_389
Source: c_390
Source: c_391
Source: c_392
Source: c_393
Source: c_394
Source: c_395
Source: c_396
Source: c_397
Source: c_398
Source: c_399
Source: c_400
Scan 4 started at 18MAY25:02:19:24.0
Source: 2312-319
Scan 5 started at 18MAY25:02:22:12.0
Source: c_401
Source: c_402
Source: c_403
Source: c_404
Source: c_405
Source: c_406
Source: c_407
Source: c_408
 02:27:03 CAOBS> stop
 02:27:05 CAOBS> track 1
Scan 6 started at 18MAY25:02:27:24.0
Source: 2312-319
 02:29:57 CAOBS> stop
 02:30:01 CAOBS> corr closef
RPFITS file version is 2.12
---------------------------------------
Total number of spectra selected: 17220

Summary of spectra flagged
Flagging Reason            Fraction
---------------            --------
Antenna off-source/off-line  3.48%
---------------------------------------

No CACAL data was detected

2018-11-02 12:56:40,886 [MainThread  ] [INFO ]  uvflag vis=data9.uv line=chan,65,850,1 flagval=flag

uvflag: Revision 1.8, 2014/09/30 14:23:39 UTC


Set flags to indicate bad data in visibility file data9.uv
Linetype channel; select   65 channels; start  850, width    1, step    1

Overview of flagging on visibility file data9.uv
Changed flags set to FALSE (data flagged as bad)
Total number of records selected: 284768; out of 284768 records
Antennas used: 1-6
Counts of correlations within selected channels
channel   Originally    Currently
Good:        18509920.           0.    Changed to bad:    18509920.
Bad:                0.    18509920.

2018-11-02 12:57:42,994 [MainThread  ] [INFO ]  uvsplit vis=data9.uv options=mosaic

uvsplit: Revision 1.18, 2016/05/09 03:06:18 UTC

Creating 1934-638.9500
Creating 2312-319.9500
Creating c.9500

2018-11-02 12:58:02,654 [MainThread  ] [INFO ]  pgflag vis=1934-638.9500 command='<b' stokes=i,q,u,v flagpar=8,5,5,3,6,3 options=nodisp

pgflag: Revision 1.30, 2016/10/05 23:06:50 UTC

Applying changes to dataset
Counts of correlations within selected channels:
 channel  Originally  Currently
 Good:       8380320    8226744    Changed to bad:     153576
 Bad:        1331940    1485516    Changed to good:         0
 15.3% of the data is now flagged

2018-11-02 12:58:14,899 [MainThread  ] [INFO ]  pgflag vis=1934-638.9500 command='<b' stokes=i,v,q,u flagpar=8,2,2,3,6,3  options=nodisp

pgflag: Revision 1.30, 2016/10/05 23:06:50 UTC

Applying changes to dataset
Counts of correlations within selected channels:
 channel  Originally  Currently
 Good:       8226744    8081652    Changed to bad:     145092
 Bad:        1485516    1630608    Changed to good:         0
 16.8% of the data is now flagged

2018-11-02 12:58:26,580 [MainThread  ] [INFO ]  pgflag vis=1934-638.9500 command='<b' stokes=i,v,u,q flagpar=8,2,2,3,6,3  options=nodisp

pgflag: Revision 1.30, 2016/10/05 23:06:50 UTC

Applying changes to dataset
Counts of correlations within selected channels:
 channel  Originally  Currently
 Good:       8081652    7883668    Changed to bad:     197984
 Bad:        1630608    1828592    Changed to good:         0
 18.8% of the data is now flagged

2018-11-02 12:59:28,009 [MainThread  ] [INFO ]  mfcal vis=1934-638.9500 refant=4 interval=0.1
MfCal: $Revision: 1.20 $, $Date: 2017/05/08 02:31:10 $
Selecting parallel-hand polarisations
Reading the data ...
Number correlations accepted: 3941834
Number of frequency bands/settings: 1
Number of polarisations selected: 2
Number of solution intervals: 79
Number of passband solution intervals: 1
Initialising ...
Using post-Aug94 ATCA flux scale for 1934-638.
Using known frequency variation of 1934-638
Generating initial solution estimate ...
Doing solution refinement ...
Iter= 1, Solution Error:  0.476
Iter= 2, Solution Error:  0.004
Iter= 3, Solution Error:  0.000
Saving solution ...

2018-11-02 12:59:34,760 [MainThread  ] [INFO ]  gpcal vis=1934-638.9500 refant=4 interval=0.1 nfbin=2 options=xyvary

gpcal: Revision 1.22, 2016/05/01 22:31:05 UTC

Applying bandpass corrections to 1934-638.9500
Number of antennae: 6
Reading the data ...
Number of solution intervals: 79
Total visibilities read: 1185
Number visibilities accepted: 1185
Using post-Aug94 ATCA flux scale for 1934-638.
Using IQUV =  2.5400,  0.0000,  0.0000,  0.0000 at   9.4549 GHz.
Using post-Aug94 ATCA flux scale for 1934-638.
Using IQUV =  2.6974,  0.0000,  0.0000,  0.0000 at   9.0087 GHz.
Using post-Aug94 ATCA flux scale for 1934-638.
Using IQUV =  2.3880,  0.0000,  0.0000,  0.0000 at   9.9376 GHz.
Iter= 1, Amplit/Phase Solution Error:   0.066
Iter= 1, Polarisation Solution Error:   0.034
Iter= 1, Overall Solution Error:        0.328
Iter= 2, Amplit/Phase Solution Error:   0.001
Iter= 2, Polarisation Solution Error:   0.000
Iter= 2, Overall Solution Error:        0.002
Iter= 3, Amplit/Phase Solution Error:   0.000
Iter= 3, Polarisation Solution Error:   0.000
Iter= 3, Overall Solution Error:        0.000
I flux density:   2.5400
Leakage terms:
 Ant 1:Dx,Dy = ( 0.00187,-0.00787),(-0.00105,-0.00797)
 Ant 2:Dx,Dy = ( 0.00284, 0.00349),(-0.00320, 0.00366)
 Ant 3:Dx,Dy = ( 0.00524,-0.00230),(-0.00769,-0.00247)
 Ant 4:Dx,Dy = ( 0.00445, 0.01696),(-0.00325, 0.01792)
 Ant 5:Dx,Dy = (-0.01721, 0.00605),( 0.01669, 0.00585)
 Ant 6:Dx,Dy = ( 0.00240,-0.01671),(-0.00190,-0.01661)
Solution for freq bin  1
Iter= 1, Amplit/Phase Solution Error:   0.064
Iter= 1, Polarisation Solution Error:   0.034
Iter= 1, Overall Solution Error:        0.321
Iter= 2, Amplit/Phase Solution Error:   0.001
Iter= 2, Polarisation Solution Error:   0.000
Iter= 2, Overall Solution Error:        0.002
Iter= 3, Amplit/Phase Solution Error:   0.000
Iter= 3, Polarisation Solution Error:   0.000
Iter= 3, Overall Solution Error:        0.000
I flux density:   2.6974
Leakage terms:
 Ant 1:Dx,Dy = ( 0.00168,-0.00726),(-0.00128,-0.00755)
 Ant 2:Dx,Dy = ( 0.00302, 0.00402),(-0.00339, 0.00408)
 Ant 3:Dx,Dy = ( 0.00430,-0.00307),(-0.00777,-0.00264)
 Ant 4:Dx,Dy = ( 0.00434, 0.01702),(-0.00361, 0.01823)
 Ant 5:Dx,Dy = (-0.01668, 0.00593),( 0.01670, 0.00517)
 Ant 6:Dx,Dy = ( 0.00160,-0.01682),(-0.00240,-0.01712)
Solution for freq bin  2
Iter= 1, Amplit/Phase Solution Error:   0.067
Iter= 1, Polarisation Solution Error:   0.034
Iter= 1, Overall Solution Error:        0.336
Iter= 2, Amplit/Phase Solution Error:   0.001
Iter= 2, Polarisation Solution Error:   0.000
Iter= 2, Overall Solution Error:        0.002
Iter= 3, Amplit/Phase Solution Error:   0.001
Iter= 3, Polarisation Solution Error:   0.000
Iter= 3, Overall Solution Error:        0.001
I flux density:   2.3880
Leakage terms:
 Ant 1:Dx,Dy = ( 0.00211,-0.00860),(-0.00077,-0.00847)
 Ant 2:Dx,Dy = ( 0.00262, 0.00289),(-0.00297, 0.00317)
 Ant 3:Dx,Dy = ( 0.00633,-0.00142),(-0.00759,-0.00228)
 Ant 4:Dx,Dy = ( 0.00459, 0.01690),(-0.00283, 0.01757)
 Ant 5:Dx,Dy = (-0.01782, 0.00619),( 0.01665, 0.00663)
 Ant 6:Dx,Dy = ( 0.00337,-0.01658),(-0.00128,-0.01601)

2018-11-02 12:59:57,120 [MainThread  ] [INFO ]  pgflag vis=1934-638.9500 command='<b' stokes=i,q,u,v flagpar=8,5,5,3,6,3 options=nodisp

pgflag: Revision 1.30, 2016/10/05 23:06:50 UTC

Applying bandpass corrections to 1934-638.9500
Applying freq. dependent gain corrections to 1934-638.9500
Applying freq. dependent leakage correction to 1934-638.9500
Applying changes to dataset
Counts of correlations within selected channels:
 channel  Originally  Currently
 Good:       7883668    7844160    Changed to bad:      39508
 Bad:        1828592    1868100    Changed to good:         0
 19.2% of the data is now flagged

2018-11-02 13:00:13,727 [MainThread  ] [INFO ]  pgflag vis=1934-638.9500 command='<b' stokes=i,v,q,u flagpar=8,2,2,3,6,3  options=nodisp

pgflag: Revision 1.30, 2016/10/05 23:06:50 UTC

Applying bandpass corrections to 1934-638.9500
Applying freq. dependent gain corrections to 1934-638.9500
Applying freq. dependent leakage correction to 1934-638.9500
Applying changes to dataset
Counts of correlations within selected channels:
 channel  Originally  Currently
 Good:       7844160    7799144    Changed to bad:      45016
 Bad:        1868100    1913116    Changed to good:         0
 19.7% of the data is now flagged

2018-11-02 13:00:32,027 [MainThread  ] [INFO ]  pgflag vis=1934-638.9500 command='<b' stokes=i,v,u,q flagpar=8,2,2,3,6,3  options=nodisp

pgflag: Revision 1.30, 2016/10/05 23:06:50 UTC

Applying bandpass corrections to 1934-638.9500
Applying freq. dependent gain corrections to 1934-638.9500
Applying freq. dependent leakage correction to 1934-638.9500
Applying changes to dataset
Counts of correlations within selected channels:
 channel  Originally  Currently
 Good:       7799144    7764264    Changed to bad:      34880
 Bad:        1913116    1947996    Changed to good:         0
 20.1% of the data is now flagged

2018-11-02 13:01:26,206 [MainThread  ] [INFO ]  mfcal vis=1934-638.9500 refant=4 interval=0.1
MfCal: $Revision: 1.20 $, $Date: 2017/05/08 02:31:10 $
Selecting parallel-hand polarisations
Reading the data ...
Number correlations accepted: 3882132
Number of frequency bands/settings: 1
Number of polarisations selected: 2
Number of solution intervals: 79
Number of passband solution intervals: 1
Initialising ...
Using post-Aug94 ATCA flux scale for 1934-638.
Using known frequency variation of 1934-638
Generating initial solution estimate ...
Doing solution refinement ...
Iter= 1, Solution Error:  0.481
Iter= 2, Solution Error:  0.004
Iter= 3, Solution Error:  0.000
Saving solution ...

2018-11-02 13:01:32,627 [MainThread  ] [INFO ]  gpcal vis=1934-638.9500 refant=4 interval=0.1 nfbin=2 options=xyvary

gpcal: Revision 1.22, 2016/05/01 22:31:05 UTC

Applying bandpass corrections to 1934-638.9500
Number of antennae: 6
Using leakage parameters from input as initial guess
Reading the data ...
Number of solution intervals: 79
Total visibilities read: 1185
Number visibilities accepted: 1185
Using post-Aug94 ATCA flux scale for 1934-638.
Using IQUV =  2.5401,  0.0000,  0.0000,  0.0000 at   9.4545 GHz.
Using post-Aug94 ATCA flux scale for 1934-638.
Using IQUV =  2.6972,  0.0000,  0.0000,  0.0000 at   9.0091 GHz.
Using post-Aug94 ATCA flux scale for 1934-638.
Using IQUV =  2.3891,  0.0000,  0.0000,  0.0000 at   9.9338 GHz.
Iter= 1, Amplit/Phase Solution Error:   0.066
Iter= 1, Polarisation Solution Error:   0.000
Iter= 1, Overall Solution Error:        0.328
Iter= 2, Amplit/Phase Solution Error:   0.001
Iter= 2, Polarisation Solution Error:   0.000
Iter= 2, Overall Solution Error:        0.002
Iter= 3, Amplit/Phase Solution Error:   0.000
Iter= 3, Polarisation Solution Error:   0.000
Iter= 3, Overall Solution Error:        0.000
I flux density:   2.5401
Leakage terms:
 Ant 1:Dx,Dy = ( 0.00188,-0.00789),(-0.00105,-0.00799)
 Ant 2:Dx,Dy = ( 0.00283, 0.00347),(-0.00322, 0.00364)
 Ant 3:Dx,Dy = ( 0.00528,-0.00233),(-0.00765,-0.00250)
 Ant 4:Dx,Dy = ( 0.00445, 0.01695),(-0.00325, 0.01791)
 Ant 5:Dx,Dy = (-0.01725, 0.00618),( 0.01667, 0.00595)
 Ant 6:Dx,Dy = ( 0.00237,-0.01674),(-0.00194,-0.01664)
Solution for freq bin  1
Iter= 1, Amplit/Phase Solution Error:   0.064
Iter= 1, Polarisation Solution Error:   0.001
Iter= 1, Overall Solution Error:        0.321
Iter= 2, Amplit/Phase Solution Error:   0.001
Iter= 2, Polarisation Solution Error:   0.000
Iter= 2, Overall Solution Error:        0.002
Iter= 3, Amplit/Phase Solution Error:   0.000
Iter= 3, Polarisation Solution Error:   0.000
Iter= 3, Overall Solution Error:        0.000
I flux density:   2.6972
Leakage terms:
 Ant 1:Dx,Dy = ( 0.00169,-0.00728),(-0.00126,-0.00759)
 Ant 2:Dx,Dy = ( 0.00300, 0.00396),(-0.00343, 0.00405)
 Ant 3:Dx,Dy = ( 0.00435,-0.00312),(-0.00770,-0.00268)
 Ant 4:Dx,Dy = ( 0.00434, 0.01698),(-0.00362, 0.01820)
 Ant 5:Dx,Dy = (-0.01673, 0.00614),( 0.01665, 0.00536)
 Ant 6:Dx,Dy = ( 0.00154,-0.01685),(-0.00247,-0.01717)
Solution for freq bin  2
Iter= 1, Amplit/Phase Solution Error:   0.067
Iter= 1, Polarisation Solution Error:   0.001
Iter= 1, Overall Solution Error:        0.336
Iter= 2, Amplit/Phase Solution Error:   0.001
Iter= 2, Polarisation Solution Error:   0.000
Iter= 2, Overall Solution Error:        0.002
Iter= 3, Amplit/Phase Solution Error:   0.001
Iter= 3, Polarisation Solution Error:   0.000
Iter= 3, Overall Solution Error:        0.001
I flux density:   2.3891
Leakage terms:
 Ant 1:Dx,Dy = ( 0.00211,-0.00861),(-0.00078,-0.00846)
 Ant 2:Dx,Dy = ( 0.00263, 0.00290),(-0.00297, 0.00318)
 Ant 3:Dx,Dy = ( 0.00635,-0.00142),(-0.00758,-0.00229)
 Ant 4:Dx,Dy = ( 0.00459, 0.01692),(-0.00282, 0.01757)
 Ant 5:Dx,Dy = (-0.01784, 0.00621),( 0.01667, 0.00662)
 Ant 6:Dx,Dy = ( 0.00336,-0.01660),(-0.00131,-0.01602)

2018-11-02 13:01:41,090 [MainThread  ] [INFO ]  gpcopy vis=1934-638.9500 out=2312-319.9500

gpcopy: Revision 1.13, 2015/10/29 01:31:39 UTC

Copying leakage table
Copying gain table
Interpolation tolerance set to (minutes): 720.00
Copying bandpass table

2018-11-02 13:05:04,398 [MainThread  ] [INFO ]  pgflag vis=2312-319.9500 command='<b' stokes=i,q,u,v flagpar=8,5,5,3,6,3 options=nodisp

pgflag: Revision 1.30, 2016/10/05 23:06:50 UTC

Applying bandpass corrections to 2312-319.9500
Applying freq. dependent gain corrections to 2312-319.9500
Applying freq. dependent leakage correction to 2312-319.9500
Applying changes to dataset
Counts of correlations within selected channels:
 channel  Originally  Currently
 Good:      68845920   68194164    Changed to bad:     651756
 Bad:       10942140   11593896    Changed to good:         0
 14.5% of the data is now flagged

2018-11-02 13:08:15,905 [MainThread  ] [INFO ]  pgflag vis=2312-319.9500 command='<b' stokes=i,v,q,u flagpar=8,2,2,3,6,3  options=nodisp

pgflag: Revision 1.30, 2016/10/05 23:06:50 UTC

Applying bandpass corrections to 2312-319.9500
Applying freq. dependent gain corrections to 2312-319.9500
Applying freq. dependent leakage correction to 2312-319.9500
Applying changes to dataset
Counts of correlations within selected channels:
 channel  Originally  Currently
 Good:      68194164   67636872    Changed to bad:     557292
 Bad:       11593896   12151188    Changed to good:         0
 15.2% of the data is now flagged

2018-11-02 13:11:25,707 [MainThread  ] [INFO ]  pgflag vis=2312-319.9500 command='<b' stokes=i,v,u,q flagpar=8,2,2,3,6,3  options=nodisp

pgflag: Revision 1.30, 2016/10/05 23:06:50 UTC

Applying bandpass corrections to 2312-319.9500
Applying freq. dependent gain corrections to 2312-319.9500
Applying freq. dependent leakage correction to 2312-319.9500
Applying changes to dataset
Counts of correlations within selected channels:
 channel  Originally  Currently
 Good:      67636872   67099116    Changed to bad:     537756
 Bad:       12151188   12688944    Changed to good:         0
 15.9% of the data is now flagged

2018-11-02 13:11:30,772 [MainThread  ] [INFO ]  gpcal vis=2312-319.9500 refant=4 interval=0.1 nfbin=2 options=xyvary,qusolve

gpcal: Revision 1.22, 2016/05/01 22:31:05 UTC

Applying bandpass corrections to 2312-319.9500
Number of antennae: 6
Using leakage parameters from input as initial guess
Reading the data ...
Number of solution intervals: 649
Total visibilities read: 9735
Number visibilities accepted: 9735
Iter= 1, Amplit/Phase Solution Error:   0.493
Iter= 1, Polarisation Solution Error:   0.010
Iter= 1, Overall Solution Error:        1.688
Iter= 2, Amplit/Phase Solution Error:   0.013
Iter= 2, Polarisation Solution Error:   0.000
Iter= 2, Overall Solution Error:        0.009
Iter= 3, Amplit/Phase Solution Error:   0.001
Iter= 3, Polarisation Solution Error:   0.000
Iter= 3, Overall Solution Error:        0.001
I flux density:   0.5199
Percent Q:  -0.990
Percent U:  -0.845
Leakage terms:
 Ant 1:Dx,Dy = ( 0.00144,-0.00886),(-0.00081,-0.00713)
 Ant 2:Dx,Dy = ( 0.00283, 0.00278),(-0.00351, 0.00433)
 Ant 3:Dx,Dy = ( 0.00551,-0.00294),(-0.00799,-0.00180)
 Ant 4:Dx,Dy = ( 0.00348, 0.01651),(-0.00247, 0.01845)
 Ant 5:Dx,Dy = (-0.01697, 0.00532),( 0.01634, 0.00688)
 Ant 6:Dx,Dy = ( 0.00305,-0.01775),(-0.00222,-0.01578)
Solution for freq bin  1
Iter= 1, Amplit/Phase Solution Error:   0.474
Iter= 1, Polarisation Solution Error:   0.010
Iter= 1, Overall Solution Error:        1.624
Iter= 2, Amplit/Phase Solution Error:   0.013
Iter= 2, Polarisation Solution Error:   0.000
Iter= 2, Overall Solution Error:        0.009
Iter= 3, Amplit/Phase Solution Error:   0.001
Iter= 3, Polarisation Solution Error:   0.000
Iter= 3, Overall Solution Error:        0.001
I flux density:   0.5228
Percent Q:  -0.968
Percent U:  -0.793
Leakage terms:
 Ant 1:Dx,Dy = ( 0.00110,-0.00807),(-0.00099,-0.00644)
 Ant 2:Dx,Dy = ( 0.00288, 0.00327),(-0.00370, 0.00475)
 Ant 3:Dx,Dy = ( 0.00438,-0.00378),(-0.00814,-0.00204)
 Ant 4:Dx,Dy = ( 0.00336, 0.01684),(-0.00286, 0.01840)
 Ant 5:Dx,Dy = (-0.01607, 0.00510),( 0.01621, 0.00620)
 Ant 6:Dx,Dy = ( 0.00221,-0.01783),(-0.00267,-0.01640)
Solution for freq bin  2
Iter= 1, Amplit/Phase Solution Error:   0.513
Iter= 1, Polarisation Solution Error:   0.010
Iter= 1, Overall Solution Error:        1.740
Iter= 2, Amplit/Phase Solution Error:   0.014
Iter= 2, Polarisation Solution Error:   0.000
Iter= 2, Overall Solution Error:        0.009
Iter= 3, Amplit/Phase Solution Error:   0.001
Iter= 3, Polarisation Solution Error:   0.000
Iter= 3, Overall Solution Error:        0.001
I flux density:   0.5175
Percent Q:  -1.010
Percent U:  -0.894
Leakage terms:
 Ant 1:Dx,Dy = ( 0.00175,-0.00962),(-0.00065,-0.00780)
 Ant 2:Dx,Dy = ( 0.00279, 0.00232),(-0.00334, 0.00394)
 Ant 3:Dx,Dy = ( 0.00656,-0.00216),(-0.00785,-0.00158)
 Ant 4:Dx,Dy = ( 0.00360, 0.01621),(-0.00212, 0.01849)
 Ant 5:Dx,Dy = (-0.01782, 0.00554),( 0.01646, 0.00751)
 Ant 6:Dx,Dy = ( 0.00383,-0.01766),(-0.00182,-0.01519)

2018-11-02 13:14:33,382 [MainThread  ] [INFO ]  pgflag vis=2312-319.9500 command='<b' stokes=i,q,u,v flagpar=8,5,5,3,6,3 options=nodisp

pgflag: Revision 1.30, 2016/10/05 23:06:50 UTC

Applying bandpass corrections to 2312-319.9500
Applying freq. dependent gain corrections to 2312-319.9500
Applying freq. dependent leakage correction to 2312-319.9500
Applying changes to dataset
Counts of correlations within selected channels:
 channel  Originally  Currently
 Good:      67099116   66646040    Changed to bad:     453076
 Bad:       12688944   13142020    Changed to good:         0
 16.5% of the data is now flagged

2018-11-02 13:17:39,013 [MainThread  ] [INFO ]  pgflag vis=2312-319.9500 command='<b' stokes=i,v,q,u flagpar=8,2,2,3,6,3  options=nodisp

pgflag: Revision 1.30, 2016/10/05 23:06:50 UTC

Applying bandpass corrections to 2312-319.9500
Applying freq. dependent gain corrections to 2312-319.9500
Applying freq. dependent leakage correction to 2312-319.9500
Applying changes to dataset
Counts of correlations within selected channels:
 channel  Originally  Currently
 Good:      66646040   66209576    Changed to bad:     436464
 Bad:       13142020   13578484    Changed to good:         0
 17.0% of the data is now flagged

2018-11-02 13:20:36,931 [MainThread  ] [INFO ]  pgflag vis=2312-319.9500 command='<b' stokes=i,v,u,q flagpar=8,2,2,3,6,3  options=nodisp

pgflag: Revision 1.30, 2016/10/05 23:06:50 UTC

Applying bandpass corrections to 2312-319.9500
Applying freq. dependent gain corrections to 2312-319.9500
Applying freq. dependent leakage correction to 2312-319.9500
Applying changes to dataset
Counts of correlations within selected channels:
 channel  Originally  Currently
 Good:      66209576   65814756    Changed to bad:     394820
 Bad:       13578484   13973304    Changed to good:         0
 17.5% of the data is now flagged

2018-11-02 13:20:41,996 [MainThread  ] [INFO ]  gpcal vis=2312-319.9500 refant=4 interval=0.1 nfbin=2 options=xyvary,qusolve

gpcal: Revision 1.22, 2016/05/01 22:31:05 UTC

Applying bandpass corrections to 2312-319.9500
Number of antennae: 6
Using leakage parameters from input as initial guess
Reading the data ...
Number of solution intervals: 649
Total visibilities read: 9735
Number visibilities accepted: 9735
Iter= 1, Amplit/Phase Solution Error:   0.501
Iter= 1, Polarisation Solution Error:   0.010
Iter= 1, Overall Solution Error:        1.693
Iter= 2, Amplit/Phase Solution Error:   0.013
Iter= 2, Polarisation Solution Error:   0.000
Iter= 2, Overall Solution Error:        0.009
Iter= 3, Amplit/Phase Solution Error:   0.001
Iter= 3, Polarisation Solution Error:   0.000
Iter= 3, Overall Solution Error:        0.001
I flux density:   0.5248
Percent Q:  -0.989
Percent U:  -0.843
Leakage terms:
 Ant 1:Dx,Dy = ( 0.00144,-0.00888),(-0.00081,-0.00714)
 Ant 2:Dx,Dy = ( 0.00283, 0.00276),(-0.00352, 0.00433)
 Ant 3:Dx,Dy = ( 0.00553,-0.00295),(-0.00799,-0.00182)
 Ant 4:Dx,Dy = ( 0.00347, 0.01652),(-0.00249, 0.01845)
 Ant 5:Dx,Dy = (-0.01701, 0.00537),( 0.01633, 0.00689)
 Ant 6:Dx,Dy = ( 0.00304,-0.01776),(-0.00222,-0.01578)
Solution for freq bin  1
Iter= 1, Amplit/Phase Solution Error:   0.485
Iter= 1, Polarisation Solution Error:   0.010
Iter= 1, Overall Solution Error:        1.629
Iter= 2, Amplit/Phase Solution Error:   0.013
Iter= 2, Polarisation Solution Error:   0.000
Iter= 2, Overall Solution Error:        0.009
Iter= 3, Amplit/Phase Solution Error:   0.001
Iter= 3, Polarisation Solution Error:   0.000
Iter= 3, Overall Solution Error:        0.001
I flux density:   0.5277
Percent Q:  -0.964
Percent U:  -0.785
Leakage terms:
 Ant 1:Dx,Dy = ( 0.00110,-0.00808),(-0.00099,-0.00643)
 Ant 2:Dx,Dy = ( 0.00286, 0.00324),(-0.00375, 0.00474)
 Ant 3:Dx,Dy = ( 0.00438,-0.00381),(-0.00814,-0.00208)
 Ant 4:Dx,Dy = ( 0.00332, 0.01687),(-0.00290, 0.01843)
 Ant 5:Dx,Dy = (-0.01613, 0.00516),( 0.01617, 0.00624)
 Ant 6:Dx,Dy = ( 0.00218,-0.01784),(-0.00268,-0.01643)
Solution for freq bin  2
Iter= 1, Amplit/Phase Solution Error:   0.513
Iter= 1, Polarisation Solution Error:   0.010
Iter= 1, Overall Solution Error:        1.735
Iter= 2, Amplit/Phase Solution Error:   0.014
Iter= 2, Polarisation Solution Error:   0.000
Iter= 2, Overall Solution Error:        0.009
Iter= 3, Amplit/Phase Solution Error:   0.001
Iter= 3, Polarisation Solution Error:   0.000
Iter= 3, Overall Solution Error:        0.001
I flux density:   0.5223
Percent Q:  -1.009
Percent U:  -0.895
Leakage terms:
 Ant 1:Dx,Dy = ( 0.00174,-0.00963),(-0.00067,-0.00780)
 Ant 2:Dx,Dy = ( 0.00279, 0.00232),(-0.00333, 0.00395)
 Ant 3:Dx,Dy = ( 0.00657,-0.00217),(-0.00785,-0.00158)
 Ant 4:Dx,Dy = ( 0.00358, 0.01621),(-0.00214, 0.01847)
 Ant 5:Dx,Dy = (-0.01784, 0.00557),( 0.01647, 0.00749)
 Ant 6:Dx,Dy = ( 0.00382,-0.01766),(-0.00184,-0.01517)

2018-11-02 13:20:42,228 [MainThread  ] [INFO ]  gpboot vis=2312-319.9500 cal=1934-638.9500

gpboot: Revision 1.9, 2015/10/29 01:31:30 UTC

Secondary flux density scaled by:   0.982
Frequency bin  1 scaled by      :   0.984
Frequency bin  2 scaled by      :   0.984

2018-11-02 13:22:28,232 [MainThread  ] [INFO ]  gpcopy vis=2312-319.9500 out=c.9500

gpcopy: Revision 1.13, 2015/10/29 01:31:39 UTC

Copying leakage table
Copying gain table
Interpolation tolerance set to (minutes): 720.00
Copying bandpass table

2018-11-02 13:44:25,907 [MainThread  ] [INFO ]  pgflag vis=c.9500 command='<b' stokes=i,v,q,u flagpar=8,2,2,3,6,3  options=nodisp

pgflag: Revision 1.30, 2016/10/05 23:06:50 UTC

Applying bandpass corrections to c.9500
Applying freq. dependent gain corrections to c.9500
Applying freq. dependent leakage correction to c.9500
Applying changes to dataset
Counts of correlations within selected channels:
 channel  Originally  Currently
 Good:     426243584  413825812    Changed to bad:   12417772
 Bad:       67745728   80163500    Changed to good:         0
 16.2% of the data is now flagged

2018-11-02 14:05:41,602 [MainThread  ] [INFO ]  pgflag vis=c.9500 command='<b' stokes=i,v,u,q flagpar=8,2,2,3,6,3  options=nodisp

pgflag: Revision 1.30, 2016/10/05 23:06:50 UTC

Applying bandpass corrections to c.9500
Applying freq. dependent gain corrections to c.9500
Applying freq. dependent leakage correction to c.9500
Applying changes to dataset
Counts of correlations within selected channels:
 channel  Originally  Currently
 Good:     413825812  404961700    Changed to bad:    8864112
 Bad:       80163500   89027612    Changed to good:         0
 18.0% of the data is now flagged

2018-11-02 14:08:35,282 [MainThread  ] [INFO ]  uvsplit vis=c.9500

uvsplit: Revision 1.18, 2016/05/09 03:06:18 UTC

Creating c_481.9500
Creating c_482.9500
Creating c_483.9500
Creating c_484.9500
Creating c_485.9500
Creating c_486.9500
Creating c_487.9500
Creating c_488.9500
Creating c_489.9500
Creating c_490.9500
Creating c_491.9500
Creating c_492.9500
Creating c_493.9500
Creating c_494.9500
Creating c_495.9500
Creating c_496.9500
Creating c_497.9500
Creating c_498.9500
Creating c_499.9500
Creating c_500.9500
Creating c_501.9500
Creating c_502.9500
Creating c_503.9500
Creating c_504.9500
Creating c_505.9500
Creating c_506.9500
Creating c_507.9500
Creating c_508.9500
Creating c_509.9500
Creating c_510.9500
Creating c_511.9500
Creating c_512.9500
Creating c_513.9500
Creating c_514.9500
Creating c_515.9500
Creating c_516.9500
Creating c_517.9500
Creating c_518.9500
Creating c_519.9500
Creating c_520.9500
Creating c_521.9500
Creating c_522.9500
Creating c_523.9500
Creating c_524.9500
Creating c_525.9500
Creating c_526.9500
Creating c_527.9500
Creating c_528.9500
Creating c_529.9500
Creating c_530.9500
Creating c_531.9500
Creating c_532.9500
Creating c_533.9500
Creating c_534.9500
Creating c_535.9500
Creating c_536.9500
Creating c_537.9500
Creating c_538.9500
Creating c_539.9500
Creating c_540.9500
Creating c_361.9500
Creating c_362.9500
Creating c_363.9500
Creating c_364.9500
Creating c_365.9500
Creating c_366.9500
Creating c_367.9500
Creating c_368.9500
Creating c_369.9500
Creating c_370.9500
Creating c_371.9500
Creating c_372.9500
Creating c_373.9500
Creating c_374.9500
Creating c_375.9500
Creating c_376.9500
Creating c_377.9500
Creating c_378.9500
Creating c_379.9500
Creating c_380.9500
Creating c_381.9500
Creating c_382.9500
Creating c_383.9500
Creating c_384.9500
Creating c_385.9500
Creating c_386.9500
Creating c_387.9500
Creating c_388.9500
Creating c_389.9500
Creating c_390.9500
Creating c_391.9500
Creating c_392.9500
Creating c_393.9500
Creating c_394.9500
Creating c_395.9500
Creating c_396.9500
Creating c_397.9500
Creating c_398.9500
Creating c_399.9500
Creating c_400.9500
Creating c_401.9500
Creating c_402.9500
Creating c_403.9500
Creating c_404.9500
Creating c_405.9500
Creating c_406.9500
Creating c_407.9500
Creating c_408.9500
Creating c_409.9500
Creating c_410.9500
Creating c_411.9500
Creating c_412.9500
Creating c_413.9500
Creating c_414.9500
Creating c_415.9500
Creating c_416.9500
Creating c_417.9500
Creating c_418.9500
Creating c_419.9500
Creating c_420.9500
Creating c_421.9500
Creating c_422.9500
Creating c_423.9500
Creating c_424.9500
Creating c_425.9500
Creating c_426.9500
Creating c_427.9500
Creating c_428.9500
Creating c_429.9500
Creating c_430.9500
Creating c_431.9500
Creating c_432.9500
Creating c_433.9500
Creating c_434.9500
Creating c_435.9500
Creating c_436.9500
Creating c_437.9500
Creating c_438.9500
Creating c_439.9500
Creating c_440.9500
Creating c_441.9500
Creating c_442.9500
Creating c_443.9500
Creating c_444.9500
Creating c_445.9500
Creating c_446.9500
Creating c_447.9500
Creating c_448.9500
Creating c_449.9500
Creating c_450.9500
Creating c_451.9500
Creating c_452.9500
Creating c_453.9500
Creating c_454.9500
Creating c_455.9500
Creating c_456.9500
Creating c_457.9500
Creating c_458.9500
Creating c_459.9500
Creating c_460.9500
Creating c_461.9500
Creating c_462.9500
Creating c_463.9500
Creating c_464.9500
Creating c_465.9500
Creating c_466.9500
Creating c_467.9500
Creating c_468.9500
Creating c_469.9500
Creating c_470.9500
Creating c_471.9500
Creating c_472.9500
Creating c_473.9500
Creating c_474.9500
Creating c_475.9500
Creating c_476.9500
Creating c_477.9500
Creating c_478.9500
Creating c_479.9500
Creating c_480.9500

