2018-11-02 10:29:32,781 [MainThread  ] [INFO ]  atlod in=raw/2018-05-17_1503.C3132,raw/2018-05-17_1751.C3132,raw/2018-05-17_2037.C3132,raw/2018-05-17_2324.C3132,raw/2018-05-18_0211.C3132 out=data9.uv ifsel=2 options=birdie,rfiflag,noauto,xycorr

atlod: Revision 1.53, 2016/08/25 23:02:21 UTC

Processing file raw/2018-05-17_1503.C3132
 15:03:35 CAOBS> track 1
CABB data detected
Scan 1 started at 18MAY17:15:03:56.0
Source: 1934-638
Flagging channels in  28 frequency ranges
 15:13:04 CAOBS> stop
 15:13:14 CAOBS> set file c3132_obs_c5
 15:13:19 CAOBS> start 1/99
Scan 2 started at 18MAY17:15:18:20.0
Source: 2312-319
Scan 3 started at 18MAY17:15:21:48.0
Source: c_721
Source: c_722
Source: c_723
Source: c_724
Source: c_725
Source: c_726
Source: c_727
Source: c_728
Source: c_729
Source: c_730
Source: c_731
Source: c_732
Source: c_733
Source: c_734
Source: c_735
Source: c_736
Source: c_737
Source: c_738
Source: c_739
Source: c_740
Scan 4 started at 18MAY17:15:35:16.0
Source: 2312-319
Scan 5 started at 18MAY17:15:38:12.0
Source: c_741
Source: c_742
Source: c_743
Source: c_744
Source: c_745
Source: c_746
Source: c_747
Source: c_748
Source: c_749
Source: c_750
Source: c_751
Source: c_752
Source: c_753
Source: c_754
Source: c_755
Source: c_756
Source: c_757
Source: c_758
Source: c_759
Source: c_760
Scan 6 started at 18MAY17:15:51:40.0
Source: 2312-319
Scan 7 started at 18MAY17:15:54:28.0
Source: c_761
Source: c_762
Source: c_763
Source: c_764
Source: c_765
Source: c_766
Source: c_767
Source: c_768
Source: c_769
Source: c_770
Source: c_771
Source: c_772
Source: c_773
Source: c_774
Source: c_775
Source: c_776
Source: c_777
Source: c_778
Source: c_779
Source: c_780
Scan 8 started at 18MAY17:16:08:04.0
Source: 2312-319
Scan 9 started at 18MAY17:16:10:52.0
Source: c_781
Source: c_782
Source: c_783
Source: c_784
Source: c_785
Source: c_786
Source: c_787
Source: c_788
Source: c_789
Source: c_790
Source: c_791
Source: c_792
Source: c_793
Source: c_794
Source: c_795
Source: c_796
Source: c_797
Source: c_798
Source: c_799
Source: c_800
Scan 10 started at 18MAY17:16:24:20.0
Source: 2312-319
Scan 11 started at 18MAY17:16:27:24.0
Source: c_801
Source: c_802
Source: c_803
Source: c_804
Source: c_805
Source: c_806
Source: c_807
Source: c_808
Source: c_809
Source: c_810
Source: c_811
Source: c_812
Source: c_813
Source: c_814
Source: c_815
Source: c_816
Source: c_817
Source: c_818
Source: c_819
Source: c_820
Scan 12 started at 18MAY17:16:40:44.0
Source: 2312-319
Scan 13 started at 18MAY17:16:43:48.0
Source: c_821
Source: c_822
Source: c_823
Source: c_824
Source: c_825
Source: c_826
Source: c_827
Source: c_828
Source: c_829
Source: c_830
Source: c_831
Source: c_832
Source: c_833
Source: c_834
Source: c_835
Source: c_836
Source: c_837
Source: c_838
Source: c_839
Source: c_840
Scan 14 started at 18MAY17:16:57:16.0
Source: 2312-319
Scan 15 started at 18MAY17:17:00:04.0
Source: c_841
Source: c_842
Source: c_843
Source: c_844
Source: c_845
Source: c_846
Source: c_847
Source: c_848
Source: c_849
Source: c_850
Source: c_851
Source: c_852
Source: c_853
Source: c_854
Source: c_855
Source: c_856
Source: c_857
Source: c_858
Source: c_859
Source: c_860
Scan 16 started at 18MAY17:17:13:32.0
Source: 2312-319
Scan 17 started at 18MAY17:17:16:36.0
Source: c_861
Source: c_862
Source: c_863
Source: c_864
Source: c_865
Source: c_866
Source: c_867
Source: c_868
Source: c_869
Source: c_870
Source: c_871
Source: c_872
Source: c_873
Source: c_874
Source: c_875
Source: c_876
Source: c_877
Source: c_878
Source: c_879
Source: c_880
Scan 18 started at 18MAY17:17:29:56.0
Source: 2312-319
Scan 19 started at 18MAY17:17:33:00.0
Source: c_881
Source: c_882
Source: c_883
Source: c_884
Source: c_885
Source: c_886
Source: c_887
Source: c_888
Source: c_889
Source: c_890
Source: c_891
Source: c_892
Source: c_893
Source: c_894
Source: c_895
Source: c_896
Source: c_897
Source: c_898
Source: c_899
Source: c_900
Scan 20 started at 18MAY17:17:46:20.0
Source: 2312-319
Scan 21 started at 18MAY17:17:49:16.0
Source: c_721
Source: c_722
Source: c_723
RPFITS file version is 2.12
---------------------------------------
Total number of spectra selected: 72660

Summary of spectra flagged
Flagging Reason            Fraction
---------------            --------
Antenna off-source/off-line  7.43%
---------------------------------------
Processing file raw/2018-05-17_1751.C3132
CABB data detected
Scan 1 started at 18MAY17:17:51:09.5
Source: c_724
Source: c_725
Source: c_726
Source: c_727
Source: c_728
Source: c_729
Source: c_730
Source: c_731
Source: c_732
Source: c_733
Source: c_734
Source: c_735
Source: c_736
Source: c_737
Source: c_738
Source: c_739
Source: c_740
Scan 2 started at 18MAY17:18:02:44.0
Source: 2312-319
Scan 3 started at 18MAY17:18:05:40.0
Source: c_741
Source: c_742
Source: c_743
Source: c_744
Source: c_745
Source: c_746
Source: c_747
Source: c_748
Source: c_749
Source: c_750
Source: c_751
Source: c_752
Source: c_753
Source: c_754
Source: c_755
Source: c_756
Source: c_757
Source: c_758
Source: c_759
Source: c_760
Scan 4 started at 18MAY17:18:19:16.0
Source: 2312-319
Scan 5 started at 18MAY17:18:22:04.0
Source: c_761
Source: c_762
Source: c_763
Source: c_764
Source: c_765
Source: c_766
Source: c_767
Source: c_768
Source: c_769
Source: c_770
Source: c_771
Source: c_772
Source: c_773
Source: c_774
Source: c_775
Source: c_776
Source: c_777
Source: c_778
Source: c_779
Source: c_780
Scan 6 started at 18MAY17:18:35:40.0
Source: 2312-319
Scan 7 started at 18MAY17:18:38:28.0
Source: c_781
Source: c_782
Source: c_783
Source: c_784
Source: c_785
Source: c_786
Source: c_787
Source: c_788
Source: c_789
Source: c_790
Source: c_791
Source: c_792
Source: c_793
Source: c_794
Source: c_795
Source: c_796
Source: c_797
Source: c_798
Source: c_799
Source: c_800
Scan 8 started at 18MAY17:18:52:04.0
Source: 2312-319
Scan 9 started at 18MAY17:18:55:00.0
Source: c_801
Source: c_802
Source: c_803
Source: c_804
Source: c_805
Source: c_806
Source: c_807
Source: c_808
Source: c_809
Source: c_810
Source: c_811
Source: c_812
Source: c_813
Source: c_814
Source: c_815
Source: c_816
Source: c_817
Source: c_818
Source: c_819
Source: c_820
Scan 10 started at 18MAY17:19:08:20.0
Source: 2312-319
Scan 11 started at 18MAY17:19:11:16.0
Source: c_821
Source: c_822
Source: c_823
Source: c_824
Source: c_825
Source: c_826
Source: c_827
Source: c_828
Source: c_829
Source: c_830
Source: c_831
Source: c_832
Source: c_833
Source: c_834
Source: c_835
Source: c_836
Source: c_837
Source: c_838
Source: c_839
Source: c_840
Scan 12 started at 18MAY17:19:24:52.0
Source: 2312-319
Scan 13 started at 18MAY17:19:27:40.0
Source: c_841
Source: c_842
Source: c_843
Source: c_844
Source: c_845
Source: c_846
Source: c_847
Source: c_848
Source: c_849
Source: c_850
Source: c_851
Source: c_852
Source: c_853
Source: c_854
Source: c_855
Source: c_856
Source: c_857
Source: c_858
Source: c_859
Source: c_860
Scan 14 started at 18MAY17:19:41:08.0
Source: 2312-319
Scan 15 started at 18MAY17:19:44:12.0
Source: c_861
Source: c_862
Source: c_863
Source: c_864
Source: c_865
Source: c_866
Source: c_867
Source: c_868
Source: c_869
Source: c_870
Source: c_871
Source: c_872
Source: c_873
Source: c_874
Source: c_875
Source: c_876
Source: c_877
Source: c_878
Source: c_879
Source: c_880
Scan 16 started at 18MAY17:19:57:40.0
Source: 2312-319
Scan 17 started at 18MAY17:20:00:36.0
Source: c_881
Source: c_882
Source: c_883
Source: c_884
Source: c_885
Source: c_886
Source: c_887
Source: c_888
Source: c_889
Source: c_890
Source: c_891
Source: c_892
Source: c_893
Source: c_894
Source: c_895
Source: c_896
Source: c_897
Source: c_898
Source: c_899
Source: c_900
Scan 18 started at 18MAY17:20:13:56.0
Source: 2312-319
Scan 19 started at 18MAY17:20:17:00.0
Source: c_721
Source: c_722
Source: c_723
Source: c_724
Source: c_725
Source: c_726
Source: c_727
Source: c_728
Source: c_729
Source: c_730
Source: c_731
Source: c_732
Source: c_733
Source: c_734
Source: c_735
Source: c_736
Source: c_737
Source: c_738
Source: c_739
Source: c_740
Scan 20 started at 18MAY17:20:30:28.0
Source: 2312-319
Scan 21 started at 18MAY17:20:33:32.0
Source: c_741
Source: c_742
Source: c_743
Source: c_744
Source: c_745
Source: c_746
Source: c_747
Source: c_748
RPFITS file version is 2.12
---------------------------------------
Total number of spectra selected: 72660

Summary of spectra flagged
Flagging Reason            Fraction
---------------            --------
Antenna off-source/off-line  4.68%
---------------------------------------
Processing file raw/2018-05-17_2037.C3132
CABB data detected
Scan 1 started at 18MAY17:20:37:56.0
Source: c_748
Source: c_749
Source: c_750
Source: c_751
Source: c_752
Source: c_753
Source: c_754
Source: c_755
Source: c_756
Source: c_757
Source: c_758
Source: c_759
Source: c_760
Scan 2 started at 18MAY17:20:46:52.0
Source: 2312-319
Scan 3 started at 18MAY17:20:50:04.0
Source: c_761
Source: c_762
Source: c_763
Source: c_764
Source: c_765
Source: c_766
Source: c_767
Source: c_768
Source: c_769
Source: c_770
Source: c_771
Source: c_772
Source: c_773
Source: c_774
Source: c_775
Source: c_776
Source: c_777
Source: c_778
Source: c_779
Source: c_780
Scan 4 started at 18MAY17:21:03:24.0
Source: 2312-319
Scan 5 started at 18MAY17:21:07:56.0
Source: c_782
Source: c_783
Source: c_784
Source: c_785
Source: c_786
Source: c_787
Source: c_788
Source: c_789
Source: c_790
Source: c_791
Source: c_792
Source: c_793
Source: c_794
Source: c_795
Source: c_796
Source: c_797
Source: c_798
Source: c_799
Source: c_800
Scan 6 started at 18MAY17:21:21:16.0
Source: 2312-319
Scan 7 started at 18MAY17:21:27:56.0
Source: c_802
Source: c_803
Source: c_804
Source: c_805
Source: c_806
Source: c_807
Source: c_808
Source: c_809
Source: c_810
Source: c_811
Source: c_812
Source: c_813
Source: c_814
Source: c_815
Source: c_816
Source: c_817
Source: c_818
Source: c_819
Source: c_820
Scan 8 started at 18MAY17:21:41:08.0
Source: 2312-319
Scan 9 started at 18MAY17:21:44:28.0
Source: c_821
Source: c_822
Source: c_823
Source: c_824
Source: c_825
Source: c_826
Source: c_827
Source: c_828
Source: c_829
Source: c_830
Source: c_831
Source: c_832
Source: c_833
Source: c_834
Source: c_835
Source: c_836
Source: c_837
Source: c_838
Source: c_839
Source: c_840
Scan 10 started at 18MAY17:21:57:48.0
Source: 2312-319
Scan 11 started at 18MAY17:22:00:44.0
Source: c_841
Source: c_842
Source: c_843
Source: c_844
Source: c_845
Source: c_846
Source: c_847
Source: c_848
Source: c_849
Source: c_850
Source: c_851
Source: c_852
Source: c_853
Source: c_854
Source: c_855
Source: c_856
Source: c_857
Source: c_858
Source: c_859
Source: c_860
Scan 12 started at 18MAY17:22:14:20.0
Source: 2312-319
Scan 13 started at 18MAY17:22:17:24.0
Source: c_861
Source: c_862
Source: c_863
Source: c_864
Source: c_865
Source: c_866
Source: c_867
Source: c_868
Source: c_869
Source: c_870
Source: c_871
Source: c_872
Source: c_873
Source: c_874
Source: c_875
Source: c_876
Source: c_877
Source: c_878
Source: c_879
Source: c_880
 22:16:35 CAOBS> red
Scan 14 started at 18MAY17:22:30:52.0
Source: 2312-319
Scan 15 started at 18MAY17:22:33:48.0
Source: c_881
Source: c_882
Source: c_883
Source: c_884
Source: c_885
Source: c_886
Source: c_887
Source: c_888
Source: c_889
Source: c_890
Source: c_891
Source: c_892
Source: c_893
Source: c_894
Source: c_895
Source: c_896
Source: c_897
Source: c_898
Source: c_899
Source: c_900
Scan 16 started at 18MAY17:22:47:08.0
Source: 2312-319
Scan 17 started at 18MAY17:22:50:12.0
Source: c_721
Source: c_722
Source: c_723
Source: c_724
Source: c_725
Source: c_726
Source: c_727
Source: c_728
Source: c_729
Source: c_730
Source: c_731
Source: c_732
Source: c_733
Source: c_734
Source: c_735
Source: c_736
Source: c_737
Source: c_738
Source: c_739
Source: c_740
Scan 18 started at 18MAY17:23:03:40.0
Source: 2312-319
Scan 19 started at 18MAY17:23:06:36.0
Source: c_741
Source: c_742
Source: c_743
Source: c_744
Source: c_745
Source: c_746
Source: c_747
Source: c_748
Source: c_749
Source: c_750
Source: c_751
Source: c_752
Source: c_753
Source: c_754
Source: c_755
Source: c_756
Source: c_757
Source: c_758
Source: c_759
Source: c_760
Scan 20 started at 18MAY17:23:20:04.0
Source: 2312-319
Scan 21 started at 18MAY17:23:22:52.0
Source: c_761
Source: c_762
Source: c_763
RPFITS file version is 2.12
---------------------------------------
Total number of spectra selected: 72660

Summary of spectra flagged
Flagging Reason            Fraction
---------------            --------
Antenna off-source/off-line  12.9%
---------------------------------------
Processing file raw/2018-05-17_2324.C3132
CABB data detected
Scan 1 started at 18MAY17:23:24:45.8
Source: c_764
Source: c_765
Source: c_766
Source: c_767
Source: c_768
Source: c_769
Source: c_770
Source: c_771
Source: c_772
Source: c_773
Source: c_774
Source: c_775
Source: c_776
Source: c_777
Source: c_778
Source: c_779
Source: c_780
Scan 2 started at 18MAY17:23:36:28.0
Source: 2312-319
Scan 3 started at 18MAY17:23:39:16.0
Source: c_781
Source: c_782
Source: c_783
Source: c_784
Source: c_785
Source: c_786
Source: c_787
Source: c_788
Source: c_789
Source: c_790
Source: c_791
Source: c_792
Source: c_793
Source: c_794
Source: c_795
Source: c_796
Source: c_797
Source: c_798
Source: c_799
Source: c_800
Scan 4 started at 18MAY17:23:52:52.0
Source: 2312-319
Scan 5 started at 18MAY17:23:55:48.0
Source: c_801
Source: c_802
Source: c_803
Source: c_804
Source: c_805
Source: c_806
Source: c_807
Source: c_808
Source: c_809
Source: c_810
Source: c_811
Source: c_812
Source: c_813
Source: c_814
Source: c_815
Source: c_816
Source: c_817
Source: c_818
Source: c_819
Source: c_820
Scan 6 started at 18MAY18:00:09:16.0
Source: 2312-319
Scan 7 started at 18MAY18:00:12:04.0
Source: c_821
Source: c_822
Source: c_823
Source: c_824
Source: c_825
Source: c_826
Source: c_827
Source: c_828
Source: c_829
Source: c_830
Source: c_831
Source: c_832
Source: c_833
Source: c_834
Source: c_835
Source: c_836
Source: c_837
Source: c_838
Source: c_839
Source: c_840
Scan 8 started at 18MAY18:00:25:40.0
Source: 2312-319
Scan 9 started at 18MAY18:00:28:28.0
Source: c_841
Source: c_842
Source: c_843
Source: c_844
Source: c_845
Source: c_846
Source: c_847
Source: c_848
Source: c_849
Source: c_850
Source: c_851
Source: c_852
Source: c_853
Source: c_854
Source: c_855
Source: c_856
Source: c_857
Source: c_858
Source: c_859
Source: c_860
Scan 10 started at 18MAY18:00:42:04.0
Source: 2312-319
Scan 11 started at 18MAY18:00:44:52.0
Source: c_861
Source: c_862
Source: c_863
Source: c_864
Source: c_865
Source: c_866
Source: c_867
Source: c_868
Source: c_869
Source: c_870
Source: c_871
Source: c_872
Source: c_873
Source: c_874
Source: c_875
Source: c_876
Source: c_877
Source: c_878
Source: c_879
Source: c_880
Scan 12 started at 18MAY18:00:58:28.0
Source: 2312-319
Scan 13 started at 18MAY18:01:01:24.0
Source: c_881
Source: c_882
Source: c_883
Source: c_884
Source: c_885
Source: c_886
Source: c_887
Source: c_888
Source: c_889
Source: c_890
Source: c_891
Source: c_892
Source: c_893
Source: c_894
Source: c_895
Source: c_896
Source: c_897
Source: c_898
Source: c_899
Source: c_900
Scan 14 started at 18MAY18:01:14:52.0
Source: 2312-319
Scan 15 started at 18MAY18:01:17:48.0
Source: c_721
Source: c_722
Source: c_723
Source: c_724
Source: c_725
Source: c_726
Source: c_727
Source: c_728
Source: c_729
Source: c_730
Source: c_731
Source: c_732
Source: c_733
Source: c_734
Source: c_735
Source: c_736
Source: c_737
Source: c_738
Source: c_739
Source: c_740
Scan 16 started at 18MAY18:01:31:24.0
Source: 2312-319
Scan 17 started at 18MAY18:01:34:12.0
Source: c_741
Source: c_742
Source: c_743
Source: c_744
Source: c_745
Source: c_746
Source: c_747
Source: c_748
Source: c_749
Source: c_750
Source: c_751
Source: c_752
Source: c_753
Source: c_754
Source: c_755
Source: c_756
Source: c_757
Source: c_758
Source: c_759
Source: c_760
Scan 18 started at 18MAY18:01:47:48.0
Source: 2312-319
Scan 19 started at 18MAY18:01:50:36.0
Source: c_761
Source: c_762
Source: c_763
Source: c_764
Source: c_765
Source: c_766
Source: c_767
Source: c_768
Source: c_769
Source: c_770
Source: c_771
Source: c_772
Source: c_773
Source: c_774
Source: c_775
Source: c_776
Source: c_777
Source: c_778
Source: c_779
Source: c_780
Scan 20 started at 18MAY18:02:04:12.0
Source: 2312-319
Scan 21 started at 18MAY18:02:07:08.0
Source: c_781
Source: c_782
Source: c_783
Source: c_784
Source: c_785
Source: c_786
Source: c_787
RPFITS file version is 2.12
---------------------------------------
Total number of spectra selected: 72660

Summary of spectra flagged
Flagging Reason            Fraction
---------------            --------
Antenna off-source/off-line  4.46%
---------------------------------------
Processing file raw/2018-05-18_0211.C3132
CABB data detected
Scan 1 started at 18MAY18:02:11:32.0
Source: c_787
Source: c_788
Source: c_789
Source: c_790
Source: c_791
Source: c_792
Source: c_793
Source: c_794
Source: c_795
Source: c_796
Source: c_797
Source: c_798
Source: c_799
Source: c_800
Scan 2 started at 18MAY18:02:20:44.0
Source: 2312-319
Scan 3 started at 18MAY18:02:23:32.0
Source: c_801
Source: c_802
Source: c_803
Source: c_804
Source: c_805
Source: c_806
Source: c_807
Source: c_808
Source: c_809
Source: c_810
Source: c_811
Source: c_812
Source: c_813
Source: c_814
Source: c_815
Source: c_816
Source: c_817
Source: c_818
Source: c_819
Source: c_820
Scan 4 started at 18MAY18:02:37:08.0
Source: 2312-319
Scan 5 started at 18MAY18:02:39:56.0
Source: c_821
Source: c_822
Source: c_823
Source: c_824
Source: c_825
Source: c_826
Source: c_827
Source: c_828
Source: c_829
Source: c_830
Source: c_831
Source: c_832
Source: c_833
Source: c_834
Source: c_835
Source: c_836
Source: c_837
Source: c_838
Source: c_839
Source: c_840
Scan 6 started at 18MAY18:02:53:24.0
Source: 2312-319
Scan 7 started at 18MAY18:02:56:12.0
Source: c_841
Source: c_842
Source: c_843
Source: c_844
Source: c_845
 02:58:54 CAOBS> stop
 02:58:57 CAOBS> track 1
Scan 8 started at 18MAY18:02:59:16.0
Source: 2312-319
 03:00:20 CAOBS> stop
 03:00:25 CAOBS> corr closef
RPFITS file version is 2.12
---------------------------------------
Total number of spectra selected: 21060

Summary of spectra flagged
Flagging Reason            Fraction
---------------            --------
Antenna off-source/off-line  3.99%
---------------------------------------

No CACAL data was detected

2018-11-02 10:30:44,185 [MainThread  ] [INFO ]  uvflag vis=data9.uv line=chan,65,850,1 flagval=flag

uvflag: Revision 1.8, 2014/09/30 14:23:39 UTC


Set flags to indicate bad data in visibility file data9.uv
Linetype channel; select   65 channels; start  850, width    1, step    1

Overview of flagging on visibility file data9.uv
Changed flags set to FALSE (data flagged as bad)
Total number of records selected: 289464; out of 289464 records
Antennas used: 1-6
Counts of correlations within selected channels
channel   Originally    Currently
Good:        18815160.           0.    Changed to bad:    18815160.
Bad:                0.    18815160.

2018-11-02 10:34:29,178 [MainThread  ] [INFO ]  uvsplit vis=data9.uv options=mosaic

uvsplit: Revision 1.18, 2016/05/09 03:06:18 UTC

Creating 1934-638.9500
Creating 2312-319.9500
Creating c.9500

2018-11-02 10:34:57,325 [MainThread  ] [INFO ]  pgflag vis=1934-638.9500 command='<b' stokes=i,q,u,v flagpar=8,5,5,3,6,3 options=nodisp

pgflag: Revision 1.30, 2016/10/05 23:06:50 UTC

Applying changes to dataset
Counts of correlations within selected channels:
 channel  Originally  Currently
 Good:       7213440    7099840    Changed to bad:     113600
 Bad:        1146480    1260080    Changed to good:         0
 15.1% of the data is now flagged

2018-11-02 10:35:15,873 [MainThread  ] [INFO ]  pgflag vis=1934-638.9500 command='<b' stokes=i,v,q,u flagpar=8,2,2,3,6,3  options=nodisp

pgflag: Revision 1.30, 2016/10/05 23:06:50 UTC

Applying changes to dataset
Counts of correlations within selected channels:
 channel  Originally  Currently
 Good:       7099840    6975160    Changed to bad:     124680
 Bad:        1260080    1384760    Changed to good:         0
 16.6% of the data is now flagged

2018-11-02 10:35:35,001 [MainThread  ] [INFO ]  pgflag vis=1934-638.9500 command='<b' stokes=i,v,u,q flagpar=8,2,2,3,6,3  options=nodisp

pgflag: Revision 1.30, 2016/10/05 23:06:50 UTC

Applying changes to dataset
Counts of correlations within selected channels:
 channel  Originally  Currently
 Good:       6975160    6803556    Changed to bad:     171604
 Bad:        1384760    1556364    Changed to good:         0
 18.6% of the data is now flagged

2018-11-02 10:36:44,223 [MainThread  ] [INFO ]  mfcal vis=1934-638.9500 refant=4 interval=0.1
MfCal: $Revision: 1.20 $, $Date: 2017/05/08 02:31:10 $
Selecting parallel-hand polarisations
Reading the data ...
Number correlations accepted: 3401778
Number of frequency bands/settings: 1
Number of polarisations selected: 2
Number of solution intervals: 68
Number of passband solution intervals: 1
Initialising ...
Using post-Aug94 ATCA flux scale for 1934-638.
Using known frequency variation of 1934-638
Generating initial solution estimate ...
Doing solution refinement ...
Iter= 1, Solution Error:  0.473
Iter= 2, Solution Error:  0.009
Iter= 3, Solution Error:  0.000
Saving solution ...

2018-11-02 10:36:55,715 [MainThread  ] [INFO ]  gpcal vis=1934-638.9500 refant=4 interval=0.1 nfbin=2 options=xyvary

gpcal: Revision 1.22, 2016/05/01 22:31:05 UTC

Applying bandpass corrections to 1934-638.9500
Number of antennae: 6
Reading the data ...
Number of solution intervals: 68
Total visibilities read: 1020
Number visibilities accepted: 1020
Using post-Aug94 ATCA flux scale for 1934-638.
Using IQUV =  2.5393,  0.0000,  0.0000,  0.0000 at   9.4569 GHz.
Using post-Aug94 ATCA flux scale for 1934-638.
Using IQUV =  2.6975,  0.0000,  0.0000,  0.0000 at   9.0085 GHz.
Using post-Aug94 ATCA flux scale for 1934-638.
Using IQUV =  2.3876,  0.0000,  0.0000,  0.0000 at   9.9388 GHz.
Iter= 1, Amplit/Phase Solution Error:   0.092
Iter= 1, Polarisation Solution Error:   0.033
Iter= 1, Overall Solution Error:        0.335
Iter= 2, Amplit/Phase Solution Error:   0.002
Iter= 2, Polarisation Solution Error:   0.000
Iter= 2, Overall Solution Error:        0.003
Iter= 3, Amplit/Phase Solution Error:   0.001
Iter= 3, Polarisation Solution Error:   0.000
Iter= 3, Overall Solution Error:        0.001
I flux density:   2.5393
Leakage terms:
 Ant 1:Dx,Dy = ( 0.00177,-0.00796),(-0.00120,-0.00803)
 Ant 2:Dx,Dy = ( 0.00228, 0.00330),(-0.00304, 0.00364)
 Ant 3:Dx,Dy = ( 0.00483,-0.00242),(-0.00751,-0.00256)
 Ant 4:Dx,Dy = ( 0.00412, 0.01687),(-0.00323, 0.01767)
 Ant 5:Dx,Dy = (-0.01730, 0.00611),( 0.01629, 0.00604)
 Ant 6:Dx,Dy = ( 0.00316,-0.01658),(-0.00246,-0.01608)
Solution for freq bin  1
Iter= 1, Amplit/Phase Solution Error:   0.091
Iter= 1, Polarisation Solution Error:   0.034
Iter= 1, Overall Solution Error:        0.331
Iter= 2, Amplit/Phase Solution Error:   0.002
Iter= 2, Polarisation Solution Error:   0.000
Iter= 2, Overall Solution Error:        0.003
Iter= 3, Amplit/Phase Solution Error:   0.001
Iter= 3, Polarisation Solution Error:   0.000
Iter= 3, Overall Solution Error:        0.001
I flux density:   2.6975
Leakage terms:
 Ant 1:Dx,Dy = ( 0.00142,-0.00746),(-0.00144,-0.00760)
 Ant 2:Dx,Dy = ( 0.00246, 0.00370),(-0.00334, 0.00402)
 Ant 3:Dx,Dy = ( 0.00379,-0.00324),(-0.00766,-0.00288)
 Ant 4:Dx,Dy = ( 0.00431, 0.01675),(-0.00396, 0.01776)
 Ant 5:Dx,Dy = (-0.01658, 0.00633),( 0.01619, 0.00574)
 Ant 6:Dx,Dy = ( 0.00250,-0.01670),(-0.00188,-0.01643)
Solution for freq bin  2
Iter= 1, Amplit/Phase Solution Error:   0.094
Iter= 1, Polarisation Solution Error:   0.033
Iter= 1, Overall Solution Error:        0.339
Iter= 2, Amplit/Phase Solution Error:   0.002
Iter= 2, Polarisation Solution Error:   0.000
Iter= 2, Overall Solution Error:        0.004
Iter= 3, Amplit/Phase Solution Error:   0.001
Iter= 3, Polarisation Solution Error:   0.000
Iter= 3, Overall Solution Error:        0.001
I flux density:   2.3876
Leakage terms:
 Ant 1:Dx,Dy = ( 0.00218,-0.00854),(-0.00092,-0.00855)
 Ant 2:Dx,Dy = ( 0.00205, 0.00284),(-0.00270, 0.00319)
 Ant 3:Dx,Dy = ( 0.00604,-0.00147),(-0.00733,-0.00217)
 Ant 4:Dx,Dy = ( 0.00390, 0.01700),(-0.00237, 0.01757)
 Ant 5:Dx,Dy = (-0.01813, 0.00585),( 0.01640, 0.00638)
 Ant 6:Dx,Dy = ( 0.00393,-0.01643),(-0.00312,-0.01566)

2018-11-02 10:37:19,928 [MainThread  ] [INFO ]  pgflag vis=1934-638.9500 command='<b' stokes=i,q,u,v flagpar=8,5,5,3,6,3 options=nodisp

pgflag: Revision 1.30, 2016/10/05 23:06:50 UTC

Applying bandpass corrections to 1934-638.9500
Applying freq. dependent gain corrections to 1934-638.9500
Applying freq. dependent leakage correction to 1934-638.9500
Applying changes to dataset
Counts of correlations within selected channels:
 channel  Originally  Currently
 Good:       6803556    6770564    Changed to bad:      32992
 Bad:        1556364    1589356    Changed to good:         0
 19.0% of the data is now flagged

2018-11-02 10:37:38,487 [MainThread  ] [INFO ]  pgflag vis=1934-638.9500 command='<b' stokes=i,v,q,u flagpar=8,2,2,3,6,3  options=nodisp

pgflag: Revision 1.30, 2016/10/05 23:06:50 UTC

Applying bandpass corrections to 1934-638.9500
Applying freq. dependent gain corrections to 1934-638.9500
Applying freq. dependent leakage correction to 1934-638.9500
Applying changes to dataset
Counts of correlations within selected channels:
 channel  Originally  Currently
 Good:       6770564    6731144    Changed to bad:      39420
 Bad:        1589356    1628776    Changed to good:         0
 19.5% of the data is now flagged

2018-11-02 10:38:08,820 [MainThread  ] [INFO ]  pgflag vis=1934-638.9500 command='<b' stokes=i,v,u,q flagpar=8,2,2,3,6,3  options=nodisp

pgflag: Revision 1.30, 2016/10/05 23:06:50 UTC

Applying bandpass corrections to 1934-638.9500
Applying freq. dependent gain corrections to 1934-638.9500
Applying freq. dependent leakage correction to 1934-638.9500
Applying changes to dataset
Counts of correlations within selected channels:
 channel  Originally  Currently
 Good:       6731144    6701988    Changed to bad:      29156
 Bad:        1628776    1657932    Changed to good:         0
 19.8% of the data is now flagged

2018-11-02 10:39:13,769 [MainThread  ] [INFO ]  mfcal vis=1934-638.9500 refant=4 interval=0.1
MfCal: $Revision: 1.20 $, $Date: 2017/05/08 02:31:10 $
Selecting parallel-hand polarisations
Reading the data ...
Number correlations accepted: 3350994
Number of frequency bands/settings: 1
Number of polarisations selected: 2
Number of solution intervals: 68
Number of passband solution intervals: 1
Initialising ...
Using post-Aug94 ATCA flux scale for 1934-638.
Using known frequency variation of 1934-638
Generating initial solution estimate ...
Doing solution refinement ...
Iter= 1, Solution Error:  0.478
Iter= 2, Solution Error:  0.009
Iter= 3, Solution Error:  0.000
Saving solution ...

2018-11-02 10:39:20,439 [MainThread  ] [INFO ]  gpcal vis=1934-638.9500 refant=4 interval=0.1 nfbin=2 options=xyvary

gpcal: Revision 1.22, 2016/05/01 22:31:05 UTC

Applying bandpass corrections to 1934-638.9500
Number of antennae: 6
Using leakage parameters from input as initial guess
Reading the data ...
Number of solution intervals: 68
Total visibilities read: 1020
Number visibilities accepted: 1020
Using post-Aug94 ATCA flux scale for 1934-638.
Using IQUV =  2.5393,  0.0000,  0.0000,  0.0000 at   9.4569 GHz.
Using post-Aug94 ATCA flux scale for 1934-638.
Using IQUV =  2.6973,  0.0000,  0.0000,  0.0000 at   9.0090 GHz.
Using post-Aug94 ATCA flux scale for 1934-638.
Using IQUV =  2.3887,  0.0000,  0.0000,  0.0000 at   9.9353 GHz.
Iter= 1, Amplit/Phase Solution Error:   0.092
Iter= 1, Polarisation Solution Error:   0.000
Iter= 1, Overall Solution Error:        0.335
Iter= 2, Amplit/Phase Solution Error:   0.002
Iter= 2, Polarisation Solution Error:   0.000
Iter= 2, Overall Solution Error:        0.004
Iter= 3, Amplit/Phase Solution Error:   0.001
Iter= 3, Polarisation Solution Error:   0.000
Iter= 3, Overall Solution Error:        0.001
I flux density:   2.5393
Leakage terms:
 Ant 1:Dx,Dy = ( 0.00180,-0.00798),(-0.00117,-0.00805)
 Ant 2:Dx,Dy = ( 0.00226, 0.00331),(-0.00307, 0.00364)
 Ant 3:Dx,Dy = ( 0.00485,-0.00246),(-0.00750,-0.00260)
 Ant 4:Dx,Dy = ( 0.00411, 0.01687),(-0.00324, 0.01767)
 Ant 5:Dx,Dy = (-0.01736, 0.00620),( 0.01625, 0.00612)
 Ant 6:Dx,Dy = ( 0.00314,-0.01661),(-0.00247,-0.01611)
Solution for freq bin  1
Iter= 1, Amplit/Phase Solution Error:   0.091
Iter= 1, Polarisation Solution Error:   0.001
Iter= 1, Overall Solution Error:        0.332
Iter= 2, Amplit/Phase Solution Error:   0.002
Iter= 2, Polarisation Solution Error:   0.000
Iter= 2, Overall Solution Error:        0.003
Iter= 3, Amplit/Phase Solution Error:   0.001
Iter= 3, Polarisation Solution Error:   0.000
Iter= 3, Overall Solution Error:        0.001
I flux density:   2.6973
Leakage terms:
 Ant 1:Dx,Dy = ( 0.00148,-0.00749),(-0.00137,-0.00761)
 Ant 2:Dx,Dy = ( 0.00243, 0.00371),(-0.00339, 0.00402)
 Ant 3:Dx,Dy = ( 0.00380,-0.00330),(-0.00766,-0.00295)
 Ant 4:Dx,Dy = ( 0.00430, 0.01673),(-0.00398, 0.01775)
 Ant 5:Dx,Dy = (-0.01669, 0.00650),( 0.01609, 0.00590)
 Ant 6:Dx,Dy = ( 0.00247,-0.01676),(-0.00191,-0.01649)
Solution for freq bin  2
Iter= 1, Amplit/Phase Solution Error:   0.094
Iter= 1, Polarisation Solution Error:   0.002
Iter= 1, Overall Solution Error:        0.339
Iter= 2, Amplit/Phase Solution Error:   0.002
Iter= 2, Polarisation Solution Error:   0.000
Iter= 2, Overall Solution Error:        0.004
Iter= 3, Amplit/Phase Solution Error:   0.001
Iter= 3, Polarisation Solution Error:   0.000
Iter= 3, Overall Solution Error:        0.001
I flux density:   2.3887
Leakage terms:
 Ant 1:Dx,Dy = ( 0.00216,-0.00855),(-0.00092,-0.00857)
 Ant 2:Dx,Dy = ( 0.00206, 0.00285),(-0.00269, 0.00320)
 Ant 3:Dx,Dy = ( 0.00607,-0.00149),(-0.00732,-0.00218)
 Ant 4:Dx,Dy = ( 0.00390, 0.01702),(-0.00237, 0.01758)
 Ant 5:Dx,Dy = (-0.01813, 0.00586),( 0.01643, 0.00638)
 Ant 6:Dx,Dy = ( 0.00392,-0.01644),(-0.00313,-0.01566)

2018-11-02 10:39:28,520 [MainThread  ] [INFO ]  gpcopy vis=1934-638.9500 out=2312-319.9500

gpcopy: Revision 1.13, 2015/10/29 01:31:39 UTC

Copying leakage table
Copying gain table
Interpolation tolerance set to (minutes): 720.00
Copying bandpass table

2018-11-02 10:43:47,118 [MainThread  ] [INFO ]  pgflag vis=2312-319.9500 command='<b' stokes=i,q,u,v flagpar=8,5,5,3,6,3 options=nodisp

pgflag: Revision 1.30, 2016/10/05 23:06:50 UTC

Applying bandpass corrections to 2312-319.9500
Applying freq. dependent gain corrections to 2312-319.9500
Applying freq. dependent leakage correction to 2312-319.9500
Applying changes to dataset
Counts of correlations within selected channels:
 channel  Originally  Currently
 Good:      69906720   68958332    Changed to bad:     948388
 Bad:       11110740   12059128    Changed to good:         0
 14.9% of the data is now flagged

2018-11-02 10:47:13,244 [MainThread  ] [INFO ]  pgflag vis=2312-319.9500 command='<b' stokes=i,v,q,u flagpar=8,2,2,3,6,3  options=nodisp

pgflag: Revision 1.30, 2016/10/05 23:06:50 UTC

Applying bandpass corrections to 2312-319.9500
Applying freq. dependent gain corrections to 2312-319.9500
Applying freq. dependent leakage correction to 2312-319.9500
Applying changes to dataset
Counts of correlations within selected channels:
 channel  Originally  Currently
 Good:      68958332   68238260    Changed to bad:     720072
 Bad:       12059128   12779200    Changed to good:         0
 15.8% of the data is now flagged

2018-11-02 10:50:28,009 [MainThread  ] [INFO ]  pgflag vis=2312-319.9500 command='<b' stokes=i,v,u,q flagpar=8,2,2,3,6,3  options=nodisp

pgflag: Revision 1.30, 2016/10/05 23:06:50 UTC

Applying bandpass corrections to 2312-319.9500
Applying freq. dependent gain corrections to 2312-319.9500
Applying freq. dependent leakage correction to 2312-319.9500
Applying changes to dataset
Counts of correlations within selected channels:
 channel  Originally  Currently
 Good:      68238260   67595252    Changed to bad:     643008
 Bad:       12779200   13422208    Changed to good:         0
 16.6% of the data is now flagged

2018-11-02 10:50:34,032 [MainThread  ] [INFO ]  gpcal vis=2312-319.9500 refant=4 interval=0.1 nfbin=2 options=xyvary,qusolve

gpcal: Revision 1.22, 2016/05/01 22:31:05 UTC

Applying bandpass corrections to 2312-319.9500
Number of antennae: 6
Using leakage parameters from input as initial guess
Reading the data ...
Number of solution intervals: 662
Total visibilities read: 9885
Number visibilities accepted: 9877
Iter= 1, Amplit/Phase Solution Error:   0.477
Iter= 1, Polarisation Solution Error:   0.010
Iter= 1, Overall Solution Error:        2.247
Iter= 2, Amplit/Phase Solution Error:   0.013
Iter= 2, Polarisation Solution Error:   0.000
Iter= 2, Overall Solution Error:        0.011
Iter= 3, Amplit/Phase Solution Error:   0.001
Iter= 3, Polarisation Solution Error:   0.000
Iter= 3, Overall Solution Error:        0.001
I flux density:   0.5285
Percent Q:  -0.978
Percent U:  -0.787
Leakage terms:
 Ant 1:Dx,Dy = ( 0.00158,-0.00871),(-0.00087,-0.00740)
 Ant 2:Dx,Dy = ( 0.00275, 0.00278),(-0.00328, 0.00437)
 Ant 3:Dx,Dy = ( 0.00546,-0.00311),(-0.00785,-0.00192)
 Ant 4:Dx,Dy = ( 0.00301, 0.01633),(-0.00193, 0.01833)
 Ant 5:Dx,Dy = (-0.01671, 0.00524),( 0.01605, 0.00696)
 Ant 6:Dx,Dy = ( 0.00346,-0.01761),(-0.00258,-0.01527)
Solution for freq bin  1
Iter= 1, Amplit/Phase Solution Error:   0.455
Iter= 1, Polarisation Solution Error:   0.010
Iter= 1, Overall Solution Error:        2.170
Iter= 2, Amplit/Phase Solution Error:   0.013
Iter= 2, Polarisation Solution Error:   0.000
Iter= 2, Overall Solution Error:        0.010
Iter= 3, Amplit/Phase Solution Error:   0.001
Iter= 3, Polarisation Solution Error:   0.000
Iter= 3, Overall Solution Error:        0.001
I flux density:   0.5320
Percent Q:  -1.007
Percent U:  -0.721
Leakage terms:
 Ant 1:Dx,Dy = ( 0.00138,-0.00779),(-0.00088,-0.00688)
 Ant 2:Dx,Dy = ( 0.00334, 0.00349),(-0.00330, 0.00473)
 Ant 3:Dx,Dy = ( 0.00448,-0.00402),(-0.00773,-0.00240)
 Ant 4:Dx,Dy = ( 0.00351, 0.01652),(-0.00260, 0.01799)
 Ant 5:Dx,Dy = (-0.01558, 0.00531),( 0.01588, 0.00670)
 Ant 6:Dx,Dy = ( 0.00277,-0.01788),(-0.00148,-0.01576)
Solution for freq bin  2
Iter= 1, Amplit/Phase Solution Error:   0.496
Iter= 1, Polarisation Solution Error:   0.009
Iter= 1, Overall Solution Error:        2.294
Iter= 2, Amplit/Phase Solution Error:   0.013
Iter= 2, Polarisation Solution Error:   0.000
Iter= 2, Overall Solution Error:        0.011
Iter= 3, Amplit/Phase Solution Error:   0.001
Iter= 3, Polarisation Solution Error:   0.000
Iter= 3, Overall Solution Error:        0.001
I flux density:   0.5256
Percent Q:  -0.944
Percent U:  -0.852
Leakage terms:
 Ant 1:Dx,Dy = ( 0.00170,-0.00957),(-0.00092,-0.00790)
 Ant 2:Dx,Dy = ( 0.00216, 0.00211),(-0.00328, 0.00403)
 Ant 3:Dx,Dy = ( 0.00636,-0.00224),(-0.00799,-0.00148)
 Ant 4:Dx,Dy = ( 0.00251, 0.01614),(-0.00134, 0.01868)
 Ant 5:Dx,Dy = (-0.01781, 0.00517),( 0.01618, 0.00723)
 Ant 6:Dx,Dy = ( 0.00408,-0.01737),(-0.00364,-0.01481)

2018-11-02 10:53:45,032 [MainThread  ] [INFO ]  pgflag vis=2312-319.9500 command='<b' stokes=i,q,u,v flagpar=8,5,5,3,6,3 options=nodisp

pgflag: Revision 1.30, 2016/10/05 23:06:50 UTC

Applying bandpass corrections to 2312-319.9500
Applying freq. dependent gain corrections to 2312-319.9500
Applying freq. dependent leakage correction to 2312-319.9500
Applying changes to dataset
Counts of correlations within selected channels:
 channel  Originally  Currently
 Good:      67595252   67003804    Changed to bad:     591448
 Bad:       13422208   14013656    Changed to good:         0
 17.3% of the data is now flagged

2018-11-02 10:56:56,645 [MainThread  ] [INFO ]  pgflag vis=2312-319.9500 command='<b' stokes=i,v,q,u flagpar=8,2,2,3,6,3  options=nodisp

pgflag: Revision 1.30, 2016/10/05 23:06:50 UTC

Applying bandpass corrections to 2312-319.9500
Applying freq. dependent gain corrections to 2312-319.9500
Applying freq. dependent leakage correction to 2312-319.9500
Applying changes to dataset
Counts of correlations within selected channels:
 channel  Originally  Currently
 Good:      67003804   66452800    Changed to bad:     551004
 Bad:       14013656   14564660    Changed to good:         0
 18.0% of the data is now flagged

2018-11-02 11:00:15,161 [MainThread  ] [INFO ]  pgflag vis=2312-319.9500 command='<b' stokes=i,v,u,q flagpar=8,2,2,3,6,3  options=nodisp

pgflag: Revision 1.30, 2016/10/05 23:06:50 UTC

Applying bandpass corrections to 2312-319.9500
Applying freq. dependent gain corrections to 2312-319.9500
Applying freq. dependent leakage correction to 2312-319.9500
Applying changes to dataset
Counts of correlations within selected channels:
 channel  Originally  Currently
 Good:      66452800   65937576    Changed to bad:     515224
 Bad:       14564660   15079884    Changed to good:         0
 18.6% of the data is now flagged

2018-11-02 11:00:20,996 [MainThread  ] [INFO ]  gpcal vis=2312-319.9500 refant=4 interval=0.1 nfbin=2 options=xyvary,qusolve

gpcal: Revision 1.22, 2016/05/01 22:31:05 UTC

Applying bandpass corrections to 2312-319.9500
Number of antennae: 6
Using leakage parameters from input as initial guess
Reading the data ...
Number of solution intervals: 662
Total visibilities read: 9885
Number visibilities accepted: 9877
Iter= 1, Amplit/Phase Solution Error:   0.476
Iter= 1, Polarisation Solution Error:   0.010
Iter= 1, Overall Solution Error:        2.246
Iter= 2, Amplit/Phase Solution Error:   0.013
Iter= 2, Polarisation Solution Error:   0.000
Iter= 2, Overall Solution Error:        0.009
Iter= 3, Amplit/Phase Solution Error:   0.001
Iter= 3, Polarisation Solution Error:   0.000
Iter= 3, Overall Solution Error:        0.001
I flux density:   0.5327
Percent Q:  -0.976
Percent U:  -0.785
Leakage terms:
 Ant 1:Dx,Dy = ( 0.00159,-0.00871),(-0.00087,-0.00741)
 Ant 2:Dx,Dy = ( 0.00272, 0.00277),(-0.00330, 0.00439)
 Ant 3:Dx,Dy = ( 0.00543,-0.00313),(-0.00786,-0.00193)
 Ant 4:Dx,Dy = ( 0.00299, 0.01633),(-0.00189, 0.01833)
 Ant 5:Dx,Dy = (-0.01673, 0.00524),( 0.01601, 0.00699)
 Ant 6:Dx,Dy = ( 0.00349,-0.01759),(-0.00260,-0.01526)
Solution for freq bin  1
Iter= 1, Amplit/Phase Solution Error:   0.455
Iter= 1, Polarisation Solution Error:   0.010
Iter= 1, Overall Solution Error:        2.168
Iter= 2, Amplit/Phase Solution Error:   0.013
Iter= 2, Polarisation Solution Error:   0.000
Iter= 2, Overall Solution Error:        0.009
Iter= 3, Amplit/Phase Solution Error:   0.001
Iter= 3, Polarisation Solution Error:   0.000
Iter= 3, Overall Solution Error:        0.001
I flux density:   0.5363
Percent Q:  -1.003
Percent U:  -0.717
Leakage terms:
 Ant 1:Dx,Dy = ( 0.00140,-0.00780),(-0.00085,-0.00688)
 Ant 2:Dx,Dy = ( 0.00327, 0.00350),(-0.00336, 0.00475)
 Ant 3:Dx,Dy = ( 0.00441,-0.00406),(-0.00777,-0.00241)
 Ant 4:Dx,Dy = ( 0.00349, 0.01652),(-0.00257, 0.01797)
 Ant 5:Dx,Dy = (-0.01559, 0.00532),( 0.01580, 0.00671)
 Ant 6:Dx,Dy = ( 0.00278,-0.01785),(-0.00148,-0.01576)
Solution for freq bin  2
Iter= 1, Amplit/Phase Solution Error:   0.496
Iter= 1, Polarisation Solution Error:   0.009
Iter= 1, Overall Solution Error:        2.293
Iter= 2, Amplit/Phase Solution Error:   0.013
Iter= 2, Polarisation Solution Error:   0.000
Iter= 2, Overall Solution Error:        0.010
Iter= 3, Amplit/Phase Solution Error:   0.001
Iter= 3, Polarisation Solution Error:   0.000
Iter= 3, Overall Solution Error:        0.001
I flux density:   0.5298
Percent Q:  -0.941
Percent U:  -0.849
Leakage terms:
 Ant 1:Dx,Dy = ( 0.00168,-0.00956),(-0.00097,-0.00791)
 Ant 2:Dx,Dy = ( 0.00216, 0.00209),(-0.00329, 0.00406)
 Ant 3:Dx,Dy = ( 0.00633,-0.00225),(-0.00799,-0.00149)
 Ant 4:Dx,Dy = ( 0.00249, 0.01614),(-0.00132, 0.01868)
 Ant 5:Dx,Dy = (-0.01784, 0.00516),( 0.01617, 0.00725)
 Ant 6:Dx,Dy = ( 0.00409,-0.01736),(-0.00368,-0.01481)

2018-11-02 11:00:21,058 [MainThread  ] [INFO ]  gpboot vis=2312-319.9500 cal=1934-638.9500

gpboot: Revision 1.9, 2015/10/29 01:31:30 UTC

Secondary flux density scaled by:   0.984
Frequency bin  1 scaled by      :   0.986
Frequency bin  2 scaled by      :   0.986

2018-11-02 11:02:07,681 [MainThread  ] [INFO ]  gpcopy vis=2312-319.9500 out=c.9500

gpcopy: Revision 1.13, 2015/10/29 01:31:39 UTC

Copying leakage table
Copying gain table
Interpolation tolerance set to (minutes): 720.00
Copying bandpass table

2018-11-02 11:23:55,404 [MainThread  ] [INFO ]  pgflag vis=c.9500 command='<b' stokes=i,v,q,u flagpar=8,2,2,3,6,3  options=nodisp

pgflag: Revision 1.30, 2016/10/05 23:06:50 UTC

Applying bandpass corrections to c.9500
Applying freq. dependent gain corrections to c.9500
Applying freq. dependent leakage correction to c.9500
Applying changes to dataset
Counts of correlations within selected channels:
 channel  Originally  Currently
 Good:     434652192  419689576    Changed to bad:   14962616
 Bad:       69082164   84044780    Changed to good:         0
 16.7% of the data is now flagged

2018-11-02 11:44:49,074 [MainThread  ] [INFO ]  pgflag vis=c.9500 command='<b' stokes=i,v,u,q flagpar=8,2,2,3,6,3  options=nodisp

pgflag: Revision 1.30, 2016/10/05 23:06:50 UTC

Applying bandpass corrections to c.9500
Applying freq. dependent gain corrections to c.9500
Applying freq. dependent leakage correction to c.9500
Applying changes to dataset
Counts of correlations within selected channels:
 channel  Originally  Currently
 Good:     419689576  409028388    Changed to bad:   10661188
 Bad:       84044780   94705968    Changed to good:         0
 18.8% of the data is now flagged

2018-11-02 11:48:05,134 [MainThread  ] [INFO ]  uvsplit vis=c.9500

uvsplit: Revision 1.18, 2016/05/09 03:06:18 UTC

Creating c_721.9500
Creating c_722.9500
Creating c_723.9500
Creating c_724.9500
Creating c_725.9500
Creating c_726.9500
Creating c_727.9500
Creating c_728.9500
Creating c_729.9500
Creating c_730.9500
Creating c_731.9500
Creating c_732.9500
Creating c_733.9500
Creating c_734.9500
Creating c_735.9500
Creating c_736.9500
Creating c_737.9500
Creating c_738.9500
Creating c_739.9500
Creating c_740.9500
Creating c_741.9500
Creating c_742.9500
Creating c_743.9500
Creating c_744.9500
Creating c_745.9500
Creating c_746.9500
Creating c_747.9500
Creating c_748.9500
Creating c_749.9500
Creating c_750.9500
Creating c_751.9500
Creating c_752.9500
Creating c_753.9500
Creating c_754.9500
Creating c_755.9500
Creating c_756.9500
Creating c_757.9500
Creating c_758.9500
Creating c_759.9500
Creating c_760.9500
Creating c_761.9500
Creating c_762.9500
Creating c_763.9500
Creating c_764.9500
Creating c_765.9500
Creating c_766.9500
Creating c_767.9500
Creating c_768.9500
Creating c_769.9500
Creating c_770.9500
Creating c_771.9500
Creating c_772.9500
Creating c_773.9500
Creating c_774.9500
Creating c_775.9500
Creating c_776.9500
Creating c_777.9500
Creating c_778.9500
Creating c_779.9500
Creating c_780.9500
Creating c_781.9500
Creating c_782.9500
Creating c_783.9500
Creating c_784.9500
Creating c_785.9500
Creating c_786.9500
Creating c_787.9500
Creating c_788.9500
Creating c_789.9500
Creating c_790.9500
Creating c_791.9500
Creating c_792.9500
Creating c_793.9500
Creating c_794.9500
Creating c_795.9500
Creating c_796.9500
Creating c_797.9500
Creating c_798.9500
Creating c_799.9500
Creating c_800.9500
Creating c_801.9500
Creating c_802.9500
Creating c_803.9500
Creating c_804.9500
Creating c_805.9500
Creating c_806.9500
Creating c_807.9500
Creating c_808.9500
Creating c_809.9500
Creating c_810.9500
Creating c_811.9500
Creating c_812.9500
Creating c_813.9500
Creating c_814.9500
Creating c_815.9500
Creating c_816.9500
Creating c_817.9500
Creating c_818.9500
Creating c_819.9500
Creating c_820.9500
Creating c_821.9500
Creating c_822.9500
Creating c_823.9500
Creating c_824.9500
Creating c_825.9500
Creating c_826.9500
Creating c_827.9500
Creating c_828.9500
Creating c_829.9500
Creating c_830.9500
Creating c_831.9500
Creating c_832.9500
Creating c_833.9500
Creating c_834.9500
Creating c_835.9500
Creating c_836.9500
Creating c_837.9500
Creating c_838.9500
Creating c_839.9500
Creating c_840.9500
Creating c_841.9500
Creating c_842.9500
Creating c_843.9500
Creating c_844.9500
Creating c_845.9500
Creating c_846.9500
Creating c_847.9500
Creating c_848.9500
Creating c_849.9500
Creating c_850.9500
Creating c_851.9500
Creating c_852.9500
Creating c_853.9500
Creating c_854.9500
Creating c_855.9500
Creating c_856.9500
Creating c_857.9500
Creating c_858.9500
Creating c_859.9500
Creating c_860.9500
Creating c_861.9500
Creating c_862.9500
Creating c_863.9500
Creating c_864.9500
Creating c_865.9500
Creating c_866.9500
Creating c_867.9500
Creating c_868.9500
Creating c_869.9500
Creating c_870.9500
Creating c_871.9500
Creating c_872.9500
Creating c_873.9500
Creating c_874.9500
Creating c_875.9500
Creating c_876.9500
Creating c_877.9500
Creating c_878.9500
Creating c_879.9500
Creating c_880.9500
Creating c_881.9500
Creating c_882.9500
Creating c_883.9500
Creating c_884.9500
Creating c_885.9500
Creating c_886.9500
Creating c_887.9500
Creating c_888.9500
Creating c_889.9500
Creating c_890.9500
Creating c_891.9500
Creating c_892.9500
Creating c_893.9500
Creating c_894.9500
Creating c_895.9500
Creating c_896.9500
Creating c_897.9500
Creating c_898.9500
Creating c_899.9500
Creating c_900.9500

