2018-08-06 09:23:22,497 [MainThread  ] [INFO ]  atlod in=raw/2016-12-01_0221.C3132,raw/2016-12-01_0508.C3132,raw/2016-12-01_0755.C3132,raw/2016-12-01_1042.C3132,raw/2016-12-01_1329.C3132 out=data5.uv ifsel=1 options=birdie,rfiflag,noauto,xycorr

atlod: Revision 1.53, 2016/08/25 23:02:21 UTC

Processing file raw/2016-12-01_0221.C3132
 02:21:18 CAOBS> track 1
CABB data detected
Scan 1 started at 16DEC01:02:21:32.0
Source: 1934-638
Flagging channels in  28 frequency ranges
 02:32:20 CAOBS> stop
 02:32:33 CAOBS> set file c3132_obs_d4
 02:32:38 CAOBS> start 5/99
Scan 2 started at 16DEC01:02:34:12.0
Source: 2245-328
Scan 3 started at 16DEC01:02:37:16.0
Source: d_581
Source: d_582
Source: d_583
Source: d_584
Source: d_585
Source: d_586
Source: d_587
Source: d_588
Source: d_589
Source: d_590
Source: d_591
Source: d_592
Source: d_593
Source: d_594
Source: d_595
Source: d_596
Source: d_597
Source: d_598
Source: d_599
Source: d_600
Scan 4 started at 16DEC01:02:50:44.0
Source: 2245-328
Scan 5 started at 16DEC01:02:53:24.0
Source: d_601
Source: d_602
Source: d_603
Source: d_604
Source: d_605
Source: d_606
Source: d_607
Source: d_608
Source: d_609
Source: d_610
Source: d_611
Source: d_612
Source: d_613
Source: d_614
Source: d_615
Source: d_616
Source: d_617
Source: d_618
Source: d_619
Source: d_620
Scan 6 started at 16DEC01:03:06:52.0
Source: 2245-328
Scan 7 started at 16DEC01:03:09:32.0
Source: d_621
Source: d_622
Source: d_623
Source: d_624
Source: d_625
Source: d_626
Source: d_627
Source: d_628
Source: d_629
Source: d_630
Source: d_631
Source: d_632
Source: d_633
Source: d_634
Source: d_635
Source: d_636
Source: d_637
Source: d_638
Source: d_639
Source: d_640
Scan 8 started at 16DEC01:03:23:00.0
Source: 2245-328
Scan 9 started at 16DEC01:03:25:40.0
Source: d_641
Source: d_642
Source: d_643
Source: d_644
Source: d_645
Source: d_646
Source: d_647
Source: d_648
Source: d_649
Source: d_650
Source: d_651
Source: d_652
Source: d_653
Source: d_654
Source: d_655
Source: d_656
Source: d_657
Source: d_658
Source: d_659
Source: d_660
Scan 10 started at 16DEC01:03:39:08.0
Source: 2245-328
Scan 11 started at 16DEC01:03:41:48.0
Source: d_661
Source: d_662
Source: d_663
Source: d_664
Source: d_665
Source: d_666
Source: d_667
Source: d_668
Source: d_669
Source: d_670
Source: d_671
Source: d_672
Source: d_673
Source: d_674
Source: d_675
Source: d_676
Source: d_677
Source: d_678
Source: d_679
Source: d_680
Scan 12 started at 16DEC01:03:55:16.0
Source: 2245-328
Scan 13 started at 16DEC01:03:57:56.0
Source: d_681
Source: d_682
Source: d_683
Source: d_684
Source: d_685
Source: d_686
Source: d_687
Source: d_688
Source: d_689
Source: d_690
Source: d_691
Source: d_692
Source: d_693
Source: d_694
Source: d_695
Source: d_696
Source: d_697
Source: d_698
Source: d_699
Source: d_700
Scan 14 started at 16DEC01:04:11:24.0
Source: 2245-328
Scan 15 started at 16DEC01:04:14:04.0
Source: d_701
Source: d_702
Source: d_703
Source: d_704
Source: d_705
Source: d_706
Source: d_707
Source: d_708
Source: d_709
Source: d_710
Source: d_711
Source: d_712
Source: d_713
Source: d_714
Source: d_715
Source: d_716
Source: d_717
Source: d_718
Source: d_719
Source: d_720
Scan 16 started at 16DEC01:04:27:32.0
Source: 2245-328
Scan 17 started at 16DEC01:04:30:12.0
Source: d_541
Source: d_542
Source: d_543
Source: d_544
Source: d_545
Source: d_546
Source: d_547
Source: d_548
Source: d_549
Source: d_550
Source: d_551
Source: d_552
Source: d_553
Source: d_554
Source: d_555
Source: d_556
Source: d_557
Source: d_558
Source: d_559
Source: d_560
Scan 18 started at 16DEC01:04:43:40.0
Source: 2245-328
Scan 19 started at 16DEC01:04:46:20.0
Source: d_561
Source: d_562
Source: d_563
Source: d_564
Source: d_565
Source: d_566
Source: d_567
Source: d_568
Source: d_569
Source: d_570
Source: d_571
Source: d_572
Source: d_573
Source: d_574
Source: d_575
Source: d_576
Source: d_577
Source: d_578
Source: d_579
Source: d_580
Scan 20 started at 16DEC01:04:59:48.0
Source: 2245-328
Scan 21 started at 16DEC01:05:02:28.0
Source: d_581
Source: d_582
Source: d_583
Source: d_584
Source: d_585
Source: d_586
Source: d_587
Source: d_588
Source: d_589
Source: d_590
RPFITS file version is 2.12
---------------------------------------
Total number of spectra selected: 72660

Summary of spectra flagged
Flagging Reason            Fraction
---------------            --------
Antenna off-source/off-line  3.58%
---------------------------------------
Processing file raw/2016-12-01_0508.C3132
CABB data detected
Scan 1 started at 16DEC01:05:08:36.0
Source: d_590
Source: d_591
Source: d_592
Source: d_593
Source: d_594
Source: d_595
Source: d_596
Source: d_597
Source: d_598
Source: d_599
Source: d_600
Scan 2 started at 16DEC01:05:15:56.0
Source: 2245-328
Scan 3 started at 16DEC01:05:18:36.0
Source: d_601
Source: d_602
Source: d_603
Source: d_604
Source: d_605
Source: d_606
Source: d_607
Source: d_608
Source: d_609
Source: d_610
Source: d_611
Source: d_612
Source: d_613
Source: d_614
Source: d_615
Source: d_616
Source: d_617
Source: d_618
Source: d_619
Source: d_620
Scan 4 started at 16DEC01:05:32:04.0
Source: 2245-328
Scan 5 started at 16DEC01:05:34:52.0
Source: d_621
Source: d_622
Source: d_623
Source: d_624
Source: d_625
Source: d_626
Source: d_627
Source: d_628
Source: d_629
Source: d_630
Source: d_631
Source: d_632
Source: d_633
Source: d_634
Source: d_635
Source: d_636
Source: d_637
Source: d_638
Source: d_639
Source: d_640
Scan 6 started at 16DEC01:05:48:20.0
Source: 2245-328
Scan 7 started at 16DEC01:05:51:08.0
Source: d_641
Source: d_642
Source: d_643
Source: d_644
Source: d_645
Source: d_646
Source: d_647
Source: d_648
Source: d_649
Source: d_650
Source: d_651
Source: d_652
Source: d_653
Source: d_654
Source: d_655
Source: d_656
Source: d_657
Source: d_658
Source: d_659
Source: d_660
Scan 8 started at 16DEC01:06:04:36.0
Source: 2245-328
Scan 9 started at 16DEC01:06:07:32.0
Source: d_661
Source: d_662
Source: d_663
Source: d_664
Source: d_665
Source: d_666
Source: d_667
Source: d_668
Source: d_669
Source: d_670
Source: d_671
Source: d_672
Source: d_673
Source: d_674
Source: d_675
Source: d_676
Source: d_677
Source: d_678
Source: d_679
Source: d_680
Scan 10 started at 16DEC01:06:20:52.0
Source: 2245-328
Scan 11 started at 16DEC01:06:23:48.0
Source: d_681
Source: d_682
Source: d_683
Source: d_684
Source: d_685
Source: d_686
Source: d_687
Source: d_688
Source: d_689
Source: d_690
Source: d_691
Source: d_692
Source: d_693
Source: d_694
Source: d_695
Source: d_696
Source: d_697
Source: d_698
Source: d_699
Source: d_700
Scan 12 started at 16DEC01:06:37:16.0
Source: 2245-328
Scan 13 started at 16DEC01:06:40:04.0
Source: d_701
Source: d_702
Source: d_703
Source: d_704
Source: d_705
Source: d_706
Source: d_707
Source: d_708
Source: d_709
Source: d_710
Source: d_711
Source: d_712
Source: d_713
Source: d_714
Source: d_715
Source: d_716
Source: d_717
Source: d_718
Source: d_719
Source: d_720
Scan 14 started at 16DEC01:06:53:32.0
Source: 2245-328
Scan 15 started at 16DEC01:06:56:28.0
Source: d_541
Source: d_542
Source: d_543
Source: d_544
Source: d_545
Source: d_546
Source: d_547
Source: d_548
Source: d_549
Source: d_550
Source: d_551
Source: d_552
Source: d_553
Source: d_554
Source: d_555
Source: d_556
Source: d_557
Source: d_558
Source: d_559
Source: d_560
Scan 16 started at 16DEC01:07:09:56.0
Source: 2245-328
Scan 17 started at 16DEC01:07:12:52.0
Source: d_561
Source: d_562
Source: d_563
Source: d_564
Source: d_565
Source: d_566
Source: d_567
Source: d_568
Source: d_569
Source: d_570
Source: d_571
Source: d_572
Source: d_573
Source: d_574
Source: d_575
Source: d_576
Source: d_577
Source: d_578
Source: d_579
Source: d_580
Scan 18 started at 16DEC01:07:26:20.0
Source: 2245-328
Scan 19 started at 16DEC01:07:29:32.0
Source: d_581
Source: d_582
Source: d_583
Source: d_584
Source: d_585
Source: d_586
Source: d_587
Source: d_588
Source: d_589
Source: d_590
Source: d_591
Source: d_592
Source: d_593
Source: d_594
Source: d_595
Source: d_596
Source: d_597
Source: d_598
Source: d_599
Source: d_600
Scan 20 started at 16DEC01:07:42:44.0
Source: 2245-328
Scan 21 started at 16DEC01:07:46:12.0
Source: d_601
Source: d_602
Source: d_603
Source: d_604
Source: d_605
Source: d_606
Source: d_607
Source: d_608
Source: d_609
Source: d_610
Source: d_611
Source: d_612
Source: d_613
Source: d_614
Source: d_615
RPFITS file version is 2.12
---------------------------------------
Total number of spectra selected: 72660

Summary of spectra flagged
Flagging Reason            Fraction
---------------            --------
Antenna off-source/off-line  4.44%
---------------------------------------
Processing file raw/2016-12-01_0755.C3132
CABB data detected
Scan 1 started at 16DEC01:07:55:24.0
Source: d_615
Source: d_616
Source: d_617
Source: d_618
Source: d_619
Source: d_620
Scan 2 started at 16DEC01:07:59:16.0
Source: 2245-328
Scan 3 started at 16DEC01:08:02:36.0
Source: d_621
Source: d_622
Source: d_623
Source: d_624
Source: d_625
Source: d_626
Source: d_627
Source: d_628
Source: d_629
Source: d_630
Source: d_631
Source: d_632
Source: d_633
Source: d_634
Source: d_635
Source: d_636
Source: d_637
Source: d_638
Source: d_639
Source: d_640
Scan 4 started at 16DEC01:08:16:52.0
Source: 2245-328
Scan 5 started at 16DEC01:08:20:28.0
Source: d_641
Source: d_642
Source: d_643
Source: d_644
Source: d_645
Source: d_646
Source: d_647
Source: d_648
Source: d_649
Source: d_650
Source: d_651
Source: d_652
Source: d_653
Source: d_654
Source: d_655
Source: d_656
Source: d_657
Source: d_658
Source: d_659
Source: d_660
Scan 6 started at 16DEC01:08:33:56.0
Source: 2245-328
Scan 7 started at 16DEC01:08:37:24.0
Source: d_661
Source: d_662
Source: d_663
Source: d_664
Source: d_665
Source: d_666
Source: d_667
Source: d_668
Source: d_669
Source: d_670
Source: d_671
Source: d_672
Source: d_673
Source: d_674
Source: d_675
Source: d_676
Source: d_677
Source: d_678
Source: d_679
Source: d_680
Scan 8 started at 16DEC01:08:50:52.0
Source: 2245-328
Scan 9 started at 16DEC01:08:53:56.0
Source: d_681
Source: d_682
Source: d_683
Source: d_684
Source: d_685
Source: d_686
Source: d_687
Source: d_688
Source: d_689
Source: d_690
Source: d_691
Source: d_692
Source: d_693
Source: d_694
Source: d_695
Source: d_696
Source: d_697
Source: d_698
Source: d_699
Source: d_700
Scan 10 started at 16DEC01:09:07:32.0
Source: 2245-328
Scan 11 started at 16DEC01:09:10:28.0
Source: d_701
Source: d_702
Source: d_703
Source: d_704
Source: d_705
Source: d_706
Source: d_707
Source: d_708
Source: d_709
Source: d_710
Source: d_711
Source: d_712
Source: d_713
Source: d_714
Source: d_715
Source: d_716
Source: d_717
Source: d_718
Source: d_719
Source: d_720
Scan 12 started at 16DEC01:09:24:04.0
Source: 2245-328
Scan 13 started at 16DEC01:09:27:00.0
Source: d_541
Source: d_542
Source: d_543
Source: d_544
Source: d_545
Source: d_546
Source: d_547
Source: d_548
Source: d_549
Source: d_550
Source: d_551
Source: d_552
Source: d_553
Source: d_554
Source: d_555
Source: d_556
Source: d_557
Source: d_558
Source: d_559
Source: d_560
Scan 14 started at 16DEC01:09:40:28.0
Source: 2245-328
Scan 15 started at 16DEC01:09:43:16.0
Source: d_561
Source: d_562
Source: d_563
Source: d_564
Source: d_565
Source: d_566
Source: d_567
Source: d_568
Source: d_569
Source: d_570
Source: d_571
Source: d_572
Source: d_573
Source: d_574
Source: d_575
Source: d_576
Source: d_577
Source: d_578
Source: d_579
Source: d_580
Scan 16 started at 16DEC01:09:56:44.0
Source: 2245-328
Scan 17 started at 16DEC01:09:59:40.0
Source: d_581
Source: d_582
Source: d_583
Source: d_584
Source: d_585
Source: d_586
Source: d_587
Source: d_588
Source: d_589
Source: d_590
Source: d_591
Source: d_592
Source: d_593
Source: d_594
Source: d_595
Source: d_596
Source: d_597
Source: d_598
Source: d_599
Source: d_600
Scan 18 started at 16DEC01:10:13:00.0
Source: 2245-328
Scan 19 started at 16DEC01:10:15:56.0
Source: d_601
Source: d_602
Source: d_603
Source: d_604
Source: d_605
Source: d_606
Source: d_607
Source: d_608
Source: d_609
Source: d_610
Source: d_611
Source: d_612
Source: d_613
Source: d_614
Source: d_615
Source: d_616
Source: d_617
Source: d_618
Source: d_619
Source: d_620
Scan 20 started at 16DEC01:10:29:16.0
Source: 2245-328
Scan 21 started at 16DEC01:10:32:04.0
Source: d_621
Source: d_622
Source: d_623
Source: d_624
Source: d_625
Source: d_626
Source: d_627
Source: d_628
Source: d_629
Source: d_630
Source: d_631
Source: d_632
Source: d_633
Source: d_634
Source: d_635
Source: d_636
RPFITS file version is 2.12
---------------------------------------
Total number of spectra selected: 72660

Summary of spectra flagged
Flagging Reason            Fraction
---------------            --------
Antenna off-source/off-line  7.71%
---------------------------------------
Processing file raw/2016-12-01_1042.C3132
CABB data detected
Scan 1 started at 16DEC01:10:42:12.0
Source: d_636
Source: d_637
Source: d_638
Source: d_639
Source: d_640
Scan 2 started at 16DEC01:10:45:32.0
Source: 2245-328
Scan 3 started at 16DEC01:10:48:20.0
Source: d_641
Source: d_642
Source: d_643
Source: d_644
Source: d_645
Source: d_646
Source: d_647
Source: d_648
Source: d_649
Source: d_650
Source: d_651
Source: d_652
Source: d_653
Source: d_654
Source: d_655
Source: d_656
Source: d_657
Source: d_658
Source: d_659
Source: d_660
Scan 4 started at 16DEC01:11:01:48.0
Source: 2245-328
Scan 5 started at 16DEC01:11:04:44.0
Source: d_661
Source: d_662
Source: d_663
Source: d_664
Source: d_665
Source: d_666
Source: d_667
Source: d_668
Source: d_669
Source: d_670
Source: d_671
Source: d_672
Source: d_673
Source: d_674
Source: d_675
Source: d_676
Source: d_677
Source: d_678
Source: d_679
Source: d_680
Scan 6 started at 16DEC01:11:18:04.0
Source: 2245-328
Scan 7 started at 16DEC01:11:21:24.0
Source: d_681
Source: d_682
Source: d_683
Source: d_684
Source: d_685
Source: d_686
Source: d_687
Source: d_688
Source: d_689
Source: d_690
Source: d_691
Source: d_692
Source: d_693
Source: d_694
Source: d_695
Source: d_696
Source: d_697
Source: d_698
Source: d_699
Source: d_700
Scan 8 started at 16DEC01:11:34:52.0
Source: 2245-328
Scan 9 started at 16DEC01:11:37:40.0
Source: d_701
Source: d_702
Source: d_703
Source: d_704
Source: d_705
Source: d_706
Source: d_707
Source: d_708
Source: d_709
Source: d_710
Source: d_711
Source: d_712
Source: d_713
Source: d_714
Source: d_715
Source: d_716
Source: d_717
Source: d_718
Source: d_719
Source: d_720
Scan 10 started at 16DEC01:11:51:08.0
Source: 2245-328
Scan 11 started at 16DEC01:11:53:48.0
Source: d_541
Source: d_542
Source: d_543
Source: d_544
Source: d_545
Source: d_546
Source: d_547
Source: d_548
Source: d_549
Source: d_550
Source: d_551
Source: d_552
Source: d_553
Source: d_554
Source: d_555
Source: d_556
Source: d_557
Source: d_558
Source: d_559
Source: d_560
Scan 12 started at 16DEC01:12:07:16.0
Source: 2245-328
Scan 13 started at 16DEC01:12:09:56.0
Source: d_561
Source: d_562
Source: d_563
Source: d_564
Source: d_565
Source: d_566
Source: d_567
Source: d_568
Source: d_569
Source: d_570
Source: d_571
Source: d_572
Source: d_573
Source: d_574
Source: d_575
Source: d_576
Source: d_577
Source: d_578
Source: d_579
Source: d_580
Scan 14 started at 16DEC01:12:23:24.0
Source: 2245-328
Scan 15 started at 16DEC01:12:26:04.0
Source: d_581
Source: d_582
Source: d_583
Source: d_584
Source: d_585
Source: d_586
Source: d_587
Source: d_588
Source: d_589
Source: d_590
Source: d_591
Source: d_592
Source: d_593
Source: d_594
Source: d_595
Source: d_596
Source: d_597
Source: d_598
Source: d_599
Source: d_600
Scan 16 started at 16DEC01:12:39:32.0
Source: 2245-328
Scan 17 started at 16DEC01:12:42:12.0
Source: d_601
Source: d_602
Source: d_603
Source: d_604
Source: d_605
Source: d_606
Source: d_607
Source: d_608
Source: d_609
Source: d_610
Source: d_611
Source: d_612
Source: d_613
Source: d_614
Source: d_615
Source: d_616
Source: d_617
Source: d_618
Source: d_619
Source: d_620
Scan 18 started at 16DEC01:12:55:40.0
Source: 2245-328
Scan 19 started at 16DEC01:12:58:20.0
Source: d_621
Source: d_622
Source: d_623
Source: d_624
Source: d_625
Source: d_626
Source: d_627
Source: d_628
Source: d_629
Source: d_630
Source: d_631
Source: d_632
Source: d_633
Source: d_634
Source: d_635
Source: d_636
Source: d_637
Source: d_638
Source: d_639
Source: d_640
Scan 20 started at 16DEC01:13:11:48.0
Source: 2245-328
Scan 21 started at 16DEC01:13:14:36.0
Source: d_641
Source: d_642
Source: d_643
Source: d_644
Source: d_645
Source: d_646
Source: d_647
Source: d_648
Source: d_649
Source: d_650
Source: d_651
Source: d_652
Source: d_653
Source: d_654
Source: d_655
Source: d_656
Source: d_657
Source: d_658
Source: d_659
Source: d_660
Scan 22 started at 16DEC01:13:28:04.0
Source: 2245-328
RPFITS file version is 2.12
---------------------------------------
Total number of spectra selected: 72660

Summary of spectra flagged
Flagging Reason            Fraction
---------------            --------
Antenna off-source/off-line  3.25%
---------------------------------------
Processing file raw/2016-12-01_1329.C3132
CABB data detected
Scan 1 started at 16DEC01:13:29:16.0
Source: 2245-328
Scan 2 started at 16DEC01:13:31:16.0
Source: d_661
Source: d_662
Source: d_663
Source: d_664
Source: d_665
Source: d_666
Source: d_667
Source: d_668
Source: d_669
Source: d_670
Source: d_671
Source: d_672
Source: d_673
Source: d_674
Source: d_675
Source: d_676
Source: d_677
Source: d_678
Source: d_679
Source: d_680
Scan 3 started at 16DEC01:13:44:44.0
Source: 2245-328
Scan 4 started at 16DEC01:13:47:24.0
Source: d_681
Source: d_682
Source: d_683
Source: d_684
Source: d_685
Source: d_686
Source: d_687
Source: d_688
Source: d_689
Source: d_690
Source: d_691
Source: d_692
Source: d_693
Source: d_694
Source: d_695
Source: d_696
Source: d_697
Source: d_698
Source: d_699
Source: d_700
Scan 5 started at 16DEC01:14:01:00.0
Source: 2245-328
Scan 6 started at 16DEC01:14:03:40.0
Source: d_701
Source: d_702
Source: d_703
Source: d_704
Source: d_705
Source: d_706
Source: d_707
Source: d_708
Source: d_709
Source: d_710
Source: d_711
Source: d_712
Source: d_713
Source: d_714
Source: d_715
Source: d_716
Source: d_717
Source: d_718
Source: d_719
Source: d_720
Scan 7 started at 16DEC01:14:17:08.0
Source: 2245-328
RPFITS file version is 2.12
---------------------------------------
Total number of spectra selected: 21720

Summary of spectra flagged
Flagging Reason            Fraction
---------------            --------
Antenna off-source/off-line  4.97%
---------------------------------------

No CACAL data was detected

2018-08-06 09:24:57,065 [MainThread  ] [INFO ]  uvflag vis=data5.uv line=chan,6,1146,1 flagval=flag

uvflag: Revision 1.8, 2014/09/30 14:23:39 UTC


Set flags to indicate bad data in visibility file data5.uv
Linetype channel; select    6 channels; start 1146, width    1, step    1

Overview of flagging on visibility file data5.uv
Changed flags set to FALSE (data flagged as bad)
Total number of records selected: 297492; out of 297492 records
Antennas used: 1-6
Counts of correlations within selected channels
channel   Originally    Currently
Good:          892476.           0.    Changed to bad:      892476.
Bad:           892476.     1784952.

2018-08-06 09:25:16,089 [MainThread  ] [INFO ]  uvflag vis=data5.uv line=chan,30,1454,1 flagval=flag

uvflag: Revision 1.8, 2014/09/30 14:23:39 UTC


Set flags to indicate bad data in visibility file data5.uv
Linetype channel; select   30 channels; start 1454, width    1, step    1

Overview of flagging on visibility file data5.uv
Changed flags set to FALSE (data flagged as bad)
Total number of records selected: 297492; out of 297492 records
Antennas used: 1-6
Counts of correlations within selected channels
channel   Originally    Currently
Good:         8924760.           0.    Changed to bad:     8924760.
Bad:                0.     8924760.

2018-08-06 09:25:33,936 [MainThread  ] [INFO ]  uvflag vis=data5.uv line=chan,40,1964,1 flagval=flag

uvflag: Revision 1.8, 2014/09/30 14:23:39 UTC


Set flags to indicate bad data in visibility file data5.uv
Linetype channel; select   40 channels; start 1964, width    1, step    1

Overview of flagging on visibility file data5.uv
Changed flags set to FALSE (data flagged as bad)
Total number of records selected: 297492; out of 297492 records
Antennas used: 1-6
Counts of correlations within selected channels
channel   Originally    Currently
Good:               0.           0.    Changed to bad:           0.
Bad:         11899680.    11899680.

2018-08-06 09:26:51,922 [MainThread  ] [INFO ]  uvsplit vis=data5.uv options=mosaic

uvsplit: Revision 1.18, 2016/05/09 03:06:18 UTC

Creating 1934-638.5500
Creating 2245-328.5500
Creating d.5500

2018-08-06 09:27:02,837 [MainThread  ] [INFO ]  pgflag vis=1934-638.5500 command='<b' stokes=i,q,u,v flagpar=8,5,5,3,6,3 options=nodisp

pgflag: Revision 1.30, 2016/10/05 23:06:50 UTC

Applying changes to dataset
Counts of correlations within selected channels:
 channel  Originally  Currently
 Good:       8733420    8673184    Changed to bad:      60236
 Bad:        1224720    1284956    Changed to good:         0
 12.9% of the data is now flagged

2018-08-06 09:27:12,895 [MainThread  ] [INFO ]  pgflag vis=1934-638.5500 command='<b' stokes=i,v,q,u flagpar=8,2,2,3,6,3  options=nodisp

pgflag: Revision 1.30, 2016/10/05 23:06:50 UTC

Applying changes to dataset
Counts of correlations within selected channels:
 channel  Originally  Currently
 Good:       8673184    8607168    Changed to bad:      66016
 Bad:        1284956    1350972    Changed to good:         0
 13.6% of the data is now flagged

2018-08-06 09:27:23,117 [MainThread  ] [INFO ]  pgflag vis=1934-638.5500 command='<b' stokes=i,v,u,q flagpar=8,2,2,3,6,3  options=nodisp

pgflag: Revision 1.30, 2016/10/05 23:06:50 UTC

Applying changes to dataset
Counts of correlations within selected channels:
 channel  Originally  Currently
 Good:       8607168    8495112    Changed to bad:     112056
 Bad:        1350972    1463028    Changed to good:         0
 14.7% of the data is now flagged

2018-08-06 09:28:20,862 [MainThread  ] [INFO ]  mfcal vis=1934-638.5500 refant=4 interval=0.1
MfCal: $Revision: 1.20 $, $Date: 2017/05/08 02:31:10 $
Selecting parallel-hand polarisations
Reading the data ...
Number correlations accepted: 4247556
Number of frequency bands/settings: 1
Number of polarisations selected: 2
Number of solution intervals: 81
Number of passband solution intervals: 1
Initialising ...
Using post-Aug94 ATCA flux scale for 1934-638.
Using known frequency variation of 1934-638
Generating initial solution estimate ...
Doing solution refinement ...
Iter= 1, Solution Error:  0.426
Iter= 2, Solution Error:  0.034
Iter= 3, Solution Error:  0.001
Saving solution ...

2018-08-06 09:28:21,716 [MainThread  ] [INFO ]  gpcal vis=1934-638.5500 refant=4 interval=0.1 nfbin=2 options=xyvary

gpcal: Revision 1.22, 2016/05/01 22:31:05 UTC

Applying bandpass corrections to 1934-638.5500
Number of antennae: 6
Reading the data ...
Number of solution intervals: 81
Total visibilities read: 1215
Number visibilities accepted: 1215
Using post-Aug94 ATCA flux scale for 1934-638.
Using IQUV =  5.0173,  0.0000,  0.0000,  0.0000 at   5.4517 GHz.
Using post-Aug94 ATCA flux scale for 1934-638.
Using IQUV =  5.5172,  0.0000,  0.0000,  0.0000 at   5.0317 GHz.
Using post-Aug94 ATCA flux scale for 1934-638.
Using IQUV =  4.5117,  0.0000,  0.0000,  0.0000 at   5.9530 GHz.
Iter= 1, Amplit/Phase Solution Error:   1.337
Iter= 1, Polarisation Solution Error:   0.040
Iter= 1, Overall Solution Error:        2.067
Iter= 2, Amplit/Phase Solution Error:   0.002
Iter= 2, Polarisation Solution Error:   0.000
Iter= 2, Overall Solution Error:        0.003
Iter= 3, Amplit/Phase Solution Error:   0.001
Iter= 3, Polarisation Solution Error:   0.000
Iter= 3, Overall Solution Error:        0.001
I flux density:   5.0173
Leakage terms:
 Ant 1:Dx,Dy = ( 0.00165, 0.00174),(-0.00050, 0.00252)
 Ant 2:Dx,Dy = ( 0.00408, 0.00683),(-0.00360, 0.00706)
 Ant 3:Dx,Dy = ( 0.00530,-0.00378),(-0.00838,-0.00399)
 Ant 4:Dx,Dy = ( 0.00428, 0.01747),(-0.00287, 0.01841)
 Ant 5:Dx,Dy = (-0.01775,-0.00180),( 0.01670,-0.00153)
 Ant 6:Dx,Dy = ( 0.00210,-0.02205),(-0.00169,-0.02088)
Solution for freq bin  1
Iter= 1, Amplit/Phase Solution Error:   1.403
Iter= 1, Polarisation Solution Error:   0.042
Iter= 1, Overall Solution Error:        2.023
Iter= 2, Amplit/Phase Solution Error:   0.002
Iter= 2, Polarisation Solution Error:   0.000
Iter= 2, Overall Solution Error:        0.003
Iter= 3, Amplit/Phase Solution Error:   0.001
Iter= 3, Polarisation Solution Error:   0.000
Iter= 3, Overall Solution Error:        0.001
I flux density:   5.5172
Leakage terms:
 Ant 1:Dx,Dy = ( 0.00158, 0.00202),(-0.00073, 0.00273)
 Ant 2:Dx,Dy = ( 0.00475, 0.00745),(-0.00394, 0.00779)
 Ant 3:Dx,Dy = ( 0.00488,-0.00384),(-0.00898,-0.00346)
 Ant 4:Dx,Dy = ( 0.00391, 0.01822),(-0.00314, 0.01916)
 Ant 5:Dx,Dy = (-0.01821,-0.00233),( 0.01624,-0.00197)
 Ant 6:Dx,Dy = ( 0.00130,-0.02351),(-0.00124,-0.02225)
Solution for freq bin  2
Iter= 1, Amplit/Phase Solution Error:   1.295
Iter= 1, Polarisation Solution Error:   0.037
Iter= 1, Overall Solution Error:        2.061
Iter= 2, Amplit/Phase Solution Error:   0.002
Iter= 2, Polarisation Solution Error:   0.000
Iter= 2, Overall Solution Error:        0.003
Iter= 3, Amplit/Phase Solution Error:   0.001
Iter= 3, Polarisation Solution Error:   0.000
Iter= 3, Overall Solution Error:        0.001
I flux density:   4.5117
Leakage terms:
 Ant 1:Dx,Dy = ( 0.00176, 0.00132),(-0.00022, 0.00219)
 Ant 2:Dx,Dy = ( 0.00318, 0.00591),(-0.00314, 0.00598)
 Ant 3:Dx,Dy = ( 0.00586,-0.00370),(-0.00754,-0.00472)
 Ant 4:Dx,Dy = ( 0.00476, 0.01650),(-0.00248, 0.01743)
 Ant 5:Dx,Dy = (-0.01712,-0.00097),( 0.01731,-0.00082)
 Ant 6:Dx,Dy = ( 0.00318,-0.02006),(-0.00230,-0.01905)

2018-08-06 09:28:36,124 [MainThread  ] [INFO ]  pgflag vis=1934-638.5500 command='<b' stokes=i,q,u,v flagpar=8,5,5,3,6,3 options=nodisp

pgflag: Revision 1.30, 2016/10/05 23:06:50 UTC

Applying bandpass corrections to 1934-638.5500
Applying freq. dependent gain corrections to 1934-638.5500
Applying freq. dependent leakage correction to 1934-638.5500
Applying changes to dataset
Counts of correlations within selected channels:
 channel  Originally  Currently
 Good:       8495112    8470028    Changed to bad:      25084
 Bad:        1463028    1488112    Changed to good:         0
 14.9% of the data is now flagged

2018-08-06 09:28:49,692 [MainThread  ] [INFO ]  pgflag vis=1934-638.5500 command='<b' stokes=i,v,q,u flagpar=8,2,2,3,6,3  options=nodisp

pgflag: Revision 1.30, 2016/10/05 23:06:50 UTC

Applying bandpass corrections to 1934-638.5500
Applying freq. dependent gain corrections to 1934-638.5500
Applying freq. dependent leakage correction to 1934-638.5500
Applying changes to dataset
Counts of correlations within selected channels:
 channel  Originally  Currently
 Good:       8470028    8445036    Changed to bad:      24992
 Bad:        1488112    1513104    Changed to good:         0
 15.2% of the data is now flagged

2018-08-06 09:29:05,666 [MainThread  ] [INFO ]  pgflag vis=1934-638.5500 command='<b' stokes=i,v,u,q flagpar=8,2,2,3,6,3  options=nodisp

pgflag: Revision 1.30, 2016/10/05 23:06:50 UTC

Applying bandpass corrections to 1934-638.5500
Applying freq. dependent gain corrections to 1934-638.5500
Applying freq. dependent leakage correction to 1934-638.5500
Applying changes to dataset
Counts of correlations within selected channels:
 channel  Originally  Currently
 Good:       8445036    8424404    Changed to bad:      20632
 Bad:        1513104    1533736    Changed to good:         0
 15.4% of the data is now flagged

2018-08-06 09:29:59,452 [MainThread  ] [INFO ]  mfcal vis=1934-638.5500 refant=4 interval=0.1
MfCal: $Revision: 1.20 $, $Date: 2017/05/08 02:31:10 $
Selecting parallel-hand polarisations
Reading the data ...
Number correlations accepted: 4212202
Number of frequency bands/settings: 1
Number of polarisations selected: 2
Number of solution intervals: 81
Number of passband solution intervals: 1
Initialising ...
Using post-Aug94 ATCA flux scale for 1934-638.
Using known frequency variation of 1934-638
Generating initial solution estimate ...
Doing solution refinement ...
Iter= 1, Solution Error:  0.427
Iter= 2, Solution Error:  0.034
Iter= 3, Solution Error:  0.001
Saving solution ...

2018-08-06 09:30:00,126 [MainThread  ] [INFO ]  gpcal vis=1934-638.5500 refant=4 interval=0.1 nfbin=2 options=xyvary

gpcal: Revision 1.22, 2016/05/01 22:31:05 UTC

Applying bandpass corrections to 1934-638.5500
Number of antennae: 6
Using leakage parameters from input as initial guess
Reading the data ...
Number of solution intervals: 81
Total visibilities read: 1215
Number visibilities accepted: 1215
Using post-Aug94 ATCA flux scale for 1934-638.
Using IQUV =  5.0186,  0.0000,  0.0000,  0.0000 at   5.4506 GHz.
Using post-Aug94 ATCA flux scale for 1934-638.
Using IQUV =  5.5145,  0.0000,  0.0000,  0.0000 at   5.0338 GHz.
Using post-Aug94 ATCA flux scale for 1934-638.
Using IQUV =  4.5140,  0.0000,  0.0000,  0.0000 at   5.9506 GHz.
Iter= 1, Amplit/Phase Solution Error:   1.341
Iter= 1, Polarisation Solution Error:   0.000
Iter= 1, Overall Solution Error:        2.067
Iter= 2, Amplit/Phase Solution Error:   0.002
Iter= 2, Polarisation Solution Error:   0.000
Iter= 2, Overall Solution Error:        0.003
Iter= 3, Amplit/Phase Solution Error:   0.001
Iter= 3, Polarisation Solution Error:   0.000
Iter= 3, Overall Solution Error:        0.001
I flux density:   5.0186
Leakage terms:
 Ant 1:Dx,Dy = ( 0.00163, 0.00175),(-0.00051, 0.00252)
 Ant 2:Dx,Dy = ( 0.00409, 0.00684),(-0.00358, 0.00707)
 Ant 3:Dx,Dy = ( 0.00531,-0.00378),(-0.00839,-0.00399)
 Ant 4:Dx,Dy = ( 0.00428, 0.01746),(-0.00286, 0.01843)
 Ant 5:Dx,Dy = (-0.01776,-0.00181),( 0.01669,-0.00155)
 Ant 6:Dx,Dy = ( 0.00210,-0.02206),(-0.00171,-0.02088)
Solution for freq bin  1
Iter= 1, Amplit/Phase Solution Error:   1.404
Iter= 1, Polarisation Solution Error:   0.002
Iter= 1, Overall Solution Error:        2.023
Iter= 2, Amplit/Phase Solution Error:   0.002
Iter= 2, Polarisation Solution Error:   0.000
Iter= 2, Overall Solution Error:        0.003
Iter= 3, Amplit/Phase Solution Error:   0.001
Iter= 3, Polarisation Solution Error:   0.000
Iter= 3, Overall Solution Error:        0.001
I flux density:   5.5145
Leakage terms:
 Ant 1:Dx,Dy = ( 0.00157, 0.00202),(-0.00074, 0.00273)
 Ant 2:Dx,Dy = ( 0.00476, 0.00745),(-0.00391, 0.00779)
 Ant 3:Dx,Dy = ( 0.00489,-0.00384),(-0.00899,-0.00345)
 Ant 4:Dx,Dy = ( 0.00390, 0.01820),(-0.00311, 0.01916)
 Ant 5:Dx,Dy = (-0.01822,-0.00235),( 0.01623,-0.00200)
 Ant 6:Dx,Dy = ( 0.00132,-0.02349),(-0.00125,-0.02222)
Solution for freq bin  2
Iter= 1, Amplit/Phase Solution Error:   1.295
Iter= 1, Polarisation Solution Error:   0.003
Iter= 1, Overall Solution Error:        2.059
Iter= 2, Amplit/Phase Solution Error:   0.002
Iter= 2, Polarisation Solution Error:   0.000
Iter= 2, Overall Solution Error:        0.003
Iter= 3, Amplit/Phase Solution Error:   0.001
Iter= 3, Polarisation Solution Error:   0.000
Iter= 3, Overall Solution Error:        0.001
I flux density:   4.5140
Leakage terms:
 Ant 1:Dx,Dy = ( 0.00173, 0.00133),(-0.00024, 0.00219)
 Ant 2:Dx,Dy = ( 0.00319, 0.00594),(-0.00313, 0.00599)
 Ant 3:Dx,Dy = ( 0.00587,-0.00370),(-0.00756,-0.00472)
 Ant 4:Dx,Dy = ( 0.00477, 0.01649),(-0.00247, 0.01746)
 Ant 5:Dx,Dy = (-0.01714,-0.00098),( 0.01731,-0.00083)
 Ant 6:Dx,Dy = ( 0.00317,-0.02009),(-0.00233,-0.01908)

2018-08-06 09:30:00,182 [MainThread  ] [INFO ]  gpcopy vis=1934-638.5500 out=2245-328.5500

gpcopy: Revision 1.13, 2015/10/29 01:31:39 UTC

Copying leakage table
Copying gain table
Interpolation tolerance set to (minutes): 720.00
Copying bandpass table

2018-08-06 09:32:31,061 [MainThread  ] [INFO ]  pgflag vis=2245-328.5500 command='<b' stokes=i,q,u,v flagpar=8,5,5,3,6,3 options=nodisp

pgflag: Revision 1.30, 2016/10/05 23:06:50 UTC

Applying bandpass corrections to 2245-328.5500
Applying freq. dependent gain corrections to 2245-328.5500
Applying freq. dependent leakage correction to 2245-328.5500
Applying changes to dataset
Counts of correlations within selected channels:
 channel  Originally  Currently
 Good:      71233080   70747872    Changed to bad:     485208
 Bad:        9989280   10474488    Changed to good:         0
 12.9% of the data is now flagged

2018-08-06 09:35:04,304 [MainThread  ] [INFO ]  pgflag vis=2245-328.5500 command='<b' stokes=i,v,q,u flagpar=8,2,2,3,6,3  options=nodisp

pgflag: Revision 1.30, 2016/10/05 23:06:50 UTC

Applying bandpass corrections to 2245-328.5500
Applying freq. dependent gain corrections to 2245-328.5500
Applying freq. dependent leakage correction to 2245-328.5500
Applying changes to dataset
Counts of correlations within selected channels:
 channel  Originally  Currently
 Good:      70747872   70336304    Changed to bad:     411568
 Bad:       10474488   10886056    Changed to good:         0
 13.4% of the data is now flagged

2018-08-06 09:37:33,579 [MainThread  ] [INFO ]  pgflag vis=2245-328.5500 command='<b' stokes=i,v,u,q flagpar=8,2,2,3,6,3  options=nodisp

pgflag: Revision 1.30, 2016/10/05 23:06:50 UTC

Applying bandpass corrections to 2245-328.5500
Applying freq. dependent gain corrections to 2245-328.5500
Applying freq. dependent leakage correction to 2245-328.5500
Applying changes to dataset
Counts of correlations within selected channels:
 channel  Originally  Currently
 Good:      70336304   69874816    Changed to bad:     461488
 Bad:       10886056   11347544    Changed to good:         0
 14.0% of the data is now flagged

2018-08-06 09:37:38,385 [MainThread  ] [INFO ]  gpcal vis=2245-328.5500 refant=4 interval=0.1 nfbin=2 options=xyvary,qusolve

gpcal: Revision 1.22, 2016/05/01 22:31:05 UTC

Applying bandpass corrections to 2245-328.5500
Number of antennae: 6
Using leakage parameters from input as initial guess
Reading the data ...
Number of solution intervals: 660
Total visibilities read: 9910
Number visibilities accepted: 9900
Iter= 1, Amplit/Phase Solution Error:   0.970
Iter= 1, Polarisation Solution Error:   0.006
Iter= 1, Overall Solution Error:        2.419
Iter= 2, Amplit/Phase Solution Error:   0.006
Iter= 2, Polarisation Solution Error:   0.000
Iter= 2, Overall Solution Error:        0.006
Iter= 3, Amplit/Phase Solution Error:   0.001
Iter= 3, Polarisation Solution Error:   0.000
Iter= 3, Overall Solution Error:        0.001
I flux density:   0.6111
Percent Q:  -0.587
Percent U:  -0.026
Leakage terms:
 Ant 1:Dx,Dy = ( 0.00125, 0.00200),( 0.00012, 0.00308)
 Ant 2:Dx,Dy = ( 0.00337, 0.00626),(-0.00382, 0.00672)
 Ant 3:Dx,Dy = ( 0.00504,-0.00394),(-0.00892,-0.00408)
 Ant 4:Dx,Dy = ( 0.00417, 0.01707),(-0.00291, 0.01844)
 Ant 5:Dx,Dy = (-0.01753,-0.00206),( 0.01652,-0.00145)
 Ant 6:Dx,Dy = ( 0.00245,-0.02158),(-0.00224,-0.02047)
Solution for freq bin  1
Iter= 1, Amplit/Phase Solution Error:   0.907
Iter= 1, Polarisation Solution Error:   0.006
Iter= 1, Overall Solution Error:        2.369
Iter= 2, Amplit/Phase Solution Error:   0.006
Iter= 2, Polarisation Solution Error:   0.000
Iter= 2, Overall Solution Error:        0.006
Iter= 3, Amplit/Phase Solution Error:   0.001
Iter= 3, Polarisation Solution Error:   0.000
Iter= 3, Overall Solution Error:        0.001
I flux density:   0.5957
Percent Q:  -0.574
Percent U:   0.142
Leakage terms:
 Ant 1:Dx,Dy = ( 0.00125, 0.00232),(-0.00017, 0.00327)
 Ant 2:Dx,Dy = ( 0.00389, 0.00729),(-0.00441, 0.00746)
 Ant 3:Dx,Dy = ( 0.00428,-0.00397),(-0.00988,-0.00334)
 Ant 4:Dx,Dy = ( 0.00350, 0.01793),(-0.00325, 0.01925)
 Ant 5:Dx,Dy = (-0.01814,-0.00287),( 0.01576,-0.00210)
 Ant 6:Dx,Dy = ( 0.00148,-0.02325),(-0.00178,-0.02199)
Solution for freq bin  2
Iter= 1, Amplit/Phase Solution Error:   1.090
Iter= 1, Polarisation Solution Error:   0.006
Iter= 1, Overall Solution Error:        2.367
Iter= 2, Amplit/Phase Solution Error:   0.006
Iter= 2, Polarisation Solution Error:   0.000
Iter= 2, Overall Solution Error:        0.006
Iter= 3, Amplit/Phase Solution Error:   0.001
Iter= 3, Polarisation Solution Error:   0.000
Iter= 3, Overall Solution Error:        0.001
I flux density:   0.6303
Percent Q:  -0.596
Percent U:  -0.192
Leakage terms:
 Ant 1:Dx,Dy = ( 0.00123, 0.00166),( 0.00039, 0.00289)
 Ant 2:Dx,Dy = ( 0.00284, 0.00526),(-0.00328, 0.00597)
 Ant 3:Dx,Dy = ( 0.00578,-0.00392),(-0.00797,-0.00483)
 Ant 4:Dx,Dy = ( 0.00485, 0.01622),(-0.00260, 0.01765)
 Ant 5:Dx,Dy = (-0.01692,-0.00126),( 0.01727,-0.00084)
 Ant 6:Dx,Dy = ( 0.00322,-0.01982),(-0.00280,-0.01900)

2018-08-06 09:40:09,115 [MainThread  ] [INFO ]  pgflag vis=2245-328.5500 command='<b' stokes=i,q,u,v flagpar=8,5,5,3,6,3 options=nodisp

pgflag: Revision 1.30, 2016/10/05 23:06:50 UTC

Applying bandpass corrections to 2245-328.5500
Applying freq. dependent gain corrections to 2245-328.5500
Applying freq. dependent leakage correction to 2245-328.5500
Applying changes to dataset
Counts of correlations within selected channels:
 channel  Originally  Currently
 Good:      69874816   69457848    Changed to bad:     416968
 Bad:       11347544   11764512    Changed to good:         0
 14.5% of the data is now flagged

2018-08-06 09:42:40,946 [MainThread  ] [INFO ]  pgflag vis=2245-328.5500 command='<b' stokes=i,v,q,u flagpar=8,2,2,3,6,3  options=nodisp

pgflag: Revision 1.30, 2016/10/05 23:06:50 UTC

Applying bandpass corrections to 2245-328.5500
Applying freq. dependent gain corrections to 2245-328.5500
Applying freq. dependent leakage correction to 2245-328.5500
Applying changes to dataset
Counts of correlations within selected channels:
 channel  Originally  Currently
 Good:      69457848   69066368    Changed to bad:     391480
 Bad:       11764512   12155992    Changed to good:         0
 15.0% of the data is now flagged

2018-08-06 09:45:28,048 [MainThread  ] [INFO ]  pgflag vis=2245-328.5500 command='<b' stokes=i,v,u,q flagpar=8,2,2,3,6,3  options=nodisp

pgflag: Revision 1.30, 2016/10/05 23:06:50 UTC

Applying bandpass corrections to 2245-328.5500
Applying freq. dependent gain corrections to 2245-328.5500
Applying freq. dependent leakage correction to 2245-328.5500
Applying changes to dataset
Counts of correlations within selected channels:
 channel  Originally  Currently
 Good:      69066368   68685300    Changed to bad:     381068
 Bad:       12155992   12537060    Changed to good:         0
 15.4% of the data is now flagged

2018-08-06 09:45:32,497 [MainThread  ] [INFO ]  gpcal vis=2245-328.5500 refant=4 interval=0.1 nfbin=2 options=xyvary,qusolve

gpcal: Revision 1.22, 2016/05/01 22:31:05 UTC

Applying bandpass corrections to 2245-328.5500
Number of antennae: 6
Using leakage parameters from input as initial guess
Reading the data ...
Number of solution intervals: 660
Total visibilities read: 9910
Number visibilities accepted: 9900
Iter= 1, Amplit/Phase Solution Error:   0.972
Iter= 1, Polarisation Solution Error:   0.006
Iter= 1, Overall Solution Error:        2.419
Iter= 2, Amplit/Phase Solution Error:   0.006
Iter= 2, Polarisation Solution Error:   0.000
Iter= 2, Overall Solution Error:        0.006
Iter= 3, Amplit/Phase Solution Error:   0.001
Iter= 3, Polarisation Solution Error:   0.000
Iter= 3, Overall Solution Error:        0.001
I flux density:   0.6124
Percent Q:  -0.587
Percent U:  -0.028
Leakage terms:
 Ant 1:Dx,Dy = ( 0.00124, 0.00200),( 0.00012, 0.00308)
 Ant 2:Dx,Dy = ( 0.00335, 0.00627),(-0.00379, 0.00672)
 Ant 3:Dx,Dy = ( 0.00504,-0.00393),(-0.00890,-0.00407)
 Ant 4:Dx,Dy = ( 0.00416, 0.01706),(-0.00289, 0.01846)
 Ant 5:Dx,Dy = (-0.01750,-0.00208),( 0.01648,-0.00146)
 Ant 6:Dx,Dy = ( 0.00245,-0.02157),(-0.00227,-0.02047)
Solution for freq bin  1
Iter= 1, Amplit/Phase Solution Error:   0.902
Iter= 1, Polarisation Solution Error:   0.006
Iter= 1, Overall Solution Error:        2.369
Iter= 2, Amplit/Phase Solution Error:   0.006
Iter= 2, Polarisation Solution Error:   0.000
Iter= 2, Overall Solution Error:        0.006
Iter= 3, Amplit/Phase Solution Error:   0.001
Iter= 3, Polarisation Solution Error:   0.000
Iter= 3, Overall Solution Error:        0.001
I flux density:   0.5970
Percent Q:  -0.573
Percent U:   0.139
Leakage terms:
 Ant 1:Dx,Dy = ( 0.00127, 0.00232),(-0.00018, 0.00325)
 Ant 2:Dx,Dy = ( 0.00385, 0.00730),(-0.00439, 0.00747)
 Ant 3:Dx,Dy = ( 0.00426,-0.00397),(-0.00987,-0.00332)
 Ant 4:Dx,Dy = ( 0.00346, 0.01791),(-0.00318, 0.01929)
 Ant 5:Dx,Dy = (-0.01809,-0.00294),( 0.01568,-0.00213)
 Ant 6:Dx,Dy = ( 0.00150,-0.02322),(-0.00182,-0.02198)
Solution for freq bin  2
Iter= 1, Amplit/Phase Solution Error:   1.093
Iter= 1, Polarisation Solution Error:   0.006
Iter= 1, Overall Solution Error:        2.368
Iter= 2, Amplit/Phase Solution Error:   0.006
Iter= 2, Polarisation Solution Error:   0.000
Iter= 2, Overall Solution Error:        0.006
Iter= 3, Amplit/Phase Solution Error:   0.001
Iter= 3, Polarisation Solution Error:   0.000
Iter= 3, Overall Solution Error:        0.001
I flux density:   0.6315
Percent Q:  -0.597
Percent U:  -0.191
Leakage terms:
 Ant 1:Dx,Dy = ( 0.00121, 0.00168),( 0.00039, 0.00289)
 Ant 2:Dx,Dy = ( 0.00286, 0.00527),(-0.00324, 0.00598)
 Ant 3:Dx,Dy = ( 0.00581,-0.00392),(-0.00795,-0.00482)
 Ant 4:Dx,Dy = ( 0.00486, 0.01621),(-0.00261, 0.01765)
 Ant 5:Dx,Dy = (-0.01691,-0.00126),( 0.01726,-0.00084)
 Ant 6:Dx,Dy = ( 0.00321,-0.01983),(-0.00282,-0.01901)

2018-08-06 09:45:32,518 [MainThread  ] [INFO ]  gpboot vis=2245-328.5500 cal=1934-638.5500

gpboot: Revision 1.9, 2015/10/29 01:31:30 UTC

Secondary flux density scaled by:   0.996
Frequency bin  1 scaled by      :   0.988
Frequency bin  2 scaled by      :   0.999

2018-08-06 09:47:01,754 [MainThread  ] [INFO ]  gpcopy vis=2245-328.5500 out=d.5500

gpcopy: Revision 1.13, 2015/10/29 01:31:39 UTC

Copying leakage table
Copying gain table
Interpolation tolerance set to (minutes): 720.00
Copying bandpass table

2018-08-06 10:04:04,055 [MainThread  ] [INFO ]  pgflag vis=d.5500 command='<b' stokes=i,v,q,u flagpar=8,2,2,3,6,3  options=nodisp

pgflag: Revision 1.30, 2016/10/05 23:06:50 UTC

Applying bandpass corrections to d.5500
Applying freq. dependent gain corrections to d.5500
Applying freq. dependent leakage correction to d.5500
Applying changes to dataset
Counts of correlations within selected channels:
 channel  Originally  Currently
 Good:     454626624  441877812    Changed to bad:   12748812
 Bad:       63753984   76502796    Changed to good:         0
 14.8% of the data is now flagged

2018-08-06 10:21:28,896 [MainThread  ] [INFO ]  pgflag vis=d.5500 command='<b' stokes=i,v,u,q flagpar=8,2,2,3,6,3  options=nodisp

pgflag: Revision 1.30, 2016/10/05 23:06:50 UTC

Applying bandpass corrections to d.5500
Applying freq. dependent gain corrections to d.5500
Applying freq. dependent leakage correction to d.5500
Applying changes to dataset
Counts of correlations within selected channels:
 channel  Originally  Currently
 Good:     441877812  432458384    Changed to bad:    9419428
 Bad:       76502796   85922224    Changed to good:         0
 16.6% of the data is now flagged

2018-08-06 10:24:32,264 [MainThread  ] [INFO ]  uvsplit vis=d.5500

uvsplit: Revision 1.18, 2016/05/09 03:06:18 UTC

Creating d_581.5500
Creating d_582.5500
Creating d_583.5500
Creating d_584.5500
Creating d_585.5500
Creating d_586.5500
Creating d_587.5500
Creating d_588.5500
Creating d_589.5500
Creating d_590.5500
Creating d_591.5500
Creating d_592.5500
Creating d_593.5500
Creating d_594.5500
Creating d_595.5500
Creating d_596.5500
Creating d_597.5500
Creating d_598.5500
Creating d_599.5500
Creating d_600.5500
Creating d_601.5500
Creating d_602.5500
Creating d_603.5500
Creating d_604.5500
Creating d_605.5500
Creating d_606.5500
Creating d_607.5500
Creating d_608.5500
Creating d_609.5500
Creating d_610.5500
Creating d_611.5500
Creating d_612.5500
Creating d_613.5500
Creating d_614.5500
Creating d_615.5500
Creating d_616.5500
Creating d_617.5500
Creating d_618.5500
Creating d_619.5500
Creating d_620.5500
Creating d_621.5500
Creating d_622.5500
Creating d_623.5500
Creating d_624.5500
Creating d_625.5500
Creating d_626.5500
Creating d_627.5500
Creating d_628.5500
Creating d_629.5500
Creating d_630.5500
Creating d_631.5500
Creating d_632.5500
Creating d_633.5500
Creating d_634.5500
Creating d_635.5500
Creating d_636.5500
Creating d_637.5500
Creating d_638.5500
Creating d_639.5500
Creating d_640.5500
Creating d_641.5500
Creating d_642.5500
Creating d_643.5500
Creating d_644.5500
Creating d_645.5500
Creating d_646.5500
Creating d_647.5500
Creating d_648.5500
Creating d_649.5500
Creating d_650.5500
Creating d_651.5500
Creating d_652.5500
Creating d_653.5500
Creating d_654.5500
Creating d_655.5500
Creating d_656.5500
Creating d_657.5500
Creating d_658.5500
Creating d_659.5500
Creating d_660.5500
Creating d_661.5500
Creating d_662.5500
Creating d_663.5500
Creating d_664.5500
Creating d_665.5500
Creating d_666.5500
Creating d_667.5500
Creating d_668.5500
Creating d_669.5500
Creating d_670.5500
Creating d_671.5500
Creating d_672.5500
Creating d_673.5500
Creating d_674.5500
Creating d_675.5500
Creating d_676.5500
Creating d_677.5500
Creating d_678.5500
Creating d_679.5500
Creating d_680.5500
Creating d_681.5500
Creating d_682.5500
Creating d_683.5500
Creating d_684.5500
Creating d_685.5500
Creating d_686.5500
Creating d_687.5500
Creating d_688.5500
Creating d_689.5500
Creating d_690.5500
Creating d_691.5500
Creating d_692.5500
Creating d_693.5500
Creating d_694.5500
Creating d_695.5500
Creating d_696.5500
Creating d_697.5500
Creating d_698.5500
Creating d_699.5500
Creating d_700.5500
Creating d_701.5500
Creating d_702.5500
Creating d_703.5500
Creating d_704.5500
Creating d_705.5500
Creating d_706.5500
Creating d_707.5500
Creating d_708.5500
Creating d_709.5500
Creating d_710.5500
Creating d_711.5500
Creating d_712.5500
Creating d_713.5500
Creating d_714.5500
Creating d_715.5500
Creating d_716.5500
Creating d_717.5500
Creating d_718.5500
Creating d_719.5500
Creating d_720.5500
Creating d_541.5500
Creating d_542.5500
Creating d_543.5500
Creating d_544.5500
Creating d_545.5500
Creating d_546.5500
Creating d_547.5500
Creating d_548.5500
Creating d_549.5500
Creating d_550.5500
Creating d_551.5500
Creating d_552.5500
Creating d_553.5500
Creating d_554.5500
Creating d_555.5500
Creating d_556.5500
Creating d_557.5500
Creating d_558.5500
Creating d_559.5500
Creating d_560.5500
Creating d_561.5500
Creating d_562.5500
Creating d_563.5500
Creating d_564.5500
Creating d_565.5500
Creating d_566.5500
Creating d_567.5500
Creating d_568.5500
Creating d_569.5500
Creating d_570.5500
Creating d_571.5500
Creating d_572.5500
Creating d_573.5500
Creating d_574.5500
Creating d_575.5500
Creating d_576.5500
Creating d_577.5500
Creating d_578.5500
Creating d_579.5500
Creating d_580.5500

