2018-08-03 09:03:48,277 [MainThread  ] [INFO ]  atlod in=raw/2016-12-01_0221.C3132,raw/2016-12-01_0508.C3132,raw/2016-12-01_0755.C3132,raw/2016-12-01_1042.C3132,raw/2016-12-01_1329.C3132 out=data9.uv ifsel=2 options=birdie,rfiflag,noauto,xycorr

atlod: Revision 1.53, 2016/08/25 23:02:21 UTC

Processing file raw/2016-12-01_0221.C3132
 02:21:18 CAOBS> track 1
CABB data detected
Scan 1 started at 16DEC01:02:21:32.0
Source: 1934-638
Flagging channels in  28 frequency ranges
 02:32:20 CAOBS> stop
 02:32:33 CAOBS> set file c3132_obs_d4
 02:32:38 CAOBS> start 5/99
Scan 2 started at 16DEC01:02:34:12.0
Source: 2245-328
Scan 3 started at 16DEC01:02:37:16.0
Source: d_581
Source: d_582
Source: d_583
Source: d_584
Source: d_585
Source: d_586
Source: d_587
Source: d_588
Source: d_589
Source: d_590
Source: d_591
Source: d_592
Source: d_593
Source: d_594
Source: d_595
Source: d_596
Source: d_597
Source: d_598
Source: d_599
Source: d_600
Scan 4 started at 16DEC01:02:50:44.0
Source: 2245-328
Scan 5 started at 16DEC01:02:53:24.0
Source: d_601
Source: d_602
Source: d_603
Source: d_604
Source: d_605
Source: d_606
Source: d_607
Source: d_608
Source: d_609
Source: d_610
Source: d_611
Source: d_612
Source: d_613
Source: d_614
Source: d_615
Source: d_616
Source: d_617
Source: d_618
Source: d_619
Source: d_620
Scan 6 started at 16DEC01:03:06:52.0
Source: 2245-328
Scan 7 started at 16DEC01:03:09:32.0
Source: d_621
Source: d_622
Source: d_623
Source: d_624
Source: d_625
Source: d_626
Source: d_627
Source: d_628
Source: d_629
Source: d_630
Source: d_631
Source: d_632
Source: d_633
Source: d_634
Source: d_635
Source: d_636
Source: d_637
Source: d_638
Source: d_639
Source: d_640
Scan 8 started at 16DEC01:03:23:00.0
Source: 2245-328
Scan 9 started at 16DEC01:03:25:40.0
Source: d_641
Source: d_642
Source: d_643
Source: d_644
Source: d_645
Source: d_646
Source: d_647
Source: d_648
Source: d_649
Source: d_650
Source: d_651
Source: d_652
Source: d_653
Source: d_654
Source: d_655
Source: d_656
Source: d_657
Source: d_658
Source: d_659
Source: d_660
Scan 10 started at 16DEC01:03:39:08.0
Source: 2245-328
Scan 11 started at 16DEC01:03:41:48.0
Source: d_661
Source: d_662
Source: d_663
Source: d_664
Source: d_665
Source: d_666
Source: d_667
Source: d_668
Source: d_669
Source: d_670
Source: d_671
Source: d_672
Source: d_673
Source: d_674
Source: d_675
Source: d_676
Source: d_677
Source: d_678
Source: d_679
Source: d_680
Scan 12 started at 16DEC01:03:55:16.0
Source: 2245-328
Scan 13 started at 16DEC01:03:57:56.0
Source: d_681
Source: d_682
Source: d_683
Source: d_684
Source: d_685
Source: d_686
Source: d_687
Source: d_688
Source: d_689
Source: d_690
Source: d_691
Source: d_692
Source: d_693
Source: d_694
Source: d_695
Source: d_696
Source: d_697
Source: d_698
Source: d_699
Source: d_700
Scan 14 started at 16DEC01:04:11:24.0
Source: 2245-328
Scan 15 started at 16DEC01:04:14:04.0
Source: d_701
Source: d_702
Source: d_703
Source: d_704
Source: d_705
Source: d_706
Source: d_707
Source: d_708
Source: d_709
Source: d_710
Source: d_711
Source: d_712
Source: d_713
Source: d_714
Source: d_715
Source: d_716
Source: d_717
Source: d_718
Source: d_719
Source: d_720
Scan 16 started at 16DEC01:04:27:32.0
Source: 2245-328
Scan 17 started at 16DEC01:04:30:12.0
Source: d_541
Source: d_542
Source: d_543
Source: d_544
Source: d_545
Source: d_546
Source: d_547
Source: d_548
Source: d_549
Source: d_550
Source: d_551
Source: d_552
Source: d_553
Source: d_554
Source: d_555
Source: d_556
Source: d_557
Source: d_558
Source: d_559
Source: d_560
Scan 18 started at 16DEC01:04:43:40.0
Source: 2245-328
Scan 19 started at 16DEC01:04:46:20.0
Source: d_561
Source: d_562
Source: d_563
Source: d_564
Source: d_565
Source: d_566
Source: d_567
Source: d_568
Source: d_569
Source: d_570
Source: d_571
Source: d_572
Source: d_573
Source: d_574
Source: d_575
Source: d_576
Source: d_577
Source: d_578
Source: d_579
Source: d_580
Scan 20 started at 16DEC01:04:59:48.0
Source: 2245-328
Scan 21 started at 16DEC01:05:02:28.0
Source: d_581
Source: d_582
Source: d_583
Source: d_584
Source: d_585
Source: d_586
Source: d_587
Source: d_588
Source: d_589
Source: d_590
RPFITS file version is 2.12
---------------------------------------
Total number of spectra selected: 72660

Summary of spectra flagged
Flagging Reason            Fraction
---------------            --------
Antenna off-source/off-line  3.58%
---------------------------------------
Processing file raw/2016-12-01_0508.C3132
CABB data detected
Scan 1 started at 16DEC01:05:08:36.0
Source: d_590
Source: d_591
Source: d_592
Source: d_593
Source: d_594
Source: d_595
Source: d_596
Source: d_597
Source: d_598
Source: d_599
Source: d_600
Scan 2 started at 16DEC01:05:15:56.0
Source: 2245-328
Scan 3 started at 16DEC01:05:18:36.0
Source: d_601
Source: d_602
Source: d_603
Source: d_604
Source: d_605
Source: d_606
Source: d_607
Source: d_608
Source: d_609
Source: d_610
Source: d_611
Source: d_612
Source: d_613
Source: d_614
Source: d_615
Source: d_616
Source: d_617
Source: d_618
Source: d_619
Source: d_620
Scan 4 started at 16DEC01:05:32:04.0
Source: 2245-328
Scan 5 started at 16DEC01:05:34:52.0
Source: d_621
Source: d_622
Source: d_623
Source: d_624
Source: d_625
Source: d_626
Source: d_627
Source: d_628
Source: d_629
Source: d_630
Source: d_631
Source: d_632
Source: d_633
Source: d_634
Source: d_635
Source: d_636
Source: d_637
Source: d_638
Source: d_639
Source: d_640
Scan 6 started at 16DEC01:05:48:20.0
Source: 2245-328
Scan 7 started at 16DEC01:05:51:08.0
Source: d_641
Source: d_642
Source: d_643
Source: d_644
Source: d_645
Source: d_646
Source: d_647
Source: d_648
Source: d_649
Source: d_650
Source: d_651
Source: d_652
Source: d_653
Source: d_654
Source: d_655
Source: d_656
Source: d_657
Source: d_658
Source: d_659
Source: d_660
Scan 8 started at 16DEC01:06:04:36.0
Source: 2245-328
Scan 9 started at 16DEC01:06:07:32.0
Source: d_661
Source: d_662
Source: d_663
Source: d_664
Source: d_665
Source: d_666
Source: d_667
Source: d_668
Source: d_669
Source: d_670
Source: d_671
Source: d_672
Source: d_673
Source: d_674
Source: d_675
Source: d_676
Source: d_677
Source: d_678
Source: d_679
Source: d_680
Scan 10 started at 16DEC01:06:20:52.0
Source: 2245-328
Scan 11 started at 16DEC01:06:23:48.0
Source: d_681
Source: d_682
Source: d_683
Source: d_684
Source: d_685
Source: d_686
Source: d_687
Source: d_688
Source: d_689
Source: d_690
Source: d_691
Source: d_692
Source: d_693
Source: d_694
Source: d_695
Source: d_696
Source: d_697
Source: d_698
Source: d_699
Source: d_700
Scan 12 started at 16DEC01:06:37:16.0
Source: 2245-328
Scan 13 started at 16DEC01:06:40:04.0
Source: d_701
Source: d_702
Source: d_703
Source: d_704
Source: d_705
Source: d_706
Source: d_707
Source: d_708
Source: d_709
Source: d_710
Source: d_711
Source: d_712
Source: d_713
Source: d_714
Source: d_715
Source: d_716
Source: d_717
Source: d_718
Source: d_719
Source: d_720
Scan 14 started at 16DEC01:06:53:32.0
Source: 2245-328
Scan 15 started at 16DEC01:06:56:28.0
Source: d_541
Source: d_542
Source: d_543
Source: d_544
Source: d_545
Source: d_546
Source: d_547
Source: d_548
Source: d_549
Source: d_550
Source: d_551
Source: d_552
Source: d_553
Source: d_554
Source: d_555
Source: d_556
Source: d_557
Source: d_558
Source: d_559
Source: d_560
Scan 16 started at 16DEC01:07:09:56.0
Source: 2245-328
Scan 17 started at 16DEC01:07:12:52.0
Source: d_561
Source: d_562
Source: d_563
Source: d_564
Source: d_565
Source: d_566
Source: d_567
Source: d_568
Source: d_569
Source: d_570
Source: d_571
Source: d_572
Source: d_573
Source: d_574
Source: d_575
Source: d_576
Source: d_577
Source: d_578
Source: d_579
Source: d_580
Scan 18 started at 16DEC01:07:26:20.0
Source: 2245-328
Scan 19 started at 16DEC01:07:29:32.0
Source: d_581
Source: d_582
Source: d_583
Source: d_584
Source: d_585
Source: d_586
Source: d_587
Source: d_588
Source: d_589
Source: d_590
Source: d_591
Source: d_592
Source: d_593
Source: d_594
Source: d_595
Source: d_596
Source: d_597
Source: d_598
Source: d_599
Source: d_600
Scan 20 started at 16DEC01:07:42:44.0
Source: 2245-328
Scan 21 started at 16DEC01:07:46:12.0
Source: d_601
Source: d_602
Source: d_603
Source: d_604
Source: d_605
Source: d_606
Source: d_607
Source: d_608
Source: d_609
Source: d_610
Source: d_611
Source: d_612
Source: d_613
Source: d_614
Source: d_615
RPFITS file version is 2.12
---------------------------------------
Total number of spectra selected: 72660

Summary of spectra flagged
Flagging Reason            Fraction
---------------            --------
Antenna off-source/off-line  4.44%
---------------------------------------
Processing file raw/2016-12-01_0755.C3132
CABB data detected
Scan 1 started at 16DEC01:07:55:24.0
Source: d_615
Source: d_616
Source: d_617
Source: d_618
Source: d_619
Source: d_620
Scan 2 started at 16DEC01:07:59:16.0
Source: 2245-328
Scan 3 started at 16DEC01:08:02:36.0
Source: d_621
Source: d_622
Source: d_623
Source: d_624
Source: d_625
Source: d_626
Source: d_627
Source: d_628
Source: d_629
Source: d_630
Source: d_631
Source: d_632
Source: d_633
Source: d_634
Source: d_635
Source: d_636
Source: d_637
Source: d_638
Source: d_639
Source: d_640
Scan 4 started at 16DEC01:08:16:52.0
Source: 2245-328
Scan 5 started at 16DEC01:08:20:28.0
Source: d_641
Source: d_642
Source: d_643
Source: d_644
Source: d_645
Source: d_646
Source: d_647
Source: d_648
Source: d_649
Source: d_650
Source: d_651
Source: d_652
Source: d_653
Source: d_654
Source: d_655
Source: d_656
Source: d_657
Source: d_658
Source: d_659
Source: d_660
Scan 6 started at 16DEC01:08:33:56.0
Source: 2245-328
Scan 7 started at 16DEC01:08:37:24.0
Source: d_661
Source: d_662
Source: d_663
Source: d_664
Source: d_665
Source: d_666
Source: d_667
Source: d_668
Source: d_669
Source: d_670
Source: d_671
Source: d_672
Source: d_673
Source: d_674
Source: d_675
Source: d_676
Source: d_677
Source: d_678
Source: d_679
Source: d_680
Scan 8 started at 16DEC01:08:50:52.0
Source: 2245-328
Scan 9 started at 16DEC01:08:53:56.0
Source: d_681
Source: d_682
Source: d_683
Source: d_684
Source: d_685
Source: d_686
Source: d_687
Source: d_688
Source: d_689
Source: d_690
Source: d_691
Source: d_692
Source: d_693
Source: d_694
Source: d_695
Source: d_696
Source: d_697
Source: d_698
Source: d_699
Source: d_700
Scan 10 started at 16DEC01:09:07:32.0
Source: 2245-328
Scan 11 started at 16DEC01:09:10:28.0
Source: d_701
Source: d_702
Source: d_703
Source: d_704
Source: d_705
Source: d_706
Source: d_707
Source: d_708
Source: d_709
Source: d_710
Source: d_711
Source: d_712
Source: d_713
Source: d_714
Source: d_715
Source: d_716
Source: d_717
Source: d_718
Source: d_719
Source: d_720
Scan 12 started at 16DEC01:09:24:04.0
Source: 2245-328
Scan 13 started at 16DEC01:09:27:00.0
Source: d_541
Source: d_542
Source: d_543
Source: d_544
Source: d_545
Source: d_546
Source: d_547
Source: d_548
Source: d_549
Source: d_550
Source: d_551
Source: d_552
Source: d_553
Source: d_554
Source: d_555
Source: d_556
Source: d_557
Source: d_558
Source: d_559
Source: d_560
Scan 14 started at 16DEC01:09:40:28.0
Source: 2245-328
Scan 15 started at 16DEC01:09:43:16.0
Source: d_561
Source: d_562
Source: d_563
Source: d_564
Source: d_565
Source: d_566
Source: d_567
Source: d_568
Source: d_569
Source: d_570
Source: d_571
Source: d_572
Source: d_573
Source: d_574
Source: d_575
Source: d_576
Source: d_577
Source: d_578
Source: d_579
Source: d_580
Scan 16 started at 16DEC01:09:56:44.0
Source: 2245-328
Scan 17 started at 16DEC01:09:59:40.0
Source: d_581
Source: d_582
Source: d_583
Source: d_584
Source: d_585
Source: d_586
Source: d_587
Source: d_588
Source: d_589
Source: d_590
Source: d_591
Source: d_592
Source: d_593
Source: d_594
Source: d_595
Source: d_596
Source: d_597
Source: d_598
Source: d_599
Source: d_600
Scan 18 started at 16DEC01:10:13:00.0
Source: 2245-328
Scan 19 started at 16DEC01:10:15:56.0
Source: d_601
Source: d_602
Source: d_603
Source: d_604
Source: d_605
Source: d_606
Source: d_607
Source: d_608
Source: d_609
Source: d_610
Source: d_611
Source: d_612
Source: d_613
Source: d_614
Source: d_615
Source: d_616
Source: d_617
Source: d_618
Source: d_619
Source: d_620
Scan 20 started at 16DEC01:10:29:16.0
Source: 2245-328
Scan 21 started at 16DEC01:10:32:04.0
Source: d_621
Source: d_622
Source: d_623
Source: d_624
Source: d_625
Source: d_626
Source: d_627
Source: d_628
Source: d_629
Source: d_630
Source: d_631
Source: d_632
Source: d_633
Source: d_634
Source: d_635
Source: d_636
RPFITS file version is 2.12
---------------------------------------
Total number of spectra selected: 72660

Summary of spectra flagged
Flagging Reason            Fraction
---------------            --------
Antenna off-source/off-line  7.71%
---------------------------------------
Processing file raw/2016-12-01_1042.C3132
CABB data detected
Scan 1 started at 16DEC01:10:42:12.0
Source: d_636
Source: d_637
Source: d_638
Source: d_639
Source: d_640
Scan 2 started at 16DEC01:10:45:32.0
Source: 2245-328
Scan 3 started at 16DEC01:10:48:20.0
Source: d_641
Source: d_642
Source: d_643
Source: d_644
Source: d_645
Source: d_646
Source: d_647
Source: d_648
Source: d_649
Source: d_650
Source: d_651
Source: d_652
Source: d_653
Source: d_654
Source: d_655
Source: d_656
Source: d_657
Source: d_658
Source: d_659
Source: d_660
Scan 4 started at 16DEC01:11:01:48.0
Source: 2245-328
Scan 5 started at 16DEC01:11:04:44.0
Source: d_661
Source: d_662
Source: d_663
Source: d_664
Source: d_665
Source: d_666
Source: d_667
Source: d_668
Source: d_669
Source: d_670
Source: d_671
Source: d_672
Source: d_673
Source: d_674
Source: d_675
Source: d_676
Source: d_677
Source: d_678
Source: d_679
Source: d_680
Scan 6 started at 16DEC01:11:18:04.0
Source: 2245-328
Scan 7 started at 16DEC01:11:21:24.0
Source: d_681
Source: d_682
Source: d_683
Source: d_684
Source: d_685
Source: d_686
Source: d_687
Source: d_688
Source: d_689
Source: d_690
Source: d_691
Source: d_692
Source: d_693
Source: d_694
Source: d_695
Source: d_696
Source: d_697
Source: d_698
Source: d_699
Source: d_700
Scan 8 started at 16DEC01:11:34:52.0
Source: 2245-328
Scan 9 started at 16DEC01:11:37:40.0
Source: d_701
Source: d_702
Source: d_703
Source: d_704
Source: d_705
Source: d_706
Source: d_707
Source: d_708
Source: d_709
Source: d_710
Source: d_711
Source: d_712
Source: d_713
Source: d_714
Source: d_715
Source: d_716
Source: d_717
Source: d_718
Source: d_719
Source: d_720
Scan 10 started at 16DEC01:11:51:08.0
Source: 2245-328
Scan 11 started at 16DEC01:11:53:48.0
Source: d_541
Source: d_542
Source: d_543
Source: d_544
Source: d_545
Source: d_546
Source: d_547
Source: d_548
Source: d_549
Source: d_550
Source: d_551
Source: d_552
Source: d_553
Source: d_554
Source: d_555
Source: d_556
Source: d_557
Source: d_558
Source: d_559
Source: d_560
Scan 12 started at 16DEC01:12:07:16.0
Source: 2245-328
Scan 13 started at 16DEC01:12:09:56.0
Source: d_561
Source: d_562
Source: d_563
Source: d_564
Source: d_565
Source: d_566
Source: d_567
Source: d_568
Source: d_569
Source: d_570
Source: d_571
Source: d_572
Source: d_573
Source: d_574
Source: d_575
Source: d_576
Source: d_577
Source: d_578
Source: d_579
Source: d_580
Scan 14 started at 16DEC01:12:23:24.0
Source: 2245-328
Scan 15 started at 16DEC01:12:26:04.0
Source: d_581
Source: d_582
Source: d_583
Source: d_584
Source: d_585
Source: d_586
Source: d_587
Source: d_588
Source: d_589
Source: d_590
Source: d_591
Source: d_592
Source: d_593
Source: d_594
Source: d_595
Source: d_596
Source: d_597
Source: d_598
Source: d_599
Source: d_600
Scan 16 started at 16DEC01:12:39:32.0
Source: 2245-328
Scan 17 started at 16DEC01:12:42:12.0
Source: d_601
Source: d_602
Source: d_603
Source: d_604
Source: d_605
Source: d_606
Source: d_607
Source: d_608
Source: d_609
Source: d_610
Source: d_611
Source: d_612
Source: d_613
Source: d_614
Source: d_615
Source: d_616
Source: d_617
Source: d_618
Source: d_619
Source: d_620
Scan 18 started at 16DEC01:12:55:40.0
Source: 2245-328
Scan 19 started at 16DEC01:12:58:20.0
Source: d_621
Source: d_622
Source: d_623
Source: d_624
Source: d_625
Source: d_626
Source: d_627
Source: d_628
Source: d_629
Source: d_630
Source: d_631
Source: d_632
Source: d_633
Source: d_634
Source: d_635
Source: d_636
Source: d_637
Source: d_638
Source: d_639
Source: d_640
Scan 20 started at 16DEC01:13:11:48.0
Source: 2245-328
Scan 21 started at 16DEC01:13:14:36.0
Source: d_641
Source: d_642
Source: d_643
Source: d_644
Source: d_645
Source: d_646
Source: d_647
Source: d_648
Source: d_649
Source: d_650
Source: d_651
Source: d_652
Source: d_653
Source: d_654
Source: d_655
Source: d_656
Source: d_657
Source: d_658
Source: d_659
Source: d_660
Scan 22 started at 16DEC01:13:28:04.0
Source: 2245-328
RPFITS file version is 2.12
---------------------------------------
Total number of spectra selected: 72660

Summary of spectra flagged
Flagging Reason            Fraction
---------------            --------
Antenna off-source/off-line  3.25%
---------------------------------------
Processing file raw/2016-12-01_1329.C3132
CABB data detected
Scan 1 started at 16DEC01:13:29:16.0
Source: 2245-328
Scan 2 started at 16DEC01:13:31:16.0
Source: d_661
Source: d_662
Source: d_663
Source: d_664
Source: d_665
Source: d_666
Source: d_667
Source: d_668
Source: d_669
Source: d_670
Source: d_671
Source: d_672
Source: d_673
Source: d_674
Source: d_675
Source: d_676
Source: d_677
Source: d_678
Source: d_679
Source: d_680
Scan 3 started at 16DEC01:13:44:44.0
Source: 2245-328
Scan 4 started at 16DEC01:13:47:24.0
Source: d_681
Source: d_682
Source: d_683
Source: d_684
Source: d_685
Source: d_686
Source: d_687
Source: d_688
Source: d_689
Source: d_690
Source: d_691
Source: d_692
Source: d_693
Source: d_694
Source: d_695
Source: d_696
Source: d_697
Source: d_698
Source: d_699
Source: d_700
Scan 5 started at 16DEC01:14:01:00.0
Source: 2245-328
Scan 6 started at 16DEC01:14:03:40.0
Source: d_701
Source: d_702
Source: d_703
Source: d_704
Source: d_705
Source: d_706
Source: d_707
Source: d_708
Source: d_709
Source: d_710
Source: d_711
Source: d_712
Source: d_713
Source: d_714
Source: d_715
Source: d_716
Source: d_717
Source: d_718
Source: d_719
Source: d_720
Scan 7 started at 16DEC01:14:17:08.0
Source: 2245-328
RPFITS file version is 2.12
---------------------------------------
Total number of spectra selected: 21720

Summary of spectra flagged
Flagging Reason            Fraction
---------------            --------
Antenna off-source/off-line  4.97%
---------------------------------------

No CACAL data was detected

2018-08-03 09:07:22,010 [MainThread  ] [INFO ]  uvsplit vis=data9.uv options=mosaic

uvsplit: Revision 1.18, 2016/05/09 03:06:18 UTC

Creating 1934-638.9500
Creating 2245-328.9500
Creating d.9500

2018-08-03 09:07:33,131 [MainThread  ] [INFO ]  pgflag vis=1934-638.9500 command='<b' stokes=i,q,u,v flagpar=8,5,5,3,6,3 options=nodisp

pgflag: Revision 1.30, 2016/10/05 23:06:50 UTC

Applying changes to dataset
Counts of correlations within selected channels:
 channel  Originally  Currently
 Good:       8908380    8777348    Changed to bad:     131032
 Bad:        1049760    1180792    Changed to good:         0
 11.9% of the data is now flagged

2018-08-03 09:07:42,367 [MainThread  ] [INFO ]  pgflag vis=1934-638.9500 command='<b' stokes=i,v,q,u flagpar=8,2,2,3,6,3  options=nodisp

pgflag: Revision 1.30, 2016/10/05 23:06:50 UTC

Applying changes to dataset
Counts of correlations within selected channels:
 channel  Originally  Currently
 Good:       8777348    8692600    Changed to bad:      84748
 Bad:        1180792    1265540    Changed to good:         0
 12.7% of the data is now flagged

2018-08-03 09:07:51,974 [MainThread  ] [INFO ]  pgflag vis=1934-638.9500 command='<b' stokes=i,v,u,q flagpar=8,2,2,3,6,3  options=nodisp

pgflag: Revision 1.30, 2016/10/05 23:06:50 UTC

Applying changes to dataset
Counts of correlations within selected channels:
 channel  Originally  Currently
 Good:       8692600    8522924    Changed to bad:     169676
 Bad:        1265540    1435216    Changed to good:         0
 14.4% of the data is now flagged

2018-08-03 09:08:44,229 [MainThread  ] [INFO ]  mfcal vis=1934-638.9500 refant=4 interval=0.1
MfCal: $Revision: 1.20 $, $Date: 2017/05/08 02:31:10 $
Selecting parallel-hand polarisations
Reading the data ...
Number correlations accepted: 4261462
Number of frequency bands/settings: 1
Number of polarisations selected: 2
Number of solution intervals: 81
Number of passband solution intervals: 1
Initialising ...
Using post-Aug94 ATCA flux scale for 1934-638.
Using known frequency variation of 1934-638
Generating initial solution estimate ...
Doing solution refinement ...
Iter= 1, Solution Error:  0.431
Iter= 2, Solution Error:  0.041
Iter= 3, Solution Error:  0.001
Saving solution ...

2018-08-03 09:08:45,057 [MainThread  ] [INFO ]  gpcal vis=1934-638.9500 refant=4 interval=0.1 nfbin=2 options=xyvary

gpcal: Revision 1.22, 2016/05/01 22:31:05 UTC

Applying bandpass corrections to 1934-638.9500
Number of antennae: 6
Reading the data ...
Number of solution intervals: 81
Total visibilities read: 1215
Number visibilities accepted: 1215
Using post-Aug94 ATCA flux scale for 1934-638.
Using IQUV =  2.5365,  0.0000,  0.0000,  0.0000 at   9.4651 GHz.
Using post-Aug94 ATCA flux scale for 1934-638.
Using IQUV =  2.6893,  0.0000,  0.0000,  0.0000 at   9.0304 GHz.
Using post-Aug94 ATCA flux scale for 1934-638.
Using IQUV =  2.3855,  0.0000,  0.0000,  0.0000 at   9.9460 GHz.
Iter= 1, Amplit/Phase Solution Error:   1.362
Iter= 1, Polarisation Solution Error:   0.032
Iter= 1, Overall Solution Error:        2.295
Iter= 2, Amplit/Phase Solution Error:   0.002
Iter= 2, Polarisation Solution Error:   0.000
Iter= 2, Overall Solution Error:        0.003
Iter= 3, Amplit/Phase Solution Error:   0.001
Iter= 3, Polarisation Solution Error:   0.000
Iter= 3, Overall Solution Error:        0.001
I flux density:   2.5365
Leakage terms:
 Ant 1:Dx,Dy = ( 0.00140,-0.00066),(-0.00036,-0.00044)
 Ant 2:Dx,Dy = ( 0.00372, 0.00151),(-0.00330, 0.00278)
 Ant 3:Dx,Dy = ( 0.00650,-0.00464),(-0.00835,-0.00489)
 Ant 4:Dx,Dy = ( 0.00289, 0.01511),(-0.00109, 0.01573)
 Ant 5:Dx,Dy = (-0.01644, 0.00279),( 0.01740, 0.00285)
 Ant 6:Dx,Dy = ( 0.00429,-0.01665),(-0.00195,-0.01350)
Solution for freq bin  1
Iter= 1, Amplit/Phase Solution Error:   1.343
Iter= 1, Polarisation Solution Error:   0.031
Iter= 1, Overall Solution Error:        2.290
Iter= 2, Amplit/Phase Solution Error:   0.002
Iter= 2, Polarisation Solution Error:   0.000
Iter= 2, Overall Solution Error:        0.003
Iter= 3, Amplit/Phase Solution Error:   0.001
Iter= 3, Polarisation Solution Error:   0.000
Iter= 3, Overall Solution Error:        0.001
I flux density:   2.6893
Leakage terms:
 Ant 1:Dx,Dy = ( 0.00119,-0.00066),(-0.00076,-0.00023)
 Ant 2:Dx,Dy = ( 0.00436, 0.00186),(-0.00367, 0.00380)
 Ant 3:Dx,Dy = ( 0.00599,-0.00515),(-0.00866,-0.00502)
 Ant 4:Dx,Dy = ( 0.00273, 0.01510),(-0.00134, 0.01619)
 Ant 5:Dx,Dy = (-0.01656, 0.00177),( 0.01713, 0.00244)
 Ant 6:Dx,Dy = ( 0.00400,-0.01624),(-0.00098,-0.01386)
Solution for freq bin  2
Iter= 1, Amplit/Phase Solution Error:   1.379
Iter= 1, Polarisation Solution Error:   0.032
Iter= 1, Overall Solution Error:        2.303
Iter= 2, Amplit/Phase Solution Error:   0.002
Iter= 2, Polarisation Solution Error:   0.000
Iter= 2, Overall Solution Error:        0.003
Iter= 3, Amplit/Phase Solution Error:   0.001
Iter= 3, Polarisation Solution Error:   0.000
Iter= 3, Overall Solution Error:        0.001
I flux density:   2.3855
Leakage terms:
 Ant 1:Dx,Dy = ( 0.00165,-0.00069),( 0.00007,-0.00074)
 Ant 2:Dx,Dy = ( 0.00293, 0.00103),(-0.00287, 0.00151)
 Ant 3:Dx,Dy = ( 0.00710,-0.00400),(-0.00798,-0.00468)
 Ant 4:Dx,Dy = ( 0.00304, 0.01517),(-0.00069, 0.01523)
 Ant 5:Dx,Dy = (-0.01634, 0.00407),( 0.01775, 0.00343)
 Ant 6:Dx,Dy = ( 0.00469,-0.01716),(-0.00321,-0.01317)

2018-08-03 09:09:00,405 [MainThread  ] [INFO ]  pgflag vis=1934-638.9500 command='<b' stokes=i,q,u,v flagpar=8,5,5,3,6,3 options=nodisp

pgflag: Revision 1.30, 2016/10/05 23:06:50 UTC

Applying bandpass corrections to 1934-638.9500
Applying freq. dependent gain corrections to 1934-638.9500
Applying freq. dependent leakage correction to 1934-638.9500
Applying changes to dataset
Counts of correlations within selected channels:
 channel  Originally  Currently
 Good:       8522924    8436112    Changed to bad:      86812
 Bad:        1435216    1522028    Changed to good:         0
 15.3% of the data is now flagged

2018-08-03 09:09:15,049 [MainThread  ] [INFO ]  pgflag vis=1934-638.9500 command='<b' stokes=i,v,q,u flagpar=8,2,2,3,6,3  options=nodisp

pgflag: Revision 1.30, 2016/10/05 23:06:50 UTC

Applying bandpass corrections to 1934-638.9500
Applying freq. dependent gain corrections to 1934-638.9500
Applying freq. dependent leakage correction to 1934-638.9500
Applying changes to dataset
Counts of correlations within selected channels:
 channel  Originally  Currently
 Good:       8436112    8390492    Changed to bad:      45620
 Bad:        1522028    1567648    Changed to good:         0
 15.7% of the data is now flagged

2018-08-03 09:09:28,256 [MainThread  ] [INFO ]  pgflag vis=1934-638.9500 command='<b' stokes=i,v,u,q flagpar=8,2,2,3,6,3  options=nodisp

pgflag: Revision 1.30, 2016/10/05 23:06:50 UTC

Applying bandpass corrections to 1934-638.9500
Applying freq. dependent gain corrections to 1934-638.9500
Applying freq. dependent leakage correction to 1934-638.9500
Applying changes to dataset
Counts of correlations within selected channels:
 channel  Originally  Currently
 Good:       8390492    8355652    Changed to bad:      34840
 Bad:        1567648    1602488    Changed to good:         0
 16.1% of the data is now flagged

2018-08-03 09:10:22,720 [MainThread  ] [INFO ]  mfcal vis=1934-638.9500 refant=4 interval=0.1
MfCal: $Revision: 1.20 $, $Date: 2017/05/08 02:31:10 $
Selecting parallel-hand polarisations
Reading the data ...
Number correlations accepted: 4177826
Number of frequency bands/settings: 1
Number of polarisations selected: 2
Number of solution intervals: 81
Number of passband solution intervals: 1
Initialising ...
Using post-Aug94 ATCA flux scale for 1934-638.
Using known frequency variation of 1934-638
Generating initial solution estimate ...
Doing solution refinement ...
Iter= 1, Solution Error:  0.433
Iter= 2, Solution Error:  0.044
Iter= 3, Solution Error:  0.001
Saving solution ...

2018-08-03 09:10:23,313 [MainThread  ] [INFO ]  gpcal vis=1934-638.9500 refant=4 interval=0.1 nfbin=2 options=xyvary

gpcal: Revision 1.22, 2016/05/01 22:31:05 UTC

Applying bandpass corrections to 1934-638.9500
Number of antennae: 6
Using leakage parameters from input as initial guess
Reading the data ...
Number of solution intervals: 81
Total visibilities read: 1215
Number visibilities accepted: 1214
Using post-Aug94 ATCA flux scale for 1934-638.
Using IQUV =  2.5371,  0.0000,  0.0000,  0.0000 at   9.4633 GHz.
Using post-Aug94 ATCA flux scale for 1934-638.
Using IQUV =  2.6886,  0.0000,  0.0000,  0.0000 at   9.0323 GHz.
Using post-Aug94 ATCA flux scale for 1934-638.
Using IQUV =  2.3867,  0.0000,  0.0000,  0.0000 at   9.9419 GHz.
Iter= 1, Amplit/Phase Solution Error:   1.362
Iter= 1, Polarisation Solution Error:   0.000
Iter= 1, Overall Solution Error:        2.321
Iter= 2, Amplit/Phase Solution Error:   0.002
Iter= 2, Polarisation Solution Error:   0.000
Iter= 2, Overall Solution Error:        0.004
Iter= 3, Amplit/Phase Solution Error:   0.001
Iter= 3, Polarisation Solution Error:   0.000
Iter= 3, Overall Solution Error:        0.001
I flux density:   2.5371
Leakage terms:
 Ant 1:Dx,Dy = ( 0.00142,-0.00067),(-0.00036,-0.00045)
 Ant 2:Dx,Dy = ( 0.00376, 0.00150),(-0.00328, 0.00277)
 Ant 3:Dx,Dy = ( 0.00650,-0.00468),(-0.00835,-0.00491)
 Ant 4:Dx,Dy = ( 0.00290, 0.01512),(-0.00110, 0.01572)
 Ant 5:Dx,Dy = (-0.01641, 0.00284),( 0.01746, 0.00291)
 Ant 6:Dx,Dy = ( 0.00427,-0.01666),(-0.00195,-0.01350)
Solution for freq bin  1
Iter= 1, Amplit/Phase Solution Error:   1.337
Iter= 1, Polarisation Solution Error:   0.001
Iter= 1, Overall Solution Error:        2.323
Iter= 2, Amplit/Phase Solution Error:   0.002
Iter= 2, Polarisation Solution Error:   0.000
Iter= 2, Overall Solution Error:        0.003
Iter= 3, Amplit/Phase Solution Error:   0.001
Iter= 3, Polarisation Solution Error:   0.000
Iter= 3, Overall Solution Error:        0.001
I flux density:   2.6886
Leakage terms:
 Ant 1:Dx,Dy = ( 0.00122,-0.00066),(-0.00074,-0.00024)
 Ant 2:Dx,Dy = ( 0.00442, 0.00185),(-0.00366, 0.00378)
 Ant 3:Dx,Dy = ( 0.00598,-0.00521),(-0.00866,-0.00507)
 Ant 4:Dx,Dy = ( 0.00274, 0.01509),(-0.00135, 0.01618)
 Ant 5:Dx,Dy = (-0.01650, 0.00184),( 0.01722, 0.00254)
 Ant 6:Dx,Dy = ( 0.00398,-0.01624),(-0.00098,-0.01386)
Solution for freq bin  2
Iter= 1, Amplit/Phase Solution Error:   1.378
Iter= 1, Polarisation Solution Error:   0.002
Iter= 1, Overall Solution Error:        2.350
Iter= 2, Amplit/Phase Solution Error:   0.002
Iter= 2, Polarisation Solution Error:   0.000
Iter= 2, Overall Solution Error:        0.003
Iter= 3, Amplit/Phase Solution Error:   0.001
Iter= 3, Polarisation Solution Error:   0.000
Iter= 3, Overall Solution Error:        0.001
I flux density:   2.3867
Leakage terms:
 Ant 1:Dx,Dy = ( 0.00165,-0.00070),( 0.00006,-0.00075)
 Ant 2:Dx,Dy = ( 0.00294, 0.00105),(-0.00285, 0.00150)
 Ant 3:Dx,Dy = ( 0.00712,-0.00402),(-0.00799,-0.00466)
 Ant 4:Dx,Dy = ( 0.00305, 0.01518),(-0.00070, 0.01522)
 Ant 5:Dx,Dy = (-0.01634, 0.00409),( 0.01777, 0.00342)
 Ant 6:Dx,Dy = ( 0.00467,-0.01717),(-0.00320,-0.01316)

2018-08-03 09:10:23,375 [MainThread  ] [INFO ]  gpcopy vis=1934-638.9500 out=2245-328.9500

gpcopy: Revision 1.13, 2015/10/29 01:31:39 UTC

Copying leakage table
Copying gain table
Interpolation tolerance set to (minutes): 720.00
Copying bandpass table

2018-08-03 09:13:32,165 [MainThread  ] [INFO ]  pgflag vis=2245-328.9500 command='<b' stokes=i,q,u,v flagpar=8,5,5,3,6,3 options=nodisp

pgflag: Revision 1.30, 2016/10/05 23:06:50 UTC

Applying bandpass corrections to 2245-328.9500
Applying freq. dependent gain corrections to 2245-328.9500
Applying freq. dependent leakage correction to 2245-328.9500
Applying changes to dataset
Counts of correlations within selected channels:
 channel  Originally  Currently
 Good:      72660120   71948948    Changed to bad:     711172
 Bad:        8562240    9273412    Changed to good:         0
 11.4% of the data is now flagged

2018-08-03 09:16:38,394 [MainThread  ] [INFO ]  pgflag vis=2245-328.9500 command='<b' stokes=i,v,q,u flagpar=8,2,2,3,6,3  options=nodisp

pgflag: Revision 1.30, 2016/10/05 23:06:50 UTC

Applying bandpass corrections to 2245-328.9500
Applying freq. dependent gain corrections to 2245-328.9500
Applying freq. dependent leakage correction to 2245-328.9500
Applying changes to dataset
Counts of correlations within selected channels:
 channel  Originally  Currently
 Good:      71948948   71217776    Changed to bad:     731172
 Bad:        9273412   10004584    Changed to good:         0
 12.3% of the data is now flagged

2018-08-03 09:19:27,626 [MainThread  ] [INFO ]  pgflag vis=2245-328.9500 command='<b' stokes=i,v,u,q flagpar=8,2,2,3,6,3  options=nodisp

pgflag: Revision 1.30, 2016/10/05 23:06:50 UTC

Applying bandpass corrections to 2245-328.9500
Applying freq. dependent gain corrections to 2245-328.9500
Applying freq. dependent leakage correction to 2245-328.9500
Applying changes to dataset
Counts of correlations within selected channels:
 channel  Originally  Currently
 Good:      71217776   70770292    Changed to bad:     447484
 Bad:       10004584   10452068    Changed to good:         0
 12.9% of the data is now flagged

2018-08-03 09:19:32,013 [MainThread  ] [INFO ]  gpcal vis=2245-328.9500 refant=4 interval=0.1 nfbin=2 options=xyvary,qusolve

gpcal: Revision 1.22, 2016/05/01 22:31:05 UTC

Applying bandpass corrections to 2245-328.9500
Number of antennae: 6
Using leakage parameters from input as initial guess
Reading the data ...
Number of solution intervals: 660
Total visibilities read: 9910
Number visibilities accepted: 9879
Iter= 1, Amplit/Phase Solution Error:   1.394
Iter= 1, Polarisation Solution Error:   0.007
Iter= 1, Overall Solution Error:        2.616
Iter= 2, Amplit/Phase Solution Error:   0.008
Iter= 2, Polarisation Solution Error:   0.000
Iter= 2, Overall Solution Error:        0.008
Iter= 3, Amplit/Phase Solution Error:   0.001
Iter= 3, Polarisation Solution Error:   0.000
Iter= 3, Overall Solution Error:        0.001
I flux density:   0.7765
Percent Q:  -0.395
Percent U:  -0.651
Leakage terms:
 Ant 1:Dx,Dy = ( 0.00117,-0.00118),( 0.00022, 0.00037)
 Ant 2:Dx,Dy = ( 0.00354, 0.00038),(-0.00378, 0.00346)
 Ant 3:Dx,Dy = ( 0.00651,-0.00526),(-0.00879,-0.00428)
 Ant 4:Dx,Dy = ( 0.00187, 0.01454),(-0.00089, 0.01620)
 Ant 5:Dx,Dy = (-0.01648, 0.00243),( 0.01692, 0.00364)
 Ant 6:Dx,Dy = ( 0.00458,-0.01721),(-0.00248,-0.01307)
Solution for freq bin  1
Iter= 1, Amplit/Phase Solution Error:   1.402
Iter= 1, Polarisation Solution Error:   0.006
Iter= 1, Overall Solution Error:        2.568
Iter= 2, Amplit/Phase Solution Error:   0.008
Iter= 2, Polarisation Solution Error:   0.000
Iter= 2, Overall Solution Error:        0.009
Iter= 3, Amplit/Phase Solution Error:   0.001
Iter= 3, Polarisation Solution Error:   0.000
Iter= 3, Overall Solution Error:        0.001
Iter= 4, Amplit/Phase Solution Error:   0.000
Iter= 4, Polarisation Solution Error:   0.000
Iter= 4, Overall Solution Error:        0.000
I flux density:   0.7703
Percent Q:  -0.399
Percent U:  -0.635
Leakage terms:
 Ant 1:Dx,Dy = ( 0.00079,-0.00114),(-0.00025, 0.00061)
 Ant 2:Dx,Dy = ( 0.00398, 0.00083),(-0.00447, 0.00471)
 Ant 3:Dx,Dy = ( 0.00580,-0.00598),(-0.00918,-0.00458)
 Ant 4:Dx,Dy = ( 0.00171, 0.01458),(-0.00130, 0.01620)
 Ant 5:Dx,Dy = (-0.01649, 0.00115),( 0.01666, 0.00317)
 Ant 6:Dx,Dy = ( 0.00422,-0.01641),(-0.00145,-0.01313)
Solution for freq bin  2
Iter= 1, Amplit/Phase Solution Error:   1.396
Iter= 1, Polarisation Solution Error:   0.007
Iter= 1, Overall Solution Error:        2.603
Iter= 2, Amplit/Phase Solution Error:   0.008
Iter= 2, Polarisation Solution Error:   0.000
Iter= 2, Overall Solution Error:        0.008
Iter= 3, Amplit/Phase Solution Error:   0.001
Iter= 3, Polarisation Solution Error:   0.000
Iter= 3, Overall Solution Error:        0.001
I flux density:   0.7865
Percent Q:  -0.389
Percent U:  -0.665
Leakage terms:
 Ant 1:Dx,Dy = ( 0.00152,-0.00123),( 0.00066, 0.00015)
 Ant 2:Dx,Dy = ( 0.00308,-0.00004),(-0.00315, 0.00224)
 Ant 3:Dx,Dy = ( 0.00718,-0.00456),(-0.00842,-0.00399)
 Ant 4:Dx,Dy = ( 0.00201, 0.01449),(-0.00049, 0.01619)
 Ant 5:Dx,Dy = (-0.01648, 0.00368),( 0.01717, 0.00410)
 Ant 6:Dx,Dy = ( 0.00496,-0.01793),(-0.00350,-0.01310)

2018-08-03 09:22:09,709 [MainThread  ] [INFO ]  pgflag vis=2245-328.9500 command='<b' stokes=i,q,u,v flagpar=8,5,5,3,6,3 options=nodisp

pgflag: Revision 1.30, 2016/10/05 23:06:50 UTC

Applying bandpass corrections to 2245-328.9500
Applying freq. dependent gain corrections to 2245-328.9500
Applying freq. dependent leakage correction to 2245-328.9500
Applying changes to dataset
Counts of correlations within selected channels:
 channel  Originally  Currently
 Good:      70770292   70257072    Changed to bad:     513220
 Bad:       10452068   10965288    Changed to good:         0
 13.5% of the data is now flagged

2018-08-03 09:24:35,530 [MainThread  ] [INFO ]  pgflag vis=2245-328.9500 command='<b' stokes=i,v,q,u flagpar=8,2,2,3,6,3  options=nodisp

pgflag: Revision 1.30, 2016/10/05 23:06:50 UTC

Applying bandpass corrections to 2245-328.9500
Applying freq. dependent gain corrections to 2245-328.9500
Applying freq. dependent leakage correction to 2245-328.9500
Applying changes to dataset
Counts of correlations within selected channels:
 channel  Originally  Currently
 Good:      70257072   69897404    Changed to bad:     359668
 Bad:       10965288   11324956    Changed to good:         0
 13.9% of the data is now flagged

2018-08-03 09:27:05,758 [MainThread  ] [INFO ]  pgflag vis=2245-328.9500 command='<b' stokes=i,v,u,q flagpar=8,2,2,3,6,3  options=nodisp

pgflag: Revision 1.30, 2016/10/05 23:06:50 UTC

Applying bandpass corrections to 2245-328.9500
Applying freq. dependent gain corrections to 2245-328.9500
Applying freq. dependent leakage correction to 2245-328.9500
Applying changes to dataset
Counts of correlations within selected channels:
 channel  Originally  Currently
 Good:      69897404   69568560    Changed to bad:     328844
 Bad:       11324956   11653800    Changed to good:         0
 14.3% of the data is now flagged

2018-08-03 09:27:10,409 [MainThread  ] [INFO ]  gpcal vis=2245-328.9500 refant=4 interval=0.1 nfbin=2 options=xyvary,qusolve

gpcal: Revision 1.22, 2016/05/01 22:31:05 UTC

Applying bandpass corrections to 2245-328.9500
Number of antennae: 6
Using leakage parameters from input as initial guess
Reading the data ...
Number of solution intervals: 660
Total visibilities read: 9910
Number visibilities accepted: 9838
Iter= 1, Amplit/Phase Solution Error:   1.392
Iter= 1, Polarisation Solution Error:   0.006
Iter= 1, Overall Solution Error:        2.604
Iter= 2, Amplit/Phase Solution Error:   0.009
Iter= 2, Polarisation Solution Error:   0.000
Iter= 2, Overall Solution Error:        0.007
Iter= 3, Amplit/Phase Solution Error:   0.001
Iter= 3, Polarisation Solution Error:   0.000
Iter= 3, Overall Solution Error:        0.001
I flux density:   0.7906
Percent Q:  -0.396
Percent U:  -0.649
Leakage terms:
 Ant 1:Dx,Dy = ( 0.00117,-0.00119),( 0.00024, 0.00035)
 Ant 2:Dx,Dy = ( 0.00354, 0.00039),(-0.00378, 0.00346)
 Ant 3:Dx,Dy = ( 0.00652,-0.00527),(-0.00880,-0.00428)
 Ant 4:Dx,Dy = ( 0.00187, 0.01454),(-0.00089, 0.01619)
 Ant 5:Dx,Dy = (-0.01647, 0.00246),( 0.01692, 0.00364)
 Ant 6:Dx,Dy = ( 0.00458,-0.01723),(-0.00247,-0.01306)
Solution for freq bin  1
Iter= 1, Amplit/Phase Solution Error:   1.397
Iter= 1, Polarisation Solution Error:   0.006
Iter= 1, Overall Solution Error:        2.572
Iter= 2, Amplit/Phase Solution Error:   0.008
Iter= 2, Polarisation Solution Error:   0.000
Iter= 2, Overall Solution Error:        0.007
Iter= 3, Amplit/Phase Solution Error:   0.001
Iter= 3, Polarisation Solution Error:   0.000
Iter= 3, Overall Solution Error:        0.001
I flux density:   0.7843
Percent Q:  -0.401
Percent U:  -0.633
Leakage terms:
 Ant 1:Dx,Dy = ( 0.00080,-0.00113),(-0.00022, 0.00057)
 Ant 2:Dx,Dy = ( 0.00398, 0.00083),(-0.00446, 0.00472)
 Ant 3:Dx,Dy = ( 0.00582,-0.00601),(-0.00918,-0.00459)
 Ant 4:Dx,Dy = ( 0.00172, 0.01459),(-0.00131, 0.01620)
 Ant 5:Dx,Dy = (-0.01650, 0.00118),( 0.01665, 0.00317)
 Ant 6:Dx,Dy = ( 0.00425,-0.01642),(-0.00141,-0.01310)
Solution for freq bin  2
Iter= 1, Amplit/Phase Solution Error:   1.395
Iter= 1, Polarisation Solution Error:   0.007
Iter= 1, Overall Solution Error:        2.593
Iter= 2, Amplit/Phase Solution Error:   0.009
Iter= 2, Polarisation Solution Error:   0.000
Iter= 2, Overall Solution Error:        0.007
Iter= 3, Amplit/Phase Solution Error:   0.001
Iter= 3, Polarisation Solution Error:   0.000
Iter= 3, Overall Solution Error:        0.001
I flux density:   0.8005
Percent Q:  -0.388
Percent U:  -0.663
Leakage terms:
 Ant 1:Dx,Dy = ( 0.00151,-0.00125),( 0.00065, 0.00014)
 Ant 2:Dx,Dy = ( 0.00308,-0.00002),(-0.00316, 0.00225)
 Ant 3:Dx,Dy = ( 0.00718,-0.00456),(-0.00843,-0.00398)
 Ant 4:Dx,Dy = ( 0.00199, 0.01450),(-0.00049, 0.01619)
 Ant 5:Dx,Dy = (-0.01644, 0.00370),( 0.01718, 0.00410)
 Ant 6:Dx,Dy = ( 0.00494,-0.01795),(-0.00349,-0.01311)

2018-08-03 09:27:10,459 [MainThread  ] [INFO ]  gpboot vis=2245-328.9500 cal=1934-638.9500

gpboot: Revision 1.9, 2015/10/29 01:31:30 UTC

Secondary flux density scaled by:   0.964
Frequency bin  1 scaled by      :   0.952
Frequency bin  2 scaled by      :   0.970

2018-08-03 09:28:29,765 [MainThread  ] [INFO ]  gpcopy vis=2245-328.9500 out=d.9500

gpcopy: Revision 1.13, 2015/10/29 01:31:39 UTC

Copying leakage table
Copying gain table
Interpolation tolerance set to (minutes): 720.00
Copying bandpass table

2018-08-03 09:44:55,008 [MainThread  ] [INFO ]  pgflag vis=d.9500 command='<b' stokes=i,v,q,u flagpar=8,2,2,3,6,3  options=nodisp

pgflag: Revision 1.30, 2016/10/05 23:06:50 UTC

Applying bandpass corrections to d.9500
Applying freq. dependent gain corrections to d.9500
Applying freq. dependent leakage correction to d.9500
Applying changes to dataset
Counts of correlations within selected channels:
 channel  Originally  Currently
 Good:     463734336  447952388    Changed to bad:   15781948
 Bad:       54646272   70428220    Changed to good:         0
 13.6% of the data is now flagged

2018-08-03 10:00:15,550 [MainThread  ] [INFO ]  pgflag vis=d.9500 command='<b' stokes=i,v,u,q flagpar=8,2,2,3,6,3  options=nodisp

pgflag: Revision 1.30, 2016/10/05 23:06:50 UTC

Applying bandpass corrections to d.9500
Applying freq. dependent gain corrections to d.9500
Applying freq. dependent leakage correction to d.9500
Applying changes to dataset
Counts of correlations within selected channels:
 channel  Originally  Currently
 Good:     447952388  437650644    Changed to bad:   10301744
 Bad:       70428220   80729964    Changed to good:         0
 15.6% of the data is now flagged

2018-08-03 10:01:53,267 [MainThread  ] [INFO ]  uvsplit vis=d.9500

uvsplit: Revision 1.18, 2016/05/09 03:06:18 UTC

Creating d_581.9500
Creating d_582.9500
Creating d_583.9500
Creating d_584.9500
Creating d_585.9500
Creating d_586.9500
Creating d_587.9500
Creating d_588.9500
Creating d_589.9500
Creating d_590.9500
Creating d_591.9500
Creating d_592.9500
Creating d_593.9500
Creating d_594.9500
Creating d_595.9500
Creating d_596.9500
Creating d_597.9500
Creating d_598.9500
Creating d_599.9500
Creating d_600.9500
Creating d_601.9500
Creating d_602.9500
Creating d_603.9500
Creating d_604.9500
Creating d_605.9500
Creating d_606.9500
Creating d_607.9500
Creating d_608.9500
Creating d_609.9500
Creating d_610.9500
Creating d_611.9500
Creating d_612.9500
Creating d_613.9500
Creating d_614.9500
Creating d_615.9500
Creating d_616.9500
Creating d_617.9500
Creating d_618.9500
Creating d_619.9500
Creating d_620.9500
Creating d_621.9500
Creating d_622.9500
Creating d_623.9500
Creating d_624.9500
Creating d_625.9500
Creating d_626.9500
Creating d_627.9500
Creating d_628.9500
Creating d_629.9500
Creating d_630.9500
Creating d_631.9500
Creating d_632.9500
Creating d_633.9500
Creating d_634.9500
Creating d_635.9500
Creating d_636.9500
Creating d_637.9500
Creating d_638.9500
Creating d_639.9500
Creating d_640.9500
Creating d_641.9500
Creating d_642.9500
Creating d_643.9500
Creating d_644.9500
Creating d_645.9500
Creating d_646.9500
Creating d_647.9500
Creating d_648.9500
Creating d_649.9500
Creating d_650.9500
Creating d_651.9500
Creating d_652.9500
Creating d_653.9500
Creating d_654.9500
Creating d_655.9500
Creating d_656.9500
Creating d_657.9500
Creating d_658.9500
Creating d_659.9500
Creating d_660.9500
Creating d_661.9500
Creating d_662.9500
Creating d_663.9500
Creating d_664.9500
Creating d_665.9500
Creating d_666.9500
Creating d_667.9500
Creating d_668.9500
Creating d_669.9500
Creating d_670.9500
Creating d_671.9500
Creating d_672.9500
Creating d_673.9500
Creating d_674.9500
Creating d_675.9500
Creating d_676.9500
Creating d_677.9500
Creating d_678.9500
Creating d_679.9500
Creating d_680.9500
Creating d_681.9500
Creating d_682.9500
Creating d_683.9500
Creating d_684.9500
Creating d_685.9500
Creating d_686.9500
Creating d_687.9500
Creating d_688.9500
Creating d_689.9500
Creating d_690.9500
Creating d_691.9500
Creating d_692.9500
Creating d_693.9500
Creating d_694.9500
Creating d_695.9500
Creating d_696.9500
Creating d_697.9500
Creating d_698.9500
Creating d_699.9500
Creating d_700.9500
Creating d_701.9500
Creating d_702.9500
Creating d_703.9500
Creating d_704.9500
Creating d_705.9500
Creating d_706.9500
Creating d_707.9500
Creating d_708.9500
Creating d_709.9500
Creating d_710.9500
Creating d_711.9500
Creating d_712.9500
Creating d_713.9500
Creating d_714.9500
Creating d_715.9500
Creating d_716.9500
Creating d_717.9500
Creating d_718.9500
Creating d_719.9500
Creating d_720.9500
Creating d_541.9500
Creating d_542.9500
Creating d_543.9500
Creating d_544.9500
Creating d_545.9500
Creating d_546.9500
Creating d_547.9500
Creating d_548.9500
Creating d_549.9500
Creating d_550.9500
Creating d_551.9500
Creating d_552.9500
Creating d_553.9500
Creating d_554.9500
Creating d_555.9500
Creating d_556.9500
Creating d_557.9500
Creating d_558.9500
Creating d_559.9500
Creating d_560.9500
Creating d_561.9500
Creating d_562.9500
Creating d_563.9500
Creating d_564.9500
Creating d_565.9500
Creating d_566.9500
Creating d_567.9500
Creating d_568.9500
Creating d_569.9500
Creating d_570.9500
Creating d_571.9500
Creating d_572.9500
Creating d_573.9500
Creating d_574.9500
Creating d_575.9500
Creating d_576.9500
Creating d_577.9500
Creating d_578.9500
Creating d_579.9500
Creating d_580.9500

