2018-08-08 02:19:02,137 [MainThread  ] [INFO ]  atlod in=raw/2017-12-09_0211.C3132,raw/2017-12-09_0459.C3132,raw/2017-12-09_0746.C3132,raw/2017-12-09_1033.C3132,raw/2017-12-09_1320.C3132 out=data5.uv ifsel=1 options=birdie,rfiflag,noauto,xycorr

atlod: Revision 1.53, 2016/08/25 23:02:21 UTC

Processing file raw/2017-12-09_0211.C3132
 02:11:54 CAOBS> track 1
CABB data detected
Scan 1 started at 17DEC09:02:12:12.0
Source: 1934-638
Flagging channels in  28 frequency ranges
 02:25:44 CAOBS> stop
 02:26:14 CAOBS> set file c3132_obs_b1.sch
 02:26:26 CAOBS> start 5/99
Scan 2 started at 17DEC09:02:28:12.0
Source: 2312-319
Scan 3 started at 17DEC09:02:30:52.0
Source: b_41
Source: b_42
Source: b_43
Source: b_44
Source: b_45
Source: b_46
Source: b_47
Source: b_48
Source: b_49
Source: b_50
Source: b_51
Source: b_52
Source: b_53
Source: b_54
Source: b_55
Source: b_56
Source: b_57
Source: b_58
Source: b_59
Source: b_60
Scan 4 started at 17DEC09:02:44:20.0
Source: 2312-319
Scan 5 started at 17DEC09:02:46:54.5
Source: b_61
Source: b_62
Source: b_63
Source: b_64
Source: b_65
Source: b_66
Source: b_67
Source: b_68
Source: b_69
Source: b_70
Source: b_71
Source: b_72
Source: b_73
Source: b_74
Source: b_75
Source: b_76
Source: b_77
Source: b_78
Source: b_79
Source: b_80
Scan 6 started at 17DEC09:03:00:28.0
Source: 2312-319
Scan 7 started at 17DEC09:03:03:02.5
Source: b_81
Source: b_82
Source: b_83
Source: b_84
Source: b_85
Source: b_86
Source: b_87
Source: b_88
Source: b_89
Source: b_90
Source: b_91
Source: b_92
Source: b_93
Source: b_94
Source: b_95
Source: b_96
Source: b_97
Source: b_98
Source: b_99
Source: b_100
Scan 8 started at 17DEC09:03:16:36.0
Source: 2312-319
Scan 9 started at 17DEC09:03:19:16.0
Source: b_101
Source: b_102
Source: b_103
Source: b_104
Source: b_105
Source: b_106
Source: b_107
Source: b_108
Source: b_109
Source: b_110
Source: b_111
Source: b_112
Source: b_113
Source: b_114
Source: b_115
Source: b_116
Source: b_117
Source: b_118
Source: b_119
Source: b_120
Scan 10 started at 17DEC09:03:32:44.0
Source: 2312-319
Scan 11 started at 17DEC09:03:35:24.0
Source: b_121
Source: b_122
Source: b_123
Source: b_124
Source: b_125
Source: b_126
Source: b_127
Source: b_128
Source: b_129
Source: b_130
Source: b_131
Source: b_132
Source: b_133
Source: b_134
Source: b_135
Source: b_136
Source: b_137
Source: b_138
Source: b_139
Source: b_140
Scan 12 started at 17DEC09:03:48:52.0
Source: 2312-319
Scan 13 started at 17DEC09:03:51:26.0
Source: b_141
Source: b_142
Source: b_143
Source: b_144
Source: b_145
Source: b_146
Source: b_147
Source: b_148
Source: b_149
Source: b_150
Source: b_151
Source: b_152
Source: b_153
Source: b_154
Source: b_155
Source: b_156
Source: b_157
Source: b_158
Source: b_159
Source: b_160
Scan 14 started at 17DEC09:04:05:00.0
Source: 2312-319
Scan 15 started at 17DEC09:04:07:40.0
Source: b_161
Source: b_162
Source: b_163
Source: b_164
Source: b_165
Source: b_166
Source: b_167
Source: b_168
Source: b_169
Source: b_170
Source: b_171
Source: b_172
Source: b_173
Source: b_174
Source: b_175
Source: b_176
Source: b_177
Source: b_178
Source: b_179
Source: b_180
Scan 16 started at 17DEC09:04:21:08.0
Source: 2312-319
Scan 17 started at 17DEC09:04:23:48.0
Source: b_181
Source: b_182
Source: b_183
Source: b_184
Source: b_185
Source: b_186
Source: b_187
Source: b_188
Source: b_189
Source: b_190
Source: b_191
Source: b_192
Source: b_193
Source: b_194
Source: b_195
Source: b_196
Source: b_197
Source: b_198
Source: b_199
Source: b_200
Scan 18 started at 17DEC09:04:37:16.0
Source: 2312-319
Scan 19 started at 17DEC09:04:39:50.8
Source: b_201
Source: b_202
Source: b_203
Source: b_204
Source: b_205
Source: b_206
Source: b_207
Source: b_208
Source: b_209
Source: b_210
Source: b_211
Source: b_212
Source: b_213
Source: b_214
Source: b_215
Source: b_216
Source: b_217
Source: b_218
Source: b_219
Source: b_220
Scan 20 started at 17DEC09:04:53:24.0
Source: 2312-319
Scan 21 started at 17DEC09:04:56:04.0
Source: b_221
Source: b_222
Source: b_223
Source: b_224
Source: b_225
Source: b_226
RPFITS file version is 2.12
---------------------------------------
Total number of spectra selected: 72660

Summary of spectra flagged
Flagging Reason            Fraction
---------------            --------
Antenna off-source/off-line  3.06%
---------------------------------------
Processing file raw/2017-12-09_0459.C3132
CABB data detected
Scan 1 started at 17DEC09:04:59:48.0
Source: b_226
Source: b_227
Source: b_228
Source: b_229
Source: b_230
Source: b_231
Source: b_232
Source: b_233
Source: b_234
Source: b_235
Source: b_236
Source: b_237
Source: b_238
Source: b_239
Source: b_240
Scan 2 started at 17DEC09:05:09:32.0
Source: 2312-319
Scan 3 started at 17DEC09:05:12:04.7
Source: b_1
Source: b_2
Source: b_3
Source: b_4
Source: b_5
Source: b_6
Source: b_7
Source: b_8
Source: b_9
Source: b_10
Source: b_11
Source: b_12
Source: b_13
Source: b_14
Source: b_15
Source: b_16
Source: b_17
Source: b_18
Source: b_19
Source: b_20
Scan 4 started at 17DEC09:05:25:40.0
Source: 2312-319
Scan 5 started at 17DEC09:05:28:20.0
Source: b_21
Source: b_22
Source: b_23
Source: b_24
Source: b_25
Source: b_26
Source: b_27
Source: b_28
Source: b_29
Source: b_30
Source: b_31
Source: b_32
Source: b_33
Source: b_34
Source: b_35
Source: b_36
Source: b_37
Source: b_38
Source: b_39
Source: b_40
Scan 6 started at 17DEC09:05:41:48.0
Source: 2312-319
Scan 7 started at 17DEC09:05:44:36.0
Source: b_41
Source: b_42
Source: b_43
Source: b_44
Source: b_45
Source: b_46
Source: b_47
Source: b_48
Source: b_49
Source: b_50
Source: b_51
Source: b_52
Source: b_53
Source: b_54
Source: b_55
Source: b_56
Source: b_57
Source: b_58
Source: b_59
Source: b_60
Scan 8 started at 17DEC09:05:57:56.0
Source: 2312-319
Scan 9 started at 17DEC09:06:00:36.0
Source: b_61
Source: b_62
Source: b_63
Source: b_64
Source: b_65
Source: b_66
Source: b_67
Source: b_68
Source: b_69
Source: b_70
Source: b_71
Source: b_72
Source: b_73
Source: b_74
Source: b_75
Source: b_76
Source: b_77
Source: b_78
Source: b_79
Source: b_80
Scan 10 started at 17DEC09:06:14:04.0
Source: 2312-319
Scan 11 started at 17DEC09:06:16:44.0
Source: b_81
Source: b_82
Source: b_83
Source: b_84
Source: b_85
Source: b_86
Source: b_87
Source: b_88
Source: b_89
Source: b_90
Source: b_91
Source: b_92
Source: b_93
Source: b_94
Source: b_95
Source: b_96
Source: b_97
Source: b_98
Source: b_99
Source: b_100
Scan 12 started at 17DEC09:06:30:12.0
Source: 2312-319
Scan 13 started at 17DEC09:06:33:00.0
Source: b_101
Source: b_102
Source: b_103
Source: b_104
Source: b_105
Source: b_106
Source: b_107
Source: b_108
Source: b_109
Source: b_110
Source: b_111
Source: b_112
Source: b_113
Source: b_114
Source: b_115
Source: b_116
Source: b_117
Source: b_118
Source: b_119
Source: b_120
Scan 14 started at 17DEC09:06:46:20.0
Source: 2312-319
Scan 15 started at 17DEC09:06:49:08.0
Source: b_121
Source: b_122
Source: b_123
Source: b_124
Source: b_125
Source: b_126
Source: b_127
Source: b_128
Source: b_129
Source: b_130
Source: b_131
Source: b_132
Source: b_133
Source: b_134
Source: b_135
Source: b_136
Source: b_137
Source: b_138
Source: b_139
Source: b_140
Scan 16 started at 17DEC09:07:02:28.0
Source: 2312-319
Scan 17 started at 17DEC09:07:05:02.0
Source: b_141
Source: b_142
Source: b_143
Source: b_144
Source: b_145
Source: b_146
Source: b_147
Source: b_148
Source: b_149
Source: b_150
Source: b_151
Source: b_152
Source: b_153
Source: b_154
Source: b_155
Source: b_156
Source: b_157
Source: b_158
Source: b_159
Source: b_160
Scan 18 started at 17DEC09:07:18:36.0
Source: 2312-319
Scan 19 started at 17DEC09:07:21:40.0
Source: b_161
Source: b_162
Source: b_163
Source: b_164
Source: b_165
Source: b_166
Source: b_167
Source: b_168
Source: b_169
Source: b_170
Source: b_171
Source: b_172
Source: b_173
Source: b_174
Source: b_175
Source: b_176
Source: b_177
Source: b_178
Source: b_179
Source: b_180
Scan 20 started at 17DEC09:07:35:08.0
Source: 2312-319
Scan 21 started at 17DEC09:07:38:44.0
Source: b_182
Source: b_183
Source: b_184
Source: b_185
Source: b_186
Source: b_187
Source: b_188
Source: b_189
Source: b_190
Source: b_191
Source: b_192
Source: b_193
RPFITS file version is 2.12
---------------------------------------
Total number of spectra selected: 72660

Summary of spectra flagged
Flagging Reason            Fraction
---------------            --------
Antenna off-source/off-line  4.38%
---------------------------------------
Processing file raw/2017-12-09_0746.C3132
CABB data detected
Scan 1 started at 17DEC09:07:46:44.0
Source: b_194
Source: b_195
Source: b_196
Source: b_197
Source: b_198
Source: b_199
Source: b_200
Scan 2 started at 17DEC09:07:51:48.0
Source: 2312-319
Scan 3 started at 17DEC09:08:01:48.0
Source: b_201
Source: b_202
Source: b_203
Source: b_204
Source: b_205
Source: b_206
Source: b_207
Source: b_208
Source: b_209
Source: b_210
Source: b_211
Source: b_212
Source: b_213
Source: b_214
Source: b_215
Source: b_216
Source: b_217
Source: b_218
Source: b_219
Source: b_220
Scan 4 started at 17DEC09:08:15:08.0
Source: 2312-319
Scan 5 started at 17DEC09:08:18:04.0
Source: b_221
Source: b_222
Source: b_223
Source: b_224
Source: b_225
Source: b_226
Source: b_227
Source: b_228
Source: b_229
Source: b_230
Source: b_231
Source: b_232
Source: b_233
Source: b_234
Source: b_235
Source: b_236
Source: b_237
Source: b_238
Source: b_239
Source: b_240
Scan 6 started at 17DEC09:08:31:40.0
Source: 2312-319
Scan 7 started at 17DEC09:08:34:12.7
Source: b_1
Source: b_2
Source: b_3
Source: b_4
Source: b_5
Source: b_6
Source: b_7
Source: b_8
Source: b_9
Source: b_10
Source: b_11
Source: b_12
Source: b_13
Source: b_14
Source: b_15
Source: b_16
Source: b_17
Source: b_18
Source: b_19
Source: b_20
Scan 8 started at 17DEC09:08:47:48.0
Source: 2312-319
Scan 9 started at 17DEC09:08:50:36.0
Source: b_21
Source: b_22
Source: b_23
Source: b_24
Source: b_25
Source: b_26
Source: b_27
Source: b_28
Source: b_29
Source: b_30
Source: b_31
Source: b_32
Source: b_33
Source: b_34
Source: b_35
Source: b_36
Source: b_37
Source: b_38
Source: b_39
Source: b_40
Scan 10 started at 17DEC09:09:04:04.0
Source: 2312-319
Scan 11 started at 17DEC09:09:06:52.0
Source: b_41
Source: b_42
Source: b_43
Source: b_44
Source: b_45
Source: b_46
Source: b_47
Source: b_48
Source: b_49
Source: b_50
Source: b_51
Source: b_52
Source: b_53
Source: b_54
Source: b_55
Source: b_56
Source: b_57
Source: b_58
Source: b_59
Source: b_60
Scan 12 started at 17DEC09:09:20:12.0
Source: 2312-319
Scan 13 started at 17DEC09:09:22:52.0
Source: b_61
Source: b_62
Source: b_63
Source: b_64
Source: b_65
Source: b_66
Source: b_67
Source: b_68
Source: b_69
Source: b_70
Source: b_71
Source: b_72
Source: b_73
Source: b_74
Source: b_75
Source: b_76
Source: b_77
Source: b_78
Source: b_79
Source: b_80
Scan 14 started at 17DEC09:09:36:20.0
Source: 2312-319
Scan 15 started at 17DEC09:09:39:00.0
Source: b_81
Source: b_82
Source: b_83
Source: b_84
Source: b_85
Source: b_86
Source: b_87
Source: b_88
Source: b_89
Source: b_90
Source: b_91
Source: b_92
Source: b_93
Source: b_94
Source: b_95
Source: b_96
Source: b_97
Source: b_98
Source: b_99
Source: b_100
Scan 16 started at 17DEC09:09:52:28.0
Source: 2312-319
Scan 17 started at 17DEC09:09:55:16.0
Source: b_101
Source: b_102
Source: b_103
Source: b_104
Source: b_105
Source: b_106
Source: b_107
Source: b_108
Source: b_109
Source: b_110
Source: b_111
Source: b_112
Source: b_113
Source: b_114
Source: b_115
Source: b_116
Source: b_117
Source: b_118
Source: b_119
Source: b_120
Scan 18 started at 17DEC09:10:08:36.0
Source: 2312-319
Scan 19 started at 17DEC09:10:11:16.0
Source: b_121
Source: b_122
Source: b_123
Source: b_124
Source: b_125
Source: b_126
Source: b_127
Source: b_128
Source: b_129
Source: b_130
Source: b_131
Source: b_132
Source: b_133
Source: b_134
Source: b_135
Source: b_136
Source: b_137
Source: b_138
Source: b_139
Source: b_140
Scan 20 started at 17DEC09:10:24:44.0
Source: 2312-319
Scan 21 started at 17DEC09:10:27:18.0
Source: b_141
Source: b_142
Source: b_143
Source: b_144
Source: b_145
Source: b_146
Source: b_147
Source: b_148
Source: b_149
Source: b_150
RPFITS file version is 2.12
---------------------------------------
Total number of spectra selected: 72660

Summary of spectra flagged
Flagging Reason            Fraction
---------------            --------
Antenna off-source/off-line  9.41%
---------------------------------------
Processing file raw/2017-12-09_1033.C3132
CABB data detected
Scan 1 started at 17DEC09:10:33:24.0
Source: b_150
Source: b_151
Source: b_152
Source: b_153
Source: b_154
Source: b_155
Source: b_156
Source: b_157
Source: b_158
Source: b_159
Source: b_160
Scan 2 started at 17DEC09:10:40:52.0
Source: 2312-319
Scan 3 started at 17DEC09:10:43:32.0
Source: b_161
Source: b_162
Source: b_163
Source: b_164
Source: b_165
Source: b_166
Source: b_167
Source: b_168
Source: b_169
Source: b_170
Source: b_171
Source: b_172
Source: b_173
Source: b_174
Source: b_175
Source: b_176
Source: b_177
Source: b_178
Source: b_179
Source: b_180
Scan 4 started at 17DEC09:10:57:00.0
Source: 2312-319
Scan 5 started at 17DEC09:10:59:48.0
Source: b_181
Source: b_182
Source: b_183
Source: b_184
Source: b_185
Source: b_186
Source: b_187
Source: b_188
Source: b_189
Source: b_190
Source: b_191
Source: b_192
Source: b_193
Source: b_194
Source: b_195
Source: b_196
Source: b_197
Source: b_198
Source: b_199
Source: b_200
Scan 6 started at 17DEC09:11:13:08.0
Source: 2312-319
Scan 7 started at 17DEC09:11:15:48.0
Source: b_201
Source: b_202
Source: b_203
Source: b_204
Source: b_205
Source: b_206
Source: b_207
Source: b_208
Source: b_209
Source: b_210
Source: b_211
Source: b_212
Source: b_213
Source: b_214
Source: b_215
Source: b_216
Source: b_217
Source: b_218
Source: b_219
Source: b_220
Scan 8 started at 17DEC09:11:29:16.0
Source: 2312-319
Scan 9 started at 17DEC09:11:31:56.0
Source: b_221
Source: b_222
Source: b_223
Source: b_224
Source: b_225
Source: b_226
Source: b_227
Source: b_228
Source: b_229
Source: b_230
Source: b_231
Source: b_232
Source: b_233
Source: b_234
Source: b_235
Source: b_236
Source: b_237
Source: b_238
Source: b_239
Source: b_240
Scan 10 started at 17DEC09:11:45:24.0
Source: 2312-319
Scan 11 started at 17DEC09:11:47:56.7
Source: b_1
Source: b_2
Source: b_3
Source: b_4
Source: b_5
Source: b_6
Source: b_7
Source: b_8
Source: b_9
Source: b_10
Source: b_11
Source: b_12
Source: b_13
Source: b_14
Source: b_15
Source: b_16
Source: b_17
Source: b_18
Source: b_19
Source: b_20
Scan 12 started at 17DEC09:12:01:32.0
Source: 2312-319
Scan 13 started at 17DEC09:12:04:12.0
Source: b_21
Source: b_22
Source: b_23
Source: b_24
Source: b_25
Source: b_26
Source: b_27
Source: b_28
Source: b_29
Source: b_30
Source: b_31
Source: b_32
Source: b_33
Source: b_34
Source: b_35
Source: b_36
Source: b_37
Source: b_38
Source: b_39
Source: b_40
Scan 14 started at 17DEC09:12:17:40.0
Source: 2312-319
Scan 15 started at 17DEC09:12:20:20.0
Source: b_41
Source: b_42
Source: b_43
Source: b_44
Source: b_45
Source: b_46
Source: b_47
Source: b_48
Source: b_49
Source: b_50
Source: b_51
Source: b_52
Source: b_53
Source: b_54
Source: b_55
Source: b_56
Source: b_57
Source: b_58
Source: b_59
Source: b_60
Scan 16 started at 17DEC09:12:33:48.0
Source: 2312-319
Scan 17 started at 17DEC09:12:36:22.8
Source: b_61
Source: b_62
Source: b_63
Source: b_64
Source: b_65
Source: b_66
Source: b_67
Source: b_68
Source: b_69
Source: b_70
Source: b_71
Source: b_72
Source: b_73
Source: b_74
Source: b_75
Source: b_76
Source: b_77
Source: b_78
Source: b_79
Source: b_80
Scan 18 started at 17DEC09:12:49:56.0
Source: 2312-319
Scan 19 started at 17DEC09:12:52:30.8
Source: b_81
Source: b_82
Source: b_83
Source: b_84
Source: b_85
Source: b_86
Source: b_87
Source: b_88
Source: b_89
Source: b_90
Source: b_91
Source: b_92
Source: b_93
Source: b_94
Source: b_95
Source: b_96
Source: b_97
Source: b_98
Source: b_99
Source: b_100
Scan 20 started at 17DEC09:13:06:04.0
Source: 2312-319
Scan 21 started at 17DEC09:13:08:44.0
Source: b_101
Source: b_102
Source: b_103
Source: b_104
Source: b_105
Source: b_106
Source: b_107
Source: b_108
Source: b_109
Source: b_110
Source: b_111
Source: b_112
Source: b_113
Source: b_114
Source: b_115
Source: b_116
Source: b_117
Source: b_118
RPFITS file version is 2.12
---------------------------------------
Total number of spectra selected: 72660

Summary of spectra flagged
Flagging Reason            Fraction
---------------            --------
Antenna off-source/off-line  2.31%
---------------------------------------
Processing file raw/2017-12-09_1320.C3132
CABB data detected
Scan 1 started at 17DEC09:13:20:12.0
Source: b_118
Source: b_119
Source: b_120
Scan 2 started at 17DEC09:13:22:12.0
Source: 2312-319
Scan 3 started at 17DEC09:13:24:52.0
Source: b_121
Source: b_122
Source: b_123
Source: b_124
Source: b_125
Source: b_126
Source: b_127
Source: b_128
Source: b_129
Source: b_130
Source: b_131
Source: b_132
Source: b_133
Source: b_134
Source: b_135
Source: b_136
Source: b_137
Source: b_138
Source: b_139
Source: b_140
Scan 4 started at 17DEC09:13:38:20.0
Source: 2312-319
Scan 5 started at 17DEC09:13:40:54.0
Source: b_141
Source: b_142
Source: b_143
Source: b_144
Source: b_145
Source: b_146
Source: b_147
Source: b_148
Source: b_149
Source: b_150
Source: b_151
Source: b_152
Source: b_153
Source: b_154
Source: b_155
Source: b_156
Source: b_157
Source: b_158
Source: b_159
Source: b_160
Scan 6 started at 17DEC09:13:54:28.0
Source: 2312-319
 13:56:32 CAOBS> stop
 13:56:43 CAOBS> corr close file
RPFITS file version is 2.12
---------------------------------------
Total number of spectra selected: 15720

Summary of spectra flagged
Flagging Reason            Fraction
---------------            --------
Antenna off-source/off-line  1.91%
---------------------------------------

No CACAL data was detected

2018-08-08 02:20:57,469 [MainThread  ] [INFO ]  uvflag vis=data5.uv line=chan,6,1146,1 flagval=flag

uvflag: Revision 1.8, 2014/09/30 14:23:39 UTC


Set flags to indicate bad data in visibility file data5.uv
Linetype channel; select    6 channels; start 1146, width    1, step    1

Overview of flagging on visibility file data5.uv
Changed flags set to FALSE (data flagged as bad)
Total number of records selected: 292144; out of 292144 records
Antennas used: 1-6
Counts of correlations within selected channels
channel   Originally    Currently
Good:          876432.           0.    Changed to bad:      876432.
Bad:           876432.     1752864.

2018-08-08 02:21:12,814 [MainThread  ] [INFO ]  uvflag vis=data5.uv line=chan,30,1454,1 flagval=flag

uvflag: Revision 1.8, 2014/09/30 14:23:39 UTC


Set flags to indicate bad data in visibility file data5.uv
Linetype channel; select   30 channels; start 1454, width    1, step    1

Overview of flagging on visibility file data5.uv
Changed flags set to FALSE (data flagged as bad)
Total number of records selected: 292144; out of 292144 records
Antennas used: 1-6
Counts of correlations within selected channels
channel   Originally    Currently
Good:         8764320.           0.    Changed to bad:     8764320.
Bad:                0.     8764320.

2018-08-08 02:21:28,374 [MainThread  ] [INFO ]  uvflag vis=data5.uv line=chan,40,1964,1 flagval=flag

uvflag: Revision 1.8, 2014/09/30 14:23:39 UTC


Set flags to indicate bad data in visibility file data5.uv
Linetype channel; select   40 channels; start 1964, width    1, step    1

Overview of flagging on visibility file data5.uv
Changed flags set to FALSE (data flagged as bad)
Total number of records selected: 292144; out of 292144 records
Antennas used: 1-6
Counts of correlations within selected channels
channel   Originally    Currently
Good:               0.           0.    Changed to bad:           0.
Bad:         11685760.    11685760.

2018-08-08 02:23:49,728 [MainThread  ] [INFO ]  uvsplit vis=data5.uv options=mosaic

uvsplit: Revision 1.18, 2016/05/09 03:06:18 UTC

Creating 1934-638.5500
Creating 2312-319.5500
Creating b.5500

2018-08-08 02:24:04,388 [MainThread  ] [INFO ]  pgflag vis=1934-638.5500 command='<b' stokes=i,q,u,v flagpar=8,5,5,3,6,3 options=nodisp

pgflag: Revision 1.30, 2016/10/05 23:06:50 UTC

Applying changes to dataset
Counts of correlations within selected channels:
 channel  Originally  Currently
 Good:      10889820   10812692    Changed to bad:      77128
 Bad:        1527120    1604248    Changed to good:         0
 12.9% of the data is now flagged

2018-08-08 02:24:18,299 [MainThread  ] [INFO ]  pgflag vis=1934-638.5500 command='<b' stokes=i,v,q,u flagpar=8,2,2,3,6,3  options=nodisp

pgflag: Revision 1.30, 2016/10/05 23:06:50 UTC

Applying changes to dataset
Counts of correlations within selected channels:
 channel  Originally  Currently
 Good:      10812692   10753092    Changed to bad:      59600
 Bad:        1604248    1663848    Changed to good:         0
 13.4% of the data is now flagged

2018-08-08 02:24:32,815 [MainThread  ] [INFO ]  pgflag vis=1934-638.5500 command='<b' stokes=i,v,u,q flagpar=8,2,2,3,6,3  options=nodisp

pgflag: Revision 1.30, 2016/10/05 23:06:50 UTC

Applying changes to dataset
Counts of correlations within selected channels:
 channel  Originally  Currently
 Good:      10753092   10544800    Changed to bad:     208292
 Bad:        1663848    1872140    Changed to good:         0
 15.1% of the data is now flagged

2018-08-08 02:26:04,177 [MainThread  ] [INFO ]  mfcal vis=1934-638.5500 refant=4 interval=0.1
MfCal: $Revision: 1.20 $, $Date: 2017/05/08 02:31:10 $
Selecting parallel-hand polarisations
Reading the data ...
Number correlations accepted: 5272400
Number of frequency bands/settings: 1
Number of polarisations selected: 2
Number of solution intervals: 101
Number of passband solution intervals: 1
Initialising ...
Using post-Aug94 ATCA flux scale for 1934-638.
Using known frequency variation of 1934-638
Generating initial solution estimate ...
Doing solution refinement ...
Iter= 1, Solution Error:  0.423
Iter= 2, Solution Error:  0.010
Iter= 3, Solution Error:  0.000
Saving solution ...

2018-08-08 02:26:05,200 [MainThread  ] [INFO ]  gpcal vis=1934-638.5500 refant=4 interval=0.1 nfbin=2 options=xyvary

gpcal: Revision 1.22, 2016/05/01 22:31:05 UTC

Applying bandpass corrections to 1934-638.5500
Number of antennae: 6
Reading the data ...
Number of solution intervals: 101
Total visibilities read: 1515
Number visibilities accepted: 1515
Using post-Aug94 ATCA flux scale for 1934-638.
Using IQUV =  5.0183,  0.0000,  0.0000,  0.0000 at   5.4508 GHz.
Using post-Aug94 ATCA flux scale for 1934-638.
Using IQUV =  5.5173,  0.0000,  0.0000,  0.0000 at   5.0317 GHz.
Using post-Aug94 ATCA flux scale for 1934-638.
Using IQUV =  4.5103,  0.0000,  0.0000,  0.0000 at   5.9546 GHz.
Iter= 1, Amplit/Phase Solution Error:   0.361
Iter= 1, Polarisation Solution Error:   0.042
Iter= 1, Overall Solution Error:        1.393
Iter= 2, Amplit/Phase Solution Error:   0.002
Iter= 2, Polarisation Solution Error:   0.000
Iter= 2, Overall Solution Error:        0.003
Iter= 3, Amplit/Phase Solution Error:   0.001
Iter= 3, Polarisation Solution Error:   0.000
Iter= 3, Overall Solution Error:        0.001
I flux density:   5.0183
Leakage terms:
 Ant 1:Dx,Dy = ( 0.00250,-0.00254),(-0.00076,-0.00188)
 Ant 2:Dx,Dy = ( 0.00425, 0.00647),(-0.00329, 0.00720)
 Ant 3:Dx,Dy = ( 0.00398, 0.00032),(-0.00698, 0.00014)
 Ant 4:Dx,Dy = ( 0.00609, 0.01849),(-0.00413, 0.01971)
 Ant 5:Dx,Dy = (-0.01654,-0.00059),( 0.01655,-0.00025)
 Ant 6:Dx,Dy = ( 0.00132,-0.02372),( 0.00019,-0.02335)
Solution for freq bin  1
Iter= 1, Amplit/Phase Solution Error:   0.350
Iter= 1, Polarisation Solution Error:   0.045
Iter= 1, Overall Solution Error:        1.321
Iter= 2, Amplit/Phase Solution Error:   0.002
Iter= 2, Polarisation Solution Error:   0.000
Iter= 2, Overall Solution Error:        0.003
Iter= 3, Amplit/Phase Solution Error:   0.001
Iter= 3, Polarisation Solution Error:   0.000
Iter= 3, Overall Solution Error:        0.001
I flux density:   5.5173
Leakage terms:
 Ant 1:Dx,Dy = ( 0.00274,-0.00210),(-0.00090,-0.00154)
 Ant 2:Dx,Dy = ( 0.00492, 0.00785),(-0.00350, 0.00827)
 Ant 3:Dx,Dy = ( 0.00352, 0.00025),(-0.00753, 0.00049)
 Ant 4:Dx,Dy = ( 0.00598, 0.01877),(-0.00423, 0.02055)
 Ant 5:Dx,Dy = (-0.01698,-0.00126),( 0.01633,-0.00075)
 Ant 6:Dx,Dy = ( 0.00057,-0.02567),( 0.00059,-0.02487)
Solution for freq bin  2
Iter= 1, Amplit/Phase Solution Error:   0.378
Iter= 1, Polarisation Solution Error:   0.040
Iter= 1, Overall Solution Error:        1.483
Iter= 2, Amplit/Phase Solution Error:   0.002
Iter= 2, Polarisation Solution Error:   0.000
Iter= 2, Overall Solution Error:        0.003
Iter= 3, Amplit/Phase Solution Error:   0.001
Iter= 3, Polarisation Solution Error:   0.000
Iter= 3, Overall Solution Error:        0.001
I flux density:   4.5103
Leakage terms:
 Ant 1:Dx,Dy = ( 0.00218,-0.00313),(-0.00056,-0.00233)
 Ant 2:Dx,Dy = ( 0.00335, 0.00460),(-0.00302, 0.00574)
 Ant 3:Dx,Dy = ( 0.00460, 0.00044),(-0.00620,-0.00032)
 Ant 4:Dx,Dy = ( 0.00624, 0.01811),(-0.00399, 0.01855)
 Ant 5:Dx,Dy = (-0.01596, 0.00029),( 0.01686, 0.00042)
 Ant 6:Dx,Dy = ( 0.00234,-0.02109),(-0.00035,-0.02129)

2018-08-08 02:26:24,777 [MainThread  ] [INFO ]  pgflag vis=1934-638.5500 command='<b' stokes=i,q,u,v flagpar=8,5,5,3,6,3 options=nodisp

pgflag: Revision 1.30, 2016/10/05 23:06:50 UTC

Applying bandpass corrections to 1934-638.5500
Applying freq. dependent gain corrections to 1934-638.5500
Applying freq. dependent leakage correction to 1934-638.5500
Applying changes to dataset
Counts of correlations within selected channels:
 channel  Originally  Currently
 Good:      10544800   10516816    Changed to bad:      27984
 Bad:        1872140    1900124    Changed to good:         0
 15.3% of the data is now flagged

2018-08-08 02:26:44,226 [MainThread  ] [INFO ]  pgflag vis=1934-638.5500 command='<b' stokes=i,v,q,u flagpar=8,2,2,3,6,3  options=nodisp

pgflag: Revision 1.30, 2016/10/05 23:06:50 UTC

Applying bandpass corrections to 1934-638.5500
Applying freq. dependent gain corrections to 1934-638.5500
Applying freq. dependent leakage correction to 1934-638.5500
Applying changes to dataset
Counts of correlations within selected channels:
 channel  Originally  Currently
 Good:      10516816   10485508    Changed to bad:      31308
 Bad:        1900124    1931432    Changed to good:         0
 15.6% of the data is now flagged

2018-08-08 02:27:07,724 [MainThread  ] [INFO ]  pgflag vis=1934-638.5500 command='<b' stokes=i,v,u,q flagpar=8,2,2,3,6,3  options=nodisp

pgflag: Revision 1.30, 2016/10/05 23:06:50 UTC

Applying bandpass corrections to 1934-638.5500
Applying freq. dependent gain corrections to 1934-638.5500
Applying freq. dependent leakage correction to 1934-638.5500
Applying changes to dataset
Counts of correlations within selected channels:
 channel  Originally  Currently
 Good:      10485508   10456956    Changed to bad:      28552
 Bad:        1931432    1959984    Changed to good:         0
 15.8% of the data is now flagged

2018-08-08 02:28:18,979 [MainThread  ] [INFO ]  mfcal vis=1934-638.5500 refant=4 interval=0.1
MfCal: $Revision: 1.20 $, $Date: 2017/05/08 02:31:10 $
Selecting parallel-hand polarisations
Reading the data ...
Number correlations accepted: 5228478
Number of frequency bands/settings: 1
Number of polarisations selected: 2
Number of solution intervals: 101
Number of passband solution intervals: 1
Initialising ...
Using post-Aug94 ATCA flux scale for 1934-638.
Using known frequency variation of 1934-638
Generating initial solution estimate ...
Doing solution refinement ...
Iter= 1, Solution Error:  0.424
Iter= 2, Solution Error:  0.010
Iter= 3, Solution Error:  0.000
Saving solution ...

2018-08-08 02:28:26,956 [MainThread  ] [INFO ]  gpcal vis=1934-638.5500 refant=4 interval=0.1 nfbin=2 options=xyvary

gpcal: Revision 1.22, 2016/05/01 22:31:05 UTC

Applying bandpass corrections to 1934-638.5500
Number of antennae: 6
Using leakage parameters from input as initial guess
Reading the data ...
Number of solution intervals: 101
Total visibilities read: 1515
Number visibilities accepted: 1515
Using post-Aug94 ATCA flux scale for 1934-638.
Using IQUV =  5.0187,  0.0000,  0.0000,  0.0000 at   5.4505 GHz.
Using post-Aug94 ATCA flux scale for 1934-638.
Using IQUV =  5.5146,  0.0000,  0.0000,  0.0000 at   5.0338 GHz.
Using post-Aug94 ATCA flux scale for 1934-638.
Using IQUV =  4.5116,  0.0000,  0.0000,  0.0000 at   5.9532 GHz.
Iter= 1, Amplit/Phase Solution Error:   0.361
Iter= 1, Polarisation Solution Error:   0.000
Iter= 1, Overall Solution Error:        1.393
Iter= 2, Amplit/Phase Solution Error:   0.002
Iter= 2, Polarisation Solution Error:   0.000
Iter= 2, Overall Solution Error:        0.003
Iter= 3, Amplit/Phase Solution Error:   0.001
Iter= 3, Polarisation Solution Error:   0.000
Iter= 3, Overall Solution Error:        0.001
I flux density:   5.0187
Leakage terms:
 Ant 1:Dx,Dy = ( 0.00250,-0.00254),(-0.00075,-0.00189)
 Ant 2:Dx,Dy = ( 0.00426, 0.00649),(-0.00328, 0.00720)
 Ant 3:Dx,Dy = ( 0.00398, 0.00032),(-0.00698, 0.00015)
 Ant 4:Dx,Dy = ( 0.00610, 0.01849),(-0.00411, 0.01971)
 Ant 5:Dx,Dy = (-0.01655,-0.00060),( 0.01655,-0.00026)
 Ant 6:Dx,Dy = ( 0.00134,-0.02373),( 0.00019,-0.02334)
Solution for freq bin  1
Iter= 1, Amplit/Phase Solution Error:   0.349
Iter= 1, Polarisation Solution Error:   0.002
Iter= 1, Overall Solution Error:        1.322
Iter= 2, Amplit/Phase Solution Error:   0.002
Iter= 2, Polarisation Solution Error:   0.000
Iter= 2, Overall Solution Error:        0.003
Iter= 3, Amplit/Phase Solution Error:   0.001
Iter= 3, Polarisation Solution Error:   0.000
Iter= 3, Overall Solution Error:        0.001
I flux density:   5.5146
Leakage terms:
 Ant 1:Dx,Dy = ( 0.00274,-0.00211),(-0.00089,-0.00155)
 Ant 2:Dx,Dy = ( 0.00493, 0.00787),(-0.00349, 0.00826)
 Ant 3:Dx,Dy = ( 0.00353, 0.00025),(-0.00753, 0.00049)
 Ant 4:Dx,Dy = ( 0.00598, 0.01877),(-0.00421, 0.02055)
 Ant 5:Dx,Dy = (-0.01699,-0.00127),( 0.01631,-0.00077)
 Ant 6:Dx,Dy = ( 0.00058,-0.02566),( 0.00059,-0.02484)
Solution for freq bin  2
Iter= 1, Amplit/Phase Solution Error:   0.379
Iter= 1, Polarisation Solution Error:   0.003
Iter= 1, Overall Solution Error:        1.483
Iter= 2, Amplit/Phase Solution Error:   0.002
Iter= 2, Polarisation Solution Error:   0.000
Iter= 2, Overall Solution Error:        0.003
Iter= 3, Amplit/Phase Solution Error:   0.001
Iter= 3, Polarisation Solution Error:   0.000
Iter= 3, Overall Solution Error:        0.001
I flux density:   4.5116
Leakage terms:
 Ant 1:Dx,Dy = ( 0.00217,-0.00313),(-0.00056,-0.00234)
 Ant 2:Dx,Dy = ( 0.00334, 0.00463),(-0.00301, 0.00575)
 Ant 3:Dx,Dy = ( 0.00459, 0.00043),(-0.00622,-0.00032)
 Ant 4:Dx,Dy = ( 0.00626, 0.01811),(-0.00397, 0.01857)
 Ant 5:Dx,Dy = (-0.01597, 0.00029),( 0.01687, 0.00043)
 Ant 6:Dx,Dy = ( 0.00236,-0.02111),(-0.00035,-0.02130)

2018-08-08 02:28:36,787 [MainThread  ] [INFO ]  gpcopy vis=1934-638.5500 out=2312-319.5500

gpcopy: Revision 1.13, 2015/10/29 01:31:39 UTC

Copying leakage table
Copying gain table
Interpolation tolerance set to (minutes): 720.00
Copying bandpass table

2018-08-08 02:31:21,505 [MainThread  ] [INFO ]  pgflag vis=2312-319.5500 command='<b' stokes=i,q,u,v flagpar=8,5,5,3,6,3 options=nodisp

pgflag: Revision 1.30, 2016/10/05 23:06:50 UTC

Applying bandpass corrections to 2312-319.5500
Applying freq. dependent gain corrections to 2312-319.5500
Applying freq. dependent leakage correction to 2312-319.5500
Applying changes to dataset
Counts of correlations within selected channels:
 channel  Originally  Currently
 Good:      69551088   69080756    Changed to bad:     470332
 Bad:        9753408   10223740    Changed to good:         0
 12.9% of the data is now flagged

2018-08-08 02:33:51,179 [MainThread  ] [INFO ]  pgflag vis=2312-319.5500 command='<b' stokes=i,v,q,u flagpar=8,2,2,3,6,3  options=nodisp

pgflag: Revision 1.30, 2016/10/05 23:06:50 UTC

Applying bandpass corrections to 2312-319.5500
Applying freq. dependent gain corrections to 2312-319.5500
Applying freq. dependent leakage correction to 2312-319.5500
Applying changes to dataset
Counts of correlations within selected channels:
 channel  Originally  Currently
 Good:      69080756   68670904    Changed to bad:     409852
 Bad:       10223740   10633592    Changed to good:         0
 13.4% of the data is now flagged

2018-08-08 02:36:28,314 [MainThread  ] [INFO ]  pgflag vis=2312-319.5500 command='<b' stokes=i,v,u,q flagpar=8,2,2,3,6,3  options=nodisp

pgflag: Revision 1.30, 2016/10/05 23:06:50 UTC

Applying bandpass corrections to 2312-319.5500
Applying freq. dependent gain corrections to 2312-319.5500
Applying freq. dependent leakage correction to 2312-319.5500
Applying changes to dataset
Counts of correlations within selected channels:
 channel  Originally  Currently
 Good:      68670904   68218056    Changed to bad:     452848
 Bad:       10633592   11086440    Changed to good:         0
 14.0% of the data is now flagged

2018-08-08 02:36:34,323 [MainThread  ] [INFO ]  gpcal vis=2312-319.5500 refant=4 interval=0.1 nfbin=2 options=xyvary,qusolve

gpcal: Revision 1.22, 2016/05/01 22:31:05 UTC

Applying bandpass corrections to 2312-319.5500
Number of antennae: 6
Using leakage parameters from input as initial guess
Reading the data ...
Number of solution intervals: 645
Total visibilities read: 9676
Number visibilities accepted: 9675
Iter= 1, Amplit/Phase Solution Error:   0.765
Iter= 1, Polarisation Solution Error:   0.010
Iter= 1, Overall Solution Error:        2.470
Iter= 2, Amplit/Phase Solution Error:   0.014
Iter= 2, Polarisation Solution Error:   0.000
Iter= 2, Overall Solution Error:        0.011
Iter= 3, Amplit/Phase Solution Error:   0.001
Iter= 3, Polarisation Solution Error:   0.000
Iter= 3, Overall Solution Error:        0.001
I flux density:   0.5522
Percent Q:  -1.048
Percent U:   0.972
Leakage terms:
 Ant 1:Dx,Dy = ( 0.00108,-0.00251),(-0.00146,-0.00203)
 Ant 2:Dx,Dy = ( 0.00310, 0.00621),(-0.00419, 0.00706)
 Ant 3:Dx,Dy = ( 0.00333, 0.00087),(-0.00815, 0.00028)
 Ant 4:Dx,Dy = ( 0.00502, 0.01868),(-0.00507, 0.01966)
 Ant 5:Dx,Dy = (-0.01752,-0.00041),( 0.01535,-0.00008)
 Ant 6:Dx,Dy = ( 0.00065,-0.02409),(-0.00082,-0.02363)
Solution for freq bin  1
Iter= 1, Amplit/Phase Solution Error:   0.718
Iter= 1, Polarisation Solution Error:   0.014
Iter= 1, Overall Solution Error:        2.393
Iter= 2, Amplit/Phase Solution Error:   0.018
Iter= 2, Polarisation Solution Error:   0.000
Iter= 2, Overall Solution Error:        0.012
Iter= 3, Amplit/Phase Solution Error:   0.001
Iter= 3, Polarisation Solution Error:   0.000
Iter= 3, Overall Solution Error:        0.001
I flux density:   0.5558
Percent Q:  -1.411
Percent U:   1.047
Leakage terms:
 Ant 1:Dx,Dy = ( 0.00137,-0.00192),(-0.00164,-0.00167)
 Ant 2:Dx,Dy = ( 0.00378, 0.00790),(-0.00437, 0.00798)
 Ant 3:Dx,Dy = ( 0.00301, 0.00073),(-0.00872, 0.00047)
 Ant 4:Dx,Dy = ( 0.00485, 0.01881),(-0.00506, 0.02055)
 Ant 5:Dx,Dy = (-0.01811,-0.00122),( 0.01499,-0.00114)
 Ant 6:Dx,Dy = (-0.00067,-0.02554),(-0.00097,-0.02496)
Solution for freq bin  2
Iter= 1, Amplit/Phase Solution Error:   0.827
Iter= 1, Polarisation Solution Error:   0.009
Iter= 1, Overall Solution Error:        2.400
Iter= 2, Amplit/Phase Solution Error:   0.011
Iter= 2, Polarisation Solution Error:   0.000
Iter= 2, Overall Solution Error:        0.009
Iter= 3, Amplit/Phase Solution Error:   0.001
Iter= 3, Polarisation Solution Error:   0.000
Iter= 3, Overall Solution Error:        0.001
I flux density:   0.5551
Percent Q:  -0.677
Percent U:   0.891
Leakage terms:
 Ant 1:Dx,Dy = ( 0.00087,-0.00315),(-0.00123,-0.00245)
 Ant 2:Dx,Dy = ( 0.00235, 0.00434),(-0.00405, 0.00594)
 Ant 3:Dx,Dy = ( 0.00370, 0.00073),(-0.00752,-0.00021)
 Ant 4:Dx,Dy = ( 0.00524, 0.01831),(-0.00512, 0.01853)
 Ant 5:Dx,Dy = (-0.01675, 0.00009),( 0.01591, 0.00071)
 Ant 6:Dx,Dy = ( 0.00127,-0.02139),(-0.00131,-0.02146)

2018-08-08 02:39:14,288 [MainThread  ] [INFO ]  pgflag vis=2312-319.5500 command='<b' stokes=i,q,u,v flagpar=8,5,5,3,6,3 options=nodisp

pgflag: Revision 1.30, 2016/10/05 23:06:50 UTC

Applying bandpass corrections to 2312-319.5500
Applying freq. dependent gain corrections to 2312-319.5500
Applying freq. dependent leakage correction to 2312-319.5500
Applying changes to dataset
Counts of correlations within selected channels:
 channel  Originally  Currently
 Good:      68218056   67844856    Changed to bad:     373200
 Bad:       11086440   11459640    Changed to good:         0
 14.5% of the data is now flagged

2018-08-08 02:41:47,305 [MainThread  ] [INFO ]  pgflag vis=2312-319.5500 command='<b' stokes=i,v,q,u flagpar=8,2,2,3,6,3  options=nodisp

pgflag: Revision 1.30, 2016/10/05 23:06:50 UTC

Applying bandpass corrections to 2312-319.5500
Applying freq. dependent gain corrections to 2312-319.5500
Applying freq. dependent leakage correction to 2312-319.5500
Applying changes to dataset
Counts of correlations within selected channels:
 channel  Originally  Currently
 Good:      67844856   67494908    Changed to bad:     349948
 Bad:       11459640   11809588    Changed to good:         0
 14.9% of the data is now flagged

2018-08-08 02:45:35,430 [MainThread  ] [INFO ]  pgflag vis=2312-319.5500 command='<b' stokes=i,v,u,q flagpar=8,2,2,3,6,3  options=nodisp

pgflag: Revision 1.30, 2016/10/05 23:06:50 UTC

Applying bandpass corrections to 2312-319.5500
Applying freq. dependent gain corrections to 2312-319.5500
Applying freq. dependent leakage correction to 2312-319.5500
Applying changes to dataset
Counts of correlations within selected channels:
 channel  Originally  Currently
 Good:      67494908   67154584    Changed to bad:     340324
 Bad:       11809588   12149912    Changed to good:         0
 15.3% of the data is now flagged

2018-08-08 02:45:45,991 [MainThread  ] [INFO ]  gpcal vis=2312-319.5500 refant=4 interval=0.1 nfbin=2 options=xyvary,qusolve

gpcal: Revision 1.22, 2016/05/01 22:31:05 UTC

Applying bandpass corrections to 2312-319.5500
Number of antennae: 6
Using leakage parameters from input as initial guess
Reading the data ...
Number of solution intervals: 645
Total visibilities read: 9676
Number visibilities accepted: 9675
Iter= 1, Amplit/Phase Solution Error:   0.766
Iter= 1, Polarisation Solution Error:   0.011
Iter= 1, Overall Solution Error:        2.469
Iter= 2, Amplit/Phase Solution Error:   0.015
Iter= 2, Polarisation Solution Error:   0.000
Iter= 2, Overall Solution Error:        0.011
Iter= 3, Amplit/Phase Solution Error:   0.001
Iter= 3, Polarisation Solution Error:   0.000
Iter= 3, Overall Solution Error:        0.001
I flux density:   0.5535
Percent Q:  -1.074
Percent U:   0.969
Leakage terms:
 Ant 1:Dx,Dy = ( 0.00121,-0.00251),(-0.00132,-0.00205)
 Ant 2:Dx,Dy = ( 0.00324, 0.00621),(-0.00404, 0.00705)
 Ant 3:Dx,Dy = ( 0.00345, 0.00085),(-0.00800, 0.00028)
 Ant 4:Dx,Dy = ( 0.00513, 0.01869),(-0.00495, 0.01968)
 Ant 5:Dx,Dy = (-0.01737,-0.00045),( 0.01548,-0.00007)
 Ant 6:Dx,Dy = ( 0.00079,-0.02406),(-0.00072,-0.02362)
Solution for freq bin  1
Iter= 1, Amplit/Phase Solution Error:   0.719
Iter= 1, Polarisation Solution Error:   0.014
Iter= 1, Overall Solution Error:        2.392
Iter= 2, Amplit/Phase Solution Error:   0.018
Iter= 2, Polarisation Solution Error:   0.000
Iter= 2, Overall Solution Error:        0.012
Iter= 3, Amplit/Phase Solution Error:   0.001
Iter= 3, Polarisation Solution Error:   0.000
Iter= 3, Overall Solution Error:        0.001
I flux density:   0.5571
Percent Q:  -1.434
Percent U:   1.045
Leakage terms:
 Ant 1:Dx,Dy = ( 0.00150,-0.00193),(-0.00150,-0.00168)
 Ant 2:Dx,Dy = ( 0.00389, 0.00791),(-0.00425, 0.00796)
 Ant 3:Dx,Dy = ( 0.00312, 0.00073),(-0.00858, 0.00046)
 Ant 4:Dx,Dy = ( 0.00494, 0.01880),(-0.00494, 0.02061)
 Ant 5:Dx,Dy = (-0.01797,-0.00126),( 0.01509,-0.00116)
 Ant 6:Dx,Dy = (-0.00055,-0.02549),(-0.00089,-0.02496)
Solution for freq bin  2
Iter= 1, Amplit/Phase Solution Error:   0.827
Iter= 1, Polarisation Solution Error:   0.009
Iter= 1, Overall Solution Error:        2.400
Iter= 2, Amplit/Phase Solution Error:   0.011
Iter= 2, Polarisation Solution Error:   0.000
Iter= 2, Overall Solution Error:        0.009
Iter= 3, Amplit/Phase Solution Error:   0.001
Iter= 3, Polarisation Solution Error:   0.000
Iter= 3, Overall Solution Error:        0.001
I flux density:   0.5564
Percent Q:  -0.684
Percent U:   0.885
Leakage terms:
 Ant 1:Dx,Dy = ( 0.00088,-0.00315),(-0.00121,-0.00247)
 Ant 2:Dx,Dy = ( 0.00240, 0.00435),(-0.00398, 0.00595)
 Ant 3:Dx,Dy = ( 0.00372, 0.00071),(-0.00748,-0.00019)
 Ant 4:Dx,Dy = ( 0.00526, 0.01833),(-0.00510, 0.01852)
 Ant 5:Dx,Dy = (-0.01671, 0.00006),( 0.01594, 0.00074)
 Ant 6:Dx,Dy = ( 0.00132,-0.02139),(-0.00130,-0.02146)

2018-08-08 02:45:46,072 [MainThread  ] [INFO ]  gpboot vis=2312-319.5500 cal=1934-638.5500

gpboot: Revision 1.9, 2015/10/29 01:31:30 UTC

Secondary flux density scaled by:   0.995
Frequency bin  1 scaled by      :   0.998
Frequency bin  2 scaled by      :   1.000

2018-08-08 02:48:34,885 [MainThread  ] [INFO ]  gpcopy vis=2312-319.5500 out=b.5500

gpcopy: Revision 1.13, 2015/10/29 01:31:39 UTC

Copying leakage table
Copying gain table
Interpolation tolerance set to (minutes): 720.00
Copying bandpass table

2018-08-08 03:09:16,634 [MainThread  ] [INFO ]  pgflag vis=b.5500 command='<b' stokes=i,v,q,u flagpar=8,2,2,3,6,3  options=nodisp

pgflag: Revision 1.30, 2016/10/05 23:06:50 UTC

Applying bandpass corrections to b.5500
Applying freq. dependent gain corrections to b.5500
Applying freq. dependent leakage correction to b.5500
Applying changes to dataset
Counts of correlations within selected channels:
 channel  Originally  Currently
 Good:     444541860  431608920    Changed to bad:   12932940
 Bad:       62339760   75272700    Changed to good:         0
 14.9% of the data is now flagged

2018-08-08 03:28:02,882 [MainThread  ] [INFO ]  pgflag vis=b.5500 command='<b' stokes=i,v,u,q flagpar=8,2,2,3,6,3  options=nodisp

pgflag: Revision 1.30, 2016/10/05 23:06:50 UTC

Applying bandpass corrections to b.5500
Applying freq. dependent gain corrections to b.5500
Applying freq. dependent leakage correction to b.5500
Applying changes to dataset
Counts of correlations within selected channels:
 channel  Originally  Currently
 Good:     431608920  421869600    Changed to bad:    9739320
 Bad:       75272700   85012020    Changed to good:         0
 16.8% of the data is now flagged

2018-08-08 03:41:53,971 [MainThread  ] [INFO ]  uvsplit vis=b.5500

uvsplit: Revision 1.18, 2016/05/09 03:06:18 UTC

Creating b_41.5500
Creating b_42.5500
Creating b_43.5500
Creating b_44.5500
Creating b_45.5500
Creating b_46.5500
Creating b_47.5500
Creating b_48.5500
Creating b_49.5500
Creating b_50.5500
Creating b_51.5500
Creating b_52.5500
Creating b_53.5500
Creating b_54.5500
Creating b_55.5500
Creating b_56.5500
Creating b_57.5500
Creating b_58.5500
Creating b_59.5500
Creating b_60.5500
Creating b_61.5500
Creating b_62.5500
Creating b_63.5500
Creating b_64.5500
Creating b_65.5500
Creating b_66.5500
Creating b_67.5500
Creating b_68.5500
Creating b_69.5500
Creating b_70.5500
Creating b_71.5500
Creating b_72.5500
Creating b_73.5500
Creating b_74.5500
Creating b_75.5500
Creating b_76.5500
Creating b_77.5500
Creating b_78.5500
Creating b_79.5500
Creating b_80.5500
Creating b_81.5500
Creating b_82.5500
Creating b_83.5500
Creating b_84.5500
Creating b_85.5500
Creating b_86.5500
Creating b_87.5500
Creating b_88.5500
Creating b_89.5500
Creating b_90.5500
Creating b_91.5500
Creating b_92.5500
Creating b_93.5500
Creating b_94.5500
Creating b_95.5500
Creating b_96.5500
Creating b_97.5500
Creating b_98.5500
Creating b_99.5500
Creating b_100.5500
Creating b_101.5500
Creating b_102.5500
Creating b_103.5500
Creating b_104.5500
Creating b_105.5500
Creating b_106.5500
Creating b_107.5500
Creating b_108.5500
Creating b_109.5500
Creating b_110.5500
Creating b_111.5500
Creating b_112.5500
Creating b_113.5500
Creating b_114.5500
Creating b_115.5500
Creating b_116.5500
Creating b_117.5500
Creating b_118.5500
Creating b_119.5500
Creating b_120.5500
Creating b_121.5500
Creating b_122.5500
Creating b_123.5500
Creating b_124.5500
Creating b_125.5500
Creating b_126.5500
Creating b_127.5500
Creating b_128.5500
Creating b_129.5500
Creating b_130.5500
Creating b_131.5500
Creating b_132.5500
Creating b_133.5500
Creating b_134.5500
Creating b_135.5500
Creating b_136.5500
Creating b_137.5500
Creating b_138.5500
Creating b_139.5500
Creating b_140.5500
Creating b_141.5500
Creating b_142.5500
Creating b_143.5500
Creating b_144.5500
Creating b_145.5500
Creating b_146.5500
Creating b_147.5500
Creating b_148.5500
Creating b_149.5500
Creating b_150.5500
Creating b_151.5500
Creating b_152.5500
Creating b_153.5500
Creating b_154.5500
Creating b_155.5500
Creating b_156.5500
Creating b_157.5500
Creating b_158.5500
Creating b_159.5500
Creating b_160.5500
Creating b_161.5500
Creating b_162.5500
Creating b_163.5500
Creating b_164.5500
Creating b_165.5500
Creating b_166.5500
Creating b_167.5500
Creating b_168.5500
Creating b_169.5500
Creating b_170.5500
Creating b_171.5500
Creating b_172.5500
Creating b_173.5500
Creating b_174.5500
Creating b_175.5500
Creating b_176.5500
Creating b_177.5500
Creating b_178.5500
Creating b_179.5500
Creating b_180.5500
Creating b_181.5500
Creating b_182.5500
Creating b_183.5500
Creating b_184.5500
Creating b_185.5500
Creating b_186.5500
Creating b_187.5500
Creating b_188.5500
Creating b_189.5500
Creating b_190.5500
Creating b_191.5500
Creating b_192.5500
Creating b_193.5500
Creating b_194.5500
Creating b_195.5500
Creating b_196.5500
Creating b_197.5500
Creating b_198.5500
Creating b_199.5500
Creating b_200.5500
Creating b_201.5500
Creating b_202.5500
Creating b_203.5500
Creating b_204.5500
Creating b_205.5500
Creating b_206.5500
Creating b_207.5500
Creating b_208.5500
Creating b_209.5500
Creating b_210.5500
Creating b_211.5500
Creating b_212.5500
Creating b_213.5500
Creating b_214.5500
Creating b_215.5500
Creating b_216.5500
Creating b_217.5500
Creating b_218.5500
Creating b_219.5500
Creating b_220.5500
Creating b_221.5500
Creating b_222.5500
Creating b_223.5500
Creating b_224.5500
Creating b_225.5500
Creating b_226.5500
Creating b_227.5500
Creating b_228.5500
Creating b_229.5500
Creating b_230.5500
Creating b_231.5500
Creating b_232.5500
Creating b_233.5500
Creating b_234.5500
Creating b_235.5500
Creating b_236.5500
Creating b_237.5500
Creating b_238.5500
Creating b_239.5500
Creating b_240.5500
Creating b_1.5500
Creating b_2.5500
Creating b_3.5500
Creating b_4.5500
Creating b_5.5500
Creating b_6.5500
Creating b_7.5500
Creating b_8.5500
Creating b_9.5500
Creating b_10.5500
Creating b_11.5500
Creating b_12.5500
Creating b_13.5500
Creating b_14.5500
Creating b_15.5500
Creating b_16.5500
Creating b_17.5500
Creating b_18.5500
Creating b_19.5500
Creating b_20.5500
Creating b_21.5500
Creating b_22.5500
Creating b_23.5500
Creating b_24.5500
Creating b_25.5500
Creating b_26.5500
Creating b_27.5500
Creating b_28.5500
Creating b_29.5500
Creating b_30.5500
Creating b_31.5500
Creating b_32.5500
Creating b_33.5500
Creating b_34.5500
Creating b_35.5500
Creating b_36.5500
Creating b_37.5500
Creating b_38.5500
Creating b_39.5500
Creating b_40.5500

