2018-08-06 03:43:47,660 [MainThread  ] [INFO ]  atlod in=raw/2016-12-23_0054.C3132,raw/2016-12-23_0342.C3132,raw/2016-12-23_0629.C3132,raw/2016-12-23_0916.C3132,raw/2016-12-23_1203.C3132 out=data5.uv ifsel=1 options=birdie,rfiflag,noauto,xycorr

atlod: Revision 1.53, 2016/08/25 23:02:21 UTC

Processing file raw/2016-12-23_0054.C3132
 00:54:19 CAOBS> track 1
CABB data detected
Scan 1 started at 16DEC23:00:54:36.0
Source: 1934-638
Flagging channels in  28 frequency ranges
 01:06:52 CAOBS> stop
 01:07:19 CAOBS> set file c3132_obs_d4.sch
 01:08:10 CAOBS> start 9/99
Scan 2 started at 16DEC23:01:09:48.0
Source: 2245-328
Scan 3 started at 16DEC23:01:12:28.0
Source: d_621
Source: d_622
Source: d_623
Source: d_624
Source: d_625
Source: d_626
Source: d_627
Source: d_628
Source: d_629
Source: d_630
Source: d_631
Source: d_632
Source: d_633
Source: d_634
Source: d_635
Source: d_636
Source: d_637
Source: d_638
Source: d_639
Source: d_640
Scan 4 started at 16DEC23:01:25:56.0
Source: 2245-328
Scan 5 started at 16DEC23:01:28:36.0
Source: d_641
Source: d_642
Source: d_643
Source: d_644
Source: d_645
Source: d_646
Source: d_647
Source: d_648
Source: d_649
Source: d_650
Source: d_651
Source: d_652
Source: d_653
Source: d_654
Source: d_655
Source: d_656
Source: d_657
Source: d_658
Source: d_659
Source: d_660
Scan 6 started at 16DEC23:01:42:04.0
Source: 2245-328
Scan 7 started at 16DEC23:01:44:44.0
Source: d_661
Source: d_662
Source: d_663
Source: d_664
Source: d_665
Source: d_666
Source: d_667
Source: d_668
Source: d_669
Source: d_670
Source: d_671
Source: d_672
Source: d_673
Source: d_674
Source: d_675
Source: d_676
Source: d_677
Source: d_678
Source: d_679
Source: d_680
Scan 8 started at 16DEC23:01:58:12.0
Source: 2245-328
Scan 9 started at 16DEC23:02:00:52.0
Source: d_681
Source: d_682
Source: d_683
Source: d_684
Source: d_685
Source: d_686
Source: d_687
Source: d_688
Source: d_689
Source: d_690
Source: d_691
Source: d_692
Source: d_693
Source: d_694
Source: d_695
Source: d_696
Source: d_697
Source: d_698
Source: d_699
Source: d_700
Scan 10 started at 16DEC23:02:14:20.0
Source: 2245-328
Scan 11 started at 16DEC23:02:17:00.0
Source: d_701
Source: d_702
Source: d_703
Source: d_704
Source: d_705
Source: d_706
Source: d_707
Source: d_708
Source: d_709
Source: d_710
Source: d_711
Source: d_712
Source: d_713
Source: d_714
Source: d_715
Source: d_716
Source: d_717
Source: d_718
Source: d_719
Source: d_720
Scan 12 started at 16DEC23:02:30:28.0
Source: 2245-328
Scan 13 started at 16DEC23:02:33:08.0
Source: d_541
Source: d_542
Source: d_543
Source: d_544
Source: d_545
Source: d_546
Source: d_547
Source: d_548
Source: d_549
Source: d_550
Source: d_551
Source: d_552
Source: d_553
Source: d_554
Source: d_555
Source: d_556
Source: d_557
Source: d_558
Source: d_559
Source: d_560
Scan 14 started at 16DEC23:02:46:36.0
Source: 2245-328
Scan 15 started at 16DEC23:02:49:16.0
Source: d_561
Source: d_562
Source: d_563
Source: d_564
Source: d_565
Source: d_566
Source: d_567
Source: d_568
Source: d_569
Source: d_570
Source: d_571
Source: d_572
Source: d_573
Source: d_574
Source: d_575
Source: d_576
Source: d_577
Source: d_578
Source: d_579
Source: d_580
Scan 16 started at 16DEC23:03:02:44.0
Source: 2245-328
Scan 17 started at 16DEC23:03:05:24.0
Source: d_581
Source: d_582
Source: d_583
Source: d_584
Source: d_585
Source: d_586
Source: d_587
Source: d_588
Source: d_589
Source: d_590
Source: d_591
Source: d_592
Source: d_593
Source: d_594
Source: d_595
Source: d_596
Source: d_597
Source: d_598
Source: d_599
Source: d_600
Scan 18 started at 16DEC23:03:18:52.0
Source: 2245-328
Scan 19 started at 16DEC23:03:21:32.0
Source: d_601
Source: d_602
Source: d_603
Source: d_604
Source: d_605
Source: d_606
Source: d_607
Source: d_608
Source: d_609
Source: d_610
Source: d_611
Source: d_612
Source: d_613
Source: d_614
Source: d_615
Source: d_616
Source: d_617
Source: d_618
Source: d_619
Source: d_620
Scan 20 started at 16DEC23:03:35:00.0
Source: 2245-328
Scan 21 started at 16DEC23:03:37:48.0
Source: d_621
Source: d_622
Source: d_623
Source: d_624
Source: d_625
Source: d_626
Source: d_627
Source: d_628
RPFITS file version is 2.12
---------------------------------------
Total number of spectra selected: 72660

Summary of spectra flagged
Flagging Reason            Fraction
---------------            --------
Antenna off-source/off-line  3.46%
---------------------------------------
Processing file raw/2016-12-23_0342.C3132
CABB data detected
Scan 1 started at 16DEC23:03:42:44.0
Source: d_628
Source: d_629
Source: d_630
Source: d_631
Source: d_632
Source: d_633
Source: d_634
Source: d_635
Source: d_636
Source: d_637
Source: d_638
Source: d_639
Source: d_640
Scan 2 started at 16DEC23:03:51:16.0
Source: 2245-328
Scan 3 started at 16DEC23:03:54:04.0
Source: d_641
Source: d_642
Source: d_643
Source: d_644
Source: d_645
Source: d_646
Source: d_647
Source: d_648
Source: d_649
Source: d_650
Source: d_651
Source: d_652
Source: d_653
Source: d_654
Source: d_655
Source: d_656
Source: d_657
Source: d_658
Source: d_659
Source: d_660
Scan 4 started at 16DEC23:04:07:32.0
Source: 2245-328
Scan 5 started at 16DEC23:04:10:28.0
Source: d_661
Source: d_662
Source: d_663
Source: d_664
Source: d_665
Source: d_666
Source: d_667
Source: d_668
Source: d_669
Source: d_670
Source: d_671
Source: d_672
Source: d_673
Source: d_674
Source: d_675
Source: d_676
Source: d_677
Source: d_678
Source: d_679
Source: d_680
Scan 6 started at 16DEC23:04:23:48.0
Source: 2245-328
Scan 7 started at 16DEC23:04:26:36.0
Source: d_681
Source: d_682
Source: d_683
Source: d_684
Source: d_685
Source: d_686
Source: d_687
Source: d_688
Source: d_689
Source: d_690
Source: d_691
Source: d_692
Source: d_693
Source: d_694
Source: d_695
Source: d_696
Source: d_697
Source: d_698
Source: d_699
Source: d_700
Scan 8 started at 16DEC23:04:40:12.0
Source: 2245-328
Scan 9 started at 16DEC23:04:43:00.0
Source: d_701
Source: d_702
Source: d_703
Source: d_704
Source: d_705
Source: d_706
Source: d_707
Source: d_708
Source: d_709
Source: d_710
Source: d_711
Source: d_712
Source: d_713
Source: d_714
Source: d_715
Source: d_716
Source: d_717
Source: d_718
Source: d_719
Source: d_720
Scan 10 started at 16DEC23:04:56:28.0
Source: 2245-328
Scan 11 started at 16DEC23:04:59:24.0
Source: d_541
Source: d_542
Source: d_543
Source: d_544
Source: d_545
Source: d_546
Source: d_547
Source: d_548
Source: d_549
Source: d_550
Source: d_551
Source: d_552
Source: d_553
Source: d_554
Source: d_555
Source: d_556
Source: d_557
Source: d_558
Source: d_559
Source: d_560
Scan 12 started at 16DEC23:05:12:52.0
Source: 2245-328
Scan 13 started at 16DEC23:05:15:40.0
Source: d_561
Source: d_562
Source: d_563
Source: d_564
Source: d_565
Source: d_566
Source: d_567
Source: d_568
Source: d_569
Source: d_570
Source: d_571
Source: d_572
Source: d_573
Source: d_574
Source: d_575
Source: d_576
Source: d_577
Source: d_578
Source: d_579
Source: d_580
Scan 14 started at 16DEC23:05:29:08.0
Source: 2245-328
Scan 15 started at 16DEC23:05:32:04.0
Source: d_581
Source: d_582
Source: d_583
Source: d_584
Source: d_585
Source: d_586
Source: d_587
Source: d_588
Source: d_589
Source: d_590
Source: d_591
Source: d_592
Source: d_593
Source: d_594
Source: d_595
Source: d_596
Source: d_597
Source: d_598
Source: d_599
Source: d_600
Scan 16 started at 16DEC23:05:45:24.0
Source: 2245-328
Scan 17 started at 16DEC23:05:48:36.0
Source: d_601
Source: d_602
Source: d_603
Source: d_604
Source: d_605
Source: d_606
Source: d_607
Source: d_608
Source: d_609
Source: d_610
Source: d_611
Source: d_612
Source: d_613
Source: d_614
Source: d_615
Source: d_616
Source: d_617
Source: d_618
Source: d_619
Source: d_620
Scan 18 started at 16DEC23:06:01:56.0
Source: 2245-328
Scan 19 started at 16DEC23:06:05:00.0
Source: d_621
Source: d_622
Source: d_623
Source: d_624
Source: d_625
Source: d_626
Source: d_627
Source: d_628
Source: d_629
Source: d_630
Source: d_631
Source: d_632
Source: d_633
Source: d_634
Source: d_635
Source: d_636
Source: d_637
Source: d_638
Source: d_639
Source: d_640
Scan 20 started at 16DEC23:06:18:28.0
Source: 2245-328
Scan 21 started at 16DEC23:06:21:48.0
Source: d_641
Source: d_642
Source: d_643
Source: d_644
Source: d_645
Source: d_646
Source: d_647
Source: d_648
Source: d_649
Source: d_650
Source: d_651
Source: d_652
Source: d_653
RPFITS file version is 2.12
---------------------------------------
Total number of spectra selected: 72660

Summary of spectra flagged
Flagging Reason            Fraction
---------------            --------
Antenna off-source/off-line  4.62%
---------------------------------------
Processing file raw/2016-12-23_0629.C3132
CABB data detected
Scan 1 started at 16DEC23:06:29:32.0
Source: d_653
Source: d_654
Source: d_655
Source: d_656
Source: d_657
Source: d_658
Source: d_659
Source: d_660
Scan 2 started at 16DEC23:06:35:32.0
Source: 2245-328
Scan 3 started at 16DEC23:06:39:08.0
Source: d_662
Source: d_663
Source: d_664
Source: d_665
Source: d_666
Source: d_667
Source: d_668
Source: d_669
Source: d_670
Source: d_671
Source: d_672
Source: d_673
Source: d_674
Source: d_675
Source: d_676
Source: d_677
Source: d_678
Source: d_679
Source: d_680
Scan 4 started at 16DEC23:06:53:00.0
Source: 2245-328
Scan 5 started at 16DEC23:06:56:36.0
Source: d_681
Source: d_682
Source: d_683
Source: d_684
Source: d_685
Source: d_686
Source: d_687
Source: d_688
Source: d_689
Source: d_690
Source: d_691
Source: d_692
Source: d_693
Source: d_694
Source: d_695
Source: d_696
Source: d_697
Source: d_698
Source: d_699
Source: d_700
Scan 6 started at 16DEC23:07:10:36.0
Source: 2245-328
Scan 7 started at 16DEC23:07:13:56.0
Source: d_701
Source: d_702
Source: d_703
Source: d_704
Source: d_705
Source: d_706
Source: d_707
Source: d_708
Source: d_709
Source: d_710
Source: d_711
Source: d_712
Source: d_713
Source: d_714
Source: d_715
Source: d_716
Source: d_717
Source: d_718
Source: d_719
Source: d_720
Scan 8 started at 16DEC23:07:27:24.0
Source: 2245-328
Scan 9 started at 16DEC23:07:30:28.0
Source: d_541
Source: d_542
Source: d_543
Source: d_544
Source: d_545
Source: d_546
Source: d_547
Source: d_548
Source: d_549
Source: d_550
Source: d_551
Source: d_552
Source: d_553
Source: d_554
Source: d_555
Source: d_556
Source: d_557
Source: d_558
Source: d_559
Source: d_560
Scan 10 started at 16DEC23:07:44:04.0
Source: 2245-328
Scan 11 started at 16DEC23:07:47:00.0
Source: d_561
Source: d_562
Source: d_563
Source: d_564
Source: d_565
Source: d_566
Source: d_567
Source: d_568
Source: d_569
Source: d_570
Source: d_571
Source: d_572
Source: d_573
Source: d_574
Source: d_575
Source: d_576
Source: d_577
Source: d_578
Source: d_579
Source: d_580
Scan 12 started at 16DEC23:08:00:28.0
Source: 2245-328
Scan 13 started at 16DEC23:08:03:32.0
Source: d_581
Source: d_582
Source: d_583
Source: d_584
Source: d_585
Source: d_586
Source: d_587
Source: d_588
Source: d_589
Source: d_590
Source: d_591
Source: d_592
Source: d_593
Source: d_594
Source: d_595
Source: d_596
Source: d_597
Source: d_598
Source: d_599
Source: d_600
Scan 14 started at 16DEC23:08:16:52.0
Source: 2245-328
Scan 15 started at 16DEC23:08:19:48.0
Source: d_601
Source: d_602
Source: d_603
Source: d_604
Source: d_605
Source: d_606
Source: d_607
Source: d_608
Source: d_609
Source: d_610
Source: d_611
Source: d_612
Source: d_613
Source: d_614
Source: d_615
Source: d_616
Source: d_617
Source: d_618
Source: d_619
Source: d_620
Scan 16 started at 16DEC23:08:33:08.0
Source: 2245-328
Scan 17 started at 16DEC23:08:36:04.0
Source: d_621
Source: d_622
Source: d_623
Source: d_624
Source: d_625
Source: d_626
Source: d_627
Source: d_628
Source: d_629
Source: d_630
Source: d_631
Source: d_632
Source: d_633
Source: d_634
Source: d_635
Source: d_636
Source: d_637
Source: d_638
Source: d_639
Source: d_640
Scan 18 started at 16DEC23:08:49:32.0
Source: 2245-328
Scan 19 started at 16DEC23:08:52:20.0
Source: d_641
Source: d_642
Source: d_643
Source: d_644
Source: d_645
Source: d_646
Source: d_647
Source: d_648
Source: d_649
Source: d_650
Source: d_651
Source: d_652
Source: d_653
Source: d_654
Source: d_655
Source: d_656
Source: d_657
Source: d_658
Source: d_659
Source: d_660
Scan 20 started at 16DEC23:09:05:48.0
Source: 2245-328
Scan 21 started at 16DEC23:09:08:44.0
Source: d_661
Source: d_662
Source: d_663
Source: d_664
Source: d_665
Source: d_666
Source: d_667
Source: d_668
Source: d_669
Source: d_670
Source: d_671
Source: d_672
RPFITS file version is 2.12
---------------------------------------
Total number of spectra selected: 72660

Summary of spectra flagged
Flagging Reason            Fraction
---------------            --------
Antenna off-source/off-line  7.87%
---------------------------------------
Processing file raw/2016-12-23_0916.C3132
CABB data detected
Scan 1 started at 16DEC23:09:16:20.0
Source: d_672
Source: d_673
Source: d_674
Source: d_675
Source: d_676
Source: d_677
Source: d_678
Source: d_679
Source: d_680
Scan 2 started at 16DEC23:09:22:04.0
Source: 2245-328
Scan 3 started at 16DEC23:09:24:52.0
Source: d_681
Source: d_682
Source: d_683
Source: d_684
Source: d_685
Source: d_686
Source: d_687
Source: d_688
Source: d_689
Source: d_690
Source: d_691
Source: d_692
Source: d_693
Source: d_694
Source: d_695
Source: d_696
Source: d_697
Source: d_698
Source: d_699
Source: d_700
Scan 4 started at 16DEC23:09:38:20.0
Source: 2245-328
Scan 5 started at 16DEC23:09:41:00.0
Source: d_701
Source: d_702
Source: d_703
Source: d_704
Source: d_705
Source: d_706
Source: d_707
Source: d_708
Source: d_709
Source: d_710
Source: d_711
Source: d_712
Source: d_713
Source: d_714
Source: d_715
Source: d_716
Source: d_717
Source: d_718
Source: d_719
Source: d_720
Scan 6 started at 16DEC23:09:54:28.0
Source: 2245-328
Scan 7 started at 16DEC23:09:57:08.0
Source: d_541
Source: d_542
Source: d_543
Source: d_544
Source: d_545
Source: d_546
Source: d_547
Source: d_548
Source: d_549
Source: d_550
Source: d_551
Source: d_552
Source: d_553
Source: d_554
Source: d_555
Source: d_556
Source: d_557
Source: d_558
Source: d_559
Source: d_560
Scan 8 started at 16DEC23:10:10:36.0
Source: 2245-328
Scan 9 started at 16DEC23:10:13:16.0
Source: d_561
Source: d_562
Source: d_563
Source: d_564
Source: d_565
Source: d_566
Source: d_567
Source: d_568
Source: d_569
Source: d_570
Source: d_571
Source: d_572
Source: d_573
Source: d_574
Source: d_575
Source: d_576
Source: d_577
Source: d_578
Source: d_579
Source: d_580
Scan 10 started at 16DEC23:10:26:44.0
Source: 2245-328
Scan 11 started at 16DEC23:10:29:24.0
Source: d_581
Source: d_582
Source: d_583
Source: d_584
Source: d_585
Source: d_586
Source: d_587
Source: d_588
Source: d_589
Source: d_590
Source: d_591
Source: d_592
Source: d_593
Source: d_594
Source: d_595
Source: d_596
Source: d_597
Source: d_598
Source: d_599
Source: d_600
Scan 12 started at 16DEC23:10:42:52.0
Source: 2245-328
Scan 13 started at 16DEC23:10:45:40.0
Source: d_601
Source: d_602
Source: d_603
Source: d_604
Source: d_605
Source: d_606
Source: d_607
Source: d_608
Source: d_609
Source: d_610
Source: d_611
Source: d_612
Source: d_613
Source: d_614
Source: d_615
Source: d_616
Source: d_617
Source: d_618
Source: d_619
Source: d_620
Scan 14 started at 16DEC23:10:59:08.0
Source: 2245-328
Scan 15 started at 16DEC23:11:01:48.0
Source: d_621
Source: d_622
Source: d_623
Source: d_624
Source: d_625
Source: d_626
Source: d_627
Source: d_628
Source: d_629
Source: d_630
Source: d_631
Source: d_632
Source: d_633
Source: d_634
Source: d_635
Source: d_636
Source: d_637
Source: d_638
Source: d_639
Source: d_640
Scan 16 started at 16DEC23:11:15:16.0
Source: 2245-328
Scan 17 started at 16DEC23:11:17:56.0
Source: d_641
Source: d_642
Source: d_643
Source: d_644
Source: d_645
Source: d_646
Source: d_647
Source: d_648
Source: d_649
Source: d_650
Source: d_651
Source: d_652
Source: d_653
Source: d_654
Source: d_655
Source: d_656
Source: d_657
Source: d_658
Source: d_659
Source: d_660
Scan 18 started at 16DEC23:11:31:24.0
Source: 2245-328
Scan 19 started at 16DEC23:11:34:04.0
Source: d_661
Source: d_662
Source: d_663
Source: d_664
Source: d_665
Source: d_666
Source: d_667
Source: d_668
Source: d_669
Source: d_670
Source: d_671
Source: d_672
Source: d_673
Source: d_674
Source: d_675
Source: d_676
Source: d_677
Source: d_678
Source: d_679
Source: d_680
Scan 20 started at 16DEC23:11:47:32.0
Source: 2245-328
Scan 21 started at 16DEC23:11:50:12.0
Source: d_681
Source: d_682
Source: d_683
Source: d_684
Source: d_685
Source: d_686
Source: d_687
Source: d_688
Source: d_689
Source: d_690
Source: d_691
Source: d_692
Source: d_693
Source: d_694
Source: d_695
Source: d_696
Source: d_697
Source: d_698
Source: d_699
Source: d_700
RPFITS file version is 2.12
---------------------------------------
Total number of spectra selected: 72660

Summary of spectra flagged
Flagging Reason            Fraction
---------------            --------
Antenna off-source/off-line  2.86%
---------------------------------------
Processing file raw/2016-12-23_1203.C3132
CABB data detected
Scan 1 started at 16DEC23:12:03:08.0
Source: d_700
Scan 2 started at 16DEC23:12:03:48.0
Source: 2245-328
Scan 3 started at 16DEC23:12:06:28.0
Source: d_701
Source: d_702
Source: d_703
Source: d_704
Source: d_705
Source: d_706
Source: d_707
Source: d_708
Source: d_709
Source: d_710
Source: d_711
Source: d_712
Source: d_713
Source: d_714
Source: d_715
Source: d_716
Source: d_717
Source: d_718
Source: d_719
Source: d_720
Scan 4 started at 16DEC23:12:19:56.0
Source: 2245-328
Scan 5 started at 16DEC23:12:22:36.0
Source: d_541
Source: d_542
Source: d_543
Source: d_544
Source: d_545
Source: d_546
Source: d_547
Source: d_548
Source: d_549
Source: d_550
Source: d_551
Source: d_552
Source: d_553
Source: d_554
Source: d_555
Source: d_556
Source: d_557
Source: d_558
Source: d_559
Source: d_560
Scan 6 started at 16DEC23:12:36:12.0
Source: 2245-328
Scan 7 started at 16DEC23:12:38:52.0
Source: d_561
Source: d_562
Source: d_563
Source: d_564
Source: d_565
Source: d_566
Source: d_567
Source: d_568
Source: d_569
Source: d_570
Source: d_571
Source: d_572
Source: d_573
Source: d_574
Source: d_575
Source: d_576
Source: d_577
Source: d_578
Source: d_579
Source: d_580
Scan 8 started at 16DEC23:12:52:20.0
Source: 2245-328
 12:54:36 CAOBS> stop
 12:54:50 CAOBS> corr close file
RPFITS file version is 2.12
---------------------------------------
Total number of spectra selected: 22200

Summary of spectra flagged
Flagging Reason            Fraction
---------------            --------
Antenna off-source/off-line  3.06%
---------------------------------------

No CACAL data was detected

2018-08-06 03:45:19,128 [MainThread  ] [INFO ]  uvsplit vis=data5.uv options=mosaic

uvsplit: Revision 1.18, 2016/05/09 03:06:18 UTC

Creating 1934-638.5500
Creating 2245-328.5500
Creating d.5500

2018-08-06 03:45:32,239 [MainThread  ] [INFO ]  pgflag vis=1934-638.5500 command='<b' stokes=i,q,u,v flagpar=8,5,5,3,6,3 options=nodisp

pgflag: Revision 1.30, 2016/10/05 23:06:50 UTC

Applying changes to dataset
Counts of correlations within selected channels:
 channel  Originally  Currently
 Good:      10101600   10038220    Changed to bad:      63380
 Bad:        1208880    1272260    Changed to good:         0
 11.2% of the data is now flagged

2018-08-06 03:45:43,328 [MainThread  ] [INFO ]  pgflag vis=1934-638.5500 command='<b' stokes=i,v,q,u flagpar=8,2,2,3,6,3  options=nodisp

pgflag: Revision 1.30, 2016/10/05 23:06:50 UTC

Applying changes to dataset
Counts of correlations within selected channels:
 channel  Originally  Currently
 Good:      10038220    9972768    Changed to bad:      65452
 Bad:        1272260    1337712    Changed to good:         0
 11.8% of the data is now flagged

2018-08-06 03:45:54,569 [MainThread  ] [INFO ]  pgflag vis=1934-638.5500 command='<b' stokes=i,v,u,q flagpar=8,2,2,3,6,3  options=nodisp

pgflag: Revision 1.30, 2016/10/05 23:06:50 UTC

Applying changes to dataset
Counts of correlations within selected channels:
 channel  Originally  Currently
 Good:       9972768    9858976    Changed to bad:     113792
 Bad:        1337712    1451504    Changed to good:         0
 12.8% of the data is now flagged

2018-08-06 03:47:02,650 [MainThread  ] [INFO ]  mfcal vis=1934-638.5500 refant=4 interval=0.1
MfCal: $Revision: 1.20 $, $Date: 2017/05/08 02:31:10 $
Selecting parallel-hand polarisations
Reading the data ...
Number correlations accepted: 4929488
Number of frequency bands/settings: 1
Number of polarisations selected: 2
Number of solution intervals: 92
Number of passband solution intervals: 1
Initialising ...
Using post-Aug94 ATCA flux scale for 1934-638.
Using known frequency variation of 1934-638
Generating initial solution estimate ...
Doing solution refinement ...
Iter= 1, Solution Error:  0.393
Iter= 2, Solution Error:  0.005
Iter= 3, Solution Error:  0.000
Saving solution ...

2018-08-06 03:47:03,434 [MainThread  ] [INFO ]  gpcal vis=1934-638.5500 refant=4 interval=0.1 nfbin=2 options=xyvary

gpcal: Revision 1.22, 2016/05/01 22:31:05 UTC

Applying bandpass corrections to 1934-638.5500
Number of antennae: 6
Reading the data ...
Number of solution intervals: 92
Total visibilities read: 1380
Number visibilities accepted: 1380
Using post-Aug94 ATCA flux scale for 1934-638.
Using IQUV =  5.0066,  0.0000,  0.0000,  0.0000 at   5.4614 GHz.
Using post-Aug94 ATCA flux scale for 1934-638.
Using IQUV =  5.5170,  0.0000,  0.0000,  0.0000 at   5.0318 GHz.
Using post-Aug94 ATCA flux scale for 1934-638.
Using IQUV =  4.5131,  0.0000,  0.0000,  0.0000 at   5.9516 GHz.
Iter= 1, Amplit/Phase Solution Error:   0.307
Iter= 1, Polarisation Solution Error:   0.039
Iter= 1, Overall Solution Error:        1.228
Iter= 2, Amplit/Phase Solution Error:   0.002
Iter= 2, Polarisation Solution Error:   0.000
Iter= 2, Overall Solution Error:        0.003
Iter= 3, Amplit/Phase Solution Error:   0.001
Iter= 3, Polarisation Solution Error:   0.000
Iter= 3, Overall Solution Error:        0.001
I flux density:   5.0066
Leakage terms:
 Ant 1:Dx,Dy = ( 0.00126, 0.00144),(-0.00019, 0.00217)
 Ant 2:Dx,Dy = ( 0.00451, 0.00654),(-0.00389, 0.00677)
 Ant 3:Dx,Dy = ( 0.00580,-0.00336),(-0.00812,-0.00352)
 Ant 4:Dx,Dy = ( 0.00570, 0.01752),(-0.00350, 0.01836)
 Ant 5:Dx,Dy = (-0.01700,-0.00172),( 0.01681,-0.00144)
 Ant 6:Dx,Dy = ( 0.00056,-0.02153),(-0.00027,-0.02124)
Solution for freq bin  1
Iter= 1, Amplit/Phase Solution Error:   0.295
Iter= 1, Polarisation Solution Error:   0.042
Iter= 1, Overall Solution Error:        1.187
Iter= 2, Amplit/Phase Solution Error:   0.002
Iter= 2, Polarisation Solution Error:   0.000
Iter= 2, Overall Solution Error:        0.003
Iter= 3, Amplit/Phase Solution Error:   0.001
Iter= 3, Polarisation Solution Error:   0.000
Iter= 3, Overall Solution Error:        0.001
I flux density:   5.5170
Leakage terms:
 Ant 1:Dx,Dy = ( 0.00126, 0.00184),(-0.00045, 0.00258)
 Ant 2:Dx,Dy = ( 0.00520, 0.00716),(-0.00421, 0.00755)
 Ant 3:Dx,Dy = ( 0.00544,-0.00349),(-0.00866,-0.00299)
 Ant 4:Dx,Dy = ( 0.00558, 0.01824),(-0.00375, 0.01907)
 Ant 5:Dx,Dy = (-0.01754,-0.00227),( 0.01643,-0.00183)
 Ant 6:Dx,Dy = (-0.00047,-0.02320),( 0.00012,-0.02265)
Solution for freq bin  2
Iter= 1, Amplit/Phase Solution Error:   0.324
Iter= 1, Polarisation Solution Error:   0.036
Iter= 1, Overall Solution Error:        1.284
Iter= 2, Amplit/Phase Solution Error:   0.001
Iter= 2, Polarisation Solution Error:   0.000
Iter= 2, Overall Solution Error:        0.002
Iter= 3, Amplit/Phase Solution Error:   0.001
Iter= 3, Polarisation Solution Error:   0.000
Iter= 3, Overall Solution Error:        0.001
I flux density:   4.5131
Leakage terms:
 Ant 1:Dx,Dy = ( 0.00127, 0.00093),( 0.00012, 0.00166)
 Ant 2:Dx,Dy = ( 0.00360, 0.00572),(-0.00345, 0.00576)
 Ant 3:Dx,Dy = ( 0.00628,-0.00319),(-0.00741,-0.00420)
 Ant 4:Dx,Dy = ( 0.00585, 0.01659),(-0.00319, 0.01747)
 Ant 5:Dx,Dy = (-0.01632,-0.00101),( 0.01728,-0.00094)
 Ant 6:Dx,Dy = ( 0.00190,-0.01937),(-0.00078,-0.01941)

2018-08-06 03:47:20,606 [MainThread  ] [INFO ]  pgflag vis=1934-638.5500 command='<b' stokes=i,q,u,v flagpar=8,5,5,3,6,3 options=nodisp

pgflag: Revision 1.30, 2016/10/05 23:06:50 UTC

Applying bandpass corrections to 1934-638.5500
Applying freq. dependent gain corrections to 1934-638.5500
Applying freq. dependent leakage correction to 1934-638.5500
Applying changes to dataset
Counts of correlations within selected channels:
 channel  Originally  Currently
 Good:       9858976    9832024    Changed to bad:      26952
 Bad:        1451504    1478456    Changed to good:         0
 13.1% of the data is now flagged

2018-08-06 03:47:37,763 [MainThread  ] [INFO ]  pgflag vis=1934-638.5500 command='<b' stokes=i,v,q,u flagpar=8,2,2,3,6,3  options=nodisp

pgflag: Revision 1.30, 2016/10/05 23:06:50 UTC

Applying bandpass corrections to 1934-638.5500
Applying freq. dependent gain corrections to 1934-638.5500
Applying freq. dependent leakage correction to 1934-638.5500
Applying changes to dataset
Counts of correlations within selected channels:
 channel  Originally  Currently
 Good:       9832024    9805236    Changed to bad:      26788
 Bad:        1478456    1505244    Changed to good:         0
 13.3% of the data is now flagged

2018-08-06 03:47:55,411 [MainThread  ] [INFO ]  pgflag vis=1934-638.5500 command='<b' stokes=i,v,u,q flagpar=8,2,2,3,6,3  options=nodisp

pgflag: Revision 1.30, 2016/10/05 23:06:50 UTC

Applying bandpass corrections to 1934-638.5500
Applying freq. dependent gain corrections to 1934-638.5500
Applying freq. dependent leakage correction to 1934-638.5500
Applying changes to dataset
Counts of correlations within selected channels:
 channel  Originally  Currently
 Good:       9805236    9782824    Changed to bad:      22412
 Bad:        1505244    1527656    Changed to good:         0
 13.5% of the data is now flagged

2018-08-06 03:48:54,523 [MainThread  ] [INFO ]  mfcal vis=1934-638.5500 refant=4 interval=0.1
MfCal: $Revision: 1.20 $, $Date: 2017/05/08 02:31:10 $
Selecting parallel-hand polarisations
Reading the data ...
Number correlations accepted: 4891412
Number of frequency bands/settings: 1
Number of polarisations selected: 2
Number of solution intervals: 92
Number of passband solution intervals: 1
Initialising ...
Using post-Aug94 ATCA flux scale for 1934-638.
Using known frequency variation of 1934-638
Generating initial solution estimate ...
Doing solution refinement ...
Iter= 1, Solution Error:  0.394
Iter= 2, Solution Error:  0.005
Iter= 3, Solution Error:  0.000
Saving solution ...

2018-08-06 03:48:56,015 [MainThread  ] [INFO ]  gpcal vis=1934-638.5500 refant=4 interval=0.1 nfbin=2 options=xyvary

gpcal: Revision 1.22, 2016/05/01 22:31:05 UTC

Applying bandpass corrections to 1934-638.5500
Number of antennae: 6
Using leakage parameters from input as initial guess
Reading the data ...
Number of solution intervals: 92
Total visibilities read: 1380
Number visibilities accepted: 1380
Using post-Aug94 ATCA flux scale for 1934-638.
Using IQUV =  5.0063,  0.0000,  0.0000,  0.0000 at   5.4617 GHz.
Using post-Aug94 ATCA flux scale for 1934-638.
Using IQUV =  5.5141,  0.0000,  0.0000,  0.0000 at   5.0341 GHz.
Using post-Aug94 ATCA flux scale for 1934-638.
Using IQUV =  4.5149,  0.0000,  0.0000,  0.0000 at   5.9496 GHz.
Iter= 1, Amplit/Phase Solution Error:   0.308
Iter= 1, Polarisation Solution Error:   0.000
Iter= 1, Overall Solution Error:        1.228
Iter= 2, Amplit/Phase Solution Error:   0.002
Iter= 2, Polarisation Solution Error:   0.000
Iter= 2, Overall Solution Error:        0.003
Iter= 3, Amplit/Phase Solution Error:   0.001
Iter= 3, Polarisation Solution Error:   0.000
Iter= 3, Overall Solution Error:        0.001
I flux density:   5.0063
Leakage terms:
 Ant 1:Dx,Dy = ( 0.00125, 0.00144),(-0.00020, 0.00217)
 Ant 2:Dx,Dy = ( 0.00452, 0.00655),(-0.00388, 0.00678)
 Ant 3:Dx,Dy = ( 0.00581,-0.00336),(-0.00812,-0.00351)
 Ant 4:Dx,Dy = ( 0.00569, 0.01751),(-0.00348, 0.01838)
 Ant 5:Dx,Dy = (-0.01700,-0.00173),( 0.01680,-0.00145)
 Ant 6:Dx,Dy = ( 0.00056,-0.02154),(-0.00029,-0.02124)
Solution for freq bin  1
Iter= 1, Amplit/Phase Solution Error:   0.296
Iter= 1, Polarisation Solution Error:   0.003
Iter= 1, Overall Solution Error:        1.187
Iter= 2, Amplit/Phase Solution Error:   0.002
Iter= 2, Polarisation Solution Error:   0.000
Iter= 2, Overall Solution Error:        0.003
Iter= 3, Amplit/Phase Solution Error:   0.001
Iter= 3, Polarisation Solution Error:   0.000
Iter= 3, Overall Solution Error:        0.001
I flux density:   5.5141
Leakage terms:
 Ant 1:Dx,Dy = ( 0.00125, 0.00184),(-0.00046, 0.00258)
 Ant 2:Dx,Dy = ( 0.00521, 0.00716),(-0.00419, 0.00754)
 Ant 3:Dx,Dy = ( 0.00545,-0.00349),(-0.00867,-0.00298)
 Ant 4:Dx,Dy = ( 0.00558, 0.01823),(-0.00371, 0.01908)
 Ant 5:Dx,Dy = (-0.01754,-0.00230),( 0.01642,-0.00185)
 Ant 6:Dx,Dy = (-0.00046,-0.02319),( 0.00010,-0.02262)
Solution for freq bin  2
Iter= 1, Amplit/Phase Solution Error:   0.324
Iter= 1, Polarisation Solution Error:   0.003
Iter= 1, Overall Solution Error:        1.283
Iter= 2, Amplit/Phase Solution Error:   0.001
Iter= 2, Polarisation Solution Error:   0.000
Iter= 2, Overall Solution Error:        0.002
Iter= 3, Amplit/Phase Solution Error:   0.001
Iter= 3, Polarisation Solution Error:   0.000
Iter= 3, Overall Solution Error:        0.001
I flux density:   4.5149
Leakage terms:
 Ant 1:Dx,Dy = ( 0.00126, 0.00093),( 0.00013, 0.00166)
 Ant 2:Dx,Dy = ( 0.00361, 0.00574),(-0.00345, 0.00578)
 Ant 3:Dx,Dy = ( 0.00628,-0.00319),(-0.00741,-0.00420)
 Ant 4:Dx,Dy = ( 0.00583, 0.01661),(-0.00319, 0.01749)
 Ant 5:Dx,Dy = (-0.01633,-0.00102),( 0.01727,-0.00094)
 Ant 6:Dx,Dy = ( 0.00189,-0.01941),(-0.00079,-0.01944)

2018-08-06 03:48:57,871 [MainThread  ] [INFO ]  gpcopy vis=1934-638.5500 out=2245-328.5500

gpcopy: Revision 1.13, 2015/10/29 01:31:39 UTC

Copying leakage table
Copying gain table
Interpolation tolerance set to (minutes): 720.00
Copying bandpass table

2018-08-06 03:51:44,669 [MainThread  ] [INFO ]  pgflag vis=2245-328.5500 command='<b' stokes=i,q,u,v flagpar=8,5,5,3,6,3 options=nodisp

pgflag: Revision 1.30, 2016/10/05 23:06:50 UTC

Applying bandpass corrections to 2245-328.5500
Applying freq. dependent gain corrections to 2245-328.5500
Applying freq. dependent leakage correction to 2245-328.5500
Applying changes to dataset
Counts of correlations within selected channels:
 channel  Originally  Currently
 Good:      72621720   72094620    Changed to bad:     527100
 Bad:        8690796    9217896    Changed to good:         0
 11.3% of the data is now flagged

2018-08-06 03:54:16,635 [MainThread  ] [INFO ]  pgflag vis=2245-328.5500 command='<b' stokes=i,v,q,u flagpar=8,2,2,3,6,3  options=nodisp

pgflag: Revision 1.30, 2016/10/05 23:06:50 UTC

Applying bandpass corrections to 2245-328.5500
Applying freq. dependent gain corrections to 2245-328.5500
Applying freq. dependent leakage correction to 2245-328.5500
Applying changes to dataset
Counts of correlations within selected channels:
 channel  Originally  Currently
 Good:      72094620   71682440    Changed to bad:     412180
 Bad:        9217896    9630076    Changed to good:         0
 11.8% of the data is now flagged

2018-08-06 03:56:56,923 [MainThread  ] [INFO ]  pgflag vis=2245-328.5500 command='<b' stokes=i,v,u,q flagpar=8,2,2,3,6,3  options=nodisp

pgflag: Revision 1.30, 2016/10/05 23:06:50 UTC

Applying bandpass corrections to 2245-328.5500
Applying freq. dependent gain corrections to 2245-328.5500
Applying freq. dependent leakage correction to 2245-328.5500
Applying changes to dataset
Counts of correlations within selected channels:
 channel  Originally  Currently
 Good:      71682440   71227816    Changed to bad:     454624
 Bad:        9630076   10084700    Changed to good:         0
 12.4% of the data is now flagged

2018-08-06 03:57:01,080 [MainThread  ] [INFO ]  gpcal vis=2245-328.5500 refant=4 interval=0.1 nfbin=2 options=xyvary,qusolve

gpcal: Revision 1.22, 2016/05/01 22:31:05 UTC

Applying bandpass corrections to 2245-328.5500
Number of antennae: 6
Using leakage parameters from input as initial guess
Reading the data ...
Number of solution intervals: 662
Total visibilities read: 9921
Number visibilities accepted: 9920
Iter= 1, Amplit/Phase Solution Error:   0.616
Iter= 1, Polarisation Solution Error:   0.006
Iter= 1, Overall Solution Error:        2.199
Iter= 2, Amplit/Phase Solution Error:   0.006
Iter= 2, Polarisation Solution Error:   0.000
Iter= 2, Overall Solution Error:        0.006
Iter= 3, Amplit/Phase Solution Error:   0.001
Iter= 3, Polarisation Solution Error:   0.000
Iter= 3, Overall Solution Error:        0.001
I flux density:   0.6066
Percent Q:  -0.559
Percent U:  -0.035
Leakage terms:
 Ant 1:Dx,Dy = ( 0.00153, 0.00173),( 0.00005, 0.00296)
 Ant 2:Dx,Dy = ( 0.00356, 0.00600),(-0.00422, 0.00674)
 Ant 3:Dx,Dy = ( 0.00544,-0.00381),(-0.00842,-0.00379)
 Ant 4:Dx,Dy = ( 0.00501, 0.01683),(-0.00392, 0.01823)
 Ant 5:Dx,Dy = (-0.01708,-0.00210),( 0.01639,-0.00133)
 Ant 6:Dx,Dy = ( 0.00112,-0.02109),(-0.00030,-0.02038)
Solution for freq bin  1
Iter= 1, Amplit/Phase Solution Error:   0.573
Iter= 1, Polarisation Solution Error:   0.006
Iter= 1, Overall Solution Error:        2.159
Iter= 2, Amplit/Phase Solution Error:   0.006
Iter= 2, Polarisation Solution Error:   0.000
Iter= 2, Overall Solution Error:        0.006
Iter= 3, Amplit/Phase Solution Error:   0.001
Iter= 3, Polarisation Solution Error:   0.000
Iter= 3, Overall Solution Error:        0.001
I flux density:   0.5877
Percent Q:  -0.596
Percent U:   0.176
Leakage terms:
 Ant 1:Dx,Dy = ( 0.00169, 0.00225),(-0.00017, 0.00325)
 Ant 2:Dx,Dy = ( 0.00421, 0.00696),(-0.00468, 0.00762)
 Ant 3:Dx,Dy = ( 0.00496,-0.00372),(-0.00914,-0.00319)
 Ant 4:Dx,Dy = ( 0.00456, 0.01776),(-0.00418, 0.01895)
 Ant 5:Dx,Dy = (-0.01784,-0.00261),( 0.01580,-0.00199)
 Ant 6:Dx,Dy = ( 0.00021,-0.02323),( 0.00016,-0.02205)
Solution for freq bin  2
Iter= 1, Amplit/Phase Solution Error:   0.663
Iter= 1, Polarisation Solution Error:   0.005
Iter= 1, Overall Solution Error:        2.217
Iter= 2, Amplit/Phase Solution Error:   0.006
Iter= 2, Polarisation Solution Error:   0.000
Iter= 2, Overall Solution Error:        0.006
Iter= 3, Amplit/Phase Solution Error:   0.001
Iter= 3, Polarisation Solution Error:   0.000
Iter= 3, Overall Solution Error:        0.001
I flux density:   0.6269
Percent Q:  -0.523
Percent U:  -0.226
Leakage terms:
 Ant 1:Dx,Dy = ( 0.00136, 0.00123),( 0.00026, 0.00268)
 Ant 2:Dx,Dy = ( 0.00296, 0.00507),(-0.00379, 0.00592)
 Ant 3:Dx,Dy = ( 0.00589,-0.00389),(-0.00776,-0.00436)
 Ant 4:Dx,Dy = ( 0.00542, 0.01594),(-0.00370, 0.01754)
 Ant 5:Dx,Dy = (-0.01637,-0.00165),( 0.01694,-0.00072)
 Ant 6:Dx,Dy = ( 0.00179,-0.01894),(-0.00090,-0.01881)

2018-08-06 03:59:35,708 [MainThread  ] [INFO ]  pgflag vis=2245-328.5500 command='<b' stokes=i,q,u,v flagpar=8,5,5,3,6,3 options=nodisp

pgflag: Revision 1.30, 2016/10/05 23:06:50 UTC

Applying bandpass corrections to 2245-328.5500
Applying freq. dependent gain corrections to 2245-328.5500
Applying freq. dependent leakage correction to 2245-328.5500
Applying changes to dataset
Counts of correlations within selected channels:
 channel  Originally  Currently
 Good:      71227816   70829572    Changed to bad:     398244
 Bad:       10084700   10482944    Changed to good:         0
 12.9% of the data is now flagged

2018-08-06 04:02:03,585 [MainThread  ] [INFO ]  pgflag vis=2245-328.5500 command='<b' stokes=i,v,q,u flagpar=8,2,2,3,6,3  options=nodisp

pgflag: Revision 1.30, 2016/10/05 23:06:50 UTC

Applying bandpass corrections to 2245-328.5500
Applying freq. dependent gain corrections to 2245-328.5500
Applying freq. dependent leakage correction to 2245-328.5500
Applying changes to dataset
Counts of correlations within selected channels:
 channel  Originally  Currently
 Good:      70829572   70453852    Changed to bad:     375720
 Bad:       10482944   10858664    Changed to good:         0
 13.4% of the data is now flagged

2018-08-06 04:04:31,625 [MainThread  ] [INFO ]  pgflag vis=2245-328.5500 command='<b' stokes=i,v,u,q flagpar=8,2,2,3,6,3  options=nodisp

pgflag: Revision 1.30, 2016/10/05 23:06:50 UTC

Applying bandpass corrections to 2245-328.5500
Applying freq. dependent gain corrections to 2245-328.5500
Applying freq. dependent leakage correction to 2245-328.5500
Applying changes to dataset
Counts of correlations within selected channels:
 channel  Originally  Currently
 Good:      70453852   70084508    Changed to bad:     369344
 Bad:       10858664   11228008    Changed to good:         0
 13.8% of the data is now flagged

2018-08-06 04:04:36,093 [MainThread  ] [INFO ]  gpcal vis=2245-328.5500 refant=4 interval=0.1 nfbin=2 options=xyvary,qusolve

gpcal: Revision 1.22, 2016/05/01 22:31:05 UTC

Applying bandpass corrections to 2245-328.5500
Number of antennae: 6
Using leakage parameters from input as initial guess
Reading the data ...
Number of solution intervals: 662
Total visibilities read: 9921
Number visibilities accepted: 9920
Iter= 1, Amplit/Phase Solution Error:   0.616
Iter= 1, Polarisation Solution Error:   0.006
Iter= 1, Overall Solution Error:        2.199
Iter= 2, Amplit/Phase Solution Error:   0.006
Iter= 2, Polarisation Solution Error:   0.000
Iter= 2, Overall Solution Error:        0.006
Iter= 3, Amplit/Phase Solution Error:   0.001
Iter= 3, Polarisation Solution Error:   0.000
Iter= 3, Overall Solution Error:        0.001
I flux density:   0.6071
Percent Q:  -0.560
Percent U:  -0.037
Leakage terms:
 Ant 1:Dx,Dy = ( 0.00152, 0.00175),( 0.00006, 0.00296)
 Ant 2:Dx,Dy = ( 0.00355, 0.00597),(-0.00420, 0.00676)
 Ant 3:Dx,Dy = ( 0.00544,-0.00378),(-0.00844,-0.00378)
 Ant 4:Dx,Dy = ( 0.00502, 0.01680),(-0.00389, 0.01825)
 Ant 5:Dx,Dy = (-0.01706,-0.00212),( 0.01637,-0.00135)
 Ant 6:Dx,Dy = ( 0.00115,-0.02109),(-0.00029,-0.02037)
Solution for freq bin  1
Iter= 1, Amplit/Phase Solution Error:   0.573
Iter= 1, Polarisation Solution Error:   0.006
Iter= 1, Overall Solution Error:        2.159
Iter= 2, Amplit/Phase Solution Error:   0.006
Iter= 2, Polarisation Solution Error:   0.000
Iter= 2, Overall Solution Error:        0.006
Iter= 3, Amplit/Phase Solution Error:   0.001
Iter= 3, Polarisation Solution Error:   0.000
Iter= 3, Overall Solution Error:        0.001
I flux density:   0.5883
Percent Q:  -0.594
Percent U:   0.168
Leakage terms:
 Ant 1:Dx,Dy = ( 0.00167, 0.00227),(-0.00018, 0.00324)
 Ant 2:Dx,Dy = ( 0.00416, 0.00690),(-0.00467, 0.00765)
 Ant 3:Dx,Dy = ( 0.00497,-0.00366),(-0.00918,-0.00319)
 Ant 4:Dx,Dy = ( 0.00456, 0.01772),(-0.00414, 0.01899)
 Ant 5:Dx,Dy = (-0.01785,-0.00265),( 0.01574,-0.00204)
 Ant 6:Dx,Dy = ( 0.00022,-0.02322),( 0.00017,-0.02201)
Solution for freq bin  2
Iter= 1, Amplit/Phase Solution Error:   0.663
Iter= 1, Polarisation Solution Error:   0.005
Iter= 1, Overall Solution Error:        2.217
Iter= 2, Amplit/Phase Solution Error:   0.006
Iter= 2, Polarisation Solution Error:   0.000
Iter= 2, Overall Solution Error:        0.006
Iter= 3, Amplit/Phase Solution Error:   0.001
Iter= 3, Polarisation Solution Error:   0.000
Iter= 3, Overall Solution Error:        0.001
I flux density:   0.6272
Percent Q:  -0.526
Percent U:  -0.222
Leakage terms:
 Ant 1:Dx,Dy = ( 0.00137, 0.00124),( 0.00028, 0.00268)
 Ant 2:Dx,Dy = ( 0.00298, 0.00509),(-0.00376, 0.00593)
 Ant 3:Dx,Dy = ( 0.00589,-0.00391),(-0.00776,-0.00436)
 Ant 4:Dx,Dy = ( 0.00542, 0.01593),(-0.00367, 0.01755)
 Ant 5:Dx,Dy = (-0.01633,-0.00166),( 0.01696,-0.00072)
 Ant 6:Dx,Dy = ( 0.00183,-0.01896),(-0.00088,-0.01882)

2018-08-06 04:04:36,176 [MainThread  ] [INFO ]  gpboot vis=2245-328.5500 cal=1934-638.5500

gpboot: Revision 1.9, 2015/10/29 01:31:30 UTC

Secondary flux density scaled by:   0.999
Frequency bin  1 scaled by      :   1.002
Frequency bin  2 scaled by      :   1.003

2018-08-06 04:05:57,148 [MainThread  ] [INFO ]  gpcopy vis=2245-328.5500 out=d.5500

gpcopy: Revision 1.13, 2015/10/29 01:31:39 UTC

Copying leakage table
Copying gain table
Interpolation tolerance set to (minutes): 720.00
Copying bandpass table

2018-08-06 04:20:12,292 [MainThread  ] [INFO ]  pgflag vis=d.5500 command='<b' stokes=i,v,q,u flagpar=8,2,2,3,6,3  options=nodisp

pgflag: Revision 1.30, 2016/10/05 23:06:50 UTC

Applying bandpass corrections to d.5500
Applying freq. dependent gain corrections to d.5500
Applying freq. dependent leakage correction to d.5500
Applying changes to dataset
Counts of correlations within selected channels:
 channel  Originally  Currently
 Good:     463509720  451078424    Changed to bad:   12431296
 Bad:       55469196   67900492    Changed to good:         0
 13.1% of the data is now flagged

2018-08-06 04:34:51,087 [MainThread  ] [INFO ]  pgflag vis=d.5500 command='<b' stokes=i,v,u,q flagpar=8,2,2,3,6,3  options=nodisp

pgflag: Revision 1.30, 2016/10/05 23:06:50 UTC

Applying bandpass corrections to d.5500
Applying freq. dependent gain corrections to d.5500
Applying freq. dependent leakage correction to d.5500
Applying changes to dataset
Counts of correlations within selected channels:
 channel  Originally  Currently
 Good:     451078424  442378576    Changed to bad:    8699848
 Bad:       67900492   76600340    Changed to good:         0
 14.8% of the data is now flagged

2018-08-06 04:36:25,980 [MainThread  ] [INFO ]  uvsplit vis=d.5500

uvsplit: Revision 1.18, 2016/05/09 03:06:18 UTC

Creating d_621.5500
Creating d_622.5500
Creating d_623.5500
Creating d_624.5500
Creating d_625.5500
Creating d_626.5500
Creating d_627.5500
Creating d_628.5500
Creating d_629.5500
Creating d_630.5500
Creating d_631.5500
Creating d_632.5500
Creating d_633.5500
Creating d_634.5500
Creating d_635.5500
Creating d_636.5500
Creating d_637.5500
Creating d_638.5500
Creating d_639.5500
Creating d_640.5500
Creating d_641.5500
Creating d_642.5500
Creating d_643.5500
Creating d_644.5500
Creating d_645.5500
Creating d_646.5500
Creating d_647.5500
Creating d_648.5500
Creating d_649.5500
Creating d_650.5500
Creating d_651.5500
Creating d_652.5500
Creating d_653.5500
Creating d_654.5500
Creating d_655.5500
Creating d_656.5500
Creating d_657.5500
Creating d_658.5500
Creating d_659.5500
Creating d_660.5500
Creating d_661.5500
Creating d_662.5500
Creating d_663.5500
Creating d_664.5500
Creating d_665.5500
Creating d_666.5500
Creating d_667.5500
Creating d_668.5500
Creating d_669.5500
Creating d_670.5500
Creating d_671.5500
Creating d_672.5500
Creating d_673.5500
Creating d_674.5500
Creating d_675.5500
Creating d_676.5500
Creating d_677.5500
Creating d_678.5500
Creating d_679.5500
Creating d_680.5500
Creating d_681.5500
Creating d_682.5500
Creating d_683.5500
Creating d_684.5500
Creating d_685.5500
Creating d_686.5500
Creating d_687.5500
Creating d_688.5500
Creating d_689.5500
Creating d_690.5500
Creating d_691.5500
Creating d_692.5500
Creating d_693.5500
Creating d_694.5500
Creating d_695.5500
Creating d_696.5500
Creating d_697.5500
Creating d_698.5500
Creating d_699.5500
Creating d_700.5500
Creating d_701.5500
Creating d_702.5500
Creating d_703.5500
Creating d_704.5500
Creating d_705.5500
Creating d_706.5500
Creating d_707.5500
Creating d_708.5500
Creating d_709.5500
Creating d_710.5500
Creating d_711.5500
Creating d_712.5500
Creating d_713.5500
Creating d_714.5500
Creating d_715.5500
Creating d_716.5500
Creating d_717.5500
Creating d_718.5500
Creating d_719.5500
Creating d_720.5500
Creating d_541.5500
Creating d_542.5500
Creating d_543.5500
Creating d_544.5500
Creating d_545.5500
Creating d_546.5500
Creating d_547.5500
Creating d_548.5500
Creating d_549.5500
Creating d_550.5500
Creating d_551.5500
Creating d_552.5500
Creating d_553.5500
Creating d_554.5500
Creating d_555.5500
Creating d_556.5500
Creating d_557.5500
Creating d_558.5500
Creating d_559.5500
Creating d_560.5500
Creating d_561.5500
Creating d_562.5500
Creating d_563.5500
Creating d_564.5500
Creating d_565.5500
Creating d_566.5500
Creating d_567.5500
Creating d_568.5500
Creating d_569.5500
Creating d_570.5500
Creating d_571.5500
Creating d_572.5500
Creating d_573.5500
Creating d_574.5500
Creating d_575.5500
Creating d_576.5500
Creating d_577.5500
Creating d_578.5500
Creating d_579.5500
Creating d_580.5500
Creating d_581.5500
Creating d_582.5500
Creating d_583.5500
Creating d_584.5500
Creating d_585.5500
Creating d_586.5500
Creating d_587.5500
Creating d_588.5500
Creating d_589.5500
Creating d_590.5500
Creating d_591.5500
Creating d_592.5500
Creating d_593.5500
Creating d_594.5500
Creating d_595.5500
Creating d_596.5500
Creating d_597.5500
Creating d_598.5500
Creating d_599.5500
Creating d_600.5500
Creating d_601.5500
Creating d_602.5500
Creating d_603.5500
Creating d_604.5500
Creating d_605.5500
Creating d_606.5500
Creating d_607.5500
Creating d_608.5500
Creating d_609.5500
Creating d_610.5500
Creating d_611.5500
Creating d_612.5500
Creating d_613.5500
Creating d_614.5500
Creating d_615.5500
Creating d_616.5500
Creating d_617.5500
Creating d_618.5500
Creating d_619.5500
Creating d_620.5500

