2018-08-08 02:45:51,642 [MainThread  ] [INFO ]  atlod in=raw/2017-11-13_0301.C3132,raw/2017-11-13_0336.C3132,raw/2017-11-13_0624.C3132,raw/2017-11-13_0910.C3132,raw/2017-11-13_1157.C3132,raw/2017-11-13_1444.C3132 out=data5.uv ifsel=1 options=birdie,rfiflag,noauto,xycorr

atlod: Revision 1.53, 2016/08/25 23:02:21 UTC

Processing file raw/2017-11-13_0301.C3132
 03:01:20 CAOBS> track 1
CABB data detected
Scan 1 started at 17NOV13:03:01:40.0
Source: 1934-638
Flagging channels in  28 frequency ranges
 03:12:27 CAOBS> stop
 03:12:47 CAOBS> set file c3132_obs_a4.sch
 03:12:49 CAOBS> track 1
 03:14:37 CAOBS> set file c3132_cal.sch
 03:14:38 CAOBS> track 1
Scan 2 started at 17NOV13:03:14:52.0
 03:32:09 CAOBS> stop
 03:32:11 CAOBS> set file c3132_cal.sch
 03:32:12 CAOBS> track 1
Scan 3 started at 17NOV13:03:32:28.0
 03:34:29 CAOBS> stop
 03:34:31 CAOBS> start 1/100
Scan 4 started at 17NOV13:03:34:52.0
 03:36:30 CAOBS> stop
 03:36:32 CAOBS> corr closef
RPFITS file version is 2.12
---------------------------------------
Total number of spectra selected: 14220

There was no flagged data
---------------------------------------
Processing file raw/2017-11-13_0336.C3132
 03:36:36 CAOBS> set file c3132_obs_a4.sch
 03:36:41 CAOBS> start 1/100
CABB data detected
Scan 1 started at 17NOV13:03:38:36.0
Source: 2312-319
Scan 2 started at 17NOV13:03:41:24.0
Source: a_541
Source: a_542
Source: a_543
Source: a_544
Source: a_545
Source: a_546
Source: a_547
Source: a_548
Source: a_549
Source: a_550
Source: a_551
Source: a_552
Source: a_553
Source: a_554
Source: a_555
Source: a_556
Source: a_557
Source: a_558
Source: a_559
Source: a_560
Scan 3 started at 17NOV13:03:54:52.0
Source: 2312-319
Scan 4 started at 17NOV13:03:57:32.0
Source: a_561
Source: a_562
Source: a_563
Source: a_564
Source: a_565
Source: a_566
Source: a_567
Source: a_568
Source: a_569
Source: a_570
Source: a_571
Source: a_572
Source: a_573
Source: a_574
Source: a_575
Source: a_576
Source: a_577
Source: a_578
Source: a_579
Source: a_580
Scan 5 started at 17NOV13:04:11:00.0
Source: 2312-319
Scan 6 started at 17NOV13:04:13:40.0
Source: a_581
Source: a_582
Source: a_583
Source: a_584
Source: a_585
Source: a_586
Source: a_587
Source: a_588
Source: a_589
Source: a_590
Source: a_591
Source: a_592
Source: a_593
Source: a_594
Source: a_595
Source: a_596
Source: a_597
Source: a_598
Source: a_599
Source: a_600
Scan 7 started at 17NOV13:04:27:08.0
Source: 2312-319
Scan 8 started at 17NOV13:04:29:48.0
Source: a_601
Source: a_602
Source: a_603
Source: a_604
Source: a_605
Source: a_606
Source: a_607
Source: a_608
Source: a_609
Source: a_610
Source: a_611
Source: a_612
Source: a_613
Source: a_614
Source: a_615
Source: a_616
Source: a_617
Source: a_618
Source: a_619
Source: a_620
Scan 9 started at 17NOV13:04:43:16.0
Source: 2312-319
Scan 10 started at 17NOV13:04:45:56.0
Source: a_621
Source: a_622
Source: a_623
Source: a_624
Source: a_625
Source: a_626
Source: a_627
Source: a_628
Source: a_629
Source: a_630
Source: a_631
Source: a_632
Source: a_633
Source: a_634
Source: a_635
Source: a_636
Source: a_637
Source: a_638
Source: a_639
Source: a_640
Scan 11 started at 17NOV13:04:59:24.0
Source: 2312-319
Scan 12 started at 17NOV13:05:02:04.0
Source: a_641
Source: a_642
Source: a_643
Source: a_644
Source: a_645
Source: a_646
Source: a_647
Source: a_648
Source: a_649
Source: a_650
Source: a_651
Source: a_652
Source: a_653
Source: a_654
Source: a_655
Source: a_656
Source: a_657
Source: a_658
Source: a_659
Source: a_660
Scan 13 started at 17NOV13:05:15:32.0
Source: 2312-319
Scan 14 started at 17NOV13:05:18:12.0
Source: a_661
Source: a_662
Source: a_663
Source: a_664
Source: a_665
Source: a_666
Source: a_667
Source: a_668
Source: a_669
Source: a_670
Source: a_671
Source: a_672
Source: a_673
Source: a_674
Source: a_675
Source: a_676
Source: a_677
Source: a_678
Source: a_679
Source: a_680
Scan 15 started at 17NOV13:05:31:40.0
Source: 2312-319
Scan 16 started at 17NOV13:05:34:20.0
Source: a_681
Source: a_682
Source: a_683
Source: a_684
Source: a_685
Source: a_686
Source: a_687
Source: a_688
Source: a_689
Source: a_690
Source: a_691
Source: a_692
Source: a_693
Source: a_694
Source: a_695
Source: a_696
Source: a_697
Source: a_698
Source: a_699
Source: a_700
Scan 17 started at 17NOV13:05:47:48.0
Source: 2312-319
Scan 18 started at 17NOV13:05:50:28.0
Source: a_701
Source: a_702
Source: a_703
Source: a_704
Source: a_705
Source: a_706
Source: a_707
Source: a_708
Source: a_709
Source: a_710
Source: a_711
Source: a_712
Source: a_713
Source: a_714
Source: a_715
Source: a_716
Source: a_717
Source: a_718
Source: a_719
Source: a_720
Scan 19 started at 17NOV13:06:03:56.0
Source: 2312-319
Scan 20 started at 17NOV13:06:06:36.0
Source: a_541
Source: a_542
Source: a_543
Source: a_544
Source: a_545
Source: a_546
Source: a_547
Source: a_548
Source: a_549
Source: a_550
Source: a_551
Source: a_552
Source: a_553
Source: a_554
Source: a_555
Source: a_556
Source: a_557
Source: a_558
Source: a_559
Source: a_560
Scan 21 started at 17NOV13:06:20:12.0
Source: 2312-319
Scan 22 started at 17NOV13:06:23:00.0
Source: a_561
Source: a_562
RPFITS file version is 2.12
---------------------------------------
Total number of spectra selected: 72660

Summary of spectra flagged
Flagging Reason            Fraction
---------------            --------
Antenna off-source/off-line  3.99%
---------------------------------------
Processing file raw/2017-11-13_0624.C3132
CABB data detected
Scan 1 started at 17NOV13:06:24:04.0
Source: a_562
Source: a_563
Source: a_564
Source: a_565
Source: a_566
Source: a_567
Source: a_568
Source: a_569
Source: a_570
Source: a_571
Source: a_572
Source: a_573
Source: a_574
Source: a_575
Source: a_576
Source: a_577
Source: a_578
Source: a_579
Source: a_580
Scan 2 started at 17NOV13:06:36:28.0
Source: 2312-319
Scan 3 started at 17NOV13:06:39:16.0
Source: a_581
Source: a_582
Source: a_583
Source: a_584
Source: a_585
Source: a_586
Source: a_587
Source: a_588
Source: a_589
Source: a_590
Source: a_591
Source: a_592
Source: a_593
Source: a_594
Source: a_595
Source: a_596
Source: a_597
Source: a_598
Source: a_599
Source: a_600
Scan 4 started at 17NOV13:06:52:44.0
Source: 2312-319
Scan 5 started at 17NOV13:06:55:40.0
Source: a_601
Source: a_602
Source: a_603
Source: a_604
Source: a_605
Source: a_606
Source: a_607
Source: a_608
Source: a_609
Source: a_610
Source: a_611
Source: a_612
Source: a_613
Source: a_614
Source: a_615
Source: a_616
Source: a_617
Source: a_618
Source: a_619
Source: a_620
Scan 6 started at 17NOV13:07:09:08.0
Source: 2312-319
Scan 7 started at 17NOV13:07:11:56.0
Source: a_621
Source: a_622
Source: a_623
Source: a_624
Source: a_625
Source: a_626
Source: a_627
Source: a_628
Source: a_629
Source: a_630
Source: a_631
Source: a_632
Source: a_633
Source: a_634
Source: a_635
Source: a_636
Source: a_637
Source: a_638
Source: a_639
Source: a_640
Scan 8 started at 17NOV13:07:25:32.0
Source: 2312-319
Scan 9 started at 17NOV13:07:28:20.0
Source: a_641
Source: a_642
Source: a_643
Source: a_644
Source: a_645
Source: a_646
Source: a_647
Source: a_648
Source: a_649
Source: a_650
Source: a_651
Source: a_652
Source: a_653
Source: a_654
Source: a_655
Source: a_656
Source: a_657
Source: a_658
Source: a_659
Source: a_660
Scan 10 started at 17NOV13:07:41:48.0
Source: 2312-319
Scan 11 started at 17NOV13:07:44:44.0
Source: a_661
Source: a_662
Source: a_663
Source: a_664
Source: a_665
Source: a_666
Source: a_667
Source: a_668
Source: a_669
Source: a_670
Source: a_671
Source: a_672
Source: a_673
Source: a_674
Source: a_675
Source: a_676
Source: a_677
Source: a_678
Source: a_679
Source: a_680
Scan 12 started at 17NOV13:07:58:12.0
Source: 2312-319
Scan 13 started at 17NOV13:08:01:08.0
Source: a_681
Source: a_682
Source: a_683
Source: a_684
Source: a_685
Source: a_686
Source: a_687
Source: a_688
Source: a_689
Source: a_690
Source: a_691
Source: a_692
Source: a_693
Source: a_694
Source: a_695
Source: a_696
Source: a_697
Source: a_698
Source: a_699
Source: a_700
Scan 14 started at 17NOV13:08:14:36.0
Source: 2312-319
Scan 15 started at 17NOV13:08:17:40.0
Source: a_701
Source: a_702
Source: a_703
Source: a_704
Source: a_705
Source: a_706
Source: a_707
Source: a_708
Source: a_709
Source: a_710
Source: a_711
Source: a_712
Source: a_713
Source: a_714
Source: a_715
Source: a_716
Source: a_717
Source: a_718
Source: a_719
Source: a_720
Scan 16 started at 17NOV13:08:31:16.0
Source: 2312-319
Scan 17 started at 17NOV13:08:34:20.0
Source: a_541
Source: a_542
Source: a_543
Source: a_544
Source: a_545
Source: a_546
Source: a_547
Source: a_548
Source: a_549
Source: a_550
Source: a_551
Source: a_552
Source: a_553
Source: a_554
Source: a_555
Source: a_556
Source: a_557
Source: a_558
Source: a_559
Source: a_560
Scan 18 started at 17NOV13:08:47:56.0
Source: 2312-319
Scan 19 started at 17NOV13:08:51:00.0
Source: a_561
Source: a_562
Source: a_563
Source: a_564
Source: a_565
Source: a_566
Source: a_567
Source: a_568
Source: a_569
Source: a_570
Source: a_571
Source: a_572
Source: a_573
Source: a_574
Source: a_575
Source: a_576
Source: a_577
Source: a_578
Source: a_579
Source: a_580
Scan 20 started at 17NOV13:09:04:44.0
Source: 2312-319
Scan 21 started at 17NOV13:09:08:12.0
Source: a_581
Source: a_582
Source: a_583
Source: a_584
Source: a_585
RPFITS file version is 2.12
---------------------------------------
Total number of spectra selected: 72660

Summary of spectra flagged
Flagging Reason            Fraction
---------------            --------
Antenna off-source/off-line  5.15%
---------------------------------------
Processing file raw/2017-11-13_0910.C3132
CABB data detected
Scan 1 started at 17NOV13:09:10:52.0
Source: a_585
Source: a_586
Source: a_587
Source: a_588
Source: a_589
Source: a_590
Source: a_591
Source: a_592
Source: a_593
Source: a_594
Source: a_595
Source: a_596
Source: a_597
Source: a_598
Source: a_599
Source: a_600
Scan 2 started at 17NOV13:09:21:40.0
Source: 2312-319
Scan 3 started at 17NOV13:09:25:56.0
Source: a_602
Source: a_603
Source: a_604
Source: a_605
Source: a_606
Source: a_607
Source: a_608
Source: a_609
Source: a_610
Source: a_611
Source: a_612
Source: a_613
Source: a_614
Source: a_615
Source: a_616
Source: a_617
Source: a_618
Source: a_619
Source: a_620
Scan 4 started at 17NOV13:09:39:24.0
Source: 2312-319
Scan 5 started at 17NOV13:09:43:40.0
Source: a_621
Source: a_622
Source: a_623
Source: a_624
Source: a_625
Source: a_626
Source: a_627
Source: a_628
Source: a_629
Source: a_630
Source: a_631
Source: a_632
Source: a_633
Source: a_634
Source: a_635
Source: a_636
Source: a_637
Source: a_638
Source: a_639
Source: a_640
Scan 6 started at 17NOV13:09:57:32.0
Source: 2312-319
Scan 7 started at 17NOV13:10:00:52.0
Source: a_641
Source: a_642
Source: a_643
Source: a_644
Source: a_645
Source: a_646
Source: a_647
Source: a_648
Source: a_649
Source: a_650
Source: a_651
Source: a_652
Source: a_653
Source: a_654
Source: a_655
Source: a_656
Source: a_657
Source: a_658
Source: a_659
Source: a_660
Scan 8 started at 17NOV13:10:14:28.0
Source: 2312-319
Scan 9 started at 17NOV13:10:17:48.0
Source: a_661
Source: a_662
Source: a_663
Source: a_664
Source: a_665
Source: a_666
Source: a_667
Source: a_668
Source: a_669
Source: a_670
Source: a_671
Source: a_672
Source: a_673
Source: a_674
Source: a_675
Source: a_676
Source: a_677
Source: a_678
Source: a_679
Source: a_680
Scan 10 started at 17NOV13:10:31:16.0
Source: 2312-319
Scan 11 started at 17NOV13:10:34:28.0
Source: a_681
Source: a_682
Source: a_683
Source: a_684
Source: a_685
Source: a_686
Source: a_687
Source: a_688
Source: a_689
Source: a_690
Source: a_691
Source: a_692
Source: a_693
Source: a_694
Source: a_695
Source: a_696
Source: a_697
Source: a_698
Source: a_699
Source: a_700
Scan 12 started at 17NOV13:10:48:04.0
Source: 2312-319
Scan 13 started at 17NOV13:10:51:00.0
Source: a_701
Source: a_702
Source: a_703
Source: a_704
Source: a_705
Source: a_706
Source: a_707
Source: a_708
Source: a_709
Source: a_710
Source: a_711
Source: a_712
Source: a_713
Source: a_714
Source: a_715
Source: a_716
Source: a_717
Source: a_718
Source: a_719
Source: a_720
Scan 14 started at 17NOV13:11:04:36.0
Source: 2312-319
Scan 15 started at 17NOV13:11:07:40.0
Source: a_541
Source: a_542
Source: a_543
Source: a_544
Source: a_545
Source: a_546
Source: a_547
Source: a_548
Source: a_549
Source: a_550
Source: a_551
Source: a_552
Source: a_553
Source: a_554
Source: a_555
Source: a_556
Source: a_557
Source: a_558
Source: a_559
Source: a_560
Scan 16 started at 17NOV13:11:21:08.0
Source: 2312-319
Scan 17 started at 17NOV13:11:24:04.0
Source: a_561
Source: a_562
Source: a_563
Source: a_564
Source: a_565
Source: a_566
Source: a_567
Source: a_568
Source: a_569
Source: a_570
Source: a_571
Source: a_572
Source: a_573
Source: a_574
Source: a_575
Source: a_576
Source: a_577
Source: a_578
Source: a_579
Source: a_580
Scan 18 started at 17NOV13:11:37:40.0
Source: 2312-319
Scan 19 started at 17NOV13:11:40:36.0
Source: a_581
Source: a_582
Source: a_583
Source: a_584
Source: a_585
Source: a_586
Source: a_587
Source: a_588
Source: a_589
Source: a_590
Source: a_591
Source: a_592
Source: a_593
Source: a_594
Source: a_595
Source: a_596
Source: a_597
Source: a_598
Source: a_599
Source: a_600
Scan 20 started at 17NOV13:11:53:56.0
Source: 2312-319
Scan 21 started at 17NOV13:11:56:52.0
Source: a_601
Source: a_602
RPFITS file version is 2.12
---------------------------------------
Total number of spectra selected: 72648

Summary of spectra flagged
Flagging Reason            Fraction
---------------            --------
Antenna off-source/off-line  9.80%
---------------------------------------
Processing file raw/2017-11-13_1157.C3132
CABB data detected
Scan 1 started at 17NOV13:11:57:48.0
Source: a_602
Source: a_603
Source: a_604
Source: a_605
Source: a_606
Source: a_607
Source: a_608
Source: a_609
Source: a_610
Source: a_611
Source: a_612
Source: a_613
Source: a_614
Source: a_615
Source: a_616
Source: a_617
Source: a_618
Source: a_619
Source: a_620
Scan 2 started at 17NOV13:12:10:20.0
Source: 2312-319
Scan 3 started at 17NOV13:12:13:08.0
Source: a_621
Source: a_622
Source: a_623
Source: a_624
Source: a_625
Source: a_626
Source: a_627
Source: a_628
Source: a_629
Source: a_630
Source: a_631
Source: a_632
Source: a_633
Source: a_634
Source: a_635
Source: a_636
Source: a_637
Source: a_638
Source: a_639
Source: a_640
Scan 4 started at 17NOV13:12:26:44.0
Source: 2312-319
Scan 5 started at 17NOV13:12:29:32.0
Source: a_641
Source: a_642
Source: a_643
Source: a_644
Source: a_645
Source: a_646
Source: a_647
Source: a_648
Source: a_649
Source: a_650
Source: a_651
Source: a_652
Source: a_653
Source: a_654
Source: a_655
Source: a_656
Source: a_657
Source: a_658
Source: a_659
Source: a_660
Scan 6 started at 17NOV13:12:43:00.0
Source: 2312-319
Scan 7 started at 17NOV13:12:45:56.0
Source: a_661
Source: a_662
Source: a_663
Source: a_664
Source: a_665
Source: a_666
Source: a_667
Source: a_668
Source: a_669
Source: a_670
Source: a_671
Source: a_672
Source: a_673
Source: a_674
Source: a_675
Source: a_676
Source: a_677
Source: a_678
Source: a_679
Source: a_680
Scan 8 started at 17NOV13:12:59:16.0
Source: 2312-319
Scan 9 started at 17NOV13:13:02:04.0
Source: a_681
Source: a_682
Source: a_683
Source: a_684
Source: a_685
Source: a_686
Source: a_687
Source: a_688
Source: a_689
Source: a_690
Source: a_691
Source: a_692
Source: a_693
Source: a_694
Source: a_695
Source: a_696
Source: a_697
Source: a_698
Source: a_699
Source: a_700
Scan 10 started at 17NOV13:13:15:40.0
Source: 2312-319
Scan 11 started at 17NOV13:13:18:28.0
Source: a_701
Source: a_702
Source: a_703
Source: a_704
Source: a_705
Source: a_706
Source: a_707
Source: a_708
Source: a_709
Source: a_710
Source: a_711
Source: a_712
Source: a_713
Source: a_714
Source: a_715
Source: a_716
Source: a_717
Source: a_718
Source: a_719
Source: a_720
Scan 12 started at 17NOV13:13:31:56.0
Source: 2312-319
Scan 13 started at 17NOV13:13:34:44.0
Source: a_541
Source: a_542
Source: a_543
Source: a_544
Source: a_545
Source: a_546
Source: a_547
Source: a_548
Source: a_549
Source: a_550
Source: a_551
Source: a_552
Source: a_553
Source: a_554
Source: a_555
Source: a_556
Source: a_557
Source: a_558
Source: a_559
Source: a_560
Scan 14 started at 17NOV13:13:48:12.0
Source: 2312-319
Scan 15 started at 17NOV13:13:51:00.0
Source: a_561
Source: a_562
Source: a_563
Source: a_564
Source: a_565
Source: a_566
Source: a_567
Source: a_568
Source: a_569
Source: a_570
Source: a_571
Source: a_572
Source: a_573
Source: a_574
Source: a_575
Source: a_576
Source: a_577
Source: a_578
Source: a_579
Source: a_580
Scan 16 started at 17NOV13:14:04:28.0
Source: 2312-319
Scan 17 started at 17NOV13:14:07:16.0
Source: a_581
Source: a_582
Source: a_583
Source: a_584
Source: a_585
Source: a_586
Source: a_587
Source: a_588
Source: a_589
Source: a_590
Source: a_591
Source: a_592
Source: a_593
Source: a_594
Source: a_595
Source: a_596
Source: a_597
Source: a_598
Source: a_599
Source: a_600
Scan 18 started at 17NOV13:14:20:44.0
Source: 2312-319
Scan 19 started at 17NOV13:14:23:32.0
Source: a_601
Source: a_602
Source: a_603
Source: a_604
Source: a_605
Source: a_606
Source: a_607
Source: a_608
Source: a_609
Source: a_610
Source: a_611
Source: a_612
Source: a_613
Source: a_614
Source: a_615
Source: a_616
Source: a_617
Source: a_618
Source: a_619
Source: a_620
Scan 20 started at 17NOV13:14:37:00.0
Source: 2312-319
Scan 21 started at 17NOV13:14:39:40.0
Source: a_621
Source: a_622
Source: a_623
Source: a_624
Source: a_625
Source: a_626
Source: a_627
Source: a_628
RPFITS file version is 2.12
---------------------------------------
Total number of spectra selected: 72616

Summary of spectra flagged
Flagging Reason            Fraction
---------------            --------
Antenna off-source/off-line  3.55%
---------------------------------------
Processing file raw/2017-11-13_1444.C3132
CABB data detected
Scan 1 started at 17NOV13:14:44:36.0
Source: a_628
Source: a_629
Source: a_630
Source: a_631
Source: a_632
Source: a_633
Source: a_634
Source: a_635
Source: a_636
Source: a_637
Source: a_638
Source: a_639
Source: a_640
Scan 2 started at 17NOV13:14:53:08.0
Source: 2312-319
Scan 3 started at 17NOV13:14:55:48.0
Source: a_641
Source: a_642
Source: a_643
Source: a_644
Source: a_645
Source: a_646
Source: a_647
Source: a_648
Source: a_649
Source: a_650
Source: a_651
Source: a_652
Source: a_653
Source: a_654
Source: a_655
Source: a_656
Source: a_657
Source: a_658
Source: a_659
Source: a_660
Scan 4 started at 17NOV13:15:09:16.0
Source: 2312-319
Scan 5 started at 17NOV13:15:11:56.0
Source: a_661
Source: a_662
Source: a_663
Source: a_664
Source: a_665
Source: a_666
Source: a_667
Source: a_668
Source: a_669
Source: a_670
Source: a_671
Source: a_672
Source: a_673
Source: a_674
Source: a_675
Source: a_676
Source: a_677
Source: a_678
Source: a_679
Source: a_680
Scan 6 started at 17NOV13:15:25:24.0
Source: 2312-319
 15:27:26 CAOBS> stop
 15:27:29 CAOBS> corr closef
RPFITS file version is 2.12
---------------------------------------
Total number of spectra selected: 18660

Summary of spectra flagged
Flagging Reason            Fraction
---------------            --------
Antenna off-source/off-line  1.93%
---------------------------------------

No CACAL data was detected

2018-08-08 02:46:11,932 [MainThread  ] [INFO ]  uvflag vis=data5.uv line=chan,6,1146,1 flagval=flag

uvflag: Revision 1.8, 2014/09/30 14:23:39 UTC


Set flags to indicate bad data in visibility file data5.uv
Linetype channel; select    6 channels; start 1146, width    1, step    1

Overview of flagging on visibility file data5.uv
Changed flags set to FALSE (data flagged as bad)
Total number of records selected: 306764; out of 306764 records
Antennas used: 1-6
Counts of correlations within selected channels
channel   Originally    Currently
Good:          920292.           0.    Changed to bad:      920292.
Bad:           920292.     1840584.

2018-08-08 02:46:29,059 [MainThread  ] [INFO ]  uvflag vis=data5.uv line=chan,30,1454,1 flagval=flag

uvflag: Revision 1.8, 2014/09/30 14:23:39 UTC


Set flags to indicate bad data in visibility file data5.uv
Linetype channel; select   30 channels; start 1454, width    1, step    1

Overview of flagging on visibility file data5.uv
Changed flags set to FALSE (data flagged as bad)
Total number of records selected: 306764; out of 306764 records
Antennas used: 1-6
Counts of correlations within selected channels
channel   Originally    Currently
Good:         9202920.           0.    Changed to bad:     9202920.
Bad:                0.     9202920.

2018-08-08 02:46:48,427 [MainThread  ] [INFO ]  uvflag vis=data5.uv line=chan,40,1964,1 flagval=flag

uvflag: Revision 1.8, 2014/09/30 14:23:39 UTC


Set flags to indicate bad data in visibility file data5.uv
Linetype channel; select   40 channels; start 1964, width    1, step    1

Overview of flagging on visibility file data5.uv
Changed flags set to FALSE (data flagged as bad)
Total number of records selected: 306764; out of 306764 records
Antennas used: 1-6
Counts of correlations within selected channels
channel   Originally    Currently
Good:               0.           0.    Changed to bad:           0.
Bad:         12270560.    12270560.

2018-08-08 02:47:29,511 [MainThread  ] [INFO ]  uvsplit vis=data5.uv options=mosaic

uvsplit: Revision 1.18, 2016/05/09 03:06:18 UTC

Creating 1934-638.5500
Creating 2312-319.5500
Creating a.5500

2018-08-08 02:48:11,203 [MainThread  ] [INFO ]  pgflag vis=1934-638.5500 command='<b' stokes=i,q,u,v flagpar=8,5,5,3,6,3 options=nodisp

pgflag: Revision 1.30, 2016/10/05 23:06:50 UTC

Applying changes to dataset
Counts of correlations within selected channels:
 channel  Originally  Currently
 Good:      25553340   25299540    Changed to bad:     253800
 Bad:        3583440    3837240    Changed to good:         0
 13.2% of the data is now flagged

2018-08-08 02:48:47,236 [MainThread  ] [INFO ]  pgflag vis=1934-638.5500 command='<b' stokes=i,v,q,u flagpar=8,2,2,3,6,3  options=nodisp

pgflag: Revision 1.30, 2016/10/05 23:06:50 UTC

Applying changes to dataset
Counts of correlations within selected channels:
 channel  Originally  Currently
 Good:      25299540   25026776    Changed to bad:     272764
 Bad:        3837240    4110004    Changed to good:         0
 14.1% of the data is now flagged

2018-08-08 02:49:29,140 [MainThread  ] [INFO ]  pgflag vis=1934-638.5500 command='<b' stokes=i,v,u,q flagpar=8,2,2,3,6,3  options=nodisp

pgflag: Revision 1.30, 2016/10/05 23:06:50 UTC

Applying changes to dataset
Counts of correlations within selected channels:
 channel  Originally  Currently
 Good:      25026776   24573800    Changed to bad:     452976
 Bad:        4110004    4562980    Changed to good:         0
 15.7% of the data is now flagged

2018-08-08 02:52:19,448 [MainThread  ] [INFO ]  mfcal vis=1934-638.5500 refant=4 interval=0.1
MfCal: $Revision: 1.20 $, $Date: 2017/05/08 02:31:10 $
Selecting parallel-hand polarisations
Reading the data ...
Number correlations accepted: 12286900
Number of frequency bands/settings: 1
Number of polarisations selected: 2
Number of solution intervals: 237
Number of passband solution intervals: 1
Initialising ...
Using post-Aug94 ATCA flux scale for 1934-638.
Using known frequency variation of 1934-638
Generating initial solution estimate ...
Doing solution refinement ...
Iter= 1, Solution Error:  0.418
Iter= 2, Solution Error:  0.011
Iter= 3, Solution Error:  0.000
Saving solution ...

2018-08-08 02:52:23,679 [MainThread  ] [INFO ]  gpcal vis=1934-638.5500 refant=4 interval=0.1 nfbin=2 options=xyvary

gpcal: Revision 1.22, 2016/05/01 22:31:05 UTC

Applying bandpass corrections to 1934-638.5500
Number of antennae: 6
Reading the data ...
Number of solution intervals: 237
Total visibilities read: 3555
Number visibilities accepted: 3555
Using post-Aug94 ATCA flux scale for 1934-638.
Using IQUV =  5.0215,  0.0000,  0.0000,  0.0000 at   5.4479 GHz.
Using post-Aug94 ATCA flux scale for 1934-638.
Using IQUV =  5.5181,  0.0000,  0.0000,  0.0000 at   5.0311 GHz.
Using post-Aug94 ATCA flux scale for 1934-638.
Using IQUV =  4.5112,  0.0000,  0.0000,  0.0000 at   5.9536 GHz.
Iter= 1, Amplit/Phase Solution Error:   0.331
Iter= 1, Polarisation Solution Error:   0.042
Iter= 1, Overall Solution Error:        1.351
Iter= 2, Amplit/Phase Solution Error:   0.002
Iter= 2, Polarisation Solution Error:   0.000
Iter= 2, Overall Solution Error:        0.004
Iter= 3, Amplit/Phase Solution Error:   0.001
Iter= 3, Polarisation Solution Error:   0.000
Iter= 3, Overall Solution Error:        0.001
I flux density:   5.0215
Leakage terms:
 Ant 1:Dx,Dy = ( 0.00071,-0.00289),(-0.00106,-0.00224)
 Ant 2:Dx,Dy = ( 0.00394, 0.00662),(-0.00516, 0.00738)
 Ant 3:Dx,Dy = ( 0.00317, 0.00061),(-0.00797, 0.00039)
 Ant 4:Dx,Dy = ( 0.00499, 0.01864),(-0.00486, 0.01968)
 Ant 5:Dx,Dy = (-0.01754,-0.00095),( 0.01538,-0.00053)
 Ant 6:Dx,Dy = (-0.00003,-0.02350),(-0.00109,-0.02322)
Solution for freq bin  1
Iter= 1, Amplit/Phase Solution Error:   0.315
Iter= 1, Polarisation Solution Error:   0.045
Iter= 1, Overall Solution Error:        1.294
Iter= 2, Amplit/Phase Solution Error:   0.002
Iter= 2, Polarisation Solution Error:   0.000
Iter= 2, Overall Solution Error:        0.004
Iter= 3, Amplit/Phase Solution Error:   0.001
Iter= 3, Polarisation Solution Error:   0.000
Iter= 3, Overall Solution Error:        0.001
I flux density:   5.5181
Leakage terms:
 Ant 1:Dx,Dy = ( 0.00056,-0.00233),(-0.00159,-0.00193)
 Ant 2:Dx,Dy = ( 0.00415, 0.00808),(-0.00560, 0.00838)
 Ant 3:Dx,Dy = ( 0.00257, 0.00050),(-0.00878, 0.00098)
 Ant 4:Dx,Dy = ( 0.00437, 0.01890),(-0.00504, 0.02053)
 Ant 5:Dx,Dy = (-0.01841,-0.00184),( 0.01474,-0.00121)
 Ant 6:Dx,Dy = (-0.00092,-0.02535),(-0.00141,-0.02471)
Solution for freq bin  2
Iter= 1, Amplit/Phase Solution Error:   0.353
Iter= 1, Polarisation Solution Error:   0.040
Iter= 1, Overall Solution Error:        1.430
Iter= 2, Amplit/Phase Solution Error:   0.002
Iter= 2, Polarisation Solution Error:   0.000
Iter= 2, Overall Solution Error:        0.004
Iter= 3, Amplit/Phase Solution Error:   0.001
Iter= 3, Polarisation Solution Error:   0.000
Iter= 3, Overall Solution Error:        0.001
I flux density:   4.5112
Leakage terms:
 Ant 1:Dx,Dy = ( 0.00092,-0.00366),(-0.00033,-0.00266)
 Ant 2:Dx,Dy = ( 0.00366, 0.00463),(-0.00457, 0.00601)
 Ant 3:Dx,Dy = ( 0.00402, 0.00078),(-0.00682,-0.00043)
 Ant 4:Dx,Dy = ( 0.00584, 0.01830),(-0.00463, 0.01854)
 Ant 5:Dx,Dy = (-0.01637, 0.00025),( 0.01625, 0.00039)
 Ant 6:Dx,Dy = ( 0.00118,-0.02098),(-0.00065,-0.02118)

2018-08-08 02:53:28,709 [MainThread  ] [INFO ]  pgflag vis=1934-638.5500 command='<b' stokes=i,q,u,v flagpar=8,5,5,3,6,3 options=nodisp

pgflag: Revision 1.30, 2016/10/05 23:06:50 UTC

Applying bandpass corrections to 1934-638.5500
Applying freq. dependent gain corrections to 1934-638.5500
Applying freq. dependent leakage correction to 1934-638.5500
Applying changes to dataset
Counts of correlations within selected channels:
 channel  Originally  Currently
 Good:      24573800   24474116    Changed to bad:      99684
 Bad:        4562980    4662664    Changed to good:         0
 16.0% of the data is now flagged

2018-08-08 02:54:40,215 [MainThread  ] [INFO ]  pgflag vis=1934-638.5500 command='<b' stokes=i,v,q,u flagpar=8,2,2,3,6,3  options=nodisp

pgflag: Revision 1.30, 2016/10/05 23:06:50 UTC

Applying bandpass corrections to 1934-638.5500
Applying freq. dependent gain corrections to 1934-638.5500
Applying freq. dependent leakage correction to 1934-638.5500
Applying changes to dataset
Counts of correlations within selected channels:
 channel  Originally  Currently
 Good:      24474116   24383620    Changed to bad:      90496
 Bad:        4662664    4753160    Changed to good:         0
 16.3% of the data is now flagged

2018-08-08 02:56:00,495 [MainThread  ] [INFO ]  pgflag vis=1934-638.5500 command='<b' stokes=i,v,u,q flagpar=8,2,2,3,6,3  options=nodisp

pgflag: Revision 1.30, 2016/10/05 23:06:50 UTC

Applying bandpass corrections to 1934-638.5500
Applying freq. dependent gain corrections to 1934-638.5500
Applying freq. dependent leakage correction to 1934-638.5500
Applying changes to dataset
Counts of correlations within selected channels:
 channel  Originally  Currently
 Good:      24383620   24307000    Changed to bad:      76620
 Bad:        4753160    4829780    Changed to good:         0
 16.6% of the data is now flagged

2018-08-08 02:58:55,054 [MainThread  ] [INFO ]  mfcal vis=1934-638.5500 refant=4 interval=0.1
MfCal: $Revision: 1.20 $, $Date: 2017/05/08 02:31:10 $
Selecting parallel-hand polarisations
Reading the data ...
Number correlations accepted: 12153500
Number of frequency bands/settings: 1
Number of polarisations selected: 2
Number of solution intervals: 237
Number of passband solution intervals: 1
Initialising ...
Using post-Aug94 ATCA flux scale for 1934-638.
Using known frequency variation of 1934-638
Generating initial solution estimate ...
Doing solution refinement ...
Iter= 1, Solution Error:  0.419
Iter= 2, Solution Error:  0.011
Iter= 3, Solution Error:  0.000
Saving solution ...

2018-08-08 02:58:57,715 [MainThread  ] [INFO ]  gpcal vis=1934-638.5500 refant=4 interval=0.1 nfbin=2 options=xyvary

gpcal: Revision 1.22, 2016/05/01 22:31:05 UTC

Applying bandpass corrections to 1934-638.5500
Number of antennae: 6
Using leakage parameters from input as initial guess
Reading the data ...
Number of solution intervals: 237
Total visibilities read: 3555
Number visibilities accepted: 3555
Using post-Aug94 ATCA flux scale for 1934-638.
Using IQUV =  5.0220,  0.0000,  0.0000,  0.0000 at   5.4475 GHz.
Using post-Aug94 ATCA flux scale for 1934-638.
Using IQUV =  5.5154,  0.0000,  0.0000,  0.0000 at   5.0331 GHz.
Using post-Aug94 ATCA flux scale for 1934-638.
Using IQUV =  4.5128,  0.0000,  0.0000,  0.0000 at   5.9519 GHz.
Iter= 1, Amplit/Phase Solution Error:   0.332
Iter= 1, Polarisation Solution Error:   0.000
Iter= 1, Overall Solution Error:        1.352
Iter= 2, Amplit/Phase Solution Error:   0.002
Iter= 2, Polarisation Solution Error:   0.000
Iter= 2, Overall Solution Error:        0.004
Iter= 3, Amplit/Phase Solution Error:   0.001
Iter= 3, Polarisation Solution Error:   0.000
Iter= 3, Overall Solution Error:        0.001
I flux density:   5.0220
Leakage terms:
 Ant 1:Dx,Dy = ( 0.00071,-0.00289),(-0.00106,-0.00224)
 Ant 2:Dx,Dy = ( 0.00394, 0.00663),(-0.00516, 0.00738)
 Ant 3:Dx,Dy = ( 0.00317, 0.00061),(-0.00798, 0.00039)
 Ant 4:Dx,Dy = ( 0.00500, 0.01863),(-0.00484, 0.01969)
 Ant 5:Dx,Dy = (-0.01755,-0.00096),( 0.01538,-0.00053)
 Ant 6:Dx,Dy = (-0.00002,-0.02351),(-0.00110,-0.02321)
Solution for freq bin  1
Iter= 1, Amplit/Phase Solution Error:   0.316
Iter= 1, Polarisation Solution Error:   0.002
Iter= 1, Overall Solution Error:        1.294
Iter= 2, Amplit/Phase Solution Error:   0.002
Iter= 2, Polarisation Solution Error:   0.000
Iter= 2, Overall Solution Error:        0.004
Iter= 3, Amplit/Phase Solution Error:   0.001
Iter= 3, Polarisation Solution Error:   0.000
Iter= 3, Overall Solution Error:        0.001
I flux density:   5.5154
Leakage terms:
 Ant 1:Dx,Dy = ( 0.00056,-0.00233),(-0.00159,-0.00193)
 Ant 2:Dx,Dy = ( 0.00416, 0.00808),(-0.00559, 0.00838)
 Ant 3:Dx,Dy = ( 0.00257, 0.00050),(-0.00878, 0.00098)
 Ant 4:Dx,Dy = ( 0.00438, 0.01889),(-0.00502, 0.02053)
 Ant 5:Dx,Dy = (-0.01842,-0.00185),( 0.01473,-0.00122)
 Ant 6:Dx,Dy = (-0.00091,-0.02534),(-0.00141,-0.02469)
Solution for freq bin  2
Iter= 1, Amplit/Phase Solution Error:   0.354
Iter= 1, Polarisation Solution Error:   0.003
Iter= 1, Overall Solution Error:        1.430
Iter= 2, Amplit/Phase Solution Error:   0.002
Iter= 2, Polarisation Solution Error:   0.000
Iter= 2, Overall Solution Error:        0.004
Iter= 3, Amplit/Phase Solution Error:   0.001
Iter= 3, Polarisation Solution Error:   0.000
Iter= 3, Overall Solution Error:        0.001
I flux density:   4.5128
Leakage terms:
 Ant 1:Dx,Dy = ( 0.00091,-0.00365),(-0.00032,-0.00267)
 Ant 2:Dx,Dy = ( 0.00365, 0.00466),(-0.00458, 0.00601)
 Ant 3:Dx,Dy = ( 0.00402, 0.00077),(-0.00684,-0.00043)
 Ant 4:Dx,Dy = ( 0.00585, 0.01829),(-0.00462, 0.01856)
 Ant 5:Dx,Dy = (-0.01638, 0.00024),( 0.01625, 0.00041)
 Ant 6:Dx,Dy = ( 0.00119,-0.02099),(-0.00067,-0.02119)

2018-08-08 02:58:57,779 [MainThread  ] [INFO ]  gpcopy vis=1934-638.5500 out=2312-319.5500

gpcopy: Revision 1.13, 2015/10/29 01:31:39 UTC

Copying leakage table
Copying gain table
Interpolation tolerance set to (minutes): 720.00
Copying bandpass table

2018-08-08 03:01:40,568 [MainThread  ] [INFO ]  pgflag vis=2312-319.5500 command='<b' stokes=i,q,u,v flagpar=8,5,5,3,6,3 options=nodisp

pgflag: Revision 1.30, 2016/10/05 23:06:50 UTC

Applying bandpass corrections to 2312-319.5500
Applying freq. dependent gain corrections to 2312-319.5500
Applying freq. dependent leakage correction to 2312-319.5500
Applying changes to dataset
Counts of correlations within selected channels:
 channel  Originally  Currently
 Good:      71225892   70581844    Changed to bad:     644048
 Bad:        9988272   10632320    Changed to good:         0
 13.1% of the data is now flagged

2018-08-08 03:04:12,596 [MainThread  ] [INFO ]  pgflag vis=2312-319.5500 command='<b' stokes=i,v,q,u flagpar=8,2,2,3,6,3  options=nodisp

pgflag: Revision 1.30, 2016/10/05 23:06:50 UTC

Applying bandpass corrections to 2312-319.5500
Applying freq. dependent gain corrections to 2312-319.5500
Applying freq. dependent leakage correction to 2312-319.5500
Applying changes to dataset
Counts of correlations within selected channels:
 channel  Originally  Currently
 Good:      70581844   70057124    Changed to bad:     524720
 Bad:       10632320   11157040    Changed to good:         0
 13.7% of the data is now flagged

2018-08-08 03:06:46,180 [MainThread  ] [INFO ]  pgflag vis=2312-319.5500 command='<b' stokes=i,v,u,q flagpar=8,2,2,3,6,3  options=nodisp

pgflag: Revision 1.30, 2016/10/05 23:06:50 UTC

Applying bandpass corrections to 2312-319.5500
Applying freq. dependent gain corrections to 2312-319.5500
Applying freq. dependent leakage correction to 2312-319.5500
Applying changes to dataset
Counts of correlations within selected channels:
 channel  Originally  Currently
 Good:      70057124   69474004    Changed to bad:     583120
 Bad:       11157040   11740160    Changed to good:         0
 14.5% of the data is now flagged

2018-08-08 03:06:53,743 [MainThread  ] [INFO ]  gpcal vis=2312-319.5500 refant=4 interval=0.1 nfbin=2 options=xyvary,qusolve

gpcal: Revision 1.22, 2016/05/01 22:31:05 UTC

Applying bandpass corrections to 2312-319.5500
Number of antennae: 6
Using leakage parameters from input as initial guess
Reading the data ...
Number of solution intervals: 661
Total visibilities read: 9909
Number visibilities accepted: 9899
Iter= 1, Amplit/Phase Solution Error:   0.763
Iter= 1, Polarisation Solution Error:   0.010
Iter= 1, Overall Solution Error:        2.368
Iter= 2, Amplit/Phase Solution Error:   0.012
Iter= 2, Polarisation Solution Error:   0.000
Iter= 2, Overall Solution Error:        0.009
Iter= 3, Amplit/Phase Solution Error:   0.001
Iter= 3, Polarisation Solution Error:   0.000
Iter= 3, Overall Solution Error:        0.001
I flux density:   0.5536
Percent Q:  -0.966
Percent U:   0.725
Leakage terms:
 Ant 1:Dx,Dy = ( 0.00054,-0.00320),(-0.00095,-0.00221)
 Ant 2:Dx,Dy = ( 0.00374, 0.00631),(-0.00489, 0.00738)
 Ant 3:Dx,Dy = ( 0.00338, 0.00054),(-0.00749, 0.00043)
 Ant 4:Dx,Dy = ( 0.00505, 0.01858),(-0.00466, 0.01977)
 Ant 5:Dx,Dy = (-0.01723,-0.00093),( 0.01517,-0.00036)
 Ant 6:Dx,Dy = ( 0.00055,-0.02346),(-0.00115,-0.02285)
Solution for freq bin  1
Iter= 1, Amplit/Phase Solution Error:   0.709
Iter= 1, Polarisation Solution Error:   0.012
Iter= 1, Overall Solution Error:        2.345
Iter= 2, Amplit/Phase Solution Error:   0.014
Iter= 2, Polarisation Solution Error:   0.000
Iter= 2, Overall Solution Error:        0.010
Iter= 3, Amplit/Phase Solution Error:   0.001
Iter= 3, Polarisation Solution Error:   0.000
Iter= 3, Overall Solution Error:        0.001
I flux density:   0.5538
Percent Q:  -1.187
Percent U:   0.676
Leakage terms:
 Ant 1:Dx,Dy = ( 0.00028,-0.00261),(-0.00167,-0.00175)
 Ant 2:Dx,Dy = ( 0.00383, 0.00803),(-0.00553, 0.00855)
 Ant 3:Dx,Dy = ( 0.00242, 0.00049),(-0.00858, 0.00109)
 Ant 4:Dx,Dy = ( 0.00414, 0.01881),(-0.00479, 0.02053)
 Ant 5:Dx,Dy = (-0.01818,-0.00194),( 0.01439,-0.00128)
 Ant 6:Dx,Dy = (-0.00055,-0.02540),(-0.00187,-0.02454)
Solution for freq bin  2
Iter= 1, Amplit/Phase Solution Error:   0.838
Iter= 1, Polarisation Solution Error:   0.008
Iter= 1, Overall Solution Error:        2.352
Iter= 2, Amplit/Phase Solution Error:   0.011
Iter= 2, Polarisation Solution Error:   0.000
Iter= 2, Overall Solution Error:        0.009
Iter= 3, Amplit/Phase Solution Error:   0.001
Iter= 3, Polarisation Solution Error:   0.000
Iter= 3, Overall Solution Error:        0.001
I flux density:   0.5545
Percent Q:  -0.741
Percent U:   0.779
Leakage terms:
 Ant 1:Dx,Dy = ( 0.00085,-0.00371),(-0.00015,-0.00258)
 Ant 2:Dx,Dy = ( 0.00364, 0.00451),(-0.00423, 0.00613)
 Ant 3:Dx,Dy = ( 0.00439, 0.00048),(-0.00636,-0.00036)
 Ant 4:Dx,Dy = ( 0.00597, 0.01829),(-0.00455, 0.01894)
 Ant 5:Dx,Dy = (-0.01621, 0.00002),( 0.01600, 0.00053)
 Ant 6:Dx,Dy = ( 0.00154,-0.02128),(-0.00052,-0.02097)

2018-08-08 03:10:16,056 [MainThread  ] [INFO ]  pgflag vis=2312-319.5500 command='<b' stokes=i,q,u,v flagpar=8,5,5,3,6,3 options=nodisp

pgflag: Revision 1.30, 2016/10/05 23:06:50 UTC

Applying bandpass corrections to 2312-319.5500
Applying freq. dependent gain corrections to 2312-319.5500
Applying freq. dependent leakage correction to 2312-319.5500
Applying changes to dataset
Counts of correlations within selected channels:
 channel  Originally  Currently
 Good:      69474004   68910072    Changed to bad:     563932
 Bad:       11740160   12304092    Changed to good:         0
 15.2% of the data is now flagged

2018-08-08 03:13:10,824 [MainThread  ] [INFO ]  pgflag vis=2312-319.5500 command='<b' stokes=i,v,q,u flagpar=8,2,2,3,6,3  options=nodisp

pgflag: Revision 1.30, 2016/10/05 23:06:50 UTC

Applying bandpass corrections to 2312-319.5500
Applying freq. dependent gain corrections to 2312-319.5500
Applying freq. dependent leakage correction to 2312-319.5500
Applying changes to dataset
Counts of correlations within selected channels:
 channel  Originally  Currently
 Good:      68910072   68338564    Changed to bad:     571508
 Bad:       12304092   12875600    Changed to good:         0
 15.9% of the data is now flagged

2018-08-08 03:16:11,399 [MainThread  ] [INFO ]  pgflag vis=2312-319.5500 command='<b' stokes=i,v,u,q flagpar=8,2,2,3,6,3  options=nodisp

pgflag: Revision 1.30, 2016/10/05 23:06:50 UTC

Applying bandpass corrections to 2312-319.5500
Applying freq. dependent gain corrections to 2312-319.5500
Applying freq. dependent leakage correction to 2312-319.5500
Applying changes to dataset
Counts of correlations within selected channels:
 channel  Originally  Currently
 Good:      68338564   67742228    Changed to bad:     596336
 Bad:       12875600   13471936    Changed to good:         0
 16.6% of the data is now flagged

2018-08-08 03:16:19,621 [MainThread  ] [INFO ]  gpcal vis=2312-319.5500 refant=4 interval=0.1 nfbin=2 options=xyvary,qusolve

gpcal: Revision 1.22, 2016/05/01 22:31:05 UTC

Applying bandpass corrections to 2312-319.5500
Number of antennae: 6
Using leakage parameters from input as initial guess
Reading the data ...
Number of solution intervals: 661
Total visibilities read: 9909
Number visibilities accepted: 9899
Iter= 1, Amplit/Phase Solution Error:   0.765
Iter= 1, Polarisation Solution Error:   0.010
Iter= 1, Overall Solution Error:        2.367
Iter= 2, Amplit/Phase Solution Error:   0.012
Iter= 2, Polarisation Solution Error:   0.000
Iter= 2, Overall Solution Error:        0.009
Iter= 3, Amplit/Phase Solution Error:   0.001
Iter= 3, Polarisation Solution Error:   0.000
Iter= 3, Overall Solution Error:        0.001
I flux density:   0.5547
Percent Q:  -0.999
Percent U:   0.713
Leakage terms:
 Ant 1:Dx,Dy = ( 0.00072,-0.00320),(-0.00078,-0.00226)
 Ant 2:Dx,Dy = ( 0.00389, 0.00629),(-0.00470, 0.00736)
 Ant 3:Dx,Dy = ( 0.00354, 0.00052),(-0.00732, 0.00044)
 Ant 4:Dx,Dy = ( 0.00522, 0.01857),(-0.00446, 0.01979)
 Ant 5:Dx,Dy = (-0.01705,-0.00091),( 0.01534,-0.00035)
 Ant 6:Dx,Dy = ( 0.00075,-0.02344),(-0.00101,-0.02280)
Solution for freq bin  1
Iter= 1, Amplit/Phase Solution Error:   0.710
Iter= 1, Polarisation Solution Error:   0.012
Iter= 1, Overall Solution Error:        2.345
Iter= 2, Amplit/Phase Solution Error:   0.014
Iter= 2, Polarisation Solution Error:   0.000
Iter= 2, Overall Solution Error:        0.010
Iter= 3, Amplit/Phase Solution Error:   0.001
Iter= 3, Polarisation Solution Error:   0.000
Iter= 3, Overall Solution Error:        0.001
I flux density:   0.5549
Percent Q:  -1.205
Percent U:   0.672
Leakage terms:
 Ant 1:Dx,Dy = ( 0.00040,-0.00259),(-0.00160,-0.00182)
 Ant 2:Dx,Dy = ( 0.00394, 0.00802),(-0.00539, 0.00856)
 Ant 3:Dx,Dy = ( 0.00250, 0.00045),(-0.00848, 0.00110)
 Ant 4:Dx,Dy = ( 0.00422, 0.01879),(-0.00465, 0.02058)
 Ant 5:Dx,Dy = (-0.01810,-0.00197),( 0.01449,-0.00132)
 Ant 6:Dx,Dy = (-0.00039,-0.02534),(-0.00181,-0.02446)
Solution for freq bin  2
Iter= 1, Amplit/Phase Solution Error:   0.839
Iter= 1, Polarisation Solution Error:   0.008
Iter= 1, Overall Solution Error:        2.352
Iter= 2, Amplit/Phase Solution Error:   0.011
Iter= 2, Polarisation Solution Error:   0.000
Iter= 2, Overall Solution Error:        0.009
Iter= 3, Amplit/Phase Solution Error:   0.001
Iter= 3, Polarisation Solution Error:   0.000
Iter= 3, Overall Solution Error:        0.001
I flux density:   0.5557
Percent Q:  -0.766
Percent U:   0.767
Leakage terms:
 Ant 1:Dx,Dy = ( 0.00098,-0.00372),(-0.00001,-0.00261)
 Ant 2:Dx,Dy = ( 0.00373, 0.00451),(-0.00410, 0.00611)
 Ant 3:Dx,Dy = ( 0.00450, 0.00048),(-0.00627,-0.00033)
 Ant 4:Dx,Dy = ( 0.00610, 0.01828),(-0.00441, 0.01895)
 Ant 5:Dx,Dy = (-0.01607, 0.00006),( 0.01613, 0.00056)
 Ant 6:Dx,Dy = ( 0.00167,-0.02132),(-0.00042,-0.02098)

2018-08-08 03:16:19,694 [MainThread  ] [INFO ]  gpboot vis=2312-319.5500 cal=1934-638.5500

gpboot: Revision 1.9, 2015/10/29 01:31:30 UTC

Secondary flux density scaled by:   0.996
Frequency bin  1 scaled by      :   0.999
Frequency bin  2 scaled by      :   1.000

2018-08-08 03:18:00,858 [MainThread  ] [INFO ]  gpcopy vis=2312-319.5500 out=a.5500

gpcopy: Revision 1.13, 2015/10/29 01:31:39 UTC

Copying leakage table
Copying gain table
Interpolation tolerance set to (minutes): 720.00
Copying bandpass table

2018-08-08 03:37:27,863 [MainThread  ] [INFO ]  pgflag vis=a.5500 command='<b' stokes=i,v,q,u flagpar=8,2,2,3,6,3  options=nodisp

pgflag: Revision 1.30, 2016/10/05 23:06:50 UTC

Applying bandpass corrections to a.5500
Applying freq. dependent gain corrections to a.5500
Applying freq. dependent leakage correction to a.5500
Applying changes to dataset
Counts of correlations within selected channels:
 channel  Originally  Currently
 Good:     454475676  441199224    Changed to bad:   13276452
 Bad:       63732816   77009268    Changed to good:         0
 14.9% of the data is now flagged

2018-08-08 03:58:26,176 [MainThread  ] [INFO ]  pgflag vis=a.5500 command='<b' stokes=i,v,u,q flagpar=8,2,2,3,6,3  options=nodisp

pgflag: Revision 1.30, 2016/10/05 23:06:50 UTC

Applying bandpass corrections to a.5500
Applying freq. dependent gain corrections to a.5500
Applying freq. dependent leakage correction to a.5500
Applying changes to dataset
Counts of correlations within selected channels:
 channel  Originally  Currently
 Good:     441199224  430900904    Changed to bad:   10298320
 Bad:       77009268   87307588    Changed to good:         0
 16.8% of the data is now flagged

2018-08-08 04:00:29,024 [MainThread  ] [INFO ]  uvsplit vis=a.5500

uvsplit: Revision 1.18, 2016/05/09 03:06:18 UTC

Creating a_541.5500
Creating a_542.5500
Creating a_543.5500
Creating a_544.5500
Creating a_545.5500
Creating a_546.5500
Creating a_547.5500
Creating a_548.5500
Creating a_549.5500
Creating a_550.5500
Creating a_551.5500
Creating a_552.5500
Creating a_553.5500
Creating a_554.5500
Creating a_555.5500
Creating a_556.5500
Creating a_557.5500
Creating a_558.5500
Creating a_559.5500
Creating a_560.5500
Creating a_561.5500
Creating a_562.5500
Creating a_563.5500
Creating a_564.5500
Creating a_565.5500
Creating a_566.5500
Creating a_567.5500
Creating a_568.5500
Creating a_569.5500
Creating a_570.5500
Creating a_571.5500
Creating a_572.5500
Creating a_573.5500
Creating a_574.5500
Creating a_575.5500
Creating a_576.5500
Creating a_577.5500
Creating a_578.5500
Creating a_579.5500
Creating a_580.5500
Creating a_581.5500
Creating a_582.5500
Creating a_583.5500
Creating a_584.5500
Creating a_585.5500
Creating a_586.5500
Creating a_587.5500
Creating a_588.5500
Creating a_589.5500
Creating a_590.5500
Creating a_591.5500
Creating a_592.5500
Creating a_593.5500
Creating a_594.5500
Creating a_595.5500
Creating a_596.5500
Creating a_597.5500
Creating a_598.5500
Creating a_599.5500
Creating a_600.5500
Creating a_601.5500
Creating a_602.5500
Creating a_603.5500
Creating a_604.5500
Creating a_605.5500
Creating a_606.5500
Creating a_607.5500
Creating a_608.5500
Creating a_609.5500
Creating a_610.5500
Creating a_611.5500
Creating a_612.5500
Creating a_613.5500
Creating a_614.5500
Creating a_615.5500
Creating a_616.5500
Creating a_617.5500
Creating a_618.5500
Creating a_619.5500
Creating a_620.5500
Creating a_621.5500
Creating a_622.5500
Creating a_623.5500
Creating a_624.5500
Creating a_625.5500
Creating a_626.5500
Creating a_627.5500
Creating a_628.5500
Creating a_629.5500
Creating a_630.5500
Creating a_631.5500
Creating a_632.5500
Creating a_633.5500
Creating a_634.5500
Creating a_635.5500
Creating a_636.5500
Creating a_637.5500
Creating a_638.5500
Creating a_639.5500
Creating a_640.5500
Creating a_641.5500
Creating a_642.5500
Creating a_643.5500
Creating a_644.5500
Creating a_645.5500
Creating a_646.5500
Creating a_647.5500
Creating a_648.5500
Creating a_649.5500
Creating a_650.5500
Creating a_651.5500
Creating a_652.5500
Creating a_653.5500
Creating a_654.5500
Creating a_655.5500
Creating a_656.5500
Creating a_657.5500
Creating a_658.5500
Creating a_659.5500
Creating a_660.5500
Creating a_661.5500
Creating a_662.5500
Creating a_663.5500
Creating a_664.5500
Creating a_665.5500
Creating a_666.5500
Creating a_667.5500
Creating a_668.5500
Creating a_669.5500
Creating a_670.5500
Creating a_671.5500
Creating a_672.5500
Creating a_673.5500
Creating a_674.5500
Creating a_675.5500
Creating a_676.5500
Creating a_677.5500
Creating a_678.5500
Creating a_679.5500
Creating a_680.5500
Creating a_681.5500
Creating a_682.5500
Creating a_683.5500
Creating a_684.5500
Creating a_685.5500
Creating a_686.5500
Creating a_687.5500
Creating a_688.5500
Creating a_689.5500
Creating a_690.5500
Creating a_691.5500
Creating a_692.5500
Creating a_693.5500
Creating a_694.5500
Creating a_695.5500
Creating a_696.5500
Creating a_697.5500
Creating a_698.5500
Creating a_699.5500
Creating a_700.5500
Creating a_701.5500
Creating a_702.5500
Creating a_703.5500
Creating a_704.5500
Creating a_705.5500
Creating a_706.5500
Creating a_707.5500
Creating a_708.5500
Creating a_709.5500
Creating a_710.5500
Creating a_711.5500
Creating a_712.5500
Creating a_713.5500
Creating a_714.5500
Creating a_715.5500
Creating a_716.5500
Creating a_717.5500
Creating a_718.5500
Creating a_719.5500
Creating a_720.5500

