2018-08-08 05:55:47,927 [MainThread  ] [INFO ]  atlod in=raw/2017-12-25_0041.C3132,raw/2017-12-25_0328.C3132,raw/2017-12-25_0615.C3132,raw/2017-12-25_0902.C3132,raw/2017-12-25_1149.C3132,raw/2017-12-25_1233.C3132 out=data9.uv ifsel=2 options=birdie,rfiflag,noauto,xycorr

atlod: Revision 1.53, 2016/08/25 23:02:21 UTC

Processing file raw/2017-12-25_0041.C3132
 00:41:15 CAOBS> track 1
CABB data detected
Scan 1 started at 17DEC25:00:41:32.0
Source: 1934-638
Flagging channels in  28 frequency ranges
 00:51:44 CAOBS> stop
 00:51:55 CAOBS> set file c3132_obs_b4
 00:52:01 CAOBS> start 7/99
Scan 2 started at 17DEC25:00:53:56.0
Source: 2312-319
Scan 3 started at 17DEC25:00:56:36.0
Source: b_781
Source: b_782
Source: b_783
Source: b_784
Source: b_785
Source: b_786
Source: b_787
Source: b_788
Source: b_789
Source: b_790
Source: b_791
Source: b_792
Source: b_793
Source: b_794
Source: b_795
Source: b_796
Source: b_797
Source: b_798
Source: b_799
Source: b_800
Scan 4 started at 17DEC25:01:10:04.0
Source: 2312-319
Scan 5 started at 17DEC25:01:12:52.0
Source: b_801
Source: b_802
Source: b_803
Source: b_804
Source: b_805
Source: b_806
Source: b_807
Source: b_808
Source: b_809
Source: b_810
Source: b_811
Source: b_812
Source: b_813
Source: b_814
Source: b_815
Source: b_816
Source: b_817
Source: b_818
Source: b_819
Source: b_820
Scan 6 started at 17DEC25:01:26:12.0
Source: 2312-319
Scan 7 started at 17DEC25:01:29:00.0
Source: b_821
Source: b_822
Source: b_823
Source: b_824
Source: b_825
Source: b_826
Source: b_827
Source: b_828
Source: b_829
Source: b_830
Source: b_831
Source: b_832
Source: b_833
Source: b_834
Source: b_835
Source: b_836
Source: b_837
Source: b_838
Source: b_839
Source: b_840
Scan 8 started at 17DEC25:01:42:20.0
Source: 2312-319
Scan 9 started at 17DEC25:01:45:00.0
Source: b_841
Source: b_842
Source: b_843
Source: b_844
Source: b_845
Source: b_846
Source: b_847
Source: b_848
Source: b_849
Source: b_850
Source: b_851
Source: b_852
Source: b_853
Source: b_854
Source: b_855
Source: b_856
Source: b_857
Source: b_858
Source: b_859
Source: b_860
Scan 10 started at 17DEC25:01:58:28.0
Source: 2312-319
Scan 11 started at 17DEC25:02:01:16.0
Source: b_861
Source: b_862
Source: b_863
Source: b_864
Source: b_865
Source: b_866
Source: b_867
Source: b_868
Source: b_869
Source: b_870
Source: b_871
Source: b_872
Source: b_873
Source: b_874
Source: b_875
Source: b_876
Source: b_877
Source: b_878
Source: b_879
Source: b_880
Scan 12 started at 17DEC25:02:14:36.0
Source: 2312-319
Scan 13 started at 17DEC25:02:17:24.0
Source: b_881
Source: b_882
Source: b_883
Source: b_884
Source: b_885
Source: b_886
Source: b_887
Source: b_888
Source: b_889
Source: b_890
Source: b_891
Source: b_892
Source: b_893
Source: b_894
Source: b_895
Source: b_896
Source: b_897
Source: b_898
Source: b_899
Source: b_900
Scan 14 started at 17DEC25:02:30:44.0
Source: 2312-319
Scan 15 started at 17DEC25:02:33:24.0
Source: b_901
Source: b_902
Source: b_903
Source: b_904
Source: b_905
Source: b_906
Source: b_907
Source: b_908
Source: b_909
Source: b_910
Source: b_911
Source: b_912
Source: b_913
Source: b_914
Source: b_915
Source: b_916
Source: b_917
Source: b_918
Source: b_919
Source: b_920
Scan 16 started at 17DEC25:02:46:52.0
Source: 2312-319
Scan 17 started at 17DEC25:02:49:40.0
Source: b_921
Source: b_922
Source: b_923
Source: b_924
Source: b_925
Source: b_926
Source: b_927
Source: b_928
Source: b_929
Source: b_930
Source: b_931
Source: b_932
Source: b_933
Source: b_934
Source: b_935
Source: b_936
Source: b_937
Source: b_938
Source: b_939
Source: b_940
Scan 18 started at 17DEC25:03:03:00.0
Source: 2312-319
Scan 19 started at 17DEC25:03:05:48.0
Source: b_941
Source: b_942
Source: b_943
Source: b_944
Source: b_945
Source: b_946
Source: b_947
Source: b_948
Source: b_949
Source: b_950
Source: b_951
Source: b_952
Source: b_953
Source: b_954
Source: b_955
Source: b_956
Source: b_957
Source: b_958
Source: b_959
Source: b_960
Scan 20 started at 17DEC25:03:19:08.0
Source: 2312-319
Scan 21 started at 17DEC25:03:21:48.0
Source: b_721
Source: b_722
Source: b_723
Source: b_724
Source: b_725
Source: b_726
Source: b_727
Source: b_728
Source: b_729
Source: b_730
Source: b_731
RPFITS file version is 2.12
---------------------------------------
Total number of spectra selected: 72660

Summary of spectra flagged
Flagging Reason            Fraction
---------------            --------
Antenna off-source/off-line  4.04%
---------------------------------------
Processing file raw/2017-12-25_0328.C3132
CABB data detected
Scan 1 started at 17DEC25:03:28:44.0
Source: b_731
Source: b_732
Source: b_733
Source: b_734
Source: b_735
Source: b_736
Source: b_737
Source: b_738
Source: b_739
Source: b_740
Scan 2 started at 17DEC25:03:35:16.0
Source: 2312-319
Scan 3 started at 17DEC25:03:37:56.0
Source: b_741
Source: b_742
Source: b_743
Source: b_744
Source: b_745
Source: b_746
Source: b_747
Source: b_748
Source: b_749
Source: b_750
Source: b_751
Source: b_752
Source: b_753
Source: b_754
Source: b_755
Source: b_756
Source: b_757
Source: b_758
Source: b_759
Source: b_760
Scan 4 started at 17DEC25:03:51:24.0
Source: 2312-319
Scan 5 started at 17DEC25:03:54:04.0
Source: b_761
Source: b_762
Source: b_763
Source: b_764
Source: b_765
Source: b_766
Source: b_767
Source: b_768
Source: b_769
Source: b_770
Source: b_771
Source: b_772
Source: b_773
Source: b_774
Source: b_775
Source: b_776
Source: b_777
Source: b_778
Source: b_779
Source: b_780
Scan 6 started at 17DEC25:04:07:32.0
Source: 2312-319
Scan 7 started at 17DEC25:04:10:12.0
Source: b_781
Source: b_782
Source: b_783
Source: b_784
Source: b_785
Source: b_786
Source: b_787
Source: b_788
Source: b_789
Source: b_790
Source: b_791
Source: b_792
Source: b_793
Source: b_794
Source: b_795
Source: b_796
Source: b_797
Source: b_798
Source: b_799
Source: b_800
Scan 8 started at 17DEC25:04:23:40.0
Source: 2312-319
Scan 9 started at 17DEC25:04:26:28.0
Source: b_801
Source: b_802
Source: b_803
Source: b_804
Source: b_805
Source: b_806
Source: b_807
Source: b_808
Source: b_809
Source: b_810
Source: b_811
Source: b_812
Source: b_813
Source: b_814
Source: b_815
Source: b_816
Source: b_817
Source: b_818
Source: b_819
Source: b_820
Scan 10 started at 17DEC25:04:39:48.0
Source: 2312-319
Scan 11 started at 17DEC25:04:42:28.0
Source: b_821
Source: b_822
Source: b_823
Source: b_824
Source: b_825
Source: b_826
Source: b_827
Source: b_828
Source: b_829
Source: b_830
Source: b_831
Source: b_832
Source: b_833
Source: b_834
Source: b_835
Source: b_836
Source: b_837
Source: b_838
Source: b_839
Source: b_840
Scan 12 started at 17DEC25:04:55:56.0
Source: 2312-319
Scan 13 started at 17DEC25:04:58:36.0
Source: b_841
Source: b_842
Source: b_843
Source: b_844
Source: b_845
Source: b_846
Source: b_847
Source: b_848
Source: b_849
Source: b_850
Source: b_851
Source: b_852
Source: b_853
Source: b_854
Source: b_855
Source: b_856
Source: b_857
Source: b_858
Source: b_859
Source: b_860
Scan 14 started at 17DEC25:05:12:04.0
Source: 2312-319
Scan 15 started at 17DEC25:05:14:52.0
Source: b_861
Source: b_862
Source: b_863
Source: b_864
Source: b_865
Source: b_866
Source: b_867
Source: b_868
Source: b_869
Source: b_870
Source: b_871
Source: b_872
Source: b_873
Source: b_874
Source: b_875
Source: b_876
Source: b_877
Source: b_878
Source: b_879
Source: b_880
Scan 16 started at 17DEC25:05:28:12.0
Source: 2312-319
Scan 17 started at 17DEC25:05:31:00.0
Source: b_881
Source: b_882
Source: b_883
Source: b_884
Source: b_885
Source: b_886
Source: b_887
Source: b_888
Source: b_889
Source: b_890
Source: b_891
Source: b_892
Source: b_893
Source: b_894
Source: b_895
Source: b_896
Source: b_897
Source: b_898
Source: b_899
Source: b_900
Scan 18 started at 17DEC25:05:44:20.0
Source: 2312-319
Scan 19 started at 17DEC25:05:47:00.0
Source: b_901
Source: b_902
Source: b_903
Source: b_904
Source: b_905
Source: b_906
Source: b_907
Source: b_908
Source: b_909
Source: b_910
Source: b_911
Source: b_912
Source: b_913
Source: b_914
Source: b_915
Source: b_916
Source: b_917
Source: b_918
Source: b_919
Source: b_920
Scan 20 started at 17DEC25:06:00:28.0
Source: 2312-319
Scan 21 started at 17DEC25:06:03:24.0
Source: b_921
Source: b_922
Source: b_923
Source: b_924
Source: b_925
Source: b_926
Source: b_927
Source: b_928
Source: b_929
Source: b_930
Source: b_931
Source: b_932
Source: b_933
Source: b_934
Source: b_935
Source: b_936
Source: b_937
Source: b_938
Source: b_939
RPFITS file version is 2.12
---------------------------------------
Total number of spectra selected: 72660

Summary of spectra flagged
Flagging Reason            Fraction
---------------            --------
Antenna off-source/off-line  3.04%
---------------------------------------
Processing file raw/2017-12-25_0615.C3132
CABB data detected
Scan 1 started at 17DEC25:06:15:32.0
Source: b_939
Source: b_940
Scan 2 started at 17DEC25:06:16:52.0
Source: 2312-319
Scan 3 started at 17DEC25:06:20:04.0
Source: b_941
Source: b_942
Source: b_943
Source: b_944
Source: b_945
Source: b_946
Source: b_947
Source: b_948
Source: b_949
Source: b_950
Source: b_951
Source: b_952
Source: b_953
Source: b_954
Source: b_955
Source: b_956
Source: b_957
Source: b_958
Source: b_959
Source: b_960
Scan 4 started at 17DEC25:06:33:16.0
Source: 2312-319
Scan 5 started at 17DEC25:06:36:46.5
Source: b_722
Source: b_723
Source: b_724
Source: b_725
Source: b_726
Source: b_727
Source: b_728
Source: b_729
Source: b_730
Source: b_731
Source: b_732
Source: b_733
Source: b_734
Source: b_735
Source: b_736
Source: b_737
Source: b_738
Source: b_739
Source: b_740
Scan 6 started at 17DEC25:06:50:20.0
Source: 2312-319
Scan 7 started at 17DEC25:07:05:17.5
Source: b_751
Source: b_753
Source: b_754
Source: b_755
Source: b_756
Source: b_757
Source: b_758
Source: b_759
Source: b_760
Scan 8 started at 17DEC25:07:12:20.0
Source: 2312-319
Scan 9 started at 17DEC25:07:15:00.0
Source: b_761
Source: b_762
Source: b_763
Source: b_764
Source: b_765
Source: b_766
Source: b_767
Source: b_768
Source: b_769
Source: b_770
Source: b_771
Source: b_772
Source: b_773
Source: b_774
Source: b_775
Source: b_776
Source: b_777
Source: b_778
Source: b_779
Source: b_780
Scan 10 started at 17DEC25:07:28:28.0
Source: 2312-319
Scan 11 started at 17DEC25:07:31:16.0
Source: b_781
Source: b_782
Source: b_783
Source: b_784
Source: b_785
Source: b_786
Source: b_787
Source: b_788
Source: b_789
Source: b_790
Source: b_791
Source: b_792
Source: b_793
Source: b_794
Source: b_795
Source: b_796
Source: b_797
Source: b_798
Source: b_799
Source: b_800
Scan 12 started at 17DEC25:07:44:52.0
Source: 2312-319
Scan 13 started at 17DEC25:07:47:48.0
Source: b_801
Source: b_802
Source: b_803
Source: b_804
Source: b_805
Source: b_806
Source: b_807
Source: b_808
Source: b_809
Source: b_810
Source: b_811
Source: b_812
Source: b_813
Source: b_814
Source: b_815
Source: b_816
Source: b_817
Source: b_818
Source: b_819
Source: b_820
Scan 14 started at 17DEC25:08:01:00.0
Source: 2312-319
Scan 15 started at 17DEC25:08:03:48.0
Source: b_821
Source: b_822
Source: b_823
Source: b_824
Source: b_825
Source: b_826
Source: b_827
Source: b_828
Source: b_829
Source: b_830
Source: b_831
Source: b_832
Source: b_833
Source: b_834
Source: b_835
Source: b_836
Source: b_837
Source: b_838
Source: b_839
Source: b_840
Scan 16 started at 17DEC25:08:17:08.0
Source: 2312-319
Scan 17 started at 17DEC25:08:19:48.0
Source: b_841
Source: b_842
Source: b_843
Source: b_844
Source: b_845
Source: b_846
Source: b_847
Source: b_848
Source: b_849
Source: b_850
Source: b_851
Source: b_852
Source: b_853
Source: b_854
Source: b_855
Source: b_856
Source: b_857
Source: b_858
Source: b_859
Source: b_860
Scan 18 started at 17DEC25:08:33:16.0
Source: 2312-319
Scan 19 started at 17DEC25:08:36:04.0
Source: b_861
Source: b_862
Source: b_863
Source: b_864
Source: b_865
Source: b_866
Source: b_867
Source: b_868
Source: b_869
Source: b_870
Source: b_871
Source: b_872
Source: b_873
Source: b_874
Source: b_875
Source: b_876
Source: b_877
Source: b_878
Source: b_879
Source: b_880
Scan 20 started at 17DEC25:08:49:24.0
Source: 2312-319
Scan 21 started at 17DEC25:08:52:12.0
Source: b_881
Source: b_882
Source: b_883
Source: b_884
Source: b_885
Source: b_886
Source: b_887
Source: b_888
Source: b_889
Source: b_890
Source: b_891
Source: b_892
Source: b_893
Source: b_894
Source: b_895
Source: b_896
RPFITS file version is 2.12
---------------------------------------
Total number of spectra selected: 72660

Summary of spectra flagged
Flagging Reason            Fraction
---------------            --------
Antenna off-source/off-line  15.3%
---------------------------------------
Processing file raw/2017-12-25_0902.C3132
CABB data detected
Scan 1 started at 17DEC25:09:02:20.0
Source: b_896
Source: b_897
Source: b_898
Source: b_899
Source: b_900
Scan 2 started at 17DEC25:09:05:32.0
Source: 2312-319
Scan 3 started at 17DEC25:09:08:12.0
Source: b_901
Source: b_902
Source: b_903
Source: b_904
Source: b_905
Source: b_906
Source: b_907
Source: b_908
Source: b_909
Source: b_910
Source: b_911
Source: b_912
Source: b_913
Source: b_914
Source: b_915
Source: b_916
Source: b_917
Source: b_918
Source: b_919
Source: b_920
Scan 4 started at 17DEC25:09:21:40.0
Source: 2312-319
Scan 5 started at 17DEC25:09:24:20.0
Source: b_921
Source: b_922
Source: b_923
Source: b_924
Source: b_925
Source: b_926
Source: b_927
Source: b_928
Source: b_929
Source: b_930
Source: b_931
Source: b_932
Source: b_933
Source: b_934
Source: b_935
Source: b_936
Source: b_937
Source: b_938
Source: b_939
Source: b_940
Scan 6 started at 17DEC25:09:37:48.0
Source: 2312-319
Scan 7 started at 17DEC25:09:40:36.0
Source: b_941
Source: b_942
Source: b_943
Source: b_944
Source: b_945
Source: b_946
Source: b_947
Source: b_948
Source: b_949
Source: b_950
Source: b_951
Source: b_952
Source: b_953
Source: b_954
Source: b_955
Source: b_956
Source: b_957
Source: b_958
Source: b_959
Source: b_960
Scan 8 started at 17DEC25:09:53:56.0
Source: 2312-319
Scan 9 started at 17DEC25:09:56:36.0
Source: b_721
Source: b_722
Source: b_723
Source: b_724
Source: b_725
Source: b_726
Source: b_727
Source: b_728
Source: b_729
Source: b_730
Source: b_731
Source: b_732
Source: b_733
Source: b_734
Source: b_735
Source: b_736
Source: b_737
Source: b_738
Source: b_739
Source: b_740
Scan 10 started at 17DEC25:10:10:04.0
Source: 2312-319
Scan 11 started at 17DEC25:10:12:52.0
Source: b_741
Source: b_742
Source: b_743
Source: b_744
Source: b_745
Source: b_746
Source: b_747
Source: b_748
Source: b_749
Source: b_750
Source: b_751
Source: b_752
Source: b_753
Source: b_754
Source: b_755
Source: b_756
Source: b_757
Source: b_758
Source: b_759
Source: b_760
Scan 12 started at 17DEC25:10:26:12.0
Source: 2312-319
Scan 13 started at 17DEC25:10:28:52.0
Source: b_761
Source: b_762
Source: b_763
Source: b_764
Source: b_765
Source: b_766
Source: b_767
Source: b_768
Source: b_769
Source: b_770
Source: b_771
Source: b_772
Source: b_773
Source: b_774
Source: b_775
Source: b_776
Source: b_777
Source: b_778
Source: b_779
Source: b_780
Scan 14 started at 17DEC25:10:42:20.0
Source: 2312-319
Scan 15 started at 17DEC25:10:45:00.0
Source: b_781
Source: b_782
Source: b_783
Source: b_784
Source: b_785
Source: b_786
Source: b_787
Source: b_788
Source: b_789
Source: b_790
Source: b_791
Source: b_792
Source: b_793
Source: b_794
Source: b_795
Source: b_796
Source: b_797
Source: b_798
Source: b_799
Source: b_800
Scan 16 started at 17DEC25:10:58:28.0
Source: 2312-319
Scan 17 started at 17DEC25:11:01:16.0
Source: b_801
Source: b_802
Source: b_803
Source: b_804
Source: b_805
Source: b_806
Source: b_807
Source: b_808
Source: b_809
Source: b_810
Source: b_811
Source: b_812
Source: b_813
Source: b_814
Source: b_815
Source: b_816
Source: b_817
Source: b_818
Source: b_819
Source: b_820
Scan 18 started at 17DEC25:11:14:36.0
Source: 2312-319
Scan 19 started at 17DEC25:11:17:16.0
Source: b_821
Source: b_822
Source: b_823
Source: b_824
Source: b_825
Source: b_826
Source: b_827
Source: b_828
Source: b_829
Source: b_830
Source: b_831
Source: b_832
Source: b_833
Source: b_834
Source: b_835
Source: b_836
Source: b_837
Source: b_838
Source: b_839
Source: b_840
Scan 20 started at 17DEC25:11:30:44.0
Source: 2312-319
Scan 21 started at 17DEC25:11:33:24.0
Source: b_841
Source: b_842
Source: b_843
Source: b_844
Source: b_845
Source: b_846
Source: b_847
Source: b_848
Source: b_849
Source: b_850
Source: b_851
Source: b_852
Source: b_853
Source: b_854
Source: b_855
Source: b_856
Source: b_857
Source: b_858
Source: b_859
Source: b_860
Scan 22 started at 17DEC25:11:46:52.0
Source: 2312-319
Scan 23 started at 17DEC25:11:49:32.0
Source: b_861
RPFITS file version is 2.12
---------------------------------------
Total number of spectra selected: 72660

Summary of spectra flagged
Flagging Reason            Fraction
---------------            --------
Antenna off-source/off-line  2.97%
---------------------------------------
Processing file raw/2017-12-25_1149.C3132
CABB data detected
Scan 1 started at 17DEC25:11:49:40.0
Source: b_861
Source: b_862
Source: b_863
Source: b_864
Source: b_865
Source: b_866
Source: b_867
Source: b_868
Source: b_869
Source: b_870
Source: b_871
Source: b_872
Source: b_873
Source: b_874
Source: b_875
Source: b_876
Source: b_877
Source: b_878
Source: b_879
Source: b_880
Scan 2 started at 17DEC25:12:03:00.0
Source: 2312-319
Scan 3 started at 17DEC25:12:05:40.0
Source: b_881
Source: b_882
Source: b_883
Source: b_884
Source: b_885
Source: b_886
Source: b_887
Source: b_888
Source: b_889
Source: b_890
Source: b_891
Source: b_892
Source: b_893
Source: b_894
Source: b_895
Source: b_896
Source: b_897
Source: b_898
Source: b_899
Source: b_900
Scan 4 started at 17DEC25:12:19:08.0
Source: 2312-319
Scan 5 started at 17DEC25:12:21:48.0
Source: b_901
Source: b_902
Source: b_903
Source: b_904
Source: b_905
Source: b_906
Source: b_907
Source: b_908
Source: b_909
Source: b_910
Source: b_911
Source: b_912
Source: b_913
Source: b_914
Source: b_915
Source: b_916
Source: b_917
RPFITS file version is 2.12
---------------------------------------
Total number of spectra selected: 18960

Summary of spectra flagged
Flagging Reason            Fraction
---------------            --------
Antenna off-source/off-line  1.90%
---------------------------------------
Processing file raw/2017-12-25_1233.C3132
 12:33:54 CAOBS> track 19
CABB data detected
Scan 1 started at 17DEC25:12:34:12.0
Source: 2312-319
 12:37:02 CAOBS> stop
 12:37:04 CAOBS> corr closef
RPFITS file version is 2.12
---------------------------------------
Total number of spectra selected: 1260

There was no flagged data
---------------------------------------

No CACAL data was detected

2018-08-08 05:56:09,285 [MainThread  ] [INFO ]  uvflag vis=data9.uv line=chan,50,850,1 flagval=flag

uvflag: Revision 1.8, 2014/09/30 14:23:39 UTC


Set flags to indicate bad data in visibility file data9.uv
Linetype channel; select   50 channels; start  850, width    1, step    1

Overview of flagging on visibility file data9.uv
Changed flags set to FALSE (data flagged as bad)
Total number of records selected: 292060; out of 292060 records
Antennas used: 1-6
Counts of correlations within selected channels
channel   Originally    Currently
Good:        14603000.           0.    Changed to bad:    14603000.
Bad:                0.    14603000.

2018-08-08 05:58:02,681 [MainThread  ] [INFO ]  uvsplit vis=data9.uv options=mosaic

uvsplit: Revision 1.18, 2016/05/09 03:06:18 UTC

Creating 1934-638.9500
Creating 2312-319.9500
Creating b.9500

2018-08-08 05:58:18,282 [MainThread  ] [INFO ]  pgflag vis=1934-638.9500 command='<b' stokes=i,q,u,v flagpar=8,5,5,3,6,3 options=nodisp

pgflag: Revision 1.30, 2016/10/05 23:06:50 UTC

Applying changes to dataset
Counts of correlations within selected channels:
 channel  Originally  Currently
 Good:       8130480    8039924    Changed to bad:      90556
 Bad:        1212960    1303516    Changed to good:         0
 14.0% of the data is now flagged

2018-08-08 05:58:29,965 [MainThread  ] [INFO ]  pgflag vis=1934-638.9500 command='<b' stokes=i,v,q,u flagpar=8,2,2,3,6,3  options=nodisp

pgflag: Revision 1.30, 2016/10/05 23:06:50 UTC

Applying changes to dataset
Counts of correlations within selected channels:
 channel  Originally  Currently
 Good:       8039924    7957900    Changed to bad:      82024
 Bad:        1303516    1385540    Changed to good:         0
 14.8% of the data is now flagged

2018-08-08 05:58:42,642 [MainThread  ] [INFO ]  pgflag vis=1934-638.9500 command='<b' stokes=i,v,u,q flagpar=8,2,2,3,6,3  options=nodisp

pgflag: Revision 1.30, 2016/10/05 23:06:50 UTC

Applying changes to dataset
Counts of correlations within selected channels:
 channel  Originally  Currently
 Good:       7957900    7841396    Changed to bad:     116504
 Bad:        1385540    1502044    Changed to good:         0
 16.1% of the data is now flagged

2018-08-08 05:59:33,407 [MainThread  ] [INFO ]  mfcal vis=1934-638.9500 refant=4 interval=0.1
MfCal: $Revision: 1.20 $, $Date: 2017/05/08 02:31:10 $
Selecting parallel-hand polarisations
Reading the data ...
Number correlations accepted: 3920698
Number of frequency bands/settings: 1
Number of polarisations selected: 2
Number of solution intervals: 76
Number of passband solution intervals: 1
Initialising ...
Using post-Aug94 ATCA flux scale for 1934-638.
Using known frequency variation of 1934-638
Generating initial solution estimate ...
Doing solution refinement ...
Iter= 1, Solution Error:  0.453
Iter= 2, Solution Error:  0.004
Iter= 3, Solution Error:  0.000
Saving solution ...

2018-08-08 05:59:37,822 [MainThread  ] [INFO ]  gpcal vis=1934-638.9500 refant=4 interval=0.1 nfbin=2 options=xyvary

gpcal: Revision 1.22, 2016/05/01 22:31:05 UTC

Applying bandpass corrections to 1934-638.9500
Number of antennae: 6
Reading the data ...
Number of solution intervals: 76
Total visibilities read: 1140
Number visibilities accepted: 1140
Using post-Aug94 ATCA flux scale for 1934-638.
Using IQUV =  2.5356,  0.0000,  0.0000,  0.0000 at   9.4679 GHz.
Using post-Aug94 ATCA flux scale for 1934-638.
Using IQUV =  2.6946,  0.0000,  0.0000,  0.0000 at   9.0162 GHz.
Using post-Aug94 ATCA flux scale for 1934-638.
Using IQUV =  2.3858,  0.0000,  0.0000,  0.0000 at   9.9451 GHz.
Iter= 1, Amplit/Phase Solution Error:   0.289
Iter= 1, Polarisation Solution Error:   0.034
Iter= 1, Overall Solution Error:        1.232
Iter= 2, Amplit/Phase Solution Error:   0.002
Iter= 2, Polarisation Solution Error:   0.000
Iter= 2, Overall Solution Error:        0.003
Iter= 3, Amplit/Phase Solution Error:   0.001
Iter= 3, Polarisation Solution Error:   0.000
Iter= 3, Overall Solution Error:        0.001
I flux density:   2.5356
Leakage terms:
 Ant 1:Dx,Dy = ( 0.00239,-0.00497),(-0.00079,-0.00557)
 Ant 2:Dx,Dy = ( 0.00344, 0.00091),(-0.00206, 0.00095)
 Ant 3:Dx,Dy = ( 0.00315, 0.00365),(-0.00837, 0.00351)
 Ant 4:Dx,Dy = ( 0.00307, 0.01615),(-0.00124, 0.01624)
 Ant 5:Dx,Dy = (-0.01605, 0.00230),( 0.01655, 0.00216)
 Ant 6:Dx,Dy = ( 0.00433,-0.01770),(-0.00377,-0.01761)
Solution for freq bin  1
Iter= 1, Amplit/Phase Solution Error:   0.284
Iter= 1, Polarisation Solution Error:   0.034
Iter= 1, Overall Solution Error:        1.212
Iter= 2, Amplit/Phase Solution Error:   0.002
Iter= 2, Polarisation Solution Error:   0.000
Iter= 2, Overall Solution Error:        0.003
Iter= 3, Amplit/Phase Solution Error:   0.001
Iter= 3, Polarisation Solution Error:   0.000
Iter= 3, Overall Solution Error:        0.001
I flux density:   2.6946
Leakage terms:
 Ant 1:Dx,Dy = ( 0.00281,-0.00429),(-0.00137,-0.00501)
 Ant 2:Dx,Dy = ( 0.00372, 0.00227),(-0.00177, 0.00183)
 Ant 3:Dx,Dy = ( 0.00413, 0.00361),(-0.00618, 0.00400)
 Ant 4:Dx,Dy = ( 0.00203, 0.01621),(-0.00006, 0.01607)
 Ant 5:Dx,Dy = (-0.01647, 0.00014),( 0.01657, 0.00044)
 Ant 6:Dx,Dy = ( 0.00553,-0.01758),(-0.00544,-0.01769)
Solution for freq bin  2
Iter= 1, Amplit/Phase Solution Error:   0.294
Iter= 1, Polarisation Solution Error:   0.034
Iter= 1, Overall Solution Error:        1.254
Iter= 2, Amplit/Phase Solution Error:   0.002
Iter= 2, Polarisation Solution Error:   0.000
Iter= 2, Overall Solution Error:        0.002
Iter= 3, Amplit/Phase Solution Error:   0.001
Iter= 3, Polarisation Solution Error:   0.000
Iter= 3, Overall Solution Error:        0.001
I flux density:   2.3858
Leakage terms:
 Ant 1:Dx,Dy = ( 0.00192,-0.00574),(-0.00014,-0.00621)
 Ant 2:Dx,Dy = ( 0.00313,-0.00062),(-0.00240,-0.00004)
 Ant 3:Dx,Dy = ( 0.00203, 0.00369),(-0.01088, 0.00296)
 Ant 4:Dx,Dy = ( 0.00426, 0.01609),(-0.00259, 0.01642)
 Ant 5:Dx,Dy = (-0.01557, 0.00471),( 0.01654, 0.00409)
 Ant 6:Dx,Dy = ( 0.00291,-0.01783),(-0.00183,-0.01752)

2018-08-08 06:00:00,067 [MainThread  ] [INFO ]  pgflag vis=1934-638.9500 command='<b' stokes=i,q,u,v flagpar=8,5,5,3,6,3 options=nodisp

pgflag: Revision 1.30, 2016/10/05 23:06:50 UTC

Applying bandpass corrections to 1934-638.9500
Applying freq. dependent gain corrections to 1934-638.9500
Applying freq. dependent leakage correction to 1934-638.9500
Applying changes to dataset
Counts of correlations within selected channels:
 channel  Originally  Currently
 Good:       7841396    7816452    Changed to bad:      24944
 Bad:        1502044    1526988    Changed to good:         0
 16.3% of the data is now flagged

2018-08-08 06:00:23,127 [MainThread  ] [INFO ]  pgflag vis=1934-638.9500 command='<b' stokes=i,v,q,u flagpar=8,2,2,3,6,3  options=nodisp

pgflag: Revision 1.30, 2016/10/05 23:06:50 UTC

Applying bandpass corrections to 1934-638.9500
Applying freq. dependent gain corrections to 1934-638.9500
Applying freq. dependent leakage correction to 1934-638.9500
Applying changes to dataset
Counts of correlations within selected channels:
 channel  Originally  Currently
 Good:       7816452    7790800    Changed to bad:      25652
 Bad:        1526988    1552640    Changed to good:         0
 16.6% of the data is now flagged

2018-08-08 06:00:37,702 [MainThread  ] [INFO ]  pgflag vis=1934-638.9500 command='<b' stokes=i,v,u,q flagpar=8,2,2,3,6,3  options=nodisp

pgflag: Revision 1.30, 2016/10/05 23:06:50 UTC

Applying bandpass corrections to 1934-638.9500
Applying freq. dependent gain corrections to 1934-638.9500
Applying freq. dependent leakage correction to 1934-638.9500
Applying changes to dataset
Counts of correlations within selected channels:
 channel  Originally  Currently
 Good:       7790800    7766952    Changed to bad:      23848
 Bad:        1552640    1576488    Changed to good:         0
 16.9% of the data is now flagged

2018-08-08 06:01:27,387 [MainThread  ] [INFO ]  mfcal vis=1934-638.9500 refant=4 interval=0.1
MfCal: $Revision: 1.20 $, $Date: 2017/05/08 02:31:10 $
Selecting parallel-hand polarisations
Reading the data ...
Number correlations accepted: 3883476
Number of frequency bands/settings: 1
Number of polarisations selected: 2
Number of solution intervals: 76
Number of passband solution intervals: 1
Initialising ...
Using post-Aug94 ATCA flux scale for 1934-638.
Using known frequency variation of 1934-638
Generating initial solution estimate ...
Doing solution refinement ...
Iter= 1, Solution Error:  0.457
Iter= 2, Solution Error:  0.004
Iter= 3, Solution Error:  0.000
Saving solution ...

2018-08-08 06:01:28,051 [MainThread  ] [INFO ]  gpcal vis=1934-638.9500 refant=4 interval=0.1 nfbin=2 options=xyvary

gpcal: Revision 1.22, 2016/05/01 22:31:05 UTC

Applying bandpass corrections to 1934-638.9500
Number of antennae: 6
Using leakage parameters from input as initial guess
Reading the data ...
Number of solution intervals: 76
Total visibilities read: 1140
Number visibilities accepted: 1140
Using post-Aug94 ATCA flux scale for 1934-638.
Using IQUV =  2.5358,  0.0000,  0.0000,  0.0000 at   9.4674 GHz.
Using post-Aug94 ATCA flux scale for 1934-638.
Using IQUV =  2.6940,  0.0000,  0.0000,  0.0000 at   9.0177 GHz.
Using post-Aug94 ATCA flux scale for 1934-638.
Using IQUV =  2.3867,  0.0000,  0.0000,  0.0000 at   9.9419 GHz.
Iter= 1, Amplit/Phase Solution Error:   0.289
Iter= 1, Polarisation Solution Error:   0.000
Iter= 1, Overall Solution Error:        1.233
Iter= 2, Amplit/Phase Solution Error:   0.002
Iter= 2, Polarisation Solution Error:   0.000
Iter= 2, Overall Solution Error:        0.003
Iter= 3, Amplit/Phase Solution Error:   0.001
Iter= 3, Polarisation Solution Error:   0.000
Iter= 3, Overall Solution Error:        0.001
I flux density:   2.5358
Leakage terms:
 Ant 1:Dx,Dy = ( 0.00240,-0.00498),(-0.00078,-0.00559)
 Ant 2:Dx,Dy = ( 0.00344, 0.00091),(-0.00208, 0.00093)
 Ant 3:Dx,Dy = ( 0.00317, 0.00364),(-0.00836, 0.00352)
 Ant 4:Dx,Dy = ( 0.00309, 0.01616),(-0.00125, 0.01624)
 Ant 5:Dx,Dy = (-0.01606, 0.00234),( 0.01658, 0.00221)
 Ant 6:Dx,Dy = ( 0.00429,-0.01773),(-0.00377,-0.01764)
Solution for freq bin  1
Iter= 1, Amplit/Phase Solution Error:   0.283
Iter= 1, Polarisation Solution Error:   0.003
Iter= 1, Overall Solution Error:        1.213
Iter= 2, Amplit/Phase Solution Error:   0.002
Iter= 2, Polarisation Solution Error:   0.000
Iter= 2, Overall Solution Error:        0.003
Iter= 3, Amplit/Phase Solution Error:   0.001
Iter= 3, Polarisation Solution Error:   0.000
Iter= 3, Overall Solution Error:        0.001
I flux density:   2.6940
Leakage terms:
 Ant 1:Dx,Dy = ( 0.00284,-0.00431),(-0.00135,-0.00504)
 Ant 2:Dx,Dy = ( 0.00373, 0.00228),(-0.00179, 0.00180)
 Ant 3:Dx,Dy = ( 0.00416, 0.00359),(-0.00617, 0.00398)
 Ant 4:Dx,Dy = ( 0.00207, 0.01622),(-0.00007, 0.01608)
 Ant 5:Dx,Dy = (-0.01649, 0.00023),( 0.01661, 0.00053)
 Ant 6:Dx,Dy = ( 0.00547,-0.01763),(-0.00544,-0.01773)
Solution for freq bin  2
Iter= 1, Amplit/Phase Solution Error:   0.295
Iter= 1, Polarisation Solution Error:   0.003
Iter= 1, Overall Solution Error:        1.254
Iter= 2, Amplit/Phase Solution Error:   0.002
Iter= 2, Polarisation Solution Error:   0.000
Iter= 2, Overall Solution Error:        0.003
Iter= 3, Amplit/Phase Solution Error:   0.001
Iter= 3, Polarisation Solution Error:   0.000
Iter= 3, Overall Solution Error:        0.001
I flux density:   2.3867
Leakage terms:
 Ant 1:Dx,Dy = ( 0.00193,-0.00574),(-0.00015,-0.00621)
 Ant 2:Dx,Dy = ( 0.00313,-0.00062),(-0.00241,-0.00005)
 Ant 3:Dx,Dy = ( 0.00204, 0.00370),(-0.01086, 0.00299)
 Ant 4:Dx,Dy = ( 0.00426, 0.01609),(-0.00259, 0.01642)
 Ant 5:Dx,Dy = (-0.01556, 0.00470),( 0.01655, 0.00408)
 Ant 6:Dx,Dy = ( 0.00290,-0.01785),(-0.00184,-0.01753)

2018-08-08 06:01:28,225 [MainThread  ] [INFO ]  gpcopy vis=1934-638.9500 out=2312-319.9500

gpcopy: Revision 1.13, 2015/10/29 01:31:39 UTC

Copying leakage table
Copying gain table
Interpolation tolerance set to (minutes): 720.00
Copying bandpass table

2018-08-08 06:04:03,847 [MainThread  ] [INFO ]  pgflag vis=2312-319.9500 command='<b' stokes=i,q,u,v flagpar=8,5,5,3,6,3 options=nodisp

pgflag: Revision 1.30, 2016/10/05 23:06:50 UTC

Applying bandpass corrections to 2312-319.9500
Applying freq. dependent gain corrections to 2312-319.9500
Applying freq. dependent leakage correction to 2312-319.9500
Applying changes to dataset
Counts of correlations within selected channels:
 channel  Originally  Currently
 Good:      71084644   70528516    Changed to bad:     556128
 Bad:       10604888   11161016    Changed to good:         0
 13.7% of the data is now flagged

2018-08-08 06:06:37,526 [MainThread  ] [INFO ]  pgflag vis=2312-319.9500 command='<b' stokes=i,v,q,u flagpar=8,2,2,3,6,3  options=nodisp

pgflag: Revision 1.30, 2016/10/05 23:06:50 UTC

Applying bandpass corrections to 2312-319.9500
Applying freq. dependent gain corrections to 2312-319.9500
Applying freq. dependent leakage correction to 2312-319.9500
Applying changes to dataset
Counts of correlations within selected channels:
 channel  Originally  Currently
 Good:      70528516   70040948    Changed to bad:     487568
 Bad:       11161016   11648584    Changed to good:         0
 14.3% of the data is now flagged

2018-08-08 06:09:12,147 [MainThread  ] [INFO ]  pgflag vis=2312-319.9500 command='<b' stokes=i,v,u,q flagpar=8,2,2,3,6,3  options=nodisp

pgflag: Revision 1.30, 2016/10/05 23:06:50 UTC

Applying bandpass corrections to 2312-319.9500
Applying freq. dependent gain corrections to 2312-319.9500
Applying freq. dependent leakage correction to 2312-319.9500
Applying changes to dataset
Counts of correlations within selected channels:
 channel  Originally  Currently
 Good:      70040948   69550132    Changed to bad:     490816
 Bad:       11648584   12139400    Changed to good:         0
 14.9% of the data is now flagged

2018-08-08 06:09:16,494 [MainThread  ] [INFO ]  gpcal vis=2312-319.9500 refant=4 interval=0.1 nfbin=2 options=xyvary,qusolve

gpcal: Revision 1.22, 2016/05/01 22:31:05 UTC

Applying bandpass corrections to 2312-319.9500
Number of antennae: 6
Using leakage parameters from input as initial guess
Reading the data ...
Number of solution intervals: 664
Total visibilities read: 9967
Number visibilities accepted: 9960
Iter= 1, Amplit/Phase Solution Error:   1.196
Iter= 1, Polarisation Solution Error:   0.002
Iter= 1, Overall Solution Error:        2.697
Iter= 2, Amplit/Phase Solution Error:   0.003
Iter= 2, Polarisation Solution Error:   0.000
Iter= 2, Overall Solution Error:        0.004
Iter= 3, Amplit/Phase Solution Error:   0.001
Iter= 3, Polarisation Solution Error:   0.000
Iter= 3, Overall Solution Error:        0.001
I flux density:   0.5455
Percent Q:   0.191
Percent U:  -0.218
Leakage terms:
 Ant 1:Dx,Dy = ( 0.00240,-0.00575),( 0.00025,-0.00567)
 Ant 2:Dx,Dy = ( 0.00376, 0.00053),(-0.00112, 0.00121)
 Ant 3:Dx,Dy = ( 0.00380, 0.00321),(-0.00860, 0.00392)
 Ant 4:Dx,Dy = ( 0.00341, 0.01579),(-0.00084, 0.01665)
 Ant 5:Dx,Dy = (-0.01492, 0.00229),( 0.01694, 0.00309)
 Ant 6:Dx,Dy = ( 0.00528,-0.01810),(-0.00290,-0.01718)
Solution for freq bin  1
Iter= 1, Amplit/Phase Solution Error:   1.077
Iter= 1, Polarisation Solution Error:   0.003
Iter= 1, Overall Solution Error:        2.609
Iter= 2, Amplit/Phase Solution Error:   0.003
Iter= 2, Polarisation Solution Error:   0.000
Iter= 2, Overall Solution Error:        0.004
Iter= 3, Amplit/Phase Solution Error:   0.001
Iter= 3, Polarisation Solution Error:   0.000
Iter= 3, Overall Solution Error:        0.001
I flux density:   0.5488
Percent Q:   0.181
Percent U:  -0.067
Leakage terms:
 Ant 1:Dx,Dy = ( 0.00258,-0.00491),(-0.00053,-0.00529)
 Ant 2:Dx,Dy = ( 0.00373, 0.00190),(-0.00099, 0.00198)
 Ant 3:Dx,Dy = ( 0.00481, 0.00343),(-0.00599, 0.00472)
 Ant 4:Dx,Dy = ( 0.00207, 0.01592),( 0.00022, 0.01637)
 Ant 5:Dx,Dy = (-0.01523,-0.00009),( 0.01661, 0.00110)
 Ant 6:Dx,Dy = ( 0.00652,-0.01779),(-0.00483,-0.01732)
Solution for freq bin  2
Iter= 1, Amplit/Phase Solution Error:   1.282
Iter= 1, Polarisation Solution Error:   0.004
Iter= 1, Overall Solution Error:        2.623
Iter= 2, Amplit/Phase Solution Error:   0.005
Iter= 2, Polarisation Solution Error:   0.000
Iter= 2, Overall Solution Error:        0.005
Iter= 3, Amplit/Phase Solution Error:   0.001
Iter= 3, Polarisation Solution Error:   0.000
Iter= 3, Overall Solution Error:        0.001
I flux density:   0.5453
Percent Q:   0.241
Percent U:  -0.354
Leakage terms:
 Ant 1:Dx,Dy = ( 0.00209,-0.00660),( 0.00084,-0.00599)
 Ant 2:Dx,Dy = ( 0.00369,-0.00076),(-0.00135, 0.00046)
 Ant 3:Dx,Dy = ( 0.00265, 0.00298),(-0.01129, 0.00319)
 Ant 4:Dx,Dy = ( 0.00449, 0.01560),(-0.00203, 0.01696)
 Ant 5:Dx,Dy = (-0.01476, 0.00454),( 0.01713, 0.00497)
 Ant 6:Dx,Dy = ( 0.00390,-0.01830),(-0.00125,-0.01705)

2018-08-08 06:11:56,861 [MainThread  ] [INFO ]  pgflag vis=2312-319.9500 command='<b' stokes=i,q,u,v flagpar=8,5,5,3,6,3 options=nodisp

pgflag: Revision 1.30, 2016/10/05 23:06:50 UTC

Applying bandpass corrections to 2312-319.9500
Applying freq. dependent gain corrections to 2312-319.9500
Applying freq. dependent leakage correction to 2312-319.9500
Applying changes to dataset
Counts of correlations within selected channels:
 channel  Originally  Currently
 Good:      69550132   69050504    Changed to bad:     499628
 Bad:       12139400   12639028    Changed to good:         0
 15.5% of the data is now flagged

2018-08-08 06:14:28,758 [MainThread  ] [INFO ]  pgflag vis=2312-319.9500 command='<b' stokes=i,v,q,u flagpar=8,2,2,3,6,3  options=nodisp

pgflag: Revision 1.30, 2016/10/05 23:06:50 UTC

Applying bandpass corrections to 2312-319.9500
Applying freq. dependent gain corrections to 2312-319.9500
Applying freq. dependent leakage correction to 2312-319.9500
Applying changes to dataset
Counts of correlations within selected channels:
 channel  Originally  Currently
 Good:      69050504   68586664    Changed to bad:     463840
 Bad:       12639028   13102868    Changed to good:         0
 16.0% of the data is now flagged

2018-08-08 06:17:09,930 [MainThread  ] [INFO ]  pgflag vis=2312-319.9500 command='<b' stokes=i,v,u,q flagpar=8,2,2,3,6,3  options=nodisp

pgflag: Revision 1.30, 2016/10/05 23:06:50 UTC

Applying bandpass corrections to 2312-319.9500
Applying freq. dependent gain corrections to 2312-319.9500
Applying freq. dependent leakage correction to 2312-319.9500
Applying changes to dataset
Counts of correlations within selected channels:
 channel  Originally  Currently
 Good:      68586664   68128552    Changed to bad:     458112
 Bad:       13102868   13560980    Changed to good:         0
 16.6% of the data is now flagged

2018-08-08 06:17:14,213 [MainThread  ] [INFO ]  gpcal vis=2312-319.9500 refant=4 interval=0.1 nfbin=2 options=xyvary,qusolve

gpcal: Revision 1.22, 2016/05/01 22:31:05 UTC

Applying bandpass corrections to 2312-319.9500
Number of antennae: 6
Using leakage parameters from input as initial guess
Reading the data ...
Number of solution intervals: 664
Total visibilities read: 9967
Number visibilities accepted: 9960
Iter= 1, Amplit/Phase Solution Error:   1.194
Iter= 1, Polarisation Solution Error:   0.002
Iter= 1, Overall Solution Error:        2.672
Iter= 2, Amplit/Phase Solution Error:   0.003
Iter= 2, Polarisation Solution Error:   0.000
Iter= 2, Overall Solution Error:        0.004
Iter= 3, Amplit/Phase Solution Error:   0.001
Iter= 3, Polarisation Solution Error:   0.000
Iter= 3, Overall Solution Error:        0.001
I flux density:   0.5495
Percent Q:   0.198
Percent U:  -0.215
Leakage terms:
 Ant 1:Dx,Dy = ( 0.00238,-0.00578),( 0.00024,-0.00570)
 Ant 2:Dx,Dy = ( 0.00375, 0.00052),(-0.00113, 0.00121)
 Ant 3:Dx,Dy = ( 0.00374, 0.00323),(-0.00863, 0.00396)
 Ant 4:Dx,Dy = ( 0.00340, 0.01576),(-0.00088, 0.01665)
 Ant 5:Dx,Dy = (-0.01494, 0.00231),( 0.01687, 0.00311)
 Ant 6:Dx,Dy = ( 0.00524,-0.01809),(-0.00290,-0.01720)
Solution for freq bin  1
Iter= 1, Amplit/Phase Solution Error:   1.034
Iter= 1, Polarisation Solution Error:   0.003
Iter= 1, Overall Solution Error:        2.612
Iter= 2, Amplit/Phase Solution Error:   0.003
Iter= 2, Polarisation Solution Error:   0.000
Iter= 2, Overall Solution Error:        0.004
Iter= 3, Amplit/Phase Solution Error:   0.001
Iter= 3, Polarisation Solution Error:   0.000
Iter= 3, Overall Solution Error:        0.001
I flux density:   0.5528
Percent Q:   0.182
Percent U:  -0.064
Leakage terms:
 Ant 1:Dx,Dy = ( 0.00259,-0.00494),(-0.00052,-0.00533)
 Ant 2:Dx,Dy = ( 0.00372, 0.00192),(-0.00099, 0.00196)
 Ant 3:Dx,Dy = ( 0.00478, 0.00341),(-0.00598, 0.00476)
 Ant 4:Dx,Dy = ( 0.00211, 0.01587),( 0.00019, 0.01638)
 Ant 5:Dx,Dy = (-0.01524,-0.00004),( 0.01654, 0.00114)
 Ant 6:Dx,Dy = ( 0.00648,-0.01779),(-0.00481,-0.01733)
Solution for freq bin  2
Iter= 1, Amplit/Phase Solution Error:   1.284
Iter= 1, Polarisation Solution Error:   0.003
Iter= 1, Overall Solution Error:        2.619
Iter= 2, Amplit/Phase Solution Error:   0.005
Iter= 2, Polarisation Solution Error:   0.000
Iter= 2, Overall Solution Error:        0.005
Iter= 3, Amplit/Phase Solution Error:   0.001
Iter= 3, Polarisation Solution Error:   0.000
Iter= 3, Overall Solution Error:        0.001
I flux density:   0.5493
Percent Q:   0.252
Percent U:  -0.350
Leakage terms:
 Ant 1:Dx,Dy = ( 0.00203,-0.00663),( 0.00080,-0.00600)
 Ant 2:Dx,Dy = ( 0.00367,-0.00078),(-0.00137, 0.00049)
 Ant 3:Dx,Dy = ( 0.00257, 0.00306),(-0.01136, 0.00323)
 Ant 4:Dx,Dy = ( 0.00444, 0.01560),(-0.00207, 0.01695)
 Ant 5:Dx,Dy = (-0.01479, 0.00452),( 0.01708, 0.00494)
 Ant 6:Dx,Dy = ( 0.00386,-0.01830),(-0.00129,-0.01708)

2018-08-08 06:17:14,239 [MainThread  ] [INFO ]  gpboot vis=2312-319.9500 cal=1934-638.9500

gpboot: Revision 1.9, 2015/10/29 01:31:30 UTC

Secondary flux density scaled by:   0.986
Frequency bin  1 scaled by      :   0.988
Frequency bin  2 scaled by      :   0.988

2018-08-08 06:18:34,593 [MainThread  ] [INFO ]  gpcopy vis=2312-319.9500 out=b.9500

gpcopy: Revision 1.13, 2015/10/29 01:31:39 UTC

Copying leakage table
Copying gain table
Interpolation tolerance set to (minutes): 720.00
Copying bandpass table

2018-08-08 06:34:02,691 [MainThread  ] [INFO ]  pgflag vis=b.9500 command='<b' stokes=i,v,q,u flagpar=8,2,2,3,6,3  options=nodisp

pgflag: Revision 1.30, 2016/10/05 23:06:50 UTC

Applying bandpass corrections to b.9500
Applying freq. dependent gain corrections to b.9500
Applying freq. dependent leakage correction to b.9500
Applying changes to dataset
Counts of correlations within selected channels:
 channel  Originally  Currently
 Good:     441527856  427989720    Changed to bad:   13538136
 Bad:       65870112   79408248    Changed to good:         0
 15.7% of the data is now flagged

2018-08-08 06:50:04,568 [MainThread  ] [INFO ]  pgflag vis=b.9500 command='<b' stokes=i,v,u,q flagpar=8,2,2,3,6,3  options=nodisp

pgflag: Revision 1.30, 2016/10/05 23:06:50 UTC

Applying bandpass corrections to b.9500
Applying freq. dependent gain corrections to b.9500
Applying freq. dependent leakage correction to b.9500
Applying changes to dataset
Counts of correlations within selected channels:
 channel  Originally  Currently
 Good:     427989720  418244868    Changed to bad:    9744852
 Bad:       79408248   89153100    Changed to good:         0
 17.6% of the data is now flagged

2018-08-08 06:52:05,733 [MainThread  ] [INFO ]  uvsplit vis=b.9500

uvsplit: Revision 1.18, 2016/05/09 03:06:18 UTC

Creating b_781.9500
Creating b_782.9500
Creating b_783.9500
Creating b_784.9500
Creating b_785.9500
Creating b_786.9500
Creating b_787.9500
Creating b_788.9500
Creating b_789.9500
Creating b_790.9500
Creating b_791.9500
Creating b_792.9500
Creating b_793.9500
Creating b_794.9500
Creating b_795.9500
Creating b_796.9500
Creating b_797.9500
Creating b_798.9500
Creating b_799.9500
Creating b_800.9500
Creating b_801.9500
Creating b_802.9500
Creating b_803.9500
Creating b_804.9500
Creating b_805.9500
Creating b_806.9500
Creating b_807.9500
Creating b_808.9500
Creating b_809.9500
Creating b_810.9500
Creating b_811.9500
Creating b_812.9500
Creating b_813.9500
Creating b_814.9500
Creating b_815.9500
Creating b_816.9500
Creating b_817.9500
Creating b_818.9500
Creating b_819.9500
Creating b_820.9500
Creating b_821.9500
Creating b_822.9500
Creating b_823.9500
Creating b_824.9500
Creating b_825.9500
Creating b_826.9500
Creating b_827.9500
Creating b_828.9500
Creating b_829.9500
Creating b_830.9500
Creating b_831.9500
Creating b_832.9500
Creating b_833.9500
Creating b_834.9500
Creating b_835.9500
Creating b_836.9500
Creating b_837.9500
Creating b_838.9500
Creating b_839.9500
Creating b_840.9500
Creating b_841.9500
Creating b_842.9500
Creating b_843.9500
Creating b_844.9500
Creating b_845.9500
Creating b_846.9500
Creating b_847.9500
Creating b_848.9500
Creating b_849.9500
Creating b_850.9500
Creating b_851.9500
Creating b_852.9500
Creating b_853.9500
Creating b_854.9500
Creating b_855.9500
Creating b_856.9500
Creating b_857.9500
Creating b_858.9500
Creating b_859.9500
Creating b_860.9500
Creating b_861.9500
Creating b_862.9500
Creating b_863.9500
Creating b_864.9500
Creating b_865.9500
Creating b_866.9500
Creating b_867.9500
Creating b_868.9500
Creating b_869.9500
Creating b_870.9500
Creating b_871.9500
Creating b_872.9500
Creating b_873.9500
Creating b_874.9500
Creating b_875.9500
Creating b_876.9500
Creating b_877.9500
Creating b_878.9500
Creating b_879.9500
Creating b_880.9500
Creating b_881.9500
Creating b_882.9500
Creating b_883.9500
Creating b_884.9500
Creating b_885.9500
Creating b_886.9500
Creating b_887.9500
Creating b_888.9500
Creating b_889.9500
Creating b_890.9500
Creating b_891.9500
Creating b_892.9500
Creating b_893.9500
Creating b_894.9500
Creating b_895.9500
Creating b_896.9500
Creating b_897.9500
Creating b_898.9500
Creating b_899.9500
Creating b_900.9500
Creating b_901.9500
Creating b_902.9500
Creating b_903.9500
Creating b_904.9500
Creating b_905.9500
Creating b_906.9500
Creating b_907.9500
Creating b_908.9500
Creating b_909.9500
Creating b_910.9500
Creating b_911.9500
Creating b_912.9500
Creating b_913.9500
Creating b_914.9500
Creating b_915.9500
Creating b_916.9500
Creating b_917.9500
Creating b_918.9500
Creating b_919.9500
Creating b_920.9500
Creating b_921.9500
Creating b_922.9500
Creating b_923.9500
Creating b_924.9500
Creating b_925.9500
Creating b_926.9500
Creating b_927.9500
Creating b_928.9500
Creating b_929.9500
Creating b_930.9500
Creating b_931.9500
Creating b_932.9500
Creating b_933.9500
Creating b_934.9500
Creating b_935.9500
Creating b_936.9500
Creating b_937.9500
Creating b_938.9500
Creating b_939.9500
Creating b_940.9500
Creating b_941.9500
Creating b_942.9500
Creating b_943.9500
Creating b_944.9500
Creating b_945.9500
Creating b_946.9500
Creating b_947.9500
Creating b_948.9500
Creating b_949.9500
Creating b_950.9500
Creating b_951.9500
Creating b_952.9500
Creating b_953.9500
Creating b_954.9500
Creating b_955.9500
Creating b_956.9500
Creating b_957.9500
Creating b_958.9500
Creating b_959.9500
Creating b_960.9500
Creating b_721.9500
Creating b_722.9500
Creating b_723.9500
Creating b_724.9500
Creating b_725.9500
Creating b_726.9500
Creating b_727.9500
Creating b_728.9500
Creating b_729.9500
Creating b_730.9500
Creating b_731.9500
Creating b_732.9500
Creating b_733.9500
Creating b_734.9500
Creating b_735.9500
Creating b_736.9500
Creating b_737.9500
Creating b_738.9500
Creating b_739.9500
Creating b_740.9500
Creating b_741.9500
Creating b_742.9500
Creating b_743.9500
Creating b_744.9500
Creating b_745.9500
Creating b_746.9500
Creating b_747.9500
Creating b_748.9500
Creating b_749.9500
Creating b_750.9500
Creating b_751.9500
Creating b_752.9500
Creating b_753.9500
Creating b_754.9500
Creating b_755.9500
Creating b_756.9500
Creating b_757.9500
Creating b_758.9500
Creating b_759.9500
Creating b_760.9500
Creating b_761.9500
Creating b_762.9500
Creating b_763.9500
Creating b_764.9500
Creating b_765.9500
Creating b_766.9500
Creating b_767.9500
Creating b_768.9500
Creating b_769.9500
Creating b_770.9500
Creating b_771.9500
Creating b_772.9500
Creating b_773.9500
Creating b_774.9500
Creating b_775.9500
Creating b_776.9500
Creating b_777.9500
Creating b_778.9500
Creating b_779.9500
Creating b_780.9500

