2018-11-02 10:42:28,922 [MainThread  ] [INFO ]  atlod in=raw/2018-05-18_1507.C3132,raw/2018-05-18_1754.C3132,raw/2018-05-18_2041.C3132,raw/2018-05-18_2328.C3132,raw/2018-05-19_0215.C3132 out=data9.uv ifsel=2 options=birdie,rfiflag,noauto,xycorr

atlod: Revision 1.53, 2016/08/25 23:02:21 UTC

Processing file raw/2018-05-18_1507.C3132
 15:07:24 CAOBS> track 1
CABB data detected
Scan 1 started at 18MAY18:15:07:40.0
Source: 1934-638
Flagging channels in  28 frequency ranges
 15:20:05 CAOBS> stop
 15:20:13 CAOBS> set file c3132_obs_c6
 15:20:18 CAOBS> start 1/99
Scan 2 started at 18MAY18:15:22:12.0
Source: 2312-319
Scan 3 started at 18MAY18:15:25:00.0
Source: c_901
Source: c_902
Source: c_903
Source: c_904
Source: c_905
Source: c_906
Source: c_907
Source: c_908
Source: c_909
Source: c_910
Source: c_911
Source: c_912
Source: c_913
Source: c_914
Source: c_915
Source: c_916
Source: c_917
Source: c_918
Source: c_919
Source: c_920
Scan 4 started at 18MAY18:15:38:28.0
Source: 2312-319
Scan 5 started at 18MAY18:15:41:32.0
Source: c_921
Source: c_922
Source: c_923
Source: c_924
Source: c_925
Source: c_926
Source: c_927
Source: c_928
Source: c_929
Source: c_930
Source: c_931
Source: c_932
Source: c_933
Source: c_934
Source: c_935
Source: c_936
Source: c_937
Source: c_938
Source: c_939
Source: c_940
Scan 6 started at 18MAY18:15:54:52.0
Source: 2312-319
Scan 7 started at 18MAY18:15:57:48.0
Source: c_941
Source: c_942
Source: c_943
Source: c_944
Source: c_945
Source: c_946
Source: c_947
Source: c_948
Source: c_949
Source: c_950
Source: c_951
Source: c_952
Source: c_953
Source: c_954
Source: c_955
Source: c_956
Source: c_957
Source: c_958
Source: c_959
Source: c_960
Scan 8 started at 18MAY18:16:11:08.0
Source: 2312-319
Scan 9 started at 18MAY18:16:14:04.0
Source: c_961
Source: c_962
Source: c_963
Source: c_964
Source: c_965
Source: c_966
Source: c_967
Source: c_968
Source: c_969
Source: c_970
Source: c_971
Source: c_972
Source: c_973
Source: c_974
Source: c_975
Source: c_976
Source: c_977
Source: c_978
Source: c_979
Source: c_980
Scan 10 started at 18MAY18:16:27:32.0
Source: 2312-319
Scan 11 started at 18MAY18:16:30:28.0
Source: c_981
Source: c_982
Source: c_983
Source: c_984
Source: c_985
Source: c_986
Source: c_987
Source: c_988
Source: c_989
Source: c_990
Source: c_991
Source: c_992
Source: c_993
Source: c_994
Source: c_995
Source: c_996
Source: c_997
Source: c_998
Source: c_999
Source: c_1000
Scan 12 started at 18MAY18:16:43:48.0
Source: 2312-319
Scan 13 started at 18MAY18:16:46:52.0
Source: c_1001
Source: c_1002
Source: c_1003
Source: c_1004
Source: c_1005
Source: c_1006
Source: c_1007
Source: c_1008
Source: c_1009
Source: c_1010
Source: c_1011
Source: c_1012
Source: c_1013
Source: c_1014
Source: c_1015
Source: c_1016
Source: c_1017
Source: c_1018
Source: c_1019
Source: c_1020
Scan 14 started at 18MAY18:17:00:12.0
Source: 2312-319
Scan 15 started at 18MAY18:17:03:08.0
Source: c_1021
Source: c_1022
Source: c_1023
Source: c_1024
Source: c_1025
Source: c_1026
Source: c_1027
Source: c_1028
Source: c_1029
Source: c_1030
Source: c_1031
Source: c_1032
Source: c_1033
Source: c_1034
Source: c_1035
Source: c_1036
Source: c_1037
Source: c_1038
Source: c_1039
Source: c_1040
Scan 16 started at 18MAY18:17:16:28.0
Source: 2312-319
Scan 17 started at 18MAY18:17:19:32.0
Source: c_1041
Source: c_1042
Source: c_1043
Source: c_1044
Source: c_1045
Source: c_1046
Source: c_1047
Source: c_1048
Source: c_1049
Source: c_1050
Source: c_1051
Source: c_1052
Source: c_1053
Source: c_1054
Source: c_1055
Source: c_1056
Source: c_1057
Source: c_1058
Source: c_1059
Source: c_1060
Scan 18 started at 18MAY18:17:32:52.0
Source: 2312-319
Scan 19 started at 18MAY18:17:35:56.0
Source: c_1061
Source: c_1062
Source: c_1063
Source: c_1064
Source: c_1065
Source: c_1066
Source: c_1067
Source: c_1068
Source: c_1069
Source: c_1070
Source: c_1071
Source: c_1072
Source: c_1073
Source: c_1074
Source: c_1075
Source: c_1076
Source: c_1077
Source: c_1078
Source: c_1079
Source: c_1080
Scan 20 started at 18MAY18:17:49:16.0
Source: 2312-319
Scan 21 started at 18MAY18:17:52:12.0
Source: c_901
Source: c_902
Source: c_903
Source: c_904
RPFITS file version is 2.12
---------------------------------------
Total number of spectra selected: 72660

Summary of spectra flagged
Flagging Reason            Fraction
---------------            --------
Antenna off-source/off-line  5.27%
---------------------------------------
Processing file raw/2018-05-18_1754.C3132
CABB data detected
Scan 1 started at 18MAY18:17:54:45.5
Source: c_905
Source: c_906
Source: c_907
Source: c_908
Source: c_909
Source: c_910
Source: c_911
Source: c_912
Source: c_913
Source: c_914
Source: c_915
Source: c_916
Source: c_917
Source: c_918
Source: c_919
Source: c_920
Scan 2 started at 18MAY18:18:05:48.0
Source: 2312-319
Scan 3 started at 18MAY18:18:08:44.0
Source: c_921
Source: c_922
Source: c_923
Source: c_924
Source: c_925
Source: c_926
Source: c_927
Source: c_928
Source: c_929
Source: c_930
Source: c_931
Source: c_932
Source: c_933
Source: c_934
Source: c_935
Source: c_936
Source: c_937
Source: c_938
Source: c_939
Source: c_940
Scan 4 started at 18MAY18:18:22:04.0
Source: 2312-319
Scan 5 started at 18MAY18:18:25:08.0
Source: c_941
Source: c_942
Source: c_943
Source: c_944
Source: c_945
Source: c_946
Source: c_947
Source: c_948
Source: c_949
Source: c_950
Source: c_951
Source: c_952
Source: c_953
Source: c_954
Source: c_955
Source: c_956
Source: c_957
Source: c_958
Source: c_959
Source: c_960
Scan 6 started at 18MAY18:18:38:28.0
Source: 2312-319
Scan 7 started at 18MAY18:18:41:32.0
Source: c_961
Source: c_962
Source: c_963
Source: c_964
Source: c_965
Source: c_966
Source: c_967
Source: c_968
Source: c_969
Source: c_970
Source: c_971
Source: c_972
Source: c_973
Source: c_974
Source: c_975
Source: c_976
Source: c_977
Source: c_978
Source: c_979
Source: c_980
Scan 8 started at 18MAY18:18:54:52.0
Source: 2312-319
Scan 9 started at 18MAY18:18:57:56.0
Source: c_981
Source: c_982
Source: c_983
Source: c_984
Source: c_985
Source: c_986
Source: c_987
Source: c_988
Source: c_989
Source: c_990
Source: c_991
Source: c_992
Source: c_993
Source: c_994
Source: c_995
Source: c_996
Source: c_997
Source: c_998
Source: c_999
Source: c_1000
Scan 10 started at 18MAY18:19:11:16.0
Source: 2312-319
Scan 11 started at 18MAY18:19:14:20.0
Source: c_1001
Source: c_1002
Source: c_1003
Source: c_1004
Source: c_1005
Source: c_1006
Source: c_1007
Source: c_1008
Source: c_1009
Source: c_1010
Source: c_1011
Source: c_1012
Source: c_1013
Source: c_1014
Source: c_1015
Source: c_1016
Source: c_1017
Source: c_1018
Source: c_1019
Source: c_1020
Scan 12 started at 18MAY18:19:27:40.0
Source: 2312-319
Scan 13 started at 18MAY18:19:30:44.0
Source: c_1021
Source: c_1022
Source: c_1023
Source: c_1024
Source: c_1025
Source: c_1026
Source: c_1027
Source: c_1028
Source: c_1029
Source: c_1030
Source: c_1031
Source: c_1032
Source: c_1033
Source: c_1034
Source: c_1035
Source: c_1036
Source: c_1037
Source: c_1038
Source: c_1039
Source: c_1040
Scan 14 started at 18MAY18:19:44:04.0
Source: 2312-319
Scan 15 started at 18MAY18:19:47:08.0
Source: c_1041
Source: c_1042
Source: c_1043
Source: c_1044
Source: c_1045
Source: c_1046
Source: c_1047
Source: c_1048
Source: c_1049
Source: c_1050
Source: c_1051
Source: c_1052
Source: c_1053
Source: c_1054
Source: c_1055
Source: c_1056
Source: c_1057
Source: c_1058
Source: c_1059
Source: c_1060
Scan 16 started at 18MAY18:20:00:28.0
Source: 2312-319
Scan 17 started at 18MAY18:20:03:32.0
Source: c_1061
Source: c_1062
Source: c_1063
Source: c_1064
Source: c_1065
Source: c_1066
Source: c_1067
Source: c_1068
Source: c_1069
Source: c_1070
Source: c_1071
Source: c_1072
Source: c_1073
Source: c_1074
Source: c_1075
Source: c_1076
Source: c_1077
Source: c_1078
Source: c_1079
Source: c_1080
Scan 18 started at 18MAY18:20:17:00.0
Source: 2312-319
Scan 19 started at 18MAY18:20:19:56.0
Source: c_901
Source: c_902
Source: c_903
Source: c_904
Source: c_905
Source: c_906
Source: c_907
Source: c_908
Source: c_909
Source: c_910
Source: c_911
Source: c_912
Source: c_913
Source: c_914
Source: c_915
Source: c_916
Source: c_917
Source: c_918
Source: c_919
Source: c_920
Scan 20 started at 18MAY18:20:33:24.0
Source: 2312-319
Scan 21 started at 18MAY18:20:36:20.0
Source: c_921
Source: c_922
Source: c_923
Source: c_924
Source: c_925
Source: c_926
Source: c_927
Source: c_928
Source: c_929
RPFITS file version is 2.12
---------------------------------------
Total number of spectra selected: 72660

Summary of spectra flagged
Flagging Reason            Fraction
---------------            --------
Antenna off-source/off-line  4.57%
---------------------------------------
Processing file raw/2018-05-18_2041.C3132
CABB data detected
Scan 1 started at 18MAY18:20:41:32.0
Source: c_929
Source: c_930
Source: c_931
Source: c_932
Source: c_933
Source: c_934
Source: c_935
Source: c_936
Source: c_937
Source: c_938
Source: c_939
Source: c_940
Scan 2 started at 18MAY18:20:49:48.0
Source: 2312-319
Scan 3 started at 18MAY18:20:53:48.0
Source: c_942
Source: c_943
Source: c_944
Source: c_945
Source: c_946
Source: c_947
Source: c_948
Source: c_949
Source: c_950
Source: c_951
Source: c_952
Source: c_953
Source: c_954
Source: c_955
Source: c_956
Source: c_957
Source: c_958
Source: c_959
Source: c_960
Scan 4 started at 18MAY18:21:06:28.0
Source: 2312-319
Scan 5 started at 18MAY18:21:14:28.0
Source: c_963
Source: c_966
Source: c_970
Source: c_972
Source: c_974
Source: c_975
Source: c_976
Source: c_977
Source: c_978
Source: c_979
Source: c_980
Scan 6 started at 18MAY18:21:27:48.0
Source: 2312-319
Scan 7 started at 18MAY18:21:32:52.0
Source: c_981
Source: c_982
Source: c_983
Source: c_984
Source: c_985
Source: c_986
Source: c_987
Source: c_988
Source: c_989
Source: c_990
Source: c_991
Source: c_992
Source: c_993
Source: c_994
Source: c_995
Source: c_996
Source: c_997
Source: c_998
Source: c_999
Source: c_1000
Scan 8 started at 18MAY18:21:46:12.0
Source: 2312-319
Scan 9 started at 18MAY18:21:49:16.0
Source: c_1001
Source: c_1002
Source: c_1003
Source: c_1004
Source: c_1005
Source: c_1006
Source: c_1007
Source: c_1008
Source: c_1009
Source: c_1010
Source: c_1011
Source: c_1012
Source: c_1013
Source: c_1014
Source: c_1015
Source: c_1016
Source: c_1017
Source: c_1018
Source: c_1019
Source: c_1020
Scan 10 started at 18MAY18:22:02:44.0
Source: 2312-319
Scan 11 started at 18MAY18:22:05:56.0
Source: c_1021
Source: c_1022
Source: c_1023
Source: c_1024
Source: c_1025
Source: c_1026
Source: c_1027
Source: c_1028
Source: c_1029
Source: c_1030
Source: c_1031
Source: c_1032
Source: c_1033
Source: c_1034
Source: c_1035
Source: c_1036
Source: c_1037
Source: c_1038
Source: c_1039
Source: c_1040
Scan 12 started at 18MAY18:22:19:08.0
Source: 2312-319
Scan 13 started at 18MAY18:22:22:12.0
Source: c_1041
Source: c_1042
Source: c_1043
Source: c_1044
Source: c_1045
Source: c_1046
Source: c_1047
Source: c_1048
Source: c_1049
Source: c_1050
Source: c_1051
Source: c_1052
Source: c_1053
Source: c_1054
Source: c_1055
Source: c_1056
Source: c_1057
Source: c_1058
Source: c_1059
Source: c_1060
Scan 14 started at 18MAY18:22:35:32.0
Source: 2312-319
Scan 15 started at 18MAY18:22:38:36.0
Source: c_1061
Source: c_1062
Source: c_1063
Source: c_1064
Source: c_1065
Source: c_1066
Source: c_1067
Source: c_1068
Source: c_1069
Source: c_1070
Source: c_1071
Source: c_1072
Source: c_1073
Source: c_1074
Source: c_1075
Source: c_1076
Source: c_1077
Source: c_1078
Source: c_1079
Source: c_1080
Scan 16 started at 18MAY18:22:51:56.0
Source: 2312-319
Scan 17 started at 18MAY18:22:54:52.0
Source: c_901
Source: c_902
Source: c_903
Source: c_904
Source: c_905
Source: c_906
Source: c_907
Source: c_908
Source: c_909
Source: c_910
Source: c_911
Source: c_912
Source: c_913
Source: c_914
Source: c_915
Source: c_916
Source: c_917
Source: c_918
Source: c_919
Source: c_920
Scan 18 started at 18MAY18:23:08:20.0
Source: 2312-319
Scan 19 started at 18MAY18:23:11:24.0
Source: c_921
Source: c_922
Source: c_923
Source: c_924
Source: c_925
Source: c_926
Source: c_927
Source: c_928
Source: c_929
Source: c_930
Source: c_931
Source: c_932
Source: c_933
Source: c_934
Source: c_935
Source: c_936
Source: c_937
Source: c_938
Source: c_939
Source: c_940
Scan 20 started at 18MAY18:23:25:00.0
Source: 2312-319
Scan 21 started at 18MAY18:23:27:56.0
Source: c_941
RPFITS file version is 2.12
---------------------------------------
Total number of spectra selected: 72660

Summary of spectra flagged
Flagging Reason            Fraction
---------------            --------
Antenna off-source/off-line  16.4%
---------------------------------------
Processing file raw/2018-05-18_2328.C3132
CABB data detected
Scan 1 started at 18MAY18:23:28:21.5
Source: c_942
Source: c_943
Source: c_944
Source: c_945
Source: c_946
Source: c_947
Source: c_948
Source: c_949
Source: c_950
Source: c_951
Source: c_952
Source: c_953
Source: c_954
Source: c_955
Source: c_956
Source: c_957
Source: c_958
Source: c_959
Source: c_960
Scan 2 started at 18MAY18:23:41:16.0
Source: 2312-319
Scan 3 started at 18MAY18:23:44:12.0
Source: c_961
Source: c_962
Source: c_963
Source: c_964
Source: c_965
Source: c_966
Source: c_967
Source: c_968
Source: c_969
Source: c_970
Source: c_971
Source: c_972
Source: c_973
Source: c_974
Source: c_975
Source: c_976
Source: c_977
Source: c_978
Source: c_979
Source: c_980
Scan 4 started at 18MAY18:23:57:40.0
Source: 2312-319
Scan 5 started at 18MAY19:00:00:44.0
Source: c_981
Source: c_982
Source: c_983
Source: c_984
Source: c_985
Source: c_986
Source: c_987
Source: c_988
Source: c_989
Source: c_990
Source: c_991
Source: c_992
Source: c_993
Source: c_994
Source: c_995
Source: c_996
Source: c_997
Source: c_998
Source: c_999
Source: c_1000
Scan 6 started at 18MAY19:00:14:04.0
Source: 2312-319
Scan 7 started at 18MAY19:00:17:00.0
Source: c_1001
Source: c_1002
Source: c_1003
Source: c_1004
Source: c_1005
Source: c_1006
Source: c_1007
Source: c_1008
Source: c_1009
Source: c_1010
Source: c_1011
Source: c_1012
Source: c_1013
Source: c_1014
Source: c_1015
Source: c_1016
Source: c_1017
Source: c_1018
Source: c_1019
Source: c_1020
Scan 8 started at 18MAY19:00:30:28.0
Source: 2312-319
Scan 9 started at 18MAY19:00:33:32.0
Source: c_1021
Source: c_1022
Source: c_1023
Source: c_1024
Source: c_1025
Source: c_1026
Source: c_1027
Source: c_1028
Source: c_1029
Source: c_1030
Source: c_1031
Source: c_1032
Source: c_1033
Source: c_1034
Source: c_1035
Source: c_1036
Source: c_1037
Source: c_1038
Source: c_1039
Source: c_1040
Scan 10 started at 18MAY19:00:46:52.0
Source: 2312-319
Scan 11 started at 18MAY19:00:49:48.0
Source: c_1041
Source: c_1042
Source: c_1043
Source: c_1044
Source: c_1045
Source: c_1046
Source: c_1047
Source: c_1048
Source: c_1049
Source: c_1050
Source: c_1051
Source: c_1052
Source: c_1053
Source: c_1054
Source: c_1055
Source: c_1056
Source: c_1057
Source: c_1058
Source: c_1059
Source: c_1060
Scan 12 started at 18MAY19:01:03:08.0
Source: 2312-319
Scan 13 started at 18MAY19:01:06:04.0
Source: c_1061
Source: c_1062
Source: c_1063
Source: c_1064
Source: c_1065
Source: c_1066
Source: c_1067
Source: c_1068
Source: c_1069
Source: c_1070
Source: c_1071
Source: c_1072
Source: c_1073
Source: c_1074
Source: c_1075
Source: c_1076
Source: c_1077
Source: c_1078
Source: c_1079
Source: c_1080
Scan 14 started at 18MAY19:01:19:32.0
Source: 2312-319
Scan 15 started at 18MAY19:01:22:20.0
Source: c_901
Source: c_902
Source: c_903
Source: c_904
Source: c_905
Source: c_906
Source: c_907
Source: c_908
Source: c_909
Source: c_910
Source: c_911
Source: c_912
Source: c_913
Source: c_914
Source: c_915
Source: c_916
Source: c_917
Source: c_918
Source: c_919
Source: c_920
Scan 16 started at 18MAY19:01:35:48.0
Source: 2312-319
Scan 17 started at 18MAY19:01:38:36.0
Source: c_921
Source: c_922
Source: c_923
Source: c_924
Source: c_925
Source: c_926
Source: c_927
Source: c_928
Source: c_929
Source: c_930
Source: c_931
Source: c_932
Source: c_933
Source: c_934
Source: c_935
Source: c_936
Source: c_937
Source: c_938
Source: c_939
Source: c_940
Scan 18 started at 18MAY19:01:52:12.0
Source: 2312-319
Scan 19 started at 18MAY19:01:55:00.0
Source: c_941
Source: c_942
Source: c_943
Source: c_944
Source: c_945
Source: c_946
Source: c_947
Source: c_948
Source: c_949
Source: c_950
Source: c_951
Source: c_952
Source: c_953
Source: c_954
Source: c_955
Source: c_956
Source: c_957
Source: c_958
Source: c_959
Source: c_960
Scan 20 started at 18MAY19:02:08:28.0
Source: 2312-319
Scan 21 started at 18MAY19:02:11:24.0
Source: c_961
Source: c_962
Source: c_963
Source: c_964
Source: c_965
Source: c_966
RPFITS file version is 2.12
---------------------------------------
Total number of spectra selected: 72660

Summary of spectra flagged
Flagging Reason            Fraction
---------------            --------
Antenna off-source/off-line  4.11%
---------------------------------------
Processing file raw/2018-05-19_0215.C3132
CABB data detected
Scan 1 started at 18MAY19:02:15:08.0
Source: c_966
Source: c_967
Source: c_968
Source: c_969
Source: c_970
Source: c_971
Source: c_972
Source: c_973
Source: c_974
Source: c_975
Source: c_976
Source: c_977
Source: c_978
Source: c_979
Source: c_980
Scan 2 started at 18MAY19:02:24:52.0
Source: 2312-319
Scan 3 started at 18MAY19:02:27:48.0
Source: c_981
Source: c_982
Source: c_983
Source: c_984
Source: c_985
Source: c_986
Source: c_987
Source: c_988
Source: c_989
Source: c_990
Source: c_991
Source: c_992
Source: c_993
Source: c_994
Source: c_995
Source: c_996
Source: c_997
Source: c_998
Source: c_999
Source: c_1000
Scan 4 started at 18MAY19:02:41:08.0
Source: 2312-319
Scan 5 started at 18MAY19:02:43:56.0
Source: c_1001
Source: c_1002
Source: c_1003
Source: c_1004
Source: c_1005
Source: c_1006
Source: c_1007
Source: c_1008
Source: c_1009
Source: c_1010
Source: c_1011
Source: c_1012
Source: c_1013
Source: c_1014
Source: c_1015
Source: c_1016
Source: c_1017
Source: c_1018
Source: c_1019
Source: c_1020
Scan 6 started at 18MAY19:02:57:32.0
Source: 2312-319
 02:59:38 CAOBS> stop
 02:59:43 CAOBS> cor closef
RPFITS file version is 2.12
---------------------------------------
Total number of spectra selected: 19380

Summary of spectra flagged
Flagging Reason            Fraction
---------------            --------
Antenna off-source/off-line  3.10%
---------------------------------------

No CACAL data was detected

2018-11-02 10:43:42,883 [MainThread  ] [INFO ]  uvflag vis=data9.uv line=chan,65,850,1 flagval=flag

uvflag: Revision 1.8, 2014/09/30 14:23:39 UTC


Set flags to indicate bad data in visibility file data9.uv
Linetype channel; select   65 channels; start  850, width    1, step    1

Overview of flagging on visibility file data9.uv
Changed flags set to FALSE (data flagged as bad)
Total number of records selected: 287352; out of 287352 records
Antennas used: 1-6
Counts of correlations within selected channels
channel   Originally    Currently
Good:        18677880.           0.    Changed to bad:    18677880.
Bad:                0.    18677880.

2018-11-02 10:44:37,734 [MainThread  ] [INFO ]  uvsplit vis=data9.uv options=mosaic

uvsplit: Revision 1.18, 2016/05/09 03:06:18 UTC

Creating 1934-638.9500
Creating 2312-319.9500
Creating c.9500

2018-11-02 10:44:53,464 [MainThread  ] [INFO ]  pgflag vis=1934-638.9500 command='<b' stokes=i,q,u,v flagpar=8,5,5,3,6,3 options=nodisp

pgflag: Revision 1.30, 2016/10/05 23:06:50 UTC

Applying changes to dataset
Counts of correlations within selected channels:
 channel  Originally  Currently
 Good:       9865440    9690684    Changed to bad:     174756
 Bad:        1567980    1742736    Changed to good:         0
 15.2% of the data is now flagged

2018-11-02 10:45:09,446 [MainThread  ] [INFO ]  pgflag vis=1934-638.9500 command='<b' stokes=i,v,q,u flagpar=8,2,2,3,6,3  options=nodisp

pgflag: Revision 1.30, 2016/10/05 23:06:50 UTC

Applying changes to dataset
Counts of correlations within selected channels:
 channel  Originally  Currently
 Good:       9690684    9524288    Changed to bad:     166396
 Bad:        1742736    1909132    Changed to good:         0
 16.7% of the data is now flagged

2018-11-02 10:45:25,229 [MainThread  ] [INFO ]  pgflag vis=1934-638.9500 command='<b' stokes=i,v,u,q flagpar=8,2,2,3,6,3  options=nodisp

pgflag: Revision 1.30, 2016/10/05 23:06:50 UTC

Applying changes to dataset
Counts of correlations within selected channels:
 channel  Originally  Currently
 Good:       9524288    9300684    Changed to bad:     223604
 Bad:        1909132    2132736    Changed to good:         0
 18.7% of the data is now flagged

2018-11-02 10:46:49,726 [MainThread  ] [INFO ]  mfcal vis=1934-638.9500 refant=4 interval=0.1
MfCal: $Revision: 1.20 $, $Date: 2017/05/08 02:31:10 $
Selecting parallel-hand polarisations
Reading the data ...
Number correlations accepted: 4650342
Number of frequency bands/settings: 1
Number of polarisations selected: 2
Number of solution intervals: 93
Number of passband solution intervals: 1
Initialising ...
Using post-Aug94 ATCA flux scale for 1934-638.
Using known frequency variation of 1934-638
Generating initial solution estimate ...
Doing solution refinement ...
Iter= 1, Solution Error:  0.473
Iter= 2, Solution Error:  0.004
Iter= 3, Solution Error:  0.000
Saving solution ...

2018-11-02 10:46:50,820 [MainThread  ] [INFO ]  gpcal vis=1934-638.9500 refant=4 interval=0.1 nfbin=2 options=xyvary

gpcal: Revision 1.22, 2016/05/01 22:31:05 UTC

Applying bandpass corrections to 1934-638.9500
Number of antennae: 6
Reading the data ...
Number of solution intervals: 93
Total visibilities read: 1395
Number visibilities accepted: 1395
Using post-Aug94 ATCA flux scale for 1934-638.
Using IQUV =  2.5392,  0.0000,  0.0000,  0.0000 at   9.4570 GHz.
Using post-Aug94 ATCA flux scale for 1934-638.
Using IQUV =  2.6975,  0.0000,  0.0000,  0.0000 at   9.0085 GHz.
Using post-Aug94 ATCA flux scale for 1934-638.
Using IQUV =  2.3875,  0.0000,  0.0000,  0.0000 at   9.9393 GHz.
Iter= 1, Amplit/Phase Solution Error:   0.097
Iter= 1, Polarisation Solution Error:   0.033
Iter= 1, Overall Solution Error:        0.419
Iter= 2, Amplit/Phase Solution Error:   0.002
Iter= 2, Polarisation Solution Error:   0.000
Iter= 2, Overall Solution Error:        0.004
Iter= 3, Amplit/Phase Solution Error:   0.000
Iter= 3, Polarisation Solution Error:   0.000
Iter= 3, Overall Solution Error:        0.000
I flux density:   2.5392
Leakage terms:
 Ant 1:Dx,Dy = ( 0.00172,-0.00798),(-0.00079,-0.00783)
 Ant 2:Dx,Dy = ( 0.00264, 0.00345),(-0.00296, 0.00357)
 Ant 3:Dx,Dy = ( 0.00535,-0.00238),(-0.00779,-0.00254)
 Ant 4:Dx,Dy = ( 0.00478, 0.01682),(-0.00355, 0.01780)
 Ant 5:Dx,Dy = (-0.01719, 0.00601),( 0.01651, 0.00597)
 Ant 6:Dx,Dy = ( 0.00237,-0.01655),(-0.00174,-0.01633)
Solution for freq bin  1
Iter= 1, Amplit/Phase Solution Error:   0.094
Iter= 1, Polarisation Solution Error:   0.034
Iter= 1, Overall Solution Error:        0.412
Iter= 2, Amplit/Phase Solution Error:   0.002
Iter= 2, Polarisation Solution Error:   0.000
Iter= 2, Overall Solution Error:        0.003
Iter= 3, Amplit/Phase Solution Error:   0.000
Iter= 3, Polarisation Solution Error:   0.000
Iter= 3, Overall Solution Error:        0.000
I flux density:   2.6975
Leakage terms:
 Ant 1:Dx,Dy = ( 0.00132,-0.00737),(-0.00084,-0.00746)
 Ant 2:Dx,Dy = ( 0.00294, 0.00383),(-0.00325, 0.00388)
 Ant 3:Dx,Dy = ( 0.00442,-0.00326),(-0.00786,-0.00293)
 Ant 4:Dx,Dy = ( 0.00516, 0.01671),(-0.00434, 0.01803)
 Ant 5:Dx,Dy = (-0.01643, 0.00636),( 0.01639, 0.00562)
 Ant 6:Dx,Dy = ( 0.00166,-0.01666),(-0.00103,-0.01675)
Solution for freq bin  2
Iter= 1, Amplit/Phase Solution Error:   0.099
Iter= 1, Polarisation Solution Error:   0.033
Iter= 1, Overall Solution Error:        0.428
Iter= 2, Amplit/Phase Solution Error:   0.002
Iter= 2, Polarisation Solution Error:   0.000
Iter= 2, Overall Solution Error:        0.004
Iter= 3, Amplit/Phase Solution Error:   0.001
Iter= 3, Polarisation Solution Error:   0.000
Iter= 3, Overall Solution Error:        0.001
I flux density:   2.3875
Leakage terms:
 Ant 1:Dx,Dy = ( 0.00220,-0.00870),(-0.00073,-0.00826)
 Ant 2:Dx,Dy = ( 0.00230, 0.00301),(-0.00263, 0.00322)
 Ant 3:Dx,Dy = ( 0.00643,-0.00136),(-0.00770,-0.00208)
 Ant 4:Dx,Dy = ( 0.00434, 0.01694),(-0.00262, 0.01752)
 Ant 5:Dx,Dy = (-0.01806, 0.00563),( 0.01664, 0.00636)
 Ant 6:Dx,Dy = ( 0.00320,-0.01641),(-0.00256,-0.01585)

2018-11-02 10:47:13,886 [MainThread  ] [INFO ]  pgflag vis=1934-638.9500 command='<b' stokes=i,q,u,v flagpar=8,5,5,3,6,3 options=nodisp

pgflag: Revision 1.30, 2016/10/05 23:06:50 UTC

Applying bandpass corrections to 1934-638.9500
Applying freq. dependent gain corrections to 1934-638.9500
Applying freq. dependent leakage correction to 1934-638.9500
Applying changes to dataset
Counts of correlations within selected channels:
 channel  Originally  Currently
 Good:       9300684    9252748    Changed to bad:      47936
 Bad:        2132736    2180672    Changed to good:         0
 19.1% of the data is now flagged

2018-11-02 10:47:34,785 [MainThread  ] [INFO ]  pgflag vis=1934-638.9500 command='<b' stokes=i,v,q,u flagpar=8,2,2,3,6,3  options=nodisp

pgflag: Revision 1.30, 2016/10/05 23:06:50 UTC

Applying bandpass corrections to 1934-638.9500
Applying freq. dependent gain corrections to 1934-638.9500
Applying freq. dependent leakage correction to 1934-638.9500
Applying changes to dataset
Counts of correlations within selected channels:
 channel  Originally  Currently
 Good:       9252748    9197704    Changed to bad:      55044
 Bad:        2180672    2235716    Changed to good:         0
 19.6% of the data is now flagged

2018-11-02 10:48:00,101 [MainThread  ] [INFO ]  pgflag vis=1934-638.9500 command='<b' stokes=i,v,u,q flagpar=8,2,2,3,6,3  options=nodisp

pgflag: Revision 1.30, 2016/10/05 23:06:50 UTC

Applying bandpass corrections to 1934-638.9500
Applying freq. dependent gain corrections to 1934-638.9500
Applying freq. dependent leakage correction to 1934-638.9500
Applying changes to dataset
Counts of correlations within selected channels:
 channel  Originally  Currently
 Good:       9197704    9156228    Changed to bad:      41476
 Bad:        2235716    2277192    Changed to good:         0
 19.9% of the data is now flagged

2018-11-02 10:49:02,003 [MainThread  ] [INFO ]  mfcal vis=1934-638.9500 refant=4 interval=0.1
MfCal: $Revision: 1.20 $, $Date: 2017/05/08 02:31:10 $
Selecting parallel-hand polarisations
Reading the data ...
Number correlations accepted: 4578114
Number of frequency bands/settings: 1
Number of polarisations selected: 2
Number of solution intervals: 93
Number of passband solution intervals: 1
Initialising ...
Using post-Aug94 ATCA flux scale for 1934-638.
Using known frequency variation of 1934-638
Generating initial solution estimate ...
Doing solution refinement ...
Iter= 1, Solution Error:  0.477
Iter= 2, Solution Error:  0.004
Iter= 3, Solution Error:  0.000
Saving solution ...

2018-11-02 10:49:03,021 [MainThread  ] [INFO ]  gpcal vis=1934-638.9500 refant=4 interval=0.1 nfbin=2 options=xyvary

gpcal: Revision 1.22, 2016/05/01 22:31:05 UTC

Applying bandpass corrections to 1934-638.9500
Number of antennae: 6
Using leakage parameters from input as initial guess
Reading the data ...
Number of solution intervals: 93
Total visibilities read: 1395
Number visibilities accepted: 1395
Using post-Aug94 ATCA flux scale for 1934-638.
Using IQUV =  2.5393,  0.0000,  0.0000,  0.0000 at   9.4567 GHz.
Using post-Aug94 ATCA flux scale for 1934-638.
Using IQUV =  2.6974,  0.0000,  0.0000,  0.0000 at   9.0086 GHz.
Using post-Aug94 ATCA flux scale for 1934-638.
Using IQUV =  2.3886,  0.0000,  0.0000,  0.0000 at   9.9356 GHz.
Iter= 1, Amplit/Phase Solution Error:   0.097
Iter= 1, Polarisation Solution Error:   0.000
Iter= 1, Overall Solution Error:        0.418
Iter= 2, Amplit/Phase Solution Error:   0.002
Iter= 2, Polarisation Solution Error:   0.000
Iter= 2, Overall Solution Error:        0.004
Iter= 3, Amplit/Phase Solution Error:   0.001
Iter= 3, Polarisation Solution Error:   0.000
Iter= 3, Overall Solution Error:        0.001
I flux density:   2.5393
Leakage terms:
 Ant 1:Dx,Dy = ( 0.00172,-0.00801),(-0.00079,-0.00785)
 Ant 2:Dx,Dy = ( 0.00265, 0.00344),(-0.00296, 0.00356)
 Ant 3:Dx,Dy = ( 0.00535,-0.00240),(-0.00780,-0.00257)
 Ant 4:Dx,Dy = ( 0.00480, 0.01680),(-0.00353, 0.01780)
 Ant 5:Dx,Dy = (-0.01725, 0.00612),( 0.01646, 0.00608)
 Ant 6:Dx,Dy = ( 0.00238,-0.01658),(-0.00175,-0.01637)
Solution for freq bin  1
Iter= 1, Amplit/Phase Solution Error:   0.095
Iter= 1, Polarisation Solution Error:   0.002
Iter= 1, Overall Solution Error:        0.412
Iter= 2, Amplit/Phase Solution Error:   0.002
Iter= 2, Polarisation Solution Error:   0.000
Iter= 2, Overall Solution Error:        0.003
Iter= 3, Amplit/Phase Solution Error:   0.001
Iter= 3, Polarisation Solution Error:   0.000
Iter= 3, Overall Solution Error:        0.001
I flux density:   2.6974
Leakage terms:
 Ant 1:Dx,Dy = ( 0.00131,-0.00741),(-0.00084,-0.00751)
 Ant 2:Dx,Dy = ( 0.00294, 0.00381),(-0.00325, 0.00385)
 Ant 3:Dx,Dy = ( 0.00441,-0.00330),(-0.00787,-0.00297)
 Ant 4:Dx,Dy = ( 0.00519, 0.01667),(-0.00432, 0.01801)
 Ant 5:Dx,Dy = (-0.01653, 0.00655),( 0.01629, 0.00582)
 Ant 6:Dx,Dy = ( 0.00165,-0.01672),(-0.00104,-0.01680)
Solution for freq bin  2
Iter= 1, Amplit/Phase Solution Error:   0.099
Iter= 1, Polarisation Solution Error:   0.002
Iter= 1, Overall Solution Error:        0.427
Iter= 2, Amplit/Phase Solution Error:   0.002
Iter= 2, Polarisation Solution Error:   0.000
Iter= 2, Overall Solution Error:        0.004
Iter= 3, Amplit/Phase Solution Error:   0.001
Iter= 3, Polarisation Solution Error:   0.000
Iter= 3, Overall Solution Error:        0.001
I flux density:   2.3886
Leakage terms:
 Ant 1:Dx,Dy = ( 0.00219,-0.00871),(-0.00073,-0.00827)
 Ant 2:Dx,Dy = ( 0.00231, 0.00303),(-0.00262, 0.00322)
 Ant 3:Dx,Dy = ( 0.00644,-0.00136),(-0.00770,-0.00210)
 Ant 4:Dx,Dy = ( 0.00434, 0.01695),(-0.00262, 0.01755)
 Ant 5:Dx,Dy = (-0.01807, 0.00563),( 0.01665, 0.00636)
 Ant 6:Dx,Dy = ( 0.00322,-0.01642),(-0.00256,-0.01587)

2018-11-02 10:49:03,110 [MainThread  ] [INFO ]  gpcopy vis=1934-638.9500 out=2312-319.9500

gpcopy: Revision 1.13, 2015/10/29 01:31:39 UTC

Copying leakage table
Copying gain table
Interpolation tolerance set to (minutes): 720.00
Copying bandpass table

2018-11-02 10:52:14,925 [MainThread  ] [INFO ]  pgflag vis=2312-319.9500 command='<b' stokes=i,q,u,v flagpar=8,5,5,3,6,3 options=nodisp

pgflag: Revision 1.30, 2016/10/05 23:06:50 UTC

Applying bandpass corrections to 2312-319.9500
Applying freq. dependent gain corrections to 2312-319.9500
Applying freq. dependent leakage correction to 2312-319.9500
Applying changes to dataset
Counts of correlations within selected channels:
 channel  Originally  Currently
 Good:      69567264   68937012    Changed to bad:     630252
 Bad:       11056788   11687040    Changed to good:         0
 14.5% of the data is now flagged

2018-11-02 10:55:21,178 [MainThread  ] [INFO ]  pgflag vis=2312-319.9500 command='<b' stokes=i,v,q,u flagpar=8,2,2,3,6,3  options=nodisp

pgflag: Revision 1.30, 2016/10/05 23:06:50 UTC

Applying bandpass corrections to 2312-319.9500
Applying freq. dependent gain corrections to 2312-319.9500
Applying freq. dependent leakage correction to 2312-319.9500
Applying changes to dataset
Counts of correlations within selected channels:
 channel  Originally  Currently
 Good:      68937012   68382528    Changed to bad:     554484
 Bad:       11687040   12241524    Changed to good:         0
 15.2% of the data is now flagged

2018-11-02 10:58:29,635 [MainThread  ] [INFO ]  pgflag vis=2312-319.9500 command='<b' stokes=i,v,u,q flagpar=8,2,2,3,6,3  options=nodisp

pgflag: Revision 1.30, 2016/10/05 23:06:50 UTC

Applying bandpass corrections to 2312-319.9500
Applying freq. dependent gain corrections to 2312-319.9500
Applying freq. dependent leakage correction to 2312-319.9500
Applying changes to dataset
Counts of correlations within selected channels:
 channel  Originally  Currently
 Good:      68382528   67839136    Changed to bad:     543392
 Bad:       12241524   12784916    Changed to good:         0
 15.9% of the data is now flagged

2018-11-02 10:58:35,981 [MainThread  ] [INFO ]  gpcal vis=2312-319.9500 refant=4 interval=0.1 nfbin=2 options=xyvary,qusolve

gpcal: Revision 1.22, 2016/05/01 22:31:05 UTC

Applying bandpass corrections to 2312-319.9500
Number of antennae: 6
Using leakage parameters from input as initial guess
Reading the data ...
Number of solution intervals: 664
Total visibilities read: 9837
Number visibilities accepted: 9837
Iter= 1, Amplit/Phase Solution Error:   0.390
Iter= 1, Polarisation Solution Error:   0.009
Iter= 1, Overall Solution Error:        1.557
Iter= 2, Amplit/Phase Solution Error:   0.013
Iter= 2, Polarisation Solution Error:   0.000
Iter= 2, Overall Solution Error:        0.010
Iter= 3, Amplit/Phase Solution Error:   0.001
Iter= 3, Polarisation Solution Error:   0.000
Iter= 3, Overall Solution Error:        0.001
I flux density:   0.5261
Percent Q:  -0.946
Percent U:  -0.863
Leakage terms:
 Ant 1:Dx,Dy = ( 0.00129,-0.00876),(-0.00073,-0.00727)
 Ant 2:Dx,Dy = ( 0.00258, 0.00291),(-0.00315, 0.00416)
 Ant 3:Dx,Dy = ( 0.00563,-0.00309),(-0.00794,-0.00193)
 Ant 4:Dx,Dy = ( 0.00373, 0.01643),(-0.00271, 0.01817)
 Ant 5:Dx,Dy = (-0.01699, 0.00546),( 0.01622, 0.00678)
 Ant 6:Dx,Dy = ( 0.00305,-0.01737),(-0.00241,-0.01549)
Solution for freq bin  1
Iter= 1, Amplit/Phase Solution Error:   0.372
Iter= 1, Polarisation Solution Error:   0.010
Iter= 1, Overall Solution Error:        1.490
Iter= 2, Amplit/Phase Solution Error:   0.013
Iter= 2, Polarisation Solution Error:   0.000
Iter= 2, Overall Solution Error:        0.010
Iter= 3, Amplit/Phase Solution Error:   0.001
Iter= 3, Polarisation Solution Error:   0.000
Iter= 3, Overall Solution Error:        0.001
I flux density:   0.5292
Percent Q:  -0.958
Percent U:  -0.834
Leakage terms:
 Ant 1:Dx,Dy = ( 0.00097,-0.00778),(-0.00058,-0.00680)
 Ant 2:Dx,Dy = ( 0.00297, 0.00336),(-0.00334, 0.00438)
 Ant 3:Dx,Dy = ( 0.00459,-0.00403),(-0.00780,-0.00256)
 Ant 4:Dx,Dy = ( 0.00432, 0.01668),(-0.00354, 0.01792)
 Ant 5:Dx,Dy = (-0.01591, 0.00568),( 0.01599, 0.00636)
 Ant 6:Dx,Dy = ( 0.00238,-0.01738),(-0.00141,-0.01583)
Solution for freq bin  2
Iter= 1, Amplit/Phase Solution Error:   0.408
Iter= 1, Polarisation Solution Error:   0.009
Iter= 1, Overall Solution Error:        1.615
Iter= 2, Amplit/Phase Solution Error:   0.013
Iter= 2, Polarisation Solution Error:   0.000
Iter= 2, Overall Solution Error:        0.010
Iter= 3, Amplit/Phase Solution Error:   0.001
Iter= 3, Polarisation Solution Error:   0.000
Iter= 3, Overall Solution Error:        0.001
I flux density:   0.5235
Percent Q:  -0.932
Percent U:  -0.893
Leakage terms:
 Ant 1:Dx,Dy = ( 0.00151,-0.00969),(-0.00090,-0.00770)
 Ant 2:Dx,Dy = ( 0.00220, 0.00249),(-0.00297, 0.00395)
 Ant 3:Dx,Dy = ( 0.00660,-0.00220),(-0.00808,-0.00134)
 Ant 4:Dx,Dy = ( 0.00319, 0.01618),(-0.00195, 0.01843)
 Ant 5:Dx,Dy = (-0.01800, 0.00525),( 0.01642, 0.00718)
 Ant 6:Dx,Dy = ( 0.00366,-0.01736),(-0.00337,-0.01519)

2018-11-02 11:01:58,628 [MainThread  ] [INFO ]  pgflag vis=2312-319.9500 command='<b' stokes=i,q,u,v flagpar=8,5,5,3,6,3 options=nodisp

pgflag: Revision 1.30, 2016/10/05 23:06:50 UTC

Applying bandpass corrections to 2312-319.9500
Applying freq. dependent gain corrections to 2312-319.9500
Applying freq. dependent leakage correction to 2312-319.9500
Applying changes to dataset
Counts of correlations within selected channels:
 channel  Originally  Currently
 Good:      67839136   67400480    Changed to bad:     438656
 Bad:       12784916   13223572    Changed to good:         0
 16.4% of the data is now flagged

2018-11-02 11:04:51,455 [MainThread  ] [INFO ]  pgflag vis=2312-319.9500 command='<b' stokes=i,v,q,u flagpar=8,2,2,3,6,3  options=nodisp

pgflag: Revision 1.30, 2016/10/05 23:06:50 UTC

Applying bandpass corrections to 2312-319.9500
Applying freq. dependent gain corrections to 2312-319.9500
Applying freq. dependent leakage correction to 2312-319.9500
Applying changes to dataset
Counts of correlations within selected channels:
 channel  Originally  Currently
 Good:      67400480   66982340    Changed to bad:     418140
 Bad:       13223572   13641712    Changed to good:         0
 16.9% of the data is now flagged

2018-11-02 11:08:37,963 [MainThread  ] [INFO ]  pgflag vis=2312-319.9500 command='<b' stokes=i,v,u,q flagpar=8,2,2,3,6,3  options=nodisp

pgflag: Revision 1.30, 2016/10/05 23:06:50 UTC

Applying bandpass corrections to 2312-319.9500
Applying freq. dependent gain corrections to 2312-319.9500
Applying freq. dependent leakage correction to 2312-319.9500
Applying changes to dataset
Counts of correlations within selected channels:
 channel  Originally  Currently
 Good:      66982340   66599016    Changed to bad:     383324
 Bad:       13641712   14025036    Changed to good:         0
 17.4% of the data is now flagged

2018-11-02 11:08:43,735 [MainThread  ] [INFO ]  gpcal vis=2312-319.9500 refant=4 interval=0.1 nfbin=2 options=xyvary,qusolve

gpcal: Revision 1.22, 2016/05/01 22:31:05 UTC

Applying bandpass corrections to 2312-319.9500
Number of antennae: 6
Using leakage parameters from input as initial guess
Reading the data ...
Number of solution intervals: 664
Total visibilities read: 9837
Number visibilities accepted: 9837
Iter= 1, Amplit/Phase Solution Error:   0.391
Iter= 1, Polarisation Solution Error:   0.009
Iter= 1, Overall Solution Error:        1.556
Iter= 2, Amplit/Phase Solution Error:   0.013
Iter= 2, Polarisation Solution Error:   0.000
Iter= 2, Overall Solution Error:        0.010
Iter= 3, Amplit/Phase Solution Error:   0.001
Iter= 3, Polarisation Solution Error:   0.000
Iter= 3, Overall Solution Error:        0.001
I flux density:   0.5300
Percent Q:  -0.947
Percent U:  -0.863
Leakage terms:
 Ant 1:Dx,Dy = ( 0.00127,-0.00878),(-0.00073,-0.00728)
 Ant 2:Dx,Dy = ( 0.00261, 0.00291),(-0.00313, 0.00415)
 Ant 3:Dx,Dy = ( 0.00563,-0.00309),(-0.00794,-0.00193)
 Ant 4:Dx,Dy = ( 0.00372, 0.01642),(-0.00268, 0.01817)
 Ant 5:Dx,Dy = (-0.01696, 0.00547),( 0.01623, 0.00683)
 Ant 6:Dx,Dy = ( 0.00306,-0.01737),(-0.00242,-0.01549)
Solution for freq bin  1
Iter= 1, Amplit/Phase Solution Error:   0.372
Iter= 1, Polarisation Solution Error:   0.010
Iter= 1, Overall Solution Error:        1.487
Iter= 2, Amplit/Phase Solution Error:   0.013
Iter= 2, Polarisation Solution Error:   0.000
Iter= 2, Overall Solution Error:        0.010
Iter= 3, Amplit/Phase Solution Error:   0.001
Iter= 3, Polarisation Solution Error:   0.000
Iter= 3, Overall Solution Error:        0.001
I flux density:   0.5331
Percent Q:  -0.958
Percent U:  -0.832
Leakage terms:
 Ant 1:Dx,Dy = ( 0.00092,-0.00781),(-0.00060,-0.00684)
 Ant 2:Dx,Dy = ( 0.00302, 0.00336),(-0.00332, 0.00438)
 Ant 3:Dx,Dy = ( 0.00457,-0.00405),(-0.00782,-0.00258)
 Ant 4:Dx,Dy = ( 0.00430, 0.01669),(-0.00350, 0.01790)
 Ant 5:Dx,Dy = (-0.01588, 0.00572),( 0.01599, 0.00645)
 Ant 6:Dx,Dy = ( 0.00237,-0.01739),(-0.00144,-0.01583)
Solution for freq bin  2
Iter= 1, Amplit/Phase Solution Error:   0.408
Iter= 1, Polarisation Solution Error:   0.009
Iter= 1, Overall Solution Error:        1.614
Iter= 2, Amplit/Phase Solution Error:   0.013
Iter= 2, Polarisation Solution Error:   0.000
Iter= 2, Overall Solution Error:        0.010
Iter= 3, Amplit/Phase Solution Error:   0.001
Iter= 3, Polarisation Solution Error:   0.000
Iter= 3, Overall Solution Error:        0.001
I flux density:   0.5274
Percent Q:  -0.935
Percent U:  -0.893
Leakage terms:
 Ant 1:Dx,Dy = ( 0.00151,-0.00970),(-0.00088,-0.00768)
 Ant 2:Dx,Dy = ( 0.00222, 0.00249),(-0.00296, 0.00394)
 Ant 3:Dx,Dy = ( 0.00659,-0.00221),(-0.00806,-0.00133)
 Ant 4:Dx,Dy = ( 0.00319, 0.01618),(-0.00194, 0.01843)
 Ant 5:Dx,Dy = (-0.01797, 0.00523),( 0.01644, 0.00719)
 Ant 6:Dx,Dy = ( 0.00368,-0.01734),(-0.00335,-0.01520)

2018-11-02 11:08:43,773 [MainThread  ] [INFO ]  gpboot vis=2312-319.9500 cal=1934-638.9500

gpboot: Revision 1.9, 2015/10/29 01:31:30 UTC

Secondary flux density scaled by:   0.985
Frequency bin  1 scaled by      :   0.987
Frequency bin  2 scaled by      :   0.987

2018-11-02 11:10:47,349 [MainThread  ] [INFO ]  gpcopy vis=2312-319.9500 out=c.9500

gpcopy: Revision 1.13, 2015/10/29 01:31:39 UTC

Copying leakage table
Copying gain table
Interpolation tolerance set to (minutes): 720.00
Copying bandpass table

2018-11-02 11:31:03,493 [MainThread  ] [INFO ]  pgflag vis=c.9500 command='<b' stokes=i,v,q,u flagpar=8,2,2,3,6,3  options=nodisp

pgflag: Revision 1.30, 2016/10/05 23:06:50 UTC

Applying bandpass corrections to c.9500
Applying freq. dependent gain corrections to c.9500
Applying freq. dependent leakage correction to c.9500
Applying changes to dataset
Counts of correlations within selected channels:
 channel  Originally  Currently
 Good:     428605632  415829336    Changed to bad:   12776296
 Bad:       68121144   80897440    Changed to good:         0
 16.3% of the data is now flagged

2018-11-02 11:53:36,794 [MainThread  ] [INFO ]  pgflag vis=c.9500 command='<b' stokes=i,v,u,q flagpar=8,2,2,3,6,3  options=nodisp

pgflag: Revision 1.30, 2016/10/05 23:06:50 UTC

Applying bandpass corrections to c.9500
Applying freq. dependent gain corrections to c.9500
Applying freq. dependent leakage correction to c.9500
Applying changes to dataset
Counts of correlations within selected channels:
 channel  Originally  Currently
 Good:     415829336  406557920    Changed to bad:    9271416
 Bad:       80897440   90168856    Changed to good:         0
 18.2% of the data is now flagged

2018-11-02 11:58:55,600 [MainThread  ] [INFO ]  uvsplit vis=c.9500

uvsplit: Revision 1.18, 2016/05/09 03:06:18 UTC

Creating c_901.9500
Creating c_902.9500
Creating c_903.9500
Creating c_904.9500
Creating c_905.9500
Creating c_906.9500
Creating c_907.9500
Creating c_908.9500
Creating c_909.9500
Creating c_910.9500
Creating c_911.9500
Creating c_912.9500
Creating c_913.9500
Creating c_914.9500
Creating c_915.9500
Creating c_916.9500
Creating c_917.9500
Creating c_918.9500
Creating c_919.9500
Creating c_920.9500
Creating c_921.9500
Creating c_922.9500
Creating c_923.9500
Creating c_924.9500
Creating c_925.9500
Creating c_926.9500
Creating c_927.9500
Creating c_928.9500
Creating c_929.9500
Creating c_930.9500
Creating c_931.9500
Creating c_932.9500
Creating c_933.9500
Creating c_934.9500
Creating c_935.9500
Creating c_936.9500
Creating c_937.9500
Creating c_938.9500
Creating c_939.9500
Creating c_940.9500
Creating c_941.9500
Creating c_942.9500
Creating c_943.9500
Creating c_944.9500
Creating c_945.9500
Creating c_946.9500
Creating c_947.9500
Creating c_948.9500
Creating c_949.9500
Creating c_950.9500
Creating c_951.9500
Creating c_952.9500
Creating c_953.9500
Creating c_954.9500
Creating c_955.9500
Creating c_956.9500
Creating c_957.9500
Creating c_958.9500
Creating c_959.9500
Creating c_960.9500
Creating c_961.9500
Creating c_962.9500
Creating c_963.9500
Creating c_964.9500
Creating c_965.9500
Creating c_966.9500
Creating c_967.9500
Creating c_968.9500
Creating c_969.9500
Creating c_970.9500
Creating c_971.9500
Creating c_972.9500
Creating c_973.9500
Creating c_974.9500
Creating c_975.9500
Creating c_976.9500
Creating c_977.9500
Creating c_978.9500
Creating c_979.9500
Creating c_980.9500
Creating c_981.9500
Creating c_982.9500
Creating c_983.9500
Creating c_984.9500
Creating c_985.9500
Creating c_986.9500
Creating c_987.9500
Creating c_988.9500
Creating c_989.9500
Creating c_990.9500
Creating c_991.9500
Creating c_992.9500
Creating c_993.9500
Creating c_994.9500
Creating c_995.9500
Creating c_996.9500
Creating c_997.9500
Creating c_998.9500
Creating c_999.9500
Creating c_1000.9500
Creating c_1001.9500
Creating c_1002.9500
Creating c_1003.9500
Creating c_1004.9500
Creating c_1005.9500
Creating c_1006.9500
Creating c_1007.9500
Creating c_1008.9500
Creating c_1009.9500
Creating c_1010.9500
Creating c_1011.9500
Creating c_1012.9500
Creating c_1013.9500
Creating c_1014.9500
Creating c_1015.9500
Creating c_1016.9500
Creating c_1017.9500
Creating c_1018.9500
Creating c_1019.9500
Creating c_1020.9500
Creating c_1021.9500
Creating c_1022.9500
Creating c_1023.9500
Creating c_1024.9500
Creating c_1025.9500
Creating c_1026.9500
Creating c_1027.9500
Creating c_1028.9500
Creating c_1029.9500
Creating c_1030.9500
Creating c_1031.9500
Creating c_1032.9500
Creating c_1033.9500
Creating c_1034.9500
Creating c_1035.9500
Creating c_1036.9500
Creating c_1037.9500
Creating c_1038.9500
Creating c_1039.9500
Creating c_1040.9500
Creating c_1041.9500
Creating c_1042.9500
Creating c_1043.9500
Creating c_1044.9500
Creating c_1045.9500
Creating c_1046.9500
Creating c_1047.9500
Creating c_1048.9500
Creating c_1049.9500
Creating c_1050.9500
Creating c_1051.9500
Creating c_1052.9500
Creating c_1053.9500
Creating c_1054.9500
Creating c_1055.9500
Creating c_1056.9500
Creating c_1057.9500
Creating c_1058.9500
Creating c_1059.9500
Creating c_1060.9500
Creating c_1061.9500
Creating c_1062.9500
Creating c_1063.9500
Creating c_1064.9500
Creating c_1065.9500
Creating c_1066.9500
Creating c_1067.9500
Creating c_1068.9500
Creating c_1069.9500
Creating c_1070.9500
Creating c_1071.9500
Creating c_1072.9500
Creating c_1073.9500
Creating c_1074.9500
Creating c_1075.9500
Creating c_1076.9500
Creating c_1077.9500
Creating c_1078.9500
Creating c_1079.9500
Creating c_1080.9500

