2018-08-08 04:42:42,528 [MainThread  ] [INFO ]  atlod in=raw/2017-12-23_0045.C3132,raw/2017-12-23_0340.C3132,raw/2017-12-23_0628.C3132,raw/2017-12-23_0915.C3132,raw/2017-12-23_1202.C3132 out=data5.uv ifsel=1 options=birdie,rfiflag,noauto,xycorr

atlod: Revision 1.53, 2016/08/25 23:02:21 UTC

Processing file raw/2017-12-23_0045.C3132
 00:45:30 CAOBS> track 1
CABB data detected
Scan 1 started at 17DEC23:00:45:48.0
Source: 1934-638
Flagging channels in  28 frequency ranges
 00:56:05 CAOBS> stop
 00:56:15 CAOBS> set file c3132_obs_b2.sch
 00:56:29 CAOBS> start 7/99
Scan 2 started at 17DEC23:00:58:28.0
Source: 2312-319
Scan 3 started at 17DEC23:01:01:41.5
Source: b_302
Source: b_303
Source: b_304
 01:03:15 CAOBS> stop
 01:05:32 CAOBS> set file c3132_cal
 01:05:34 CAOBS> track 1
Scan 4 started at 17DEC23:01:07:32.0
Source: 1934-638
 01:08:13 CAOBS> cor dcal
 01:09:17 CAOBS> cor dcal
 01:09:59 CAOBS> cor pcal
 01:11:34 CAOBS> stop
 01:11:38 CAOBS> set file c3132_obs_b2.sch
 01:11:41 CAOBS> start 7/99
Scan 5 started at 17DEC23:01:13:32.0
Source: 2312-319
Scan 6 started at 17DEC23:01:16:12.0
Source: b_301
Source: b_302
Source: b_303
Source: b_304
Source: b_305
Source: b_306
Source: b_307
Source: b_308
Source: b_309
Source: b_310
Source: b_311
Source: b_312
Source: b_313
Source: b_314
Source: b_315
Source: b_316
Source: b_317
Source: b_318
Source: b_319
Source: b_320
Scan 7 started at 17DEC23:01:29:40.0
Source: 2312-319
Scan 8 started at 17DEC23:01:32:20.0
Source: b_321
Source: b_322
Source: b_323
Source: b_324
Source: b_325
Source: b_326
Source: b_327
Source: b_328
Source: b_329
Source: b_330
Source: b_331
Source: b_332
Source: b_333
Source: b_334
Source: b_335
Source: b_336
Source: b_337
Source: b_338
Source: b_339
Source: b_340
Scan 9 started at 17DEC23:01:45:48.0
Source: 2312-319
Scan 10 started at 17DEC23:01:48:28.0
Source: b_341
Source: b_342
Source: b_343
Source: b_344
Source: b_345
Source: b_346
Source: b_347
Source: b_348
Source: b_349
Source: b_350
Source: b_351
Source: b_352
Source: b_353
Source: b_354
Source: b_355
Source: b_356
Source: b_357
Source: b_358
Source: b_359
Source: b_360
Scan 11 started at 17DEC23:02:01:56.0
Source: 2312-319
Scan 12 started at 17DEC23:02:04:36.0
Source: b_361
Source: b_362
Source: b_363
Source: b_364
Source: b_365
Source: b_366
Source: b_367
Source: b_368
Source: b_369
Source: b_370
Source: b_371
Source: b_372
Source: b_373
Source: b_374
Source: b_375
Source: b_376
Source: b_377
Source: b_378
Source: b_379
Source: b_380
Scan 13 started at 17DEC23:02:18:04.0
Source: 2312-319
Scan 14 started at 17DEC23:02:20:44.0
Source: b_381
Source: b_382
Source: b_383
Source: b_384
Source: b_385
Source: b_386
Source: b_387
Source: b_388
Source: b_389
Source: b_390
Source: b_391
Source: b_392
Source: b_393
Source: b_394
Source: b_395
Source: b_396
Source: b_397
Source: b_398
Source: b_399
Source: b_400
Scan 15 started at 17DEC23:02:34:12.0
Source: 2312-319
Scan 16 started at 17DEC23:02:36:52.0
Source: b_401
Source: b_402
Source: b_403
Source: b_404
Source: b_405
Source: b_406
Source: b_407
Source: b_408
Source: b_409
Source: b_410
Source: b_411
Source: b_412
Source: b_413
Source: b_414
Source: b_415
Source: b_416
Source: b_417
Source: b_418
Source: b_419
Source: b_420
Scan 17 started at 17DEC23:02:50:20.0
Source: 2312-319
Scan 18 started at 17DEC23:02:53:00.0
Source: b_421
Source: b_422
Source: b_423
Source: b_424
Source: b_425
Source: b_426
Source: b_427
Source: b_428
Source: b_429
Source: b_430
Source: b_431
Source: b_432
Source: b_433
Source: b_434
Source: b_435
 03:02:53 CAOBS> STOP
 03:05:04 CAOBS> set file c3132_cal
 03:05:06 CAOBS> track 1
Scan 19 started at 17DEC23:03:07:00.0
Source: 1934-638
 03:07:09 CAOBS> cor dcal
 03:07:59 CAOBS> cor dcal
 03:09:12 CAOBS> set file c3132_obs_b2.sch
 03:09:14 CAOBS> stop
 03:09:18 CAOBS> start 21/99
 03:09:49 CAOBS> start 21/99
 03:10:08 CAOBS> track 21/99
 03:10:11 CAOBS> track 21
 03:10:24 CAOBS> set file c3132_obs_b2.sch
 03:10:29 CAOBS> start 21/99
Scan 20 started at 17DEC23:03:12:28.0
Source: 2312-319
Scan 21 started at 17DEC23:03:15:08.0
Source: b_441
Source: b_442
Source: b_443
Source: b_444
Source: b_445
Source: b_446
Source: b_447
Source: b_448
Source: b_449
Source: b_450
Source: b_451
Source: b_452
Source: b_453
Source: b_454
Source: b_455
Source: b_456
Source: b_457
Source: b_458
Source: b_459
Source: b_460
Scan 22 started at 17DEC23:03:28:36.0
Source: 2312-319
Scan 23 started at 17DEC23:03:31:16.0
Source: b_461
Source: b_462
Source: b_463
Source: b_464
Source: b_465
Source: b_466
Source: b_467
Source: b_468
Source: b_469
Source: b_470
Source: b_471
Source: b_472
Source: b_473
Source: b_474
Source: b_475
RPFITS file version is 2.12
---------------------------------------
Total number of spectra selected: 72660

Summary of spectra flagged
Flagging Reason            Fraction
---------------            --------
Antenna off-source/off-line  7.60%
---------------------------------------
Processing file raw/2017-12-23_0340.C3132
CABB data detected
Scan 1 started at 17DEC23:03:40:44.0
Source: b_475
Source: b_476
Source: b_477
Source: b_478
Source: b_479
Source: b_480
Scan 2 started at 17DEC23:03:44:44.0
Source: 2312-319
Scan 3 started at 17DEC23:03:47:24.0
Source: b_241
Source: b_242
Source: b_243
Source: b_244
Source: b_245
Source: b_246
Source: b_247
Source: b_248
Source: b_249
Source: b_250
Source: b_251
Source: b_252
Source: b_253
Source: b_254
Source: b_255
Source: b_256
Source: b_257
Source: b_258
Source: b_259
Source: b_260
Scan 4 started at 17DEC23:04:00:52.0
Source: 2312-319
Scan 5 started at 17DEC23:04:03:32.0
Source: b_261
Source: b_262
Source: b_263
Source: b_264
Source: b_265
Source: b_266
Source: b_267
Source: b_268
Source: b_269
Source: b_270
Source: b_271
Source: b_272
Source: b_273
Source: b_274
Source: b_275
Source: b_276
Source: b_277
Source: b_278
Source: b_279
Source: b_280
Scan 6 started at 17DEC23:04:17:00.0
Source: 2312-319
Scan 7 started at 17DEC23:04:19:34.5
Source: b_281
Source: b_282
Source: b_283
Source: b_284
Source: b_285
Source: b_286
Source: b_287
Source: b_288
Source: b_289
Source: b_290
Source: b_291
Source: b_292
Source: b_293
Source: b_294
Source: b_295
Source: b_296
Source: b_297
Source: b_298
Source: b_299
Source: b_300
Scan 8 started at 17DEC23:04:33:08.0
Source: 2312-319
Scan 9 started at 17DEC23:04:35:48.0
Source: b_301
Source: b_302
Source: b_303
Source: b_304
Source: b_305
Source: b_306
Source: b_307
Source: b_308
Source: b_309
Source: b_310
Source: b_311
Source: b_312
Source: b_313
Source: b_314
Source: b_315
Source: b_316
Source: b_317
Source: b_318
Source: b_319
Source: b_320
Scan 10 started at 17DEC23:04:49:16.0
Source: 2312-319
Scan 11 started at 17DEC23:04:52:04.0
Source: b_321
Source: b_322
Source: b_323
Source: b_324
Source: b_325
Source: b_326
Source: b_327
Source: b_328
Source: b_329
Source: b_330
Source: b_331
Source: b_332
Source: b_333
Source: b_334
Source: b_335
Source: b_336
Source: b_337
Source: b_338
Source: b_339
Source: b_340
Scan 12 started at 17DEC23:05:05:24.0
Source: 2312-319
Scan 13 started at 17DEC23:05:08:04.0
Source: b_341
Source: b_342
Source: b_343
Source: b_344
Source: b_345
Source: b_346
Source: b_347
Source: b_348
Source: b_349
Source: b_350
Source: b_351
Source: b_352
Source: b_353
Source: b_354
Source: b_355
Source: b_356
Source: b_357
Source: b_358
Source: b_359
Source: b_360
Scan 14 started at 17DEC23:05:21:32.0
Source: 2312-319
Scan 15 started at 17DEC23:05:24:12.0
Source: b_361
Source: b_362
Source: b_363
Source: b_364
Source: b_365
Source: b_366
Source: b_367
Source: b_368
Source: b_369
Source: b_370
Source: b_371
Source: b_372
Source: b_373
Source: b_374
Source: b_375
Source: b_376
Source: b_377
Source: b_378
Source: b_379
Source: b_380
Scan 16 started at 17DEC23:05:37:40.0
Source: 2312-319
Scan 17 started at 17DEC23:05:40:28.0
Source: b_381
Source: b_382
Source: b_383
Source: b_384
Source: b_385
Source: b_386
Source: b_387
Source: b_388
Source: b_389
Source: b_390
Source: b_391
Source: b_392
Source: b_393
Source: b_394
Source: b_395
Source: b_396
Source: b_397
Source: b_398
Source: b_399
Source: b_400
Scan 18 started at 17DEC23:05:53:48.0
Source: 2312-319
Scan 19 started at 17DEC23:05:56:36.0
Source: b_401
Source: b_402
Source: b_403
Source: b_404
Source: b_405
Source: b_406
Source: b_407
Source: b_408
Source: b_409
Source: b_410
Source: b_411
Source: b_412
Source: b_413
Source: b_414
Source: b_415
Source: b_416
Source: b_417
Source: b_418
Source: b_419
Source: b_420
Scan 20 started at 17DEC23:06:09:56.0
Source: 2312-319
Scan 21 started at 17DEC23:06:12:44.0
Source: b_421
Source: b_422
Source: b_423
Source: b_424
Source: b_425
Source: b_426
Source: b_427
Source: b_428
Source: b_429
Source: b_430
Source: b_431
Source: b_432
Source: b_433
Source: b_434
Source: b_435
Source: b_436
Source: b_437
Source: b_438
Source: b_439
Source: b_440
Scan 22 started at 17DEC23:06:26:12.0
Source: 2312-319
RPFITS file version is 2.12
---------------------------------------
Total number of spectra selected: 72660

Summary of spectra flagged
Flagging Reason            Fraction
---------------            --------
Antenna off-source/off-line  2.89%
---------------------------------------
Processing file raw/2017-12-23_0628.C3132
CABB data detected
Scan 1 started at 17DEC23:06:29:16.0
Source: b_441
Source: b_442
Source: b_443
Source: b_444
Source: b_445
Source: b_446
Source: b_447
Source: b_448
Source: b_449
Source: b_450
Source: b_451
Source: b_452
Source: b_453
Source: b_454
Source: b_455
Source: b_456
Source: b_457
Source: b_458
Source: b_459
Source: b_460
Scan 2 started at 17DEC23:06:42:44.0
Source: 2312-319
Scan 3 started at 17DEC23:06:46:14.8
Source: b_462
Source: b_463
Source: b_464
Source: b_465
Source: b_466
Source: b_467
Source: b_468
Source: b_469
Source: b_470
Source: b_471
Source: b_472
Source: b_473
Source: b_474
Source: b_475
Source: b_476
Source: b_477
Source: b_478
Source: b_479
Source: b_480
Scan 4 started at 17DEC23:06:59:16.0
Source: 2312-319
Scan 5 started at 17DEC23:07:08:52.0
Source: b_244
Source: b_245
Source: b_246
Source: b_247
Source: b_248
Source: b_249
Source: b_250
Source: b_251
Source: b_252
Source: b_253
Source: b_254
Source: b_255
Source: b_256
Source: b_257
Source: b_258
Source: b_259
Source: b_260
Scan 6 started at 17DEC23:07:20:28.0
Source: 2312-319
Scan 7 started at 17DEC23:07:23:32.0
Source: b_261
Source: b_262
Source: b_263
Source: b_264
Source: b_265
Source: b_266
Source: b_267
Source: b_268
Source: b_269
Source: b_270
Source: b_271
Source: b_272
Source: b_273
Source: b_274
Source: b_275
Source: b_276
Source: b_277
Source: b_278
Source: b_279
Source: b_280
Scan 8 started at 17DEC23:07:36:44.0
Source: 2312-319
Scan 9 started at 17DEC23:07:39:32.0
Source: b_281
Source: b_282
Source: b_283
Source: b_284
Source: b_285
Source: b_286
Source: b_287
Source: b_288
Source: b_289
Source: b_290
Source: b_291
Source: b_292
Source: b_293
Source: b_294
Source: b_295
Source: b_296
Source: b_297
Source: b_298
Source: b_299
Source: b_300
Scan 10 started at 17DEC23:07:53:00.0
Source: 2312-319
Scan 11 started at 17DEC23:07:55:48.0
Source: b_301
Source: b_302
Source: b_303
Source: b_304
Source: b_305
Source: b_306
Source: b_307
Source: b_308
Source: b_309
Source: b_310
Source: b_311
Source: b_312
Source: b_313
Source: b_314
Source: b_315
Source: b_316
Source: b_317
Source: b_318
Source: b_319
Source: b_320
Scan 12 started at 17DEC23:08:09:16.0
Source: 2312-319
Scan 13 started at 17DEC23:08:12:04.0
Source: b_321
Source: b_322
Source: b_323
Source: b_324
Source: b_325
Source: b_326
Source: b_327
Source: b_328
Source: b_329
Source: b_330
Source: b_331
Source: b_332
Source: b_333
Source: b_334
Source: b_335
Source: b_336
Source: b_337
Source: b_338
Source: b_339
Source: b_340
Scan 14 started at 17DEC23:08:25:24.0
Source: 2312-319
Scan 15 started at 17DEC23:08:28:04.0
Source: b_341
Source: b_342
Source: b_343
Source: b_344
Source: b_345
Source: b_346
Source: b_347
Source: b_348
Source: b_349
Source: b_350
Source: b_351
Source: b_352
Source: b_353
Source: b_354
Source: b_355
Source: b_356
Source: b_357
Source: b_358
Source: b_359
Source: b_360
Scan 16 started at 17DEC23:08:41:32.0
Source: 2312-319
Scan 17 started at 17DEC23:08:44:12.0
Source: b_361
Source: b_362
Source: b_363
Source: b_364
Source: b_365
Source: b_366
Source: b_367
Source: b_368
Source: b_369
Source: b_370
Source: b_371
Source: b_372
Source: b_373
Source: b_374
Source: b_375
Source: b_376
Source: b_377
Source: b_378
Source: b_379
Source: b_380
Scan 18 started at 17DEC23:08:57:40.0
Source: 2312-319
Scan 19 started at 17DEC23:09:00:28.0
Source: b_381
Source: b_382
Source: b_383
Source: b_384
Source: b_385
Source: b_386
Source: b_387
Source: b_388
Source: b_389
Source: b_390
Source: b_391
Source: b_392
Source: b_393
Source: b_394
Source: b_395
Source: b_396
Source: b_397
Source: b_398
Source: b_399
Source: b_400
Scan 20 started at 17DEC23:09:13:48.0
Source: 2312-319
RPFITS file version is 2.12
---------------------------------------
Total number of spectra selected: 72660

Summary of spectra flagged
Flagging Reason            Fraction
---------------            --------
Antenna off-source/off-line  11.8%
---------------------------------------
Processing file raw/2017-12-23_0915.C3132
CABB data detected
Scan 1 started at 17DEC23:09:15:16.0
Source: 2312-319
Scan 2 started at 17DEC23:09:16:28.0
Source: b_401
Source: b_402
Source: b_403
Source: b_404
Source: b_405
Source: b_406
Source: b_407
Source: b_408
Source: b_409
Source: b_410
Source: b_411
Source: b_412
Source: b_413
Source: b_414
Source: b_415
Source: b_416
Source: b_417
Source: b_418
Source: b_419
Source: b_420
Scan 3 started at 17DEC23:09:29:56.0
Source: 2312-319
Scan 4 started at 17DEC23:09:32:36.0
Source: b_421
Source: b_422
Source: b_423
Source: b_424
Source: b_425
Source: b_426
Source: b_427
Source: b_428
Source: b_429
Source: b_430
Source: b_431
Source: b_432
Source: b_433
Source: b_434
Source: b_435
Source: b_436
Source: b_437
Source: b_438
Source: b_439
Source: b_440
Scan 5 started at 17DEC23:09:46:04.0
Source: 2312-319
Scan 6 started at 17DEC23:09:48:44.0
Source: b_441
Source: b_442
Source: b_443
Source: b_444
Source: b_445
Source: b_446
Source: b_447
Source: b_448
Source: b_449
Source: b_450
Source: b_451
Source: b_452
Source: b_453
Source: b_454
Source: b_455
Source: b_456
Source: b_457
Source: b_458
Source: b_459
Source: b_460
Scan 7 started at 17DEC23:10:02:12.0
Source: 2312-319
Scan 8 started at 17DEC23:10:05:00.0
Source: b_461
Source: b_462
Source: b_463
Source: b_464
Source: b_465
Source: b_466
Source: b_467
Source: b_468
Source: b_469
Source: b_470
Source: b_471
Source: b_472
Source: b_473
Source: b_474
Source: b_475
Source: b_476
Source: b_477
Source: b_478
Source: b_479
Source: b_480
Scan 9 started at 17DEC23:10:18:20.0
Source: 2312-319
Scan 10 started at 17DEC23:10:21:08.0
Source: b_241
Source: b_242
Source: b_243
Source: b_244
Source: b_245
Source: b_246
Source: b_247
Source: b_248
Source: b_249
Source: b_250
Source: b_251
Source: b_252
Source: b_253
Source: b_254
Source: b_255
Source: b_256
Source: b_257
Source: b_258
Source: b_259
Source: b_260
Scan 11 started at 17DEC23:10:34:28.0
Source: 2312-319
Scan 12 started at 17DEC23:10:37:08.0
Source: b_261
Source: b_262
Source: b_263
Source: b_264
Source: b_265
Source: b_266
Source: b_267
Source: b_268
Source: b_269
Source: b_270
Source: b_271
Source: b_272
Source: b_273
Source: b_274
Source: b_275
Source: b_276
Source: b_277
Source: b_278
Source: b_279
Source: b_280
Scan 13 started at 17DEC23:10:50:36.0
Source: 2312-319
Scan 14 started at 17DEC23:10:53:10.5
Source: b_281
Source: b_282
Source: b_283
Source: b_284
Source: b_285
Source: b_286
Source: b_287
Source: b_288
Source: b_289
Source: b_290
Source: b_291
Source: b_292
Source: b_293
Source: b_294
Source: b_295
Source: b_296
Source: b_297
Source: b_298
Source: b_299
Source: b_300
Scan 15 started at 17DEC23:11:06:44.0
Source: 2312-319
Scan 16 started at 17DEC23:11:09:24.0
Source: b_301
Source: b_302
Source: b_303
Source: b_304
Source: b_305
Source: b_306
Source: b_307
Source: b_308
Source: b_309
Source: b_310
Source: b_311
Source: b_312
Source: b_313
Source: b_314
Source: b_315
Source: b_316
Source: b_317
Source: b_318
Source: b_319
Source: b_320
Scan 17 started at 17DEC23:11:22:52.0
Source: 2312-319
Scan 18 started at 17DEC23:11:25:32.0
Source: b_321
Source: b_322
Source: b_323
Source: b_324
Source: b_325
Source: b_326
Source: b_327
Source: b_328
Source: b_329
Source: b_330
Source: b_331
Source: b_332
Source: b_333
Source: b_334
Source: b_335
Source: b_336
Source: b_337
Source: b_338
Source: b_339
Source: b_340
Scan 19 started at 17DEC23:11:39:00.0
Source: 2312-319
Scan 20 started at 17DEC23:11:41:40.0
Source: b_341
Source: b_342
Source: b_343
Source: b_344
Source: b_345
Source: b_346
Source: b_347
Source: b_348
Source: b_349
Source: b_350
Source: b_351
Source: b_352
Source: b_353
Source: b_354
Source: b_355
Source: b_356
Source: b_357
Source: b_358
Source: b_359
Source: b_360
Scan 21 started at 17DEC23:11:55:08.0
Source: 2312-319
Scan 22 started at 17DEC23:11:57:48.0
Source: b_361
Source: b_362
Source: b_363
Source: b_364
Source: b_365
Source: b_366
Source: b_367
RPFITS file version is 2.12
---------------------------------------
Total number of spectra selected: 72660

Summary of spectra flagged
Flagging Reason            Fraction
---------------            --------
Antenna off-source/off-line  2.81%
---------------------------------------
Processing file raw/2017-12-23_1202.C3132
CABB data detected
Scan 1 started at 17DEC23:12:02:21.5
Source: b_368
Source: b_369
Source: b_370
Source: b_371
Source: b_372
Source: b_373
Source: b_374
Source: b_375
Source: b_376
Source: b_377
Source: b_378
Source: b_379
Source: b_380
Scan 2 started at 17DEC23:12:11:16.0
Source: 2312-319
Scan 3 started at 17DEC23:12:13:56.0
Source: b_381
Source: b_382
Source: b_383
Source: b_384
Source: b_385
Source: b_386
Source: b_387
Source: b_388
Source: b_389
Source: b_390
Source: b_391
Source: b_392
Source: b_393
Source: b_394
Source: b_395
Source: b_396
Source: b_397
Source: b_398
Source: b_399
Source: b_400
Scan 4 started at 17DEC23:12:27:24.0
Source: 2312-319
Scan 5 started at 17DEC23:12:30:04.0
Source: b_401
Source: b_402
Source: b_403
Source: b_404
Source: b_405
Source: b_406
Source: b_407
Source: b_408
Source: b_409
Source: b_410
Source: b_411
Source: b_412
Source: b_413
Source: b_414
Source: b_415
Source: b_416
Source: b_417
Source: b_418
Source: b_419
Source: b_420
Scan 6 started at 17DEC23:12:43:32.0
Source: 2312-319
Scan 7 started at 17DEC23:12:46:12.0
Source: b_421
Source: b_422
Source: b_423
Source: b_424
Source: b_425
Source: b_426
Source: b_427
Source: b_428
Source: b_429
Source: b_430
Source: b_431
Source: b_432
Source: b_433
Source: b_434
Source: b_435
Source: b_436
Source: b_437
Source: b_438
Source: b_439
Source: b_440
Scan 8 started at 17DEC23:12:59:40.0
Source: 2312-319
Scan 9 started at 17DEC23:13:02:20.0
Source: b_441
Source: b_442
Source: b_443
Source: b_444
Source: b_445
Source: b_446
Source: b_447
Source: b_448
Source: b_449
Source: b_450
Source: b_451
Source: b_452
Source: b_453
Source: b_454
Source: b_455
Source: b_456
Source: b_457
Source: b_458
Source: b_459
Source: b_460
Scan 10 started at 17DEC23:13:15:48.0
Source: 2312-319
Scan 11 started at 17DEC23:13:18:28.0
Source: b_461
Source: b_462
Source: b_463
Source: b_464
Source: b_465
Scan 12 started at 17DEC23:13:21:40.0
Source: 2312-319
Scan 13 started at 17DEC23:13:23:56.0
 13:25:41 CAOBS> stop
 13:25:41 CAOBS> stop
 13:25:41 CAOBS> top
 13:25:50 CAOBS> cor closef
RPFITS file version is 2.12
---------------------------------------
Total number of spectra selected: 36000

Summary of spectra flagged
Flagging Reason            Fraction
---------------            --------
Antenna off-source/off-line  2.50%
---------------------------------------

No CACAL data was detected

2018-08-08 04:43:13,365 [MainThread  ] [INFO ]  uvflag vis=data5.uv line=chan,6,1146,1 flagval=flag

uvflag: Revision 1.8, 2014/09/30 14:23:39 UTC


Set flags to indicate bad data in visibility file data5.uv
Linetype channel; select    6 channels; start 1146, width    1, step    1

Overview of flagging on visibility file data5.uv
Changed flags set to FALSE (data flagged as bad)
Total number of records selected: 307540; out of 307540 records
Antennas used: 1-6
Counts of correlations within selected channels
channel   Originally    Currently
Good:          921900.           0.    Changed to bad:      921900.
Bad:           923340.     1845240.

2018-08-08 04:43:28,641 [MainThread  ] [INFO ]  uvflag vis=data5.uv line=chan,30,1454,1 flagval=flag

uvflag: Revision 1.8, 2014/09/30 14:23:39 UTC


Set flags to indicate bad data in visibility file data5.uv
Linetype channel; select   30 channels; start 1454, width    1, step    1

Overview of flagging on visibility file data5.uv
Changed flags set to FALSE (data flagged as bad)
Total number of records selected: 307540; out of 307540 records
Antennas used: 1-6
Counts of correlations within selected channels
channel   Originally    Currently
Good:         9226200.           0.    Changed to bad:     9226200.
Bad:                0.     9226200.

2018-08-08 04:43:43,966 [MainThread  ] [INFO ]  uvflag vis=data5.uv line=chan,40,1964,1 flagval=flag

uvflag: Revision 1.8, 2014/09/30 14:23:39 UTC


Set flags to indicate bad data in visibility file data5.uv
Linetype channel; select   40 channels; start 1964, width    1, step    1

Overview of flagging on visibility file data5.uv
Changed flags set to FALSE (data flagged as bad)
Total number of records selected: 307540; out of 307540 records
Antennas used: 1-6
Counts of correlations within selected channels
channel   Originally    Currently
Good:               0.           0.    Changed to bad:           0.
Bad:         12301600.    12301600.

2018-08-08 04:44:25,407 [MainThread  ] [INFO ]  uvsplit vis=data5.uv options=mosaic

uvsplit: Revision 1.18, 2016/05/09 03:06:18 UTC

Creating 1934-638.5500
Creating 2312-319.5500
Creating b.5500

2018-08-08 04:44:44,998 [MainThread  ] [INFO ]  pgflag vis=1934-638.5500 command='<b' stokes=i,q,u,v flagpar=8,5,5,3,6,3 options=nodisp

pgflag: Revision 1.30, 2016/10/05 23:06:50 UTC

Applying changes to dataset
Counts of correlations within selected channels:
 channel  Originally  Currently
 Good:      13369680   13181628    Changed to bad:     188052
 Bad:        1874880    2062932    Changed to good:         0
 13.5% of the data is now flagged

2018-08-08 04:45:01,909 [MainThread  ] [INFO ]  pgflag vis=1934-638.5500 command='<b' stokes=i,v,q,u flagpar=8,2,2,3,6,3  options=nodisp

pgflag: Revision 1.30, 2016/10/05 23:06:50 UTC

Applying changes to dataset
Counts of correlations within selected channels:
 channel  Originally  Currently
 Good:      13181628   12088916    Changed to bad:    1092712
 Bad:        2062932    3155644    Changed to good:         0
 20.7% of the data is now flagged

2018-08-08 04:45:17,609 [MainThread  ] [INFO ]  pgflag vis=1934-638.5500 command='<b' stokes=i,v,u,q flagpar=8,2,2,3,6,3  options=nodisp

pgflag: Revision 1.30, 2016/10/05 23:06:50 UTC

Applying changes to dataset
Counts of correlations within selected channels:
 channel  Originally  Currently
 Good:      12088916   11762908    Changed to bad:     326008
 Bad:        3155644    3481652    Changed to good:         0
 22.8% of the data is now flagged

2018-08-08 04:47:23,293 [MainThread  ] [INFO ]  mfcal vis=1934-638.5500 refant=4 interval=0.1
MfCal: $Revision: 1.20 $, $Date: 2017/05/08 02:31:10 $
Selecting parallel-hand polarisations
Reading the data ...
Number correlations accepted: 5880402
Number of frequency bands/settings: 1
Number of polarisations selected: 2
Number of solution intervals: 123
Number of passband solution intervals: 1
Initialising ...
Using post-Aug94 ATCA flux scale for 1934-638.
Using known frequency variation of 1934-638
Generating initial solution estimate ...
Doing solution refinement ...
Iter= 1, Solution Error:  0.416
Iter= 2, Solution Error:  0.087
Iter= 3, Solution Error:  0.008
Iter= 4, Solution Error:  0.009
Iter= 5, Solution Error:  0.014
Iter= 6, Solution Error:  0.019
Iter= 7, Solution Error:  0.022
Iter= 8, Solution Error:  0.023
Iter= 9, Solution Error:  0.022
Iter=10, Solution Error:  0.020
Iter=11, Solution Error:  0.019
Iter=12, Solution Error:  0.018
Iter=13, Solution Error:  0.017
Iter=14, Solution Error:  0.016
Iter=15, Solution Error:  0.015
Iter=16, Solution Error:  0.007
Iter=17, Solution Error:  0.000
Saving solution ...

2018-08-08 04:47:24,169 [MainThread  ] [INFO ]  gpcal vis=1934-638.5500 refant=4 interval=0.1 nfbin=2 options=xyvary

gpcal: Revision 1.22, 2016/05/01 22:31:05 UTC

Applying bandpass corrections to 1934-638.5500
Number of antennae: 6
Reading the data ...
Number of solution intervals: 123
Total visibilities read: 1860
Number visibilities accepted: 1794
Using post-Aug94 ATCA flux scale for 1934-638.
Using IQUV =  5.0224,  0.0000,  0.0000,  0.0000 at   5.4470 GHz.
Using post-Aug94 ATCA flux scale for 1934-638.
Using IQUV =  5.5182,  0.0000,  0.0000,  0.0000 at   5.0310 GHz.
Using post-Aug94 ATCA flux scale for 1934-638.
Using IQUV =  4.5106,  0.0000,  0.0000,  0.0000 at   5.9543 GHz.
Iter= 1, Amplit/Phase Solution Error:   0.894
Iter= 1, Polarisation Solution Error:   0.042
Iter= 1, Overall Solution Error:        7.234
Iter= 2, Amplit/Phase Solution Error:   0.003
Iter= 2, Polarisation Solution Error:   0.001
Iter= 2, Overall Solution Error:        0.024
Iter= 3, Amplit/Phase Solution Error:   0.001
Iter= 3, Polarisation Solution Error:   0.000
Iter= 3, Overall Solution Error:        0.005
Iter= 4, Amplit/Phase Solution Error:   0.000
Iter= 4, Polarisation Solution Error:   0.000
Iter= 4, Overall Solution Error:        0.000
I flux density:   5.0224
Leakage terms:
 Ant 1:Dx,Dy = ( 0.00218,-0.00227),(-0.00144,-0.00159)
 Ant 2:Dx,Dy = ( 0.00353, 0.00657),(-0.00358, 0.00738)
 Ant 3:Dx,Dy = ( 0.00351, 0.00064),(-0.00765, 0.00045)
 Ant 4:Dx,Dy = ( 0.00492, 0.01787),(-0.00457, 0.01903)
 Ant 5:Dx,Dy = (-0.01724,-0.00067),( 0.01575,-0.00034)
 Ant 6:Dx,Dy = ( 0.00086,-0.02370),(-0.00074,-0.02334)
Solution for freq bin  1
Iter= 1, Amplit/Phase Solution Error:   1.017
Iter= 1, Polarisation Solution Error:   0.044
Iter= 1, Overall Solution Error:        3.412
Iter= 2, Amplit/Phase Solution Error:   0.003
Iter= 2, Polarisation Solution Error:   0.000
Iter= 2, Overall Solution Error:        0.051
Iter= 3, Amplit/Phase Solution Error:   0.001
Iter= 3, Polarisation Solution Error:   0.000
Iter= 3, Overall Solution Error:        0.018
Iter= 4, Amplit/Phase Solution Error:   0.001
Iter= 4, Polarisation Solution Error:   0.000
Iter= 4, Overall Solution Error:        0.002
Iter= 5, Amplit/Phase Solution Error:   0.001
Iter= 5, Polarisation Solution Error:   0.000
Iter= 5, Overall Solution Error:        0.000
I flux density:   5.5182
Leakage terms:
 Ant 1:Dx,Dy = ( 0.00232,-0.00179),(-0.00172,-0.00121)
 Ant 2:Dx,Dy = ( 0.00395, 0.00794),(-0.00376, 0.00837)
 Ant 3:Dx,Dy = ( 0.00290, 0.00055),(-0.00839, 0.00089)
 Ant 4:Dx,Dy = ( 0.00426, 0.01815),(-0.00463, 0.01982)
 Ant 5:Dx,Dy = (-0.01790,-0.00156),( 0.01532,-0.00109)
 Ant 6:Dx,Dy = ( 0.00023,-0.02538),(-0.00105,-0.02470)
Solution for freq bin  2
Iter= 1, Amplit/Phase Solution Error:   0.638
Iter= 1, Polarisation Solution Error:   0.039
Iter= 1, Overall Solution Error:        8.635
Iter= 2, Amplit/Phase Solution Error:   0.016
Iter= 2, Polarisation Solution Error:   0.005
Iter= 2, Overall Solution Error:        0.952
Iter= 3, Amplit/Phase Solution Error:   0.010
Iter= 3, Polarisation Solution Error:   0.008
Iter= 3, Overall Solution Error:        0.344
Iter= 4, Amplit/Phase Solution Error:   0.012
Iter= 4, Polarisation Solution Error:   0.011
Iter= 4, Overall Solution Error:        0.220
Iter= 5, Amplit/Phase Solution Error:   0.015
Iter= 5, Polarisation Solution Error:   0.014
Iter= 5, Overall Solution Error:        0.174
Iter= 6, Amplit/Phase Solution Error:   0.019
Iter= 6, Polarisation Solution Error:   0.017
Iter= 6, Overall Solution Error:        0.138
Iter= 7, Amplit/Phase Solution Error:   0.023
Iter= 7, Polarisation Solution Error:   0.020
Iter= 7, Overall Solution Error:        0.111
Iter= 8, Amplit/Phase Solution Error:   0.027
Iter= 8, Polarisation Solution Error:   0.023
Iter= 8, Overall Solution Error:        0.091
Iter= 9, Amplit/Phase Solution Error:   0.031
Iter= 9, Polarisation Solution Error:   0.026
Iter= 9, Overall Solution Error:        0.077
Iter=10, Amplit/Phase Solution Error:   0.035
Iter=10, Polarisation Solution Error:   0.029
Iter=10, Overall Solution Error:        0.066
Iter=11, Amplit/Phase Solution Error:   0.039
Iter=11, Polarisation Solution Error:   0.032
Iter=11, Overall Solution Error:        0.058
Iter=12, Amplit/Phase Solution Error:   0.043
Iter=12, Polarisation Solution Error:   0.035
Iter=12, Overall Solution Error:        0.053
Iter=13, Amplit/Phase Solution Error:   0.047
Iter=13, Polarisation Solution Error:   0.038
Iter=13, Overall Solution Error:        0.049
Iter=14, Amplit/Phase Solution Error:   0.051
Iter=14, Polarisation Solution Error:   0.041
Iter=14, Overall Solution Error:        0.046
Iter=15, Amplit/Phase Solution Error:   0.055
Iter=15, Polarisation Solution Error:   0.044
Iter=15, Overall Solution Error:        0.043
Iter=16, Amplit/Phase Solution Error:   0.059
Iter=16, Polarisation Solution Error:   0.047
Iter=16, Overall Solution Error:        0.040
Iter=17, Amplit/Phase Solution Error:   0.063
Iter=17, Polarisation Solution Error:   0.049
Iter=17, Overall Solution Error:        0.037
Iter=18, Amplit/Phase Solution Error:   0.066
Iter=18, Polarisation Solution Error:   0.052
Iter=18, Overall Solution Error:        0.035
Iter=19, Amplit/Phase Solution Error:   0.070
Iter=19, Polarisation Solution Error:   0.055
Iter=19, Overall Solution Error:        0.034
Iter=20, Amplit/Phase Solution Error:   0.074
Iter=20, Polarisation Solution Error:   0.058
Iter=20, Overall Solution Error:        0.032
Iter=21, Amplit/Phase Solution Error:   0.078
Iter=21, Polarisation Solution Error:   0.061
Iter=21, Overall Solution Error:        0.030
Iter=22, Amplit/Phase Solution Error:   0.082
Iter=22, Polarisation Solution Error:   0.063
Iter=22, Overall Solution Error:        0.029
Iter=23, Amplit/Phase Solution Error:   0.084
Iter=23, Polarisation Solution Error:   0.064
Iter=23, Overall Solution Error:        0.028
Iter=24, Amplit/Phase Solution Error:   0.085
Iter=24, Polarisation Solution Error:   0.064
Iter=24, Overall Solution Error:        0.026
Iter=25, Amplit/Phase Solution Error:   0.086
Iter=25, Polarisation Solution Error:   0.065
Iter=25, Overall Solution Error:        0.014
Iter=26, Amplit/Phase Solution Error:   0.087
Iter=26, Polarisation Solution Error:   0.065
Iter=26, Overall Solution Error:        0.004
Iter=27, Amplit/Phase Solution Error:   0.087
Iter=27, Polarisation Solution Error:   0.065
Iter=27, Overall Solution Error:        0.001
Iter=28, Amplit/Phase Solution Error:   0.087
Iter=28, Polarisation Solution Error:   0.065
Iter=28, Overall Solution Error:        0.001
I flux density:   4.5106
Leakage terms:
 Ant 1:Dx,Dy = ( 0.00362,-0.00341),(-0.00071,-0.00201)
 Ant 2:Dx,Dy = ( 0.00294, 0.00488),(-0.00333, 0.00550)
 Ant 3:Dx,Dy = ( 0.00406, 0.00077),(-0.00689,-0.00019)
 Ant 4:Dx,Dy = ( 0.00650, 0.01769),(-0.00462, 0.01818)
 Ant 5:Dx,Dy = (-0.01723, 0.00063),( 0.01724, 0.00084)
 Ant 6:Dx,Dy = ( 0.00186,-0.02143),( 0.00004,-0.02145)

2018-08-08 04:47:48,268 [MainThread  ] [INFO ]  pgflag vis=1934-638.5500 command='<b' stokes=i,q,u,v flagpar=8,5,5,3,6,3 options=nodisp

pgflag: Revision 1.30, 2016/10/05 23:06:50 UTC

Applying bandpass corrections to 1934-638.5500
Applying freq. dependent gain corrections to 1934-638.5500
Applying freq. dependent leakage correction to 1934-638.5500
Applying changes to dataset
Counts of correlations within selected channels:
 channel  Originally  Currently
 Good:      11762908   11487336    Changed to bad:     275572
 Bad:        3481652    3757224    Changed to good:         0
 24.6% of the data is now flagged

2018-08-08 04:48:10,339 [MainThread  ] [INFO ]  pgflag vis=1934-638.5500 command='<b' stokes=i,v,q,u flagpar=8,2,2,3,6,3  options=nodisp

pgflag: Revision 1.30, 2016/10/05 23:06:50 UTC

Applying bandpass corrections to 1934-638.5500
Applying freq. dependent gain corrections to 1934-638.5500
Applying freq. dependent leakage correction to 1934-638.5500
Applying changes to dataset
Counts of correlations within selected channels:
 channel  Originally  Currently
 Good:      11487336   11409056    Changed to bad:      78280
 Bad:        3757224    3835504    Changed to good:         0
 25.2% of the data is now flagged

2018-08-08 04:48:33,810 [MainThread  ] [INFO ]  pgflag vis=1934-638.5500 command='<b' stokes=i,v,u,q flagpar=8,2,2,3,6,3  options=nodisp

pgflag: Revision 1.30, 2016/10/05 23:06:50 UTC

Applying bandpass corrections to 1934-638.5500
Applying freq. dependent gain corrections to 1934-638.5500
Applying freq. dependent leakage correction to 1934-638.5500
Applying changes to dataset
Counts of correlations within selected channels:
 channel  Originally  Currently
 Good:      11409056   11338384    Changed to bad:      70672
 Bad:        3835504    3906176    Changed to good:         0
 25.6% of the data is now flagged

2018-08-08 04:49:42,239 [MainThread  ] [INFO ]  mfcal vis=1934-638.5500 refant=4 interval=0.1
MfCal: $Revision: 1.20 $, $Date: 2017/05/08 02:31:10 $
Selecting parallel-hand polarisations
Reading the data ...
Number correlations accepted: 5669142
Number of frequency bands/settings: 1
Number of polarisations selected: 2
Number of solution intervals: 120
Number of passband solution intervals: 1
Initialising ...
Using post-Aug94 ATCA flux scale for 1934-638.
Using known frequency variation of 1934-638
Generating initial solution estimate ...
Doing solution refinement ...
Iter= 1, Solution Error:  0.418
Iter= 2, Solution Error:  0.060
Iter= 3, Solution Error:  0.001
Saving solution ...

2018-08-08 04:49:43,113 [MainThread  ] [INFO ]  gpcal vis=1934-638.5500 refant=4 interval=0.1 nfbin=2 options=xyvary

gpcal: Revision 1.22, 2016/05/01 22:31:05 UTC

Applying bandpass corrections to 1934-638.5500
Number of antennae: 6
Using leakage parameters from input as initial guess
Reading the data ...
Number of solution intervals: 120
Total visibilities read: 1860
Number visibilities accepted: 1695
Using post-Aug94 ATCA flux scale for 1934-638.
Using IQUV =  5.0206,  0.0000,  0.0000,  0.0000 at   5.4487 GHz.
Using post-Aug94 ATCA flux scale for 1934-638.
Using IQUV =  5.5150,  0.0000,  0.0000,  0.0000 at   5.0335 GHz.
Using post-Aug94 ATCA flux scale for 1934-638.
Using IQUV =  4.5115,  0.0000,  0.0000,  0.0000 at   5.9533 GHz.
Iter= 1, Amplit/Phase Solution Error:   0.859
Iter= 1, Polarisation Solution Error:   0.000
Iter= 1, Overall Solution Error:        8.572
Iter= 2, Amplit/Phase Solution Error:   0.003
Iter= 2, Polarisation Solution Error:   0.000
Iter= 2, Overall Solution Error:        0.017
Iter= 3, Amplit/Phase Solution Error:   0.001
Iter= 3, Polarisation Solution Error:   0.000
Iter= 3, Overall Solution Error:        0.003
Iter= 4, Amplit/Phase Solution Error:   0.000
Iter= 4, Polarisation Solution Error:   0.000
Iter= 4, Overall Solution Error:        0.001
Iter= 5, Amplit/Phase Solution Error:   0.000
Iter= 5, Polarisation Solution Error:   0.000
Iter= 5, Overall Solution Error:        0.001
I flux density:   5.0206
Leakage terms:
 Ant 1:Dx,Dy = ( 0.00217,-0.00226),(-0.00144,-0.00160)
 Ant 2:Dx,Dy = ( 0.00356, 0.00661),(-0.00359, 0.00734)
 Ant 3:Dx,Dy = ( 0.00352, 0.00063),(-0.00763, 0.00046)
 Ant 4:Dx,Dy = ( 0.00498, 0.01785),(-0.00453, 0.01904)
 Ant 5:Dx,Dy = (-0.01725,-0.00068),( 0.01577,-0.00035)
 Ant 6:Dx,Dy = ( 0.00090,-0.02369),(-0.00069,-0.02335)
Solution for freq bin  1
Iter= 1, Amplit/Phase Solution Error:   0.760
Iter= 1, Polarisation Solution Error:   0.002
Iter= 1, Overall Solution Error:        1.792
Iter= 2, Amplit/Phase Solution Error:   0.003
Iter= 2, Polarisation Solution Error:   0.000
Iter= 2, Overall Solution Error:        0.010
Iter= 3, Amplit/Phase Solution Error:   0.001
Iter= 3, Polarisation Solution Error:   0.000
Iter= 3, Overall Solution Error:        0.002
Iter= 4, Amplit/Phase Solution Error:   0.000
Iter= 4, Polarisation Solution Error:   0.000
Iter= 4, Overall Solution Error:        0.000
I flux density:   5.5150
Leakage terms:
 Ant 1:Dx,Dy = ( 0.00233,-0.00176),(-0.00171,-0.00123)
 Ant 2:Dx,Dy = ( 0.00399, 0.00803),(-0.00384, 0.00841)
 Ant 3:Dx,Dy = ( 0.00293, 0.00055),(-0.00835, 0.00090)
 Ant 4:Dx,Dy = ( 0.00432, 0.01814),(-0.00458, 0.01984)
 Ant 5:Dx,Dy = (-0.01790,-0.00158),( 0.01536,-0.00110)
 Ant 6:Dx,Dy = ( 0.00015,-0.02544),(-0.00106,-0.02475)
Solution for freq bin  2
Iter= 1, Amplit/Phase Solution Error:   0.641
Iter= 1, Polarisation Solution Error:   0.003
Iter= 1, Overall Solution Error:        1.971
Iter= 2, Amplit/Phase Solution Error:   0.002
Iter= 2, Polarisation Solution Error:   0.000
Iter= 2, Overall Solution Error:        0.004
Iter= 3, Amplit/Phase Solution Error:   0.001
Iter= 3, Polarisation Solution Error:   0.000
Iter= 3, Overall Solution Error:        0.001
I flux density:   4.5115
Leakage terms:
 Ant 1:Dx,Dy = ( 0.00197,-0.00293),(-0.00107,-0.00209)
 Ant 2:Dx,Dy = ( 0.00297, 0.00470),(-0.00328, 0.00590)
 Ant 3:Dx,Dy = ( 0.00434, 0.00075),(-0.00662,-0.00016)
 Ant 4:Dx,Dy = ( 0.00588, 0.01745),(-0.00446, 0.01795)
 Ant 5:Dx,Dy = (-0.01636, 0.00054),( 0.01631, 0.00066)
 Ant 6:Dx,Dy = ( 0.00191,-0.02131),(-0.00019,-0.02147)

2018-08-08 04:49:43,286 [MainThread  ] [INFO ]  gpcopy vis=1934-638.5500 out=2312-319.5500

gpcopy: Revision 1.13, 2015/10/29 01:31:39 UTC

Copying leakage table
Copying gain table
Interpolation tolerance set to (minutes): 720.00
Copying bandpass table

2018-08-08 04:52:46,205 [MainThread  ] [INFO ]  pgflag vis=2312-319.5500 command='<b' stokes=i,q,u,v flagpar=8,5,5,3,6,3 options=nodisp

pgflag: Revision 1.30, 2016/10/05 23:06:50 UTC

Applying bandpass corrections to 2312-319.5500
Applying freq. dependent gain corrections to 2312-319.5500
Applying freq. dependent leakage correction to 2312-319.5500
Applying changes to dataset
Counts of correlations within selected channels:
 channel  Originally  Currently
 Good:      77306940   76351180    Changed to bad:     955760
 Bad:       10841040   11796800    Changed to good:         0
 13.4% of the data is now flagged

2018-08-08 04:55:43,683 [MainThread  ] [INFO ]  pgflag vis=2312-319.5500 command='<b' stokes=i,v,q,u flagpar=8,2,2,3,6,3  options=nodisp

pgflag: Revision 1.30, 2016/10/05 23:06:50 UTC

Applying bandpass corrections to 2312-319.5500
Applying freq. dependent gain corrections to 2312-319.5500
Applying freq. dependent leakage correction to 2312-319.5500
Applying changes to dataset
Counts of correlations within selected channels:
 channel  Originally  Currently
 Good:      76351180   75519336    Changed to bad:     831844
 Bad:       11796800   12628644    Changed to good:         0
 14.3% of the data is now flagged

2018-08-08 04:58:43,789 [MainThread  ] [INFO ]  pgflag vis=2312-319.5500 command='<b' stokes=i,v,u,q flagpar=8,2,2,3,6,3  options=nodisp

pgflag: Revision 1.30, 2016/10/05 23:06:50 UTC

Applying bandpass corrections to 2312-319.5500
Applying freq. dependent gain corrections to 2312-319.5500
Applying freq. dependent leakage correction to 2312-319.5500
Applying changes to dataset
Counts of correlations within selected channels:
 channel  Originally  Currently
 Good:      75519336   74570436    Changed to bad:     948900
 Bad:       12628644   13577544    Changed to good:         0
 15.4% of the data is now flagged

2018-08-08 04:58:49,007 [MainThread  ] [INFO ]  gpcal vis=2312-319.5500 refant=4 interval=0.1 nfbin=2 options=xyvary,qusolve

gpcal: Revision 1.22, 2016/05/01 22:31:05 UTC

Applying bandpass corrections to 2312-319.5500
Number of antennae: 6
Using leakage parameters from input as initial guess
Reading the data ...
Number of solution intervals: 717
Total visibilities read: 10755
Number visibilities accepted: 10755
Iter= 1, Amplit/Phase Solution Error:   1.304
Iter= 1, Polarisation Solution Error:   0.010
Iter= 1, Overall Solution Error:        2.635
Iter= 2, Amplit/Phase Solution Error:   0.014
Iter= 2, Polarisation Solution Error:   0.000
Iter= 2, Overall Solution Error:        0.010
Iter= 3, Amplit/Phase Solution Error:   0.001
Iter= 3, Polarisation Solution Error:   0.000
Iter= 3, Overall Solution Error:        0.001
I flux density:   0.5890
Percent Q:  -0.978
Percent U:   0.909
Leakage terms:
 Ant 1:Dx,Dy = ( 0.00145,-0.00241),(-0.00149,-0.00151)
 Ant 2:Dx,Dy = ( 0.00343, 0.00654),(-0.00341, 0.00768)
 Ant 3:Dx,Dy = ( 0.00393, 0.00053),(-0.00746, 0.00026)
 Ant 4:Dx,Dy = ( 0.00479, 0.01751),(-0.00456, 0.01912)
 Ant 5:Dx,Dy = (-0.01691,-0.00123),( 0.01583,-0.00063)
 Ant 6:Dx,Dy = ( 0.00095,-0.02320),(-0.00127,-0.02268)
Solution for freq bin  1
Iter= 1, Amplit/Phase Solution Error:   1.400
Iter= 1, Polarisation Solution Error:   0.014
Iter= 1, Overall Solution Error:        2.531
Iter= 2, Amplit/Phase Solution Error:   0.017
Iter= 2, Polarisation Solution Error:   0.000
Iter= 2, Overall Solution Error:        0.012
Iter= 3, Amplit/Phase Solution Error:   0.001
Iter= 3, Polarisation Solution Error:   0.000
Iter= 3, Overall Solution Error:        0.001
I flux density:   0.5936
Percent Q:  -1.354
Percent U:   0.981
Leakage terms:
 Ant 1:Dx,Dy = ( 0.00158,-0.00189),(-0.00193,-0.00135)
 Ant 2:Dx,Dy = ( 0.00355, 0.00814),(-0.00396, 0.00852)
 Ant 3:Dx,Dy = ( 0.00326, 0.00065),(-0.00824, 0.00103)
 Ant 4:Dx,Dy = ( 0.00396, 0.01807),(-0.00430, 0.02002)
 Ant 5:Dx,Dy = (-0.01780,-0.00209),( 0.01498,-0.00126)
 Ant 6:Dx,Dy = ( 0.00030,-0.02529),(-0.00171,-0.02455)
Solution for freq bin  2
Iter= 1, Amplit/Phase Solution Error:   1.317
Iter= 1, Polarisation Solution Error:   0.009
Iter= 1, Overall Solution Error:        2.555
Iter= 2, Amplit/Phase Solution Error:   0.010
Iter= 2, Polarisation Solution Error:   0.000
Iter= 2, Overall Solution Error:        0.009
Iter= 3, Amplit/Phase Solution Error:   0.001
Iter= 3, Polarisation Solution Error:   0.000
Iter= 3, Overall Solution Error:        0.001
I flux density:   0.5952
Percent Q:  -0.490
Percent U:   0.866
Leakage terms:
 Ant 1:Dx,Dy = ( 0.00087,-0.00330),(-0.00163,-0.00215)
 Ant 2:Dx,Dy = ( 0.00260, 0.00443),(-0.00369, 0.00616)
 Ant 3:Dx,Dy = ( 0.00422, 0.00069),(-0.00705,-0.00024)
 Ant 4:Dx,Dy = ( 0.00530, 0.01736),(-0.00506, 0.01852)
 Ant 5:Dx,Dy = (-0.01662, 0.00015),( 0.01616, 0.00055)
 Ant 6:Dx,Dy = ( 0.00127,-0.02116),(-0.00110,-0.02102)

2018-08-08 05:01:47,258 [MainThread  ] [INFO ]  pgflag vis=2312-319.5500 command='<b' stokes=i,q,u,v flagpar=8,5,5,3,6,3 options=nodisp

pgflag: Revision 1.30, 2016/10/05 23:06:50 UTC

Applying bandpass corrections to 2312-319.5500
Applying freq. dependent gain corrections to 2312-319.5500
Applying freq. dependent leakage correction to 2312-319.5500
Applying changes to dataset
Counts of correlations within selected channels:
 channel  Originally  Currently
 Good:      74570436   73466584    Changed to bad:    1103852
 Bad:       13577544   14681396    Changed to good:         0
 16.7% of the data is now flagged

2018-08-08 05:04:45,027 [MainThread  ] [INFO ]  pgflag vis=2312-319.5500 command='<b' stokes=i,v,q,u flagpar=8,2,2,3,6,3  options=nodisp

pgflag: Revision 1.30, 2016/10/05 23:06:50 UTC

Applying bandpass corrections to 2312-319.5500
Applying freq. dependent gain corrections to 2312-319.5500
Applying freq. dependent leakage correction to 2312-319.5500
Applying changes to dataset
Counts of correlations within selected channels:
 channel  Originally  Currently
 Good:      73466584   72262952    Changed to bad:    1203632
 Bad:       14681396   15885028    Changed to good:         0
 18.0% of the data is now flagged

2018-08-08 05:07:39,202 [MainThread  ] [INFO ]  pgflag vis=2312-319.5500 command='<b' stokes=i,v,u,q flagpar=8,2,2,3,6,3  options=nodisp

pgflag: Revision 1.30, 2016/10/05 23:06:50 UTC

Applying bandpass corrections to 2312-319.5500
Applying freq. dependent gain corrections to 2312-319.5500
Applying freq. dependent leakage correction to 2312-319.5500
Applying changes to dataset
Counts of correlations within selected channels:
 channel  Originally  Currently
 Good:      72262952   70931168    Changed to bad:    1331784
 Bad:       15885028   17216812    Changed to good:         0
 19.5% of the data is now flagged

2018-08-08 05:07:43,627 [MainThread  ] [INFO ]  gpcal vis=2312-319.5500 refant=4 interval=0.1 nfbin=2 options=xyvary,qusolve

gpcal: Revision 1.22, 2016/05/01 22:31:05 UTC

Applying bandpass corrections to 2312-319.5500
Number of antennae: 6
Using leakage parameters from input as initial guess
Reading the data ...
Number of solution intervals: 717
Total visibilities read: 10755
Number visibilities accepted: 10753
Iter= 1, Amplit/Phase Solution Error:   1.297
Iter= 1, Polarisation Solution Error:   0.011
Iter= 1, Overall Solution Error:        2.632
Iter= 2, Amplit/Phase Solution Error:   0.014
Iter= 2, Polarisation Solution Error:   0.000
Iter= 2, Overall Solution Error:        0.010
Iter= 3, Amplit/Phase Solution Error:   0.001
Iter= 3, Polarisation Solution Error:   0.000
Iter= 3, Overall Solution Error:        0.001
I flux density:   0.5922
Percent Q:  -1.074
Percent U:   0.894
Leakage terms:
 Ant 1:Dx,Dy = ( 0.00189,-0.00249),(-0.00100,-0.00155)
 Ant 2:Dx,Dy = ( 0.00383, 0.00650),(-0.00290, 0.00766)
 Ant 3:Dx,Dy = ( 0.00434, 0.00052),(-0.00704, 0.00025)
 Ant 4:Dx,Dy = ( 0.00535, 0.01757),(-0.00407, 0.01908)
 Ant 5:Dx,Dy = (-0.01646,-0.00115),( 0.01629,-0.00065)
 Ant 6:Dx,Dy = ( 0.00150,-0.02314),(-0.00081,-0.02261)
Solution for freq bin  1
Iter= 1, Amplit/Phase Solution Error:   1.380
Iter= 1, Polarisation Solution Error:   0.014
Iter= 1, Overall Solution Error:        2.514
Iter= 2, Amplit/Phase Solution Error:   0.018
Iter= 2, Polarisation Solution Error:   0.000
Iter= 2, Overall Solution Error:        0.012
Iter= 3, Amplit/Phase Solution Error:   0.001
Iter= 3, Polarisation Solution Error:   0.000
Iter= 3, Overall Solution Error:        0.001
I flux density:   0.5966
Percent Q:  -1.442
Percent U:   0.962
Leakage terms:
 Ant 1:Dx,Dy = ( 0.00202,-0.00194),(-0.00145,-0.00145)
 Ant 2:Dx,Dy = ( 0.00390, 0.00818),(-0.00344, 0.00857)
 Ant 3:Dx,Dy = ( 0.00354, 0.00060),(-0.00789, 0.00109)
 Ant 4:Dx,Dy = ( 0.00448, 0.01813),(-0.00384, 0.01995)
 Ant 5:Dx,Dy = (-0.01733,-0.00206),( 0.01538,-0.00135)
 Ant 6:Dx,Dy = ( 0.00088,-0.02527),(-0.00128,-0.02445)
Solution for freq bin  2
Iter= 1, Amplit/Phase Solution Error:   1.317
Iter= 1, Polarisation Solution Error:   0.009
Iter= 1, Overall Solution Error:        2.560
Iter= 2, Amplit/Phase Solution Error:   0.010
Iter= 2, Polarisation Solution Error:   0.000
Iter= 2, Overall Solution Error:        0.009
Iter= 3, Amplit/Phase Solution Error:   0.001
Iter= 3, Polarisation Solution Error:   0.000
Iter= 3, Overall Solution Error:        0.001
I flux density:   0.5982
Percent Q:  -0.507
Percent U:   0.862
Leakage terms:
 Ant 1:Dx,Dy = ( 0.00091,-0.00334),(-0.00154,-0.00212)
 Ant 2:Dx,Dy = ( 0.00267, 0.00439),(-0.00358, 0.00618)
 Ant 3:Dx,Dy = ( 0.00431, 0.00069),(-0.00700,-0.00032)
 Ant 4:Dx,Dy = ( 0.00547, 0.01739),(-0.00497, 0.01852)
 Ant 5:Dx,Dy = (-0.01662, 0.00021),( 0.01621, 0.00055)
 Ant 6:Dx,Dy = ( 0.00137,-0.02113),(-0.00103,-0.02104)

2018-08-08 05:07:43,670 [MainThread  ] [INFO ]  gpboot vis=2312-319.5500 cal=1934-638.5500

gpboot: Revision 1.9, 2015/10/29 01:31:30 UTC

Secondary flux density scaled by:   0.945
Frequency bin  1 scaled by      :   0.927
Frequency bin  2 scaled by      :   0.929

2018-08-08 05:09:22,531 [MainThread  ] [INFO ]  gpcopy vis=2312-319.5500 out=b.5500

gpcopy: Revision 1.13, 2015/10/29 01:31:39 UTC

Copying leakage table
Copying gain table
Interpolation tolerance set to (minutes): 720.00
Copying bandpass table

2018-08-08 05:26:07,139 [MainThread  ] [INFO ]  pgflag vis=b.5500 command='<b' stokes=i,v,q,u flagpar=8,2,2,3,6,3  options=nodisp

pgflag: Revision 1.30, 2016/10/05 23:06:50 UTC

Applying bandpass corrections to b.5500
Applying freq. dependent gain corrections to b.5500
Applying freq. dependent leakage correction to b.5500
Applying changes to dataset
Counts of correlations within selected channels:
 channel  Originally  Currently
 Good:     461574540  446930504    Changed to bad:   14644036
 Bad:       65182380   79826416    Changed to good:         0
 15.2% of the data is now flagged

2018-08-08 05:43:12,331 [MainThread  ] [INFO ]  pgflag vis=b.5500 command='<b' stokes=i,v,u,q flagpar=8,2,2,3,6,3  options=nodisp

pgflag: Revision 1.30, 2016/10/05 23:06:50 UTC

Applying bandpass corrections to b.5500
Applying freq. dependent gain corrections to b.5500
Applying freq. dependent leakage correction to b.5500
Applying changes to dataset
Counts of correlations within selected channels:
 channel  Originally  Currently
 Good:     446930504  435214060    Changed to bad:   11716444
 Bad:       79826416   91542860    Changed to good:         0
 17.4% of the data is now flagged

2018-08-08 05:49:11,439 [MainThread  ] [INFO ]  uvsplit vis=b.5500

uvsplit: Revision 1.18, 2016/05/09 03:06:18 UTC

Creating b_302.5500
Creating b_303.5500
Creating b_304.5500
Creating b_301.5500
Creating b_305.5500
Creating b_306.5500
Creating b_307.5500
Creating b_308.5500
Creating b_309.5500
Creating b_310.5500
Creating b_311.5500
Creating b_312.5500
Creating b_313.5500
Creating b_314.5500
Creating b_315.5500
Creating b_316.5500
Creating b_317.5500
Creating b_318.5500
Creating b_319.5500
Creating b_320.5500
Creating b_321.5500
Creating b_322.5500
Creating b_323.5500
Creating b_324.5500
Creating b_325.5500
Creating b_326.5500
Creating b_327.5500
Creating b_328.5500
Creating b_329.5500
Creating b_330.5500
Creating b_331.5500
Creating b_332.5500
Creating b_333.5500
Creating b_334.5500
Creating b_335.5500
Creating b_336.5500
Creating b_337.5500
Creating b_338.5500
Creating b_339.5500
Creating b_340.5500
Creating b_341.5500
Creating b_342.5500
Creating b_343.5500
Creating b_344.5500
Creating b_345.5500
Creating b_346.5500
Creating b_347.5500
Creating b_348.5500
Creating b_349.5500
Creating b_350.5500
Creating b_351.5500
Creating b_352.5500
Creating b_353.5500
Creating b_354.5500
Creating b_355.5500
Creating b_356.5500
Creating b_357.5500
Creating b_358.5500
Creating b_359.5500
Creating b_360.5500
Creating b_361.5500
Creating b_362.5500
Creating b_363.5500
Creating b_364.5500
Creating b_365.5500
Creating b_366.5500
Creating b_367.5500
Creating b_368.5500
Creating b_369.5500
Creating b_370.5500
Creating b_371.5500
Creating b_372.5500
Creating b_373.5500
Creating b_374.5500
Creating b_375.5500
Creating b_376.5500
Creating b_377.5500
Creating b_378.5500
Creating b_379.5500
Creating b_380.5500
Creating b_381.5500
Creating b_382.5500
Creating b_383.5500
Creating b_384.5500
Creating b_385.5500
Creating b_386.5500
Creating b_387.5500
Creating b_388.5500
Creating b_389.5500
Creating b_390.5500
Creating b_391.5500
Creating b_392.5500
Creating b_393.5500
Creating b_394.5500
Creating b_395.5500
Creating b_396.5500
Creating b_397.5500
Creating b_398.5500
Creating b_399.5500
Creating b_400.5500
Creating b_401.5500
Creating b_402.5500
Creating b_403.5500
Creating b_404.5500
Creating b_405.5500
Creating b_406.5500
Creating b_407.5500
Creating b_408.5500
Creating b_409.5500
Creating b_410.5500
Creating b_411.5500
Creating b_412.5500
Creating b_413.5500
Creating b_414.5500
Creating b_415.5500
Creating b_416.5500
Creating b_417.5500
Creating b_418.5500
Creating b_419.5500
Creating b_420.5500
Creating b_421.5500
Creating b_422.5500
Creating b_423.5500
Creating b_424.5500
Creating b_425.5500
Creating b_426.5500
Creating b_427.5500
Creating b_428.5500
Creating b_429.5500
Creating b_430.5500
Creating b_431.5500
Creating b_432.5500
Creating b_433.5500
Creating b_434.5500
Creating b_435.5500
Creating b_441.5500
Creating b_442.5500
Creating b_443.5500
Creating b_444.5500
Creating b_445.5500
Creating b_446.5500
Creating b_447.5500
Creating b_448.5500
Creating b_449.5500
Creating b_450.5500
Creating b_451.5500
Creating b_452.5500
Creating b_453.5500
Creating b_454.5500
Creating b_455.5500
Creating b_456.5500
Creating b_457.5500
Creating b_458.5500
Creating b_459.5500
Creating b_460.5500
Creating b_461.5500
Creating b_462.5500
Creating b_463.5500
Creating b_464.5500
Creating b_465.5500
Creating b_466.5500
Creating b_467.5500
Creating b_468.5500
Creating b_469.5500
Creating b_470.5500
Creating b_471.5500
Creating b_472.5500
Creating b_473.5500
Creating b_474.5500
Creating b_475.5500
Creating b_476.5500
Creating b_477.5500
Creating b_478.5500
Creating b_479.5500
Creating b_480.5500
Creating b_241.5500
Creating b_242.5500
Creating b_243.5500
Creating b_244.5500
Creating b_245.5500
Creating b_246.5500
Creating b_247.5500
Creating b_248.5500
Creating b_249.5500
Creating b_250.5500
Creating b_251.5500
Creating b_252.5500
Creating b_253.5500
Creating b_254.5500
Creating b_255.5500
Creating b_256.5500
Creating b_257.5500
Creating b_258.5500
Creating b_259.5500
Creating b_260.5500
Creating b_261.5500
Creating b_262.5500
Creating b_263.5500
Creating b_264.5500
Creating b_265.5500
Creating b_266.5500
Creating b_267.5500
Creating b_268.5500
Creating b_269.5500
Creating b_270.5500
Creating b_271.5500
Creating b_272.5500
Creating b_273.5500
Creating b_274.5500
Creating b_275.5500
Creating b_276.5500
Creating b_277.5500
Creating b_278.5500
Creating b_279.5500
Creating b_280.5500
Creating b_281.5500
Creating b_282.5500
Creating b_283.5500
Creating b_284.5500
Creating b_285.5500
Creating b_286.5500
Creating b_287.5500
Creating b_288.5500
Creating b_289.5500
Creating b_290.5500
Creating b_291.5500
Creating b_292.5500
Creating b_293.5500
Creating b_294.5500
Creating b_295.5500
Creating b_296.5500
Creating b_297.5500
Creating b_298.5500
Creating b_299.5500
Creating b_300.5500
Creating b_436.5500
Creating b_437.5500
Creating b_438.5500
Creating b_439.5500
Creating b_440.5500

