2018-08-08 05:52:00,536 [MainThread  ] [INFO ]  atlod in=raw/2017-12-23_0045.C3132,raw/2017-12-23_0340.C3132,raw/2017-12-23_0628.C3132,raw/2017-12-23_0915.C3132,raw/2017-12-23_1202.C3132 out=data9.uv ifsel=2 options=birdie,rfiflag,noauto,xycorr

atlod: Revision 1.53, 2016/08/25 23:02:21 UTC

Processing file raw/2017-12-23_0045.C3132
 00:45:30 CAOBS> track 1
CABB data detected
Scan 1 started at 17DEC23:00:45:48.0
Source: 1934-638
Flagging channels in  28 frequency ranges
 00:56:05 CAOBS> stop
 00:56:15 CAOBS> set file c3132_obs_b2.sch
 00:56:29 CAOBS> start 7/99
Scan 2 started at 17DEC23:00:58:28.0
Source: 2312-319
Scan 3 started at 17DEC23:01:01:41.5
Source: b_302
Source: b_303
Source: b_304
 01:03:15 CAOBS> stop
 01:05:32 CAOBS> set file c3132_cal
 01:05:34 CAOBS> track 1
Scan 4 started at 17DEC23:01:07:32.0
Source: 1934-638
 01:08:13 CAOBS> cor dcal
 01:09:17 CAOBS> cor dcal
 01:09:59 CAOBS> cor pcal
 01:11:34 CAOBS> stop
 01:11:38 CAOBS> set file c3132_obs_b2.sch
 01:11:41 CAOBS> start 7/99
Scan 5 started at 17DEC23:01:13:32.0
Source: 2312-319
Scan 6 started at 17DEC23:01:16:12.0
Source: b_301
Source: b_302
Source: b_303
Source: b_304
Source: b_305
Source: b_306
Source: b_307
Source: b_308
Source: b_309
Source: b_310
Source: b_311
Source: b_312
Source: b_313
Source: b_314
Source: b_315
Source: b_316
Source: b_317
Source: b_318
Source: b_319
Source: b_320
Scan 7 started at 17DEC23:01:29:40.0
Source: 2312-319
Scan 8 started at 17DEC23:01:32:20.0
Source: b_321
Source: b_322
Source: b_323
Source: b_324
Source: b_325
Source: b_326
Source: b_327
Source: b_328
Source: b_329
Source: b_330
Source: b_331
Source: b_332
Source: b_333
Source: b_334
Source: b_335
Source: b_336
Source: b_337
Source: b_338
Source: b_339
Source: b_340
Scan 9 started at 17DEC23:01:45:48.0
Source: 2312-319
Scan 10 started at 17DEC23:01:48:28.0
Source: b_341
Source: b_342
Source: b_343
Source: b_344
Source: b_345
Source: b_346
Source: b_347
Source: b_348
Source: b_349
Source: b_350
Source: b_351
Source: b_352
Source: b_353
Source: b_354
Source: b_355
Source: b_356
Source: b_357
Source: b_358
Source: b_359
Source: b_360
Scan 11 started at 17DEC23:02:01:56.0
Source: 2312-319
Scan 12 started at 17DEC23:02:04:36.0
Source: b_361
Source: b_362
Source: b_363
Source: b_364
Source: b_365
Source: b_366
Source: b_367
Source: b_368
Source: b_369
Source: b_370
Source: b_371
Source: b_372
Source: b_373
Source: b_374
Source: b_375
Source: b_376
Source: b_377
Source: b_378
Source: b_379
Source: b_380
Scan 13 started at 17DEC23:02:18:04.0
Source: 2312-319
Scan 14 started at 17DEC23:02:20:44.0
Source: b_381
Source: b_382
Source: b_383
Source: b_384
Source: b_385
Source: b_386
Source: b_387
Source: b_388
Source: b_389
Source: b_390
Source: b_391
Source: b_392
Source: b_393
Source: b_394
Source: b_395
Source: b_396
Source: b_397
Source: b_398
Source: b_399
Source: b_400
Scan 15 started at 17DEC23:02:34:12.0
Source: 2312-319
Scan 16 started at 17DEC23:02:36:52.0
Source: b_401
Source: b_402
Source: b_403
Source: b_404
Source: b_405
Source: b_406
Source: b_407
Source: b_408
Source: b_409
Source: b_410
Source: b_411
Source: b_412
Source: b_413
Source: b_414
Source: b_415
Source: b_416
Source: b_417
Source: b_418
Source: b_419
Source: b_420
Scan 17 started at 17DEC23:02:50:20.0
Source: 2312-319
Scan 18 started at 17DEC23:02:53:00.0
Source: b_421
Source: b_422
Source: b_423
Source: b_424
Source: b_425
Source: b_426
Source: b_427
Source: b_428
Source: b_429
Source: b_430
Source: b_431
Source: b_432
Source: b_433
Source: b_434
Source: b_435
 03:02:53 CAOBS> STOP
 03:05:04 CAOBS> set file c3132_cal
 03:05:06 CAOBS> track 1
Scan 19 started at 17DEC23:03:07:00.0
Source: 1934-638
 03:07:09 CAOBS> cor dcal
 03:07:59 CAOBS> cor dcal
 03:09:12 CAOBS> set file c3132_obs_b2.sch
 03:09:14 CAOBS> stop
 03:09:18 CAOBS> start 21/99
 03:09:49 CAOBS> start 21/99
 03:10:08 CAOBS> track 21/99
 03:10:11 CAOBS> track 21
 03:10:24 CAOBS> set file c3132_obs_b2.sch
 03:10:29 CAOBS> start 21/99
Scan 20 started at 17DEC23:03:12:28.0
Source: 2312-319
Scan 21 started at 17DEC23:03:15:08.0
Source: b_441
Source: b_442
Source: b_443
Source: b_444
Source: b_445
Source: b_446
Source: b_447
Source: b_448
Source: b_449
Source: b_450
Source: b_451
Source: b_452
Source: b_453
Source: b_454
Source: b_455
Source: b_456
Source: b_457
Source: b_458
Source: b_459
Source: b_460
Scan 22 started at 17DEC23:03:28:36.0
Source: 2312-319
Scan 23 started at 17DEC23:03:31:16.0
Source: b_461
Source: b_462
Source: b_463
Source: b_464
Source: b_465
Source: b_466
Source: b_467
Source: b_468
Source: b_469
Source: b_470
Source: b_471
Source: b_472
Source: b_473
Source: b_474
Source: b_475
RPFITS file version is 2.12
---------------------------------------
Total number of spectra selected: 72660

Summary of spectra flagged
Flagging Reason            Fraction
---------------            --------
Antenna off-source/off-line  7.60%
---------------------------------------
Processing file raw/2017-12-23_0340.C3132
CABB data detected
Scan 1 started at 17DEC23:03:40:44.0
Source: b_475
Source: b_476
Source: b_477
Source: b_478
Source: b_479
Source: b_480
Scan 2 started at 17DEC23:03:44:44.0
Source: 2312-319
Scan 3 started at 17DEC23:03:47:24.0
Source: b_241
Source: b_242
Source: b_243
Source: b_244
Source: b_245
Source: b_246
Source: b_247
Source: b_248
Source: b_249
Source: b_250
Source: b_251
Source: b_252
Source: b_253
Source: b_254
Source: b_255
Source: b_256
Source: b_257
Source: b_258
Source: b_259
Source: b_260
Scan 4 started at 17DEC23:04:00:52.0
Source: 2312-319
Scan 5 started at 17DEC23:04:03:32.0
Source: b_261
Source: b_262
Source: b_263
Source: b_264
Source: b_265
Source: b_266
Source: b_267
Source: b_268
Source: b_269
Source: b_270
Source: b_271
Source: b_272
Source: b_273
Source: b_274
Source: b_275
Source: b_276
Source: b_277
Source: b_278
Source: b_279
Source: b_280
Scan 6 started at 17DEC23:04:17:00.0
Source: 2312-319
Scan 7 started at 17DEC23:04:19:34.5
Source: b_281
Source: b_282
Source: b_283
Source: b_284
Source: b_285
Source: b_286
Source: b_287
Source: b_288
Source: b_289
Source: b_290
Source: b_291
Source: b_292
Source: b_293
Source: b_294
Source: b_295
Source: b_296
Source: b_297
Source: b_298
Source: b_299
Source: b_300
Scan 8 started at 17DEC23:04:33:08.0
Source: 2312-319
Scan 9 started at 17DEC23:04:35:48.0
Source: b_301
Source: b_302
Source: b_303
Source: b_304
Source: b_305
Source: b_306
Source: b_307
Source: b_308
Source: b_309
Source: b_310
Source: b_311
Source: b_312
Source: b_313
Source: b_314
Source: b_315
Source: b_316
Source: b_317
Source: b_318
Source: b_319
Source: b_320
Scan 10 started at 17DEC23:04:49:16.0
Source: 2312-319
Scan 11 started at 17DEC23:04:52:04.0
Source: b_321
Source: b_322
Source: b_323
Source: b_324
Source: b_325
Source: b_326
Source: b_327
Source: b_328
Source: b_329
Source: b_330
Source: b_331
Source: b_332
Source: b_333
Source: b_334
Source: b_335
Source: b_336
Source: b_337
Source: b_338
Source: b_339
Source: b_340
Scan 12 started at 17DEC23:05:05:24.0
Source: 2312-319
Scan 13 started at 17DEC23:05:08:04.0
Source: b_341
Source: b_342
Source: b_343
Source: b_344
Source: b_345
Source: b_346
Source: b_347
Source: b_348
Source: b_349
Source: b_350
Source: b_351
Source: b_352
Source: b_353
Source: b_354
Source: b_355
Source: b_356
Source: b_357
Source: b_358
Source: b_359
Source: b_360
Scan 14 started at 17DEC23:05:21:32.0
Source: 2312-319
Scan 15 started at 17DEC23:05:24:12.0
Source: b_361
Source: b_362
Source: b_363
Source: b_364
Source: b_365
Source: b_366
Source: b_367
Source: b_368
Source: b_369
Source: b_370
Source: b_371
Source: b_372
Source: b_373
Source: b_374
Source: b_375
Source: b_376
Source: b_377
Source: b_378
Source: b_379
Source: b_380
Scan 16 started at 17DEC23:05:37:40.0
Source: 2312-319
Scan 17 started at 17DEC23:05:40:28.0
Source: b_381
Source: b_382
Source: b_383
Source: b_384
Source: b_385
Source: b_386
Source: b_387
Source: b_388
Source: b_389
Source: b_390
Source: b_391
Source: b_392
Source: b_393
Source: b_394
Source: b_395
Source: b_396
Source: b_397
Source: b_398
Source: b_399
Source: b_400
Scan 18 started at 17DEC23:05:53:48.0
Source: 2312-319
Scan 19 started at 17DEC23:05:56:36.0
Source: b_401
Source: b_402
Source: b_403
Source: b_404
Source: b_405
Source: b_406
Source: b_407
Source: b_408
Source: b_409
Source: b_410
Source: b_411
Source: b_412
Source: b_413
Source: b_414
Source: b_415
Source: b_416
Source: b_417
Source: b_418
Source: b_419
Source: b_420
Scan 20 started at 17DEC23:06:09:56.0
Source: 2312-319
Scan 21 started at 17DEC23:06:12:44.0
Source: b_421
Source: b_422
Source: b_423
Source: b_424
Source: b_425
Source: b_426
Source: b_427
Source: b_428
Source: b_429
Source: b_430
Source: b_431
Source: b_432
Source: b_433
Source: b_434
Source: b_435
Source: b_436
Source: b_437
Source: b_438
Source: b_439
Source: b_440
Scan 22 started at 17DEC23:06:26:12.0
Source: 2312-319
RPFITS file version is 2.12
---------------------------------------
Total number of spectra selected: 72660

Summary of spectra flagged
Flagging Reason            Fraction
---------------            --------
Antenna off-source/off-line  2.89%
---------------------------------------
Processing file raw/2017-12-23_0628.C3132
CABB data detected
Scan 1 started at 17DEC23:06:29:16.0
Source: b_441
Source: b_442
Source: b_443
Source: b_444
Source: b_445
Source: b_446
Source: b_447
Source: b_448
Source: b_449
Source: b_450
Source: b_451
Source: b_452
Source: b_453
Source: b_454
Source: b_455
Source: b_456
Source: b_457
Source: b_458
Source: b_459
Source: b_460
Scan 2 started at 17DEC23:06:42:44.0
Source: 2312-319
Scan 3 started at 17DEC23:06:46:14.8
Source: b_462
Source: b_463
Source: b_464
Source: b_465
Source: b_466
Source: b_467
Source: b_468
Source: b_469
Source: b_470
Source: b_471
Source: b_472
Source: b_473
Source: b_474
Source: b_475
Source: b_476
Source: b_477
Source: b_478
Source: b_479
Source: b_480
Scan 4 started at 17DEC23:06:59:16.0
Source: 2312-319
Scan 5 started at 17DEC23:07:08:52.0
Source: b_244
Source: b_245
Source: b_246
Source: b_247
Source: b_248
Source: b_249
Source: b_250
Source: b_251
Source: b_252
Source: b_253
Source: b_254
Source: b_255
Source: b_256
Source: b_257
Source: b_258
Source: b_259
Source: b_260
Scan 6 started at 17DEC23:07:20:28.0
Source: 2312-319
Scan 7 started at 17DEC23:07:23:32.0
Source: b_261
Source: b_262
Source: b_263
Source: b_264
Source: b_265
Source: b_266
Source: b_267
Source: b_268
Source: b_269
Source: b_270
Source: b_271
Source: b_272
Source: b_273
Source: b_274
Source: b_275
Source: b_276
Source: b_277
Source: b_278
Source: b_279
Source: b_280
Scan 8 started at 17DEC23:07:36:44.0
Source: 2312-319
Scan 9 started at 17DEC23:07:39:32.0
Source: b_281
Source: b_282
Source: b_283
Source: b_284
Source: b_285
Source: b_286
Source: b_287
Source: b_288
Source: b_289
Source: b_290
Source: b_291
Source: b_292
Source: b_293
Source: b_294
Source: b_295
Source: b_296
Source: b_297
Source: b_298
Source: b_299
Source: b_300
Scan 10 started at 17DEC23:07:53:00.0
Source: 2312-319
Scan 11 started at 17DEC23:07:55:48.0
Source: b_301
Source: b_302
Source: b_303
Source: b_304
Source: b_305
Source: b_306
Source: b_307
Source: b_308
Source: b_309
Source: b_310
Source: b_311
Source: b_312
Source: b_313
Source: b_314
Source: b_315
Source: b_316
Source: b_317
Source: b_318
Source: b_319
Source: b_320
Scan 12 started at 17DEC23:08:09:16.0
Source: 2312-319
Scan 13 started at 17DEC23:08:12:04.0
Source: b_321
Source: b_322
Source: b_323
Source: b_324
Source: b_325
Source: b_326
Source: b_327
Source: b_328
Source: b_329
Source: b_330
Source: b_331
Source: b_332
Source: b_333
Source: b_334
Source: b_335
Source: b_336
Source: b_337
Source: b_338
Source: b_339
Source: b_340
Scan 14 started at 17DEC23:08:25:24.0
Source: 2312-319
Scan 15 started at 17DEC23:08:28:04.0
Source: b_341
Source: b_342
Source: b_343
Source: b_344
Source: b_345
Source: b_346
Source: b_347
Source: b_348
Source: b_349
Source: b_350
Source: b_351
Source: b_352
Source: b_353
Source: b_354
Source: b_355
Source: b_356
Source: b_357
Source: b_358
Source: b_359
Source: b_360
Scan 16 started at 17DEC23:08:41:32.0
Source: 2312-319
Scan 17 started at 17DEC23:08:44:12.0
Source: b_361
Source: b_362
Source: b_363
Source: b_364
Source: b_365
Source: b_366
Source: b_367
Source: b_368
Source: b_369
Source: b_370
Source: b_371
Source: b_372
Source: b_373
Source: b_374
Source: b_375
Source: b_376
Source: b_377
Source: b_378
Source: b_379
Source: b_380
Scan 18 started at 17DEC23:08:57:40.0
Source: 2312-319
Scan 19 started at 17DEC23:09:00:28.0
Source: b_381
Source: b_382
Source: b_383
Source: b_384
Source: b_385
Source: b_386
Source: b_387
Source: b_388
Source: b_389
Source: b_390
Source: b_391
Source: b_392
Source: b_393
Source: b_394
Source: b_395
Source: b_396
Source: b_397
Source: b_398
Source: b_399
Source: b_400
Scan 20 started at 17DEC23:09:13:48.0
Source: 2312-319
RPFITS file version is 2.12
---------------------------------------
Total number of spectra selected: 72660

Summary of spectra flagged
Flagging Reason            Fraction
---------------            --------
Antenna off-source/off-line  11.8%
---------------------------------------
Processing file raw/2017-12-23_0915.C3132
CABB data detected
Scan 1 started at 17DEC23:09:15:16.0
Source: 2312-319
Scan 2 started at 17DEC23:09:16:28.0
Source: b_401
Source: b_402
Source: b_403
Source: b_404
Source: b_405
Source: b_406
Source: b_407
Source: b_408
Source: b_409
Source: b_410
Source: b_411
Source: b_412
Source: b_413
Source: b_414
Source: b_415
Source: b_416
Source: b_417
Source: b_418
Source: b_419
Source: b_420
Scan 3 started at 17DEC23:09:29:56.0
Source: 2312-319
Scan 4 started at 17DEC23:09:32:36.0
Source: b_421
Source: b_422
Source: b_423
Source: b_424
Source: b_425
Source: b_426
Source: b_427
Source: b_428
Source: b_429
Source: b_430
Source: b_431
Source: b_432
Source: b_433
Source: b_434
Source: b_435
Source: b_436
Source: b_437
Source: b_438
Source: b_439
Source: b_440
Scan 5 started at 17DEC23:09:46:04.0
Source: 2312-319
Scan 6 started at 17DEC23:09:48:44.0
Source: b_441
Source: b_442
Source: b_443
Source: b_444
Source: b_445
Source: b_446
Source: b_447
Source: b_448
Source: b_449
Source: b_450
Source: b_451
Source: b_452
Source: b_453
Source: b_454
Source: b_455
Source: b_456
Source: b_457
Source: b_458
Source: b_459
Source: b_460
Scan 7 started at 17DEC23:10:02:12.0
Source: 2312-319
Scan 8 started at 17DEC23:10:05:00.0
Source: b_461
Source: b_462
Source: b_463
Source: b_464
Source: b_465
Source: b_466
Source: b_467
Source: b_468
Source: b_469
Source: b_470
Source: b_471
Source: b_472
Source: b_473
Source: b_474
Source: b_475
Source: b_476
Source: b_477
Source: b_478
Source: b_479
Source: b_480
Scan 9 started at 17DEC23:10:18:20.0
Source: 2312-319
Scan 10 started at 17DEC23:10:21:08.0
Source: b_241
Source: b_242
Source: b_243
Source: b_244
Source: b_245
Source: b_246
Source: b_247
Source: b_248
Source: b_249
Source: b_250
Source: b_251
Source: b_252
Source: b_253
Source: b_254
Source: b_255
Source: b_256
Source: b_257
Source: b_258
Source: b_259
Source: b_260
Scan 11 started at 17DEC23:10:34:28.0
Source: 2312-319
Scan 12 started at 17DEC23:10:37:08.0
Source: b_261
Source: b_262
Source: b_263
Source: b_264
Source: b_265
Source: b_266
Source: b_267
Source: b_268
Source: b_269
Source: b_270
Source: b_271
Source: b_272
Source: b_273
Source: b_274
Source: b_275
Source: b_276
Source: b_277
Source: b_278
Source: b_279
Source: b_280
Scan 13 started at 17DEC23:10:50:36.0
Source: 2312-319
Scan 14 started at 17DEC23:10:53:10.5
Source: b_281
Source: b_282
Source: b_283
Source: b_284
Source: b_285
Source: b_286
Source: b_287
Source: b_288
Source: b_289
Source: b_290
Source: b_291
Source: b_292
Source: b_293
Source: b_294
Source: b_295
Source: b_296
Source: b_297
Source: b_298
Source: b_299
Source: b_300
Scan 15 started at 17DEC23:11:06:44.0
Source: 2312-319
Scan 16 started at 17DEC23:11:09:24.0
Source: b_301
Source: b_302
Source: b_303
Source: b_304
Source: b_305
Source: b_306
Source: b_307
Source: b_308
Source: b_309
Source: b_310
Source: b_311
Source: b_312
Source: b_313
Source: b_314
Source: b_315
Source: b_316
Source: b_317
Source: b_318
Source: b_319
Source: b_320
Scan 17 started at 17DEC23:11:22:52.0
Source: 2312-319
Scan 18 started at 17DEC23:11:25:32.0
Source: b_321
Source: b_322
Source: b_323
Source: b_324
Source: b_325
Source: b_326
Source: b_327
Source: b_328
Source: b_329
Source: b_330
Source: b_331
Source: b_332
Source: b_333
Source: b_334
Source: b_335
Source: b_336
Source: b_337
Source: b_338
Source: b_339
Source: b_340
Scan 19 started at 17DEC23:11:39:00.0
Source: 2312-319
Scan 20 started at 17DEC23:11:41:40.0
Source: b_341
Source: b_342
Source: b_343
Source: b_344
Source: b_345
Source: b_346
Source: b_347
Source: b_348
Source: b_349
Source: b_350
Source: b_351
Source: b_352
Source: b_353
Source: b_354
Source: b_355
Source: b_356
Source: b_357
Source: b_358
Source: b_359
Source: b_360
Scan 21 started at 17DEC23:11:55:08.0
Source: 2312-319
Scan 22 started at 17DEC23:11:57:48.0
Source: b_361
Source: b_362
Source: b_363
Source: b_364
Source: b_365
Source: b_366
Source: b_367
RPFITS file version is 2.12
---------------------------------------
Total number of spectra selected: 72660

Summary of spectra flagged
Flagging Reason            Fraction
---------------            --------
Antenna off-source/off-line  2.81%
---------------------------------------
Processing file raw/2017-12-23_1202.C3132
CABB data detected
Scan 1 started at 17DEC23:12:02:21.5
Source: b_368
Source: b_369
Source: b_370
Source: b_371
Source: b_372
Source: b_373
Source: b_374
Source: b_375
Source: b_376
Source: b_377
Source: b_378
Source: b_379
Source: b_380
Scan 2 started at 17DEC23:12:11:16.0
Source: 2312-319
Scan 3 started at 17DEC23:12:13:56.0
Source: b_381
Source: b_382
Source: b_383
Source: b_384
Source: b_385
Source: b_386
Source: b_387
Source: b_388
Source: b_389
Source: b_390
Source: b_391
Source: b_392
Source: b_393
Source: b_394
Source: b_395
Source: b_396
Source: b_397
Source: b_398
Source: b_399
Source: b_400
Scan 4 started at 17DEC23:12:27:24.0
Source: 2312-319
Scan 5 started at 17DEC23:12:30:04.0
Source: b_401
Source: b_402
Source: b_403
Source: b_404
Source: b_405
Source: b_406
Source: b_407
Source: b_408
Source: b_409
Source: b_410
Source: b_411
Source: b_412
Source: b_413
Source: b_414
Source: b_415
Source: b_416
Source: b_417
Source: b_418
Source: b_419
Source: b_420
Scan 6 started at 17DEC23:12:43:32.0
Source: 2312-319
Scan 7 started at 17DEC23:12:46:12.0
Source: b_421
Source: b_422
Source: b_423
Source: b_424
Source: b_425
Source: b_426
Source: b_427
Source: b_428
Source: b_429
Source: b_430
Source: b_431
Source: b_432
Source: b_433
Source: b_434
Source: b_435
Source: b_436
Source: b_437
Source: b_438
Source: b_439
Source: b_440
Scan 8 started at 17DEC23:12:59:40.0
Source: 2312-319
Scan 9 started at 17DEC23:13:02:20.0
Source: b_441
Source: b_442
Source: b_443
Source: b_444
Source: b_445
Source: b_446
Source: b_447
Source: b_448
Source: b_449
Source: b_450
Source: b_451
Source: b_452
Source: b_453
Source: b_454
Source: b_455
Source: b_456
Source: b_457
Source: b_458
Source: b_459
Source: b_460
Scan 10 started at 17DEC23:13:15:48.0
Source: 2312-319
Scan 11 started at 17DEC23:13:18:28.0
Source: b_461
Source: b_462
Source: b_463
Source: b_464
Source: b_465
Scan 12 started at 17DEC23:13:21:40.0
Source: 2312-319
Scan 13 started at 17DEC23:13:23:56.0
 13:25:41 CAOBS> stop
 13:25:41 CAOBS> stop
 13:25:41 CAOBS> top
 13:25:50 CAOBS> cor closef
RPFITS file version is 2.12
---------------------------------------
Total number of spectra selected: 36000

Summary of spectra flagged
Flagging Reason            Fraction
---------------            --------
Antenna off-source/off-line  2.50%
---------------------------------------

No CACAL data was detected

2018-08-08 05:52:19,362 [MainThread  ] [INFO ]  uvflag vis=data9.uv line=chan,50,850,1 flagval=flag

uvflag: Revision 1.8, 2014/09/30 14:23:39 UTC


Set flags to indicate bad data in visibility file data9.uv
Linetype channel; select   50 channels; start  850, width    1, step    1

Overview of flagging on visibility file data9.uv
Changed flags set to FALSE (data flagged as bad)
Total number of records selected: 307540; out of 307540 records
Antennas used: 1-6
Counts of correlations within selected channels
channel   Originally    Currently
Good:        15377000.           0.    Changed to bad:    15377000.
Bad:                0.    15377000.

2018-08-08 05:53:04,181 [MainThread  ] [INFO ]  uvsplit vis=data9.uv options=mosaic

uvsplit: Revision 1.18, 2016/05/09 03:06:18 UTC

Creating 1934-638.9500
Creating 2312-319.9500
Creating b.9500

2018-08-08 05:53:24,099 [MainThread  ] [INFO ]  pgflag vis=1934-638.9500 command='<b' stokes=i,q,u,v flagpar=8,5,5,3,6,3 options=nodisp

pgflag: Revision 1.30, 2016/10/05 23:06:50 UTC

Applying changes to dataset
Counts of correlations within selected channels:
 channel  Originally  Currently
 Good:      13265520   13072328    Changed to bad:     193192
 Bad:        1979040    2172232    Changed to good:         0
 14.2% of the data is now flagged

2018-08-08 05:53:39,950 [MainThread  ] [INFO ]  pgflag vis=1934-638.9500 command='<b' stokes=i,v,q,u flagpar=8,2,2,3,6,3  options=nodisp

pgflag: Revision 1.30, 2016/10/05 23:06:50 UTC

Applying changes to dataset
Counts of correlations within selected channels:
 channel  Originally  Currently
 Good:      13072328   12205372    Changed to bad:     866956
 Bad:        2172232    3039188    Changed to good:         0
 19.9% of the data is now flagged

2018-08-08 05:53:56,533 [MainThread  ] [INFO ]  pgflag vis=1934-638.9500 command='<b' stokes=i,v,u,q flagpar=8,2,2,3,6,3  options=nodisp

pgflag: Revision 1.30, 2016/10/05 23:06:50 UTC

Applying changes to dataset
Counts of correlations within selected channels:
 channel  Originally  Currently
 Good:      12205372   11861388    Changed to bad:     343984
 Bad:        3039188    3383172    Changed to good:         0
 22.2% of the data is now flagged

2018-08-08 05:55:14,349 [MainThread  ] [INFO ]  mfcal vis=1934-638.9500 refant=4 interval=0.1
MfCal: $Revision: 1.20 $, $Date: 2017/05/08 02:31:10 $
Selecting parallel-hand polarisations
Reading the data ...
Number correlations accepted: 5930694
Number of frequency bands/settings: 1
Number of polarisations selected: 2
Number of solution intervals: 124
Number of passband solution intervals: 1
Initialising ...
Using post-Aug94 ATCA flux scale for 1934-638.
Using known frequency variation of 1934-638
Generating initial solution estimate ...
Doing solution refinement ...
Iter= 1, Solution Error:  0.455
Iter= 2, Solution Error:  0.074
Iter= 3, Solution Error:  0.005
Iter= 4, Solution Error:  0.000
Saving solution ...

2018-08-08 05:55:19,193 [MainThread  ] [INFO ]  gpcal vis=1934-638.9500 refant=4 interval=0.1 nfbin=2 options=xyvary

gpcal: Revision 1.22, 2016/05/01 22:31:05 UTC

Applying bandpass corrections to 1934-638.9500
Number of antennae: 6
Reading the data ...
Number of solution intervals: 124
Total visibilities read: 1860
Number visibilities accepted: 1853
Using post-Aug94 ATCA flux scale for 1934-638.
Using IQUV =  2.5403,  0.0000,  0.0000,  0.0000 at   9.4537 GHz.
Using post-Aug94 ATCA flux scale for 1934-638.
Using IQUV =  2.6947,  0.0000,  0.0000,  0.0000 at   9.0160 GHz.
Using post-Aug94 ATCA flux scale for 1934-638.
Using IQUV =  2.3877,  0.0000,  0.0000,  0.0000 at   9.9387 GHz.
Iter= 1, Amplit/Phase Solution Error:   1.181
Iter= 1, Polarisation Solution Error:   0.034
Iter= 1, Overall Solution Error:        5.022
Iter= 2, Amplit/Phase Solution Error:   0.020
Iter= 2, Polarisation Solution Error:   0.023
Iter= 2, Overall Solution Error:        0.031
Iter= 3, Amplit/Phase Solution Error:   0.020
Iter= 3, Polarisation Solution Error:   0.023
Iter= 3, Overall Solution Error:        0.010
Iter= 4, Amplit/Phase Solution Error:   0.020
Iter= 4, Polarisation Solution Error:   0.023
Iter= 4, Overall Solution Error:        0.004
Iter= 5, Amplit/Phase Solution Error:   0.020
Iter= 5, Polarisation Solution Error:   0.023
Iter= 5, Overall Solution Error:        0.001
Iter= 6, Amplit/Phase Solution Error:   0.020
Iter= 6, Polarisation Solution Error:   0.023
Iter= 6, Overall Solution Error:        0.001
I flux density:   2.5403
Leakage terms:
 Ant 1:Dx,Dy = ( 0.00188,-0.00500),(-0.00047,-0.00487)
 Ant 2:Dx,Dy = ( 0.00361, 0.00090),(-0.00223, 0.00054)
 Ant 3:Dx,Dy = ( 0.00312, 0.00316),(-0.00898, 0.00331)
 Ant 4:Dx,Dy = ( 0.00382, 0.01568),(-0.00249, 0.01611)
 Ant 5:Dx,Dy = (-0.01627, 0.00260),( 0.01541, 0.00328)
 Ant 6:Dx,Dy = ( 0.00326,-0.01817),(-0.00183,-0.01753)
Solution for freq bin  1
Iter= 1, Amplit/Phase Solution Error:   0.969
Iter= 1, Polarisation Solution Error:   0.034
Iter= 1, Overall Solution Error:        3.377
Iter= 2, Amplit/Phase Solution Error:   0.003
Iter= 2, Polarisation Solution Error:   0.004
Iter= 2, Overall Solution Error:        0.019
Iter= 3, Amplit/Phase Solution Error:   0.003
Iter= 3, Polarisation Solution Error:   0.004
Iter= 3, Overall Solution Error:        0.003
Iter= 4, Amplit/Phase Solution Error:   0.003
Iter= 4, Polarisation Solution Error:   0.004
Iter= 4, Overall Solution Error:        0.001
Iter= 5, Amplit/Phase Solution Error:   0.003
Iter= 5, Polarisation Solution Error:   0.004
Iter= 5, Overall Solution Error:        0.001
I flux density:   2.6947
Leakage terms:
 Ant 1:Dx,Dy = ( 0.00230,-0.00471),(-0.00126,-0.00541)
 Ant 2:Dx,Dy = ( 0.00414, 0.00142),(-0.00228, 0.00121)
 Ant 3:Dx,Dy = ( 0.00429, 0.00246),(-0.00720, 0.00320)
 Ant 4:Dx,Dy = ( 0.00493, 0.01508),(-0.00365, 0.01596)
 Ant 5:Dx,Dy = (-0.01706, 0.00394),( 0.01610, 0.00392)
 Ant 6:Dx,Dy = ( 0.00190,-0.01902),(-0.00121,-0.01804)
Solution for freq bin  2
Iter= 1, Amplit/Phase Solution Error:   1.244
Iter= 1, Polarisation Solution Error:   0.033
Iter= 1, Overall Solution Error:        4.383
Iter= 2, Amplit/Phase Solution Error:   0.003
Iter= 2, Polarisation Solution Error:   0.001
Iter= 2, Overall Solution Error:        0.015
Iter= 3, Amplit/Phase Solution Error:   0.001
Iter= 3, Polarisation Solution Error:   0.001
Iter= 3, Overall Solution Error:        0.003
Iter= 4, Amplit/Phase Solution Error:   0.001
Iter= 4, Polarisation Solution Error:   0.001
Iter= 4, Overall Solution Error:        0.001
I flux density:   2.3877
Leakage terms:
 Ant 1:Dx,Dy = ( 0.00312,-0.00556),(-0.00151,-0.00620)
 Ant 2:Dx,Dy = ( 0.00305,-0.00010),(-0.00217, 0.00012)
 Ant 3:Dx,Dy = ( 0.00159, 0.00373),(-0.01116, 0.00369)
 Ant 4:Dx,Dy = ( 0.00233, 0.01616),(-0.00104, 0.01645)
 Ant 5:Dx,Dy = (-0.01690, 0.00267),( 0.01682, 0.00259)
 Ant 6:Dx,Dy = ( 0.00497,-0.01707),(-0.00279,-0.01648)

2018-08-08 05:55:45,224 [MainThread  ] [INFO ]  pgflag vis=1934-638.9500 command='<b' stokes=i,q,u,v flagpar=8,5,5,3,6,3 options=nodisp

pgflag: Revision 1.30, 2016/10/05 23:06:50 UTC

Applying bandpass corrections to 1934-638.9500
Applying freq. dependent gain corrections to 1934-638.9500
Applying freq. dependent leakage correction to 1934-638.9500
Applying changes to dataset
Counts of correlations within selected channels:
 channel  Originally  Currently
 Good:      11861388   11456856    Changed to bad:     404532
 Bad:        3383172    3787704    Changed to good:         0
 24.8% of the data is now flagged

2018-08-08 05:56:13,703 [MainThread  ] [INFO ]  pgflag vis=1934-638.9500 command='<b' stokes=i,v,q,u flagpar=8,2,2,3,6,3  options=nodisp

pgflag: Revision 1.30, 2016/10/05 23:06:50 UTC

Applying bandpass corrections to 1934-638.9500
Applying freq. dependent gain corrections to 1934-638.9500
Applying freq. dependent leakage correction to 1934-638.9500
Applying changes to dataset
Counts of correlations within selected channels:
 channel  Originally  Currently
 Good:      11456856   11339748    Changed to bad:     117108
 Bad:        3787704    3904812    Changed to good:         0
 25.6% of the data is now flagged

2018-08-08 05:57:02,776 [MainThread  ] [INFO ]  pgflag vis=1934-638.9500 command='<b' stokes=i,v,u,q flagpar=8,2,2,3,6,3  options=nodisp

pgflag: Revision 1.30, 2016/10/05 23:06:50 UTC

Applying bandpass corrections to 1934-638.9500
Applying freq. dependent gain corrections to 1934-638.9500
Applying freq. dependent leakage correction to 1934-638.9500
Applying changes to dataset
Counts of correlations within selected channels:
 channel  Originally  Currently
 Good:      11339748   11250348    Changed to bad:      89400
 Bad:        3904812    3994212    Changed to good:         0
 26.2% of the data is now flagged

2018-08-08 05:58:21,976 [MainThread  ] [INFO ]  mfcal vis=1934-638.9500 refant=4 interval=0.1
MfCal: $Revision: 1.20 $, $Date: 2017/05/08 02:31:10 $
Selecting parallel-hand polarisations
Reading the data ...
Number correlations accepted: 5624604
Number of frequency bands/settings: 1
Number of polarisations selected: 2
Number of solution intervals: 118
Number of passband solution intervals: 1
Initialising ...
Using post-Aug94 ATCA flux scale for 1934-638.
Using known frequency variation of 1934-638
Generating initial solution estimate ...
Doing solution refinement ...
Iter= 1, Solution Error:  0.460
Iter= 2, Solution Error:  0.051
Iter= 3, Solution Error:  0.002
Iter= 4, Solution Error:  0.000
Saving solution ...

2018-08-08 05:58:26,392 [MainThread  ] [INFO ]  gpcal vis=1934-638.9500 refant=4 interval=0.1 nfbin=2 options=xyvary

gpcal: Revision 1.22, 2016/05/01 22:31:05 UTC

Applying bandpass corrections to 1934-638.9500
Number of antennae: 6
Using leakage parameters from input as initial guess
Reading the data ...
Number of solution intervals: 118
Total visibilities read: 1860
Number visibilities accepted: 1756
Using post-Aug94 ATCA flux scale for 1934-638.
Using IQUV =  2.5402,  0.0000,  0.0000,  0.0000 at   9.4542 GHz.
Using post-Aug94 ATCA flux scale for 1934-638.
Using IQUV =  2.6939,  0.0000,  0.0000,  0.0000 at   9.0182 GHz.
Using post-Aug94 ATCA flux scale for 1934-638.
Using IQUV =  2.3890,  0.0000,  0.0000,  0.0000 at   9.9341 GHz.
Iter= 1, Amplit/Phase Solution Error:   1.209
Iter= 1, Polarisation Solution Error:   0.002
Iter= 1, Overall Solution Error:        4.614
Iter= 2, Amplit/Phase Solution Error:   0.003
Iter= 2, Polarisation Solution Error:   0.002
Iter= 2, Overall Solution Error:        0.007
Iter= 3, Amplit/Phase Solution Error:   0.002
Iter= 3, Polarisation Solution Error:   0.002
Iter= 3, Overall Solution Error:        0.002
Iter= 4, Amplit/Phase Solution Error:   0.002
Iter= 4, Polarisation Solution Error:   0.002
Iter= 4, Overall Solution Error:        0.001
I flux density:   2.5402
Leakage terms:
 Ant 1:Dx,Dy = ( 0.00295,-0.00511),(-0.00134,-0.00590)
 Ant 2:Dx,Dy = ( 0.00357, 0.00079),(-0.00224, 0.00062)
 Ant 3:Dx,Dy = ( 0.00307, 0.00302),(-0.00901, 0.00351)
 Ant 4:Dx,Dy = ( 0.00380, 0.01560),(-0.00250, 0.01626)
 Ant 5:Dx,Dy = (-0.01705, 0.00354),( 0.01645, 0.00340)
 Ant 6:Dx,Dy = ( 0.00324,-0.01827),(-0.00180,-0.01745)
Solution for freq bin  1
Iter= 1, Amplit/Phase Solution Error:   1.008
Iter= 1, Polarisation Solution Error:   0.003
Iter= 1, Overall Solution Error:        2.294
Iter= 2, Amplit/Phase Solution Error:   0.002
Iter= 2, Polarisation Solution Error:   0.000
Iter= 2, Overall Solution Error:        0.006
Iter= 3, Amplit/Phase Solution Error:   0.001
Iter= 3, Polarisation Solution Error:   0.000
Iter= 3, Overall Solution Error:        0.002
Iter= 4, Amplit/Phase Solution Error:   0.000
Iter= 4, Polarisation Solution Error:   0.000
Iter= 4, Overall Solution Error:        0.000
I flux density:   2.6939
Leakage terms:
 Ant 1:Dx,Dy = ( 0.00251,-0.00483),(-0.00133,-0.00555)
 Ant 2:Dx,Dy = ( 0.00416, 0.00142),(-0.00226, 0.00120)
 Ant 3:Dx,Dy = ( 0.00427, 0.00248),(-0.00720, 0.00315)
 Ant 4:Dx,Dy = ( 0.00492, 0.01510),(-0.00366, 0.01602)
 Ant 5:Dx,Dy = (-0.01716, 0.00419),( 0.01617, 0.00397)
 Ant 6:Dx,Dy = ( 0.00186,-0.01911),(-0.00117,-0.01804)
Solution for freq bin  2
Iter= 1, Amplit/Phase Solution Error:   1.248
Iter= 1, Polarisation Solution Error:   0.004
Iter= 1, Overall Solution Error:        2.028
Iter= 2, Amplit/Phase Solution Error:   0.003
Iter= 2, Polarisation Solution Error:   0.000
Iter= 2, Overall Solution Error:        0.013
Iter= 3, Amplit/Phase Solution Error:   0.001
Iter= 3, Polarisation Solution Error:   0.000
Iter= 3, Overall Solution Error:        0.004
Iter= 4, Amplit/Phase Solution Error:   0.000
Iter= 4, Polarisation Solution Error:   0.000
Iter= 4, Overall Solution Error:        0.000
I flux density:   2.3890
Leakage terms:
 Ant 1:Dx,Dy = ( 0.00327,-0.00556),(-0.00157,-0.00624)
 Ant 2:Dx,Dy = ( 0.00301,-0.00011),(-0.00217, 0.00011)
 Ant 3:Dx,Dy = ( 0.00160, 0.00373),(-0.01115, 0.00373)
 Ant 4:Dx,Dy = ( 0.00239, 0.01618),(-0.00107, 0.01650)
 Ant 5:Dx,Dy = (-0.01694, 0.00271),( 0.01695, 0.00261)
 Ant 6:Dx,Dy = ( 0.00490,-0.01715),(-0.00277,-0.01652)

2018-08-08 05:58:31,822 [MainThread  ] [INFO ]  gpcopy vis=1934-638.9500 out=2312-319.9500

gpcopy: Revision 1.13, 2015/10/29 01:31:39 UTC

Copying leakage table
Copying gain table
Interpolation tolerance set to (minutes): 720.00
Copying bandpass table

2018-08-08 06:01:41,680 [MainThread  ] [INFO ]  pgflag vis=2312-319.9500 command='<b' stokes=i,q,u,v flagpar=8,5,5,3,6,3 options=nodisp

pgflag: Revision 1.30, 2016/10/05 23:06:50 UTC

Applying bandpass corrections to 2312-319.9500
Applying freq. dependent gain corrections to 2312-319.9500
Applying freq. dependent leakage correction to 2312-319.9500
Applying changes to dataset
Counts of correlations within selected channels:
 channel  Originally  Currently
 Good:      76704660   75894260    Changed to bad:     810400
 Bad:       11443320   12253720    Changed to good:         0
 13.9% of the data is now flagged

2018-08-08 06:04:30,165 [MainThread  ] [INFO ]  pgflag vis=2312-319.9500 command='<b' stokes=i,v,q,u flagpar=8,2,2,3,6,3  options=nodisp

pgflag: Revision 1.30, 2016/10/05 23:06:50 UTC

Applying bandpass corrections to 2312-319.9500
Applying freq. dependent gain corrections to 2312-319.9500
Applying freq. dependent leakage correction to 2312-319.9500
Applying changes to dataset
Counts of correlations within selected channels:
 channel  Originally  Currently
 Good:      75894260   75144832    Changed to bad:     749428
 Bad:       12253720   13003148    Changed to good:         0
 14.8% of the data is now flagged

2018-08-08 06:07:13,748 [MainThread  ] [INFO ]  pgflag vis=2312-319.9500 command='<b' stokes=i,v,u,q flagpar=8,2,2,3,6,3  options=nodisp

pgflag: Revision 1.30, 2016/10/05 23:06:50 UTC

Applying bandpass corrections to 2312-319.9500
Applying freq. dependent gain corrections to 2312-319.9500
Applying freq. dependent leakage correction to 2312-319.9500
Applying changes to dataset
Counts of correlations within selected channels:
 channel  Originally  Currently
 Good:      75144832   74387132    Changed to bad:     757700
 Bad:       13003148   13760848    Changed to good:         0
 15.6% of the data is now flagged

2018-08-08 06:07:18,653 [MainThread  ] [INFO ]  gpcal vis=2312-319.9500 refant=4 interval=0.1 nfbin=2 options=xyvary,qusolve

gpcal: Revision 1.22, 2016/05/01 22:31:05 UTC

Applying bandpass corrections to 2312-319.9500
Number of antennae: 6
Using leakage parameters from input as initial guess
Reading the data ...
Number of solution intervals: 717
Total visibilities read: 10755
Number visibilities accepted: 10755
Iter= 1, Amplit/Phase Solution Error:   1.369
Iter= 1, Polarisation Solution Error:   0.005
Iter= 1, Overall Solution Error:        2.692
Iter= 2, Amplit/Phase Solution Error:   0.005
Iter= 2, Polarisation Solution Error:   0.000
Iter= 2, Overall Solution Error:        0.005
Iter= 3, Amplit/Phase Solution Error:   0.001
Iter= 3, Polarisation Solution Error:   0.000
Iter= 3, Overall Solution Error:        0.001
I flux density:   0.7084
Percent Q:   0.467
Percent U:  -0.173
Leakage terms:
 Ant 1:Dx,Dy = ( 0.00234,-0.00581),(-0.00156,-0.00556)
 Ant 2:Dx,Dy = ( 0.00327, 0.00024),(-0.00233, 0.00137)
 Ant 3:Dx,Dy = ( 0.00280, 0.00283),(-0.00917, 0.00377)
 Ant 4:Dx,Dy = ( 0.00281, 0.01554),(-0.00198, 0.01640)
 Ant 5:Dx,Dy = (-0.01618, 0.00292),( 0.01615, 0.00376)
 Ant 6:Dx,Dy = ( 0.00339,-0.01823),(-0.00268,-0.01723)
Solution for freq bin  1
Iter= 1, Amplit/Phase Solution Error:   1.341
Iter= 1, Polarisation Solution Error:   0.005
Iter= 1, Overall Solution Error:        2.535
Iter= 2, Amplit/Phase Solution Error:   0.005
Iter= 2, Polarisation Solution Error:   0.000
Iter= 2, Overall Solution Error:        0.006
Iter= 3, Amplit/Phase Solution Error:   0.001
Iter= 3, Polarisation Solution Error:   0.000
Iter= 3, Overall Solution Error:        0.001
I flux density:   0.7260
Percent Q:   0.458
Percent U:  -0.030
Leakage terms:
 Ant 1:Dx,Dy = ( 0.00165,-0.00577),(-0.00156,-0.00507)
 Ant 2:Dx,Dy = ( 0.00353, 0.00079),(-0.00274, 0.00196)
 Ant 3:Dx,Dy = ( 0.00414, 0.00245),(-0.00727, 0.00355)
 Ant 4:Dx,Dy = ( 0.00378, 0.01482),(-0.00364, 0.01633)
 Ant 5:Dx,Dy = (-0.01611, 0.00293),( 0.01547, 0.00464)
 Ant 6:Dx,Dy = ( 0.00154,-0.01891),(-0.00173,-0.01771)
Solution for freq bin  2
Iter= 1, Amplit/Phase Solution Error:   1.388
Iter= 1, Polarisation Solution Error:   0.005
Iter= 1, Overall Solution Error:        2.638
Iter= 2, Amplit/Phase Solution Error:   0.006
Iter= 2, Polarisation Solution Error:   0.000
Iter= 2, Overall Solution Error:        0.005
Iter= 3, Amplit/Phase Solution Error:   0.001
Iter= 3, Polarisation Solution Error:   0.000
Iter= 3, Overall Solution Error:        0.001
I flux density:   0.7045
Percent Q:   0.515
Percent U:  -0.299
Leakage terms:
 Ant 1:Dx,Dy = ( 0.00293,-0.00591),(-0.00186,-0.00607)
 Ant 2:Dx,Dy = ( 0.00279,-0.00037),(-0.00234, 0.00068)
 Ant 3:Dx,Dy = ( 0.00128, 0.00317),(-0.01119, 0.00389)
 Ant 4:Dx,Dy = ( 0.00157, 0.01613),(-0.00050, 0.01668)
 Ant 5:Dx,Dy = (-0.01639, 0.00295),( 0.01674, 0.00302)
 Ant 6:Dx,Dy = ( 0.00491,-0.01752),(-0.00376,-0.01667)

2018-08-08 06:10:03,221 [MainThread  ] [INFO ]  pgflag vis=2312-319.9500 command='<b' stokes=i,q,u,v flagpar=8,5,5,3,6,3 options=nodisp

pgflag: Revision 1.30, 2016/10/05 23:06:50 UTC

Applying bandpass corrections to 2312-319.9500
Applying freq. dependent gain corrections to 2312-319.9500
Applying freq. dependent leakage correction to 2312-319.9500
Applying changes to dataset
Counts of correlations within selected channels:
 channel  Originally  Currently
 Good:      74387132   73570512    Changed to bad:     816620
 Bad:       13760848   14577468    Changed to good:         0
 16.5% of the data is now flagged

2018-08-08 06:12:56,384 [MainThread  ] [INFO ]  pgflag vis=2312-319.9500 command='<b' stokes=i,v,q,u flagpar=8,2,2,3,6,3  options=nodisp

pgflag: Revision 1.30, 2016/10/05 23:06:50 UTC

Applying bandpass corrections to 2312-319.9500
Applying freq. dependent gain corrections to 2312-319.9500
Applying freq. dependent leakage correction to 2312-319.9500
Applying changes to dataset
Counts of correlations within selected channels:
 channel  Originally  Currently
 Good:      73570512   72760312    Changed to bad:     810200
 Bad:       14577468   15387668    Changed to good:         0
 17.5% of the data is now flagged

2018-08-08 06:15:32,318 [MainThread  ] [INFO ]  pgflag vis=2312-319.9500 command='<b' stokes=i,v,u,q flagpar=8,2,2,3,6,3  options=nodisp

pgflag: Revision 1.30, 2016/10/05 23:06:50 UTC

Applying bandpass corrections to 2312-319.9500
Applying freq. dependent gain corrections to 2312-319.9500
Applying freq. dependent leakage correction to 2312-319.9500
Applying changes to dataset
Counts of correlations within selected channels:
 channel  Originally  Currently
 Good:      72760312   71950464    Changed to bad:     809848
 Bad:       15387668   16197516    Changed to good:         0
 18.4% of the data is now flagged

2018-08-08 06:15:37,799 [MainThread  ] [INFO ]  gpcal vis=2312-319.9500 refant=4 interval=0.1 nfbin=2 options=xyvary,qusolve

gpcal: Revision 1.22, 2016/05/01 22:31:05 UTC

Applying bandpass corrections to 2312-319.9500
Number of antennae: 6
Using leakage parameters from input as initial guess
Reading the data ...
Number of solution intervals: 717
Total visibilities read: 10755
Number visibilities accepted: 10755
Iter= 1, Amplit/Phase Solution Error:   1.373
Iter= 1, Polarisation Solution Error:   0.005
Iter= 1, Overall Solution Error:        2.693
Iter= 2, Amplit/Phase Solution Error:   0.005
Iter= 2, Polarisation Solution Error:   0.000
Iter= 2, Overall Solution Error:        0.005
Iter= 3, Amplit/Phase Solution Error:   0.001
Iter= 3, Polarisation Solution Error:   0.000
Iter= 3, Overall Solution Error:        0.001
I flux density:   0.7144
Percent Q:   0.474
Percent U:  -0.172
Leakage terms:
 Ant 1:Dx,Dy = ( 0.00233,-0.00581),(-0.00155,-0.00556)
 Ant 2:Dx,Dy = ( 0.00326, 0.00023),(-0.00238, 0.00135)
 Ant 3:Dx,Dy = ( 0.00273, 0.00279),(-0.00921, 0.00378)
 Ant 4:Dx,Dy = ( 0.00277, 0.01555),(-0.00202, 0.01640)
 Ant 5:Dx,Dy = (-0.01621, 0.00292),( 0.01613, 0.00379)
 Ant 6:Dx,Dy = ( 0.00335,-0.01819),(-0.00274,-0.01726)
Solution for freq bin  1
Iter= 1, Amplit/Phase Solution Error:   1.361
Iter= 1, Polarisation Solution Error:   0.005
Iter= 1, Overall Solution Error:        2.542
Iter= 2, Amplit/Phase Solution Error:   0.005
Iter= 2, Polarisation Solution Error:   0.000
Iter= 2, Overall Solution Error:        0.005
Iter= 3, Amplit/Phase Solution Error:   0.001
Iter= 3, Polarisation Solution Error:   0.000
Iter= 3, Overall Solution Error:        0.001
I flux density:   0.7321
Percent Q:   0.476
Percent U:  -0.025
Leakage terms:
 Ant 1:Dx,Dy = ( 0.00162,-0.00576),(-0.00161,-0.00505)
 Ant 2:Dx,Dy = ( 0.00346, 0.00079),(-0.00283, 0.00193)
 Ant 3:Dx,Dy = ( 0.00404, 0.00241),(-0.00733, 0.00349)
 Ant 4:Dx,Dy = ( 0.00371, 0.01482),(-0.00371, 0.01634)
 Ant 5:Dx,Dy = (-0.01621, 0.00294),( 0.01534, 0.00469)
 Ant 6:Dx,Dy = ( 0.00140,-0.01892),(-0.00185,-0.01768)
Solution for freq bin  2
Iter= 1, Amplit/Phase Solution Error:   1.379
Iter= 1, Polarisation Solution Error:   0.005
Iter= 1, Overall Solution Error:        2.644
Iter= 2, Amplit/Phase Solution Error:   0.006
Iter= 2, Polarisation Solution Error:   0.000
Iter= 2, Overall Solution Error:        0.006
Iter= 3, Amplit/Phase Solution Error:   0.001
Iter= 3, Polarisation Solution Error:   0.000
Iter= 3, Overall Solution Error:        0.001
I flux density:   0.7103
Percent Q:   0.524
Percent U:  -0.296
Leakage terms:
 Ant 1:Dx,Dy = ( 0.00287,-0.00591),(-0.00185,-0.00609)
 Ant 2:Dx,Dy = ( 0.00276,-0.00039),(-0.00238, 0.00068)
 Ant 3:Dx,Dy = ( 0.00121, 0.00315),(-0.01126, 0.00396)
 Ant 4:Dx,Dy = ( 0.00153, 0.01614),(-0.00060, 0.01667)
 Ant 5:Dx,Dy = (-0.01641, 0.00295),( 0.01673, 0.00305)
 Ant 6:Dx,Dy = ( 0.00489,-0.01749),(-0.00378,-0.01673)

2018-08-08 06:15:37,821 [MainThread  ] [INFO ]  gpboot vis=2312-319.9500 cal=1934-638.9500

gpboot: Revision 1.9, 2015/10/29 01:31:30 UTC

Secondary flux density scaled by:   0.869
Frequency bin  1 scaled by      :   0.763
Frequency bin  2 scaled by      :   0.782

2018-08-08 06:17:09,918 [MainThread  ] [INFO ]  gpcopy vis=2312-319.9500 out=b.9500

gpcopy: Revision 1.13, 2015/10/29 01:31:39 UTC

Copying leakage table
Copying gain table
Interpolation tolerance set to (minutes): 720.00
Copying bandpass table

2018-08-08 06:33:05,787 [MainThread  ] [INFO ]  pgflag vis=b.9500 command='<b' stokes=i,v,q,u flagpar=8,2,2,3,6,3  options=nodisp

pgflag: Revision 1.30, 2016/10/05 23:06:50 UTC

Applying bandpass corrections to b.9500
Applying freq. dependent gain corrections to b.9500
Applying freq. dependent leakage correction to b.9500
Applying changes to dataset
Counts of correlations within selected channels:
 channel  Originally  Currently
 Good:     458373640  444108712    Changed to bad:   14264928
 Bad:       68383280   82648208    Changed to good:         0
 15.7% of the data is now flagged

2018-08-08 06:49:43,559 [MainThread  ] [INFO ]  pgflag vis=b.9500 command='<b' stokes=i,v,u,q flagpar=8,2,2,3,6,3  options=nodisp

pgflag: Revision 1.30, 2016/10/05 23:06:50 UTC

Applying bandpass corrections to b.9500
Applying freq. dependent gain corrections to b.9500
Applying freq. dependent leakage correction to b.9500
Applying changes to dataset
Counts of correlations within selected channels:
 channel  Originally  Currently
 Good:     444108712  433165732    Changed to bad:   10942980
 Bad:       82648208   93591188    Changed to good:         0
 17.8% of the data is now flagged

2018-08-08 06:51:58,002 [MainThread  ] [INFO ]  uvsplit vis=b.9500

uvsplit: Revision 1.18, 2016/05/09 03:06:18 UTC

Creating b_302.9500
Creating b_303.9500
Creating b_304.9500
Creating b_301.9500
Creating b_305.9500
Creating b_306.9500
Creating b_307.9500
Creating b_308.9500
Creating b_309.9500
Creating b_310.9500
Creating b_311.9500
Creating b_312.9500
Creating b_313.9500
Creating b_314.9500
Creating b_315.9500
Creating b_316.9500
Creating b_317.9500
Creating b_318.9500
Creating b_319.9500
Creating b_320.9500
Creating b_321.9500
Creating b_322.9500
Creating b_323.9500
Creating b_324.9500
Creating b_325.9500
Creating b_326.9500
Creating b_327.9500
Creating b_328.9500
Creating b_329.9500
Creating b_330.9500
Creating b_331.9500
Creating b_332.9500
Creating b_333.9500
Creating b_334.9500
Creating b_335.9500
Creating b_336.9500
Creating b_337.9500
Creating b_338.9500
Creating b_339.9500
Creating b_340.9500
Creating b_341.9500
Creating b_342.9500
Creating b_343.9500
Creating b_344.9500
Creating b_345.9500
Creating b_346.9500
Creating b_347.9500
Creating b_348.9500
Creating b_349.9500
Creating b_350.9500
Creating b_351.9500
Creating b_352.9500
Creating b_353.9500
Creating b_354.9500
Creating b_355.9500
Creating b_356.9500
Creating b_357.9500
Creating b_358.9500
Creating b_359.9500
Creating b_360.9500
Creating b_361.9500
Creating b_362.9500
Creating b_363.9500
Creating b_364.9500
Creating b_365.9500
Creating b_366.9500
Creating b_367.9500
Creating b_368.9500
Creating b_369.9500
Creating b_370.9500
Creating b_371.9500
Creating b_372.9500
Creating b_373.9500
Creating b_374.9500
Creating b_375.9500
Creating b_376.9500
Creating b_377.9500
Creating b_378.9500
Creating b_379.9500
Creating b_380.9500
Creating b_381.9500
Creating b_382.9500
Creating b_383.9500
Creating b_384.9500
Creating b_385.9500
Creating b_386.9500
Creating b_387.9500
Creating b_388.9500
Creating b_389.9500
Creating b_390.9500
Creating b_391.9500
Creating b_392.9500
Creating b_393.9500
Creating b_394.9500
Creating b_395.9500
Creating b_396.9500
Creating b_397.9500
Creating b_398.9500
Creating b_399.9500
Creating b_400.9500
Creating b_401.9500
Creating b_402.9500
Creating b_403.9500
Creating b_404.9500
Creating b_405.9500
Creating b_406.9500
Creating b_407.9500
Creating b_408.9500
Creating b_409.9500
Creating b_410.9500
Creating b_411.9500
Creating b_412.9500
Creating b_413.9500
Creating b_414.9500
Creating b_415.9500
Creating b_416.9500
Creating b_417.9500
Creating b_418.9500
Creating b_419.9500
Creating b_420.9500
Creating b_421.9500
Creating b_422.9500
Creating b_423.9500
Creating b_424.9500
Creating b_425.9500
Creating b_426.9500
Creating b_427.9500
Creating b_428.9500
Creating b_429.9500
Creating b_430.9500
Creating b_431.9500
Creating b_432.9500
Creating b_433.9500
Creating b_434.9500
Creating b_435.9500
Creating b_441.9500
Creating b_442.9500
Creating b_443.9500
Creating b_444.9500
Creating b_445.9500
Creating b_446.9500
Creating b_447.9500
Creating b_448.9500
Creating b_449.9500
Creating b_450.9500
Creating b_451.9500
Creating b_452.9500
Creating b_453.9500
Creating b_454.9500
Creating b_455.9500
Creating b_456.9500
Creating b_457.9500
Creating b_458.9500
Creating b_459.9500
Creating b_460.9500
Creating b_461.9500
Creating b_462.9500
Creating b_463.9500
Creating b_464.9500
Creating b_465.9500
Creating b_466.9500
Creating b_467.9500
Creating b_468.9500
Creating b_469.9500
Creating b_470.9500
Creating b_471.9500
Creating b_472.9500
Creating b_473.9500
Creating b_474.9500
Creating b_475.9500
Creating b_476.9500
Creating b_477.9500
Creating b_478.9500
Creating b_479.9500
Creating b_480.9500
Creating b_241.9500
Creating b_242.9500
Creating b_243.9500
Creating b_244.9500
Creating b_245.9500
Creating b_246.9500
Creating b_247.9500
Creating b_248.9500
Creating b_249.9500
Creating b_250.9500
Creating b_251.9500
Creating b_252.9500
Creating b_253.9500
Creating b_254.9500
Creating b_255.9500
Creating b_256.9500
Creating b_257.9500
Creating b_258.9500
Creating b_259.9500
Creating b_260.9500
Creating b_261.9500
Creating b_262.9500
Creating b_263.9500
Creating b_264.9500
Creating b_265.9500
Creating b_266.9500
Creating b_267.9500
Creating b_268.9500
Creating b_269.9500
Creating b_270.9500
Creating b_271.9500
Creating b_272.9500
Creating b_273.9500
Creating b_274.9500
Creating b_275.9500
Creating b_276.9500
Creating b_277.9500
Creating b_278.9500
Creating b_279.9500
Creating b_280.9500
Creating b_281.9500
Creating b_282.9500
Creating b_283.9500
Creating b_284.9500
Creating b_285.9500
Creating b_286.9500
Creating b_287.9500
Creating b_288.9500
Creating b_289.9500
Creating b_290.9500
Creating b_291.9500
Creating b_292.9500
Creating b_293.9500
Creating b_294.9500
Creating b_295.9500
Creating b_296.9500
Creating b_297.9500
Creating b_298.9500
Creating b_299.9500
Creating b_300.9500
Creating b_436.9500
Creating b_437.9500
Creating b_438.9500
Creating b_439.9500
Creating b_440.9500

