2018-11-22 04:31:39,466 [MainThread  ] [INFO ]  atlod in=raw/2016-11-22_0257.C3132,raw/2016-11-22_0544.C3132,raw/2016-11-22_0831.C3132,raw/2016-11-22_1118.C3132 out=data5.uv ifsel=1 options=birdie,rfiflag,noauto,xycorr

atlod: Revision 1.53, 2016/08/25 23:02:21 UTC

Processing file raw/2016-11-22_0257.C3132
 02:57:19 CAOBS> track 1
CABB data detected
Scan 1 started at 16NOV22:02:57:40.0
Source: 1934-638
Flagging channels in  28 frequency ranges
 03:07:26 CAOBS> stop
 03:07:41 CAOBS> set file c3132_obs_d2.sch
 03:07:55 CAOBS> start 1/99
Scan 2 started at 16NOV22:03:09:32.0
Source: 2245-328
Scan 3 started at 16NOV22:03:12:12.0
Source: d_181
Source: d_182
Source: d_183
Source: d_184
Source: d_185
Source: d_186
Source: d_187
Source: d_188
Source: d_189
Source: d_190
Source: d_191
Source: d_192
Source: d_193
Source: d_194
Source: d_195
Source: d_196
Source: d_197
Source: d_198
Source: d_199
Source: d_200
Scan 4 started at 16NOV22:03:25:40.0
Source: 2245-328
Scan 5 started at 16NOV22:03:28:22.5
Source: d_201
Source: d_202
Source: d_203
Source: d_204
Source: d_205
Source: d_206
Source: d_207
Source: d_208
Source: d_209
Source: d_210
Source: d_211
Source: d_212
Source: d_213
Source: d_214
Source: d_215
Source: d_216
Source: d_217
Source: d_218
Source: d_219
Source: d_220
Scan 6 started at 16NOV22:03:41:56.0
Source: 2245-328
Scan 7 started at 16NOV22:03:44:30.5
Source: d_221
Source: d_222
Source: d_223
Source: d_224
Source: d_225
Source: d_226
Source: d_227
Source: d_228
Source: d_229
Source: d_230
Source: d_231
Source: d_232
Source: d_233
Source: d_234
Source: d_235
Source: d_236
Source: d_237
Source: d_238
Source: d_239
Source: d_240
Scan 8 started at 16NOV22:03:58:04.0
Source: 2245-328
Scan 9 started at 16NOV22:04:00:44.0
Source: d_241
Source: d_242
Source: d_243
Source: d_244
Source: d_245
Source: d_246
Source: d_247
Source: d_248
Source: d_249
Source: d_250
Source: d_251
Source: d_252
Source: d_253
Source: d_254
Source: d_255
Source: d_256
Source: d_257
Source: d_258
Source: d_259
Source: d_260
Scan 10 started at 16NOV22:04:14:12.0
Source: 2245-328
Scan 11 started at 16NOV22:04:17:00.0
Source: d_261
Source: d_262
Source: d_263
Source: d_264
Source: d_265
Source: d_266
Source: d_267
Source: d_268
Source: d_269
Source: d_270
Source: d_271
Source: d_272
Source: d_273
Source: d_274
Source: d_275
Source: d_276
Source: d_277
Source: d_278
Source: d_279
Source: d_280
Scan 12 started at 16NOV22:04:30:28.0
Source: 2245-328
Scan 13 started at 16NOV22:04:33:10.5
Source: d_281
Source: d_282
Source: d_283
Source: d_284
Source: d_285
Source: d_286
Source: d_287
Source: d_288
Source: d_289
Source: d_290
Source: d_291
Source: d_292
Source: d_293
Source: d_294
Source: d_295
Source: d_296
Source: d_297
Source: d_298
Source: d_299
Source: d_300
Scan 14 started at 16NOV22:04:46:44.0
Source: 2245-328
Scan 15 started at 16NOV22:04:49:24.0
Source: d_301
Source: d_302
Source: d_303
Source: d_304
Source: d_305
Source: d_306
Source: d_307
Source: d_308
Source: d_309
Source: d_310
Source: d_311
Source: d_312
Source: d_313
Source: d_314
Source: d_315
Source: d_316
Source: d_317
Source: d_318
Source: d_319
Source: d_320
Scan 16 started at 16NOV22:05:02:52.0
Source: 2245-328
Scan 17 started at 16NOV22:05:05:32.0
Source: d_321
Source: d_322
Source: d_323
Source: d_324
Source: d_325
Source: d_326
Source: d_327
Source: d_328
Source: d_329
Source: d_330
Source: d_331
Source: d_332
Source: d_333
Source: d_334
Source: d_335
Source: d_336
Source: d_337
Source: d_338
Source: d_339
Source: d_340
Scan 18 started at 16NOV22:05:19:00.0
Source: 2245-328
Scan 19 started at 16NOV22:05:21:34.8
Source: d_341
Source: d_342
Source: d_343
Source: d_344
Source: d_345
Source: d_346
Source: d_347
Source: d_348
Source: d_349
Source: d_350
Source: d_351
Source: d_352
Source: d_353
Source: d_354
Source: d_355
Source: d_356
Source: d_357
Source: d_358
Source: d_359
Source: d_360
Scan 20 started at 16NOV22:05:35:08.0
Source: 2245-328
Scan 21 started at 16NOV22:05:37:56.0
Source: d_181
Source: d_182
Source: d_183
Source: d_184
Source: d_185
Source: d_186
Source: d_187
Source: d_188
Source: d_189
Source: d_190
Source: d_191
RPFITS file version is 2.12
---------------------------------------
Total number of spectra selected: 72660

Summary of spectra flagged
Flagging Reason            Fraction
---------------            --------
Antenna off-source/off-line  3.25%
---------------------------------------
Processing file raw/2016-11-22_0544.C3132
CABB data detected
Scan 1 started at 16NOV22:05:45:00.0
Source: d_191
Source: d_192
Source: d_193
Source: d_194
Source: d_195
Source: d_196
Source: d_197
Source: d_198
Source: d_199
Source: d_200
Scan 2 started at 16NOV22:05:51:24.0
Source: 2245-328
Scan 3 started at 16NOV22:05:54:04.0
Source: d_201
Source: d_202
Source: d_203
Source: d_204
Source: d_205
Source: d_206
Source: d_207
Source: d_208
Source: d_209
Source: d_210
Source: d_211
Source: d_212
Source: d_213
Source: d_214
Source: d_215
Source: d_216
Source: d_217
Source: d_218
Source: d_219
Source: d_220
Scan 4 started at 16NOV22:06:07:32.0
Source: 2245-328
Scan 5 started at 16NOV22:06:10:28.0
Source: d_221
Source: d_222
Source: d_223
Source: d_224
Source: d_225
Source: d_226
Source: d_227
Source: d_228
Source: d_229
Source: d_230
Source: d_231
Source: d_232
Source: d_233
Source: d_234
Source: d_235
Source: d_236
Source: d_237
Source: d_238
Source: d_239
Source: d_240
Scan 6 started at 16NOV22:06:23:56.0
Source: 2245-328
Scan 7 started at 16NOV22:06:26:52.0
Source: d_241
Source: d_242
Source: d_243
Source: d_244
Source: d_245
Source: d_246
Source: d_247
Source: d_248
Source: d_249
Source: d_250
Source: d_251
Source: d_252
Source: d_253
Source: d_254
Source: d_255
Source: d_256
Source: d_257
Source: d_258
Source: d_259
Source: d_260
Scan 8 started at 16NOV22:06:40:12.0
Source: 2245-328
Scan 9 started at 16NOV22:06:43:00.0
Source: d_261
Source: d_262
Source: d_263
Source: d_264
Source: d_265
Source: d_266
Source: d_267
Source: d_268
Source: d_269
Source: d_270
Source: d_271
Source: d_272
Source: d_273
Source: d_274
Source: d_275
Source: d_276
Source: d_277
Source: d_278
Source: d_279
Source: d_280
Scan 10 started at 16NOV22:06:56:36.0
Source: 2245-328
Scan 11 started at 16NOV22:06:59:18.5
Source: d_281
Source: d_282
Source: d_283
Source: d_284
Source: d_285
Source: d_286
Source: d_287
Source: d_288
Source: d_289
Source: d_290
Source: d_291
Source: d_292
Source: d_293
Source: d_294
Source: d_295
Source: d_296
Source: d_297
Source: d_298
Source: d_299
Source: d_300
Scan 12 started at 16NOV22:07:12:52.0
Source: 2245-328
Scan 13 started at 16NOV22:07:15:48.0
Source: d_301
Source: d_302
Source: d_303
Source: d_304
Source: d_305
Source: d_306
Source: d_307
Source: d_308
Source: d_309
Source: d_310
Source: d_311
Source: d_312
Source: d_313
Source: d_314
Source: d_315
Source: d_316
Source: d_317
Source: d_318
Source: d_319
Source: d_320
Scan 14 started at 16NOV22:07:29:08.0
Source: 2245-328
Scan 15 started at 16NOV22:07:32:04.0
Source: d_321
Source: d_322
Source: d_323
Source: d_324
Source: d_325
Source: d_326
Source: d_327
Source: d_328
Source: d_329
Source: d_330
Source: d_331
Source: d_332
Source: d_333
Source: d_334
Source: d_335
Source: d_336
Source: d_337
Source: d_338
Source: d_339
Source: d_340
Scan 16 started at 16NOV22:07:45:32.0
Source: 2245-328
Scan 17 started at 16NOV22:07:48:36.0
Source: d_341
Source: d_342
Source: d_343
Source: d_344
Source: d_345
Source: d_346
Source: d_347
Source: d_348
Source: d_349
Source: d_350
Source: d_351
Source: d_352
Source: d_353
Source: d_354
Source: d_355
Source: d_356
Source: d_357
Source: d_358
Source: d_359
Source: d_360
Scan 18 started at 16NOV22:08:02:04.0
Source: 2245-328
Scan 19 started at 16NOV22:08:05:16.0
Source: d_181
Source: d_182
Source: d_183
Source: d_184
Source: d_185
Source: d_186
Source: d_187
Source: d_188
Source: d_189
Source: d_190
Source: d_191
Source: d_192
Source: d_193
Source: d_194
Source: d_195
Source: d_196
Source: d_197
Source: d_198
Source: d_199
Source: d_200
Scan 20 started at 16NOV22:08:18:36.0
Source: 2245-328
Scan 21 started at 16NOV22:08:21:48.0
Source: d_201
Source: d_202
Source: d_203
Source: d_204
Source: d_205
Source: d_206
Source: d_207
Source: d_208
Source: d_209
Source: d_210
Source: d_211
Source: d_212
Source: d_213
Source: d_214
Source: d_215
Source: d_216
RPFITS file version is 2.12
---------------------------------------
Total number of spectra selected: 72660

Summary of spectra flagged
Flagging Reason            Fraction
---------------            --------
Antenna off-source/off-line  4.43%
---------------------------------------
Processing file raw/2016-11-22_0831.C3132
CABB data detected
Scan 1 started at 16NOV22:08:31:48.0
Source: d_216
Source: d_217
Source: d_218
Source: d_219
Source: d_220
Scan 2 started at 16NOV22:08:35:08.0
Source: 2245-328
Scan 3 started at 16NOV22:08:38:20.0
Source: d_221
Source: d_222
Source: d_223
Source: d_224
Source: d_225
Source: d_226
Source: d_227
Source: d_228
Source: d_229
Source: d_230
Source: d_231
Source: d_232
Source: d_233
Source: d_234
Source: d_235
Source: d_236
Source: d_237
Source: d_238
Source: d_239
Source: d_240
Scan 4 started at 16NOV22:08:52:12.0
Source: 2245-328
Scan 5 started at 16NOV22:08:55:32.0
Source: d_241
Source: d_242
Source: d_243
Source: d_244
Source: d_245
Source: d_246
Source: d_247
Source: d_248
Source: d_249
Source: d_250
Source: d_251
Source: d_252
Source: d_253
Source: d_254
Source: d_255
Source: d_256
Source: d_257
Source: d_258
Source: d_259
Source: d_260
Scan 6 started at 16NOV22:09:09:16.0
Source: 2245-328
Scan 7 started at 16NOV22:09:12:36.0
Source: d_261
Source: d_262
Source: d_263
Source: d_264
Source: d_265
Source: d_266
Source: d_267
Source: d_268
Source: d_269
Source: d_270
Source: d_271
Source: d_272
Source: d_273
Source: d_274
Source: d_275
Source: d_276
Source: d_277
Source: d_278
Source: d_279
Source: d_280
Scan 8 started at 16NOV22:09:26:20.0
Source: 2245-328
Scan 9 started at 16NOV22:09:29:16.0
Source: d_281
Source: d_282
Source: d_283
Source: d_284
Source: d_285
Source: d_286
Source: d_287
Source: d_288
Source: d_289
Source: d_290
Source: d_291
Source: d_292
Source: d_293
Source: d_294
Source: d_295
Source: d_296
Source: d_297
Source: d_298
Source: d_299
Source: d_300
Scan 10 started at 16NOV22:09:42:52.0
Source: 2245-328
Scan 11 started at 16NOV22:09:45:56.0
Source: d_301
Source: d_302
Source: d_303
Source: d_304
Source: d_305
Source: d_306
Source: d_307
Source: d_308
Source: d_309
Source: d_310
Source: d_311
Source: d_312
Source: d_313
Source: d_314
Source: d_315
Source: d_316
Source: d_317
Source: d_318
Source: d_319
Source: d_320
Scan 12 started at 16NOV22:09:59:16.0
Source: 2245-328
Scan 13 started at 16NOV22:10:02:12.0
Source: d_321
Source: d_322
Source: d_323
Source: d_324
Source: d_325
Source: d_326
Source: d_327
Source: d_328
Source: d_329
Source: d_330
Source: d_331
Source: d_332
Source: d_333
Source: d_334
Source: d_335
Source: d_336
Source: d_337
Source: d_338
Source: d_339
Source: d_340
Scan 14 started at 16NOV22:10:15:40.0
Source: 2245-328
Scan 15 started at 16NOV22:10:18:28.0
Source: d_341
Source: d_342
Source: d_343
Source: d_344
Source: d_345
Source: d_346
Source: d_347
Source: d_348
Source: d_349
Source: d_350
Source: d_351
Source: d_352
Source: d_353
Source: d_354
Source: d_355
Source: d_356
Source: d_357
Source: d_358
Source: d_359
Source: d_360
Scan 16 started at 16NOV22:10:32:04.0
Source: 2245-328
Scan 17 started at 16NOV22:10:35:00.0
Source: d_181
Source: d_182
Source: d_183
Source: d_184
Source: d_185
Source: d_186
Source: d_187
Source: d_188
Source: d_189
Source: d_190
Source: d_191
Source: d_192
Source: d_193
Source: d_194
Source: d_195
Source: d_196
Source: d_197
Source: d_198
Source: d_199
Source: d_200
Scan 18 started at 16NOV22:10:48:20.0
Source: 2245-328
Scan 19 started at 16NOV22:10:51:08.0
Source: d_201
Source: d_202
Source: d_203
Source: d_204
Source: d_205
Source: d_206
Source: d_207
Source: d_208
Source: d_209
Source: d_210
Source: d_211
Source: d_212
Source: d_213
Source: d_214
Source: d_215
Source: d_216
Source: d_217
Source: d_218
Source: d_219
Source: d_220
Scan 20 started at 16NOV22:11:04:36.0
Source: 2245-328
Scan 21 started at 16NOV22:11:07:24.0
Source: d_221
Source: d_222
Source: d_223
Source: d_224
Source: d_225
Source: d_226
Source: d_227
Source: d_228
Source: d_229
Source: d_230
Source: d_231
Source: d_232
Source: d_233
Source: d_234
Source: d_235
Source: d_236
Source: d_237
RPFITS file version is 2.12
---------------------------------------
Total number of spectra selected: 72660

Summary of spectra flagged
Flagging Reason            Fraction
---------------            --------
Antenna off-source/off-line  6.68%
---------------------------------------
Processing file raw/2016-11-22_1118.C3132
CABB data detected
Scan 1 started at 16NOV22:11:18:37.5
Source: d_238
Source: d_239
Source: d_240
Scan 2 started at 16NOV22:11:20:52.0
Source: 2245-328
Scan 3 started at 16NOV22:11:23:48.0
Source: d_241
Source: d_242
Source: d_243
Source: d_244
Source: d_245
Source: d_246
Source: d_247
Source: d_248
Source: d_249
Source: d_250
Source: d_251
Source: d_252
Source: d_253
Source: d_254
Source: d_255
Source: d_256
Source: d_257
Source: d_258
Source: d_259
Source: d_260
Scan 4 started at 16NOV22:11:37:08.0
Source: 2245-328
Scan 5 started at 16NOV22:11:39:56.0
Source: d_261
Source: d_262
Source: d_263
Source: d_264
Source: d_265
Source: d_266
Source: d_267
Source: d_268
Source: d_269
Source: d_270
Source: d_271
Source: d_272
Source: d_273
Source: d_274
Source: d_275
Source: d_276
Source: d_277
Source: d_278
Source: d_279
Source: d_280
Scan 6 started at 16NOV22:11:53:24.0
Source: 2245-328
Scan 7 started at 16NOV22:11:55:58.5
Source: d_281
Source: d_282
Source: d_283
Source: d_284
Source: d_285
Source: d_286
Source: d_287
Source: d_288
Source: d_289
Source: d_290
Source: d_291
Source: d_292
Source: d_293
Source: d_294
Source: d_295
Source: d_296
Source: d_297
Source: d_298
Source: d_299
Source: d_300
Scan 8 started at 16NOV22:12:09:32.0
Source: 2245-328
Scan 9 started at 16NOV22:12:12:12.0
Source: d_301
Source: d_302
Source: d_303
Source: d_304
Source: d_305
Source: d_306
Source: d_307
Source: d_308
Source: d_309
Source: d_310
Source: d_311
Source: d_312
Source: d_313
Source: d_314
Source: d_315
Source: d_316
Source: d_317
Source: d_318
Source: d_319
Source: d_320
Scan 10 started at 16NOV22:12:25:40.0
Source: 2245-328
Scan 11 started at 16NOV22:12:28:20.0
Source: d_321
Source: d_322
Source: d_323
Source: d_324
Source: d_325
Source: d_326
Source: d_327
Source: d_328
Source: d_329
Source: d_330
Source: d_331
Source: d_332
Source: d_333
Source: d_334
Source: d_335
Source: d_336
Source: d_337
Source: d_338
Source: d_339
Source: d_340
Scan 12 started at 16NOV22:12:41:48.0
Source: 2245-328
Scan 13 started at 16NOV22:12:44:28.0
Source: d_341
Source: d_342
Source: d_343
Source: d_344
Source: d_345
Source: d_346
Source: d_347
Source: d_348
Source: d_349
Source: d_350
Source: d_351
Source: d_352
Source: d_353
Source: d_354
Source: d_355
Source: d_356
Source: d_357
Source: d_358
Source: d_359
Source: d_360
Scan 14 started at 16NOV22:12:57:56.0
Source: 2245-328
Scan 15 started at 16NOV22:13:00:36.0
Source: d_181
Source: d_182
Source: d_183
Source: d_184
Source: d_185
Source: d_186
Source: d_187
Source: d_188
Source: d_189
Source: d_190
Source: d_191
Source: d_192
Source: d_193
Source: d_194
Source: d_195
Source: d_196
Source: d_197
Source: d_198
Source: d_199
Source: d_200
Scan 16 started at 16NOV22:13:14:04.0
Source: 2245-328
Scan 17 started at 16NOV22:13:16:38.8
Source: d_201
Source: d_202
Source: d_203
Source: d_204
Source: d_205
Source: d_206
Source: d_207
Source: d_208
Source: d_209
Source: d_210
 13:22:48 CAOBS> next
Scan 18 started at 16NOV22:13:23:16.0
Source: 2245-328
 13:25:20 CAOBS> stop
 13:25:30 CAOBS> corr close file
RPFITS file version is 2.12
---------------------------------------
Total number of spectra selected: 54960

Summary of spectra flagged
Flagging Reason            Fraction
---------------            --------
Antenna off-source/off-line  2.77%
---------------------------------------

No CACAL data was detected

2018-11-22 04:32:25,994 [MainThread  ] [INFO ]  uvflag vis=data5.uv line=chan,6,1146,1 flagval=flag

uvflag: Revision 1.8, 2014/09/30 14:23:39 UTC


Set flags to indicate bad data in visibility file data5.uv
Linetype channel; select    6 channels; start 1146, width    1, step    1

Overview of flagging on visibility file data5.uv
Changed flags set to FALSE (data flagged as bad)
Total number of records selected: 260984; out of 260984 records
Antennas used: 1-6
Counts of correlations within selected channels
channel   Originally    Currently
Good:          782952.           0.    Changed to bad:      782952.
Bad:           782952.     1565904.

2018-11-22 04:32:50,355 [MainThread  ] [INFO ]  uvflag vis=data5.uv line=chan,30,1454,1 flagval=flag

uvflag: Revision 1.8, 2014/09/30 14:23:39 UTC


Set flags to indicate bad data in visibility file data5.uv
Linetype channel; select   30 channels; start 1454, width    1, step    1

Overview of flagging on visibility file data5.uv
Changed flags set to FALSE (data flagged as bad)
Total number of records selected: 260984; out of 260984 records
Antennas used: 1-6
Counts of correlations within selected channels
channel   Originally    Currently
Good:         7829520.           0.    Changed to bad:     7829520.
Bad:                0.     7829520.

2018-11-22 04:33:22,331 [MainThread  ] [INFO ]  uvflag vis=data5.uv line=chan,40,1964,1 flagval=flag

uvflag: Revision 1.8, 2014/09/30 14:23:39 UTC


Set flags to indicate bad data in visibility file data5.uv
Linetype channel; select   40 channels; start 1964, width    1, step    1

Overview of flagging on visibility file data5.uv
Changed flags set to FALSE (data flagged as bad)
Total number of records selected: 260984; out of 260984 records
Antennas used: 1-6
Counts of correlations within selected channels
channel   Originally    Currently
Good:               0.           0.    Changed to bad:           0.
Bad:         10439360.    10439360.

2018-11-22 04:34:15,309 [MainThread  ] [INFO ]  uvsplit vis=data5.uv options=mosaic

uvsplit: Revision 1.18, 2016/05/09 03:06:18 UTC

Creating 1934-638.5500
Creating 2245-328.5500
Creating d.5500

2018-11-22 04:34:28,240 [MainThread  ] [INFO ]  pgflag vis=1934-638.5500 command='<b' stokes=i,q,u,v flagpar=8,5,5,3,6,3 options=nodisp

pgflag: Revision 1.30, 2016/10/05 23:06:50 UTC

Applying changes to dataset
Counts of correlations within selected channels:
 channel  Originally  Currently
 Good:       7870860    7814388    Changed to bad:      56472
 Bad:        1103760    1160232    Changed to good:         0
 12.9% of the data is now flagged

2018-11-22 04:34:39,298 [MainThread  ] [INFO ]  pgflag vis=1934-638.5500 command='<b' stokes=i,v,q,u flagpar=8,2,2,3,6,3  options=nodisp

pgflag: Revision 1.30, 2016/10/05 23:06:50 UTC

Applying changes to dataset
Counts of correlations within selected channels:
 channel  Originally  Currently
 Good:       7814388    7755720    Changed to bad:      58668
 Bad:        1160232    1218900    Changed to good:         0
 13.6% of the data is now flagged

2018-11-22 04:34:50,250 [MainThread  ] [INFO ]  pgflag vis=1934-638.5500 command='<b' stokes=i,v,u,q flagpar=8,2,2,3,6,3  options=nodisp

pgflag: Revision 1.30, 2016/10/05 23:06:50 UTC

Applying changes to dataset
Counts of correlations within selected channels:
 channel  Originally  Currently
 Good:       7755720    7668996    Changed to bad:      86724
 Bad:        1218900    1305624    Changed to good:         0
 14.5% of the data is now flagged

2018-11-22 04:35:56,168 [MainThread  ] [INFO ]  mfcal vis=1934-638.5500 refant=4 interval=0.1
MfCal: $Revision: 1.20 $, $Date: 2017/05/08 02:31:10 $
Selecting parallel-hand polarisations
Reading the data ...
Number correlations accepted: 3834498
Number of frequency bands/settings: 1
Number of polarisations selected: 2
Number of solution intervals: 73
Number of passband solution intervals: 1
Initialising ...
Using post-Aug94 ATCA flux scale for 1934-638.
Using known frequency variation of 1934-638
Generating initial solution estimate ...
Doing solution refinement ...
Iter= 1, Solution Error:  0.417
Iter= 2, Solution Error:  0.004
Iter= 3, Solution Error:  0.000
Saving solution ...

2018-11-22 04:35:57,683 [MainThread  ] [INFO ]  gpcal vis=1934-638.5500 refant=4 interval=0.1 nfbin=2 options=xyvary

gpcal: Revision 1.22, 2016/05/01 22:31:05 UTC

Applying bandpass corrections to 1934-638.5500
Number of antennae: 6
Reading the data ...
Number of solution intervals: 73
Total visibilities read: 1095
Number visibilities accepted: 1095
Using post-Aug94 ATCA flux scale for 1934-638.
Using IQUV =  5.0162,  0.0000,  0.0000,  0.0000 at   5.4527 GHz.
Using post-Aug94 ATCA flux scale for 1934-638.
Using IQUV =  5.5171,  0.0000,  0.0000,  0.0000 at   5.0318 GHz.
Using post-Aug94 ATCA flux scale for 1934-638.
Using IQUV =  4.5111,  0.0000,  0.0000,  0.0000 at   5.9537 GHz.
Iter= 1, Amplit/Phase Solution Error:   0.422
Iter= 1, Polarisation Solution Error:   0.039
Iter= 1, Overall Solution Error:        1.374
Iter= 2, Amplit/Phase Solution Error:   0.002
Iter= 2, Polarisation Solution Error:   0.000
Iter= 2, Overall Solution Error:        0.003
Iter= 3, Amplit/Phase Solution Error:   0.001
Iter= 3, Polarisation Solution Error:   0.000
Iter= 3, Overall Solution Error:        0.001
I flux density:   5.0162
Leakage terms:
 Ant 1:Dx,Dy = ( 0.00168, 0.00273),(-0.00039, 0.00355)
 Ant 2:Dx,Dy = ( 0.00370, 0.00648),(-0.00423, 0.00663)
 Ant 3:Dx,Dy = ( 0.00513,-0.00399),(-0.00888,-0.00429)
 Ant 4:Dx,Dy = ( 0.00403, 0.01705),(-0.00347, 0.01796)
 Ant 5:Dx,Dy = (-0.01771,-0.00183),( 0.01636,-0.00161)
 Ant 6:Dx,Dy = ( 0.00151,-0.02188),(-0.00106,-0.02079)
Solution for freq bin  1
Iter= 1, Amplit/Phase Solution Error:   0.413
Iter= 1, Polarisation Solution Error:   0.041
Iter= 1, Overall Solution Error:        1.342
Iter= 2, Amplit/Phase Solution Error:   0.001
Iter= 2, Polarisation Solution Error:   0.000
Iter= 2, Overall Solution Error:        0.002
Iter= 3, Amplit/Phase Solution Error:   0.001
Iter= 3, Polarisation Solution Error:   0.000
Iter= 3, Overall Solution Error:        0.001
I flux density:   5.5171
Leakage terms:
 Ant 1:Dx,Dy = ( 0.00163, 0.00289),(-0.00060, 0.00369)
 Ant 2:Dx,Dy = ( 0.00423, 0.00719),(-0.00465, 0.00742)
 Ant 3:Dx,Dy = ( 0.00465,-0.00402),(-0.00968,-0.00372)
 Ant 4:Dx,Dy = ( 0.00354, 0.01794),(-0.00390, 0.01873)
 Ant 5:Dx,Dy = (-0.01825,-0.00251),( 0.01591,-0.00211)
 Ant 6:Dx,Dy = ( 0.00069,-0.02337),(-0.00060,-0.02213)
Solution for freq bin  2
Iter= 1, Amplit/Phase Solution Error:   0.435
Iter= 1, Polarisation Solution Error:   0.036
Iter= 1, Overall Solution Error:        1.415
Iter= 2, Amplit/Phase Solution Error:   0.002
Iter= 2, Polarisation Solution Error:   0.000
Iter= 2, Overall Solution Error:        0.003
Iter= 3, Amplit/Phase Solution Error:   0.001
Iter= 3, Polarisation Solution Error:   0.000
Iter= 3, Overall Solution Error:        0.001
I flux density:   4.5111
Leakage terms:
 Ant 1:Dx,Dy = ( 0.00175, 0.00250),(-0.00012, 0.00337)
 Ant 2:Dx,Dy = ( 0.00299, 0.00550),(-0.00364, 0.00556)
 Ant 3:Dx,Dy = ( 0.00579,-0.00395),(-0.00782,-0.00504)
 Ant 4:Dx,Dy = ( 0.00468, 0.01586),(-0.00290, 0.01694)
 Ant 5:Dx,Dy = (-0.01701,-0.00093),( 0.01696,-0.00094)
 Ant 6:Dx,Dy = ( 0.00260,-0.01988),(-0.00169,-0.01900)

2018-11-22 04:36:16,309 [MainThread  ] [INFO ]  pgflag vis=1934-638.5500 command='<b' stokes=i,q,u,v flagpar=8,5,5,3,6,3 options=nodisp

pgflag: Revision 1.30, 2016/10/05 23:06:50 UTC

Applying bandpass corrections to 1934-638.5500
Applying freq. dependent gain corrections to 1934-638.5500
Applying freq. dependent leakage correction to 1934-638.5500
Applying changes to dataset
Counts of correlations within selected channels:
 channel  Originally  Currently
 Good:       7668996    7652388    Changed to bad:      16608
 Bad:        1305624    1322232    Changed to good:         0
 14.7% of the data is now flagged

2018-11-22 04:36:31,670 [MainThread  ] [INFO ]  pgflag vis=1934-638.5500 command='<b' stokes=i,v,q,u flagpar=8,2,2,3,6,3  options=nodisp

pgflag: Revision 1.30, 2016/10/05 23:06:50 UTC

Applying bandpass corrections to 1934-638.5500
Applying freq. dependent gain corrections to 1934-638.5500
Applying freq. dependent leakage correction to 1934-638.5500
Applying changes to dataset
Counts of correlations within selected channels:
 channel  Originally  Currently
 Good:       7652388    7631708    Changed to bad:      20680
 Bad:        1322232    1342912    Changed to good:         0
 15.0% of the data is now flagged

2018-11-22 04:36:48,569 [MainThread  ] [INFO ]  pgflag vis=1934-638.5500 command='<b' stokes=i,v,u,q flagpar=8,2,2,3,6,3  options=nodisp

pgflag: Revision 1.30, 2016/10/05 23:06:50 UTC

Applying bandpass corrections to 1934-638.5500
Applying freq. dependent gain corrections to 1934-638.5500
Applying freq. dependent leakage correction to 1934-638.5500
Applying changes to dataset
Counts of correlations within selected channels:
 channel  Originally  Currently
 Good:       7631708    7614164    Changed to bad:      17544
 Bad:        1342912    1360456    Changed to good:         0
 15.2% of the data is now flagged

2018-11-22 04:37:52,820 [MainThread  ] [INFO ]  mfcal vis=1934-638.5500 refant=4 interval=0.1
MfCal: $Revision: 1.20 $, $Date: 2017/05/08 02:31:10 $
Selecting parallel-hand polarisations
Reading the data ...
Number correlations accepted: 3807082
Number of frequency bands/settings: 1
Number of polarisations selected: 2
Number of solution intervals: 73
Number of passband solution intervals: 1
Initialising ...
Using post-Aug94 ATCA flux scale for 1934-638.
Using known frequency variation of 1934-638
Generating initial solution estimate ...
Doing solution refinement ...
Iter= 1, Solution Error:  0.418
Iter= 2, Solution Error:  0.004
Iter= 3, Solution Error:  0.000
Saving solution ...

2018-11-22 04:38:03,906 [MainThread  ] [INFO ]  gpcal vis=1934-638.5500 refant=4 interval=0.1 nfbin=2 options=xyvary

gpcal: Revision 1.22, 2016/05/01 22:31:05 UTC

Applying bandpass corrections to 1934-638.5500
Number of antennae: 6
Using leakage parameters from input as initial guess
Reading the data ...
Number of solution intervals: 73
Total visibilities read: 1095
Number visibilities accepted: 1095
Using post-Aug94 ATCA flux scale for 1934-638.
Using IQUV =  5.0172,  0.0000,  0.0000,  0.0000 at   5.4518 GHz.
Using post-Aug94 ATCA flux scale for 1934-638.
Using IQUV =  5.5146,  0.0000,  0.0000,  0.0000 at   5.0337 GHz.
Using post-Aug94 ATCA flux scale for 1934-638.
Using IQUV =  4.5130,  0.0000,  0.0000,  0.0000 at   5.9516 GHz.
Iter= 1, Amplit/Phase Solution Error:   0.422
Iter= 1, Polarisation Solution Error:   0.000
Iter= 1, Overall Solution Error:        1.373
Iter= 2, Amplit/Phase Solution Error:   0.002
Iter= 2, Polarisation Solution Error:   0.000
Iter= 2, Overall Solution Error:        0.003
Iter= 3, Amplit/Phase Solution Error:   0.001
Iter= 3, Polarisation Solution Error:   0.000
Iter= 3, Overall Solution Error:        0.001
I flux density:   5.0172
Leakage terms:
 Ant 1:Dx,Dy = ( 0.00167, 0.00273),(-0.00040, 0.00356)
 Ant 2:Dx,Dy = ( 0.00371, 0.00649),(-0.00421, 0.00664)
 Ant 3:Dx,Dy = ( 0.00513,-0.00399),(-0.00890,-0.00429)
 Ant 4:Dx,Dy = ( 0.00403, 0.01705),(-0.00346, 0.01798)
 Ant 5:Dx,Dy = (-0.01772,-0.00185),( 0.01636,-0.00162)
 Ant 6:Dx,Dy = ( 0.00150,-0.02189),(-0.00108,-0.02081)
Solution for freq bin  1
Iter= 1, Amplit/Phase Solution Error:   0.413
Iter= 1, Polarisation Solution Error:   0.002
Iter= 1, Overall Solution Error:        1.342
Iter= 2, Amplit/Phase Solution Error:   0.001
Iter= 2, Polarisation Solution Error:   0.000
Iter= 2, Overall Solution Error:        0.002
Iter= 3, Amplit/Phase Solution Error:   0.001
Iter= 3, Polarisation Solution Error:   0.000
Iter= 3, Overall Solution Error:        0.001
I flux density:   5.5146
Leakage terms:
 Ant 1:Dx,Dy = ( 0.00162, 0.00289),(-0.00061, 0.00370)
 Ant 2:Dx,Dy = ( 0.00425, 0.00718),(-0.00462, 0.00741)
 Ant 3:Dx,Dy = ( 0.00465,-0.00402),(-0.00968,-0.00372)
 Ant 4:Dx,Dy = ( 0.00353, 0.01793),(-0.00388, 0.01874)
 Ant 5:Dx,Dy = (-0.01825,-0.00253),( 0.01589,-0.00213)
 Ant 6:Dx,Dy = ( 0.00071,-0.02335),(-0.00060,-0.02211)
Solution for freq bin  2
Iter= 1, Amplit/Phase Solution Error:   0.435
Iter= 1, Polarisation Solution Error:   0.003
Iter= 1, Overall Solution Error:        1.414
Iter= 2, Amplit/Phase Solution Error:   0.002
Iter= 2, Polarisation Solution Error:   0.000
Iter= 2, Overall Solution Error:        0.003
Iter= 3, Amplit/Phase Solution Error:   0.001
Iter= 3, Polarisation Solution Error:   0.000
Iter= 3, Overall Solution Error:        0.001
I flux density:   4.5130
Leakage terms:
 Ant 1:Dx,Dy = ( 0.00173, 0.00251),(-0.00013, 0.00337)
 Ant 2:Dx,Dy = ( 0.00299, 0.00554),(-0.00364, 0.00558)
 Ant 3:Dx,Dy = ( 0.00579,-0.00396),(-0.00785,-0.00505)
 Ant 4:Dx,Dy = ( 0.00469, 0.01587),(-0.00288, 0.01697)
 Ant 5:Dx,Dy = (-0.01701,-0.00095),( 0.01697,-0.00093)
 Ant 6:Dx,Dy = ( 0.00256,-0.01991),(-0.00172,-0.01904)

2018-11-22 04:38:11,306 [MainThread  ] [INFO ]  gpcopy vis=1934-638.5500 out=2245-328.5500

gpcopy: Revision 1.13, 2015/10/29 01:31:39 UTC

Copying leakage table
Copying gain table
Interpolation tolerance set to (minutes): 720.00
Copying bandpass table

2018-11-22 04:41:20,111 [MainThread  ] [INFO ]  pgflag vis=2245-328.5500 command='<b' stokes=i,q,u,v flagpar=8,5,5,3,6,3 options=nodisp

pgflag: Revision 1.30, 2016/10/05 23:06:50 UTC

Applying bandpass corrections to 2245-328.5500
Applying freq. dependent gain corrections to 2245-328.5500
Applying freq. dependent leakage correction to 2245-328.5500
Applying changes to dataset
Counts of correlations within selected channels:
 channel  Originally  Currently
 Good:      63434100   63148624    Changed to bad:     285476
 Bad:        8895600    9181076    Changed to good:         0
 12.7% of the data is now flagged

2018-11-22 04:44:26,458 [MainThread  ] [INFO ]  pgflag vis=2245-328.5500 command='<b' stokes=i,v,q,u flagpar=8,2,2,3,6,3  options=nodisp

pgflag: Revision 1.30, 2016/10/05 23:06:50 UTC

Applying bandpass corrections to 2245-328.5500
Applying freq. dependent gain corrections to 2245-328.5500
Applying freq. dependent leakage correction to 2245-328.5500
Applying changes to dataset
Counts of correlations within selected channels:
 channel  Originally  Currently
 Good:      63148624   62912948    Changed to bad:     235676
 Bad:        9181076    9416752    Changed to good:         0
 13.0% of the data is now flagged

2018-11-22 04:47:44,302 [MainThread  ] [INFO ]  pgflag vis=2245-328.5500 command='<b' stokes=i,v,u,q flagpar=8,2,2,3,6,3  options=nodisp

pgflag: Revision 1.30, 2016/10/05 23:06:50 UTC

Applying bandpass corrections to 2245-328.5500
Applying freq. dependent gain corrections to 2245-328.5500
Applying freq. dependent leakage correction to 2245-328.5500
Applying changes to dataset
Counts of correlations within selected channels:
 channel  Originally  Currently
 Good:      62912948   62661180    Changed to bad:     251768
 Bad:        9416752    9668520    Changed to good:         0
 13.4% of the data is now flagged

2018-11-22 04:47:50,839 [MainThread  ] [INFO ]  gpcal vis=2245-328.5500 refant=4 interval=0.1 nfbin=2 options=xyvary,qusolve

gpcal: Revision 1.22, 2016/05/01 22:31:05 UTC

Applying bandpass corrections to 2245-328.5500
Number of antennae: 6
Using leakage parameters from input as initial guess
Reading the data ...
Number of solution intervals: 589
Total visibilities read: 8825
Number visibilities accepted: 8815
Iter= 1, Amplit/Phase Solution Error:   0.727
Iter= 1, Polarisation Solution Error:   0.006
Iter= 1, Overall Solution Error:        2.411
Iter= 2, Amplit/Phase Solution Error:   0.007
Iter= 2, Polarisation Solution Error:   0.000
Iter= 2, Overall Solution Error:        0.006
Iter= 3, Amplit/Phase Solution Error:   0.001
Iter= 3, Polarisation Solution Error:   0.000
Iter= 3, Overall Solution Error:        0.001
I flux density:   0.5801
Percent Q:  -0.643
Percent U:   0.057
Leakage terms:
 Ant 1:Dx,Dy = ( 0.00139, 0.00296),( 0.00050, 0.00408)
 Ant 2:Dx,Dy = ( 0.00344, 0.00585),(-0.00408, 0.00659)
 Ant 3:Dx,Dy = ( 0.00522,-0.00416),(-0.00911,-0.00430)
 Ant 4:Dx,Dy = ( 0.00418, 0.01691),(-0.00325, 0.01817)
 Ant 5:Dx,Dy = (-0.01759,-0.00233),( 0.01607,-0.00174)
 Ant 6:Dx,Dy = ( 0.00235,-0.02170),(-0.00113,-0.02034)
Solution for freq bin  1
Iter= 1, Amplit/Phase Solution Error:   0.691
Iter= 1, Polarisation Solution Error:   0.006
Iter= 1, Overall Solution Error:        2.390
Iter= 2, Amplit/Phase Solution Error:   0.007
Iter= 2, Polarisation Solution Error:   0.000
Iter= 2, Overall Solution Error:        0.006
Iter= 3, Amplit/Phase Solution Error:   0.001
Iter= 3, Polarisation Solution Error:   0.000
Iter= 3, Overall Solution Error:        0.001
I flux density:   0.5638
Percent Q:  -0.622
Percent U:   0.231
Leakage terms:
 Ant 1:Dx,Dy = ( 0.00150, 0.00313),( 0.00038, 0.00408)
 Ant 2:Dx,Dy = ( 0.00379, 0.00676),(-0.00480, 0.00749)
 Ant 3:Dx,Dy = ( 0.00450,-0.00423),(-0.01026,-0.00359)
 Ant 4:Dx,Dy = ( 0.00322, 0.01791),(-0.00368, 0.01896)
 Ant 5:Dx,Dy = (-0.01839,-0.00297),( 0.01517,-0.00228)
 Ant 6:Dx,Dy = ( 0.00137,-0.02339),(-0.00081,-0.02187)
Solution for freq bin  2
Iter= 1, Amplit/Phase Solution Error:   0.737
Iter= 1, Polarisation Solution Error:   0.007
Iter= 1, Overall Solution Error:        2.355
Iter= 2, Amplit/Phase Solution Error:   0.007
Iter= 2, Polarisation Solution Error:   0.000
Iter= 2, Overall Solution Error:        0.006
Iter= 3, Amplit/Phase Solution Error:   0.001
Iter= 3, Polarisation Solution Error:   0.000
Iter= 3, Overall Solution Error:        0.001
I flux density:   0.6004
Percent Q:  -0.661
Percent U:  -0.109
Leakage terms:
 Ant 1:Dx,Dy = ( 0.00131, 0.00277),( 0.00063, 0.00406)
 Ant 2:Dx,Dy = ( 0.00299, 0.00498),(-0.00354, 0.00559)
 Ant 3:Dx,Dy = ( 0.00594,-0.00417),(-0.00805,-0.00507)
 Ant 4:Dx,Dy = ( 0.00512, 0.01591),(-0.00283, 0.01741)
 Ant 5:Dx,Dy = (-0.01686,-0.00166),( 0.01692,-0.00115)
 Ant 6:Dx,Dy = ( 0.00291,-0.01980),(-0.00171,-0.01887)

2018-11-22 04:51:02,766 [MainThread  ] [INFO ]  pgflag vis=2245-328.5500 command='<b' stokes=i,q,u,v flagpar=8,5,5,3,6,3 options=nodisp

pgflag: Revision 1.30, 2016/10/05 23:06:50 UTC

Applying bandpass corrections to 2245-328.5500
Applying freq. dependent gain corrections to 2245-328.5500
Applying freq. dependent leakage correction to 2245-328.5500
Applying changes to dataset
Counts of correlations within selected channels:
 channel  Originally  Currently
 Good:      62661180   62471308    Changed to bad:     189872
 Bad:        9668520    9858392    Changed to good:         0
 13.6% of the data is now flagged

2018-11-22 04:54:01,127 [MainThread  ] [INFO ]  pgflag vis=2245-328.5500 command='<b' stokes=i,v,q,u flagpar=8,2,2,3,6,3  options=nodisp

pgflag: Revision 1.30, 2016/10/05 23:06:50 UTC

Applying bandpass corrections to 2245-328.5500
Applying freq. dependent gain corrections to 2245-328.5500
Applying freq. dependent leakage correction to 2245-328.5500
Applying changes to dataset
Counts of correlations within selected channels:
 channel  Originally  Currently
 Good:      62471308   62306628    Changed to bad:     164680
 Bad:        9858392   10023072    Changed to good:         0
 13.9% of the data is now flagged

2018-11-22 04:56:50,408 [MainThread  ] [INFO ]  pgflag vis=2245-328.5500 command='<b' stokes=i,v,u,q flagpar=8,2,2,3,6,3  options=nodisp

pgflag: Revision 1.30, 2016/10/05 23:06:50 UTC

Applying bandpass corrections to 2245-328.5500
Applying freq. dependent gain corrections to 2245-328.5500
Applying freq. dependent leakage correction to 2245-328.5500
Applying changes to dataset
Counts of correlations within selected channels:
 channel  Originally  Currently
 Good:      62306628   62160304    Changed to bad:     146324
 Bad:       10023072   10169396    Changed to good:         0
 14.1% of the data is now flagged

2018-11-22 04:56:55,341 [MainThread  ] [INFO ]  gpcal vis=2245-328.5500 refant=4 interval=0.1 nfbin=2 options=xyvary,qusolve

gpcal: Revision 1.22, 2016/05/01 22:31:05 UTC

Applying bandpass corrections to 2245-328.5500
Number of antennae: 6
Using leakage parameters from input as initial guess
Reading the data ...
Number of solution intervals: 589
Total visibilities read: 8825
Number visibilities accepted: 8815
Iter= 1, Amplit/Phase Solution Error:   0.730
Iter= 1, Polarisation Solution Error:   0.006
Iter= 1, Overall Solution Error:        2.411
Iter= 2, Amplit/Phase Solution Error:   0.007
Iter= 2, Polarisation Solution Error:   0.000
Iter= 2, Overall Solution Error:        0.006
Iter= 3, Amplit/Phase Solution Error:   0.001
Iter= 3, Polarisation Solution Error:   0.000
Iter= 3, Overall Solution Error:        0.001
I flux density:   0.5806
Percent Q:  -0.644
Percent U:   0.054
Leakage terms:
 Ant 1:Dx,Dy = ( 0.00138, 0.00297),( 0.00050, 0.00408)
 Ant 2:Dx,Dy = ( 0.00346, 0.00585),(-0.00406, 0.00659)
 Ant 3:Dx,Dy = ( 0.00524,-0.00418),(-0.00909,-0.00429)
 Ant 4:Dx,Dy = ( 0.00419, 0.01690),(-0.00322, 0.01819)
 Ant 5:Dx,Dy = (-0.01756,-0.00233),( 0.01608,-0.00174)
 Ant 6:Dx,Dy = ( 0.00236,-0.02170),(-0.00115,-0.02033)
Solution for freq bin  1
Iter= 1, Amplit/Phase Solution Error:   0.693
Iter= 1, Polarisation Solution Error:   0.006
Iter= 1, Overall Solution Error:        2.388
Iter= 2, Amplit/Phase Solution Error:   0.007
Iter= 2, Polarisation Solution Error:   0.000
Iter= 2, Overall Solution Error:        0.006
Iter= 3, Amplit/Phase Solution Error:   0.001
Iter= 3, Polarisation Solution Error:   0.000
Iter= 3, Overall Solution Error:        0.001
I flux density:   0.5643
Percent Q:  -0.623
Percent U:   0.226
Leakage terms:
 Ant 1:Dx,Dy = ( 0.00149, 0.00312),( 0.00039, 0.00409)
 Ant 2:Dx,Dy = ( 0.00381, 0.00676),(-0.00479, 0.00749)
 Ant 3:Dx,Dy = ( 0.00452,-0.00423),(-0.01024,-0.00358)
 Ant 4:Dx,Dy = ( 0.00322, 0.01789),(-0.00363, 0.01897)
 Ant 5:Dx,Dy = (-0.01834,-0.00298),( 0.01518,-0.00231)
 Ant 6:Dx,Dy = ( 0.00138,-0.02338),(-0.00083,-0.02184)
Solution for freq bin  2
Iter= 1, Amplit/Phase Solution Error:   0.739
Iter= 1, Polarisation Solution Error:   0.007
Iter= 1, Overall Solution Error:        2.356
Iter= 2, Amplit/Phase Solution Error:   0.007
Iter= 2, Polarisation Solution Error:   0.000
Iter= 2, Overall Solution Error:        0.006
Iter= 3, Amplit/Phase Solution Error:   0.001
Iter= 3, Polarisation Solution Error:   0.000
Iter= 3, Overall Solution Error:        0.001
I flux density:   0.6007
Percent Q:  -0.662
Percent U:  -0.109
Leakage terms:
 Ant 1:Dx,Dy = ( 0.00129, 0.00279),( 0.00062, 0.00404)
 Ant 2:Dx,Dy = ( 0.00300, 0.00499),(-0.00353, 0.00560)
 Ant 3:Dx,Dy = ( 0.00596,-0.00419),(-0.00804,-0.00506)
 Ant 4:Dx,Dy = ( 0.00513, 0.01591),(-0.00283, 0.01743)
 Ant 5:Dx,Dy = (-0.01686,-0.00167),( 0.01692,-0.00114)
 Ant 6:Dx,Dy = ( 0.00290,-0.01981),(-0.00173,-0.01888)

2018-11-22 04:56:55,413 [MainThread  ] [INFO ]  gpboot vis=2245-328.5500 cal=1934-638.5500

gpboot: Revision 1.9, 2015/10/29 01:31:30 UTC

Secondary flux density scaled by:   0.999
Frequency bin  1 scaled by      :   1.002
Frequency bin  2 scaled by      :   1.003

2018-11-22 04:58:29,180 [MainThread  ] [INFO ]  gpcopy vis=2245-328.5500 out=d.5500

gpcopy: Revision 1.13, 2015/10/29 01:31:39 UTC

Copying leakage table
Copying gain table
Interpolation tolerance set to (minutes): 720.00
Copying bandpass table

2018-11-22 05:17:36,530 [MainThread  ] [INFO ]  pgflag vis=d.5500 command='<b' stokes=i,v,q,u flagpar=8,2,2,3,6,3  options=nodisp

pgflag: Revision 1.30, 2016/10/05 23:06:50 UTC

Applying bandpass corrections to d.5500
Applying freq. dependent gain corrections to d.5500
Applying freq. dependent leakage correction to d.5500
Applying changes to dataset
Counts of correlations within selected channels:
 channel  Originally  Currently
 Good:     397683288  386751288    Changed to bad:   10932000
 Bad:       55768608   66700608    Changed to good:         0
 14.7% of the data is now flagged

2018-11-22 05:37:50,561 [MainThread  ] [INFO ]  pgflag vis=d.5500 command='<b' stokes=i,v,u,q flagpar=8,2,2,3,6,3  options=nodisp

pgflag: Revision 1.30, 2016/10/05 23:06:50 UTC

Applying bandpass corrections to d.5500
Applying freq. dependent gain corrections to d.5500
Applying freq. dependent leakage correction to d.5500
Applying changes to dataset
Counts of correlations within selected channels:
 channel  Originally  Currently
 Good:     386751288  379578804    Changed to bad:    7172484
 Bad:       66700608   73873092    Changed to good:         0
 16.3% of the data is now flagged

2018-11-22 05:42:21,258 [MainThread  ] [INFO ]  uvsplit vis=d.5500

uvsplit: Revision 1.18, 2016/05/09 03:06:18 UTC

Creating d_181.5500
Creating d_182.5500
Creating d_183.5500
Creating d_184.5500
Creating d_185.5500
Creating d_186.5500
Creating d_187.5500
Creating d_188.5500
Creating d_189.5500
Creating d_190.5500
Creating d_191.5500
Creating d_192.5500
Creating d_193.5500
Creating d_194.5500
Creating d_195.5500
Creating d_196.5500
Creating d_197.5500
Creating d_198.5500
Creating d_199.5500
Creating d_200.5500
Creating d_201.5500
Creating d_202.5500
Creating d_203.5500
Creating d_204.5500
Creating d_205.5500
Creating d_206.5500
Creating d_207.5500
Creating d_208.5500
Creating d_209.5500
Creating d_210.5500
Creating d_211.5500
Creating d_212.5500
Creating d_213.5500
Creating d_214.5500
Creating d_215.5500
Creating d_216.5500
Creating d_217.5500
Creating d_218.5500
Creating d_219.5500
Creating d_220.5500
Creating d_221.5500
Creating d_222.5500
Creating d_223.5500
Creating d_224.5500
Creating d_225.5500
Creating d_226.5500
Creating d_227.5500
Creating d_228.5500
Creating d_229.5500
Creating d_230.5500
Creating d_231.5500
Creating d_232.5500
Creating d_233.5500
Creating d_234.5500
Creating d_235.5500
Creating d_236.5500
Creating d_237.5500
Creating d_238.5500
Creating d_239.5500
Creating d_240.5500
Creating d_241.5500
Creating d_242.5500
Creating d_243.5500
Creating d_244.5500
Creating d_245.5500
Creating d_246.5500
Creating d_247.5500
Creating d_248.5500
Creating d_249.5500
Creating d_250.5500
Creating d_251.5500
Creating d_252.5500
Creating d_253.5500
Creating d_254.5500
Creating d_255.5500
Creating d_256.5500
Creating d_257.5500
Creating d_258.5500
Creating d_259.5500
Creating d_260.5500
Creating d_261.5500
Creating d_262.5500
Creating d_263.5500
Creating d_264.5500
Creating d_265.5500
Creating d_266.5500
Creating d_267.5500
Creating d_268.5500
Creating d_269.5500
Creating d_270.5500
Creating d_271.5500
Creating d_272.5500
Creating d_273.5500
Creating d_274.5500
Creating d_275.5500
Creating d_276.5500
Creating d_277.5500
Creating d_278.5500
Creating d_279.5500
Creating d_280.5500
Creating d_281.5500
Creating d_282.5500
Creating d_283.5500
Creating d_284.5500
Creating d_285.5500
Creating d_286.5500
Creating d_287.5500
Creating d_288.5500
Creating d_289.5500
Creating d_290.5500
Creating d_291.5500
Creating d_292.5500
Creating d_293.5500
Creating d_294.5500
Creating d_295.5500
Creating d_296.5500
Creating d_297.5500
Creating d_298.5500
Creating d_299.5500
Creating d_300.5500
Creating d_301.5500
Creating d_302.5500
Creating d_303.5500
Creating d_304.5500
Creating d_305.5500
Creating d_306.5500
Creating d_307.5500
Creating d_308.5500
Creating d_309.5500
Creating d_310.5500
Creating d_311.5500
Creating d_312.5500
Creating d_313.5500
Creating d_314.5500
Creating d_315.5500
Creating d_316.5500
Creating d_317.5500
Creating d_318.5500
Creating d_319.5500
Creating d_320.5500
Creating d_321.5500
Creating d_322.5500
Creating d_323.5500
Creating d_324.5500
Creating d_325.5500
Creating d_326.5500
Creating d_327.5500
Creating d_328.5500
Creating d_329.5500
Creating d_330.5500
Creating d_331.5500
Creating d_332.5500
Creating d_333.5500
Creating d_334.5500
Creating d_335.5500
Creating d_336.5500
Creating d_337.5500
Creating d_338.5500
Creating d_339.5500
Creating d_340.5500
Creating d_341.5500
Creating d_342.5500
Creating d_343.5500
Creating d_344.5500
Creating d_345.5500
Creating d_346.5500
Creating d_347.5500
Creating d_348.5500
Creating d_349.5500
Creating d_350.5500
Creating d_351.5500
Creating d_352.5500
Creating d_353.5500
Creating d_354.5500
Creating d_355.5500
Creating d_356.5500
Creating d_357.5500
Creating d_358.5500
Creating d_359.5500
Creating d_360.5500

