2018-11-22 16:07:00,038 [MainThread  ] [INFO ]  atlod in=raw/2017-04-19_1715.C3132,raw/2017-04-19_2003.C3132,raw/2017-04-19_2258.C3132,raw/2017-04-20_0153.C3132,raw/2017-04-20_0440.C3132 out=data9.uv ifsel=2 options=birdie,rfiflag,noauto,xycorr

atlod: Revision 1.53, 2016/08/25 23:02:21 UTC

Processing file raw/2017-04-19_1715.C3132
 17:15:47 CAOBS> track 1
CABB data detected
Scan 1 started at 17APR19:17:16:04.0
Source: 1934-638
Flagging channels in  28 frequency ranges
 17:29:58 CAOBS> stop
 17:30:25 CAOBS> set fil c3132_obs_a8
 17:30:38 CAOBS> set file c3132_obs_a8
 17:30:44 CAOBS> start 1/100
Scan 2 started at 17APR19:17:32:36.0
Source: 2312-319
Scan 3 started at 17APR19:17:35:24.0
Source: a_1261
Source: a_1262
Source: a_1263
Source: a_1264
Source: a_1265
Source: a_1266
Source: a_1267
Source: a_1268
Source: a_1269
Source: a_1270
Source: a_1271
Source: a_1272
Source: a_1273
Source: a_1274
Source: a_1275
Source: a_1276
Source: a_1277
Source: a_1278
Source: a_1279
Source: a_1280
Scan 4 started at 17APR19:17:48:44.0
Source: 2312-319
Scan 5 started at 17APR19:17:51:40.0
Source: a_1281
Source: a_1282
Source: a_1283
Source: a_1284
Source: a_1285
Source: a_1286
Source: a_1287
Source: a_1288
Source: a_1289
Source: a_1290
Source: a_1291
Source: a_1292
Source: a_1293
Source: a_1294
Source: a_1295
Source: a_1296
Source: a_1297
Source: a_1298
Source: a_1299
Source: a_1300
Scan 6 started at 17APR19:18:05:00.0
Source: 2312-319
Scan 7 started at 17APR19:18:07:48.0
Source: a_1301
Source: a_1302
Source: a_1303
Source: a_1304
Source: a_1305
Source: a_1306
Source: a_1307
Source: a_1308
Source: a_1309
Source: a_1310
Source: a_1311
Source: a_1312
Source: a_1313
Source: a_1314
Source: a_1315
Source: a_1316
Source: a_1317
Source: a_1318
Source: a_1319
Source: a_1320
Scan 8 started at 17APR19:18:21:08.0
Source: 2312-319
Scan 9 started at 17APR19:18:23:56.0
Source: a_1321
Source: a_1322
Source: a_1323
Source: a_1324
Source: a_1325
Source: a_1326
Source: a_1327
Source: a_1328
Source: a_1329
Source: a_1330
Source: a_1331
Source: a_1332
Source: a_1333
Source: a_1334
Source: a_1335
Source: a_1336
Source: a_1337
Source: a_1338
Source: a_1339
Source: a_1340
Scan 10 started at 17APR19:18:37:16.0
Source: 2312-319
Scan 11 started at 17APR19:18:40:04.0
Source: a_1341
Source: a_1342
Source: a_1343
Source: a_1344
Source: a_1345
Source: a_1346
Source: a_1347
Source: a_1348
Source: a_1349
Source: a_1350
Source: a_1351
Source: a_1352
Source: a_1353
Source: a_1354
Source: a_1355
Source: a_1356
Source: a_1357
Source: a_1358
Source: a_1359
Source: a_1360
Scan 12 started at 17APR19:18:53:24.0
Source: 2312-319
Scan 13 started at 17APR19:18:56:12.0
Source: a_1361
Source: a_1362
Source: a_1363
Source: a_1364
Source: a_1365
Source: a_1366
Source: a_1367
Source: a_1368
Source: a_1369
Source: a_1370
Source: a_1371
Source: a_1372
Source: a_1373
Source: a_1374
Source: a_1375
Source: a_1376
Source: a_1377
Source: a_1378
Source: a_1379
Scan 14 started at 17APR19:19:08:52.0
Source: 2312-319
Scan 15 started at 17APR19:19:11:40.0
Source: a_1380
Source: a_1381
Source: a_1382
Source: a_1383
Source: a_1384
Source: a_1385
Source: a_1386
Source: a_1387
Source: a_1388
Source: a_1389
Source: a_1390
Source: a_1391
Source: a_1392
Source: a_1393
Source: a_1394
Source: a_1395
Source: a_1396
Source: a_1397
Source: a_1398
Scan 16 started at 17APR19:19:24:20.0
Source: 2312-319
Scan 17 started at 17APR19:19:27:16.0
Source: a_1399
Source: a_1400
Source: a_1401
Source: a_1402
Source: a_1403
Source: a_1404
Source: a_1405
Source: a_1406
Source: a_1407
Source: a_1408
Source: a_1409
Source: a_1410
Source: a_1411
Source: a_1412
Source: a_1413
Source: a_1414
Source: a_1415
Source: a_1416
Source: a_1417
Scan 18 started at 17APR19:19:39:56.0
Source: 2312-319
Scan 19 started at 17APR19:19:42:44.0
Source: a_1418
Source: a_1419
Source: a_1420
Source: a_1421
Source: a_1422
Source: a_1423
Source: a_1424
Source: a_1425
Source: a_1426
Source: a_1427
Source: a_1428
Source: a_1429
Source: a_1430
Source: a_1431
Source: a_1432
Source: a_1433
Source: a_1434
Source: a_1435
Scan 20 started at 17APR19:19:54:44.0
Source: 2312-319
Scan 21 started at 17APR19:19:57:40.0
Source: a_1261
Source: a_1262
Source: a_1263
Source: a_1264
Source: a_1265
Source: a_1266
Source: a_1267
Source: a_1268
Source: a_1269
Source: a_1270
RPFITS file version is 2.12
---------------------------------------
Total number of spectra selected: 72660

Summary of spectra flagged
Flagging Reason            Fraction
---------------            --------
Antenna off-source/off-line  4.56%
---------------------------------------
Processing file raw/2017-04-19_2003.C3132
CABB data detected
Scan 1 started at 17APR19:20:03:40.0
Source: a_1270
Source: a_1271
Source: a_1272
Source: a_1273
Source: a_1274
Source: a_1275
Source: a_1276
Source: a_1277
Source: a_1278
Source: a_1279
Source: a_1280
Scan 2 started at 17APR19:20:11:00.0
Source: 2312-319
Scan 3 started at 17APR19:20:13:56.0
Source: a_1281
Source: a_1282
Source: a_1283
Source: a_1284
Source: a_1285
Source: a_1286
Source: a_1287
Source: a_1288
Source: a_1289
Source: a_1290
Source: a_1291
Source: a_1292
Source: a_1293
Source: a_1294
Source: a_1295
Source: a_1296
Source: a_1297
Source: a_1298
Source: a_1299
Source: a_1300
Scan 4 started at 17APR19:20:27:16.0
Source: 2312-319
Scan 5 started at 17APR19:20:30:12.0
Source: a_1301
Source: a_1302
Source: a_1303
Source: a_1304
Source: a_1305
Source: a_1306
Source: a_1307
Source: a_1308
Source: a_1309
Source: a_1310
Source: a_1311
Source: a_1312
Source: a_1313
Source: a_1314
Source: a_1315
Source: a_1316
Source: a_1317
Source: a_1318
Source: a_1319
Source: a_1320
Scan 6 started at 17APR19:20:43:40.0
Source: 2312-319
Scan 7 started at 17APR19:20:46:36.0
Source: a_1321
Source: a_1322
Source: a_1323
Source: a_1324
Source: a_1325
Source: a_1326
Source: a_1327
Source: a_1328
Source: a_1329
Source: a_1330
Source: a_1331
Source: a_1332
Source: a_1333
Source: a_1334
Source: a_1335
Source: a_1336
Source: a_1337
Source: a_1338
Source: a_1339
Source: a_1340
Scan 8 started at 17APR19:21:00:04.0
Source: 2312-319
Scan 9 started at 17APR19:21:03:00.0
Source: a_1341
Source: a_1342
Source: a_1343
Source: a_1344
Source: a_1345
Source: a_1346
Source: a_1347
Source: a_1348
Source: a_1349
Source: a_1350
Source: a_1351
Source: a_1352
Source: a_1353
Source: a_1354
Source: a_1355
Source: a_1356
Source: a_1357
Source: a_1358
Source: a_1359
Source: a_1360
Scan 10 started at 17APR19:21:16:20.0
Source: 2312-319
 21:17:60 CAOBS> stop
 21:23:36 CAOBS> set file c3132_cal
 21:24:04 CAOBS> track 3
 21:24:08 CAOBS> track 2
 21:24:23 CAOBS> track 4
Scan 11 started at 17APR19:21:28:44.0
Source: 1921-293
 21:29:35 CAOBS> corr dcal
 21:31:05 CAOBS> stop
 21:31:17 CAOBS> set file c3132_obs_a8
 21:31:40 CAOBS> start 9/100
Scan 12 started at 17APR19:21:35:56.0
Source: 2312-319
Scan 13 started at 17APR19:21:38:52.0
Source: a_1341
Source: a_1342
Source: a_1343
Source: a_1344
Source: a_1345
Source: a_1346
Source: a_1347
Source: a_1348
Source: a_1349
Source: a_1350
Source: a_1351
Source: a_1352
Source: a_1353
Source: a_1354
Source: a_1355
Source: a_1356
Source: a_1357
Source: a_1358
Source: a_1359
Source: a_1360
Scan 14 started at 17APR19:21:52:12.0
Source: 2312-319
Scan 15 started at 17APR19:21:55:16.0
Source: a_1361
Source: a_1362
Source: a_1363
Source: a_1364
Source: a_1365
Source: a_1366
Source: a_1367
Source: a_1368
Source: a_1369
Source: a_1370
Source: a_1371
Source: a_1372
Source: a_1373
Source: a_1374
Source: a_1375
Source: a_1376
Source: a_1377
Source: a_1378
Source: a_1379
Scan 16 started at 17APR19:22:08:04.0
Source: 2312-319
Scan 17 started at 17APR19:22:11:08.0
Source: a_1380
Source: a_1381
Source: a_1382
Source: a_1383
Source: a_1384
Source: a_1385
Source: a_1386
Source: a_1387
Source: a_1388
Source: a_1389
Source: a_1390
Source: a_1391
Source: a_1392
Source: a_1393
Source: a_1394
Source: a_1395
Source: a_1396
Source: a_1397
Source: a_1398
Scan 18 started at 17APR19:22:24:04.0
Source: 2312-319
Scan 19 started at 17APR19:22:27:16.0
Source: a_1399
Source: a_1400
Source: a_1401
Source: a_1402
Source: a_1403
Source: a_1404
Source: a_1405
Source: a_1406
Source: a_1407
Source: a_1408
Source: a_1409
Source: a_1410
Source: a_1411
Source: a_1412
Source: a_1413
Source: a_1414
Source: a_1415
Source: a_1416
Source: a_1417
Scan 20 started at 17APR19:22:40:04.0
Source: 2312-319
Scan 21 started at 17APR19:22:43:40.0
Source: a_1418
Source: a_1419
Source: a_1420
Source: a_1421
Source: a_1422
Source: a_1423
Source: a_1424
Source: a_1425
Source: a_1426
Source: a_1427
Source: a_1428
Source: a_1429
Source: a_1430
Source: a_1431
Source: a_1432
Source: a_1433
Source: a_1434
Source: a_1435
Scan 22 started at 17APR19:22:55:32.0
Source: 2312-319
RPFITS file version is 2.12
---------------------------------------
Total number of spectra selected: 72660

Summary of spectra flagged
Flagging Reason            Fraction
---------------            --------
Antenna off-source/off-line  10.6%
---------------------------------------
Processing file raw/2017-04-19_2258.C3132
CABB data detected
Scan 1 started at 17APR19:22:59:24.0
Source: a_1261
Source: a_1262
Source: a_1263
Source: a_1264
Source: a_1265
Source: a_1266
Source: a_1267
Source: a_1268
Source: a_1269
Source: a_1270
Scan 2 started at 17APR19:23:12:44.0
Source: 2312-319
Scan 3 started at 17APR19:23:17:48.0
Source: a_1282
Source: a_1283
Source: a_1284
Source: a_1285
Source: a_1286
Source: a_1287
Source: a_1288
Source: a_1289
Source: a_1290
Source: a_1291
Source: a_1292
Source: a_1293
Source: a_1294
Source: a_1295
Source: a_1296
Source: a_1297
Source: a_1298
Source: a_1299
Source: a_1300
Scan 4 started at 17APR19:23:31:40.0
Source: 2312-319
Scan 5 started at 17APR19:23:35:32.0
Source: a_1302
Source: a_1303
Source: a_1304
Source: a_1305
Source: a_1306
Source: a_1307
Source: a_1308
Source: a_1309
Source: a_1310
Source: a_1311
Source: a_1312
Source: a_1313
Source: a_1314
Source: a_1315
Source: a_1316
Source: a_1317
Source: a_1318
Source: a_1319
Source: a_1320
Scan 6 started at 17APR19:23:49:08.0
Source: 2312-319
Scan 7 started at 17APR19:23:52:36.0
Source: a_1321
Source: a_1322
Source: a_1323
Source: a_1324
Source: a_1325
Source: a_1326
Source: a_1327
Source: a_1328
Source: a_1329
Source: a_1330
Source: a_1331
Source: a_1332
Source: a_1333
Source: a_1334
Source: a_1335
Source: a_1336
Source: a_1337
Source: a_1338
Source: a_1339
Source: a_1340
Scan 8 started at 17APR20:00:06:20.0
Source: 2312-319
Scan 9 started at 17APR20:00:09:32.0
Source: a_1341
Source: a_1342
Source: a_1343
Source: a_1344
Source: a_1345
Source: a_1346
Source: a_1347
Source: a_1348
Source: a_1349
Source: a_1350
Source: a_1351
Source: a_1352
Source: a_1353
Source: a_1354
Source: a_1355
Source: a_1356
Source: a_1357
Source: a_1358
Source: a_1359
Source: a_1360
Scan 10 started at 17APR20:00:23:00.0
Source: 2312-319
Scan 11 started at 17APR20:00:26:04.0
Source: a_1361
Source: a_1362
Source: a_1363
Source: a_1364
Source: a_1365
Source: a_1366
Source: a_1367
Source: a_1368
Source: a_1369
Source: a_1370
Source: a_1371
Source: a_1372
Source: a_1373
Source: a_1374
Source: a_1375
Source: a_1376
Source: a_1377
Source: a_1378
Source: a_1379
Scan 12 started at 17APR20:00:38:52.0
Source: 2312-319
Scan 13 started at 17APR20:00:41:56.0
Source: a_1380
Source: a_1381
Source: a_1382
Source: a_1383
Source: a_1384
Source: a_1385
Source: a_1386
Source: a_1387
Source: a_1388
Source: a_1389
Source: a_1390
Source: a_1391
Source: a_1392
Source: a_1393
Source: a_1394
Source: a_1395
Source: a_1396
Source: a_1397
Source: a_1398
Scan 14 started at 17APR20:00:54:52.0
Source: 2312-319
Scan 15 started at 17APR20:00:57:48.0
Source: a_1399
Source: a_1400
Source: a_1401
Source: a_1402
Source: a_1403
Source: a_1404
Source: a_1405
Source: a_1406
Source: a_1407
Source: a_1408
Source: a_1409
Source: a_1410
Source: a_1411
Source: a_1412
Source: a_1413
Source: a_1414
Source: a_1415
Source: a_1416
Source: a_1417
Scan 16 started at 17APR20:01:10:36.0
Source: 2312-319
Scan 17 started at 17APR20:01:13:32.0
Source: a_1418
Source: a_1419
Source: a_1420
Source: a_1421
Source: a_1422
Source: a_1423
Source: a_1424
Source: a_1425
Source: a_1426
Source: a_1427
Source: a_1428
Source: a_1429
Source: a_1430
Source: a_1431
Source: a_1432
Source: a_1433
Source: a_1434
Source: a_1435
Scan 18 started at 17APR20:01:25:32.0
Source: 2312-319
Scan 19 started at 17APR20:01:28:28.0
Source: a_1261
Source: a_1262
Source: a_1263
Source: a_1264
Source: a_1265
Source: a_1266
Source: a_1267
Source: a_1268
Source: a_1269
Source: a_1270
Source: a_1271
Source: a_1272
Source: a_1273
Source: a_1274
Source: a_1275
Source: a_1276
Source: a_1277
Source: a_1278
Source: a_1279
Source: a_1280
Scan 20 started at 17APR20:01:41:48.0
Source: 2312-319
Scan 21 started at 17APR20:01:44:44.0
Source: a_1281
Source: a_1282
Source: a_1283
Source: a_1284
Source: a_1285
Source: a_1286
Source: a_1287
Source: a_1288
Source: a_1289
Source: a_1290
Source: a_1291
Source: a_1292
Source: a_1293
RPFITS file version is 2.12
---------------------------------------
Total number of spectra selected: 72600

Summary of spectra flagged
Flagging Reason            Fraction
---------------            --------
Antenna off-source/off-line  10.4%
---------------------------------------
Processing file raw/2017-04-20_0153.C3132
CABB data detected
Scan 1 started at 17APR20:01:53:09.5
Source: a_1294
Source: a_1295
Source: a_1296
Source: a_1297
Source: a_1298
Source: a_1299
Source: a_1300
Scan 2 started at 17APR20:01:58:04.0
Source: 2312-319
Scan 3 started at 17APR20:02:01:00.0
Source: a_1301
Source: a_1302
Source: a_1303
Source: a_1304
Source: a_1305
Source: a_1306
Source: a_1307
Source: a_1308
Source: a_1309
Source: a_1310
Source: a_1311
Source: a_1312
Source: a_1313
Source: a_1314
Source: a_1315
Source: a_1316
Source: a_1317
Source: a_1318
Source: a_1319
Source: a_1320
Scan 4 started at 17APR20:02:14:20.0
Source: 2312-319
Scan 5 started at 17APR20:02:17:16.0
Source: a_1321
Source: a_1322
Source: a_1323
Source: a_1324
Source: a_1325
Source: a_1326
Source: a_1327
Source: a_1328
Source: a_1329
Source: a_1330
Source: a_1331
Source: a_1332
Source: a_1333
Source: a_1334
Source: a_1335
Source: a_1336
Source: a_1337
Source: a_1338
Source: a_1339
Source: a_1340
Scan 6 started at 17APR20:02:30:36.0
Source: 2312-319
Scan 7 started at 17APR20:02:33:32.0
Source: a_1341
Source: a_1342
Source: a_1343
Source: a_1344
Source: a_1345
Source: a_1346
Source: a_1347
Source: a_1348
Source: a_1349
Source: a_1350
Source: a_1351
Source: a_1352
Source: a_1353
Source: a_1354
Source: a_1355
Source: a_1356
Source: a_1357
Source: a_1358
Source: a_1359
Source: a_1360
Scan 8 started at 17APR20:02:46:52.0
Source: 2312-319
Scan 9 started at 17APR20:02:49:48.0
Source: a_1361
Source: a_1362
Source: a_1363
Source: a_1364
Source: a_1365
Source: a_1366
Source: a_1367
Source: a_1368
Source: a_1369
Source: a_1370
Source: a_1371
Source: a_1372
Source: a_1373
Source: a_1374
Source: a_1375
Source: a_1376
Source: a_1377
Source: a_1378
Source: a_1379
Scan 10 started at 17APR20:03:02:28.0
Source: 2312-319
Scan 11 started at 17APR20:03:05:24.0
Source: a_1380
Source: a_1381
Source: a_1382
Source: a_1383
Source: a_1384
Source: a_1385
Source: a_1386
Source: a_1387
Source: a_1388
Source: a_1389
Source: a_1390
Source: a_1391
Source: a_1392
Source: a_1393
Source: a_1394
Source: a_1395
Source: a_1396
Source: a_1397
Source: a_1398
Scan 12 started at 17APR20:03:18:04.0
Source: 2312-319
Scan 13 started at 17APR20:03:21:00.0
Source: a_1399
Source: a_1400
Source: a_1401
Source: a_1402
Source: a_1403
Source: a_1404
Source: a_1405
Source: a_1406
Source: a_1407
Source: a_1408
Source: a_1409
Source: a_1410
Source: a_1411
Source: a_1412
Source: a_1413
Source: a_1414
Source: a_1415
Source: a_1416
Source: a_1417
Scan 14 started at 17APR20:03:33:40.0
Source: 2312-319
Scan 15 started at 17APR20:03:36:36.0
Source: a_1418
Source: a_1419
Source: a_1420
Source: a_1421
Source: a_1422
Source: a_1423
Source: a_1424
Source: a_1425
Source: a_1426
Source: a_1427
Source: a_1428
Source: a_1429
Source: a_1430
Source: a_1431
Source: a_1432
Source: a_1433
Source: a_1434
Source: a_1435
Scan 16 started at 17APR20:03:48:36.0
Source: 2312-319
Scan 17 started at 17APR20:03:51:24.0
Source: a_1261
Source: a_1262
Source: a_1263
Source: a_1264
Source: a_1265
Source: a_1266
Source: a_1267
Source: a_1268
Source: a_1269
Source: a_1270
Source: a_1271
Source: a_1272
Source: a_1273
Source: a_1274
Source: a_1275
Source: a_1276
Source: a_1277
Source: a_1278
Source: a_1279
Source: a_1280
Scan 18 started at 17APR20:04:04:44.0
Source: 2312-319
Scan 19 started at 17APR20:04:07:32.0
Source: a_1281
Source: a_1282
Source: a_1283
Source: a_1284
Source: a_1285
Source: a_1286
Source: a_1287
Source: a_1288
Source: a_1289
Source: a_1290
Source: a_1291
Source: a_1292
Source: a_1293
Source: a_1294
Source: a_1295
Source: a_1296
Source: a_1297
Source: a_1298
Source: a_1299
Source: a_1300
Scan 20 started at 17APR20:04:20:52.0
Source: 2312-319
Scan 21 started at 17APR20:04:23:40.0
Source: a_1301
Source: a_1302
Source: a_1303
Source: a_1304
Source: a_1305
Source: a_1306
Source: a_1307
Source: a_1308
Source: a_1309
Source: a_1310
Source: a_1311
Source: a_1312
Source: a_1313
Source: a_1314
Source: a_1315
Source: a_1316
Source: a_1317
Source: a_1318
Source: a_1319
Source: a_1320
Scan 22 started at 17APR20:04:37:00.0
Source: 2312-319
Scan 23 started at 17APR20:04:39:48.0
Source: a_1321
Source: a_1322
RPFITS file version is 2.12
---------------------------------------
Total number of spectra selected: 72660

Summary of spectra flagged
Flagging Reason            Fraction
---------------            --------
Antenna off-source/off-line  4.21%
---------------------------------------
Processing file raw/2017-04-20_0440.C3132
CABB data detected
Scan 1 started at 17APR20:04:40:28.0
Source: a_1322
Source: a_1323
Source: a_1324
Source: a_1325
Source: a_1326
Source: a_1327
Source: a_1328
Source: a_1329
Source: a_1330
Source: a_1331
Source: a_1332
Source: a_1333
Source: a_1334
Source: a_1335
Source: a_1336
Source: a_1337
Source: a_1338
Source: a_1339
Source: a_1340
Scan 2 started at 17APR20:04:53:08.0
Source: 2312-319
Scan 3 started at 17APR20:04:56:04.0
Source: a_1341
Source: a_1342
Source: a_1343
 04:57:31 CAOBS> stop
 04:57:35 CAOBS> corr close
RPFITS file version is 2.12
---------------------------------------
Total number of spectra selected: 7440

Summary of spectra flagged
Flagging Reason            Fraction
---------------            --------
Antenna off-source/off-line  3.49%
---------------------------------------

No CACAL data was detected

2018-11-22 16:07:46,962 [MainThread  ] [INFO ]  uvflag vis=data9.uv line=chan,65,850,1 flagval=flag

uvflag: Revision 1.8, 2014/09/30 14:23:39 UTC


Set flags to indicate bad data in visibility file data9.uv
Linetype channel; select   65 channels; start  850, width    1, step    1

Overview of flagging on visibility file data9.uv
Changed flags set to FALSE (data flagged as bad)
Total number of records selected: 276148; out of 276148 records
Antennas used: 1-6
Counts of correlations within selected channels
channel   Originally    Currently
Good:        17945720.           0.    Changed to bad:    17945720.
Bad:             3900.    17949620.

2018-11-22 16:09:08,631 [MainThread  ] [INFO ]  uvsplit vis=data9.uv options=mosaic

uvsplit: Revision 1.18, 2016/05/09 03:06:18 UTC

Creating 1934-638.9500
Creating 2312-319.9500
Creating a.9500
Creating 1921-293.9500

2018-11-22 16:09:30,867 [MainThread  ] [INFO ]  pgflag vis=1934-638.9500 command='<b' stokes=i,q,u,v flagpar=8,5,5,3,6,3 options=nodisp

pgflag: Revision 1.30, 2016/10/05 23:06:50 UTC

Applying changes to dataset
Counts of correlations within selected channels:
 channel  Originally  Currently
 Good:      11032320   10920876    Changed to bad:     111444
 Bad:        1753440    1864884    Changed to good:         0
 14.6% of the data is now flagged

2018-11-22 16:09:52,139 [MainThread  ] [INFO ]  pgflag vis=1934-638.9500 command='<b' stokes=i,v,q,u flagpar=8,2,2,3,6,3  options=nodisp

pgflag: Revision 1.30, 2016/10/05 23:06:50 UTC

Applying changes to dataset
Counts of correlations within selected channels:
 channel  Originally  Currently
 Good:      10920876   10816768    Changed to bad:     104108
 Bad:        1864884    1968992    Changed to good:         0
 15.4% of the data is now flagged

2018-11-22 16:10:09,643 [MainThread  ] [INFO ]  pgflag vis=1934-638.9500 command='<b' stokes=i,v,u,q flagpar=8,2,2,3,6,3  options=nodisp

pgflag: Revision 1.30, 2016/10/05 23:06:50 UTC

Applying changes to dataset
Counts of correlations within selected channels:
 channel  Originally  Currently
 Good:      10816768   10577512    Changed to bad:     239256
 Bad:        1968992    2208248    Changed to good:         0
 17.3% of the data is now flagged

2018-11-22 16:11:45,606 [MainThread  ] [INFO ]  mfcal vis=1934-638.9500 refant=4 interval=0.1
MfCal: $Revision: 1.20 $, $Date: 2017/05/08 02:31:10 $
Selecting parallel-hand polarisations
Reading the data ...
Number correlations accepted: 5288756
Number of frequency bands/settings: 1
Number of polarisations selected: 2
Number of solution intervals: 104
Number of passband solution intervals: 1
Initialising ...
Using post-Aug94 ATCA flux scale for 1934-638.
Using known frequency variation of 1934-638
Generating initial solution estimate ...
Doing solution refinement ...
Iter= 1, Solution Error:  0.457
Iter= 2, Solution Error:  0.008
Iter= 3, Solution Error:  0.000
Saving solution ...

2018-11-22 16:11:50,648 [MainThread  ] [INFO ]  gpcal vis=1934-638.9500 refant=4 interval=0.1 nfbin=2 options=xyvary

gpcal: Revision 1.22, 2016/05/01 22:31:05 UTC

Applying bandpass corrections to 1934-638.9500
Number of antennae: 6
Reading the data ...
Number of solution intervals: 104
Total visibilities read: 1560
Number visibilities accepted: 1560
Using post-Aug94 ATCA flux scale for 1934-638.
Using IQUV =  2.5347,  0.0000,  0.0000,  0.0000 at   9.4705 GHz.
Using post-Aug94 ATCA flux scale for 1934-638.
Using IQUV =  2.6978,  0.0000,  0.0000,  0.0000 at   9.0075 GHz.
Using post-Aug94 ATCA flux scale for 1934-638.
Using IQUV =  2.3850,  0.0000,  0.0000,  0.0000 at   9.9477 GHz.
Iter= 1, Amplit/Phase Solution Error:   0.174
Iter= 1, Polarisation Solution Error:   0.036
Iter= 1, Overall Solution Error:        0.642
Iter= 2, Amplit/Phase Solution Error:   0.001
Iter= 2, Polarisation Solution Error:   0.000
Iter= 2, Overall Solution Error:        0.002
Iter= 3, Amplit/Phase Solution Error:   0.001
Iter= 3, Polarisation Solution Error:   0.000
Iter= 3, Overall Solution Error:        0.001
I flux density:   2.5347
Leakage terms:
 Ant 1:Dx,Dy = ( 0.00225, 0.00021),(-0.00085,-0.00017)
 Ant 2:Dx,Dy = ( 0.00356, 0.00184),(-0.00243, 0.00247)
 Ant 3:Dx,Dy = ( 0.00621,-0.00198),(-0.00866,-0.00237)
 Ant 4:Dx,Dy = ( 0.00256, 0.01563),(-0.00113, 0.01597)
 Ant 5:Dx,Dy = (-0.01613, 0.00283),( 0.01740, 0.00277)
 Ant 6:Dx,Dy = ( 0.00422,-0.01988),(-0.00165,-0.01732)
Solution for freq bin  1
Iter= 1, Amplit/Phase Solution Error:   0.170
Iter= 1, Polarisation Solution Error:   0.035
Iter= 1, Overall Solution Error:        0.631
Iter= 2, Amplit/Phase Solution Error:   0.001
Iter= 2, Polarisation Solution Error:   0.000
Iter= 2, Overall Solution Error:        0.003
Iter= 3, Amplit/Phase Solution Error:   0.001
Iter= 3, Polarisation Solution Error:   0.000
Iter= 3, Overall Solution Error:        0.001
I flux density:   2.6978
Leakage terms:
 Ant 1:Dx,Dy = ( 0.00253, 0.00049),(-0.00102,-0.00003)
 Ant 2:Dx,Dy = ( 0.00398, 0.00271),(-0.00209, 0.00320)
 Ant 3:Dx,Dy = ( 0.00611,-0.00257),(-0.00849,-0.00250)
 Ant 4:Dx,Dy = ( 0.00243, 0.01568),(-0.00160, 0.01627)
 Ant 5:Dx,Dy = (-0.01621, 0.00153),( 0.01718, 0.00228)
 Ant 6:Dx,Dy = ( 0.00427,-0.01948),(-0.00085,-0.01758)
Solution for freq bin  2
Iter= 1, Amplit/Phase Solution Error:   0.178
Iter= 1, Polarisation Solution Error:   0.036
Iter= 1, Overall Solution Error:        0.656
Iter= 2, Amplit/Phase Solution Error:   0.002
Iter= 2, Polarisation Solution Error:   0.000
Iter= 2, Overall Solution Error:        0.003
Iter= 3, Amplit/Phase Solution Error:   0.001
Iter= 3, Polarisation Solution Error:   0.000
Iter= 3, Overall Solution Error:        0.001
I flux density:   2.3850
Leakage terms:
 Ant 1:Dx,Dy = ( 0.00195,-0.00009),(-0.00065,-0.00033)
 Ant 2:Dx,Dy = ( 0.00309, 0.00087),(-0.00280, 0.00166)
 Ant 3:Dx,Dy = ( 0.00631,-0.00131),(-0.00886,-0.00221)
 Ant 4:Dx,Dy = ( 0.00271, 0.01557),(-0.00061, 0.01564)
 Ant 5:Dx,Dy = (-0.01604, 0.00425),( 0.01764, 0.00331)
 Ant 6:Dx,Dy = ( 0.00416,-0.02034),(-0.00254,-0.01702)

2018-11-22 16:12:21,169 [MainThread  ] [INFO ]  pgflag vis=1934-638.9500 command='<b' stokes=i,q,u,v flagpar=8,5,5,3,6,3 options=nodisp

pgflag: Revision 1.30, 2016/10/05 23:06:50 UTC

Applying bandpass corrections to 1934-638.9500
Applying freq. dependent gain corrections to 1934-638.9500
Applying freq. dependent leakage correction to 1934-638.9500
Applying changes to dataset
Counts of correlations within selected channels:
 channel  Originally  Currently
 Good:      10577512   10535068    Changed to bad:      42444
 Bad:        2208248    2250692    Changed to good:         0
 17.6% of the data is now flagged

2018-11-22 16:12:52,436 [MainThread  ] [INFO ]  pgflag vis=1934-638.9500 command='<b' stokes=i,v,q,u flagpar=8,2,2,3,6,3  options=nodisp

pgflag: Revision 1.30, 2016/10/05 23:06:50 UTC

Applying bandpass corrections to 1934-638.9500
Applying freq. dependent gain corrections to 1934-638.9500
Applying freq. dependent leakage correction to 1934-638.9500
Applying changes to dataset
Counts of correlations within selected channels:
 channel  Originally  Currently
 Good:      10535068   10489464    Changed to bad:      45604
 Bad:        2250692    2296296    Changed to good:         0
 18.0% of the data is now flagged

2018-11-22 16:13:26,536 [MainThread  ] [INFO ]  pgflag vis=1934-638.9500 command='<b' stokes=i,v,u,q flagpar=8,2,2,3,6,3  options=nodisp

pgflag: Revision 1.30, 2016/10/05 23:06:50 UTC

Applying bandpass corrections to 1934-638.9500
Applying freq. dependent gain corrections to 1934-638.9500
Applying freq. dependent leakage correction to 1934-638.9500
Applying changes to dataset
Counts of correlations within selected channels:
 channel  Originally  Currently
 Good:      10489464   10447392    Changed to bad:      42072
 Bad:        2296296    2338368    Changed to good:         0
 18.3% of the data is now flagged

2018-11-22 16:14:57,931 [MainThread  ] [INFO ]  mfcal vis=1934-638.9500 refant=4 interval=0.1
MfCal: $Revision: 1.20 $, $Date: 2017/05/08 02:31:10 $
Selecting parallel-hand polarisations
Reading the data ...
Number correlations accepted: 5223696
Number of frequency bands/settings: 1
Number of polarisations selected: 2
Number of solution intervals: 104
Number of passband solution intervals: 1
Initialising ...
Using post-Aug94 ATCA flux scale for 1934-638.
Using known frequency variation of 1934-638
Generating initial solution estimate ...
Doing solution refinement ...
Iter= 1, Solution Error:  0.460
Iter= 2, Solution Error:  0.008
Iter= 3, Solution Error:  0.000
Saving solution ...

2018-11-22 16:15:05,856 [MainThread  ] [INFO ]  gpcal vis=1934-638.9500 refant=4 interval=0.1 nfbin=2 options=xyvary

gpcal: Revision 1.22, 2016/05/01 22:31:05 UTC

Applying bandpass corrections to 1934-638.9500
Number of antennae: 6
Using leakage parameters from input as initial guess
Reading the data ...
Number of solution intervals: 104
Total visibilities read: 1560
Number visibilities accepted: 1560
Using post-Aug94 ATCA flux scale for 1934-638.
Using IQUV =  2.5347,  0.0000,  0.0000,  0.0000 at   9.4706 GHz.
Using post-Aug94 ATCA flux scale for 1934-638.
Using IQUV =  2.6979,  0.0000,  0.0000,  0.0000 at   9.0074 GHz.
Using post-Aug94 ATCA flux scale for 1934-638.
Using IQUV =  2.3858,  0.0000,  0.0000,  0.0000 at   9.9450 GHz.
Iter= 1, Amplit/Phase Solution Error:   0.174
Iter= 1, Polarisation Solution Error:   0.000
Iter= 1, Overall Solution Error:        0.642
Iter= 2, Amplit/Phase Solution Error:   0.001
Iter= 2, Polarisation Solution Error:   0.000
Iter= 2, Overall Solution Error:        0.002
Iter= 3, Amplit/Phase Solution Error:   0.001
Iter= 3, Polarisation Solution Error:   0.000
Iter= 3, Overall Solution Error:        0.001
I flux density:   2.5347
Leakage terms:
 Ant 1:Dx,Dy = ( 0.00225, 0.00020),(-0.00083,-0.00018)
 Ant 2:Dx,Dy = ( 0.00357, 0.00184),(-0.00243, 0.00246)
 Ant 3:Dx,Dy = ( 0.00622,-0.00199),(-0.00866,-0.00237)
 Ant 4:Dx,Dy = ( 0.00257, 0.01563),(-0.00115, 0.01597)
 Ant 5:Dx,Dy = (-0.01613, 0.00286),( 0.01743, 0.00280)
 Ant 6:Dx,Dy = ( 0.00421,-0.01992),(-0.00165,-0.01732)
Solution for freq bin  1
Iter= 1, Amplit/Phase Solution Error:   0.170
Iter= 1, Polarisation Solution Error:   0.001
Iter= 1, Overall Solution Error:        0.631
Iter= 2, Amplit/Phase Solution Error:   0.001
Iter= 2, Polarisation Solution Error:   0.000
Iter= 2, Overall Solution Error:        0.003
Iter= 3, Amplit/Phase Solution Error:   0.001
Iter= 3, Polarisation Solution Error:   0.000
Iter= 3, Overall Solution Error:        0.001
I flux density:   2.6979
Leakage terms:
 Ant 1:Dx,Dy = ( 0.00253, 0.00047),(-0.00100,-0.00005)
 Ant 2:Dx,Dy = ( 0.00401, 0.00273),(-0.00208, 0.00320)
 Ant 3:Dx,Dy = ( 0.00612,-0.00258),(-0.00849,-0.00252)
 Ant 4:Dx,Dy = ( 0.00244, 0.01568),(-0.00165, 0.01627)
 Ant 5:Dx,Dy = (-0.01622, 0.00158),( 0.01722, 0.00233)
 Ant 6:Dx,Dy = ( 0.00426,-0.01952),(-0.00085,-0.01758)
Solution for freq bin  2
Iter= 1, Amplit/Phase Solution Error:   0.178
Iter= 1, Polarisation Solution Error:   0.001
Iter= 1, Overall Solution Error:        0.656
Iter= 2, Amplit/Phase Solution Error:   0.002
Iter= 2, Polarisation Solution Error:   0.000
Iter= 2, Overall Solution Error:        0.003
Iter= 3, Amplit/Phase Solution Error:   0.001
Iter= 3, Polarisation Solution Error:   0.000
Iter= 3, Overall Solution Error:        0.001
I flux density:   2.3858
Leakage terms:
 Ant 1:Dx,Dy = ( 0.00195,-0.00008),(-0.00065,-0.00032)
 Ant 2:Dx,Dy = ( 0.00309, 0.00087),(-0.00281, 0.00166)
 Ant 3:Dx,Dy = ( 0.00632,-0.00131),(-0.00886,-0.00220)
 Ant 4:Dx,Dy = ( 0.00272, 0.01557),(-0.00060, 0.01564)
 Ant 5:Dx,Dy = (-0.01604, 0.00425),( 0.01765, 0.00331)
 Ant 6:Dx,Dy = ( 0.00416,-0.02035),(-0.00254,-0.01703)

2018-11-22 16:15:09,779 [MainThread  ] [INFO ]  gpcopy vis=1934-638.9500 out=2312-319.9500

gpcopy: Revision 1.13, 2015/10/29 01:31:39 UTC

Copying leakage table
Copying gain table
Interpolation tolerance set to (minutes): 720.00
Copying bandpass table

2018-11-22 16:19:14,927 [MainThread  ] [INFO ]  pgflag vis=2312-319.9500 command='<b' stokes=i,q,u,v flagpar=8,5,5,3,6,3 options=nodisp

pgflag: Revision 1.30, 2016/10/05 23:06:50 UTC

Applying bandpass corrections to 2312-319.9500
Applying freq. dependent gain corrections to 2312-319.9500
Applying freq. dependent leakage correction to 2312-319.9500
Applying changes to dataset
Counts of correlations within selected channels:
 channel  Originally  Currently
 Good:      67587104   66840496    Changed to bad:     746608
 Bad:       10742068   11488676    Changed to good:         0
 14.7% of the data is now flagged

2018-11-22 16:22:58,749 [MainThread  ] [INFO ]  pgflag vis=2312-319.9500 command='<b' stokes=i,v,q,u flagpar=8,2,2,3,6,3  options=nodisp

pgflag: Revision 1.30, 2016/10/05 23:06:50 UTC

Applying bandpass corrections to 2312-319.9500
Applying freq. dependent gain corrections to 2312-319.9500
Applying freq. dependent leakage correction to 2312-319.9500
Applying changes to dataset
Counts of correlations within selected channels:
 channel  Originally  Currently
 Good:      66840496   66452784    Changed to bad:     387712
 Bad:       11488676   11876388    Changed to good:         0
 15.2% of the data is now flagged

2018-11-22 16:26:36,321 [MainThread  ] [INFO ]  pgflag vis=2312-319.9500 command='<b' stokes=i,v,u,q flagpar=8,2,2,3,6,3  options=nodisp

pgflag: Revision 1.30, 2016/10/05 23:06:50 UTC

Applying bandpass corrections to 2312-319.9500
Applying freq. dependent gain corrections to 2312-319.9500
Applying freq. dependent leakage correction to 2312-319.9500
Applying changes to dataset
Counts of correlations within selected channels:
 channel  Originally  Currently
 Good:      66452784   66067196    Changed to bad:     385588
 Bad:       11876388   12261976    Changed to good:         0
 15.7% of the data is now flagged

2018-11-22 16:26:42,132 [MainThread  ] [INFO ]  gpcal vis=2312-319.9500 refant=4 interval=0.1 nfbin=2 options=xyvary,qusolve

gpcal: Revision 1.22, 2016/05/01 22:31:05 UTC

Applying bandpass corrections to 2312-319.9500
Number of antennae: 6
Using leakage parameters from input as initial guess
Reading the data ...
Number of solution intervals: 635
Total visibilities read: 9557
Number visibilities accepted: 9511
Iter= 1, Amplit/Phase Solution Error:   0.825
Iter= 1, Polarisation Solution Error:   0.005
Iter= 1, Overall Solution Error:        2.527
Iter= 2, Amplit/Phase Solution Error:   0.006
Iter= 2, Polarisation Solution Error:   0.000
Iter= 2, Overall Solution Error:        0.005
Iter= 3, Amplit/Phase Solution Error:   0.001
Iter= 3, Polarisation Solution Error:   0.000
Iter= 3, Overall Solution Error:        0.001
I flux density:   0.5613
Percent Q:  -0.548
Percent U:  -0.045
Leakage terms:
 Ant 1:Dx,Dy = ( 0.00087,-0.00034),(-0.00102, 0.00031)
 Ant 2:Dx,Dy = ( 0.00314, 0.00120),(-0.00298, 0.00308)
 Ant 3:Dx,Dy = ( 0.00605,-0.00272),(-0.00970,-0.00172)
 Ant 4:Dx,Dy = ( 0.00186, 0.01510),(-0.00169, 0.01650)
 Ant 5:Dx,Dy = (-0.01660, 0.00226),( 0.01677, 0.00337)
 Ant 6:Dx,Dy = ( 0.00378,-0.02064),(-0.00227,-0.01641)
Solution for freq bin  1
Iter= 1, Amplit/Phase Solution Error:   0.798
Iter= 1, Polarisation Solution Error:   0.006
Iter= 1, Overall Solution Error:        2.507
Iter= 2, Amplit/Phase Solution Error:   0.006
Iter= 2, Polarisation Solution Error:   0.000
Iter= 2, Overall Solution Error:        0.006
Iter= 3, Amplit/Phase Solution Error:   0.001
Iter= 3, Polarisation Solution Error:   0.000
Iter= 3, Overall Solution Error:        0.001
I flux density:   0.5651
Percent Q:  -0.610
Percent U:   0.122
Leakage terms:
 Ant 1:Dx,Dy = ( 0.00082,-0.00007),(-0.00137, 0.00059)
 Ant 2:Dx,Dy = ( 0.00353, 0.00201),(-0.00276, 0.00394)
 Ant 3:Dx,Dy = ( 0.00582,-0.00330),(-0.00947,-0.00177)
 Ant 4:Dx,Dy = ( 0.00173, 0.01506),(-0.00249, 0.01665)
 Ant 5:Dx,Dy = (-0.01667, 0.00091),( 0.01636, 0.00278)
 Ant 6:Dx,Dy = ( 0.00378,-0.02017),(-0.00124,-0.01664)
Solution for freq bin  2
Iter= 1, Amplit/Phase Solution Error:   0.836
Iter= 1, Polarisation Solution Error:   0.005
Iter= 1, Overall Solution Error:        2.529
Iter= 2, Amplit/Phase Solution Error:   0.006
Iter= 2, Polarisation Solution Error:   0.000
Iter= 2, Overall Solution Error:        0.005
Iter= 3, Amplit/Phase Solution Error:   0.001
Iter= 3, Polarisation Solution Error:   0.000
Iter= 3, Overall Solution Error:        0.001
I flux density:   0.5585
Percent Q:  -0.492
Percent U:  -0.200
Leakage terms:
 Ant 1:Dx,Dy = ( 0.00093,-0.00060),(-0.00068, 0.00004)
 Ant 2:Dx,Dy = ( 0.00276, 0.00046),(-0.00319, 0.00230)
 Ant 3:Dx,Dy = ( 0.00630,-0.00217),(-0.00989,-0.00165)
 Ant 4:Dx,Dy = ( 0.00198, 0.01513),(-0.00094, 0.01637)
 Ant 5:Dx,Dy = (-0.01652, 0.00352),( 0.01717, 0.00392)
 Ant 6:Dx,Dy = ( 0.00380,-0.02108),(-0.00323,-0.01625)

2018-11-22 16:29:54,937 [MainThread  ] [INFO ]  pgflag vis=2312-319.9500 command='<b' stokes=i,q,u,v flagpar=8,5,5,3,6,3 options=nodisp

pgflag: Revision 1.30, 2016/10/05 23:06:50 UTC

Applying bandpass corrections to 2312-319.9500
Applying freq. dependent gain corrections to 2312-319.9500
Applying freq. dependent leakage correction to 2312-319.9500
Applying changes to dataset
Counts of correlations within selected channels:
 channel  Originally  Currently
 Good:      66067196   65732340    Changed to bad:     334856
 Bad:       12261976   12596832    Changed to good:         0
 16.1% of the data is now flagged

2018-11-22 16:33:02,431 [MainThread  ] [INFO ]  pgflag vis=2312-319.9500 command='<b' stokes=i,v,q,u flagpar=8,2,2,3,6,3  options=nodisp

pgflag: Revision 1.30, 2016/10/05 23:06:50 UTC

Applying bandpass corrections to 2312-319.9500
Applying freq. dependent gain corrections to 2312-319.9500
Applying freq. dependent leakage correction to 2312-319.9500
Applying changes to dataset
Counts of correlations within selected channels:
 channel  Originally  Currently
 Good:      65732340   65425296    Changed to bad:     307044
 Bad:       12596832   12903876    Changed to good:         0
 16.5% of the data is now flagged

2018-11-22 16:36:15,650 [MainThread  ] [INFO ]  pgflag vis=2312-319.9500 command='<b' stokes=i,v,u,q flagpar=8,2,2,3,6,3  options=nodisp

pgflag: Revision 1.30, 2016/10/05 23:06:50 UTC

Applying bandpass corrections to 2312-319.9500
Applying freq. dependent gain corrections to 2312-319.9500
Applying freq. dependent leakage correction to 2312-319.9500
Applying changes to dataset
Counts of correlations within selected channels:
 channel  Originally  Currently
 Good:      65425296   65147816    Changed to bad:     277480
 Bad:       12903876   13181356    Changed to good:         0
 16.8% of the data is now flagged

2018-11-22 16:36:20,951 [MainThread  ] [INFO ]  gpcal vis=2312-319.9500 refant=4 interval=0.1 nfbin=2 options=xyvary,qusolve

gpcal: Revision 1.22, 2016/05/01 22:31:05 UTC

Applying bandpass corrections to 2312-319.9500
Number of antennae: 6
Using leakage parameters from input as initial guess
Reading the data ...
Number of solution intervals: 635
Total visibilities read: 9557
Number visibilities accepted: 9511
Iter= 1, Amplit/Phase Solution Error:   0.825
Iter= 1, Polarisation Solution Error:   0.005
Iter= 1, Overall Solution Error:        2.528
Iter= 2, Amplit/Phase Solution Error:   0.006
Iter= 2, Polarisation Solution Error:   0.000
Iter= 2, Overall Solution Error:        0.005
Iter= 3, Amplit/Phase Solution Error:   0.001
Iter= 3, Polarisation Solution Error:   0.000
Iter= 3, Overall Solution Error:        0.001
I flux density:   0.5621
Percent Q:  -0.550
Percent U:  -0.045
Leakage terms:
 Ant 1:Dx,Dy = ( 0.00087,-0.00035),(-0.00102, 0.00030)
 Ant 2:Dx,Dy = ( 0.00317, 0.00120),(-0.00296, 0.00309)
 Ant 3:Dx,Dy = ( 0.00607,-0.00273),(-0.00968,-0.00172)
 Ant 4:Dx,Dy = ( 0.00189, 0.01509),(-0.00168, 0.01650)
 Ant 5:Dx,Dy = (-0.01661, 0.00229),( 0.01679, 0.00338)
 Ant 6:Dx,Dy = ( 0.00378,-0.02066),(-0.00227,-0.01641)
Solution for freq bin  1
Iter= 1, Amplit/Phase Solution Error:   0.800
Iter= 1, Polarisation Solution Error:   0.006
Iter= 1, Overall Solution Error:        2.508
Iter= 2, Amplit/Phase Solution Error:   0.006
Iter= 2, Polarisation Solution Error:   0.000
Iter= 2, Overall Solution Error:        0.006
Iter= 3, Amplit/Phase Solution Error:   0.001
Iter= 3, Polarisation Solution Error:   0.000
Iter= 3, Overall Solution Error:        0.001
I flux density:   0.5660
Percent Q:  -0.612
Percent U:   0.124
Leakage terms:
 Ant 1:Dx,Dy = ( 0.00079,-0.00008),(-0.00138, 0.00056)
 Ant 2:Dx,Dy = ( 0.00357, 0.00202),(-0.00274, 0.00393)
 Ant 3:Dx,Dy = ( 0.00582,-0.00330),(-0.00945,-0.00177)
 Ant 4:Dx,Dy = ( 0.00178, 0.01502),(-0.00249, 0.01667)
 Ant 5:Dx,Dy = (-0.01672, 0.00096),( 0.01635, 0.00279)
 Ant 6:Dx,Dy = ( 0.00379,-0.02018),(-0.00124,-0.01663)
Solution for freq bin  2
Iter= 1, Amplit/Phase Solution Error:   0.833
Iter= 1, Polarisation Solution Error:   0.005
Iter= 1, Overall Solution Error:        2.529
Iter= 2, Amplit/Phase Solution Error:   0.006
Iter= 2, Polarisation Solution Error:   0.000
Iter= 2, Overall Solution Error:        0.005
Iter= 3, Amplit/Phase Solution Error:   0.001
Iter= 3, Polarisation Solution Error:   0.000
Iter= 3, Overall Solution Error:        0.001
I flux density:   0.5594
Percent Q:  -0.492
Percent U:  -0.200
Leakage terms:
 Ant 1:Dx,Dy = ( 0.00093,-0.00061),(-0.00069, 0.00005)
 Ant 2:Dx,Dy = ( 0.00277, 0.00045),(-0.00319, 0.00232)
 Ant 3:Dx,Dy = ( 0.00631,-0.00218),(-0.00989,-0.00164)
 Ant 4:Dx,Dy = ( 0.00197, 0.01514),(-0.00094, 0.01636)
 Ant 5:Dx,Dy = (-0.01651, 0.00352),( 0.01718, 0.00393)
 Ant 6:Dx,Dy = ( 0.00378,-0.02110),(-0.00323,-0.01624)

2018-11-22 16:36:20,978 [MainThread  ] [INFO ]  gpboot vis=2312-319.9500 cal=1934-638.9500

gpboot: Revision 1.9, 2015/10/29 01:31:30 UTC

Secondary flux density scaled by:   0.997
Frequency bin  1 scaled by      :   0.999
Frequency bin  2 scaled by      :   0.999

2018-11-22 16:38:07,473 [MainThread  ] [INFO ]  gpcopy vis=2312-319.9500 out=a.9500

gpcopy: Revision 1.13, 2015/10/29 01:31:39 UTC

Copying leakage table
Copying gain table
Interpolation tolerance set to (minutes): 720.00
Copying bandpass table

2018-11-22 16:59:49,122 [MainThread  ] [INFO ]  pgflag vis=a.9500 command='<b' stokes=i,v,q,u flagpar=8,2,2,3,6,3  options=nodisp

pgflag: Revision 1.30, 2016/10/05 23:06:50 UTC

Applying bandpass corrections to a.9500
Applying freq. dependent gain corrections to a.9500
Applying freq. dependent leakage correction to a.9500
Applying changes to dataset
Counts of correlations within selected channels:
 channel  Originally  Currently
 Good:     407700800  397345160    Changed to bad:   10355640
 Bad:       64921540   75277180    Changed to good:         0
 15.9% of the data is now flagged

2018-11-22 17:20:08,251 [MainThread  ] [INFO ]  pgflag vis=a.9500 command='<b' stokes=i,v,u,q flagpar=8,2,2,3,6,3  options=nodisp

pgflag: Revision 1.30, 2016/10/05 23:06:50 UTC

Applying bandpass corrections to a.9500
Applying freq. dependent gain corrections to a.9500
Applying freq. dependent leakage correction to a.9500
Applying changes to dataset
Counts of correlations within selected channels:
 channel  Originally  Currently
 Good:     397345160  389559392    Changed to bad:    7785768
 Bad:       75277180   83062948    Changed to good:         0
 17.6% of the data is now flagged

2018-11-22 17:25:34,253 [MainThread  ] [INFO ]  uvsplit vis=a.9500

uvsplit: Revision 1.18, 2016/05/09 03:06:18 UTC

Creating a_1261.9500
Creating a_1262.9500
Creating a_1263.9500
Creating a_1264.9500
Creating a_1265.9500
Creating a_1266.9500
Creating a_1267.9500
Creating a_1268.9500
Creating a_1269.9500
Creating a_1270.9500
Creating a_1271.9500
Creating a_1272.9500
Creating a_1273.9500
Creating a_1274.9500
Creating a_1275.9500
Creating a_1276.9500
Creating a_1277.9500
Creating a_1278.9500
Creating a_1279.9500
Creating a_1280.9500
Creating a_1281.9500
Creating a_1282.9500
Creating a_1283.9500
Creating a_1284.9500
Creating a_1285.9500
Creating a_1286.9500
Creating a_1287.9500
Creating a_1288.9500
Creating a_1289.9500
Creating a_1290.9500
Creating a_1291.9500
Creating a_1292.9500
Creating a_1293.9500
Creating a_1294.9500
Creating a_1295.9500
Creating a_1296.9500
Creating a_1297.9500
Creating a_1298.9500
Creating a_1299.9500
Creating a_1300.9500
Creating a_1301.9500
Creating a_1302.9500
Creating a_1303.9500
Creating a_1304.9500
Creating a_1305.9500
Creating a_1306.9500
Creating a_1307.9500
Creating a_1308.9500
Creating a_1309.9500
Creating a_1310.9500
Creating a_1311.9500
Creating a_1312.9500
Creating a_1313.9500
Creating a_1314.9500
Creating a_1315.9500
Creating a_1316.9500
Creating a_1317.9500
Creating a_1318.9500
Creating a_1319.9500
Creating a_1320.9500
Creating a_1321.9500
Creating a_1322.9500
Creating a_1323.9500
Creating a_1324.9500
Creating a_1325.9500
Creating a_1326.9500
Creating a_1327.9500
Creating a_1328.9500
Creating a_1329.9500
Creating a_1330.9500
Creating a_1331.9500
Creating a_1332.9500
Creating a_1333.9500
Creating a_1334.9500
Creating a_1335.9500
Creating a_1336.9500
Creating a_1337.9500
Creating a_1338.9500
Creating a_1339.9500
Creating a_1340.9500
Creating a_1341.9500
Creating a_1342.9500
Creating a_1343.9500
Creating a_1344.9500
Creating a_1345.9500
Creating a_1346.9500
Creating a_1347.9500
Creating a_1348.9500
Creating a_1349.9500
Creating a_1350.9500
Creating a_1351.9500
Creating a_1352.9500
Creating a_1353.9500
Creating a_1354.9500
Creating a_1355.9500
Creating a_1356.9500
Creating a_1357.9500
Creating a_1358.9500
Creating a_1359.9500
Creating a_1360.9500
Creating a_1361.9500
Creating a_1362.9500
Creating a_1363.9500
Creating a_1364.9500
Creating a_1365.9500
Creating a_1366.9500
Creating a_1367.9500
Creating a_1368.9500
Creating a_1369.9500
Creating a_1370.9500
Creating a_1371.9500
Creating a_1372.9500
Creating a_1373.9500
Creating a_1374.9500
Creating a_1375.9500
Creating a_1376.9500
Creating a_1377.9500
Creating a_1378.9500
Creating a_1379.9500
Creating a_1380.9500
Creating a_1381.9500
Creating a_1382.9500
Creating a_1383.9500
Creating a_1384.9500
Creating a_1385.9500
Creating a_1386.9500
Creating a_1387.9500
Creating a_1388.9500
Creating a_1389.9500
Creating a_1390.9500
Creating a_1391.9500
Creating a_1392.9500
Creating a_1393.9500
Creating a_1394.9500
Creating a_1395.9500
Creating a_1396.9500
Creating a_1397.9500
Creating a_1398.9500
Creating a_1399.9500
Creating a_1400.9500
Creating a_1401.9500
Creating a_1402.9500
Creating a_1403.9500
Creating a_1404.9500
Creating a_1405.9500
Creating a_1406.9500
Creating a_1407.9500
Creating a_1408.9500
Creating a_1409.9500
Creating a_1410.9500
Creating a_1411.9500
Creating a_1412.9500
Creating a_1413.9500
Creating a_1414.9500
Creating a_1415.9500
Creating a_1416.9500
Creating a_1417.9500
Creating a_1418.9500
Creating a_1419.9500
Creating a_1420.9500
Creating a_1421.9500
Creating a_1422.9500
Creating a_1423.9500
Creating a_1424.9500
Creating a_1425.9500
Creating a_1426.9500
Creating a_1427.9500
Creating a_1428.9500
Creating a_1429.9500
Creating a_1430.9500
Creating a_1431.9500
Creating a_1432.9500
Creating a_1433.9500
Creating a_1434.9500
Creating a_1435.9500

