2018-11-22 06:03:42,819 [MainThread  ] [INFO ]  atlod in=raw/2016-11-30_0249.C3132,raw/2016-11-30_0540.C3132,raw/2016-11-30_0826.C3132,raw/2016-11-30_1113.C3132,raw/2016-11-30_1400.C3132 out=data9.uv ifsel=2 options=birdie,rfiflag,noauto,xycorr

atlod: Revision 1.53, 2016/08/25 23:02:21 UTC

Processing file raw/2016-11-30_0249.C3132
 02:49:55 CAOBS> track 1
CABB data detected
Scan 1 started at 16NOV30:02:50:12.0
Source: 1934-638
Flagging channels in  28 frequency ranges
 03:00:20 CAOBS> stop
 03:00:50 CAOBS> set file c3132_obs_d3
 03:03:19 CAOBS> start 1/99
Scan 2 started at 16NOV30:03:04:44.0
Source: 2245-328
Scan 3 started at 16NOV30:03:07:32.0
Source: d_361
Source: d_362
Source: d_363
Source: d_364
Source: d_365
Source: d_366
Source: d_367
Source: d_368
Source: d_369
Source: d_370
Source: d_371
Source: d_372
Source: d_373
Source: d_374
Source: d_375
Source: d_376
Source: d_377
Source: d_378
Source: d_379
Source: d_380
Scan 4 started at 16NOV30:03:21:00.0
Source: 2245-328
Scan 5 started at 16NOV30:03:23:40.0
Source: d_381
Source: d_382
Source: d_383
Source: d_384
Source: d_385
Source: d_386
Source: d_387
Source: d_388
Source: d_389
Source: d_390
Source: d_391
Source: d_392
Source: d_393
Source: d_394
Source: d_395
Source: d_396
Source: d_397
Source: d_398
Source: d_399
Source: d_400
Scan 6 started at 16NOV30:03:37:08.0
Source: 2245-328
Scan 7 started at 16NOV30:03:39:48.0
Source: d_401
Source: d_402
Source: d_403
Source: d_404
Source: d_405
Source: d_406
Source: d_407
Source: d_408
Source: d_409
Source: d_410
Source: d_411
Source: d_412
Source: d_413
Source: d_414
Source: d_415
Source: d_416
Source: d_417
Source: d_418
Source: d_419
Source: d_420
Scan 8 started at 16NOV30:03:53:16.0
Source: 2245-328
Scan 9 started at 16NOV30:03:56:04.0
Source: d_421
Source: d_422
Source: d_423
Source: d_424
Source: d_425
Source: d_426
Source: d_427
Source: d_428
Source: d_429
Source: d_430
Source: d_431
Source: d_432
Source: d_433
Source: d_434
Source: d_435
Source: d_436
Source: d_437
Source: d_438
Source: d_439
Source: d_440
Scan 10 started at 16NOV30:04:09:32.0
Source: 2245-328
Scan 11 started at 16NOV30:04:12:12.0
Source: d_441
Source: d_442
Source: d_443
Source: d_444
Source: d_445
Source: d_446
Source: d_447
Source: d_448
Source: d_449
Source: d_450
Source: d_451
Source: d_452
Source: d_453
Source: d_454
Source: d_455
Source: d_456
Source: d_457
Source: d_458
Source: d_459
Source: d_460
Scan 12 started at 16NOV30:04:25:40.0
Source: 2245-328
Scan 13 started at 16NOV30:04:28:20.0
Source: d_461
Source: d_462
Source: d_463
Source: d_464
Source: d_465
Source: d_466
Source: d_467
Source: d_468
Source: d_469
Source: d_470
Source: d_471
Source: d_472
Source: d_473
Source: d_474
Source: d_475
Source: d_476
Source: d_477
Source: d_478
Source: d_479
Source: d_480
Scan 14 started at 16NOV30:04:41:48.0
Source: 2245-328
Scan 15 started at 16NOV30:04:44:28.0
Source: d_481
Source: d_482
Source: d_483
Source: d_484
Source: d_485
Source: d_486
Source: d_487
Source: d_488
Source: d_489
Source: d_490
Source: d_491
Source: d_492
Source: d_493
Source: d_494
Source: d_495
Source: d_496
Source: d_497
Source: d_498
Source: d_499
Source: d_500
Scan 16 started at 16NOV30:04:57:56.0
Source: 2245-328
Scan 17 started at 16NOV30:05:00:36.0
Source: d_501
Source: d_502
Source: d_503
Source: d_504
Source: d_505
Source: d_506
Source: d_507
Source: d_508
Source: d_509
Source: d_510
Source: d_511
Source: d_512
Source: d_513
Source: d_514
Source: d_515
Source: d_516
Source: d_517
Source: d_518
Source: d_519
Source: d_520
Scan 18 started at 16NOV30:05:14:04.0
Source: 2245-328
Scan 19 started at 16NOV30:05:16:44.0
Source: d_521
Source: d_522
Source: d_523
Source: d_524
Source: d_525
Source: d_526
Source: d_527
Source: d_528
Source: d_529
Source: d_530
Source: d_531
Source: d_532
Source: d_533
Source: d_534
Source: d_535
Source: d_536
Source: d_537
Source: d_538
Source: d_539
Source: d_540
Scan 20 started at 16NOV30:05:30:12.0
Source: 2245-328
Scan 21 started at 16NOV30:05:33:00.0
Source: d_361
Source: d_362
Source: d_363
Source: d_364
Source: d_365
Source: d_366
Source: d_367
Source: d_368
Source: d_369
Source: d_370
Source: d_371
RPFITS file version is 2.12
---------------------------------------
Total number of spectra selected: 72660

Summary of spectra flagged
Flagging Reason            Fraction
---------------            --------
Antenna off-source/off-line  3.42%
---------------------------------------
Processing file raw/2016-11-30_0540.C3132
CABB data detected
Scan 1 started at 16NOV30:05:40:04.0
Source: d_371
Source: d_372
Source: d_373
Source: d_374
Source: d_375
Source: d_376
Source: d_377
Source: d_378
Source: d_379
Source: d_380
Scan 2 started at 16NOV30:05:46:28.0
Source: 2245-328
Scan 3 started at 16NOV30:05:49:24.0
Source: d_381
Source: d_382
Source: d_383
Source: d_384
Source: d_385
Source: d_386
Source: d_387
Source: d_388
Source: d_389
Source: d_390
Source: d_391
Source: d_392
Source: d_393
Source: d_394
Source: d_395
Source: d_396
Source: d_397
Source: d_398
Source: d_399
Source: d_400
Scan 4 started at 16NOV30:06:02:44.0
Source: 2245-328
Scan 5 started at 16NOV30:06:05:32.0
Source: d_401
Source: d_402
Source: d_403
Source: d_404
Source: d_405
Source: d_406
Source: d_407
Source: d_408
Source: d_409
Source: d_410
Source: d_411
Source: d_412
Source: d_413
Source: d_414
Source: d_415
Source: d_416
Source: d_417
Source: d_418
Source: d_419
Source: d_420
Scan 6 started at 16NOV30:06:19:08.0
Source: 2245-328
Scan 7 started at 16NOV30:06:21:56.0
Source: d_421
Source: d_422
Source: d_423
Source: d_424
Source: d_425
Source: d_426
Source: d_427
Source: d_428
Source: d_429
Source: d_430
Source: d_431
Source: d_432
Source: d_433
Source: d_434
Source: d_435
Source: d_436
Source: d_437
Source: d_438
Source: d_439
Source: d_440
Scan 8 started at 16NOV30:06:35:24.0
Source: 2245-328
Scan 9 started at 16NOV30:06:38:20.0
Source: d_441
Source: d_442
Source: d_443
Source: d_444
Source: d_445
Source: d_446
Source: d_447
Source: d_448
Source: d_449
Source: d_450
Source: d_451
Source: d_452
Source: d_453
Source: d_454
Source: d_455
Source: d_456
Source: d_457
Source: d_458
Source: d_459
Source: d_460
Scan 10 started at 16NOV30:06:51:40.0
Source: 2245-328
Scan 11 started at 16NOV30:06:54:36.0
Source: d_461
Source: d_462
Source: d_463
Source: d_464
Source: d_465
Source: d_466
Source: d_467
Source: d_468
Source: d_469
Source: d_470
Source: d_471
Source: d_472
Source: d_473
Source: d_474
Source: d_475
Source: d_476
Source: d_477
Source: d_478
Source: d_479
Source: d_480
Scan 12 started at 16NOV30:07:08:04.0
Source: 2245-328
Scan 13 started at 16NOV30:07:11:00.0
Source: d_481
Source: d_482
Source: d_483
Source: d_484
Source: d_485
Source: d_486
Source: d_487
Source: d_488
Source: d_489
Source: d_490
Source: d_491
Source: d_492
Source: d_493
Source: d_494
Source: d_495
Source: d_496
Source: d_497
Source: d_498
Source: d_499
Source: d_500
Scan 14 started at 16NOV30:07:24:28.0
Source: 2245-328
Scan 15 started at 16NOV30:07:27:32.0
Source: d_501
Source: d_502
Source: d_503
Source: d_504
Source: d_505
Source: d_506
Source: d_507
Source: d_508
Source: d_509
Source: d_510
Source: d_511
Source: d_512
Source: d_513
Source: d_514
Source: d_515
Source: d_516
Source: d_517
Source: d_518
Source: d_519
Source: d_520
Scan 16 started at 16NOV30:07:40:52.0
Source: 2245-328
Scan 17 started at 16NOV30:07:44:12.0
Source: d_521
Source: d_522
Source: d_523
Source: d_524
Source: d_525
Source: d_526
Source: d_527
Source: d_528
Source: d_529
Source: d_530
Source: d_531
Source: d_532
Source: d_533
Source: d_534
Source: d_535
Source: d_536
Source: d_537
Source: d_538
Source: d_539
Source: d_540
Scan 18 started at 16NOV30:07:57:16.0
Source: 2245-328
Scan 19 started at 16NOV30:08:00:36.0
Source: d_361
Source: d_362
Source: d_363
Source: d_364
Source: d_365
Source: d_366
Source: d_367
Source: d_368
Source: d_369
Source: d_370
Source: d_371
Source: d_372
Source: d_373
Source: d_374
Source: d_375
Source: d_376
Source: d_377
Source: d_378
Source: d_379
Source: d_380
Scan 20 started at 16NOV30:08:14:44.0
Source: 2245-328
Scan 21 started at 16NOV30:08:18:12.0
Source: d_381
Source: d_382
Source: d_383
Source: d_384
Source: d_385
Source: d_386
Source: d_387
Source: d_388
Source: d_389
Source: d_390
Source: d_391
Source: d_392
Source: d_393
Source: d_394
RPFITS file version is 2.12
---------------------------------------
Total number of spectra selected: 72660

Summary of spectra flagged
Flagging Reason            Fraction
---------------            --------
Antenna off-source/off-line  6.90%
---------------------------------------
Processing file raw/2016-11-30_0826.C3132
CABB data detected
Scan 1 started at 16NOV30:08:26:52.0
Source: d_394
Source: d_395
Source: d_396
Source: d_397
Source: d_398
Source: d_399
Source: d_400
Scan 2 started at 16NOV30:08:31:48.0
Source: 2245-328
Scan 3 started at 16NOV30:08:35:00.0
Source: d_401
Source: d_402
Source: d_403
Source: d_404
Source: d_405
Source: d_406
Source: d_407
Source: d_408
Source: d_409
Source: d_410
Source: d_411
Source: d_412
Source: d_413
Source: d_414
Source: d_415
Source: d_416
Source: d_417
Source: d_418
Source: d_419
Source: d_420
Scan 4 started at 16NOV30:08:49:00.0
Source: 2245-328
Scan 5 started at 16NOV30:08:52:12.0
Source: d_421
Source: d_422
Source: d_423
Source: d_424
Source: d_425
Source: d_426
Source: d_427
Source: d_428
Source: d_429
Source: d_430
Source: d_431
Source: d_432
Source: d_433
Source: d_434
Source: d_435
Source: d_436
Source: d_437
Source: d_438
Source: d_439
Source: d_440
Scan 6 started at 16NOV30:09:05:40.0
Source: 2245-328
Scan 7 started at 16NOV30:09:08:44.0
Source: d_441
Source: d_442
Source: d_443
Source: d_444
Source: d_445
Source: d_446
Source: d_447
Source: d_448
Source: d_449
Source: d_450
Source: d_451
Source: d_452
Source: d_453
Source: d_454
Source: d_455
Source: d_456
Source: d_457
Source: d_458
Source: d_459
Source: d_460
Scan 8 started at 16NOV30:09:22:04.0
Source: 2245-328
Scan 9 started at 16NOV30:09:25:00.0
Source: d_461
Source: d_462
Source: d_463
Source: d_464
Source: d_465
Source: d_466
Source: d_467
Source: d_468
Source: d_469
Source: d_470
Source: d_471
Source: d_472
Source: d_473
Source: d_474
Source: d_475
Source: d_476
Source: d_477
Source: d_478
Source: d_479
Source: d_480
Scan 10 started at 16NOV30:09:38:28.0
Source: 2245-328
Scan 11 started at 16NOV30:09:41:16.0
Source: d_481
Source: d_482
Source: d_483
Source: d_484
Source: d_485
Source: d_486
Source: d_487
Source: d_488
Source: d_489
Source: d_490
Source: d_491
Source: d_492
Source: d_493
Source: d_494
Source: d_495
Source: d_496
Source: d_497
Source: d_498
Source: d_499
Source: d_500
Scan 12 started at 16NOV30:09:54:52.0
Source: 2245-328
Scan 13 started at 16NOV30:09:57:40.0
Source: d_501
Source: d_502
Source: d_503
Source: d_504
Source: d_505
Source: d_506
Source: d_507
Source: d_508
Source: d_509
Source: d_510
Source: d_511
Source: d_512
Source: d_513
Source: d_514
Source: d_515
Source: d_516
Source: d_517
Source: d_518
Source: d_519
Source: d_520
Scan 14 started at 16NOV30:10:11:08.0
Source: 2245-328
Scan 15 started at 16NOV30:10:14:04.0
Source: d_521
Source: d_522
Source: d_523
Source: d_524
Source: d_525
Source: d_526
Source: d_527
Source: d_528
Source: d_529
Source: d_530
Source: d_531
Source: d_532
Source: d_533
Source: d_534
Source: d_535
Source: d_536
Source: d_537
Source: d_538
Source: d_539
Source: d_540
Scan 16 started at 16NOV30:10:27:24.0
Source: 2245-328
Scan 17 started at 16NOV30:10:30:12.0
Source: d_361
Source: d_362
Source: d_363
Source: d_364
Source: d_365
Source: d_366
Source: d_367
Source: d_368
Source: d_369
Source: d_370
Source: d_371
Source: d_372
Source: d_373
Source: d_374
Source: d_375
Source: d_376
Source: d_377
Source: d_378
Source: d_379
Source: d_380
Scan 18 started at 16NOV30:10:43:40.0
Source: 2245-328
Scan 19 started at 16NOV30:10:46:28.0
Source: d_381
Source: d_382
Source: d_383
Source: d_384
Source: d_385
Source: d_386
Source: d_387
Source: d_388
Source: d_389
Source: d_390
Source: d_391
Source: d_392
Source: d_393
Source: d_394
Source: d_395
Source: d_396
Source: d_397
Source: d_398
Source: d_399
Source: d_400
Scan 20 started at 16NOV30:10:59:48.0
Source: 2245-328
Scan 21 started at 16NOV30:11:02:28.0
Source: d_401
Source: d_402
Source: d_403
Source: d_404
Source: d_405
Source: d_406
Source: d_407
Source: d_408
Source: d_409
Source: d_410
Source: d_411
Source: d_412
Source: d_413
Source: d_414
Source: d_415
Source: d_416
Source: d_417
RPFITS file version is 2.12
---------------------------------------
Total number of spectra selected: 72660

Summary of spectra flagged
Flagging Reason            Fraction
---------------            --------
Antenna off-source/off-line  5.20%
---------------------------------------
Processing file raw/2016-11-30_1113.C3132
CABB data detected
Scan 1 started at 16NOV30:11:13:41.5
Source: d_418
Source: d_419
Source: d_420
Scan 2 started at 16NOV30:11:15:56.0
Source: 2245-328
Scan 3 started at 16NOV30:11:18:36.0
Source: d_421
Source: d_422
Source: d_423
Source: d_424
Source: d_425
Source: d_426
Source: d_427
Source: d_428
Source: d_429
Source: d_430
Source: d_431
Source: d_432
Source: d_433
Source: d_434
Source: d_435
Source: d_436
Source: d_437
Source: d_438
Source: d_439
Source: d_440
Scan 4 started at 16NOV30:11:32:04.0
Source: 2245-328
Scan 5 started at 16NOV30:11:34:52.0
Source: d_441
Source: d_442
Source: d_443
Source: d_444
Source: d_445
Source: d_446
Source: d_447
Source: d_448
Source: d_449
Source: d_450
Source: d_451
Source: d_452
Source: d_453
Source: d_454
Source: d_455
Source: d_456
Source: d_457
Source: d_458
Source: d_459
Source: d_460
Scan 6 started at 16NOV30:11:48:20.0
Source: 2245-328
Scan 7 started at 16NOV30:11:51:00.0
Source: d_461
Source: d_462
Source: d_463
Source: d_464
Source: d_465
Source: d_466
Source: d_467
Source: d_468
Source: d_469
Source: d_470
Source: d_471
Source: d_472
Source: d_473
Source: d_474
Source: d_475
Source: d_476
Source: d_477
Source: d_478
Source: d_479
Source: d_480
Scan 8 started at 16NOV30:12:04:28.0
Source: 2245-328
Scan 9 started at 16NOV30:12:07:08.0
Source: d_481
Source: d_482
Source: d_483
Source: d_484
Source: d_485
Source: d_486
Source: d_487
Source: d_488
Source: d_489
Source: d_490
Source: d_491
Source: d_492
Source: d_493
Source: d_494
Source: d_495
Source: d_496
Source: d_497
Source: d_498
Source: d_499
Source: d_500
Scan 10 started at 16NOV30:12:20:36.0
Source: 2245-328
Scan 11 started at 16NOV30:12:23:16.0
Source: d_501
Source: d_502
Source: d_503
Source: d_504
Source: d_505
Source: d_506
Source: d_507
Source: d_508
Source: d_509
Source: d_510
Source: d_511
Source: d_512
Source: d_513
Source: d_514
Source: d_515
Source: d_516
Source: d_517
Source: d_518
Source: d_519
Source: d_520
Scan 12 started at 16NOV30:12:36:44.0
Source: 2245-328
Scan 13 started at 16NOV30:12:39:24.0
Source: d_521
Source: d_522
Source: d_523
Source: d_524
Source: d_525
Source: d_526
Source: d_527
Source: d_528
Source: d_529
Source: d_530
Source: d_531
Source: d_532
Source: d_533
Source: d_534
Source: d_535
Source: d_536
Source: d_537
Source: d_538
Source: d_539
Source: d_540
Scan 14 started at 16NOV30:12:52:52.0
Source: 2245-328
Scan 15 started at 16NOV30:12:55:32.0
Source: d_361
Source: d_362
Source: d_363
Source: d_364
Source: d_365
Source: d_366
Source: d_367
Source: d_368
Source: d_369
Source: d_370
Source: d_371
Source: d_372
Source: d_373
Source: d_374
Source: d_375
Source: d_376
Source: d_377
Source: d_378
Source: d_379
Source: d_380
Scan 16 started at 16NOV30:13:09:00.0
Source: 2245-328
Scan 17 started at 16NOV30:13:11:40.0
Source: d_381
Source: d_382
Source: d_383
Source: d_384
Source: d_385
Source: d_386
Source: d_387
Source: d_388
Source: d_389
Source: d_390
Source: d_391
Source: d_392
Source: d_393
Source: d_394
Source: d_395
Source: d_396
Source: d_397
Source: d_398
Source: d_399
Source: d_400
Scan 18 started at 16NOV30:13:25:08.0
Source: 2245-328
Scan 19 started at 16NOV30:13:27:48.0
Source: d_401
Source: d_402
Source: d_403
Source: d_404
Source: d_405
Source: d_406
Source: d_407
Source: d_408
Source: d_409
Source: d_410
Source: d_411
Source: d_412
Source: d_413
Source: d_414
Source: d_415
Source: d_416
Source: d_417
Source: d_418
Source: d_419
Source: d_420
Scan 20 started at 16NOV30:13:41:16.0
Source: 2245-328
Scan 21 started at 16NOV30:13:43:56.0
Source: d_421
Source: d_422
Source: d_423
Source: d_424
Source: d_425
Source: d_426
Source: d_427
Source: d_428
Source: d_429
Source: d_430
Source: d_431
Source: d_432
Source: d_433
Source: d_434
Source: d_435
Source: d_436
Source: d_437
Source: d_438
Source: d_439
Source: d_440
Scan 22 started at 16NOV30:13:57:24.0
Source: 2245-328
Scan 23 started at 16NOV30:14:00:04.0
Source: d_441
Source: d_442
RPFITS file version is 2.12
---------------------------------------
Total number of spectra selected: 72660

Summary of spectra flagged
Flagging Reason            Fraction
---------------            --------
Antenna off-source/off-line  2.86%
---------------------------------------
Processing file raw/2016-11-30_1400.C3132
CABB data detected
Scan 1 started at 16NOV30:14:01:00.0
Source: d_442
Source: d_443
Source: d_444
Source: d_445
Source: d_446
Source: d_447
Source: d_448
Source: d_449
Source: d_450
Source: d_451
Source: d_452
Source: d_453
Source: d_454
Source: d_455
Source: d_456
Source: d_457
Source: d_458
Source: d_459
Source: d_460
Scan 2 started at 16NOV30:14:13:32.0
Source: 2245-328
 14:15:53 CAOBS> stop
 14:16:37 CAOBS> corr close
RPFITS file version is 2.12
---------------------------------------
Total number of spectra selected: 6420

There was no flagged data
---------------------------------------

No CACAL data was detected

2018-11-22 06:04:24,067 [MainThread  ] [INFO ]  uvflag vis=data9.uv line=chan,65,850,1 flagval=flag

uvflag: Revision 1.8, 2014/09/30 14:23:39 UTC


Set flags to indicate bad data in visibility file data9.uv
Linetype channel; select   65 channels; start  850, width    1, step    1

Overview of flagging on visibility file data9.uv
Changed flags set to FALSE (data flagged as bad)
Total number of records selected: 283708; out of 283708 records
Antennas used: 1-6
Counts of correlations within selected channels
channel   Originally    Currently
Good:        18441020.           0.    Changed to bad:    18441020.
Bad:                0.    18441020.

2018-11-22 06:05:19,614 [MainThread  ] [INFO ]  uvsplit vis=data9.uv options=mosaic

uvsplit: Revision 1.18, 2016/05/09 03:06:18 UTC

Creating 1934-638.9500
Creating 2245-328.9500
Creating d.9500

2018-11-22 06:05:32,200 [MainThread  ] [INFO ]  pgflag vis=1934-638.9500 command='<b' stokes=i,q,u,v flagpar=8,5,5,3,6,3 options=nodisp

pgflag: Revision 1.30, 2016/10/05 23:06:50 UTC

Applying changes to dataset
Counts of correlations within selected channels:
 channel  Originally  Currently
 Good:       8062080    7981280    Changed to bad:      80800
 Bad:        1281360    1362160    Changed to good:         0
 14.6% of the data is now flagged

2018-11-22 06:05:45,513 [MainThread  ] [INFO ]  pgflag vis=1934-638.9500 command='<b' stokes=i,v,q,u flagpar=8,2,2,3,6,3  options=nodisp

pgflag: Revision 1.30, 2016/10/05 23:06:50 UTC

Applying changes to dataset
Counts of correlations within selected channels:
 channel  Originally  Currently
 Good:       7981280    7912604    Changed to bad:      68676
 Bad:        1362160    1430836    Changed to good:         0
 15.3% of the data is now flagged

2018-11-22 06:05:58,690 [MainThread  ] [INFO ]  pgflag vis=1934-638.9500 command='<b' stokes=i,v,u,q flagpar=8,2,2,3,6,3  options=nodisp

pgflag: Revision 1.30, 2016/10/05 23:06:50 UTC

Applying changes to dataset
Counts of correlations within selected channels:
 channel  Originally  Currently
 Good:       7912604    7799488    Changed to bad:     113116
 Bad:        1430836    1543952    Changed to good:         0
 16.5% of the data is now flagged

2018-11-22 06:07:17,658 [MainThread  ] [INFO ]  mfcal vis=1934-638.9500 refant=4 interval=0.1
MfCal: $Revision: 1.20 $, $Date: 2017/05/08 02:31:10 $
Selecting parallel-hand polarisations
Reading the data ...
Number correlations accepted: 3899744
Number of frequency bands/settings: 1
Number of polarisations selected: 2
Number of solution intervals: 76
Number of passband solution intervals: 1
Initialising ...
Using post-Aug94 ATCA flux scale for 1934-638.
Using known frequency variation of 1934-638
Generating initial solution estimate ...
Doing solution refinement ...
Iter= 1, Solution Error:  0.470
Iter= 2, Solution Error:  0.020
Iter= 3, Solution Error:  0.000
Saving solution ...

2018-11-22 06:07:18,419 [MainThread  ] [INFO ]  gpcal vis=1934-638.9500 refant=4 interval=0.1 nfbin=2 options=xyvary

gpcal: Revision 1.22, 2016/05/01 22:31:05 UTC

Applying bandpass corrections to 1934-638.9500
Number of antennae: 6
Reading the data ...
Number of solution intervals: 76
Total visibilities read: 1140
Number visibilities accepted: 1140
Using post-Aug94 ATCA flux scale for 1934-638.
Using IQUV =  2.5339,  0.0000,  0.0000,  0.0000 at   9.4730 GHz.
Using post-Aug94 ATCA flux scale for 1934-638.
Using IQUV =  2.6975,  0.0000,  0.0000,  0.0000 at   9.0083 GHz.
Using post-Aug94 ATCA flux scale for 1934-638.
Using IQUV =  2.3849,  0.0000,  0.0000,  0.0000 at   9.9480 GHz.
Iter= 1, Amplit/Phase Solution Error:   1.387
Iter= 1, Polarisation Solution Error:   0.031
Iter= 1, Overall Solution Error:        2.129
Iter= 2, Amplit/Phase Solution Error:   0.002
Iter= 2, Polarisation Solution Error:   0.000
Iter= 2, Overall Solution Error:        0.003
Iter= 3, Amplit/Phase Solution Error:   0.001
Iter= 3, Polarisation Solution Error:   0.000
Iter= 3, Overall Solution Error:        0.001
I flux density:   2.5339
Leakage terms:
 Ant 1:Dx,Dy = ( 0.00137,-0.00027),(-0.00040,-0.00052)
 Ant 2:Dx,Dy = ( 0.00358, 0.00143),(-0.00314, 0.00294)
 Ant 3:Dx,Dy = ( 0.00652,-0.00458),(-0.00867,-0.00438)
 Ant 4:Dx,Dy = ( 0.00294, 0.01497),(-0.00092, 0.01580)
 Ant 5:Dx,Dy = (-0.01684, 0.00306),( 0.01751, 0.00286)
 Ant 6:Dx,Dy = ( 0.00449,-0.01510),(-0.00234,-0.01620)
Solution for freq bin  1
Iter= 1, Amplit/Phase Solution Error:   1.407
Iter= 1, Polarisation Solution Error:   0.032
Iter= 1, Overall Solution Error:        2.114
Iter= 2, Amplit/Phase Solution Error:   0.002
Iter= 2, Polarisation Solution Error:   0.000
Iter= 2, Overall Solution Error:        0.003
Iter= 3, Amplit/Phase Solution Error:   0.001
Iter= 3, Polarisation Solution Error:   0.000
Iter= 3, Overall Solution Error:        0.001
I flux density:   2.6975
Leakage terms:
 Ant 1:Dx,Dy = ( 0.00103,-0.00019),(-0.00069,-0.00021)
 Ant 2:Dx,Dy = ( 0.00408, 0.00188),(-0.00330, 0.00423)
 Ant 3:Dx,Dy = ( 0.00573,-0.00510),(-0.00864,-0.00440)
 Ant 4:Dx,Dy = ( 0.00260, 0.01506),(-0.00098, 0.01640)
 Ant 5:Dx,Dy = (-0.01720, 0.00218),( 0.01747, 0.00236)
 Ant 6:Dx,Dy = ( 0.00534,-0.01527),(-0.00227,-0.01694)
Solution for freq bin  2
Iter= 1, Amplit/Phase Solution Error:   1.322
Iter= 1, Polarisation Solution Error:   0.030
Iter= 1, Overall Solution Error:        2.138
Iter= 2, Amplit/Phase Solution Error:   0.002
Iter= 2, Polarisation Solution Error:   0.000
Iter= 2, Overall Solution Error:        0.003
Iter= 3, Amplit/Phase Solution Error:   0.001
Iter= 3, Polarisation Solution Error:   0.000
Iter= 3, Overall Solution Error:        0.001
I flux density:   2.3849
Leakage terms:
 Ant 1:Dx,Dy = ( 0.00174,-0.00038),(-0.00006,-0.00087)
 Ant 2:Dx,Dy = ( 0.00302, 0.00094),(-0.00296, 0.00151)
 Ant 3:Dx,Dy = ( 0.00739,-0.00399),(-0.00869,-0.00434)
 Ant 4:Dx,Dy = ( 0.00330, 0.01488),(-0.00085, 0.01515)
 Ant 5:Dx,Dy = (-0.01644, 0.00402),( 0.01756, 0.00340)
 Ant 6:Dx,Dy = ( 0.00356,-0.01492),(-0.00243,-0.01540)

2018-11-22 06:07:35,993 [MainThread  ] [INFO ]  pgflag vis=1934-638.9500 command='<b' stokes=i,q,u,v flagpar=8,5,5,3,6,3 options=nodisp

pgflag: Revision 1.30, 2016/10/05 23:06:50 UTC

Applying bandpass corrections to 1934-638.9500
Applying freq. dependent gain corrections to 1934-638.9500
Applying freq. dependent leakage correction to 1934-638.9500
Applying changes to dataset
Counts of correlations within selected channels:
 channel  Originally  Currently
 Good:       7799488    7769212    Changed to bad:      30276
 Bad:        1543952    1574228    Changed to good:         0
 16.8% of the data is now flagged

2018-11-22 06:07:51,784 [MainThread  ] [INFO ]  pgflag vis=1934-638.9500 command='<b' stokes=i,v,q,u flagpar=8,2,2,3,6,3  options=nodisp

pgflag: Revision 1.30, 2016/10/05 23:06:50 UTC

Applying bandpass corrections to 1934-638.9500
Applying freq. dependent gain corrections to 1934-638.9500
Applying freq. dependent leakage correction to 1934-638.9500
Applying changes to dataset
Counts of correlations within selected channels:
 channel  Originally  Currently
 Good:       7769212    7735216    Changed to bad:      33996
 Bad:        1574228    1608224    Changed to good:         0
 17.2% of the data is now flagged

2018-11-22 06:08:09,146 [MainThread  ] [INFO ]  pgflag vis=1934-638.9500 command='<b' stokes=i,v,u,q flagpar=8,2,2,3,6,3  options=nodisp

pgflag: Revision 1.30, 2016/10/05 23:06:50 UTC

Applying bandpass corrections to 1934-638.9500
Applying freq. dependent gain corrections to 1934-638.9500
Applying freq. dependent leakage correction to 1934-638.9500
Applying changes to dataset
Counts of correlations within selected channels:
 channel  Originally  Currently
 Good:       7735216    7707300    Changed to bad:      27916
 Bad:        1608224    1636140    Changed to good:         0
 17.5% of the data is now flagged

2018-11-22 06:09:09,141 [MainThread  ] [INFO ]  mfcal vis=1934-638.9500 refant=4 interval=0.1
MfCal: $Revision: 1.20 $, $Date: 2017/05/08 02:31:10 $
Selecting parallel-hand polarisations
Reading the data ...
Number correlations accepted: 3853650
Number of frequency bands/settings: 1
Number of polarisations selected: 2
Number of solution intervals: 76
Number of passband solution intervals: 1
Initialising ...
Using post-Aug94 ATCA flux scale for 1934-638.
Using known frequency variation of 1934-638
Generating initial solution estimate ...
Doing solution refinement ...
Iter= 1, Solution Error:  0.474
Iter= 2, Solution Error:  0.020
Iter= 3, Solution Error:  0.000
Saving solution ...

2018-11-22 06:09:10,060 [MainThread  ] [INFO ]  gpcal vis=1934-638.9500 refant=4 interval=0.1 nfbin=2 options=xyvary

gpcal: Revision 1.22, 2016/05/01 22:31:05 UTC

Applying bandpass corrections to 1934-638.9500
Number of antennae: 6
Using leakage parameters from input as initial guess
Reading the data ...
Number of solution intervals: 76
Total visibilities read: 1140
Number visibilities accepted: 1140
Using post-Aug94 ATCA flux scale for 1934-638.
Using IQUV =  2.5337,  0.0000,  0.0000,  0.0000 at   9.4735 GHz.
Using post-Aug94 ATCA flux scale for 1934-638.
Using IQUV =  2.6976,  0.0000,  0.0000,  0.0000 at   9.0082 GHz.
Using post-Aug94 ATCA flux scale for 1934-638.
Using IQUV =  2.3857,  0.0000,  0.0000,  0.0000 at   9.9453 GHz.
Iter= 1, Amplit/Phase Solution Error:   1.386
Iter= 1, Polarisation Solution Error:   0.000
Iter= 1, Overall Solution Error:        2.130
Iter= 2, Amplit/Phase Solution Error:   0.002
Iter= 2, Polarisation Solution Error:   0.000
Iter= 2, Overall Solution Error:        0.003
Iter= 3, Amplit/Phase Solution Error:   0.001
Iter= 3, Polarisation Solution Error:   0.000
Iter= 3, Overall Solution Error:        0.001
I flux density:   2.5337
Leakage terms:
 Ant 1:Dx,Dy = ( 0.00139,-0.00027),(-0.00040,-0.00052)
 Ant 2:Dx,Dy = ( 0.00359, 0.00145),(-0.00313, 0.00294)
 Ant 3:Dx,Dy = ( 0.00652,-0.00459),(-0.00867,-0.00440)
 Ant 4:Dx,Dy = ( 0.00295, 0.01498),(-0.00093, 0.01581)
 Ant 5:Dx,Dy = (-0.01682, 0.00309),( 0.01756, 0.00290)
 Ant 6:Dx,Dy = ( 0.00450,-0.01515),(-0.00232,-0.01623)
Solution for freq bin  1
Iter= 1, Amplit/Phase Solution Error:   1.407
Iter= 1, Polarisation Solution Error:   0.001
Iter= 1, Overall Solution Error:        2.114
Iter= 2, Amplit/Phase Solution Error:   0.002
Iter= 2, Polarisation Solution Error:   0.000
Iter= 2, Overall Solution Error:        0.003
Iter= 3, Amplit/Phase Solution Error:   0.001
Iter= 3, Polarisation Solution Error:   0.000
Iter= 3, Overall Solution Error:        0.001
I flux density:   2.6976
Leakage terms:
 Ant 1:Dx,Dy = ( 0.00105,-0.00018),(-0.00071,-0.00020)
 Ant 2:Dx,Dy = ( 0.00411, 0.00189),(-0.00328, 0.00425)
 Ant 3:Dx,Dy = ( 0.00570,-0.00512),(-0.00866,-0.00444)
 Ant 4:Dx,Dy = ( 0.00262, 0.01505),(-0.00100, 0.01642)
 Ant 5:Dx,Dy = (-0.01716, 0.00223),( 0.01756, 0.00244)
 Ant 6:Dx,Dy = ( 0.00536,-0.01534),(-0.00223,-0.01698)
Solution for freq bin  2
Iter= 1, Amplit/Phase Solution Error:   1.326
Iter= 1, Polarisation Solution Error:   0.001
Iter= 1, Overall Solution Error:        2.139
Iter= 2, Amplit/Phase Solution Error:   0.002
Iter= 2, Polarisation Solution Error:   0.000
Iter= 2, Overall Solution Error:        0.003
Iter= 3, Amplit/Phase Solution Error:   0.001
Iter= 3, Polarisation Solution Error:   0.000
Iter= 3, Overall Solution Error:        0.001
I flux density:   2.3857
Leakage terms:
 Ant 1:Dx,Dy = ( 0.00176,-0.00039),(-0.00006,-0.00087)
 Ant 2:Dx,Dy = ( 0.00302, 0.00096),(-0.00296, 0.00152)
 Ant 3:Dx,Dy = ( 0.00741,-0.00399),(-0.00868,-0.00434)
 Ant 4:Dx,Dy = ( 0.00330, 0.01490),(-0.00084, 0.01516)
 Ant 5:Dx,Dy = (-0.01645, 0.00404),( 0.01757, 0.00340)
 Ant 6:Dx,Dy = ( 0.00357,-0.01496),(-0.00242,-0.01541)

2018-11-22 06:09:10,122 [MainThread  ] [INFO ]  gpcopy vis=1934-638.9500 out=2245-328.9500

gpcopy: Revision 1.13, 2015/10/29 01:31:39 UTC

Copying leakage table
Copying gain table
Interpolation tolerance set to (minutes): 720.00
Copying bandpass table

2018-11-22 06:12:22,319 [MainThread  ] [INFO ]  pgflag vis=2245-328.9500 command='<b' stokes=i,q,u,v flagpar=8,5,5,3,6,3 options=nodisp

pgflag: Revision 1.30, 2016/10/05 23:06:50 UTC

Applying bandpass corrections to 2245-328.9500
Applying freq. dependent gain corrections to 2245-328.9500
Applying freq. dependent leakage correction to 2245-328.9500
Applying changes to dataset
Counts of correlations within selected channels:
 channel  Originally  Currently
 Good:      66971840   66489024    Changed to bad:     482816
 Bad:       10644280   11127096    Changed to good:         0
 14.3% of the data is now flagged

2018-11-22 06:15:33,011 [MainThread  ] [INFO ]  pgflag vis=2245-328.9500 command='<b' stokes=i,v,q,u flagpar=8,2,2,3,6,3  options=nodisp

pgflag: Revision 1.30, 2016/10/05 23:06:50 UTC

Applying bandpass corrections to 2245-328.9500
Applying freq. dependent gain corrections to 2245-328.9500
Applying freq. dependent leakage correction to 2245-328.9500
Applying changes to dataset
Counts of correlations within selected channels:
 channel  Originally  Currently
 Good:      66489024   65781320    Changed to bad:     707704
 Bad:       11127096   11834800    Changed to good:         0
 15.2% of the data is now flagged

2018-11-22 06:18:52,738 [MainThread  ] [INFO ]  pgflag vis=2245-328.9500 command='<b' stokes=i,v,u,q flagpar=8,2,2,3,6,3  options=nodisp

pgflag: Revision 1.30, 2016/10/05 23:06:50 UTC

Applying bandpass corrections to 2245-328.9500
Applying freq. dependent gain corrections to 2245-328.9500
Applying freq. dependent leakage correction to 2245-328.9500
Applying changes to dataset
Counts of correlations within selected channels:
 channel  Originally  Currently
 Good:      65781320   65324580    Changed to bad:     456740
 Bad:       11834800   12291540    Changed to good:         0
 15.8% of the data is now flagged

2018-11-22 06:18:59,550 [MainThread  ] [INFO ]  gpcal vis=2245-328.9500 refant=4 interval=0.1 nfbin=2 options=xyvary,qusolve

gpcal: Revision 1.22, 2016/05/01 22:31:05 UTC

Applying bandpass corrections to 2245-328.9500
Number of antennae: 6
Using leakage parameters from input as initial guess
Reading the data ...
Number of solution intervals: 632
Total visibilities read: 9470
Number visibilities accepted: 9457
Iter= 1, Amplit/Phase Solution Error:   1.267
Iter= 1, Polarisation Solution Error:   0.006
Iter= 1, Overall Solution Error:        2.657
Iter= 2, Amplit/Phase Solution Error:   0.008
Iter= 2, Polarisation Solution Error:   0.000
Iter= 2, Overall Solution Error:        0.059
Iter= 3, Amplit/Phase Solution Error:   0.001
Iter= 3, Polarisation Solution Error:   0.000
Iter= 3, Overall Solution Error:        0.011
Iter= 4, Amplit/Phase Solution Error:   0.000
Iter= 4, Polarisation Solution Error:   0.000
Iter= 4, Overall Solution Error:        0.000
I flux density:   0.7365
Percent Q:  -0.396
Percent U:  -0.641
Leakage terms:
 Ant 1:Dx,Dy = ( 0.00096,-0.00099),( 0.00036, 0.00051)
 Ant 2:Dx,Dy = ( 0.00334, 0.00038),(-0.00343, 0.00348)
 Ant 3:Dx,Dy = ( 0.00658,-0.00524),(-0.00900,-0.00409)
 Ant 4:Dx,Dy = ( 0.00194, 0.01461),(-0.00111, 0.01605)
 Ant 5:Dx,Dy = (-0.01652, 0.00235),( 0.01708, 0.00351)
 Ant 6:Dx,Dy = ( 0.00480,-0.01718),(-0.00278,-0.01339)
Solution for freq bin  1
Iter= 1, Amplit/Phase Solution Error:   1.296
Iter= 1, Polarisation Solution Error:   0.006
Iter= 1, Overall Solution Error:        2.549
Iter= 2, Amplit/Phase Solution Error:   0.008
Iter= 2, Polarisation Solution Error:   0.000
Iter= 2, Overall Solution Error:        0.048
Iter= 3, Amplit/Phase Solution Error:   0.001
Iter= 3, Polarisation Solution Error:   0.000
Iter= 3, Overall Solution Error:        0.009
Iter= 4, Amplit/Phase Solution Error:   0.000
Iter= 4, Polarisation Solution Error:   0.000
Iter= 4, Overall Solution Error:        0.000
I flux density:   0.7301
Percent Q:  -0.393
Percent U:  -0.626
Leakage terms:
 Ant 1:Dx,Dy = ( 0.00061,-0.00103),(-0.00015, 0.00065)
 Ant 2:Dx,Dy = ( 0.00379, 0.00076),(-0.00413, 0.00479)
 Ant 3:Dx,Dy = ( 0.00582,-0.00598),(-0.00933,-0.00422)
 Ant 4:Dx,Dy = ( 0.00156, 0.01470),(-0.00154, 0.01638)
 Ant 5:Dx,Dy = (-0.01677, 0.00110),( 0.01668, 0.00293)
 Ant 6:Dx,Dy = ( 0.00452,-0.01663),(-0.00199,-0.01345)
Solution for freq bin  2
Iter= 1, Amplit/Phase Solution Error:   1.357
Iter= 1, Polarisation Solution Error:   0.007
Iter= 1, Overall Solution Error:        2.721
Iter= 2, Amplit/Phase Solution Error:   0.008
Iter= 2, Polarisation Solution Error:   0.000
Iter= 2, Overall Solution Error:        0.008
Iter= 3, Amplit/Phase Solution Error:   0.001
Iter= 3, Polarisation Solution Error:   0.000
Iter= 3, Overall Solution Error:        0.001
Iter= 4, Amplit/Phase Solution Error:   0.000
Iter= 4, Polarisation Solution Error:   0.000
Iter= 4, Overall Solution Error:        0.000
I flux density:   0.7533
Percent Q:  -0.400
Percent U:  -0.657
Leakage terms:
 Ant 1:Dx,Dy = ( 0.00136,-0.00106),( 0.00076, 0.00024)
 Ant 2:Dx,Dy = ( 0.00291, 0.00003),(-0.00294, 0.00222)
 Ant 3:Dx,Dy = ( 0.00734,-0.00462),(-0.00871,-0.00400)
 Ant 4:Dx,Dy = ( 0.00222, 0.01461),(-0.00058, 0.01589)
 Ant 5:Dx,Dy = (-0.01658, 0.00356),( 0.01729, 0.00417)
 Ant 6:Dx,Dy = ( 0.00505,-0.01777),(-0.00351,-0.01326)

2018-11-22 06:22:13,176 [MainThread  ] [INFO ]  pgflag vis=2245-328.9500 command='<b' stokes=i,q,u,v flagpar=8,5,5,3,6,3 options=nodisp

pgflag: Revision 1.30, 2016/10/05 23:06:50 UTC

Applying bandpass corrections to 2245-328.9500
Applying freq. dependent gain corrections to 2245-328.9500
Applying freq. dependent leakage correction to 2245-328.9500
Applying changes to dataset
Counts of correlations within selected channels:
 channel  Originally  Currently
 Good:      65324580   64968084    Changed to bad:     356496
 Bad:       12291540   12648036    Changed to good:         0
 16.3% of the data is now flagged

2018-11-22 06:25:20,751 [MainThread  ] [INFO ]  pgflag vis=2245-328.9500 command='<b' stokes=i,v,q,u flagpar=8,2,2,3,6,3  options=nodisp

pgflag: Revision 1.30, 2016/10/05 23:06:50 UTC

Applying bandpass corrections to 2245-328.9500
Applying freq. dependent gain corrections to 2245-328.9500
Applying freq. dependent leakage correction to 2245-328.9500
Applying changes to dataset
Counts of correlations within selected channels:
 channel  Originally  Currently
 Good:      64968084   64631200    Changed to bad:     336884
 Bad:       12648036   12984920    Changed to good:         0
 16.7% of the data is now flagged

2018-11-22 06:28:36,189 [MainThread  ] [INFO ]  pgflag vis=2245-328.9500 command='<b' stokes=i,v,u,q flagpar=8,2,2,3,6,3  options=nodisp

pgflag: Revision 1.30, 2016/10/05 23:06:50 UTC

Applying bandpass corrections to 2245-328.9500
Applying freq. dependent gain corrections to 2245-328.9500
Applying freq. dependent leakage correction to 2245-328.9500
Applying changes to dataset
Counts of correlations within selected channels:
 channel  Originally  Currently
 Good:      64631200   64326656    Changed to bad:     304544
 Bad:       12984920   13289464    Changed to good:         0
 17.1% of the data is now flagged

2018-11-22 06:28:41,824 [MainThread  ] [INFO ]  gpcal vis=2245-328.9500 refant=4 interval=0.1 nfbin=2 options=xyvary,qusolve

gpcal: Revision 1.22, 2016/05/01 22:31:05 UTC

Applying bandpass corrections to 2245-328.9500
Number of antennae: 6
Using leakage parameters from input as initial guess
Reading the data ...
Number of solution intervals: 632
Total visibilities read: 9470
Number visibilities accepted: 9452
Iter= 1, Amplit/Phase Solution Error:   1.256
Iter= 1, Polarisation Solution Error:   0.006
Iter= 1, Overall Solution Error:        2.684
Iter= 2, Amplit/Phase Solution Error:   0.008
Iter= 2, Polarisation Solution Error:   0.000
Iter= 2, Overall Solution Error:        0.126
Iter= 3, Amplit/Phase Solution Error:   0.001
Iter= 3, Polarisation Solution Error:   0.000
Iter= 3, Overall Solution Error:        0.024
Iter= 4, Amplit/Phase Solution Error:   0.000
Iter= 4, Polarisation Solution Error:   0.000
Iter= 4, Overall Solution Error:        0.000
I flux density:   0.7395
Percent Q:  -0.397
Percent U:  -0.638
Leakage terms:
 Ant 1:Dx,Dy = ( 0.00096,-0.00098),( 0.00035, 0.00050)
 Ant 2:Dx,Dy = ( 0.00333, 0.00038),(-0.00342, 0.00348)
 Ant 3:Dx,Dy = ( 0.00660,-0.00525),(-0.00899,-0.00410)
 Ant 4:Dx,Dy = ( 0.00198, 0.01461),(-0.00109, 0.01605)
 Ant 5:Dx,Dy = (-0.01651, 0.00238),( 0.01707, 0.00351)
 Ant 6:Dx,Dy = ( 0.00479,-0.01721),(-0.00277,-0.01337)
Solution for freq bin  1
Iter= 1, Amplit/Phase Solution Error:   1.301
Iter= 1, Polarisation Solution Error:   0.006
Iter= 1, Overall Solution Error:        2.571
Iter= 2, Amplit/Phase Solution Error:   0.008
Iter= 2, Polarisation Solution Error:   0.000
Iter= 2, Overall Solution Error:        0.108
Iter= 3, Amplit/Phase Solution Error:   0.001
Iter= 3, Polarisation Solution Error:   0.000
Iter= 3, Overall Solution Error:        0.020
Iter= 4, Amplit/Phase Solution Error:   0.000
Iter= 4, Polarisation Solution Error:   0.000
Iter= 4, Overall Solution Error:        0.000
I flux density:   0.7329
Percent Q:  -0.394
Percent U:  -0.622
Leakage terms:
 Ant 1:Dx,Dy = ( 0.00060,-0.00101),(-0.00018, 0.00064)
 Ant 2:Dx,Dy = ( 0.00380, 0.00074),(-0.00413, 0.00482)
 Ant 3:Dx,Dy = ( 0.00583,-0.00600),(-0.00931,-0.00425)
 Ant 4:Dx,Dy = ( 0.00161, 0.01469),(-0.00153, 0.01638)
 Ant 5:Dx,Dy = (-0.01679, 0.00113),( 0.01667, 0.00296)
 Ant 6:Dx,Dy = ( 0.00449,-0.01667),(-0.00199,-0.01344)
Solution for freq bin  2
Iter= 1, Amplit/Phase Solution Error:   1.353
Iter= 1, Polarisation Solution Error:   0.007
Iter= 1, Overall Solution Error:        2.765
Iter= 2, Amplit/Phase Solution Error:   0.008
Iter= 2, Polarisation Solution Error:   0.000
Iter= 2, Overall Solution Error:        0.009
Iter= 3, Amplit/Phase Solution Error:   0.001
Iter= 3, Polarisation Solution Error:   0.000
Iter= 3, Overall Solution Error:        0.001
I flux density:   0.7561
Percent Q:  -0.402
Percent U:  -0.654
Leakage terms:
 Ant 1:Dx,Dy = ( 0.00136,-0.00107),( 0.00077, 0.00023)
 Ant 2:Dx,Dy = ( 0.00291, 0.00005),(-0.00293, 0.00223)
 Ant 3:Dx,Dy = ( 0.00735,-0.00462),(-0.00871,-0.00399)
 Ant 4:Dx,Dy = ( 0.00224, 0.01461),(-0.00055, 0.01590)
 Ant 5:Dx,Dy = (-0.01656, 0.00358),( 0.01729, 0.00414)
 Ant 6:Dx,Dy = ( 0.00506,-0.01780),(-0.00349,-0.01325)

2018-11-22 06:28:41,853 [MainThread  ] [INFO ]  gpboot vis=2245-328.9500 cal=1934-638.9500

gpboot: Revision 1.9, 2015/10/29 01:31:30 UTC

Secondary flux density scaled by:   0.993
Frequency bin  1 scaled by      :   0.990
Frequency bin  2 scaled by      :   0.996

2018-11-22 06:30:38,595 [MainThread  ] [INFO ]  gpcopy vis=2245-328.9500 out=d.9500

gpcopy: Revision 1.13, 2015/10/29 01:31:39 UTC

Copying leakage table
Copying gain table
Interpolation tolerance set to (minutes): 720.00
Copying bandpass table

2018-11-22 06:54:19,494 [MainThread  ] [INFO ]  pgflag vis=d.9500 command='<b' stokes=i,v,q,u flagpar=8,2,2,3,6,3  options=nodisp

pgflag: Revision 1.30, 2016/10/05 23:06:50 UTC

Applying bandpass corrections to d.9500
Applying freq. dependent gain corrections to d.9500
Applying freq. dependent leakage correction to d.9500
Applying changes to dataset
Counts of correlations within selected channels:
 channel  Originally  Currently
 Good:     426561824  414163204    Changed to bad:   12398620
 Bad:       67796308   80194928    Changed to good:         0
 16.2% of the data is now flagged

2018-11-22 07:14:22,012 [MainThread  ] [INFO ]  pgflag vis=d.9500 command='<b' stokes=i,v,u,q flagpar=8,2,2,3,6,3  options=nodisp

pgflag: Revision 1.30, 2016/10/05 23:06:50 UTC

Applying bandpass corrections to d.9500
Applying freq. dependent gain corrections to d.9500
Applying freq. dependent leakage correction to d.9500
Applying changes to dataset
Counts of correlations within selected channels:
 channel  Originally  Currently
 Good:     414163204  405396544    Changed to bad:    8766660
 Bad:       80194928   88961588    Changed to good:         0
 18.0% of the data is now flagged

2018-11-22 07:16:23,369 [MainThread  ] [INFO ]  uvsplit vis=d.9500

uvsplit: Revision 1.18, 2016/05/09 03:06:18 UTC

Creating d_361.9500
Creating d_362.9500
Creating d_363.9500
Creating d_364.9500
Creating d_365.9500
Creating d_366.9500
Creating d_367.9500
Creating d_368.9500
Creating d_369.9500
Creating d_370.9500
Creating d_371.9500
Creating d_372.9500
Creating d_373.9500
Creating d_374.9500
Creating d_375.9500
Creating d_376.9500
Creating d_377.9500
Creating d_378.9500
Creating d_379.9500
Creating d_380.9500
Creating d_381.9500
Creating d_382.9500
Creating d_383.9500
Creating d_384.9500
Creating d_385.9500
Creating d_386.9500
Creating d_387.9500
Creating d_388.9500
Creating d_389.9500
Creating d_390.9500
Creating d_391.9500
Creating d_392.9500
Creating d_393.9500
Creating d_394.9500
Creating d_395.9500
Creating d_396.9500
Creating d_397.9500
Creating d_398.9500
Creating d_399.9500
Creating d_400.9500
Creating d_401.9500
Creating d_402.9500
Creating d_403.9500
Creating d_404.9500
Creating d_405.9500
Creating d_406.9500
Creating d_407.9500
Creating d_408.9500
Creating d_409.9500
Creating d_410.9500
Creating d_411.9500
Creating d_412.9500
Creating d_413.9500
Creating d_414.9500
Creating d_415.9500
Creating d_416.9500
Creating d_417.9500
Creating d_418.9500
Creating d_419.9500
Creating d_420.9500
Creating d_421.9500
Creating d_422.9500
Creating d_423.9500
Creating d_424.9500
Creating d_425.9500
Creating d_426.9500
Creating d_427.9500
Creating d_428.9500
Creating d_429.9500
Creating d_430.9500
Creating d_431.9500
Creating d_432.9500
Creating d_433.9500
Creating d_434.9500
Creating d_435.9500
Creating d_436.9500
Creating d_437.9500
Creating d_438.9500
Creating d_439.9500
Creating d_440.9500
Creating d_441.9500
Creating d_442.9500
Creating d_443.9500
Creating d_444.9500
Creating d_445.9500
Creating d_446.9500
Creating d_447.9500
Creating d_448.9500
Creating d_449.9500
Creating d_450.9500
Creating d_451.9500
Creating d_452.9500
Creating d_453.9500
Creating d_454.9500
Creating d_455.9500
Creating d_456.9500
Creating d_457.9500
Creating d_458.9500
Creating d_459.9500
Creating d_460.9500
Creating d_461.9500
Creating d_462.9500
Creating d_463.9500
Creating d_464.9500
Creating d_465.9500
Creating d_466.9500
Creating d_467.9500
Creating d_468.9500
Creating d_469.9500
Creating d_470.9500
Creating d_471.9500
Creating d_472.9500
Creating d_473.9500
Creating d_474.9500
Creating d_475.9500
Creating d_476.9500
Creating d_477.9500
Creating d_478.9500
Creating d_479.9500
Creating d_480.9500
Creating d_481.9500
Creating d_482.9500
Creating d_483.9500
Creating d_484.9500
Creating d_485.9500
Creating d_486.9500
Creating d_487.9500
Creating d_488.9500
Creating d_489.9500
Creating d_490.9500
Creating d_491.9500
Creating d_492.9500
Creating d_493.9500
Creating d_494.9500
Creating d_495.9500
Creating d_496.9500
Creating d_497.9500
Creating d_498.9500
Creating d_499.9500
Creating d_500.9500
Creating d_501.9500
Creating d_502.9500
Creating d_503.9500
Creating d_504.9500
Creating d_505.9500
Creating d_506.9500
Creating d_507.9500
Creating d_508.9500
Creating d_509.9500
Creating d_510.9500
Creating d_511.9500
Creating d_512.9500
Creating d_513.9500
Creating d_514.9500
Creating d_515.9500
Creating d_516.9500
Creating d_517.9500
Creating d_518.9500
Creating d_519.9500
Creating d_520.9500
Creating d_521.9500
Creating d_522.9500
Creating d_523.9500
Creating d_524.9500
Creating d_525.9500
Creating d_526.9500
Creating d_527.9500
Creating d_528.9500
Creating d_529.9500
Creating d_530.9500
Creating d_531.9500
Creating d_532.9500
Creating d_533.9500
Creating d_534.9500
Creating d_535.9500
Creating d_536.9500
Creating d_537.9500
Creating d_538.9500
Creating d_539.9500
Creating d_540.9500

