2018-08-08 02:19:00,363 [MainThread  ] [INFO ]  atlod in=raw/2017-12-03_0246.C3132,raw/2017-12-03_0534.C3132,raw/2017-12-03_0821.C3132,raw/2017-12-03_1108.C3132,raw/2017-12-03_1355.C3132 out=data5.uv ifsel=1 options=birdie,rfiflag,noauto,xycorr

atlod: Revision 1.53, 2016/08/25 23:02:21 UTC

Processing file raw/2017-12-03_0246.C3132
 02:46:12 CAOBS> track 1
CABB data detected
Scan 1 started at 17DEC03:02:46:28.0
Source: 1934-638
Flagging channels in  28 frequency ranges
 02:56:24 CAOBS> stop
 02:57:01 CAOBS> set file  c3132_obs_b2.sch
 02:57:23 CAOBS> start 3/99
Scan 2 started at 17DEC03:02:59:08.0
Source: 2312-319
Scan 3 started at 17DEC03:03:01:48.0
Source: b_261
Source: b_262
Source: b_263
Source: b_264
Source: b_265
Source: b_266
Source: b_267
Source: b_268
Source: b_269
Source: b_270
Source: b_271
Source: b_272
Source: b_273
Source: b_274
Source: b_275
Source: b_276
Source: b_277
Source: b_278
Source: b_279
Source: b_280
Scan 4 started at 17DEC03:03:15:16.0
Source: 2312-319
Scan 5 started at 17DEC03:03:17:50.5
Source: b_281
Source: b_282
Source: b_283
Source: b_284
Source: b_285
Source: b_286
Source: b_287
Source: b_288
Source: b_289
Source: b_290
Source: b_291
Source: b_292
Source: b_293
Source: b_294
Source: b_295
Source: b_296
Source: b_297
Source: b_298
Source: b_299
Source: b_300
Scan 6 started at 17DEC03:03:31:24.0
Source: 2312-319
Scan 7 started at 17DEC03:03:34:04.0
Source: b_301
Source: b_302
Source: b_303
Source: b_304
Source: b_305
Source: b_306
Source: b_307
Source: b_308
Source: b_309
Source: b_310
Source: b_311
Source: b_312
Source: b_313
Source: b_314
Source: b_315
Source: b_316
Source: b_317
Source: b_318
Source: b_319
Source: b_320
Scan 8 started at 17DEC03:03:47:32.0
Source: 2312-319
Scan 9 started at 17DEC03:03:50:12.0
Source: b_321
Source: b_322
Source: b_323
Source: b_324
Source: b_325
Source: b_326
Source: b_327
Source: b_328
Source: b_329
Source: b_330
Source: b_331
Source: b_332
Source: b_333
Source: b_334
Source: b_335
Source: b_336
Source: b_337
Source: b_338
Source: b_339
Source: b_340
Scan 10 started at 17DEC03:04:03:40.0
Source: 2312-319
Scan 11 started at 17DEC03:04:06:14.8
Source: b_341
Source: b_342
Source: b_343
Source: b_344
Source: b_345
Source: b_346
Source: b_347
Source: b_348
Source: b_349
Source: b_350
Source: b_351
Source: b_352
Source: b_353
Source: b_354
Source: b_355
Source: b_356
Source: b_357
Source: b_358
Source: b_359
Source: b_360
Scan 12 started at 17DEC03:04:19:48.0
Source: 2312-319
Scan 13 started at 17DEC03:04:22:28.0
Source: b_361
Source: b_362
Source: b_363
Source: b_364
Source: b_365
Source: b_366
Source: b_367
Source: b_368
Source: b_369
Source: b_370
Source: b_371
Source: b_372
Source: b_373
Source: b_374
Source: b_375
Source: b_376
Source: b_377
Source: b_378
Source: b_379
Source: b_380
Scan 14 started at 17DEC03:04:35:56.0
Source: 2312-319
Scan 15 started at 17DEC03:04:38:36.0
Source: b_381
Source: b_382
Source: b_383
Source: b_384
Source: b_385
Source: b_386
Source: b_387
Source: b_388
Source: b_389
Source: b_390
Source: b_391
Source: b_392
Source: b_393
Source: b_394
Source: b_395
Source: b_396
Source: b_397
Source: b_398
Source: b_399
Source: b_400
Scan 16 started at 17DEC03:04:52:04.0
Source: 2312-319
Scan 17 started at 17DEC03:04:54:44.0
Source: b_401
Source: b_402
Source: b_403
Source: b_404
Source: b_405
Source: b_406
Source: b_407
Source: b_408
Source: b_409
Source: b_410
Source: b_411
Source: b_412
Source: b_413
Source: b_414
Source: b_415
Source: b_416
Source: b_417
Source: b_418
Source: b_419
Source: b_420
Scan 18 started at 17DEC03:05:08:12.0
Source: 2312-319
Scan 19 started at 17DEC03:05:10:52.0
Source: b_421
Source: b_422
Source: b_423
Source: b_424
Source: b_425
Source: b_426
Source: b_427
Source: b_428
Source: b_429
Source: b_430
Source: b_431
Source: b_432
Source: b_433
Source: b_434
Source: b_435
Source: b_436
Source: b_437
Source: b_438
Source: b_439
Source: b_440
Scan 20 started at 17DEC03:05:24:20.0
Source: 2312-319
Scan 21 started at 17DEC03:05:27:00.0
Source: b_441
Source: b_442
Source: b_443
Source: b_444
Source: b_445
Source: b_446
Source: b_447
Source: b_448
Source: b_449
Source: b_450
Source: b_451
Source: b_452
RPFITS file version is 2.12
---------------------------------------
Total number of spectra selected: 72660

Summary of spectra flagged
Flagging Reason            Fraction
---------------            --------
Antenna off-source/off-line  3.22%
---------------------------------------
Processing file raw/2017-12-03_0534.C3132
CABB data detected
Scan 1 started at 17DEC03:05:34:20.0
Source: b_452
Source: b_453
Source: b_454
Source: b_455
Source: b_456
Source: b_457
Source: b_458
Source: b_459
Source: b_460
Scan 2 started at 17DEC03:05:40:28.0
Source: 2312-319
Scan 3 started at 17DEC03:05:43:16.0
Source: b_461
Source: b_462
Source: b_463
Source: b_464
Source: b_465
Source: b_466
Source: b_467
Source: b_468
Source: b_469
Source: b_470
Source: b_471
Source: b_472
Source: b_473
Source: b_474
Source: b_475
Source: b_476
Source: b_477
Source: b_478
Source: b_479
Source: b_480
Scan 4 started at 17DEC03:05:56:36.0
Source: 2312-319
Scan 5 started at 17DEC03:05:59:24.0
Source: b_241
Source: b_242
Source: b_243
Source: b_244
Source: b_245
Source: b_246
Source: b_247
Source: b_248
Source: b_249
Source: b_250
Source: b_251
Source: b_252
Source: b_253
Source: b_254
Source: b_255
Source: b_256
Source: b_257
Source: b_258
Source: b_259
Source: b_260
Scan 6 started at 17DEC03:06:12:44.0
Source: 2312-319
Scan 7 started at 17DEC03:06:15:24.0
Source: b_261
Source: b_262
Source: b_263
Source: b_264
Source: b_265
Source: b_266
Source: b_267
Source: b_268
Source: b_269
Source: b_270
Source: b_271
Source: b_272
Source: b_273
Source: b_274
Source: b_275
Source: b_276
Source: b_277
Source: b_278
Source: b_279
Source: b_280
Scan 8 started at 17DEC03:06:28:52.0
Source: 2312-319
Scan 9 started at 17DEC03:06:31:26.5
Source: b_281
Source: b_282
Source: b_283
Source: b_284
Source: b_285
Source: b_286
Source: b_287
Source: b_288
Source: b_289
Source: b_290
Source: b_291
Source: b_292
Source: b_293
Source: b_294
Source: b_295
Source: b_296
Source: b_297
Source: b_298
Source: b_299
Source: b_300
Scan 10 started at 17DEC03:06:45:00.0
Source: 2312-319
Scan 11 started at 17DEC03:06:47:48.0
Source: b_301
Source: b_302
Source: b_303
Source: b_304
Source: b_305
Source: b_306
Source: b_307
Source: b_308
Source: b_309
Source: b_310
Source: b_311
Source: b_312
Source: b_313
Source: b_314
Source: b_315
Source: b_316
Source: b_317
Source: b_318
Source: b_319
Source: b_320
Scan 12 started at 17DEC03:07:01:08.0
Source: 2312-319
Scan 13 started at 17DEC03:07:04:04.0
Source: b_321
Source: b_322
Source: b_323
Source: b_324
Source: b_325
Source: b_326
Source: b_327
Source: b_328
Source: b_329
Source: b_330
Source: b_331
Source: b_332
Source: b_333
Source: b_334
Source: b_335
Source: b_336
Source: b_337
Source: b_338
Source: b_339
Source: b_340
Scan 14 started at 17DEC03:07:17:24.0
Source: 2312-319
Scan 15 started at 17DEC03:07:20:04.0
Source: b_341
Source: b_342
Source: b_343
Source: b_344
Source: b_345
Source: b_346
Source: b_347
Source: b_348
Source: b_349
Source: b_350
Source: b_351
Source: b_352
Source: b_353
Source: b_354
Source: b_355
Source: b_356
Source: b_357
Source: b_358
Source: b_359
Source: b_360
Scan 16 started at 17DEC03:07:33:32.0
Source: 2312-319
Scan 17 started at 17DEC03:07:36:28.0
Source: b_361
Source: b_362
Source: b_363
Source: b_364
Source: b_365
Source: b_366
Source: b_367
Source: b_368
Source: b_369
Source: b_370
Source: b_371
Source: b_372
Source: b_373
Source: b_374
Source: b_375
Source: b_376
Source: b_377
Source: b_378
Source: b_379
Source: b_380
Scan 18 started at 17DEC03:07:49:56.0
Source: 2312-319
Scan 19 started at 17DEC03:07:53:08.0
Source: b_381
Source: b_382
Source: b_383
Source: b_384
Source: b_385
Source: b_386
Source: b_387
Source: b_388
Source: b_389
Source: b_390
Source: b_391
Source: b_392
Source: b_393
Source: b_394
Source: b_395
Source: b_396
Source: b_397
Source: b_398
Source: b_399
Source: b_400
Scan 20 started at 17DEC03:08:06:20.0
Source: 2312-319
Scan 21 started at 17DEC03:08:10:12.0
Source: b_402
Source: b_403
Source: b_404
Source: b_405
Source: b_406
Source: b_407
Source: b_408
Source: b_409
Source: b_410
Source: b_411
Source: b_412
Source: b_413
Source: b_414
Source: b_415
Source: b_416
Source: b_417
Source: b_418
RPFITS file version is 2.12
---------------------------------------
Total number of spectra selected: 72660

Summary of spectra flagged
Flagging Reason            Fraction
---------------            --------
Antenna off-source/off-line  5.31%
---------------------------------------
Processing file raw/2017-12-03_0821.C3132
CABB data detected
Scan 1 started at 17DEC03:08:21:08.0
Source: b_418
Source: b_419
Source: b_420
Scan 2 started at 17DEC03:08:23:32.0
Source: 2312-319
Scan 3 started at 17DEC03:08:28:46.0
Source: b_423
Source: b_425
Source: b_426
Source: b_427
Source: b_428
Source: b_429
Source: b_430
Source: b_431
Source: b_432
Source: b_433
Source: b_434
Source: b_435
Source: b_436
Source: b_437
Source: b_438
Source: b_439
Source: b_440
Scan 4 started at 17DEC03:08:41:16.0
Source: 2312-319
Scan 5 started at 17DEC03:08:44:20.0
Source: b_441
Source: b_442
Source: b_443
Source: b_444
Source: b_445
Source: b_446
Source: b_447
Source: b_448
Source: b_449
Source: b_450
Source: b_451
Source: b_452
Source: b_453
Source: b_454
Source: b_455
Source: b_456
Source: b_457
Source: b_458
Source: b_459
Source: b_460
Scan 6 started at 17DEC03:08:57:40.0
Source: 2312-319
Scan 7 started at 17DEC03:09:00:44.0
Source: b_461
Source: b_462
Source: b_463
Source: b_464
Source: b_465
Source: b_466
Source: b_467
Source: b_468
Source: b_469
Source: b_470
Source: b_471
Source: b_472
Source: b_473
Source: b_474
Source: b_475
Source: b_476
Source: b_477
Source: b_478
Source: b_479
Source: b_480
Scan 8 started at 17DEC03:09:13:48.0
Source: 2312-319
Scan 9 started at 17DEC03:09:16:44.0
Source: b_241
Source: b_242
Source: b_243
Source: b_244
Source: b_245
Source: b_246
Source: b_247
Source: b_248
Source: b_249
Source: b_250
Source: b_251
Source: b_252
Source: b_253
Source: b_254
Source: b_255
Source: b_256
Source: b_257
Source: b_258
Source: b_259
Source: b_260
Scan 10 started at 17DEC03:09:29:56.0
Source: 2312-319
Scan 11 started at 17DEC03:09:32:44.0
Source: b_261
Source: b_262
Source: b_263
Source: b_264
Source: b_265
Source: b_266
Source: b_267
Source: b_268
Source: b_269
Source: b_270
Source: b_271
Source: b_272
Source: b_273
Source: b_274
Source: b_275
Source: b_276
Source: b_277
Source: b_278
Source: b_279
Source: b_280
Scan 12 started at 17DEC03:09:46:04.0
Source: 2312-319
Scan 13 started at 17DEC03:09:48:38.5
Source: b_281
Source: b_282
Source: b_283
Source: b_284
Source: b_285
Source: b_286
Source: b_287
Source: b_288
Source: b_289
Source: b_290
Source: b_291
Source: b_292
Source: b_293
Source: b_294
Source: b_295
Source: b_296
Source: b_297
Source: b_298
Source: b_299
Source: b_300
Scan 14 started at 17DEC03:10:02:12.0
Source: 2312-319
Scan 15 started at 17DEC03:10:05:00.0
Source: b_301
Source: b_302
Source: b_303
Source: b_304
Source: b_305
Source: b_306
Source: b_307
Source: b_308
Source: b_309
Source: b_310
Source: b_311
Source: b_312
Source: b_313
Source: b_314
Source: b_315
Source: b_316
Source: b_317
Source: b_318
Source: b_319
Source: b_320
Scan 16 started at 17DEC03:10:18:20.0
Source: 2312-319
Scan 17 started at 17DEC03:10:21:08.0
Source: b_321
Source: b_322
Source: b_323
Source: b_324
Source: b_325
Source: b_326
Source: b_327
Source: b_328
Source: b_329
Source: b_330
Source: b_331
Source: b_332
Source: b_333
Source: b_334
Source: b_335
Source: b_336
Source: b_337
Source: b_338
Source: b_339
Source: b_340
Scan 18 started at 17DEC03:10:34:28.0
Source: 2312-319
Scan 19 started at 17DEC03:10:37:08.0
Source: b_341
Source: b_342
Source: b_343
Source: b_344
Source: b_345
Source: b_346
Source: b_347
Source: b_348
Source: b_349
Source: b_350
Source: b_351
Source: b_352
Source: b_353
Source: b_354
Source: b_355
Source: b_356
Source: b_357
Source: b_358
Source: b_359
Source: b_360
Scan 20 started at 17DEC03:10:50:36.0
Source: 2312-319
Scan 21 started at 17DEC03:10:53:16.0
Source: b_361
Source: b_362
Source: b_363
Source: b_364
Source: b_365
Source: b_366
Source: b_367
Source: b_368
Source: b_369
Source: b_370
Source: b_371
Source: b_372
Source: b_373
Source: b_374
Source: b_375
Source: b_376
Source: b_377
Source: b_378
Source: b_379
Source: b_380
Scan 22 started at 17DEC03:11:06:44.0
Source: 2312-319
RPFITS file version is 2.12
---------------------------------------
Total number of spectra selected: 72660

Summary of spectra flagged
Flagging Reason            Fraction
---------------            --------
Antenna off-source/off-line  7.29%
---------------------------------------
Processing file raw/2017-12-03_1108.C3132
CABB data detected
Scan 1 started at 17DEC03:11:08:12.0
Source: 2312-319
Scan 2 started at 17DEC03:11:09:32.0
Source: b_381
Source: b_382
Source: b_383
Source: b_384
Source: b_385
Source: b_386
Source: b_387
Source: b_388
Source: b_389
Source: b_390
Source: b_391
Source: b_392
Source: b_393
Source: b_394
Source: b_395
Source: b_396
Source: b_397
Source: b_398
Source: b_399
Source: b_400
Scan 3 started at 17DEC03:11:22:52.0
Source: 2312-319
Scan 4 started at 17DEC03:11:25:32.0
Source: b_401
Source: b_402
Source: b_403
Source: b_404
Source: b_405
Source: b_406
Source: b_407
Source: b_408
Source: b_409
Source: b_410
Source: b_411
Source: b_412
Source: b_413
Source: b_414
Source: b_415
Source: b_416
Source: b_417
Source: b_418
Source: b_419
Source: b_420
Scan 5 started at 17DEC03:11:39:00.0
Source: 2312-319
Scan 6 started at 17DEC03:11:41:40.0
Source: b_421
Source: b_422
Source: b_423
Source: b_424
Source: b_425
Source: b_426
Source: b_427
Source: b_428
Source: b_429
Source: b_430
Source: b_431
Source: b_432
Source: b_433
Source: b_434
Source: b_435
Source: b_436
Source: b_437
Source: b_438
Source: b_439
Source: b_440
Scan 7 started at 17DEC03:11:55:08.0
Source: 2312-319
Scan 8 started at 17DEC03:11:57:48.0
Source: b_441
Source: b_442
Source: b_443
Source: b_444
Source: b_445
Source: b_446
Source: b_447
Source: b_448
Source: b_449
Source: b_450
Source: b_451
Source: b_452
Source: b_453
Source: b_454
Source: b_455
Source: b_456
Source: b_457
Source: b_458
Source: b_459
Source: b_460
Scan 9 started at 17DEC03:12:11:16.0
Source: 2312-319
Scan 10 started at 17DEC03:12:13:56.0
Source: b_461
Source: b_462
Source: b_463
Source: b_464
Source: b_465
Source: b_466
Source: b_467
Source: b_468
Source: b_469
Source: b_470
Source: b_471
Source: b_472
Source: b_473
Source: b_474
Source: b_475
Source: b_476
Source: b_477
Source: b_478
Source: b_479
Source: b_480
Scan 11 started at 17DEC03:12:27:24.0
Source: 2312-319
Scan 12 started at 17DEC03:12:30:04.0
Source: b_241
Source: b_242
Source: b_243
Source: b_244
Source: b_245
Source: b_246
Source: b_247
Source: b_248
Source: b_249
Source: b_250
Source: b_251
Source: b_252
Source: b_253
Source: b_254
Source: b_255
Source: b_256
Source: b_257
Source: b_258
Source: b_259
Source: b_260
Scan 13 started at 17DEC03:12:43:32.0
Source: 2312-319
Scan 14 started at 17DEC03:12:46:12.0
Source: b_261
Source: b_262
Source: b_263
Source: b_264
Source: b_265
Source: b_266
Source: b_267
Source: b_268
Source: b_269
Source: b_270
Source: b_271
Source: b_272
Source: b_273
Source: b_274
Source: b_275
Source: b_276
Source: b_277
Source: b_278
Source: b_279
Source: b_280
Scan 15 started at 17DEC03:12:59:40.0
Source: 2312-319
Scan 16 started at 17DEC03:13:02:14.5
Source: b_281
Source: b_282
Source: b_283
Source: b_284
Source: b_285
Source: b_286
Source: b_287
Source: b_288
Source: b_289
Source: b_290
Source: b_291
Source: b_292
Source: b_293
Source: b_294
Source: b_295
Source: b_296
Source: b_297
Source: b_298
Source: b_299
Source: b_300
Scan 17 started at 17DEC03:13:15:48.0
Source: 2312-319
Scan 18 started at 17DEC03:13:18:28.0
Source: b_301
Source: b_302
Source: b_303
Source: b_304
Source: b_305
Source: b_306
Source: b_307
Source: b_308
Source: b_309
Source: b_310
Source: b_311
Source: b_312
Source: b_313
Source: b_314
Source: b_315
Source: b_316
Source: b_317
Source: b_318
Source: b_319
Source: b_320
Scan 19 started at 17DEC03:13:31:56.0
Source: 2312-319
Scan 20 started at 17DEC03:13:34:36.0
Source: b_321
Source: b_322
Source: b_323
Source: b_324
Source: b_325
Source: b_326
Source: b_327
Source: b_328
Source: b_329
Source: b_330
Source: b_331
Source: b_332
Source: b_333
Source: b_334
Source: b_335
Source: b_336
Source: b_337
Source: b_338
Source: b_339
Source: b_340
Scan 21 started at 17DEC03:13:48:04.0
Source: 2312-319
Scan 22 started at 17DEC03:13:50:38.8
Source: b_341
Source: b_342
Source: b_343
Source: b_344
Source: b_345
Source: b_346
Source: b_347
RPFITS file version is 2.12
---------------------------------------
Total number of spectra selected: 72660

Summary of spectra flagged
Flagging Reason            Fraction
---------------            --------
Antenna off-source/off-line  2.64%
---------------------------------------
Processing file raw/2017-12-03_1355.C3132
CABB data detected
Scan 1 started at 17DEC03:13:55:17.5
Source: b_348
Source: b_349
Source: b_350
Source: b_351
Source: b_352
Source: b_353
Source: b_354
Source: b_355
Source: b_356
Source: b_357
Source: b_358
Source: b_359
Source: b_360
Scan 2 started at 17DEC03:14:04:12.0
Source: 2312-319
Scan 3 started at 17DEC03:14:06:52.0
Source: b_361
Source: b_362
Source: b_363
Source: b_364
Source: b_365
Source: b_366
Source: b_367
Source: b_368
Source: b_369
Source: b_370
Source: b_371
Source: b_372
Source: b_373
Source: b_374
Source: b_375
Source: b_376
Source: b_377
Source: b_378
Source: b_379
Source: b_380
Scan 4 started at 17DEC03:14:20:20.0
Source: 2312-319
Scan 5 started at 17DEC03:14:23:00.0
Source: b_381
Source: b_382
Source: b_383
Source: b_384
Source: b_385
Source: b_386
Source: b_387
Source: b_388
Source: b_389
Source: b_390
Source: b_391
Source: b_392
Source: b_393
Source: b_394
Source: b_395
Source: b_396
Source: b_397
Source: b_398
Source: b_399
Source: b_400
Scan 6 started at 17DEC03:14:36:28.0
Source: 2312-319
Scan 7 started at 17DEC03:14:39:08.0
Source: b_401
Source: b_402
Source: b_403
Scan 8 started at 17DEC03:14:40:52.0
Source: 2312-319
Scan 9 started at 17DEC03:14:43:08.0
 14:49:49 CAOBS> stop
 14:50:34 CAOBS> corr closefile
RPFITS file version is 2.12
---------------------------------------
Total number of spectra selected: 21060

Summary of spectra flagged
Flagging Reason            Fraction
---------------            --------
Antenna off-source/off-line  2.56%
---------------------------------------

No CACAL data was detected

2018-08-08 02:20:55,004 [MainThread  ] [INFO ]  uvflag vis=data5.uv line=chan,6,1146,1 flagval=flag

uvflag: Revision 1.8, 2014/09/30 14:23:39 UTC


Set flags to indicate bad data in visibility file data5.uv
Linetype channel; select    6 channels; start 1146, width    1, step    1

Overview of flagging on visibility file data5.uv
Changed flags set to FALSE (data flagged as bad)
Total number of records selected: 297740; out of 297740 records
Antennas used: 1-6
Counts of correlations within selected channels
channel   Originally    Currently
Good:          893220.           0.    Changed to bad:      893220.
Bad:           893220.     1786440.

2018-08-08 02:21:11,231 [MainThread  ] [INFO ]  uvflag vis=data5.uv line=chan,30,1454,1 flagval=flag

uvflag: Revision 1.8, 2014/09/30 14:23:39 UTC


Set flags to indicate bad data in visibility file data5.uv
Linetype channel; select   30 channels; start 1454, width    1, step    1

Overview of flagging on visibility file data5.uv
Changed flags set to FALSE (data flagged as bad)
Total number of records selected: 297740; out of 297740 records
Antennas used: 1-6
Counts of correlations within selected channels
channel   Originally    Currently
Good:         8932200.           0.    Changed to bad:     8932200.
Bad:                0.     8932200.

2018-08-08 02:21:26,834 [MainThread  ] [INFO ]  uvflag vis=data5.uv line=chan,40,1964,1 flagval=flag

uvflag: Revision 1.8, 2014/09/30 14:23:39 UTC


Set flags to indicate bad data in visibility file data5.uv
Linetype channel; select   40 channels; start 1964, width    1, step    1

Overview of flagging on visibility file data5.uv
Changed flags set to FALSE (data flagged as bad)
Total number of records selected: 297740; out of 297740 records
Antennas used: 1-6
Counts of correlations within selected channels
channel   Originally    Currently
Good:               0.           0.    Changed to bad:           0.
Bad:         11909600.    11909600.

2018-08-08 02:23:49,847 [MainThread  ] [INFO ]  uvsplit vis=data5.uv options=mosaic

uvsplit: Revision 1.18, 2016/05/09 03:06:18 UTC

Creating 1934-638.5500
Creating 2312-319.5500
Creating b.5500

2018-08-08 02:24:00,969 [MainThread  ] [INFO ]  pgflag vis=1934-638.5500 command='<b' stokes=i,q,u,v flagpar=8,5,5,3,6,3 options=nodisp

pgflag: Revision 1.30, 2016/10/05 23:06:50 UTC

Applying changes to dataset
Counts of correlations within selected channels:
 channel  Originally  Currently
 Good:       7978680    7923664    Changed to bad:      55016
 Bad:        1118880    1173896    Changed to good:         0
 12.9% of the data is now flagged

2018-08-08 02:24:09,449 [MainThread  ] [INFO ]  pgflag vis=1934-638.5500 command='<b' stokes=i,v,q,u flagpar=8,2,2,3,6,3  options=nodisp

pgflag: Revision 1.30, 2016/10/05 23:06:50 UTC

Applying changes to dataset
Counts of correlations within selected channels:
 channel  Originally  Currently
 Good:       7923664    7887924    Changed to bad:      35740
 Bad:        1173896    1209636    Changed to good:         0
 13.3% of the data is now flagged

2018-08-08 02:24:19,216 [MainThread  ] [INFO ]  pgflag vis=1934-638.5500 command='<b' stokes=i,v,u,q flagpar=8,2,2,3,6,3  options=nodisp

pgflag: Revision 1.30, 2016/10/05 23:06:50 UTC

Applying changes to dataset
Counts of correlations within selected channels:
 channel  Originally  Currently
 Good:       7887924    7766396    Changed to bad:     121528
 Bad:        1209636    1331164    Changed to good:         0
 14.6% of the data is now flagged

2018-08-08 02:25:42,074 [MainThread  ] [INFO ]  mfcal vis=1934-638.5500 refant=4 interval=0.1
MfCal: $Revision: 1.20 $, $Date: 2017/05/08 02:31:10 $
Selecting parallel-hand polarisations
Reading the data ...
Number correlations accepted: 3883198
Number of frequency bands/settings: 1
Number of polarisations selected: 2
Number of solution intervals: 74
Number of passband solution intervals: 1
Initialising ...
Using post-Aug94 ATCA flux scale for 1934-638.
Using known frequency variation of 1934-638
Generating initial solution estimate ...
Doing solution refinement ...
Iter= 1, Solution Error:  0.423
Iter= 2, Solution Error:  0.008
Iter= 3, Solution Error:  0.000
Saving solution ...

2018-08-08 02:25:42,996 [MainThread  ] [INFO ]  gpcal vis=1934-638.5500 refant=4 interval=0.1 nfbin=2 options=xyvary

gpcal: Revision 1.22, 2016/05/01 22:31:05 UTC

Applying bandpass corrections to 1934-638.5500
Number of antennae: 6
Reading the data ...
Number of solution intervals: 74
Total visibilities read: 1110
Number visibilities accepted: 1110
Using post-Aug94 ATCA flux scale for 1934-638.
Using IQUV =  5.0160,  0.0000,  0.0000,  0.0000 at   5.4529 GHz.
Using post-Aug94 ATCA flux scale for 1934-638.
Using IQUV =  5.5169,  0.0000,  0.0000,  0.0000 at   5.0320 GHz.
Using post-Aug94 ATCA flux scale for 1934-638.
Using IQUV =  4.5101,  0.0000,  0.0000,  0.0000 at   5.9548 GHz.
Iter= 1, Amplit/Phase Solution Error:   0.466
Iter= 1, Polarisation Solution Error:   0.042
Iter= 1, Overall Solution Error:        1.567
Iter= 2, Amplit/Phase Solution Error:   0.002
Iter= 2, Polarisation Solution Error:   0.000
Iter= 2, Overall Solution Error:        0.003
Iter= 3, Amplit/Phase Solution Error:   0.001
Iter= 3, Polarisation Solution Error:   0.000
Iter= 3, Overall Solution Error:        0.001
I flux density:   5.0160
Leakage terms:
 Ant 1:Dx,Dy = ( 0.00210,-0.00241),(-0.00032,-0.00175)
 Ant 2:Dx,Dy = ( 0.00318, 0.00641),(-0.00255, 0.00720)
 Ant 3:Dx,Dy = ( 0.00429, 0.00058),(-0.00743, 0.00033)
 Ant 4:Dx,Dy = ( 0.00625, 0.01849),(-0.00464, 0.01964)
 Ant 5:Dx,Dy = (-0.01671,-0.00095),( 0.01625,-0.00056)
 Ant 6:Dx,Dy = ( 0.00144,-0.02364),(-0.00075,-0.02334)
Solution for freq bin  1
Iter= 1, Amplit/Phase Solution Error:   0.460
Iter= 1, Polarisation Solution Error:   0.045
Iter= 1, Overall Solution Error:        1.542
Iter= 2, Amplit/Phase Solution Error:   0.002
Iter= 2, Polarisation Solution Error:   0.000
Iter= 2, Overall Solution Error:        0.003
Iter= 3, Amplit/Phase Solution Error:   0.001
Iter= 3, Polarisation Solution Error:   0.000
Iter= 3, Overall Solution Error:        0.001
I flux density:   5.5169
Leakage terms:
 Ant 1:Dx,Dy = ( 0.00229,-0.00199),(-0.00050,-0.00142)
 Ant 2:Dx,Dy = ( 0.00376, 0.00776),(-0.00282, 0.00817)
 Ant 3:Dx,Dy = ( 0.00392, 0.00049),(-0.00802, 0.00073)
 Ant 4:Dx,Dy = ( 0.00603, 0.01867),(-0.00483, 0.02047)
 Ant 5:Dx,Dy = (-0.01732,-0.00160),( 0.01587,-0.00098)
 Ant 6:Dx,Dy = ( 0.00063,-0.02549),(-0.00038,-0.02479)
Solution for freq bin  2
Iter= 1, Amplit/Phase Solution Error:   0.475
Iter= 1, Polarisation Solution Error:   0.040
Iter= 1, Overall Solution Error:        1.602
Iter= 2, Amplit/Phase Solution Error:   0.002
Iter= 2, Polarisation Solution Error:   0.000
Iter= 2, Overall Solution Error:        0.003
Iter= 3, Amplit/Phase Solution Error:   0.001
Iter= 3, Polarisation Solution Error:   0.000
Iter= 3, Overall Solution Error:        0.001
I flux density:   4.5101
Leakage terms:
 Ant 1:Dx,Dy = ( 0.00185,-0.00298),(-0.00008,-0.00218)
 Ant 2:Dx,Dy = ( 0.00239, 0.00460),(-0.00219, 0.00591)
 Ant 3:Dx,Dy = ( 0.00479, 0.00069),(-0.00663,-0.00022)
 Ant 4:Dx,Dy = ( 0.00656, 0.01826),(-0.00439, 0.01851)
 Ant 5:Dx,Dy = (-0.01588,-0.00007),( 0.01676, 0.00002)
 Ant 6:Dx,Dy = ( 0.00253,-0.02116),(-0.00123,-0.02140)

2018-08-08 02:25:56,702 [MainThread  ] [INFO ]  pgflag vis=1934-638.5500 command='<b' stokes=i,q,u,v flagpar=8,5,5,3,6,3 options=nodisp

pgflag: Revision 1.30, 2016/10/05 23:06:50 UTC

Applying bandpass corrections to 1934-638.5500
Applying freq. dependent gain corrections to 1934-638.5500
Applying freq. dependent leakage correction to 1934-638.5500
Applying changes to dataset
Counts of correlations within selected channels:
 channel  Originally  Currently
 Good:       7766396    7748080    Changed to bad:      18316
 Bad:        1331164    1349480    Changed to good:         0
 14.8% of the data is now flagged

2018-08-08 02:26:09,164 [MainThread  ] [INFO ]  pgflag vis=1934-638.5500 command='<b' stokes=i,v,q,u flagpar=8,2,2,3,6,3  options=nodisp

pgflag: Revision 1.30, 2016/10/05 23:06:50 UTC

Applying bandpass corrections to 1934-638.5500
Applying freq. dependent gain corrections to 1934-638.5500
Applying freq. dependent leakage correction to 1934-638.5500
Applying changes to dataset
Counts of correlations within selected channels:
 channel  Originally  Currently
 Good:       7748080    7729868    Changed to bad:      18212
 Bad:        1349480    1367692    Changed to good:         0
 15.0% of the data is now flagged

2018-08-08 02:26:21,528 [MainThread  ] [INFO ]  pgflag vis=1934-638.5500 command='<b' stokes=i,v,u,q flagpar=8,2,2,3,6,3  options=nodisp

pgflag: Revision 1.30, 2016/10/05 23:06:50 UTC

Applying bandpass corrections to 1934-638.5500
Applying freq. dependent gain corrections to 1934-638.5500
Applying freq. dependent leakage correction to 1934-638.5500
Applying changes to dataset
Counts of correlations within selected channels:
 channel  Originally  Currently
 Good:       7729868    7712196    Changed to bad:      17672
 Bad:        1367692    1385364    Changed to good:         0
 15.2% of the data is now flagged

2018-08-08 02:27:25,890 [MainThread  ] [INFO ]  mfcal vis=1934-638.5500 refant=4 interval=0.1
MfCal: $Revision: 1.20 $, $Date: 2017/05/08 02:31:10 $
Selecting parallel-hand polarisations
Reading the data ...
Number correlations accepted: 3856098
Number of frequency bands/settings: 1
Number of polarisations selected: 2
Number of solution intervals: 74
Number of passband solution intervals: 1
Initialising ...
Using post-Aug94 ATCA flux scale for 1934-638.
Using known frequency variation of 1934-638
Generating initial solution estimate ...
Doing solution refinement ...
Iter= 1, Solution Error:  0.424
Iter= 2, Solution Error:  0.008
Iter= 3, Solution Error:  0.000
Saving solution ...

2018-08-08 02:27:28,656 [MainThread  ] [INFO ]  gpcal vis=1934-638.5500 refant=4 interval=0.1 nfbin=2 options=xyvary

gpcal: Revision 1.22, 2016/05/01 22:31:05 UTC

Applying bandpass corrections to 1934-638.5500
Number of antennae: 6
Using leakage parameters from input as initial guess
Reading the data ...
Number of solution intervals: 74
Total visibilities read: 1110
Number visibilities accepted: 1110
Using post-Aug94 ATCA flux scale for 1934-638.
Using IQUV =  5.0162,  0.0000,  0.0000,  0.0000 at   5.4527 GHz.
Using post-Aug94 ATCA flux scale for 1934-638.
Using IQUV =  5.5143,  0.0000,  0.0000,  0.0000 at   5.0340 GHz.
Using post-Aug94 ATCA flux scale for 1934-638.
Using IQUV =  4.5113,  0.0000,  0.0000,  0.0000 at   5.9535 GHz.
Iter= 1, Amplit/Phase Solution Error:   0.466
Iter= 1, Polarisation Solution Error:   0.000
Iter= 1, Overall Solution Error:        1.568
Iter= 2, Amplit/Phase Solution Error:   0.002
Iter= 2, Polarisation Solution Error:   0.000
Iter= 2, Overall Solution Error:        0.003
Iter= 3, Amplit/Phase Solution Error:   0.001
Iter= 3, Polarisation Solution Error:   0.000
Iter= 3, Overall Solution Error:        0.001
I flux density:   5.0162
Leakage terms:
 Ant 1:Dx,Dy = ( 0.00211,-0.00241),(-0.00031,-0.00175)
 Ant 2:Dx,Dy = ( 0.00318, 0.00642),(-0.00254, 0.00720)
 Ant 3:Dx,Dy = ( 0.00429, 0.00058),(-0.00744, 0.00033)
 Ant 4:Dx,Dy = ( 0.00626, 0.01849),(-0.00463, 0.01965)
 Ant 5:Dx,Dy = (-0.01671,-0.00096),( 0.01625,-0.00057)
 Ant 6:Dx,Dy = ( 0.00146,-0.02364),(-0.00075,-0.02333)
Solution for freq bin  1
Iter= 1, Amplit/Phase Solution Error:   0.460
Iter= 1, Polarisation Solution Error:   0.002
Iter= 1, Overall Solution Error:        1.543
Iter= 2, Amplit/Phase Solution Error:   0.002
Iter= 2, Polarisation Solution Error:   0.000
Iter= 2, Overall Solution Error:        0.003
Iter= 3, Amplit/Phase Solution Error:   0.001
Iter= 3, Polarisation Solution Error:   0.000
Iter= 3, Overall Solution Error:        0.001
I flux density:   5.5143
Leakage terms:
 Ant 1:Dx,Dy = ( 0.00230,-0.00199),(-0.00050,-0.00142)
 Ant 2:Dx,Dy = ( 0.00377, 0.00777),(-0.00279, 0.00816)
 Ant 3:Dx,Dy = ( 0.00392, 0.00049),(-0.00802, 0.00073)
 Ant 4:Dx,Dy = ( 0.00603, 0.01866),(-0.00481, 0.02047)
 Ant 5:Dx,Dy = (-0.01733,-0.00162),( 0.01585,-0.00100)
 Ant 6:Dx,Dy = ( 0.00064,-0.02548),(-0.00039,-0.02476)
Solution for freq bin  2
Iter= 1, Amplit/Phase Solution Error:   0.475
Iter= 1, Polarisation Solution Error:   0.003
Iter= 1, Overall Solution Error:        1.602
Iter= 2, Amplit/Phase Solution Error:   0.002
Iter= 2, Polarisation Solution Error:   0.000
Iter= 2, Overall Solution Error:        0.003
Iter= 3, Amplit/Phase Solution Error:   0.001
Iter= 3, Polarisation Solution Error:   0.000
Iter= 3, Overall Solution Error:        0.001
I flux density:   4.5113
Leakage terms:
 Ant 1:Dx,Dy = ( 0.00186,-0.00298),(-0.00006,-0.00218)
 Ant 2:Dx,Dy = ( 0.00238, 0.00462),(-0.00219, 0.00591)
 Ant 3:Dx,Dy = ( 0.00479, 0.00068),(-0.00664,-0.00022)
 Ant 4:Dx,Dy = ( 0.00657, 0.01826),(-0.00438, 0.01853)
 Ant 5:Dx,Dy = (-0.01589,-0.00007),( 0.01677, 0.00002)
 Ant 6:Dx,Dy = ( 0.00255,-0.02117),(-0.00124,-0.02142)

2018-08-08 02:27:30,102 [MainThread  ] [INFO ]  gpcopy vis=1934-638.5500 out=2312-319.5500

gpcopy: Revision 1.13, 2015/10/29 01:31:39 UTC

Copying leakage table
Copying gain table
Interpolation tolerance set to (minutes): 720.00
Copying bandpass table

2018-08-08 02:30:36,656 [MainThread  ] [INFO ]  pgflag vis=2312-319.5500 command='<b' stokes=i,q,u,v flagpar=8,5,5,3,6,3 options=nodisp

pgflag: Revision 1.30, 2016/10/05 23:06:50 UTC

Applying bandpass corrections to 2312-319.5500
Applying freq. dependent gain corrections to 2312-319.5500
Applying freq. dependent leakage correction to 2312-319.5500
Applying changes to dataset
Counts of correlations within selected channels:
 channel  Originally  Currently
 Good:      73712940   73047832    Changed to bad:     665108
 Bad:       10337040   11002148    Changed to good:         0
 13.1% of the data is now flagged

2018-08-08 02:33:28,277 [MainThread  ] [INFO ]  pgflag vis=2312-319.5500 command='<b' stokes=i,v,q,u flagpar=8,2,2,3,6,3  options=nodisp

pgflag: Revision 1.30, 2016/10/05 23:06:50 UTC

Applying bandpass corrections to 2312-319.5500
Applying freq. dependent gain corrections to 2312-319.5500
Applying freq. dependent leakage correction to 2312-319.5500
Applying changes to dataset
Counts of correlations within selected channels:
 channel  Originally  Currently
 Good:      73047832   72451280    Changed to bad:     596552
 Bad:       11002148   11598700    Changed to good:         0
 13.8% of the data is now flagged

2018-08-08 02:36:16,431 [MainThread  ] [INFO ]  pgflag vis=2312-319.5500 command='<b' stokes=i,v,u,q flagpar=8,2,2,3,6,3  options=nodisp

pgflag: Revision 1.30, 2016/10/05 23:06:50 UTC

Applying bandpass corrections to 2312-319.5500
Applying freq. dependent gain corrections to 2312-319.5500
Applying freq. dependent leakage correction to 2312-319.5500
Applying changes to dataset
Counts of correlations within selected channels:
 channel  Originally  Currently
 Good:      72451280   71763456    Changed to bad:     687824
 Bad:       11598700   12286524    Changed to good:         0
 14.6% of the data is now flagged

2018-08-08 02:36:21,419 [MainThread  ] [INFO ]  gpcal vis=2312-319.5500 refant=4 interval=0.1 nfbin=2 options=xyvary,qusolve

gpcal: Revision 1.22, 2016/05/01 22:31:05 UTC

Applying bandpass corrections to 2312-319.5500
Number of antennae: 6
Using leakage parameters from input as initial guess
Reading the data ...
Number of solution intervals: 684
Total visibilities read: 10255
Number visibilities accepted: 10255
Iter= 1, Amplit/Phase Solution Error:   0.638
Iter= 1, Polarisation Solution Error:   0.010
Iter= 1, Overall Solution Error:        2.426
Iter= 2, Amplit/Phase Solution Error:   0.013
Iter= 2, Polarisation Solution Error:   0.000
Iter= 2, Overall Solution Error:        0.010
Iter= 3, Amplit/Phase Solution Error:   0.001
Iter= 3, Polarisation Solution Error:   0.000
Iter= 3, Overall Solution Error:        0.001
I flux density:   0.5562
Percent Q:  -0.982
Percent U:   0.793
Leakage terms:
 Ant 1:Dx,Dy = ( 0.00102,-0.00289),(-0.00083,-0.00204)
 Ant 2:Dx,Dy = ( 0.00250, 0.00591),(-0.00269, 0.00708)
 Ant 3:Dx,Dy = ( 0.00390, 0.00021),(-0.00791, 0.00005)
 Ant 4:Dx,Dy = ( 0.00344, 0.01955),(-0.00727, 0.02036)
 Ant 5:Dx,Dy = (-0.01681,-0.00129),( 0.01585,-0.00067)
 Ant 6:Dx,Dy = ( 0.00104,-0.02318),(-0.00206,-0.02310)
Solution for freq bin  1
Iter= 1, Amplit/Phase Solution Error:   0.614
Iter= 1, Polarisation Solution Error:   0.012
Iter= 1, Overall Solution Error:        2.336
Iter= 2, Amplit/Phase Solution Error:   0.014
Iter= 2, Polarisation Solution Error:   0.000
Iter= 2, Overall Solution Error:        0.011
Iter= 3, Amplit/Phase Solution Error:   0.001
Iter= 3, Polarisation Solution Error:   0.000
Iter= 3, Overall Solution Error:        0.001
I flux density:   0.5579
Percent Q:  -1.173
Percent U:   0.795
Leakage terms:
 Ant 1:Dx,Dy = ( 0.00091,-0.00223),(-0.00127,-0.00198)
 Ant 2:Dx,Dy = ( 0.00272, 0.00742),(-0.00335, 0.00810)
 Ant 3:Dx,Dy = ( 0.00305, 0.00014),(-0.00906, 0.00049)
 Ant 4:Dx,Dy = ( 0.00315, 0.02024),(-0.00713, 0.02165)
 Ant 5:Dx,Dy = (-0.01790,-0.00195),( 0.01495,-0.00130)
 Ant 6:Dx,Dy = (-0.00008,-0.02539),(-0.00229,-0.02520)
Solution for freq bin  2
Iter= 1, Amplit/Phase Solution Error:   0.663
Iter= 1, Polarisation Solution Error:   0.008
Iter= 1, Overall Solution Error:        2.424
Iter= 2, Amplit/Phase Solution Error:   0.011
Iter= 2, Polarisation Solution Error:   0.000
Iter= 2, Overall Solution Error:        0.009
Iter= 3, Amplit/Phase Solution Error:   0.001
Iter= 3, Polarisation Solution Error:   0.000
Iter= 3, Overall Solution Error:        0.001
I flux density:   0.5576
Percent Q:  -0.773
Percent U:   0.796
Leakage terms:
 Ant 1:Dx,Dy = ( 0.00104,-0.00364),(-0.00046,-0.00221)
 Ant 2:Dx,Dy = ( 0.00219, 0.00429),(-0.00212, 0.00593)
 Ant 3:Dx,Dy = ( 0.00472, 0.00053),(-0.00678,-0.00011)
 Ant 4:Dx,Dy = ( 0.00378, 0.01904),(-0.00736, 0.01918)
 Ant 5:Dx,Dy = (-0.01577,-0.00043),( 0.01670, 0.00011)
 Ant 6:Dx,Dy = ( 0.00256,-0.02141),(-0.00146,-0.02128)

2018-08-08 02:39:09,076 [MainThread  ] [INFO ]  pgflag vis=2312-319.5500 command='<b' stokes=i,q,u,v flagpar=8,5,5,3,6,3 options=nodisp

pgflag: Revision 1.30, 2016/10/05 23:06:50 UTC

Applying bandpass corrections to 2312-319.5500
Applying freq. dependent gain corrections to 2312-319.5500
Applying freq. dependent leakage correction to 2312-319.5500
Applying changes to dataset
Counts of correlations within selected channels:
 channel  Originally  Currently
 Good:      71763456   71019072    Changed to bad:     744384
 Bad:       12286524   13030908    Changed to good:         0
 15.5% of the data is now flagged

2018-08-08 02:41:53,414 [MainThread  ] [INFO ]  pgflag vis=2312-319.5500 command='<b' stokes=i,v,q,u flagpar=8,2,2,3,6,3  options=nodisp

pgflag: Revision 1.30, 2016/10/05 23:06:50 UTC

Applying bandpass corrections to 2312-319.5500
Applying freq. dependent gain corrections to 2312-319.5500
Applying freq. dependent leakage correction to 2312-319.5500
Applying changes to dataset
Counts of correlations within selected channels:
 channel  Originally  Currently
 Good:      71019072   70196820    Changed to bad:     822252
 Bad:       13030908   13853160    Changed to good:         0
 16.5% of the data is now flagged

2018-08-08 02:46:30,710 [MainThread  ] [INFO ]  pgflag vis=2312-319.5500 command='<b' stokes=i,v,u,q flagpar=8,2,2,3,6,3  options=nodisp

pgflag: Revision 1.30, 2016/10/05 23:06:50 UTC

Applying bandpass corrections to 2312-319.5500
Applying freq. dependent gain corrections to 2312-319.5500
Applying freq. dependent leakage correction to 2312-319.5500
Applying changes to dataset
Counts of correlations within selected channels:
 channel  Originally  Currently
 Good:      70196820   69299956    Changed to bad:     896864
 Bad:       13853160   14750024    Changed to good:         0
 17.5% of the data is now flagged

2018-08-08 02:46:41,549 [MainThread  ] [INFO ]  gpcal vis=2312-319.5500 refant=4 interval=0.1 nfbin=2 options=xyvary,qusolve

gpcal: Revision 1.22, 2016/05/01 22:31:05 UTC

Applying bandpass corrections to 2312-319.5500
Number of antennae: 6
Using leakage parameters from input as initial guess
Reading the data ...
Number of solution intervals: 684
Total visibilities read: 10255
Number visibilities accepted: 10255
Iter= 1, Amplit/Phase Solution Error:   0.638
Iter= 1, Polarisation Solution Error:   0.010
Iter= 1, Overall Solution Error:        2.427
Iter= 2, Amplit/Phase Solution Error:   0.013
Iter= 2, Polarisation Solution Error:   0.000
Iter= 2, Overall Solution Error:        0.010
Iter= 3, Amplit/Phase Solution Error:   0.001
Iter= 3, Polarisation Solution Error:   0.000
Iter= 3, Overall Solution Error:        0.001
I flux density:   0.5575
Percent Q:  -0.988
Percent U:   0.796
Leakage terms:
 Ant 1:Dx,Dy = ( 0.00103,-0.00294),(-0.00074,-0.00205)
 Ant 2:Dx,Dy = ( 0.00253, 0.00589),(-0.00259, 0.00707)
 Ant 3:Dx,Dy = ( 0.00397, 0.00022),(-0.00783, 0.00007)
 Ant 4:Dx,Dy = ( 0.00339, 0.01958),(-0.00736, 0.02037)
 Ant 5:Dx,Dy = (-0.01674,-0.00125),( 0.01589,-0.00068)
 Ant 6:Dx,Dy = ( 0.00115,-0.02324),(-0.00204,-0.02304)
Solution for freq bin  1
Iter= 1, Amplit/Phase Solution Error:   0.608
Iter= 1, Polarisation Solution Error:   0.012
Iter= 1, Overall Solution Error:        2.342
Iter= 2, Amplit/Phase Solution Error:   0.014
Iter= 2, Polarisation Solution Error:   0.000
Iter= 2, Overall Solution Error:        0.011
Iter= 3, Amplit/Phase Solution Error:   0.001
Iter= 3, Polarisation Solution Error:   0.000
Iter= 3, Overall Solution Error:        0.001
I flux density:   0.5592
Percent Q:  -1.174
Percent U:   0.792
Leakage terms:
 Ant 1:Dx,Dy = ( 0.00086,-0.00233),(-0.00118,-0.00197)
 Ant 2:Dx,Dy = ( 0.00277, 0.00741),(-0.00327, 0.00809)
 Ant 3:Dx,Dy = ( 0.00308, 0.00014),(-0.00900, 0.00051)
 Ant 4:Dx,Dy = ( 0.00304, 0.02030),(-0.00725, 0.02168)
 Ant 5:Dx,Dy = (-0.01786,-0.00191),( 0.01494,-0.00135)
 Ant 6:Dx,Dy = ( 0.00001,-0.02545),(-0.00234,-0.02512)
Solution for freq bin  2
Iter= 1, Amplit/Phase Solution Error:   0.666
Iter= 1, Polarisation Solution Error:   0.008
Iter= 1, Overall Solution Error:        2.424
Iter= 2, Amplit/Phase Solution Error:   0.011
Iter= 2, Polarisation Solution Error:   0.000
Iter= 2, Overall Solution Error:        0.009
Iter= 3, Amplit/Phase Solution Error:   0.001
Iter= 3, Polarisation Solution Error:   0.000
Iter= 3, Overall Solution Error:        0.001
I flux density:   0.5589
Percent Q:  -0.776
Percent U:   0.793
Leakage terms:
 Ant 1:Dx,Dy = ( 0.00106,-0.00364),(-0.00041,-0.00223)
 Ant 2:Dx,Dy = ( 0.00215, 0.00430),(-0.00206, 0.00595)
 Ant 3:Dx,Dy = ( 0.00476, 0.00055),(-0.00675,-0.00011)
 Ant 4:Dx,Dy = ( 0.00373, 0.01904),(-0.00746, 0.01919)
 Ant 5:Dx,Dy = (-0.01574,-0.00041),( 0.01670, 0.00012)
 Ant 6:Dx,Dy = ( 0.00262,-0.02149),(-0.00144,-0.02126)

2018-08-08 02:46:41,734 [MainThread  ] [INFO ]  gpboot vis=2312-319.5500 cal=1934-638.5500

gpboot: Revision 1.9, 2015/10/29 01:31:30 UTC

Secondary flux density scaled by:   0.996
Frequency bin  1 scaled by      :   0.999
Frequency bin  2 scaled by      :   1.000

2018-08-08 02:48:59,514 [MainThread  ] [INFO ]  gpcopy vis=2312-319.5500 out=b.5500

gpcopy: Revision 1.13, 2015/10/29 01:31:39 UTC

Copying leakage table
Copying gain table
Interpolation tolerance set to (minutes): 720.00
Copying bandpass table

2018-08-08 03:09:26,617 [MainThread  ] [INFO ]  pgflag vis=b.5500 command='<b' stokes=i,v,q,u flagpar=8,2,2,3,6,3  options=nodisp

pgflag: Revision 1.30, 2016/10/05 23:06:50 UTC

Applying bandpass corrections to b.5500
Applying freq. dependent gain corrections to b.5500
Applying freq. dependent leakage correction to b.5500
Applying changes to dataset
Counts of correlations within selected channels:
 channel  Originally  Currently
 Good:     453347160  439420248    Changed to bad:   13926912
 Bad:       63574560   77501472    Changed to good:         0
 15.0% of the data is now flagged

2018-08-08 03:28:30,158 [MainThread  ] [INFO ]  pgflag vis=b.5500 command='<b' stokes=i,v,u,q flagpar=8,2,2,3,6,3  options=nodisp

pgflag: Revision 1.30, 2016/10/05 23:06:50 UTC

Applying bandpass corrections to b.5500
Applying freq. dependent gain corrections to b.5500
Applying freq. dependent leakage correction to b.5500
Applying changes to dataset
Counts of correlations within selected channels:
 channel  Originally  Currently
 Good:     439420248  429592208    Changed to bad:    9828040
 Bad:       77501472   87329512    Changed to good:         0
 16.9% of the data is now flagged

2018-08-08 03:39:08,837 [MainThread  ] [INFO ]  uvsplit vis=b.5500

uvsplit: Revision 1.18, 2016/05/09 03:06:18 UTC

Creating b_261.5500
Creating b_262.5500
Creating b_263.5500
Creating b_264.5500
Creating b_265.5500
Creating b_266.5500
Creating b_267.5500
Creating b_268.5500
Creating b_269.5500
Creating b_270.5500
Creating b_271.5500
Creating b_272.5500
Creating b_273.5500
Creating b_274.5500
Creating b_275.5500
Creating b_276.5500
Creating b_277.5500
Creating b_278.5500
Creating b_279.5500
Creating b_280.5500
Creating b_281.5500
Creating b_282.5500
Creating b_283.5500
Creating b_284.5500
Creating b_285.5500
Creating b_286.5500
Creating b_287.5500
Creating b_288.5500
Creating b_289.5500
Creating b_290.5500
Creating b_291.5500
Creating b_292.5500
Creating b_293.5500
Creating b_294.5500
Creating b_295.5500
Creating b_296.5500
Creating b_297.5500
Creating b_298.5500
Creating b_299.5500
Creating b_300.5500
Creating b_301.5500
Creating b_302.5500
Creating b_303.5500
Creating b_304.5500
Creating b_305.5500
Creating b_306.5500
Creating b_307.5500
Creating b_308.5500
Creating b_309.5500
Creating b_310.5500
Creating b_311.5500
Creating b_312.5500
Creating b_313.5500
Creating b_314.5500
Creating b_315.5500
Creating b_316.5500
Creating b_317.5500
Creating b_318.5500
Creating b_319.5500
Creating b_320.5500
Creating b_321.5500
Creating b_322.5500
Creating b_323.5500
Creating b_324.5500
Creating b_325.5500
Creating b_326.5500
Creating b_327.5500
Creating b_328.5500
Creating b_329.5500
Creating b_330.5500
Creating b_331.5500
Creating b_332.5500
Creating b_333.5500
Creating b_334.5500
Creating b_335.5500
Creating b_336.5500
Creating b_337.5500
Creating b_338.5500
Creating b_339.5500
Creating b_340.5500
Creating b_341.5500
Creating b_342.5500
Creating b_343.5500
Creating b_344.5500
Creating b_345.5500
Creating b_346.5500
Creating b_347.5500
Creating b_348.5500
Creating b_349.5500
Creating b_350.5500
Creating b_351.5500
Creating b_352.5500
Creating b_353.5500
Creating b_354.5500
Creating b_355.5500
Creating b_356.5500
Creating b_357.5500
Creating b_358.5500
Creating b_359.5500
Creating b_360.5500
Creating b_361.5500
Creating b_362.5500
Creating b_363.5500
Creating b_364.5500
Creating b_365.5500
Creating b_366.5500
Creating b_367.5500
Creating b_368.5500
Creating b_369.5500
Creating b_370.5500
Creating b_371.5500
Creating b_372.5500
Creating b_373.5500
Creating b_374.5500
Creating b_375.5500
Creating b_376.5500
Creating b_377.5500
Creating b_378.5500
Creating b_379.5500
Creating b_380.5500
Creating b_381.5500
Creating b_382.5500
Creating b_383.5500
Creating b_384.5500
Creating b_385.5500
Creating b_386.5500
Creating b_387.5500
Creating b_388.5500
Creating b_389.5500
Creating b_390.5500
Creating b_391.5500
Creating b_392.5500
Creating b_393.5500
Creating b_394.5500
Creating b_395.5500
Creating b_396.5500
Creating b_397.5500
Creating b_398.5500
Creating b_399.5500
Creating b_400.5500
Creating b_401.5500
Creating b_402.5500
Creating b_403.5500
Creating b_404.5500
Creating b_405.5500
Creating b_406.5500
Creating b_407.5500
Creating b_408.5500
Creating b_409.5500
Creating b_410.5500
Creating b_411.5500
Creating b_412.5500
Creating b_413.5500
Creating b_414.5500
Creating b_415.5500
Creating b_416.5500
Creating b_417.5500
Creating b_418.5500
Creating b_419.5500
Creating b_420.5500
Creating b_421.5500
Creating b_422.5500
Creating b_423.5500
Creating b_424.5500
Creating b_425.5500
Creating b_426.5500
Creating b_427.5500
Creating b_428.5500
Creating b_429.5500
Creating b_430.5500
Creating b_431.5500
Creating b_432.5500
Creating b_433.5500
Creating b_434.5500
Creating b_435.5500
Creating b_436.5500
Creating b_437.5500
Creating b_438.5500
Creating b_439.5500
Creating b_440.5500
Creating b_441.5500
Creating b_442.5500
Creating b_443.5500
Creating b_444.5500
Creating b_445.5500
Creating b_446.5500
Creating b_447.5500
Creating b_448.5500
Creating b_449.5500
Creating b_450.5500
Creating b_451.5500
Creating b_452.5500
Creating b_453.5500
Creating b_454.5500
Creating b_455.5500
Creating b_456.5500
Creating b_457.5500
Creating b_458.5500
Creating b_459.5500
Creating b_460.5500
Creating b_461.5500
Creating b_462.5500
Creating b_463.5500
Creating b_464.5500
Creating b_465.5500
Creating b_466.5500
Creating b_467.5500
Creating b_468.5500
Creating b_469.5500
Creating b_470.5500
Creating b_471.5500
Creating b_472.5500
Creating b_473.5500
Creating b_474.5500
Creating b_475.5500
Creating b_476.5500
Creating b_477.5500
Creating b_478.5500
Creating b_479.5500
Creating b_480.5500
Creating b_241.5500
Creating b_242.5500
Creating b_243.5500
Creating b_244.5500
Creating b_245.5500
Creating b_246.5500
Creating b_247.5500
Creating b_248.5500
Creating b_249.5500
Creating b_250.5500
Creating b_251.5500
Creating b_252.5500
Creating b_253.5500
Creating b_254.5500
Creating b_255.5500
Creating b_256.5500
Creating b_257.5500
Creating b_258.5500
Creating b_259.5500
Creating b_260.5500

