2018-08-08 02:19:01,906 [MainThread  ] [INFO ]  atlod in=raw/2017-12-12_0219.C3132,raw/2017-12-12_0506.C3132,raw/2017-12-12_0753.C3132,raw/2017-12-12_1040.C3132,raw/2017-12-12_1327.C3132 out=data5.uv ifsel=1 options=birdie,rfiflag,noauto,xycorr

atlod: Revision 1.53, 2016/08/25 23:02:21 UTC

Processing file raw/2017-12-12_0219.C3132
 02:19:34 CAOBS> track 1
CABB data detected
Scan 1 started at 17DEC12:02:19:48.0
Source: 1934-638
Flagging channels in  28 frequency ranges
 02:31:01 CAOBS> stop
 02:31:14 CAOBS> set file c3132_obs_b3.sch
 02:31:21 CAOBS> start 5/99
Scan 2 started at 17DEC12:02:33:00.0
Source: 2312-319
Scan 3 started at 17DEC12:02:35:40.0
Source: b_521
Source: b_522
Source: b_523
Source: b_524
Source: b_525
Source: b_526
Source: b_527
Source: b_528
Source: b_529
Source: b_530
Source: b_531
Source: b_532
Source: b_533
Source: b_534
Source: b_535
Source: b_536
Source: b_537
Source: b_538
Source: b_539
Source: b_540
Scan 4 started at 17DEC12:02:49:08.0
Source: 2312-319
Scan 5 started at 17DEC12:02:51:48.0
Source: b_541
Source: b_542
Source: b_543
Source: b_544
Source: b_545
Source: b_546
Source: b_547
Source: b_548
Source: b_549
Source: b_550
Source: b_551
Source: b_552
Source: b_553
Source: b_554
Source: b_555
Source: b_556
Source: b_557
Source: b_558
Source: b_559
Source: b_560
Scan 6 started at 17DEC12:03:05:16.0
Source: 2312-319
Scan 7 started at 17DEC12:03:07:56.0
Source: b_561
Source: b_562
Source: b_563
Source: b_564
Source: b_565
Source: b_566
Source: b_567
Source: b_568
Source: b_569
Source: b_570
Source: b_571
Source: b_572
Source: b_573
Source: b_574
Source: b_575
Source: b_576
Source: b_577
Source: b_578
Source: b_579
Source: b_580
Scan 8 started at 17DEC12:03:21:24.0
Source: 2312-319
Scan 9 started at 17DEC12:03:24:04.0
Source: b_581
Source: b_582
Source: b_583
Source: b_584
Source: b_585
Source: b_586
Source: b_587
Source: b_588
Source: b_589
Source: b_590
Source: b_591
Source: b_592
Source: b_593
Source: b_594
Source: b_595
Source: b_596
Source: b_597
Source: b_598
Source: b_599
Source: b_600
Scan 10 started at 17DEC12:03:37:32.0
Source: 2312-319
Scan 11 started at 17DEC12:03:40:12.0
Source: b_601
Source: b_602
Source: b_603
Source: b_604
Source: b_605
Source: b_606
Source: b_607
Source: b_608
Source: b_609
Source: b_610
Source: b_611
Source: b_612
Source: b_613
Source: b_614
Source: b_615
Source: b_616
Source: b_617
Source: b_618
Source: b_619
Source: b_620
Scan 12 started at 17DEC12:03:53:40.0
Source: 2312-319
Scan 13 started at 17DEC12:03:56:20.0
Source: b_621
Source: b_622
Source: b_623
Source: b_624
Source: b_625
Source: b_626
Source: b_627
Source: b_628
Source: b_629
Source: b_630
Source: b_631
Source: b_632
Source: b_633
Source: b_634
Source: b_635
Source: b_636
Source: b_637
Source: b_638
Source: b_639
Source: b_640
Scan 14 started at 17DEC12:04:09:48.0
Source: 2312-319
Scan 15 started at 17DEC12:04:12:28.0
Source: b_641
Source: b_642
Source: b_643
Source: b_644
Source: b_645
Source: b_646
Source: b_647
Source: b_648
Source: b_649
Source: b_650
Source: b_651
Source: b_652
Source: b_653
Source: b_654
Source: b_655
Source: b_656
Source: b_657
Source: b_658
Source: b_659
Source: b_660
Scan 16 started at 17DEC12:04:25:56.0
Source: 2312-319
Scan 17 started at 17DEC12:04:28:36.0
Source: b_661
Source: b_662
Source: b_663
Source: b_664
Source: b_665
Source: b_666
Source: b_667
Source: b_668
Source: b_669
Source: b_670
Source: b_671
Source: b_672
Source: b_673
Source: b_674
Source: b_675
Source: b_676
Source: b_677
Source: b_678
Source: b_679
Source: b_680
Scan 18 started at 17DEC12:04:42:04.0
Source: 2312-319
Scan 19 started at 17DEC12:04:44:44.0
Source: b_681
Source: b_682
Source: b_683
Source: b_684
Source: b_685
Source: b_686
Source: b_687
Source: b_688
Source: b_689
Source: b_690
Source: b_691
Source: b_692
Source: b_693
Source: b_694
Source: b_695
Source: b_696
Source: b_697
Source: b_698
Source: b_699
Source: b_700
Scan 20 started at 17DEC12:04:58:12.0
Source: 2312-319
Scan 21 started at 17DEC12:05:00:52.0
Source: b_701
Source: b_702
Source: b_703
Source: b_704
Source: b_705
Source: b_706
Source: b_707
Source: b_708
Source: b_709
Source: b_710
RPFITS file version is 2.12
---------------------------------------
Total number of spectra selected: 72660

Summary of spectra flagged
Flagging Reason            Fraction
---------------            --------
Antenna off-source/off-line  3.36%
---------------------------------------
Processing file raw/2017-12-12_0506.C3132
CABB data detected
Scan 1 started at 17DEC12:05:07:00.0
Source: b_710
Source: b_711
Source: b_712
Source: b_713
Source: b_714
Source: b_715
Source: b_716
Source: b_717
Source: b_718
Source: b_719
Source: b_720
Scan 2 started at 17DEC12:05:14:20.0
Source: 2312-319
Scan 3 started at 17DEC12:05:17:00.0
Source: b_481
Source: b_482
Source: b_483
Source: b_484
Source: b_485
Source: b_486
Source: b_487
Source: b_488
Source: b_489
Source: b_490
Source: b_491
Source: b_492
Source: b_493
Source: b_494
Source: b_495
Source: b_496
Source: b_497
Source: b_498
Source: b_499
Source: b_500
Scan 4 started at 17DEC12:05:30:28.0
Source: 2312-319
Scan 5 started at 17DEC12:05:33:08.0
Source: b_501
Source: b_502
Source: b_503
Source: b_504
Source: b_505
Source: b_506
Source: b_507
Source: b_508
Source: b_509
Source: b_510
Source: b_511
Source: b_512
Source: b_513
Source: b_514
Source: b_515
Source: b_516
Source: b_517
Source: b_518
Source: b_519
Source: b_520
Scan 6 started at 17DEC12:05:46:36.0
Source: 2312-319
Scan 7 started at 17DEC12:05:49:24.0
Source: b_521
Source: b_522
Source: b_523
Source: b_524
Source: b_525
Source: b_526
Source: b_527
Source: b_528
Source: b_529
Source: b_530
Source: b_531
Source: b_532
Source: b_533
Source: b_534
Source: b_535
Source: b_536
Source: b_537
Source: b_538
Source: b_539
Source: b_540
Scan 8 started at 17DEC12:06:02:44.0
Source: 2312-319
Scan 9 started at 17DEC12:06:05:32.0
Source: b_541
Source: b_542
Source: b_543
Source: b_544
Source: b_545
Source: b_546
Source: b_547
Source: b_548
Source: b_549
Source: b_550
Source: b_551
Source: b_552
Source: b_553
Source: b_554
Source: b_555
Source: b_556
Source: b_557
Source: b_558
Source: b_559
Source: b_560
Scan 10 started at 17DEC12:06:18:52.0
Source: 2312-319
Scan 11 started at 17DEC12:06:21:32.0
Source: b_561
Source: b_562
Source: b_563
Source: b_564
Source: b_565
Source: b_566
Source: b_567
Source: b_568
Source: b_569
Source: b_570
Source: b_571
Source: b_572
Source: b_573
Source: b_574
Source: b_575
Source: b_576
Source: b_577
Source: b_578
Source: b_579
Source: b_580
Scan 12 started at 17DEC12:06:35:00.0
Source: 2312-319
Scan 13 started at 17DEC12:06:37:48.0
Source: b_581
Source: b_582
Source: b_583
Source: b_584
Source: b_585
Source: b_586
Source: b_587
Source: b_588
Source: b_589
Source: b_590
Source: b_591
Source: b_592
Source: b_593
Source: b_594
Source: b_595
Source: b_596
Source: b_597
Source: b_598
Source: b_599
Source: b_600
Scan 14 started at 17DEC12:06:51:16.0
Source: 2312-319
Scan 15 started at 17DEC12:06:54:12.0
Source: b_601
Source: b_602
Source: b_603
Source: b_604
Source: b_605
Source: b_606
Source: b_607
Source: b_608
Source: b_609
Source: b_610
Source: b_611
Source: b_612
Source: b_613
Source: b_614
Source: b_615
Source: b_616
Source: b_617
Source: b_618
Source: b_619
Source: b_620
Scan 16 started at 17DEC12:07:07:24.0
Source: 2312-319
Scan 17 started at 17DEC12:07:10:20.0
Source: b_621
Source: b_622
Source: b_623
Source: b_624
Source: b_625
Source: b_626
Source: b_627
Source: b_628
Source: b_629
Source: b_630
Source: b_631
Source: b_632
Source: b_633
Source: b_634
Source: b_635
Source: b_636
Source: b_637
Source: b_638
Source: b_639
Source: b_640
Scan 18 started at 17DEC12:07:23:40.0
Source: 2312-319
Scan 19 started at 17DEC12:07:26:52.0
Source: b_641
Source: b_642
Source: b_643
Source: b_644
Source: b_645
Source: b_646
Source: b_647
Source: b_648
Source: b_649
Source: b_650
Source: b_651
Source: b_652
Source: b_653
Source: b_654
Source: b_655
Source: b_656
Source: b_657
Source: b_658
Source: b_659
Source: b_660
Scan 20 started at 17DEC12:07:40:36.0
Source: 2312-319
RPFITS file version is 2.12
---------------------------------------
Total number of spectra selected: 72660

Summary of spectra flagged
Flagging Reason            Fraction
---------------            --------
Antenna off-source/off-line  11.1%
---------------------------------------
Processing file raw/2017-12-12_0753.C3132
CABB data detected
Scan 1 started at 17DEC12:07:57:16.0
Source: b_672
Source: b_673
Source: b_674
Source: b_675
Source: b_676
Source: b_677
Source: b_678
Source: b_679
Source: b_680
Scan 2 started at 17DEC12:08:03:32.0
Source: 2312-319
Scan 3 started at 17DEC12:08:06:28.0
Source: b_681
Source: b_682
Source: b_683
Source: b_684
Source: b_685
Source: b_686
Source: b_687
Source: b_688
Source: b_689
Source: b_690
Source: b_691
Source: b_692
Source: b_693
Source: b_694
Source: b_695
Source: b_696
Source: b_697
Source: b_698
Source: b_699
Source: b_700
Scan 4 started at 17DEC12:08:19:48.0
Source: 2312-319
Scan 5 started at 17DEC12:08:22:36.0
Source: b_701
Source: b_702
Source: b_703
Source: b_704
Source: b_705
Source: b_706
Source: b_707
Source: b_708
Source: b_709
Source: b_710
Source: b_711
Source: b_712
Source: b_713
Source: b_714
Source: b_715
Source: b_716
Source: b_717
Source: b_718
Source: b_719
Source: b_720
Scan 6 started at 17DEC12:08:35:56.0
Source: 2312-319
Scan 7 started at 17DEC12:08:38:36.0
Source: b_481
Source: b_482
Source: b_483
Source: b_484
Source: b_485
Source: b_486
Source: b_487
Source: b_488
Source: b_489
Source: b_490
Source: b_491
Source: b_492
Source: b_493
Source: b_494
Source: b_495
Source: b_496
Source: b_497
Source: b_498
Source: b_499
Source: b_500
Scan 8 started at 17DEC12:08:52:04.0
Source: 2312-319
Scan 9 started at 17DEC12:08:54:44.0
Source: b_501
Source: b_502
Source: b_503
Source: b_504
Source: b_505
Source: b_506
Source: b_507
Source: b_508
Source: b_509
Source: b_510
Source: b_511
Source: b_512
Source: b_513
Source: b_514
Source: b_515
Source: b_516
Source: b_517
Source: b_518
Source: b_519
Source: b_520
Scan 10 started at 17DEC12:09:08:20.0
Source: 2312-319
Scan 11 started at 17DEC12:09:11:08.0
Source: b_521
Source: b_522
Source: b_523
Source: b_524
Source: b_525
Source: b_526
Source: b_527
Source: b_528
Source: b_529
Source: b_530
Source: b_531
Source: b_532
Source: b_533
Source: b_534
Source: b_535
Source: b_536
Source: b_537
Source: b_538
Source: b_539
Source: b_540
Scan 12 started at 17DEC12:09:24:28.0
Source: 2312-319
Scan 13 started at 17DEC12:09:27:16.0
Source: b_541
Source: b_542
Source: b_543
Source: b_544
Source: b_545
Source: b_546
Source: b_547
Source: b_548
Source: b_549
Source: b_550
Source: b_551
Source: b_552
Source: b_553
Source: b_554
Source: b_555
Source: b_556
Source: b_557
Source: b_558
Source: b_559
Source: b_560
Scan 14 started at 17DEC12:09:40:36.0
Source: 2312-319
Scan 15 started at 17DEC12:09:43:16.0
Source: b_561
Source: b_562
Source: b_563
Source: b_564
Source: b_565
Source: b_566
Source: b_567
Source: b_568
Source: b_569
Source: b_570
Source: b_571
Source: b_572
Source: b_573
Source: b_574
Source: b_575
Source: b_576
Source: b_577
Source: b_578
Source: b_579
Source: b_580
Scan 16 started at 17DEC12:09:56:44.0
Source: 2312-319
Scan 17 started at 17DEC12:09:59:32.0
Source: b_581
Source: b_582
Source: b_583
Source: b_584
Source: b_585
Source: b_586
Source: b_587
Source: b_588
Source: b_589
Source: b_590
Source: b_591
Source: b_592
Source: b_593
Source: b_594
Source: b_595
Source: b_596
Source: b_597
Source: b_598
Source: b_599
Source: b_600
Scan 18 started at 17DEC12:10:12:52.0
Source: 2312-319
Scan 19 started at 17DEC12:10:15:40.0
Source: b_601
Source: b_602
Source: b_603
Source: b_604
Source: b_605
Source: b_606
Source: b_607
Source: b_608
Source: b_609
Source: b_610
Source: b_611
Source: b_612
Source: b_613
Source: b_614
Source: b_615
Source: b_616
Source: b_617
Source: b_618
Source: b_619
Source: b_620
Scan 20 started at 17DEC12:10:29:00.0
Source: 2312-319
Scan 21 started at 17DEC12:10:31:40.0
Source: b_621
Source: b_622
Source: b_623
Source: b_624
Source: b_625
Source: b_626
Source: b_627
Source: b_628
Source: b_629
Source: b_630
Source: b_631
Source: b_632
Source: b_633
Source: b_634
RPFITS file version is 2.12
---------------------------------------
Total number of spectra selected: 72660

Summary of spectra flagged
Flagging Reason            Fraction
---------------            --------
Antenna off-source/off-line  6.96%
---------------------------------------
Processing file raw/2017-12-12_1040.C3132
CABB data detected
Scan 1 started at 17DEC12:10:40:36.0
Source: b_634
Source: b_635
Source: b_636
Source: b_637
Source: b_638
Source: b_639
Source: b_640
Scan 2 started at 17DEC12:10:45:08.0
Source: 2312-319
Scan 3 started at 17DEC12:10:47:48.0
Source: b_641
Source: b_642
Source: b_643
Source: b_644
Source: b_645
Source: b_646
Source: b_647
Source: b_648
Source: b_649
Source: b_650
Source: b_651
Source: b_652
Source: b_653
Source: b_654
Source: b_655
Source: b_656
Source: b_657
Source: b_658
Source: b_659
Source: b_660
Scan 4 started at 17DEC12:11:01:16.0
Source: 2312-319
Scan 5 started at 17DEC12:11:04:04.0
Source: b_661
Source: b_662
Source: b_663
Source: b_664
Source: b_665
Source: b_666
Source: b_667
Source: b_668
Source: b_669
Source: b_670
Source: b_671
Source: b_672
Source: b_673
Source: b_674
Source: b_675
Source: b_676
Source: b_677
Source: b_678
Source: b_679
Source: b_680
Scan 6 started at 17DEC12:11:17:24.0
Source: 2312-319
Scan 7 started at 17DEC12:11:20:04.0
Source: b_681
Source: b_682
Source: b_683
Source: b_684
Source: b_685
Source: b_686
Source: b_687
Source: b_688
Source: b_689
Source: b_690
Source: b_691
Source: b_692
Source: b_693
Source: b_694
Source: b_695
Source: b_696
Source: b_697
Source: b_698
Source: b_699
Source: b_700
Scan 8 started at 17DEC12:11:33:32.0
Source: 2312-319
Scan 9 started at 17DEC12:11:36:12.0
Source: b_701
Source: b_702
Source: b_703
Source: b_704
Source: b_705
Source: b_706
Source: b_707
Source: b_708
Source: b_709
Source: b_710
Source: b_711
Source: b_712
Source: b_713
Source: b_714
Source: b_715
Source: b_716
Source: b_717
Source: b_718
Source: b_719
Source: b_720
Scan 10 started at 17DEC12:11:49:40.0
Source: 2312-319
Scan 11 started at 17DEC12:11:52:20.0
Source: b_481
Source: b_482
Source: b_483
Source: b_484
Source: b_485
Source: b_486
Source: b_487
Source: b_488
Source: b_489
Source: b_490
Source: b_491
Source: b_492
Source: b_493
Source: b_494
Source: b_495
Source: b_496
Source: b_497
Source: b_498
Source: b_499
Source: b_500
Scan 12 started at 17DEC12:12:05:48.0
Source: 2312-319
Scan 13 started at 17DEC12:12:08:28.0
Source: b_501
Source: b_502
Source: b_503
Source: b_504
Source: b_505
Source: b_506
Source: b_507
Source: b_508
Source: b_509
Source: b_510
Source: b_511
Source: b_512
Source: b_513
Source: b_514
Source: b_515
Source: b_516
Source: b_517
Source: b_518
Source: b_519
Source: b_520
Scan 14 started at 17DEC12:12:21:56.0
Source: 2312-319
Scan 15 started at 17DEC12:12:24:36.0
Source: b_521
Source: b_522
Source: b_523
Source: b_524
Source: b_525
Source: b_526
Source: b_527
Source: b_528
Source: b_529
Source: b_530
Source: b_531
Source: b_532
Source: b_533
Source: b_534
Source: b_535
Source: b_536
Source: b_537
Source: b_538
Source: b_539
Source: b_540
Scan 16 started at 17DEC12:12:38:04.0
Source: 2312-319
Scan 17 started at 17DEC12:12:40:44.0
Source: b_541
Source: b_542
Source: b_543
Source: b_544
Source: b_545
Source: b_546
Source: b_547
Source: b_548
Source: b_549
Source: b_550
Source: b_551
Source: b_552
Source: b_553
Source: b_554
Source: b_555
Source: b_556
Source: b_557
Source: b_558
Source: b_559
Source: b_560
Scan 18 started at 17DEC12:12:54:12.0
Source: 2312-319
Scan 19 started at 17DEC12:12:56:52.0
Source: b_561
Source: b_562
Source: b_563
Source: b_564
Source: b_565
Source: b_566
Source: b_567
Source: b_568
Source: b_569
Source: b_570
Source: b_571
Source: b_572
Source: b_573
Source: b_574
Source: b_575
Source: b_576
Source: b_577
Source: b_578
Source: b_579
Source: b_580
Scan 20 started at 17DEC12:13:10:20.0
Source: 2312-319
Scan 21 started at 17DEC12:13:13:00.0
Source: b_581
Source: b_582
Source: b_583
Source: b_584
Source: b_585
Source: b_586
Source: b_587
Source: b_588
Source: b_589
Source: b_590
Source: b_591
Source: b_592
Source: b_593
Source: b_594
Source: b_595
Source: b_596
Source: b_597
Source: b_598
Source: b_599
Source: b_600
Scan 22 started at 17DEC12:13:26:28.0
Source: 2312-319
RPFITS file version is 2.12
---------------------------------------
Total number of spectra selected: 72660

Summary of spectra flagged
Flagging Reason            Fraction
---------------            --------
Antenna off-source/off-line  2.56%
---------------------------------------
Processing file raw/2017-12-12_1327.C3132
CABB data detected
Scan 1 started at 17DEC12:13:27:40.0
Source: 2312-319
Scan 2 started at 17DEC12:13:29:08.0
Source: b_601
Source: b_602
Source: b_603
Source: b_604
Source: b_605
Source: b_606
Source: b_607
Source: b_608
Source: b_609
Source: b_610
Source: b_611
Source: b_612
Source: b_613
Source: b_614
Source: b_615
Source: b_616
Source: b_617
Source: b_618
Source: b_619
Source: b_620
Scan 3 started at 17DEC12:13:42:36.0
Source: 2312-319
Scan 4 started at 17DEC12:13:45:16.0
Source: b_621
Source: b_622
Source: b_623
Source: b_624
Source: b_625
Source: b_626
Source: b_627
Source: b_628
Source: b_629
Source: b_630
Source: b_631
Source: b_632
Source: b_633
Source: b_634
Source: b_635
Source: b_636
 13:55:39 CAOBS> stop
 13:55:46 CAOBS> track 1
Scan 5 started at 17DEC12:13:56:04.0
Source: 2312-319
 13:58:28 CAOBS> stop
 13:58:32 CAOBS> corr closef
RPFITS file version is 2.12
---------------------------------------
Total number of spectra selected: 13320

Summary of spectra flagged
Flagging Reason            Fraction
---------------            --------
Antenna off-source/off-line  3.60%
---------------------------------------

No CACAL data was detected

2018-08-08 02:20:58,012 [MainThread  ] [INFO ]  uvflag vis=data5.uv line=chan,6,1146,1 flagval=flag

uvflag: Revision 1.8, 2014/09/30 14:23:39 UTC


Set flags to indicate bad data in visibility file data5.uv
Linetype channel; select    6 channels; start 1146, width    1, step    1

Overview of flagging on visibility file data5.uv
Changed flags set to FALSE (data flagged as bad)
Total number of records selected: 286080; out of 286080 records
Antennas used: 1-6
Counts of correlations within selected channels
channel   Originally    Currently
Good:          858240.           0.    Changed to bad:      858240.
Bad:           858240.     1716480.

2018-08-08 02:21:12,921 [MainThread  ] [INFO ]  uvflag vis=data5.uv line=chan,30,1454,1 flagval=flag

uvflag: Revision 1.8, 2014/09/30 14:23:39 UTC


Set flags to indicate bad data in visibility file data5.uv
Linetype channel; select   30 channels; start 1454, width    1, step    1

Overview of flagging on visibility file data5.uv
Changed flags set to FALSE (data flagged as bad)
Total number of records selected: 286080; out of 286080 records
Antennas used: 1-6
Counts of correlations within selected channels
channel   Originally    Currently
Good:         8582400.           0.    Changed to bad:     8582400.
Bad:                0.     8582400.

2018-08-08 02:21:27,782 [MainThread  ] [INFO ]  uvflag vis=data5.uv line=chan,40,1964,1 flagval=flag

uvflag: Revision 1.8, 2014/09/30 14:23:39 UTC


Set flags to indicate bad data in visibility file data5.uv
Linetype channel; select   40 channels; start 1964, width    1, step    1

Overview of flagging on visibility file data5.uv
Changed flags set to FALSE (data flagged as bad)
Total number of records selected: 286080; out of 286080 records
Antennas used: 1-6
Counts of correlations within selected channels
channel   Originally    Currently
Good:               0.           0.    Changed to bad:           0.
Bad:         11443200.    11443200.

2018-08-08 02:23:46,421 [MainThread  ] [INFO ]  uvsplit vis=data5.uv options=mosaic

uvsplit: Revision 1.18, 2016/05/09 03:06:18 UTC

Creating 1934-638.5500
Creating 2312-319.5500
Creating b.5500

2018-08-08 02:23:57,969 [MainThread  ] [INFO ]  pgflag vis=1934-638.5500 command='<b' stokes=i,q,u,v flagpar=8,5,5,3,6,3 options=nodisp

pgflag: Revision 1.30, 2016/10/05 23:06:50 UTC

Applying changes to dataset
Counts of correlations within selected channels:
 channel  Originally  Currently
 Good:       9056880    8996176    Changed to bad:      60704
 Bad:        1270080    1330784    Changed to good:         0
 12.9% of the data is now flagged

2018-08-08 02:24:08,353 [MainThread  ] [INFO ]  pgflag vis=1934-638.5500 command='<b' stokes=i,v,q,u flagpar=8,2,2,3,6,3  options=nodisp

pgflag: Revision 1.30, 2016/10/05 23:06:50 UTC

Applying changes to dataset
Counts of correlations within selected channels:
 channel  Originally  Currently
 Good:       8996176    8946904    Changed to bad:      49272
 Bad:        1330784    1380056    Changed to good:         0
 13.4% of the data is now flagged

2018-08-08 02:24:19,532 [MainThread  ] [INFO ]  pgflag vis=1934-638.5500 command='<b' stokes=i,v,u,q flagpar=8,2,2,3,6,3  options=nodisp

pgflag: Revision 1.30, 2016/10/05 23:06:50 UTC

Applying changes to dataset
Counts of correlations within selected channels:
 channel  Originally  Currently
 Good:       8946904    8762232    Changed to bad:     184672
 Bad:        1380056    1564728    Changed to good:         0
 15.2% of the data is now flagged

2018-08-08 02:25:49,612 [MainThread  ] [INFO ]  mfcal vis=1934-638.5500 refant=4 interval=0.1
MfCal: $Revision: 1.20 $, $Date: 2017/05/08 02:31:10 $
Selecting parallel-hand polarisations
Reading the data ...
Number correlations accepted: 4381116
Number of frequency bands/settings: 1
Number of polarisations selected: 2
Number of solution intervals: 84
Number of passband solution intervals: 1
Initialising ...
Using post-Aug94 ATCA flux scale for 1934-638.
Using known frequency variation of 1934-638
Generating initial solution estimate ...
Doing solution refinement ...
Iter= 1, Solution Error:  0.418
Iter= 2, Solution Error:  0.007
Iter= 3, Solution Error:  0.000
Saving solution ...

2018-08-08 02:25:50,492 [MainThread  ] [INFO ]  gpcal vis=1934-638.5500 refant=4 interval=0.1 nfbin=2 options=xyvary

gpcal: Revision 1.22, 2016/05/01 22:31:05 UTC

Applying bandpass corrections to 1934-638.5500
Number of antennae: 6
Reading the data ...
Number of solution intervals: 84
Total visibilities read: 1260
Number visibilities accepted: 1260
Using post-Aug94 ATCA flux scale for 1934-638.
Using IQUV =  5.0188,  0.0000,  0.0000,  0.0000 at   5.4504 GHz.
Using post-Aug94 ATCA flux scale for 1934-638.
Using IQUV =  5.5174,  0.0000,  0.0000,  0.0000 at   5.0316 GHz.
Using post-Aug94 ATCA flux scale for 1934-638.
Using IQUV =  4.5105,  0.0000,  0.0000,  0.0000 at   5.9544 GHz.
Iter= 1, Amplit/Phase Solution Error:   0.226
Iter= 1, Polarisation Solution Error:   0.042
Iter= 1, Overall Solution Error:        1.008
Iter= 2, Amplit/Phase Solution Error:   0.002
Iter= 2, Polarisation Solution Error:   0.000
Iter= 2, Overall Solution Error:        0.004
Iter= 3, Amplit/Phase Solution Error:   0.001
Iter= 3, Polarisation Solution Error:   0.000
Iter= 3, Overall Solution Error:        0.001
I flux density:   5.0188
Leakage terms:
 Ant 1:Dx,Dy = ( 0.00187,-0.00215),( 0.00024,-0.00143)
 Ant 2:Dx,Dy = ( 0.00410, 0.00653),(-0.00284, 0.00728)
 Ant 3:Dx,Dy = ( 0.00396, 0.00022),(-0.00747, 0.00008)
 Ant 4:Dx,Dy = ( 0.00619, 0.01806),(-0.00418, 0.01936)
 Ant 5:Dx,Dy = (-0.01644,-0.00069),( 0.01604,-0.00044)
 Ant 6:Dx,Dy = ( 0.00166,-0.02356),(-0.00045,-0.02325)
Solution for freq bin  1
Iter= 1, Amplit/Phase Solution Error:   0.221
Iter= 1, Polarisation Solution Error:   0.044
Iter= 1, Overall Solution Error:        0.981
Iter= 2, Amplit/Phase Solution Error:   0.002
Iter= 2, Polarisation Solution Error:   0.000
Iter= 2, Overall Solution Error:        0.004
Iter= 3, Amplit/Phase Solution Error:   0.001
Iter= 3, Polarisation Solution Error:   0.000
Iter= 3, Overall Solution Error:        0.001
I flux density:   5.5174
Leakage terms:
 Ant 1:Dx,Dy = ( 0.00227,-0.00176),( 0.00027,-0.00103)
 Ant 2:Dx,Dy = ( 0.00481, 0.00784),(-0.00299, 0.00834)
 Ant 3:Dx,Dy = ( 0.00355, 0.00017),(-0.00811, 0.00052)
 Ant 4:Dx,Dy = ( 0.00606, 0.01822),(-0.00427, 0.02010)
 Ant 5:Dx,Dy = (-0.01688,-0.00134),( 0.01589,-0.00091)
 Ant 6:Dx,Dy = ( 0.00090,-0.02542),(-0.00008,-0.02473)
Solution for freq bin  2
Iter= 1, Amplit/Phase Solution Error:   0.233
Iter= 1, Polarisation Solution Error:   0.039
Iter= 1, Overall Solution Error:        1.044
Iter= 2, Amplit/Phase Solution Error:   0.002
Iter= 2, Polarisation Solution Error:   0.000
Iter= 2, Overall Solution Error:        0.004
Iter= 3, Amplit/Phase Solution Error:   0.001
Iter= 3, Polarisation Solution Error:   0.000
Iter= 3, Overall Solution Error:        0.001
I flux density:   4.5105
Leakage terms:
 Ant 1:Dx,Dy = ( 0.00132,-0.00269),( 0.00020,-0.00197)
 Ant 2:Dx,Dy = ( 0.00314, 0.00478),(-0.00265, 0.00589)
 Ant 3:Dx,Dy = ( 0.00452, 0.00026),(-0.00659,-0.00057)
 Ant 4:Dx,Dy = ( 0.00637, 0.01786),(-0.00407, 0.01837)
 Ant 5:Dx,Dy = (-0.01584, 0.00018),( 0.01625, 0.00019)
 Ant 6:Dx,Dy = ( 0.00269,-0.02105),(-0.00094,-0.02124)

2018-08-08 02:26:06,649 [MainThread  ] [INFO ]  pgflag vis=1934-638.5500 command='<b' stokes=i,q,u,v flagpar=8,5,5,3,6,3 options=nodisp

pgflag: Revision 1.30, 2016/10/05 23:06:50 UTC

Applying bandpass corrections to 1934-638.5500
Applying freq. dependent gain corrections to 1934-638.5500
Applying freq. dependent leakage correction to 1934-638.5500
Applying changes to dataset
Counts of correlations within selected channels:
 channel  Originally  Currently
 Good:       8762232    8738968    Changed to bad:      23264
 Bad:        1564728    1587992    Changed to good:         0
 15.4% of the data is now flagged

2018-08-08 02:26:21,016 [MainThread  ] [INFO ]  pgflag vis=1934-638.5500 command='<b' stokes=i,v,q,u flagpar=8,2,2,3,6,3  options=nodisp

pgflag: Revision 1.30, 2016/10/05 23:06:50 UTC

Applying bandpass corrections to 1934-638.5500
Applying freq. dependent gain corrections to 1934-638.5500
Applying freq. dependent leakage correction to 1934-638.5500
Applying changes to dataset
Counts of correlations within selected channels:
 channel  Originally  Currently
 Good:       8738968    8716324    Changed to bad:      22644
 Bad:        1587992    1610636    Changed to good:         0
 15.6% of the data is now flagged

2018-08-08 02:26:36,686 [MainThread  ] [INFO ]  pgflag vis=1934-638.5500 command='<b' stokes=i,v,u,q flagpar=8,2,2,3,6,3  options=nodisp

pgflag: Revision 1.30, 2016/10/05 23:06:50 UTC

Applying bandpass corrections to 1934-638.5500
Applying freq. dependent gain corrections to 1934-638.5500
Applying freq. dependent leakage correction to 1934-638.5500
Applying changes to dataset
Counts of correlations within selected channels:
 channel  Originally  Currently
 Good:       8716324    8695224    Changed to bad:      21100
 Bad:        1610636    1631736    Changed to good:         0
 15.8% of the data is now flagged

2018-08-08 02:27:51,670 [MainThread  ] [INFO ]  mfcal vis=1934-638.5500 refant=4 interval=0.1
MfCal: $Revision: 1.20 $, $Date: 2017/05/08 02:31:10 $
Selecting parallel-hand polarisations
Reading the data ...
Number correlations accepted: 4347612
Number of frequency bands/settings: 1
Number of polarisations selected: 2
Number of solution intervals: 84
Number of passband solution intervals: 1
Initialising ...
Using post-Aug94 ATCA flux scale for 1934-638.
Using known frequency variation of 1934-638
Generating initial solution estimate ...
Doing solution refinement ...
Iter= 1, Solution Error:  0.419
Iter= 2, Solution Error:  0.007
Iter= 3, Solution Error:  0.000
Saving solution ...

2018-08-08 02:27:54,382 [MainThread  ] [INFO ]  gpcal vis=1934-638.5500 refant=4 interval=0.1 nfbin=2 options=xyvary

gpcal: Revision 1.22, 2016/05/01 22:31:05 UTC

Applying bandpass corrections to 1934-638.5500
Number of antennae: 6
Using leakage parameters from input as initial guess
Reading the data ...
Number of solution intervals: 84
Total visibilities read: 1260
Number visibilities accepted: 1260
Using post-Aug94 ATCA flux scale for 1934-638.
Using IQUV =  5.0193,  0.0000,  0.0000,  0.0000 at   5.4499 GHz.
Using post-Aug94 ATCA flux scale for 1934-638.
Using IQUV =  5.5148,  0.0000,  0.0000,  0.0000 at   5.0336 GHz.
Using post-Aug94 ATCA flux scale for 1934-638.
Using IQUV =  4.5120,  0.0000,  0.0000,  0.0000 at   5.9527 GHz.
Iter= 1, Amplit/Phase Solution Error:   0.226
Iter= 1, Polarisation Solution Error:   0.000
Iter= 1, Overall Solution Error:        1.007
Iter= 2, Amplit/Phase Solution Error:   0.002
Iter= 2, Polarisation Solution Error:   0.000
Iter= 2, Overall Solution Error:        0.004
Iter= 3, Amplit/Phase Solution Error:   0.001
Iter= 3, Polarisation Solution Error:   0.000
Iter= 3, Overall Solution Error:        0.001
I flux density:   5.0193
Leakage terms:
 Ant 1:Dx,Dy = ( 0.00188,-0.00215),( 0.00025,-0.00144)
 Ant 2:Dx,Dy = ( 0.00410, 0.00654),(-0.00283, 0.00728)
 Ant 3:Dx,Dy = ( 0.00395, 0.00022),(-0.00748, 0.00008)
 Ant 4:Dx,Dy = ( 0.00620, 0.01806),(-0.00416, 0.01937)
 Ant 5:Dx,Dy = (-0.01645,-0.00070),( 0.01603,-0.00045)
 Ant 6:Dx,Dy = ( 0.00168,-0.02357),(-0.00045,-0.02324)
Solution for freq bin  1
Iter= 1, Amplit/Phase Solution Error:   0.221
Iter= 1, Polarisation Solution Error:   0.002
Iter= 1, Overall Solution Error:        0.981
Iter= 2, Amplit/Phase Solution Error:   0.002
Iter= 2, Polarisation Solution Error:   0.000
Iter= 2, Overall Solution Error:        0.004
Iter= 3, Amplit/Phase Solution Error:   0.001
Iter= 3, Polarisation Solution Error:   0.000
Iter= 3, Overall Solution Error:        0.001
I flux density:   5.5148
Leakage terms:
 Ant 1:Dx,Dy = ( 0.00229,-0.00176),( 0.00027,-0.00103)
 Ant 2:Dx,Dy = ( 0.00482, 0.00785),(-0.00296, 0.00833)
 Ant 3:Dx,Dy = ( 0.00354, 0.00018),(-0.00811, 0.00052)
 Ant 4:Dx,Dy = ( 0.00607, 0.01820),(-0.00425, 0.02010)
 Ant 5:Dx,Dy = (-0.01689,-0.00135),( 0.01588,-0.00092)
 Ant 6:Dx,Dy = ( 0.00092,-0.02541),(-0.00009,-0.02470)
Solution for freq bin  2
Iter= 1, Amplit/Phase Solution Error:   0.233
Iter= 1, Polarisation Solution Error:   0.003
Iter= 1, Overall Solution Error:        1.044
Iter= 2, Amplit/Phase Solution Error:   0.002
Iter= 2, Polarisation Solution Error:   0.000
Iter= 2, Overall Solution Error:        0.004
Iter= 3, Amplit/Phase Solution Error:   0.001
Iter= 3, Polarisation Solution Error:   0.000
Iter= 3, Overall Solution Error:        0.001
I flux density:   4.5120
Leakage terms:
 Ant 1:Dx,Dy = ( 0.00132,-0.00269),( 0.00021,-0.00198)
 Ant 2:Dx,Dy = ( 0.00313, 0.00480),(-0.00265, 0.00589)
 Ant 3:Dx,Dy = ( 0.00452, 0.00025),(-0.00660,-0.00057)
 Ant 4:Dx,Dy = ( 0.00639, 0.01787),(-0.00405, 0.01838)
 Ant 5:Dx,Dy = (-0.01585, 0.00017),( 0.01625, 0.00020)
 Ant 6:Dx,Dy = ( 0.00270,-0.02107),(-0.00094,-0.02126)

2018-08-08 02:27:58,747 [MainThread  ] [INFO ]  gpcopy vis=1934-638.5500 out=2312-319.5500

gpcopy: Revision 1.13, 2015/10/29 01:31:39 UTC

Copying leakage table
Copying gain table
Interpolation tolerance set to (minutes): 720.00
Copying bandpass table

2018-08-08 02:30:41,751 [MainThread  ] [INFO ]  pgflag vis=2312-319.5500 command='<b' stokes=i,q,u,v flagpar=8,5,5,3,6,3 options=nodisp

pgflag: Revision 1.30, 2016/10/05 23:06:50 UTC

Applying bandpass corrections to 2312-319.5500
Applying freq. dependent gain corrections to 2312-319.5500
Applying freq. dependent leakage correction to 2312-319.5500
Applying changes to dataset
Counts of correlations within selected channels:
 channel  Originally  Currently
 Good:      69651720   69123596    Changed to bad:     528124
 Bad:        9767520   10295644    Changed to good:         0
 13.0% of the data is now flagged

2018-08-08 02:33:21,824 [MainThread  ] [INFO ]  pgflag vis=2312-319.5500 command='<b' stokes=i,v,q,u flagpar=8,2,2,3,6,3  options=nodisp

pgflag: Revision 1.30, 2016/10/05 23:06:50 UTC

Applying bandpass corrections to 2312-319.5500
Applying freq. dependent gain corrections to 2312-319.5500
Applying freq. dependent leakage correction to 2312-319.5500
Applying changes to dataset
Counts of correlations within selected channels:
 channel  Originally  Currently
 Good:      69123596   68660976    Changed to bad:     462620
 Bad:       10295644   10758264    Changed to good:         0
 13.5% of the data is now flagged

2018-08-08 02:35:57,887 [MainThread  ] [INFO ]  pgflag vis=2312-319.5500 command='<b' stokes=i,v,u,q flagpar=8,2,2,3,6,3  options=nodisp

pgflag: Revision 1.30, 2016/10/05 23:06:50 UTC

Applying bandpass corrections to 2312-319.5500
Applying freq. dependent gain corrections to 2312-319.5500
Applying freq. dependent leakage correction to 2312-319.5500
Applying changes to dataset
Counts of correlations within selected channels:
 channel  Originally  Currently
 Good:      68660976   68143400    Changed to bad:     517576
 Bad:       10758264   11275840    Changed to good:         0
 14.2% of the data is now flagged

2018-08-08 02:36:02,303 [MainThread  ] [INFO ]  gpcal vis=2312-319.5500 refant=4 interval=0.1 nfbin=2 options=xyvary,qusolve

gpcal: Revision 1.22, 2016/05/01 22:31:05 UTC

Applying bandpass corrections to 2312-319.5500
Number of antennae: 6
Using leakage parameters from input as initial guess
Reading the data ...
Number of solution intervals: 646
Total visibilities read: 9690
Number visibilities accepted: 9690
Iter= 1, Amplit/Phase Solution Error:   0.536
Iter= 1, Polarisation Solution Error:   0.011
Iter= 1, Overall Solution Error:        1.785
Iter= 2, Amplit/Phase Solution Error:   0.014
Iter= 2, Polarisation Solution Error:   0.000
Iter= 2, Overall Solution Error:        0.011
Iter= 3, Amplit/Phase Solution Error:   0.001
Iter= 3, Polarisation Solution Error:   0.000
Iter= 3, Overall Solution Error:        0.001
I flux density:   0.5479
Percent Q:  -1.097
Percent U:   0.831
Leakage terms:
 Ant 1:Dx,Dy = ( 0.00060,-0.00243),(-0.00049,-0.00202)
 Ant 2:Dx,Dy = ( 0.00282, 0.00612),(-0.00360, 0.00701)
 Ant 3:Dx,Dy = ( 0.00378, 0.00084),(-0.00821, 0.00059)
 Ant 4:Dx,Dy = ( 0.00511, 0.01838),(-0.00492, 0.01937)
 Ant 5:Dx,Dy = (-0.01698,-0.00106),( 0.01533,-0.00035)
 Ant 6:Dx,Dy = ( 0.00139,-0.02343),(-0.00140,-0.02303)
Solution for freq bin  1
Iter= 1, Amplit/Phase Solution Error:   0.508
Iter= 1, Polarisation Solution Error:   0.014
Iter= 1, Overall Solution Error:        1.719
Iter= 2, Amplit/Phase Solution Error:   0.017
Iter= 2, Polarisation Solution Error:   0.000
Iter= 2, Overall Solution Error:        0.012
Iter= 3, Amplit/Phase Solution Error:   0.001
Iter= 3, Polarisation Solution Error:   0.000
Iter= 3, Overall Solution Error:        0.001
I flux density:   0.5484
Percent Q:  -1.422
Percent U:   0.884
Leakage terms:
 Ant 1:Dx,Dy = ( 0.00056,-0.00168),(-0.00099,-0.00165)
 Ant 2:Dx,Dy = ( 0.00323, 0.00809),(-0.00415, 0.00815)
 Ant 3:Dx,Dy = ( 0.00301, 0.00060),(-0.00915, 0.00090)
 Ant 4:Dx,Dy = ( 0.00436, 0.01853),(-0.00543, 0.01984)
 Ant 5:Dx,Dy = (-0.01801,-0.00170),( 0.01463,-0.00107)
 Ant 6:Dx,Dy = ( 0.00017,-0.02540),(-0.00159,-0.02461)
Solution for freq bin  2
Iter= 1, Amplit/Phase Solution Error:   0.567
Iter= 1, Polarisation Solution Error:   0.008
Iter= 1, Overall Solution Error:        1.842
Iter= 2, Amplit/Phase Solution Error:   0.011
Iter= 2, Polarisation Solution Error:   0.000
Iter= 2, Overall Solution Error:        0.009
Iter= 3, Amplit/Phase Solution Error:   0.001
Iter= 3, Polarisation Solution Error:   0.000
Iter= 3, Overall Solution Error:        0.001
I flux density:   0.5491
Percent Q:  -0.719
Percent U:   0.775
Leakage terms:
 Ant 1:Dx,Dy = ( 0.00050,-0.00301),(-0.00013,-0.00219)
 Ant 2:Dx,Dy = ( 0.00233, 0.00422),(-0.00312, 0.00604)
 Ant 3:Dx,Dy = ( 0.00439, 0.00086),(-0.00744, 0.00001)
 Ant 4:Dx,Dy = ( 0.00563, 0.01794),(-0.00463, 0.01863)
 Ant 5:Dx,Dy = (-0.01610,-0.00032),( 0.01587, 0.00046)
 Ant 6:Dx,Dy = ( 0.00238,-0.02130),(-0.00142,-0.02134)

2018-08-08 02:38:37,489 [MainThread  ] [INFO ]  pgflag vis=2312-319.5500 command='<b' stokes=i,q,u,v flagpar=8,5,5,3,6,3 options=nodisp

pgflag: Revision 1.30, 2016/10/05 23:06:50 UTC

Applying bandpass corrections to 2312-319.5500
Applying freq. dependent gain corrections to 2312-319.5500
Applying freq. dependent leakage correction to 2312-319.5500
Applying changes to dataset
Counts of correlations within selected channels:
 channel  Originally  Currently
 Good:      68143400   67636092    Changed to bad:     507308
 Bad:       11275840   11783148    Changed to good:         0
 14.8% of the data is now flagged

2018-08-08 02:41:12,670 [MainThread  ] [INFO ]  pgflag vis=2312-319.5500 command='<b' stokes=i,v,q,u flagpar=8,2,2,3,6,3  options=nodisp

pgflag: Revision 1.30, 2016/10/05 23:06:50 UTC

Applying bandpass corrections to 2312-319.5500
Applying freq. dependent gain corrections to 2312-319.5500
Applying freq. dependent leakage correction to 2312-319.5500
Applying changes to dataset
Counts of correlations within selected channels:
 channel  Originally  Currently
 Good:      67636092   67125196    Changed to bad:     510896
 Bad:       11783148   12294044    Changed to good:         0
 15.5% of the data is now flagged

2018-08-08 02:43:57,407 [MainThread  ] [INFO ]  pgflag vis=2312-319.5500 command='<b' stokes=i,v,u,q flagpar=8,2,2,3,6,3  options=nodisp

pgflag: Revision 1.30, 2016/10/05 23:06:50 UTC

Applying bandpass corrections to 2312-319.5500
Applying freq. dependent gain corrections to 2312-319.5500
Applying freq. dependent leakage correction to 2312-319.5500
Applying changes to dataset
Counts of correlations within selected channels:
 channel  Originally  Currently
 Good:      67125196   66599596    Changed to bad:     525600
 Bad:       12294044   12819644    Changed to good:         0
 16.1% of the data is now flagged

2018-08-08 02:44:06,300 [MainThread  ] [INFO ]  gpcal vis=2312-319.5500 refant=4 interval=0.1 nfbin=2 options=xyvary,qusolve

gpcal: Revision 1.22, 2016/05/01 22:31:05 UTC

Applying bandpass corrections to 2312-319.5500
Number of antennae: 6
Using leakage parameters from input as initial guess
Reading the data ...
Number of solution intervals: 646
Total visibilities read: 9690
Number visibilities accepted: 9690
Iter= 1, Amplit/Phase Solution Error:   0.536
Iter= 1, Polarisation Solution Error:   0.011
Iter= 1, Overall Solution Error:        1.794
Iter= 2, Amplit/Phase Solution Error:   0.014
Iter= 2, Polarisation Solution Error:   0.000
Iter= 2, Overall Solution Error:        0.011
Iter= 3, Amplit/Phase Solution Error:   0.001
Iter= 3, Polarisation Solution Error:   0.000
Iter= 3, Overall Solution Error:        0.001
I flux density:   0.5490
Percent Q:  -1.137
Percent U:   0.835
Leakage terms:
 Ant 1:Dx,Dy = ( 0.00077,-0.00244),(-0.00030,-0.00202)
 Ant 2:Dx,Dy = ( 0.00300, 0.00609),(-0.00340, 0.00700)
 Ant 3:Dx,Dy = ( 0.00399, 0.00083),(-0.00802, 0.00061)
 Ant 4:Dx,Dy = ( 0.00529, 0.01837),(-0.00469, 0.01935)
 Ant 5:Dx,Dy = (-0.01678,-0.00107),( 0.01553,-0.00034)
 Ant 6:Dx,Dy = ( 0.00161,-0.02338),(-0.00124,-0.02302)
Solution for freq bin  1
Iter= 1, Amplit/Phase Solution Error:   0.507
Iter= 1, Polarisation Solution Error:   0.015
Iter= 1, Overall Solution Error:        1.731
Iter= 2, Amplit/Phase Solution Error:   0.017
Iter= 2, Polarisation Solution Error:   0.000
Iter= 2, Overall Solution Error:        0.012
Iter= 3, Amplit/Phase Solution Error:   0.001
Iter= 3, Polarisation Solution Error:   0.000
Iter= 3, Overall Solution Error:        0.001
I flux density:   0.5495
Percent Q:  -1.469
Percent U:   0.888
Leakage terms:
 Ant 1:Dx,Dy = ( 0.00078,-0.00167),(-0.00074,-0.00164)
 Ant 2:Dx,Dy = ( 0.00343, 0.00805),(-0.00391, 0.00815)
 Ant 3:Dx,Dy = ( 0.00325, 0.00059),(-0.00890, 0.00090)
 Ant 4:Dx,Dy = ( 0.00454, 0.01851),(-0.00515, 0.01985)
 Ant 5:Dx,Dy = (-0.01775,-0.00173),( 0.01488,-0.00107)
 Ant 6:Dx,Dy = ( 0.00047,-0.02532),(-0.00146,-0.02462)
Solution for freq bin  2
Iter= 1, Amplit/Phase Solution Error:   0.567
Iter= 1, Polarisation Solution Error:   0.008
Iter= 1, Overall Solution Error:        1.841
Iter= 2, Amplit/Phase Solution Error:   0.011
Iter= 2, Polarisation Solution Error:   0.000
Iter= 2, Overall Solution Error:        0.009
Iter= 3, Amplit/Phase Solution Error:   0.001
Iter= 3, Polarisation Solution Error:   0.000
Iter= 3, Overall Solution Error:        0.001
I flux density:   0.5503
Percent Q:  -0.708
Percent U:   0.773
Leakage terms:
 Ant 1:Dx,Dy = ( 0.00044,-0.00304),(-0.00019,-0.00219)
 Ant 2:Dx,Dy = ( 0.00229, 0.00423),(-0.00318, 0.00604)
 Ant 3:Dx,Dy = ( 0.00435, 0.00085),(-0.00752, 0.00004)
 Ant 4:Dx,Dy = ( 0.00561, 0.01793),(-0.00466, 0.01860)
 Ant 5:Dx,Dy = (-0.01619,-0.00032),( 0.01580, 0.00047)
 Ant 6:Dx,Dy = ( 0.00233,-0.02129),(-0.00143,-0.02133)

2018-08-08 02:44:06,799 [MainThread  ] [INFO ]  gpboot vis=2312-319.5500 cal=1934-638.5500

gpboot: Revision 1.9, 2015/10/29 01:31:30 UTC

Secondary flux density scaled by:   0.996
Frequency bin  1 scaled by      :   1.000
Frequency bin  2 scaled by      :   1.000

2018-08-08 02:47:35,296 [MainThread  ] [INFO ]  gpcopy vis=2312-319.5500 out=b.5500

gpcopy: Revision 1.13, 2015/10/29 01:31:39 UTC

Copying leakage table
Copying gain table
Interpolation tolerance set to (minutes): 720.00
Copying bandpass table

2018-08-08 03:08:29,511 [MainThread  ] [INFO ]  pgflag vis=b.5500 command='<b' stokes=i,v,q,u flagpar=8,2,2,3,6,3  options=nodisp

pgflag: Revision 1.30, 2016/10/05 23:06:50 UTC

Applying bandpass corrections to b.5500
Applying freq. dependent gain corrections to b.5500
Applying freq. dependent leakage correction to b.5500
Applying changes to dataset
Counts of correlations within selected channels:
 channel  Originally  Currently
 Good:     435377160  422682900    Changed to bad:   12694260
 Bad:       61054560   73748820    Changed to good:         0
 14.9% of the data is now flagged

2018-08-08 03:27:00,601 [MainThread  ] [INFO ]  pgflag vis=b.5500 command='<b' stokes=i,v,u,q flagpar=8,2,2,3,6,3  options=nodisp

pgflag: Revision 1.30, 2016/10/05 23:06:50 UTC

Applying bandpass corrections to b.5500
Applying freq. dependent gain corrections to b.5500
Applying freq. dependent leakage correction to b.5500
Applying changes to dataset
Counts of correlations within selected channels:
 channel  Originally  Currently
 Good:     422682900  413461728    Changed to bad:    9221172
 Bad:       73748820   82969992    Changed to good:         0
 16.7% of the data is now flagged

2018-08-08 03:39:09,591 [MainThread  ] [INFO ]  uvsplit vis=b.5500

uvsplit: Revision 1.18, 2016/05/09 03:06:18 UTC

Creating b_521.5500
Creating b_522.5500
Creating b_523.5500
Creating b_524.5500
Creating b_525.5500
Creating b_526.5500
Creating b_527.5500
Creating b_528.5500
Creating b_529.5500
Creating b_530.5500
Creating b_531.5500
Creating b_532.5500
Creating b_533.5500
Creating b_534.5500
Creating b_535.5500
Creating b_536.5500
Creating b_537.5500
Creating b_538.5500
Creating b_539.5500
Creating b_540.5500
Creating b_541.5500
Creating b_542.5500
Creating b_543.5500
Creating b_544.5500
Creating b_545.5500
Creating b_546.5500
Creating b_547.5500
Creating b_548.5500
Creating b_549.5500
Creating b_550.5500
Creating b_551.5500
Creating b_552.5500
Creating b_553.5500
Creating b_554.5500
Creating b_555.5500
Creating b_556.5500
Creating b_557.5500
Creating b_558.5500
Creating b_559.5500
Creating b_560.5500
Creating b_561.5500
Creating b_562.5500
Creating b_563.5500
Creating b_564.5500
Creating b_565.5500
Creating b_566.5500
Creating b_567.5500
Creating b_568.5500
Creating b_569.5500
Creating b_570.5500
Creating b_571.5500
Creating b_572.5500
Creating b_573.5500
Creating b_574.5500
Creating b_575.5500
Creating b_576.5500
Creating b_577.5500
Creating b_578.5500
Creating b_579.5500
Creating b_580.5500
Creating b_581.5500
Creating b_582.5500
Creating b_583.5500
Creating b_584.5500
Creating b_585.5500
Creating b_586.5500
Creating b_587.5500
Creating b_588.5500
Creating b_589.5500
Creating b_590.5500
Creating b_591.5500
Creating b_592.5500
Creating b_593.5500
Creating b_594.5500
Creating b_595.5500
Creating b_596.5500
Creating b_597.5500
Creating b_598.5500
Creating b_599.5500
Creating b_600.5500
Creating b_601.5500
Creating b_602.5500
Creating b_603.5500
Creating b_604.5500
Creating b_605.5500
Creating b_606.5500
Creating b_607.5500
Creating b_608.5500
Creating b_609.5500
Creating b_610.5500
Creating b_611.5500
Creating b_612.5500
Creating b_613.5500
Creating b_614.5500
Creating b_615.5500
Creating b_616.5500
Creating b_617.5500
Creating b_618.5500
Creating b_619.5500
Creating b_620.5500
Creating b_621.5500
Creating b_622.5500
Creating b_623.5500
Creating b_624.5500
Creating b_625.5500
Creating b_626.5500
Creating b_627.5500
Creating b_628.5500
Creating b_629.5500
Creating b_630.5500
Creating b_631.5500
Creating b_632.5500
Creating b_633.5500
Creating b_634.5500
Creating b_635.5500
Creating b_636.5500
Creating b_637.5500
Creating b_638.5500
Creating b_639.5500
Creating b_640.5500
Creating b_641.5500
Creating b_642.5500
Creating b_643.5500
Creating b_644.5500
Creating b_645.5500
Creating b_646.5500
Creating b_647.5500
Creating b_648.5500
Creating b_649.5500
Creating b_650.5500
Creating b_651.5500
Creating b_652.5500
Creating b_653.5500
Creating b_654.5500
Creating b_655.5500
Creating b_656.5500
Creating b_657.5500
Creating b_658.5500
Creating b_659.5500
Creating b_660.5500
Creating b_661.5500
Creating b_662.5500
Creating b_663.5500
Creating b_664.5500
Creating b_665.5500
Creating b_666.5500
Creating b_667.5500
Creating b_668.5500
Creating b_669.5500
Creating b_670.5500
Creating b_671.5500
Creating b_672.5500
Creating b_673.5500
Creating b_674.5500
Creating b_675.5500
Creating b_676.5500
Creating b_677.5500
Creating b_678.5500
Creating b_679.5500
Creating b_680.5500
Creating b_681.5500
Creating b_682.5500
Creating b_683.5500
Creating b_684.5500
Creating b_685.5500
Creating b_686.5500
Creating b_687.5500
Creating b_688.5500
Creating b_689.5500
Creating b_690.5500
Creating b_691.5500
Creating b_692.5500
Creating b_693.5500
Creating b_694.5500
Creating b_695.5500
Creating b_696.5500
Creating b_697.5500
Creating b_698.5500
Creating b_699.5500
Creating b_700.5500
Creating b_701.5500
Creating b_702.5500
Creating b_703.5500
Creating b_704.5500
Creating b_705.5500
Creating b_706.5500
Creating b_707.5500
Creating b_708.5500
Creating b_709.5500
Creating b_710.5500
Creating b_711.5500
Creating b_712.5500
Creating b_713.5500
Creating b_714.5500
Creating b_715.5500
Creating b_716.5500
Creating b_717.5500
Creating b_718.5500
Creating b_719.5500
Creating b_720.5500
Creating b_481.5500
Creating b_482.5500
Creating b_483.5500
Creating b_484.5500
Creating b_485.5500
Creating b_486.5500
Creating b_487.5500
Creating b_488.5500
Creating b_489.5500
Creating b_490.5500
Creating b_491.5500
Creating b_492.5500
Creating b_493.5500
Creating b_494.5500
Creating b_495.5500
Creating b_496.5500
Creating b_497.5500
Creating b_498.5500
Creating b_499.5500
Creating b_500.5500
Creating b_501.5500
Creating b_502.5500
Creating b_503.5500
Creating b_504.5500
Creating b_505.5500
Creating b_506.5500
Creating b_507.5500
Creating b_508.5500
Creating b_509.5500
Creating b_510.5500
Creating b_511.5500
Creating b_512.5500
Creating b_513.5500
Creating b_514.5500
Creating b_515.5500
Creating b_516.5500
Creating b_517.5500
Creating b_518.5500
Creating b_519.5500
Creating b_520.5500

