2018-11-22 05:52:00,124 [MainThread  ] [INFO ]  atlod in=raw/2016-11-28_0243.C3132,raw/2016-11-28_0542.C3132,raw/2016-11-28_0829.C3132,raw/2016-11-28_1116.C3132,raw/2016-11-28_1403.C3132 out=data9.uv ifsel=2 options=birdie,rfiflag,noauto,xycorr

atlod: Revision 1.53, 2016/08/25 23:02:21 UTC

Processing file raw/2016-11-28_0243.C3132
 02:43:17 CAOBS> track 1
CABB data detected
Scan 1 started at 16NOV28:02:43:32.0
Source: 1934-638
Flagging channels in  28 frequency ranges
 02:55:58 CAOBS> stop
 02:56:54 CAOBS> set file c3132_obs_d8
 02:57:04 CAOBS> start 1/99
Scan 2 started at 16NOV28:02:58:52.0
Source: 2312-319
Scan 3 started at 16NOV28:03:01:56.0
Source: d_1261
Source: d_1262
Source: d_1263
Source: d_1264
Source: d_1265
Source: d_1266
Source: d_1267
Source: d_1268
Source: d_1269
Source: d_1270
Source: d_1271
Source: d_1272
Source: d_1273
Source: d_1274
Source: d_1275
Source: d_1276
Source: d_1277
Source: d_1278
Source: d_1279
Source: d_1280
Scan 4 started at 16NOV28:03:15:16.0
Source: 2312-319
Scan 5 started at 16NOV28:03:18:20.0
Source: d_1281
Source: d_1282
Source: d_1283
Source: d_1284
Source: d_1285
Source: d_1286
Source: d_1287
Source: d_1288
Source: d_1289
Source: d_1290
Source: d_1291
Source: d_1292
Source: d_1293
Source: d_1294
Source: d_1295
Source: d_1296
Source: d_1297
Source: d_1298
Source: d_1299
Source: d_1300
Scan 6 started at 16NOV28:03:31:40.0
Source: 2312-319
Scan 7 started at 16NOV28:03:34:44.0
Source: d_1301
Source: d_1302
Source: d_1303
Source: d_1304
Source: d_1305
Source: d_1306
Source: d_1307
Source: d_1308
Source: d_1309
Source: d_1310
Source: d_1311
Source: d_1312
Source: d_1313
Source: d_1314
Source: d_1315
Source: d_1316
Source: d_1317
Source: d_1318
Source: d_1319
Source: d_1320
Scan 8 started at 16NOV28:03:48:04.0
Source: 2312-319
Scan 9 started at 16NOV28:03:51:08.0
Source: g23d_1321
Source: g23d_1322
Source: g23d_1323
Source: g23d_1324
Source: g23d_1325
Source: g23d_1326
Source: g23d_1327
Source: g23d_1328
Source: g23d_1329
Source: g23d_1330
Source: g23d_1331
Source: g23d_1332
Source: g23d_1333
Source: g23d_1334
Source: g23d_1335
Source: g23d_1336
Source: g23d_1337
Source: g23d_1338
Source: g23d_1339
Source: g23d_1340
Scan 10 started at 16NOV28:04:04:28.0
Source: 2312-319
Scan 11 started at 16NOV28:04:07:32.0
Source: d_1341
Source: d_1342
Source: d_1343
Source: d_1344
Source: d_1345
Source: d_1346
Source: d_1347
Source: d_1348
Source: d_1349
Source: d_1350
Source: d_1351
Source: d_1352
Source: d_1353
Source: d_1354
Source: d_1355
Source: d_1356
Source: d_1357
Source: d_1358
Source: d_1359
Source: d_1360
Scan 12 started at 16NOV28:04:20:52.0
Source: 2312-319
Scan 13 started at 16NOV28:04:23:56.0
Source: d_1361
Source: d_1362
Source: d_1363
Source: d_1364
Source: d_1365
Source: d_1366
Source: d_1367
Source: d_1368
Source: d_1369
Source: d_1370
Source: d_1371
Source: d_1372
Source: d_1373
Source: d_1374
Source: d_1375
Source: d_1376
Source: d_1377
Source: d_1378
Source: d_1379
Scan 14 started at 16NOV28:04:36:36.0
Source: 2312-319
Scan 15 started at 16NOV28:04:39:40.0
Source: d_1380
Source: d_1381
Source: d_1382
Source: d_1383
Source: d_1384
Source: d_1385
Source: d_1386
Source: d_1387
Source: d_1388
Source: d_1389
Source: d_1390
Source: d_1391
Source: d_1392
Source: d_1393
Source: d_1394
Source: d_1395
Source: d_1396
Source: d_1397
Source: d_1398
Scan 16 started at 16NOV28:04:52:20.0
Source: 2312-319
Scan 17 started at 16NOV28:04:55:24.0
Source: d_1399
Source: d_1400
Source: d_1401
Source: d_1402
Scan 18 started at 16NOV28:05:08:04.0
Source: 2312-319
Scan 19 started at 16NOV28:05:11:08.0
Source: d_1418
Source: d_1419
Source: d_1420
Source: d_1421
Source: d_1422
Source: d_1423
Source: d_1424
Source: d_1425
Source: d_1426
Source: d_1427
Source: d_1428
Source: d_1429
Source: d_1430
Source: d_1431
Source: d_1432
Source: d_1433
Source: d_1434
Source: d_1435
Scan 20 started at 16NOV28:05:23:08.0
Source: 2312-319
Scan 21 started at 16NOV28:05:26:04.0
Source: d_1261
Source: d_1262
Source: d_1263
Source: d_1264
Source: d_1265
Source: d_1266
Source: d_1267
Source: d_1268
Source: d_1269
Source: d_1270
Source: d_1271
Source: d_1272
Source: d_1273
Source: d_1274
Source: d_1275
Source: d_1276
Source: d_1277
Source: d_1278
Source: d_1279
Source: d_1280
Scan 22 started at 16NOV28:05:39:24.0
Source: 2312-319
Scan 23 started at 16NOV28:05:42:20.0
Source: d_1281
Source: d_1282
RPFITS file version is 2.12
---------------------------------------
Total number of spectra selected: 72600

Summary of spectra flagged
Flagging Reason            Fraction
---------------            --------
Antenna off-source/off-line  6.20%
---------------------------------------
Processing file raw/2016-11-28_0542.C3132
CABB data detected
Scan 1 started at 16NOV28:05:43:00.0
Source: d_1282
Source: d_1283
Source: d_1284
Source: d_1285
Source: d_1286
Source: d_1287
Source: d_1288
Source: d_1289
Source: d_1290
Source: d_1291
Source: d_1292
Source: d_1293
Source: d_1294
Source: d_1295
Source: d_1296
Source: d_1297
Source: d_1298
Source: d_1299
Source: d_1300
Scan 2 started at 16NOV28:05:55:40.0
Source: 2312-319
Scan 3 started at 16NOV28:05:58:36.0
Source: d_1301
Source: d_1302
Source: d_1303
Source: d_1304
Source: d_1305
Source: d_1306
Source: d_1307
Source: d_1308
Source: d_1309
Source: d_1310
Source: d_1311
Source: d_1312
Source: d_1313
Source: d_1314
Source: d_1315
Source: d_1316
Source: d_1317
Source: d_1318
Source: d_1319
Source: d_1320
Scan 4 started at 16NOV28:06:12:04.0
Source: 2312-319
Scan 5 started at 16NOV28:06:15:00.0
Source: g23d_1321
Source: g23d_1322
Source: g23d_1323
Source: g23d_1324
Source: g23d_1325
Source: g23d_1326
Source: g23d_1327
Source: g23d_1328
Source: g23d_1329
Source: g23d_1330
Source: g23d_1331
Source: g23d_1332
Source: g23d_1333
Source: g23d_1334
Source: g23d_1335
Source: g23d_1336
Source: g23d_1337
Source: g23d_1338
Source: g23d_1339
Source: g23d_1340
Scan 6 started at 16NOV28:06:28:28.0
Source: 2312-319
Scan 7 started at 16NOV28:06:31:24.0
Source: d_1341
Source: d_1342
Source: d_1343
Source: d_1344
Source: d_1345
Source: d_1346
Source: d_1347
Source: d_1348
Source: d_1349
Source: d_1350
Source: d_1351
Source: d_1352
Source: d_1353
Source: d_1354
Source: d_1355
Source: d_1356
Source: d_1357
Source: d_1358
Source: d_1359
Source: d_1360
Scan 8 started at 16NOV28:06:44:44.0
Source: 2312-319
Scan 9 started at 16NOV28:06:47:40.0
Source: d_1361
Source: d_1362
Source: d_1363
Source: d_1364
Source: d_1365
Source: d_1366
Source: d_1367
Source: d_1368
Source: d_1369
Source: d_1370
Source: d_1371
Source: d_1372
Source: d_1373
Source: d_1374
Source: d_1375
Source: d_1376
Source: d_1377
Source: d_1378
Source: d_1379
Scan 10 started at 16NOV28:07:00:28.0
Source: 2312-319
Scan 11 started at 16NOV28:07:03:32.0
Source: d_1380
Source: d_1381
Source: d_1382
Source: d_1383
Source: d_1384
Source: d_1385
Source: d_1386
Source: d_1387
Source: d_1388
Source: d_1389
Source: d_1390
Source: d_1391
Source: d_1392
Source: d_1393
Source: d_1394
Source: d_1395
Source: d_1396
Source: d_1397
Source: d_1398
Scan 12 started at 16NOV28:07:16:28.0
Source: 2312-319
Scan 13 started at 16NOV28:07:19:32.0
Source: d_1399
Source: d_1400
Source: d_1401
Source: d_1402
Source: d_1403
Source: d_1404
Source: d_1405
Source: d_1406
Source: d_1407
Source: d_1408
Source: d_1409
Source: d_1410
Source: d_1411
Source: d_1412
Source: d_1413
Source: d_1414
Source: d_1415
Source: d_1416
Source: d_1417
Scan 14 started at 16NOV28:07:32:20.0
Source: 2312-319
Scan 15 started at 16NOV28:07:35:40.0
Source: d_1418
Source: d_1419
Source: d_1420
Source: d_1421
Source: d_1422
Source: d_1423
Source: d_1424
Source: d_1425
Source: d_1426
Source: d_1427
Source: d_1428
Source: d_1429
Source: d_1430
Source: d_1431
Source: d_1432
Source: d_1433
Source: d_1434
Source: d_1435
Scan 16 started at 16NOV28:07:47:40.0
Source: 2312-319
Scan 17 started at 16NOV28:07:51:00.0
Source: d_1261
Source: d_1262
Source: d_1263
Source: d_1264
Source: d_1265
Source: d_1266
Source: d_1267
Source: d_1268
Source: d_1269
Source: d_1270
Source: d_1271
Source: d_1272
Source: d_1273
Source: d_1274
Source: d_1275
Source: d_1276
Source: d_1277
Source: d_1278
Source: d_1279
Source: d_1280
Scan 18 started at 16NOV28:08:04:44.0
Source: 2312-319
Scan 19 started at 16NOV28:08:09:02.0
Source: d_1282
Source: d_1283
Source: d_1284
Source: d_1285
Source: d_1286
Source: d_1287
Source: d_1288
Source: d_1289
Source: d_1290
Source: d_1291
Source: d_1292
Source: d_1293
Source: d_1294
Source: d_1295
Source: d_1296
Source: d_1297
Source: d_1298
Source: d_1299
Source: d_1300
Scan 20 started at 16NOV28:08:22:20.0
Source: 2312-319
Scan 21 started at 16NOV28:08:28:20.0
Source: d_1303
Source: d_1304
Source: d_1305
RPFITS file version is 2.12
---------------------------------------
Total number of spectra selected: 72660

Summary of spectra flagged
Flagging Reason            Fraction
---------------            --------
Antenna off-source/off-line  9.00%
---------------------------------------
Processing file raw/2016-11-28_0829.C3132
CABB data detected
Scan 1 started at 16NOV28:08:29:48.0
Source: d_1305
Source: d_1306
Source: d_1307
Source: d_1308
Source: d_1309
Source: d_1310
Source: d_1311
Source: d_1312
Source: d_1313
Source: d_1314
Source: d_1315
Source: d_1316
Source: d_1317
Source: d_1318
Source: d_1319
Source: d_1320
Scan 2 started at 16NOV28:08:41:32.0
Source: 2312-319
Scan 3 started at 16NOV28:08:46:30.8
Source: g23d_1322
Source: g23d_1323
Source: g23d_1324
Source: g23d_1325
Source: g23d_1326
Source: g23d_1327
Source: g23d_1328
Source: g23d_1329
Source: g23d_1330
Source: g23d_1331
Source: g23d_1332
Source: g23d_1333
Source: g23d_1334
Source: g23d_1335
Source: g23d_1336
Source: g23d_1337
Source: g23d_1338
Source: g23d_1339
Source: g23d_1340
Scan 4 started at 16NOV28:08:59:48.0
Source: 2312-319
Scan 5 started at 16NOV28:09:02:52.0
Source: d_1341
Source: d_1342
Source: d_1343
Source: d_1344
Source: d_1345
Source: d_1346
Source: d_1347
Source: d_1348
Source: d_1349
Source: d_1350
Source: d_1351
Source: d_1352
Source: d_1353
Source: d_1354
Source: d_1355
Source: d_1356
Source: d_1357
Source: d_1358
Source: d_1359
Source: d_1360
Scan 6 started at 16NOV28:09:16:20.0
Source: 2312-319
Scan 7 started at 16NOV28:09:19:24.0
Source: d_1361
Source: d_1362
Source: d_1363
Source: d_1364
Source: d_1365
Source: d_1366
Source: d_1367
Source: d_1368
Source: d_1369
Source: d_1370
Source: d_1371
Source: d_1372
Source: d_1373
Source: d_1374
Source: d_1375
Source: d_1376
Source: d_1377
Source: d_1378
Source: d_1379
Scan 8 started at 16NOV28:09:32:12.0
Source: 2312-319
Scan 9 started at 16NOV28:09:35:16.0
Source: d_1380
Source: d_1381
Source: d_1382
Source: d_1383
Source: d_1384
Source: d_1385
Source: d_1386
Source: d_1387
Source: d_1388
Source: d_1389
Source: d_1390
Source: d_1391
Source: d_1392
Source: d_1393
Source: d_1394
Source: d_1395
Source: d_1396
Source: d_1397
Source: d_1398
Scan 10 started at 16NOV28:09:48:12.0
Source: 2312-319
Scan 11 started at 16NOV28:09:51:16.0
Source: d_1399
Source: d_1400
Source: d_1401
Source: d_1402
Source: d_1403
Source: d_1404
Source: d_1405
Source: d_1406
Source: d_1407
Source: d_1408
Source: d_1409
Source: d_1410
Source: d_1411
Source: d_1412
Source: d_1413
Source: d_1414
Source: d_1415
Source: d_1416
Source: d_1417
Scan 12 started at 16NOV28:10:04:04.0
Source: 2312-319
Scan 13 started at 16NOV28:10:07:00.0
Source: d_1418
Source: d_1419
Source: d_1420
Source: d_1421
Source: d_1422
Source: d_1423
Source: d_1424
Source: d_1425
Source: d_1426
Source: d_1427
Source: d_1428
Source: d_1429
Source: d_1430
Source: d_1431
Source: d_1432
Source: d_1433
Source: d_1434
Source: d_1435
Scan 14 started at 16NOV28:10:19:00.0
Source: 2312-319
Scan 15 started at 16NOV28:10:21:56.0
Source: d_1261
Source: d_1262
Source: d_1263
Source: d_1264
Source: d_1265
Source: d_1266
Source: d_1267
Source: d_1268
Source: d_1269
Source: d_1270
Source: d_1271
Source: d_1272
Source: d_1273
Source: d_1274
Source: d_1275
Source: d_1276
Source: d_1277
Source: d_1278
Source: d_1279
Source: d_1280
Scan 16 started at 16NOV28:10:35:24.0
Source: 2312-319
Scan 17 started at 16NOV28:10:38:20.0
Source: d_1281
Source: d_1282
Source: d_1283
Source: d_1284
Source: d_1285
Source: d_1286
Source: d_1287
Source: d_1288
Source: d_1289
Source: d_1290
Source: d_1291
Source: d_1292
Source: d_1293
Source: d_1294
Source: d_1295
Source: d_1296
Source: d_1297
Source: d_1298
Source: d_1299
Source: d_1300
Scan 18 started at 16NOV28:10:51:40.0
Source: 2312-319
Scan 19 started at 16NOV28:10:54:36.0
Source: d_1301
Source: d_1302
Source: d_1303
Source: d_1304
Source: d_1305
Source: d_1306
Source: d_1307
Source: d_1308
Source: d_1309
Source: d_1310
Source: d_1311
Source: d_1312
Source: d_1313
Source: d_1314
Source: d_1315
Source: d_1316
Source: d_1317
Source: d_1318
Source: d_1319
Source: d_1320
Scan 20 started at 16NOV28:11:08:04.0
Source: 2312-319
Scan 21 started at 16NOV28:11:11:00.0
Source: g23d_1321
Source: g23d_1322
Source: g23d_1323
Source: g23d_1324
Source: g23d_1325
Source: g23d_1326
Source: g23d_1327
Source: g23d_1328
Source: g23d_1329
RPFITS file version is 2.12
---------------------------------------
Total number of spectra selected: 72660

Summary of spectra flagged
Flagging Reason            Fraction
---------------            --------
Antenna off-source/off-line  7.71%
---------------------------------------
Processing file raw/2016-11-28_1116.C3132
CABB data detected
Scan 1 started at 16NOV28:11:16:36.0
Source: g23d_1329
Source: g23d_1330
Source: g23d_1331
Source: g23d_1332
Source: g23d_1333
Source: g23d_1334
Source: g23d_1335
Source: g23d_1336
Source: g23d_1337
Source: g23d_1338
Source: g23d_1339
Source: g23d_1340
Scan 2 started at 16NOV28:11:24:28.0
Source: 2312-319
Scan 3 started at 16NOV28:11:27:24.0
Source: d_1341
Source: d_1342
Source: d_1343
Source: d_1344
Source: d_1345
Source: d_1346
Source: d_1347
Source: d_1348
Source: d_1349
Source: d_1350
Source: d_1351
Source: d_1352
Source: d_1353
Source: d_1354
Source: d_1355
Source: d_1356
Source: d_1357
Source: d_1358
Source: d_1359
Source: d_1360
Scan 4 started at 16NOV28:11:40:44.0
Source: 2312-319
Scan 5 started at 16NOV28:11:43:40.0
Source: d_1361
Source: d_1362
Source: d_1363
Source: d_1364
Source: d_1365
Source: d_1366
Source: d_1367
Source: d_1368
Source: d_1369
Source: d_1370
Source: d_1371
Source: d_1372
Source: d_1373
Source: d_1374
Source: d_1375
Source: d_1376
Source: d_1377
Source: d_1378
Source: d_1379
Scan 6 started at 16NOV28:11:56:20.0
Source: 2312-319
Scan 7 started at 16NOV28:11:59:16.0
Source: d_1380
Source: d_1381
Source: d_1382
Source: d_1383
Source: d_1384
Source: d_1385
Source: d_1386
Source: d_1387
Source: d_1388
Source: d_1389
Source: d_1390
Source: d_1391
Source: d_1392
Source: d_1393
Source: d_1394
Source: d_1395
Source: d_1396
Source: d_1397
Source: d_1398
Scan 8 started at 16NOV28:12:12:04.0
Source: 2312-319
Scan 9 started at 16NOV28:12:15:00.0
Source: d_1399
Source: d_1400
Source: d_1401
Source: d_1402
Source: d_1403
Source: d_1404
Source: d_1405
Source: d_1406
Source: d_1407
Source: d_1408
Source: d_1409
Source: d_1410
Source: d_1411
Source: d_1412
Source: d_1413
Source: d_1414
Source: d_1415
Source: d_1416
Source: d_1417
Scan 10 started at 16NOV28:12:27:40.0
Source: 2312-319
Scan 11 started at 16NOV28:12:30:36.0
Source: d_1418
Source: d_1419
Source: d_1420
Source: d_1421
Source: d_1422
Source: d_1423
Source: d_1424
Source: d_1425
Source: d_1426
Source: d_1427
Source: d_1428
Source: d_1429
Source: d_1430
Source: d_1431
Source: d_1432
Source: d_1433
Source: d_1434
Source: d_1435
Scan 12 started at 16NOV28:12:42:36.0
Source: 2312-319
Scan 13 started at 16NOV28:12:45:32.0
Source: d_1261
Source: d_1262
Source: d_1263
Source: d_1264
Source: d_1265
Source: d_1266
Source: d_1267
Source: d_1268
Source: d_1269
Source: d_1270
Source: d_1271
Source: d_1272
Source: d_1273
Source: d_1274
Source: d_1275
Source: d_1276
Source: d_1277
Source: d_1278
Source: d_1279
Source: d_1280
Scan 14 started at 16NOV28:12:58:52.0
Source: 2312-319
Scan 15 started at 16NOV28:13:01:48.0
Source: d_1281
Source: d_1282
Source: d_1283
Source: d_1284
Source: d_1285
Source: d_1286
Source: d_1287
Source: d_1288
Source: d_1289
Source: d_1290
Source: d_1291
Source: d_1292
Source: d_1293
Source: d_1294
Source: d_1295
Source: d_1296
Source: d_1297
Source: d_1298
Source: d_1299
Source: d_1300
Scan 16 started at 16NOV28:13:15:08.0
Source: 2312-319
Scan 17 started at 16NOV28:13:18:04.0
Source: d_1301
Source: d_1302
Source: d_1303
Source: d_1304
Source: d_1305
Source: d_1306
Source: d_1307
Source: d_1308
Source: d_1309
Source: d_1310
Source: d_1311
Source: d_1312
Source: d_1313
Source: d_1314
Source: d_1315
Source: d_1316
Source: d_1317
Source: d_1318
Source: d_1319
Source: d_1320
Scan 18 started at 16NOV28:13:31:24.0
Source: 2312-319
Scan 19 started at 16NOV28:13:34:20.0
Source: g23d_1321
Source: g23d_1322
Source: g23d_1323
Source: g23d_1324
Source: g23d_1325
Source: g23d_1326
Source: g23d_1327
Source: g23d_1328
Source: g23d_1329
Source: g23d_1330
Source: g23d_1331
Source: g23d_1332
Source: g23d_1333
Source: g23d_1334
Source: g23d_1335
Source: g23d_1336
Source: g23d_1337
Source: g23d_1338
Source: g23d_1339
Source: g23d_1340
Scan 20 started at 16NOV28:13:47:40.0
Source: 2312-319
Scan 21 started at 16NOV28:13:50:36.0
Source: d_1341
Source: d_1342
Source: d_1343
Source: d_1344
Source: d_1345
Source: d_1346
Source: d_1347
Source: d_1348
Source: d_1349
Source: d_1350
Source: d_1351
Source: d_1352
Source: d_1353
Source: d_1354
Source: d_1355
Source: d_1356
Source: d_1357
Source: d_1358
Source: d_1359
Source: d_1360
RPFITS file version is 2.12
---------------------------------------
Total number of spectra selected: 72660

Summary of spectra flagged
Flagging Reason            Fraction
---------------            --------
Antenna off-source/off-line  4.29%
---------------------------------------
Processing file raw/2016-11-28_1403.C3132
CABB data detected
Scan 1 started at 16NOV28:14:03:24.0
Source: d_1360
Scan 2 started at 16NOV28:14:03:56.0
Source: 2312-319
Scan 3 started at 16NOV28:14:06:52.0
Source: d_1361
Source: d_1362
Source: d_1363
Source: d_1364
Source: d_1365
Source: d_1366
Source: d_1367
Source: d_1368
Source: d_1369
Source: d_1370
Source: d_1371
Source: d_1372
Source: d_1373
Source: d_1374
Source: d_1375
Source: d_1376
Source: d_1377
Source: d_1378
Source: d_1379
Scan 4 started at 16NOV28:14:19:32.0
Source: 2312-319
 14:21:42 CAOBS> stop
 14:23:02 CAOBS> corr closefile
RPFITS file version is 2.12
---------------------------------------
Total number of spectra selected: 7800

Summary of spectra flagged
Flagging Reason            Fraction
---------------            --------
Antenna off-source/off-line  3.85%
---------------------------------------

No CACAL data was detected

2018-11-22 05:52:32,427 [MainThread  ] [INFO ]  uvflag vis=data9.uv line=chan,65,850,1 flagval=flag

uvflag: Revision 1.8, 2014/09/30 14:23:39 UTC


Set flags to indicate bad data in visibility file data9.uv
Linetype channel; select   65 channels; start  850, width    1, step    1

Overview of flagging on visibility file data9.uv
Changed flags set to FALSE (data flagged as bad)
Total number of records selected: 278320; out of 278320 records
Antennas used: 1-6
Counts of correlations within selected channels
channel   Originally    Currently
Good:        18086900.           0.    Changed to bad:    18086900.
Bad:             3900.    18090800.

2018-11-22 05:53:18,919 [MainThread  ] [INFO ]  uvsplit vis=data9.uv options=mosaic

uvsplit: Revision 1.18, 2016/05/09 03:06:18 UTC

Creating 1934-638.9500
Creating 2312-319.9500
Creating d.9500
Creating g23d.9500

2018-11-22 05:53:37,027 [MainThread  ] [INFO ]  pgflag vis=1934-638.9500 command='<b' stokes=i,q,u,v flagpar=8,5,5,3,6,3 options=nodisp

pgflag: Revision 1.30, 2016/10/05 23:06:50 UTC

Applying changes to dataset
Counts of correlations within selected channels:
 channel  Originally  Currently
 Good:       9865440    9761916    Changed to bad:     103524
 Bad:        1567980    1671504    Changed to good:         0
 14.6% of the data is now flagged

2018-11-22 05:53:52,217 [MainThread  ] [INFO ]  pgflag vis=1934-638.9500 command='<b' stokes=i,v,q,u flagpar=8,2,2,3,6,3  options=nodisp

pgflag: Revision 1.30, 2016/10/05 23:06:50 UTC

Applying changes to dataset
Counts of correlations within selected channels:
 channel  Originally  Currently
 Good:       9761916    9665860    Changed to bad:      96056
 Bad:        1671504    1767560    Changed to good:         0
 15.5% of the data is now flagged

2018-11-22 05:54:07,808 [MainThread  ] [INFO ]  pgflag vis=1934-638.9500 command='<b' stokes=i,v,u,q flagpar=8,2,2,3,6,3  options=nodisp

pgflag: Revision 1.30, 2016/10/05 23:06:50 UTC

Applying changes to dataset
Counts of correlations within selected channels:
 channel  Originally  Currently
 Good:       9665860    9498160    Changed to bad:     167700
 Bad:        1767560    1935260    Changed to good:         0
 16.9% of the data is now flagged

2018-11-22 05:55:10,732 [MainThread  ] [INFO ]  mfcal vis=1934-638.9500 refant=4 interval=0.1
MfCal: $Revision: 1.20 $, $Date: 2017/05/08 02:31:10 $
Selecting parallel-hand polarisations
Reading the data ...
Number correlations accepted: 4749080
Number of frequency bands/settings: 1
Number of polarisations selected: 2
Number of solution intervals: 93
Number of passband solution intervals: 1
Initialising ...
Using post-Aug94 ATCA flux scale for 1934-638.
Using known frequency variation of 1934-638
Generating initial solution estimate ...
Doing solution refinement ...
Iter= 1, Solution Error:  0.495
Iter= 2, Solution Error:  0.029
Iter= 3, Solution Error:  0.000
Saving solution ...

2018-11-22 05:55:11,890 [MainThread  ] [INFO ]  gpcal vis=1934-638.9500 refant=4 interval=0.1 nfbin=2 options=xyvary

gpcal: Revision 1.22, 2016/05/01 22:31:05 UTC

Applying bandpass corrections to 1934-638.9500
Number of antennae: 6
Reading the data ...
Number of solution intervals: 93
Total visibilities read: 1395
Number visibilities accepted: 1395
Using post-Aug94 ATCA flux scale for 1934-638.
Using IQUV =  2.5346,  0.0000,  0.0000,  0.0000 at   9.4709 GHz.
Using post-Aug94 ATCA flux scale for 1934-638.
Using IQUV =  2.6976,  0.0000,  0.0000,  0.0000 at   9.0081 GHz.
Using post-Aug94 ATCA flux scale for 1934-638.
Using IQUV =  2.3851,  0.0000,  0.0000,  0.0000 at   9.9474 GHz.
Iter= 1, Amplit/Phase Solution Error:   1.392
Iter= 1, Polarisation Solution Error:   0.031
Iter= 1, Overall Solution Error:        2.126
Iter= 2, Amplit/Phase Solution Error:   0.002
Iter= 2, Polarisation Solution Error:   0.000
Iter= 2, Overall Solution Error:        0.003
Iter= 3, Amplit/Phase Solution Error:   0.001
Iter= 3, Polarisation Solution Error:   0.000
Iter= 3, Overall Solution Error:        0.001
I flux density:   2.5346
Leakage terms:
 Ant 1:Dx,Dy = ( 0.00121,-0.00039),(-0.00019,-0.00040)
 Ant 2:Dx,Dy = ( 0.00352, 0.00148),(-0.00338, 0.00279)
 Ant 3:Dx,Dy = ( 0.00648,-0.00455),(-0.00857,-0.00454)
 Ant 4:Dx,Dy = ( 0.00300, 0.01495),(-0.00101, 0.01603)
 Ant 5:Dx,Dy = (-0.01689, 0.00304),( 0.01764, 0.00287)
 Ant 6:Dx,Dy = ( 0.00469,-0.01539),(-0.00248,-0.01588)
Solution for freq bin  1
Iter= 1, Amplit/Phase Solution Error:   1.358
Iter= 1, Polarisation Solution Error:   0.031
Iter= 1, Overall Solution Error:        2.126
Iter= 2, Amplit/Phase Solution Error:   0.002
Iter= 2, Polarisation Solution Error:   0.000
Iter= 2, Overall Solution Error:        0.003
Iter= 3, Amplit/Phase Solution Error:   0.001
Iter= 3, Polarisation Solution Error:   0.000
Iter= 3, Overall Solution Error:        0.001
I flux density:   2.6976
Leakage terms:
 Ant 1:Dx,Dy = ( 0.00090,-0.00032),(-0.00049,-0.00014)
 Ant 2:Dx,Dy = ( 0.00403, 0.00184),(-0.00363, 0.00391)
 Ant 3:Dx,Dy = ( 0.00567,-0.00514),(-0.00878,-0.00458)
 Ant 4:Dx,Dy = ( 0.00261, 0.01497),(-0.00101, 0.01661)
 Ant 5:Dx,Dy = (-0.01724, 0.00220),( 0.01765, 0.00228)
 Ant 6:Dx,Dy = ( 0.00538,-0.01525),(-0.00239,-0.01638)
Solution for freq bin  2
Iter= 1, Amplit/Phase Solution Error:   1.380
Iter= 1, Polarisation Solution Error:   0.030
Iter= 1, Overall Solution Error:        2.127
Iter= 2, Amplit/Phase Solution Error:   0.002
Iter= 2, Polarisation Solution Error:   0.000
Iter= 2, Overall Solution Error:        0.003
Iter= 3, Amplit/Phase Solution Error:   0.001
Iter= 3, Polarisation Solution Error:   0.000
Iter= 3, Overall Solution Error:        0.001
I flux density:   2.3851
Leakage terms:
 Ant 1:Dx,Dy = ( 0.00156,-0.00045),( 0.00013,-0.00069)
 Ant 2:Dx,Dy = ( 0.00292, 0.00104),(-0.00313, 0.00149)
 Ant 3:Dx,Dy = ( 0.00736,-0.00387),(-0.00833,-0.00449)
 Ant 4:Dx,Dy = ( 0.00343, 0.01492),(-0.00099, 0.01538)
 Ant 5:Dx,Dy = (-0.01650, 0.00400),( 0.01761, 0.00354)
 Ant 6:Dx,Dy = ( 0.00394,-0.01555),(-0.00258,-0.01531)

2018-11-22 05:55:35,337 [MainThread  ] [INFO ]  pgflag vis=1934-638.9500 command='<b' stokes=i,q,u,v flagpar=8,5,5,3,6,3 options=nodisp

pgflag: Revision 1.30, 2016/10/05 23:06:50 UTC

Applying bandpass corrections to 1934-638.9500
Applying freq. dependent gain corrections to 1934-638.9500
Applying freq. dependent leakage correction to 1934-638.9500
Applying changes to dataset
Counts of correlations within selected channels:
 channel  Originally  Currently
 Good:       9498160    9461092    Changed to bad:      37068
 Bad:        1935260    1972328    Changed to good:         0
 17.3% of the data is now flagged

2018-11-22 05:55:57,610 [MainThread  ] [INFO ]  pgflag vis=1934-638.9500 command='<b' stokes=i,v,q,u flagpar=8,2,2,3,6,3  options=nodisp

pgflag: Revision 1.30, 2016/10/05 23:06:50 UTC

Applying bandpass corrections to 1934-638.9500
Applying freq. dependent gain corrections to 1934-638.9500
Applying freq. dependent leakage correction to 1934-638.9500
Applying changes to dataset
Counts of correlations within selected channels:
 channel  Originally  Currently
 Good:       9461092    9415924    Changed to bad:      45168
 Bad:        1972328    2017496    Changed to good:         0
 17.6% of the data is now flagged

2018-11-22 05:56:19,194 [MainThread  ] [INFO ]  pgflag vis=1934-638.9500 command='<b' stokes=i,v,u,q flagpar=8,2,2,3,6,3  options=nodisp

pgflag: Revision 1.30, 2016/10/05 23:06:50 UTC

Applying bandpass corrections to 1934-638.9500
Applying freq. dependent gain corrections to 1934-638.9500
Applying freq. dependent leakage correction to 1934-638.9500
Applying changes to dataset
Counts of correlations within selected channels:
 channel  Originally  Currently
 Good:       9415924    9377788    Changed to bad:      38136
 Bad:        2017496    2055632    Changed to good:         0
 18.0% of the data is now flagged

2018-11-22 05:57:37,061 [MainThread  ] [INFO ]  mfcal vis=1934-638.9500 refant=4 interval=0.1
MfCal: $Revision: 1.20 $, $Date: 2017/05/08 02:31:10 $
Selecting parallel-hand polarisations
Reading the data ...
Number correlations accepted: 4688894
Number of frequency bands/settings: 1
Number of polarisations selected: 2
Number of solution intervals: 93
Number of passband solution intervals: 1
Initialising ...
Using post-Aug94 ATCA flux scale for 1934-638.
Using known frequency variation of 1934-638
Generating initial solution estimate ...
Doing solution refinement ...
Iter= 1, Solution Error:  0.498
Iter= 2, Solution Error:  0.029
Iter= 3, Solution Error:  0.000
Saving solution ...

2018-11-22 05:57:38,457 [MainThread  ] [INFO ]  gpcal vis=1934-638.9500 refant=4 interval=0.1 nfbin=2 options=xyvary

gpcal: Revision 1.22, 2016/05/01 22:31:05 UTC

Applying bandpass corrections to 1934-638.9500
Number of antennae: 6
Using leakage parameters from input as initial guess
Reading the data ...
Number of solution intervals: 93
Total visibilities read: 1395
Number visibilities accepted: 1395
Using post-Aug94 ATCA flux scale for 1934-638.
Using IQUV =  2.5345,  0.0000,  0.0000,  0.0000 at   9.4711 GHz.
Using post-Aug94 ATCA flux scale for 1934-638.
Using IQUV =  2.6976,  0.0000,  0.0000,  0.0000 at   9.0081 GHz.
Using post-Aug94 ATCA flux scale for 1934-638.
Using IQUV =  2.3860,  0.0000,  0.0000,  0.0000 at   9.9444 GHz.
Iter= 1, Amplit/Phase Solution Error:   1.391
Iter= 1, Polarisation Solution Error:   0.000
Iter= 1, Overall Solution Error:        2.126
Iter= 2, Amplit/Phase Solution Error:   0.002
Iter= 2, Polarisation Solution Error:   0.000
Iter= 2, Overall Solution Error:        0.003
Iter= 3, Amplit/Phase Solution Error:   0.001
Iter= 3, Polarisation Solution Error:   0.000
Iter= 3, Overall Solution Error:        0.001
I flux density:   2.5345
Leakage terms:
 Ant 1:Dx,Dy = ( 0.00123,-0.00040),(-0.00019,-0.00041)
 Ant 2:Dx,Dy = ( 0.00351, 0.00148),(-0.00340, 0.00279)
 Ant 3:Dx,Dy = ( 0.00648,-0.00456),(-0.00856,-0.00456)
 Ant 4:Dx,Dy = ( 0.00301, 0.01494),(-0.00101, 0.01603)
 Ant 5:Dx,Dy = (-0.01686, 0.00310),( 0.01770, 0.00295)
 Ant 6:Dx,Dy = ( 0.00471,-0.01545),(-0.00246,-0.01591)
Solution for freq bin  1
Iter= 1, Amplit/Phase Solution Error:   1.358
Iter= 1, Polarisation Solution Error:   0.001
Iter= 1, Overall Solution Error:        2.125
Iter= 2, Amplit/Phase Solution Error:   0.002
Iter= 2, Polarisation Solution Error:   0.000
Iter= 2, Overall Solution Error:        0.003
Iter= 3, Amplit/Phase Solution Error:   0.001
Iter= 3, Polarisation Solution Error:   0.000
Iter= 3, Overall Solution Error:        0.001
I flux density:   2.6976
Leakage terms:
 Ant 1:Dx,Dy = ( 0.00093,-0.00033),(-0.00049,-0.00016)
 Ant 2:Dx,Dy = ( 0.00402, 0.00184),(-0.00367, 0.00391)
 Ant 3:Dx,Dy = ( 0.00567,-0.00516),(-0.00877,-0.00460)
 Ant 4:Dx,Dy = ( 0.00263, 0.01493),(-0.00102, 0.01661)
 Ant 5:Dx,Dy = (-0.01720, 0.00231),( 0.01776, 0.00243)
 Ant 6:Dx,Dy = ( 0.00540,-0.01533),(-0.00235,-0.01645)
Solution for freq bin  2
Iter= 1, Amplit/Phase Solution Error:   1.381
Iter= 1, Polarisation Solution Error:   0.001
Iter= 1, Overall Solution Error:        2.127
Iter= 2, Amplit/Phase Solution Error:   0.002
Iter= 2, Polarisation Solution Error:   0.000
Iter= 2, Overall Solution Error:        0.003
Iter= 3, Amplit/Phase Solution Error:   0.001
Iter= 3, Polarisation Solution Error:   0.000
Iter= 3, Overall Solution Error:        0.001
I flux density:   2.3860
Leakage terms:
 Ant 1:Dx,Dy = ( 0.00157,-0.00046),( 0.00014,-0.00069)
 Ant 2:Dx,Dy = ( 0.00292, 0.00106),(-0.00313, 0.00150)
 Ant 3:Dx,Dy = ( 0.00737,-0.00387),(-0.00833,-0.00449)
 Ant 4:Dx,Dy = ( 0.00343, 0.01493),(-0.00098, 0.01539)
 Ant 5:Dx,Dy = (-0.01650, 0.00400),( 0.01763, 0.00354)
 Ant 6:Dx,Dy = ( 0.00395,-0.01558),(-0.00258,-0.01532)

2018-11-22 05:57:38,618 [MainThread  ] [INFO ]  gpcopy vis=1934-638.9500 out=2312-319.9500

gpcopy: Revision 1.13, 2015/10/29 01:31:39 UTC

Copying leakage table
Copying gain table
Interpolation tolerance set to (minutes): 720.00
Copying bandpass table

2018-11-22 06:01:16,524 [MainThread  ] [INFO ]  pgflag vis=2312-319.9500 command='<b' stokes=i,q,u,v flagpar=8,5,5,3,6,3 options=nodisp

pgflag: Revision 1.30, 2016/10/05 23:06:50 UTC

Applying bandpass corrections to 2312-319.9500
Applying freq. dependent gain corrections to 2312-319.9500
Applying freq. dependent leakage correction to 2312-319.9500
Applying changes to dataset
Counts of correlations within selected channels:
 channel  Originally  Currently
 Good:      68421600   67739860    Changed to bad:     681740
 Bad:       10874700   11556440    Changed to good:         0
 14.6% of the data is now flagged

2018-11-22 06:05:02,130 [MainThread  ] [INFO ]  pgflag vis=2312-319.9500 command='<b' stokes=i,v,q,u flagpar=8,2,2,3,6,3  options=nodisp

pgflag: Revision 1.30, 2016/10/05 23:06:50 UTC

Applying bandpass corrections to 2312-319.9500
Applying freq. dependent gain corrections to 2312-319.9500
Applying freq. dependent leakage correction to 2312-319.9500
Applying changes to dataset
Counts of correlations within selected channels:
 channel  Originally  Currently
 Good:      67739860   67036732    Changed to bad:     703128
 Bad:       11556440   12259568    Changed to good:         0
 15.5% of the data is now flagged

2018-11-22 06:08:26,833 [MainThread  ] [INFO ]  pgflag vis=2312-319.9500 command='<b' stokes=i,v,u,q flagpar=8,2,2,3,6,3  options=nodisp

pgflag: Revision 1.30, 2016/10/05 23:06:50 UTC

Applying bandpass corrections to 2312-319.9500
Applying freq. dependent gain corrections to 2312-319.9500
Applying freq. dependent leakage correction to 2312-319.9500
Applying changes to dataset
Counts of correlations within selected channels:
 channel  Originally  Currently
 Good:      67036732   66584112    Changed to bad:     452620
 Bad:       12259568   12712188    Changed to good:         0
 16.0% of the data is now flagged

2018-11-22 06:08:32,430 [MainThread  ] [INFO ]  gpcal vis=2312-319.9500 refant=4 interval=0.1 nfbin=2 options=xyvary,qusolve

gpcal: Revision 1.22, 2016/05/01 22:31:05 UTC

Applying bandpass corrections to 2312-319.9500
Number of antennae: 6
Using leakage parameters from input as initial guess
Reading the data ...
Number of solution intervals: 644
Total visibilities read: 9675
Number visibilities accepted: 9638
Iter= 1, Amplit/Phase Solution Error:   1.384
Iter= 1, Polarisation Solution Error:   0.005
Iter= 1, Overall Solution Error:        2.515
Iter= 2, Amplit/Phase Solution Error:   0.006
Iter= 2, Polarisation Solution Error:   0.000
Iter= 2, Overall Solution Error:        0.008
Iter= 3, Amplit/Phase Solution Error:   0.001
Iter= 3, Polarisation Solution Error:   0.000
Iter= 3, Overall Solution Error:        0.002
Iter= 4, Amplit/Phase Solution Error:   0.000
Iter= 4, Polarisation Solution Error:   0.000
Iter= 4, Overall Solution Error:        0.000
I flux density:   0.5872
Percent Q:  -0.524
Percent U:  -0.156
Leakage terms:
 Ant 1:Dx,Dy = ( 0.00056,-0.00099),( 0.00027, 0.00017)
 Ant 2:Dx,Dy = ( 0.00317, 0.00040),(-0.00392, 0.00337)
 Ant 3:Dx,Dy = ( 0.00635,-0.00502),(-0.00923,-0.00418)
 Ant 4:Dx,Dy = ( 0.00164, 0.01449),(-0.00113, 0.01597)
 Ant 5:Dx,Dy = (-0.01666, 0.00250),( 0.01675, 0.00354)
 Ant 6:Dx,Dy = ( 0.00473,-0.01701),(-0.00296,-0.01324)
Solution for freq bin  1
Iter= 1, Amplit/Phase Solution Error:   1.378
Iter= 1, Polarisation Solution Error:   0.005
Iter= 1, Overall Solution Error:        2.510
Iter= 2, Amplit/Phase Solution Error:   0.005
Iter= 2, Polarisation Solution Error:   0.000
Iter= 2, Overall Solution Error:        0.010
Iter= 3, Amplit/Phase Solution Error:   0.001
Iter= 3, Polarisation Solution Error:   0.000
Iter= 3, Overall Solution Error:        0.002
Iter= 4, Amplit/Phase Solution Error:   0.000
Iter= 4, Polarisation Solution Error:   0.000
Iter= 4, Overall Solution Error:        0.000
I flux density:   0.5926
Percent Q:  -0.538
Percent U:   0.069
Leakage terms:
 Ant 1:Dx,Dy = ( 0.00006,-0.00101),(-0.00040, 0.00049)
 Ant 2:Dx,Dy = ( 0.00370, 0.00058),(-0.00458, 0.00476)
 Ant 3:Dx,Dy = ( 0.00545,-0.00586),(-0.00972,-0.00409)
 Ant 4:Dx,Dy = ( 0.00130, 0.01460),(-0.00150, 0.01624)
 Ant 5:Dx,Dy = (-0.01689, 0.00123),( 0.01644, 0.00295)
 Ant 6:Dx,Dy = ( 0.00440,-0.01653),(-0.00222,-0.01336)
Solution for freq bin  2
Iter= 1, Amplit/Phase Solution Error:   1.407
Iter= 1, Polarisation Solution Error:   0.005
Iter= 1, Overall Solution Error:        2.526
Iter= 2, Amplit/Phase Solution Error:   0.006
Iter= 2, Polarisation Solution Error:   0.000
Iter= 2, Overall Solution Error:        0.008
Iter= 3, Amplit/Phase Solution Error:   0.001
Iter= 3, Polarisation Solution Error:   0.000
Iter= 3, Overall Solution Error:        0.001
Iter= 4, Amplit/Phase Solution Error:   0.000
Iter= 4, Polarisation Solution Error:   0.000
Iter= 4, Overall Solution Error:        0.000
I flux density:   0.5840
Percent Q:  -0.505
Percent U:  -0.365
Leakage terms:
 Ant 1:Dx,Dy = ( 0.00102,-0.00098),( 0.00088,-0.00017)
 Ant 2:Dx,Dy = ( 0.00265, 0.00023),(-0.00329, 0.00209)
 Ant 3:Dx,Dy = ( 0.00721,-0.00431),(-0.00882,-0.00430)
 Ant 4:Dx,Dy = ( 0.00194, 0.01441),(-0.00077, 0.01576)
 Ant 5:Dx,Dy = (-0.01659, 0.00373),( 0.01695, 0.00414)
 Ant 6:Dx,Dy = ( 0.00500,-0.01750),(-0.00370,-0.01308)

2018-11-22 06:11:48,933 [MainThread  ] [INFO ]  pgflag vis=2312-319.9500 command='<b' stokes=i,q,u,v flagpar=8,5,5,3,6,3 options=nodisp

pgflag: Revision 1.30, 2016/10/05 23:06:50 UTC

Applying bandpass corrections to 2312-319.9500
Applying freq. dependent gain corrections to 2312-319.9500
Applying freq. dependent leakage correction to 2312-319.9500
Applying changes to dataset
Counts of correlations within selected channels:
 channel  Originally  Currently
 Good:      66584112   66231512    Changed to bad:     352600
 Bad:       12712188   13064788    Changed to good:         0
 16.5% of the data is now flagged

2018-11-22 06:15:01,522 [MainThread  ] [INFO ]  pgflag vis=2312-319.9500 command='<b' stokes=i,v,q,u flagpar=8,2,2,3,6,3  options=nodisp

pgflag: Revision 1.30, 2016/10/05 23:06:50 UTC

Applying bandpass corrections to 2312-319.9500
Applying freq. dependent gain corrections to 2312-319.9500
Applying freq. dependent leakage correction to 2312-319.9500
Applying changes to dataset
Counts of correlations within selected channels:
 channel  Originally  Currently
 Good:      66231512   65903732    Changed to bad:     327780
 Bad:       13064788   13392568    Changed to good:         0
 16.9% of the data is now flagged

2018-11-22 06:18:14,348 [MainThread  ] [INFO ]  pgflag vis=2312-319.9500 command='<b' stokes=i,v,u,q flagpar=8,2,2,3,6,3  options=nodisp

pgflag: Revision 1.30, 2016/10/05 23:06:50 UTC

Applying bandpass corrections to 2312-319.9500
Applying freq. dependent gain corrections to 2312-319.9500
Applying freq. dependent leakage correction to 2312-319.9500
Applying changes to dataset
Counts of correlations within selected channels:
 channel  Originally  Currently
 Good:      65903732   65619224    Changed to bad:     284508
 Bad:       13392568   13677076    Changed to good:         0
 17.2% of the data is now flagged

2018-11-22 06:18:21,307 [MainThread  ] [INFO ]  gpcal vis=2312-319.9500 refant=4 interval=0.1 nfbin=2 options=xyvary,qusolve

gpcal: Revision 1.22, 2016/05/01 22:31:05 UTC

Applying bandpass corrections to 2312-319.9500
Number of antennae: 6
Using leakage parameters from input as initial guess
Reading the data ...
Number of solution intervals: 643
Total visibilities read: 9675
Number visibilities accepted: 9620
Iter= 1, Amplit/Phase Solution Error:   1.383
Iter= 1, Polarisation Solution Error:   0.005
Iter= 1, Overall Solution Error:        2.516
Iter= 2, Amplit/Phase Solution Error:   0.006
Iter= 2, Polarisation Solution Error:   0.000
Iter= 2, Overall Solution Error:        0.009
Iter= 3, Amplit/Phase Solution Error:   0.001
Iter= 3, Polarisation Solution Error:   0.000
Iter= 3, Overall Solution Error:        0.001
Iter= 4, Amplit/Phase Solution Error:   0.000
Iter= 4, Polarisation Solution Error:   0.000
Iter= 4, Overall Solution Error:        0.000
I flux density:   0.5883
Percent Q:  -0.527
Percent U:  -0.159
Leakage terms:
 Ant 1:Dx,Dy = ( 0.00057,-0.00099),( 0.00030, 0.00014)
 Ant 2:Dx,Dy = ( 0.00319, 0.00040),(-0.00390, 0.00337)
 Ant 3:Dx,Dy = ( 0.00637,-0.00503),(-0.00922,-0.00419)
 Ant 4:Dx,Dy = ( 0.00165, 0.01450),(-0.00111, 0.01599)
 Ant 5:Dx,Dy = (-0.01663, 0.00253),( 0.01678, 0.00355)
 Ant 6:Dx,Dy = ( 0.00472,-0.01703),(-0.00297,-0.01323)
Solution for freq bin  1
Iter= 1, Amplit/Phase Solution Error:   1.382
Iter= 1, Polarisation Solution Error:   0.005
Iter= 1, Overall Solution Error:        2.510
Iter= 2, Amplit/Phase Solution Error:   0.005
Iter= 2, Polarisation Solution Error:   0.000
Iter= 2, Overall Solution Error:        0.010
Iter= 3, Amplit/Phase Solution Error:   0.001
Iter= 3, Polarisation Solution Error:   0.000
Iter= 3, Overall Solution Error:        0.002
Iter= 4, Amplit/Phase Solution Error:   0.000
Iter= 4, Polarisation Solution Error:   0.000
Iter= 4, Overall Solution Error:        0.000
I flux density:   0.5939
Percent Q:  -0.540
Percent U:   0.068
Leakage terms:
 Ant 1:Dx,Dy = ( 0.00006,-0.00100),(-0.00037, 0.00045)
 Ant 2:Dx,Dy = ( 0.00372, 0.00057),(-0.00457, 0.00478)
 Ant 3:Dx,Dy = ( 0.00545,-0.00589),(-0.00972,-0.00412)
 Ant 4:Dx,Dy = ( 0.00131, 0.01461),(-0.00151, 0.01626)
 Ant 5:Dx,Dy = (-0.01686, 0.00127),( 0.01646, 0.00297)
 Ant 6:Dx,Dy = ( 0.00437,-0.01656),(-0.00224,-0.01335)
Solution for freq bin  2
Iter= 1, Amplit/Phase Solution Error:   1.406
Iter= 1, Polarisation Solution Error:   0.005
Iter= 1, Overall Solution Error:        2.526
Iter= 2, Amplit/Phase Solution Error:   0.006
Iter= 2, Polarisation Solution Error:   0.000
Iter= 2, Overall Solution Error:        0.010
Iter= 3, Amplit/Phase Solution Error:   0.001
Iter= 3, Polarisation Solution Error:   0.000
Iter= 3, Overall Solution Error:        0.001
Iter= 4, Amplit/Phase Solution Error:   0.000
Iter= 4, Polarisation Solution Error:   0.000
Iter= 4, Overall Solution Error:        0.000
I flux density:   0.5854
Percent Q:  -0.506
Percent U:  -0.365
Leakage terms:
 Ant 1:Dx,Dy = ( 0.00103,-0.00098),( 0.00088,-0.00019)
 Ant 2:Dx,Dy = ( 0.00265, 0.00023),(-0.00329, 0.00209)
 Ant 3:Dx,Dy = ( 0.00722,-0.00431),(-0.00882,-0.00430)
 Ant 4:Dx,Dy = ( 0.00193, 0.01442),(-0.00077, 0.01576)
 Ant 5:Dx,Dy = (-0.01657, 0.00374),( 0.01695, 0.00413)
 Ant 6:Dx,Dy = ( 0.00500,-0.01752),(-0.00371,-0.01308)

2018-11-22 06:18:21,598 [MainThread  ] [INFO ]  gpboot vis=2312-319.9500 cal=1934-638.9500

gpboot: Revision 1.9, 2015/10/29 01:31:30 UTC

Secondary flux density scaled by:   0.995
Frequency bin  1 scaled by      :   0.987
Frequency bin  2 scaled by      :   0.999

2018-11-22 06:20:09,798 [MainThread  ] [INFO ]  gpcopy vis=2312-319.9500 out=d.9500

gpcopy: Revision 1.13, 2015/10/29 01:31:39 UTC

Copying leakage table
Copying gain table
Interpolation tolerance set to (minutes): 720.00
Copying bandpass table

2018-11-22 06:39:23,842 [MainThread  ] [INFO ]  pgflag vis=d.9500 command='<b' stokes=i,v,q,u flagpar=8,2,2,3,6,3  options=nodisp

pgflag: Revision 1.30, 2016/10/05 23:06:50 UTC

Applying bandpass corrections to d.9500
Applying freq. dependent gain corrections to d.9500
Applying freq. dependent leakage correction to d.9500
Applying changes to dataset
Counts of correlations within selected channels:
 channel  Originally  Currently
 Good:     362015680  349391648    Changed to bad:   12624032
 Bad:       57660500   70284532    Changed to good:         0
 16.7% of the data is now flagged

2018-11-22 06:57:54,639 [MainThread  ] [INFO ]  pgflag vis=d.9500 command='<b' stokes=i,v,u,q flagpar=8,2,2,3,6,3  options=nodisp

pgflag: Revision 1.30, 2016/10/05 23:06:50 UTC

Applying bandpass corrections to d.9500
Applying freq. dependent gain corrections to d.9500
Applying freq. dependent leakage correction to d.9500
Applying changes to dataset
Counts of correlations within selected channels:
 channel  Originally  Currently
 Good:     349391648  341108172    Changed to bad:    8283476
 Bad:       70284532   78568008    Changed to good:         0
 18.7% of the data is now flagged

2018-11-22 07:00:21,979 [MainThread  ] [INFO ]  uvsplit vis=d.9500

uvsplit: Revision 1.18, 2016/05/09 03:06:18 UTC

Creating d_1261.9500
Creating d_1262.9500
Creating d_1263.9500
Creating d_1264.9500
Creating d_1265.9500
Creating d_1266.9500
Creating d_1267.9500
Creating d_1268.9500
Creating d_1269.9500
Creating d_1270.9500
Creating d_1271.9500
Creating d_1272.9500
Creating d_1273.9500
Creating d_1274.9500
Creating d_1275.9500
Creating d_1276.9500
Creating d_1277.9500
Creating d_1278.9500
Creating d_1279.9500
Creating d_1280.9500
Creating d_1281.9500
Creating d_1282.9500
Creating d_1283.9500
Creating d_1284.9500
Creating d_1285.9500
Creating d_1286.9500
Creating d_1287.9500
Creating d_1288.9500
Creating d_1289.9500
Creating d_1290.9500
Creating d_1291.9500
Creating d_1292.9500
Creating d_1293.9500
Creating d_1294.9500
Creating d_1295.9500
Creating d_1296.9500
Creating d_1297.9500
Creating d_1298.9500
Creating d_1299.9500
Creating d_1300.9500
Creating d_1301.9500
Creating d_1302.9500
Creating d_1303.9500
Creating d_1304.9500
Creating d_1305.9500
Creating d_1306.9500
Creating d_1307.9500
Creating d_1308.9500
Creating d_1309.9500
Creating d_1310.9500
Creating d_1311.9500
Creating d_1312.9500
Creating d_1313.9500
Creating d_1314.9500
Creating d_1315.9500
Creating d_1316.9500
Creating d_1317.9500
Creating d_1318.9500
Creating d_1319.9500
Creating d_1320.9500
Creating d_1341.9500
Creating d_1342.9500
Creating d_1343.9500
Creating d_1344.9500
Creating d_1345.9500
Creating d_1346.9500
Creating d_1347.9500
Creating d_1348.9500
Creating d_1349.9500
Creating d_1350.9500
Creating d_1351.9500
Creating d_1352.9500
Creating d_1353.9500
Creating d_1354.9500
Creating d_1355.9500
Creating d_1356.9500
Creating d_1357.9500
Creating d_1358.9500
Creating d_1359.9500
Creating d_1360.9500
Creating d_1361.9500
Creating d_1362.9500
Creating d_1363.9500
Creating d_1364.9500
Creating d_1365.9500
Creating d_1366.9500
Creating d_1367.9500
Creating d_1368.9500
Creating d_1369.9500
Creating d_1370.9500
Creating d_1371.9500
Creating d_1372.9500
Creating d_1373.9500
Creating d_1374.9500
Creating d_1375.9500
Creating d_1376.9500
Creating d_1377.9500
Creating d_1378.9500
Creating d_1379.9500
Creating d_1380.9500
Creating d_1381.9500
Creating d_1382.9500
Creating d_1383.9500
Creating d_1384.9500
Creating d_1385.9500
Creating d_1386.9500
Creating d_1387.9500
Creating d_1388.9500
Creating d_1389.9500
Creating d_1390.9500
Creating d_1391.9500
Creating d_1392.9500
Creating d_1393.9500
Creating d_1394.9500
Creating d_1395.9500
Creating d_1396.9500
Creating d_1397.9500
Creating d_1398.9500
Creating d_1399.9500
Creating d_1400.9500
Creating d_1401.9500
Creating d_1402.9500
Creating d_1418.9500
Creating d_1419.9500
Creating d_1420.9500
Creating d_1421.9500
Creating d_1422.9500
Creating d_1423.9500
Creating d_1424.9500
Creating d_1425.9500
Creating d_1426.9500
Creating d_1427.9500
Creating d_1428.9500
Creating d_1429.9500
Creating d_1430.9500
Creating d_1431.9500
Creating d_1432.9500
Creating d_1433.9500
Creating d_1434.9500
Creating d_1435.9500
Creating d_1403.9500
Creating d_1404.9500
Creating d_1405.9500
Creating d_1406.9500
Creating d_1407.9500
Creating d_1408.9500
Creating d_1409.9500
Creating d_1410.9500
Creating d_1411.9500
Creating d_1412.9500
Creating d_1413.9500
Creating d_1414.9500
Creating d_1415.9500
Creating d_1416.9500
Creating d_1417.9500

2018-11-22 07:00:22,214 [MainThread  ] [INFO ]  gpcopy vis=2312-319.9500 out=g23d.9500

gpcopy: Revision 1.13, 2015/10/29 01:31:39 UTC

Copying leakage table
Copying gain table
Interpolation tolerance set to (minutes): 720.00
Copying bandpass table

2018-11-22 07:02:37,936 [MainThread  ] [INFO ]  pgflag vis=g23d.9500 command='<b' stokes=i,v,q,u flagpar=8,2,2,3,6,3  options=nodisp

pgflag: Revision 1.30, 2016/10/05 23:06:50 UTC

Applying bandpass corrections to g23d.9500
Applying freq. dependent gain corrections to g23d.9500
Applying freq. dependent leakage correction to g23d.9500
Applying changes to dataset
Counts of correlations within selected channels:
 channel  Originally  Currently
 Good:      51660960   50033140    Changed to bad:    1627820
 Bad:        8210820    9838640    Changed to good:         0
 16.4% of the data is now flagged

2018-11-22 07:04:51,300 [MainThread  ] [INFO ]  pgflag vis=g23d.9500 command='<b' stokes=i,v,u,q flagpar=8,2,2,3,6,3  options=nodisp

pgflag: Revision 1.30, 2016/10/05 23:06:50 UTC

Applying bandpass corrections to g23d.9500
Applying freq. dependent gain corrections to g23d.9500
Applying freq. dependent leakage correction to g23d.9500
Applying changes to dataset
Counts of correlations within selected channels:
 channel  Originally  Currently
 Good:      50033140   49155308    Changed to bad:     877832
 Bad:        9838640   10716472    Changed to good:         0
 17.9% of the data is now flagged

2018-11-22 07:04:56,947 [MainThread  ] [INFO ]  uvsplit vis=g23d.9500

uvsplit: Revision 1.18, 2016/05/09 03:06:18 UTC

Creating g23d_1321.9500
Creating g23d_1322.9500
Creating g23d_1323.9500
Creating g23d_1324.9500
Creating g23d_1325.9500
Creating g23d_1326.9500
Creating g23d_1327.9500
Creating g23d_1328.9500
Creating g23d_1329.9500
Creating g23d_1330.9500
Creating g23d_1331.9500
Creating g23d_1332.9500
Creating g23d_1333.9500
Creating g23d_1334.9500
Creating g23d_1335.9500
Creating g23d_1336.9500
Creating g23d_1337.9500
Creating g23d_1338.9500
Creating g23d_1339.9500
Creating g23d_1340.9500

