2018-08-03 02:21:07,592 [MainThread  ] [INFO ]  atlod in=raw/2016-12-29_0042.C3132,raw/2016-12-29_0331.C3132,raw/2016-12-29_0618.C3132,raw/2016-12-29_0905.C3132,raw/2016-12-29_1152.C3132 out=data5.uv ifsel=1 options=birdie,rfiflag,noauto,xycorr

atlod: Revision 1.53, 2016/08/25 23:02:21 UTC

Processing file raw/2016-12-29_0042.C3132
 00:42:48 CAOBS> track 1
CABB data detected
Scan 1 started at 16DEC29:00:43:08.0
Source: 1934-638
Flagging channels in  28 frequency ranges
 00:53:12 CAOBS> stop
 00:53:40 CAOBS> set file c3131_obs_d2
 00:54:03 CAOBS> set file c31312obs_d2
 00:54:40 CAOBS> set file c3132_obs_d2
 00:54:52 CAOBS> start 13/100
Scan 2 started at 16DEC29:00:56:28.0
Source: 2245-328
Scan 3 started at 16DEC29:00:59:08.0
Source: d_301
Source: d_302
Source: d_303
Source: d_304
Source: d_305
Source: d_306
Source: d_307
Source: d_308
Source: d_309
Source: d_310
Source: d_311
Source: d_312
Source: d_313
Source: d_314
Source: d_315
Source: d_316
Source: d_317
Source: d_318
Source: d_319
Source: d_320
Scan 4 started at 16DEC29:01:12:36.0
Source: 2245-328
Scan 5 started at 16DEC29:01:15:16.0
Source: d_321
Source: d_322
Source: d_323
Source: d_324
Source: d_325
Source: d_326
Source: d_327
Source: d_328
Source: d_329
Source: d_330
Source: d_331
Source: d_332
Source: d_333
Source: d_334
Source: d_335
Source: d_336
Source: d_337
Source: d_338
Source: d_339
Source: d_340
Scan 6 started at 16DEC29:01:28:44.0
Source: 2245-328
Scan 7 started at 16DEC29:01:31:18.8
Source: d_341
Source: d_342
Source: d_343
Source: d_344
Source: d_345
Source: d_346
Source: d_347
Source: d_348
Source: d_349
Source: d_350
Source: d_351
Source: d_352
Source: d_353
Source: d_354
Source: d_355
Source: d_356
Source: d_357
Source: d_358
Source: d_359
Source: d_360
Scan 8 started at 16DEC29:01:44:52.0
Source: 2245-328
Scan 9 started at 16DEC29:01:47:32.0
Source: d_181
Source: d_182
Source: d_183
Source: d_184
Source: d_185
Source: d_186
Source: d_187
Source: d_188
Source: d_189
Source: d_190
Source: d_191
Source: d_192
Source: d_193
Source: d_194
Source: d_195
Source: d_196
Source: d_197
Source: d_198
Source: d_199
Source: d_200
Scan 10 started at 16DEC29:02:01:00.0
Source: 2245-328
Scan 11 started at 16DEC29:02:03:42.5
Source: d_201
Source: d_202
Source: d_203
Source: d_204
Source: d_205
Source: d_206
Source: d_207
Source: d_208
Source: d_209
Source: d_210
Source: d_211
Source: d_212
Source: d_213
Source: d_214
Source: d_215
Source: d_216
Source: d_217
Source: d_218
Source: d_219
Source: d_220
Scan 12 started at 16DEC29:02:17:16.0
Source: 2245-328
Scan 13 started at 16DEC29:02:19:50.8
Source: d_221
Source: d_222
Source: d_223
Source: d_224
Source: d_225
Source: d_226
Source: d_227
Source: d_228
Source: d_229
Source: d_230
Source: d_231
Source: d_232
Source: d_233
Source: d_234
Source: d_235
Source: d_236
Source: d_237
Source: d_238
Source: d_239
Source: d_240
Scan 14 started at 16DEC29:02:33:24.0
Source: 2245-328
Scan 15 started at 16DEC29:02:36:04.0
Source: d_241
Source: d_242
Source: d_243
Source: d_244
Source: d_245
Source: d_246
Source: d_247
Source: d_248
Source: d_249
Source: d_250
Source: d_251
Source: d_252
Source: d_253
Source: d_254
Source: d_255
Source: d_256
Source: d_257
Source: d_258
Source: d_259
Source: d_260
Scan 16 started at 16DEC29:02:49:32.0
Source: 2245-328
Scan 17 started at 16DEC29:02:52:12.0
Source: d_261
Source: d_262
Source: d_263
Source: d_264
Source: d_265
Source: d_266
Source: d_267
Source: d_268
Source: d_269
Source: d_270
Source: d_271
Source: d_272
Source: d_273
Source: d_274
Source: d_275
Source: d_276
Source: d_277
Source: d_278
Source: d_279
Source: d_280
Scan 18 started at 16DEC29:03:05:40.0
Source: 2245-328
Scan 19 started at 16DEC29:03:08:14.5
Source: d_281
Source: d_282
Source: d_283
Source: d_284
Source: d_285
Source: d_286
Source: d_287
Source: d_288
Source: d_289
Source: d_290
Source: d_291
Source: d_292
Source: d_293
Source: d_294
Source: d_295
Source: d_296
Source: d_297
Source: d_298
Source: d_299
Source: d_300
Scan 20 started at 16DEC29:03:21:48.0
Source: 2245-328
Scan 21 started at 16DEC29:03:24:28.0
Source: d_301
Source: d_302
Source: d_303
Source: d_304
Source: d_305
Source: d_306
Source: d_307
Source: d_308
Source: d_309
Source: d_310
Source: d_311
RPFITS file version is 2.12
---------------------------------------
Total number of spectra selected: 72660

Summary of spectra flagged
Flagging Reason            Fraction
---------------            --------
Antenna off-source/off-line  3.03%
---------------------------------------
Processing file raw/2016-12-29_0331.C3132
CABB data detected
Scan 1 started at 16DEC29:03:31:41.5
Source: d_312
Source: d_313
Source: d_314
Source: d_315
Source: d_316
Source: d_317
Source: d_318
Source: d_319
Source: d_320
Scan 2 started at 16DEC29:03:37:56.0
Source: 2245-328
Scan 3 started at 16DEC29:03:40:52.0
Source: d_321
Source: d_322
Source: d_323
Source: d_324
Source: d_325
Source: d_326
Source: d_327
Source: d_328
Source: d_329
Source: d_330
Source: d_331
Source: d_332
Source: d_333
Source: d_334
Source: d_335
Source: d_336
Source: d_337
Source: d_338
Source: d_339
Source: d_340
Scan 4 started at 16DEC29:03:54:12.0
Source: 2245-328
Scan 5 started at 16DEC29:03:57:00.0
Source: d_341
Source: d_342
Source: d_343
Source: d_344
Source: d_345
Source: d_346
Source: d_347
Source: d_348
Source: d_349
Source: d_350
Source: d_351
Source: d_352
Source: d_353
Source: d_354
Source: d_355
Source: d_356
Source: d_357
Source: d_358
Source: d_359
Source: d_360
Scan 6 started at 16DEC29:04:10:28.0
Source: 2245-328
Scan 7 started at 16DEC29:04:13:32.0
Source: d_181
Source: d_182
Source: d_183
Source: d_184
Source: d_185
Source: d_186
Source: d_187
Source: d_188
Source: d_189
Source: d_190
Source: d_191
Source: d_192
Source: d_193
Source: d_194
Source: d_195
Source: d_196
Source: d_197
Source: d_198
Source: d_199
Source: d_200
Scan 8 started at 16DEC29:04:27:00.0
Source: 2245-328
Scan 9 started at 16DEC29:04:29:48.0
Source: d_201
Source: d_202
Source: d_203
Source: d_204
Source: d_205
Source: d_206
Source: d_207
Source: d_208
Source: d_209
Source: d_210
Source: d_211
Source: d_212
Source: d_213
Source: d_214
Source: d_215
Source: d_216
Source: d_217
Source: d_218
Source: d_219
Source: d_220
Scan 10 started at 16DEC29:04:43:24.0
Source: 2245-328
Scan 11 started at 16DEC29:04:46:12.0
Source: d_221
Source: d_222
Source: d_223
Source: d_224
Source: d_225
Source: d_226
Source: d_227
Source: d_228
Source: d_229
Source: d_230
Source: d_231
Source: d_232
Source: d_233
Source: d_234
Source: d_235
Source: d_236
Source: d_237
Source: d_238
Source: d_239
Source: d_240
Scan 12 started at 16DEC29:04:59:40.0
Source: 2245-328
Scan 13 started at 16DEC29:05:02:36.0
Source: d_241
Source: d_242
Source: d_243
Source: d_244
Source: d_245
Source: d_246
Source: d_247
Source: d_248
Source: d_249
Source: d_250
Source: d_251
Source: d_252
Source: d_253
Source: d_254
Source: d_255
Source: d_256
Source: d_257
Source: d_258
Source: d_259
Source: d_260
Scan 14 started at 16DEC29:05:15:56.0
Source: 2245-328
Scan 15 started at 16DEC29:05:19:00.0
Source: d_261
Source: d_262
Source: d_263
Source: d_264
Source: d_265
Source: d_266
Source: d_267
Source: d_268
Source: d_269
Source: d_270
Source: d_271
Source: d_272
Source: d_273
Source: d_274
Source: d_275
Source: d_276
Source: d_277
Source: d_278
Source: d_279
Source: d_280
Scan 16 started at 16DEC29:05:32:36.0
Source: 2245-328
Scan 17 started at 16DEC29:05:35:32.0
Source: d_281
Source: d_282
Source: d_283
Source: d_284
Source: d_285
Source: d_286
Source: d_287
Source: d_288
Source: d_289
Source: d_290
Source: d_291
Source: d_292
Source: d_293
Source: d_294
Source: d_295
Source: d_296
Source: d_297
Source: d_298
Source: d_299
Source: d_300
Scan 18 started at 16DEC29:05:49:00.0
Source: 2245-328
Scan 19 started at 16DEC29:05:52:20.0
Source: d_301
Source: d_302
Source: d_303
Source: d_304
Source: d_305
Source: d_306
Source: d_307
Source: d_308
Source: d_309
Source: d_310
Source: d_311
Source: d_312
Source: d_313
Source: d_314
Source: d_315
Source: d_316
Source: d_317
Source: d_318
Source: d_319
Source: d_320
Scan 20 started at 16DEC29:06:05:40.0
Source: 2245-328
Scan 21 started at 16DEC29:06:09:10.5
Source: d_322
Source: d_323
Source: d_324
Source: d_325
Source: d_326
Source: d_327
Source: d_328
Source: d_329
Source: d_330
Source: d_331
Source: d_332
Source: d_333
Source: d_334
Source: d_335
RPFITS file version is 2.12
---------------------------------------
Total number of spectra selected: 72660

Summary of spectra flagged
Flagging Reason            Fraction
---------------            --------
Antenna off-source/off-line  5.66%
---------------------------------------
Processing file raw/2016-12-29_0618.C3132
CABB data detected
Scan 1 started at 16DEC29:06:18:29.5
Source: d_336
Source: d_337
Source: d_338
Source: d_339
Source: d_340
Scan 2 started at 16DEC29:06:22:52.0
Source: 2245-328
Scan 3 started at 16DEC29:06:26:12.0
Source: d_341
Source: d_342
Source: d_343
Source: d_344
Source: d_345
Source: d_346
Source: d_347
Source: d_348
Source: d_349
Source: d_350
Source: d_351
Source: d_352
Source: d_353
Source: d_354
Source: d_355
Source: d_356
Source: d_357
Source: d_358
Source: d_359
Source: d_360
Scan 4 started at 16DEC29:06:40:12.0
Source: 2245-328
Scan 5 started at 16DEC29:06:43:48.0
Source: d_181
Source: d_182
Source: d_183
Source: d_184
Source: d_185
Source: d_186
Source: d_187
Source: d_188
Source: d_189
Source: d_190
Source: d_191
Source: d_192
Source: d_193
Source: d_194
Source: d_195
Source: d_196
Source: d_197
Source: d_198
Source: d_199
Source: d_200
Scan 6 started at 16DEC29:06:57:08.0
Source: 2245-328
Scan 7 started at 16DEC29:07:00:12.0
Source: d_201
Source: d_202
Source: d_203
Source: d_204
Source: d_205
Source: d_206
Source: d_207
Source: d_208
Source: d_209
Source: d_210
Source: d_211
Source: d_212
Source: d_213
Source: d_214
Source: d_215
Source: d_216
Source: d_217
Source: d_218
Source: d_219
Source: d_220
Scan 8 started at 16DEC29:07:13:48.0
Source: 2245-328
Scan 9 started at 16DEC29:07:16:44.0
Source: d_221
Source: d_222
Source: d_223
Source: d_224
Source: d_225
Source: d_226
Source: d_227
Source: d_228
Source: d_229
Source: d_230
Source: d_231
Source: d_232
Source: d_233
Source: d_234
Source: d_235
Source: d_236
Source: d_237
Source: d_238
Source: d_239
Source: d_240
Scan 10 started at 16DEC29:07:30:12.0
Source: 2245-328
Scan 11 started at 16DEC29:07:33:08.0
Source: d_241
Source: d_242
Source: d_243
Source: d_244
Source: d_245
Source: d_246
Source: d_247
Source: d_248
Source: d_249
Source: d_250
Source: d_251
Source: d_252
Source: d_253
Source: d_254
Source: d_255
Source: d_256
Source: d_257
Source: d_258
Source: d_259
Source: d_260
Scan 12 started at 16DEC29:07:46:28.0
Source: 2245-328
Scan 13 started at 16DEC29:07:49:24.0
Source: d_261
Source: d_262
Source: d_263
Source: d_264
Source: d_265
Source: d_266
Source: d_267
Source: d_268
Source: d_269
Source: d_270
Source: d_271
Source: d_272
Source: d_273
Source: d_274
Source: d_275
Source: d_276
Source: d_277
Source: d_278
Source: d_279
Source: d_280
Scan 14 started at 16DEC29:08:02:52.0
Source: 2245-328
Scan 15 started at 16DEC29:08:05:34.5
Source: d_281
Source: d_282
Source: d_283
Source: d_284
Source: d_285
Source: d_286
Source: d_287
Source: d_288
Source: d_289
Source: d_290
Source: d_291
Source: d_292
Source: d_293
Source: d_294
Source: d_295
Source: d_296
Source: d_297
Source: d_298
Source: d_299
Source: d_300
Scan 16 started at 16DEC29:08:19:08.0
Source: 2245-328
Scan 17 started at 16DEC29:08:22:04.0
Source: d_301
Source: d_302
Source: d_303
Source: d_304
Source: d_305
Source: d_306
Source: d_307
Source: d_308
Source: d_309
Source: d_310
Source: d_311
Source: d_312
Source: d_313
Source: d_314
Source: d_315
Source: d_316
Source: d_317
Source: d_318
Source: d_319
Source: d_320
Scan 18 started at 16DEC29:08:35:24.0
Source: 2245-328
Scan 19 started at 16DEC29:08:38:20.0
Source: d_321
Source: d_322
Source: d_323
Source: d_324
Source: d_325
Source: d_326
Source: d_327
Source: d_328
Source: d_329
Source: d_330
Source: d_331
Source: d_332
Source: d_333
Source: d_334
Source: d_335
Source: d_336
Source: d_337
Source: d_338
Source: d_339
Source: d_340
Scan 20 started at 16DEC29:08:51:40.0
Source: 2245-328
Scan 21 started at 16DEC29:08:54:28.0
Source: d_341
Source: d_342
Source: d_343
Source: d_344
Source: d_345
Source: d_346
Source: d_347
Source: d_348
Source: d_349
Source: d_350
Source: d_351
Source: d_352
Source: d_353
Source: d_354
Source: d_355
Source: d_356
Source: d_357
RPFITS file version is 2.12
---------------------------------------
Total number of spectra selected: 72660

Summary of spectra flagged
Flagging Reason            Fraction
---------------            --------
Antenna off-source/off-line  6.41%
---------------------------------------
Processing file raw/2016-12-29_0905.C3132
CABB data detected
Scan 1 started at 16DEC29:09:05:16.0
Source: d_357
Source: d_358
Source: d_359
Source: d_360
Scan 2 started at 16DEC29:09:07:56.0
Source: 2245-328
Scan 3 started at 16DEC29:09:10:44.0
Source: d_181
Source: d_182
Source: d_183
Source: d_184
Source: d_185
Source: d_186
Source: d_187
Source: d_188
Source: d_189
Source: d_190
Source: d_191
Source: d_192
Source: d_193
Source: d_194
Source: d_195
Source: d_196
Source: d_197
Source: d_198
Source: d_199
Source: d_200
Scan 4 started at 16DEC29:09:24:04.0
Source: 2245-328
Scan 5 started at 16DEC29:09:26:44.0
Source: d_201
Source: d_202
Source: d_203
Source: d_204
Source: d_205
Source: d_206
Source: d_207
Source: d_208
Source: d_209
Source: d_210
Source: d_211
Source: d_212
Source: d_213
Source: d_214
Source: d_215
Source: d_216
Source: d_217
Source: d_218
Source: d_219
Source: d_220
Scan 6 started at 16DEC29:09:40:12.0
Source: 2245-328
Scan 7 started at 16DEC29:09:42:52.0
Source: d_221
Source: d_222
Source: d_223
Source: d_224
Source: d_225
Source: d_226
Source: d_227
Source: d_228
Source: d_229
Source: d_230
Source: d_231
Source: d_232
Source: d_233
Source: d_234
Source: d_235
Source: d_236
Source: d_237
Source: d_238
Source: d_239
Source: d_240
Scan 8 started at 16DEC29:09:56:20.0
Source: 2245-328
Scan 9 started at 16DEC29:09:59:00.0
Source: d_241
Source: d_242
Source: d_243
Source: d_244
Source: d_245
Source: d_246
Source: d_247
Source: d_248
Source: d_249
Source: d_250
Source: d_251
Source: d_252
Source: d_253
Source: d_254
Source: d_255
Source: d_256
Source: d_257
Source: d_258
Source: d_259
Source: d_260
Scan 10 started at 16DEC29:10:12:28.0
Source: 2245-328
Scan 11 started at 16DEC29:10:15:08.0
Source: d_261
Source: d_262
Source: d_263
Source: d_264
Source: d_265
Source: d_266
Source: d_267
Source: d_268
Source: d_269
Source: d_270
Source: d_271
Source: d_272
Source: d_273
Source: d_274
Source: d_275
Source: d_276
Source: d_277
Source: d_278
Source: d_279
Source: d_280
Scan 12 started at 16DEC29:10:28:36.0
Source: 2245-328
Scan 13 started at 16DEC29:10:31:10.5
Source: d_281
Source: d_282
Source: d_283
Source: d_284
Source: d_285
Source: d_286
Source: d_287
Source: d_288
Source: d_289
Source: d_290
Source: d_291
Source: d_292
Source: d_293
Source: d_294
Source: d_295
Source: d_296
Source: d_297
Source: d_298
Source: d_299
Source: d_300
Scan 14 started at 16DEC29:10:44:44.0
Source: 2245-328
Scan 15 started at 16DEC29:10:47:24.0
Source: d_301
Source: d_302
Source: d_303
Source: d_304
Source: d_305
Source: d_306
Source: d_307
Source: d_308
Source: d_309
Source: d_310
Source: d_311
Source: d_312
Source: d_313
Source: d_314
Source: d_315
Source: d_316
Source: d_317
Source: d_318
Source: d_319
Source: d_320
Scan 16 started at 16DEC29:11:00:52.0
Source: 2245-328
Scan 17 started at 16DEC29:11:03:32.0
Source: d_321
Source: d_322
Source: d_323
Source: d_324
Source: d_325
Source: d_326
Source: d_327
Source: d_328
Source: d_329
Source: d_330
Source: d_331
Source: d_332
Source: d_333
Source: d_334
Source: d_335
Source: d_336
Source: d_337
Source: d_338
Source: d_339
Source: d_340
Scan 18 started at 16DEC29:11:17:00.0
Source: 2245-328
Scan 19 started at 16DEC29:11:19:34.8
Source: d_341
Source: d_342
Source: d_343
Source: d_344
Source: d_345
Source: d_346
Source: d_347
Source: d_348
Source: d_349
Source: d_350
Source: d_351
Source: d_352
Source: d_353
Source: d_354
Source: d_355
Source: d_356
Source: d_357
Source: d_358
Source: d_359
Source: d_360
Scan 20 started at 16DEC29:11:33:08.0
Source: 2245-328
Scan 21 started at 16DEC29:11:35:48.0
Source: d_181
Source: d_182
Source: d_183
Source: d_184
Source: d_185
Source: d_186
Source: d_187
Source: d_188
Source: d_189
Source: d_190
Source: d_191
Source: d_192
Source: d_193
Source: d_194
Source: d_195
Source: d_196
Source: d_197
Source: d_198
Source: d_199
Source: d_200
Scan 22 started at 16DEC29:11:49:16.0
Source: 2245-328
Scan 23 started at 16DEC29:11:51:50.8
Source: d_201
Source: d_202
RPFITS file version is 2.12
---------------------------------------
Total number of spectra selected: 72660

Summary of spectra flagged
Flagging Reason            Fraction
---------------            --------
Antenna off-source/off-line  2.61%
---------------------------------------
Processing file raw/2016-12-29_1152.C3132
CABB data detected
Scan 1 started at 16DEC29:11:52:36.0
Source: d_202
Source: d_203
Source: d_204
Source: d_205
Source: d_206
Source: d_207
Source: d_208
Source: d_209
Source: d_210
Source: d_211
Source: d_212
Source: d_213
Source: d_214
Source: d_215
Source: d_216
Source: d_217
Source: d_218
Source: d_219
Source: d_220
Scan 2 started at 16DEC29:12:05:24.0
Source: 2245-328
Scan 3 started at 16DEC29:12:07:58.8
Source: d_221
Source: d_222
Source: d_223
Source: d_224
Source: d_225
Source: d_226
Source: d_227
Source: d_228
Source: d_229
Source: d_230
Source: d_231
Source: d_232
Source: d_233
Source: d_234
Source: d_235
Source: d_236
Source: d_237
Source: d_238
Source: d_239
Source: d_240
Scan 4 started at 16DEC29:12:21:32.0
Source: 2245-328
Scan 5 started at 16DEC29:12:24:12.0
Source: d_241
Source: d_242
Source: d_243
 12:24:50 CAOBS> start 13/100stop
 12:25:04 CAOBS> corr closef
 12:25:53 CAOBS> stop
 12:26:17 CAOBS> corr close file
RPFITS file version is 2.12
---------------------------------------
Total number of spectra selected: 14460

Summary of spectra flagged
Flagging Reason            Fraction
---------------            --------
Antenna off-source/off-line  2.07%
---------------------------------------

No CACAL data was detected

2018-08-03 02:23:59,683 [MainThread  ] [INFO ]  uvsplit vis=data5.uv options=mosaic

uvsplit: Revision 1.18, 2016/05/09 03:06:18 UTC

Creating 1934-638.5500
Creating 2245-328.5500
Creating d.5500

2018-08-03 02:24:09,208 [MainThread  ] [INFO ]  pgflag vis=1934-638.5500 command='<b' stokes=i,q,u,v flagpar=8,5,5,3,6,3 options=nodisp

pgflag: Revision 1.30, 2016/10/05 23:06:50 UTC

Applying changes to dataset
Counts of correlations within selected channels:
 channel  Originally  Currently
 Good:       8235000    8187028    Changed to bad:      47972
 Bad:         985500    1033472    Changed to good:         0
 11.2% of the data is now flagged

2018-08-03 02:24:17,445 [MainThread  ] [INFO ]  pgflag vis=1934-638.5500 command='<b' stokes=i,v,q,u flagpar=8,2,2,3,6,3  options=nodisp

pgflag: Revision 1.30, 2016/10/05 23:06:50 UTC

Applying changes to dataset
Counts of correlations within selected channels:
 channel  Originally  Currently
 Good:       8187028    8141876    Changed to bad:      45152
 Bad:        1033472    1078624    Changed to good:         0
 11.7% of the data is now flagged

2018-08-03 02:24:25,455 [MainThread  ] [INFO ]  pgflag vis=1934-638.5500 command='<b' stokes=i,v,u,q flagpar=8,2,2,3,6,3  options=nodisp

pgflag: Revision 1.30, 2016/10/05 23:06:50 UTC

Applying changes to dataset
Counts of correlations within selected channels:
 channel  Originally  Currently
 Good:       8141876    8059116    Changed to bad:      82760
 Bad:        1078624    1161384    Changed to good:         0
 12.6% of the data is now flagged

2018-08-03 02:25:22,508 [MainThread  ] [INFO ]  mfcal vis=1934-638.5500 refant=4 interval=0.1
MfCal: $Revision: 1.20 $, $Date: 2017/05/08 02:31:10 $
Selecting parallel-hand polarisations
Reading the data ...
Number correlations accepted: 4029558
Number of frequency bands/settings: 1
Number of polarisations selected: 2
Number of solution intervals: 75
Number of passband solution intervals: 1
Initialising ...
Using post-Aug94 ATCA flux scale for 1934-638.
Using known frequency variation of 1934-638
Generating initial solution estimate ...
Doing solution refinement ...
Iter= 1, Solution Error:  0.400
Iter= 2, Solution Error:  0.009
Iter= 3, Solution Error:  0.000
Saving solution ...

2018-08-03 02:25:23,253 [MainThread  ] [INFO ]  gpcal vis=1934-638.5500 refant=4 interval=0.1 nfbin=2 options=xyvary

gpcal: Revision 1.22, 2016/05/01 22:31:05 UTC

Applying bandpass corrections to 1934-638.5500
Number of antennae: 6
Reading the data ...
Number of solution intervals: 75
Total visibilities read: 1125
Number visibilities accepted: 1125
Using post-Aug94 ATCA flux scale for 1934-638.
Using IQUV =  5.0050,  0.0000,  0.0000,  0.0000 at   5.4629 GHz.
Using post-Aug94 ATCA flux scale for 1934-638.
Using IQUV =  5.5171,  0.0000,  0.0000,  0.0000 at   5.0318 GHz.
Using post-Aug94 ATCA flux scale for 1934-638.
Using IQUV =  4.5128,  0.0000,  0.0000,  0.0000 at   5.9518 GHz.
Iter= 1, Amplit/Phase Solution Error:   0.513
Iter= 1, Polarisation Solution Error:   0.039
Iter= 1, Overall Solution Error:        1.888
Iter= 2, Amplit/Phase Solution Error:   0.002
Iter= 2, Polarisation Solution Error:   0.000
Iter= 2, Overall Solution Error:        0.003
Iter= 3, Amplit/Phase Solution Error:   0.001
Iter= 3, Polarisation Solution Error:   0.000
Iter= 3, Overall Solution Error:        0.001
I flux density:   5.0050
Leakage terms:
 Ant 1:Dx,Dy = ( 0.00164, 0.00158),(-0.00037, 0.00232)
 Ant 2:Dx,Dy = ( 0.00395, 0.00669),(-0.00350, 0.00689)
 Ant 3:Dx,Dy = ( 0.00520,-0.00354),(-0.00846,-0.00376)
 Ant 4:Dx,Dy = ( 0.00532, 0.01739),(-0.00405, 0.01820)
 Ant 5:Dx,Dy = (-0.01748,-0.00182),( 0.01659,-0.00153)
 Ant 6:Dx,Dy = ( 0.00096,-0.02133),(-0.00063,-0.02107)
Solution for freq bin  1
Iter= 1, Amplit/Phase Solution Error:   0.496
Iter= 1, Polarisation Solution Error:   0.042
Iter= 1, Overall Solution Error:        1.854
Iter= 2, Amplit/Phase Solution Error:   0.002
Iter= 2, Polarisation Solution Error:   0.000
Iter= 2, Overall Solution Error:        0.003
Iter= 3, Amplit/Phase Solution Error:   0.001
Iter= 3, Polarisation Solution Error:   0.000
Iter= 3, Overall Solution Error:        0.001
I flux density:   5.5171
Leakage terms:
 Ant 1:Dx,Dy = ( 0.00164, 0.00196),(-0.00063, 0.00272)
 Ant 2:Dx,Dy = ( 0.00458, 0.00732),(-0.00384, 0.00763)
 Ant 3:Dx,Dy = ( 0.00473,-0.00360),(-0.00915,-0.00322)
 Ant 4:Dx,Dy = ( 0.00507, 0.01819),(-0.00430, 0.01895)
 Ant 5:Dx,Dy = (-0.01808,-0.00236),( 0.01614,-0.00197)
 Ant 6:Dx,Dy = (-0.00007,-0.02312),(-0.00034,-0.02250)
Solution for freq bin  2
Iter= 1, Amplit/Phase Solution Error:   0.537
Iter= 1, Polarisation Solution Error:   0.036
Iter= 1, Overall Solution Error:        1.923
Iter= 2, Amplit/Phase Solution Error:   0.002
Iter= 2, Polarisation Solution Error:   0.000
Iter= 2, Overall Solution Error:        0.003
Iter= 3, Amplit/Phase Solution Error:   0.001
Iter= 3, Polarisation Solution Error:   0.000
Iter= 3, Overall Solution Error:        0.001
I flux density:   4.5128
Leakage terms:
 Ant 1:Dx,Dy = ( 0.00164, 0.00111),(-0.00003, 0.00181)
 Ant 2:Dx,Dy = ( 0.00314, 0.00585),(-0.00305, 0.00591)
 Ant 3:Dx,Dy = ( 0.00579,-0.00347),(-0.00758,-0.00446)
 Ant 4:Dx,Dy = ( 0.00563, 0.01638),(-0.00375, 0.01725)
 Ant 5:Dx,Dy = (-0.01672,-0.00113),( 0.01715,-0.00097)
 Ant 6:Dx,Dy = ( 0.00227,-0.01903),(-0.00100,-0.01926)

2018-08-03 02:25:36,773 [MainThread  ] [INFO ]  pgflag vis=1934-638.5500 command='<b' stokes=i,q,u,v flagpar=8,5,5,3,6,3 options=nodisp

pgflag: Revision 1.30, 2016/10/05 23:06:50 UTC

Applying bandpass corrections to 1934-638.5500
Applying freq. dependent gain corrections to 1934-638.5500
Applying freq. dependent leakage correction to 1934-638.5500
Applying changes to dataset
Counts of correlations within selected channels:
 channel  Originally  Currently
 Good:       8059116    8038880    Changed to bad:      20236
 Bad:        1161384    1181620    Changed to good:         0
 12.8% of the data is now flagged

2018-08-03 02:25:49,171 [MainThread  ] [INFO ]  pgflag vis=1934-638.5500 command='<b' stokes=i,v,q,u flagpar=8,2,2,3,6,3  options=nodisp

pgflag: Revision 1.30, 2016/10/05 23:06:50 UTC

Applying bandpass corrections to 1934-638.5500
Applying freq. dependent gain corrections to 1934-638.5500
Applying freq. dependent leakage correction to 1934-638.5500
Applying changes to dataset
Counts of correlations within selected channels:
 channel  Originally  Currently
 Good:       8038880    8017968    Changed to bad:      20912
 Bad:        1181620    1202532    Changed to good:         0
 13.0% of the data is now flagged

2018-08-03 02:26:01,686 [MainThread  ] [INFO ]  pgflag vis=1934-638.5500 command='<b' stokes=i,v,u,q flagpar=8,2,2,3,6,3  options=nodisp

pgflag: Revision 1.30, 2016/10/05 23:06:50 UTC

Applying bandpass corrections to 1934-638.5500
Applying freq. dependent gain corrections to 1934-638.5500
Applying freq. dependent leakage correction to 1934-638.5500
Applying changes to dataset
Counts of correlations within selected channels:
 channel  Originally  Currently
 Good:       8017968    8001484    Changed to bad:      16484
 Bad:        1202532    1219016    Changed to good:         0
 13.2% of the data is now flagged

2018-08-03 02:26:57,999 [MainThread  ] [INFO ]  mfcal vis=1934-638.5500 refant=4 interval=0.1
MfCal: $Revision: 1.20 $, $Date: 2017/05/08 02:31:10 $
Selecting parallel-hand polarisations
Reading the data ...
Number correlations accepted: 4000742
Number of frequency bands/settings: 1
Number of polarisations selected: 2
Number of solution intervals: 75
Number of passband solution intervals: 1
Initialising ...
Using post-Aug94 ATCA flux scale for 1934-638.
Using known frequency variation of 1934-638
Generating initial solution estimate ...
Doing solution refinement ...
Iter= 1, Solution Error:  0.401
Iter= 2, Solution Error:  0.009
Iter= 3, Solution Error:  0.000
Saving solution ...

2018-08-03 02:26:58,734 [MainThread  ] [INFO ]  gpcal vis=1934-638.5500 refant=4 interval=0.1 nfbin=2 options=xyvary

gpcal: Revision 1.22, 2016/05/01 22:31:05 UTC

Applying bandpass corrections to 1934-638.5500
Number of antennae: 6
Using leakage parameters from input as initial guess
Reading the data ...
Number of solution intervals: 75
Total visibilities read: 1125
Number visibilities accepted: 1125
Using post-Aug94 ATCA flux scale for 1934-638.
Using IQUV =  5.0047,  0.0000,  0.0000,  0.0000 at   5.4632 GHz.
Using post-Aug94 ATCA flux scale for 1934-638.
Using IQUV =  5.5141,  0.0000,  0.0000,  0.0000 at   5.0341 GHz.
Using post-Aug94 ATCA flux scale for 1934-638.
Using IQUV =  4.5148,  0.0000,  0.0000,  0.0000 at   5.9497 GHz.
Iter= 1, Amplit/Phase Solution Error:   0.514
Iter= 1, Polarisation Solution Error:   0.000
Iter= 1, Overall Solution Error:        1.888
Iter= 2, Amplit/Phase Solution Error:   0.002
Iter= 2, Polarisation Solution Error:   0.000
Iter= 2, Overall Solution Error:        0.003
Iter= 3, Amplit/Phase Solution Error:   0.001
Iter= 3, Polarisation Solution Error:   0.000
Iter= 3, Overall Solution Error:        0.001
I flux density:   5.0047
Leakage terms:
 Ant 1:Dx,Dy = ( 0.00163, 0.00159),(-0.00037, 0.00232)
 Ant 2:Dx,Dy = ( 0.00396, 0.00670),(-0.00349, 0.00690)
 Ant 3:Dx,Dy = ( 0.00520,-0.00354),(-0.00847,-0.00376)
 Ant 4:Dx,Dy = ( 0.00531, 0.01738),(-0.00403, 0.01821)
 Ant 5:Dx,Dy = (-0.01748,-0.00184),( 0.01658,-0.00154)
 Ant 6:Dx,Dy = ( 0.00096,-0.02135),(-0.00065,-0.02107)
Solution for freq bin  1
Iter= 1, Amplit/Phase Solution Error:   0.497
Iter= 1, Polarisation Solution Error:   0.003
Iter= 1, Overall Solution Error:        1.854
Iter= 2, Amplit/Phase Solution Error:   0.002
Iter= 2, Polarisation Solution Error:   0.000
Iter= 2, Overall Solution Error:        0.003
Iter= 3, Amplit/Phase Solution Error:   0.001
Iter= 3, Polarisation Solution Error:   0.000
Iter= 3, Overall Solution Error:        0.001
I flux density:   5.5141
Leakage terms:
 Ant 1:Dx,Dy = ( 0.00163, 0.00196),(-0.00064, 0.00273)
 Ant 2:Dx,Dy = ( 0.00459, 0.00732),(-0.00382, 0.00763)
 Ant 3:Dx,Dy = ( 0.00474,-0.00360),(-0.00915,-0.00322)
 Ant 4:Dx,Dy = ( 0.00508, 0.01818),(-0.00426, 0.01896)
 Ant 5:Dx,Dy = (-0.01807,-0.00239),( 0.01613,-0.00199)
 Ant 6:Dx,Dy = (-0.00005,-0.02312),(-0.00035,-0.02247)
Solution for freq bin  2
Iter= 1, Amplit/Phase Solution Error:   0.537
Iter= 1, Polarisation Solution Error:   0.003
Iter= 1, Overall Solution Error:        1.923
Iter= 2, Amplit/Phase Solution Error:   0.002
Iter= 2, Polarisation Solution Error:   0.000
Iter= 2, Overall Solution Error:        0.003
Iter= 3, Amplit/Phase Solution Error:   0.001
Iter= 3, Polarisation Solution Error:   0.000
Iter= 3, Overall Solution Error:        0.001
I flux density:   4.5148
Leakage terms:
 Ant 1:Dx,Dy = ( 0.00163, 0.00112),(-0.00003, 0.00181)
 Ant 2:Dx,Dy = ( 0.00316, 0.00588),(-0.00305, 0.00594)
 Ant 3:Dx,Dy = ( 0.00579,-0.00346),(-0.00759,-0.00446)
 Ant 4:Dx,Dy = ( 0.00561, 0.01638),(-0.00375, 0.01728)
 Ant 5:Dx,Dy = (-0.01673,-0.00114),( 0.01714,-0.00097)
 Ant 6:Dx,Dy = ( 0.00224,-0.01908),(-0.00102,-0.01929)

2018-08-03 02:26:58,817 [MainThread  ] [INFO ]  gpcopy vis=1934-638.5500 out=2245-328.5500

gpcopy: Revision 1.13, 2015/10/29 01:31:39 UTC

Copying leakage table
Copying gain table
Interpolation tolerance set to (minutes): 720.00
Copying bandpass table

2018-08-03 02:29:31,583 [MainThread  ] [INFO ]  pgflag vis=2245-328.5500 command='<b' stokes=i,q,u,v flagpar=8,5,5,3,6,3 options=nodisp

pgflag: Revision 1.30, 2016/10/05 23:06:50 UTC

Applying bandpass corrections to 2245-328.5500
Applying freq. dependent gain corrections to 2245-328.5500
Applying freq. dependent leakage correction to 2245-328.5500
Applying changes to dataset
Counts of correlations within selected channels:
 channel  Originally  Currently
 Good:      70864920   70393364    Changed to bad:     471556
 Bad:        8480556    8952112    Changed to good:         0
 11.3% of the data is now flagged

2018-08-03 02:31:57,446 [MainThread  ] [INFO ]  pgflag vis=2245-328.5500 command='<b' stokes=i,v,q,u flagpar=8,2,2,3,6,3  options=nodisp

pgflag: Revision 1.30, 2016/10/05 23:06:50 UTC

Applying bandpass corrections to 2245-328.5500
Applying freq. dependent gain corrections to 2245-328.5500
Applying freq. dependent leakage correction to 2245-328.5500
Applying changes to dataset
Counts of correlations within selected channels:
 channel  Originally  Currently
 Good:      70393364   70050328    Changed to bad:     343036
 Bad:        8952112    9295148    Changed to good:         0
 11.7% of the data is now flagged

2018-08-03 02:34:27,757 [MainThread  ] [INFO ]  pgflag vis=2245-328.5500 command='<b' stokes=i,v,u,q flagpar=8,2,2,3,6,3  options=nodisp

pgflag: Revision 1.30, 2016/10/05 23:06:50 UTC

Applying bandpass corrections to 2245-328.5500
Applying freq. dependent gain corrections to 2245-328.5500
Applying freq. dependent leakage correction to 2245-328.5500
Applying changes to dataset
Counts of correlations within selected channels:
 channel  Originally  Currently
 Good:      70050328   69662424    Changed to bad:     387904
 Bad:        9295148    9683052    Changed to good:         0
 12.2% of the data is now flagged

2018-08-03 02:34:31,975 [MainThread  ] [INFO ]  gpcal vis=2245-328.5500 refant=4 interval=0.1 nfbin=2 options=xyvary,qusolve

gpcal: Revision 1.22, 2016/05/01 22:31:05 UTC

Applying bandpass corrections to 2245-328.5500
Number of antennae: 6
Using leakage parameters from input as initial guess
Reading the data ...
Number of solution intervals: 645
Total visibilities read: 9681
Number visibilities accepted: 9665
Iter= 1, Amplit/Phase Solution Error:   0.800
Iter= 1, Polarisation Solution Error:   0.006
Iter= 1, Overall Solution Error:        2.341
Iter= 2, Amplit/Phase Solution Error:   0.006
Iter= 2, Polarisation Solution Error:   0.000
Iter= 2, Overall Solution Error:        0.005
Iter= 3, Amplit/Phase Solution Error:   0.001
Iter= 3, Polarisation Solution Error:   0.000
Iter= 3, Overall Solution Error:        0.001
I flux density:   0.6110
Percent Q:  -0.558
Percent U:  -0.052
Leakage terms:
 Ant 1:Dx,Dy = ( 0.00174, 0.00155),(-0.00023, 0.00284)
 Ant 2:Dx,Dy = ( 0.00351, 0.00606),(-0.00365, 0.00686)
 Ant 3:Dx,Dy = ( 0.00562,-0.00384),(-0.00809,-0.00365)
 Ant 4:Dx,Dy = ( 0.00551, 0.01684),(-0.00364, 0.01830)
 Ant 5:Dx,Dy = (-0.01694,-0.00207),( 0.01659,-0.00128)
 Ant 6:Dx,Dy = ( 0.00108,-0.02124),(-0.00046,-0.02037)
Solution for freq bin  1
Iter= 1, Amplit/Phase Solution Error:   0.751
Iter= 1, Polarisation Solution Error:   0.005
Iter= 1, Overall Solution Error:        2.332
Iter= 2, Amplit/Phase Solution Error:   0.006
Iter= 2, Polarisation Solution Error:   0.000
Iter= 2, Overall Solution Error:        0.006
Iter= 3, Amplit/Phase Solution Error:   0.001
Iter= 3, Polarisation Solution Error:   0.000
Iter= 3, Overall Solution Error:        0.001
I flux density:   0.5928
Percent Q:  -0.532
Percent U:   0.142
Leakage terms:
 Ant 1:Dx,Dy = ( 0.00171, 0.00209),(-0.00064, 0.00306)
 Ant 2:Dx,Dy = ( 0.00398, 0.00701),(-0.00413, 0.00791)
 Ant 3:Dx,Dy = ( 0.00493,-0.00388),(-0.00901,-0.00288)
 Ant 4:Dx,Dy = ( 0.00477, 0.01782),(-0.00395, 0.01914)
 Ant 5:Dx,Dy = (-0.01773,-0.00270),( 0.01584,-0.00209)
 Ant 6:Dx,Dy = ( 0.00016,-0.02334),(-0.00030,-0.02214)
Solution for freq bin  2
Iter= 1, Amplit/Phase Solution Error:   0.854
Iter= 1, Polarisation Solution Error:   0.006
Iter= 1, Overall Solution Error:        2.304
Iter= 2, Amplit/Phase Solution Error:   0.006
Iter= 2, Polarisation Solution Error:   0.000
Iter= 2, Overall Solution Error:        0.006
Iter= 3, Amplit/Phase Solution Error:   0.001
Iter= 3, Polarisation Solution Error:   0.000
Iter= 3, Overall Solution Error:        0.001
I flux density:   0.6324
Percent Q:  -0.579
Percent U:  -0.237
Leakage terms:
 Ant 1:Dx,Dy = ( 0.00181, 0.00102),( 0.00017, 0.00267)
 Ant 2:Dx,Dy = ( 0.00311, 0.00514),(-0.00313, 0.00591)
 Ant 3:Dx,Dy = ( 0.00626,-0.00379),(-0.00724,-0.00435)
 Ant 4:Dx,Dy = ( 0.00608, 0.01589),(-0.00343, 0.01751)
 Ant 5:Dx,Dy = (-0.01618,-0.00149),( 0.01729,-0.00051)
 Ant 6:Dx,Dy = ( 0.00191,-0.01924),(-0.00066,-0.01875)

2018-08-03 02:36:57,963 [MainThread  ] [INFO ]  pgflag vis=2245-328.5500 command='<b' stokes=i,q,u,v flagpar=8,5,5,3,6,3 options=nodisp

pgflag: Revision 1.30, 2016/10/05 23:06:50 UTC

Applying bandpass corrections to 2245-328.5500
Applying freq. dependent gain corrections to 2245-328.5500
Applying freq. dependent leakage correction to 2245-328.5500
Applying changes to dataset
Counts of correlations within selected channels:
 channel  Originally  Currently
 Good:      69662424   69346924    Changed to bad:     315500
 Bad:        9683052    9998552    Changed to good:         0
 12.6% of the data is now flagged

2018-08-03 02:39:24,717 [MainThread  ] [INFO ]  pgflag vis=2245-328.5500 command='<b' stokes=i,v,q,u flagpar=8,2,2,3,6,3  options=nodisp

pgflag: Revision 1.30, 2016/10/05 23:06:50 UTC

Applying bandpass corrections to 2245-328.5500
Applying freq. dependent gain corrections to 2245-328.5500
Applying freq. dependent leakage correction to 2245-328.5500
Applying changes to dataset
Counts of correlations within selected channels:
 channel  Originally  Currently
 Good:      69346924   69069180    Changed to bad:     277744
 Bad:        9998552   10276296    Changed to good:         0
 13.0% of the data is now flagged

2018-08-03 02:41:54,476 [MainThread  ] [INFO ]  pgflag vis=2245-328.5500 command='<b' stokes=i,v,u,q flagpar=8,2,2,3,6,3  options=nodisp

pgflag: Revision 1.30, 2016/10/05 23:06:50 UTC

Applying bandpass corrections to 2245-328.5500
Applying freq. dependent gain corrections to 2245-328.5500
Applying freq. dependent leakage correction to 2245-328.5500
Applying changes to dataset
Counts of correlations within selected channels:
 channel  Originally  Currently
 Good:      69069180   68804464    Changed to bad:     264716
 Bad:       10276296   10541012    Changed to good:         0
 13.3% of the data is now flagged

2018-08-03 02:41:58,939 [MainThread  ] [INFO ]  gpcal vis=2245-328.5500 refant=4 interval=0.1 nfbin=2 options=xyvary,qusolve

gpcal: Revision 1.22, 2016/05/01 22:31:05 UTC

Applying bandpass corrections to 2245-328.5500
Number of antennae: 6
Using leakage parameters from input as initial guess
Reading the data ...
Number of solution intervals: 645
Total visibilities read: 9681
Number visibilities accepted: 9665
Iter= 1, Amplit/Phase Solution Error:   0.802
Iter= 1, Polarisation Solution Error:   0.006
Iter= 1, Overall Solution Error:        2.341
Iter= 2, Amplit/Phase Solution Error:   0.006
Iter= 2, Polarisation Solution Error:   0.000
Iter= 2, Overall Solution Error:        0.005
Iter= 3, Amplit/Phase Solution Error:   0.001
Iter= 3, Polarisation Solution Error:   0.000
Iter= 3, Overall Solution Error:        0.001
I flux density:   0.6117
Percent Q:  -0.558
Percent U:  -0.054
Leakage terms:
 Ant 1:Dx,Dy = ( 0.00172, 0.00154),(-0.00023, 0.00285)
 Ant 2:Dx,Dy = ( 0.00352, 0.00605),(-0.00363, 0.00686)
 Ant 3:Dx,Dy = ( 0.00561,-0.00384),(-0.00809,-0.00364)
 Ant 4:Dx,Dy = ( 0.00551, 0.01684),(-0.00361, 0.01831)
 Ant 5:Dx,Dy = (-0.01692,-0.00209),( 0.01656,-0.00126)
 Ant 6:Dx,Dy = ( 0.00109,-0.02123),(-0.00048,-0.02037)
Solution for freq bin  1
Iter= 1, Amplit/Phase Solution Error:   0.753
Iter= 1, Polarisation Solution Error:   0.005
Iter= 1, Overall Solution Error:        2.332
Iter= 2, Amplit/Phase Solution Error:   0.006
Iter= 2, Polarisation Solution Error:   0.000
Iter= 2, Overall Solution Error:        0.006
Iter= 3, Amplit/Phase Solution Error:   0.001
Iter= 3, Polarisation Solution Error:   0.000
Iter= 3, Overall Solution Error:        0.001
I flux density:   0.5934
Percent Q:  -0.531
Percent U:   0.139
Leakage terms:
 Ant 1:Dx,Dy = ( 0.00169, 0.00208),(-0.00064, 0.00306)
 Ant 2:Dx,Dy = ( 0.00398, 0.00699),(-0.00411, 0.00792)
 Ant 3:Dx,Dy = ( 0.00489,-0.00389),(-0.00903,-0.00287)
 Ant 4:Dx,Dy = ( 0.00476, 0.01782),(-0.00391, 0.01914)
 Ant 5:Dx,Dy = (-0.01770,-0.00274),( 0.01581,-0.00208)
 Ant 6:Dx,Dy = ( 0.00017,-0.02330),(-0.00033,-0.02213)
Solution for freq bin  2
Iter= 1, Amplit/Phase Solution Error:   0.857
Iter= 1, Polarisation Solution Error:   0.006
Iter= 1, Overall Solution Error:        2.304
Iter= 2, Amplit/Phase Solution Error:   0.006
Iter= 2, Polarisation Solution Error:   0.000
Iter= 2, Overall Solution Error:        0.006
Iter= 3, Amplit/Phase Solution Error:   0.001
Iter= 3, Polarisation Solution Error:   0.000
Iter= 3, Overall Solution Error:        0.001
I flux density:   0.6329
Percent Q:  -0.580
Percent U:  -0.236
Leakage terms:
 Ant 1:Dx,Dy = ( 0.00180, 0.00101),( 0.00019, 0.00268)
 Ant 2:Dx,Dy = ( 0.00313, 0.00515),(-0.00312, 0.00591)
 Ant 3:Dx,Dy = ( 0.00627,-0.00380),(-0.00722,-0.00435)
 Ant 4:Dx,Dy = ( 0.00610, 0.01589),(-0.00341, 0.01753)
 Ant 5:Dx,Dy = (-0.01617,-0.00149),( 0.01727,-0.00050)
 Ant 6:Dx,Dy = ( 0.00191,-0.01927),(-0.00065,-0.01876)

2018-08-03 02:41:58,971 [MainThread  ] [INFO ]  gpboot vis=2245-328.5500 cal=1934-638.5500

gpboot: Revision 1.9, 2015/10/29 01:31:30 UTC

Secondary flux density scaled by:   0.998
Frequency bin  1 scaled by      :   1.001
Frequency bin  2 scaled by      :   1.002

2018-08-03 02:43:24,056 [MainThread  ] [INFO ]  gpcopy vis=2245-328.5500 out=d.5500

gpcopy: Revision 1.13, 2015/10/29 01:31:39 UTC

Copying leakage table
Copying gain table
Interpolation tolerance set to (minutes): 720.00
Copying bandpass table

2018-08-03 02:58:48,585 [MainThread  ] [INFO ]  pgflag vis=d.5500 command='<b' stokes=i,v,q,u flagpar=8,2,2,3,6,3  options=nodisp

pgflag: Revision 1.30, 2016/10/05 23:06:50 UTC

Applying bandpass corrections to d.5500
Applying freq. dependent gain corrections to d.5500
Applying freq. dependent leakage correction to d.5500
Applying changes to dataset
Counts of correlations within selected channels:
 channel  Originally  Currently
 Good:     455121000  443053472    Changed to bad:   12067528
 Bad:       54465300   66532828    Changed to good:         0
 13.1% of the data is now flagged

2018-08-03 03:13:29,817 [MainThread  ] [INFO ]  pgflag vis=d.5500 command='<b' stokes=i,v,u,q flagpar=8,2,2,3,6,3  options=nodisp

pgflag: Revision 1.30, 2016/10/05 23:06:50 UTC

Applying bandpass corrections to d.5500
Applying freq. dependent gain corrections to d.5500
Applying freq. dependent leakage correction to d.5500
Applying changes to dataset
Counts of correlations within selected channels:
 channel  Originally  Currently
 Good:     443053472  434325792    Changed to bad:    8727680
 Bad:       66532828   75260508    Changed to good:         0
 14.8% of the data is now flagged

2018-08-03 03:15:01,063 [MainThread  ] [INFO ]  uvsplit vis=d.5500

uvsplit: Revision 1.18, 2016/05/09 03:06:18 UTC

Creating d_301.5500
Creating d_302.5500
Creating d_303.5500
Creating d_304.5500
Creating d_305.5500
Creating d_306.5500
Creating d_307.5500
Creating d_308.5500
Creating d_309.5500
Creating d_310.5500
Creating d_311.5500
Creating d_312.5500
Creating d_313.5500
Creating d_314.5500
Creating d_315.5500
Creating d_316.5500
Creating d_317.5500
Creating d_318.5500
Creating d_319.5500
Creating d_320.5500
Creating d_321.5500
Creating d_322.5500
Creating d_323.5500
Creating d_324.5500
Creating d_325.5500
Creating d_326.5500
Creating d_327.5500
Creating d_328.5500
Creating d_329.5500
Creating d_330.5500
Creating d_331.5500
Creating d_332.5500
Creating d_333.5500
Creating d_334.5500
Creating d_335.5500
Creating d_336.5500
Creating d_337.5500
Creating d_338.5500
Creating d_339.5500
Creating d_340.5500
Creating d_341.5500
Creating d_342.5500
Creating d_343.5500
Creating d_344.5500
Creating d_345.5500
Creating d_346.5500
Creating d_347.5500
Creating d_348.5500
Creating d_349.5500
Creating d_350.5500
Creating d_351.5500
Creating d_352.5500
Creating d_353.5500
Creating d_354.5500
Creating d_355.5500
Creating d_356.5500
Creating d_357.5500
Creating d_358.5500
Creating d_359.5500
Creating d_360.5500
Creating d_181.5500
Creating d_182.5500
Creating d_183.5500
Creating d_184.5500
Creating d_185.5500
Creating d_186.5500
Creating d_187.5500
Creating d_188.5500
Creating d_189.5500
Creating d_190.5500
Creating d_191.5500
Creating d_192.5500
Creating d_193.5500
Creating d_194.5500
Creating d_195.5500
Creating d_196.5500
Creating d_197.5500
Creating d_198.5500
Creating d_199.5500
Creating d_200.5500
Creating d_201.5500
Creating d_202.5500
Creating d_203.5500
Creating d_204.5500
Creating d_205.5500
Creating d_206.5500
Creating d_207.5500
Creating d_208.5500
Creating d_209.5500
Creating d_210.5500
Creating d_211.5500
Creating d_212.5500
Creating d_213.5500
Creating d_214.5500
Creating d_215.5500
Creating d_216.5500
Creating d_217.5500
Creating d_218.5500
Creating d_219.5500
Creating d_220.5500
Creating d_221.5500
Creating d_222.5500
Creating d_223.5500
Creating d_224.5500
Creating d_225.5500
Creating d_226.5500
Creating d_227.5500
Creating d_228.5500
Creating d_229.5500
Creating d_230.5500
Creating d_231.5500
Creating d_232.5500
Creating d_233.5500
Creating d_234.5500
Creating d_235.5500
Creating d_236.5500
Creating d_237.5500
Creating d_238.5500
Creating d_239.5500
Creating d_240.5500
Creating d_241.5500
Creating d_242.5500
Creating d_243.5500
Creating d_244.5500
Creating d_245.5500
Creating d_246.5500
Creating d_247.5500
Creating d_248.5500
Creating d_249.5500
Creating d_250.5500
Creating d_251.5500
Creating d_252.5500
Creating d_253.5500
Creating d_254.5500
Creating d_255.5500
Creating d_256.5500
Creating d_257.5500
Creating d_258.5500
Creating d_259.5500
Creating d_260.5500
Creating d_261.5500
Creating d_262.5500
Creating d_263.5500
Creating d_264.5500
Creating d_265.5500
Creating d_266.5500
Creating d_267.5500
Creating d_268.5500
Creating d_269.5500
Creating d_270.5500
Creating d_271.5500
Creating d_272.5500
Creating d_273.5500
Creating d_274.5500
Creating d_275.5500
Creating d_276.5500
Creating d_277.5500
Creating d_278.5500
Creating d_279.5500
Creating d_280.5500
Creating d_281.5500
Creating d_282.5500
Creating d_283.5500
Creating d_284.5500
Creating d_285.5500
Creating d_286.5500
Creating d_287.5500
Creating d_288.5500
Creating d_289.5500
Creating d_290.5500
Creating d_291.5500
Creating d_292.5500
Creating d_293.5500
Creating d_294.5500
Creating d_295.5500
Creating d_296.5500
Creating d_297.5500
Creating d_298.5500
Creating d_299.5500
Creating d_300.5500

